Command line
python train.py --ffn_num_layers 4 --hidden_size 1000 --dropout 0.1 --save_dir ../../../ian_stat_phase_ML/models/ffn_hyperopt_for_pub/30 --data_path ../../../ian_stat_phase_ML/data/round3finalval08162021_FULL_for_sklearn.csv --num_folds 3 --dataset_type classification --features_generator morgan --no_features_scaling --split_type scaffold_balanced --split_sizes 0.8 0.1 0.1 --smiles_columns SMILES --target_columns hit_inh hit_kill --depth 0 --features_only
Args
{'activation': 'ReLU',
 'aggregation': 'mean',
 'aggregation_norm': 100,
 'atom_descriptors': None,
 'atom_descriptors_path': None,
 'atom_descriptors_size': 0,
 'atom_features_size': 0,
 'atom_messages': False,
 'batch_size': 50,
 'bias': False,
 'cache_cutoff': 10000,
 'checkpoint_dir': None,
 'checkpoint_path': None,
 'checkpoint_paths': None,
 'class_balance': False,
 'config_path': None,
 'crossval_index_dir': None,
 'crossval_index_file': None,
 'crossval_index_sets': None,
 'cuda': False,
 'data_path': '../../../ian_stat_phase_ML/data/round3finalval08162021_FULL_for_sklearn.csv',
 'dataset_type': 'classification',
 'depth': 0,
 'device': device(type='cpu'),
 'dropout': 0.1,
 'ensemble_size': 1,
 'epochs': 30,
 'extra_metrics': [],
 'features_generator': ['morgan'],
 'features_only': True,
 'features_path': None,
 'features_scaling': False,
 'features_size': None,
 'ffn_hidden_size': 1000,
 'ffn_num_layers': 4,
 'final_lr': 0.0001,
 'folds_file': None,
 'gpu': None,
 'grad_clip': None,
 'hidden_size': 1000,
 'ignore_columns': None,
 'init_lr': 0.0001,
 'log_frequency': 10,
 'max_data_size': None,
 'max_lr': 0.001,
 'metric': 'auc',
 'metrics': ['auc'],
 'minimize_score': False,
 'mpn_shared': False,
 'multiclass_num_classes': 3,
 'no_cache_mol': False,
 'no_cuda': False,
 'no_features_scaling': True,
 'num_folds': 3,
 'num_lrs': 1,
 'num_tasks': 2,
 'num_workers': 8,
 'number_of_molecules': 1,
 'pytorch_seed': 0,
 'quiet': False,
 'save_dir': '../../../ian_stat_phase_ML/models/ffn_hyperopt_for_pub/30',
 'save_preds': False,
 'save_smiles_splits': False,
 'seed': 0,
 'separate_test_features_path': None,
 'separate_test_path': None,
 'separate_val_features_path': None,
 'separate_val_path': None,
 'show_individual_scores': False,
 'smiles_columns': ['SMILES'],
 'split_sizes': (0.8, 0.1, 0.1),
 'split_type': 'scaffold_balanced',
 'target_columns': ['hit_inh', 'hit_kill'],
 'task_names': ['hit_inh', 'hit_kill'],
 'test': False,
 'test_fold_index': None,
 'train_data_size': None,
 'undirected': False,
 'use_input_features': True,
 'val_fold_index': None,
 'warmup_epochs': 2.0}
Loading data
Warning: 7 SMILES are invalid.
Number of tasks = 2
Fold 0
Splitting data with seed 0
Total scaffolds = 4,180 | train scaffolds = 3,209 | val scaffolds = 497 | test scaffolds = 474
Label averages per scaffold, in decreasing order of scaffold frequency,capped at 10 scaffolds and 20 labels:
Scaffold 0
Task 0: count = 468 | target average = 0.019231
Task 1: count = 468 | target average = 0.014957


Scaffold 1
Task 0: count = 383 | target average = 0.007833
Task 1: count = 383 | target average = 0.013055


Scaffold 2
Task 0: count = 44 | target average = 0.000000
Task 1: count = 44 | target average = 0.000000


Scaffold 3
Task 0: count = 35 | target average = 0.000000
Task 1: count = 35 | target average = 0.000000


Scaffold 4
Task 0: count = 34 | target average = 0.000000
Task 1: count = 34 | target average = 0.000000


Scaffold 5
Task 0: count = 30 | target average = 0.000000
Task 1: count = 30 | target average = 0.000000


Scaffold 6
Task 0: count = 28 | target average = 0.000000
Task 1: count = 28 | target average = 0.000000


Scaffold 7
Task 0: count = 27 | target average = 0.074074
Task 1: count = 27 | target average = 0.074074


Scaffold 8
Task 0: count = 25 | target average = 0.040000
Task 1: count = 25 | target average = 0.000000


Scaffold 9
Task 0: count = 23 | target average = 0.000000
Task 1: count = 23 | target average = 0.000000


Class sizes
hit_inh 0: 97.79%, 1: 2.21%
hit_kill 0: 98.75%, 1: 1.25%
Total size = 6,708 | train size = 5,366 | val size = 670 | test size = 672
Building model 0
MoleculeModel(
  (sigmoid): Sigmoid()
  (encoder): MPN()
  (ffn): Sequential(
    (0): Dropout(p=0.1, inplace=False)
    (1): Linear(in_features=2048, out_features=1000, bias=True)
    (2): ReLU()
    (3): Dropout(p=0.1, inplace=False)
    (4): Linear(in_features=1000, out_features=1000, bias=True)
    (5): ReLU()
    (6): Dropout(p=0.1, inplace=False)
    (7): Linear(in_features=1000, out_features=1000, bias=True)
    (8): ReLU()
    (9): Dropout(p=0.1, inplace=False)
    (10): Linear(in_features=1000, out_features=2, bias=True)
  )
)
Number of parameters = 4,053,002
Epoch 0
Loss = 4.5092e-01, PNorm = 57.8849, GNorm = 0.6108, lr_0 = 1.4626e-04
Loss = 1.0967e-01, PNorm = 57.9427, GNorm = 0.1317, lr_0 = 1.8832e-04
Loss = 1.2660e-01, PNorm = 57.9697, GNorm = 0.1834, lr_0 = 2.3037e-04
Loss = 9.0358e-02, PNorm = 57.9679, GNorm = 0.1264, lr_0 = 2.7243e-04
Loss = 1.2692e-01, PNorm = 57.9702, GNorm = 0.3343, lr_0 = 3.1449e-04
Loss = 7.2232e-02, PNorm = 57.9957, GNorm = 0.2905, lr_0 = 3.5654e-04
Loss = 7.5614e-02, PNorm = 58.0396, GNorm = 0.0913, lr_0 = 3.9860e-04
Loss = 1.0630e-01, PNorm = 58.0735, GNorm = 0.1831, lr_0 = 4.4065e-04
Loss = 5.4204e-02, PNorm = 58.1568, GNorm = 0.0582, lr_0 = 4.8271e-04
Loss = 6.7792e-02, PNorm = 58.2213, GNorm = 0.0816, lr_0 = 5.2477e-04
Validation auc = 0.900240
Epoch 1
Loss = 4.4905e-02, PNorm = 58.3105, GNorm = 0.1613, lr_0 = 5.7103e-04
Loss = 5.9958e-02, PNorm = 58.4203, GNorm = 0.0602, lr_0 = 6.1308e-04
Loss = 3.8146e-02, PNorm = 58.5356, GNorm = 0.1835, lr_0 = 6.5514e-04
Loss = 5.2207e-02, PNorm = 58.6490, GNorm = 0.2126, lr_0 = 6.9720e-04
Loss = 2.9427e-02, PNorm = 58.7805, GNorm = 0.0664, lr_0 = 7.3925e-04
Loss = 4.9445e-02, PNorm = 58.9308, GNorm = 0.0602, lr_0 = 7.8131e-04
Loss = 8.9090e-02, PNorm = 59.1114, GNorm = 0.5210, lr_0 = 8.2336e-04
Loss = 2.6142e-02, PNorm = 59.3883, GNorm = 0.0379, lr_0 = 8.6542e-04
Loss = 6.9169e-02, PNorm = 59.5562, GNorm = 0.0981, lr_0 = 9.0748e-04
Loss = 7.6878e-02, PNorm = 59.8767, GNorm = 0.1974, lr_0 = 9.4953e-04
Loss = 4.7612e-02, PNorm = 60.1705, GNorm = 0.0996, lr_0 = 9.9159e-04
Validation auc = 0.887137
Epoch 2
Loss = 2.9303e-02, PNorm = 60.4106, GNorm = 0.1212, lr_0 = 9.9311e-04
Loss = 2.2801e-02, PNorm = 60.6888, GNorm = 0.0194, lr_0 = 9.8550e-04
Loss = 1.9413e-02, PNorm = 60.8551, GNorm = 0.0170, lr_0 = 9.7796e-04
Loss = 3.5107e-02, PNorm = 60.9683, GNorm = 0.0486, lr_0 = 9.7047e-04
Loss = 3.6847e-02, PNorm = 61.1411, GNorm = 0.2134, lr_0 = 9.6304e-04
Loss = 2.0851e-02, PNorm = 61.3306, GNorm = 0.1502, lr_0 = 9.5567e-04
Loss = 1.6412e-02, PNorm = 61.4897, GNorm = 0.0752, lr_0 = 9.4835e-04
Loss = 1.5683e-02, PNorm = 61.6584, GNorm = 0.2931, lr_0 = 9.4109e-04
Loss = 2.4228e-02, PNorm = 61.8241, GNorm = 0.2524, lr_0 = 9.3389e-04
Loss = 3.4838e-02, PNorm = 61.9665, GNorm = 0.3379, lr_0 = 9.2674e-04
Loss = 4.2494e-02, PNorm = 62.1030, GNorm = 0.1606, lr_0 = 9.1964e-04
Validation auc = 0.864584
Epoch 3
Loss = 1.3644e-02, PNorm = 62.3018, GNorm = 0.0180, lr_0 = 9.1190e-04
Loss = 1.4907e-02, PNorm = 62.4413, GNorm = 0.0249, lr_0 = 9.0492e-04
Loss = 2.1520e-02, PNorm = 62.5251, GNorm = 0.0267, lr_0 = 8.9799e-04
Loss = 1.3189e-02, PNorm = 62.6308, GNorm = 0.1220, lr_0 = 8.9111e-04
Loss = 1.0694e-02, PNorm = 62.7270, GNorm = 0.0207, lr_0 = 8.8429e-04
Loss = 1.2407e-02, PNorm = 62.8166, GNorm = 0.1052, lr_0 = 8.7752e-04
Loss = 1.3406e-02, PNorm = 62.9072, GNorm = 0.2124, lr_0 = 8.7080e-04
Loss = 2.3973e-02, PNorm = 62.9608, GNorm = 0.0210, lr_0 = 8.6414e-04
Loss = 2.8791e-02, PNorm = 63.0587, GNorm = 0.2102, lr_0 = 8.5752e-04
Loss = 1.2262e-02, PNorm = 63.2073, GNorm = 0.0864, lr_0 = 8.5095e-04
Validation auc = 0.861559
Epoch 4
Loss = 5.8245e-03, PNorm = 63.2975, GNorm = 0.0363, lr_0 = 8.4444e-04
Loss = 1.0617e-02, PNorm = 63.3634, GNorm = 0.0133, lr_0 = 8.3797e-04
Loss = 5.6811e-03, PNorm = 63.4244, GNorm = 0.0437, lr_0 = 8.3156e-04
Loss = 1.5904e-02, PNorm = 63.4826, GNorm = 0.0141, lr_0 = 8.2519e-04
Loss = 9.1691e-03, PNorm = 63.5274, GNorm = 0.2192, lr_0 = 8.1888e-04
Loss = 1.4635e-02, PNorm = 63.5647, GNorm = 0.2133, lr_0 = 8.1261e-04
Loss = 1.0582e-02, PNorm = 63.6444, GNorm = 0.0085, lr_0 = 8.0638e-04
Loss = 5.4178e-03, PNorm = 63.7115, GNorm = 0.0546, lr_0 = 8.0021e-04
Loss = 1.2878e-02, PNorm = 63.7598, GNorm = 0.1073, lr_0 = 7.9408e-04
Loss = 4.9489e-03, PNorm = 63.8043, GNorm = 0.0327, lr_0 = 7.8800e-04
Loss = 1.0767e-02, PNorm = 63.8401, GNorm = 0.3584, lr_0 = 7.8197e-04
Validation auc = 0.859725
Epoch 5
Loss = 1.1128e-03, PNorm = 63.8897, GNorm = 0.0075, lr_0 = 7.7539e-04
Loss = 6.2052e-03, PNorm = 63.9319, GNorm = 0.0014, lr_0 = 7.6945e-04
Loss = 7.9988e-03, PNorm = 63.9654, GNorm = 0.0189, lr_0 = 7.6356e-04
Loss = 4.6273e-03, PNorm = 63.9901, GNorm = 0.0092, lr_0 = 7.5772e-04
Loss = 1.1805e-02, PNorm = 64.0099, GNorm = 0.0245, lr_0 = 7.5191e-04
Loss = 3.4467e-03, PNorm = 64.0438, GNorm = 0.0241, lr_0 = 7.4616e-04
Loss = 2.8627e-03, PNorm = 64.0663, GNorm = 0.1544, lr_0 = 7.4044e-04
Loss = 6.7421e-03, PNorm = 64.0825, GNorm = 0.0264, lr_0 = 7.3478e-04
Loss = 3.0929e-03, PNorm = 64.1059, GNorm = 0.0296, lr_0 = 7.2915e-04
Loss = 1.1899e-02, PNorm = 64.1342, GNorm = 0.0035, lr_0 = 7.2357e-04
Loss = 6.5141e-03, PNorm = 64.1794, GNorm = 0.0083, lr_0 = 7.1803e-04
Validation auc = 0.870191
Epoch 6
Loss = 6.6748e-03, PNorm = 64.2317, GNorm = 0.0013, lr_0 = 7.1198e-04
Loss = 4.9534e-03, PNorm = 64.2724, GNorm = 0.0059, lr_0 = 7.0653e-04
Loss = 1.1284e-03, PNorm = 64.2977, GNorm = 0.0001, lr_0 = 7.0112e-04
Loss = 6.6848e-03, PNorm = 64.3106, GNorm = 0.0029, lr_0 = 6.9576e-04
Loss = 4.8000e-03, PNorm = 64.3318, GNorm = 0.0041, lr_0 = 6.9043e-04
Loss = 4.7886e-03, PNorm = 64.3715, GNorm = 0.0159, lr_0 = 6.8514e-04
Loss = 6.6718e-03, PNorm = 64.4032, GNorm = 0.0143, lr_0 = 6.7990e-04
Loss = 6.2677e-03, PNorm = 64.4165, GNorm = 0.3061, lr_0 = 6.7469e-04
Loss = 3.9027e-03, PNorm = 64.4342, GNorm = 0.0181, lr_0 = 6.6953e-04
Loss = 1.0148e-02, PNorm = 64.4525, GNorm = 0.0677, lr_0 = 6.6440e-04
Loss = 5.0243e-03, PNorm = 64.4876, GNorm = 0.0937, lr_0 = 6.5931e-04
Validation auc = 0.866622
Epoch 7
Loss = 3.7719e-04, PNorm = 64.5344, GNorm = 0.0008, lr_0 = 6.5427e-04
Loss = 5.2067e-03, PNorm = 64.5606, GNorm = 0.0029, lr_0 = 6.4926e-04
Loss = 8.5640e-03, PNorm = 64.5663, GNorm = 0.0609, lr_0 = 6.4429e-04
Loss = 3.0346e-03, PNorm = 64.5832, GNorm = 0.0979, lr_0 = 6.3935e-04
Loss = 3.8385e-03, PNorm = 64.6111, GNorm = 0.0125, lr_0 = 6.3446e-04
Loss = 4.0934e-03, PNorm = 64.6468, GNorm = 0.0007, lr_0 = 6.2960e-04
Loss = 1.9192e-03, PNorm = 64.6731, GNorm = 0.0085, lr_0 = 6.2478e-04
Loss = 3.3569e-03, PNorm = 64.6926, GNorm = 0.0018, lr_0 = 6.2000e-04
Loss = 6.2861e-03, PNorm = 64.7058, GNorm = 0.2079, lr_0 = 6.1525e-04
Loss = 2.1372e-03, PNorm = 64.7140, GNorm = 0.0705, lr_0 = 6.1054e-04
Validation auc = 0.871264
Epoch 8
Loss = 3.6418e-03, PNorm = 64.7229, GNorm = 0.0010, lr_0 = 6.0540e-04
Loss = 4.2969e-04, PNorm = 64.7317, GNorm = 0.0006, lr_0 = 6.0077e-04
Loss = 4.2582e-03, PNorm = 64.7406, GNorm = 0.0002, lr_0 = 5.9617e-04
Loss = 1.9633e-03, PNorm = 64.7505, GNorm = 0.0007, lr_0 = 5.9160e-04
Loss = 5.4720e-03, PNorm = 64.7575, GNorm = 0.0098, lr_0 = 5.8707e-04
Loss = 2.1430e-03, PNorm = 64.7637, GNorm = 0.0052, lr_0 = 5.8258e-04
Loss = 6.7268e-04, PNorm = 64.7729, GNorm = 0.0472, lr_0 = 5.7812e-04
Loss = 4.4491e-04, PNorm = 64.7806, GNorm = 0.0002, lr_0 = 5.7369e-04
Loss = 1.2981e-03, PNorm = 64.7880, GNorm = 0.0107, lr_0 = 5.6930e-04
Loss = 5.1594e-04, PNorm = 64.7978, GNorm = 0.0090, lr_0 = 5.6494e-04
Loss = 3.0027e-03, PNorm = 64.8036, GNorm = 0.0013, lr_0 = 5.6062e-04
Validation auc = 0.870733
Epoch 9
Loss = 3.4484e-03, PNorm = 64.8161, GNorm = 0.0087, lr_0 = 5.5590e-04
Loss = 8.3050e-04, PNorm = 64.8274, GNorm = 0.0555, lr_0 = 5.5164e-04
Loss = 4.0528e-04, PNorm = 64.8373, GNorm = 0.0176, lr_0 = 5.4742e-04
Loss = 2.5904e-04, PNorm = 64.8442, GNorm = 0.0011, lr_0 = 5.4323e-04
Loss = 2.3409e-05, PNorm = 64.8479, GNorm = 0.0001, lr_0 = 5.3907e-04
Loss = 9.0166e-05, PNorm = 64.8505, GNorm = 0.0002, lr_0 = 5.3494e-04
Loss = 4.6910e-05, PNorm = 64.8528, GNorm = 0.0000, lr_0 = 5.3084e-04
Loss = 6.8055e-03, PNorm = 64.8502, GNorm = 0.0017, lr_0 = 5.2678e-04
Loss = 9.5096e-05, PNorm = 64.8505, GNorm = 0.0159, lr_0 = 5.2275e-04
Loss = 1.0221e-03, PNorm = 64.8581, GNorm = 0.0059, lr_0 = 5.1874e-04
Loss = 1.5957e-03, PNorm = 64.8653, GNorm = 0.1333, lr_0 = 5.1477e-04
Validation auc = 0.870387
Epoch 10
Loss = 8.6318e-04, PNorm = 64.8701, GNorm = 0.0007, lr_0 = 5.1083e-04
Loss = 1.3561e-03, PNorm = 64.8740, GNorm = 0.0002, lr_0 = 5.0692e-04
Loss = 9.7183e-04, PNorm = 64.8796, GNorm = 0.0018, lr_0 = 5.0304e-04
Loss = 8.5746e-04, PNorm = 64.8837, GNorm = 0.0019, lr_0 = 4.9919e-04
Loss = 8.1967e-04, PNorm = 64.8926, GNorm = 0.0310, lr_0 = 4.9537e-04
Loss = 6.5222e-04, PNorm = 64.9036, GNorm = 0.0000, lr_0 = 4.9157e-04
Loss = 1.0058e-03, PNorm = 64.9118, GNorm = 0.0001, lr_0 = 4.8781e-04
Loss = 1.9682e-03, PNorm = 64.9149, GNorm = 0.0008, lr_0 = 4.8408e-04
Loss = 4.1792e-05, PNorm = 64.9188, GNorm = 0.0144, lr_0 = 4.8037e-04
Loss = 9.8074e-06, PNorm = 64.9229, GNorm = 0.0000, lr_0 = 4.7669e-04
Loss = 1.0212e-03, PNorm = 64.9269, GNorm = 0.0000, lr_0 = 4.7304e-04
Loss = 9.4726e-06, PNorm = 64.9272, GNorm = 0.0003, lr_0 = 4.7268e-04
Validation auc = 0.868247
Epoch 11
Loss = 1.5490e-04, PNorm = 64.9316, GNorm = 0.0000, lr_0 = 4.6906e-04
Loss = 7.2205e-03, PNorm = 64.9380, GNorm = 0.0002, lr_0 = 4.6547e-04
Loss = 5.1482e-04, PNorm = 64.9479, GNorm = 0.0001, lr_0 = 4.6191e-04
Loss = 1.7625e-03, PNorm = 64.9527, GNorm = 0.0000, lr_0 = 4.5837e-04
Loss = 8.0560e-05, PNorm = 64.9564, GNorm = 0.0017, lr_0 = 4.5486e-04
Loss = 4.2233e-04, PNorm = 64.9600, GNorm = 0.0004, lr_0 = 4.5138e-04
Loss = 1.0185e-04, PNorm = 64.9629, GNorm = 0.0127, lr_0 = 4.4792e-04
Loss = 9.3358e-04, PNorm = 64.9673, GNorm = 0.0006, lr_0 = 4.4449e-04
Loss = 3.3075e-04, PNorm = 64.9722, GNorm = 0.0007, lr_0 = 4.4109e-04
Loss = 4.4007e-03, PNorm = 64.9710, GNorm = 0.0029, lr_0 = 4.3771e-04
Validation auc = 0.868894
Epoch 12
Loss = 2.4214e-03, PNorm = 64.9718, GNorm = 0.0009, lr_0 = 4.3403e-04
Loss = 1.4783e-03, PNorm = 64.9730, GNorm = 0.0005, lr_0 = 4.3070e-04
Loss = 1.7928e-05, PNorm = 64.9745, GNorm = 0.0001, lr_0 = 4.2741e-04
Loss = 3.8442e-04, PNorm = 64.9770, GNorm = 0.0001, lr_0 = 4.2413e-04
Loss = 1.3565e-03, PNorm = 64.9799, GNorm = 0.0000, lr_0 = 4.2089e-04
Loss = 9.6035e-04, PNorm = 64.9840, GNorm = 0.0087, lr_0 = 4.1766e-04
Loss = 7.8207e-04, PNorm = 64.9929, GNorm = 0.0047, lr_0 = 4.1447e-04
Loss = 1.6618e-03, PNorm = 65.0003, GNorm = 0.0315, lr_0 = 4.1129e-04
Loss = 1.5194e-02, PNorm = 64.9963, GNorm = 0.0006, lr_0 = 4.0814e-04
Loss = 9.1798e-03, PNorm = 64.9997, GNorm = 0.0005, lr_0 = 4.0502e-04
Loss = 1.5514e-04, PNorm = 65.0104, GNorm = 0.0098, lr_0 = 4.0192e-04
Validation auc = 0.870644
Epoch 13
Loss = 5.1881e-05, PNorm = 65.0169, GNorm = 0.0029, lr_0 = 3.9884e-04
Loss = 2.3820e-03, PNorm = 65.0223, GNorm = 0.0036, lr_0 = 3.9579e-04
Loss = 2.2724e-02, PNorm = 65.0091, GNorm = 0.0114, lr_0 = 3.9276e-04
Loss = 6.1489e-03, PNorm = 65.0075, GNorm = 0.2747, lr_0 = 3.8975e-04
Loss = 1.2309e-03, PNorm = 65.0167, GNorm = 0.0044, lr_0 = 3.8677e-04
Loss = 4.2399e-04, PNorm = 65.0288, GNorm = 0.0041, lr_0 = 3.8381e-04
Loss = 3.3874e-04, PNorm = 65.0406, GNorm = 0.0041, lr_0 = 3.8087e-04
Loss = 3.0336e-03, PNorm = 65.0500, GNorm = 0.0011, lr_0 = 3.7795e-04
Loss = 9.9618e-04, PNorm = 65.0594, GNorm = 0.0070, lr_0 = 3.7506e-04
Loss = 3.6837e-04, PNorm = 65.0684, GNorm = 0.0012, lr_0 = 3.7219e-04
Loss = 3.7749e-04, PNorm = 65.0756, GNorm = 0.0001, lr_0 = 3.6934e-04
Validation auc = 0.868309
Epoch 14
Loss = 2.3053e-04, PNorm = 65.0823, GNorm = 0.0001, lr_0 = 3.6623e-04
Loss = 3.6715e-03, PNorm = 65.0956, GNorm = 0.0026, lr_0 = 3.6342e-04
Loss = 5.1395e-04, PNorm = 65.1057, GNorm = 0.0002, lr_0 = 3.6064e-04
Loss = 5.7051e-04, PNorm = 65.1135, GNorm = 0.0034, lr_0 = 3.5788e-04
Loss = 2.6870e-03, PNorm = 65.1152, GNorm = 0.0001, lr_0 = 3.5514e-04
Loss = 1.7251e-03, PNorm = 65.1188, GNorm = 0.0060, lr_0 = 3.5242e-04
Loss = 1.8858e-04, PNorm = 65.1223, GNorm = 0.0007, lr_0 = 3.4972e-04
Loss = 9.6107e-04, PNorm = 65.1264, GNorm = 0.0066, lr_0 = 3.4705e-04
Loss = 1.6957e-04, PNorm = 65.1317, GNorm = 0.0038, lr_0 = 3.4439e-04
Loss = 2.2309e-03, PNorm = 65.1374, GNorm = 0.0007, lr_0 = 3.4175e-04
Validation auc = 0.869568
Epoch 15
Loss = 1.3786e-04, PNorm = 65.1456, GNorm = 0.0020, lr_0 = 3.3888e-04
Loss = 1.4472e-04, PNorm = 65.1510, GNorm = 0.0041, lr_0 = 3.3628e-04
Loss = 1.7085e-04, PNorm = 65.1552, GNorm = 0.0095, lr_0 = 3.3371e-04
Loss = 1.3272e-03, PNorm = 65.1582, GNorm = 0.0001, lr_0 = 3.3115e-04
Loss = 3.0604e-03, PNorm = 65.1617, GNorm = 0.0010, lr_0 = 3.2862e-04
Loss = 5.3013e-04, PNorm = 65.1652, GNorm = 0.0001, lr_0 = 3.2610e-04
Loss = 9.2905e-04, PNorm = 65.1692, GNorm = 0.0007, lr_0 = 3.2360e-04
Loss = 9.3092e-05, PNorm = 65.1733, GNorm = 0.0002, lr_0 = 3.2113e-04
Loss = 3.4501e-04, PNorm = 65.1784, GNorm = 0.0014, lr_0 = 3.1867e-04
Loss = 2.1828e-05, PNorm = 65.1815, GNorm = 0.0000, lr_0 = 3.1623e-04
Loss = 2.7272e-05, PNorm = 65.1830, GNorm = 0.0010, lr_0 = 3.1381e-04
Validation auc = 0.868459
Epoch 16
Loss = 7.0402e-06, PNorm = 65.1842, GNorm = 0.0002, lr_0 = 3.1140e-04
Loss = 5.3830e-05, PNorm = 65.1854, GNorm = 0.0019, lr_0 = 3.0902e-04
Loss = 5.5248e-05, PNorm = 65.1873, GNorm = 0.0001, lr_0 = 3.0665e-04
Loss = 1.9354e-04, PNorm = 65.1888, GNorm = 0.0291, lr_0 = 3.0431e-04
Loss = 4.6284e-05, PNorm = 65.1903, GNorm = 0.0017, lr_0 = 3.0198e-04
Loss = 6.7066e-05, PNorm = 65.1922, GNorm = 0.0001, lr_0 = 2.9966e-04
Loss = 1.5040e-04, PNorm = 65.1950, GNorm = 0.0000, lr_0 = 2.9737e-04
Loss = 1.4911e-03, PNorm = 65.1974, GNorm = 0.1445, lr_0 = 2.9509e-04
Loss = 4.8174e-04, PNorm = 65.2027, GNorm = 0.0531, lr_0 = 2.9283e-04
Loss = 5.0487e-03, PNorm = 65.2050, GNorm = 0.0002, lr_0 = 2.9059e-04
Loss = 3.5449e-05, PNorm = 65.2053, GNorm = 0.0001, lr_0 = 2.8837e-04
Validation auc = 0.869299
Epoch 17
Loss = 4.5925e-03, PNorm = 65.2061, GNorm = 0.0000, lr_0 = 2.8594e-04
Loss = 1.3129e-03, PNorm = 65.2069, GNorm = 0.0007, lr_0 = 2.8375e-04
Loss = 1.6059e-04, PNorm = 65.2089, GNorm = 0.0001, lr_0 = 2.8158e-04
Loss = 3.0600e-05, PNorm = 65.2109, GNorm = 0.0000, lr_0 = 2.7942e-04
Loss = 3.2622e-05, PNorm = 65.2128, GNorm = 0.0002, lr_0 = 2.7728e-04
Loss = 6.2655e-05, PNorm = 65.2144, GNorm = 0.0000, lr_0 = 2.7516e-04
Loss = 2.6956e-05, PNorm = 65.2153, GNorm = 0.0059, lr_0 = 2.7305e-04
Loss = 1.1809e-03, PNorm = 65.2154, GNorm = 0.0034, lr_0 = 2.7096e-04
Loss = 9.4415e-05, PNorm = 65.2174, GNorm = 0.0005, lr_0 = 2.6889e-04
Loss = 1.5068e-04, PNorm = 65.2203, GNorm = 0.0038, lr_0 = 2.6683e-04
Loss = 1.2861e-03, PNorm = 65.2229, GNorm = 0.0004, lr_0 = 2.6479e-04
Validation auc = 0.868399
Epoch 18
Loss = 1.7484e-03, PNorm = 65.2264, GNorm = 0.0067, lr_0 = 2.6256e-04
Loss = 2.2568e-05, PNorm = 65.2294, GNorm = 0.0000, lr_0 = 2.6055e-04
Loss = 7.4176e-05, PNorm = 65.2311, GNorm = 0.0007, lr_0 = 2.5855e-04
Loss = 1.3004e-03, PNorm = 65.2330, GNorm = 0.0001, lr_0 = 2.5657e-04
Loss = 4.1200e-04, PNorm = 65.2344, GNorm = 0.1025, lr_0 = 2.5461e-04
Loss = 8.9985e-04, PNorm = 65.2355, GNorm = 0.0006, lr_0 = 2.5266e-04
Loss = 2.9574e-03, PNorm = 65.2365, GNorm = 0.0000, lr_0 = 2.5073e-04
Loss = 6.7012e-04, PNorm = 65.2381, GNorm = 0.0015, lr_0 = 2.4881e-04
Loss = 1.9118e-05, PNorm = 65.2404, GNorm = 0.0006, lr_0 = 2.4690e-04
Loss = 1.2277e-04, PNorm = 65.2423, GNorm = 0.0061, lr_0 = 2.4501e-04
Validation auc = 0.869055
Epoch 19
Loss = 2.5130e-05, PNorm = 65.2442, GNorm = 0.0007, lr_0 = 2.4314e-04
Loss = 1.6522e-05, PNorm = 65.2453, GNorm = 0.0001, lr_0 = 2.4127e-04
Loss = 2.2681e-03, PNorm = 65.2467, GNorm = 0.0002, lr_0 = 2.3943e-04
Loss = 1.0165e-03, PNorm = 65.2495, GNorm = 0.0005, lr_0 = 2.3759e-04
Loss = 4.8552e-04, PNorm = 65.2557, GNorm = 0.0001, lr_0 = 2.3577e-04
Loss = 5.6079e-06, PNorm = 65.2592, GNorm = 0.0000, lr_0 = 2.3397e-04
Loss = 1.5022e-04, PNorm = 65.2623, GNorm = 0.0001, lr_0 = 2.3218e-04
Loss = 1.3223e-03, PNorm = 65.2637, GNorm = 0.0001, lr_0 = 2.3040e-04
Loss = 7.0644e-06, PNorm = 65.2645, GNorm = 0.0001, lr_0 = 2.2864e-04
Loss = 1.9513e-04, PNorm = 65.2652, GNorm = 0.0004, lr_0 = 2.2689e-04
Loss = 9.0063e-04, PNorm = 65.2662, GNorm = 0.0000, lr_0 = 2.2515e-04
Validation auc = 0.870827
Epoch 20
Loss = 7.0979e-06, PNorm = 65.2668, GNorm = 0.0004, lr_0 = 2.2325e-04
Loss = 1.5438e-05, PNorm = 65.2672, GNorm = 0.0001, lr_0 = 2.2154e-04
Loss = 2.0878e-03, PNorm = 65.2676, GNorm = 0.0000, lr_0 = 2.1985e-04
Loss = 1.7237e-03, PNorm = 65.2675, GNorm = 0.0045, lr_0 = 2.1816e-04
Loss = 9.2435e-04, PNorm = 65.2686, GNorm = 0.0000, lr_0 = 2.1649e-04
Loss = 1.6644e-03, PNorm = 65.2693, GNorm = 0.2811, lr_0 = 2.1484e-04
Loss = 3.7837e-05, PNorm = 65.2711, GNorm = 0.0001, lr_0 = 2.1319e-04
Loss = 2.2462e-05, PNorm = 65.2724, GNorm = 0.0001, lr_0 = 2.1156e-04
Loss = 6.5013e-04, PNorm = 65.2733, GNorm = 0.3391, lr_0 = 2.0994e-04
Loss = 1.5831e-04, PNorm = 65.2761, GNorm = 0.0000, lr_0 = 2.0833e-04
Loss = 4.0682e-04, PNorm = 65.2779, GNorm = 0.0034, lr_0 = 2.0674e-04
Validation auc = 0.862502
Epoch 21
Loss = 5.9236e-06, PNorm = 65.2801, GNorm = 0.0001, lr_0 = 2.0500e-04
Loss = 9.1861e-03, PNorm = 65.2767, GNorm = 0.0003, lr_0 = 2.0343e-04
Loss = 2.1733e-03, PNorm = 65.2762, GNorm = 0.0001, lr_0 = 2.0187e-04
Loss = 1.1490e-04, PNorm = 65.2769, GNorm = 0.0000, lr_0 = 2.0033e-04
Loss = 7.7675e-05, PNorm = 65.2786, GNorm = 0.0002, lr_0 = 1.9879e-04
Loss = 8.2448e-04, PNorm = 65.2796, GNorm = 0.0001, lr_0 = 1.9727e-04
Loss = 1.4699e-04, PNorm = 65.2801, GNorm = 0.0006, lr_0 = 1.9576e-04
Loss = 2.7011e-03, PNorm = 65.2801, GNorm = 0.0024, lr_0 = 1.9426e-04
Loss = 1.0733e-04, PNorm = 65.2808, GNorm = 0.0026, lr_0 = 1.9277e-04
Loss = 8.1224e-03, PNorm = 65.2801, GNorm = 0.0000, lr_0 = 1.9130e-04
Loss = 8.4084e-04, PNorm = 65.2771, GNorm = 0.0001, lr_0 = 1.8983e-04
Validation auc = 0.871263
Epoch 22
Loss = 7.6217e-05, PNorm = 65.2781, GNorm = 0.0001, lr_0 = 1.8838e-04
Loss = 1.7111e-04, PNorm = 65.2793, GNorm = 0.0000, lr_0 = 1.8694e-04
Loss = 2.3875e-03, PNorm = 65.2798, GNorm = 0.0002, lr_0 = 1.8551e-04
Loss = 9.3584e-06, PNorm = 65.2804, GNorm = 0.0002, lr_0 = 1.8409e-04
Loss = 5.6850e-05, PNorm = 65.2809, GNorm = 0.0002, lr_0 = 1.8268e-04
Loss = 5.6193e-04, PNorm = 65.2834, GNorm = 0.0018, lr_0 = 1.8128e-04
Loss = 1.2690e-04, PNorm = 65.2864, GNorm = 0.0006, lr_0 = 1.7989e-04
Loss = 9.7550e-04, PNorm = 65.2882, GNorm = 0.0045, lr_0 = 1.7851e-04
Loss = 8.3581e-05, PNorm = 65.2899, GNorm = 0.0001, lr_0 = 1.7715e-04
Loss = 2.1698e-05, PNorm = 65.2909, GNorm = 0.0001, lr_0 = 1.7579e-04
Validation auc = 0.866245
Epoch 23
Loss = 1.9959e-06, PNorm = 65.2918, GNorm = 0.0000, lr_0 = 1.7431e-04
Loss = 1.8873e-05, PNorm = 65.2928, GNorm = 0.0005, lr_0 = 1.7298e-04
Loss = 2.6356e-05, PNorm = 65.2936, GNorm = 0.0001, lr_0 = 1.7165e-04
Loss = 7.4932e-05, PNorm = 65.2946, GNorm = 0.0000, lr_0 = 1.7034e-04
Loss = 2.4008e-03, PNorm = 65.2949, GNorm = 0.0002, lr_0 = 1.6903e-04
Loss = 1.1111e-04, PNorm = 65.2956, GNorm = 0.0001, lr_0 = 1.6774e-04
Loss = 1.9966e-03, PNorm = 65.2970, GNorm = 0.0002, lr_0 = 1.6645e-04
Loss = 2.1028e-05, PNorm = 65.2986, GNorm = 0.0000, lr_0 = 1.6518e-04
Loss = 7.7358e-05, PNorm = 65.2998, GNorm = 0.0098, lr_0 = 1.6392e-04
Loss = 4.7027e-05, PNorm = 65.3011, GNorm = 0.0001, lr_0 = 1.6266e-04
Loss = 1.9569e-04, PNorm = 65.3029, GNorm = 0.0001, lr_0 = 1.6142e-04
Validation auc = 0.867573
Epoch 24
Loss = 1.8107e-05, PNorm = 65.3047, GNorm = 0.0009, lr_0 = 1.6006e-04
Loss = 4.4284e-04, PNorm = 65.3050, GNorm = 0.0002, lr_0 = 1.5883e-04
Loss = 4.0823e-04, PNorm = 65.3069, GNorm = 0.0003, lr_0 = 1.5761e-04
Loss = 2.3094e-05, PNorm = 65.3082, GNorm = 0.0021, lr_0 = 1.5641e-04
Loss = 2.1791e-05, PNorm = 65.3090, GNorm = 0.0004, lr_0 = 1.5521e-04
Loss = 7.2500e-04, PNorm = 65.3101, GNorm = 0.0000, lr_0 = 1.5402e-04
Loss = 2.6694e-03, PNorm = 65.3107, GNorm = 0.0949, lr_0 = 1.5284e-04
Loss = 1.7576e-05, PNorm = 65.3107, GNorm = 0.0013, lr_0 = 1.5167e-04
Loss = 9.9957e-04, PNorm = 65.3111, GNorm = 0.0013, lr_0 = 1.5051e-04
Loss = 9.2074e-05, PNorm = 65.3118, GNorm = 0.0112, lr_0 = 1.4936e-04
Loss = 4.1571e-05, PNorm = 65.3128, GNorm = 0.0001, lr_0 = 1.4822e-04
Validation auc = 0.868238
Epoch 25
Loss = 1.1632e-04, PNorm = 65.3138, GNorm = 0.0000, lr_0 = 1.4708e-04
Loss = 8.3743e-06, PNorm = 65.3144, GNorm = 0.0001, lr_0 = 1.4595e-04
Loss = 3.9046e-05, PNorm = 65.3150, GNorm = 0.0000, lr_0 = 1.4484e-04
Loss = 7.2717e-04, PNorm = 65.3158, GNorm = 0.0002, lr_0 = 1.4373e-04
Loss = 4.8846e-04, PNorm = 65.3164, GNorm = 0.0000, lr_0 = 1.4263e-04
Loss = 7.6334e-04, PNorm = 65.3170, GNorm = 0.0000, lr_0 = 1.4154e-04
Loss = 1.3846e-04, PNorm = 65.3179, GNorm = 0.0127, lr_0 = 1.4045e-04
Loss = 1.1546e-05, PNorm = 65.3187, GNorm = 0.0001, lr_0 = 1.3938e-04
Loss = 4.2170e-05, PNorm = 65.3193, GNorm = 0.0032, lr_0 = 1.3831e-04
Loss = 4.8939e-05, PNorm = 65.3200, GNorm = 0.0000, lr_0 = 1.3725e-04
Loss = 3.6006e-03, PNorm = 65.3208, GNorm = 0.0000, lr_0 = 1.3620e-04
Loss = 7.7515e-06, PNorm = 65.3208, GNorm = 0.0003, lr_0 = 1.3610e-04
Validation auc = 0.868430
Epoch 26
Loss = 5.2633e-05, PNorm = 65.3207, GNorm = 0.0069, lr_0 = 1.3505e-04
Loss = 1.0629e-03, PNorm = 65.3217, GNorm = 0.0004, lr_0 = 1.3402e-04
Loss = 2.5209e-03, PNorm = 65.3223, GNorm = 0.0001, lr_0 = 1.3299e-04
Loss = 9.4395e-04, PNorm = 65.3229, GNorm = 0.0034, lr_0 = 1.3198e-04
Loss = 5.4919e-05, PNorm = 65.3237, GNorm = 0.0111, lr_0 = 1.3097e-04
Loss = 2.7211e-05, PNorm = 65.3244, GNorm = 0.0000, lr_0 = 1.2996e-04
Loss = 1.3422e-05, PNorm = 65.3248, GNorm = 0.0000, lr_0 = 1.2897e-04
Loss = 4.2752e-05, PNorm = 65.3251, GNorm = 0.0001, lr_0 = 1.2798e-04
Loss = 1.1882e-05, PNorm = 65.3258, GNorm = 0.0002, lr_0 = 1.2700e-04
Loss = 1.0851e-04, PNorm = 65.3265, GNorm = 0.0425, lr_0 = 1.2603e-04
Validation auc = 0.867456
Epoch 27
Loss = 1.6471e-04, PNorm = 65.3274, GNorm = 0.0006, lr_0 = 1.2497e-04
Loss = 2.3190e-05, PNorm = 65.3284, GNorm = 0.0001, lr_0 = 1.2401e-04
Loss = 4.7771e-05, PNorm = 65.3289, GNorm = 0.0116, lr_0 = 1.2306e-04
Loss = 9.5791e-06, PNorm = 65.3293, GNorm = 0.0000, lr_0 = 1.2212e-04
Loss = 3.7205e-05, PNorm = 65.3298, GNorm = 0.0008, lr_0 = 1.2118e-04
Loss = 8.8653e-04, PNorm = 65.3305, GNorm = 0.0000, lr_0 = 1.2026e-04
Loss = 9.0123e-05, PNorm = 65.3312, GNorm = 0.0001, lr_0 = 1.1934e-04
Loss = 7.1723e-04, PNorm = 65.3318, GNorm = 0.0006, lr_0 = 1.1842e-04
Loss = 6.3637e-05, PNorm = 65.3323, GNorm = 0.0000, lr_0 = 1.1752e-04
Loss = 1.6633e-05, PNorm = 65.3327, GNorm = 0.0000, lr_0 = 1.1662e-04
Loss = 1.2687e-05, PNorm = 65.3330, GNorm = 0.0001, lr_0 = 1.1572e-04
Validation auc = 0.867582
Epoch 28
Loss = 3.3068e-05, PNorm = 65.3328, GNorm = 0.0047, lr_0 = 1.1475e-04
Loss = 7.2293e-06, PNorm = 65.3330, GNorm = 0.0000, lr_0 = 1.1387e-04
Loss = 8.2346e-04, PNorm = 65.3333, GNorm = 0.0003, lr_0 = 1.1300e-04
Loss = 6.8168e-06, PNorm = 65.3336, GNorm = 0.0001, lr_0 = 1.1213e-04
Loss = 1.8478e-05, PNorm = 65.3338, GNorm = 0.0000, lr_0 = 1.1127e-04
Loss = 7.8853e-04, PNorm = 65.3342, GNorm = 0.0002, lr_0 = 1.1042e-04
Loss = 2.7020e-05, PNorm = 65.3346, GNorm = 0.0001, lr_0 = 1.0958e-04
Loss = 4.0571e-05, PNorm = 65.3351, GNorm = 0.0008, lr_0 = 1.0874e-04
Loss = 3.6848e-05, PNorm = 65.3357, GNorm = 0.0071, lr_0 = 1.0791e-04
Loss = 1.3756e-05, PNorm = 65.3361, GNorm = 0.0000, lr_0 = 1.0708e-04
Loss = 2.4558e-03, PNorm = 65.3359, GNorm = 0.0000, lr_0 = 1.0626e-04
Validation auc = 0.867482
Epoch 29
Loss = 8.0177e-06, PNorm = 65.3360, GNorm = 0.0001, lr_0 = 1.0545e-04
Loss = 9.0765e-04, PNorm = 65.3370, GNorm = 0.0003, lr_0 = 1.0464e-04
Loss = 6.4211e-06, PNorm = 65.3382, GNorm = 0.0002, lr_0 = 1.0384e-04
Loss = 3.7864e-06, PNorm = 65.3387, GNorm = 0.0000, lr_0 = 1.0304e-04
Loss = 8.8873e-05, PNorm = 65.3390, GNorm = 0.0003, lr_0 = 1.0225e-04
Loss = 8.0044e-06, PNorm = 65.3395, GNorm = 0.0001, lr_0 = 1.0147e-04
Loss = 4.5178e-05, PNorm = 65.3398, GNorm = 0.0005, lr_0 = 1.0069e-04
Loss = 7.8903e-04, PNorm = 65.3404, GNorm = 0.0001, lr_0 = 1.0000e-04
Loss = 2.6404e-05, PNorm = 65.3409, GNorm = 0.0004, lr_0 = 1.0000e-04
Loss = 1.8911e-05, PNorm = 65.3413, GNorm = 0.0012, lr_0 = 1.0000e-04
Validation auc = 0.867893
Model 0 best validation auc = 0.900240 on epoch 0
Loading pretrained parameter "ffn.1.weight".
Loading pretrained parameter "ffn.1.bias".
Loading pretrained parameter "ffn.4.weight".
Loading pretrained parameter "ffn.4.bias".
Loading pretrained parameter "ffn.7.weight".
Loading pretrained parameter "ffn.7.bias".
Loading pretrained parameter "ffn.10.weight".
Loading pretrained parameter "ffn.10.bias".
Model 0 test auc = 0.555259
Ensemble test auc = 0.555259
Fold 1
Splitting data with seed 1
Total scaffolds = 4,180 | train scaffolds = 3,198 | val scaffolds = 502 | test scaffolds = 480
Label averages per scaffold, in decreasing order of scaffold frequency,capped at 10 scaffolds and 20 labels:
Scaffold 0
Task 0: count = 468 | target average = 0.019231
Task 1: count = 468 | target average = 0.014957


Scaffold 1
Task 0: count = 383 | target average = 0.007833
Task 1: count = 383 | target average = 0.013055


Scaffold 2
Task 0: count = 44 | target average = 0.000000
Task 1: count = 44 | target average = 0.000000


Scaffold 3
Task 0: count = 35 | target average = 0.000000
Task 1: count = 35 | target average = 0.000000


Scaffold 4
Task 0: count = 34 | target average = 0.000000
Task 1: count = 34 | target average = 0.000000


Scaffold 5
Task 0: count = 30 | target average = 0.000000
Task 1: count = 30 | target average = 0.000000


Scaffold 6
Task 0: count = 28 | target average = 0.000000
Task 1: count = 28 | target average = 0.000000


Scaffold 7
Task 0: count = 27 | target average = 0.074074
Task 1: count = 27 | target average = 0.074074


Scaffold 8
Task 0: count = 25 | target average = 0.040000
Task 1: count = 25 | target average = 0.000000


Scaffold 9
Task 0: count = 23 | target average = 0.000000
Task 1: count = 23 | target average = 0.000000


Class sizes
hit_inh 0: 97.79%, 1: 2.21%
hit_kill 0: 98.75%, 1: 1.25%
Total size = 6,708 | train size = 5,366 | val size = 670 | test size = 672
Building model 0
MoleculeModel(
  (sigmoid): Sigmoid()
  (encoder): MPN()
  (ffn): Sequential(
    (0): Dropout(p=0.1, inplace=False)
    (1): Linear(in_features=2048, out_features=1000, bias=True)
    (2): ReLU()
    (3): Dropout(p=0.1, inplace=False)
    (4): Linear(in_features=1000, out_features=1000, bias=True)
    (5): ReLU()
    (6): Dropout(p=0.1, inplace=False)
    (7): Linear(in_features=1000, out_features=1000, bias=True)
    (8): ReLU()
    (9): Dropout(p=0.1, inplace=False)
    (10): Linear(in_features=1000, out_features=2, bias=True)
  )
)
Number of parameters = 4,053,002
Epoch 0
Loss = 4.4484e-01, PNorm = 57.8855, GNorm = 0.6329, lr_0 = 1.4626e-04
Loss = 1.2061e-01, PNorm = 57.9446, GNorm = 0.3033, lr_0 = 1.8832e-04
Loss = 1.2348e-01, PNorm = 57.9717, GNorm = 0.2746, lr_0 = 2.3037e-04
Loss = 1.3674e-01, PNorm = 57.9638, GNorm = 0.4123, lr_0 = 2.7243e-04
Loss = 9.2571e-02, PNorm = 57.9668, GNorm = 0.1466, lr_0 = 3.1449e-04
Loss = 1.0421e-01, PNorm = 58.0010, GNorm = 0.1979, lr_0 = 3.5654e-04
Loss = 1.1692e-01, PNorm = 58.0344, GNorm = 0.2198, lr_0 = 3.9860e-04
Loss = 8.3799e-02, PNorm = 58.0939, GNorm = 0.1178, lr_0 = 4.4065e-04
Loss = 7.0760e-02, PNorm = 58.1720, GNorm = 0.1003, lr_0 = 4.8271e-04
Loss = 4.9001e-02, PNorm = 58.2477, GNorm = 0.0869, lr_0 = 5.2477e-04
Validation auc = 0.809113
Epoch 1
Loss = 2.1920e-02, PNorm = 58.3232, GNorm = 0.0899, lr_0 = 5.7103e-04
Loss = 5.1599e-02, PNorm = 58.4158, GNorm = 0.1145, lr_0 = 6.1308e-04
Loss = 6.3283e-02, PNorm = 58.5114, GNorm = 0.2138, lr_0 = 6.5514e-04
Loss = 5.1481e-02, PNorm = 58.6439, GNorm = 0.2135, lr_0 = 6.9720e-04
Loss = 3.0466e-02, PNorm = 58.8131, GNorm = 0.2694, lr_0 = 7.3925e-04
Loss = 8.0733e-02, PNorm = 58.9161, GNorm = 0.2222, lr_0 = 7.8131e-04
Loss = 6.2894e-02, PNorm = 59.1861, GNorm = 0.3465, lr_0 = 8.2336e-04
Loss = 3.8627e-02, PNorm = 59.4129, GNorm = 0.4106, lr_0 = 8.6542e-04
Loss = 3.6652e-02, PNorm = 59.6211, GNorm = 0.0922, lr_0 = 9.0748e-04
Loss = 6.6964e-02, PNorm = 59.8154, GNorm = 0.1634, lr_0 = 9.4953e-04
Loss = 7.1982e-02, PNorm = 60.0809, GNorm = 0.1241, lr_0 = 9.9159e-04
Validation auc = 0.793198
Epoch 2
Loss = 1.9017e-02, PNorm = 60.4299, GNorm = 0.0130, lr_0 = 9.9311e-04
Loss = 1.7321e-02, PNorm = 60.6591, GNorm = 0.0601, lr_0 = 9.8550e-04
Loss = 7.9602e-03, PNorm = 60.8162, GNorm = 0.4822, lr_0 = 9.7796e-04
Loss = 3.1586e-02, PNorm = 60.9203, GNorm = 0.2211, lr_0 = 9.7047e-04
Loss = 2.4609e-02, PNorm = 61.0313, GNorm = 0.2025, lr_0 = 9.6304e-04
Loss = 2.6719e-02, PNorm = 61.1288, GNorm = 0.2196, lr_0 = 9.5567e-04
Loss = 3.2749e-02, PNorm = 61.2831, GNorm = 0.0248, lr_0 = 9.4835e-04
Loss = 1.4849e-02, PNorm = 61.4717, GNorm = 0.3267, lr_0 = 9.4109e-04
Loss = 2.6471e-02, PNorm = 61.5834, GNorm = 0.2319, lr_0 = 9.3389e-04
Loss = 4.3312e-02, PNorm = 61.7662, GNorm = 0.2799, lr_0 = 9.2674e-04
Loss = 3.6626e-02, PNorm = 62.0069, GNorm = 0.2380, lr_0 = 9.1964e-04
Validation auc = 0.763518
Epoch 3
Loss = 1.5018e-02, PNorm = 62.1575, GNorm = 0.0984, lr_0 = 9.1190e-04
Loss = 1.6363e-02, PNorm = 62.3310, GNorm = 0.0851, lr_0 = 9.0492e-04
Loss = 2.0597e-02, PNorm = 62.4426, GNorm = 0.1593, lr_0 = 8.9799e-04
Loss = 5.8096e-03, PNorm = 62.5123, GNorm = 0.0863, lr_0 = 8.9111e-04
Loss = 9.7168e-03, PNorm = 62.5720, GNorm = 0.1468, lr_0 = 8.8429e-04
Loss = 4.6691e-02, PNorm = 62.5973, GNorm = 0.2500, lr_0 = 8.7752e-04
Loss = 1.6392e-02, PNorm = 62.6763, GNorm = 0.0485, lr_0 = 8.7080e-04
Loss = 2.7094e-02, PNorm = 62.7887, GNorm = 0.1953, lr_0 = 8.6414e-04
Loss = 8.7290e-03, PNorm = 62.8738, GNorm = 0.0194, lr_0 = 8.5752e-04
Loss = 1.6201e-02, PNorm = 62.9561, GNorm = 0.3002, lr_0 = 8.5095e-04
Validation auc = 0.785603
Epoch 4
Loss = 1.1561e-04, PNorm = 63.0361, GNorm = 0.0022, lr_0 = 8.4444e-04
Loss = 2.8533e-02, PNorm = 63.0939, GNorm = 0.1876, lr_0 = 8.3797e-04
Loss = 2.7158e-03, PNorm = 63.1368, GNorm = 0.0085, lr_0 = 8.3156e-04
Loss = 1.0223e-02, PNorm = 63.1681, GNorm = 0.0264, lr_0 = 8.2519e-04
Loss = 7.4344e-03, PNorm = 63.2082, GNorm = 0.0158, lr_0 = 8.1888e-04
Loss = 5.8660e-03, PNorm = 63.2560, GNorm = 0.0975, lr_0 = 8.1261e-04
Loss = 8.9548e-03, PNorm = 63.3086, GNorm = 0.0746, lr_0 = 8.0638e-04
Loss = 5.6019e-03, PNorm = 63.3696, GNorm = 0.0518, lr_0 = 8.0021e-04
Loss = 6.1538e-03, PNorm = 63.4416, GNorm = 0.0094, lr_0 = 7.9408e-04
Loss = 5.6061e-03, PNorm = 63.4941, GNorm = 0.0583, lr_0 = 7.8800e-04
Loss = 7.4342e-03, PNorm = 63.5267, GNorm = 0.0003, lr_0 = 7.8197e-04
Validation auc = 0.788406
Epoch 5
Loss = 3.1157e-03, PNorm = 63.5691, GNorm = 0.0075, lr_0 = 7.7539e-04
Loss = 1.7055e-03, PNorm = 63.6260, GNorm = 0.0060, lr_0 = 7.6945e-04
Loss = 4.6043e-03, PNorm = 63.6695, GNorm = 0.0104, lr_0 = 7.6356e-04
Loss = 9.1231e-03, PNorm = 63.6944, GNorm = 0.0086, lr_0 = 7.5772e-04
Loss = 1.9415e-02, PNorm = 63.7112, GNorm = 0.0004, lr_0 = 7.5191e-04
Loss = 2.6258e-03, PNorm = 63.7308, GNorm = 0.1402, lr_0 = 7.4616e-04
Loss = 9.5453e-03, PNorm = 63.7468, GNorm = 0.0094, lr_0 = 7.4044e-04
Loss = 3.3639e-03, PNorm = 63.7671, GNorm = 0.0190, lr_0 = 7.3478e-04
Loss = 3.5182e-03, PNorm = 63.7939, GNorm = 0.0028, lr_0 = 7.2915e-04
Loss = 3.8335e-03, PNorm = 63.8176, GNorm = 0.0763, lr_0 = 7.2357e-04
Loss = 7.1232e-03, PNorm = 63.8476, GNorm = 0.0003, lr_0 = 7.1803e-04
Validation auc = 0.789860
Epoch 6
Loss = 3.0710e-03, PNorm = 63.8767, GNorm = 0.1290, lr_0 = 7.1198e-04
Loss = 2.4693e-04, PNorm = 63.8966, GNorm = 0.0002, lr_0 = 7.0653e-04
Loss = 1.3350e-02, PNorm = 63.9010, GNorm = 0.3469, lr_0 = 7.0112e-04
Loss = 3.6172e-03, PNorm = 63.9115, GNorm = 0.0028, lr_0 = 6.9576e-04
Loss = 2.8024e-03, PNorm = 63.9312, GNorm = 0.0784, lr_0 = 6.9043e-04
Loss = 4.2213e-04, PNorm = 63.9499, GNorm = 0.0045, lr_0 = 6.8514e-04
Loss = 7.0529e-03, PNorm = 63.9548, GNorm = 0.0114, lr_0 = 6.7990e-04
Loss = 3.6892e-03, PNorm = 63.9628, GNorm = 0.0284, lr_0 = 6.7469e-04
Loss = 6.0408e-04, PNorm = 63.9768, GNorm = 0.0067, lr_0 = 6.6953e-04
Loss = 1.1190e-02, PNorm = 63.9817, GNorm = 0.0464, lr_0 = 6.6440e-04
Loss = 1.8631e-03, PNorm = 63.9892, GNorm = 0.0003, lr_0 = 6.5931e-04
Validation auc = 0.793595
Epoch 7
Loss = 3.2920e-04, PNorm = 64.0088, GNorm = 0.0040, lr_0 = 6.5427e-04
Loss = 6.4988e-04, PNorm = 64.0242, GNorm = 0.0256, lr_0 = 6.4926e-04
Loss = 1.7347e-03, PNorm = 64.0362, GNorm = 0.2557, lr_0 = 6.4429e-04
Loss = 1.4605e-03, PNorm = 64.0517, GNorm = 0.1535, lr_0 = 6.3935e-04
Loss = 1.7920e-03, PNorm = 64.0732, GNorm = 0.0240, lr_0 = 6.3446e-04
Loss = 2.1788e-03, PNorm = 64.0867, GNorm = 0.0000, lr_0 = 6.2960e-04
Loss = 8.6629e-04, PNorm = 64.0959, GNorm = 0.0001, lr_0 = 6.2478e-04
Loss = 1.0157e-03, PNorm = 64.1030, GNorm = 0.0008, lr_0 = 6.2000e-04
Loss = 2.8528e-03, PNorm = 64.1067, GNorm = 0.0651, lr_0 = 6.1525e-04
Loss = 9.3937e-03, PNorm = 64.1107, GNorm = 0.1648, lr_0 = 6.1054e-04
Validation auc = 0.787253
Epoch 8
Loss = 1.6750e-03, PNorm = 64.1284, GNorm = 0.0018, lr_0 = 6.0540e-04
Loss = 2.3437e-03, PNorm = 64.1402, GNorm = 0.0388, lr_0 = 6.0077e-04
Loss = 1.4465e-03, PNorm = 64.1515, GNorm = 0.0115, lr_0 = 5.9617e-04
Loss = 1.7540e-04, PNorm = 64.1619, GNorm = 0.0000, lr_0 = 5.9160e-04
Loss = 2.0754e-03, PNorm = 64.1676, GNorm = 0.0162, lr_0 = 5.8707e-04
Loss = 2.5934e-03, PNorm = 64.1734, GNorm = 0.0001, lr_0 = 5.8258e-04
Loss = 2.6256e-04, PNorm = 64.1819, GNorm = 0.0046, lr_0 = 5.7812e-04
Loss = 1.4280e-03, PNorm = 64.1885, GNorm = 0.0052, lr_0 = 5.7369e-04
Loss = 1.0110e-03, PNorm = 64.1945, GNorm = 0.0024, lr_0 = 5.6930e-04
Loss = 3.1782e-04, PNorm = 64.2012, GNorm = 0.0287, lr_0 = 5.6494e-04
Loss = 8.4214e-05, PNorm = 64.2086, GNorm = 0.0002, lr_0 = 5.6062e-04
Validation auc = 0.783968
Epoch 9
Loss = 1.8807e-04, PNorm = 64.2134, GNorm = 0.0108, lr_0 = 5.5590e-04
Loss = 1.8483e-04, PNorm = 64.2198, GNorm = 0.0018, lr_0 = 5.5164e-04
Loss = 1.4544e-03, PNorm = 64.2279, GNorm = 0.0020, lr_0 = 5.4742e-04
Loss = 2.5172e-03, PNorm = 64.2372, GNorm = 0.0013, lr_0 = 5.4323e-04
Loss = 9.4400e-05, PNorm = 64.2445, GNorm = 0.0000, lr_0 = 5.3907e-04
Loss = 4.7148e-04, PNorm = 64.2495, GNorm = 0.0033, lr_0 = 5.3494e-04
Loss = 6.9453e-03, PNorm = 64.2498, GNorm = 0.0001, lr_0 = 5.3084e-04
Loss = 1.6013e-03, PNorm = 64.2562, GNorm = 0.0003, lr_0 = 5.2678e-04
Loss = 1.0416e-04, PNorm = 64.2633, GNorm = 0.0001, lr_0 = 5.2275e-04
Loss = 3.5145e-04, PNorm = 64.2686, GNorm = 0.0017, lr_0 = 5.1874e-04
Loss = 3.2638e-04, PNorm = 64.2744, GNorm = 0.0060, lr_0 = 5.1477e-04
Validation auc = 0.785684
Epoch 10
Loss = 1.6256e-03, PNorm = 64.2804, GNorm = 0.0007, lr_0 = 5.1083e-04
Loss = 4.2311e-04, PNorm = 64.2884, GNorm = 0.0010, lr_0 = 5.0692e-04
Loss = 8.0494e-05, PNorm = 64.2936, GNorm = 0.0039, lr_0 = 5.0304e-04
Loss = 1.2384e-04, PNorm = 64.2970, GNorm = 0.0025, lr_0 = 4.9919e-04
Loss = 2.8073e-04, PNorm = 64.2993, GNorm = 0.0390, lr_0 = 4.9537e-04
Loss = 1.0265e-03, PNorm = 64.3024, GNorm = 0.0008, lr_0 = 4.9157e-04
Loss = 1.2459e-04, PNorm = 64.3054, GNorm = 0.0009, lr_0 = 4.8781e-04
Loss = 1.1052e-04, PNorm = 64.3082, GNorm = 0.0043, lr_0 = 4.8408e-04
Loss = 2.5028e-04, PNorm = 64.3117, GNorm = 0.0004, lr_0 = 4.8037e-04
Loss = 2.0790e-03, PNorm = 64.3127, GNorm = 0.0015, lr_0 = 4.7669e-04
Loss = 3.2864e-03, PNorm = 64.3135, GNorm = 0.0045, lr_0 = 4.7304e-04
Loss = 8.1504e-06, PNorm = 64.3138, GNorm = 0.0002, lr_0 = 4.7268e-04
Validation auc = 0.784615
Epoch 11
Loss = 1.3262e-04, PNorm = 64.3164, GNorm = 0.0042, lr_0 = 4.6906e-04
Loss = 1.3124e-03, PNorm = 64.3201, GNorm = 0.0012, lr_0 = 4.6547e-04
Loss = 5.9469e-04, PNorm = 64.3252, GNorm = 0.0000, lr_0 = 4.6191e-04
Loss = 3.2252e-05, PNorm = 64.3327, GNorm = 0.0001, lr_0 = 4.5837e-04
Loss = 1.8852e-03, PNorm = 64.3360, GNorm = 0.0001, lr_0 = 4.5486e-04
Loss = 4.9799e-04, PNorm = 64.3413, GNorm = 0.0002, lr_0 = 4.5138e-04
Loss = 1.1626e-05, PNorm = 64.3459, GNorm = 0.0000, lr_0 = 4.4792e-04
Loss = 1.0036e-03, PNorm = 64.3481, GNorm = 0.0000, lr_0 = 4.4449e-04
Loss = 4.3620e-03, PNorm = 64.3444, GNorm = 0.0002, lr_0 = 4.4109e-04
Loss = 1.2259e-03, PNorm = 64.3486, GNorm = 0.0075, lr_0 = 4.3771e-04
Validation auc = 0.791840
Epoch 12
Loss = 1.2067e-04, PNorm = 64.3498, GNorm = 0.0045, lr_0 = 4.3403e-04
Loss = 2.1868e-04, PNorm = 64.3473, GNorm = 0.0010, lr_0 = 4.3070e-04
Loss = 1.1760e-03, PNorm = 64.3490, GNorm = 0.0058, lr_0 = 4.2741e-04
Loss = 8.5994e-04, PNorm = 64.3513, GNorm = 0.0000, lr_0 = 4.2413e-04
Loss = 1.9511e-03, PNorm = 64.3542, GNorm = 0.0002, lr_0 = 4.2089e-04
Loss = 6.5196e-03, PNorm = 64.3523, GNorm = 0.0030, lr_0 = 4.1766e-04
Loss = 1.4976e-03, PNorm = 64.3548, GNorm = 0.0016, lr_0 = 4.1447e-04
Loss = 3.6240e-03, PNorm = 64.3589, GNorm = 0.0001, lr_0 = 4.1129e-04
Loss = 2.4256e-04, PNorm = 64.3627, GNorm = 0.0127, lr_0 = 4.0814e-04
Loss = 4.5087e-04, PNorm = 64.3670, GNorm = 0.0000, lr_0 = 4.0502e-04
Loss = 4.0916e-04, PNorm = 64.3708, GNorm = 0.0009, lr_0 = 4.0192e-04
Validation auc = 0.786250
Epoch 13
Loss = 2.0992e-03, PNorm = 64.3789, GNorm = 0.0069, lr_0 = 3.9884e-04
Loss = 2.1681e-03, PNorm = 64.3861, GNorm = 0.0000, lr_0 = 3.9579e-04
Loss = 4.3633e-04, PNorm = 64.3916, GNorm = 0.0002, lr_0 = 3.9276e-04
Loss = 1.3584e-03, PNorm = 64.3956, GNorm = 0.0040, lr_0 = 3.8975e-04
Loss = 1.4064e-03, PNorm = 64.3996, GNorm = 0.1611, lr_0 = 3.8677e-04
Loss = 7.2719e-04, PNorm = 64.4040, GNorm = 0.0533, lr_0 = 3.8381e-04
Loss = 8.0168e-04, PNorm = 64.4071, GNorm = 0.0000, lr_0 = 3.8087e-04
Loss = 2.2184e-03, PNorm = 64.4102, GNorm = 0.0087, lr_0 = 3.7795e-04
Loss = 1.5355e-03, PNorm = 64.4123, GNorm = 0.0050, lr_0 = 3.7506e-04
Loss = 2.3719e-05, PNorm = 64.4151, GNorm = 0.0000, lr_0 = 3.7219e-04
Loss = 4.6665e-04, PNorm = 64.4208, GNorm = 0.0003, lr_0 = 3.6934e-04
Validation auc = 0.782191
Epoch 14
Loss = 1.3729e-03, PNorm = 64.4296, GNorm = 0.0014, lr_0 = 3.6623e-04
Loss = 8.1804e-05, PNorm = 64.4357, GNorm = 0.0038, lr_0 = 3.6342e-04
Loss = 1.7020e-03, PNorm = 64.4387, GNorm = 0.5890, lr_0 = 3.6064e-04
Loss = 4.8442e-05, PNorm = 64.4433, GNorm = 0.0005, lr_0 = 3.5788e-04
Loss = 2.7998e-03, PNorm = 64.4558, GNorm = 0.0004, lr_0 = 3.5514e-04
Loss = 3.8680e-04, PNorm = 64.4679, GNorm = 0.0001, lr_0 = 3.5242e-04
Loss = 1.0082e-03, PNorm = 64.4793, GNorm = 0.0041, lr_0 = 3.4972e-04
Loss = 2.6254e-03, PNorm = 64.4844, GNorm = 0.0160, lr_0 = 3.4705e-04
Loss = 4.1874e-03, PNorm = 64.4855, GNorm = 0.0009, lr_0 = 3.4439e-04
Loss = 4.0686e-03, PNorm = 64.4815, GNorm = 0.0191, lr_0 = 3.4175e-04
Validation auc = 0.783209
Epoch 15
Loss = 4.9273e-04, PNorm = 64.4882, GNorm = 0.0084, lr_0 = 3.3888e-04
Loss = 6.2363e-03, PNorm = 64.4973, GNorm = 0.0016, lr_0 = 3.3628e-04
Loss = 3.1315e-04, PNorm = 64.5086, GNorm = 0.0001, lr_0 = 3.3371e-04
Loss = 2.8574e-05, PNorm = 64.5141, GNorm = 0.0015, lr_0 = 3.3115e-04
Loss = 1.3769e-03, PNorm = 64.5163, GNorm = 0.0000, lr_0 = 3.2862e-04
Loss = 1.8419e-04, PNorm = 64.5186, GNorm = 0.0004, lr_0 = 3.2610e-04
Loss = 4.7891e-03, PNorm = 64.5185, GNorm = 0.0036, lr_0 = 3.2360e-04
Loss = 2.7388e-04, PNorm = 64.5217, GNorm = 0.0007, lr_0 = 3.2113e-04
Loss = 8.2761e-04, PNorm = 64.5258, GNorm = 0.0000, lr_0 = 3.1867e-04
Loss = 1.5218e-02, PNorm = 64.5245, GNorm = 0.0001, lr_0 = 3.1623e-04
Loss = 2.2966e-03, PNorm = 64.5215, GNorm = 0.0524, lr_0 = 3.1381e-04
Validation auc = 0.788697
Epoch 16
Loss = 2.0930e-02, PNorm = 64.5228, GNorm = 0.0000, lr_0 = 3.1140e-04
Loss = 3.0870e-04, PNorm = 64.5241, GNorm = 0.0001, lr_0 = 3.0902e-04
Loss = 8.4618e-04, PNorm = 64.5277, GNorm = 0.0001, lr_0 = 3.0665e-04
Loss = 1.8977e-03, PNorm = 64.5299, GNorm = 0.0853, lr_0 = 3.0431e-04
Loss = 4.0579e-04, PNorm = 64.5320, GNorm = 0.0139, lr_0 = 3.0198e-04
Loss = 3.0942e-03, PNorm = 64.5334, GNorm = 0.0042, lr_0 = 2.9966e-04
Loss = 1.3635e-04, PNorm = 64.5353, GNorm = 0.0007, lr_0 = 2.9737e-04
Loss = 6.2544e-04, PNorm = 64.5371, GNorm = 0.0042, lr_0 = 2.9509e-04
Loss = 1.4328e-04, PNorm = 64.5393, GNorm = 0.0007, lr_0 = 2.9283e-04
Loss = 7.8820e-05, PNorm = 64.5410, GNorm = 0.0008, lr_0 = 2.9059e-04
Loss = 9.9053e-04, PNorm = 64.5430, GNorm = 0.1145, lr_0 = 2.8837e-04
Validation auc = 0.788173
Epoch 17
Loss = 1.6452e-04, PNorm = 64.5470, GNorm = 0.0012, lr_0 = 2.8594e-04
Loss = 4.4822e-05, PNorm = 64.5493, GNorm = 0.0022, lr_0 = 2.8375e-04
Loss = 1.1164e-03, PNorm = 64.5510, GNorm = 0.0018, lr_0 = 2.8158e-04
Loss = 3.4095e-04, PNorm = 64.5533, GNorm = 0.0023, lr_0 = 2.7942e-04
Loss = 2.9808e-03, PNorm = 64.5539, GNorm = 0.0004, lr_0 = 2.7728e-04
Loss = 6.1574e-04, PNorm = 64.5550, GNorm = 0.0006, lr_0 = 2.7516e-04
Loss = 1.6463e-03, PNorm = 64.5566, GNorm = 0.0453, lr_0 = 2.7305e-04
Loss = 9.5815e-05, PNorm = 64.5587, GNorm = 0.0000, lr_0 = 2.7096e-04
Loss = 1.4828e-04, PNorm = 64.5613, GNorm = 0.0006, lr_0 = 2.6889e-04
Loss = 3.3103e-05, PNorm = 64.5628, GNorm = 0.0001, lr_0 = 2.6683e-04
Loss = 3.5834e-04, PNorm = 64.5658, GNorm = 0.0010, lr_0 = 2.6479e-04
Validation auc = 0.789735
Epoch 18
Loss = 7.0087e-04, PNorm = 64.5699, GNorm = 0.0027, lr_0 = 2.6256e-04
Loss = 8.7285e-04, PNorm = 64.5721, GNorm = 0.0000, lr_0 = 2.6055e-04
Loss = 5.6693e-05, PNorm = 64.5738, GNorm = 0.0005, lr_0 = 2.5855e-04
Loss = 2.5578e-03, PNorm = 64.5748, GNorm = 0.0004, lr_0 = 2.5657e-04
Loss = 1.4261e-03, PNorm = 64.5754, GNorm = 0.0000, lr_0 = 2.5461e-04
Loss = 8.1466e-04, PNorm = 64.5775, GNorm = 0.0288, lr_0 = 2.5266e-04
Loss = 3.3456e-05, PNorm = 64.5798, GNorm = 0.0007, lr_0 = 2.5073e-04
Loss = 1.7191e-04, PNorm = 64.5817, GNorm = 0.0035, lr_0 = 2.4881e-04
Loss = 3.0878e-04, PNorm = 64.5835, GNorm = 0.0001, lr_0 = 2.4690e-04
Loss = 4.1191e-05, PNorm = 64.5850, GNorm = 0.0000, lr_0 = 2.4501e-04
Validation auc = 0.790051
Epoch 19
Loss = 3.0945e-06, PNorm = 64.5864, GNorm = 0.0001, lr_0 = 2.4314e-04
Loss = 1.7809e-04, PNorm = 64.5889, GNorm = 0.0001, lr_0 = 2.4127e-04
Loss = 7.3021e-05, PNorm = 64.5904, GNorm = 0.0031, lr_0 = 2.3943e-04
Loss = 5.6720e-03, PNorm = 64.5910, GNorm = 0.0358, lr_0 = 2.3759e-04
Loss = 8.3232e-04, PNorm = 64.5916, GNorm = 0.0002, lr_0 = 2.3577e-04
Loss = 3.4992e-05, PNorm = 64.5924, GNorm = 0.0001, lr_0 = 2.3397e-04
Loss = 1.3387e-05, PNorm = 64.5930, GNorm = 0.0002, lr_0 = 2.3218e-04
Loss = 1.1674e-04, PNorm = 64.5937, GNorm = 0.0014, lr_0 = 2.3040e-04
Loss = 1.1263e-04, PNorm = 64.5949, GNorm = 0.0001, lr_0 = 2.2864e-04
Loss = 1.1889e-04, PNorm = 64.5964, GNorm = 0.0149, lr_0 = 2.2689e-04
Loss = 8.0086e-04, PNorm = 64.5980, GNorm = 0.0002, lr_0 = 2.2515e-04
Validation auc = 0.789389
Epoch 20
Loss = 1.5387e-05, PNorm = 64.5994, GNorm = 0.0003, lr_0 = 2.2325e-04
Loss = 6.5648e-04, PNorm = 64.6005, GNorm = 0.0009, lr_0 = 2.2154e-04
Loss = 3.2905e-05, PNorm = 64.6014, GNorm = 0.0030, lr_0 = 2.1985e-04
Loss = 1.3042e-03, PNorm = 64.6024, GNorm = 0.0000, lr_0 = 2.1816e-04
Loss = 3.4113e-04, PNorm = 64.6052, GNorm = 0.0002, lr_0 = 2.1649e-04
Loss = 5.6984e-05, PNorm = 64.6072, GNorm = 0.0000, lr_0 = 2.1484e-04
Loss = 3.1969e-03, PNorm = 64.6079, GNorm = 0.0004, lr_0 = 2.1319e-04
Loss = 1.9687e-05, PNorm = 64.6091, GNorm = 0.0009, lr_0 = 2.1156e-04
Loss = 6.2666e-04, PNorm = 64.6116, GNorm = 0.0004, lr_0 = 2.0994e-04
Loss = 1.5209e-04, PNorm = 64.6137, GNorm = 0.0122, lr_0 = 2.0833e-04
Loss = 8.3831e-04, PNorm = 64.6149, GNorm = 0.0003, lr_0 = 2.0674e-04
Validation auc = 0.786625
Epoch 21
Loss = 1.2060e-05, PNorm = 64.6155, GNorm = 0.0002, lr_0 = 2.0500e-04
Loss = 1.1686e-04, PNorm = 64.6163, GNorm = 0.0065, lr_0 = 2.0343e-04
Loss = 2.3088e-04, PNorm = 64.6196, GNorm = 0.0000, lr_0 = 2.0187e-04
Loss = 7.9254e-04, PNorm = 64.6215, GNorm = 0.0000, lr_0 = 2.0033e-04
Loss = 5.2138e-04, PNorm = 64.6228, GNorm = 0.0000, lr_0 = 1.9879e-04
Loss = 5.8216e-04, PNorm = 64.6239, GNorm = 0.0000, lr_0 = 1.9727e-04
Loss = 1.8860e-04, PNorm = 64.6247, GNorm = 0.0272, lr_0 = 1.9576e-04
Loss = 6.8860e-05, PNorm = 64.6257, GNorm = 0.0000, lr_0 = 1.9426e-04
Loss = 3.9949e-03, PNorm = 64.6258, GNorm = 0.0000, lr_0 = 1.9277e-04
Loss = 7.6286e-05, PNorm = 64.6259, GNorm = 0.0125, lr_0 = 1.9130e-04
Loss = 1.4435e-05, PNorm = 64.6263, GNorm = 0.0003, lr_0 = 1.8983e-04
Validation auc = 0.784651
Epoch 22
Loss = 4.0457e-05, PNorm = 64.6267, GNorm = 0.0006, lr_0 = 1.8838e-04
Loss = 2.7361e-05, PNorm = 64.6272, GNorm = 0.0014, lr_0 = 1.8694e-04
Loss = 6.4820e-04, PNorm = 64.6278, GNorm = 0.0003, lr_0 = 1.8551e-04
Loss = 1.7996e-05, PNorm = 64.6286, GNorm = 0.0000, lr_0 = 1.8409e-04
Loss = 1.1686e-05, PNorm = 64.6291, GNorm = 0.0007, lr_0 = 1.8268e-04
Loss = 2.3249e-05, PNorm = 64.6296, GNorm = 0.0000, lr_0 = 1.8128e-04
Loss = 1.5823e-03, PNorm = 64.6302, GNorm = 0.0043, lr_0 = 1.7989e-04
Loss = 2.3026e-05, PNorm = 64.6313, GNorm = 0.0001, lr_0 = 1.7851e-04
Loss = 1.1535e-03, PNorm = 64.6322, GNorm = 0.0000, lr_0 = 1.7715e-04
Loss = 2.6871e-03, PNorm = 64.6326, GNorm = 0.0020, lr_0 = 1.7579e-04
Validation auc = 0.784839
Epoch 23
Loss = 4.6441e-05, PNorm = 64.6333, GNorm = 0.0008, lr_0 = 1.7431e-04
Loss = 6.7398e-05, PNorm = 64.6340, GNorm = 0.0047, lr_0 = 1.7298e-04
Loss = 1.5991e-04, PNorm = 64.6366, GNorm = 0.0011, lr_0 = 1.7165e-04
Loss = 3.8000e-05, PNorm = 64.6391, GNorm = 0.0012, lr_0 = 1.7034e-04
Loss = 2.3009e-04, PNorm = 64.6422, GNorm = 0.0000, lr_0 = 1.6903e-04
Loss = 6.0410e-05, PNorm = 64.6442, GNorm = 0.0065, lr_0 = 1.6774e-04
Loss = 1.5333e-03, PNorm = 64.6453, GNorm = 0.0000, lr_0 = 1.6645e-04
Loss = 1.4288e-04, PNorm = 64.6464, GNorm = 0.0000, lr_0 = 1.6518e-04
Loss = 8.9081e-04, PNorm = 64.6471, GNorm = 0.0005, lr_0 = 1.6392e-04
Loss = 2.8613e-03, PNorm = 64.6477, GNorm = 0.0002, lr_0 = 1.6266e-04
Loss = 2.6907e-06, PNorm = 64.6481, GNorm = 0.0000, lr_0 = 1.6142e-04
Validation auc = 0.785784
Epoch 24
Loss = 1.3505e-03, PNorm = 64.6486, GNorm = 0.0001, lr_0 = 1.6006e-04
Loss = 5.0675e-05, PNorm = 64.6493, GNorm = 0.0001, lr_0 = 1.5883e-04
Loss = 4.9705e-05, PNorm = 64.6499, GNorm = 0.0066, lr_0 = 1.5761e-04
Loss = 9.1167e-04, PNorm = 64.6504, GNorm = 0.0001, lr_0 = 1.5641e-04
Loss = 3.4696e-05, PNorm = 64.6507, GNorm = 0.0045, lr_0 = 1.5521e-04
Loss = 1.7102e-04, PNorm = 64.6514, GNorm = 0.0039, lr_0 = 1.5402e-04
Loss = 8.4094e-04, PNorm = 64.6519, GNorm = 0.0004, lr_0 = 1.5284e-04
Loss = 1.0789e-04, PNorm = 64.6525, GNorm = 0.0000, lr_0 = 1.5167e-04
Loss = 3.2935e-03, PNorm = 64.6532, GNorm = 0.1510, lr_0 = 1.5051e-04
Loss = 5.2855e-05, PNorm = 64.6534, GNorm = 0.0006, lr_0 = 1.4936e-04
Loss = 9.0420e-06, PNorm = 64.6538, GNorm = 0.0001, lr_0 = 1.4822e-04
Validation auc = 0.785453
Epoch 25
Loss = 9.0809e-04, PNorm = 64.6543, GNorm = 0.0000, lr_0 = 1.4708e-04
Loss = 1.7822e-05, PNorm = 64.6548, GNorm = 0.0000, lr_0 = 1.4595e-04
Loss = 7.7434e-05, PNorm = 64.6554, GNorm = 0.0000, lr_0 = 1.4484e-04
Loss = 1.3127e-05, PNorm = 64.6560, GNorm = 0.0004, lr_0 = 1.4373e-04
Loss = 2.4193e-03, PNorm = 64.6562, GNorm = 0.0000, lr_0 = 1.4263e-04
Loss = 2.1334e-05, PNorm = 64.6562, GNorm = 0.0007, lr_0 = 1.4154e-04
Loss = 4.5762e-05, PNorm = 64.6564, GNorm = 0.0000, lr_0 = 1.4045e-04
Loss = 8.0691e-04, PNorm = 64.6569, GNorm = 0.0005, lr_0 = 1.3938e-04
Loss = 1.7548e-03, PNorm = 64.6573, GNorm = 0.0006, lr_0 = 1.3831e-04
Loss = 1.1514e-05, PNorm = 64.6577, GNorm = 0.0001, lr_0 = 1.3725e-04
Loss = 9.3007e-06, PNorm = 64.6579, GNorm = 0.0000, lr_0 = 1.3620e-04
Loss = 8.6495e-06, PNorm = 64.6580, GNorm = 0.0002, lr_0 = 1.3610e-04
Validation auc = 0.785616
Epoch 26
Loss = 6.3753e-04, PNorm = 64.6582, GNorm = 0.0537, lr_0 = 1.3505e-04
Loss = 6.4807e-04, PNorm = 64.6587, GNorm = 0.0001, lr_0 = 1.3402e-04
Loss = 3.8362e-03, PNorm = 64.6587, GNorm = 0.0000, lr_0 = 1.3299e-04
Loss = 3.1337e-05, PNorm = 64.6590, GNorm = 0.0001, lr_0 = 1.3198e-04
Loss = 3.1136e-05, PNorm = 64.6595, GNorm = 0.0005, lr_0 = 1.3097e-04
Loss = 2.0897e-05, PNorm = 64.6600, GNorm = 0.0000, lr_0 = 1.2996e-04
Loss = 5.2637e-06, PNorm = 64.6602, GNorm = 0.0011, lr_0 = 1.2897e-04
Loss = 9.6752e-04, PNorm = 64.6608, GNorm = 0.0001, lr_0 = 1.2798e-04
Loss = 3.7887e-05, PNorm = 64.6614, GNorm = 0.0004, lr_0 = 1.2700e-04
Loss = 6.9701e-05, PNorm = 64.6619, GNorm = 0.0000, lr_0 = 1.2603e-04
Validation auc = 0.785992
Epoch 27
Loss = 6.7033e-07, PNorm = 64.6623, GNorm = 0.0000, lr_0 = 1.2497e-04
Loss = 8.5266e-05, PNorm = 64.6627, GNorm = 0.0000, lr_0 = 1.2401e-04
Loss = 6.0761e-04, PNorm = 64.6632, GNorm = 0.0474, lr_0 = 1.2306e-04
Loss = 3.4117e-03, PNorm = 64.6632, GNorm = 0.0004, lr_0 = 1.2212e-04
Loss = 1.9970e-04, PNorm = 64.6643, GNorm = 0.0008, lr_0 = 1.2118e-04
Loss = 4.5080e-05, PNorm = 64.6651, GNorm = 0.0025, lr_0 = 1.2026e-04
Loss = 8.6353e-04, PNorm = 64.6660, GNorm = 0.0000, lr_0 = 1.1934e-04
Loss = 6.6803e-04, PNorm = 64.6666, GNorm = 0.0001, lr_0 = 1.1842e-04
Loss = 4.9951e-05, PNorm = 64.6672, GNorm = 0.0025, lr_0 = 1.1752e-04
Loss = 4.1146e-06, PNorm = 64.6677, GNorm = 0.0000, lr_0 = 1.1662e-04
Loss = 6.5810e-04, PNorm = 64.6682, GNorm = 0.0000, lr_0 = 1.1572e-04
Validation auc = 0.784914
Epoch 28
Loss = 1.2526e-05, PNorm = 64.6685, GNorm = 0.0007, lr_0 = 1.1475e-04
Loss = 2.4500e-05, PNorm = 64.6689, GNorm = 0.0000, lr_0 = 1.1387e-04
Loss = 4.0575e-06, PNorm = 64.6691, GNorm = 0.0000, lr_0 = 1.1300e-04
Loss = 1.8924e-03, PNorm = 64.6694, GNorm = 0.0032, lr_0 = 1.1213e-04
Loss = 1.8905e-03, PNorm = 64.6698, GNorm = 0.0002, lr_0 = 1.1127e-04
Loss = 3.9798e-04, PNorm = 64.6707, GNorm = 0.0002, lr_0 = 1.1042e-04
Loss = 2.2396e-05, PNorm = 64.6717, GNorm = 0.0000, lr_0 = 1.0958e-04
Loss = 1.0873e-03, PNorm = 64.6722, GNorm = 0.0000, lr_0 = 1.0874e-04
Loss = 8.2137e-04, PNorm = 64.6726, GNorm = 0.0008, lr_0 = 1.0791e-04
Loss = 1.8134e-05, PNorm = 64.6730, GNorm = 0.0000, lr_0 = 1.0708e-04
Loss = 5.0305e-06, PNorm = 64.6733, GNorm = 0.0001, lr_0 = 1.0626e-04
Validation auc = 0.784755
Epoch 29
Loss = 1.1211e-05, PNorm = 64.6734, GNorm = 0.0016, lr_0 = 1.0545e-04
Loss = 1.3059e-05, PNorm = 64.6737, GNorm = 0.0003, lr_0 = 1.0464e-04
Loss = 1.6557e-05, PNorm = 64.6739, GNorm = 0.0002, lr_0 = 1.0384e-04
Loss = 3.7319e-05, PNorm = 64.6743, GNorm = 0.0000, lr_0 = 1.0304e-04
Loss = 3.8102e-03, PNorm = 64.6742, GNorm = 0.0000, lr_0 = 1.0225e-04
Loss = 7.9092e-04, PNorm = 64.6741, GNorm = 0.0006, lr_0 = 1.0147e-04
Loss = 5.6510e-05, PNorm = 64.6743, GNorm = 0.0141, lr_0 = 1.0069e-04
Loss = 4.6779e-06, PNorm = 64.6748, GNorm = 0.0000, lr_0 = 1.0000e-04
Loss = 6.6642e-04, PNorm = 64.6751, GNorm = 0.0000, lr_0 = 1.0000e-04
Loss = 9.7827e-04, PNorm = 64.6754, GNorm = 0.0000, lr_0 = 1.0000e-04
Validation auc = 0.784839
Model 0 best validation auc = 0.809113 on epoch 0
Loading pretrained parameter "ffn.1.weight".
Loading pretrained parameter "ffn.1.bias".
Loading pretrained parameter "ffn.4.weight".
Loading pretrained parameter "ffn.4.bias".
Loading pretrained parameter "ffn.7.weight".
Loading pretrained parameter "ffn.7.bias".
Loading pretrained parameter "ffn.10.weight".
Loading pretrained parameter "ffn.10.bias".
Model 0 test auc = 0.703136
Ensemble test auc = 0.703136
Fold 2
Splitting data with seed 2
Total scaffolds = 4,180 | train scaffolds = 3,157 | val scaffolds = 507 | test scaffolds = 516
Label averages per scaffold, in decreasing order of scaffold frequency,capped at 10 scaffolds and 20 labels:
Scaffold 0
Task 0: count = 468 | target average = 0.019231
Task 1: count = 468 | target average = 0.014957


Scaffold 1
Task 0: count = 383 | target average = 0.007833
Task 1: count = 383 | target average = 0.013055


Scaffold 2
Task 0: count = 44 | target average = 0.000000
Task 1: count = 44 | target average = 0.000000


Scaffold 3
Task 0: count = 35 | target average = 0.000000
Task 1: count = 35 | target average = 0.000000


Scaffold 4
Task 0: count = 34 | target average = 0.000000
Task 1: count = 34 | target average = 0.000000


Scaffold 5
Task 0: count = 30 | target average = 0.000000
Task 1: count = 30 | target average = 0.000000


Scaffold 6
Task 0: count = 28 | target average = 0.000000
Task 1: count = 28 | target average = 0.000000


Scaffold 7
Task 0: count = 27 | target average = 0.074074
Task 1: count = 27 | target average = 0.074074


Scaffold 8
Task 0: count = 25 | target average = 0.040000
Task 1: count = 25 | target average = 0.000000


Scaffold 9
Task 0: count = 23 | target average = 0.000000
Task 1: count = 23 | target average = 0.000000


Class sizes
hit_inh 0: 97.79%, 1: 2.21%
hit_kill 0: 98.75%, 1: 1.25%
Total size = 6,708 | train size = 5,366 | val size = 670 | test size = 672
Building model 0
MoleculeModel(
  (sigmoid): Sigmoid()
  (encoder): MPN()
  (ffn): Sequential(
    (0): Dropout(p=0.1, inplace=False)
    (1): Linear(in_features=2048, out_features=1000, bias=True)
    (2): ReLU()
    (3): Dropout(p=0.1, inplace=False)
    (4): Linear(in_features=1000, out_features=1000, bias=True)
    (5): ReLU()
    (6): Dropout(p=0.1, inplace=False)
    (7): Linear(in_features=1000, out_features=1000, bias=True)
    (8): ReLU()
    (9): Dropout(p=0.1, inplace=False)
    (10): Linear(in_features=1000, out_features=2, bias=True)
  )
)
Number of parameters = 4,053,002
Epoch 0
Loss = 4.4578e-01, PNorm = 57.8856, GNorm = 0.6530, lr_0 = 1.4626e-04
Loss = 1.0006e-01, PNorm = 57.9448, GNorm = 0.0718, lr_0 = 1.8832e-04
Loss = 1.2900e-01, PNorm = 57.9707, GNorm = 0.0341, lr_0 = 2.3037e-04
Loss = 4.9422e-02, PNorm = 57.9771, GNorm = 0.0727, lr_0 = 2.7243e-04
Loss = 7.3597e-02, PNorm = 57.9794, GNorm = 0.2007, lr_0 = 3.1449e-04
Loss = 1.1735e-01, PNorm = 57.9756, GNorm = 0.2440, lr_0 = 3.5654e-04
Loss = 8.5464e-02, PNorm = 58.0206, GNorm = 0.1669, lr_0 = 3.9860e-04
Loss = 7.4267e-02, PNorm = 58.0861, GNorm = 0.1212, lr_0 = 4.4065e-04
Loss = 9.9050e-02, PNorm = 58.1379, GNorm = 0.1502, lr_0 = 4.8271e-04
Loss = 1.1569e-01, PNorm = 58.2379, GNorm = 0.2364, lr_0 = 5.2477e-04
Validation auc = 0.651369
Epoch 1
Loss = 2.9116e-02, PNorm = 58.3833, GNorm = 0.0916, lr_0 = 5.7103e-04
Loss = 4.3697e-02, PNorm = 58.4960, GNorm = 0.1218, lr_0 = 6.1308e-04
Loss = 4.6861e-02, PNorm = 58.6038, GNorm = 0.0713, lr_0 = 6.5514e-04
Loss = 3.8009e-02, PNorm = 58.7284, GNorm = 0.3655, lr_0 = 6.9720e-04
Loss = 5.0937e-02, PNorm = 58.8521, GNorm = 0.1579, lr_0 = 7.3925e-04
Loss = 4.1697e-02, PNorm = 59.0214, GNorm = 0.1464, lr_0 = 7.8131e-04
Loss = 3.8426e-02, PNorm = 59.1982, GNorm = 0.1346, lr_0 = 8.2336e-04
Loss = 1.7364e-02, PNorm = 59.3710, GNorm = 0.0869, lr_0 = 8.6542e-04
Loss = 5.8862e-02, PNorm = 59.5077, GNorm = 0.2104, lr_0 = 9.0748e-04
Loss = 7.0620e-02, PNorm = 59.7540, GNorm = 0.1883, lr_0 = 9.4953e-04
Loss = 6.5647e-02, PNorm = 60.0638, GNorm = 0.1964, lr_0 = 9.9159e-04
Validation auc = 0.674495
Epoch 2
Loss = 2.9804e-02, PNorm = 60.4017, GNorm = 0.0732, lr_0 = 9.9311e-04
Loss = 2.6815e-02, PNorm = 60.6479, GNorm = 0.1630, lr_0 = 9.8550e-04
Loss = 2.2404e-02, PNorm = 60.8645, GNorm = 0.2016, lr_0 = 9.7796e-04
Loss = 4.1675e-02, PNorm = 60.9907, GNorm = 0.0475, lr_0 = 9.7047e-04
Loss = 2.9303e-02, PNorm = 61.1699, GNorm = 0.1885, lr_0 = 9.6304e-04
Loss = 1.4229e-02, PNorm = 61.3345, GNorm = 0.0644, lr_0 = 9.5567e-04
Loss = 2.3934e-02, PNorm = 61.4410, GNorm = 0.0183, lr_0 = 9.4835e-04
Loss = 3.3168e-02, PNorm = 61.5578, GNorm = 0.1260, lr_0 = 9.4109e-04
Loss = 2.3140e-02, PNorm = 61.6865, GNorm = 0.0837, lr_0 = 9.3389e-04
Loss = 2.7501e-02, PNorm = 61.8262, GNorm = 0.0649, lr_0 = 9.2674e-04
Loss = 1.9688e-02, PNorm = 61.9848, GNorm = 0.1579, lr_0 = 9.1964e-04
Validation auc = 0.685136
Epoch 3
Loss = 1.5399e-02, PNorm = 62.1281, GNorm = 0.0630, lr_0 = 9.1190e-04
Loss = 1.6645e-03, PNorm = 62.2154, GNorm = 0.0013, lr_0 = 9.0492e-04
Loss = 5.8792e-03, PNorm = 62.2794, GNorm = 0.0022, lr_0 = 8.9799e-04
Loss = 9.6525e-03, PNorm = 62.3363, GNorm = 0.2403, lr_0 = 8.9111e-04
Loss = 1.0589e-02, PNorm = 62.4103, GNorm = 0.3055, lr_0 = 8.8429e-04
Loss = 1.9277e-02, PNorm = 62.4690, GNorm = 0.0212, lr_0 = 8.7752e-04
Loss = 1.3587e-02, PNorm = 62.5589, GNorm = 0.0678, lr_0 = 8.7080e-04
Loss = 2.1562e-02, PNorm = 62.6405, GNorm = 0.0016, lr_0 = 8.6414e-04
Loss = 2.1421e-02, PNorm = 62.7108, GNorm = 0.0737, lr_0 = 8.5752e-04
Loss = 2.3854e-02, PNorm = 62.7912, GNorm = 0.1496, lr_0 = 8.5095e-04
Validation auc = 0.676352
Epoch 4
Loss = 2.9429e-03, PNorm = 62.8547, GNorm = 0.0417, lr_0 = 8.4444e-04
Loss = 1.0476e-02, PNorm = 62.9184, GNorm = 0.0640, lr_0 = 8.3797e-04
Loss = 1.7323e-02, PNorm = 62.9788, GNorm = 0.1023, lr_0 = 8.3156e-04
Loss = 1.3760e-02, PNorm = 63.0710, GNorm = 0.1085, lr_0 = 8.2519e-04
Loss = 1.4843e-02, PNorm = 63.1552, GNorm = 0.6004, lr_0 = 8.1888e-04
Loss = 4.0742e-03, PNorm = 63.2244, GNorm = 0.0895, lr_0 = 8.1261e-04
Loss = 1.3327e-02, PNorm = 63.2805, GNorm = 0.0149, lr_0 = 8.0638e-04
Loss = 8.2362e-03, PNorm = 63.3390, GNorm = 0.0030, lr_0 = 8.0021e-04
Loss = 4.5018e-03, PNorm = 63.3965, GNorm = 0.0520, lr_0 = 7.9408e-04
Loss = 1.6517e-02, PNorm = 63.4413, GNorm = 0.0369, lr_0 = 7.8800e-04
Loss = 1.6094e-02, PNorm = 63.4979, GNorm = 0.2087, lr_0 = 7.8197e-04
Validation auc = 0.692128
Epoch 5
Loss = 1.5663e-03, PNorm = 63.6013, GNorm = 0.0370, lr_0 = 7.7539e-04
Loss = 2.4485e-03, PNorm = 63.6644, GNorm = 0.0012, lr_0 = 7.6945e-04
Loss = 8.7050e-03, PNorm = 63.7011, GNorm = 0.0462, lr_0 = 7.6356e-04
Loss = 1.1369e-03, PNorm = 63.7373, GNorm = 0.0030, lr_0 = 7.5772e-04
Loss = 5.3510e-03, PNorm = 63.7714, GNorm = 0.0138, lr_0 = 7.5191e-04
Loss = 6.3176e-03, PNorm = 63.7997, GNorm = 0.0007, lr_0 = 7.4616e-04
Loss = 3.5739e-03, PNorm = 63.8266, GNorm = 0.2991, lr_0 = 7.4044e-04
Loss = 2.5854e-03, PNorm = 63.8525, GNorm = 0.0064, lr_0 = 7.3478e-04
Loss = 1.0774e-02, PNorm = 63.8761, GNorm = 0.0001, lr_0 = 7.2915e-04
Loss = 8.4607e-03, PNorm = 63.9196, GNorm = 0.2240, lr_0 = 7.2357e-04
Loss = 5.7539e-03, PNorm = 63.9580, GNorm = 0.0600, lr_0 = 7.1803e-04
Validation auc = 0.681680
Epoch 6
Loss = 7.2903e-03, PNorm = 63.9861, GNorm = 0.0107, lr_0 = 7.1198e-04
Loss = 1.1765e-03, PNorm = 64.0090, GNorm = 0.0154, lr_0 = 7.0653e-04
Loss = 3.3688e-04, PNorm = 64.0258, GNorm = 0.0099, lr_0 = 7.0112e-04
Loss = 2.2996e-03, PNorm = 64.0441, GNorm = 0.0014, lr_0 = 6.9576e-04
Loss = 8.9527e-03, PNorm = 64.0678, GNorm = 0.2316, lr_0 = 6.9043e-04
Loss = 3.9415e-04, PNorm = 64.0847, GNorm = 0.0019, lr_0 = 6.8514e-04
Loss = 1.5647e-03, PNorm = 64.1034, GNorm = 0.0344, lr_0 = 6.7990e-04
Loss = 4.5390e-03, PNorm = 64.1242, GNorm = 0.1799, lr_0 = 6.7469e-04
Loss = 1.0187e-03, PNorm = 64.1395, GNorm = 0.0433, lr_0 = 6.6953e-04
Loss = 9.9395e-03, PNorm = 64.1458, GNorm = 0.0203, lr_0 = 6.6440e-04
Loss = 1.7383e-02, PNorm = 64.1465, GNorm = 0.0000, lr_0 = 6.5931e-04
Validation auc = 0.688866
Epoch 7
Loss = 4.5435e-04, PNorm = 64.1561, GNorm = 0.0024, lr_0 = 6.5427e-04
Loss = 1.2422e-03, PNorm = 64.1691, GNorm = 0.0087, lr_0 = 6.4926e-04
Loss = 5.0899e-03, PNorm = 64.1822, GNorm = 0.0039, lr_0 = 6.4429e-04
Loss = 2.1056e-03, PNorm = 64.1980, GNorm = 0.0014, lr_0 = 6.3935e-04
Loss = 1.7630e-03, PNorm = 64.2175, GNorm = 0.2074, lr_0 = 6.3446e-04
Loss = 1.0660e-02, PNorm = 64.2423, GNorm = 0.3276, lr_0 = 6.2960e-04
Loss = 2.6303e-03, PNorm = 64.2654, GNorm = 0.0079, lr_0 = 6.2478e-04
Loss = 5.1245e-03, PNorm = 64.2799, GNorm = 0.0655, lr_0 = 6.2000e-04
Loss = 3.4075e-03, PNorm = 64.2976, GNorm = 0.0113, lr_0 = 6.1525e-04
Loss = 2.1711e-03, PNorm = 64.3121, GNorm = 0.0083, lr_0 = 6.1054e-04
Validation auc = 0.696121
Epoch 8
Loss = 3.0090e-04, PNorm = 64.3227, GNorm = 0.0062, lr_0 = 6.0540e-04
Loss = 1.6024e-03, PNorm = 64.3329, GNorm = 0.0682, lr_0 = 6.0077e-04
Loss = 7.3484e-04, PNorm = 64.3451, GNorm = 0.0120, lr_0 = 5.9617e-04
Loss = 1.0411e-03, PNorm = 64.3547, GNorm = 0.0022, lr_0 = 5.9160e-04
Loss = 1.0774e-03, PNorm = 64.3633, GNorm = 0.0001, lr_0 = 5.8707e-04
Loss = 2.3190e-03, PNorm = 64.3690, GNorm = 0.0908, lr_0 = 5.8258e-04
Loss = 4.6246e-04, PNorm = 64.3760, GNorm = 0.0941, lr_0 = 5.7812e-04
Loss = 1.7696e-03, PNorm = 64.3798, GNorm = 0.0022, lr_0 = 5.7369e-04
Loss = 1.3591e-03, PNorm = 64.3862, GNorm = 0.0964, lr_0 = 5.6930e-04
Loss = 4.2823e-04, PNorm = 64.3954, GNorm = 0.0023, lr_0 = 5.6494e-04
Loss = 9.0667e-04, PNorm = 64.4034, GNorm = 0.1079, lr_0 = 5.6062e-04
Validation auc = 0.691091
Epoch 9
Loss = 1.6255e-04, PNorm = 64.3962, GNorm = 0.0022, lr_0 = 5.5590e-04
Loss = 1.0404e-03, PNorm = 64.3990, GNorm = 0.0001, lr_0 = 5.5164e-04
Loss = 5.2128e-04, PNorm = 64.4029, GNorm = 0.0310, lr_0 = 5.4742e-04
Loss = 2.8751e-04, PNorm = 64.4073, GNorm = 0.0001, lr_0 = 5.4323e-04
Loss = 8.6643e-04, PNorm = 64.4126, GNorm = 0.0001, lr_0 = 5.3907e-04
Loss = 7.7663e-04, PNorm = 64.4192, GNorm = 0.0041, lr_0 = 5.3494e-04
Loss = 3.4561e-03, PNorm = 64.4274, GNorm = 0.1038, lr_0 = 5.3084e-04
Loss = 2.2883e-04, PNorm = 64.4367, GNorm = 0.0006, lr_0 = 5.2678e-04
Loss = 5.5433e-03, PNorm = 64.4428, GNorm = 0.0001, lr_0 = 5.2275e-04
Loss = 2.3391e-03, PNorm = 64.4445, GNorm = 0.0012, lr_0 = 5.1874e-04
Loss = 5.9132e-03, PNorm = 64.4470, GNorm = 0.0081, lr_0 = 5.1477e-04
Validation auc = 0.693033
Epoch 10
Loss = 1.4863e-04, PNorm = 64.4496, GNorm = 0.0266, lr_0 = 5.1083e-04
Loss = 1.9995e-04, PNorm = 64.4545, GNorm = 0.0002, lr_0 = 5.0692e-04
Loss = 3.1824e-03, PNorm = 64.4587, GNorm = 0.0022, lr_0 = 5.0304e-04
Loss = 2.3171e-03, PNorm = 64.4685, GNorm = 0.0019, lr_0 = 4.9919e-04
Loss = 1.3511e-03, PNorm = 64.4760, GNorm = 0.0003, lr_0 = 4.9537e-04
Loss = 4.9406e-04, PNorm = 64.4821, GNorm = 0.0001, lr_0 = 4.9157e-04
Loss = 6.8205e-04, PNorm = 64.4877, GNorm = 0.0018, lr_0 = 4.8781e-04
Loss = 6.9399e-04, PNorm = 64.4958, GNorm = 0.0037, lr_0 = 4.8408e-04
Loss = 1.1457e-03, PNorm = 64.5032, GNorm = 0.0481, lr_0 = 4.8037e-04
Loss = 7.1335e-04, PNorm = 64.5087, GNorm = 0.0000, lr_0 = 4.7669e-04
Loss = 1.8357e-03, PNorm = 64.5140, GNorm = 0.0001, lr_0 = 4.7304e-04
Loss = 4.2615e-06, PNorm = 64.5144, GNorm = 0.0002, lr_0 = 4.7268e-04
Validation auc = 0.692683
Epoch 11
Loss = 1.6781e-03, PNorm = 64.5199, GNorm = 0.0231, lr_0 = 4.6906e-04
Loss = 9.3248e-04, PNorm = 64.5248, GNorm = 0.0001, lr_0 = 4.6547e-04
Loss = 6.3756e-04, PNorm = 64.5276, GNorm = 0.0024, lr_0 = 4.6191e-04
Loss = 1.3982e-05, PNorm = 64.5297, GNorm = 0.0001, lr_0 = 4.5837e-04
Loss = 4.1589e-05, PNorm = 64.5310, GNorm = 0.0003, lr_0 = 4.5486e-04
Loss = 3.2233e-04, PNorm = 64.5334, GNorm = 0.0021, lr_0 = 4.5138e-04
Loss = 2.2472e-03, PNorm = 64.5368, GNorm = 0.0000, lr_0 = 4.4792e-04
Loss = 1.1581e-03, PNorm = 64.5405, GNorm = 0.0880, lr_0 = 4.4449e-04
Loss = 7.0547e-04, PNorm = 64.5471, GNorm = 0.0000, lr_0 = 4.4109e-04
Loss = 3.7542e-04, PNorm = 64.5518, GNorm = 0.0006, lr_0 = 4.3771e-04
Validation auc = 0.691366
Epoch 12
Loss = 1.9348e-04, PNorm = 64.5544, GNorm = 0.0005, lr_0 = 4.3403e-04
Loss = 1.7068e-03, PNorm = 64.5587, GNorm = 0.0000, lr_0 = 4.3070e-04
Loss = 9.9062e-04, PNorm = 64.5628, GNorm = 0.0574, lr_0 = 4.2741e-04
Loss = 8.3807e-05, PNorm = 64.5653, GNorm = 0.0000, lr_0 = 4.2413e-04
Loss = 3.4619e-05, PNorm = 64.5669, GNorm = 0.0000, lr_0 = 4.2089e-04
Loss = 3.6388e-03, PNorm = 64.5676, GNorm = 0.0002, lr_0 = 4.1766e-04
Loss = 2.6112e-04, PNorm = 64.5685, GNorm = 0.0005, lr_0 = 4.1447e-04
Loss = 8.5398e-04, PNorm = 64.5712, GNorm = 0.0005, lr_0 = 4.1129e-04
Loss = 5.7935e-04, PNorm = 64.5745, GNorm = 0.1481, lr_0 = 4.0814e-04
Loss = 9.0060e-04, PNorm = 64.5768, GNorm = 0.0037, lr_0 = 4.0502e-04
Loss = 5.4488e-04, PNorm = 64.5805, GNorm = 0.0201, lr_0 = 4.0192e-04
Validation auc = 0.693147
Epoch 13
Loss = 2.0827e-04, PNorm = 64.5823, GNorm = 0.0024, lr_0 = 3.9884e-04
Loss = 1.8065e-03, PNorm = 64.5842, GNorm = 0.1247, lr_0 = 3.9579e-04
Loss = 3.8179e-05, PNorm = 64.5860, GNorm = 0.0081, lr_0 = 3.9276e-04
Loss = 7.9848e-04, PNorm = 64.5889, GNorm = 0.0001, lr_0 = 3.8975e-04
Loss = 1.0094e-03, PNorm = 64.5913, GNorm = 0.0771, lr_0 = 3.8677e-04
Loss = 1.8644e-04, PNorm = 64.5962, GNorm = 0.0020, lr_0 = 3.8381e-04
Loss = 7.9606e-04, PNorm = 64.6005, GNorm = 0.0000, lr_0 = 3.8087e-04
Loss = 1.3410e-04, PNorm = 64.6047, GNorm = 0.0009, lr_0 = 3.7795e-04
Loss = 1.7501e-03, PNorm = 64.6085, GNorm = 0.0006, lr_0 = 3.7506e-04
Loss = 3.7692e-05, PNorm = 64.6116, GNorm = 0.0000, lr_0 = 3.7219e-04
Loss = 1.8359e-03, PNorm = 64.6148, GNorm = 0.1106, lr_0 = 3.6934e-04
Validation auc = 0.692745
Epoch 14
Loss = 1.4360e-04, PNorm = 64.6207, GNorm = 0.0028, lr_0 = 3.6623e-04
Loss = 1.7851e-03, PNorm = 64.6232, GNorm = 0.0000, lr_0 = 3.6342e-04
Loss = 4.3227e-05, PNorm = 64.6256, GNorm = 0.0059, lr_0 = 3.6064e-04
Loss = 1.1448e-04, PNorm = 64.6283, GNorm = 0.0025, lr_0 = 3.5788e-04
Loss = 3.0514e-03, PNorm = 64.6305, GNorm = 0.1386, lr_0 = 3.5514e-04
Loss = 7.2112e-04, PNorm = 64.6356, GNorm = 0.0001, lr_0 = 3.5242e-04
Loss = 2.5796e-05, PNorm = 64.6386, GNorm = 0.0004, lr_0 = 3.4972e-04
Loss = 3.9760e-03, PNorm = 64.6387, GNorm = 0.0000, lr_0 = 3.4705e-04
Loss = 3.7558e-03, PNorm = 64.6427, GNorm = 0.0000, lr_0 = 3.4439e-04
Loss = 1.2638e-03, PNorm = 64.6477, GNorm = 0.0032, lr_0 = 3.4175e-04
Validation auc = 0.691739
Epoch 15
Loss = 6.2229e-06, PNorm = 64.6507, GNorm = 0.0001, lr_0 = 3.3888e-04
Loss = 1.0800e-03, PNorm = 64.6520, GNorm = 0.0640, lr_0 = 3.3628e-04
Loss = 2.7202e-03, PNorm = 64.6524, GNorm = 0.0000, lr_0 = 3.3371e-04
Loss = 1.1761e-03, PNorm = 64.6535, GNorm = 0.0000, lr_0 = 3.3115e-04
Loss = 9.3292e-04, PNorm = 64.6546, GNorm = 0.0009, lr_0 = 3.2862e-04
Loss = 9.6613e-03, PNorm = 64.6517, GNorm = 0.0003, lr_0 = 3.2610e-04
Loss = 1.4651e-04, PNorm = 64.6510, GNorm = 0.0000, lr_0 = 3.2360e-04
Loss = 1.4383e-04, PNorm = 64.6533, GNorm = 0.0088, lr_0 = 3.2113e-04
Loss = 5.8743e-04, PNorm = 64.6567, GNorm = 0.0000, lr_0 = 3.1867e-04
Loss = 1.2895e-04, PNorm = 64.6598, GNorm = 0.0001, lr_0 = 3.1623e-04
Loss = 2.4709e-06, PNorm = 64.6624, GNorm = 0.0001, lr_0 = 3.1381e-04
Validation auc = 0.691905
Epoch 16
Loss = 5.4199e-04, PNorm = 64.6649, GNorm = 0.0001, lr_0 = 3.1140e-04
Loss = 3.4364e-05, PNorm = 64.6672, GNorm = 0.0001, lr_0 = 3.0902e-04
Loss = 6.8855e-05, PNorm = 64.6690, GNorm = 0.0004, lr_0 = 3.0665e-04
Loss = 8.6773e-04, PNorm = 64.6705, GNorm = 0.0026, lr_0 = 3.0431e-04
Loss = 3.0915e-05, PNorm = 64.6721, GNorm = 0.0004, lr_0 = 3.0198e-04
Loss = 1.0424e-03, PNorm = 64.6736, GNorm = 0.0000, lr_0 = 2.9966e-04
Loss = 1.2284e-04, PNorm = 64.6759, GNorm = 0.0000, lr_0 = 2.9737e-04
Loss = 1.9261e-03, PNorm = 64.6802, GNorm = 0.0022, lr_0 = 2.9509e-04
Loss = 5.1793e-05, PNorm = 64.6836, GNorm = 0.0000, lr_0 = 2.9283e-04
Loss = 8.9149e-04, PNorm = 64.6850, GNorm = 0.0004, lr_0 = 2.9059e-04
Loss = 1.7053e-03, PNorm = 64.6874, GNorm = 0.0000, lr_0 = 2.8837e-04
Validation auc = 0.687282
Epoch 17
Loss = 1.3882e-03, PNorm = 64.6904, GNorm = 0.0037, lr_0 = 2.8594e-04
Loss = 1.0222e-03, PNorm = 64.6927, GNorm = 0.0222, lr_0 = 2.8375e-04
Loss = 4.9537e-05, PNorm = 64.6946, GNorm = 0.0000, lr_0 = 2.8158e-04
Loss = 8.6698e-05, PNorm = 64.6961, GNorm = 0.0083, lr_0 = 2.7942e-04
Loss = 4.3692e-05, PNorm = 64.6975, GNorm = 0.0010, lr_0 = 2.7728e-04
Loss = 1.1136e-05, PNorm = 64.6983, GNorm = 0.0001, lr_0 = 2.7516e-04
Loss = 1.0736e-04, PNorm = 64.6994, GNorm = 0.0026, lr_0 = 2.7305e-04
Loss = 6.0824e-05, PNorm = 64.7007, GNorm = 0.0001, lr_0 = 2.7096e-04
Loss = 1.1104e-03, PNorm = 64.7013, GNorm = 0.0015, lr_0 = 2.6889e-04
Loss = 1.1549e-03, PNorm = 64.7023, GNorm = 0.0000, lr_0 = 2.6683e-04
Loss = 3.0996e-03, PNorm = 64.7029, GNorm = 0.1184, lr_0 = 2.6479e-04
Validation auc = 0.687365
Epoch 18
Loss = 5.8303e-04, PNorm = 64.7032, GNorm = 0.0004, lr_0 = 2.6256e-04
Loss = 2.2925e-04, PNorm = 64.7042, GNorm = 0.0001, lr_0 = 2.6055e-04
Loss = 2.3559e-03, PNorm = 64.7056, GNorm = 0.0002, lr_0 = 2.5855e-04
Loss = 4.0728e-05, PNorm = 64.7066, GNorm = 0.0001, lr_0 = 2.5657e-04
Loss = 7.3477e-04, PNorm = 64.7078, GNorm = 0.0000, lr_0 = 2.5461e-04
Loss = 9.7093e-06, PNorm = 64.7086, GNorm = 0.0001, lr_0 = 2.5266e-04
Loss = 9.8179e-05, PNorm = 64.7095, GNorm = 0.0013, lr_0 = 2.5073e-04
Loss = 2.7569e-05, PNorm = 64.7103, GNorm = 0.0000, lr_0 = 2.4881e-04
Loss = 1.3105e-03, PNorm = 64.7110, GNorm = 0.0001, lr_0 = 2.4690e-04
Loss = 2.2170e-03, PNorm = 64.7125, GNorm = 0.0132, lr_0 = 2.4501e-04
Validation auc = 0.686421
Epoch 19
Loss = 8.5509e-06, PNorm = 64.7139, GNorm = 0.0005, lr_0 = 2.4314e-04
Loss = 8.3935e-06, PNorm = 64.7145, GNorm = 0.0000, lr_0 = 2.4127e-04
Loss = 1.9224e-03, PNorm = 64.7151, GNorm = 0.0000, lr_0 = 2.3943e-04
Loss = 4.1244e-05, PNorm = 64.7161, GNorm = 0.0016, lr_0 = 2.3759e-04
Loss = 6.8898e-04, PNorm = 64.7171, GNorm = 0.0036, lr_0 = 2.3577e-04
Loss = 2.5461e-05, PNorm = 64.7181, GNorm = 0.0015, lr_0 = 2.3397e-04
Loss = 1.5352e-04, PNorm = 64.7192, GNorm = 0.0000, lr_0 = 2.3218e-04
Loss = 4.2323e-05, PNorm = 64.7207, GNorm = 0.0002, lr_0 = 2.3040e-04
Loss = 1.7065e-03, PNorm = 64.7212, GNorm = 0.0001, lr_0 = 2.2864e-04
Loss = 2.5925e-04, PNorm = 64.7225, GNorm = 0.0001, lr_0 = 2.2689e-04
Loss = 3.2770e-06, PNorm = 64.7236, GNorm = 0.0000, lr_0 = 2.2515e-04
Validation auc = 0.687090
Epoch 20
Loss = 5.7686e-06, PNorm = 64.7238, GNorm = 0.0001, lr_0 = 2.2325e-04
Loss = 1.7234e-03, PNorm = 64.7240, GNorm = 0.0000, lr_0 = 2.2154e-04
Loss = 5.9529e-06, PNorm = 64.7243, GNorm = 0.0001, lr_0 = 2.1985e-04
Loss = 7.7586e-04, PNorm = 64.7249, GNorm = 0.0002, lr_0 = 2.1816e-04
Loss = 2.3189e-05, PNorm = 64.7257, GNorm = 0.0003, lr_0 = 2.1649e-04
Loss = 9.2065e-04, PNorm = 64.7267, GNorm = 0.0005, lr_0 = 2.1484e-04
Loss = 1.2502e-05, PNorm = 64.7273, GNorm = 0.0000, lr_0 = 2.1319e-04
Loss = 4.0973e-04, PNorm = 64.7286, GNorm = 0.0000, lr_0 = 2.1156e-04
Loss = 1.4143e-05, PNorm = 64.7297, GNorm = 0.0001, lr_0 = 2.0994e-04
Loss = 2.6527e-03, PNorm = 64.7303, GNorm = 0.0000, lr_0 = 2.0833e-04
Loss = 6.9546e-06, PNorm = 64.7304, GNorm = 0.0005, lr_0 = 2.0674e-04
Validation auc = 0.687425
Epoch 21
Loss = 3.6466e-05, PNorm = 64.7309, GNorm = 0.0000, lr_0 = 2.0500e-04
Loss = 7.3890e-05, PNorm = 64.7318, GNorm = 0.0001, lr_0 = 2.0343e-04
Loss = 3.7047e-03, PNorm = 64.7321, GNorm = 0.0002, lr_0 = 2.0187e-04
Loss = 5.0516e-05, PNorm = 64.7325, GNorm = 0.0062, lr_0 = 2.0033e-04
Loss = 2.5781e-05, PNorm = 64.7332, GNorm = 0.0000, lr_0 = 1.9879e-04
Loss = 8.3494e-04, PNorm = 64.7338, GNorm = 0.0000, lr_0 = 1.9727e-04
Loss = 1.0364e-03, PNorm = 64.7344, GNorm = 0.0149, lr_0 = 1.9576e-04
Loss = 2.9403e-05, PNorm = 64.7354, GNorm = 0.0001, lr_0 = 1.9426e-04
Loss = 9.1456e-05, PNorm = 64.7363, GNorm = 0.0000, lr_0 = 1.9277e-04
Loss = 7.5804e-06, PNorm = 64.7369, GNorm = 0.0002, lr_0 = 1.9130e-04
Loss = 8.0142e-05, PNorm = 64.7375, GNorm = 0.0051, lr_0 = 1.8983e-04
Validation auc = 0.686932
Epoch 22
Loss = 7.6047e-05, PNorm = 64.7381, GNorm = 0.0008, lr_0 = 1.8838e-04
Loss = 1.2521e-05, PNorm = 64.7388, GNorm = 0.0001, lr_0 = 1.8694e-04
Loss = 4.6343e-05, PNorm = 64.7392, GNorm = 0.0000, lr_0 = 1.8551e-04
Loss = 8.5511e-06, PNorm = 64.7395, GNorm = 0.0012, lr_0 = 1.8409e-04
Loss = 8.1472e-04, PNorm = 64.7398, GNorm = 0.0462, lr_0 = 1.8268e-04
Loss = 4.4969e-06, PNorm = 64.7402, GNorm = 0.0000, lr_0 = 1.8128e-04
Loss = 9.1614e-05, PNorm = 64.7407, GNorm = 0.0023, lr_0 = 1.7989e-04
Loss = 4.6821e-04, PNorm = 64.7412, GNorm = 0.0406, lr_0 = 1.7851e-04
Loss = 3.4769e-03, PNorm = 64.7416, GNorm = 0.0000, lr_0 = 1.7715e-04
Loss = 6.5945e-04, PNorm = 64.7417, GNorm = 0.0000, lr_0 = 1.7579e-04
Validation auc = 0.686987
Epoch 23
Loss = 4.9649e-03, PNorm = 64.7422, GNorm = 0.0485, lr_0 = 1.7431e-04
Loss = 2.5407e-03, PNorm = 64.7431, GNorm = 0.0002, lr_0 = 1.7298e-04
Loss = 9.0241e-04, PNorm = 64.7437, GNorm = 0.0000, lr_0 = 1.7165e-04
Loss = 1.0723e-03, PNorm = 64.7441, GNorm = 0.0052, lr_0 = 1.7034e-04
Loss = 3.0503e-05, PNorm = 64.7445, GNorm = 0.0000, lr_0 = 1.6903e-04
Loss = 4.4061e-05, PNorm = 64.7450, GNorm = 0.0001, lr_0 = 1.6774e-04
Loss = 1.2071e-04, PNorm = 64.7455, GNorm = 0.0000, lr_0 = 1.6645e-04
Loss = 1.8858e-05, PNorm = 64.7459, GNorm = 0.0002, lr_0 = 1.6518e-04
Loss = 2.8794e-05, PNorm = 64.7464, GNorm = 0.0015, lr_0 = 1.6392e-04
Loss = 7.2621e-05, PNorm = 64.7471, GNorm = 0.0000, lr_0 = 1.6266e-04
Loss = 4.6240e-05, PNorm = 64.7477, GNorm = 0.0000, lr_0 = 1.6142e-04
Validation auc = 0.687083
Epoch 24
Loss = 4.4664e-03, PNorm = 64.7481, GNorm = 0.0022, lr_0 = 1.6006e-04
Loss = 7.7003e-04, PNorm = 64.7487, GNorm = 0.0000, lr_0 = 1.5883e-04
Loss = 6.9789e-05, PNorm = 64.7492, GNorm = 0.0000, lr_0 = 1.5761e-04
Loss = 9.4953e-04, PNorm = 64.7497, GNorm = 0.0002, lr_0 = 1.5641e-04
Loss = 1.4972e-05, PNorm = 64.7502, GNorm = 0.0003, lr_0 = 1.5521e-04
Loss = 1.3563e-05, PNorm = 64.7505, GNorm = 0.0001, lr_0 = 1.5402e-04
Loss = 9.4000e-04, PNorm = 64.7508, GNorm = 0.0001, lr_0 = 1.5284e-04
Loss = 4.3627e-06, PNorm = 64.7511, GNorm = 0.0001, lr_0 = 1.5167e-04
Loss = 2.0490e-04, PNorm = 64.7516, GNorm = 0.0011, lr_0 = 1.5051e-04
Loss = 1.1717e-03, PNorm = 64.7521, GNorm = 0.0005, lr_0 = 1.4936e-04
Loss = 1.1008e-05, PNorm = 64.7526, GNorm = 0.0017, lr_0 = 1.4822e-04
Validation auc = 0.686017
Epoch 25
Loss = 7.9076e-04, PNorm = 64.7532, GNorm = 0.0000, lr_0 = 1.4708e-04
Loss = 1.2841e-03, PNorm = 64.7534, GNorm = 0.0003, lr_0 = 1.4595e-04
Loss = 2.2430e-05, PNorm = 64.7538, GNorm = 0.0000, lr_0 = 1.4484e-04
Loss = 6.5596e-04, PNorm = 64.7544, GNorm = 0.0001, lr_0 = 1.4373e-04
Loss = 1.9503e-05, PNorm = 64.7549, GNorm = 0.0000, lr_0 = 1.4263e-04
Loss = 5.9652e-06, PNorm = 64.7553, GNorm = 0.0001, lr_0 = 1.4154e-04
Loss = 1.0540e-04, PNorm = 64.7559, GNorm = 0.0245, lr_0 = 1.4045e-04
Loss = 2.2343e-05, PNorm = 64.7568, GNorm = 0.0001, lr_0 = 1.3938e-04
Loss = 1.9671e-05, PNorm = 64.7575, GNorm = 0.0007, lr_0 = 1.3831e-04
Loss = 1.0802e-03, PNorm = 64.7578, GNorm = 0.0402, lr_0 = 1.3725e-04
Loss = 2.9667e-03, PNorm = 64.7581, GNorm = 0.0000, lr_0 = 1.3620e-04
Loss = 0.0000e+00, PNorm = 64.7581, GNorm = 0.0000, lr_0 = 1.3610e-04
Validation auc = 0.686071
Epoch 26
Loss = 7.9308e-04, PNorm = 64.7584, GNorm = 0.0000, lr_0 = 1.3505e-04
Loss = 3.5761e-06, PNorm = 64.7586, GNorm = 0.0003, lr_0 = 1.3402e-04
Loss = 1.4908e-05, PNorm = 64.7589, GNorm = 0.0000, lr_0 = 1.3299e-04
Loss = 6.4146e-06, PNorm = 64.7591, GNorm = 0.0016, lr_0 = 1.3198e-04
Loss = 6.9832e-05, PNorm = 64.7594, GNorm = 0.0001, lr_0 = 1.3097e-04
Loss = 6.1071e-05, PNorm = 64.7599, GNorm = 0.0001, lr_0 = 1.2996e-04
Loss = 4.0022e-05, PNorm = 64.7605, GNorm = 0.0000, lr_0 = 1.2897e-04
Loss = 3.6775e-03, PNorm = 64.7608, GNorm = 0.0006, lr_0 = 1.2798e-04
Loss = 1.0521e-05, PNorm = 64.7611, GNorm = 0.0000, lr_0 = 1.2700e-04
Loss = 8.8778e-04, PNorm = 64.7614, GNorm = 0.0001, lr_0 = 1.2603e-04
Validation auc = 0.685921
Epoch 27
Loss = 8.1627e-05, PNorm = 64.7617, GNorm = 0.0026, lr_0 = 1.2497e-04
Loss = 4.2476e-05, PNorm = 64.7623, GNorm = 0.0000, lr_0 = 1.2401e-04
Loss = 2.1100e-03, PNorm = 64.7624, GNorm = 0.0002, lr_0 = 1.2306e-04
Loss = 5.8577e-06, PNorm = 64.7624, GNorm = 0.0000, lr_0 = 1.2212e-04
Loss = 8.9611e-04, PNorm = 64.7629, GNorm = 0.0010, lr_0 = 1.2118e-04
Loss = 3.5283e-05, PNorm = 64.7636, GNorm = 0.0001, lr_0 = 1.2026e-04
Loss = 4.0011e-06, PNorm = 64.7641, GNorm = 0.0001, lr_0 = 1.1934e-04
Loss = 9.6509e-04, PNorm = 64.7644, GNorm = 0.0000, lr_0 = 1.1842e-04
Loss = 4.3091e-03, PNorm = 64.7654, GNorm = 0.0001, lr_0 = 1.1752e-04
Loss = 5.4893e-04, PNorm = 64.7663, GNorm = 0.0001, lr_0 = 1.1662e-04
Loss = 8.1837e-04, PNorm = 64.7693, GNorm = 0.0029, lr_0 = 1.1572e-04
Validation auc = 0.684840
Epoch 28
Loss = 9.0168e-05, PNorm = 64.7713, GNorm = 0.0027, lr_0 = 1.1475e-04
Loss = 1.1652e-03, PNorm = 64.7722, GNorm = 0.0000, lr_0 = 1.1387e-04
Loss = 4.8171e-03, PNorm = 64.7729, GNorm = 0.6684, lr_0 = 1.1300e-04
Loss = 4.0817e-06, PNorm = 64.7740, GNorm = 0.0000, lr_0 = 1.1213e-04
Loss = 8.4075e-04, PNorm = 64.7751, GNorm = 0.0007, lr_0 = 1.1127e-04
Loss = 8.6898e-06, PNorm = 64.7760, GNorm = 0.0006, lr_0 = 1.1042e-04
Loss = 2.3579e-05, PNorm = 64.7765, GNorm = 0.0000, lr_0 = 1.0958e-04
Loss = 1.5804e-03, PNorm = 64.7763, GNorm = 0.0057, lr_0 = 1.0874e-04
Loss = 9.5805e-05, PNorm = 64.7766, GNorm = 0.0045, lr_0 = 1.0791e-04
Loss = 5.6697e-05, PNorm = 64.7770, GNorm = 0.0008, lr_0 = 1.0708e-04
Loss = 2.2803e-03, PNorm = 64.7770, GNorm = 0.0000, lr_0 = 1.0626e-04
Validation auc = 0.684635
Epoch 29
Loss = 6.5503e-06, PNorm = 64.7771, GNorm = 0.0000, lr_0 = 1.0545e-04
Loss = 3.0938e-05, PNorm = 64.7773, GNorm = 0.0000, lr_0 = 1.0464e-04
Loss = 4.8872e-05, PNorm = 64.7775, GNorm = 0.0002, lr_0 = 1.0384e-04
Loss = 1.1281e-04, PNorm = 64.7779, GNorm = 0.0039, lr_0 = 1.0304e-04
Loss = 5.5403e-04, PNorm = 64.7784, GNorm = 0.0449, lr_0 = 1.0225e-04
Loss = 9.5459e-06, PNorm = 64.7789, GNorm = 0.0000, lr_0 = 1.0147e-04
Loss = 8.4582e-04, PNorm = 64.7791, GNorm = 0.0006, lr_0 = 1.0069e-04
Loss = 4.0941e-06, PNorm = 64.7793, GNorm = 0.0000, lr_0 = 1.0000e-04
Loss = 1.7502e-03, PNorm = 64.7798, GNorm = 0.0100, lr_0 = 1.0000e-04
Loss = 8.9439e-06, PNorm = 64.7803, GNorm = 0.0000, lr_0 = 1.0000e-04
Validation auc = 0.684731
Model 0 best validation auc = 0.696121 on epoch 7
Loading pretrained parameter "ffn.1.weight".
Loading pretrained parameter "ffn.1.bias".
Loading pretrained parameter "ffn.4.weight".
Loading pretrained parameter "ffn.4.bias".
Loading pretrained parameter "ffn.7.weight".
Loading pretrained parameter "ffn.7.bias".
Loading pretrained parameter "ffn.10.weight".
Loading pretrained parameter "ffn.10.bias".
Model 0 test auc = 0.740085
Ensemble test auc = 0.740085
3-fold cross validation
	Seed 0 ==> test auc = 0.555259
	Seed 1 ==> test auc = 0.703136
	Seed 2 ==> test auc = 0.740085
Overall test auc = 0.666160 +/- 0.079857
Elapsed time = 0:13:10
