Command line
python /home/jackievaleri8/.conda/envs/chemprop/bin/chemprop_train --init_lr 0.0001 --dropout 0.25 --hidden_size 1000 --ffn_num_layers 2 --depth 5 --save_dir round3finalval08162021_models/113 --data_path round3finalval08162021_TRAIN.csv --dataset_type classification --features_path round3finalval08162021_TRAINFTS.npz --no_features_scaling --num_folds 3 --ensemble_size 1 --split_type scaffold_balanced --split_sizes 0.8 0.1 0.1 --smiles_columns SMILES --ignore_columns Name --gpu 0
Args
{'activation': 'ReLU',
 'aggregation': 'mean',
 'aggregation_norm': 100,
 'atom_descriptor_scaling': True,
 'atom_descriptors': None,
 'atom_descriptors_path': None,
 'atom_descriptors_size': 0,
 'atom_features_size': 0,
 'atom_messages': False,
 'batch_size': 50,
 'bias': False,
 'bond_feature_scaling': True,
 'bond_features_path': None,
 'bond_features_size': 0,
 'cache_cutoff': 10000,
 'checkpoint_dir': None,
 'checkpoint_path': None,
 'checkpoint_paths': None,
 'class_balance': False,
 'config_path': None,
 'crossval_index_dir': None,
 'crossval_index_file': None,
 'crossval_index_sets': None,
 'cuda': True,
 'data_path': 'round3finalval08162021_TRAIN.csv',
 'dataset_type': 'classification',
 'depth': 5,
 'device': device(type='cuda', index=0),
 'dropout': 0.25,
 'empty_cache': False,
 'ensemble_size': 1,
 'epochs': 30,
 'explicit_h': False,
 'extra_metrics': [],
 'features_generator': None,
 'features_only': False,
 'features_path': ['round3finalval08162021_TRAINFTS.npz'],
 'features_scaling': False,
 'features_size': None,
 'ffn_hidden_size': 1000,
 'ffn_num_layers': 2,
 'final_lr': 0.0001,
 'folds_file': None,
 'gpu': 0,
 'grad_clip': None,
 'hidden_size': 1000,
 'ignore_columns': ['Name'],
 'init_lr': 0.0001,
 'log_frequency': 10,
 'max_data_size': None,
 'max_lr': 0.001,
 'metric': 'auc',
 'metrics': ['auc'],
 'minimize_score': False,
 'mpn_shared': False,
 'multiclass_num_classes': 3,
 'no_atom_descriptor_scaling': False,
 'no_bond_features_scaling': False,
 'no_cache_mol': False,
 'no_cuda': False,
 'no_features_scaling': True,
 'num_folds': 3,
 'num_lrs': 1,
 'num_tasks': 2,
 'num_workers': 8,
 'number_of_molecules': 1,
 'overwrite_default_atom_features': False,
 'overwrite_default_bond_features': False,
 'pytorch_seed': 0,
 'quiet': False,
 'reaction': False,
 'reaction_mode': 'reac_diff',
 'resume_experiment': False,
 'save_dir': 'round3finalval08162021_models/113',
 'save_preds': False,
 'save_smiles_splits': False,
 'seed': 0,
 'separate_test_atom_descriptors_path': None,
 'separate_test_bond_features_path': None,
 'separate_test_features_path': None,
 'separate_test_path': None,
 'separate_val_atom_descriptors_path': None,
 'separate_val_bond_features_path': None,
 'separate_val_features_path': None,
 'separate_val_path': None,
 'show_individual_scores': False,
 'smiles_columns': ['SMILES'],
 'split_sizes': (0.8, 0.1, 0.1),
 'split_type': 'scaffold_balanced',
 'target_columns': None,
 'task_names': ['hit_inh', 'hit_kill'],
 'test': False,
 'test_fold_index': None,
 'train_data_size': None,
 'undirected': False,
 'use_input_features': True,
 'val_fold_index': None,
 'warmup_epochs': 2.0}
Loading data
Warning: 23 SMILES are invalid.
Number of tasks = 2
Fold 0
Splitting data with seed 0
Total scaffolds = 3,467 | train scaffolds = 2,650 | val scaffolds = 433 | test scaffolds = 384
Label averages per scaffold, in decreasing order of scaffold frequency,capped at 10 scaffolds and 20 labels:
Scaffold 0
Task 0: count = 381 | target average = 0.018373
Task 1: count = 381 | target average = 0.013123


Scaffold 1
Task 0: count = 305 | target average = 0.009836
Task 1: count = 305 | target average = 0.016393


Scaffold 2
Task 0: count = 36 | target average = 0.000000
Task 1: count = 36 | target average = 0.000000


Scaffold 3
Task 0: count = 29 | target average = 0.000000
Task 1: count = 29 | target average = 0.000000


Scaffold 4
Task 0: count = 26 | target average = 0.000000
Task 1: count = 26 | target average = 0.000000


Scaffold 5
Task 0: count = 23 | target average = 0.000000
Task 1: count = 23 | target average = 0.000000


Scaffold 6
Task 0: count = 22 | target average = 0.090909
Task 1: count = 22 | target average = 0.090909


Scaffold 7
Task 0: count = 20 | target average = 0.000000
Task 1: count = 20 | target average = 0.000000


Scaffold 8
Task 0: count = 20 | target average = 0.000000
Task 1: count = 20 | target average = 0.000000


Scaffold 9
Task 0: count = 20 | target average = 0.050000
Task 1: count = 20 | target average = 0.000000


Class sizes
hit_inh 0: 97.83%, 1: 2.17%
hit_kill 0: 98.64%, 1: 1.36%
Total size = 5,353 | train size = 4,282 | val size = 535 | test size = 536
Building model 0
MoleculeModel(
  (sigmoid): Sigmoid()
  (encoder): MPN(
    (encoder): ModuleList(
      (0): MPNEncoder(
        (dropout_layer): Dropout(p=0.25, inplace=False)
        (act_func): ReLU()
        (W_i): Linear(in_features=147, out_features=1000, bias=False)
        (W_h): Linear(in_features=1000, out_features=1000, bias=False)
        (W_o): Linear(in_features=1133, out_features=1000, bias=True)
      )
    )
  )
  (ffn): Sequential(
    (0): Dropout(p=0.25, inplace=False)
    (1): Linear(in_features=1200, out_features=1000, bias=True)
    (2): ReLU()
    (3): Dropout(p=0.25, inplace=False)
    (4): Linear(in_features=1000, out_features=2, bias=True)
  )
)
Number of parameters = 3,484,002
Moving model to cuda
Epoch 0
Loss = 2.8587e-01, PNorm = 58.4658, GNorm = 2.3350, lr_0 = 1.5824e-04
Loss = 9.8764e-02, PNorm = 58.4724, GNorm = 0.3530, lr_0 = 2.1118e-04
Loss = 9.8799e-02, PNorm = 58.4821, GNorm = 0.6812, lr_0 = 2.6412e-04
Loss = 9.9756e-02, PNorm = 58.4912, GNorm = 0.2676, lr_0 = 3.1706e-04
Loss = 9.0445e-02, PNorm = 58.5046, GNorm = 0.5302, lr_0 = 3.7000e-04
Loss = 6.2937e-02, PNorm = 58.5178, GNorm = 0.2725, lr_0 = 4.2294e-04
Loss = 6.5490e-02, PNorm = 58.5290, GNorm = 0.2252, lr_0 = 4.7588e-04
Loss = 6.4605e-02, PNorm = 58.5465, GNorm = 0.1656, lr_0 = 5.2882e-04
Validation auc = 0.646709
Epoch 1
Loss = 4.0858e-02, PNorm = 58.5792, GNorm = 0.1188, lr_0 = 5.8706e-04
Loss = 9.9340e-02, PNorm = 58.5997, GNorm = 0.3145, lr_0 = 6.4000e-04
Loss = 8.2980e-02, PNorm = 58.6457, GNorm = 0.1717, lr_0 = 6.9294e-04
Loss = 9.2751e-02, PNorm = 58.6897, GNorm = 0.2371, lr_0 = 7.4588e-04
Loss = 8.6946e-02, PNorm = 58.7412, GNorm = 0.2083, lr_0 = 7.9882e-04
Loss = 6.4039e-02, PNorm = 58.7992, GNorm = 0.1308, lr_0 = 8.5176e-04
Loss = 9.4773e-02, PNorm = 58.8412, GNorm = 0.1961, lr_0 = 9.0471e-04
Loss = 9.3601e-02, PNorm = 58.8881, GNorm = 0.2131, lr_0 = 9.5765e-04
Loss = 9.1151e-02, PNorm = 58.9509, GNorm = 0.2054, lr_0 = 9.9807e-04
Validation auc = 0.891670
Epoch 2
Loss = 6.8676e-02, PNorm = 59.0122, GNorm = 0.0868, lr_0 = 9.8846e-04
Loss = 6.0232e-02, PNorm = 59.0679, GNorm = 0.0970, lr_0 = 9.7894e-04
Loss = 6.6935e-02, PNorm = 59.1168, GNorm = 0.2039, lr_0 = 9.6952e-04
Loss = 7.7501e-02, PNorm = 59.1691, GNorm = 0.5786, lr_0 = 9.6018e-04
Loss = 6.5328e-02, PNorm = 59.2409, GNorm = 0.2090, lr_0 = 9.5094e-04
Loss = 8.1156e-02, PNorm = 59.2970, GNorm = 0.2005, lr_0 = 9.4178e-04
Loss = 1.1481e-01, PNorm = 59.3668, GNorm = 0.3677, lr_0 = 9.3271e-04
Loss = 5.0851e-02, PNorm = 59.4300, GNorm = 0.2829, lr_0 = 9.2373e-04
Validation auc = 0.883359
Epoch 3
Loss = 6.7904e-02, PNorm = 59.4895, GNorm = 0.2757, lr_0 = 9.1395e-04
Loss = 8.6390e-02, PNorm = 59.5538, GNorm = 0.2120, lr_0 = 9.0515e-04
Loss = 6.2242e-02, PNorm = 59.6454, GNorm = 0.3880, lr_0 = 8.9644e-04
Loss = 6.7409e-02, PNorm = 59.7126, GNorm = 0.0919, lr_0 = 8.8781e-04
Loss = 6.5860e-02, PNorm = 59.7725, GNorm = 0.2035, lr_0 = 8.7926e-04
Loss = 7.7206e-02, PNorm = 59.8507, GNorm = 0.1864, lr_0 = 8.7080e-04
Loss = 4.8853e-02, PNorm = 59.9169, GNorm = 0.1133, lr_0 = 8.6241e-04
Loss = 5.4182e-02, PNorm = 59.9602, GNorm = 0.1533, lr_0 = 8.5411e-04
Loss = 7.0897e-02, PNorm = 60.0170, GNorm = 0.1254, lr_0 = 8.4588e-04
Validation auc = 0.907307
Epoch 4
Loss = 5.8479e-02, PNorm = 60.0854, GNorm = 0.1036, lr_0 = 8.3774e-04
Loss = 5.6226e-02, PNorm = 60.1392, GNorm = 0.1743, lr_0 = 8.2967e-04
Loss = 7.2937e-02, PNorm = 60.1997, GNorm = 0.1776, lr_0 = 8.2169e-04
Loss = 7.3411e-02, PNorm = 60.2633, GNorm = 0.3016, lr_0 = 8.1377e-04
Loss = 8.2103e-02, PNorm = 60.3095, GNorm = 0.2147, lr_0 = 8.0594e-04
Loss = 4.7224e-02, PNorm = 60.3749, GNorm = 0.0946, lr_0 = 7.9818e-04
Loss = 5.8456e-02, PNorm = 60.4336, GNorm = 0.1205, lr_0 = 7.9050e-04
Loss = 5.3091e-02, PNorm = 60.4862, GNorm = 0.0891, lr_0 = 7.8288e-04
Validation auc = 0.954361
Epoch 5
Loss = 6.7093e-02, PNorm = 60.5378, GNorm = 0.2144, lr_0 = 7.7535e-04
Loss = 5.1997e-02, PNorm = 60.5888, GNorm = 0.2511, lr_0 = 7.6788e-04
Loss = 9.1616e-02, PNorm = 60.6459, GNorm = 0.3534, lr_0 = 7.6049e-04
Loss = 8.2381e-02, PNorm = 60.7445, GNorm = 0.2632, lr_0 = 7.5317e-04
Loss = 4.4897e-02, PNorm = 60.8263, GNorm = 0.1704, lr_0 = 7.4591e-04
Loss = 5.8378e-02, PNorm = 60.8910, GNorm = 0.3373, lr_0 = 7.3873e-04
Loss = 7.0749e-02, PNorm = 60.9373, GNorm = 0.2350, lr_0 = 7.3162e-04
Loss = 3.2623e-02, PNorm = 60.9959, GNorm = 0.0413, lr_0 = 7.2458e-04
Loss = 7.2699e-02, PNorm = 61.0270, GNorm = 0.2709, lr_0 = 7.1760e-04
Validation auc = 0.949829
Epoch 6
Loss = 3.8883e-02, PNorm = 61.1058, GNorm = 0.2431, lr_0 = 7.1000e-04
Loss = 6.6280e-02, PNorm = 61.1239, GNorm = 0.2416, lr_0 = 7.0317e-04
Loss = 4.7662e-02, PNorm = 61.1805, GNorm = 0.0542, lr_0 = 6.9640e-04
Loss = 4.6802e-02, PNorm = 61.2103, GNorm = 0.1060, lr_0 = 6.8969e-04
Loss = 5.5849e-02, PNorm = 61.2518, GNorm = 0.1661, lr_0 = 6.8305e-04
Loss = 6.4077e-02, PNorm = 61.3041, GNorm = 0.1844, lr_0 = 6.7648e-04
Loss = 5.2631e-02, PNorm = 61.3422, GNorm = 0.2902, lr_0 = 6.6996e-04
Loss = 5.1483e-02, PNorm = 61.3953, GNorm = 0.2095, lr_0 = 6.6351e-04
Validation auc = 0.968913
Epoch 7
Loss = 4.2016e-02, PNorm = 61.4563, GNorm = 0.1894, lr_0 = 6.5712e-04
Loss = 6.7221e-02, PNorm = 61.5228, GNorm = 0.2578, lr_0 = 6.5080e-04
Loss = 4.5847e-02, PNorm = 61.6144, GNorm = 0.1240, lr_0 = 6.4453e-04
Loss = 4.6572e-02, PNorm = 61.6669, GNorm = 0.1107, lr_0 = 6.3833e-04
Loss = 3.7759e-02, PNorm = 61.7101, GNorm = 0.1987, lr_0 = 6.3218e-04
Loss = 7.6288e-02, PNorm = 61.7361, GNorm = 0.1557, lr_0 = 6.2609e-04
Loss = 3.5344e-02, PNorm = 61.7923, GNorm = 0.2641, lr_0 = 6.2006e-04
Loss = 3.8362e-02, PNorm = 61.8271, GNorm = 0.1288, lr_0 = 6.1409e-04
Loss = 5.3327e-02, PNorm = 61.8633, GNorm = 0.3395, lr_0 = 6.0818e-04
Validation auc = 0.970312
Epoch 8
Loss = 3.3709e-02, PNorm = 61.8962, GNorm = 0.0697, lr_0 = 6.0233e-04
Loss = 4.0561e-02, PNorm = 61.9413, GNorm = 0.1544, lr_0 = 5.9653e-04
Loss = 5.3944e-02, PNorm = 61.9897, GNorm = 0.1478, lr_0 = 5.9078e-04
Loss = 4.3864e-02, PNorm = 62.0396, GNorm = 0.1550, lr_0 = 5.8510e-04
Loss = 6.0861e-02, PNorm = 62.0802, GNorm = 0.2083, lr_0 = 5.7946e-04
Loss = 4.6754e-02, PNorm = 62.1428, GNorm = 0.0660, lr_0 = 5.7388e-04
Loss = 3.1786e-02, PNorm = 62.1810, GNorm = 0.1618, lr_0 = 5.6836e-04
Loss = 6.5986e-02, PNorm = 62.2152, GNorm = 0.1478, lr_0 = 5.6289e-04
Loss = 6.3574e-02, PNorm = 62.2720, GNorm = 0.2974, lr_0 = 5.5747e-04
Loss = 9.5845e-03, PNorm = 62.2770, GNorm = 0.0988, lr_0 = 5.5693e-04
Validation auc = 0.965551
Epoch 9
Loss = 4.9249e-02, PNorm = 62.3278, GNorm = 0.2275, lr_0 = 5.5156e-04
Loss = 3.9070e-02, PNorm = 62.3865, GNorm = 0.0672, lr_0 = 5.4625e-04
Loss = 2.7232e-02, PNorm = 62.4127, GNorm = 0.0951, lr_0 = 5.4100e-04
Loss = 4.4729e-02, PNorm = 62.4384, GNorm = 0.3754, lr_0 = 5.3579e-04
Loss = 3.4752e-02, PNorm = 62.4742, GNorm = 0.1426, lr_0 = 5.3063e-04
Loss = 4.9605e-02, PNorm = 62.4997, GNorm = 0.2205, lr_0 = 5.2552e-04
Loss = 4.6406e-02, PNorm = 62.5555, GNorm = 0.2338, lr_0 = 5.2046e-04
Loss = 4.8986e-02, PNorm = 62.5919, GNorm = 0.3418, lr_0 = 5.1545e-04
Validation auc = 0.948051
Epoch 10
Loss = 3.2028e-02, PNorm = 62.6363, GNorm = 0.6948, lr_0 = 5.1049e-04
Loss = 3.2087e-02, PNorm = 62.6668, GNorm = 0.1768, lr_0 = 5.0557e-04
Loss = 4.9734e-02, PNorm = 62.7149, GNorm = 0.3864, lr_0 = 5.0070e-04
Loss = 5.7177e-02, PNorm = 62.7591, GNorm = 0.3780, lr_0 = 4.9588e-04
Loss = 3.1647e-02, PNorm = 62.8089, GNorm = 0.0982, lr_0 = 4.9111e-04
Loss = 3.6849e-02, PNorm = 62.8406, GNorm = 0.3075, lr_0 = 4.8638e-04
Loss = 6.1789e-02, PNorm = 62.8709, GNorm = 0.3437, lr_0 = 4.8170e-04
Loss = 3.2064e-02, PNorm = 62.9214, GNorm = 0.1240, lr_0 = 4.7706e-04
Loss = 4.5496e-02, PNorm = 62.9512, GNorm = 0.1703, lr_0 = 4.7247e-04
Validation auc = 0.967749
Epoch 11
Loss = 2.1663e-02, PNorm = 62.9928, GNorm = 0.1837, lr_0 = 4.6792e-04
Loss = 4.6571e-02, PNorm = 63.0130, GNorm = 0.3636, lr_0 = 4.6341e-04
Loss = 3.7776e-02, PNorm = 63.0442, GNorm = 0.2492, lr_0 = 4.5895e-04
Loss = 3.7652e-02, PNorm = 63.0714, GNorm = 0.0550, lr_0 = 4.5453e-04
Loss = 3.8841e-02, PNorm = 63.1064, GNorm = 0.1709, lr_0 = 4.5015e-04
Loss = 4.3206e-02, PNorm = 63.1504, GNorm = 0.3198, lr_0 = 4.4582e-04
Loss = 4.2582e-02, PNorm = 63.1911, GNorm = 0.0742, lr_0 = 4.4153e-04
Loss = 2.7871e-02, PNorm = 63.2360, GNorm = 0.5942, lr_0 = 4.3728e-04
Validation auc = 0.960226
Epoch 12
Loss = 2.3025e-02, PNorm = 63.2720, GNorm = 0.0495, lr_0 = 4.3265e-04
Loss = 4.1614e-02, PNorm = 63.2939, GNorm = 0.5999, lr_0 = 4.2848e-04
Loss = 2.7836e-02, PNorm = 63.3276, GNorm = 0.2273, lr_0 = 4.2436e-04
Loss = 4.0437e-02, PNorm = 63.3724, GNorm = 0.0675, lr_0 = 4.2027e-04
Loss = 2.2843e-02, PNorm = 63.4121, GNorm = 0.1113, lr_0 = 4.1622e-04
Loss = 3.7511e-02, PNorm = 63.4345, GNorm = 0.2429, lr_0 = 4.1222e-04
Loss = 4.3580e-02, PNorm = 63.4540, GNorm = 0.1329, lr_0 = 4.0825e-04
Loss = 4.6901e-02, PNorm = 63.4943, GNorm = 0.0498, lr_0 = 4.0432e-04
Loss = 4.5735e-02, PNorm = 63.5127, GNorm = 0.2315, lr_0 = 4.0042e-04
Validation auc = 0.964799
Epoch 13
Loss = 3.7252e-02, PNorm = 63.5525, GNorm = 0.1064, lr_0 = 3.9657e-04
Loss = 4.1323e-02, PNorm = 63.5875, GNorm = 0.0699, lr_0 = 3.9275e-04
Loss = 3.8447e-02, PNorm = 63.6178, GNorm = 0.1320, lr_0 = 3.8897e-04
Loss = 9.8541e-03, PNorm = 63.6652, GNorm = 0.0393, lr_0 = 3.8522e-04
Loss = 6.2753e-02, PNorm = 63.6721, GNorm = 0.2714, lr_0 = 3.8152e-04
Loss = 3.0504e-02, PNorm = 63.7172, GNorm = 0.1964, lr_0 = 3.7784e-04
Loss = 3.8365e-02, PNorm = 63.7480, GNorm = 0.2041, lr_0 = 3.7420e-04
Loss = 4.5420e-02, PNorm = 63.7750, GNorm = 0.3225, lr_0 = 3.7060e-04
Validation auc = 0.963094
Epoch 14
Loss = 2.6360e-02, PNorm = 63.8025, GNorm = 0.1775, lr_0 = 3.6668e-04
Loss = 3.8171e-02, PNorm = 63.8288, GNorm = 0.3189, lr_0 = 3.6315e-04
Loss = 3.1953e-02, PNorm = 63.8630, GNorm = 0.2683, lr_0 = 3.5965e-04
Loss = 3.0052e-02, PNorm = 63.8955, GNorm = 0.3635, lr_0 = 3.5619e-04
Loss = 1.3178e-02, PNorm = 63.9146, GNorm = 0.1933, lr_0 = 3.5276e-04
Loss = 2.6360e-02, PNorm = 63.9431, GNorm = 0.2867, lr_0 = 3.4936e-04
Loss = 4.7301e-02, PNorm = 63.9486, GNorm = 0.3585, lr_0 = 3.4600e-04
Loss = 2.6988e-02, PNorm = 63.9770, GNorm = 0.1672, lr_0 = 3.4267e-04
Loss = 3.6642e-02, PNorm = 63.9976, GNorm = 0.2772, lr_0 = 3.3937e-04
Validation auc = 0.963840
Epoch 15
Loss = 2.5450e-02, PNorm = 64.0333, GNorm = 0.2776, lr_0 = 3.3610e-04
Loss = 2.0735e-02, PNorm = 64.0755, GNorm = 0.2932, lr_0 = 3.3287e-04
Loss = 2.7949e-02, PNorm = 64.0858, GNorm = 0.1592, lr_0 = 3.2966e-04
Loss = 3.4704e-02, PNorm = 64.0999, GNorm = 0.3203, lr_0 = 3.2649e-04
Loss = 3.6301e-02, PNorm = 64.1358, GNorm = 0.1293, lr_0 = 3.2334e-04
Loss = 1.5757e-02, PNorm = 64.1657, GNorm = 0.2243, lr_0 = 3.2023e-04
Loss = 3.3829e-02, PNorm = 64.1755, GNorm = 0.0734, lr_0 = 3.1715e-04
Loss = 3.7170e-02, PNorm = 64.1961, GNorm = 0.2556, lr_0 = 3.1409e-04
Loss = 3.5238e-02, PNorm = 64.2324, GNorm = 0.1177, lr_0 = 3.1107e-04
Validation auc = 0.950073
Epoch 16
Loss = 2.0282e-02, PNorm = 64.2533, GNorm = 0.1826, lr_0 = 3.0807e-04
Loss = 3.5927e-02, PNorm = 64.2675, GNorm = 0.1854, lr_0 = 3.0511e-04
Loss = 2.3214e-02, PNorm = 64.3086, GNorm = 0.3105, lr_0 = 3.0217e-04
Loss = 3.9987e-02, PNorm = 64.3239, GNorm = 0.5289, lr_0 = 2.9926e-04
Loss = 2.2327e-02, PNorm = 64.3377, GNorm = 0.0782, lr_0 = 2.9638e-04
Loss = 3.5401e-02, PNorm = 64.3574, GNorm = 0.3444, lr_0 = 2.9353e-04
Loss = 2.6988e-02, PNorm = 64.3778, GNorm = 0.1298, lr_0 = 2.9070e-04
Loss = 1.4681e-02, PNorm = 64.3960, GNorm = 0.0776, lr_0 = 2.8790e-04
Validation auc = 0.936348
Epoch 17
Loss = 1.1559e-02, PNorm = 64.4170, GNorm = 0.2287, lr_0 = 2.8485e-04
Loss = 3.0447e-02, PNorm = 64.4425, GNorm = 0.2430, lr_0 = 2.8211e-04
Loss = 1.7913e-02, PNorm = 64.4636, GNorm = 0.1965, lr_0 = 2.7939e-04
Loss = 2.4953e-02, PNorm = 64.4893, GNorm = 0.0674, lr_0 = 2.7670e-04
Loss = 1.7503e-02, PNorm = 64.5103, GNorm = 0.1774, lr_0 = 2.7404e-04
Loss = 2.7317e-02, PNorm = 64.5269, GNorm = 0.2727, lr_0 = 2.7140e-04
Loss = 4.5690e-02, PNorm = 64.5478, GNorm = 0.2328, lr_0 = 2.6879e-04
Loss = 1.4280e-02, PNorm = 64.5779, GNorm = 0.2626, lr_0 = 2.6620e-04
Loss = 2.5939e-02, PNorm = 64.5889, GNorm = 0.2887, lr_0 = 2.6364e-04
Validation auc = 0.957026
Epoch 18
Loss = 3.0772e-02, PNorm = 64.5982, GNorm = 0.2713, lr_0 = 2.6110e-04
Loss = 2.6545e-02, PNorm = 64.6261, GNorm = 0.2327, lr_0 = 2.5859e-04
Loss = 1.9518e-02, PNorm = 64.6481, GNorm = 0.3330, lr_0 = 2.5610e-04
Loss = 8.3008e-03, PNorm = 64.6672, GNorm = 0.0250, lr_0 = 2.5363e-04
Loss = 1.5448e-02, PNorm = 64.6833, GNorm = 0.5679, lr_0 = 2.5119e-04
Loss = 2.4095e-02, PNorm = 64.6946, GNorm = 0.1059, lr_0 = 2.4877e-04
Loss = 2.6503e-02, PNorm = 64.7150, GNorm = 0.2196, lr_0 = 2.4638e-04
Loss = 3.7449e-02, PNorm = 64.7330, GNorm = 0.2419, lr_0 = 2.4400e-04
Validation auc = 0.948063
Epoch 19
Loss = 1.9530e-02, PNorm = 64.7541, GNorm = 0.1755, lr_0 = 2.4165e-04
Loss = 2.3975e-02, PNorm = 64.7697, GNorm = 0.1284, lr_0 = 2.3933e-04
Loss = 1.7602e-02, PNorm = 64.7925, GNorm = 0.0859, lr_0 = 2.3702e-04
Loss = 2.9680e-02, PNorm = 64.8042, GNorm = 0.4538, lr_0 = 2.3474e-04
Loss = 2.0118e-02, PNorm = 64.8181, GNorm = 0.1413, lr_0 = 2.3248e-04
Loss = 1.7259e-02, PNorm = 64.8445, GNorm = 0.1678, lr_0 = 2.3024e-04
Loss = 3.7109e-02, PNorm = 64.8624, GNorm = 0.4782, lr_0 = 2.2803e-04
Loss = 1.5294e-02, PNorm = 64.8816, GNorm = 0.1094, lr_0 = 2.2583e-04
Loss = 1.7047e-02, PNorm = 64.8976, GNorm = 0.1748, lr_0 = 2.2366e-04
Validation auc = 0.951771
Epoch 20
Loss = 1.3170e-02, PNorm = 64.9108, GNorm = 0.2995, lr_0 = 2.2129e-04
Loss = 2.3980e-02, PNorm = 64.9188, GNorm = 0.1461, lr_0 = 2.1916e-04
Loss = 1.5042e-02, PNorm = 64.9360, GNorm = 0.1688, lr_0 = 2.1705e-04
Loss = 2.5312e-02, PNorm = 64.9601, GNorm = 0.1857, lr_0 = 2.1496e-04
Loss = 1.1064e-02, PNorm = 64.9701, GNorm = 0.0271, lr_0 = 2.1289e-04
Loss = 1.8179e-02, PNorm = 64.9865, GNorm = 0.0524, lr_0 = 2.1084e-04
Loss = 2.8232e-02, PNorm = 64.9965, GNorm = 0.2233, lr_0 = 2.0881e-04
Loss = 3.5838e-02, PNorm = 65.0123, GNorm = 0.6024, lr_0 = 2.0680e-04
Validation auc = 0.940537
Epoch 21
Loss = 2.7137e-02, PNorm = 65.0295, GNorm = 0.0542, lr_0 = 2.0481e-04
Loss = 2.0068e-02, PNorm = 65.0477, GNorm = 0.0297, lr_0 = 2.0283e-04
Loss = 1.4237e-02, PNorm = 65.0596, GNorm = 0.1383, lr_0 = 2.0088e-04
Loss = 1.6969e-02, PNorm = 65.0719, GNorm = 0.2817, lr_0 = 1.9895e-04
Loss = 1.7943e-02, PNorm = 65.0888, GNorm = 0.1577, lr_0 = 1.9703e-04
Loss = 1.8334e-02, PNorm = 65.1050, GNorm = 0.6133, lr_0 = 1.9514e-04
Loss = 2.5555e-02, PNorm = 65.1145, GNorm = 0.4207, lr_0 = 1.9326e-04
Loss = 2.1758e-02, PNorm = 65.1288, GNorm = 0.2760, lr_0 = 1.9140e-04
Loss = 1.7975e-02, PNorm = 65.1447, GNorm = 0.0304, lr_0 = 1.8955e-04
Validation auc = 0.945019
Epoch 22
Loss = 1.4965e-02, PNorm = 65.1506, GNorm = 0.0992, lr_0 = 1.8773e-04
Loss = 1.0381e-02, PNorm = 65.1731, GNorm = 0.0326, lr_0 = 1.8592e-04
Loss = 2.5424e-02, PNorm = 65.1862, GNorm = 0.1223, lr_0 = 1.8413e-04
Loss = 2.2144e-02, PNorm = 65.1945, GNorm = 0.0618, lr_0 = 1.8236e-04
Loss = 1.6983e-02, PNorm = 65.2090, GNorm = 0.2755, lr_0 = 1.8060e-04
Loss = 3.7911e-02, PNorm = 65.2280, GNorm = 0.2933, lr_0 = 1.7886e-04
Loss = 1.5031e-02, PNorm = 65.2413, GNorm = 0.0173, lr_0 = 1.7714e-04
Loss = 1.0219e-02, PNorm = 65.2544, GNorm = 0.0203, lr_0 = 1.7544e-04
Validation auc = 0.940501
Epoch 23
Loss = 3.2725e-02, PNorm = 65.2597, GNorm = 0.1932, lr_0 = 1.7358e-04
Loss = 1.5206e-02, PNorm = 65.2771, GNorm = 0.1900, lr_0 = 1.7191e-04
Loss = 1.7175e-02, PNorm = 65.2883, GNorm = 0.0589, lr_0 = 1.7025e-04
Loss = 1.2423e-02, PNorm = 65.2947, GNorm = 0.1681, lr_0 = 1.6861e-04
Loss = 1.9291e-02, PNorm = 65.3074, GNorm = 0.2094, lr_0 = 1.6699e-04
Loss = 1.0224e-02, PNorm = 65.3128, GNorm = 0.0275, lr_0 = 1.6538e-04
Loss = 2.1402e-02, PNorm = 65.3264, GNorm = 0.0316, lr_0 = 1.6379e-04
Loss = 1.4417e-02, PNorm = 65.3314, GNorm = 0.2606, lr_0 = 1.6221e-04
Loss = 1.6635e-02, PNorm = 65.3426, GNorm = 0.0190, lr_0 = 1.6065e-04
Validation auc = 0.937424
Epoch 24
Loss = 1.9286e-02, PNorm = 65.3517, GNorm = 0.3309, lr_0 = 1.5910e-04
Loss = 1.5884e-02, PNorm = 65.3631, GNorm = 0.0181, lr_0 = 1.5757e-04
Loss = 1.5394e-02, PNorm = 65.3736, GNorm = 0.2666, lr_0 = 1.5605e-04
Loss = 9.1866e-03, PNorm = 65.3826, GNorm = 0.1008, lr_0 = 1.5455e-04
Loss = 2.9279e-02, PNorm = 65.3845, GNorm = 0.2551, lr_0 = 1.5306e-04
Loss = 1.7129e-02, PNorm = 65.3911, GNorm = 0.6359, lr_0 = 1.5159e-04
Loss = 1.9619e-02, PNorm = 65.4225, GNorm = 0.1708, lr_0 = 1.5013e-04
Loss = 1.5695e-02, PNorm = 65.4330, GNorm = 0.0101, lr_0 = 1.4869e-04
Loss = 1.1212e-02, PNorm = 65.4321, GNorm = 0.2180, lr_0 = 1.4725e-04
Validation auc = 0.936961
Epoch 25
Loss = 1.2059e-02, PNorm = 65.4389, GNorm = 0.3600, lr_0 = 1.4584e-04
Loss = 1.6728e-02, PNorm = 65.4455, GNorm = 0.0511, lr_0 = 1.4443e-04
Loss = 1.1173e-02, PNorm = 65.4541, GNorm = 0.2667, lr_0 = 1.4304e-04
Loss = 1.9732e-02, PNorm = 65.4679, GNorm = 0.1076, lr_0 = 1.4166e-04
Loss = 8.9829e-03, PNorm = 65.4790, GNorm = 0.0989, lr_0 = 1.4030e-04
Loss = 1.6716e-02, PNorm = 65.4830, GNorm = 0.1550, lr_0 = 1.3895e-04
Loss = 1.1590e-02, PNorm = 65.4856, GNorm = 0.0797, lr_0 = 1.3761e-04
Loss = 2.4211e-02, PNorm = 65.4905, GNorm = 0.6796, lr_0 = 1.3629e-04
Validation auc = 0.927363
Epoch 26
Loss = 1.5263e-02, PNorm = 65.5020, GNorm = 0.3597, lr_0 = 1.3484e-04
Loss = 8.4132e-03, PNorm = 65.5145, GNorm = 0.1084, lr_0 = 1.3355e-04
Loss = 1.3337e-02, PNorm = 65.5193, GNorm = 0.0353, lr_0 = 1.3226e-04
Loss = 2.1656e-02, PNorm = 65.5250, GNorm = 0.1080, lr_0 = 1.3099e-04
Loss = 1.5349e-02, PNorm = 65.5385, GNorm = 0.1356, lr_0 = 1.2973e-04
Loss = 2.0442e-02, PNorm = 65.5479, GNorm = 0.8964, lr_0 = 1.2848e-04
Loss = 8.5979e-03, PNorm = 65.5511, GNorm = 0.1685, lr_0 = 1.2724e-04
Loss = 1.0408e-02, PNorm = 65.5619, GNorm = 0.2941, lr_0 = 1.2601e-04
Loss = 8.9919e-03, PNorm = 65.5743, GNorm = 0.1068, lr_0 = 1.2480e-04
Validation auc = 0.928607
Epoch 27
Loss = 1.1161e-02, PNorm = 65.5713, GNorm = 0.6891, lr_0 = 1.2360e-04
Loss = 1.3222e-02, PNorm = 65.5754, GNorm = 0.1759, lr_0 = 1.2241e-04
Loss = 1.2483e-02, PNorm = 65.5934, GNorm = 0.1924, lr_0 = 1.2123e-04
Loss = 1.1640e-02, PNorm = 65.6057, GNorm = 0.2763, lr_0 = 1.2006e-04
Loss = 1.6780e-02, PNorm = 65.6132, GNorm = 0.3131, lr_0 = 1.1891e-04
Loss = 7.8143e-03, PNorm = 65.6212, GNorm = 0.0213, lr_0 = 1.1776e-04
Loss = 1.5195e-02, PNorm = 65.6292, GNorm = 0.0642, lr_0 = 1.1663e-04
Loss = 1.5141e-02, PNorm = 65.6301, GNorm = 0.5333, lr_0 = 1.1551e-04
Validation auc = 0.935714
Epoch 28
Loss = 1.2352e-02, PNorm = 65.6345, GNorm = 0.1414, lr_0 = 1.1428e-04
Loss = 1.3406e-02, PNorm = 65.6453, GNorm = 0.7777, lr_0 = 1.1318e-04
Loss = 9.3689e-03, PNorm = 65.6506, GNorm = 0.1717, lr_0 = 1.1209e-04
Loss = 2.0359e-02, PNorm = 65.6515, GNorm = 0.3497, lr_0 = 1.1101e-04
Loss = 5.3123e-03, PNorm = 65.6596, GNorm = 0.0461, lr_0 = 1.0995e-04
Loss = 9.7020e-03, PNorm = 65.6686, GNorm = 0.0029, lr_0 = 1.0889e-04
Loss = 1.1671e-02, PNorm = 65.6717, GNorm = 0.1183, lr_0 = 1.0784e-04
Loss = 1.2457e-02, PNorm = 65.6785, GNorm = 0.1543, lr_0 = 1.0680e-04
Loss = 1.9834e-02, PNorm = 65.6814, GNorm = 0.2524, lr_0 = 1.0577e-04
Validation auc = 0.921268
Epoch 29
Loss = 1.5279e-02, PNorm = 65.6888, GNorm = 0.1446, lr_0 = 1.0475e-04
Loss = 5.2886e-03, PNorm = 65.6979, GNorm = 0.0683, lr_0 = 1.0374e-04
Loss = 1.6628e-02, PNorm = 65.7014, GNorm = 0.0677, lr_0 = 1.0275e-04
Loss = 9.8520e-03, PNorm = 65.7049, GNorm = 0.0878, lr_0 = 1.0176e-04
Loss = 7.8438e-03, PNorm = 65.7123, GNorm = 0.4614, lr_0 = 1.0078e-04
Loss = 1.6358e-02, PNorm = 65.7176, GNorm = 0.2053, lr_0 = 1.0000e-04
Loss = 1.3973e-02, PNorm = 65.7237, GNorm = 0.1515, lr_0 = 1.0000e-04
Loss = 1.9277e-02, PNorm = 65.7252, GNorm = 0.4615, lr_0 = 1.0000e-04
Validation auc = 0.943240
Model 0 best validation auc = 0.970312 on epoch 7
Loading pretrained parameter "encoder.encoder.0.cached_zero_vector".
Loading pretrained parameter "encoder.encoder.0.W_i.weight".
Loading pretrained parameter "encoder.encoder.0.W_h.weight".
Loading pretrained parameter "encoder.encoder.0.W_o.weight".
Loading pretrained parameter "encoder.encoder.0.W_o.bias".
Loading pretrained parameter "ffn.1.weight".
Loading pretrained parameter "ffn.1.bias".
Loading pretrained parameter "ffn.4.weight".
Loading pretrained parameter "ffn.4.bias".
Moving model to cuda
Model 0 test auc = 0.756545
Ensemble test auc = 0.756545
Fold 1
Splitting data with seed 1
Total scaffolds = 3,467 | train scaffolds = 2,658 | val scaffolds = 399 | test scaffolds = 410
Label averages per scaffold, in decreasing order of scaffold frequency,capped at 10 scaffolds and 20 labels:
Scaffold 0
Task 0: count = 381 | target average = 0.018373
Task 1: count = 381 | target average = 0.013123


Scaffold 1
Task 0: count = 305 | target average = 0.009836
Task 1: count = 305 | target average = 0.016393


Scaffold 2
Task 0: count = 36 | target average = 0.000000
Task 1: count = 36 | target average = 0.000000


Scaffold 3
Task 0: count = 29 | target average = 0.000000
Task 1: count = 29 | target average = 0.000000


Scaffold 4
Task 0: count = 26 | target average = 0.000000
Task 1: count = 26 | target average = 0.000000


Scaffold 5
Task 0: count = 23 | target average = 0.000000
Task 1: count = 23 | target average = 0.000000


Scaffold 6
Task 0: count = 22 | target average = 0.090909
Task 1: count = 22 | target average = 0.090909


Scaffold 7
Task 0: count = 20 | target average = 0.050000
Task 1: count = 20 | target average = 0.000000


Scaffold 8
Task 0: count = 20 | target average = 0.000000
Task 1: count = 20 | target average = 0.000000


Scaffold 9
Task 0: count = 20 | target average = 0.000000
Task 1: count = 20 | target average = 0.000000


Class sizes
hit_inh 0: 97.83%, 1: 2.17%
hit_kill 0: 98.64%, 1: 1.36%
Total size = 5,353 | train size = 4,282 | val size = 535 | test size = 536
Building model 0
MoleculeModel(
  (sigmoid): Sigmoid()
  (encoder): MPN(
    (encoder): ModuleList(
      (0): MPNEncoder(
        (dropout_layer): Dropout(p=0.25, inplace=False)
        (act_func): ReLU()
        (W_i): Linear(in_features=147, out_features=1000, bias=False)
        (W_h): Linear(in_features=1000, out_features=1000, bias=False)
        (W_o): Linear(in_features=1133, out_features=1000, bias=True)
      )
    )
  )
  (ffn): Sequential(
    (0): Dropout(p=0.25, inplace=False)
    (1): Linear(in_features=1200, out_features=1000, bias=True)
    (2): ReLU()
    (3): Dropout(p=0.25, inplace=False)
    (4): Linear(in_features=1000, out_features=2, bias=True)
  )
)
Number of parameters = 3,484,002
Moving model to cuda
Epoch 0
Loss = 2.1449e-01, PNorm = 58.4680, GNorm = 0.0377, lr_0 = 1.5824e-04
Loss = 1.3050e-01, PNorm = 58.4754, GNorm = 0.5393, lr_0 = 2.1118e-04
Loss = 8.0956e-02, PNorm = 58.4839, GNorm = 0.6019, lr_0 = 2.6412e-04
Loss = 7.2981e-02, PNorm = 58.4939, GNorm = 0.1639, lr_0 = 3.1706e-04
Loss = 9.0417e-02, PNorm = 58.5041, GNorm = 0.1865, lr_0 = 3.7000e-04
Loss = 1.0852e-01, PNorm = 58.5170, GNorm = 0.1834, lr_0 = 4.2294e-04
Loss = 1.0230e-01, PNorm = 58.5379, GNorm = 0.2310, lr_0 = 4.7588e-04
Loss = 1.0571e-01, PNorm = 58.5608, GNorm = 0.1956, lr_0 = 5.2882e-04
Validation auc = 0.822782
Epoch 1
Loss = 5.1447e-02, PNorm = 58.5970, GNorm = 0.2068, lr_0 = 5.8706e-04
Loss = 9.0955e-02, PNorm = 58.6244, GNorm = 0.2427, lr_0 = 6.4000e-04
Loss = 1.0091e-01, PNorm = 58.6597, GNorm = 0.4672, lr_0 = 6.9294e-04
Loss = 9.2462e-02, PNorm = 58.7104, GNorm = 0.2203, lr_0 = 7.4588e-04
Loss = 6.9120e-02, PNorm = 58.7549, GNorm = 0.2869, lr_0 = 7.9882e-04
Loss = 6.5205e-02, PNorm = 58.7931, GNorm = 0.1289, lr_0 = 8.5176e-04
Loss = 7.6723e-02, PNorm = 58.8325, GNorm = 0.1970, lr_0 = 9.0471e-04
Loss = 8.4527e-02, PNorm = 58.8829, GNorm = 0.1449, lr_0 = 9.5765e-04
Loss = 1.0591e-01, PNorm = 58.9388, GNorm = 0.2596, lr_0 = 9.9807e-04
Validation auc = 0.863184
Epoch 2
Loss = 7.3197e-02, PNorm = 59.0207, GNorm = 0.0527, lr_0 = 9.8846e-04
Loss = 9.0563e-02, PNorm = 59.0809, GNorm = 0.2674, lr_0 = 9.7894e-04
Loss = 7.9234e-02, PNorm = 59.1623, GNorm = 0.0806, lr_0 = 9.6952e-04
Loss = 8.0200e-02, PNorm = 59.2133, GNorm = 0.1730, lr_0 = 9.6018e-04
Loss = 5.0859e-02, PNorm = 59.2890, GNorm = 0.1501, lr_0 = 9.5094e-04
Loss = 6.7706e-02, PNorm = 59.3211, GNorm = 0.1373, lr_0 = 9.4178e-04
Loss = 7.9393e-02, PNorm = 59.3617, GNorm = 0.1669, lr_0 = 9.3271e-04
Loss = 7.9954e-02, PNorm = 59.4104, GNorm = 0.3030, lr_0 = 9.2373e-04
Validation auc = 0.853802
Epoch 3
Loss = 1.1159e-01, PNorm = 59.4804, GNorm = 0.2785, lr_0 = 9.1395e-04
Loss = 7.8105e-02, PNorm = 59.5288, GNorm = 0.2436, lr_0 = 9.0515e-04
Loss = 5.0344e-02, PNorm = 59.5899, GNorm = 0.1869, lr_0 = 8.9644e-04
Loss = 6.3234e-02, PNorm = 59.6271, GNorm = 0.2748, lr_0 = 8.8781e-04
Loss = 6.7615e-02, PNorm = 59.6775, GNorm = 0.1316, lr_0 = 8.7926e-04
Loss = 6.6094e-02, PNorm = 59.7287, GNorm = 0.1818, lr_0 = 8.7080e-04
Loss = 6.4306e-02, PNorm = 59.7755, GNorm = 0.2067, lr_0 = 8.6241e-04
Loss = 9.5123e-02, PNorm = 59.8323, GNorm = 0.2196, lr_0 = 8.5411e-04
Loss = 6.1555e-02, PNorm = 59.8841, GNorm = 0.1883, lr_0 = 8.4588e-04
Validation auc = 0.841184
Epoch 4
Loss = 3.5621e-02, PNorm = 59.9343, GNorm = 0.1066, lr_0 = 8.3774e-04
Loss = 6.8534e-02, PNorm = 59.9831, GNorm = 0.4072, lr_0 = 8.2967e-04
Loss = 9.0079e-02, PNorm = 60.0504, GNorm = 0.1266, lr_0 = 8.2169e-04
Loss = 6.2033e-02, PNorm = 60.1126, GNorm = 0.2633, lr_0 = 8.1377e-04
Loss = 7.8322e-02, PNorm = 60.1557, GNorm = 0.1960, lr_0 = 8.0594e-04
Loss = 5.0020e-02, PNorm = 60.2256, GNorm = 0.3480, lr_0 = 7.9818e-04
Loss = 8.0723e-02, PNorm = 60.2598, GNorm = 0.2421, lr_0 = 7.9050e-04
Loss = 7.2361e-02, PNorm = 60.3289, GNorm = 0.1020, lr_0 = 7.8288e-04
Validation auc = 0.866884
Epoch 5
Loss = 5.3543e-02, PNorm = 60.4100, GNorm = 0.2591, lr_0 = 7.7535e-04
Loss = 5.6418e-02, PNorm = 60.4482, GNorm = 0.1321, lr_0 = 7.6788e-04
Loss = 4.7374e-02, PNorm = 60.5309, GNorm = 0.1426, lr_0 = 7.6049e-04
Loss = 4.1775e-02, PNorm = 60.5957, GNorm = 0.2825, lr_0 = 7.5317e-04
Loss = 6.9742e-02, PNorm = 60.6431, GNorm = 0.1691, lr_0 = 7.4591e-04
Loss = 7.4319e-02, PNorm = 60.7318, GNorm = 0.4573, lr_0 = 7.3873e-04
Loss = 7.5183e-02, PNorm = 60.7783, GNorm = 0.2675, lr_0 = 7.3162e-04
Loss = 6.2635e-02, PNorm = 60.8452, GNorm = 0.1325, lr_0 = 7.2458e-04
Loss = 6.3329e-02, PNorm = 60.8892, GNorm = 0.1479, lr_0 = 7.1760e-04
Validation auc = 0.861699
Epoch 6
Loss = 6.0147e-02, PNorm = 60.9592, GNorm = 0.1843, lr_0 = 7.1000e-04
Loss = 8.3198e-02, PNorm = 61.0179, GNorm = 0.2161, lr_0 = 7.0317e-04
Loss = 4.2155e-02, PNorm = 61.0931, GNorm = 0.2304, lr_0 = 6.9640e-04
Loss = 4.4360e-02, PNorm = 61.1463, GNorm = 0.2737, lr_0 = 6.8969e-04
Loss = 5.6360e-02, PNorm = 61.2309, GNorm = 0.0315, lr_0 = 6.8305e-04
Loss = 5.8761e-02, PNorm = 61.2633, GNorm = 0.1579, lr_0 = 6.7648e-04
Loss = 5.5566e-02, PNorm = 61.3120, GNorm = 0.2715, lr_0 = 6.6996e-04
Loss = 7.0493e-02, PNorm = 61.3534, GNorm = 0.1972, lr_0 = 6.6351e-04
Validation auc = 0.856955
Epoch 7
Loss = 1.4337e-02, PNorm = 61.4168, GNorm = 0.0998, lr_0 = 6.5712e-04
Loss = 4.0608e-02, PNorm = 61.4773, GNorm = 0.0604, lr_0 = 6.5080e-04
Loss = 7.8530e-02, PNorm = 61.5187, GNorm = 0.2682, lr_0 = 6.4453e-04
Loss = 6.1986e-02, PNorm = 61.5799, GNorm = 0.2073, lr_0 = 6.3833e-04
Loss = 6.2629e-02, PNorm = 61.6269, GNorm = 0.1791, lr_0 = 6.3218e-04
Loss = 4.8072e-02, PNorm = 61.7069, GNorm = 0.4090, lr_0 = 6.2609e-04
Loss = 4.1548e-02, PNorm = 61.7598, GNorm = 0.1828, lr_0 = 6.2006e-04
Loss = 5.7621e-02, PNorm = 61.8213, GNorm = 0.3670, lr_0 = 6.1409e-04
Loss = 6.1373e-02, PNorm = 61.8429, GNorm = 0.1420, lr_0 = 6.0818e-04
Validation auc = 0.873536
Epoch 8
Loss = 3.1080e-02, PNorm = 61.9001, GNorm = 0.0451, lr_0 = 6.0233e-04
Loss = 5.4124e-02, PNorm = 61.9271, GNorm = 0.2054, lr_0 = 5.9653e-04
Loss = 4.8730e-02, PNorm = 61.9777, GNorm = 0.1034, lr_0 = 5.9078e-04
Loss = 4.3878e-02, PNorm = 62.0186, GNorm = 0.1271, lr_0 = 5.8510e-04
Loss = 4.4260e-02, PNorm = 62.0622, GNorm = 0.0902, lr_0 = 5.7946e-04
Loss = 6.1421e-02, PNorm = 62.1007, GNorm = 0.1937, lr_0 = 5.7388e-04
Loss = 4.9322e-02, PNorm = 62.1459, GNorm = 0.1136, lr_0 = 5.6836e-04
Loss = 6.1508e-02, PNorm = 62.2060, GNorm = 0.1360, lr_0 = 5.6289e-04
Loss = 7.1996e-02, PNorm = 62.2538, GNorm = 0.2445, lr_0 = 5.5747e-04
Loss = 1.4816e-02, PNorm = 62.2602, GNorm = 0.1393, lr_0 = 5.5693e-04
Validation auc = 0.733338
Epoch 9
Loss = 2.6062e-02, PNorm = 62.3325, GNorm = 0.4933, lr_0 = 5.5156e-04
Loss = 5.4660e-02, PNorm = 62.3776, GNorm = 0.0986, lr_0 = 5.4625e-04
Loss = 5.5049e-02, PNorm = 62.4273, GNorm = 0.1592, lr_0 = 5.4100e-04
Loss = 5.0169e-02, PNorm = 62.4785, GNorm = 0.3048, lr_0 = 5.3579e-04
Loss = 6.2781e-02, PNorm = 62.5185, GNorm = 0.1119, lr_0 = 5.3063e-04
Loss = 3.7709e-02, PNorm = 62.5746, GNorm = 0.1599, lr_0 = 5.2552e-04
Loss = 4.5192e-02, PNorm = 62.6214, GNorm = 0.1495, lr_0 = 5.2046e-04
Loss = 5.5465e-02, PNorm = 62.6724, GNorm = 0.0997, lr_0 = 5.1545e-04
Validation auc = 0.878313
Epoch 10
Loss = 2.1609e-02, PNorm = 62.7211, GNorm = 0.1907, lr_0 = 5.1049e-04
Loss = 2.7840e-02, PNorm = 62.7616, GNorm = 0.1111, lr_0 = 5.0557e-04
Loss = 3.3365e-02, PNorm = 62.7873, GNorm = 0.1337, lr_0 = 5.0070e-04
Loss = 5.7460e-02, PNorm = 62.8369, GNorm = 0.2475, lr_0 = 4.9588e-04
Loss = 5.1717e-02, PNorm = 62.8687, GNorm = 0.6081, lr_0 = 4.9111e-04
Loss = 6.3166e-02, PNorm = 62.9150, GNorm = 0.2962, lr_0 = 4.8638e-04
Loss = 3.9871e-02, PNorm = 62.9642, GNorm = 0.2436, lr_0 = 4.8170e-04
Loss = 4.0018e-02, PNorm = 63.0067, GNorm = 0.2542, lr_0 = 4.7706e-04
Loss = 5.1636e-02, PNorm = 63.0440, GNorm = 0.1203, lr_0 = 4.7247e-04
Validation auc = 0.855025
Epoch 11
Loss = 3.3881e-02, PNorm = 63.0871, GNorm = 0.0823, lr_0 = 4.6792e-04
Loss = 1.8963e-02, PNorm = 63.1326, GNorm = 0.1730, lr_0 = 4.6341e-04
Loss = 3.2225e-02, PNorm = 63.1562, GNorm = 0.1768, lr_0 = 4.5895e-04
Loss = 5.3280e-02, PNorm = 63.1854, GNorm = 0.2164, lr_0 = 4.5453e-04
Loss = 4.1677e-02, PNorm = 63.2413, GNorm = 0.0818, lr_0 = 4.5015e-04
Loss = 3.0076e-02, PNorm = 63.2564, GNorm = 0.0812, lr_0 = 4.4582e-04
Loss = 5.7734e-02, PNorm = 63.2976, GNorm = 0.3110, lr_0 = 4.4153e-04
Loss = 2.9185e-02, PNorm = 63.3643, GNorm = 0.1705, lr_0 = 4.3728e-04
Validation auc = 0.886605
Epoch 12
Loss = 2.1533e-02, PNorm = 63.3936, GNorm = 0.1530, lr_0 = 4.3265e-04
Loss = 3.1502e-02, PNorm = 63.4615, GNorm = 0.2068, lr_0 = 4.2848e-04
Loss = 3.8291e-02, PNorm = 63.5033, GNorm = 0.4471, lr_0 = 4.2436e-04
Loss = 2.0967e-02, PNorm = 63.5358, GNorm = 0.0691, lr_0 = 4.2027e-04
Loss = 4.4734e-02, PNorm = 63.5659, GNorm = 0.2165, lr_0 = 4.1622e-04
Loss = 3.9971e-02, PNorm = 63.5930, GNorm = 0.2353, lr_0 = 4.1222e-04
Loss = 6.3203e-02, PNorm = 63.6165, GNorm = 0.4052, lr_0 = 4.0825e-04
Loss = 3.5694e-02, PNorm = 63.6675, GNorm = 0.1347, lr_0 = 4.0432e-04
Loss = 5.2704e-02, PNorm = 63.7002, GNorm = 0.4535, lr_0 = 4.0042e-04
Validation auc = 0.858049
Epoch 13
Loss = 3.9632e-02, PNorm = 63.7326, GNorm = 0.2144, lr_0 = 3.9657e-04
Loss = 2.1120e-02, PNorm = 63.7815, GNorm = 0.0142, lr_0 = 3.9275e-04
Loss = 3.8961e-02, PNorm = 63.7992, GNorm = 0.2780, lr_0 = 3.8897e-04
Loss = 3.3296e-02, PNorm = 63.8233, GNorm = 0.1930, lr_0 = 3.8522e-04
Loss = 4.0055e-02, PNorm = 63.8598, GNorm = 0.1357, lr_0 = 3.8152e-04
Loss = 3.7474e-02, PNorm = 63.8864, GNorm = 0.2531, lr_0 = 3.7784e-04
Loss = 4.8299e-02, PNorm = 63.9016, GNorm = 0.2915, lr_0 = 3.7420e-04
Loss = 3.4984e-02, PNorm = 63.9416, GNorm = 0.2010, lr_0 = 3.7060e-04
Validation auc = 0.873652
Epoch 14
Loss = 2.7347e-02, PNorm = 63.9766, GNorm = 0.1607, lr_0 = 3.6668e-04
Loss = 2.3787e-02, PNorm = 64.0092, GNorm = 0.3602, lr_0 = 3.6315e-04
Loss = 4.7790e-02, PNorm = 64.0293, GNorm = 0.2800, lr_0 = 3.5965e-04
Loss = 2.2106e-02, PNorm = 64.0812, GNorm = 0.3079, lr_0 = 3.5619e-04
Loss = 1.9470e-02, PNorm = 64.1146, GNorm = 0.2260, lr_0 = 3.5276e-04
Loss = 2.3612e-02, PNorm = 64.1320, GNorm = 0.0855, lr_0 = 3.4936e-04
Loss = 4.4051e-02, PNorm = 64.1530, GNorm = 0.1476, lr_0 = 3.4600e-04
Loss = 3.3908e-02, PNorm = 64.1813, GNorm = 0.1816, lr_0 = 3.4267e-04
Loss = 3.1087e-02, PNorm = 64.2054, GNorm = 0.2628, lr_0 = 3.3937e-04
Validation auc = 0.857400
Epoch 15
Loss = 4.7984e-02, PNorm = 64.2199, GNorm = 0.1246, lr_0 = 3.3610e-04
Loss = 2.5782e-02, PNorm = 64.2425, GNorm = 0.0921, lr_0 = 3.3287e-04
Loss = 3.8967e-02, PNorm = 64.2565, GNorm = 0.1286, lr_0 = 3.2966e-04
Loss = 2.3328e-02, PNorm = 64.2717, GNorm = 0.1458, lr_0 = 3.2649e-04
Loss = 1.8839e-02, PNorm = 64.3006, GNorm = 0.3328, lr_0 = 3.2334e-04
Loss = 3.4027e-02, PNorm = 64.3277, GNorm = 0.0610, lr_0 = 3.2023e-04
Loss = 3.0925e-02, PNorm = 64.3418, GNorm = 0.2596, lr_0 = 3.1715e-04
Loss = 2.2948e-02, PNorm = 64.3713, GNorm = 0.0778, lr_0 = 3.1409e-04
Loss = 4.1639e-02, PNorm = 64.3921, GNorm = 0.1093, lr_0 = 3.1107e-04
Validation auc = 0.863811
Epoch 16
Loss = 3.4251e-02, PNorm = 64.4275, GNorm = 0.2565, lr_0 = 3.0807e-04
Loss = 2.0101e-02, PNorm = 64.4620, GNorm = 0.0505, lr_0 = 3.0511e-04
Loss = 3.6279e-02, PNorm = 64.4740, GNorm = 0.2149, lr_0 = 3.0217e-04
Loss = 2.7218e-02, PNorm = 64.5067, GNorm = 0.1273, lr_0 = 2.9926e-04
Loss = 3.1531e-02, PNorm = 64.5245, GNorm = 0.1139, lr_0 = 2.9638e-04
Loss = 4.0212e-02, PNorm = 64.5582, GNorm = 0.1079, lr_0 = 2.9353e-04
Loss = 2.3215e-02, PNorm = 64.5850, GNorm = 0.1775, lr_0 = 2.9070e-04
Loss = 1.4621e-02, PNorm = 64.6100, GNorm = 0.1978, lr_0 = 2.8790e-04
Validation auc = 0.854290
Epoch 17
Loss = 1.6532e-02, PNorm = 64.6337, GNorm = 0.0525, lr_0 = 2.8485e-04
Loss = 2.8362e-02, PNorm = 64.6452, GNorm = 0.3175, lr_0 = 2.8211e-04
Loss = 2.2242e-02, PNorm = 64.6621, GNorm = 0.0975, lr_0 = 2.7939e-04
Loss = 3.8126e-02, PNorm = 64.6850, GNorm = 0.0285, lr_0 = 2.7670e-04
Loss = 1.7446e-02, PNorm = 64.6987, GNorm = 0.0427, lr_0 = 2.7404e-04
Loss = 1.9376e-02, PNorm = 64.7134, GNorm = 0.1537, lr_0 = 2.7140e-04
Loss = 2.4806e-02, PNorm = 64.7237, GNorm = 0.1974, lr_0 = 2.6879e-04
Loss = 2.4346e-02, PNorm = 64.7465, GNorm = 0.2221, lr_0 = 2.6620e-04
Loss = 3.1135e-02, PNorm = 64.7648, GNorm = 0.4450, lr_0 = 2.6364e-04
Validation auc = 0.851583
Epoch 18
Loss = 1.6433e-02, PNorm = 64.7794, GNorm = 0.0414, lr_0 = 2.6110e-04
Loss = 3.0515e-02, PNorm = 64.7918, GNorm = 0.2374, lr_0 = 2.5859e-04
Loss = 3.9591e-02, PNorm = 64.8174, GNorm = 0.1985, lr_0 = 2.5610e-04
Loss = 3.0306e-02, PNorm = 64.8495, GNorm = 0.3874, lr_0 = 2.5363e-04
Loss = 3.3216e-02, PNorm = 64.8648, GNorm = 0.2590, lr_0 = 2.5119e-04
Loss = 2.2396e-02, PNorm = 64.8872, GNorm = 0.0599, lr_0 = 2.4877e-04
Loss = 2.8249e-02, PNorm = 64.9074, GNorm = 0.1247, lr_0 = 2.4638e-04
Loss = 1.8464e-02, PNorm = 64.9257, GNorm = 0.4645, lr_0 = 2.4400e-04
Validation auc = 0.868624
Epoch 19
Loss = 2.4306e-02, PNorm = 64.9356, GNorm = 0.3469, lr_0 = 2.4165e-04
Loss = 2.2166e-02, PNorm = 64.9445, GNorm = 0.3649, lr_0 = 2.3933e-04
Loss = 2.3419e-02, PNorm = 64.9541, GNorm = 0.0311, lr_0 = 2.3702e-04
Loss = 1.6709e-02, PNorm = 64.9737, GNorm = 0.1556, lr_0 = 2.3474e-04
Loss = 2.2407e-02, PNorm = 64.9944, GNorm = 0.1768, lr_0 = 2.3248e-04
Loss = 3.3519e-02, PNorm = 65.0107, GNorm = 0.1553, lr_0 = 2.3024e-04
Loss = 3.4769e-02, PNorm = 65.0352, GNorm = 0.3888, lr_0 = 2.2803e-04
Loss = 2.0448e-02, PNorm = 65.0554, GNorm = 0.5288, lr_0 = 2.2583e-04
Loss = 2.2941e-02, PNorm = 65.0533, GNorm = 0.0580, lr_0 = 2.2366e-04
Validation auc = 0.868616
Epoch 20
Loss = 1.9348e-02, PNorm = 65.0743, GNorm = 0.3060, lr_0 = 2.2129e-04
Loss = 2.0578e-02, PNorm = 65.0966, GNorm = 0.2918, lr_0 = 2.1916e-04
Loss = 2.3096e-02, PNorm = 65.1046, GNorm = 0.0862, lr_0 = 2.1705e-04
Loss = 1.5813e-02, PNorm = 65.1179, GNorm = 0.1314, lr_0 = 2.1496e-04
Loss = 2.9644e-02, PNorm = 65.1332, GNorm = 0.2089, lr_0 = 2.1289e-04
Loss = 2.0522e-02, PNorm = 65.1431, GNorm = 0.1867, lr_0 = 2.1084e-04
Loss = 1.5731e-02, PNorm = 65.1601, GNorm = 0.2144, lr_0 = 2.0881e-04
Loss = 1.9677e-02, PNorm = 65.1750, GNorm = 0.3652, lr_0 = 2.0680e-04
Validation auc = 0.866398
Epoch 21
Loss = 2.1863e-02, PNorm = 65.1771, GNorm = 0.4111, lr_0 = 2.0481e-04
Loss = 1.8054e-02, PNorm = 65.2067, GNorm = 0.1386, lr_0 = 2.0283e-04
Loss = 1.1134e-02, PNorm = 65.2247, GNorm = 0.0383, lr_0 = 2.0088e-04
Loss = 3.8199e-02, PNorm = 65.2239, GNorm = 0.3021, lr_0 = 1.9895e-04
Loss = 1.9395e-02, PNorm = 65.2366, GNorm = 0.0959, lr_0 = 1.9703e-04
Loss = 2.1544e-02, PNorm = 65.2523, GNorm = 0.0822, lr_0 = 1.9514e-04
Loss = 2.4071e-02, PNorm = 65.2678, GNorm = 0.3055, lr_0 = 1.9326e-04
Loss = 1.8241e-02, PNorm = 65.2750, GNorm = 0.1165, lr_0 = 1.9140e-04
Loss = 2.0492e-02, PNorm = 65.2923, GNorm = 0.6420, lr_0 = 1.8955e-04
Validation auc = 0.867278
Epoch 22
Loss = 7.3162e-03, PNorm = 65.3087, GNorm = 0.0385, lr_0 = 1.8773e-04
Loss = 2.8465e-02, PNorm = 65.3183, GNorm = 0.0342, lr_0 = 1.8592e-04
Loss = 5.8373e-03, PNorm = 65.3303, GNorm = 0.0496, lr_0 = 1.8413e-04
Loss = 1.9217e-02, PNorm = 65.3433, GNorm = 0.1321, lr_0 = 1.8236e-04
Loss = 2.6901e-02, PNorm = 65.3464, GNorm = 0.2796, lr_0 = 1.8060e-04
Loss = 1.4818e-02, PNorm = 65.3627, GNorm = 0.0441, lr_0 = 1.7886e-04
Loss = 2.5308e-02, PNorm = 65.3758, GNorm = 0.3436, lr_0 = 1.7714e-04
Loss = 2.5569e-02, PNorm = 65.3823, GNorm = 0.1944, lr_0 = 1.7544e-04
Validation auc = 0.807360
Epoch 23
Loss = 1.3129e-02, PNorm = 65.4080, GNorm = 0.1619, lr_0 = 1.7358e-04
Loss = 2.3358e-02, PNorm = 65.4228, GNorm = 0.6186, lr_0 = 1.7191e-04
Loss = 2.5909e-02, PNorm = 65.4206, GNorm = 0.2457, lr_0 = 1.7025e-04
Loss = 1.4875e-02, PNorm = 65.4442, GNorm = 0.0479, lr_0 = 1.6861e-04
Loss = 1.4815e-02, PNorm = 65.4561, GNorm = 0.0445, lr_0 = 1.6699e-04
Loss = 1.3042e-02, PNorm = 65.4670, GNorm = 0.1011, lr_0 = 1.6538e-04
Loss = 1.4976e-02, PNorm = 65.4770, GNorm = 0.2568, lr_0 = 1.6379e-04
Loss = 1.6493e-02, PNorm = 65.4775, GNorm = 0.1672, lr_0 = 1.6221e-04
Loss = 2.5908e-02, PNorm = 65.4877, GNorm = 0.1966, lr_0 = 1.6065e-04
Validation auc = 0.854892
Epoch 24
Loss = 3.3177e-02, PNorm = 65.5019, GNorm = 0.2465, lr_0 = 1.5910e-04
Loss = 1.4782e-02, PNorm = 65.5134, GNorm = 0.0752, lr_0 = 1.5757e-04
Loss = 2.2442e-02, PNorm = 65.5240, GNorm = 0.3879, lr_0 = 1.5605e-04
Loss = 1.1306e-02, PNorm = 65.5311, GNorm = 0.0567, lr_0 = 1.5455e-04
Loss = 2.2426e-02, PNorm = 65.5399, GNorm = 0.0983, lr_0 = 1.5306e-04
Loss = 9.4279e-03, PNorm = 65.5549, GNorm = 0.0778, lr_0 = 1.5159e-04
Loss = 1.8348e-02, PNorm = 65.5629, GNorm = 0.2510, lr_0 = 1.5013e-04
Loss = 1.2455e-02, PNorm = 65.5702, GNorm = 0.0044, lr_0 = 1.4869e-04
Loss = 1.6072e-02, PNorm = 65.5783, GNorm = 0.0353, lr_0 = 1.4725e-04
Validation auc = 0.854578
Epoch 25
Loss = 1.9716e-02, PNorm = 65.5837, GNorm = 0.2229, lr_0 = 1.4584e-04
Loss = 1.1893e-02, PNorm = 65.6010, GNorm = 0.2000, lr_0 = 1.4443e-04
Loss = 1.5909e-02, PNorm = 65.6116, GNorm = 0.6930, lr_0 = 1.4304e-04
Loss = 1.7717e-02, PNorm = 65.6143, GNorm = 0.3796, lr_0 = 1.4166e-04
Loss = 1.5769e-02, PNorm = 65.6294, GNorm = 0.1942, lr_0 = 1.4030e-04
Loss = 1.0196e-02, PNorm = 65.6424, GNorm = 0.1363, lr_0 = 1.3895e-04
Loss = 1.2010e-02, PNorm = 65.6513, GNorm = 0.0068, lr_0 = 1.3761e-04
Loss = 1.4288e-02, PNorm = 65.6530, GNorm = 0.3387, lr_0 = 1.3629e-04
Validation auc = 0.832277
Epoch 26
Loss = 1.6495e-02, PNorm = 65.6527, GNorm = 0.2307, lr_0 = 1.3484e-04
Loss = 1.7448e-02, PNorm = 65.6703, GNorm = 0.1360, lr_0 = 1.3355e-04
Loss = 7.8440e-03, PNorm = 65.6816, GNorm = 0.0402, lr_0 = 1.3226e-04
Loss = 1.1020e-02, PNorm = 65.6891, GNorm = 0.0040, lr_0 = 1.3099e-04
Loss = 2.0453e-02, PNorm = 65.6897, GNorm = 0.0380, lr_0 = 1.2973e-04
Loss = 1.6626e-02, PNorm = 65.6947, GNorm = 0.1774, lr_0 = 1.2848e-04
Loss = 1.4429e-02, PNorm = 65.7065, GNorm = 0.0281, lr_0 = 1.2724e-04
Loss = 2.0996e-02, PNorm = 65.7142, GNorm = 0.1337, lr_0 = 1.2601e-04
Loss = 8.2171e-03, PNorm = 65.7162, GNorm = 0.3728, lr_0 = 1.2480e-04
Validation auc = 0.854330
Epoch 27
Loss = 1.1000e-02, PNorm = 65.7225, GNorm = 0.0201, lr_0 = 1.2360e-04
Loss = 5.8255e-03, PNorm = 65.7328, GNorm = 0.0113, lr_0 = 1.2241e-04
Loss = 7.6196e-03, PNorm = 65.7401, GNorm = 0.1904, lr_0 = 1.2123e-04
Loss = 5.9681e-03, PNorm = 65.7432, GNorm = 0.0201, lr_0 = 1.2006e-04
Loss = 9.3785e-03, PNorm = 65.7445, GNorm = 0.0413, lr_0 = 1.1891e-04
Loss = 2.1229e-02, PNorm = 65.7497, GNorm = 0.5394, lr_0 = 1.1776e-04
Loss = 1.6652e-02, PNorm = 65.7573, GNorm = 0.3617, lr_0 = 1.1663e-04
Loss = 1.3998e-02, PNorm = 65.7689, GNorm = 0.0386, lr_0 = 1.1551e-04
Validation auc = 0.849817
Epoch 28
Loss = 2.3317e-02, PNorm = 65.7696, GNorm = 0.2473, lr_0 = 1.1428e-04
Loss = 7.1440e-03, PNorm = 65.7780, GNorm = 0.0590, lr_0 = 1.1318e-04
Loss = 1.8467e-02, PNorm = 65.7853, GNorm = 0.3579, lr_0 = 1.1209e-04
Loss = 1.4522e-02, PNorm = 65.7954, GNorm = 0.0760, lr_0 = 1.1101e-04
Loss = 1.1729e-02, PNorm = 65.7984, GNorm = 0.0178, lr_0 = 1.0995e-04
Loss = 1.2465e-02, PNorm = 65.8015, GNorm = 0.0701, lr_0 = 1.0889e-04
Loss = 1.1712e-02, PNorm = 65.8068, GNorm = 0.1101, lr_0 = 1.0784e-04
Loss = 2.1771e-02, PNorm = 65.8077, GNorm = 0.1596, lr_0 = 1.0680e-04
Loss = 1.0625e-02, PNorm = 65.8221, GNorm = 0.2058, lr_0 = 1.0577e-04
Validation auc = 0.829466
Epoch 29
Loss = 8.7409e-03, PNorm = 65.8311, GNorm = 0.4481, lr_0 = 1.0475e-04
Loss = 1.7792e-02, PNorm = 65.8315, GNorm = 0.6668, lr_0 = 1.0374e-04
Loss = 1.3295e-02, PNorm = 65.8342, GNorm = 0.1198, lr_0 = 1.0275e-04
Loss = 7.1073e-03, PNorm = 65.8442, GNorm = 0.2055, lr_0 = 1.0176e-04
Loss = 7.7448e-03, PNorm = 65.8503, GNorm = 0.0081, lr_0 = 1.0078e-04
Loss = 1.8979e-02, PNorm = 65.8499, GNorm = 0.1327, lr_0 = 1.0000e-04
Loss = 1.1017e-02, PNorm = 65.8586, GNorm = 0.1253, lr_0 = 1.0000e-04
Loss = 1.1931e-02, PNorm = 65.8634, GNorm = 0.1403, lr_0 = 1.0000e-04
Validation auc = 0.839517
Model 0 best validation auc = 0.886605 on epoch 11
Loading pretrained parameter "encoder.encoder.0.cached_zero_vector".
Loading pretrained parameter "encoder.encoder.0.W_i.weight".
Loading pretrained parameter "encoder.encoder.0.W_h.weight".
Loading pretrained parameter "encoder.encoder.0.W_o.weight".
Loading pretrained parameter "encoder.encoder.0.W_o.bias".
Loading pretrained parameter "ffn.1.weight".
Loading pretrained parameter "ffn.1.bias".
Loading pretrained parameter "ffn.4.weight".
Loading pretrained parameter "ffn.4.bias".
Moving model to cuda
Model 0 test auc = 0.832196
Ensemble test auc = 0.832196
Fold 2
Splitting data with seed 2
Total scaffolds = 3,467 | train scaffolds = 2,630 | val scaffolds = 419 | test scaffolds = 418
Label averages per scaffold, in decreasing order of scaffold frequency,capped at 10 scaffolds and 20 labels:
Scaffold 0
Task 0: count = 381 | target average = 0.018373
Task 1: count = 381 | target average = 0.013123


Scaffold 1
Task 0: count = 305 | target average = 0.009836
Task 1: count = 305 | target average = 0.016393


Scaffold 2
Task 0: count = 36 | target average = 0.000000
Task 1: count = 36 | target average = 0.000000


Scaffold 3
Task 0: count = 29 | target average = 0.000000
Task 1: count = 29 | target average = 0.000000


Scaffold 4
Task 0: count = 26 | target average = 0.000000
Task 1: count = 26 | target average = 0.000000


Scaffold 5
Task 0: count = 23 | target average = 0.000000
Task 1: count = 23 | target average = 0.000000


Scaffold 6
Task 0: count = 22 | target average = 0.090909
Task 1: count = 22 | target average = 0.090909


Scaffold 7
Task 0: count = 20 | target average = 0.000000
Task 1: count = 20 | target average = 0.000000


Scaffold 8
Task 0: count = 20 | target average = 0.000000
Task 1: count = 20 | target average = 0.000000


Scaffold 9
Task 0: count = 20 | target average = 0.050000
Task 1: count = 20 | target average = 0.000000


Class sizes
hit_inh 0: 97.83%, 1: 2.17%
hit_kill 0: 98.64%, 1: 1.36%
Total size = 5,353 | train size = 4,282 | val size = 535 | test size = 536
Building model 0
MoleculeModel(
  (sigmoid): Sigmoid()
  (encoder): MPN(
    (encoder): ModuleList(
      (0): MPNEncoder(
        (dropout_layer): Dropout(p=0.25, inplace=False)
        (act_func): ReLU()
        (W_i): Linear(in_features=147, out_features=1000, bias=False)
        (W_h): Linear(in_features=1000, out_features=1000, bias=False)
        (W_o): Linear(in_features=1133, out_features=1000, bias=True)
      )
    )
  )
  (ffn): Sequential(
    (0): Dropout(p=0.25, inplace=False)
    (1): Linear(in_features=1200, out_features=1000, bias=True)
    (2): ReLU()
    (3): Dropout(p=0.25, inplace=False)
    (4): Linear(in_features=1000, out_features=2, bias=True)
  )
)
Number of parameters = 3,484,002
Moving model to cuda
Epoch 0
Loss = 2.1164e-01, PNorm = 58.4670, GNorm = 0.2477, lr_0 = 1.5824e-04
Loss = 8.4070e-02, PNorm = 58.4772, GNorm = 0.2710, lr_0 = 2.1118e-04
Loss = 1.1430e-01, PNorm = 58.4832, GNorm = 0.3250, lr_0 = 2.6412e-04
Loss = 9.5027e-02, PNorm = 58.4940, GNorm = 0.2433, lr_0 = 3.1706e-04
Loss = 7.6778e-02, PNorm = 58.5044, GNorm = 0.1437, lr_0 = 3.7000e-04
Loss = 9.7894e-02, PNorm = 58.5166, GNorm = 0.2068, lr_0 = 4.2294e-04
Loss = 9.1780e-02, PNorm = 58.5352, GNorm = 0.3799, lr_0 = 4.7588e-04
Loss = 7.8865e-02, PNorm = 58.5545, GNorm = 0.2099, lr_0 = 5.2882e-04
Validation auc = 0.794266
Epoch 1
Loss = 6.1466e-02, PNorm = 58.5842, GNorm = 0.1787, lr_0 = 5.8706e-04
Loss = 7.3003e-02, PNorm = 58.6085, GNorm = 0.3560, lr_0 = 6.4000e-04
Loss = 4.5906e-02, PNorm = 58.6460, GNorm = 0.3393, lr_0 = 6.9294e-04
Loss = 1.2350e-01, PNorm = 58.6668, GNorm = 0.3811, lr_0 = 7.4588e-04
Loss = 7.4500e-02, PNorm = 58.7222, GNorm = 0.3586, lr_0 = 7.9882e-04
Loss = 8.5379e-02, PNorm = 58.7561, GNorm = 0.2050, lr_0 = 8.5176e-04
Loss = 9.5229e-02, PNorm = 58.8029, GNorm = 0.1781, lr_0 = 9.0471e-04
Loss = 1.1450e-01, PNorm = 58.8607, GNorm = 0.4132, lr_0 = 9.5765e-04
Loss = 6.3916e-02, PNorm = 58.9185, GNorm = 0.1568, lr_0 = 9.9807e-04
Validation auc = 0.848595
Epoch 2
Loss = 7.5595e-02, PNorm = 58.9905, GNorm = 0.4054, lr_0 = 9.8846e-04
Loss = 6.6945e-02, PNorm = 59.0531, GNorm = 0.3209, lr_0 = 9.7894e-04
Loss = 9.6137e-02, PNorm = 59.1086, GNorm = 0.1939, lr_0 = 9.6952e-04
Loss = 7.4128e-02, PNorm = 59.1509, GNorm = 0.3380, lr_0 = 9.6018e-04
Loss = 9.2554e-02, PNorm = 59.1933, GNorm = 0.1972, lr_0 = 9.5094e-04
Loss = 5.7039e-02, PNorm = 59.2478, GNorm = 0.1339, lr_0 = 9.4178e-04
Loss = 4.6003e-02, PNorm = 59.2779, GNorm = 0.1524, lr_0 = 9.3271e-04
Loss = 6.2891e-02, PNorm = 59.3150, GNorm = 0.1191, lr_0 = 9.2373e-04
Validation auc = 0.805813
Epoch 3
Loss = 7.8946e-02, PNorm = 59.3565, GNorm = 0.2079, lr_0 = 9.1395e-04
Loss = 8.4555e-02, PNorm = 59.4121, GNorm = 0.1657, lr_0 = 9.0515e-04
Loss = 7.4441e-02, PNorm = 59.4726, GNorm = 0.2949, lr_0 = 8.9644e-04
Loss = 2.6199e-02, PNorm = 59.5308, GNorm = 0.0236, lr_0 = 8.8781e-04
Loss = 8.0551e-02, PNorm = 59.5514, GNorm = 0.4259, lr_0 = 8.7926e-04
Loss = 6.8495e-02, PNorm = 59.6099, GNorm = 0.0614, lr_0 = 8.7080e-04
Loss = 9.7154e-02, PNorm = 59.6597, GNorm = 0.2462, lr_0 = 8.6241e-04
Loss = 6.5440e-02, PNorm = 59.7196, GNorm = 0.1199, lr_0 = 8.5411e-04
Loss = 5.9432e-02, PNorm = 59.7538, GNorm = 0.1877, lr_0 = 8.4588e-04
Validation auc = 0.828773
Epoch 4
Loss = 3.7915e-02, PNorm = 59.8070, GNorm = 0.0393, lr_0 = 8.3774e-04
Loss = 4.6133e-02, PNorm = 59.8335, GNorm = 0.1484, lr_0 = 8.2967e-04
Loss = 6.2296e-02, PNorm = 59.8667, GNorm = 0.1637, lr_0 = 8.2169e-04
Loss = 7.9713e-02, PNorm = 59.8986, GNorm = 0.2006, lr_0 = 8.1377e-04
Loss = 9.6039e-02, PNorm = 59.9513, GNorm = 0.2086, lr_0 = 8.0594e-04
Loss = 4.7125e-02, PNorm = 60.0131, GNorm = 0.2316, lr_0 = 7.9818e-04
Loss = 7.7964e-02, PNorm = 60.0470, GNorm = 0.1963, lr_0 = 7.9050e-04
Loss = 4.7589e-02, PNorm = 60.1139, GNorm = 0.2117, lr_0 = 7.8288e-04
Validation auc = 0.822245
Epoch 5
Loss = 6.8737e-02, PNorm = 60.1506, GNorm = 0.1614, lr_0 = 7.7535e-04
Loss = 7.1440e-02, PNorm = 60.2149, GNorm = 0.1922, lr_0 = 7.6788e-04
Loss = 5.4523e-02, PNorm = 60.2728, GNorm = 0.3335, lr_0 = 7.6049e-04
Loss = 7.1424e-02, PNorm = 60.3269, GNorm = 0.1952, lr_0 = 7.5317e-04
Loss = 3.7752e-02, PNorm = 60.3832, GNorm = 0.0593, lr_0 = 7.4591e-04
Loss = 5.8211e-02, PNorm = 60.4104, GNorm = 0.1779, lr_0 = 7.3873e-04
Loss = 7.3221e-02, PNorm = 60.4474, GNorm = 0.1544, lr_0 = 7.3162e-04
Loss = 4.5265e-02, PNorm = 60.5008, GNorm = 0.0465, lr_0 = 7.2458e-04
Loss = 6.2627e-02, PNorm = 60.5261, GNorm = 0.1536, lr_0 = 7.1760e-04
Validation auc = 0.838860
Epoch 6
Loss = 4.3599e-02, PNorm = 60.5813, GNorm = 0.0574, lr_0 = 7.1000e-04
Loss = 7.7181e-02, PNorm = 60.6075, GNorm = 0.1286, lr_0 = 7.0317e-04
Loss = 6.1351e-02, PNorm = 60.6518, GNorm = 0.1962, lr_0 = 6.9640e-04
Loss = 7.1522e-02, PNorm = 60.7122, GNorm = 0.1615, lr_0 = 6.8969e-04
Loss = 5.3937e-02, PNorm = 60.7651, GNorm = 0.1122, lr_0 = 6.8305e-04
Loss = 4.8589e-02, PNorm = 60.8196, GNorm = 0.1010, lr_0 = 6.7648e-04
Loss = 5.7147e-02, PNorm = 60.8762, GNorm = 0.4666, lr_0 = 6.6996e-04
Loss = 2.2827e-02, PNorm = 60.9495, GNorm = 0.0513, lr_0 = 6.6351e-04
Validation auc = 0.839344
Epoch 7
Loss = 3.8511e-02, PNorm = 60.9906, GNorm = 0.2021, lr_0 = 6.5712e-04
Loss = 4.8291e-02, PNorm = 61.0666, GNorm = 0.2403, lr_0 = 6.5080e-04
Loss = 7.9856e-02, PNorm = 61.1243, GNorm = 0.2135, lr_0 = 6.4453e-04
Loss = 5.6573e-02, PNorm = 61.1965, GNorm = 0.1275, lr_0 = 6.3833e-04
Loss = 5.3810e-02, PNorm = 61.2347, GNorm = 0.0983, lr_0 = 6.3218e-04
Loss = 3.8477e-02, PNorm = 61.2906, GNorm = 0.1186, lr_0 = 6.2609e-04
Loss = 4.8740e-02, PNorm = 61.3404, GNorm = 0.1224, lr_0 = 6.2006e-04
Loss = 5.2651e-02, PNorm = 61.3916, GNorm = 0.2457, lr_0 = 6.1409e-04
Loss = 5.0895e-02, PNorm = 61.4496, GNorm = 0.0952, lr_0 = 6.0818e-04
Validation auc = 0.888869
Epoch 8
Loss = 3.5147e-02, PNorm = 61.4929, GNorm = 0.1997, lr_0 = 6.0233e-04
Loss = 4.9121e-02, PNorm = 61.5387, GNorm = 0.1086, lr_0 = 5.9653e-04
Loss = 6.4073e-02, PNorm = 61.5822, GNorm = 0.2893, lr_0 = 5.9078e-04
Loss = 6.2405e-02, PNorm = 61.6240, GNorm = 0.2234, lr_0 = 5.8510e-04
Loss = 4.5229e-02, PNorm = 61.6852, GNorm = 0.0993, lr_0 = 5.7946e-04
Loss = 4.4239e-02, PNorm = 61.7606, GNorm = 0.2683, lr_0 = 5.7388e-04
Loss = 4.4919e-02, PNorm = 61.8081, GNorm = 0.1917, lr_0 = 5.6836e-04
Loss = 5.8430e-02, PNorm = 61.8546, GNorm = 0.3223, lr_0 = 5.6289e-04
Loss = 4.1439e-02, PNorm = 61.8964, GNorm = 0.2292, lr_0 = 5.5747e-04
Loss = 1.1315e-02, PNorm = 61.9025, GNorm = 0.1168, lr_0 = 5.5693e-04
Validation auc = 0.895683
Epoch 9
Loss = 4.4722e-02, PNorm = 61.9761, GNorm = 0.1457, lr_0 = 5.5156e-04
Loss = 6.5430e-02, PNorm = 61.9988, GNorm = 0.2835, lr_0 = 5.4625e-04
Loss = 3.7845e-02, PNorm = 62.0607, GNorm = 0.0861, lr_0 = 5.4100e-04
Loss = 2.6016e-02, PNorm = 62.0997, GNorm = 0.1471, lr_0 = 5.3579e-04
Loss = 6.6676e-02, PNorm = 62.1318, GNorm = 0.1949, lr_0 = 5.3063e-04
Loss = 3.7141e-02, PNorm = 62.1997, GNorm = 0.2092, lr_0 = 5.2552e-04
Loss = 4.8695e-02, PNorm = 62.2285, GNorm = 0.1807, lr_0 = 5.2046e-04
Loss = 4.4414e-02, PNorm = 62.2764, GNorm = 0.2690, lr_0 = 5.1545e-04
Validation auc = 0.873951
Epoch 10
Loss = 3.1244e-02, PNorm = 62.3161, GNorm = 0.0878, lr_0 = 5.1049e-04
Loss = 5.6902e-02, PNorm = 62.3630, GNorm = 0.1667, lr_0 = 5.0557e-04
Loss = 2.8899e-02, PNorm = 62.4028, GNorm = 0.0889, lr_0 = 5.0070e-04
Loss = 1.8207e-02, PNorm = 62.4278, GNorm = 0.1421, lr_0 = 4.9588e-04
Loss = 4.9408e-02, PNorm = 62.4413, GNorm = 0.2156, lr_0 = 4.9111e-04
Loss = 5.7373e-02, PNorm = 62.4806, GNorm = 0.1305, lr_0 = 4.8638e-04
Loss = 5.1091e-02, PNorm = 62.5276, GNorm = 0.1476, lr_0 = 4.8170e-04
Loss = 4.1437e-02, PNorm = 62.5748, GNorm = 0.3871, lr_0 = 4.7706e-04
Loss = 3.0345e-02, PNorm = 62.6122, GNorm = 0.2900, lr_0 = 4.7247e-04
Validation auc = 0.887272
Epoch 11
Loss = 6.3077e-02, PNorm = 62.6870, GNorm = 0.1784, lr_0 = 4.6792e-04
Loss = 3.4015e-02, PNorm = 62.7499, GNorm = 0.2040, lr_0 = 4.6341e-04
Loss = 2.0775e-02, PNorm = 62.7885, GNorm = 0.1364, lr_0 = 4.5895e-04
Loss = 4.0515e-02, PNorm = 62.8168, GNorm = 0.0487, lr_0 = 4.5453e-04
Loss = 5.1362e-02, PNorm = 62.8460, GNorm = 0.1807, lr_0 = 4.5015e-04
Loss = 5.4179e-02, PNorm = 62.8925, GNorm = 0.0534, lr_0 = 4.4582e-04
Loss = 3.5322e-02, PNorm = 62.9227, GNorm = 0.1371, lr_0 = 4.4153e-04
Loss = 4.6622e-02, PNorm = 62.9690, GNorm = 0.2004, lr_0 = 4.3728e-04
Validation auc = 0.867940
Epoch 12
Loss = 2.9545e-02, PNorm = 63.0025, GNorm = 0.2194, lr_0 = 4.3265e-04
Loss = 2.4306e-02, PNorm = 63.0315, GNorm = 0.1148, lr_0 = 4.2848e-04
Loss = 3.2173e-02, PNorm = 63.0664, GNorm = 0.1801, lr_0 = 4.2436e-04
Loss = 5.0384e-02, PNorm = 63.0920, GNorm = 0.4769, lr_0 = 4.2027e-04
Loss = 4.1706e-02, PNorm = 63.1248, GNorm = 0.5291, lr_0 = 4.1622e-04
Loss = 2.2749e-02, PNorm = 63.1714, GNorm = 0.6586, lr_0 = 4.1222e-04
Loss = 5.2407e-02, PNorm = 63.1729, GNorm = 0.1726, lr_0 = 4.0825e-04
Loss = 4.5669e-02, PNorm = 63.2132, GNorm = 0.3070, lr_0 = 4.0432e-04
Loss = 3.7371e-02, PNorm = 63.2814, GNorm = 0.2048, lr_0 = 4.0042e-04
Validation auc = 0.892822
Epoch 13
Loss = 1.0365e-02, PNorm = 63.3094, GNorm = 0.2183, lr_0 = 3.9657e-04
Loss = 3.8864e-02, PNorm = 63.3387, GNorm = 0.1485, lr_0 = 3.9275e-04
Loss = 9.9290e-03, PNorm = 63.3749, GNorm = 0.0339, lr_0 = 3.8897e-04
Loss = 3.4930e-02, PNorm = 63.4008, GNorm = 0.2218, lr_0 = 3.8522e-04
Loss = 3.9119e-02, PNorm = 63.4362, GNorm = 0.1589, lr_0 = 3.8152e-04
Loss = 4.1558e-02, PNorm = 63.4720, GNorm = 0.3731, lr_0 = 3.7784e-04
Loss = 4.3075e-02, PNorm = 63.4878, GNorm = 0.2639, lr_0 = 3.7420e-04
Loss = 2.8049e-02, PNorm = 63.5186, GNorm = 0.0783, lr_0 = 3.7060e-04
Validation auc = 0.877826
Epoch 14
Loss = 1.1265e-02, PNorm = 63.5339, GNorm = 0.0974, lr_0 = 3.6668e-04
Loss = 2.5278e-02, PNorm = 63.5684, GNorm = 0.1844, lr_0 = 3.6315e-04
Loss = 3.4252e-02, PNorm = 63.5959, GNorm = 0.2240, lr_0 = 3.5965e-04
Loss = 2.9697e-02, PNorm = 63.6184, GNorm = 0.0596, lr_0 = 3.5619e-04
Loss = 3.4057e-02, PNorm = 63.6513, GNorm = 0.0473, lr_0 = 3.5276e-04
Loss = 3.6088e-02, PNorm = 63.6766, GNorm = 0.3420, lr_0 = 3.4936e-04
Loss = 6.7920e-02, PNorm = 63.6868, GNorm = 0.1736, lr_0 = 3.4600e-04
Loss = 2.9276e-02, PNorm = 63.7247, GNorm = 0.0903, lr_0 = 3.4267e-04
Loss = 3.4648e-02, PNorm = 63.7564, GNorm = 0.0375, lr_0 = 3.3937e-04
Validation auc = 0.888385
Epoch 15
Loss = 2.5645e-02, PNorm = 63.7774, GNorm = 0.1314, lr_0 = 3.3610e-04
Loss = 3.4175e-02, PNorm = 63.8051, GNorm = 0.1403, lr_0 = 3.3287e-04
Loss = 2.4139e-02, PNorm = 63.8326, GNorm = 0.1413, lr_0 = 3.2966e-04
Loss = 2.8214e-02, PNorm = 63.8625, GNorm = 0.0239, lr_0 = 3.2649e-04
Loss = 4.6840e-02, PNorm = 63.8696, GNorm = 0.0985, lr_0 = 3.2334e-04
Loss = 2.3528e-02, PNorm = 63.9061, GNorm = 0.0924, lr_0 = 3.2023e-04
Loss = 3.5853e-02, PNorm = 63.9471, GNorm = 0.2732, lr_0 = 3.1715e-04
Loss = 9.7467e-03, PNorm = 63.9779, GNorm = 0.0966, lr_0 = 3.1409e-04
Loss = 4.6739e-02, PNorm = 63.9840, GNorm = 0.0713, lr_0 = 3.1107e-04
Validation auc = 0.878930
Epoch 16
Loss = 2.6356e-02, PNorm = 64.0135, GNorm = 0.1796, lr_0 = 3.0807e-04
Loss = 3.7940e-02, PNorm = 64.0413, GNorm = 0.2929, lr_0 = 3.0511e-04
Loss = 3.2440e-02, PNorm = 64.0722, GNorm = 0.1777, lr_0 = 3.0217e-04
Loss = 1.4834e-02, PNorm = 64.0997, GNorm = 0.0445, lr_0 = 2.9926e-04
Loss = 3.6928e-02, PNorm = 64.1125, GNorm = 0.2281, lr_0 = 2.9638e-04
Loss = 2.7711e-02, PNorm = 64.1302, GNorm = 0.0922, lr_0 = 2.9353e-04
Loss = 2.4309e-02, PNorm = 64.1583, GNorm = 0.2437, lr_0 = 2.9070e-04
Loss = 4.3401e-02, PNorm = 64.1915, GNorm = 0.1587, lr_0 = 2.8790e-04
Validation auc = 0.873418
Epoch 17
Loss = 2.3102e-02, PNorm = 64.2233, GNorm = 0.0232, lr_0 = 2.8485e-04
Loss = 3.1206e-02, PNorm = 64.2397, GNorm = 0.3450, lr_0 = 2.8211e-04
Loss = 2.3427e-02, PNorm = 64.2642, GNorm = 0.2494, lr_0 = 2.7939e-04
Loss = 3.5967e-02, PNorm = 64.2855, GNorm = 0.1868, lr_0 = 2.7670e-04
Loss = 2.5985e-02, PNorm = 64.3135, GNorm = 0.0605, lr_0 = 2.7404e-04
Loss = 2.9240e-02, PNorm = 64.3317, GNorm = 0.0486, lr_0 = 2.7140e-04
Loss = 2.0413e-02, PNorm = 64.3527, GNorm = 0.1503, lr_0 = 2.6879e-04
Loss = 3.1469e-02, PNorm = 64.3765, GNorm = 0.0334, lr_0 = 2.6620e-04
Loss = 1.8528e-02, PNorm = 64.3988, GNorm = 0.0161, lr_0 = 2.6364e-04
Validation auc = 0.872970
Epoch 18
Loss = 2.7847e-02, PNorm = 64.4108, GNorm = 0.1041, lr_0 = 2.6110e-04
Loss = 3.0970e-02, PNorm = 64.4339, GNorm = 0.2283, lr_0 = 2.5859e-04
Loss = 2.5151e-02, PNorm = 64.4614, GNorm = 0.1498, lr_0 = 2.5610e-04
Loss = 1.1564e-02, PNorm = 64.4786, GNorm = 0.0179, lr_0 = 2.5363e-04
Loss = 3.9273e-02, PNorm = 64.4874, GNorm = 0.0814, lr_0 = 2.5119e-04
Loss = 2.4715e-02, PNorm = 64.5118, GNorm = 0.0457, lr_0 = 2.4877e-04
Loss = 4.2657e-02, PNorm = 64.5284, GNorm = 0.1765, lr_0 = 2.4638e-04
Loss = 2.9361e-02, PNorm = 64.5503, GNorm = 0.4730, lr_0 = 2.4400e-04
Validation auc = 0.861262
Epoch 19
Loss = 6.9849e-03, PNorm = 64.5690, GNorm = 0.0396, lr_0 = 2.4165e-04
Loss = 1.7440e-02, PNorm = 64.5842, GNorm = 0.2740, lr_0 = 2.3933e-04
Loss = 2.6452e-02, PNorm = 64.5970, GNorm = 0.3800, lr_0 = 2.3702e-04
Loss = 2.3462e-02, PNorm = 64.6149, GNorm = 0.1445, lr_0 = 2.3474e-04
Loss = 2.3620e-02, PNorm = 64.6300, GNorm = 0.1378, lr_0 = 2.3248e-04
Loss = 4.0433e-02, PNorm = 64.6478, GNorm = 0.3515, lr_0 = 2.3024e-04
Loss = 1.9525e-02, PNorm = 64.6738, GNorm = 0.0897, lr_0 = 2.2803e-04
Loss = 1.4542e-02, PNorm = 64.6950, GNorm = 0.1513, lr_0 = 2.2583e-04
Loss = 1.0891e-02, PNorm = 64.7048, GNorm = 0.1617, lr_0 = 2.2366e-04
Validation auc = 0.868832
Epoch 20
Loss = 1.7938e-02, PNorm = 64.7101, GNorm = 0.1652, lr_0 = 2.2129e-04
Loss = 1.4334e-02, PNorm = 64.7219, GNorm = 0.0872, lr_0 = 2.1916e-04
Loss = 2.1022e-02, PNorm = 64.7329, GNorm = 0.3898, lr_0 = 2.1705e-04
Loss = 2.2505e-02, PNorm = 64.7517, GNorm = 0.2497, lr_0 = 2.1496e-04
Loss = 1.3872e-02, PNorm = 64.7737, GNorm = 0.2487, lr_0 = 2.1289e-04
Loss = 2.6845e-02, PNorm = 64.7862, GNorm = 0.4249, lr_0 = 2.1084e-04
Loss = 2.3797e-02, PNorm = 64.8013, GNorm = 0.2925, lr_0 = 2.0881e-04
Loss = 3.3590e-02, PNorm = 64.8155, GNorm = 0.0254, lr_0 = 2.0680e-04
Validation auc = 0.875945
Epoch 21
Loss = 2.1106e-02, PNorm = 64.8184, GNorm = 0.3163, lr_0 = 2.0481e-04
Loss = 2.3885e-02, PNorm = 64.8315, GNorm = 0.2516, lr_0 = 2.0283e-04
Loss = 2.5357e-02, PNorm = 64.8525, GNorm = 0.6442, lr_0 = 2.0088e-04
Loss = 1.9237e-02, PNorm = 64.8743, GNorm = 0.2680, lr_0 = 1.9895e-04
Loss = 2.4049e-02, PNorm = 64.8863, GNorm = 0.2041, lr_0 = 1.9703e-04
Loss = 1.7243e-02, PNorm = 64.9078, GNorm = 0.1379, lr_0 = 1.9514e-04
Loss = 1.6037e-02, PNorm = 64.9254, GNorm = 0.0259, lr_0 = 1.9326e-04
Loss = 2.7659e-02, PNorm = 64.9260, GNorm = 0.0277, lr_0 = 1.9140e-04
Loss = 2.9386e-02, PNorm = 64.9355, GNorm = 0.2700, lr_0 = 1.8955e-04
Validation auc = 0.887617
Epoch 22
Loss = 1.7859e-02, PNorm = 64.9526, GNorm = 0.0512, lr_0 = 1.8773e-04
Loss = 2.2748e-02, PNorm = 64.9642, GNorm = 0.0528, lr_0 = 1.8592e-04
Loss = 1.7507e-02, PNorm = 64.9795, GNorm = 0.1786, lr_0 = 1.8413e-04
Loss = 2.2130e-02, PNorm = 64.9891, GNorm = 0.0854, lr_0 = 1.8236e-04
Loss = 2.1808e-02, PNorm = 65.0045, GNorm = 0.3077, lr_0 = 1.8060e-04
Loss = 2.2478e-02, PNorm = 65.0179, GNorm = 0.2230, lr_0 = 1.7886e-04
Loss = 2.0724e-02, PNorm = 65.0289, GNorm = 0.3133, lr_0 = 1.7714e-04
Loss = 1.2635e-02, PNorm = 65.0390, GNorm = 0.0774, lr_0 = 1.7544e-04
Validation auc = 0.843678
Epoch 23
Loss = 3.4239e-02, PNorm = 65.0522, GNorm = 0.2701, lr_0 = 1.7358e-04
Loss = 2.3696e-02, PNorm = 65.0644, GNorm = 0.0052, lr_0 = 1.7191e-04
Loss = 1.1195e-02, PNorm = 65.0740, GNorm = 0.1434, lr_0 = 1.7025e-04
Loss = 1.7278e-02, PNorm = 65.0821, GNorm = 0.1614, lr_0 = 1.6861e-04
Loss = 1.3979e-02, PNorm = 65.0961, GNorm = 0.1817, lr_0 = 1.6699e-04
Loss = 5.1846e-03, PNorm = 65.1068, GNorm = 0.0127, lr_0 = 1.6538e-04
Loss = 1.6768e-02, PNorm = 65.1115, GNorm = 0.3397, lr_0 = 1.6379e-04
Loss = 1.7576e-02, PNorm = 65.1210, GNorm = 0.0800, lr_0 = 1.6221e-04
Loss = 3.1314e-02, PNorm = 65.1268, GNorm = 0.2942, lr_0 = 1.6065e-04
Validation auc = 0.855363
Epoch 24
Loss = 2.0480e-02, PNorm = 65.1369, GNorm = 0.2908, lr_0 = 1.5910e-04
Loss = 2.8996e-02, PNorm = 65.1487, GNorm = 0.3894, lr_0 = 1.5757e-04
Loss = 2.6252e-02, PNorm = 65.1545, GNorm = 0.4480, lr_0 = 1.5605e-04
Loss = 2.5970e-02, PNorm = 65.1793, GNorm = 0.0399, lr_0 = 1.5455e-04
Loss = 1.9116e-02, PNorm = 65.1961, GNorm = 0.1584, lr_0 = 1.5306e-04
Loss = 1.7469e-02, PNorm = 65.1999, GNorm = 0.2931, lr_0 = 1.5159e-04
Loss = 1.1298e-02, PNorm = 65.2092, GNorm = 0.1292, lr_0 = 1.5013e-04
Loss = 1.7940e-02, PNorm = 65.2234, GNorm = 0.0870, lr_0 = 1.4869e-04
Loss = 1.3701e-02, PNorm = 65.2351, GNorm = 0.0534, lr_0 = 1.4725e-04
Validation auc = 0.834659
Epoch 25
Loss = 1.4981e-02, PNorm = 65.2445, GNorm = 0.0561, lr_0 = 1.4584e-04
Loss = 2.1604e-02, PNorm = 65.2456, GNorm = 0.0273, lr_0 = 1.4443e-04
Loss = 1.2878e-02, PNorm = 65.2534, GNorm = 0.0386, lr_0 = 1.4304e-04
Loss = 2.3445e-02, PNorm = 65.2711, GNorm = 0.3714, lr_0 = 1.4166e-04
Loss = 1.0512e-02, PNorm = 65.2846, GNorm = 0.0523, lr_0 = 1.4030e-04
Loss = 9.4836e-03, PNorm = 65.2892, GNorm = 0.3367, lr_0 = 1.3895e-04
Loss = 2.1396e-02, PNorm = 65.2900, GNorm = 0.2163, lr_0 = 1.3761e-04
Loss = 1.5773e-02, PNorm = 65.3011, GNorm = 0.0680, lr_0 = 1.3629e-04
Validation auc = 0.840916
Epoch 26
Loss = 1.3786e-02, PNorm = 65.3084, GNorm = 0.1208, lr_0 = 1.3484e-04
Loss = 2.1846e-02, PNorm = 65.3206, GNorm = 0.2583, lr_0 = 1.3355e-04
Loss = 8.6695e-03, PNorm = 65.3298, GNorm = 0.1550, lr_0 = 1.3226e-04
Loss = 5.7199e-03, PNorm = 65.3362, GNorm = 0.0122, lr_0 = 1.3099e-04
Loss = 1.6213e-02, PNorm = 65.3452, GNorm = 0.0492, lr_0 = 1.2973e-04
Loss = 3.3083e-02, PNorm = 65.3493, GNorm = 0.2675, lr_0 = 1.2848e-04
Loss = 8.6753e-03, PNorm = 65.3615, GNorm = 0.0681, lr_0 = 1.2724e-04
Loss = 1.5741e-02, PNorm = 65.3717, GNorm = 0.9481, lr_0 = 1.2601e-04
Loss = 2.9265e-02, PNorm = 65.3690, GNorm = 0.3183, lr_0 = 1.2480e-04
Validation auc = 0.859564
Epoch 27
Loss = 1.5811e-02, PNorm = 65.3779, GNorm = 0.0878, lr_0 = 1.2360e-04
Loss = 1.9808e-02, PNorm = 65.3917, GNorm = 0.5158, lr_0 = 1.2241e-04
Loss = 1.0763e-02, PNorm = 65.3988, GNorm = 0.2869, lr_0 = 1.2123e-04
Loss = 1.0816e-02, PNorm = 65.4053, GNorm = 0.2707, lr_0 = 1.2006e-04
Loss = 7.8477e-03, PNorm = 65.4124, GNorm = 0.1426, lr_0 = 1.1891e-04
Loss = 2.2503e-02, PNorm = 65.4166, GNorm = 0.3815, lr_0 = 1.1776e-04
Loss = 1.2536e-02, PNorm = 65.4259, GNorm = 0.1243, lr_0 = 1.1663e-04
Loss = 2.0080e-02, PNorm = 65.4315, GNorm = 0.2719, lr_0 = 1.1551e-04
Validation auc = 0.835439
Epoch 28
Loss = 4.0593e-02, PNorm = 65.4389, GNorm = 0.1585, lr_0 = 1.1428e-04
Loss = 2.7272e-02, PNorm = 65.4460, GNorm = 0.3536, lr_0 = 1.1318e-04
Loss = 1.3824e-02, PNorm = 65.4533, GNorm = 0.1306, lr_0 = 1.1209e-04
Loss = 1.1414e-02, PNorm = 65.4622, GNorm = 0.0308, lr_0 = 1.1101e-04
Loss = 7.4668e-03, PNorm = 65.4696, GNorm = 0.0967, lr_0 = 1.0995e-04
Loss = 8.7808e-03, PNorm = 65.4745, GNorm = 0.4407, lr_0 = 1.0889e-04
Loss = 7.3131e-03, PNorm = 65.4768, GNorm = 0.1809, lr_0 = 1.0784e-04
Loss = 1.7153e-02, PNorm = 65.4824, GNorm = 0.0299, lr_0 = 1.0680e-04
Loss = 1.1722e-02, PNorm = 65.4880, GNorm = 0.2185, lr_0 = 1.0577e-04
Validation auc = 0.817423
Epoch 29
Loss = 1.7085e-02, PNorm = 65.4973, GNorm = 0.2593, lr_0 = 1.0475e-04
Loss = 4.5335e-03, PNorm = 65.5062, GNorm = 0.0664, lr_0 = 1.0374e-04
Loss = 1.3148e-02, PNorm = 65.5137, GNorm = 0.2433, lr_0 = 1.0275e-04
Loss = 2.9712e-02, PNorm = 65.5169, GNorm = 0.3244, lr_0 = 1.0176e-04
Loss = 1.0530e-02, PNorm = 65.5231, GNorm = 0.1127, lr_0 = 1.0078e-04
Loss = 9.9377e-03, PNorm = 65.5334, GNorm = 0.2704, lr_0 = 1.0000e-04
Loss = 2.0402e-02, PNorm = 65.5392, GNorm = 0.5937, lr_0 = 1.0000e-04
Loss = 8.1251e-03, PNorm = 65.5417, GNorm = 0.1174, lr_0 = 1.0000e-04
Validation auc = 0.819232
Model 0 best validation auc = 0.895683 on epoch 8
Loading pretrained parameter "encoder.encoder.0.cached_zero_vector".
Loading pretrained parameter "encoder.encoder.0.W_i.weight".
Loading pretrained parameter "encoder.encoder.0.W_h.weight".
Loading pretrained parameter "encoder.encoder.0.W_o.weight".
Loading pretrained parameter "encoder.encoder.0.W_o.bias".
Loading pretrained parameter "ffn.1.weight".
Loading pretrained parameter "ffn.1.bias".
Loading pretrained parameter "ffn.4.weight".
Loading pretrained parameter "ffn.4.bias".
Moving model to cuda
Model 0 test auc = 0.835103
Ensemble test auc = 0.835103
3-fold cross validation
	Seed 0 ==> test auc = 0.756545
	Seed 1 ==> test auc = 0.832196
	Seed 2 ==> test auc = 0.835103
Overall test auc = 0.807948 +/- 0.036367
Elapsed time = 0:23:35
