Command line
python /home/jackievaleri8/.conda/envs/chemprop/bin/chemprop_train --init_lr 0.0001 --dropout 0.4 --hidden_size 500 --ffn_num_layers 2 --depth 3 --save_dir round3finalval08162021_models/129 --data_path round3finalval08162021_TRAIN.csv --dataset_type classification --features_path round3finalval08162021_TRAINFTS.npz --no_features_scaling --num_folds 3 --ensemble_size 1 --split_type scaffold_balanced --split_sizes 0.8 0.1 0.1 --smiles_columns SMILES --ignore_columns Name --gpu 0
Args
{'activation': 'ReLU',
 'aggregation': 'mean',
 'aggregation_norm': 100,
 'atom_descriptor_scaling': True,
 'atom_descriptors': None,
 'atom_descriptors_path': None,
 'atom_descriptors_size': 0,
 'atom_features_size': 0,
 'atom_messages': False,
 'batch_size': 50,
 'bias': False,
 'bond_feature_scaling': True,
 'bond_features_path': None,
 'bond_features_size': 0,
 'cache_cutoff': 10000,
 'checkpoint_dir': None,
 'checkpoint_path': None,
 'checkpoint_paths': None,
 'class_balance': False,
 'config_path': None,
 'crossval_index_dir': None,
 'crossval_index_file': None,
 'crossval_index_sets': None,
 'cuda': True,
 'data_path': 'round3finalval08162021_TRAIN.csv',
 'dataset_type': 'classification',
 'depth': 3,
 'device': device(type='cuda', index=0),
 'dropout': 0.4,
 'empty_cache': False,
 'ensemble_size': 1,
 'epochs': 30,
 'explicit_h': False,
 'extra_metrics': [],
 'features_generator': None,
 'features_only': False,
 'features_path': ['round3finalval08162021_TRAINFTS.npz'],
 'features_scaling': False,
 'features_size': None,
 'ffn_hidden_size': 500,
 'ffn_num_layers': 2,
 'final_lr': 0.0001,
 'folds_file': None,
 'gpu': 0,
 'grad_clip': None,
 'hidden_size': 500,
 'ignore_columns': ['Name'],
 'init_lr': 0.0001,
 'log_frequency': 10,
 'max_data_size': None,
 'max_lr': 0.001,
 'metric': 'auc',
 'metrics': ['auc'],
 'minimize_score': False,
 'mpn_shared': False,
 'multiclass_num_classes': 3,
 'no_atom_descriptor_scaling': False,
 'no_bond_features_scaling': False,
 'no_cache_mol': False,
 'no_cuda': False,
 'no_features_scaling': True,
 'num_folds': 3,
 'num_lrs': 1,
 'num_tasks': 2,
 'num_workers': 8,
 'number_of_molecules': 1,
 'overwrite_default_atom_features': False,
 'overwrite_default_bond_features': False,
 'pytorch_seed': 0,
 'quiet': False,
 'reaction': False,
 'reaction_mode': 'reac_diff',
 'resume_experiment': False,
 'save_dir': 'round3finalval08162021_models/129',
 'save_preds': False,
 'save_smiles_splits': False,
 'seed': 0,
 'separate_test_atom_descriptors_path': None,
 'separate_test_bond_features_path': None,
 'separate_test_features_path': None,
 'separate_test_path': None,
 'separate_val_atom_descriptors_path': None,
 'separate_val_bond_features_path': None,
 'separate_val_features_path': None,
 'separate_val_path': None,
 'show_individual_scores': False,
 'smiles_columns': ['SMILES'],
 'split_sizes': (0.8, 0.1, 0.1),
 'split_type': 'scaffold_balanced',
 'target_columns': None,
 'task_names': ['hit_inh', 'hit_kill'],
 'test': False,
 'test_fold_index': None,
 'train_data_size': None,
 'undirected': False,
 'use_input_features': True,
 'val_fold_index': None,
 'warmup_epochs': 2.0}
Loading data
Warning: 23 SMILES are invalid.
Number of tasks = 2
Fold 0
Splitting data with seed 0
Total scaffolds = 3,467 | train scaffolds = 2,650 | val scaffolds = 433 | test scaffolds = 384
Label averages per scaffold, in decreasing order of scaffold frequency,capped at 10 scaffolds and 20 labels:
Scaffold 0
Task 0: count = 381 | target average = 0.018373
Task 1: count = 381 | target average = 0.013123


Scaffold 1
Task 0: count = 305 | target average = 0.009836
Task 1: count = 305 | target average = 0.016393


Scaffold 2
Task 0: count = 36 | target average = 0.000000
Task 1: count = 36 | target average = 0.000000


Scaffold 3
Task 0: count = 29 | target average = 0.000000
Task 1: count = 29 | target average = 0.000000


Scaffold 4
Task 0: count = 26 | target average = 0.000000
Task 1: count = 26 | target average = 0.000000


Scaffold 5
Task 0: count = 23 | target average = 0.000000
Task 1: count = 23 | target average = 0.000000


Scaffold 6
Task 0: count = 22 | target average = 0.090909
Task 1: count = 22 | target average = 0.090909


Scaffold 7
Task 0: count = 20 | target average = 0.000000
Task 1: count = 20 | target average = 0.000000


Scaffold 8
Task 0: count = 20 | target average = 0.000000
Task 1: count = 20 | target average = 0.000000


Scaffold 9
Task 0: count = 20 | target average = 0.050000
Task 1: count = 20 | target average = 0.000000


Class sizes
hit_inh 0: 97.83%, 1: 2.17%
hit_kill 0: 98.64%, 1: 1.36%
Total size = 5,353 | train size = 4,282 | val size = 535 | test size = 536
Building model 0
MoleculeModel(
  (sigmoid): Sigmoid()
  (encoder): MPN(
    (encoder): ModuleList(
      (0): MPNEncoder(
        (dropout_layer): Dropout(p=0.4, inplace=False)
        (act_func): ReLU()
        (W_i): Linear(in_features=147, out_features=500, bias=False)
        (W_h): Linear(in_features=500, out_features=500, bias=False)
        (W_o): Linear(in_features=633, out_features=500, bias=True)
      )
    )
  )
  (ffn): Sequential(
    (0): Dropout(p=0.4, inplace=False)
    (1): Linear(in_features=700, out_features=500, bias=True)
    (2): ReLU()
    (3): Dropout(p=0.4, inplace=False)
    (4): Linear(in_features=500, out_features=2, bias=True)
  )
)
Number of parameters = 992,002
Moving model to cuda
Epoch 0
Loss = 2.7771e-01, PNorm = 43.2954, GNorm = 0.8407, lr_0 = 1.5824e-04
Loss = 1.0114e-01, PNorm = 43.3055, GNorm = 0.6258, lr_0 = 2.1118e-04
Loss = 1.0065e-01, PNorm = 43.3067, GNorm = 0.9732, lr_0 = 2.6412e-04
Loss = 1.1305e-01, PNorm = 43.3055, GNorm = 0.2957, lr_0 = 3.1706e-04
Loss = 1.0343e-01, PNorm = 43.3126, GNorm = 0.5484, lr_0 = 3.7000e-04
Loss = 6.4425e-02, PNorm = 43.3221, GNorm = 0.3623, lr_0 = 4.2294e-04
Loss = 7.2949e-02, PNorm = 43.3288, GNorm = 0.3918, lr_0 = 4.7588e-04
Loss = 6.4135e-02, PNorm = 43.3360, GNorm = 0.2176, lr_0 = 5.2882e-04
Validation auc = 0.615592
Epoch 1
Loss = 3.8888e-02, PNorm = 43.3568, GNorm = 0.1171, lr_0 = 5.8706e-04
Loss = 1.1029e-01, PNorm = 43.3651, GNorm = 0.3107, lr_0 = 6.4000e-04
Loss = 8.8482e-02, PNorm = 43.3956, GNorm = 0.1667, lr_0 = 6.9294e-04
Loss = 9.8241e-02, PNorm = 43.4164, GNorm = 0.2939, lr_0 = 7.4588e-04
Loss = 8.7416e-02, PNorm = 43.4490, GNorm = 0.1585, lr_0 = 7.9882e-04
Loss = 6.0727e-02, PNorm = 43.4836, GNorm = 0.2415, lr_0 = 8.5176e-04
Loss = 1.0041e-01, PNorm = 43.5115, GNorm = 0.2692, lr_0 = 9.0471e-04
Loss = 9.8162e-02, PNorm = 43.5473, GNorm = 0.2800, lr_0 = 9.5765e-04
Loss = 9.9579e-02, PNorm = 43.5916, GNorm = 0.2644, lr_0 = 9.9807e-04
Validation auc = 0.839909
Epoch 2
Loss = 7.0476e-02, PNorm = 43.6448, GNorm = 0.0708, lr_0 = 9.8846e-04
Loss = 6.8677e-02, PNorm = 43.6764, GNorm = 0.1606, lr_0 = 9.7894e-04
Loss = 7.7295e-02, PNorm = 43.7212, GNorm = 0.2472, lr_0 = 9.6952e-04
Loss = 7.9062e-02, PNorm = 43.7567, GNorm = 0.5511, lr_0 = 9.6018e-04
Loss = 7.5551e-02, PNorm = 43.8044, GNorm = 0.2985, lr_0 = 9.5094e-04
Loss = 8.4785e-02, PNorm = 43.8358, GNorm = 0.2229, lr_0 = 9.4178e-04
Loss = 1.2977e-01, PNorm = 43.8811, GNorm = 0.4971, lr_0 = 9.3271e-04
Loss = 5.9806e-02, PNorm = 43.9280, GNorm = 0.3843, lr_0 = 9.2373e-04
Validation auc = 0.846284
Epoch 3
Loss = 6.7685e-02, PNorm = 43.9699, GNorm = 0.3313, lr_0 = 9.1395e-04
Loss = 9.0825e-02, PNorm = 44.0109, GNorm = 0.2694, lr_0 = 9.0515e-04
Loss = 7.7949e-02, PNorm = 44.0742, GNorm = 0.5862, lr_0 = 8.9644e-04
Loss = 7.7441e-02, PNorm = 44.1101, GNorm = 0.1781, lr_0 = 8.8781e-04
Loss = 7.9746e-02, PNorm = 44.1579, GNorm = 0.3388, lr_0 = 8.7926e-04
Loss = 7.8485e-02, PNorm = 44.1811, GNorm = 0.1911, lr_0 = 8.7080e-04
Loss = 5.5760e-02, PNorm = 44.2370, GNorm = 0.1426, lr_0 = 8.6241e-04
Loss = 6.5727e-02, PNorm = 44.2589, GNorm = 0.1553, lr_0 = 8.5411e-04
Loss = 8.0886e-02, PNorm = 44.2992, GNorm = 0.1866, lr_0 = 8.4588e-04
Validation auc = 0.890577
Epoch 4
Loss = 6.6351e-02, PNorm = 44.3492, GNorm = 0.1283, lr_0 = 8.3774e-04
Loss = 5.7069e-02, PNorm = 44.3873, GNorm = 0.1848, lr_0 = 8.2967e-04
Loss = 7.8469e-02, PNorm = 44.4361, GNorm = 0.2224, lr_0 = 8.2169e-04
Loss = 7.9910e-02, PNorm = 44.4889, GNorm = 0.4368, lr_0 = 8.1377e-04
Loss = 9.5065e-02, PNorm = 44.5292, GNorm = 0.2319, lr_0 = 8.0594e-04
Loss = 6.0752e-02, PNorm = 44.5927, GNorm = 0.1895, lr_0 = 7.9818e-04
Loss = 5.4429e-02, PNorm = 44.6301, GNorm = 0.1026, lr_0 = 7.9050e-04
Loss = 6.2650e-02, PNorm = 44.6668, GNorm = 0.0959, lr_0 = 7.8288e-04
Validation auc = 0.908775
Epoch 5
Loss = 7.1180e-02, PNorm = 44.7054, GNorm = 0.2443, lr_0 = 7.7535e-04
Loss = 5.4525e-02, PNorm = 44.7495, GNorm = 0.1796, lr_0 = 7.6788e-04
Loss = 1.0932e-01, PNorm = 44.7758, GNorm = 0.4146, lr_0 = 7.6049e-04
Loss = 9.0989e-02, PNorm = 44.8524, GNorm = 0.2792, lr_0 = 7.5317e-04
Loss = 4.7463e-02, PNorm = 44.9023, GNorm = 0.1856, lr_0 = 7.4591e-04
Loss = 6.0251e-02, PNorm = 44.9481, GNorm = 0.3752, lr_0 = 7.3873e-04
Loss = 9.3319e-02, PNorm = 44.9663, GNorm = 0.2679, lr_0 = 7.3162e-04
Loss = 3.9509e-02, PNorm = 45.0253, GNorm = 0.0836, lr_0 = 7.2458e-04
Loss = 7.3687e-02, PNorm = 45.0472, GNorm = 0.2523, lr_0 = 7.1760e-04
Validation auc = 0.922589
Epoch 6
Loss = 3.4915e-02, PNorm = 45.1122, GNorm = 0.3552, lr_0 = 7.1000e-04
Loss = 7.2782e-02, PNorm = 45.1162, GNorm = 0.2367, lr_0 = 7.0317e-04
Loss = 5.1719e-02, PNorm = 45.1748, GNorm = 0.1308, lr_0 = 6.9640e-04
Loss = 6.4669e-02, PNorm = 45.1996, GNorm = 0.1114, lr_0 = 6.8969e-04
Loss = 6.0815e-02, PNorm = 45.2187, GNorm = 0.2317, lr_0 = 6.8305e-04
Loss = 7.9517e-02, PNorm = 45.2533, GNorm = 0.1672, lr_0 = 6.7648e-04
Loss = 7.0793e-02, PNorm = 45.2806, GNorm = 0.2579, lr_0 = 6.6996e-04
Loss = 7.6643e-02, PNorm = 45.3093, GNorm = 0.3959, lr_0 = 6.6351e-04
Validation auc = 0.940095
Epoch 7
Loss = 4.5172e-02, PNorm = 45.3565, GNorm = 0.1838, lr_0 = 6.5712e-04
Loss = 7.2255e-02, PNorm = 45.4008, GNorm = 0.1864, lr_0 = 6.5080e-04
Loss = 6.1079e-02, PNorm = 45.4601, GNorm = 0.1332, lr_0 = 6.4453e-04
Loss = 4.6795e-02, PNorm = 45.5073, GNorm = 0.1997, lr_0 = 6.3833e-04
Loss = 4.9142e-02, PNorm = 45.5231, GNorm = 0.1551, lr_0 = 6.3218e-04
Loss = 7.4375e-02, PNorm = 45.5463, GNorm = 0.2376, lr_0 = 6.2609e-04
Loss = 4.1614e-02, PNorm = 45.5909, GNorm = 0.2481, lr_0 = 6.2006e-04
Loss = 4.8250e-02, PNorm = 45.6186, GNorm = 0.3154, lr_0 = 6.1409e-04
Loss = 6.9776e-02, PNorm = 45.6433, GNorm = 0.3899, lr_0 = 6.0818e-04
Validation auc = 0.959876
Epoch 8
Loss = 3.6431e-02, PNorm = 45.6587, GNorm = 0.1454, lr_0 = 6.0233e-04
Loss = 5.7781e-02, PNorm = 45.6978, GNorm = 0.2089, lr_0 = 5.9653e-04
Loss = 6.2766e-02, PNorm = 45.7298, GNorm = 0.1083, lr_0 = 5.9078e-04
Loss = 4.5044e-02, PNorm = 45.7737, GNorm = 0.2259, lr_0 = 5.8510e-04
Loss = 6.8642e-02, PNorm = 45.7905, GNorm = 0.3595, lr_0 = 5.7946e-04
Loss = 5.8110e-02, PNorm = 45.8276, GNorm = 0.1182, lr_0 = 5.7388e-04
Loss = 3.2420e-02, PNorm = 45.8629, GNorm = 0.1376, lr_0 = 5.6836e-04
Loss = 8.7772e-02, PNorm = 45.8827, GNorm = 0.3670, lr_0 = 5.6289e-04
Loss = 9.4509e-02, PNorm = 45.9261, GNorm = 0.3324, lr_0 = 5.5747e-04
Loss = 1.4460e-02, PNorm = 45.9293, GNorm = 0.1305, lr_0 = 5.5693e-04
Validation auc = 0.950347
Epoch 9
Loss = 6.8511e-02, PNorm = 45.9597, GNorm = 0.1989, lr_0 = 5.5156e-04
Loss = 4.8161e-02, PNorm = 46.0028, GNorm = 0.1455, lr_0 = 5.4625e-04
Loss = 3.7679e-02, PNorm = 46.0319, GNorm = 0.0598, lr_0 = 5.4100e-04
Loss = 5.0233e-02, PNorm = 46.0436, GNorm = 0.4107, lr_0 = 5.3579e-04
Loss = 4.7846e-02, PNorm = 46.0732, GNorm = 0.2039, lr_0 = 5.3063e-04
Loss = 7.4654e-02, PNorm = 46.0887, GNorm = 0.2999, lr_0 = 5.2552e-04
Loss = 6.7052e-02, PNorm = 46.1187, GNorm = 0.3085, lr_0 = 5.2046e-04
Loss = 6.2170e-02, PNorm = 46.1431, GNorm = 0.2372, lr_0 = 5.1545e-04
Validation auc = 0.957671
Epoch 10
Loss = 3.9466e-02, PNorm = 46.1701, GNorm = 0.3342, lr_0 = 5.1049e-04
Loss = 5.6187e-02, PNorm = 46.1995, GNorm = 0.2411, lr_0 = 5.0557e-04
Loss = 5.6102e-02, PNorm = 46.2223, GNorm = 0.3093, lr_0 = 5.0070e-04
Loss = 5.4270e-02, PNorm = 46.2470, GNorm = 0.3824, lr_0 = 4.9588e-04
Loss = 4.3075e-02, PNorm = 46.2705, GNorm = 0.2212, lr_0 = 4.9111e-04
Loss = 4.2475e-02, PNorm = 46.3013, GNorm = 0.2019, lr_0 = 4.8638e-04
Loss = 7.5120e-02, PNorm = 46.3308, GNorm = 0.3301, lr_0 = 4.8170e-04
Loss = 3.4820e-02, PNorm = 46.3775, GNorm = 0.1893, lr_0 = 4.7706e-04
Loss = 5.2745e-02, PNorm = 46.3867, GNorm = 0.1277, lr_0 = 4.7247e-04
Validation auc = 0.968816
Epoch 11
Loss = 4.1260e-02, PNorm = 46.4187, GNorm = 0.2146, lr_0 = 4.6792e-04
Loss = 5.9324e-02, PNorm = 46.4345, GNorm = 0.3021, lr_0 = 4.6341e-04
Loss = 4.9674e-02, PNorm = 46.4584, GNorm = 0.2171, lr_0 = 4.5895e-04
Loss = 5.8022e-02, PNorm = 46.4816, GNorm = 0.0670, lr_0 = 4.5453e-04
Loss = 5.2876e-02, PNorm = 46.5027, GNorm = 0.1549, lr_0 = 4.5015e-04
Loss = 6.0752e-02, PNorm = 46.5294, GNorm = 0.3718, lr_0 = 4.4582e-04
Loss = 6.7383e-02, PNorm = 46.5506, GNorm = 0.1916, lr_0 = 4.4153e-04
Loss = 3.9640e-02, PNorm = 46.5825, GNorm = 0.2620, lr_0 = 4.3728e-04
Validation auc = 0.967815
Epoch 12
Loss = 3.9038e-02, PNorm = 46.6022, GNorm = 0.1369, lr_0 = 4.3265e-04
Loss = 5.3631e-02, PNorm = 46.6218, GNorm = 0.5878, lr_0 = 4.2848e-04
Loss = 4.0964e-02, PNorm = 46.6407, GNorm = 0.1937, lr_0 = 4.2436e-04
Loss = 6.6740e-02, PNorm = 46.6690, GNorm = 0.1708, lr_0 = 4.2027e-04
Loss = 2.2772e-02, PNorm = 46.6976, GNorm = 0.1443, lr_0 = 4.1622e-04
Loss = 5.1343e-02, PNorm = 46.7109, GNorm = 0.2166, lr_0 = 4.1222e-04
Loss = 4.4774e-02, PNorm = 46.7212, GNorm = 0.2218, lr_0 = 4.0825e-04
Loss = 5.9183e-02, PNorm = 46.7431, GNorm = 0.1342, lr_0 = 4.0432e-04
Loss = 5.9738e-02, PNorm = 46.7605, GNorm = 0.1696, lr_0 = 4.0042e-04
Validation auc = 0.966501
Epoch 13
Loss = 3.8507e-02, PNorm = 46.7907, GNorm = 0.1430, lr_0 = 3.9657e-04
Loss = 6.3658e-02, PNorm = 46.8119, GNorm = 0.1189, lr_0 = 3.9275e-04
Loss = 5.0890e-02, PNorm = 46.8336, GNorm = 0.2019, lr_0 = 3.8897e-04
Loss = 1.8990e-02, PNorm = 46.8691, GNorm = 0.0422, lr_0 = 3.8522e-04
Loss = 7.1206e-02, PNorm = 46.8738, GNorm = 0.3482, lr_0 = 3.8152e-04
Loss = 3.8142e-02, PNorm = 46.8898, GNorm = 0.2883, lr_0 = 3.7784e-04
Loss = 5.7597e-02, PNorm = 46.9044, GNorm = 0.3090, lr_0 = 3.7420e-04
Loss = 4.8717e-02, PNorm = 46.9247, GNorm = 0.2127, lr_0 = 3.7060e-04
Validation auc = 0.963589
Epoch 14
Loss = 5.8946e-02, PNorm = 46.9498, GNorm = 0.4568, lr_0 = 3.6668e-04
Loss = 5.8423e-02, PNorm = 46.9578, GNorm = 0.2484, lr_0 = 3.6315e-04
Loss = 4.0904e-02, PNorm = 46.9868, GNorm = 0.3080, lr_0 = 3.5965e-04
Loss = 4.6906e-02, PNorm = 47.0053, GNorm = 0.4639, lr_0 = 3.5619e-04
Loss = 2.3171e-02, PNorm = 47.0087, GNorm = 0.1207, lr_0 = 3.5276e-04
Loss = 4.9692e-02, PNorm = 47.0210, GNorm = 0.3810, lr_0 = 3.4936e-04
Loss = 7.3224e-02, PNorm = 47.0298, GNorm = 0.5628, lr_0 = 3.4600e-04
Loss = 4.3046e-02, PNorm = 47.0558, GNorm = 0.1842, lr_0 = 3.4267e-04
Loss = 5.3222e-02, PNorm = 47.0783, GNorm = 0.2552, lr_0 = 3.3937e-04
Validation auc = 0.969186
Epoch 15
Loss = 5.8535e-02, PNorm = 47.0971, GNorm = 0.2987, lr_0 = 3.3610e-04
Loss = 3.0369e-02, PNorm = 47.1279, GNorm = 0.1964, lr_0 = 3.3287e-04
Loss = 4.0089e-02, PNorm = 47.1379, GNorm = 0.1640, lr_0 = 3.2966e-04
Loss = 5.4324e-02, PNorm = 47.1418, GNorm = 0.2982, lr_0 = 3.2649e-04
Loss = 4.8660e-02, PNorm = 47.1625, GNorm = 0.2603, lr_0 = 3.2334e-04
Loss = 3.0672e-02, PNorm = 47.1802, GNorm = 0.2334, lr_0 = 3.2023e-04
Loss = 4.5839e-02, PNorm = 47.1908, GNorm = 0.1160, lr_0 = 3.1715e-04
Loss = 5.4983e-02, PNorm = 47.2043, GNorm = 0.2528, lr_0 = 3.1409e-04
Loss = 5.2613e-02, PNorm = 47.2242, GNorm = 0.1512, lr_0 = 3.1107e-04
Validation auc = 0.967938
Epoch 16
Loss = 4.9325e-02, PNorm = 47.2433, GNorm = 0.3903, lr_0 = 3.0807e-04
Loss = 5.7829e-02, PNorm = 47.2513, GNorm = 0.2182, lr_0 = 3.0511e-04
Loss = 2.6135e-02, PNorm = 47.2772, GNorm = 0.1745, lr_0 = 3.0217e-04
Loss = 5.6150e-02, PNorm = 47.2775, GNorm = 0.4015, lr_0 = 2.9926e-04
Loss = 3.7893e-02, PNorm = 47.2878, GNorm = 0.1683, lr_0 = 2.9638e-04
Loss = 5.5167e-02, PNorm = 47.3098, GNorm = 0.3034, lr_0 = 2.9353e-04
Loss = 4.4347e-02, PNorm = 47.3219, GNorm = 0.1963, lr_0 = 2.9070e-04
Loss = 3.2911e-02, PNorm = 47.3362, GNorm = 0.2641, lr_0 = 2.8790e-04
Validation auc = 0.967994
Epoch 17
Loss = 2.3088e-02, PNorm = 47.3483, GNorm = 0.1352, lr_0 = 2.8485e-04
Loss = 4.5357e-02, PNorm = 47.3648, GNorm = 0.3866, lr_0 = 2.8211e-04
Loss = 3.2283e-02, PNorm = 47.3748, GNorm = 0.3012, lr_0 = 2.7939e-04
Loss = 4.5477e-02, PNorm = 47.3852, GNorm = 0.1564, lr_0 = 2.7670e-04
Loss = 3.7797e-02, PNorm = 47.3919, GNorm = 0.1680, lr_0 = 2.7404e-04
Loss = 4.0965e-02, PNorm = 47.4024, GNorm = 0.1949, lr_0 = 2.7140e-04
Loss = 6.7418e-02, PNorm = 47.4114, GNorm = 0.3452, lr_0 = 2.6879e-04
Loss = 3.0165e-02, PNorm = 47.4307, GNorm = 0.2182, lr_0 = 2.6620e-04
Loss = 3.4629e-02, PNorm = 47.4458, GNorm = 0.4307, lr_0 = 2.6364e-04
Validation auc = 0.961141
Epoch 18
Loss = 5.6509e-02, PNorm = 47.4460, GNorm = 0.5509, lr_0 = 2.6110e-04
Loss = 4.4023e-02, PNorm = 47.4640, GNorm = 0.3637, lr_0 = 2.5859e-04
Loss = 3.7605e-02, PNorm = 47.4760, GNorm = 0.2569, lr_0 = 2.5610e-04
Loss = 2.1790e-02, PNorm = 47.4917, GNorm = 0.0540, lr_0 = 2.5363e-04
Loss = 2.7467e-02, PNorm = 47.5036, GNorm = 0.4830, lr_0 = 2.5119e-04
Loss = 5.5808e-02, PNorm = 47.5014, GNorm = 0.1957, lr_0 = 2.4877e-04
Loss = 5.3168e-02, PNorm = 47.5166, GNorm = 0.2246, lr_0 = 2.4638e-04
Loss = 5.8543e-02, PNorm = 47.5328, GNorm = 0.0744, lr_0 = 2.4400e-04
Validation auc = 0.962511
Epoch 19
Loss = 4.2642e-02, PNorm = 47.5389, GNorm = 0.2381, lr_0 = 2.4165e-04
Loss = 4.2465e-02, PNorm = 47.5500, GNorm = 0.1282, lr_0 = 2.3933e-04
Loss = 2.8885e-02, PNorm = 47.5668, GNorm = 0.0697, lr_0 = 2.3702e-04
Loss = 4.8490e-02, PNorm = 47.5734, GNorm = 0.4614, lr_0 = 2.3474e-04
Loss = 4.8081e-02, PNorm = 47.5830, GNorm = 0.2381, lr_0 = 2.3248e-04
Loss = 3.7703e-02, PNorm = 47.6014, GNorm = 0.3382, lr_0 = 2.3024e-04
Loss = 4.9590e-02, PNorm = 47.6155, GNorm = 0.4090, lr_0 = 2.2803e-04
Loss = 3.8038e-02, PNorm = 47.6297, GNorm = 0.1147, lr_0 = 2.2583e-04
Loss = 3.9723e-02, PNorm = 47.6403, GNorm = 0.2091, lr_0 = 2.2366e-04
Validation auc = 0.963923
Epoch 20
Loss = 2.0631e-02, PNorm = 47.6524, GNorm = 0.1285, lr_0 = 2.2129e-04
Loss = 4.8118e-02, PNorm = 47.6616, GNorm = 0.2610, lr_0 = 2.1916e-04
Loss = 2.8277e-02, PNorm = 47.6738, GNorm = 0.4252, lr_0 = 2.1705e-04
Loss = 3.3173e-02, PNorm = 47.6836, GNorm = 0.1677, lr_0 = 2.1496e-04
Loss = 2.3268e-02, PNorm = 47.6861, GNorm = 0.1236, lr_0 = 2.1289e-04
Loss = 3.3409e-02, PNorm = 47.6903, GNorm = 0.0719, lr_0 = 2.1084e-04
Loss = 5.0494e-02, PNorm = 47.6929, GNorm = 0.2483, lr_0 = 2.0881e-04
Loss = 5.5199e-02, PNorm = 47.7007, GNorm = 0.3673, lr_0 = 2.0680e-04
Validation auc = 0.959488
Epoch 21
Loss = 4.5696e-02, PNorm = 47.7126, GNorm = 0.1583, lr_0 = 2.0481e-04
Loss = 3.3750e-02, PNorm = 47.7206, GNorm = 0.1484, lr_0 = 2.0283e-04
Loss = 3.7049e-02, PNorm = 47.7291, GNorm = 0.2500, lr_0 = 2.0088e-04
Loss = 2.9990e-02, PNorm = 47.7389, GNorm = 0.2532, lr_0 = 1.9895e-04
Loss = 3.2410e-02, PNorm = 47.7447, GNorm = 0.1390, lr_0 = 1.9703e-04
Loss = 3.4189e-02, PNorm = 47.7511, GNorm = 0.1478, lr_0 = 1.9514e-04
Loss = 5.9247e-02, PNorm = 47.7595, GNorm = 0.6258, lr_0 = 1.9326e-04
Loss = 3.6009e-02, PNorm = 47.7606, GNorm = 0.2582, lr_0 = 1.9140e-04
Loss = 3.2062e-02, PNorm = 47.7739, GNorm = 0.1844, lr_0 = 1.8955e-04
Validation auc = 0.964940
Epoch 22
Loss = 3.6667e-02, PNorm = 47.7760, GNorm = 0.1794, lr_0 = 1.8773e-04
Loss = 2.7831e-02, PNorm = 47.7791, GNorm = 0.1402, lr_0 = 1.8592e-04
Loss = 3.8590e-02, PNorm = 47.7882, GNorm = 0.1638, lr_0 = 1.8413e-04
Loss = 4.5003e-02, PNorm = 47.7964, GNorm = 0.0711, lr_0 = 1.8236e-04
Loss = 5.1886e-02, PNorm = 47.8020, GNorm = 0.4414, lr_0 = 1.8060e-04
Loss = 4.5952e-02, PNorm = 47.8175, GNorm = 0.2836, lr_0 = 1.7886e-04
Loss = 2.6493e-02, PNorm = 47.8319, GNorm = 0.0704, lr_0 = 1.7714e-04
Loss = 3.8009e-02, PNorm = 47.8381, GNorm = 0.0562, lr_0 = 1.7544e-04
Validation auc = 0.966445
Epoch 23
Loss = 9.8035e-02, PNorm = 47.8441, GNorm = 0.3170, lr_0 = 1.7358e-04
Loss = 3.2397e-02, PNorm = 47.8509, GNorm = 0.1250, lr_0 = 1.7191e-04
Loss = 3.5764e-02, PNorm = 47.8574, GNorm = 0.1097, lr_0 = 1.7025e-04
Loss = 2.6299e-02, PNorm = 47.8607, GNorm = 0.1732, lr_0 = 1.6861e-04
Loss = 4.3298e-02, PNorm = 47.8688, GNorm = 0.4332, lr_0 = 1.6699e-04
Loss = 3.0317e-02, PNorm = 47.8754, GNorm = 0.1389, lr_0 = 1.6538e-04
Loss = 3.6567e-02, PNorm = 47.8835, GNorm = 0.1968, lr_0 = 1.6379e-04
Loss = 3.4291e-02, PNorm = 47.8903, GNorm = 0.2855, lr_0 = 1.6221e-04
Loss = 4.4894e-02, PNorm = 47.8988, GNorm = 0.1620, lr_0 = 1.6065e-04
Validation auc = 0.968409
Epoch 24
Loss = 3.7182e-02, PNorm = 47.9096, GNorm = 0.5274, lr_0 = 1.5910e-04
Loss = 3.2843e-02, PNorm = 47.9161, GNorm = 0.0672, lr_0 = 1.5757e-04
Loss = 2.5063e-02, PNorm = 47.9220, GNorm = 0.1839, lr_0 = 1.5605e-04
Loss = 3.4209e-02, PNorm = 47.9292, GNorm = 0.1980, lr_0 = 1.5455e-04
Loss = 4.6765e-02, PNorm = 47.9312, GNorm = 0.1796, lr_0 = 1.5306e-04
Loss = 4.2312e-02, PNorm = 47.9307, GNorm = 0.4372, lr_0 = 1.5159e-04
Loss = 4.5690e-02, PNorm = 47.9449, GNorm = 0.2973, lr_0 = 1.5013e-04
Loss = 2.8504e-02, PNorm = 47.9607, GNorm = 0.0599, lr_0 = 1.4869e-04
Loss = 4.0577e-02, PNorm = 47.9620, GNorm = 0.1386, lr_0 = 1.4725e-04
Validation auc = 0.964689
Epoch 25
Loss = 3.3434e-02, PNorm = 47.9627, GNorm = 0.3356, lr_0 = 1.4584e-04
Loss = 4.0228e-02, PNorm = 47.9681, GNorm = 0.2619, lr_0 = 1.4443e-04
Loss = 2.3438e-02, PNorm = 47.9829, GNorm = 0.0907, lr_0 = 1.4304e-04
Loss = 4.0808e-02, PNorm = 47.9921, GNorm = 0.1351, lr_0 = 1.4166e-04
Loss = 3.2773e-02, PNorm = 47.9997, GNorm = 0.8203, lr_0 = 1.4030e-04
Loss = 2.7430e-02, PNorm = 48.0035, GNorm = 0.1373, lr_0 = 1.3895e-04
Loss = 3.4642e-02, PNorm = 48.0060, GNorm = 0.1976, lr_0 = 1.3761e-04
Loss = 4.5412e-02, PNorm = 48.0088, GNorm = 0.3729, lr_0 = 1.3629e-04
Validation auc = 0.964821
Epoch 26
Loss = 3.2860e-02, PNorm = 48.0138, GNorm = 0.3316, lr_0 = 1.3484e-04
Loss = 3.2643e-02, PNorm = 48.0232, GNorm = 0.6337, lr_0 = 1.3355e-04
Loss = 3.9641e-02, PNorm = 48.0259, GNorm = 0.1825, lr_0 = 1.3226e-04
Loss = 3.3985e-02, PNorm = 48.0343, GNorm = 0.1089, lr_0 = 1.3099e-04
Loss = 3.9518e-02, PNorm = 48.0392, GNorm = 0.1372, lr_0 = 1.2973e-04
Loss = 4.2555e-02, PNorm = 48.0384, GNorm = 0.5953, lr_0 = 1.2848e-04
Loss = 3.3105e-02, PNorm = 48.0437, GNorm = 0.4117, lr_0 = 1.2724e-04
Loss = 3.2064e-02, PNorm = 48.0533, GNorm = 0.3446, lr_0 = 1.2601e-04
Loss = 1.9454e-02, PNorm = 48.0606, GNorm = 0.1585, lr_0 = 1.2480e-04
Validation auc = 0.964540
Epoch 27
Loss = 1.2357e-02, PNorm = 48.0619, GNorm = 0.2649, lr_0 = 1.2360e-04
Loss = 3.6432e-02, PNorm = 48.0625, GNorm = 0.4338, lr_0 = 1.2241e-04
Loss = 3.6142e-02, PNorm = 48.0680, GNorm = 0.1951, lr_0 = 1.2123e-04
Loss = 3.8957e-02, PNorm = 48.0748, GNorm = 0.6066, lr_0 = 1.2006e-04
Loss = 4.4175e-02, PNorm = 48.0803, GNorm = 0.5089, lr_0 = 1.1891e-04
Loss = 3.0884e-02, PNorm = 48.0840, GNorm = 0.2173, lr_0 = 1.1776e-04
Loss = 2.2998e-02, PNorm = 48.0909, GNorm = 0.1003, lr_0 = 1.1663e-04
Loss = 4.7368e-02, PNorm = 48.0940, GNorm = 1.0895, lr_0 = 1.1551e-04
Validation auc = 0.965903
Epoch 28
Loss = 5.2252e-02, PNorm = 48.0943, GNorm = 0.3759, lr_0 = 1.1428e-04
Loss = 3.6970e-02, PNorm = 48.1039, GNorm = 0.5735, lr_0 = 1.1318e-04
Loss = 2.4344e-02, PNorm = 48.1100, GNorm = 0.1067, lr_0 = 1.1209e-04
Loss = 3.8805e-02, PNorm = 48.1092, GNorm = 0.1845, lr_0 = 1.1101e-04
Loss = 1.7146e-02, PNorm = 48.1139, GNorm = 0.1788, lr_0 = 1.0995e-04
Loss = 2.7255e-02, PNorm = 48.1194, GNorm = 0.0928, lr_0 = 1.0889e-04
Loss = 3.1184e-02, PNorm = 48.1230, GNorm = 0.1021, lr_0 = 1.0784e-04
Loss = 2.0447e-02, PNorm = 48.1288, GNorm = 0.1861, lr_0 = 1.0680e-04
Loss = 4.9022e-02, PNorm = 48.1284, GNorm = 0.2374, lr_0 = 1.0577e-04
Validation auc = 0.965798
Epoch 29
Loss = 3.7172e-02, PNorm = 48.1301, GNorm = 0.2842, lr_0 = 1.0475e-04
Loss = 2.4675e-02, PNorm = 48.1387, GNorm = 0.2224, lr_0 = 1.0374e-04
Loss = 2.9923e-02, PNorm = 48.1445, GNorm = 0.0542, lr_0 = 1.0275e-04
Loss = 3.2101e-02, PNorm = 48.1443, GNorm = 0.1478, lr_0 = 1.0176e-04
Loss = 3.0432e-02, PNorm = 48.1481, GNorm = 0.3047, lr_0 = 1.0078e-04
Loss = 3.3838e-02, PNorm = 48.1524, GNorm = 0.2629, lr_0 = 1.0000e-04
Loss = 3.4164e-02, PNorm = 48.1569, GNorm = 0.1147, lr_0 = 1.0000e-04
Loss = 4.7782e-02, PNorm = 48.1589, GNorm = 0.3495, lr_0 = 1.0000e-04
Validation auc = 0.965823
Model 0 best validation auc = 0.969186 on epoch 14
Loading pretrained parameter "encoder.encoder.0.cached_zero_vector".
Loading pretrained parameter "encoder.encoder.0.W_i.weight".
Loading pretrained parameter "encoder.encoder.0.W_h.weight".
Loading pretrained parameter "encoder.encoder.0.W_o.weight".
Loading pretrained parameter "encoder.encoder.0.W_o.bias".
Loading pretrained parameter "ffn.1.weight".
Loading pretrained parameter "ffn.1.bias".
Loading pretrained parameter "ffn.4.weight".
Loading pretrained parameter "ffn.4.bias".
Moving model to cuda
Model 0 test auc = 0.784564
Ensemble test auc = 0.784564
Fold 1
Splitting data with seed 1
Total scaffolds = 3,467 | train scaffolds = 2,658 | val scaffolds = 399 | test scaffolds = 410
Label averages per scaffold, in decreasing order of scaffold frequency,capped at 10 scaffolds and 20 labels:
Scaffold 0
Task 0: count = 381 | target average = 0.018373
Task 1: count = 381 | target average = 0.013123


Scaffold 1
Task 0: count = 305 | target average = 0.009836
Task 1: count = 305 | target average = 0.016393


Scaffold 2
Task 0: count = 36 | target average = 0.000000
Task 1: count = 36 | target average = 0.000000


Scaffold 3
Task 0: count = 29 | target average = 0.000000
Task 1: count = 29 | target average = 0.000000


Scaffold 4
Task 0: count = 26 | target average = 0.000000
Task 1: count = 26 | target average = 0.000000


Scaffold 5
Task 0: count = 23 | target average = 0.000000
Task 1: count = 23 | target average = 0.000000


Scaffold 6
Task 0: count = 22 | target average = 0.090909
Task 1: count = 22 | target average = 0.090909


Scaffold 7
Task 0: count = 20 | target average = 0.050000
Task 1: count = 20 | target average = 0.000000


Scaffold 8
Task 0: count = 20 | target average = 0.000000
Task 1: count = 20 | target average = 0.000000


Scaffold 9
Task 0: count = 20 | target average = 0.000000
Task 1: count = 20 | target average = 0.000000


Class sizes
hit_inh 0: 97.83%, 1: 2.17%
hit_kill 0: 98.64%, 1: 1.36%
Total size = 5,353 | train size = 4,282 | val size = 535 | test size = 536
Building model 0
MoleculeModel(
  (sigmoid): Sigmoid()
  (encoder): MPN(
    (encoder): ModuleList(
      (0): MPNEncoder(
        (dropout_layer): Dropout(p=0.4, inplace=False)
        (act_func): ReLU()
        (W_i): Linear(in_features=147, out_features=500, bias=False)
        (W_h): Linear(in_features=500, out_features=500, bias=False)
        (W_o): Linear(in_features=633, out_features=500, bias=True)
      )
    )
  )
  (ffn): Sequential(
    (0): Dropout(p=0.4, inplace=False)
    (1): Linear(in_features=700, out_features=500, bias=True)
    (2): ReLU()
    (3): Dropout(p=0.4, inplace=False)
    (4): Linear(in_features=500, out_features=2, bias=True)
  )
)
Number of parameters = 992,002
Moving model to cuda
Epoch 0
Loss = 2.4253e-01, PNorm = 43.2958, GNorm = 0.3361, lr_0 = 1.5824e-04
Loss = 9.5577e-02, PNorm = 43.3071, GNorm = 0.6056, lr_0 = 2.1118e-04
Loss = 9.2404e-02, PNorm = 43.3089, GNorm = 1.0457, lr_0 = 2.6412e-04
Loss = 8.0264e-02, PNorm = 43.3071, GNorm = 0.2183, lr_0 = 3.1706e-04
Loss = 8.9704e-02, PNorm = 43.3118, GNorm = 0.2370, lr_0 = 3.7000e-04
Loss = 1.2218e-01, PNorm = 43.3162, GNorm = 0.2493, lr_0 = 4.2294e-04
Loss = 1.0949e-01, PNorm = 43.3277, GNorm = 0.2898, lr_0 = 4.7588e-04
Loss = 1.0586e-01, PNorm = 43.3397, GNorm = 0.3014, lr_0 = 5.2882e-04
Validation auc = 0.703788
Epoch 1
Loss = 6.1954e-02, PNorm = 43.3616, GNorm = 0.3698, lr_0 = 5.8706e-04
Loss = 1.0253e-01, PNorm = 43.3758, GNorm = 0.2657, lr_0 = 6.4000e-04
Loss = 1.0353e-01, PNorm = 43.4013, GNorm = 0.2585, lr_0 = 6.9294e-04
Loss = 8.6914e-02, PNorm = 43.4303, GNorm = 0.2098, lr_0 = 7.4588e-04
Loss = 7.0996e-02, PNorm = 43.4614, GNorm = 0.3713, lr_0 = 7.9882e-04
Loss = 6.5160e-02, PNorm = 43.4890, GNorm = 0.1895, lr_0 = 8.5176e-04
Loss = 8.7833e-02, PNorm = 43.5201, GNorm = 0.2031, lr_0 = 9.0471e-04
Loss = 8.5954e-02, PNorm = 43.5585, GNorm = 0.1868, lr_0 = 9.5765e-04
Loss = 1.1218e-01, PNorm = 43.5995, GNorm = 0.4457, lr_0 = 9.9807e-04
Validation auc = 0.865792
Epoch 2
Loss = 7.9974e-02, PNorm = 43.6627, GNorm = 0.0823, lr_0 = 9.8846e-04
Loss = 9.5460e-02, PNorm = 43.7059, GNorm = 0.3782, lr_0 = 9.7894e-04
Loss = 8.4475e-02, PNorm = 43.7611, GNorm = 0.1564, lr_0 = 9.6952e-04
Loss = 9.2689e-02, PNorm = 43.7969, GNorm = 0.2857, lr_0 = 9.6018e-04
Loss = 5.5496e-02, PNorm = 43.8430, GNorm = 0.1827, lr_0 = 9.5094e-04
Loss = 7.0892e-02, PNorm = 43.8710, GNorm = 0.2227, lr_0 = 9.4178e-04
Loss = 9.3780e-02, PNorm = 43.8934, GNorm = 0.2274, lr_0 = 9.3271e-04
Loss = 7.4980e-02, PNorm = 43.9362, GNorm = 0.3101, lr_0 = 9.2373e-04
Validation auc = 0.886150
Epoch 3
Loss = 1.1737e-01, PNorm = 43.9756, GNorm = 0.2900, lr_0 = 9.1395e-04
Loss = 9.2766e-02, PNorm = 44.0198, GNorm = 0.3500, lr_0 = 9.0515e-04
Loss = 4.7496e-02, PNorm = 44.0544, GNorm = 0.2334, lr_0 = 8.9644e-04
Loss = 6.7376e-02, PNorm = 44.0831, GNorm = 0.4217, lr_0 = 8.8781e-04
Loss = 7.9570e-02, PNorm = 44.1149, GNorm = 0.1738, lr_0 = 8.7926e-04
Loss = 7.0740e-02, PNorm = 44.1566, GNorm = 0.2713, lr_0 = 8.7080e-04
Loss = 7.4037e-02, PNorm = 44.1857, GNorm = 0.1964, lr_0 = 8.6241e-04
Loss = 1.0266e-01, PNorm = 44.2194, GNorm = 0.2503, lr_0 = 8.5411e-04
Loss = 6.8019e-02, PNorm = 44.2655, GNorm = 0.2147, lr_0 = 8.4588e-04
Validation auc = 0.839294
Epoch 4
Loss = 4.0364e-02, PNorm = 44.2987, GNorm = 0.1023, lr_0 = 8.3774e-04
Loss = 7.2107e-02, PNorm = 44.3301, GNorm = 0.4494, lr_0 = 8.2967e-04
Loss = 1.0513e-01, PNorm = 44.3624, GNorm = 0.2846, lr_0 = 8.2169e-04
Loss = 6.8207e-02, PNorm = 44.4205, GNorm = 0.3460, lr_0 = 8.1377e-04
Loss = 8.6889e-02, PNorm = 44.4362, GNorm = 0.2533, lr_0 = 8.0594e-04
Loss = 6.1850e-02, PNorm = 44.4949, GNorm = 0.4059, lr_0 = 7.9818e-04
Loss = 8.5819e-02, PNorm = 44.5167, GNorm = 0.1889, lr_0 = 7.9050e-04
Loss = 8.3796e-02, PNorm = 44.5464, GNorm = 0.1467, lr_0 = 7.8288e-04
Validation auc = 0.879570
Epoch 5
Loss = 3.5304e-02, PNorm = 44.6016, GNorm = 0.1938, lr_0 = 7.7535e-04
Loss = 7.2587e-02, PNorm = 44.6262, GNorm = 0.1982, lr_0 = 7.6788e-04
Loss = 5.2650e-02, PNorm = 44.6639, GNorm = 0.1781, lr_0 = 7.6049e-04
Loss = 3.9674e-02, PNorm = 44.7138, GNorm = 0.3394, lr_0 = 7.5317e-04
Loss = 8.1878e-02, PNorm = 44.7277, GNorm = 0.1871, lr_0 = 7.4591e-04
Loss = 7.1592e-02, PNorm = 44.7730, GNorm = 0.4476, lr_0 = 7.3873e-04
Loss = 8.5410e-02, PNorm = 44.8106, GNorm = 0.4156, lr_0 = 7.3162e-04
Loss = 7.2933e-02, PNorm = 44.8548, GNorm = 0.1680, lr_0 = 7.2458e-04
Loss = 7.8629e-02, PNorm = 44.8866, GNorm = 0.1781, lr_0 = 7.1760e-04
Validation auc = 0.873192
Epoch 6
Loss = 8.5543e-02, PNorm = 44.9297, GNorm = 0.2029, lr_0 = 7.1000e-04
Loss = 8.6841e-02, PNorm = 44.9782, GNorm = 0.2482, lr_0 = 7.0317e-04
Loss = 5.5582e-02, PNorm = 45.0305, GNorm = 0.2464, lr_0 = 6.9640e-04
Loss = 5.2392e-02, PNorm = 45.0724, GNorm = 0.2166, lr_0 = 6.8969e-04
Loss = 5.8277e-02, PNorm = 45.1299, GNorm = 0.0832, lr_0 = 6.8305e-04
Loss = 6.9929e-02, PNorm = 45.1561, GNorm = 0.1977, lr_0 = 6.7648e-04
Loss = 6.1038e-02, PNorm = 45.1846, GNorm = 0.3499, lr_0 = 6.6996e-04
Loss = 8.7333e-02, PNorm = 45.2210, GNorm = 0.1909, lr_0 = 6.6351e-04
Validation auc = 0.879574
Epoch 7
Loss = 1.6471e-02, PNorm = 45.2757, GNorm = 0.1026, lr_0 = 6.5712e-04
Loss = 4.5434e-02, PNorm = 45.3407, GNorm = 0.0841, lr_0 = 6.5080e-04
Loss = 8.1108e-02, PNorm = 45.3674, GNorm = 0.3896, lr_0 = 6.4453e-04
Loss = 7.6514e-02, PNorm = 45.4229, GNorm = 0.2511, lr_0 = 6.3833e-04
Loss = 7.0005e-02, PNorm = 45.4723, GNorm = 0.1490, lr_0 = 6.3218e-04
Loss = 6.1383e-02, PNorm = 45.5318, GNorm = 0.8989, lr_0 = 6.2609e-04
Loss = 5.2314e-02, PNorm = 45.5779, GNorm = 0.1509, lr_0 = 6.2006e-04
Loss = 6.4772e-02, PNorm = 45.6328, GNorm = 0.4127, lr_0 = 6.1409e-04
Loss = 6.0126e-02, PNorm = 45.6551, GNorm = 0.1889, lr_0 = 6.0818e-04
Validation auc = 0.894430
Epoch 8
Loss = 2.6627e-02, PNorm = 45.7000, GNorm = 0.0662, lr_0 = 6.0233e-04
Loss = 5.8523e-02, PNorm = 45.7246, GNorm = 0.1425, lr_0 = 5.9653e-04
Loss = 6.4812e-02, PNorm = 45.7502, GNorm = 0.1447, lr_0 = 5.9078e-04
Loss = 5.3306e-02, PNorm = 45.7706, GNorm = 0.1280, lr_0 = 5.8510e-04
Loss = 4.9050e-02, PNorm = 45.8020, GNorm = 0.1549, lr_0 = 5.7946e-04
Loss = 6.6410e-02, PNorm = 45.8292, GNorm = 0.1904, lr_0 = 5.7388e-04
Loss = 5.6481e-02, PNorm = 45.8655, GNorm = 0.1430, lr_0 = 5.6836e-04
Loss = 6.8757e-02, PNorm = 45.9079, GNorm = 0.1615, lr_0 = 5.6289e-04
Loss = 9.6967e-02, PNorm = 45.9297, GNorm = 0.2834, lr_0 = 5.5747e-04
Loss = 2.0740e-02, PNorm = 45.9336, GNorm = 0.1929, lr_0 = 5.5693e-04
Validation auc = 0.860513
Epoch 9
Loss = 3.8900e-02, PNorm = 45.9879, GNorm = 0.1583, lr_0 = 5.5156e-04
Loss = 6.6749e-02, PNorm = 46.0145, GNorm = 0.2078, lr_0 = 5.4625e-04
Loss = 8.2038e-02, PNorm = 46.0605, GNorm = 0.1251, lr_0 = 5.4100e-04
Loss = 5.5795e-02, PNorm = 46.0991, GNorm = 0.5358, lr_0 = 5.3579e-04
Loss = 6.6135e-02, PNorm = 46.1246, GNorm = 0.1349, lr_0 = 5.3063e-04
Loss = 4.9146e-02, PNorm = 46.1727, GNorm = 0.1928, lr_0 = 5.2552e-04
Loss = 4.6200e-02, PNorm = 46.1942, GNorm = 0.2435, lr_0 = 5.2046e-04
Loss = 5.7980e-02, PNorm = 46.2306, GNorm = 0.1941, lr_0 = 5.1545e-04
Validation auc = 0.887884
Epoch 10
Loss = 3.8811e-02, PNorm = 46.2627, GNorm = 0.2510, lr_0 = 5.1049e-04
Loss = 3.8151e-02, PNorm = 46.3020, GNorm = 0.1098, lr_0 = 5.0557e-04
Loss = 3.9305e-02, PNorm = 46.3303, GNorm = 0.1742, lr_0 = 5.0070e-04
Loss = 6.9755e-02, PNorm = 46.3560, GNorm = 0.3302, lr_0 = 4.9588e-04
Loss = 6.7609e-02, PNorm = 46.3782, GNorm = 0.4896, lr_0 = 4.9111e-04
Loss = 7.3855e-02, PNorm = 46.4096, GNorm = 0.3618, lr_0 = 4.8638e-04
Loss = 4.9414e-02, PNorm = 46.4440, GNorm = 0.2492, lr_0 = 4.8170e-04
Loss = 6.0516e-02, PNorm = 46.4735, GNorm = 0.1107, lr_0 = 4.7706e-04
Loss = 5.8789e-02, PNorm = 46.4967, GNorm = 0.1964, lr_0 = 4.7247e-04
Validation auc = 0.875687
Epoch 11
Loss = 4.5509e-02, PNorm = 46.5251, GNorm = 0.0451, lr_0 = 4.6792e-04
Loss = 2.4687e-02, PNorm = 46.5508, GNorm = 0.2738, lr_0 = 4.6341e-04
Loss = 4.4344e-02, PNorm = 46.5675, GNorm = 0.1820, lr_0 = 4.5895e-04
Loss = 7.0095e-02, PNorm = 46.5970, GNorm = 0.3152, lr_0 = 4.5453e-04
Loss = 6.4952e-02, PNorm = 46.6251, GNorm = 0.1229, lr_0 = 4.5015e-04
Loss = 3.1978e-02, PNorm = 46.6433, GNorm = 0.1162, lr_0 = 4.4582e-04
Loss = 7.9435e-02, PNorm = 46.6494, GNorm = 0.3610, lr_0 = 4.4153e-04
Loss = 4.3132e-02, PNorm = 46.6792, GNorm = 0.1621, lr_0 = 4.3728e-04
Validation auc = 0.899879
Epoch 12
Loss = 2.6775e-02, PNorm = 46.7014, GNorm = 0.1712, lr_0 = 4.3265e-04
Loss = 3.3865e-02, PNorm = 46.7432, GNorm = 0.2308, lr_0 = 4.2848e-04
Loss = 4.4995e-02, PNorm = 46.7703, GNorm = 0.3971, lr_0 = 4.2436e-04
Loss = 2.8121e-02, PNorm = 46.7874, GNorm = 0.1032, lr_0 = 4.2027e-04
Loss = 6.3567e-02, PNorm = 46.8061, GNorm = 0.4168, lr_0 = 4.1622e-04
Loss = 4.8307e-02, PNorm = 46.8253, GNorm = 0.2038, lr_0 = 4.1222e-04
Loss = 1.0690e-01, PNorm = 46.8418, GNorm = 0.2896, lr_0 = 4.0825e-04
Loss = 5.5415e-02, PNorm = 46.8766, GNorm = 0.2291, lr_0 = 4.0432e-04
Loss = 6.8835e-02, PNorm = 46.8967, GNorm = 0.6702, lr_0 = 4.0042e-04
Validation auc = 0.874948
Epoch 13
Loss = 4.8961e-02, PNorm = 46.9002, GNorm = 0.3801, lr_0 = 3.9657e-04
Loss = 4.0032e-02, PNorm = 46.9355, GNorm = 0.0514, lr_0 = 3.9275e-04
Loss = 5.1399e-02, PNorm = 46.9495, GNorm = 0.2034, lr_0 = 3.8897e-04
Loss = 4.3388e-02, PNorm = 46.9604, GNorm = 0.2317, lr_0 = 3.8522e-04
Loss = 5.1548e-02, PNorm = 46.9770, GNorm = 0.1718, lr_0 = 3.8152e-04
Loss = 5.2153e-02, PNorm = 46.9933, GNorm = 0.2845, lr_0 = 3.7784e-04
Loss = 6.6270e-02, PNorm = 47.0046, GNorm = 0.3073, lr_0 = 3.7420e-04
Loss = 4.8625e-02, PNorm = 47.0188, GNorm = 0.1498, lr_0 = 3.7060e-04
Validation auc = 0.869549
Epoch 14
Loss = 4.2312e-02, PNorm = 47.0438, GNorm = 0.2177, lr_0 = 3.6668e-04
Loss = 4.1869e-02, PNorm = 47.0710, GNorm = 0.1681, lr_0 = 3.6315e-04
Loss = 7.3825e-02, PNorm = 47.0864, GNorm = 0.2786, lr_0 = 3.5965e-04
Loss = 4.0456e-02, PNorm = 47.1233, GNorm = 0.3309, lr_0 = 3.5619e-04
Loss = 4.2490e-02, PNorm = 47.1447, GNorm = 0.2234, lr_0 = 3.5276e-04
Loss = 4.2879e-02, PNorm = 47.1574, GNorm = 0.2060, lr_0 = 3.4936e-04
Loss = 7.1338e-02, PNorm = 47.1747, GNorm = 0.2101, lr_0 = 3.4600e-04
Loss = 4.9351e-02, PNorm = 47.1987, GNorm = 0.2548, lr_0 = 3.4267e-04
Loss = 3.5261e-02, PNorm = 47.2188, GNorm = 0.2741, lr_0 = 3.3937e-04
Validation auc = 0.876855
Epoch 15
Loss = 8.1707e-02, PNorm = 47.2259, GNorm = 0.2502, lr_0 = 3.3610e-04
Loss = 3.4010e-02, PNorm = 47.2428, GNorm = 0.1391, lr_0 = 3.3287e-04
Loss = 5.3490e-02, PNorm = 47.2503, GNorm = 0.2674, lr_0 = 3.2966e-04
Loss = 4.5377e-02, PNorm = 47.2566, GNorm = 0.2332, lr_0 = 3.2649e-04
Loss = 3.4969e-02, PNorm = 47.2762, GNorm = 0.2827, lr_0 = 3.2334e-04
Loss = 4.5971e-02, PNorm = 47.2907, GNorm = 0.1718, lr_0 = 3.2023e-04
Loss = 5.4688e-02, PNorm = 47.2960, GNorm = 0.3780, lr_0 = 3.1715e-04
Loss = 4.2590e-02, PNorm = 47.3106, GNorm = 0.1693, lr_0 = 3.1409e-04
Loss = 4.5472e-02, PNorm = 47.3330, GNorm = 0.1448, lr_0 = 3.1107e-04
Validation auc = 0.877486
Epoch 16
Loss = 4.7643e-02, PNorm = 47.3463, GNorm = 0.1198, lr_0 = 3.0807e-04
Loss = 3.2449e-02, PNorm = 47.3598, GNorm = 0.0904, lr_0 = 3.0511e-04
Loss = 5.5941e-02, PNorm = 47.3701, GNorm = 0.3000, lr_0 = 3.0217e-04
Loss = 4.2794e-02, PNorm = 47.3921, GNorm = 0.2890, lr_0 = 2.9926e-04
Loss = 6.1244e-02, PNorm = 47.3990, GNorm = 0.1616, lr_0 = 2.9638e-04
Loss = 6.4401e-02, PNorm = 47.4205, GNorm = 0.1386, lr_0 = 2.9353e-04
Loss = 4.3884e-02, PNorm = 47.4448, GNorm = 0.7314, lr_0 = 2.9070e-04
Loss = 2.4147e-02, PNorm = 47.4539, GNorm = 0.1728, lr_0 = 2.8790e-04
Validation auc = 0.852092
Epoch 17
Loss = 4.6540e-02, PNorm = 47.4686, GNorm = 0.1166, lr_0 = 2.8485e-04
Loss = 5.3556e-02, PNorm = 47.4822, GNorm = 0.3460, lr_0 = 2.8211e-04
Loss = 5.3006e-02, PNorm = 47.4969, GNorm = 0.1816, lr_0 = 2.7939e-04
Loss = 4.7859e-02, PNorm = 47.5122, GNorm = 0.2468, lr_0 = 2.7670e-04
Loss = 2.7284e-02, PNorm = 47.5327, GNorm = 0.1056, lr_0 = 2.7404e-04
Loss = 2.9211e-02, PNorm = 47.5381, GNorm = 0.1313, lr_0 = 2.7140e-04
Loss = 5.1341e-02, PNorm = 47.5368, GNorm = 0.3471, lr_0 = 2.6879e-04
Loss = 4.5990e-02, PNorm = 47.5528, GNorm = 0.1969, lr_0 = 2.6620e-04
Loss = 5.3886e-02, PNorm = 47.5682, GNorm = 0.2207, lr_0 = 2.6364e-04
Validation auc = 0.865379
Epoch 18
Loss = 3.7404e-02, PNorm = 47.5788, GNorm = 0.1833, lr_0 = 2.6110e-04
Loss = 4.4490e-02, PNorm = 47.5907, GNorm = 0.3184, lr_0 = 2.5859e-04
Loss = 6.3108e-02, PNorm = 47.5979, GNorm = 0.3070, lr_0 = 2.5610e-04
Loss = 4.0691e-02, PNorm = 47.6253, GNorm = 0.4285, lr_0 = 2.5363e-04
Loss = 5.7630e-02, PNorm = 47.6276, GNorm = 0.2356, lr_0 = 2.5119e-04
Loss = 3.4078e-02, PNorm = 47.6393, GNorm = 0.2024, lr_0 = 2.4877e-04
Loss = 3.6388e-02, PNorm = 47.6537, GNorm = 0.2465, lr_0 = 2.4638e-04
Loss = 3.5120e-02, PNorm = 47.6623, GNorm = 0.3701, lr_0 = 2.4400e-04
Validation auc = 0.876718
Epoch 19
Loss = 3.1606e-02, PNorm = 47.6713, GNorm = 0.2381, lr_0 = 2.4165e-04
Loss = 3.5380e-02, PNorm = 47.6773, GNorm = 0.2277, lr_0 = 2.3933e-04
Loss = 5.1466e-02, PNorm = 47.6835, GNorm = 0.1404, lr_0 = 2.3702e-04
Loss = 3.8388e-02, PNorm = 47.6912, GNorm = 0.3221, lr_0 = 2.3474e-04
Loss = 3.3101e-02, PNorm = 47.7054, GNorm = 0.1995, lr_0 = 2.3248e-04
Loss = 6.6744e-02, PNorm = 47.7116, GNorm = 0.2228, lr_0 = 2.3024e-04
Loss = 6.5903e-02, PNorm = 47.7219, GNorm = 0.5013, lr_0 = 2.2803e-04
Loss = 3.1962e-02, PNorm = 47.7389, GNorm = 0.2354, lr_0 = 2.2583e-04
Loss = 3.3984e-02, PNorm = 47.7475, GNorm = 0.1073, lr_0 = 2.2366e-04
Validation auc = 0.869709
Epoch 20
Loss = 3.7159e-02, PNorm = 47.7582, GNorm = 0.2346, lr_0 = 2.2129e-04
Loss = 4.1587e-02, PNorm = 47.7678, GNorm = 0.1034, lr_0 = 2.1916e-04
Loss = 3.9618e-02, PNorm = 47.7788, GNorm = 0.1177, lr_0 = 2.1705e-04
Loss = 3.4922e-02, PNorm = 47.7884, GNorm = 0.1417, lr_0 = 2.1496e-04
Loss = 4.5039e-02, PNorm = 47.7910, GNorm = 0.1310, lr_0 = 2.1289e-04
Loss = 5.0299e-02, PNorm = 47.7954, GNorm = 0.3044, lr_0 = 2.1084e-04
Loss = 2.6350e-02, PNorm = 47.8112, GNorm = 0.1493, lr_0 = 2.0881e-04
Loss = 3.8238e-02, PNorm = 47.8220, GNorm = 0.6196, lr_0 = 2.0680e-04
Validation auc = 0.877938
Epoch 21
Loss = 3.8879e-02, PNorm = 47.8131, GNorm = 0.3952, lr_0 = 2.0481e-04
Loss = 4.1909e-02, PNorm = 47.8302, GNorm = 0.3168, lr_0 = 2.0283e-04
Loss = 2.3894e-02, PNorm = 47.8446, GNorm = 0.0921, lr_0 = 2.0088e-04
Loss = 5.8531e-02, PNorm = 47.8475, GNorm = 0.2708, lr_0 = 1.9895e-04
Loss = 4.6233e-02, PNorm = 47.8556, GNorm = 0.3312, lr_0 = 1.9703e-04
Loss = 4.3321e-02, PNorm = 47.8658, GNorm = 0.1917, lr_0 = 1.9514e-04
Loss = 4.9042e-02, PNorm = 47.8799, GNorm = 0.2688, lr_0 = 1.9326e-04
Loss = 3.1441e-02, PNorm = 47.8903, GNorm = 0.1679, lr_0 = 1.9140e-04
Loss = 4.9252e-02, PNorm = 47.8994, GNorm = 0.5958, lr_0 = 1.8955e-04
Validation auc = 0.875423
Epoch 22
Loss = 1.0524e-02, PNorm = 47.9067, GNorm = 0.1600, lr_0 = 1.8773e-04
Loss = 6.2047e-02, PNorm = 47.9051, GNorm = 0.2081, lr_0 = 1.8592e-04
Loss = 2.5259e-02, PNorm = 47.9144, GNorm = 0.0845, lr_0 = 1.8413e-04
Loss = 2.9253e-02, PNorm = 47.9340, GNorm = 0.0937, lr_0 = 1.8236e-04
Loss = 6.8439e-02, PNorm = 47.9337, GNorm = 0.1552, lr_0 = 1.8060e-04
Loss = 3.1982e-02, PNorm = 47.9419, GNorm = 0.2485, lr_0 = 1.7886e-04
Loss = 6.2614e-02, PNorm = 47.9597, GNorm = 0.3584, lr_0 = 1.7714e-04
Loss = 5.0291e-02, PNorm = 47.9636, GNorm = 0.2121, lr_0 = 1.7544e-04
Validation auc = 0.876264
Epoch 23
Loss = 9.4106e-02, PNorm = 47.9735, GNorm = 0.4582, lr_0 = 1.7358e-04
Loss = 3.1114e-02, PNorm = 47.9851, GNorm = 0.4035, lr_0 = 1.7191e-04
Loss = 6.3908e-02, PNorm = 47.9837, GNorm = 0.2310, lr_0 = 1.7025e-04
Loss = 2.9737e-02, PNorm = 47.9954, GNorm = 0.3698, lr_0 = 1.6861e-04
Loss = 3.4636e-02, PNorm = 48.0058, GNorm = 0.1017, lr_0 = 1.6699e-04
Loss = 3.1863e-02, PNorm = 48.0098, GNorm = 0.3881, lr_0 = 1.6538e-04
Loss = 3.3829e-02, PNorm = 48.0174, GNorm = 0.3401, lr_0 = 1.6379e-04
Loss = 3.2914e-02, PNorm = 48.0228, GNorm = 0.1572, lr_0 = 1.6221e-04
Loss = 3.8867e-02, PNorm = 48.0300, GNorm = 0.1561, lr_0 = 1.6065e-04
Validation auc = 0.879228
Epoch 24
Loss = 6.8779e-02, PNorm = 48.0308, GNorm = 0.4137, lr_0 = 1.5910e-04
Loss = 3.0205e-02, PNorm = 48.0436, GNorm = 0.1368, lr_0 = 1.5757e-04
Loss = 5.2927e-02, PNorm = 48.0556, GNorm = 0.4110, lr_0 = 1.5605e-04
Loss = 3.0975e-02, PNorm = 48.0617, GNorm = 0.1240, lr_0 = 1.5455e-04
Loss = 3.8937e-02, PNorm = 48.0661, GNorm = 0.1482, lr_0 = 1.5306e-04
Loss = 3.2006e-02, PNorm = 48.0723, GNorm = 0.1319, lr_0 = 1.5159e-04
Loss = 4.1909e-02, PNorm = 48.0803, GNorm = 0.2592, lr_0 = 1.5013e-04
Loss = 3.1916e-02, PNorm = 48.0817, GNorm = 0.0861, lr_0 = 1.4869e-04
Loss = 4.3154e-02, PNorm = 48.0898, GNorm = 0.1012, lr_0 = 1.4725e-04
Validation auc = 0.867312
Epoch 25
Loss = 4.1244e-02, PNorm = 48.0939, GNorm = 0.5042, lr_0 = 1.4584e-04
Loss = 3.3618e-02, PNorm = 48.1021, GNorm = 0.2869, lr_0 = 1.4443e-04
Loss = 3.2597e-02, PNorm = 48.1108, GNorm = 0.5313, lr_0 = 1.4304e-04
Loss = 6.2032e-02, PNorm = 48.1134, GNorm = 0.4050, lr_0 = 1.4166e-04
Loss = 3.0206e-02, PNorm = 48.1244, GNorm = 0.2590, lr_0 = 1.4030e-04
Loss = 3.6467e-02, PNorm = 48.1303, GNorm = 0.2494, lr_0 = 1.3895e-04
Loss = 2.2523e-02, PNorm = 48.1356, GNorm = 0.1005, lr_0 = 1.3761e-04
Loss = 3.3884e-02, PNorm = 48.1386, GNorm = 0.2214, lr_0 = 1.3629e-04
Validation auc = 0.879223
Epoch 26
Loss = 2.9758e-02, PNorm = 48.1385, GNorm = 0.1779, lr_0 = 1.3484e-04
Loss = 3.6881e-02, PNorm = 48.1455, GNorm = 0.2801, lr_0 = 1.3355e-04
Loss = 2.8773e-02, PNorm = 48.1561, GNorm = 0.3351, lr_0 = 1.3226e-04
Loss = 3.0492e-02, PNorm = 48.1620, GNorm = 0.0947, lr_0 = 1.3099e-04
Loss = 5.6808e-02, PNorm = 48.1573, GNorm = 0.3345, lr_0 = 1.2973e-04
Loss = 3.3650e-02, PNorm = 48.1651, GNorm = 0.1539, lr_0 = 1.2848e-04
Loss = 2.9250e-02, PNorm = 48.1770, GNorm = 0.1583, lr_0 = 1.2724e-04
Loss = 4.7747e-02, PNorm = 48.1825, GNorm = 0.6184, lr_0 = 1.2601e-04
Loss = 2.3489e-02, PNorm = 48.1848, GNorm = 0.3906, lr_0 = 1.2480e-04
Validation auc = 0.884613
Epoch 27
Loss = 3.9353e-02, PNorm = 48.1878, GNorm = 0.2014, lr_0 = 1.2360e-04
Loss = 2.1385e-02, PNorm = 48.1935, GNorm = 0.1116, lr_0 = 1.2241e-04
Loss = 2.9726e-02, PNorm = 48.2019, GNorm = 0.4091, lr_0 = 1.2123e-04
Loss = 1.5988e-02, PNorm = 48.2089, GNorm = 0.0451, lr_0 = 1.2006e-04
Loss = 4.3920e-02, PNorm = 48.2096, GNorm = 0.1185, lr_0 = 1.1891e-04
Loss = 4.8652e-02, PNorm = 48.2099, GNorm = 0.4823, lr_0 = 1.1776e-04
Loss = 4.2056e-02, PNorm = 48.2169, GNorm = 0.2907, lr_0 = 1.1663e-04
Loss = 2.7962e-02, PNorm = 48.2263, GNorm = 0.0970, lr_0 = 1.1551e-04
Validation auc = 0.886311
Epoch 28
Loss = 7.8639e-02, PNorm = 48.2258, GNorm = 0.3016, lr_0 = 1.1428e-04
Loss = 2.2292e-02, PNorm = 48.2277, GNorm = 0.1974, lr_0 = 1.1318e-04
Loss = 5.1652e-02, PNorm = 48.2294, GNorm = 0.3254, lr_0 = 1.1209e-04
Loss = 3.0302e-02, PNorm = 48.2333, GNorm = 0.1403, lr_0 = 1.1101e-04
Loss = 3.0019e-02, PNorm = 48.2404, GNorm = 0.0841, lr_0 = 1.0995e-04
Loss = 5.1788e-02, PNorm = 48.2472, GNorm = 0.1549, lr_0 = 1.0889e-04
Loss = 4.2194e-02, PNorm = 48.2544, GNorm = 0.3419, lr_0 = 1.0784e-04
Loss = 4.2624e-02, PNorm = 48.2565, GNorm = 0.1776, lr_0 = 1.0680e-04
Loss = 3.6647e-02, PNorm = 48.2625, GNorm = 0.1825, lr_0 = 1.0577e-04
Validation auc = 0.881716
Epoch 29
Loss = 3.8293e-02, PNorm = 48.2700, GNorm = 0.3524, lr_0 = 1.0475e-04
Loss = 2.9572e-02, PNorm = 48.2734, GNorm = 0.5529, lr_0 = 1.0374e-04
Loss = 3.9213e-02, PNorm = 48.2751, GNorm = 0.2012, lr_0 = 1.0275e-04
Loss = 2.3246e-02, PNorm = 48.2805, GNorm = 0.1825, lr_0 = 1.0176e-04
Loss = 2.4779e-02, PNorm = 48.2874, GNorm = 0.0384, lr_0 = 1.0078e-04
Loss = 4.5658e-02, PNorm = 48.2886, GNorm = 0.0556, lr_0 = 1.0000e-04
Loss = 3.2853e-02, PNorm = 48.2887, GNorm = 0.1877, lr_0 = 1.0000e-04
Loss = 3.0002e-02, PNorm = 48.2942, GNorm = 0.3034, lr_0 = 1.0000e-04
Validation auc = 0.885494
Model 0 best validation auc = 0.899879 on epoch 11
Loading pretrained parameter "encoder.encoder.0.cached_zero_vector".
Loading pretrained parameter "encoder.encoder.0.W_i.weight".
Loading pretrained parameter "encoder.encoder.0.W_h.weight".
Loading pretrained parameter "encoder.encoder.0.W_o.weight".
Loading pretrained parameter "encoder.encoder.0.W_o.bias".
Loading pretrained parameter "ffn.1.weight".
Loading pretrained parameter "ffn.1.bias".
Loading pretrained parameter "ffn.4.weight".
Loading pretrained parameter "ffn.4.bias".
Moving model to cuda
Model 0 test auc = 0.858568
Ensemble test auc = 0.858568
Fold 2
Splitting data with seed 2
Total scaffolds = 3,467 | train scaffolds = 2,630 | val scaffolds = 419 | test scaffolds = 418
Label averages per scaffold, in decreasing order of scaffold frequency,capped at 10 scaffolds and 20 labels:
Scaffold 0
Task 0: count = 381 | target average = 0.018373
Task 1: count = 381 | target average = 0.013123


Scaffold 1
Task 0: count = 305 | target average = 0.009836
Task 1: count = 305 | target average = 0.016393


Scaffold 2
Task 0: count = 36 | target average = 0.000000
Task 1: count = 36 | target average = 0.000000


Scaffold 3
Task 0: count = 29 | target average = 0.000000
Task 1: count = 29 | target average = 0.000000


Scaffold 4
Task 0: count = 26 | target average = 0.000000
Task 1: count = 26 | target average = 0.000000


Scaffold 5
Task 0: count = 23 | target average = 0.000000
Task 1: count = 23 | target average = 0.000000


Scaffold 6
Task 0: count = 22 | target average = 0.090909
Task 1: count = 22 | target average = 0.090909


Scaffold 7
Task 0: count = 20 | target average = 0.000000
Task 1: count = 20 | target average = 0.000000


Scaffold 8
Task 0: count = 20 | target average = 0.000000
Task 1: count = 20 | target average = 0.000000


Scaffold 9
Task 0: count = 20 | target average = 0.050000
Task 1: count = 20 | target average = 0.000000


Class sizes
hit_inh 0: 97.83%, 1: 2.17%
hit_kill 0: 98.64%, 1: 1.36%
Total size = 5,353 | train size = 4,282 | val size = 535 | test size = 536
Building model 0
MoleculeModel(
  (sigmoid): Sigmoid()
  (encoder): MPN(
    (encoder): ModuleList(
      (0): MPNEncoder(
        (dropout_layer): Dropout(p=0.4, inplace=False)
        (act_func): ReLU()
        (W_i): Linear(in_features=147, out_features=500, bias=False)
        (W_h): Linear(in_features=500, out_features=500, bias=False)
        (W_o): Linear(in_features=633, out_features=500, bias=True)
      )
    )
  )
  (ffn): Sequential(
    (0): Dropout(p=0.4, inplace=False)
    (1): Linear(in_features=700, out_features=500, bias=True)
    (2): ReLU()
    (3): Dropout(p=0.4, inplace=False)
    (4): Linear(in_features=500, out_features=2, bias=True)
  )
)
Number of parameters = 992,002
Moving model to cuda
Epoch 0
Loss = 2.4209e-01, PNorm = 43.2960, GNorm = 0.3355, lr_0 = 1.5824e-04
Loss = 7.4644e-02, PNorm = 43.3089, GNorm = 0.3202, lr_0 = 2.1118e-04
Loss = 1.3906e-01, PNorm = 43.3091, GNorm = 0.5473, lr_0 = 2.6412e-04
Loss = 9.3842e-02, PNorm = 43.3075, GNorm = 0.3081, lr_0 = 3.1706e-04
Loss = 7.8796e-02, PNorm = 43.3135, GNorm = 0.2228, lr_0 = 3.7000e-04
Loss = 1.0248e-01, PNorm = 43.3201, GNorm = 0.2186, lr_0 = 4.2294e-04
Loss = 9.9091e-02, PNorm = 43.3298, GNorm = 0.4262, lr_0 = 4.7588e-04
Loss = 7.9364e-02, PNorm = 43.3406, GNorm = 0.3360, lr_0 = 5.2882e-04
Validation auc = 0.737232
Epoch 1
Loss = 6.3629e-02, PNorm = 43.3570, GNorm = 0.2114, lr_0 = 5.8706e-04
Loss = 8.2836e-02, PNorm = 43.3782, GNorm = 0.6741, lr_0 = 6.4000e-04
Loss = 4.3480e-02, PNorm = 43.3951, GNorm = 0.2773, lr_0 = 6.9294e-04
Loss = 1.2342e-01, PNorm = 43.4129, GNorm = 0.5249, lr_0 = 7.4588e-04
Loss = 8.0406e-02, PNorm = 43.4539, GNorm = 0.3902, lr_0 = 7.9882e-04
Loss = 9.1768e-02, PNorm = 43.4775, GNorm = 0.1745, lr_0 = 8.5176e-04
Loss = 1.0705e-01, PNorm = 43.5132, GNorm = 0.2385, lr_0 = 9.0471e-04
Loss = 1.1622e-01, PNorm = 43.5502, GNorm = 0.3861, lr_0 = 9.5765e-04
Loss = 6.6498e-02, PNorm = 43.6038, GNorm = 0.1131, lr_0 = 9.9807e-04
Validation auc = 0.809605
Epoch 2
Loss = 8.8489e-02, PNorm = 43.6424, GNorm = 0.3635, lr_0 = 9.8846e-04
Loss = 7.9103e-02, PNorm = 43.6915, GNorm = 0.3879, lr_0 = 9.7894e-04
Loss = 9.7353e-02, PNorm = 43.7271, GNorm = 0.2322, lr_0 = 9.6952e-04
Loss = 8.2592e-02, PNorm = 43.7701, GNorm = 0.4489, lr_0 = 9.6018e-04
Loss = 1.0402e-01, PNorm = 43.7956, GNorm = 0.2876, lr_0 = 9.5094e-04
Loss = 6.6939e-02, PNorm = 43.8548, GNorm = 0.1855, lr_0 = 9.4178e-04
Loss = 5.3744e-02, PNorm = 43.8830, GNorm = 0.0795, lr_0 = 9.3271e-04
Loss = 7.4331e-02, PNorm = 43.9035, GNorm = 0.2031, lr_0 = 9.2373e-04
Validation auc = 0.774007
Epoch 3
Loss = 8.1321e-02, PNorm = 43.9408, GNorm = 0.2731, lr_0 = 9.1395e-04
Loss = 9.0780e-02, PNorm = 43.9741, GNorm = 0.2074, lr_0 = 9.0515e-04
Loss = 8.6785e-02, PNorm = 44.0255, GNorm = 0.4303, lr_0 = 8.9644e-04
Loss = 3.4018e-02, PNorm = 44.0702, GNorm = 0.0953, lr_0 = 8.8781e-04
Loss = 9.1619e-02, PNorm = 44.0826, GNorm = 0.2781, lr_0 = 8.7926e-04
Loss = 6.9480e-02, PNorm = 44.1318, GNorm = 0.1019, lr_0 = 8.7080e-04
Loss = 1.0655e-01, PNorm = 44.1615, GNorm = 0.2085, lr_0 = 8.6241e-04
Loss = 6.8363e-02, PNorm = 44.2128, GNorm = 0.1290, lr_0 = 8.5411e-04
Loss = 6.7346e-02, PNorm = 44.2443, GNorm = 0.2777, lr_0 = 8.4588e-04
Validation auc = 0.786669
Epoch 4
Loss = 3.9498e-02, PNorm = 44.2800, GNorm = 0.1050, lr_0 = 8.3774e-04
Loss = 4.7801e-02, PNorm = 44.3096, GNorm = 0.1962, lr_0 = 8.2967e-04
Loss = 7.3387e-02, PNorm = 44.3310, GNorm = 0.2398, lr_0 = 8.2169e-04
Loss = 9.7718e-02, PNorm = 44.3526, GNorm = 0.2264, lr_0 = 8.1377e-04
Loss = 9.8688e-02, PNorm = 44.3886, GNorm = 0.2091, lr_0 = 8.0594e-04
Loss = 5.3509e-02, PNorm = 44.4332, GNorm = 0.2092, lr_0 = 7.9818e-04
Loss = 8.7628e-02, PNorm = 44.4491, GNorm = 0.2800, lr_0 = 7.9050e-04
Loss = 5.1498e-02, PNorm = 44.4963, GNorm = 0.2262, lr_0 = 7.8288e-04
Validation auc = 0.801999
Epoch 5
Loss = 9.8440e-02, PNorm = 44.5290, GNorm = 0.2314, lr_0 = 7.7535e-04
Loss = 8.3328e-02, PNorm = 44.5773, GNorm = 0.1654, lr_0 = 7.6788e-04
Loss = 5.8426e-02, PNorm = 44.6261, GNorm = 0.4372, lr_0 = 7.6049e-04
Loss = 8.4019e-02, PNorm = 44.6515, GNorm = 0.2610, lr_0 = 7.5317e-04
Loss = 4.3280e-02, PNorm = 44.7063, GNorm = 0.0783, lr_0 = 7.4591e-04
Loss = 7.0924e-02, PNorm = 44.7258, GNorm = 0.0974, lr_0 = 7.3873e-04
Loss = 8.4440e-02, PNorm = 44.7355, GNorm = 0.1490, lr_0 = 7.3162e-04
Loss = 6.3015e-02, PNorm = 44.7828, GNorm = 0.1021, lr_0 = 7.2458e-04
Loss = 5.8997e-02, PNorm = 44.8079, GNorm = 0.2346, lr_0 = 7.1760e-04
Validation auc = 0.843579
Epoch 6
Loss = 5.2278e-02, PNorm = 44.8235, GNorm = 0.1309, lr_0 = 7.1000e-04
Loss = 8.2794e-02, PNorm = 44.8523, GNorm = 0.1430, lr_0 = 7.0317e-04
Loss = 8.3646e-02, PNorm = 44.8762, GNorm = 0.2770, lr_0 = 6.9640e-04
Loss = 7.7727e-02, PNorm = 44.9270, GNorm = 0.1437, lr_0 = 6.8969e-04
Loss = 6.0935e-02, PNorm = 44.9619, GNorm = 0.0826, lr_0 = 6.8305e-04
Loss = 6.2054e-02, PNorm = 44.9887, GNorm = 0.1858, lr_0 = 6.7648e-04
Loss = 6.3714e-02, PNorm = 45.0344, GNorm = 0.5383, lr_0 = 6.6996e-04
Loss = 2.9114e-02, PNorm = 45.0690, GNorm = 0.1242, lr_0 = 6.6351e-04
Validation auc = 0.831809
Epoch 7
Loss = 5.1585e-02, PNorm = 45.0838, GNorm = 0.1883, lr_0 = 6.5712e-04
Loss = 5.8530e-02, PNorm = 45.1303, GNorm = 0.2982, lr_0 = 6.5080e-04
Loss = 7.9967e-02, PNorm = 45.1638, GNorm = 0.2309, lr_0 = 6.4453e-04
Loss = 6.4716e-02, PNorm = 45.2053, GNorm = 0.2089, lr_0 = 6.3833e-04
Loss = 5.8708e-02, PNorm = 45.2327, GNorm = 0.1280, lr_0 = 6.3218e-04
Loss = 3.6705e-02, PNorm = 45.2651, GNorm = 0.0873, lr_0 = 6.2609e-04
Loss = 7.3040e-02, PNorm = 45.2810, GNorm = 0.2441, lr_0 = 6.2006e-04
Loss = 6.4706e-02, PNorm = 45.3192, GNorm = 0.3663, lr_0 = 6.1409e-04
Loss = 5.2324e-02, PNorm = 45.3676, GNorm = 0.1176, lr_0 = 6.0818e-04
Validation auc = 0.856642
Epoch 8
Loss = 3.4254e-02, PNorm = 45.3955, GNorm = 0.1232, lr_0 = 6.0233e-04
Loss = 5.4076e-02, PNorm = 45.4191, GNorm = 0.1518, lr_0 = 5.9653e-04
Loss = 6.9437e-02, PNorm = 45.4482, GNorm = 0.2348, lr_0 = 5.9078e-04
Loss = 7.8413e-02, PNorm = 45.4771, GNorm = 0.3456, lr_0 = 5.8510e-04
Loss = 5.6756e-02, PNorm = 45.5217, GNorm = 0.2243, lr_0 = 5.7946e-04
Loss = 6.1936e-02, PNorm = 45.5600, GNorm = 0.3213, lr_0 = 5.7388e-04
Loss = 5.5060e-02, PNorm = 45.5953, GNorm = 0.2748, lr_0 = 5.6836e-04
Loss = 6.0257e-02, PNorm = 45.6201, GNorm = 0.2727, lr_0 = 5.6289e-04
Loss = 5.4172e-02, PNorm = 45.6433, GNorm = 0.2201, lr_0 = 5.5747e-04
Loss = 1.9103e-02, PNorm = 45.6470, GNorm = 0.1791, lr_0 = 5.5693e-04
Validation auc = 0.848464
Epoch 9
Loss = 5.1586e-02, PNorm = 45.6887, GNorm = 0.1552, lr_0 = 5.5156e-04
Loss = 7.1341e-02, PNorm = 45.7082, GNorm = 0.1851, lr_0 = 5.4625e-04
Loss = 6.0151e-02, PNorm = 45.7428, GNorm = 0.1567, lr_0 = 5.4100e-04
Loss = 3.8857e-02, PNorm = 45.7780, GNorm = 0.2459, lr_0 = 5.3579e-04
Loss = 7.9559e-02, PNorm = 45.7937, GNorm = 0.1795, lr_0 = 5.3063e-04
Loss = 4.3136e-02, PNorm = 45.8400, GNorm = 0.2124, lr_0 = 5.2552e-04
Loss = 7.8842e-02, PNorm = 45.8521, GNorm = 0.1724, lr_0 = 5.2046e-04
Loss = 4.8085e-02, PNorm = 45.8905, GNorm = 0.1542, lr_0 = 5.1545e-04
Validation auc = 0.854846
Epoch 10
Loss = 3.7521e-02, PNorm = 45.9176, GNorm = 0.0899, lr_0 = 5.1049e-04
Loss = 7.6486e-02, PNorm = 45.9534, GNorm = 0.2185, lr_0 = 5.0557e-04
Loss = 3.3835e-02, PNorm = 46.0036, GNorm = 0.0987, lr_0 = 5.0070e-04
Loss = 2.6437e-02, PNorm = 46.0158, GNorm = 0.4509, lr_0 = 4.9588e-04
Loss = 7.8987e-02, PNorm = 46.0148, GNorm = 0.3213, lr_0 = 4.9111e-04
Loss = 6.6181e-02, PNorm = 46.0440, GNorm = 0.1520, lr_0 = 4.8638e-04
Loss = 5.7652e-02, PNorm = 46.0701, GNorm = 0.1530, lr_0 = 4.8170e-04
Loss = 4.8897e-02, PNorm = 46.1009, GNorm = 0.2952, lr_0 = 4.7706e-04
Loss = 4.4166e-02, PNorm = 46.1215, GNorm = 0.3660, lr_0 = 4.7247e-04
Validation auc = 0.856852
Epoch 11
Loss = 7.6665e-02, PNorm = 46.1543, GNorm = 0.2950, lr_0 = 4.6792e-04
Loss = 3.9650e-02, PNorm = 46.2104, GNorm = 0.2167, lr_0 = 4.6341e-04
Loss = 3.5877e-02, PNorm = 46.2325, GNorm = 0.0838, lr_0 = 4.5895e-04
Loss = 5.1204e-02, PNorm = 46.2406, GNorm = 0.0606, lr_0 = 4.5453e-04
Loss = 7.7215e-02, PNorm = 46.2540, GNorm = 0.3421, lr_0 = 4.5015e-04
Loss = 5.8582e-02, PNorm = 46.2833, GNorm = 0.0374, lr_0 = 4.4582e-04
Loss = 4.8522e-02, PNorm = 46.3028, GNorm = 0.1417, lr_0 = 4.4153e-04
Loss = 5.4432e-02, PNorm = 46.3287, GNorm = 0.2475, lr_0 = 4.3728e-04
Validation auc = 0.835948
Epoch 12
Loss = 7.4934e-02, PNorm = 46.3532, GNorm = 0.3246, lr_0 = 4.3265e-04
Loss = 4.0009e-02, PNorm = 46.3741, GNorm = 0.1570, lr_0 = 4.2848e-04
Loss = 5.3117e-02, PNorm = 46.4058, GNorm = 0.1701, lr_0 = 4.2436e-04
Loss = 7.5593e-02, PNorm = 46.4180, GNorm = 0.7829, lr_0 = 4.2027e-04
Loss = 7.0223e-02, PNorm = 46.4327, GNorm = 0.6302, lr_0 = 4.1622e-04
Loss = 3.1141e-02, PNorm = 46.4769, GNorm = 0.2603, lr_0 = 4.1222e-04
Loss = 9.0294e-02, PNorm = 46.4728, GNorm = 0.2516, lr_0 = 4.0825e-04
Loss = 6.4163e-02, PNorm = 46.4802, GNorm = 0.3607, lr_0 = 4.0432e-04
Loss = 5.4367e-02, PNorm = 46.5269, GNorm = 0.1584, lr_0 = 4.0042e-04
Validation auc = 0.865761
Epoch 13
Loss = 2.4623e-02, PNorm = 46.5506, GNorm = 0.2161, lr_0 = 3.9657e-04
Loss = 6.2610e-02, PNorm = 46.5654, GNorm = 0.1257, lr_0 = 3.9275e-04
Loss = 2.0064e-02, PNorm = 46.5889, GNorm = 0.0945, lr_0 = 3.8897e-04
Loss = 7.0723e-02, PNorm = 46.5995, GNorm = 0.3113, lr_0 = 3.8522e-04
Loss = 6.2773e-02, PNorm = 46.6182, GNorm = 0.2387, lr_0 = 3.8152e-04
Loss = 6.1247e-02, PNorm = 46.6468, GNorm = 0.4474, lr_0 = 3.7784e-04
Loss = 6.8674e-02, PNorm = 46.6504, GNorm = 0.3167, lr_0 = 3.7420e-04
Loss = 4.3478e-02, PNorm = 46.6723, GNorm = 0.1055, lr_0 = 3.7060e-04
Validation auc = 0.893664
Epoch 14
Loss = 2.3705e-02, PNorm = 46.6954, GNorm = 0.1930, lr_0 = 3.6668e-04
Loss = 3.9251e-02, PNorm = 46.7093, GNorm = 0.1990, lr_0 = 3.6315e-04
Loss = 4.6619e-02, PNorm = 46.7297, GNorm = 0.2238, lr_0 = 3.5965e-04
Loss = 4.0602e-02, PNorm = 46.7453, GNorm = 0.0958, lr_0 = 3.5619e-04
Loss = 4.7901e-02, PNorm = 46.7602, GNorm = 0.1319, lr_0 = 3.5276e-04
Loss = 4.9171e-02, PNorm = 46.7816, GNorm = 0.4019, lr_0 = 3.4936e-04
Loss = 7.9298e-02, PNorm = 46.7775, GNorm = 0.1894, lr_0 = 3.4600e-04
Loss = 4.8805e-02, PNorm = 46.7932, GNorm = 0.1845, lr_0 = 3.4267e-04
Loss = 4.2879e-02, PNorm = 46.8182, GNorm = 0.1385, lr_0 = 3.3937e-04
Validation auc = 0.879613
Epoch 15
Loss = 5.3730e-02, PNorm = 46.8259, GNorm = 0.2403, lr_0 = 3.3610e-04
Loss = 6.6055e-02, PNorm = 46.8459, GNorm = 0.2141, lr_0 = 3.3287e-04
Loss = 3.1243e-02, PNorm = 46.8704, GNorm = 0.2563, lr_0 = 3.2966e-04
Loss = 4.4460e-02, PNorm = 46.8886, GNorm = 0.0603, lr_0 = 3.2649e-04
Loss = 6.1467e-02, PNorm = 46.8907, GNorm = 0.1891, lr_0 = 3.2334e-04
Loss = 4.5450e-02, PNorm = 46.9081, GNorm = 0.2291, lr_0 = 3.2023e-04
Loss = 5.4676e-02, PNorm = 46.9339, GNorm = 0.2376, lr_0 = 3.1715e-04
Loss = 3.0247e-02, PNorm = 46.9478, GNorm = 0.5152, lr_0 = 3.1409e-04
Loss = 5.8540e-02, PNorm = 46.9548, GNorm = 0.1053, lr_0 = 3.1107e-04
Validation auc = 0.864250
Epoch 16
Loss = 4.8424e-02, PNorm = 46.9770, GNorm = 0.2145, lr_0 = 3.0807e-04
Loss = 7.6589e-02, PNorm = 46.9898, GNorm = 0.1996, lr_0 = 3.0511e-04
Loss = 4.9265e-02, PNorm = 47.0056, GNorm = 0.1930, lr_0 = 3.0217e-04
Loss = 3.0339e-02, PNorm = 47.0263, GNorm = 0.0766, lr_0 = 2.9926e-04
Loss = 5.6618e-02, PNorm = 47.0333, GNorm = 0.2576, lr_0 = 2.9638e-04
Loss = 4.3940e-02, PNorm = 47.0438, GNorm = 0.2973, lr_0 = 2.9353e-04
Loss = 2.9004e-02, PNorm = 47.0631, GNorm = 0.0990, lr_0 = 2.9070e-04
Loss = 6.3294e-02, PNorm = 47.0777, GNorm = 0.1420, lr_0 = 2.8790e-04
Validation auc = 0.881881
Epoch 17
Loss = 4.4917e-02, PNorm = 47.0896, GNorm = 0.1137, lr_0 = 2.8485e-04
Loss = 5.5777e-02, PNorm = 47.1007, GNorm = 0.1260, lr_0 = 2.8211e-04
Loss = 3.7082e-02, PNorm = 47.1193, GNorm = 0.3964, lr_0 = 2.7939e-04
Loss = 5.7053e-02, PNorm = 47.1258, GNorm = 0.1931, lr_0 = 2.7670e-04
Loss = 5.3442e-02, PNorm = 47.1403, GNorm = 0.1846, lr_0 = 2.7404e-04
Loss = 4.5820e-02, PNorm = 47.1508, GNorm = 0.0941, lr_0 = 2.7140e-04
Loss = 3.5955e-02, PNorm = 47.1604, GNorm = 0.1741, lr_0 = 2.6879e-04
Loss = 4.8894e-02, PNorm = 47.1695, GNorm = 0.3098, lr_0 = 2.6620e-04
Loss = 2.4604e-02, PNorm = 47.1854, GNorm = 0.0522, lr_0 = 2.6364e-04
Validation auc = 0.890641
Epoch 18
Loss = 4.8217e-02, PNorm = 47.1930, GNorm = 0.2110, lr_0 = 2.6110e-04
Loss = 4.8351e-02, PNorm = 47.2075, GNorm = 0.1533, lr_0 = 2.5859e-04
Loss = 3.8515e-02, PNorm = 47.2283, GNorm = 0.2235, lr_0 = 2.5610e-04
Loss = 3.5608e-02, PNorm = 47.2407, GNorm = 0.1689, lr_0 = 2.5363e-04
Loss = 5.2932e-02, PNorm = 47.2443, GNorm = 0.2826, lr_0 = 2.5119e-04
Loss = 3.7712e-02, PNorm = 47.2579, GNorm = 0.1203, lr_0 = 2.4877e-04
Loss = 4.9920e-02, PNorm = 47.2683, GNorm = 0.2173, lr_0 = 2.4638e-04
Loss = 5.9972e-02, PNorm = 47.2773, GNorm = 0.4847, lr_0 = 2.4400e-04
Validation auc = 0.888956
Epoch 19
Loss = 3.6626e-02, PNorm = 47.2900, GNorm = 0.0900, lr_0 = 2.4165e-04
Loss = 3.5219e-02, PNorm = 47.3008, GNorm = 0.3543, lr_0 = 2.3933e-04
Loss = 4.6193e-02, PNorm = 47.3041, GNorm = 0.2779, lr_0 = 2.3702e-04
Loss = 4.8640e-02, PNorm = 47.3171, GNorm = 0.1517, lr_0 = 2.3474e-04
Loss = 4.0380e-02, PNorm = 47.3324, GNorm = 0.2094, lr_0 = 2.3248e-04
Loss = 6.8953e-02, PNorm = 47.3417, GNorm = 0.2759, lr_0 = 2.3024e-04
Loss = 4.5157e-02, PNorm = 47.3559, GNorm = 0.2947, lr_0 = 2.2803e-04
Loss = 2.4893e-02, PNorm = 47.3715, GNorm = 0.4704, lr_0 = 2.2583e-04
Loss = 1.9321e-02, PNorm = 47.3760, GNorm = 0.0744, lr_0 = 2.2366e-04
Validation auc = 0.891607
Epoch 20
Loss = 5.6297e-02, PNorm = 47.3748, GNorm = 0.1983, lr_0 = 2.2129e-04
Loss = 3.6426e-02, PNorm = 47.3831, GNorm = 0.3183, lr_0 = 2.1916e-04
Loss = 3.6391e-02, PNorm = 47.3923, GNorm = 0.2718, lr_0 = 2.1705e-04
Loss = 3.8631e-02, PNorm = 47.4022, GNorm = 0.3300, lr_0 = 2.1496e-04
Loss = 2.9933e-02, PNorm = 47.4136, GNorm = 0.2536, lr_0 = 2.1289e-04
Loss = 4.4533e-02, PNorm = 47.4196, GNorm = 0.3699, lr_0 = 2.1084e-04
Loss = 4.0263e-02, PNorm = 47.4299, GNorm = 0.3685, lr_0 = 2.0881e-04
Loss = 3.6578e-02, PNorm = 47.4417, GNorm = 0.1422, lr_0 = 2.0680e-04
Validation auc = 0.886193
Epoch 21
Loss = 5.7386e-02, PNorm = 47.4508, GNorm = 0.5688, lr_0 = 2.0481e-04
Loss = 6.9851e-02, PNorm = 47.4542, GNorm = 0.3064, lr_0 = 2.0283e-04
Loss = 4.1445e-02, PNorm = 47.4688, GNorm = 0.1433, lr_0 = 2.0088e-04
Loss = 4.4305e-02, PNorm = 47.4878, GNorm = 0.3309, lr_0 = 1.9895e-04
Loss = 5.1575e-02, PNorm = 47.4924, GNorm = 0.2085, lr_0 = 1.9703e-04
Loss = 2.4966e-02, PNorm = 47.5025, GNorm = 0.1359, lr_0 = 1.9514e-04
Loss = 2.0599e-02, PNorm = 47.5157, GNorm = 0.0683, lr_0 = 1.9326e-04
Loss = 4.6667e-02, PNorm = 47.5165, GNorm = 0.0426, lr_0 = 1.9140e-04
Loss = 4.4038e-02, PNorm = 47.5204, GNorm = 0.3490, lr_0 = 1.8955e-04
Validation auc = 0.872774
Epoch 22
Loss = 4.3934e-02, PNorm = 47.5327, GNorm = 0.0645, lr_0 = 1.8773e-04
Loss = 5.6047e-02, PNorm = 47.5380, GNorm = 0.1109, lr_0 = 1.8592e-04
Loss = 3.6215e-02, PNorm = 47.5450, GNorm = 0.2337, lr_0 = 1.8413e-04
Loss = 3.5157e-02, PNorm = 47.5548, GNorm = 0.0738, lr_0 = 1.8236e-04
Loss = 3.9031e-02, PNorm = 47.5653, GNorm = 0.3552, lr_0 = 1.8060e-04
Loss = 4.4146e-02, PNorm = 47.5719, GNorm = 0.2350, lr_0 = 1.7886e-04
Loss = 4.0351e-02, PNorm = 47.5803, GNorm = 0.3280, lr_0 = 1.7714e-04
Loss = 4.4222e-02, PNorm = 47.5868, GNorm = 0.2356, lr_0 = 1.7544e-04
Validation auc = 0.882253
Epoch 23
Loss = 3.5910e-02, PNorm = 47.5953, GNorm = 0.3349, lr_0 = 1.7358e-04
Loss = 4.2296e-02, PNorm = 47.6060, GNorm = 0.0251, lr_0 = 1.7191e-04
Loss = 3.9682e-02, PNorm = 47.6078, GNorm = 0.2374, lr_0 = 1.7025e-04
Loss = 3.6491e-02, PNorm = 47.6089, GNorm = 0.2042, lr_0 = 1.6861e-04
Loss = 3.0212e-02, PNorm = 47.6226, GNorm = 0.4461, lr_0 = 1.6699e-04
Loss = 2.4539e-02, PNorm = 47.6319, GNorm = 0.0891, lr_0 = 1.6538e-04
Loss = 3.3206e-02, PNorm = 47.6333, GNorm = 0.2439, lr_0 = 1.6379e-04
Loss = 4.9530e-02, PNorm = 47.6379, GNorm = 0.1355, lr_0 = 1.6221e-04
Loss = 5.1808e-02, PNorm = 47.6466, GNorm = 0.3022, lr_0 = 1.6065e-04
Validation auc = 0.884235
Epoch 24
Loss = 3.1191e-02, PNorm = 47.6597, GNorm = 0.3198, lr_0 = 1.5910e-04
Loss = 5.2483e-02, PNorm = 47.6677, GNorm = 0.2750, lr_0 = 1.5757e-04
Loss = 4.5192e-02, PNorm = 47.6716, GNorm = 0.4645, lr_0 = 1.5605e-04
Loss = 5.2024e-02, PNorm = 47.6794, GNorm = 0.1080, lr_0 = 1.5455e-04
Loss = 3.2139e-02, PNorm = 47.6925, GNorm = 0.5550, lr_0 = 1.5306e-04
Loss = 4.2187e-02, PNorm = 47.6966, GNorm = 0.2875, lr_0 = 1.5159e-04
Loss = 1.8466e-02, PNorm = 47.7039, GNorm = 0.0675, lr_0 = 1.5013e-04
Loss = 3.6294e-02, PNorm = 47.7091, GNorm = 0.0828, lr_0 = 1.4869e-04
Loss = 2.2445e-02, PNorm = 47.7135, GNorm = 0.0935, lr_0 = 1.4725e-04
Validation auc = 0.877197
Epoch 25
Loss = 2.7582e-02, PNorm = 47.7226, GNorm = 0.0809, lr_0 = 1.4584e-04
Loss = 5.4721e-02, PNorm = 47.7227, GNorm = 0.1433, lr_0 = 1.4443e-04
Loss = 3.6678e-02, PNorm = 47.7278, GNorm = 0.1931, lr_0 = 1.4304e-04
Loss = 4.2754e-02, PNorm = 47.7400, GNorm = 0.3985, lr_0 = 1.4166e-04
Loss = 3.4952e-02, PNorm = 47.7492, GNorm = 0.1205, lr_0 = 1.4030e-04
Loss = 3.7623e-02, PNorm = 47.7520, GNorm = 0.4230, lr_0 = 1.3895e-04
Loss = 4.4047e-02, PNorm = 47.7516, GNorm = 0.3623, lr_0 = 1.3761e-04
Loss = 4.1123e-02, PNorm = 47.7616, GNorm = 0.1662, lr_0 = 1.3629e-04
Validation auc = 0.876293
Epoch 26
Loss = 4.6211e-02, PNorm = 47.7694, GNorm = 0.1651, lr_0 = 1.3484e-04
Loss = 4.0843e-02, PNorm = 47.7797, GNorm = 0.3928, lr_0 = 1.3355e-04
Loss = 2.6045e-02, PNorm = 47.7831, GNorm = 0.3898, lr_0 = 1.3226e-04
Loss = 3.3832e-02, PNorm = 47.7839, GNorm = 0.1032, lr_0 = 1.3099e-04
Loss = 3.7838e-02, PNorm = 47.7887, GNorm = 0.0767, lr_0 = 1.2973e-04
Loss = 5.4726e-02, PNorm = 47.7914, GNorm = 0.1333, lr_0 = 1.2848e-04
Loss = 2.3643e-02, PNorm = 47.7996, GNorm = 0.2738, lr_0 = 1.2724e-04
Loss = 2.3711e-02, PNorm = 47.8067, GNorm = 0.6501, lr_0 = 1.2601e-04
Loss = 6.8631e-02, PNorm = 47.8033, GNorm = 0.3631, lr_0 = 1.2480e-04
Validation auc = 0.889080
Epoch 27
Loss = 2.7091e-02, PNorm = 47.8102, GNorm = 0.2749, lr_0 = 1.2360e-04
Loss = 3.3767e-02, PNorm = 47.8213, GNorm = 0.5115, lr_0 = 1.2241e-04
Loss = 4.2442e-02, PNorm = 47.8259, GNorm = 0.4601, lr_0 = 1.2123e-04
Loss = 3.3551e-02, PNorm = 47.8271, GNorm = 0.3552, lr_0 = 1.2006e-04
Loss = 2.3452e-02, PNorm = 47.8324, GNorm = 0.4685, lr_0 = 1.1891e-04
Loss = 5.2709e-02, PNorm = 47.8350, GNorm = 0.3209, lr_0 = 1.1776e-04
Loss = 2.8754e-02, PNorm = 47.8441, GNorm = 0.2319, lr_0 = 1.1663e-04
Loss = 5.1412e-02, PNorm = 47.8475, GNorm = 0.1238, lr_0 = 1.1551e-04
Validation auc = 0.888646
Epoch 28
Loss = 6.2391e-02, PNorm = 47.8466, GNorm = 0.3439, lr_0 = 1.1428e-04
Loss = 3.8716e-02, PNorm = 47.8496, GNorm = 0.2571, lr_0 = 1.1318e-04
Loss = 4.6379e-02, PNorm = 47.8553, GNorm = 0.1869, lr_0 = 1.1209e-04
Loss = 3.2796e-02, PNorm = 47.8647, GNorm = 0.1138, lr_0 = 1.1101e-04
Loss = 2.1520e-02, PNorm = 47.8715, GNorm = 0.0816, lr_0 = 1.0995e-04
Loss = 3.1537e-02, PNorm = 47.8716, GNorm = 0.2218, lr_0 = 1.0889e-04
Loss = 2.6675e-02, PNorm = 47.8759, GNorm = 0.2092, lr_0 = 1.0784e-04
Loss = 4.6446e-02, PNorm = 47.8791, GNorm = 0.1116, lr_0 = 1.0680e-04
Loss = 3.0765e-02, PNorm = 47.8843, GNorm = 0.5575, lr_0 = 1.0577e-04
Validation auc = 0.880977
Epoch 29
Loss = 2.9690e-02, PNorm = 47.8885, GNorm = 0.2972, lr_0 = 1.0475e-04
Loss = 1.0267e-02, PNorm = 47.8947, GNorm = 0.0933, lr_0 = 1.0374e-04
Loss = 2.9158e-02, PNorm = 47.8989, GNorm = 0.3346, lr_0 = 1.0275e-04
Loss = 6.3385e-02, PNorm = 47.8997, GNorm = 0.4337, lr_0 = 1.0176e-04
Loss = 3.5969e-02, PNorm = 47.9052, GNorm = 0.2888, lr_0 = 1.0078e-04
Loss = 3.3864e-02, PNorm = 47.9102, GNorm = 0.1310, lr_0 = 1.0000e-04
Loss = 3.8562e-02, PNorm = 47.9156, GNorm = 0.4448, lr_0 = 1.0000e-04
Loss = 2.0023e-02, PNorm = 47.9218, GNorm = 0.1300, lr_0 = 1.0000e-04
Validation auc = 0.872191
Model 0 best validation auc = 0.893664 on epoch 13
Loading pretrained parameter "encoder.encoder.0.cached_zero_vector".
Loading pretrained parameter "encoder.encoder.0.W_i.weight".
Loading pretrained parameter "encoder.encoder.0.W_h.weight".
Loading pretrained parameter "encoder.encoder.0.W_o.weight".
Loading pretrained parameter "encoder.encoder.0.W_o.bias".
Loading pretrained parameter "ffn.1.weight".
Loading pretrained parameter "ffn.1.bias".
Loading pretrained parameter "ffn.4.weight".
Loading pretrained parameter "ffn.4.bias".
Moving model to cuda
Model 0 test auc = 0.838737
Ensemble test auc = 0.838737
3-fold cross validation
	Seed 0 ==> test auc = 0.784564
	Seed 1 ==> test auc = 0.858568
	Seed 2 ==> test auc = 0.838737
Overall test auc = 0.827289 +/- 0.031278
Elapsed time = 0:11:49
