Command line
python /home/jackievaleri8/.conda/envs/chemprop/bin/chemprop_train --init_lr 0.0001 --dropout 0.25 --hidden_size 1500 --ffn_num_layers 1 --depth 5 --save_dir round3finalval08162021_models/116 --data_path round3finalval08162021_TRAIN.csv --dataset_type classification --features_path round3finalval08162021_TRAINFTS.npz --no_features_scaling --num_folds 3 --ensemble_size 1 --split_type scaffold_balanced --split_sizes 0.8 0.1 0.1 --smiles_columns SMILES --ignore_columns Name --gpu 0
Args
{'activation': 'ReLU',
 'aggregation': 'mean',
 'aggregation_norm': 100,
 'atom_descriptor_scaling': True,
 'atom_descriptors': None,
 'atom_descriptors_path': None,
 'atom_descriptors_size': 0,
 'atom_features_size': 0,
 'atom_messages': False,
 'batch_size': 50,
 'bias': False,
 'bond_feature_scaling': True,
 'bond_features_path': None,
 'bond_features_size': 0,
 'cache_cutoff': 10000,
 'checkpoint_dir': None,
 'checkpoint_path': None,
 'checkpoint_paths': None,
 'class_balance': False,
 'config_path': None,
 'crossval_index_dir': None,
 'crossval_index_file': None,
 'crossval_index_sets': None,
 'cuda': True,
 'data_path': 'round3finalval08162021_TRAIN.csv',
 'dataset_type': 'classification',
 'depth': 5,
 'device': device(type='cuda', index=0),
 'dropout': 0.25,
 'empty_cache': False,
 'ensemble_size': 1,
 'epochs': 30,
 'explicit_h': False,
 'extra_metrics': [],
 'features_generator': None,
 'features_only': False,
 'features_path': ['round3finalval08162021_TRAINFTS.npz'],
 'features_scaling': False,
 'features_size': None,
 'ffn_hidden_size': 1500,
 'ffn_num_layers': 1,
 'final_lr': 0.0001,
 'folds_file': None,
 'gpu': 0,
 'grad_clip': None,
 'hidden_size': 1500,
 'ignore_columns': ['Name'],
 'init_lr': 0.0001,
 'log_frequency': 10,
 'max_data_size': None,
 'max_lr': 0.001,
 'metric': 'auc',
 'metrics': ['auc'],
 'minimize_score': False,
 'mpn_shared': False,
 'multiclass_num_classes': 3,
 'no_atom_descriptor_scaling': False,
 'no_bond_features_scaling': False,
 'no_cache_mol': False,
 'no_cuda': False,
 'no_features_scaling': True,
 'num_folds': 3,
 'num_lrs': 1,
 'num_tasks': 2,
 'num_workers': 8,
 'number_of_molecules': 1,
 'overwrite_default_atom_features': False,
 'overwrite_default_bond_features': False,
 'pytorch_seed': 0,
 'quiet': False,
 'reaction': False,
 'reaction_mode': 'reac_diff',
 'resume_experiment': False,
 'save_dir': 'round3finalval08162021_models/116',
 'save_preds': False,
 'save_smiles_splits': False,
 'seed': 0,
 'separate_test_atom_descriptors_path': None,
 'separate_test_bond_features_path': None,
 'separate_test_features_path': None,
 'separate_test_path': None,
 'separate_val_atom_descriptors_path': None,
 'separate_val_bond_features_path': None,
 'separate_val_features_path': None,
 'separate_val_path': None,
 'show_individual_scores': False,
 'smiles_columns': ['SMILES'],
 'split_sizes': (0.8, 0.1, 0.1),
 'split_type': 'scaffold_balanced',
 'target_columns': None,
 'task_names': ['hit_inh', 'hit_kill'],
 'test': False,
 'test_fold_index': None,
 'train_data_size': None,
 'undirected': False,
 'use_input_features': True,
 'val_fold_index': None,
 'warmup_epochs': 2.0}
Loading data
Warning: 23 SMILES are invalid.
Number of tasks = 2
Fold 0
Splitting data with seed 0
Total scaffolds = 3,467 | train scaffolds = 2,650 | val scaffolds = 433 | test scaffolds = 384
Label averages per scaffold, in decreasing order of scaffold frequency,capped at 10 scaffolds and 20 labels:
Scaffold 0
Task 0: count = 381 | target average = 0.018373
Task 1: count = 381 | target average = 0.013123


Scaffold 1
Task 0: count = 305 | target average = 0.009836
Task 1: count = 305 | target average = 0.016393


Scaffold 2
Task 0: count = 36 | target average = 0.000000
Task 1: count = 36 | target average = 0.000000


Scaffold 3
Task 0: count = 29 | target average = 0.000000
Task 1: count = 29 | target average = 0.000000


Scaffold 4
Task 0: count = 26 | target average = 0.000000
Task 1: count = 26 | target average = 0.000000


Scaffold 5
Task 0: count = 23 | target average = 0.000000
Task 1: count = 23 | target average = 0.000000


Scaffold 6
Task 0: count = 22 | target average = 0.090909
Task 1: count = 22 | target average = 0.090909


Scaffold 7
Task 0: count = 20 | target average = 0.000000
Task 1: count = 20 | target average = 0.000000


Scaffold 8
Task 0: count = 20 | target average = 0.000000
Task 1: count = 20 | target average = 0.000000


Scaffold 9
Task 0: count = 20 | target average = 0.050000
Task 1: count = 20 | target average = 0.000000


Class sizes
hit_inh 0: 97.83%, 1: 2.17%
hit_kill 0: 98.64%, 1: 1.36%
Total size = 5,353 | train size = 4,282 | val size = 535 | test size = 536
Building model 0
MoleculeModel(
  (sigmoid): Sigmoid()
  (encoder): MPN(
    (encoder): ModuleList(
      (0): MPNEncoder(
        (dropout_layer): Dropout(p=0.25, inplace=False)
        (act_func): ReLU()
        (W_i): Linear(in_features=147, out_features=1500, bias=False)
        (W_h): Linear(in_features=1500, out_features=1500, bias=False)
        (W_o): Linear(in_features=1633, out_features=1500, bias=True)
      )
    )
  )
  (ffn): Sequential(
    (0): Dropout(p=0.25, inplace=False)
    (1): Linear(in_features=1700, out_features=2, bias=True)
  )
)
Number of parameters = 4,924,902
Moving model to cuda
Epoch 0
Loss = 3.2254e-01, PNorm = 57.7544, GNorm = 2.6745, lr_0 = 1.5824e-04
Loss = 9.5584e-02, PNorm = 57.7664, GNorm = 0.2374, lr_0 = 2.1118e-04
Loss = 1.0264e-01, PNorm = 57.7809, GNorm = 0.8260, lr_0 = 2.6412e-04
Loss = 1.0518e-01, PNorm = 57.7912, GNorm = 0.2562, lr_0 = 3.1706e-04
Loss = 9.7356e-02, PNorm = 57.8055, GNorm = 0.6137, lr_0 = 3.7000e-04
Loss = 6.3162e-02, PNorm = 57.8170, GNorm = 0.2319, lr_0 = 4.2294e-04
Loss = 6.6051e-02, PNorm = 57.8269, GNorm = 0.2164, lr_0 = 4.7588e-04
Loss = 6.7848e-02, PNorm = 57.8408, GNorm = 0.1500, lr_0 = 5.2882e-04
Validation auc = 0.580518
Epoch 1
Loss = 4.6970e-02, PNorm = 57.8676, GNorm = 0.1630, lr_0 = 5.8706e-04
Loss = 1.0566e-01, PNorm = 57.8872, GNorm = 0.2608, lr_0 = 6.4000e-04
Loss = 8.8001e-02, PNorm = 57.9301, GNorm = 0.1865, lr_0 = 6.9294e-04
Loss = 1.0259e-01, PNorm = 57.9614, GNorm = 0.2380, lr_0 = 7.4588e-04
Loss = 9.1069e-02, PNorm = 58.0103, GNorm = 0.1476, lr_0 = 7.9882e-04
Loss = 6.7574e-02, PNorm = 58.0566, GNorm = 0.1617, lr_0 = 8.5176e-04
Loss = 9.9962e-02, PNorm = 58.1031, GNorm = 0.1585, lr_0 = 9.0471e-04
Loss = 1.0042e-01, PNorm = 58.1479, GNorm = 0.1552, lr_0 = 9.5765e-04
Loss = 1.0278e-01, PNorm = 58.2135, GNorm = 0.1570, lr_0 = 9.9807e-04
Validation auc = 0.777569
Epoch 2
Loss = 7.1822e-02, PNorm = 58.2810, GNorm = 0.0708, lr_0 = 9.8846e-04
Loss = 6.6901e-02, PNorm = 58.3281, GNorm = 0.1559, lr_0 = 9.7894e-04
Loss = 7.5053e-02, PNorm = 58.3903, GNorm = 0.1625, lr_0 = 9.6952e-04
Loss = 8.1345e-02, PNorm = 58.4333, GNorm = 0.4449, lr_0 = 9.6018e-04
Loss = 7.5316e-02, PNorm = 58.4950, GNorm = 0.1521, lr_0 = 9.5094e-04
Loss = 8.8898e-02, PNorm = 58.5437, GNorm = 0.1621, lr_0 = 9.4178e-04
Loss = 1.3470e-01, PNorm = 58.6298, GNorm = 0.5554, lr_0 = 9.3271e-04
Loss = 6.2130e-02, PNorm = 58.7234, GNorm = 0.2292, lr_0 = 9.2373e-04
Validation auc = 0.839778
Epoch 3
Loss = 7.3687e-02, PNorm = 58.8064, GNorm = 0.3015, lr_0 = 9.1395e-04
Loss = 1.0817e-01, PNorm = 58.8940, GNorm = 0.1892, lr_0 = 9.0515e-04
Loss = 8.3492e-02, PNorm = 59.0036, GNorm = 0.3546, lr_0 = 8.9644e-04
Loss = 7.9944e-02, PNorm = 59.0947, GNorm = 0.1113, lr_0 = 8.8781e-04
Loss = 7.7774e-02, PNorm = 59.1833, GNorm = 0.2084, lr_0 = 8.7926e-04
Loss = 8.1459e-02, PNorm = 59.3024, GNorm = 0.1342, lr_0 = 8.7080e-04
Loss = 5.3086e-02, PNorm = 59.3849, GNorm = 0.0848, lr_0 = 8.6241e-04
Loss = 6.5706e-02, PNorm = 59.4642, GNorm = 0.1043, lr_0 = 8.5411e-04
Loss = 8.6808e-02, PNorm = 59.5236, GNorm = 0.1751, lr_0 = 8.4588e-04
Validation auc = 0.824835
Epoch 4
Loss = 6.6056e-02, PNorm = 59.6151, GNorm = 0.1001, lr_0 = 8.3774e-04
Loss = 5.5312e-02, PNorm = 59.7044, GNorm = 0.4465, lr_0 = 8.2967e-04
Loss = 8.5834e-02, PNorm = 59.7744, GNorm = 0.1566, lr_0 = 8.2169e-04
Loss = 9.1540e-02, PNorm = 59.8718, GNorm = 0.3831, lr_0 = 8.1377e-04
Loss = 1.0083e-01, PNorm = 59.9399, GNorm = 0.1512, lr_0 = 8.0594e-04
Loss = 5.4481e-02, PNorm = 60.0483, GNorm = 0.0766, lr_0 = 7.9818e-04
Loss = 6.1992e-02, PNorm = 60.1310, GNorm = 0.0756, lr_0 = 7.9050e-04
Loss = 6.1314e-02, PNorm = 60.1984, GNorm = 0.0828, lr_0 = 7.8288e-04
Validation auc = 0.901403
Epoch 5
Loss = 6.6833e-02, PNorm = 60.2613, GNorm = 0.1767, lr_0 = 7.7535e-04
Loss = 5.3947e-02, PNorm = 60.3352, GNorm = 0.1605, lr_0 = 7.6788e-04
Loss = 1.0753e-01, PNorm = 60.4099, GNorm = 0.3982, lr_0 = 7.6049e-04
Loss = 8.5118e-02, PNorm = 60.5394, GNorm = 0.2197, lr_0 = 7.5317e-04
Loss = 5.1699e-02, PNorm = 60.6568, GNorm = 0.1118, lr_0 = 7.4591e-04
Loss = 5.7811e-02, PNorm = 60.7419, GNorm = 0.3840, lr_0 = 7.3873e-04
Loss = 9.0039e-02, PNorm = 60.7660, GNorm = 0.1823, lr_0 = 7.3162e-04
Loss = 4.1099e-02, PNorm = 60.8308, GNorm = 0.0706, lr_0 = 7.2458e-04
Loss = 7.6892e-02, PNorm = 60.8915, GNorm = 0.2503, lr_0 = 7.1760e-04
Validation auc = 0.875632
Epoch 6
Loss = 4.2675e-02, PNorm = 60.9950, GNorm = 0.2018, lr_0 = 7.1000e-04
Loss = 7.1354e-02, PNorm = 61.0310, GNorm = 0.1301, lr_0 = 7.0317e-04
Loss = 5.9884e-02, PNorm = 61.1180, GNorm = 0.0718, lr_0 = 6.9640e-04
Loss = 5.7911e-02, PNorm = 61.1798, GNorm = 0.1581, lr_0 = 6.8969e-04
Loss = 6.0601e-02, PNorm = 61.2293, GNorm = 0.1637, lr_0 = 6.8305e-04
Loss = 7.1621e-02, PNorm = 61.2857, GNorm = 0.1233, lr_0 = 6.7648e-04
Loss = 6.4198e-02, PNorm = 61.3370, GNorm = 0.1940, lr_0 = 6.6996e-04
Loss = 6.7538e-02, PNorm = 61.3976, GNorm = 0.2810, lr_0 = 6.6351e-04
Validation auc = 0.875256
Epoch 7
Loss = 6.8832e-02, PNorm = 61.4913, GNorm = 0.4935, lr_0 = 6.5712e-04
Loss = 6.8919e-02, PNorm = 61.5852, GNorm = 0.3333, lr_0 = 6.5080e-04
Loss = 5.7318e-02, PNorm = 61.7074, GNorm = 0.1040, lr_0 = 6.4453e-04
Loss = 4.7658e-02, PNorm = 61.7908, GNorm = 0.1157, lr_0 = 6.3833e-04
Loss = 4.6959e-02, PNorm = 61.8520, GNorm = 0.1745, lr_0 = 6.3218e-04
Loss = 7.1513e-02, PNorm = 61.9011, GNorm = 0.2445, lr_0 = 6.2609e-04
Loss = 4.0532e-02, PNorm = 61.9800, GNorm = 0.1913, lr_0 = 6.2006e-04
Loss = 4.6512e-02, PNorm = 62.0321, GNorm = 0.1779, lr_0 = 6.1409e-04
Loss = 6.1684e-02, PNorm = 62.0770, GNorm = 0.2613, lr_0 = 6.0818e-04
Validation auc = 0.952236
Epoch 8
Loss = 3.9101e-02, PNorm = 62.1121, GNorm = 0.0981, lr_0 = 6.0233e-04
Loss = 5.4773e-02, PNorm = 62.1915, GNorm = 0.1870, lr_0 = 5.9653e-04
Loss = 5.6259e-02, PNorm = 62.2664, GNorm = 0.0915, lr_0 = 5.9078e-04
Loss = 4.6718e-02, PNorm = 62.3377, GNorm = 0.2160, lr_0 = 5.8510e-04
Loss = 6.7642e-02, PNorm = 62.3892, GNorm = 0.2230, lr_0 = 5.7946e-04
Loss = 5.0177e-02, PNorm = 62.4850, GNorm = 0.0661, lr_0 = 5.7388e-04
Loss = 3.4930e-02, PNorm = 62.5653, GNorm = 0.1124, lr_0 = 5.6836e-04
Loss = 9.0054e-02, PNorm = 62.6135, GNorm = 0.2908, lr_0 = 5.6289e-04
Loss = 6.9535e-02, PNorm = 62.6880, GNorm = 0.2483, lr_0 = 5.5747e-04
Loss = 1.9560e-02, PNorm = 62.6956, GNorm = 0.1635, lr_0 = 5.5693e-04
Validation auc = 0.919619
Epoch 9
Loss = 6.2760e-02, PNorm = 62.7918, GNorm = 0.2006, lr_0 = 5.5156e-04
Loss = 4.0950e-02, PNorm = 62.8840, GNorm = 0.0762, lr_0 = 5.4625e-04
Loss = 3.3832e-02, PNorm = 62.9359, GNorm = 0.0713, lr_0 = 5.4100e-04
Loss = 4.8413e-02, PNorm = 62.9712, GNorm = 0.3650, lr_0 = 5.3579e-04
Loss = 4.4554e-02, PNorm = 63.0207, GNorm = 0.1146, lr_0 = 5.3063e-04
Loss = 6.1636e-02, PNorm = 63.0599, GNorm = 0.2016, lr_0 = 5.2552e-04
Loss = 5.6973e-02, PNorm = 63.1445, GNorm = 0.2485, lr_0 = 5.2046e-04
Loss = 6.0541e-02, PNorm = 63.2036, GNorm = 0.3381, lr_0 = 5.1545e-04
Validation auc = 0.861446
Epoch 10
Loss = 5.6948e-02, PNorm = 63.2723, GNorm = 1.1298, lr_0 = 5.1049e-04
Loss = 4.5308e-02, PNorm = 63.3412, GNorm = 0.2816, lr_0 = 5.0557e-04
Loss = 5.5515e-02, PNorm = 63.3963, GNorm = 0.2363, lr_0 = 5.0070e-04
Loss = 6.0246e-02, PNorm = 63.4492, GNorm = 0.3383, lr_0 = 4.9588e-04
Loss = 3.6375e-02, PNorm = 63.5186, GNorm = 0.1295, lr_0 = 4.9111e-04
Loss = 3.7676e-02, PNorm = 63.5775, GNorm = 0.2401, lr_0 = 4.8638e-04
Loss = 7.3451e-02, PNorm = 63.6154, GNorm = 0.3997, lr_0 = 4.8170e-04
Loss = 3.1739e-02, PNorm = 63.6672, GNorm = 0.1172, lr_0 = 4.7706e-04
Loss = 4.8551e-02, PNorm = 63.7136, GNorm = 0.1436, lr_0 = 4.7247e-04
Validation auc = 0.951641
Epoch 11
Loss = 3.4025e-02, PNorm = 63.7822, GNorm = 0.1564, lr_0 = 4.6792e-04
Loss = 5.4673e-02, PNorm = 63.8141, GNorm = 0.2397, lr_0 = 4.6341e-04
Loss = 4.8179e-02, PNorm = 63.8591, GNorm = 0.2388, lr_0 = 4.5895e-04
Loss = 4.6037e-02, PNorm = 63.8932, GNorm = 0.0564, lr_0 = 4.5453e-04
Loss = 4.6064e-02, PNorm = 63.9351, GNorm = 0.1309, lr_0 = 4.5015e-04
Loss = 4.7615e-02, PNorm = 63.9972, GNorm = 0.2876, lr_0 = 4.4582e-04
Loss = 5.0847e-02, PNorm = 64.0425, GNorm = 0.1894, lr_0 = 4.4153e-04
Loss = 3.0127e-02, PNorm = 64.0944, GNorm = 0.2231, lr_0 = 4.3728e-04
Validation auc = 0.948806
Epoch 12
Loss = 1.8806e-02, PNorm = 64.1338, GNorm = 0.0553, lr_0 = 4.3265e-04
Loss = 4.4761e-02, PNorm = 64.1666, GNorm = 0.5001, lr_0 = 4.2848e-04
Loss = 3.9827e-02, PNorm = 64.2124, GNorm = 0.1940, lr_0 = 4.2436e-04
Loss = 4.6168e-02, PNorm = 64.2698, GNorm = 0.0715, lr_0 = 4.2027e-04
Loss = 2.0515e-02, PNorm = 64.3241, GNorm = 0.0768, lr_0 = 4.1622e-04
Loss = 4.4158e-02, PNorm = 64.3435, GNorm = 0.1346, lr_0 = 4.1222e-04
Loss = 4.8250e-02, PNorm = 64.3743, GNorm = 0.1267, lr_0 = 4.0825e-04
Loss = 5.1849e-02, PNorm = 64.4160, GNorm = 0.1281, lr_0 = 4.0432e-04
Loss = 4.7881e-02, PNorm = 64.4459, GNorm = 0.1826, lr_0 = 4.0042e-04
Validation auc = 0.958700
Epoch 13
Loss = 3.8205e-02, PNorm = 64.4810, GNorm = 0.1156, lr_0 = 3.9657e-04
Loss = 4.5289e-02, PNorm = 64.5238, GNorm = 0.1122, lr_0 = 3.9275e-04
Loss = 4.1104e-02, PNorm = 64.5864, GNorm = 0.0708, lr_0 = 3.8897e-04
Loss = 9.1856e-03, PNorm = 64.6537, GNorm = 0.0316, lr_0 = 3.8522e-04
Loss = 6.5220e-02, PNorm = 64.6648, GNorm = 0.2685, lr_0 = 3.8152e-04
Loss = 4.1921e-02, PNorm = 64.7316, GNorm = 0.2653, lr_0 = 3.7784e-04
Loss = 5.4163e-02, PNorm = 64.7563, GNorm = 0.1881, lr_0 = 3.7420e-04
Loss = 4.6776e-02, PNorm = 64.7961, GNorm = 0.1727, lr_0 = 3.7060e-04
Validation auc = 0.953021
Epoch 14
Loss = 3.1774e-02, PNorm = 64.8447, GNorm = 0.2051, lr_0 = 3.6668e-04
Loss = 4.0023e-02, PNorm = 64.8811, GNorm = 0.1755, lr_0 = 3.6315e-04
Loss = 3.5305e-02, PNorm = 64.9287, GNorm = 0.2394, lr_0 = 3.5965e-04
Loss = 3.6873e-02, PNorm = 64.9686, GNorm = 0.3473, lr_0 = 3.5619e-04
Loss = 1.7678e-02, PNorm = 64.9969, GNorm = 0.1329, lr_0 = 3.5276e-04
Loss = 3.8174e-02, PNorm = 65.0290, GNorm = 0.2770, lr_0 = 3.4936e-04
Loss = 5.5080e-02, PNorm = 65.0424, GNorm = 0.3295, lr_0 = 3.4600e-04
Loss = 2.9701e-02, PNorm = 65.0935, GNorm = 0.1550, lr_0 = 3.4267e-04
Loss = 4.0303e-02, PNorm = 65.1287, GNorm = 0.1648, lr_0 = 3.3937e-04
Validation auc = 0.956648
Epoch 15
Loss = 3.0824e-02, PNorm = 65.1744, GNorm = 0.1792, lr_0 = 3.3610e-04
Loss = 2.6660e-02, PNorm = 65.2326, GNorm = 0.2346, lr_0 = 3.3287e-04
Loss = 2.7855e-02, PNorm = 65.2562, GNorm = 0.1819, lr_0 = 3.2966e-04
Loss = 3.9751e-02, PNorm = 65.2729, GNorm = 0.2868, lr_0 = 3.2649e-04
Loss = 4.2682e-02, PNorm = 65.3185, GNorm = 0.1215, lr_0 = 3.2334e-04
Loss = 2.2440e-02, PNorm = 65.3666, GNorm = 0.1744, lr_0 = 3.2023e-04
Loss = 3.1742e-02, PNorm = 65.3919, GNorm = 0.1184, lr_0 = 3.1715e-04
Loss = 4.4028e-02, PNorm = 65.4135, GNorm = 0.1891, lr_0 = 3.1409e-04
Loss = 3.5561e-02, PNorm = 65.4518, GNorm = 0.1628, lr_0 = 3.1107e-04
Validation auc = 0.949850
Epoch 16
Loss = 3.0705e-02, PNorm = 65.4917, GNorm = 0.2456, lr_0 = 3.0807e-04
Loss = 4.6794e-02, PNorm = 65.5261, GNorm = 0.2004, lr_0 = 3.0511e-04
Loss = 1.4845e-02, PNorm = 65.5628, GNorm = 0.1102, lr_0 = 3.0217e-04
Loss = 4.0236e-02, PNorm = 65.5765, GNorm = 0.2927, lr_0 = 2.9926e-04
Loss = 2.9084e-02, PNorm = 65.6152, GNorm = 0.0826, lr_0 = 2.9638e-04
Loss = 4.0139e-02, PNorm = 65.6461, GNorm = 0.2036, lr_0 = 2.9353e-04
Loss = 2.5562e-02, PNorm = 65.6851, GNorm = 0.0952, lr_0 = 2.9070e-04
Loss = 2.3898e-02, PNorm = 65.7198, GNorm = 0.1339, lr_0 = 2.8790e-04
Validation auc = 0.937754
Epoch 17
Loss = 1.6992e-02, PNorm = 65.7572, GNorm = 0.1656, lr_0 = 2.8485e-04
Loss = 2.9890e-02, PNorm = 65.7920, GNorm = 0.4167, lr_0 = 2.8211e-04
Loss = 2.5654e-02, PNorm = 65.8172, GNorm = 0.1792, lr_0 = 2.7939e-04
Loss = 3.2534e-02, PNorm = 65.8532, GNorm = 0.1120, lr_0 = 2.7670e-04
Loss = 2.1339e-02, PNorm = 65.8751, GNorm = 0.1071, lr_0 = 2.7404e-04
Loss = 3.0759e-02, PNorm = 65.8947, GNorm = 0.1427, lr_0 = 2.7140e-04
Loss = 4.5008e-02, PNorm = 65.9233, GNorm = 0.2782, lr_0 = 2.6879e-04
Loss = 2.2940e-02, PNorm = 65.9577, GNorm = 0.1812, lr_0 = 2.6620e-04
Loss = 2.4995e-02, PNorm = 65.9833, GNorm = 0.2819, lr_0 = 2.6364e-04
Validation auc = 0.948684
Epoch 18
Loss = 3.3471e-02, PNorm = 65.9982, GNorm = 0.4838, lr_0 = 2.6110e-04
Loss = 3.2909e-02, PNorm = 66.0394, GNorm = 0.1331, lr_0 = 2.5859e-04
Loss = 2.6396e-02, PNorm = 66.0637, GNorm = 0.1723, lr_0 = 2.5610e-04
Loss = 9.8339e-03, PNorm = 66.0946, GNorm = 0.0546, lr_0 = 2.5363e-04
Loss = 1.9159e-02, PNorm = 66.1127, GNorm = 0.1585, lr_0 = 2.5119e-04
Loss = 3.0967e-02, PNorm = 66.1280, GNorm = 0.0999, lr_0 = 2.4877e-04
Loss = 3.0264e-02, PNorm = 66.1482, GNorm = 0.2149, lr_0 = 2.4638e-04
Loss = 2.9364e-02, PNorm = 66.1712, GNorm = 0.0623, lr_0 = 2.4400e-04
Validation auc = 0.937817
Epoch 19
Loss = 2.3819e-02, PNorm = 66.1952, GNorm = 0.2347, lr_0 = 2.4165e-04
Loss = 2.8006e-02, PNorm = 66.2275, GNorm = 0.0662, lr_0 = 2.3933e-04
Loss = 2.1027e-02, PNorm = 66.2609, GNorm = 0.0388, lr_0 = 2.3702e-04
Loss = 3.9716e-02, PNorm = 66.2735, GNorm = 0.2543, lr_0 = 2.3474e-04
Loss = 2.6118e-02, PNorm = 66.2964, GNorm = 0.2576, lr_0 = 2.3248e-04
Loss = 2.4355e-02, PNorm = 66.3326, GNorm = 0.2046, lr_0 = 2.3024e-04
Loss = 3.7949e-02, PNorm = 66.3480, GNorm = 0.5462, lr_0 = 2.2803e-04
Loss = 1.6153e-02, PNorm = 66.3707, GNorm = 0.0552, lr_0 = 2.2583e-04
Loss = 2.3042e-02, PNorm = 66.4000, GNorm = 0.1001, lr_0 = 2.2366e-04
Validation auc = 0.952795
Epoch 20
Loss = 1.4889e-02, PNorm = 66.4187, GNorm = 0.1569, lr_0 = 2.2129e-04
Loss = 2.3708e-02, PNorm = 66.4361, GNorm = 0.1141, lr_0 = 2.1916e-04
Loss = 1.8246e-02, PNorm = 66.4580, GNorm = 0.1546, lr_0 = 2.1705e-04
Loss = 2.3267e-02, PNorm = 66.4816, GNorm = 0.1183, lr_0 = 2.1496e-04
Loss = 1.0865e-02, PNorm = 66.4974, GNorm = 0.0409, lr_0 = 2.1289e-04
Loss = 2.0310e-02, PNorm = 66.5200, GNorm = 0.1781, lr_0 = 2.1084e-04
Loss = 3.6925e-02, PNorm = 66.5366, GNorm = 0.1440, lr_0 = 2.0881e-04
Loss = 3.7701e-02, PNorm = 66.5593, GNorm = 0.4633, lr_0 = 2.0680e-04
Validation auc = 0.939721
Epoch 21
Loss = 2.1799e-02, PNorm = 66.5858, GNorm = 0.2173, lr_0 = 2.0481e-04
Loss = 1.8154e-02, PNorm = 66.6063, GNorm = 0.0478, lr_0 = 2.0283e-04
Loss = 2.2138e-02, PNorm = 66.6270, GNorm = 0.1401, lr_0 = 2.0088e-04
Loss = 1.3576e-02, PNorm = 66.6502, GNorm = 0.1392, lr_0 = 1.9895e-04
Loss = 2.8552e-02, PNorm = 66.6698, GNorm = 0.3892, lr_0 = 1.9703e-04
Loss = 1.8639e-02, PNorm = 66.6901, GNorm = 0.0504, lr_0 = 1.9514e-04
Loss = 3.2494e-02, PNorm = 66.7021, GNorm = 0.5139, lr_0 = 1.9326e-04
Loss = 2.2756e-02, PNorm = 66.7173, GNorm = 0.3318, lr_0 = 1.9140e-04
Loss = 1.9002e-02, PNorm = 66.7414, GNorm = 0.0631, lr_0 = 1.8955e-04
Validation auc = 0.950766
Epoch 22
Loss = 2.3107e-02, PNorm = 66.7505, GNorm = 0.1236, lr_0 = 1.8773e-04
Loss = 1.2047e-02, PNorm = 66.7738, GNorm = 0.0596, lr_0 = 1.8592e-04
Loss = 2.4001e-02, PNorm = 66.7906, GNorm = 0.0641, lr_0 = 1.8413e-04
Loss = 2.2158e-02, PNorm = 66.8066, GNorm = 0.0745, lr_0 = 1.8236e-04
Loss = 2.5061e-02, PNorm = 66.8229, GNorm = 0.3743, lr_0 = 1.8060e-04
Loss = 2.9825e-02, PNorm = 66.8507, GNorm = 0.1740, lr_0 = 1.7886e-04
Loss = 1.2791e-02, PNorm = 66.8625, GNorm = 0.0389, lr_0 = 1.7714e-04
Loss = 2.0729e-02, PNorm = 66.8714, GNorm = 0.0468, lr_0 = 1.7544e-04
Validation auc = 0.943260
Epoch 23
Loss = 3.2204e-02, PNorm = 66.8868, GNorm = 0.2115, lr_0 = 1.7358e-04
Loss = 2.1810e-02, PNorm = 66.9097, GNorm = 0.1946, lr_0 = 1.7191e-04
Loss = 2.1072e-02, PNorm = 66.9218, GNorm = 0.0921, lr_0 = 1.7025e-04
Loss = 1.3227e-02, PNorm = 66.9308, GNorm = 0.1704, lr_0 = 1.6861e-04
Loss = 2.0075e-02, PNorm = 66.9487, GNorm = 0.1935, lr_0 = 1.6699e-04
Loss = 1.2820e-02, PNorm = 66.9590, GNorm = 0.0423, lr_0 = 1.6538e-04
Loss = 2.8967e-02, PNorm = 66.9781, GNorm = 0.0462, lr_0 = 1.6379e-04
Loss = 2.1382e-02, PNorm = 66.9857, GNorm = 0.5104, lr_0 = 1.6221e-04
Loss = 1.9518e-02, PNorm = 67.0082, GNorm = 0.0639, lr_0 = 1.6065e-04
Validation auc = 0.940277
Epoch 24
Loss = 1.7463e-02, PNorm = 67.0215, GNorm = 0.2650, lr_0 = 1.5910e-04
Loss = 1.7389e-02, PNorm = 67.0392, GNorm = 0.0569, lr_0 = 1.5757e-04
Loss = 1.4398e-02, PNorm = 67.0555, GNorm = 0.2335, lr_0 = 1.5605e-04
Loss = 1.4650e-02, PNorm = 67.0718, GNorm = 0.1749, lr_0 = 1.5455e-04
Loss = 2.7938e-02, PNorm = 67.0815, GNorm = 0.2841, lr_0 = 1.5306e-04
Loss = 1.7627e-02, PNorm = 67.0942, GNorm = 0.2852, lr_0 = 1.5159e-04
Loss = 1.9527e-02, PNorm = 67.1157, GNorm = 0.1207, lr_0 = 1.5013e-04
Loss = 1.2828e-02, PNorm = 67.1304, GNorm = 0.0222, lr_0 = 1.4869e-04
Loss = 2.1116e-02, PNorm = 67.1333, GNorm = 0.1287, lr_0 = 1.4725e-04
Validation auc = 0.942818
Epoch 25
Loss = 1.3737e-02, PNorm = 67.1450, GNorm = 0.1950, lr_0 = 1.4584e-04
Loss = 1.5194e-02, PNorm = 67.1630, GNorm = 0.1376, lr_0 = 1.4443e-04
Loss = 9.8516e-03, PNorm = 67.1849, GNorm = 0.0806, lr_0 = 1.4304e-04
Loss = 2.1785e-02, PNorm = 67.1949, GNorm = 0.0429, lr_0 = 1.4166e-04
Loss = 1.0714e-02, PNorm = 67.2051, GNorm = 0.4375, lr_0 = 1.4030e-04
Loss = 1.4245e-02, PNorm = 67.2086, GNorm = 0.0416, lr_0 = 1.3895e-04
Loss = 1.7524e-02, PNorm = 67.2166, GNorm = 0.0663, lr_0 = 1.3761e-04
Loss = 2.8285e-02, PNorm = 67.2288, GNorm = 0.4129, lr_0 = 1.3629e-04
Validation auc = 0.938153
Epoch 26
Loss = 1.9340e-02, PNorm = 67.2465, GNorm = 0.2027, lr_0 = 1.3484e-04
Loss = 1.0258e-02, PNorm = 67.2696, GNorm = 0.0929, lr_0 = 1.3355e-04
Loss = 3.2524e-02, PNorm = 67.2756, GNorm = 0.1472, lr_0 = 1.3226e-04
Loss = 2.1988e-02, PNorm = 67.2980, GNorm = 0.1972, lr_0 = 1.3099e-04
Loss = 2.3379e-02, PNorm = 67.3144, GNorm = 0.1176, lr_0 = 1.2973e-04
Loss = 1.5568e-02, PNorm = 67.3208, GNorm = 0.5966, lr_0 = 1.2848e-04
Loss = 1.4691e-02, PNorm = 67.3295, GNorm = 0.1913, lr_0 = 1.2724e-04
Loss = 1.3218e-02, PNorm = 67.3479, GNorm = 0.0358, lr_0 = 1.2601e-04
Loss = 1.5288e-02, PNorm = 67.3613, GNorm = 0.1510, lr_0 = 1.2480e-04
Validation auc = 0.935205
Epoch 27
Loss = 8.2760e-03, PNorm = 67.3646, GNorm = 0.0990, lr_0 = 1.2360e-04
Loss = 1.5637e-02, PNorm = 67.3738, GNorm = 0.2138, lr_0 = 1.2241e-04
Loss = 1.3324e-02, PNorm = 67.3920, GNorm = 0.1848, lr_0 = 1.2123e-04
Loss = 1.4236e-02, PNorm = 67.4053, GNorm = 0.2677, lr_0 = 1.2006e-04
Loss = 1.8404e-02, PNorm = 67.4166, GNorm = 0.4211, lr_0 = 1.1891e-04
Loss = 1.2330e-02, PNorm = 67.4227, GNorm = 0.0827, lr_0 = 1.1776e-04
Loss = 1.3861e-02, PNorm = 67.4351, GNorm = 0.0717, lr_0 = 1.1663e-04
Loss = 1.9772e-02, PNorm = 67.4398, GNorm = 0.4043, lr_0 = 1.1551e-04
Validation auc = 0.947547
Epoch 28
Loss = 2.0074e-02, PNorm = 67.4469, GNorm = 0.1219, lr_0 = 1.1428e-04
Loss = 1.2164e-02, PNorm = 67.4612, GNorm = 0.4147, lr_0 = 1.1318e-04
Loss = 1.4445e-02, PNorm = 67.4693, GNorm = 0.0850, lr_0 = 1.1209e-04
Loss = 1.9955e-02, PNorm = 67.4719, GNorm = 0.1473, lr_0 = 1.1101e-04
Loss = 9.1392e-03, PNorm = 67.4879, GNorm = 0.0420, lr_0 = 1.0995e-04
Loss = 1.1730e-02, PNorm = 67.5017, GNorm = 0.0078, lr_0 = 1.0889e-04
Loss = 1.3948e-02, PNorm = 67.5052, GNorm = 0.1045, lr_0 = 1.0784e-04
Loss = 1.0450e-02, PNorm = 67.5145, GNorm = 0.0909, lr_0 = 1.0680e-04
Loss = 1.8410e-02, PNorm = 67.5184, GNorm = 0.2918, lr_0 = 1.0577e-04
Validation auc = 0.938869
Epoch 29
Loss = 1.1649e-02, PNorm = 67.5255, GNorm = 0.2042, lr_0 = 1.0475e-04
Loss = 7.2113e-03, PNorm = 67.5358, GNorm = 0.0773, lr_0 = 1.0374e-04
Loss = 1.2971e-02, PNorm = 67.5429, GNorm = 0.0196, lr_0 = 1.0275e-04
Loss = 1.4307e-02, PNorm = 67.5474, GNorm = 0.1401, lr_0 = 1.0176e-04
Loss = 1.3610e-02, PNorm = 67.5580, GNorm = 0.4105, lr_0 = 1.0078e-04
Loss = 1.5580e-02, PNorm = 67.5646, GNorm = 0.1829, lr_0 = 1.0000e-04
Loss = 1.3306e-02, PNorm = 67.5734, GNorm = 0.1520, lr_0 = 1.0000e-04
Loss = 1.9115e-02, PNorm = 67.5791, GNorm = 0.2789, lr_0 = 1.0000e-04
Validation auc = 0.947130
Model 0 best validation auc = 0.958700 on epoch 12
Loading pretrained parameter "encoder.encoder.0.cached_zero_vector".
Loading pretrained parameter "encoder.encoder.0.W_i.weight".
Loading pretrained parameter "encoder.encoder.0.W_h.weight".
Loading pretrained parameter "encoder.encoder.0.W_o.weight".
Loading pretrained parameter "encoder.encoder.0.W_o.bias".
Loading pretrained parameter "ffn.1.weight".
Loading pretrained parameter "ffn.1.bias".
Moving model to cuda
Model 0 test auc = 0.760215
Ensemble test auc = 0.760215
Fold 1
Splitting data with seed 1
Total scaffolds = 3,467 | train scaffolds = 2,658 | val scaffolds = 399 | test scaffolds = 410
Label averages per scaffold, in decreasing order of scaffold frequency,capped at 10 scaffolds and 20 labels:
Scaffold 0
Task 0: count = 381 | target average = 0.018373
Task 1: count = 381 | target average = 0.013123


Scaffold 1
Task 0: count = 305 | target average = 0.009836
Task 1: count = 305 | target average = 0.016393


Scaffold 2
Task 0: count = 36 | target average = 0.000000
Task 1: count = 36 | target average = 0.000000


Scaffold 3
Task 0: count = 29 | target average = 0.000000
Task 1: count = 29 | target average = 0.000000


Scaffold 4
Task 0: count = 26 | target average = 0.000000
Task 1: count = 26 | target average = 0.000000


Scaffold 5
Task 0: count = 23 | target average = 0.000000
Task 1: count = 23 | target average = 0.000000


Scaffold 6
Task 0: count = 22 | target average = 0.090909
Task 1: count = 22 | target average = 0.090909


Scaffold 7
Task 0: count = 20 | target average = 0.050000
Task 1: count = 20 | target average = 0.000000


Scaffold 8
Task 0: count = 20 | target average = 0.000000
Task 1: count = 20 | target average = 0.000000


Scaffold 9
Task 0: count = 20 | target average = 0.000000
Task 1: count = 20 | target average = 0.000000


Class sizes
hit_inh 0: 97.83%, 1: 2.17%
hit_kill 0: 98.64%, 1: 1.36%
Total size = 5,353 | train size = 4,282 | val size = 535 | test size = 536
Building model 0
MoleculeModel(
  (sigmoid): Sigmoid()
  (encoder): MPN(
    (encoder): ModuleList(
      (0): MPNEncoder(
        (dropout_layer): Dropout(p=0.25, inplace=False)
        (act_func): ReLU()
        (W_i): Linear(in_features=147, out_features=1500, bias=False)
        (W_h): Linear(in_features=1500, out_features=1500, bias=False)
        (W_o): Linear(in_features=1633, out_features=1500, bias=True)
      )
    )
  )
  (ffn): Sequential(
    (0): Dropout(p=0.25, inplace=False)
    (1): Linear(in_features=1700, out_features=2, bias=True)
  )
)
Number of parameters = 4,924,902
Moving model to cuda
Epoch 0
Loss = 2.5452e-01, PNorm = 57.7564, GNorm = 0.0339, lr_0 = 1.5824e-04
Loss = 1.3238e-01, PNorm = 57.7690, GNorm = 0.4080, lr_0 = 2.1118e-04
Loss = 7.9749e-02, PNorm = 57.7827, GNorm = 0.6701, lr_0 = 2.6412e-04
Loss = 7.5613e-02, PNorm = 57.7938, GNorm = 0.2111, lr_0 = 3.1706e-04
Loss = 8.6212e-02, PNorm = 57.8039, GNorm = 0.1589, lr_0 = 3.7000e-04
Loss = 1.1063e-01, PNorm = 57.8141, GNorm = 0.1893, lr_0 = 4.2294e-04
Loss = 1.0688e-01, PNorm = 57.8303, GNorm = 0.1913, lr_0 = 4.7588e-04
Loss = 1.0610e-01, PNorm = 57.8454, GNorm = 0.1841, lr_0 = 5.2882e-04
Validation auc = 0.738105
Epoch 1
Loss = 5.3601e-02, PNorm = 57.8723, GNorm = 0.2389, lr_0 = 5.8706e-04
Loss = 1.0100e-01, PNorm = 57.8942, GNorm = 0.1947, lr_0 = 6.4000e-04
Loss = 1.1111e-01, PNorm = 57.9270, GNorm = 0.3434, lr_0 = 6.9294e-04
Loss = 9.3834e-02, PNorm = 57.9837, GNorm = 0.1505, lr_0 = 7.4588e-04
Loss = 7.3951e-02, PNorm = 58.0355, GNorm = 0.2879, lr_0 = 7.9882e-04
Loss = 6.8301e-02, PNorm = 58.0714, GNorm = 0.1104, lr_0 = 8.5176e-04
Loss = 8.5829e-02, PNorm = 58.1042, GNorm = 0.1969, lr_0 = 9.0471e-04
Loss = 9.2374e-02, PNorm = 58.1448, GNorm = 0.1628, lr_0 = 9.5765e-04
Loss = 1.1404e-01, PNorm = 58.1964, GNorm = 0.2704, lr_0 = 9.9807e-04
Validation auc = 0.818485
Epoch 2
Loss = 7.9012e-02, PNorm = 58.2730, GNorm = 0.0792, lr_0 = 9.8846e-04
Loss = 1.0319e-01, PNorm = 58.3339, GNorm = 0.2313, lr_0 = 9.7894e-04
Loss = 8.8562e-02, PNorm = 58.4113, GNorm = 0.1511, lr_0 = 9.6952e-04
Loss = 8.4815e-02, PNorm = 58.4651, GNorm = 0.1620, lr_0 = 9.6018e-04
Loss = 5.2255e-02, PNorm = 58.5335, GNorm = 0.1172, lr_0 = 9.5094e-04
Loss = 7.3659e-02, PNorm = 58.5731, GNorm = 0.1208, lr_0 = 9.4178e-04
Loss = 9.2491e-02, PNorm = 58.6117, GNorm = 0.1500, lr_0 = 9.3271e-04
Loss = 8.1841e-02, PNorm = 58.6713, GNorm = 0.2883, lr_0 = 9.2373e-04
Validation auc = 0.866483
Epoch 3
Loss = 1.2237e-01, PNorm = 58.7275, GNorm = 0.2052, lr_0 = 9.1395e-04
Loss = 9.8262e-02, PNorm = 58.8140, GNorm = 0.2169, lr_0 = 9.0515e-04
Loss = 4.9725e-02, PNorm = 58.8893, GNorm = 0.1409, lr_0 = 8.9644e-04
Loss = 7.4156e-02, PNorm = 58.9364, GNorm = 0.2904, lr_0 = 8.8781e-04
Loss = 7.9398e-02, PNorm = 58.9808, GNorm = 0.1141, lr_0 = 8.7926e-04
Loss = 7.9019e-02, PNorm = 59.0655, GNorm = 0.2005, lr_0 = 8.7080e-04
Loss = 7.9119e-02, PNorm = 59.1312, GNorm = 0.1359, lr_0 = 8.6241e-04
Loss = 1.1196e-01, PNorm = 59.1665, GNorm = 0.1406, lr_0 = 8.5411e-04
Loss = 7.4485e-02, PNorm = 59.2589, GNorm = 0.1467, lr_0 = 8.4588e-04
Validation auc = 0.785239
Epoch 4
Loss = 4.9759e-02, PNorm = 59.3407, GNorm = 0.0811, lr_0 = 8.3774e-04
Loss = 7.7082e-02, PNorm = 59.4112, GNorm = 0.3831, lr_0 = 8.2967e-04
Loss = 1.0182e-01, PNorm = 59.5239, GNorm = 0.1188, lr_0 = 8.2169e-04
Loss = 7.2105e-02, PNorm = 59.6483, GNorm = 0.2213, lr_0 = 8.1377e-04
Loss = 9.4915e-02, PNorm = 59.7256, GNorm = 0.1853, lr_0 = 8.0594e-04
Loss = 7.3713e-02, PNorm = 59.8358, GNorm = 0.7190, lr_0 = 7.9818e-04
Loss = 9.2390e-02, PNorm = 59.9337, GNorm = 0.1597, lr_0 = 7.9050e-04
Loss = 9.9744e-02, PNorm = 60.0437, GNorm = 0.1520, lr_0 = 7.8288e-04
Validation auc = 0.864748
Epoch 5
Loss = 6.2584e-02, PNorm = 60.1341, GNorm = 0.1532, lr_0 = 7.7535e-04
Loss = 7.2163e-02, PNorm = 60.1901, GNorm = 0.1228, lr_0 = 7.6788e-04
Loss = 6.4453e-02, PNorm = 60.2670, GNorm = 0.1626, lr_0 = 7.6049e-04
Loss = 5.0335e-02, PNorm = 60.3481, GNorm = 0.2101, lr_0 = 7.5317e-04
Loss = 8.3588e-02, PNorm = 60.3949, GNorm = 0.1130, lr_0 = 7.4591e-04
Loss = 8.0384e-02, PNorm = 60.5166, GNorm = 0.4898, lr_0 = 7.3873e-04
Loss = 9.6687e-02, PNorm = 60.5843, GNorm = 0.3164, lr_0 = 7.3162e-04
Loss = 7.2988e-02, PNorm = 60.6754, GNorm = 0.1199, lr_0 = 7.2458e-04
Loss = 8.0380e-02, PNorm = 60.7283, GNorm = 0.1175, lr_0 = 7.1760e-04
Validation auc = 0.869779
Epoch 6
Loss = 8.2199e-02, PNorm = 60.8045, GNorm = 0.1831, lr_0 = 7.1000e-04
Loss = 9.2555e-02, PNorm = 60.8814, GNorm = 0.2054, lr_0 = 7.0317e-04
Loss = 5.2420e-02, PNorm = 60.9648, GNorm = 0.1349, lr_0 = 6.9640e-04
Loss = 5.0847e-02, PNorm = 61.0362, GNorm = 0.2406, lr_0 = 6.8969e-04
Loss = 5.8590e-02, PNorm = 61.0939, GNorm = 0.0739, lr_0 = 6.8305e-04
Loss = 6.5876e-02, PNorm = 61.1498, GNorm = 0.1242, lr_0 = 6.7648e-04
Loss = 6.4601e-02, PNorm = 61.2083, GNorm = 0.2889, lr_0 = 6.6996e-04
Loss = 9.8080e-02, PNorm = 61.2470, GNorm = 0.1905, lr_0 = 6.6351e-04
Validation auc = 0.806036
Epoch 7
Loss = 3.0935e-02, PNorm = 61.3164, GNorm = 0.1225, lr_0 = 6.5712e-04
Loss = 4.9403e-02, PNorm = 61.3997, GNorm = 0.0989, lr_0 = 6.5080e-04
Loss = 8.2933e-02, PNorm = 61.4542, GNorm = 0.3210, lr_0 = 6.4453e-04
Loss = 8.9356e-02, PNorm = 61.5238, GNorm = 0.1429, lr_0 = 6.3833e-04
Loss = 7.1778e-02, PNorm = 61.6089, GNorm = 0.2468, lr_0 = 6.3218e-04
Loss = 7.1922e-02, PNorm = 61.7090, GNorm = 2.0167, lr_0 = 6.2609e-04
Loss = 6.2101e-02, PNorm = 61.8235, GNorm = 0.0959, lr_0 = 6.2006e-04
Loss = 6.3055e-02, PNorm = 61.9172, GNorm = 0.2943, lr_0 = 6.1409e-04
Loss = 6.4058e-02, PNorm = 61.9626, GNorm = 0.2632, lr_0 = 6.0818e-04
Validation auc = 0.871104
Epoch 8
Loss = 3.8074e-02, PNorm = 62.0222, GNorm = 0.0801, lr_0 = 6.0233e-04
Loss = 5.9825e-02, PNorm = 62.0683, GNorm = 0.1841, lr_0 = 5.9653e-04
Loss = 5.9240e-02, PNorm = 62.1166, GNorm = 0.1099, lr_0 = 5.9078e-04
Loss = 5.3549e-02, PNorm = 62.1716, GNorm = 0.1394, lr_0 = 5.8510e-04
Loss = 4.9606e-02, PNorm = 62.2178, GNorm = 0.0849, lr_0 = 5.7946e-04
Loss = 6.7745e-02, PNorm = 62.2581, GNorm = 0.2034, lr_0 = 5.7388e-04
Loss = 5.5787e-02, PNorm = 62.3225, GNorm = 0.1366, lr_0 = 5.6836e-04
Loss = 6.8686e-02, PNorm = 62.3762, GNorm = 0.1356, lr_0 = 5.6289e-04
Loss = 9.4137e-02, PNorm = 62.4263, GNorm = 0.3233, lr_0 = 5.5747e-04
Loss = 1.6143e-02, PNorm = 62.4336, GNorm = 0.1385, lr_0 = 5.5693e-04
Validation auc = 0.864475
Epoch 9
Loss = 3.8790e-02, PNorm = 62.5086, GNorm = 0.1125, lr_0 = 5.5156e-04
Loss = 6.7728e-02, PNorm = 62.5697, GNorm = 0.1769, lr_0 = 5.4625e-04
Loss = 7.3907e-02, PNorm = 62.6288, GNorm = 0.1532, lr_0 = 5.4100e-04
Loss = 6.0771e-02, PNorm = 62.6976, GNorm = 0.3927, lr_0 = 5.3579e-04
Loss = 6.4701e-02, PNorm = 62.7384, GNorm = 0.1204, lr_0 = 5.3063e-04
Loss = 4.8039e-02, PNorm = 62.8087, GNorm = 0.1011, lr_0 = 5.2552e-04
Loss = 4.9403e-02, PNorm = 62.8721, GNorm = 0.1535, lr_0 = 5.2046e-04
Loss = 6.6254e-02, PNorm = 62.9431, GNorm = 0.1778, lr_0 = 5.1545e-04
Validation auc = 0.860226
Epoch 10
Loss = 2.9694e-02, PNorm = 63.0069, GNorm = 0.1388, lr_0 = 5.1049e-04
Loss = 3.7210e-02, PNorm = 63.0736, GNorm = 0.0814, lr_0 = 5.0557e-04
Loss = 3.2374e-02, PNorm = 63.1389, GNorm = 0.2309, lr_0 = 5.0070e-04
Loss = 6.5101e-02, PNorm = 63.1809, GNorm = 0.4644, lr_0 = 4.9588e-04
Loss = 6.0452e-02, PNorm = 63.2122, GNorm = 0.4338, lr_0 = 4.9111e-04
Loss = 8.1626e-02, PNorm = 63.2716, GNorm = 0.4716, lr_0 = 4.8638e-04
Loss = 4.5446e-02, PNorm = 63.3406, GNorm = 0.2181, lr_0 = 4.8170e-04
Loss = 5.0637e-02, PNorm = 63.3909, GNorm = 0.1282, lr_0 = 4.7706e-04
Loss = 5.4290e-02, PNorm = 63.4361, GNorm = 0.1325, lr_0 = 4.7247e-04
Validation auc = 0.824916
Epoch 11
Loss = 3.8163e-02, PNorm = 63.4824, GNorm = 0.0412, lr_0 = 4.6792e-04
Loss = 2.2398e-02, PNorm = 63.5297, GNorm = 0.2584, lr_0 = 4.6341e-04
Loss = 4.0441e-02, PNorm = 63.5742, GNorm = 0.1687, lr_0 = 4.5895e-04
Loss = 6.9192e-02, PNorm = 63.6066, GNorm = 0.1380, lr_0 = 4.5453e-04
Loss = 5.2258e-02, PNorm = 63.6737, GNorm = 0.0922, lr_0 = 4.5015e-04
Loss = 4.0126e-02, PNorm = 63.7249, GNorm = 0.0685, lr_0 = 4.4582e-04
Loss = 7.2468e-02, PNorm = 63.7769, GNorm = 0.4216, lr_0 = 4.4153e-04
Loss = 3.4999e-02, PNorm = 63.8430, GNorm = 0.1114, lr_0 = 4.3728e-04
Validation auc = 0.842606
Epoch 12
Loss = 3.2458e-02, PNorm = 63.8876, GNorm = 0.2577, lr_0 = 4.3265e-04
Loss = 3.2606e-02, PNorm = 63.9633, GNorm = 0.2603, lr_0 = 4.2848e-04
Loss = 3.8954e-02, PNorm = 64.0123, GNorm = 0.2713, lr_0 = 4.2436e-04
Loss = 2.1103e-02, PNorm = 64.0481, GNorm = 0.0855, lr_0 = 4.2027e-04
Loss = 5.4998e-02, PNorm = 64.0703, GNorm = 0.3191, lr_0 = 4.1622e-04
Loss = 4.4189e-02, PNorm = 64.1047, GNorm = 0.1646, lr_0 = 4.1222e-04
Loss = 7.7569e-02, PNorm = 64.1470, GNorm = 0.7102, lr_0 = 4.0825e-04
Loss = 4.7802e-02, PNorm = 64.2124, GNorm = 0.3252, lr_0 = 4.0432e-04
Loss = 5.5305e-02, PNorm = 64.2525, GNorm = 0.4551, lr_0 = 4.0042e-04
Validation auc = 0.839286
Epoch 13
Loss = 3.9530e-02, PNorm = 64.2902, GNorm = 0.2364, lr_0 = 3.9657e-04
Loss = 2.8875e-02, PNorm = 64.3461, GNorm = 0.0307, lr_0 = 3.9275e-04
Loss = 3.6128e-02, PNorm = 64.3802, GNorm = 0.1628, lr_0 = 3.8897e-04
Loss = 3.9792e-02, PNorm = 64.4207, GNorm = 0.4175, lr_0 = 3.8522e-04
Loss = 4.4509e-02, PNorm = 64.4486, GNorm = 0.1208, lr_0 = 3.8152e-04
Loss = 3.3769e-02, PNorm = 64.4849, GNorm = 0.2793, lr_0 = 3.7784e-04
Loss = 6.2647e-02, PNorm = 64.5247, GNorm = 0.3163, lr_0 = 3.7420e-04
Loss = 4.1654e-02, PNorm = 64.5624, GNorm = 0.2068, lr_0 = 3.7060e-04
Validation auc = 0.828360
Epoch 14
Loss = 4.0019e-02, PNorm = 64.6048, GNorm = 0.2666, lr_0 = 3.6668e-04
Loss = 2.8022e-02, PNorm = 64.6664, GNorm = 0.3351, lr_0 = 3.6315e-04
Loss = 6.1240e-02, PNorm = 64.7144, GNorm = 0.3346, lr_0 = 3.5965e-04
Loss = 2.5962e-02, PNorm = 64.7722, GNorm = 0.2318, lr_0 = 3.5619e-04
Loss = 3.4144e-02, PNorm = 64.8143, GNorm = 0.1875, lr_0 = 3.5276e-04
Loss = 3.3884e-02, PNorm = 64.8596, GNorm = 0.2650, lr_0 = 3.4936e-04
Loss = 6.5415e-02, PNorm = 64.8827, GNorm = 0.3680, lr_0 = 3.4600e-04
Loss = 4.4460e-02, PNorm = 64.9262, GNorm = 0.1556, lr_0 = 3.4267e-04
Loss = 2.9723e-02, PNorm = 64.9652, GNorm = 0.1758, lr_0 = 3.3937e-04
Validation auc = 0.833939
Epoch 15
Loss = 5.5510e-02, PNorm = 64.9859, GNorm = 0.1975, lr_0 = 3.3610e-04
Loss = 2.7865e-02, PNorm = 65.0242, GNorm = 0.0682, lr_0 = 3.3287e-04
Loss = 4.8403e-02, PNorm = 65.0450, GNorm = 0.2418, lr_0 = 3.2966e-04
Loss = 3.5584e-02, PNorm = 65.0581, GNorm = 0.1366, lr_0 = 3.2649e-04
Loss = 2.5932e-02, PNorm = 65.0946, GNorm = 0.2596, lr_0 = 3.2334e-04
Loss = 3.1879e-02, PNorm = 65.1301, GNorm = 0.0659, lr_0 = 3.2023e-04
Loss = 3.3584e-02, PNorm = 65.1632, GNorm = 0.1876, lr_0 = 3.1715e-04
Loss = 3.8726e-02, PNorm = 65.2159, GNorm = 0.1182, lr_0 = 3.1409e-04
Loss = 4.0407e-02, PNorm = 65.2581, GNorm = 0.1245, lr_0 = 3.1107e-04
Validation auc = 0.838668
Epoch 16
Loss = 3.4090e-02, PNorm = 65.2981, GNorm = 0.0951, lr_0 = 3.0807e-04
Loss = 2.1987e-02, PNorm = 65.3255, GNorm = 0.0410, lr_0 = 3.0511e-04
Loss = 4.3357e-02, PNorm = 65.3426, GNorm = 0.1700, lr_0 = 3.0217e-04
Loss = 3.6960e-02, PNorm = 65.3790, GNorm = 0.1604, lr_0 = 2.9926e-04
Loss = 3.3455e-02, PNorm = 65.4108, GNorm = 0.1083, lr_0 = 2.9638e-04
Loss = 4.7974e-02, PNorm = 65.4495, GNorm = 0.2081, lr_0 = 2.9353e-04
Loss = 2.8117e-02, PNorm = 65.4920, GNorm = 0.4244, lr_0 = 2.9070e-04
Loss = 1.7775e-02, PNorm = 65.5230, GNorm = 0.4402, lr_0 = 2.8790e-04
Validation auc = 0.834405
Epoch 17
Loss = 2.0207e-02, PNorm = 65.5573, GNorm = 0.0275, lr_0 = 2.8485e-04
Loss = 3.7831e-02, PNorm = 65.5830, GNorm = 0.3559, lr_0 = 2.8211e-04
Loss = 4.0404e-02, PNorm = 65.6097, GNorm = 0.1891, lr_0 = 2.7939e-04
Loss = 3.6477e-02, PNorm = 65.6347, GNorm = 0.2818, lr_0 = 2.7670e-04
Loss = 1.9382e-02, PNorm = 65.6665, GNorm = 0.0992, lr_0 = 2.7404e-04
Loss = 2.1713e-02, PNorm = 65.6794, GNorm = 0.2082, lr_0 = 2.7140e-04
Loss = 3.6699e-02, PNorm = 65.6986, GNorm = 0.3411, lr_0 = 2.6879e-04
Loss = 3.1357e-02, PNorm = 65.7267, GNorm = 0.2095, lr_0 = 2.6620e-04
Loss = 3.7830e-02, PNorm = 65.7588, GNorm = 0.3137, lr_0 = 2.6364e-04
Validation auc = 0.812525
Epoch 18
Loss = 1.8954e-02, PNorm = 65.7892, GNorm = 0.0881, lr_0 = 2.6110e-04
Loss = 3.0574e-02, PNorm = 65.8030, GNorm = 0.3032, lr_0 = 2.5859e-04
Loss = 4.5417e-02, PNorm = 65.8307, GNorm = 0.2245, lr_0 = 2.5610e-04
Loss = 3.1526e-02, PNorm = 65.8619, GNorm = 0.7116, lr_0 = 2.5363e-04
Loss = 4.9001e-02, PNorm = 65.8770, GNorm = 0.4485, lr_0 = 2.5119e-04
Loss = 2.4825e-02, PNorm = 65.9219, GNorm = 0.0233, lr_0 = 2.4877e-04
Loss = 3.4009e-02, PNorm = 65.9398, GNorm = 0.0708, lr_0 = 2.4638e-04
Loss = 2.0054e-02, PNorm = 65.9577, GNorm = 0.2666, lr_0 = 2.4400e-04
Validation auc = 0.826115
Epoch 19
Loss = 2.3569e-02, PNorm = 65.9797, GNorm = 0.2087, lr_0 = 2.4165e-04
Loss = 2.5992e-02, PNorm = 65.9996, GNorm = 0.1567, lr_0 = 2.3933e-04
Loss = 2.7109e-02, PNorm = 66.0161, GNorm = 0.0608, lr_0 = 2.3702e-04
Loss = 1.7014e-02, PNorm = 66.0374, GNorm = 0.1822, lr_0 = 2.3474e-04
Loss = 1.6163e-02, PNorm = 66.0592, GNorm = 0.1242, lr_0 = 2.3248e-04
Loss = 4.0302e-02, PNorm = 66.0700, GNorm = 0.1228, lr_0 = 2.3024e-04
Loss = 4.0051e-02, PNorm = 66.0984, GNorm = 0.3761, lr_0 = 2.2803e-04
Loss = 1.9628e-02, PNorm = 66.1275, GNorm = 0.2315, lr_0 = 2.2583e-04
Loss = 2.3412e-02, PNorm = 66.1423, GNorm = 0.0591, lr_0 = 2.2366e-04
Validation auc = 0.819755
Epoch 20
Loss = 1.7009e-02, PNorm = 66.1642, GNorm = 0.1176, lr_0 = 2.2129e-04
Loss = 2.3557e-02, PNorm = 66.1866, GNorm = 0.0421, lr_0 = 2.1916e-04
Loss = 2.8285e-02, PNorm = 66.2028, GNorm = 0.2110, lr_0 = 2.1705e-04
Loss = 1.6379e-02, PNorm = 66.2183, GNorm = 0.1016, lr_0 = 2.1496e-04
Loss = 3.1669e-02, PNorm = 66.2401, GNorm = 0.1255, lr_0 = 2.1289e-04
Loss = 2.7632e-02, PNorm = 66.2548, GNorm = 0.1946, lr_0 = 2.1084e-04
Loss = 1.7748e-02, PNorm = 66.2803, GNorm = 0.1544, lr_0 = 2.0881e-04
Loss = 2.8265e-02, PNorm = 66.3007, GNorm = 0.5081, lr_0 = 2.0680e-04
Validation auc = 0.815393
Epoch 21
Loss = 3.1727e-02, PNorm = 66.3115, GNorm = 0.5149, lr_0 = 2.0481e-04
Loss = 2.3311e-02, PNorm = 66.3565, GNorm = 0.1797, lr_0 = 2.0283e-04
Loss = 1.7997e-02, PNorm = 66.3725, GNorm = 0.0662, lr_0 = 2.0088e-04
Loss = 3.0835e-02, PNorm = 66.3789, GNorm = 0.1862, lr_0 = 1.9895e-04
Loss = 2.4275e-02, PNorm = 66.4002, GNorm = 0.1194, lr_0 = 1.9703e-04
Loss = 3.3023e-02, PNorm = 66.4140, GNorm = 0.0724, lr_0 = 1.9514e-04
Loss = 2.6626e-02, PNorm = 66.4381, GNorm = 0.0679, lr_0 = 1.9326e-04
Loss = 1.9022e-02, PNorm = 66.4565, GNorm = 0.0465, lr_0 = 1.9140e-04
Loss = 2.2039e-02, PNorm = 66.4701, GNorm = 0.5364, lr_0 = 1.8955e-04
Validation auc = 0.816628
Epoch 22
Loss = 1.1068e-02, PNorm = 66.4876, GNorm = 0.2286, lr_0 = 1.8773e-04
Loss = 3.1546e-02, PNorm = 66.4939, GNorm = 0.1247, lr_0 = 1.8592e-04
Loss = 1.4688e-02, PNorm = 66.5137, GNorm = 0.1840, lr_0 = 1.8413e-04
Loss = 1.8980e-02, PNorm = 66.5322, GNorm = 0.1865, lr_0 = 1.8236e-04
Loss = 2.2367e-02, PNorm = 66.5377, GNorm = 0.1437, lr_0 = 1.8060e-04
Loss = 1.7677e-02, PNorm = 66.5577, GNorm = 0.1097, lr_0 = 1.7886e-04
Loss = 3.4586e-02, PNorm = 66.5816, GNorm = 0.3379, lr_0 = 1.7714e-04
Loss = 3.0319e-02, PNorm = 66.5900, GNorm = 0.1476, lr_0 = 1.7544e-04
Validation auc = 0.807379
Epoch 23
Loss = 1.7467e-02, PNorm = 66.6143, GNorm = 0.1645, lr_0 = 1.7358e-04
Loss = 1.6375e-02, PNorm = 66.6344, GNorm = 0.3725, lr_0 = 1.7191e-04
Loss = 2.7190e-02, PNorm = 66.6393, GNorm = 0.1105, lr_0 = 1.7025e-04
Loss = 1.1747e-02, PNorm = 66.6646, GNorm = 0.1061, lr_0 = 1.6861e-04
Loss = 2.1104e-02, PNorm = 66.6758, GNorm = 0.0562, lr_0 = 1.6699e-04
Loss = 1.5753e-02, PNorm = 66.6953, GNorm = 0.1012, lr_0 = 1.6538e-04
Loss = 1.5462e-02, PNorm = 66.7160, GNorm = 0.2767, lr_0 = 1.6379e-04
Loss = 2.5584e-02, PNorm = 66.7198, GNorm = 0.3053, lr_0 = 1.6221e-04
Loss = 3.0038e-02, PNorm = 66.7344, GNorm = 0.1578, lr_0 = 1.6065e-04
Validation auc = 0.811063
Epoch 24
Loss = 2.4058e-02, PNorm = 66.7508, GNorm = 0.1713, lr_0 = 1.5910e-04
Loss = 1.2903e-02, PNorm = 66.7699, GNorm = 0.0498, lr_0 = 1.5757e-04
Loss = 2.6768e-02, PNorm = 66.7795, GNorm = 0.3676, lr_0 = 1.5605e-04
Loss = 1.4349e-02, PNorm = 66.7942, GNorm = 0.0638, lr_0 = 1.5455e-04
Loss = 2.2790e-02, PNorm = 66.8052, GNorm = 0.1023, lr_0 = 1.5306e-04
Loss = 1.1389e-02, PNorm = 66.8204, GNorm = 0.0364, lr_0 = 1.5159e-04
Loss = 2.1698e-02, PNorm = 66.8311, GNorm = 0.3017, lr_0 = 1.5013e-04
Loss = 1.6804e-02, PNorm = 66.8366, GNorm = 0.0542, lr_0 = 1.4869e-04
Loss = 1.6553e-02, PNorm = 66.8528, GNorm = 0.0154, lr_0 = 1.4725e-04
Validation auc = 0.813064
Epoch 25
Loss = 2.1367e-02, PNorm = 66.8635, GNorm = 0.1662, lr_0 = 1.4584e-04
Loss = 1.1226e-02, PNorm = 66.8800, GNorm = 0.1385, lr_0 = 1.4443e-04
Loss = 1.7161e-02, PNorm = 66.8939, GNorm = 0.5281, lr_0 = 1.4304e-04
Loss = 2.1804e-02, PNorm = 66.9025, GNorm = 0.2582, lr_0 = 1.4166e-04
Loss = 1.4882e-02, PNorm = 66.9231, GNorm = 0.2271, lr_0 = 1.4030e-04
Loss = 1.4646e-02, PNorm = 66.9359, GNorm = 0.1272, lr_0 = 1.3895e-04
Loss = 1.2235e-02, PNorm = 66.9460, GNorm = 0.0544, lr_0 = 1.3761e-04
Loss = 1.9124e-02, PNorm = 66.9553, GNorm = 0.3539, lr_0 = 1.3629e-04
Validation auc = 0.808684
Epoch 26
Loss = 2.8960e-02, PNorm = 66.9608, GNorm = 0.2305, lr_0 = 1.3484e-04
Loss = 1.3868e-02, PNorm = 66.9747, GNorm = 0.3877, lr_0 = 1.3355e-04
Loss = 1.5045e-02, PNorm = 66.9863, GNorm = 0.0987, lr_0 = 1.3226e-04
Loss = 1.4550e-02, PNorm = 66.9940, GNorm = 0.0318, lr_0 = 1.3099e-04
Loss = 2.4677e-02, PNorm = 66.9985, GNorm = 0.0966, lr_0 = 1.2973e-04
Loss = 1.6961e-02, PNorm = 67.0133, GNorm = 0.2050, lr_0 = 1.2848e-04
Loss = 1.3251e-02, PNorm = 67.0234, GNorm = 0.0217, lr_0 = 1.2724e-04
Loss = 3.0142e-02, PNorm = 67.0300, GNorm = 0.0879, lr_0 = 1.2601e-04
Loss = 1.0277e-02, PNorm = 67.0412, GNorm = 0.2875, lr_0 = 1.2480e-04
Validation auc = 0.814925
Epoch 27
Loss = 9.4501e-03, PNorm = 67.0476, GNorm = 0.0846, lr_0 = 1.2360e-04
Loss = 5.4047e-03, PNorm = 67.0582, GNorm = 0.0219, lr_0 = 1.2241e-04
Loss = 8.8605e-03, PNorm = 67.0688, GNorm = 0.1634, lr_0 = 1.2123e-04
Loss = 6.0817e-03, PNorm = 67.0793, GNorm = 0.0345, lr_0 = 1.2006e-04
Loss = 1.0435e-02, PNorm = 67.0847, GNorm = 0.1388, lr_0 = 1.1891e-04
Loss = 2.6535e-02, PNorm = 67.0910, GNorm = 0.5261, lr_0 = 1.1776e-04
Loss = 1.3825e-02, PNorm = 67.0975, GNorm = 0.5331, lr_0 = 1.1663e-04
Loss = 1.4014e-02, PNorm = 67.1096, GNorm = 0.0215, lr_0 = 1.1551e-04
Validation auc = 0.800989
Epoch 28
Loss = 2.5004e-02, PNorm = 67.1125, GNorm = 0.5239, lr_0 = 1.1428e-04
Loss = 8.0308e-03, PNorm = 67.1251, GNorm = 0.0548, lr_0 = 1.1318e-04
Loss = 1.9433e-02, PNorm = 67.1394, GNorm = 0.5530, lr_0 = 1.1209e-04
Loss = 1.3946e-02, PNorm = 67.1527, GNorm = 0.3214, lr_0 = 1.1101e-04
Loss = 1.6113e-02, PNorm = 67.1555, GNorm = 0.2140, lr_0 = 1.0995e-04
Loss = 1.3802e-02, PNorm = 67.1671, GNorm = 0.0424, lr_0 = 1.0889e-04
Loss = 1.5224e-02, PNorm = 67.1745, GNorm = 0.1203, lr_0 = 1.0784e-04
Loss = 1.8094e-02, PNorm = 67.1800, GNorm = 0.0849, lr_0 = 1.0680e-04
Loss = 1.0702e-02, PNorm = 67.1959, GNorm = 0.1501, lr_0 = 1.0577e-04
Validation auc = 0.788935
Epoch 29
Loss = 1.1994e-02, PNorm = 67.2095, GNorm = 0.2643, lr_0 = 1.0475e-04
Loss = 1.3496e-02, PNorm = 67.2162, GNorm = 0.5498, lr_0 = 1.0374e-04
Loss = 1.3885e-02, PNorm = 67.2234, GNorm = 0.0612, lr_0 = 1.0275e-04
Loss = 6.2195e-03, PNorm = 67.2337, GNorm = 0.3076, lr_0 = 1.0176e-04
Loss = 5.3208e-03, PNorm = 67.2414, GNorm = 0.0172, lr_0 = 1.0078e-04
Loss = 1.2957e-02, PNorm = 67.2419, GNorm = 0.0904, lr_0 = 1.0000e-04
Loss = 1.6853e-02, PNorm = 67.2502, GNorm = 0.0929, lr_0 = 1.0000e-04
Loss = 9.0318e-03, PNorm = 67.2622, GNorm = 0.0580, lr_0 = 1.0000e-04
Validation auc = 0.801864
Model 0 best validation auc = 0.871104 on epoch 7
Loading pretrained parameter "encoder.encoder.0.cached_zero_vector".
Loading pretrained parameter "encoder.encoder.0.W_i.weight".
Loading pretrained parameter "encoder.encoder.0.W_h.weight".
Loading pretrained parameter "encoder.encoder.0.W_o.weight".
Loading pretrained parameter "encoder.encoder.0.W_o.bias".
Loading pretrained parameter "ffn.1.weight".
Loading pretrained parameter "ffn.1.bias".
Moving model to cuda
Model 0 test auc = 0.860141
Ensemble test auc = 0.860141
Fold 2
Splitting data with seed 2
Total scaffolds = 3,467 | train scaffolds = 2,630 | val scaffolds = 419 | test scaffolds = 418
Label averages per scaffold, in decreasing order of scaffold frequency,capped at 10 scaffolds and 20 labels:
Scaffold 0
Task 0: count = 381 | target average = 0.018373
Task 1: count = 381 | target average = 0.013123


Scaffold 1
Task 0: count = 305 | target average = 0.009836
Task 1: count = 305 | target average = 0.016393


Scaffold 2
Task 0: count = 36 | target average = 0.000000
Task 1: count = 36 | target average = 0.000000


Scaffold 3
Task 0: count = 29 | target average = 0.000000
Task 1: count = 29 | target average = 0.000000


Scaffold 4
Task 0: count = 26 | target average = 0.000000
Task 1: count = 26 | target average = 0.000000


Scaffold 5
Task 0: count = 23 | target average = 0.000000
Task 1: count = 23 | target average = 0.000000


Scaffold 6
Task 0: count = 22 | target average = 0.090909
Task 1: count = 22 | target average = 0.090909


Scaffold 7
Task 0: count = 20 | target average = 0.000000
Task 1: count = 20 | target average = 0.000000


Scaffold 8
Task 0: count = 20 | target average = 0.000000
Task 1: count = 20 | target average = 0.000000


Scaffold 9
Task 0: count = 20 | target average = 0.050000
Task 1: count = 20 | target average = 0.000000


Class sizes
hit_inh 0: 97.83%, 1: 2.17%
hit_kill 0: 98.64%, 1: 1.36%
Total size = 5,353 | train size = 4,282 | val size = 535 | test size = 536
Building model 0
MoleculeModel(
  (sigmoid): Sigmoid()
  (encoder): MPN(
    (encoder): ModuleList(
      (0): MPNEncoder(
        (dropout_layer): Dropout(p=0.25, inplace=False)
        (act_func): ReLU()
        (W_i): Linear(in_features=147, out_features=1500, bias=False)
        (W_h): Linear(in_features=1500, out_features=1500, bias=False)
        (W_o): Linear(in_features=1633, out_features=1500, bias=True)
      )
    )
  )
  (ffn): Sequential(
    (0): Dropout(p=0.25, inplace=False)
    (1): Linear(in_features=1700, out_features=2, bias=True)
  )
)
Number of parameters = 4,924,902
Moving model to cuda
Epoch 0
Loss = 2.4844e-01, PNorm = 57.7555, GNorm = 0.2563, lr_0 = 1.5824e-04
Loss = 7.9843e-02, PNorm = 57.7712, GNorm = 0.1612, lr_0 = 2.1118e-04
Loss = 1.0999e-01, PNorm = 57.7829, GNorm = 0.2505, lr_0 = 2.6412e-04
Loss = 9.0973e-02, PNorm = 57.7961, GNorm = 0.1836, lr_0 = 3.1706e-04
Loss = 8.1850e-02, PNorm = 57.8069, GNorm = 0.2246, lr_0 = 3.7000e-04
Loss = 9.8487e-02, PNorm = 57.8214, GNorm = 0.1749, lr_0 = 4.2294e-04
Loss = 9.2627e-02, PNorm = 57.8338, GNorm = 0.2562, lr_0 = 4.7588e-04
Loss = 7.7100e-02, PNorm = 57.8515, GNorm = 0.3664, lr_0 = 5.2882e-04
Validation auc = 0.674318
Epoch 1
Loss = 6.2869e-02, PNorm = 57.8834, GNorm = 0.1011, lr_0 = 5.8706e-04
Loss = 8.0969e-02, PNorm = 57.9082, GNorm = 0.2480, lr_0 = 6.4000e-04
Loss = 5.2636e-02, PNorm = 57.9508, GNorm = 0.4865, lr_0 = 6.9294e-04
Loss = 1.3110e-01, PNorm = 57.9719, GNorm = 0.3213, lr_0 = 7.4588e-04
Loss = 7.9054e-02, PNorm = 58.0245, GNorm = 0.4113, lr_0 = 7.9882e-04
Loss = 9.6764e-02, PNorm = 58.0594, GNorm = 0.2049, lr_0 = 8.5176e-04
Loss = 1.0878e-01, PNorm = 58.1013, GNorm = 0.1402, lr_0 = 9.0471e-04
Loss = 1.1864e-01, PNorm = 58.1589, GNorm = 0.2718, lr_0 = 9.5765e-04
Loss = 7.2045e-02, PNorm = 58.2201, GNorm = 0.2091, lr_0 = 9.9807e-04
Validation auc = 0.823020
Epoch 2
Loss = 8.8410e-02, PNorm = 58.3106, GNorm = 0.3473, lr_0 = 9.8846e-04
Loss = 7.5816e-02, PNorm = 58.3869, GNorm = 0.2808, lr_0 = 9.7894e-04
Loss = 1.0272e-01, PNorm = 58.4343, GNorm = 0.1218, lr_0 = 9.6952e-04
Loss = 8.0722e-02, PNorm = 58.4811, GNorm = 0.2913, lr_0 = 9.6018e-04
Loss = 1.1438e-01, PNorm = 58.5203, GNorm = 0.1775, lr_0 = 9.5094e-04
Loss = 6.9492e-02, PNorm = 58.6003, GNorm = 0.1576, lr_0 = 9.4178e-04
Loss = 5.8469e-02, PNorm = 58.6401, GNorm = 0.1279, lr_0 = 9.3271e-04
Loss = 7.4396e-02, PNorm = 58.6934, GNorm = 0.1118, lr_0 = 9.2373e-04
Validation auc = 0.853539
Epoch 3
Loss = 7.9170e-02, PNorm = 58.7419, GNorm = 0.1514, lr_0 = 9.1395e-04
Loss = 1.0022e-01, PNorm = 58.7891, GNorm = 0.2018, lr_0 = 9.0515e-04
Loss = 8.7110e-02, PNorm = 58.8559, GNorm = 0.2850, lr_0 = 8.9644e-04
Loss = 3.4705e-02, PNorm = 58.9282, GNorm = 0.0796, lr_0 = 8.8781e-04
Loss = 9.2981e-02, PNorm = 58.9549, GNorm = 0.2988, lr_0 = 8.7926e-04
Loss = 7.8003e-02, PNorm = 59.0291, GNorm = 0.0886, lr_0 = 8.7080e-04
Loss = 1.0204e-01, PNorm = 59.1072, GNorm = 0.2227, lr_0 = 8.6241e-04
Loss = 8.1298e-02, PNorm = 59.1970, GNorm = 0.0996, lr_0 = 8.5411e-04
Loss = 7.3592e-02, PNorm = 59.2385, GNorm = 0.2198, lr_0 = 8.4588e-04
Validation auc = 0.887452
Epoch 4
Loss = 4.5106e-02, PNorm = 59.3171, GNorm = 0.1032, lr_0 = 8.3774e-04
Loss = 5.9260e-02, PNorm = 59.3758, GNorm = 0.1408, lr_0 = 8.2967e-04
Loss = 7.2728e-02, PNorm = 59.4413, GNorm = 0.2403, lr_0 = 8.2169e-04
Loss = 9.5629e-02, PNorm = 59.5122, GNorm = 0.1632, lr_0 = 8.1377e-04
Loss = 9.4446e-02, PNorm = 59.6082, GNorm = 0.1907, lr_0 = 8.0594e-04
Loss = 6.4481e-02, PNorm = 59.7273, GNorm = 0.2377, lr_0 = 7.9818e-04
Loss = 9.6216e-02, PNorm = 59.7754, GNorm = 0.2270, lr_0 = 7.9050e-04
Loss = 5.5906e-02, PNorm = 59.8802, GNorm = 0.1667, lr_0 = 7.8288e-04
Validation auc = 0.840122
Epoch 5
Loss = 8.0801e-02, PNorm = 59.9617, GNorm = 0.1490, lr_0 = 7.7535e-04
Loss = 8.4788e-02, PNorm = 60.0484, GNorm = 0.2121, lr_0 = 7.6788e-04
Loss = 6.9436e-02, PNorm = 60.1344, GNorm = 0.2644, lr_0 = 7.6049e-04
Loss = 7.4906e-02, PNorm = 60.2659, GNorm = 0.1289, lr_0 = 7.5317e-04
Loss = 5.2319e-02, PNorm = 60.3752, GNorm = 0.1543, lr_0 = 7.4591e-04
Loss = 6.7013e-02, PNorm = 60.4605, GNorm = 0.1840, lr_0 = 7.3873e-04
Loss = 8.8901e-02, PNorm = 60.5252, GNorm = 0.1321, lr_0 = 7.3162e-04
Loss = 6.2699e-02, PNorm = 60.6246, GNorm = 0.1139, lr_0 = 7.2458e-04
Loss = 6.0024e-02, PNorm = 60.6876, GNorm = 0.1273, lr_0 = 7.1760e-04
Validation auc = 0.857110
Epoch 6
Loss = 4.5503e-02, PNorm = 60.7839, GNorm = 0.1590, lr_0 = 7.1000e-04
Loss = 8.6138e-02, PNorm = 60.8456, GNorm = 0.1250, lr_0 = 7.0317e-04
Loss = 7.6327e-02, PNorm = 60.9255, GNorm = 0.1964, lr_0 = 6.9640e-04
Loss = 7.1323e-02, PNorm = 61.0419, GNorm = 0.2041, lr_0 = 6.8969e-04
Loss = 6.7755e-02, PNorm = 61.1427, GNorm = 0.0866, lr_0 = 6.8305e-04
Loss = 6.3382e-02, PNorm = 61.2207, GNorm = 0.1732, lr_0 = 6.7648e-04
Loss = 6.1777e-02, PNorm = 61.3117, GNorm = 0.5311, lr_0 = 6.6996e-04
Loss = 2.2480e-02, PNorm = 61.4177, GNorm = 0.0329, lr_0 = 6.6351e-04
Validation auc = 0.884877
Epoch 7
Loss = 6.6115e-02, PNorm = 61.4503, GNorm = 0.1330, lr_0 = 6.5712e-04
Loss = 5.9194e-02, PNorm = 61.5571, GNorm = 0.1781, lr_0 = 6.5080e-04
Loss = 7.1616e-02, PNorm = 61.6964, GNorm = 0.3245, lr_0 = 6.4453e-04
Loss = 6.5874e-02, PNorm = 61.8088, GNorm = 0.1245, lr_0 = 6.3833e-04
Loss = 6.2709e-02, PNorm = 61.8965, GNorm = 0.1006, lr_0 = 6.3218e-04
Loss = 4.2491e-02, PNorm = 61.9910, GNorm = 0.0669, lr_0 = 6.2609e-04
Loss = 6.6777e-02, PNorm = 62.0617, GNorm = 0.2383, lr_0 = 6.2006e-04
Loss = 6.9237e-02, PNorm = 62.1384, GNorm = 0.3575, lr_0 = 6.1409e-04
Loss = 4.7767e-02, PNorm = 62.2224, GNorm = 0.1247, lr_0 = 6.0818e-04
Validation auc = 0.893935
Epoch 8
Loss = 3.5797e-02, PNorm = 62.2870, GNorm = 0.1443, lr_0 = 6.0233e-04
Loss = 4.5631e-02, PNorm = 62.3395, GNorm = 0.0890, lr_0 = 5.9653e-04
Loss = 5.7261e-02, PNorm = 62.3945, GNorm = 0.1613, lr_0 = 5.9078e-04
Loss = 7.0190e-02, PNorm = 62.4597, GNorm = 0.2003, lr_0 = 5.8510e-04
Loss = 6.2515e-02, PNorm = 62.5645, GNorm = 0.3093, lr_0 = 5.7946e-04
Loss = 5.9681e-02, PNorm = 62.6315, GNorm = 0.1858, lr_0 = 5.7388e-04
Loss = 5.2426e-02, PNorm = 62.7039, GNorm = 0.1986, lr_0 = 5.6836e-04
Loss = 5.9804e-02, PNorm = 62.7555, GNorm = 0.1551, lr_0 = 5.6289e-04
Loss = 5.2841e-02, PNorm = 62.8173, GNorm = 0.1077, lr_0 = 5.5747e-04
Loss = 1.4012e-02, PNorm = 62.8264, GNorm = 0.1426, lr_0 = 5.5693e-04
Validation auc = 0.877741
Epoch 9
Loss = 4.8129e-02, PNorm = 62.9124, GNorm = 0.1290, lr_0 = 5.5156e-04
Loss = 6.5029e-02, PNorm = 62.9631, GNorm = 0.1918, lr_0 = 5.4625e-04
Loss = 4.8733e-02, PNorm = 63.0369, GNorm = 0.0871, lr_0 = 5.4100e-04
Loss = 2.7369e-02, PNorm = 63.1181, GNorm = 0.1228, lr_0 = 5.3579e-04
Loss = 7.7824e-02, PNorm = 63.1766, GNorm = 0.1697, lr_0 = 5.3063e-04
Loss = 4.2633e-02, PNorm = 63.2724, GNorm = 0.2367, lr_0 = 5.2552e-04
Loss = 5.4486e-02, PNorm = 63.3303, GNorm = 0.1583, lr_0 = 5.2046e-04
Loss = 4.6150e-02, PNorm = 63.4108, GNorm = 0.2833, lr_0 = 5.1545e-04
Validation auc = 0.896413
Epoch 10
Loss = 3.5295e-02, PNorm = 63.4598, GNorm = 0.0661, lr_0 = 5.1049e-04
Loss = 5.8660e-02, PNorm = 63.5290, GNorm = 0.1632, lr_0 = 5.0557e-04
Loss = 2.6880e-02, PNorm = 63.6115, GNorm = 0.0404, lr_0 = 5.0070e-04
Loss = 1.9232e-02, PNorm = 63.6496, GNorm = 0.1543, lr_0 = 4.9588e-04
Loss = 6.5607e-02, PNorm = 63.6702, GNorm = 0.1481, lr_0 = 4.9111e-04
Loss = 6.6484e-02, PNorm = 63.7172, GNorm = 0.1425, lr_0 = 4.8638e-04
Loss = 5.3341e-02, PNorm = 63.7990, GNorm = 0.1565, lr_0 = 4.8170e-04
Loss = 5.3279e-02, PNorm = 63.8805, GNorm = 0.4012, lr_0 = 4.7706e-04
Loss = 3.7122e-02, PNorm = 63.9305, GNorm = 0.1504, lr_0 = 4.7247e-04
Validation auc = 0.899313
Epoch 11
Loss = 6.5264e-02, PNorm = 64.0273, GNorm = 0.1728, lr_0 = 4.6792e-04
Loss = 3.6510e-02, PNorm = 64.1178, GNorm = 0.2116, lr_0 = 4.6341e-04
Loss = 2.4156e-02, PNorm = 64.1676, GNorm = 0.0852, lr_0 = 4.5895e-04
Loss = 3.9851e-02, PNorm = 64.2035, GNorm = 0.1038, lr_0 = 4.5453e-04
Loss = 6.4393e-02, PNorm = 64.2399, GNorm = 0.3915, lr_0 = 4.5015e-04
Loss = 4.6481e-02, PNorm = 64.3011, GNorm = 0.0826, lr_0 = 4.4582e-04
Loss = 4.3629e-02, PNorm = 64.3396, GNorm = 0.1095, lr_0 = 4.4153e-04
Loss = 4.3061e-02, PNorm = 64.4192, GNorm = 0.2489, lr_0 = 4.3728e-04
Validation auc = 0.861261
Epoch 12
Loss = 4.4240e-02, PNorm = 64.4790, GNorm = 0.1153, lr_0 = 4.3265e-04
Loss = 3.0147e-02, PNorm = 64.5360, GNorm = 0.1253, lr_0 = 4.2848e-04
Loss = 3.5412e-02, PNorm = 64.5912, GNorm = 0.2340, lr_0 = 4.2436e-04
Loss = 6.2520e-02, PNorm = 64.6243, GNorm = 0.7508, lr_0 = 4.2027e-04
Loss = 3.9412e-02, PNorm = 64.6518, GNorm = 0.5587, lr_0 = 4.1622e-04
Loss = 2.2794e-02, PNorm = 64.7299, GNorm = 0.2433, lr_0 = 4.1222e-04
Loss = 7.8091e-02, PNorm = 64.7488, GNorm = 0.2385, lr_0 = 4.0825e-04
Loss = 5.2965e-02, PNorm = 64.8187, GNorm = 0.2124, lr_0 = 4.0432e-04
Loss = 3.6107e-02, PNorm = 64.9100, GNorm = 0.1843, lr_0 = 4.0042e-04
Validation auc = 0.909647
Epoch 13
Loss = 1.9306e-02, PNorm = 64.9535, GNorm = 0.2720, lr_0 = 3.9657e-04
Loss = 4.3553e-02, PNorm = 64.9898, GNorm = 0.1540, lr_0 = 3.9275e-04
Loss = 1.1701e-02, PNorm = 65.0398, GNorm = 0.0738, lr_0 = 3.8897e-04
Loss = 4.0250e-02, PNorm = 65.0737, GNorm = 0.1874, lr_0 = 3.8522e-04
Loss = 4.5675e-02, PNorm = 65.1296, GNorm = 0.1862, lr_0 = 3.8152e-04
Loss = 4.2923e-02, PNorm = 65.1766, GNorm = 0.3210, lr_0 = 3.7784e-04
Loss = 4.5832e-02, PNorm = 65.2071, GNorm = 0.2322, lr_0 = 3.7420e-04
Loss = 3.0060e-02, PNorm = 65.2553, GNorm = 0.0828, lr_0 = 3.7060e-04
Validation auc = 0.917353
Epoch 14
Loss = 1.6087e-02, PNorm = 65.2826, GNorm = 0.2152, lr_0 = 3.6668e-04
Loss = 2.8234e-02, PNorm = 65.3309, GNorm = 0.1033, lr_0 = 3.6315e-04
Loss = 3.5859e-02, PNorm = 65.3800, GNorm = 0.2290, lr_0 = 3.5965e-04
Loss = 3.1414e-02, PNorm = 65.4232, GNorm = 0.0681, lr_0 = 3.5619e-04
Loss = 3.4891e-02, PNorm = 65.4744, GNorm = 0.0586, lr_0 = 3.5276e-04
Loss = 4.8586e-02, PNorm = 65.5211, GNorm = 0.4839, lr_0 = 3.4936e-04
Loss = 6.1700e-02, PNorm = 65.5369, GNorm = 0.1818, lr_0 = 3.4600e-04
Loss = 2.8277e-02, PNorm = 65.5835, GNorm = 0.0731, lr_0 = 3.4267e-04
Loss = 4.5590e-02, PNorm = 65.6187, GNorm = 0.0649, lr_0 = 3.3937e-04
Validation auc = 0.904654
Epoch 15
Loss = 3.9210e-02, PNorm = 65.6454, GNorm = 0.2654, lr_0 = 3.3610e-04
Loss = 3.8528e-02, PNorm = 65.6851, GNorm = 0.1255, lr_0 = 3.3287e-04
Loss = 2.4096e-02, PNorm = 65.7332, GNorm = 0.1259, lr_0 = 3.2966e-04
Loss = 2.6746e-02, PNorm = 65.7754, GNorm = 0.0262, lr_0 = 3.2649e-04
Loss = 5.1650e-02, PNorm = 65.7826, GNorm = 0.1411, lr_0 = 3.2334e-04
Loss = 2.9443e-02, PNorm = 65.8357, GNorm = 0.0949, lr_0 = 3.2023e-04
Loss = 3.4196e-02, PNorm = 65.8882, GNorm = 0.2204, lr_0 = 3.1715e-04
Loss = 1.5952e-02, PNorm = 65.9205, GNorm = 0.2320, lr_0 = 3.1409e-04
Loss = 4.9580e-02, PNorm = 65.9322, GNorm = 0.1303, lr_0 = 3.1107e-04
Validation auc = 0.882722
Epoch 16
Loss = 3.3871e-02, PNorm = 65.9845, GNorm = 0.3591, lr_0 = 3.0807e-04
Loss = 4.8909e-02, PNorm = 66.0188, GNorm = 0.2239, lr_0 = 3.0511e-04
Loss = 3.4833e-02, PNorm = 66.0577, GNorm = 0.1457, lr_0 = 3.0217e-04
Loss = 1.8233e-02, PNorm = 66.0963, GNorm = 0.0608, lr_0 = 2.9926e-04
Loss = 3.4774e-02, PNorm = 66.1169, GNorm = 0.2482, lr_0 = 2.9638e-04
Loss = 2.4725e-02, PNorm = 66.1441, GNorm = 0.2025, lr_0 = 2.9353e-04
Loss = 2.3297e-02, PNorm = 66.1778, GNorm = 0.3321, lr_0 = 2.9070e-04
Loss = 3.1402e-02, PNorm = 66.2075, GNorm = 0.0587, lr_0 = 2.8790e-04
Validation auc = 0.905793
Epoch 17
Loss = 3.0791e-02, PNorm = 66.2279, GNorm = 0.0398, lr_0 = 2.8485e-04
Loss = 3.4633e-02, PNorm = 66.2562, GNorm = 0.1712, lr_0 = 2.8211e-04
Loss = 1.8573e-02, PNorm = 66.3020, GNorm = 0.3620, lr_0 = 2.7939e-04
Loss = 3.3323e-02, PNorm = 66.3245, GNorm = 0.2484, lr_0 = 2.7670e-04
Loss = 3.7008e-02, PNorm = 66.3681, GNorm = 0.0701, lr_0 = 2.7404e-04
Loss = 3.2971e-02, PNorm = 66.3939, GNorm = 0.1146, lr_0 = 2.7140e-04
Loss = 2.4094e-02, PNorm = 66.4225, GNorm = 0.1857, lr_0 = 2.6879e-04
Loss = 2.6595e-02, PNorm = 66.4499, GNorm = 0.0811, lr_0 = 2.6620e-04
Loss = 1.6283e-02, PNorm = 66.4812, GNorm = 0.0328, lr_0 = 2.6364e-04
Validation auc = 0.892225
Epoch 18
Loss = 2.3340e-02, PNorm = 66.5009, GNorm = 0.0907, lr_0 = 2.6110e-04
Loss = 2.5127e-02, PNorm = 66.5306, GNorm = 0.0874, lr_0 = 2.5859e-04
Loss = 2.2063e-02, PNorm = 66.5611, GNorm = 0.1838, lr_0 = 2.5610e-04
Loss = 1.3428e-02, PNorm = 66.6019, GNorm = 0.0248, lr_0 = 2.5363e-04
Loss = 3.5742e-02, PNorm = 66.6151, GNorm = 0.1663, lr_0 = 2.5119e-04
Loss = 2.4504e-02, PNorm = 66.6573, GNorm = 0.0299, lr_0 = 2.4877e-04
Loss = 4.1207e-02, PNorm = 66.6791, GNorm = 0.1769, lr_0 = 2.4638e-04
Loss = 3.3887e-02, PNorm = 66.7148, GNorm = 0.5215, lr_0 = 2.4400e-04
Validation auc = 0.886340
Epoch 19
Loss = 1.0292e-02, PNorm = 66.7458, GNorm = 0.0319, lr_0 = 2.4165e-04
Loss = 1.9409e-02, PNorm = 66.7685, GNorm = 0.3193, lr_0 = 2.3933e-04
Loss = 2.8986e-02, PNorm = 66.7860, GNorm = 0.2040, lr_0 = 2.3702e-04
Loss = 2.9050e-02, PNorm = 66.8066, GNorm = 0.1546, lr_0 = 2.3474e-04
Loss = 2.3595e-02, PNorm = 66.8375, GNorm = 0.0554, lr_0 = 2.3248e-04
Loss = 4.1913e-02, PNorm = 66.8589, GNorm = 0.2895, lr_0 = 2.3024e-04
Loss = 2.0273e-02, PNorm = 66.8883, GNorm = 0.1833, lr_0 = 2.2803e-04
Loss = 1.7857e-02, PNorm = 66.9215, GNorm = 0.2260, lr_0 = 2.2583e-04
Loss = 1.0487e-02, PNorm = 66.9444, GNorm = 0.0544, lr_0 = 2.2366e-04
Validation auc = 0.886762
Epoch 20
Loss = 2.2992e-02, PNorm = 66.9498, GNorm = 0.2197, lr_0 = 2.2129e-04
Loss = 1.7212e-02, PNorm = 66.9740, GNorm = 0.1112, lr_0 = 2.1916e-04
Loss = 1.8319e-02, PNorm = 66.9923, GNorm = 0.2952, lr_0 = 2.1705e-04
Loss = 1.8142e-02, PNorm = 67.0077, GNorm = 0.1705, lr_0 = 2.1496e-04
Loss = 1.5277e-02, PNorm = 67.0363, GNorm = 0.1972, lr_0 = 2.1289e-04
Loss = 2.2436e-02, PNorm = 67.0592, GNorm = 0.4211, lr_0 = 2.1084e-04
Loss = 1.6757e-02, PNorm = 67.0780, GNorm = 0.2281, lr_0 = 2.0881e-04
Loss = 2.9896e-02, PNorm = 67.1023, GNorm = 0.0774, lr_0 = 2.0680e-04
Validation auc = 0.840098
Epoch 21
Loss = 1.9638e-02, PNorm = 67.1150, GNorm = 0.3311, lr_0 = 2.0481e-04
Loss = 1.9363e-02, PNorm = 67.1322, GNorm = 0.0818, lr_0 = 2.0283e-04
Loss = 2.1679e-02, PNorm = 67.1593, GNorm = 0.6395, lr_0 = 2.0088e-04
Loss = 1.5261e-02, PNorm = 67.1826, GNorm = 0.2297, lr_0 = 1.9895e-04
Loss = 2.3642e-02, PNorm = 67.1973, GNorm = 0.2758, lr_0 = 1.9703e-04
Loss = 1.6154e-02, PNorm = 67.2438, GNorm = 0.1629, lr_0 = 1.9514e-04
Loss = 1.5025e-02, PNorm = 67.2724, GNorm = 0.0106, lr_0 = 1.9326e-04
Loss = 3.1052e-02, PNorm = 67.2699, GNorm = 0.1055, lr_0 = 1.9140e-04
Loss = 2.6123e-02, PNorm = 67.2894, GNorm = 0.4136, lr_0 = 1.8955e-04
Validation auc = 0.860568
Epoch 22
Loss = 1.5361e-02, PNorm = 67.3207, GNorm = 0.0193, lr_0 = 1.8773e-04
Loss = 2.4678e-02, PNorm = 67.3301, GNorm = 0.0688, lr_0 = 1.8592e-04
Loss = 2.0514e-02, PNorm = 67.3477, GNorm = 0.3877, lr_0 = 1.8413e-04
Loss = 2.0016e-02, PNorm = 67.3758, GNorm = 0.0625, lr_0 = 1.8236e-04
Loss = 1.9189e-02, PNorm = 67.3959, GNorm = 0.3966, lr_0 = 1.8060e-04
Loss = 1.4559e-02, PNorm = 67.4108, GNorm = 0.2489, lr_0 = 1.7886e-04
Loss = 1.7544e-02, PNorm = 67.4253, GNorm = 0.3902, lr_0 = 1.7714e-04
Loss = 1.4521e-02, PNorm = 67.4334, GNorm = 0.0540, lr_0 = 1.7544e-04
Validation auc = 0.862588
Epoch 23
Loss = 1.9246e-02, PNorm = 67.4499, GNorm = 0.2712, lr_0 = 1.7358e-04
Loss = 1.6118e-02, PNorm = 67.4718, GNorm = 0.0104, lr_0 = 1.7191e-04
Loss = 1.2865e-02, PNorm = 67.4855, GNorm = 0.1869, lr_0 = 1.7025e-04
Loss = 1.8253e-02, PNorm = 67.4978, GNorm = 0.3909, lr_0 = 1.6861e-04
Loss = 1.5932e-02, PNorm = 67.5176, GNorm = 0.4336, lr_0 = 1.6699e-04
Loss = 6.4835e-03, PNorm = 67.5346, GNorm = 0.0537, lr_0 = 1.6538e-04
Loss = 1.1063e-02, PNorm = 67.5522, GNorm = 0.2466, lr_0 = 1.6379e-04
Loss = 1.8896e-02, PNorm = 67.5644, GNorm = 0.1710, lr_0 = 1.6221e-04
Loss = 2.0133e-02, PNorm = 67.5736, GNorm = 0.1627, lr_0 = 1.6065e-04
Validation auc = 0.845216
Epoch 24
Loss = 1.1040e-02, PNorm = 67.5895, GNorm = 0.3407, lr_0 = 1.5910e-04
Loss = 2.7170e-02, PNorm = 67.5987, GNorm = 0.2914, lr_0 = 1.5757e-04
Loss = 2.2688e-02, PNorm = 67.6111, GNorm = 0.4895, lr_0 = 1.5605e-04
Loss = 1.5113e-02, PNorm = 67.6452, GNorm = 0.0295, lr_0 = 1.5455e-04
Loss = 1.3856e-02, PNorm = 67.6633, GNorm = 0.4727, lr_0 = 1.5306e-04
Loss = 1.4597e-02, PNorm = 67.6713, GNorm = 0.2175, lr_0 = 1.5159e-04
Loss = 8.4886e-03, PNorm = 67.6899, GNorm = 0.0257, lr_0 = 1.5013e-04
Loss = 2.4766e-02, PNorm = 67.6975, GNorm = 0.0572, lr_0 = 1.4869e-04
Loss = 1.6855e-02, PNorm = 67.7153, GNorm = 0.0890, lr_0 = 1.4725e-04
Validation auc = 0.811586
Epoch 25
Loss = 1.2830e-02, PNorm = 67.7334, GNorm = 0.0671, lr_0 = 1.4584e-04
Loss = 2.2335e-02, PNorm = 67.7335, GNorm = 0.0350, lr_0 = 1.4443e-04
Loss = 1.2247e-02, PNorm = 67.7466, GNorm = 0.0445, lr_0 = 1.4304e-04
Loss = 1.6234e-02, PNorm = 67.7702, GNorm = 0.4277, lr_0 = 1.4166e-04
Loss = 1.2327e-02, PNorm = 67.7873, GNorm = 0.0317, lr_0 = 1.4030e-04
Loss = 7.0998e-03, PNorm = 67.7999, GNorm = 0.1689, lr_0 = 1.3895e-04
Loss = 1.2190e-02, PNorm = 67.8064, GNorm = 0.0442, lr_0 = 1.3761e-04
Loss = 1.1308e-02, PNorm = 67.8211, GNorm = 0.0479, lr_0 = 1.3629e-04
Validation auc = 0.841424
Epoch 26
Loss = 1.9817e-02, PNorm = 67.8240, GNorm = 0.1198, lr_0 = 1.3484e-04
Loss = 2.1333e-02, PNorm = 67.8447, GNorm = 0.2234, lr_0 = 1.3355e-04
Loss = 1.0149e-02, PNorm = 67.8593, GNorm = 0.2350, lr_0 = 1.3226e-04
Loss = 6.7819e-03, PNorm = 67.8670, GNorm = 0.0156, lr_0 = 1.3099e-04
Loss = 1.2681e-02, PNorm = 67.8792, GNorm = 0.0282, lr_0 = 1.2973e-04
Loss = 1.7035e-02, PNorm = 67.8887, GNorm = 0.0177, lr_0 = 1.2848e-04
Loss = 7.8575e-03, PNorm = 67.9038, GNorm = 0.0685, lr_0 = 1.2724e-04
Loss = 9.0549e-03, PNorm = 67.9138, GNorm = 0.5254, lr_0 = 1.2601e-04
Loss = 3.0929e-02, PNorm = 67.9159, GNorm = 0.2585, lr_0 = 1.2480e-04
Validation auc = 0.817621
Epoch 27
Loss = 8.2129e-03, PNorm = 67.9320, GNorm = 0.0603, lr_0 = 1.2360e-04
Loss = 2.0192e-02, PNorm = 67.9495, GNorm = 0.5305, lr_0 = 1.2241e-04
Loss = 6.6477e-03, PNorm = 67.9586, GNorm = 0.0828, lr_0 = 1.2123e-04
Loss = 1.1559e-02, PNorm = 67.9694, GNorm = 0.2976, lr_0 = 1.2006e-04
Loss = 5.5468e-03, PNorm = 67.9809, GNorm = 0.0530, lr_0 = 1.1891e-04
Loss = 2.0473e-02, PNorm = 67.9873, GNorm = 0.3342, lr_0 = 1.1776e-04
Loss = 8.5790e-03, PNorm = 67.9968, GNorm = 0.1153, lr_0 = 1.1663e-04
Loss = 1.8206e-02, PNorm = 68.0025, GNorm = 0.1650, lr_0 = 1.1551e-04
Validation auc = 0.798825
Epoch 28
Loss = 1.9890e-02, PNorm = 68.0147, GNorm = 0.0715, lr_0 = 1.1428e-04
Loss = 1.6265e-02, PNorm = 68.0253, GNorm = 0.2225, lr_0 = 1.1318e-04
Loss = 1.2857e-02, PNorm = 68.0300, GNorm = 0.1402, lr_0 = 1.1209e-04
Loss = 1.1161e-02, PNorm = 68.0423, GNorm = 0.1297, lr_0 = 1.1101e-04
Loss = 4.1849e-03, PNorm = 68.0541, GNorm = 0.0291, lr_0 = 1.0995e-04
Loss = 9.6645e-03, PNorm = 68.0583, GNorm = 0.4313, lr_0 = 1.0889e-04
Loss = 7.2793e-03, PNorm = 68.0651, GNorm = 0.2517, lr_0 = 1.0784e-04
Loss = 8.5757e-03, PNorm = 68.0716, GNorm = 0.0243, lr_0 = 1.0680e-04
Loss = 8.5438e-03, PNorm = 68.0805, GNorm = 0.3979, lr_0 = 1.0577e-04
Validation auc = 0.795429
Epoch 29
Loss = 9.3671e-03, PNorm = 68.0921, GNorm = 0.0972, lr_0 = 1.0475e-04
Loss = 2.7652e-03, PNorm = 68.1044, GNorm = 0.0142, lr_0 = 1.0374e-04
Loss = 1.2353e-02, PNorm = 68.1096, GNorm = 0.1187, lr_0 = 1.0275e-04
Loss = 2.2101e-02, PNorm = 68.1173, GNorm = 0.4549, lr_0 = 1.0176e-04
Loss = 9.8229e-03, PNorm = 68.1334, GNorm = 0.4761, lr_0 = 1.0078e-04
Loss = 5.7944e-03, PNorm = 68.1420, GNorm = 0.2517, lr_0 = 1.0000e-04
Loss = 1.5671e-02, PNorm = 68.1503, GNorm = 0.4048, lr_0 = 1.0000e-04
Loss = 4.7371e-03, PNorm = 68.1563, GNorm = 0.0873, lr_0 = 1.0000e-04
Validation auc = 0.772233
Model 0 best validation auc = 0.917353 on epoch 13
Loading pretrained parameter "encoder.encoder.0.cached_zero_vector".
Loading pretrained parameter "encoder.encoder.0.W_i.weight".
Loading pretrained parameter "encoder.encoder.0.W_h.weight".
Loading pretrained parameter "encoder.encoder.0.W_o.weight".
Loading pretrained parameter "encoder.encoder.0.W_o.bias".
Loading pretrained parameter "ffn.1.weight".
Loading pretrained parameter "ffn.1.bias".
Moving model to cuda
Model 0 test auc = 0.776053
Ensemble test auc = 0.776053
3-fold cross validation
	Seed 0 ==> test auc = 0.760215
	Seed 1 ==> test auc = 0.860141
	Seed 2 ==> test auc = 0.776053
Overall test auc = 0.798803 +/- 0.043852
Elapsed time = 0:33:48
