Command line
python train.py --ffn_num_layers 2 --hidden_size 1000 --dropout 0.2 --save_dir ../../../ian_stat_phase_ML/models/ffn_hyperopt_for_pub/13 --data_path ../../../ian_stat_phase_ML/data/round3finalval08162021_FULL_for_sklearn.csv --num_folds 3 --dataset_type classification --features_generator morgan --no_features_scaling --split_type scaffold_balanced --split_sizes 0.8 0.1 0.1 --smiles_columns SMILES --target_columns hit_inh hit_kill --depth 0 --features_only
Args
{'activation': 'ReLU',
 'aggregation': 'mean',
 'aggregation_norm': 100,
 'atom_descriptors': None,
 'atom_descriptors_path': None,
 'atom_descriptors_size': 0,
 'atom_features_size': 0,
 'atom_messages': False,
 'batch_size': 50,
 'bias': False,
 'cache_cutoff': 10000,
 'checkpoint_dir': None,
 'checkpoint_path': None,
 'checkpoint_paths': None,
 'class_balance': False,
 'config_path': None,
 'crossval_index_dir': None,
 'crossval_index_file': None,
 'crossval_index_sets': None,
 'cuda': False,
 'data_path': '../../../ian_stat_phase_ML/data/round3finalval08162021_FULL_for_sklearn.csv',
 'dataset_type': 'classification',
 'depth': 0,
 'device': device(type='cpu'),
 'dropout': 0.2,
 'ensemble_size': 1,
 'epochs': 30,
 'extra_metrics': [],
 'features_generator': ['morgan'],
 'features_only': True,
 'features_path': None,
 'features_scaling': False,
 'features_size': None,
 'ffn_hidden_size': 1000,
 'ffn_num_layers': 2,
 'final_lr': 0.0001,
 'folds_file': None,
 'gpu': None,
 'grad_clip': None,
 'hidden_size': 1000,
 'ignore_columns': None,
 'init_lr': 0.0001,
 'log_frequency': 10,
 'max_data_size': None,
 'max_lr': 0.001,
 'metric': 'auc',
 'metrics': ['auc'],
 'minimize_score': False,
 'mpn_shared': False,
 'multiclass_num_classes': 3,
 'no_cache_mol': False,
 'no_cuda': False,
 'no_features_scaling': True,
 'num_folds': 3,
 'num_lrs': 1,
 'num_tasks': 2,
 'num_workers': 8,
 'number_of_molecules': 1,
 'pytorch_seed': 0,
 'quiet': False,
 'save_dir': '../../../ian_stat_phase_ML/models/ffn_hyperopt_for_pub/13',
 'save_preds': False,
 'save_smiles_splits': False,
 'seed': 0,
 'separate_test_features_path': None,
 'separate_test_path': None,
 'separate_val_features_path': None,
 'separate_val_path': None,
 'show_individual_scores': False,
 'smiles_columns': ['SMILES'],
 'split_sizes': (0.8, 0.1, 0.1),
 'split_type': 'scaffold_balanced',
 'target_columns': ['hit_inh', 'hit_kill'],
 'task_names': ['hit_inh', 'hit_kill'],
 'test': False,
 'test_fold_index': None,
 'train_data_size': None,
 'undirected': False,
 'use_input_features': True,
 'val_fold_index': None,
 'warmup_epochs': 2.0}
Loading data
Warning: 7 SMILES are invalid.
Number of tasks = 2
Fold 0
Splitting data with seed 0
Total scaffolds = 4,180 | train scaffolds = 3,209 | val scaffolds = 497 | test scaffolds = 474
Label averages per scaffold, in decreasing order of scaffold frequency,capped at 10 scaffolds and 20 labels:
Scaffold 0
Task 0: count = 468 | target average = 0.019231
Task 1: count = 468 | target average = 0.014957


Scaffold 1
Task 0: count = 383 | target average = 0.007833
Task 1: count = 383 | target average = 0.013055


Scaffold 2
Task 0: count = 44 | target average = 0.000000
Task 1: count = 44 | target average = 0.000000


Scaffold 3
Task 0: count = 35 | target average = 0.000000
Task 1: count = 35 | target average = 0.000000


Scaffold 4
Task 0: count = 34 | target average = 0.000000
Task 1: count = 34 | target average = 0.000000


Scaffold 5
Task 0: count = 30 | target average = 0.000000
Task 1: count = 30 | target average = 0.000000


Scaffold 6
Task 0: count = 28 | target average = 0.000000
Task 1: count = 28 | target average = 0.000000


Scaffold 7
Task 0: count = 27 | target average = 0.074074
Task 1: count = 27 | target average = 0.074074


Scaffold 8
Task 0: count = 25 | target average = 0.040000
Task 1: count = 25 | target average = 0.000000


Scaffold 9
Task 0: count = 23 | target average = 0.000000
Task 1: count = 23 | target average = 0.000000


Class sizes
hit_inh 0: 97.79%, 1: 2.21%
hit_kill 0: 98.75%, 1: 1.25%
Total size = 6,708 | train size = 5,366 | val size = 670 | test size = 672
Building model 0
MoleculeModel(
  (sigmoid): Sigmoid()
  (encoder): MPN()
  (ffn): Sequential(
    (0): Dropout(p=0.2, inplace=False)
    (1): Linear(in_features=2048, out_features=1000, bias=True)
    (2): ReLU()
    (3): Dropout(p=0.2, inplace=False)
    (4): Linear(in_features=1000, out_features=2, bias=True)
  )
)
Number of parameters = 2,051,002
Epoch 0
Loss = 6.3299e-01, PNorm = 36.7273, GNorm = 1.0559, lr_0 = 1.4626e-04
Loss = 4.1467e-01, PNorm = 36.7470, GNorm = 0.7155, lr_0 = 1.8832e-04
Loss = 2.5467e-01, PNorm = 36.7857, GNorm = 0.4290, lr_0 = 2.3037e-04
Loss = 1.6064e-01, PNorm = 36.8351, GNorm = 0.2833, lr_0 = 2.7243e-04
Loss = 1.5150e-01, PNorm = 36.8852, GNorm = 0.2266, lr_0 = 3.1449e-04
Loss = 9.1825e-02, PNorm = 36.9291, GNorm = 0.2536, lr_0 = 3.5654e-04
Loss = 9.0007e-02, PNorm = 36.9705, GNorm = 0.1229, lr_0 = 3.9860e-04
Loss = 1.3065e-01, PNorm = 37.0034, GNorm = 0.2034, lr_0 = 4.4065e-04
Loss = 6.4739e-02, PNorm = 37.0432, GNorm = 0.0834, lr_0 = 4.8271e-04
Loss = 8.0715e-02, PNorm = 37.0876, GNorm = 0.1017, lr_0 = 5.2477e-04
Validation auc = 0.817892
Epoch 1
Loss = 6.2941e-02, PNorm = 37.1497, GNorm = 0.1582, lr_0 = 5.7103e-04
Loss = 7.8438e-02, PNorm = 37.2225, GNorm = 0.0902, lr_0 = 6.1308e-04
Loss = 6.5093e-02, PNorm = 37.3091, GNorm = 0.1455, lr_0 = 6.5514e-04
Loss = 7.0942e-02, PNorm = 37.3977, GNorm = 0.1814, lr_0 = 6.9720e-04
Loss = 4.0214e-02, PNorm = 37.4918, GNorm = 0.0921, lr_0 = 7.3925e-04
Loss = 8.2691e-02, PNorm = 37.5900, GNorm = 0.0581, lr_0 = 7.8131e-04
Loss = 9.8555e-02, PNorm = 37.7108, GNorm = 0.3477, lr_0 = 8.2336e-04
Loss = 3.8466e-02, PNorm = 37.8676, GNorm = 0.0723, lr_0 = 8.6542e-04
Loss = 8.6712e-02, PNorm = 38.0224, GNorm = 0.0695, lr_0 = 9.0748e-04
Loss = 8.6476e-02, PNorm = 38.1862, GNorm = 0.1423, lr_0 = 9.4953e-04
Loss = 5.0241e-02, PNorm = 38.4067, GNorm = 0.0839, lr_0 = 9.9159e-04
Validation auc = 0.887310
Epoch 2
Loss = 5.6003e-02, PNorm = 38.6556, GNorm = 0.1111, lr_0 = 9.9311e-04
Loss = 3.7971e-02, PNorm = 38.8869, GNorm = 0.0697, lr_0 = 9.8550e-04
Loss = 3.6994e-02, PNorm = 39.0868, GNorm = 0.0543, lr_0 = 9.7796e-04
Loss = 3.2001e-02, PNorm = 39.2687, GNorm = 0.0324, lr_0 = 9.7047e-04
Loss = 6.6381e-02, PNorm = 39.4426, GNorm = 0.2020, lr_0 = 9.6304e-04
Loss = 5.2680e-02, PNorm = 39.6355, GNorm = 0.1056, lr_0 = 9.5567e-04
Loss = 2.9883e-02, PNorm = 39.8446, GNorm = 0.1925, lr_0 = 9.4835e-04
Loss = 3.3088e-02, PNorm = 40.0453, GNorm = 0.0852, lr_0 = 9.4109e-04
Loss = 5.1662e-02, PNorm = 40.2490, GNorm = 0.1211, lr_0 = 9.3389e-04
Loss = 3.7288e-02, PNorm = 40.4854, GNorm = 0.1465, lr_0 = 9.2674e-04
Loss = 4.4507e-02, PNorm = 40.6975, GNorm = 0.1278, lr_0 = 9.1964e-04
Validation auc = 0.884942
Epoch 3
Loss = 2.0334e-02, PNorm = 40.9342, GNorm = 0.0390, lr_0 = 9.1190e-04
Loss = 3.0837e-02, PNorm = 41.1550, GNorm = 0.0907, lr_0 = 9.0492e-04
Loss = 3.0981e-02, PNorm = 41.3676, GNorm = 0.0559, lr_0 = 8.9799e-04
Loss = 2.2455e-02, PNorm = 41.5729, GNorm = 0.0546, lr_0 = 8.9111e-04
Loss = 2.2857e-02, PNorm = 41.7531, GNorm = 0.0841, lr_0 = 8.8429e-04
Loss = 3.5984e-02, PNorm = 41.9367, GNorm = 0.2703, lr_0 = 8.7752e-04
Loss = 1.7660e-02, PNorm = 42.1356, GNorm = 0.1403, lr_0 = 8.7080e-04
Loss = 2.5090e-02, PNorm = 42.3241, GNorm = 0.0302, lr_0 = 8.6414e-04
Loss = 4.2394e-02, PNorm = 42.4767, GNorm = 0.0386, lr_0 = 8.5752e-04
Loss = 2.6126e-02, PNorm = 42.6312, GNorm = 0.0991, lr_0 = 8.5095e-04
Validation auc = 0.872825
Epoch 4
Loss = 2.4184e-02, PNorm = 42.7904, GNorm = 0.0769, lr_0 = 8.4444e-04
Loss = 1.6116e-02, PNorm = 42.9574, GNorm = 0.0562, lr_0 = 8.3797e-04
Loss = 1.8091e-02, PNorm = 43.1202, GNorm = 0.0822, lr_0 = 8.3156e-04
Loss = 2.7536e-02, PNorm = 43.2865, GNorm = 0.0309, lr_0 = 8.2519e-04
Loss = 1.3783e-02, PNorm = 43.4559, GNorm = 0.0385, lr_0 = 8.1888e-04
Loss = 1.4050e-02, PNorm = 43.6015, GNorm = 0.0591, lr_0 = 8.1261e-04
Loss = 1.3290e-02, PNorm = 43.7576, GNorm = 0.0314, lr_0 = 8.0638e-04
Loss = 1.2788e-02, PNorm = 43.8995, GNorm = 0.1058, lr_0 = 8.0021e-04
Loss = 2.3080e-02, PNorm = 44.0337, GNorm = 0.1946, lr_0 = 7.9408e-04
Loss = 1.6398e-02, PNorm = 44.1556, GNorm = 0.1087, lr_0 = 7.8800e-04
Loss = 1.8007e-02, PNorm = 44.2795, GNorm = 0.1347, lr_0 = 7.8197e-04
Validation auc = 0.876202
Epoch 5
Loss = 7.5852e-03, PNorm = 44.4163, GNorm = 0.0218, lr_0 = 7.7539e-04
Loss = 1.5651e-02, PNorm = 44.5300, GNorm = 0.0187, lr_0 = 7.6945e-04
Loss = 1.4540e-02, PNorm = 44.6483, GNorm = 0.0195, lr_0 = 7.6356e-04
Loss = 1.0916e-02, PNorm = 44.7623, GNorm = 0.1330, lr_0 = 7.5772e-04
Loss = 1.5770e-02, PNorm = 44.8765, GNorm = 0.0139, lr_0 = 7.5191e-04
Loss = 1.9519e-02, PNorm = 44.9951, GNorm = 0.0822, lr_0 = 7.4616e-04
Loss = 7.9974e-03, PNorm = 45.1032, GNorm = 0.0787, lr_0 = 7.4044e-04
Loss = 1.7979e-02, PNorm = 45.2152, GNorm = 0.0686, lr_0 = 7.3478e-04
Loss = 9.6421e-03, PNorm = 45.3236, GNorm = 0.0400, lr_0 = 7.2915e-04
Loss = 1.2563e-02, PNorm = 45.4383, GNorm = 0.0304, lr_0 = 7.2357e-04
Loss = 7.9363e-03, PNorm = 45.5631, GNorm = 0.0250, lr_0 = 7.1803e-04
Validation auc = 0.873596
Epoch 6
Loss = 1.5397e-02, PNorm = 45.6927, GNorm = 0.0216, lr_0 = 7.1198e-04
Loss = 9.5801e-03, PNorm = 45.7891, GNorm = 0.0161, lr_0 = 7.0653e-04
Loss = 4.7523e-03, PNorm = 45.8633, GNorm = 0.0292, lr_0 = 7.0112e-04
Loss = 9.1065e-03, PNorm = 45.9269, GNorm = 0.0183, lr_0 = 6.9576e-04
Loss = 1.0132e-02, PNorm = 45.9952, GNorm = 0.0103, lr_0 = 6.9043e-04
Loss = 8.7033e-03, PNorm = 46.0659, GNorm = 0.0104, lr_0 = 6.8514e-04
Loss = 1.5387e-02, PNorm = 46.1442, GNorm = 0.0502, lr_0 = 6.7990e-04
Loss = 5.7709e-03, PNorm = 46.2313, GNorm = 0.0593, lr_0 = 6.7469e-04
Loss = 9.4614e-03, PNorm = 46.3201, GNorm = 0.0344, lr_0 = 6.6953e-04
Loss = 1.3199e-02, PNorm = 46.4123, GNorm = 0.0748, lr_0 = 6.6440e-04
Loss = 1.1757e-02, PNorm = 46.5076, GNorm = 0.0147, lr_0 = 6.5931e-04
Validation auc = 0.874896
Epoch 7
Loss = 6.2420e-03, PNorm = 46.6012, GNorm = 0.0229, lr_0 = 6.5427e-04
Loss = 8.0856e-03, PNorm = 46.6816, GNorm = 0.0096, lr_0 = 6.4926e-04
Loss = 1.1255e-02, PNorm = 46.7475, GNorm = 0.1142, lr_0 = 6.4429e-04
Loss = 6.8192e-03, PNorm = 46.8130, GNorm = 0.1529, lr_0 = 6.3935e-04
Loss = 1.0010e-02, PNorm = 46.8831, GNorm = 0.0852, lr_0 = 6.3446e-04
Loss = 3.0562e-03, PNorm = 46.9497, GNorm = 0.0061, lr_0 = 6.2960e-04
Loss = 4.8966e-03, PNorm = 47.0059, GNorm = 0.0051, lr_0 = 6.2478e-04
Loss = 9.8183e-03, PNorm = 47.0741, GNorm = 0.0312, lr_0 = 6.2000e-04
Loss = 8.8555e-03, PNorm = 47.1497, GNorm = 0.1297, lr_0 = 6.1525e-04
Loss = 1.1068e-02, PNorm = 47.2248, GNorm = 0.1846, lr_0 = 6.1054e-04
Validation auc = 0.877174
Epoch 8
Loss = 1.3982e-03, PNorm = 47.3047, GNorm = 0.0071, lr_0 = 6.0540e-04
Loss = 4.2481e-03, PNorm = 47.3650, GNorm = 0.0491, lr_0 = 6.0077e-04
Loss = 8.7564e-03, PNorm = 47.4282, GNorm = 0.0190, lr_0 = 5.9617e-04
Loss = 6.0350e-03, PNorm = 47.4993, GNorm = 0.0660, lr_0 = 5.9160e-04
Loss = 5.5886e-03, PNorm = 47.5584, GNorm = 0.0127, lr_0 = 5.8707e-04
Loss = 6.4018e-03, PNorm = 47.6152, GNorm = 0.0086, lr_0 = 5.8258e-04
Loss = 5.6390e-03, PNorm = 47.6727, GNorm = 0.1010, lr_0 = 5.7812e-04
Loss = 5.0577e-03, PNorm = 47.7306, GNorm = 0.0117, lr_0 = 5.7369e-04
Loss = 5.9589e-03, PNorm = 47.7886, GNorm = 0.0498, lr_0 = 5.6930e-04
Loss = 7.4890e-03, PNorm = 47.8479, GNorm = 0.0052, lr_0 = 5.6494e-04
Loss = 5.4702e-03, PNorm = 47.9053, GNorm = 0.0113, lr_0 = 5.6062e-04
Validation auc = 0.872931
Epoch 9
Loss = 9.9413e-03, PNorm = 47.9643, GNorm = 0.0295, lr_0 = 5.5590e-04
Loss = 9.3829e-03, PNorm = 48.0231, GNorm = 0.1060, lr_0 = 5.5164e-04
Loss = 4.5646e-03, PNorm = 48.0927, GNorm = 0.0302, lr_0 = 5.4742e-04
Loss = 7.1109e-03, PNorm = 48.1599, GNorm = 0.0501, lr_0 = 5.4323e-04
Loss = 6.1412e-03, PNorm = 48.2257, GNorm = 0.0044, lr_0 = 5.3907e-04
Loss = 3.3474e-03, PNorm = 48.2858, GNorm = 0.0239, lr_0 = 5.3494e-04
Loss = 3.4749e-03, PNorm = 48.3430, GNorm = 0.0032, lr_0 = 5.3084e-04
Loss = 8.4257e-03, PNorm = 48.3936, GNorm = 0.0028, lr_0 = 5.2678e-04
Loss = 3.4107e-03, PNorm = 48.4379, GNorm = 0.0720, lr_0 = 5.2275e-04
Loss = 4.6376e-03, PNorm = 48.4831, GNorm = 0.0209, lr_0 = 5.1874e-04
Loss = 5.9937e-03, PNorm = 48.5274, GNorm = 0.1785, lr_0 = 5.1477e-04
Validation auc = 0.874938
Epoch 10
Loss = 3.1746e-03, PNorm = 48.5716, GNorm = 0.0141, lr_0 = 5.1083e-04
Loss = 7.6154e-03, PNorm = 48.6131, GNorm = 0.0088, lr_0 = 5.0692e-04
Loss = 6.4036e-03, PNorm = 48.6519, GNorm = 0.0088, lr_0 = 5.0304e-04
Loss = 5.3468e-03, PNorm = 48.6925, GNorm = 0.0736, lr_0 = 4.9919e-04
Loss = 6.5989e-03, PNorm = 48.7377, GNorm = 0.0063, lr_0 = 4.9537e-04
Loss = 4.5538e-03, PNorm = 48.7840, GNorm = 0.0017, lr_0 = 4.9157e-04
Loss = 2.8546e-03, PNorm = 48.8263, GNorm = 0.0052, lr_0 = 4.8781e-04
Loss = 6.7107e-03, PNorm = 48.8648, GNorm = 0.0297, lr_0 = 4.8408e-04
Loss = 1.8350e-03, PNorm = 48.9047, GNorm = 0.0079, lr_0 = 4.8037e-04
Loss = 3.4639e-03, PNorm = 48.9427, GNorm = 0.0422, lr_0 = 4.7669e-04
Loss = 4.6239e-03, PNorm = 48.9815, GNorm = 0.0017, lr_0 = 4.7304e-04
Loss = 7.8650e-02, PNorm = 48.9861, GNorm = 0.6695, lr_0 = 4.7268e-04
Validation auc = 0.873774
Epoch 11
Loss = 7.1540e-03, PNorm = 49.0417, GNorm = 0.0058, lr_0 = 4.6906e-04
Loss = 1.9718e-03, PNorm = 49.0897, GNorm = 0.0095, lr_0 = 4.6547e-04
Loss = 3.6076e-03, PNorm = 49.1288, GNorm = 0.0087, lr_0 = 4.6191e-04
Loss = 3.1632e-03, PNorm = 49.1734, GNorm = 0.0076, lr_0 = 4.5837e-04
Loss = 4.7969e-03, PNorm = 49.2121, GNorm = 0.0133, lr_0 = 4.5486e-04
Loss = 4.1075e-03, PNorm = 49.2498, GNorm = 0.0079, lr_0 = 4.5138e-04
Loss = 1.6576e-03, PNorm = 49.2832, GNorm = 0.0313, lr_0 = 4.4792e-04
Loss = 4.5454e-03, PNorm = 49.3119, GNorm = 0.1301, lr_0 = 4.4449e-04
Loss = 4.3761e-03, PNorm = 49.3525, GNorm = 0.0104, lr_0 = 4.4109e-04
Loss = 1.0542e-02, PNorm = 49.3838, GNorm = 0.0737, lr_0 = 4.3771e-04
Validation auc = 0.870321
Epoch 12
Loss = 5.7469e-03, PNorm = 49.4141, GNorm = 0.0087, lr_0 = 4.3403e-04
Loss = 2.6325e-03, PNorm = 49.4413, GNorm = 0.0092, lr_0 = 4.3070e-04
Loss = 1.5604e-03, PNorm = 49.4696, GNorm = 0.0335, lr_0 = 4.2741e-04
Loss = 4.5646e-03, PNorm = 49.5033, GNorm = 0.0218, lr_0 = 4.2413e-04
Loss = 3.1230e-03, PNorm = 49.5361, GNorm = 0.0088, lr_0 = 4.2089e-04
Loss = 6.7331e-03, PNorm = 49.5699, GNorm = 0.0249, lr_0 = 4.1766e-04
Loss = 2.0795e-03, PNorm = 49.6017, GNorm = 0.0067, lr_0 = 4.1447e-04
Loss = 2.5819e-03, PNorm = 49.6265, GNorm = 0.0175, lr_0 = 4.1129e-04
Loss = 3.4053e-03, PNorm = 49.6504, GNorm = 0.0285, lr_0 = 4.0814e-04
Loss = 7.6851e-03, PNorm = 49.6778, GNorm = 0.0135, lr_0 = 4.0502e-04
Loss = 3.0544e-03, PNorm = 49.7058, GNorm = 0.0265, lr_0 = 4.0192e-04
Validation auc = 0.872856
Epoch 13
Loss = 1.3964e-03, PNorm = 49.7333, GNorm = 0.0048, lr_0 = 3.9884e-04
Loss = 1.7365e-03, PNorm = 49.7596, GNorm = 0.0127, lr_0 = 3.9579e-04
Loss = 4.2230e-03, PNorm = 49.7828, GNorm = 0.0889, lr_0 = 3.9276e-04
Loss = 8.3515e-03, PNorm = 49.8110, GNorm = 0.1196, lr_0 = 3.8975e-04
Loss = 1.7314e-03, PNorm = 49.8371, GNorm = 0.0273, lr_0 = 3.8677e-04
Loss = 2.2482e-03, PNorm = 49.8655, GNorm = 0.0184, lr_0 = 3.8381e-04
Loss = 2.8943e-03, PNorm = 49.8948, GNorm = 0.0030, lr_0 = 3.8087e-04
Loss = 2.1841e-03, PNorm = 49.9168, GNorm = 0.0170, lr_0 = 3.7795e-04
Loss = 4.5480e-03, PNorm = 49.9385, GNorm = 0.0021, lr_0 = 3.7506e-04
Loss = 2.8419e-03, PNorm = 49.9576, GNorm = 0.0096, lr_0 = 3.7219e-04
Loss = 2.3647e-03, PNorm = 49.9763, GNorm = 0.0023, lr_0 = 3.6934e-04
Validation auc = 0.873258
Epoch 14
Loss = 2.9375e-03, PNorm = 50.0015, GNorm = 0.0017, lr_0 = 3.6623e-04
Loss = 9.3567e-03, PNorm = 50.0294, GNorm = 0.0212, lr_0 = 3.6342e-04
Loss = 4.1430e-03, PNorm = 50.0616, GNorm = 0.0016, lr_0 = 3.6064e-04
Loss = 3.5054e-03, PNorm = 50.0901, GNorm = 0.0576, lr_0 = 3.5788e-04
Loss = 1.7756e-03, PNorm = 50.1177, GNorm = 0.0020, lr_0 = 3.5514e-04
Loss = 2.5537e-03, PNorm = 50.1409, GNorm = 0.0034, lr_0 = 3.5242e-04
Loss = 2.8083e-03, PNorm = 50.1633, GNorm = 0.0275, lr_0 = 3.4972e-04
Loss = 4.1834e-03, PNorm = 50.1838, GNorm = 0.0362, lr_0 = 3.4705e-04
Loss = 1.9897e-03, PNorm = 50.2069, GNorm = 0.0192, lr_0 = 3.4439e-04
Loss = 1.1000e-03, PNorm = 50.2280, GNorm = 0.0182, lr_0 = 3.4175e-04
Validation auc = 0.872658
Epoch 15
Loss = 4.6298e-03, PNorm = 50.2523, GNorm = 0.0276, lr_0 = 3.3888e-04
Loss = 3.4697e-03, PNorm = 50.2810, GNorm = 0.0277, lr_0 = 3.3628e-04
Loss = 4.3253e-03, PNorm = 50.3043, GNorm = 0.0367, lr_0 = 3.3371e-04
Loss = 1.9046e-03, PNorm = 50.3244, GNorm = 0.0087, lr_0 = 3.3115e-04
Loss = 5.0634e-03, PNorm = 50.3406, GNorm = 0.0059, lr_0 = 3.2862e-04
Loss = 6.3849e-03, PNorm = 50.3578, GNorm = 0.0018, lr_0 = 3.2610e-04
Loss = 2.2337e-03, PNorm = 50.3756, GNorm = 0.0327, lr_0 = 3.2360e-04
Loss = 1.1538e-03, PNorm = 50.3938, GNorm = 0.0073, lr_0 = 3.2113e-04
Loss = 2.1027e-03, PNorm = 50.4106, GNorm = 0.0396, lr_0 = 3.1867e-04
Loss = 1.4978e-03, PNorm = 50.4254, GNorm = 0.0032, lr_0 = 3.1623e-04
Loss = 1.3464e-03, PNorm = 50.4436, GNorm = 0.0038, lr_0 = 3.1381e-04
Validation auc = 0.875364
Epoch 16
Loss = 5.8732e-04, PNorm = 50.4620, GNorm = 0.0047, lr_0 = 3.1140e-04
Loss = 1.8830e-03, PNorm = 50.4768, GNorm = 0.0057, lr_0 = 3.0902e-04
Loss = 2.4695e-03, PNorm = 50.4948, GNorm = 0.0049, lr_0 = 3.0665e-04
Loss = 1.9554e-03, PNorm = 50.5116, GNorm = 0.1409, lr_0 = 3.0431e-04
Loss = 5.5063e-03, PNorm = 50.5308, GNorm = 0.0160, lr_0 = 3.0198e-04
Loss = 1.1301e-03, PNorm = 50.5486, GNorm = 0.0067, lr_0 = 2.9966e-04
Loss = 2.0636e-03, PNorm = 50.5692, GNorm = 0.0040, lr_0 = 2.9737e-04
Loss = 4.5310e-03, PNorm = 50.5923, GNorm = 0.0315, lr_0 = 2.9509e-04
Loss = 3.0608e-03, PNorm = 50.6128, GNorm = 0.0935, lr_0 = 2.9283e-04
Loss = 7.3932e-03, PNorm = 50.6306, GNorm = 0.0137, lr_0 = 2.9059e-04
Loss = 2.0845e-03, PNorm = 50.6469, GNorm = 0.0030, lr_0 = 2.8837e-04
Validation auc = 0.872952
Epoch 17
Loss = 7.0908e-03, PNorm = 50.6645, GNorm = 0.0002, lr_0 = 2.8594e-04
Loss = 2.8965e-03, PNorm = 50.6817, GNorm = 0.0120, lr_0 = 2.8375e-04
Loss = 1.3686e-03, PNorm = 50.7028, GNorm = 0.0031, lr_0 = 2.8158e-04
Loss = 1.2149e-03, PNorm = 50.7214, GNorm = 0.0093, lr_0 = 2.7942e-04
Loss = 5.0175e-03, PNorm = 50.7387, GNorm = 0.0018, lr_0 = 2.7728e-04
Loss = 1.4803e-03, PNorm = 50.7565, GNorm = 0.0160, lr_0 = 2.7516e-04
Loss = 1.0872e-03, PNorm = 50.7733, GNorm = 0.0019, lr_0 = 2.7305e-04
Loss = 2.3033e-03, PNorm = 50.7873, GNorm = 0.0063, lr_0 = 2.7096e-04
Loss = 2.5288e-03, PNorm = 50.8002, GNorm = 0.0141, lr_0 = 2.6889e-04
Loss = 2.1659e-03, PNorm = 50.8154, GNorm = 0.0226, lr_0 = 2.6683e-04
Loss = 4.6575e-03, PNorm = 50.8295, GNorm = 0.0007, lr_0 = 2.6479e-04
Validation auc = 0.872557
Epoch 18
Loss = 1.8578e-03, PNorm = 50.8474, GNorm = 0.0252, lr_0 = 2.6256e-04
Loss = 1.3177e-03, PNorm = 50.8627, GNorm = 0.0007, lr_0 = 2.6055e-04
Loss = 2.2278e-03, PNorm = 50.8752, GNorm = 0.0021, lr_0 = 2.5855e-04
Loss = 3.5523e-03, PNorm = 50.8889, GNorm = 0.0019, lr_0 = 2.5657e-04
Loss = 2.0158e-03, PNorm = 50.9024, GNorm = 0.0646, lr_0 = 2.5461e-04
Loss = 2.0684e-03, PNorm = 50.9166, GNorm = 0.0017, lr_0 = 2.5266e-04
Loss = 8.1037e-03, PNorm = 50.9343, GNorm = 0.0004, lr_0 = 2.5073e-04
Loss = 3.3044e-03, PNorm = 50.9487, GNorm = 0.0077, lr_0 = 2.4881e-04
Loss = 8.2059e-04, PNorm = 50.9617, GNorm = 0.0232, lr_0 = 2.4690e-04
Loss = 4.4453e-03, PNorm = 50.9784, GNorm = 0.0684, lr_0 = 2.4501e-04
Validation auc = 0.875427
Epoch 19
Loss = 3.7069e-04, PNorm = 51.0016, GNorm = 0.0026, lr_0 = 2.4314e-04
Loss = 1.2587e-03, PNorm = 51.0219, GNorm = 0.0021, lr_0 = 2.4127e-04
Loss = 5.0376e-03, PNorm = 51.0370, GNorm = 0.0087, lr_0 = 2.3943e-04
Loss = 1.9629e-03, PNorm = 51.0512, GNorm = 0.0198, lr_0 = 2.3759e-04
Loss = 2.2570e-03, PNorm = 51.0682, GNorm = 0.0056, lr_0 = 2.3577e-04
Loss = 1.2376e-03, PNorm = 51.0855, GNorm = 0.0013, lr_0 = 2.3397e-04
Loss = 1.3401e-03, PNorm = 51.1001, GNorm = 0.0350, lr_0 = 2.3218e-04
Loss = 3.1941e-03, PNorm = 51.1153, GNorm = 0.0045, lr_0 = 2.3040e-04
Loss = 1.2670e-03, PNorm = 51.1288, GNorm = 0.0016, lr_0 = 2.2864e-04
Loss = 4.7787e-03, PNorm = 51.1414, GNorm = 0.0129, lr_0 = 2.2689e-04
Loss = 2.2775e-03, PNorm = 51.1541, GNorm = 0.0067, lr_0 = 2.2515e-04
Validation auc = 0.875419
Epoch 20
Loss = 9.2288e-04, PNorm = 51.1675, GNorm = 0.0094, lr_0 = 2.2325e-04
Loss = 1.3894e-03, PNorm = 51.1778, GNorm = 0.0018, lr_0 = 2.2154e-04
Loss = 3.2867e-03, PNorm = 51.1858, GNorm = 0.0020, lr_0 = 2.1985e-04
Loss = 8.3166e-03, PNorm = 51.1974, GNorm = 0.1024, lr_0 = 2.1816e-04
Loss = 5.0340e-03, PNorm = 51.2121, GNorm = 0.0033, lr_0 = 2.1649e-04
Loss = 2.7094e-03, PNorm = 51.2245, GNorm = 0.1257, lr_0 = 2.1484e-04
Loss = 3.2900e-03, PNorm = 51.2383, GNorm = 0.0035, lr_0 = 2.1319e-04
Loss = 2.5885e-03, PNorm = 51.2511, GNorm = 0.0280, lr_0 = 2.1156e-04
Loss = 2.0769e-03, PNorm = 51.2626, GNorm = 0.0104, lr_0 = 2.0994e-04
Loss = 4.1371e-03, PNorm = 51.2753, GNorm = 0.0230, lr_0 = 2.0833e-04
Loss = 2.4544e-03, PNorm = 51.2882, GNorm = 0.0054, lr_0 = 2.0674e-04
Validation auc = 0.873639
Epoch 21
Loss = 2.1995e-03, PNorm = 51.3015, GNorm = 0.0023, lr_0 = 2.0500e-04
Loss = 1.7460e-03, PNorm = 51.3146, GNorm = 0.0144, lr_0 = 2.0343e-04
Loss = 2.4307e-03, PNorm = 51.3272, GNorm = 0.0072, lr_0 = 2.0187e-04
Loss = 7.7230e-04, PNorm = 51.3388, GNorm = 0.0027, lr_0 = 2.0033e-04
Loss = 1.8440e-03, PNorm = 51.3506, GNorm = 0.0237, lr_0 = 1.9879e-04
Loss = 1.5299e-03, PNorm = 51.3601, GNorm = 0.0065, lr_0 = 1.9727e-04
Loss = 2.4029e-03, PNorm = 51.3709, GNorm = 0.0121, lr_0 = 1.9576e-04
Loss = 6.1736e-03, PNorm = 51.3801, GNorm = 0.0175, lr_0 = 1.9426e-04
Loss = 2.6249e-03, PNorm = 51.3892, GNorm = 0.0077, lr_0 = 1.9277e-04
Loss = 1.0596e-03, PNorm = 51.3980, GNorm = 0.0086, lr_0 = 1.9130e-04
Loss = 5.0082e-03, PNorm = 51.4096, GNorm = 0.0109, lr_0 = 1.8983e-04
Validation auc = 0.876856
Epoch 22
Loss = 8.2855e-04, PNorm = 51.4197, GNorm = 0.0034, lr_0 = 1.8838e-04
Loss = 1.8653e-03, PNorm = 51.4280, GNorm = 0.0008, lr_0 = 1.8694e-04
Loss = 3.4453e-03, PNorm = 51.4372, GNorm = 0.0066, lr_0 = 1.8551e-04
Loss = 5.4169e-04, PNorm = 51.4458, GNorm = 0.0167, lr_0 = 1.8409e-04
Loss = 1.0201e-03, PNorm = 51.4564, GNorm = 0.0356, lr_0 = 1.8268e-04
Loss = 1.1709e-03, PNorm = 51.4660, GNorm = 0.0040, lr_0 = 1.8128e-04
Loss = 3.3484e-03, PNorm = 51.4758, GNorm = 0.0136, lr_0 = 1.7989e-04
Loss = 2.7948e-03, PNorm = 51.4860, GNorm = 0.0104, lr_0 = 1.7851e-04
Loss = 1.1033e-03, PNorm = 51.4967, GNorm = 0.0008, lr_0 = 1.7715e-04
Loss = 6.9138e-04, PNorm = 51.5065, GNorm = 0.0019, lr_0 = 1.7579e-04
Validation auc = 0.876078
Epoch 23
Loss = 1.6963e-04, PNorm = 51.5149, GNorm = 0.0016, lr_0 = 1.7431e-04
Loss = 8.2400e-04, PNorm = 51.5226, GNorm = 0.0029, lr_0 = 1.7298e-04
Loss = 1.2814e-03, PNorm = 51.5310, GNorm = 0.0075, lr_0 = 1.7165e-04
Loss = 2.1333e-03, PNorm = 51.5401, GNorm = 0.0010, lr_0 = 1.7034e-04
Loss = 3.2184e-03, PNorm = 51.5484, GNorm = 0.0007, lr_0 = 1.6903e-04
Loss = 4.2138e-03, PNorm = 51.5582, GNorm = 0.0088, lr_0 = 1.6774e-04
Loss = 1.4625e-03, PNorm = 51.5669, GNorm = 0.0026, lr_0 = 1.6645e-04
Loss = 8.9158e-04, PNorm = 51.5764, GNorm = 0.0006, lr_0 = 1.6518e-04
Loss = 1.2741e-03, PNorm = 51.5872, GNorm = 0.0010, lr_0 = 1.6392e-04
Loss = 1.7270e-03, PNorm = 51.5971, GNorm = 0.0160, lr_0 = 1.6266e-04
Loss = 1.4831e-03, PNorm = 51.6071, GNorm = 0.0097, lr_0 = 1.6142e-04
Validation auc = 0.875173
Epoch 24
Loss = 1.5477e-03, PNorm = 51.6184, GNorm = 0.0183, lr_0 = 1.6006e-04
Loss = 1.3850e-03, PNorm = 51.6279, GNorm = 0.0119, lr_0 = 1.5883e-04
Loss = 8.0438e-04, PNorm = 51.6368, GNorm = 0.0034, lr_0 = 1.5761e-04
Loss = 1.5672e-03, PNorm = 51.6462, GNorm = 0.0353, lr_0 = 1.5641e-04
Loss = 8.9525e-04, PNorm = 51.6551, GNorm = 0.0258, lr_0 = 1.5521e-04
Loss = 1.8337e-03, PNorm = 51.6624, GNorm = 0.0040, lr_0 = 1.5402e-04
Loss = 5.4576e-03, PNorm = 51.6707, GNorm = 0.1680, lr_0 = 1.5284e-04
Loss = 9.2504e-04, PNorm = 51.6781, GNorm = 0.0053, lr_0 = 1.5167e-04
Loss = 2.4331e-03, PNorm = 51.6855, GNorm = 0.0079, lr_0 = 1.5051e-04
Loss = 2.0453e-03, PNorm = 51.6930, GNorm = 0.0160, lr_0 = 1.4936e-04
Loss = 1.2291e-03, PNorm = 51.7013, GNorm = 0.0015, lr_0 = 1.4822e-04
Validation auc = 0.875115
Epoch 25
Loss = 1.0116e-03, PNorm = 51.7088, GNorm = 0.0001, lr_0 = 1.4708e-04
Loss = 4.2839e-04, PNorm = 51.7142, GNorm = 0.0010, lr_0 = 1.4595e-04
Loss = 8.3228e-04, PNorm = 51.7201, GNorm = 0.0010, lr_0 = 1.4484e-04
Loss = 1.6142e-03, PNorm = 51.7268, GNorm = 0.0364, lr_0 = 1.4373e-04
Loss = 9.5293e-04, PNorm = 51.7351, GNorm = 0.0123, lr_0 = 1.4263e-04
Loss = 1.1653e-03, PNorm = 51.7429, GNorm = 0.0006, lr_0 = 1.4154e-04
Loss = 1.3450e-03, PNorm = 51.7502, GNorm = 0.0086, lr_0 = 1.4045e-04
Loss = 2.2353e-03, PNorm = 51.7577, GNorm = 0.0094, lr_0 = 1.3938e-04
Loss = 2.0881e-03, PNorm = 51.7644, GNorm = 0.0616, lr_0 = 1.3831e-04
Loss = 2.0385e-03, PNorm = 51.7713, GNorm = 0.0034, lr_0 = 1.3725e-04
Loss = 3.8123e-03, PNorm = 51.7765, GNorm = 0.0004, lr_0 = 1.3620e-04
Loss = 8.5275e-04, PNorm = 51.7770, GNorm = 0.0064, lr_0 = 1.3610e-04
Validation auc = 0.874989
Epoch 26
Loss = 1.9356e-03, PNorm = 51.7829, GNorm = 0.0006, lr_0 = 1.3505e-04
Loss = 3.5481e-03, PNorm = 51.7919, GNorm = 0.0034, lr_0 = 1.3402e-04
Loss = 4.0157e-03, PNorm = 51.8010, GNorm = 0.0155, lr_0 = 1.3299e-04
Loss = 3.7249e-03, PNorm = 51.8114, GNorm = 0.0509, lr_0 = 1.3198e-04
Loss = 1.1892e-03, PNorm = 51.8198, GNorm = 0.0367, lr_0 = 1.3097e-04
Loss = 9.0290e-04, PNorm = 51.8275, GNorm = 0.0017, lr_0 = 1.2996e-04
Loss = 1.0214e-03, PNorm = 51.8345, GNorm = 0.0017, lr_0 = 1.2897e-04
Loss = 1.2148e-03, PNorm = 51.8420, GNorm = 0.0041, lr_0 = 1.2798e-04
Loss = 6.8938e-04, PNorm = 51.8513, GNorm = 0.0028, lr_0 = 1.2700e-04
Loss = 2.1990e-03, PNorm = 51.8587, GNorm = 0.0169, lr_0 = 1.2603e-04
Validation auc = 0.874292
Epoch 27
Loss = 1.4005e-03, PNorm = 51.8663, GNorm = 0.0037, lr_0 = 1.2497e-04
Loss = 3.6736e-03, PNorm = 51.8746, GNorm = 0.0089, lr_0 = 1.2401e-04
Loss = 1.8660e-03, PNorm = 51.8841, GNorm = 0.0141, lr_0 = 1.2306e-04
Loss = 4.5014e-04, PNorm = 51.8917, GNorm = 0.0020, lr_0 = 1.2212e-04
Loss = 2.2571e-03, PNorm = 51.8989, GNorm = 0.0504, lr_0 = 1.2118e-04
Loss = 1.1969e-03, PNorm = 51.9062, GNorm = 0.0166, lr_0 = 1.2026e-04
Loss = 5.3280e-04, PNorm = 51.9138, GNorm = 0.0004, lr_0 = 1.1934e-04
Loss = 1.0871e-03, PNorm = 51.9197, GNorm = 0.0132, lr_0 = 1.1842e-04
Loss = 1.2525e-03, PNorm = 51.9264, GNorm = 0.0109, lr_0 = 1.1752e-04
Loss = 8.7524e-04, PNorm = 51.9333, GNorm = 0.0001, lr_0 = 1.1662e-04
Loss = 5.8273e-04, PNorm = 51.9402, GNorm = 0.0027, lr_0 = 1.1572e-04
Validation auc = 0.874360
Epoch 28
Loss = 1.0685e-03, PNorm = 51.9461, GNorm = 0.0091, lr_0 = 1.1475e-04
Loss = 3.4210e-04, PNorm = 51.9512, GNorm = 0.0006, lr_0 = 1.1387e-04
Loss = 1.9922e-03, PNorm = 51.9562, GNorm = 0.0064, lr_0 = 1.1300e-04
Loss = 1.2355e-03, PNorm = 51.9619, GNorm = 0.0154, lr_0 = 1.1213e-04
Loss = 5.2367e-04, PNorm = 51.9665, GNorm = 0.0007, lr_0 = 1.1127e-04
Loss = 1.4357e-03, PNorm = 51.9715, GNorm = 0.0197, lr_0 = 1.1042e-04
Loss = 1.4060e-03, PNorm = 51.9769, GNorm = 0.0081, lr_0 = 1.0958e-04
Loss = 1.1345e-03, PNorm = 51.9824, GNorm = 0.0124, lr_0 = 1.0874e-04
Loss = 9.9071e-04, PNorm = 51.9879, GNorm = 0.0209, lr_0 = 1.0791e-04
Loss = 1.0086e-03, PNorm = 51.9937, GNorm = 0.0020, lr_0 = 1.0708e-04
Loss = 4.4629e-03, PNorm = 51.9994, GNorm = 0.0024, lr_0 = 1.0626e-04
Validation auc = 0.874307
Epoch 29
Loss = 1.0087e-03, PNorm = 52.0060, GNorm = 0.0009, lr_0 = 1.0545e-04
Loss = 1.3508e-03, PNorm = 52.0127, GNorm = 0.0012, lr_0 = 1.0464e-04
Loss = 1.2844e-03, PNorm = 52.0193, GNorm = 0.0097, lr_0 = 1.0384e-04
Loss = 6.9439e-04, PNorm = 52.0243, GNorm = 0.0022, lr_0 = 1.0304e-04
Loss = 8.2685e-04, PNorm = 52.0292, GNorm = 0.0208, lr_0 = 1.0225e-04
Loss = 2.3832e-03, PNorm = 52.0349, GNorm = 0.0015, lr_0 = 1.0147e-04
Loss = 2.2932e-03, PNorm = 52.0401, GNorm = 0.0010, lr_0 = 1.0069e-04
Loss = 1.3559e-03, PNorm = 52.0451, GNorm = 0.0036, lr_0 = 1.0000e-04
Loss = 1.2580e-03, PNorm = 52.0503, GNorm = 0.0208, lr_0 = 1.0000e-04
Loss = 7.0681e-04, PNorm = 52.0559, GNorm = 0.0017, lr_0 = 1.0000e-04
Validation auc = 0.873485
Model 0 best validation auc = 0.887310 on epoch 1
Loading pretrained parameter "ffn.1.weight".
Loading pretrained parameter "ffn.1.bias".
Loading pretrained parameter "ffn.4.weight".
Loading pretrained parameter "ffn.4.bias".
Model 0 test auc = 0.569918
Ensemble test auc = 0.569918
Fold 1
Splitting data with seed 1
Total scaffolds = 4,180 | train scaffolds = 3,198 | val scaffolds = 502 | test scaffolds = 480
Label averages per scaffold, in decreasing order of scaffold frequency,capped at 10 scaffolds and 20 labels:
Scaffold 0
Task 0: count = 468 | target average = 0.019231
Task 1: count = 468 | target average = 0.014957


Scaffold 1
Task 0: count = 383 | target average = 0.007833
Task 1: count = 383 | target average = 0.013055


Scaffold 2
Task 0: count = 44 | target average = 0.000000
Task 1: count = 44 | target average = 0.000000


Scaffold 3
Task 0: count = 35 | target average = 0.000000
Task 1: count = 35 | target average = 0.000000


Scaffold 4
Task 0: count = 34 | target average = 0.000000
Task 1: count = 34 | target average = 0.000000


Scaffold 5
Task 0: count = 30 | target average = 0.000000
Task 1: count = 30 | target average = 0.000000


Scaffold 6
Task 0: count = 28 | target average = 0.000000
Task 1: count = 28 | target average = 0.000000


Scaffold 7
Task 0: count = 27 | target average = 0.074074
Task 1: count = 27 | target average = 0.074074


Scaffold 8
Task 0: count = 25 | target average = 0.040000
Task 1: count = 25 | target average = 0.000000


Scaffold 9
Task 0: count = 23 | target average = 0.000000
Task 1: count = 23 | target average = 0.000000


Class sizes
hit_inh 0: 97.79%, 1: 2.21%
hit_kill 0: 98.75%, 1: 1.25%
Total size = 6,708 | train size = 5,366 | val size = 670 | test size = 672
Building model 0
MoleculeModel(
  (sigmoid): Sigmoid()
  (encoder): MPN()
  (ffn): Sequential(
    (0): Dropout(p=0.2, inplace=False)
    (1): Linear(in_features=2048, out_features=1000, bias=True)
    (2): ReLU()
    (3): Dropout(p=0.2, inplace=False)
    (4): Linear(in_features=1000, out_features=2, bias=True)
  )
)
Number of parameters = 2,051,002
Epoch 0
Loss = 6.3265e-01, PNorm = 36.7272, GNorm = 1.0914, lr_0 = 1.4626e-04
Loss = 4.2063e-01, PNorm = 36.7469, GNorm = 0.6751, lr_0 = 1.8832e-04
Loss = 2.5733e-01, PNorm = 36.7848, GNorm = 0.4536, lr_0 = 2.3037e-04
Loss = 1.9101e-01, PNorm = 36.8328, GNorm = 0.2520, lr_0 = 2.7243e-04
Loss = 1.2019e-01, PNorm = 36.8809, GNorm = 0.1642, lr_0 = 3.1449e-04
Loss = 1.1778e-01, PNorm = 36.9262, GNorm = 0.1418, lr_0 = 3.5654e-04
Loss = 1.4677e-01, PNorm = 36.9641, GNorm = 0.1869, lr_0 = 3.9860e-04
Loss = 9.9143e-02, PNorm = 37.0017, GNorm = 0.0880, lr_0 = 4.4065e-04
Loss = 8.9392e-02, PNorm = 37.0465, GNorm = 0.1168, lr_0 = 4.8271e-04
Loss = 6.3902e-02, PNorm = 37.1050, GNorm = 0.1117, lr_0 = 5.2477e-04
Validation auc = 0.731842
Epoch 1
Loss = 3.6545e-02, PNorm = 37.1771, GNorm = 0.1017, lr_0 = 5.7103e-04
Loss = 6.7878e-02, PNorm = 37.2546, GNorm = 0.2185, lr_0 = 6.1308e-04
Loss = 7.7054e-02, PNorm = 37.3363, GNorm = 0.1623, lr_0 = 6.5514e-04
Loss = 6.4080e-02, PNorm = 37.4219, GNorm = 0.1079, lr_0 = 6.9720e-04
Loss = 4.8938e-02, PNorm = 37.5223, GNorm = 0.1858, lr_0 = 7.3925e-04
Loss = 1.1923e-01, PNorm = 37.6204, GNorm = 0.0721, lr_0 = 7.8131e-04
Loss = 6.5333e-02, PNorm = 37.7386, GNorm = 0.1760, lr_0 = 8.2336e-04
Loss = 5.6202e-02, PNorm = 37.8877, GNorm = 0.1575, lr_0 = 8.6542e-04
Loss = 5.4305e-02, PNorm = 38.0755, GNorm = 0.1019, lr_0 = 9.0748e-04
Loss = 8.8467e-02, PNorm = 38.2701, GNorm = 0.0754, lr_0 = 9.4953e-04
Loss = 8.5867e-02, PNorm = 38.4788, GNorm = 0.1011, lr_0 = 9.9159e-04
Validation auc = 0.836321
Epoch 2
Loss = 3.3849e-02, PNorm = 38.7593, GNorm = 0.0519, lr_0 = 9.9311e-04
Loss = 2.9289e-02, PNorm = 39.0075, GNorm = 0.1232, lr_0 = 9.8550e-04
Loss = 2.6884e-02, PNorm = 39.2189, GNorm = 0.1567, lr_0 = 9.7796e-04
Loss = 4.1484e-02, PNorm = 39.4170, GNorm = 0.1807, lr_0 = 9.7047e-04
Loss = 3.2284e-02, PNorm = 39.6044, GNorm = 0.1907, lr_0 = 9.6304e-04
Loss = 4.0811e-02, PNorm = 39.7561, GNorm = 0.1995, lr_0 = 9.5567e-04
Loss = 4.5085e-02, PNorm = 39.9158, GNorm = 0.0277, lr_0 = 9.4835e-04
Loss = 2.7676e-02, PNorm = 40.1095, GNorm = 0.1200, lr_0 = 9.4109e-04
Loss = 3.7821e-02, PNorm = 40.3175, GNorm = 0.1577, lr_0 = 9.3389e-04
Loss = 8.9761e-02, PNorm = 40.5379, GNorm = 0.1960, lr_0 = 9.2674e-04
Loss = 3.7452e-02, PNorm = 40.8091, GNorm = 0.0852, lr_0 = 9.1964e-04
Validation auc = 0.810806
Epoch 3
Loss = 3.5916e-02, PNorm = 41.0953, GNorm = 0.0498, lr_0 = 9.1190e-04
Loss = 1.9727e-02, PNorm = 41.3449, GNorm = 0.0480, lr_0 = 9.0492e-04
Loss = 3.8961e-02, PNorm = 41.5408, GNorm = 0.2276, lr_0 = 8.9799e-04
Loss = 2.0363e-02, PNorm = 41.7149, GNorm = 0.1094, lr_0 = 8.9111e-04
Loss = 2.4560e-02, PNorm = 41.9116, GNorm = 0.1333, lr_0 = 8.8429e-04
Loss = 2.0620e-02, PNorm = 42.1111, GNorm = 0.1386, lr_0 = 8.7752e-04
Loss = 2.0814e-02, PNorm = 42.2908, GNorm = 0.0273, lr_0 = 8.7080e-04
Loss = 3.4919e-02, PNorm = 42.4651, GNorm = 0.2279, lr_0 = 8.6414e-04
Loss = 1.7797e-02, PNorm = 42.6291, GNorm = 0.0370, lr_0 = 8.5752e-04
Loss = 2.9342e-02, PNorm = 42.8005, GNorm = 0.0480, lr_0 = 8.5095e-04
Validation auc = 0.806804
Epoch 4
Loss = 1.4466e-02, PNorm = 42.9687, GNorm = 0.0958, lr_0 = 8.4444e-04
Loss = 2.9016e-02, PNorm = 43.1381, GNorm = 0.1186, lr_0 = 8.3797e-04
Loss = 8.9835e-03, PNorm = 43.2908, GNorm = 0.0192, lr_0 = 8.3156e-04
Loss = 1.6074e-02, PNorm = 43.4140, GNorm = 0.0577, lr_0 = 8.2519e-04
Loss = 1.2726e-02, PNorm = 43.5328, GNorm = 0.0552, lr_0 = 8.1888e-04
Loss = 1.8661e-02, PNorm = 43.6625, GNorm = 0.0465, lr_0 = 8.1261e-04
Loss = 2.0036e-02, PNorm = 43.7991, GNorm = 0.0782, lr_0 = 8.0638e-04
Loss = 1.5264e-02, PNorm = 43.9512, GNorm = 0.0162, lr_0 = 8.0021e-04
Loss = 1.3405e-02, PNorm = 44.0998, GNorm = 0.0421, lr_0 = 7.9408e-04
Loss = 1.6385e-02, PNorm = 44.2336, GNorm = 0.0465, lr_0 = 7.8800e-04
Loss = 1.1543e-02, PNorm = 44.3629, GNorm = 0.0392, lr_0 = 7.8197e-04
Validation auc = 0.792103
Epoch 5
Loss = 5.2858e-03, PNorm = 44.5013, GNorm = 0.0166, lr_0 = 7.7539e-04
Loss = 1.3945e-02, PNorm = 44.6221, GNorm = 0.1520, lr_0 = 7.6945e-04
Loss = 1.0897e-02, PNorm = 44.7402, GNorm = 0.1235, lr_0 = 7.6356e-04
Loss = 1.2978e-02, PNorm = 44.8502, GNorm = 0.0070, lr_0 = 7.5772e-04
Loss = 1.0372e-02, PNorm = 44.9562, GNorm = 0.0047, lr_0 = 7.5191e-04
Loss = 4.7292e-03, PNorm = 45.0528, GNorm = 0.0442, lr_0 = 7.4616e-04
Loss = 8.2292e-03, PNorm = 45.1414, GNorm = 0.0284, lr_0 = 7.4044e-04
Loss = 1.1212e-02, PNorm = 45.2372, GNorm = 0.0922, lr_0 = 7.3478e-04
Loss = 9.8086e-03, PNorm = 45.3369, GNorm = 0.0091, lr_0 = 7.2915e-04
Loss = 1.4115e-02, PNorm = 45.4385, GNorm = 0.0465, lr_0 = 7.2357e-04
Loss = 1.4920e-02, PNorm = 45.5662, GNorm = 0.0188, lr_0 = 7.1803e-04
Validation auc = 0.784826
Epoch 6
Loss = 8.2519e-03, PNorm = 45.7031, GNorm = 0.0838, lr_0 = 7.1198e-04
Loss = 4.8250e-03, PNorm = 45.8151, GNorm = 0.0103, lr_0 = 7.0653e-04
Loss = 8.5585e-03, PNorm = 45.9077, GNorm = 0.0790, lr_0 = 7.0112e-04
Loss = 4.2448e-03, PNorm = 45.9871, GNorm = 0.0283, lr_0 = 6.9576e-04
Loss = 1.0154e-02, PNorm = 46.0617, GNorm = 0.1167, lr_0 = 6.9043e-04
Loss = 4.3941e-03, PNorm = 46.1354, GNorm = 0.0258, lr_0 = 6.8514e-04
Loss = 1.3262e-02, PNorm = 46.2009, GNorm = 0.0447, lr_0 = 6.7990e-04
Loss = 8.5315e-03, PNorm = 46.2711, GNorm = 0.0323, lr_0 = 6.7469e-04
Loss = 6.0482e-03, PNorm = 46.3457, GNorm = 0.0260, lr_0 = 6.6953e-04
Loss = 7.2367e-03, PNorm = 46.4178, GNorm = 0.1203, lr_0 = 6.6440e-04
Loss = 9.1305e-03, PNorm = 46.4881, GNorm = 0.0133, lr_0 = 6.5931e-04
Validation auc = 0.782510
Epoch 7
Loss = 3.1044e-03, PNorm = 46.5603, GNorm = 0.0295, lr_0 = 6.5427e-04
Loss = 4.5090e-03, PNorm = 46.6293, GNorm = 0.0428, lr_0 = 6.4926e-04
Loss = 2.8621e-03, PNorm = 46.6898, GNorm = 0.0030, lr_0 = 6.4429e-04
Loss = 3.6566e-03, PNorm = 46.7391, GNorm = 0.0322, lr_0 = 6.3935e-04
Loss = 8.7361e-03, PNorm = 46.7893, GNorm = 0.0236, lr_0 = 6.3446e-04
Loss = 7.3341e-03, PNorm = 46.8410, GNorm = 0.0044, lr_0 = 6.2960e-04
Loss = 5.3901e-03, PNorm = 46.8941, GNorm = 0.0056, lr_0 = 6.2478e-04
Loss = 6.3036e-03, PNorm = 46.9525, GNorm = 0.0248, lr_0 = 6.2000e-04
Loss = 6.4713e-03, PNorm = 47.0064, GNorm = 0.0408, lr_0 = 6.1525e-04
Loss = 1.3150e-02, PNorm = 47.0722, GNorm = 0.0948, lr_0 = 6.1054e-04
Validation auc = 0.775310
Epoch 8
Loss = 5.2145e-03, PNorm = 47.1530, GNorm = 0.0166, lr_0 = 6.0540e-04
Loss = 7.0239e-03, PNorm = 47.2175, GNorm = 0.0099, lr_0 = 6.0077e-04
Loss = 3.5066e-03, PNorm = 47.2728, GNorm = 0.0926, lr_0 = 5.9617e-04
Loss = 2.3442e-03, PNorm = 47.3197, GNorm = 0.0045, lr_0 = 5.9160e-04
Loss = 8.0114e-03, PNorm = 47.3616, GNorm = 0.0314, lr_0 = 5.8707e-04
Loss = 4.4633e-03, PNorm = 47.4035, GNorm = 0.0029, lr_0 = 5.8258e-04
Loss = 2.3548e-03, PNorm = 47.4443, GNorm = 0.0144, lr_0 = 5.7812e-04
Loss = 6.5464e-03, PNorm = 47.4872, GNorm = 0.1325, lr_0 = 5.7369e-04
Loss = 4.9960e-03, PNorm = 47.5348, GNorm = 0.0045, lr_0 = 5.6930e-04
Loss = 4.4347e-03, PNorm = 47.5814, GNorm = 0.0762, lr_0 = 5.6494e-04
Loss = 2.4249e-03, PNorm = 47.6247, GNorm = 0.0032, lr_0 = 5.6062e-04
Validation auc = 0.768566
Epoch 9
Loss = 3.4412e-03, PNorm = 47.6785, GNorm = 0.0221, lr_0 = 5.5590e-04
Loss = 3.7594e-03, PNorm = 47.7290, GNorm = 0.0188, lr_0 = 5.5164e-04
Loss = 6.5122e-03, PNorm = 47.7794, GNorm = 0.0038, lr_0 = 5.4742e-04
Loss = 2.5695e-03, PNorm = 47.8316, GNorm = 0.0061, lr_0 = 5.4323e-04
Loss = 2.8592e-03, PNorm = 47.8758, GNorm = 0.0071, lr_0 = 5.3907e-04
Loss = 3.9824e-03, PNorm = 47.9163, GNorm = 0.0164, lr_0 = 5.3494e-04
Loss = 1.2915e-02, PNorm = 47.9587, GNorm = 0.0772, lr_0 = 5.3084e-04
Loss = 4.6807e-03, PNorm = 48.0018, GNorm = 0.0026, lr_0 = 5.2678e-04
Loss = 4.3222e-03, PNorm = 48.0513, GNorm = 0.0411, lr_0 = 5.2275e-04
Loss = 3.0055e-03, PNorm = 48.0976, GNorm = 0.0575, lr_0 = 5.1874e-04
Loss = 3.6616e-03, PNorm = 48.1459, GNorm = 0.0047, lr_0 = 5.1477e-04
Validation auc = 0.772805
Epoch 10
Loss = 5.7972e-03, PNorm = 48.1859, GNorm = 0.0309, lr_0 = 5.1083e-04
Loss = 2.0384e-03, PNorm = 48.2222, GNorm = 0.0071, lr_0 = 5.0692e-04
Loss = 3.7732e-03, PNorm = 48.2613, GNorm = 0.0340, lr_0 = 5.0304e-04
Loss = 5.6113e-03, PNorm = 48.2995, GNorm = 0.0404, lr_0 = 4.9919e-04
Loss = 3.6268e-03, PNorm = 48.3407, GNorm = 0.0745, lr_0 = 4.9537e-04
Loss = 2.6629e-03, PNorm = 48.3771, GNorm = 0.0114, lr_0 = 4.9157e-04
Loss = 2.7151e-03, PNorm = 48.4149, GNorm = 0.0144, lr_0 = 4.8781e-04
Loss = 3.1294e-03, PNorm = 48.4545, GNorm = 0.0554, lr_0 = 4.8408e-04
Loss = 3.4507e-03, PNorm = 48.4949, GNorm = 0.0038, lr_0 = 4.8037e-04
Loss = 2.7910e-03, PNorm = 48.5320, GNorm = 0.0603, lr_0 = 4.7669e-04
Loss = 7.3274e-03, PNorm = 48.5682, GNorm = 0.0242, lr_0 = 4.7304e-04
Loss = 8.4182e-04, PNorm = 48.5718, GNorm = 0.0092, lr_0 = 4.7268e-04
Validation auc = 0.768533
Epoch 11
Loss = 2.6306e-03, PNorm = 48.6095, GNorm = 0.0141, lr_0 = 4.6906e-04
Loss = 3.7611e-03, PNorm = 48.6447, GNorm = 0.0461, lr_0 = 4.6547e-04
Loss = 1.9466e-03, PNorm = 48.6800, GNorm = 0.0069, lr_0 = 4.6191e-04
Loss = 3.1025e-03, PNorm = 48.7169, GNorm = 0.0155, lr_0 = 4.5837e-04
Loss = 5.7123e-03, PNorm = 48.7534, GNorm = 0.0971, lr_0 = 4.5486e-04
Loss = 3.2768e-03, PNorm = 48.7918, GNorm = 0.0449, lr_0 = 4.5138e-04
Loss = 2.4674e-03, PNorm = 48.8289, GNorm = 0.0027, lr_0 = 4.4792e-04
Loss = 2.8347e-03, PNorm = 48.8605, GNorm = 0.0009, lr_0 = 4.4449e-04
Loss = 3.8424e-03, PNorm = 48.8853, GNorm = 0.0088, lr_0 = 4.4109e-04
Loss = 2.8447e-03, PNorm = 48.9130, GNorm = 0.0143, lr_0 = 4.3771e-04
Validation auc = 0.767892
Epoch 12
Loss = 8.2286e-03, PNorm = 48.9406, GNorm = 0.0749, lr_0 = 4.3403e-04
Loss = 3.2582e-03, PNorm = 48.9759, GNorm = 0.0038, lr_0 = 4.3070e-04
Loss = 3.0670e-03, PNorm = 49.0101, GNorm = 0.0183, lr_0 = 4.2741e-04
Loss = 4.1104e-03, PNorm = 49.0383, GNorm = 0.0038, lr_0 = 4.2413e-04
Loss = 3.0114e-03, PNorm = 49.0605, GNorm = 0.0040, lr_0 = 4.2089e-04
Loss = 2.2485e-03, PNorm = 49.0835, GNorm = 0.0144, lr_0 = 4.1766e-04
Loss = 4.8511e-03, PNorm = 49.1078, GNorm = 0.0029, lr_0 = 4.1447e-04
Loss = 2.5013e-03, PNorm = 49.1293, GNorm = 0.0204, lr_0 = 4.1129e-04
Loss = 3.6169e-03, PNorm = 49.1511, GNorm = 0.0460, lr_0 = 4.0814e-04
Loss = 3.7225e-03, PNorm = 49.1812, GNorm = 0.0045, lr_0 = 4.0502e-04
Loss = 2.6075e-03, PNorm = 49.2198, GNorm = 0.0241, lr_0 = 4.0192e-04
Validation auc = 0.765085
Epoch 13
Loss = 2.7526e-03, PNorm = 49.2641, GNorm = 0.0202, lr_0 = 3.9884e-04
Loss = 6.7302e-03, PNorm = 49.2969, GNorm = 0.0009, lr_0 = 3.9579e-04
Loss = 1.6901e-03, PNorm = 49.3215, GNorm = 0.0021, lr_0 = 3.9276e-04
Loss = 2.4067e-03, PNorm = 49.3435, GNorm = 0.0061, lr_0 = 3.8975e-04
Loss = 1.6244e-03, PNorm = 49.3633, GNorm = 0.0286, lr_0 = 3.8677e-04
Loss = 3.8346e-03, PNorm = 49.3888, GNorm = 0.0542, lr_0 = 3.8381e-04
Loss = 1.9817e-03, PNorm = 49.4133, GNorm = 0.0016, lr_0 = 3.8087e-04
Loss = 5.6456e-03, PNorm = 49.4370, GNorm = 0.0509, lr_0 = 3.7795e-04
Loss = 3.1173e-03, PNorm = 49.4619, GNorm = 0.0094, lr_0 = 3.7506e-04
Loss = 1.4736e-03, PNorm = 49.4828, GNorm = 0.0062, lr_0 = 3.7219e-04
Loss = 1.1781e-03, PNorm = 49.5075, GNorm = 0.0070, lr_0 = 3.6934e-04
Validation auc = 0.771184
Epoch 14
Loss = 1.6180e-03, PNorm = 49.5330, GNorm = 0.0017, lr_0 = 3.6623e-04
Loss = 1.9917e-03, PNorm = 49.5534, GNorm = 0.0119, lr_0 = 3.6342e-04
Loss = 2.7477e-03, PNorm = 49.5756, GNorm = 0.0112, lr_0 = 3.6064e-04
Loss = 1.2351e-03, PNorm = 49.5996, GNorm = 0.0169, lr_0 = 3.5788e-04
Loss = 1.7934e-03, PNorm = 49.6251, GNorm = 0.0110, lr_0 = 3.5514e-04
Loss = 1.0567e-03, PNorm = 49.6453, GNorm = 0.0078, lr_0 = 3.5242e-04
Loss = 4.3528e-03, PNorm = 49.6661, GNorm = 0.0391, lr_0 = 3.4972e-04
Loss = 6.2980e-03, PNorm = 49.6840, GNorm = 0.0271, lr_0 = 3.4705e-04
Loss = 6.2442e-03, PNorm = 49.7067, GNorm = 0.0554, lr_0 = 3.4439e-04
Loss = 3.4607e-03, PNorm = 49.7324, GNorm = 0.0016, lr_0 = 3.4175e-04
Validation auc = 0.765423
Epoch 15
Loss = 3.6783e-04, PNorm = 49.7511, GNorm = 0.0022, lr_0 = 3.3888e-04
Loss = 2.4834e-03, PNorm = 49.7658, GNorm = 0.0322, lr_0 = 3.3628e-04
Loss = 1.7956e-03, PNorm = 49.7847, GNorm = 0.0103, lr_0 = 3.3371e-04
Loss = 1.1736e-03, PNorm = 49.8024, GNorm = 0.0080, lr_0 = 3.3115e-04
Loss = 3.6880e-03, PNorm = 49.8189, GNorm = 0.0057, lr_0 = 3.2862e-04
Loss = 1.4713e-03, PNorm = 49.8367, GNorm = 0.0055, lr_0 = 3.2610e-04
Loss = 3.9122e-03, PNorm = 49.8526, GNorm = 0.0021, lr_0 = 3.2360e-04
Loss = 1.8640e-03, PNorm = 49.8671, GNorm = 0.0088, lr_0 = 3.2113e-04
Loss = 2.0851e-03, PNorm = 49.8872, GNorm = 0.0004, lr_0 = 3.1867e-04
Loss = 1.8608e-03, PNorm = 49.9045, GNorm = 0.0011, lr_0 = 3.1623e-04
Loss = 5.1235e-03, PNorm = 49.9243, GNorm = 0.0121, lr_0 = 3.1381e-04
Validation auc = 0.767535
Epoch 16
Loss = 4.4379e-04, PNorm = 49.9417, GNorm = 0.0009, lr_0 = 3.1140e-04
Loss = 2.6207e-03, PNorm = 49.9607, GNorm = 0.0169, lr_0 = 3.0902e-04
Loss = 1.9206e-03, PNorm = 49.9785, GNorm = 0.0012, lr_0 = 3.0665e-04
Loss = 2.4804e-03, PNorm = 49.9941, GNorm = 0.0564, lr_0 = 3.0431e-04
Loss = 2.4673e-03, PNorm = 50.0111, GNorm = 0.0638, lr_0 = 3.0198e-04
Loss = 2.4986e-03, PNorm = 50.0239, GNorm = 0.0046, lr_0 = 2.9966e-04
Loss = 3.3989e-03, PNorm = 50.0452, GNorm = 0.0079, lr_0 = 2.9737e-04
Loss = 2.9380e-03, PNorm = 50.0684, GNorm = 0.0576, lr_0 = 2.9509e-04
Loss = 2.3209e-03, PNorm = 50.0929, GNorm = 0.0025, lr_0 = 2.9283e-04
Loss = 1.5121e-03, PNorm = 50.1167, GNorm = 0.0033, lr_0 = 2.9059e-04
Loss = 3.1001e-03, PNorm = 50.1367, GNorm = 0.0702, lr_0 = 2.8837e-04
Validation auc = 0.766887
Epoch 17
Loss = 1.1020e-03, PNorm = 50.1571, GNorm = 0.0077, lr_0 = 2.8594e-04
Loss = 6.8409e-04, PNorm = 50.1725, GNorm = 0.0043, lr_0 = 2.8375e-04
Loss = 1.9249e-03, PNorm = 50.1867, GNorm = 0.0289, lr_0 = 2.8158e-04
Loss = 1.7439e-03, PNorm = 50.2036, GNorm = 0.0091, lr_0 = 2.7942e-04
Loss = 3.4431e-03, PNorm = 50.2219, GNorm = 0.0139, lr_0 = 2.7728e-04
Loss = 1.3566e-03, PNorm = 50.2386, GNorm = 0.0047, lr_0 = 2.7516e-04
Loss = 4.1672e-03, PNorm = 50.2535, GNorm = 0.1558, lr_0 = 2.7305e-04
Loss = 2.4841e-03, PNorm = 50.2684, GNorm = 0.0031, lr_0 = 2.7096e-04
Loss = 3.5244e-03, PNorm = 50.2857, GNorm = 0.0017, lr_0 = 2.6889e-04
Loss = 4.2791e-04, PNorm = 50.3005, GNorm = 0.0041, lr_0 = 2.6683e-04
Loss = 1.4439e-03, PNorm = 50.3136, GNorm = 0.0025, lr_0 = 2.6479e-04
Validation auc = 0.761691
Epoch 18
Loss = 5.0481e-04, PNorm = 50.3264, GNorm = 0.0027, lr_0 = 2.6256e-04
Loss = 1.3831e-03, PNorm = 50.3377, GNorm = 0.0243, lr_0 = 2.6055e-04
Loss = 1.1093e-03, PNorm = 50.3498, GNorm = 0.0233, lr_0 = 2.5855e-04
Loss = 4.4798e-03, PNorm = 50.3640, GNorm = 0.0044, lr_0 = 2.5657e-04
Loss = 7.7764e-03, PNorm = 50.3785, GNorm = 0.0009, lr_0 = 2.5461e-04
Loss = 2.7030e-03, PNorm = 50.3927, GNorm = 0.0278, lr_0 = 2.5266e-04
Loss = 8.9631e-04, PNorm = 50.4119, GNorm = 0.0115, lr_0 = 2.5073e-04
Loss = 9.8906e-04, PNorm = 50.4256, GNorm = 0.0288, lr_0 = 2.4881e-04
Loss = 1.2223e-03, PNorm = 50.4414, GNorm = 0.0096, lr_0 = 2.4690e-04
Loss = 1.2344e-03, PNorm = 50.4574, GNorm = 0.0038, lr_0 = 2.4501e-04
Validation auc = 0.768179
Epoch 19
Loss = 6.0163e-04, PNorm = 50.4716, GNorm = 0.0092, lr_0 = 2.4314e-04
Loss = 4.3142e-03, PNorm = 50.4918, GNorm = 0.0014, lr_0 = 2.4127e-04
Loss = 1.1675e-03, PNorm = 50.5110, GNorm = 0.0042, lr_0 = 2.3943e-04
Loss = 7.1900e-03, PNorm = 50.5287, GNorm = 0.0816, lr_0 = 2.3759e-04
Loss = 2.6831e-03, PNorm = 50.5475, GNorm = 0.0127, lr_0 = 2.3577e-04
Loss = 2.1143e-03, PNorm = 50.5660, GNorm = 0.0010, lr_0 = 2.3397e-04
Loss = 1.4451e-03, PNorm = 50.5831, GNorm = 0.0021, lr_0 = 2.3218e-04
Loss = 7.8748e-04, PNorm = 50.5989, GNorm = 0.0038, lr_0 = 2.3040e-04
Loss = 2.3631e-03, PNorm = 50.6167, GNorm = 0.0003, lr_0 = 2.2864e-04
Loss = 8.1467e-04, PNorm = 50.6315, GNorm = 0.0053, lr_0 = 2.2689e-04
Loss = 2.0878e-03, PNorm = 50.6447, GNorm = 0.0050, lr_0 = 2.2515e-04
Validation auc = 0.762634
Epoch 20
Loss = 3.4858e-04, PNorm = 50.6603, GNorm = 0.0023, lr_0 = 2.2325e-04
Loss = 6.2267e-03, PNorm = 50.6720, GNorm = 0.0062, lr_0 = 2.2154e-04
Loss = 1.5276e-03, PNorm = 50.6883, GNorm = 0.0093, lr_0 = 2.1985e-04
Loss = 3.3907e-03, PNorm = 50.7047, GNorm = 0.0013, lr_0 = 2.1816e-04
Loss = 1.3491e-03, PNorm = 50.7186, GNorm = 0.0008, lr_0 = 2.1649e-04
Loss = 3.2328e-03, PNorm = 50.7327, GNorm = 0.1616, lr_0 = 2.1484e-04
Loss = 5.4958e-03, PNorm = 50.7468, GNorm = 0.0057, lr_0 = 2.1319e-04
Loss = 1.5502e-03, PNorm = 50.7596, GNorm = 0.0751, lr_0 = 2.1156e-04
Loss = 6.0942e-04, PNorm = 50.7723, GNorm = 0.0007, lr_0 = 2.0994e-04
Loss = 1.1780e-03, PNorm = 50.7839, GNorm = 0.0337, lr_0 = 2.0833e-04
Loss = 1.5596e-03, PNorm = 50.7933, GNorm = 0.0286, lr_0 = 2.0674e-04
Validation auc = 0.760448
Epoch 21
Loss = 1.0688e-03, PNorm = 50.8034, GNorm = 0.0023, lr_0 = 2.0500e-04
Loss = 2.4253e-03, PNorm = 50.8132, GNorm = 0.0221, lr_0 = 2.0343e-04
Loss = 7.1794e-04, PNorm = 50.8247, GNorm = 0.0027, lr_0 = 2.0187e-04
Loss = 1.8251e-03, PNorm = 50.8331, GNorm = 0.0118, lr_0 = 2.0033e-04
Loss = 1.5839e-03, PNorm = 50.8411, GNorm = 0.0010, lr_0 = 1.9879e-04
Loss = 1.4084e-03, PNorm = 50.8513, GNorm = 0.0043, lr_0 = 1.9727e-04
Loss = 6.6040e-04, PNorm = 50.8597, GNorm = 0.0258, lr_0 = 1.9576e-04
Loss = 1.1803e-03, PNorm = 50.8703, GNorm = 0.0035, lr_0 = 1.9426e-04
Loss = 4.1212e-03, PNorm = 50.8804, GNorm = 0.0010, lr_0 = 1.9277e-04
Loss = 2.0966e-03, PNorm = 50.8894, GNorm = 0.1444, lr_0 = 1.9130e-04
Loss = 1.1341e-03, PNorm = 50.8989, GNorm = 0.0468, lr_0 = 1.8983e-04
Validation auc = 0.760873
Epoch 22
Loss = 1.1647e-03, PNorm = 50.9092, GNorm = 0.0035, lr_0 = 1.8838e-04
Loss = 7.2377e-04, PNorm = 50.9200, GNorm = 0.0074, lr_0 = 1.8694e-04
Loss = 3.7718e-03, PNorm = 50.9316, GNorm = 0.0150, lr_0 = 1.8551e-04
Loss = 6.5863e-04, PNorm = 50.9431, GNorm = 0.0039, lr_0 = 1.8409e-04
Loss = 2.1113e-03, PNorm = 50.9547, GNorm = 0.0855, lr_0 = 1.8268e-04
Loss = 1.1203e-03, PNorm = 50.9665, GNorm = 0.0028, lr_0 = 1.8128e-04
Loss = 3.3809e-03, PNorm = 50.9768, GNorm = 0.0146, lr_0 = 1.7989e-04
Loss = 5.4154e-04, PNorm = 50.9871, GNorm = 0.0009, lr_0 = 1.7851e-04
Loss = 5.9171e-03, PNorm = 50.9972, GNorm = 0.2095, lr_0 = 1.7715e-04
Loss = 5.5572e-03, PNorm = 51.0075, GNorm = 0.0031, lr_0 = 1.7579e-04
Validation auc = 0.760305
Epoch 23
Loss = 1.0674e-02, PNorm = 51.0176, GNorm = 0.0577, lr_0 = 1.7431e-04
Loss = 1.3127e-03, PNorm = 51.0271, GNorm = 0.0962, lr_0 = 1.7298e-04
Loss = 1.1288e-03, PNorm = 51.0375, GNorm = 0.0075, lr_0 = 1.7165e-04
Loss = 1.7939e-03, PNorm = 51.0482, GNorm = 0.0012, lr_0 = 1.7034e-04
Loss = 7.3385e-04, PNorm = 51.0593, GNorm = 0.0122, lr_0 = 1.6903e-04
Loss = 1.2545e-03, PNorm = 51.0687, GNorm = 0.0157, lr_0 = 1.6774e-04
Loss = 2.5204e-03, PNorm = 51.0778, GNorm = 0.0015, lr_0 = 1.6645e-04
Loss = 1.0275e-03, PNorm = 51.0868, GNorm = 0.0025, lr_0 = 1.6518e-04
Loss = 5.7540e-04, PNorm = 51.0953, GNorm = 0.0040, lr_0 = 1.6392e-04
Loss = 4.6564e-03, PNorm = 51.1022, GNorm = 0.0243, lr_0 = 1.6266e-04
Loss = 2.7364e-04, PNorm = 51.1092, GNorm = 0.0082, lr_0 = 1.6142e-04
Validation auc = 0.759158
Epoch 24
Loss = 1.3319e-03, PNorm = 51.1170, GNorm = 0.0097, lr_0 = 1.6006e-04
Loss = 2.4731e-03, PNorm = 51.1274, GNorm = 0.0958, lr_0 = 1.5883e-04
Loss = 5.0441e-04, PNorm = 51.1389, GNorm = 0.0025, lr_0 = 1.5761e-04
Loss = 7.3779e-04, PNorm = 51.1466, GNorm = 0.0006, lr_0 = 1.5641e-04
Loss = 1.0606e-03, PNorm = 51.1533, GNorm = 0.0221, lr_0 = 1.5521e-04
Loss = 1.0836e-03, PNorm = 51.1607, GNorm = 0.0071, lr_0 = 1.5402e-04
Loss = 4.2409e-03, PNorm = 51.1679, GNorm = 0.0211, lr_0 = 1.5284e-04
Loss = 1.2466e-03, PNorm = 51.1768, GNorm = 0.0028, lr_0 = 1.5167e-04
Loss = 6.3215e-03, PNorm = 51.1863, GNorm = 0.1817, lr_0 = 1.5051e-04
Loss = 8.0515e-04, PNorm = 51.1965, GNorm = 0.0059, lr_0 = 1.4936e-04
Loss = 1.1304e-03, PNorm = 51.2067, GNorm = 0.0005, lr_0 = 1.4822e-04
Validation auc = 0.758644
Epoch 25
Loss = 5.7982e-03, PNorm = 51.2152, GNorm = 0.0013, lr_0 = 1.4708e-04
Loss = 1.3244e-03, PNorm = 51.2241, GNorm = 0.0012, lr_0 = 1.4595e-04
Loss = 2.0025e-03, PNorm = 51.2329, GNorm = 0.0006, lr_0 = 1.4484e-04
Loss = 5.4414e-04, PNorm = 51.2404, GNorm = 0.0046, lr_0 = 1.4373e-04
Loss = 2.1822e-03, PNorm = 51.2478, GNorm = 0.0021, lr_0 = 1.4263e-04
Loss = 1.1536e-03, PNorm = 51.2547, GNorm = 0.0030, lr_0 = 1.4154e-04
Loss = 1.0448e-03, PNorm = 51.2634, GNorm = 0.0009, lr_0 = 1.4045e-04
Loss = 1.2566e-03, PNorm = 51.2708, GNorm = 0.0112, lr_0 = 1.3938e-04
Loss = 3.0232e-03, PNorm = 51.2788, GNorm = 0.0058, lr_0 = 1.3831e-04
Loss = 7.2999e-04, PNorm = 51.2869, GNorm = 0.0061, lr_0 = 1.3725e-04
Loss = 8.8879e-04, PNorm = 51.2957, GNorm = 0.0022, lr_0 = 1.3620e-04
Loss = 3.6464e-03, PNorm = 51.2965, GNorm = 0.0129, lr_0 = 1.3610e-04
Validation auc = 0.761280
Epoch 26
Loss = 2.0945e-03, PNorm = 51.3029, GNorm = 0.1284, lr_0 = 1.3505e-04
Loss = 1.3585e-03, PNorm = 51.3098, GNorm = 0.0025, lr_0 = 1.3402e-04
Loss = 1.1196e-02, PNorm = 51.3172, GNorm = 0.0012, lr_0 = 1.3299e-04
Loss = 7.0878e-04, PNorm = 51.3246, GNorm = 0.0066, lr_0 = 1.3198e-04
Loss = 1.1103e-03, PNorm = 51.3319, GNorm = 0.0085, lr_0 = 1.3097e-04
Loss = 1.4115e-03, PNorm = 51.3410, GNorm = 0.0004, lr_0 = 1.2996e-04
Loss = 2.7335e-04, PNorm = 51.3477, GNorm = 0.0035, lr_0 = 1.2897e-04
Loss = 3.4620e-03, PNorm = 51.3546, GNorm = 0.0771, lr_0 = 1.2798e-04
Loss = 6.0986e-04, PNorm = 51.3624, GNorm = 0.0015, lr_0 = 1.2700e-04
Loss = 4.6250e-04, PNorm = 51.3689, GNorm = 0.0009, lr_0 = 1.2603e-04
Validation auc = 0.760948
Epoch 27
Loss = 7.5550e-04, PNorm = 51.3754, GNorm = 0.0109, lr_0 = 1.2497e-04
Loss = 1.6728e-03, PNorm = 51.3812, GNorm = 0.0012, lr_0 = 1.2401e-04
Loss = 1.4883e-03, PNorm = 51.3868, GNorm = 0.0287, lr_0 = 1.2306e-04
Loss = 3.1498e-03, PNorm = 51.3934, GNorm = 0.0159, lr_0 = 1.2212e-04
Loss = 1.2089e-03, PNorm = 51.4020, GNorm = 0.0020, lr_0 = 1.2118e-04
Loss = 8.7485e-04, PNorm = 51.4093, GNorm = 0.0101, lr_0 = 1.2026e-04
Loss = 1.5459e-03, PNorm = 51.4156, GNorm = 0.0019, lr_0 = 1.1934e-04
Loss = 1.7575e-03, PNorm = 51.4217, GNorm = 0.0466, lr_0 = 1.1842e-04
Loss = 1.1817e-03, PNorm = 51.4295, GNorm = 0.0031, lr_0 = 1.1752e-04
Loss = 4.9964e-04, PNorm = 51.4358, GNorm = 0.0009, lr_0 = 1.1662e-04
Loss = 1.5114e-03, PNorm = 51.4407, GNorm = 0.0004, lr_0 = 1.1572e-04
Validation auc = 0.760449
Epoch 28
Loss = 4.9644e-04, PNorm = 51.4484, GNorm = 0.0065, lr_0 = 1.1475e-04
Loss = 1.1611e-03, PNorm = 51.4559, GNorm = 0.0103, lr_0 = 1.1387e-04
Loss = 5.1094e-04, PNorm = 51.4618, GNorm = 0.0014, lr_0 = 1.1300e-04
Loss = 3.3841e-03, PNorm = 51.4667, GNorm = 0.0296, lr_0 = 1.1213e-04
Loss = 1.6418e-03, PNorm = 51.4729, GNorm = 0.0072, lr_0 = 1.1127e-04
Loss = 1.0518e-03, PNorm = 51.4776, GNorm = 0.0433, lr_0 = 1.1042e-04
Loss = 6.2610e-04, PNorm = 51.4825, GNorm = 0.0007, lr_0 = 1.0958e-04
Loss = 1.4731e-03, PNorm = 51.4883, GNorm = 0.0047, lr_0 = 1.0874e-04
Loss = 3.7771e-03, PNorm = 51.4953, GNorm = 0.0060, lr_0 = 1.0791e-04
Loss = 1.6505e-03, PNorm = 51.5020, GNorm = 0.0063, lr_0 = 1.0708e-04
Loss = 6.5250e-04, PNorm = 51.5087, GNorm = 0.0061, lr_0 = 1.0626e-04
Validation auc = 0.760825
Epoch 29
Loss = 1.9011e-03, PNorm = 51.5143, GNorm = 0.1007, lr_0 = 1.0545e-04
Loss = 8.7078e-04, PNorm = 51.5202, GNorm = 0.0139, lr_0 = 1.0464e-04
Loss = 2.3574e-03, PNorm = 51.5271, GNorm = 0.0025, lr_0 = 1.0384e-04
Loss = 1.7405e-03, PNorm = 51.5344, GNorm = 0.0014, lr_0 = 1.0304e-04
Loss = 2.9279e-03, PNorm = 51.5422, GNorm = 0.0081, lr_0 = 1.0225e-04
Loss = 5.0918e-03, PNorm = 51.5471, GNorm = 0.0245, lr_0 = 1.0147e-04
Loss = 1.5839e-03, PNorm = 51.5518, GNorm = 0.1229, lr_0 = 1.0069e-04
Loss = 8.6224e-04, PNorm = 51.5581, GNorm = 0.0319, lr_0 = 1.0000e-04
Loss = 1.1675e-03, PNorm = 51.5639, GNorm = 0.0014, lr_0 = 1.0000e-04
Loss = 2.5342e-03, PNorm = 51.5684, GNorm = 0.0031, lr_0 = 1.0000e-04
Validation auc = 0.760177
Model 0 best validation auc = 0.836321 on epoch 1
Loading pretrained parameter "ffn.1.weight".
Loading pretrained parameter "ffn.1.bias".
Loading pretrained parameter "ffn.4.weight".
Loading pretrained parameter "ffn.4.bias".
Model 0 test auc = 0.685826
Ensemble test auc = 0.685826
Fold 2
Splitting data with seed 2
Total scaffolds = 4,180 | train scaffolds = 3,157 | val scaffolds = 507 | test scaffolds = 516
Label averages per scaffold, in decreasing order of scaffold frequency,capped at 10 scaffolds and 20 labels:
Scaffold 0
Task 0: count = 468 | target average = 0.019231
Task 1: count = 468 | target average = 0.014957


Scaffold 1
Task 0: count = 383 | target average = 0.007833
Task 1: count = 383 | target average = 0.013055


Scaffold 2
Task 0: count = 44 | target average = 0.000000
Task 1: count = 44 | target average = 0.000000


Scaffold 3
Task 0: count = 35 | target average = 0.000000
Task 1: count = 35 | target average = 0.000000


Scaffold 4
Task 0: count = 34 | target average = 0.000000
Task 1: count = 34 | target average = 0.000000


Scaffold 5
Task 0: count = 30 | target average = 0.000000
Task 1: count = 30 | target average = 0.000000


Scaffold 6
Task 0: count = 28 | target average = 0.000000
Task 1: count = 28 | target average = 0.000000


Scaffold 7
Task 0: count = 27 | target average = 0.074074
Task 1: count = 27 | target average = 0.074074


Scaffold 8
Task 0: count = 25 | target average = 0.040000
Task 1: count = 25 | target average = 0.000000


Scaffold 9
Task 0: count = 23 | target average = 0.000000
Task 1: count = 23 | target average = 0.000000


Class sizes
hit_inh 0: 97.79%, 1: 2.21%
hit_kill 0: 98.75%, 1: 1.25%
Total size = 6,708 | train size = 5,366 | val size = 670 | test size = 672
Building model 0
MoleculeModel(
  (sigmoid): Sigmoid()
  (encoder): MPN()
  (ffn): Sequential(
    (0): Dropout(p=0.2, inplace=False)
    (1): Linear(in_features=2048, out_features=1000, bias=True)
    (2): ReLU()
    (3): Dropout(p=0.2, inplace=False)
    (4): Linear(in_features=1000, out_features=2, bias=True)
  )
)
Number of parameters = 2,051,002
Epoch 0
Loss = 6.3302e-01, PNorm = 36.7273, GNorm = 1.0956, lr_0 = 1.4626e-04
Loss = 4.0893e-01, PNorm = 36.7475, GNorm = 0.7288, lr_0 = 1.8832e-04
Loss = 2.6328e-01, PNorm = 36.7853, GNorm = 0.4808, lr_0 = 2.3037e-04
Loss = 1.4387e-01, PNorm = 36.8358, GNorm = 0.3014, lr_0 = 2.7243e-04
Loss = 1.0819e-01, PNorm = 36.8889, GNorm = 0.1986, lr_0 = 3.1449e-04
Loss = 1.3522e-01, PNorm = 36.9316, GNorm = 0.1716, lr_0 = 3.5654e-04
Loss = 1.0318e-01, PNorm = 36.9691, GNorm = 0.1578, lr_0 = 3.9860e-04
Loss = 9.6907e-02, PNorm = 37.0078, GNorm = 0.1051, lr_0 = 4.4065e-04
Loss = 1.0873e-01, PNorm = 37.0479, GNorm = 0.1284, lr_0 = 4.8271e-04
Loss = 1.3981e-01, PNorm = 37.0888, GNorm = 0.1969, lr_0 = 5.2477e-04
Validation auc = 0.614263
Epoch 1
Loss = 5.0418e-02, PNorm = 37.1542, GNorm = 0.1095, lr_0 = 5.7103e-04
Loss = 6.8966e-02, PNorm = 37.2326, GNorm = 0.1802, lr_0 = 6.1308e-04
Loss = 6.8987e-02, PNorm = 37.3254, GNorm = 0.0895, lr_0 = 6.5514e-04
Loss = 5.7226e-02, PNorm = 37.4312, GNorm = 0.1939, lr_0 = 6.9720e-04
Loss = 6.4883e-02, PNorm = 37.5387, GNorm = 0.1585, lr_0 = 7.3925e-04
Loss = 6.5561e-02, PNorm = 37.6478, GNorm = 0.1033, lr_0 = 7.8131e-04
Loss = 5.3232e-02, PNorm = 37.7712, GNorm = 0.1309, lr_0 = 8.2336e-04
Loss = 3.3201e-02, PNorm = 37.9130, GNorm = 0.0957, lr_0 = 8.6542e-04
Loss = 6.7994e-02, PNorm = 38.0649, GNorm = 0.0739, lr_0 = 9.0748e-04
Loss = 8.8453e-02, PNorm = 38.2214, GNorm = 0.1919, lr_0 = 9.4953e-04
Loss = 6.1007e-02, PNorm = 38.4203, GNorm = 0.1382, lr_0 = 9.9159e-04
Validation auc = 0.677139
Epoch 2
Loss = 4.1963e-02, PNorm = 38.6853, GNorm = 0.0731, lr_0 = 9.9311e-04
Loss = 3.6807e-02, PNorm = 38.9611, GNorm = 0.1435, lr_0 = 9.8550e-04
Loss = 4.4818e-02, PNorm = 39.2257, GNorm = 0.0951, lr_0 = 9.7796e-04
Loss = 4.7598e-02, PNorm = 39.4449, GNorm = 0.0620, lr_0 = 9.7047e-04
Loss = 3.5193e-02, PNorm = 39.6474, GNorm = 0.1596, lr_0 = 9.6304e-04
Loss = 3.4129e-02, PNorm = 39.8476, GNorm = 0.1534, lr_0 = 9.5567e-04
Loss = 2.6864e-02, PNorm = 40.0221, GNorm = 0.0371, lr_0 = 9.4835e-04
Loss = 4.3597e-02, PNorm = 40.1878, GNorm = 0.1880, lr_0 = 9.4109e-04
Loss = 2.8082e-02, PNorm = 40.3589, GNorm = 0.0433, lr_0 = 9.3389e-04
Loss = 4.9619e-02, PNorm = 40.5279, GNorm = 0.2003, lr_0 = 9.2674e-04
Loss = 4.5808e-02, PNorm = 40.7180, GNorm = 0.0669, lr_0 = 9.1964e-04
Validation auc = 0.728990
Epoch 3
Loss = 3.4327e-02, PNorm = 40.9607, GNorm = 0.0909, lr_0 = 9.1190e-04
Loss = 1.2720e-02, PNorm = 41.1584, GNorm = 0.0148, lr_0 = 9.0492e-04
Loss = 2.5173e-02, PNorm = 41.3333, GNorm = 0.0812, lr_0 = 8.9799e-04
Loss = 1.4632e-02, PNorm = 41.4932, GNorm = 0.0371, lr_0 = 8.9111e-04
Loss = 1.6820e-02, PNorm = 41.6369, GNorm = 0.0548, lr_0 = 8.8429e-04
Loss = 3.9857e-02, PNorm = 41.7754, GNorm = 0.0146, lr_0 = 8.7752e-04
Loss = 3.1760e-02, PNorm = 41.9206, GNorm = 0.1137, lr_0 = 8.7080e-04
Loss = 2.5921e-02, PNorm = 42.0933, GNorm = 0.0256, lr_0 = 8.6414e-04
Loss = 2.8984e-02, PNorm = 42.2780, GNorm = 0.0427, lr_0 = 8.5752e-04
Loss = 2.2845e-02, PNorm = 42.4628, GNorm = 0.0690, lr_0 = 8.5095e-04
Validation auc = 0.735088
Epoch 4
Loss = 4.1434e-03, PNorm = 42.6264, GNorm = 0.0223, lr_0 = 8.4444e-04
Loss = 1.4220e-02, PNorm = 42.7757, GNorm = 0.0681, lr_0 = 8.3797e-04
Loss = 1.4544e-02, PNorm = 42.9185, GNorm = 0.2329, lr_0 = 8.3156e-04
Loss = 1.1724e-02, PNorm = 43.0407, GNorm = 0.0869, lr_0 = 8.2519e-04
Loss = 2.0928e-02, PNorm = 43.1626, GNorm = 0.0616, lr_0 = 8.1888e-04
Loss = 1.5284e-02, PNorm = 43.2877, GNorm = 0.1593, lr_0 = 8.1261e-04
Loss = 1.9392e-02, PNorm = 43.4082, GNorm = 0.0314, lr_0 = 8.0638e-04
Loss = 9.7281e-03, PNorm = 43.5504, GNorm = 0.0515, lr_0 = 8.0021e-04
Loss = 1.2430e-02, PNorm = 43.6835, GNorm = 0.0716, lr_0 = 7.9408e-04
Loss = 1.9977e-02, PNorm = 43.8107, GNorm = 0.0074, lr_0 = 7.8800e-04
Loss = 1.6829e-02, PNorm = 43.9347, GNorm = 0.0350, lr_0 = 7.8197e-04
Validation auc = 0.738806
Epoch 5
Loss = 1.0887e-02, PNorm = 44.0695, GNorm = 0.0317, lr_0 = 7.7539e-04
Loss = 1.4707e-02, PNorm = 44.2029, GNorm = 0.0118, lr_0 = 7.6945e-04
Loss = 1.9483e-02, PNorm = 44.3451, GNorm = 0.0336, lr_0 = 7.6356e-04
Loss = 5.1967e-03, PNorm = 44.4826, GNorm = 0.0468, lr_0 = 7.5772e-04
Loss = 1.3122e-02, PNorm = 44.6137, GNorm = 0.0377, lr_0 = 7.5191e-04
Loss = 1.1252e-02, PNorm = 44.7221, GNorm = 0.0172, lr_0 = 7.4616e-04
Loss = 1.0611e-02, PNorm = 44.8106, GNorm = 0.0233, lr_0 = 7.4044e-04
Loss = 8.6708e-03, PNorm = 44.8968, GNorm = 0.0182, lr_0 = 7.3478e-04
Loss = 9.5260e-03, PNorm = 44.9831, GNorm = 0.0036, lr_0 = 7.2915e-04
Loss = 9.2025e-03, PNorm = 45.0730, GNorm = 0.0443, lr_0 = 7.2357e-04
Loss = 1.4665e-02, PNorm = 45.1627, GNorm = 0.0416, lr_0 = 7.1803e-04
Validation auc = 0.725679
Epoch 6
Loss = 9.4719e-03, PNorm = 45.2551, GNorm = 0.0282, lr_0 = 7.1198e-04
Loss = 7.7328e-03, PNorm = 45.3323, GNorm = 0.1392, lr_0 = 7.0653e-04
Loss = 4.3004e-03, PNorm = 45.4024, GNorm = 0.0817, lr_0 = 7.0112e-04
Loss = 9.7227e-03, PNorm = 45.4822, GNorm = 0.0069, lr_0 = 6.9576e-04
Loss = 6.5869e-03, PNorm = 45.5613, GNorm = 0.2253, lr_0 = 6.9043e-04
Loss = 1.0247e-02, PNorm = 45.6478, GNorm = 0.1042, lr_0 = 6.8514e-04
Loss = 9.5697e-03, PNorm = 45.7382, GNorm = 0.0430, lr_0 = 6.7990e-04
Loss = 9.9473e-03, PNorm = 45.8262, GNorm = 0.2128, lr_0 = 6.7469e-04
Loss = 8.0098e-03, PNorm = 45.9071, GNorm = 0.1840, lr_0 = 6.6953e-04
Loss = 1.1945e-02, PNorm = 45.9829, GNorm = 0.0154, lr_0 = 6.6440e-04
Loss = 1.2940e-02, PNorm = 46.0708, GNorm = 0.0763, lr_0 = 6.5931e-04
Validation auc = 0.728658
Epoch 7
Loss = 3.1566e-03, PNorm = 46.1469, GNorm = 0.0184, lr_0 = 6.5427e-04
Loss = 4.1434e-03, PNorm = 46.2081, GNorm = 0.0179, lr_0 = 6.4926e-04
Loss = 4.3760e-03, PNorm = 46.2637, GNorm = 0.0052, lr_0 = 6.4429e-04
Loss = 4.4971e-03, PNorm = 46.3131, GNorm = 0.0275, lr_0 = 6.3935e-04
Loss = 3.2666e-03, PNorm = 46.3614, GNorm = 0.0254, lr_0 = 6.3446e-04
Loss = 9.7226e-03, PNorm = 46.4145, GNorm = 0.0713, lr_0 = 6.2960e-04
Loss = 8.6469e-03, PNorm = 46.4629, GNorm = 0.0080, lr_0 = 6.2478e-04
Loss = 1.1915e-02, PNorm = 46.5203, GNorm = 0.1157, lr_0 = 6.2000e-04
Loss = 8.3706e-03, PNorm = 46.5838, GNorm = 0.0356, lr_0 = 6.1525e-04
Loss = 7.6774e-03, PNorm = 46.6458, GNorm = 0.0200, lr_0 = 6.1054e-04
Validation auc = 0.719843
Epoch 8
Loss = 4.8634e-03, PNorm = 46.7146, GNorm = 0.0301, lr_0 = 6.0540e-04
Loss = 6.3396e-03, PNorm = 46.7683, GNorm = 0.1252, lr_0 = 6.0077e-04
Loss = 4.5697e-03, PNorm = 46.8215, GNorm = 0.0240, lr_0 = 5.9617e-04
Loss = 3.4631e-03, PNorm = 46.8704, GNorm = 0.0261, lr_0 = 5.9160e-04
Loss = 5.8901e-03, PNorm = 46.9176, GNorm = 0.0085, lr_0 = 5.8707e-04
Loss = 5.0583e-03, PNorm = 46.9653, GNorm = 0.0360, lr_0 = 5.8258e-04
Loss = 3.3113e-03, PNorm = 47.0102, GNorm = 0.0603, lr_0 = 5.7812e-04
Loss = 5.8741e-03, PNorm = 47.0536, GNorm = 0.0884, lr_0 = 5.7369e-04
Loss = 3.9585e-03, PNorm = 47.0998, GNorm = 0.0059, lr_0 = 5.6930e-04
Loss = 8.5216e-03, PNorm = 47.1462, GNorm = 0.0174, lr_0 = 5.6494e-04
Loss = 1.3021e-02, PNorm = 47.2022, GNorm = 0.0470, lr_0 = 5.6062e-04
Validation auc = 0.722415
Epoch 9
Loss = 3.8787e-03, PNorm = 47.2622, GNorm = 0.0284, lr_0 = 5.5590e-04
Loss = 4.8200e-03, PNorm = 47.3221, GNorm = 0.0180, lr_0 = 5.5164e-04
Loss = 3.9783e-03, PNorm = 47.3748, GNorm = 0.0102, lr_0 = 5.4742e-04
Loss = 5.1016e-03, PNorm = 47.4229, GNorm = 0.0075, lr_0 = 5.4323e-04
Loss = 4.7654e-03, PNorm = 47.4745, GNorm = 0.0601, lr_0 = 5.3907e-04
Loss = 4.4881e-03, PNorm = 47.5241, GNorm = 0.0064, lr_0 = 5.3494e-04
Loss = 7.3455e-03, PNorm = 47.5721, GNorm = 0.1251, lr_0 = 5.3084e-04
Loss = 6.2992e-03, PNorm = 47.6172, GNorm = 0.0360, lr_0 = 5.2678e-04
Loss = 5.4996e-03, PNorm = 47.6595, GNorm = 0.0046, lr_0 = 5.2275e-04
Loss = 2.9228e-03, PNorm = 47.6983, GNorm = 0.0204, lr_0 = 5.1874e-04
Loss = 7.8348e-03, PNorm = 47.7409, GNorm = 0.0242, lr_0 = 5.1477e-04
Validation auc = 0.716377
Epoch 10
Loss = 1.0545e-03, PNorm = 47.7804, GNorm = 0.0199, lr_0 = 5.1083e-04
Loss = 3.3887e-03, PNorm = 47.8205, GNorm = 0.0064, lr_0 = 5.0692e-04
Loss = 7.3927e-03, PNorm = 47.8629, GNorm = 0.0365, lr_0 = 5.0304e-04
Loss = 6.7575e-03, PNorm = 47.9056, GNorm = 0.0128, lr_0 = 4.9919e-04
Loss = 8.2420e-03, PNorm = 47.9442, GNorm = 0.0103, lr_0 = 4.9537e-04
Loss = 4.6791e-03, PNorm = 47.9819, GNorm = 0.0037, lr_0 = 4.9157e-04
Loss = 6.0563e-03, PNorm = 48.0176, GNorm = 0.0338, lr_0 = 4.8781e-04
Loss = 2.8549e-03, PNorm = 48.0519, GNorm = 0.0435, lr_0 = 4.8408e-04
Loss = 6.3921e-03, PNorm = 48.0954, GNorm = 0.0434, lr_0 = 4.8037e-04
Loss = 2.7354e-03, PNorm = 48.1461, GNorm = 0.0021, lr_0 = 4.7669e-04
Loss = 5.6250e-03, PNorm = 48.1927, GNorm = 0.0495, lr_0 = 4.7304e-04
Loss = 2.6606e-03, PNorm = 48.1973, GNorm = 0.0196, lr_0 = 4.7268e-04
Validation auc = 0.718980
Epoch 11
Loss = 5.7093e-03, PNorm = 48.2417, GNorm = 0.0058, lr_0 = 4.6906e-04
Loss = 3.9505e-03, PNorm = 48.2842, GNorm = 0.0119, lr_0 = 4.6547e-04
Loss = 4.6372e-03, PNorm = 48.3209, GNorm = 0.0426, lr_0 = 4.6191e-04
Loss = 1.6320e-03, PNorm = 48.3552, GNorm = 0.0092, lr_0 = 4.5837e-04
Loss = 2.6249e-03, PNorm = 48.3917, GNorm = 0.0143, lr_0 = 4.5486e-04
Loss = 2.1241e-03, PNorm = 48.4307, GNorm = 0.0046, lr_0 = 4.5138e-04
Loss = 2.8286e-03, PNorm = 48.4648, GNorm = 0.0035, lr_0 = 4.4792e-04
Loss = 2.9592e-03, PNorm = 48.4941, GNorm = 0.0862, lr_0 = 4.4449e-04
Loss = 4.1251e-03, PNorm = 48.5240, GNorm = 0.0027, lr_0 = 4.4109e-04
Loss = 6.0901e-03, PNorm = 48.5595, GNorm = 0.0336, lr_0 = 4.3771e-04
Validation auc = 0.713719
Epoch 12
Loss = 1.2348e-03, PNorm = 48.5912, GNorm = 0.0023, lr_0 = 4.3403e-04
Loss = 4.3190e-03, PNorm = 48.6165, GNorm = 0.0022, lr_0 = 4.3070e-04
Loss = 6.3854e-03, PNorm = 48.6478, GNorm = 0.1204, lr_0 = 4.2741e-04
Loss = 9.4194e-04, PNorm = 48.6734, GNorm = 0.0013, lr_0 = 4.2413e-04
Loss = 1.8766e-03, PNorm = 48.6950, GNorm = 0.0026, lr_0 = 4.2089e-04
Loss = 4.3747e-03, PNorm = 48.7201, GNorm = 0.0031, lr_0 = 4.1766e-04
Loss = 3.9490e-03, PNorm = 48.7498, GNorm = 0.0362, lr_0 = 4.1447e-04
Loss = 4.2268e-03, PNorm = 48.7783, GNorm = 0.0026, lr_0 = 4.1129e-04
Loss = 4.6347e-03, PNorm = 48.8081, GNorm = 0.0471, lr_0 = 4.0814e-04
Loss = 3.6553e-03, PNorm = 48.8393, GNorm = 0.0270, lr_0 = 4.0502e-04
Loss = 3.2029e-03, PNorm = 48.8706, GNorm = 0.0385, lr_0 = 4.0192e-04
Validation auc = 0.712138
Epoch 13
Loss = 8.5562e-03, PNorm = 48.9069, GNorm = 0.0349, lr_0 = 3.9884e-04
Loss = 4.3403e-03, PNorm = 48.9404, GNorm = 0.0997, lr_0 = 3.9579e-04
Loss = 1.5910e-03, PNorm = 48.9725, GNorm = 0.0274, lr_0 = 3.9276e-04
Loss = 1.6509e-03, PNorm = 49.0037, GNorm = 0.0093, lr_0 = 3.8975e-04
Loss = 4.3667e-03, PNorm = 49.0318, GNorm = 0.1482, lr_0 = 3.8677e-04
Loss = 1.6596e-03, PNorm = 49.0588, GNorm = 0.0577, lr_0 = 3.8381e-04
Loss = 2.3485e-03, PNorm = 49.0912, GNorm = 0.0010, lr_0 = 3.8087e-04
Loss = 2.1733e-03, PNorm = 49.1173, GNorm = 0.0065, lr_0 = 3.7795e-04
Loss = 5.0611e-03, PNorm = 49.1417, GNorm = 0.0095, lr_0 = 3.7506e-04
Loss = 4.1602e-03, PNorm = 49.1689, GNorm = 0.0013, lr_0 = 3.7219e-04
Loss = 3.4517e-03, PNorm = 49.1929, GNorm = 0.0613, lr_0 = 3.6934e-04
Validation auc = 0.713069
Epoch 14
Loss = 2.4610e-03, PNorm = 49.2151, GNorm = 0.0341, lr_0 = 3.6623e-04
Loss = 2.7247e-03, PNorm = 49.2379, GNorm = 0.0023, lr_0 = 3.6342e-04
Loss = 1.4762e-03, PNorm = 49.2590, GNorm = 0.0075, lr_0 = 3.6064e-04
Loss = 2.9113e-03, PNorm = 49.2784, GNorm = 0.1193, lr_0 = 3.5788e-04
Loss = 1.4046e-03, PNorm = 49.2999, GNorm = 0.0076, lr_0 = 3.5514e-04
Loss = 2.9617e-03, PNorm = 49.3252, GNorm = 0.0015, lr_0 = 3.5242e-04
Loss = 8.3665e-04, PNorm = 49.3466, GNorm = 0.0066, lr_0 = 3.4972e-04
Loss = 5.8598e-03, PNorm = 49.3622, GNorm = 0.0255, lr_0 = 3.4705e-04
Loss = 4.6934e-03, PNorm = 49.3810, GNorm = 0.0115, lr_0 = 3.4439e-04
Loss = 3.4072e-03, PNorm = 49.4081, GNorm = 0.0156, lr_0 = 3.4175e-04
Validation auc = 0.710079
Epoch 15
Loss = 6.5433e-03, PNorm = 49.4389, GNorm = 0.0516, lr_0 = 3.3888e-04
Loss = 3.7610e-03, PNorm = 49.4651, GNorm = 0.2008, lr_0 = 3.3628e-04
Loss = 6.0729e-03, PNorm = 49.4907, GNorm = 0.0056, lr_0 = 3.3371e-04
Loss = 2.7461e-03, PNorm = 49.5148, GNorm = 0.0171, lr_0 = 3.3115e-04
Loss = 5.6505e-03, PNorm = 49.5370, GNorm = 0.0080, lr_0 = 3.2862e-04
Loss = 3.5098e-03, PNorm = 49.5575, GNorm = 0.0163, lr_0 = 3.2610e-04
Loss = 1.0659e-03, PNorm = 49.5793, GNorm = 0.0020, lr_0 = 3.2360e-04
Loss = 2.0165e-03, PNorm = 49.5978, GNorm = 0.0595, lr_0 = 3.2113e-04
Loss = 8.7648e-03, PNorm = 49.6182, GNorm = 0.0022, lr_0 = 3.1867e-04
Loss = 7.9736e-04, PNorm = 49.6362, GNorm = 0.0010, lr_0 = 3.1623e-04
Loss = 4.0351e-04, PNorm = 49.6501, GNorm = 0.0080, lr_0 = 3.1381e-04
Validation auc = 0.707228
Epoch 16
Loss = 1.6027e-03, PNorm = 49.6650, GNorm = 0.0015, lr_0 = 3.1140e-04
Loss = 1.6584e-03, PNorm = 49.6816, GNorm = 0.0005, lr_0 = 3.0902e-04
Loss = 1.5658e-03, PNorm = 49.6983, GNorm = 0.0083, lr_0 = 3.0665e-04
Loss = 1.5667e-03, PNorm = 49.7156, GNorm = 0.0165, lr_0 = 3.0431e-04
Loss = 1.1149e-03, PNorm = 49.7309, GNorm = 0.0133, lr_0 = 3.0198e-04
Loss = 5.0258e-03, PNorm = 49.7468, GNorm = 0.0038, lr_0 = 2.9966e-04
Loss = 9.9692e-04, PNorm = 49.7627, GNorm = 0.0024, lr_0 = 2.9737e-04
Loss = 3.6348e-03, PNorm = 49.7785, GNorm = 0.0110, lr_0 = 2.9509e-04
Loss = 2.4543e-03, PNorm = 49.8017, GNorm = 0.0007, lr_0 = 2.9283e-04
Loss = 1.5506e-03, PNorm = 49.8229, GNorm = 0.0073, lr_0 = 2.9059e-04
Loss = 8.0825e-04, PNorm = 49.8402, GNorm = 0.0026, lr_0 = 2.8837e-04
Validation auc = 0.708866
Epoch 17
Loss = 2.2099e-03, PNorm = 49.8569, GNorm = 0.0336, lr_0 = 2.8594e-04
Loss = 2.3603e-03, PNorm = 49.8744, GNorm = 0.0203, lr_0 = 2.8375e-04
Loss = 2.5208e-03, PNorm = 49.8971, GNorm = 0.0035, lr_0 = 2.8158e-04
Loss = 1.3194e-03, PNorm = 49.9163, GNorm = 0.0166, lr_0 = 2.7942e-04
Loss = 1.6703e-03, PNorm = 49.9343, GNorm = 0.0063, lr_0 = 2.7728e-04
Loss = 1.3106e-03, PNorm = 49.9519, GNorm = 0.0020, lr_0 = 2.7516e-04
Loss = 4.5771e-03, PNorm = 49.9692, GNorm = 0.0256, lr_0 = 2.7305e-04
Loss = 8.7631e-04, PNorm = 49.9889, GNorm = 0.0054, lr_0 = 2.7096e-04
Loss = 1.7833e-03, PNorm = 50.0033, GNorm = 0.0018, lr_0 = 2.6889e-04
Loss = 1.0452e-03, PNorm = 50.0163, GNorm = 0.0031, lr_0 = 2.6683e-04
Loss = 4.7120e-03, PNorm = 50.0324, GNorm = 0.1338, lr_0 = 2.6479e-04
Validation auc = 0.705094
Epoch 18
Loss = 2.7145e-03, PNorm = 50.0520, GNorm = 0.0042, lr_0 = 2.6256e-04
Loss = 1.9785e-03, PNorm = 50.0673, GNorm = 0.0032, lr_0 = 2.6055e-04
Loss = 3.5580e-03, PNorm = 50.0824, GNorm = 0.0048, lr_0 = 2.5855e-04
Loss = 1.7295e-03, PNorm = 50.0944, GNorm = 0.0093, lr_0 = 2.5657e-04
Loss = 2.3282e-03, PNorm = 50.1083, GNorm = 0.0060, lr_0 = 2.5461e-04
Loss = 1.0060e-03, PNorm = 50.1221, GNorm = 0.0130, lr_0 = 2.5266e-04
Loss = 1.6558e-03, PNorm = 50.1344, GNorm = 0.0192, lr_0 = 2.5073e-04
Loss = 7.4913e-04, PNorm = 50.1481, GNorm = 0.0079, lr_0 = 2.4881e-04
Loss = 6.4836e-03, PNorm = 50.1652, GNorm = 0.0032, lr_0 = 2.4690e-04
Loss = 3.4395e-03, PNorm = 50.1835, GNorm = 0.0103, lr_0 = 2.4501e-04
Validation auc = 0.706419
Epoch 19
Loss = 8.0160e-04, PNorm = 50.2006, GNorm = 0.0077, lr_0 = 2.4314e-04
Loss = 1.0933e-03, PNorm = 50.2155, GNorm = 0.0107, lr_0 = 2.4127e-04
Loss = 2.7703e-03, PNorm = 50.2378, GNorm = 0.0012, lr_0 = 2.3943e-04
Loss = 8.7499e-04, PNorm = 50.2561, GNorm = 0.0052, lr_0 = 2.3759e-04
Loss = 2.7280e-03, PNorm = 50.2713, GNorm = 0.0120, lr_0 = 2.3577e-04
Loss = 1.5397e-03, PNorm = 50.2885, GNorm = 0.0149, lr_0 = 2.3397e-04
Loss = 8.1712e-04, PNorm = 50.3030, GNorm = 0.0005, lr_0 = 2.3218e-04
Loss = 1.8702e-03, PNorm = 50.3165, GNorm = 0.0080, lr_0 = 2.3040e-04
Loss = 3.7058e-03, PNorm = 50.3290, GNorm = 0.0050, lr_0 = 2.2864e-04
Loss = 3.4247e-03, PNorm = 50.3422, GNorm = 0.0491, lr_0 = 2.2689e-04
Loss = 6.6063e-04, PNorm = 50.3568, GNorm = 0.0020, lr_0 = 2.2515e-04
Validation auc = 0.704044
Epoch 20
Loss = 1.1362e-03, PNorm = 50.3691, GNorm = 0.0016, lr_0 = 2.2325e-04
Loss = 2.8975e-03, PNorm = 50.3811, GNorm = 0.0021, lr_0 = 2.2154e-04
Loss = 6.8552e-04, PNorm = 50.3910, GNorm = 0.0169, lr_0 = 2.1985e-04
Loss = 2.8140e-03, PNorm = 50.4022, GNorm = 0.0065, lr_0 = 2.1816e-04
Loss = 2.0278e-03, PNorm = 50.4151, GNorm = 0.0025, lr_0 = 2.1649e-04
Loss = 1.1362e-03, PNorm = 50.4273, GNorm = 0.0089, lr_0 = 2.1484e-04
Loss = 6.8845e-04, PNorm = 50.4377, GNorm = 0.0007, lr_0 = 2.1319e-04
Loss = 2.0759e-03, PNorm = 50.4468, GNorm = 0.0706, lr_0 = 2.1156e-04
Loss = 6.0532e-04, PNorm = 50.4570, GNorm = 0.0014, lr_0 = 2.0994e-04
Loss = 7.9677e-03, PNorm = 50.4689, GNorm = 0.0015, lr_0 = 2.0833e-04
Loss = 1.5124e-03, PNorm = 50.4800, GNorm = 0.0152, lr_0 = 2.0674e-04
Validation auc = 0.704111
Epoch 21
Loss = 2.3144e-03, PNorm = 50.4926, GNorm = 0.0121, lr_0 = 2.0500e-04
Loss = 3.0095e-03, PNorm = 50.5064, GNorm = 0.1230, lr_0 = 2.0343e-04
Loss = 5.9383e-03, PNorm = 50.5201, GNorm = 0.0063, lr_0 = 2.0187e-04
Loss = 1.2334e-03, PNorm = 50.5337, GNorm = 0.0161, lr_0 = 2.0033e-04
Loss = 9.2883e-04, PNorm = 50.5457, GNorm = 0.0001, lr_0 = 1.9879e-04
Loss = 3.2587e-03, PNorm = 50.5545, GNorm = 0.0044, lr_0 = 1.9727e-04
Loss = 1.7511e-03, PNorm = 50.5625, GNorm = 0.0053, lr_0 = 1.9576e-04
Loss = 1.3286e-03, PNorm = 50.5706, GNorm = 0.0008, lr_0 = 1.9426e-04
Loss = 1.4081e-03, PNorm = 50.5828, GNorm = 0.0020, lr_0 = 1.9277e-04
Loss = 3.8165e-03, PNorm = 50.5930, GNorm = 0.0305, lr_0 = 1.9130e-04
Loss = 4.3478e-03, PNorm = 50.6049, GNorm = 0.0218, lr_0 = 1.8983e-04
Validation auc = 0.702815
Epoch 22
Loss = 4.1151e-03, PNorm = 50.6200, GNorm = 0.0074, lr_0 = 1.8838e-04
Loss = 9.4053e-04, PNorm = 50.6346, GNorm = 0.0055, lr_0 = 1.8694e-04
Loss = 1.0111e-03, PNorm = 50.6479, GNorm = 0.0067, lr_0 = 1.8551e-04
Loss = 9.8382e-04, PNorm = 50.6592, GNorm = 0.0302, lr_0 = 1.8409e-04
Loss = 1.4577e-03, PNorm = 50.6686, GNorm = 0.0443, lr_0 = 1.8268e-04
Loss = 9.9168e-04, PNorm = 50.6792, GNorm = 0.0050, lr_0 = 1.8128e-04
Loss = 2.2727e-03, PNorm = 50.6905, GNorm = 0.0045, lr_0 = 1.7989e-04
Loss = 2.2100e-03, PNorm = 50.7023, GNorm = 0.0266, lr_0 = 1.7851e-04
Loss = 1.0524e-02, PNorm = 50.7137, GNorm = 0.0065, lr_0 = 1.7715e-04
Loss = 1.8703e-03, PNorm = 50.7238, GNorm = 0.0047, lr_0 = 1.7579e-04
Validation auc = 0.701954
Epoch 23
Loss = 5.7500e-03, PNorm = 50.7364, GNorm = 0.0858, lr_0 = 1.7431e-04
Loss = 5.9373e-03, PNorm = 50.7454, GNorm = 0.0032, lr_0 = 1.7298e-04
Loss = 2.9657e-03, PNorm = 50.7555, GNorm = 0.0027, lr_0 = 1.7165e-04
Loss = 3.5584e-03, PNorm = 50.7677, GNorm = 0.0234, lr_0 = 1.7034e-04
Loss = 1.4737e-03, PNorm = 50.7808, GNorm = 0.0014, lr_0 = 1.6903e-04
Loss = 1.3359e-03, PNorm = 50.7927, GNorm = 0.0331, lr_0 = 1.6774e-04
Loss = 1.5474e-03, PNorm = 50.8048, GNorm = 0.0212, lr_0 = 1.6645e-04
Loss = 1.3929e-03, PNorm = 50.8174, GNorm = 0.0047, lr_0 = 1.6518e-04
Loss = 1.1989e-03, PNorm = 50.8272, GNorm = 0.0702, lr_0 = 1.6392e-04
Loss = 2.4725e-03, PNorm = 50.8408, GNorm = 0.0007, lr_0 = 1.6266e-04
Loss = 1.4989e-03, PNorm = 50.8519, GNorm = 0.0096, lr_0 = 1.6142e-04
Validation auc = 0.706875
Epoch 24
Loss = 9.1292e-03, PNorm = 50.8622, GNorm = 0.0037, lr_0 = 1.6006e-04
Loss = 1.7382e-03, PNorm = 50.8710, GNorm = 0.0006, lr_0 = 1.5883e-04
Loss = 8.8982e-04, PNorm = 50.8784, GNorm = 0.0008, lr_0 = 1.5761e-04
Loss = 1.6926e-03, PNorm = 50.8856, GNorm = 0.0201, lr_0 = 1.5641e-04
Loss = 3.7964e-03, PNorm = 50.8921, GNorm = 0.0370, lr_0 = 1.5521e-04
Loss = 7.5799e-04, PNorm = 50.9000, GNorm = 0.0032, lr_0 = 1.5402e-04
Loss = 1.4016e-03, PNorm = 50.9076, GNorm = 0.0025, lr_0 = 1.5284e-04
Loss = 1.1662e-03, PNorm = 50.9148, GNorm = 0.0029, lr_0 = 1.5167e-04
Loss = 2.4102e-03, PNorm = 50.9228, GNorm = 0.0224, lr_0 = 1.5051e-04
Loss = 2.8689e-03, PNorm = 50.9307, GNorm = 0.0005, lr_0 = 1.4936e-04
Loss = 8.6387e-04, PNorm = 50.9398, GNorm = 0.0070, lr_0 = 1.4822e-04
Validation auc = 0.706286
Epoch 25
Loss = 6.7130e-04, PNorm = 50.9462, GNorm = 0.0014, lr_0 = 1.4708e-04
Loss = 3.5112e-03, PNorm = 50.9513, GNorm = 0.0033, lr_0 = 1.4595e-04
Loss = 8.8691e-04, PNorm = 50.9568, GNorm = 0.0088, lr_0 = 1.4484e-04
Loss = 3.0281e-03, PNorm = 50.9626, GNorm = 0.0168, lr_0 = 1.4373e-04
Loss = 8.5638e-04, PNorm = 50.9696, GNorm = 0.0019, lr_0 = 1.4263e-04
Loss = 1.2076e-03, PNorm = 50.9763, GNorm = 0.0012, lr_0 = 1.4154e-04
Loss = 3.6783e-03, PNorm = 50.9839, GNorm = 0.0073, lr_0 = 1.4045e-04
Loss = 1.1496e-03, PNorm = 50.9912, GNorm = 0.0060, lr_0 = 1.3938e-04
Loss = 8.7407e-04, PNorm = 51.0001, GNorm = 0.0207, lr_0 = 1.3831e-04
Loss = 2.6676e-03, PNorm = 51.0084, GNorm = 0.0671, lr_0 = 1.3725e-04
Loss = 3.0205e-03, PNorm = 51.0174, GNorm = 0.0060, lr_0 = 1.3620e-04
Loss = 5.6666e-04, PNorm = 51.0183, GNorm = 0.0122, lr_0 = 1.3610e-04
Validation auc = 0.707749
Epoch 26
Loss = 1.1045e-03, PNorm = 51.0265, GNorm = 0.0009, lr_0 = 1.3505e-04
Loss = 2.6693e-03, PNorm = 51.0352, GNorm = 0.0018, lr_0 = 1.3402e-04
Loss = 1.4246e-03, PNorm = 51.0455, GNorm = 0.0212, lr_0 = 1.3299e-04
Loss = 1.5136e-03, PNorm = 51.0533, GNorm = 0.0562, lr_0 = 1.3198e-04
Loss = 2.4320e-03, PNorm = 51.0616, GNorm = 0.0128, lr_0 = 1.3097e-04
Loss = 3.0673e-03, PNorm = 51.0709, GNorm = 0.0091, lr_0 = 1.2996e-04
Loss = 2.4270e-03, PNorm = 51.0812, GNorm = 0.0551, lr_0 = 1.2897e-04
Loss = 5.7182e-03, PNorm = 51.0893, GNorm = 0.0065, lr_0 = 1.2798e-04
Loss = 3.1380e-03, PNorm = 51.0987, GNorm = 0.0132, lr_0 = 1.2700e-04
Loss = 3.8124e-03, PNorm = 51.1090, GNorm = 0.0016, lr_0 = 1.2603e-04
Validation auc = 0.709125
Epoch 27
Loss = 7.1823e-03, PNorm = 51.1176, GNorm = 0.0686, lr_0 = 1.2497e-04
Loss = 6.4380e-04, PNorm = 51.1259, GNorm = 0.0053, lr_0 = 1.2401e-04
Loss = 3.6971e-03, PNorm = 51.1336, GNorm = 0.0010, lr_0 = 1.2306e-04
Loss = 8.1108e-04, PNorm = 51.1402, GNorm = 0.0089, lr_0 = 1.2212e-04
Loss = 9.8505e-04, PNorm = 51.1471, GNorm = 0.0029, lr_0 = 1.2118e-04
Loss = 1.0798e-03, PNorm = 51.1536, GNorm = 0.0019, lr_0 = 1.2026e-04
Loss = 7.3768e-04, PNorm = 51.1611, GNorm = 0.0025, lr_0 = 1.1934e-04
Loss = 2.9439e-03, PNorm = 51.1699, GNorm = 0.0046, lr_0 = 1.1842e-04
Loss = 2.3224e-03, PNorm = 51.1785, GNorm = 0.0054, lr_0 = 1.1752e-04
Loss = 3.4780e-03, PNorm = 51.1852, GNorm = 0.0017, lr_0 = 1.1662e-04
Loss = 9.6652e-04, PNorm = 51.1907, GNorm = 0.0155, lr_0 = 1.1572e-04
Validation auc = 0.705983
Epoch 28
Loss = 7.4977e-04, PNorm = 51.1977, GNorm = 0.0038, lr_0 = 1.1475e-04
Loss = 4.8346e-03, PNorm = 51.2037, GNorm = 0.0005, lr_0 = 1.1387e-04
Loss = 2.1993e-03, PNorm = 51.2092, GNorm = 0.0937, lr_0 = 1.1300e-04
Loss = 7.7681e-04, PNorm = 51.2152, GNorm = 0.0038, lr_0 = 1.1213e-04
Loss = 2.5633e-03, PNorm = 51.2218, GNorm = 0.1014, lr_0 = 1.1127e-04
Loss = 7.0600e-04, PNorm = 51.2274, GNorm = 0.0140, lr_0 = 1.1042e-04
Loss = 8.7686e-04, PNorm = 51.2329, GNorm = 0.0071, lr_0 = 1.0958e-04
Loss = 3.5179e-03, PNorm = 51.2382, GNorm = 0.0849, lr_0 = 1.0874e-04
Loss = 1.7493e-03, PNorm = 51.2463, GNorm = 0.0023, lr_0 = 1.0791e-04
Loss = 1.2137e-03, PNorm = 51.2532, GNorm = 0.0014, lr_0 = 1.0708e-04
Loss = 6.8860e-03, PNorm = 51.2596, GNorm = 0.0346, lr_0 = 1.0626e-04
Validation auc = 0.707635
Epoch 29
Loss = 9.1550e-04, PNorm = 51.2676, GNorm = 0.0067, lr_0 = 1.0545e-04
Loss = 1.4170e-03, PNorm = 51.2748, GNorm = 0.0047, lr_0 = 1.0464e-04
Loss = 3.1392e-03, PNorm = 51.2818, GNorm = 0.0049, lr_0 = 1.0384e-04
Loss = 2.3530e-03, PNorm = 51.2887, GNorm = 0.0423, lr_0 = 1.0304e-04
Loss = 2.2104e-03, PNorm = 51.2950, GNorm = 0.1429, lr_0 = 1.0225e-04
Loss = 7.4942e-04, PNorm = 51.3030, GNorm = 0.0034, lr_0 = 1.0147e-04
Loss = 1.7230e-03, PNorm = 51.3103, GNorm = 0.0251, lr_0 = 1.0069e-04
Loss = 1.1841e-03, PNorm = 51.3192, GNorm = 0.0001, lr_0 = 1.0000e-04
Loss = 2.6418e-03, PNorm = 51.3261, GNorm = 0.0083, lr_0 = 1.0000e-04
Loss = 1.9361e-03, PNorm = 51.3330, GNorm = 0.1979, lr_0 = 1.0000e-04
Validation auc = 0.708765
Model 0 best validation auc = 0.738806 on epoch 4
Loading pretrained parameter "ffn.1.weight".
Loading pretrained parameter "ffn.1.bias".
Loading pretrained parameter "ffn.4.weight".
Loading pretrained parameter "ffn.4.bias".
Model 0 test auc = 0.724965
Ensemble test auc = 0.724965
3-fold cross validation
	Seed 0 ==> test auc = 0.569918
	Seed 1 ==> test auc = 0.685826
	Seed 2 ==> test auc = 0.724965
Overall test auc = 0.660236 +/- 0.065833
Elapsed time = 0:09:22
