Command line
python /home/jackievaleri8/.conda/envs/chemprop/bin/chemprop_train --init_lr 0.001 --dropout 0.4 --hidden_size 1500 --ffn_num_layers 1 --depth 5 --save_dir round3finalval08162021_models/68 --data_path round3finalval08162021_TRAIN.csv --dataset_type classification --features_path round3finalval08162021_TRAINFTS.npz --no_features_scaling --num_folds 3 --ensemble_size 1 --split_type scaffold_balanced --split_sizes 0.8 0.1 0.1 --smiles_columns SMILES --ignore_columns Name --gpu 0
Args
{'activation': 'ReLU',
 'aggregation': 'mean',
 'aggregation_norm': 100,
 'atom_descriptor_scaling': True,
 'atom_descriptors': None,
 'atom_descriptors_path': None,
 'atom_descriptors_size': 0,
 'atom_features_size': 0,
 'atom_messages': False,
 'batch_size': 50,
 'bias': False,
 'bond_feature_scaling': True,
 'bond_features_path': None,
 'bond_features_size': 0,
 'cache_cutoff': 10000,
 'checkpoint_dir': None,
 'checkpoint_path': None,
 'checkpoint_paths': None,
 'class_balance': False,
 'config_path': None,
 'crossval_index_dir': None,
 'crossval_index_file': None,
 'crossval_index_sets': None,
 'cuda': True,
 'data_path': 'round3finalval08162021_TRAIN.csv',
 'dataset_type': 'classification',
 'depth': 5,
 'device': device(type='cuda', index=0),
 'dropout': 0.4,
 'empty_cache': False,
 'ensemble_size': 1,
 'epochs': 30,
 'explicit_h': False,
 'extra_metrics': [],
 'features_generator': None,
 'features_only': False,
 'features_path': ['round3finalval08162021_TRAINFTS.npz'],
 'features_scaling': False,
 'features_size': None,
 'ffn_hidden_size': 1500,
 'ffn_num_layers': 1,
 'final_lr': 0.0001,
 'folds_file': None,
 'gpu': 0,
 'grad_clip': None,
 'hidden_size': 1500,
 'ignore_columns': ['Name'],
 'init_lr': 0.001,
 'log_frequency': 10,
 'max_data_size': None,
 'max_lr': 0.001,
 'metric': 'auc',
 'metrics': ['auc'],
 'minimize_score': False,
 'mpn_shared': False,
 'multiclass_num_classes': 3,
 'no_atom_descriptor_scaling': False,
 'no_bond_features_scaling': False,
 'no_cache_mol': False,
 'no_cuda': False,
 'no_features_scaling': True,
 'num_folds': 3,
 'num_lrs': 1,
 'num_tasks': 2,
 'num_workers': 8,
 'number_of_molecules': 1,
 'overwrite_default_atom_features': False,
 'overwrite_default_bond_features': False,
 'pytorch_seed': 0,
 'quiet': False,
 'reaction': False,
 'reaction_mode': 'reac_diff',
 'resume_experiment': False,
 'save_dir': 'round3finalval08162021_models/68',
 'save_preds': False,
 'save_smiles_splits': False,
 'seed': 0,
 'separate_test_atom_descriptors_path': None,
 'separate_test_bond_features_path': None,
 'separate_test_features_path': None,
 'separate_test_path': None,
 'separate_val_atom_descriptors_path': None,
 'separate_val_bond_features_path': None,
 'separate_val_features_path': None,
 'separate_val_path': None,
 'show_individual_scores': False,
 'smiles_columns': ['SMILES'],
 'split_sizes': (0.8, 0.1, 0.1),
 'split_type': 'scaffold_balanced',
 'target_columns': None,
 'task_names': ['hit_inh', 'hit_kill'],
 'test': False,
 'test_fold_index': None,
 'train_data_size': None,
 'undirected': False,
 'use_input_features': True,
 'val_fold_index': None,
 'warmup_epochs': 2.0}
Loading data
Warning: 23 SMILES are invalid.
Number of tasks = 2
Fold 0
Splitting data with seed 0
Total scaffolds = 3,467 | train scaffolds = 2,650 | val scaffolds = 433 | test scaffolds = 384
Label averages per scaffold, in decreasing order of scaffold frequency,capped at 10 scaffolds and 20 labels:
Scaffold 0
Task 0: count = 381 | target average = 0.018373
Task 1: count = 381 | target average = 0.013123


Scaffold 1
Task 0: count = 305 | target average = 0.009836
Task 1: count = 305 | target average = 0.016393


Scaffold 2
Task 0: count = 36 | target average = 0.000000
Task 1: count = 36 | target average = 0.000000


Scaffold 3
Task 0: count = 29 | target average = 0.000000
Task 1: count = 29 | target average = 0.000000


Scaffold 4
Task 0: count = 26 | target average = 0.000000
Task 1: count = 26 | target average = 0.000000


Scaffold 5
Task 0: count = 23 | target average = 0.000000
Task 1: count = 23 | target average = 0.000000


Scaffold 6
Task 0: count = 22 | target average = 0.090909
Task 1: count = 22 | target average = 0.090909


Scaffold 7
Task 0: count = 20 | target average = 0.000000
Task 1: count = 20 | target average = 0.000000


Scaffold 8
Task 0: count = 20 | target average = 0.000000
Task 1: count = 20 | target average = 0.000000


Scaffold 9
Task 0: count = 20 | target average = 0.050000
Task 1: count = 20 | target average = 0.000000


Class sizes
hit_inh 0: 97.83%, 1: 2.17%
hit_kill 0: 98.64%, 1: 1.36%
Total size = 5,353 | train size = 4,282 | val size = 535 | test size = 536
Building model 0
MoleculeModel(
  (sigmoid): Sigmoid()
  (encoder): MPN(
    (encoder): ModuleList(
      (0): MPNEncoder(
        (dropout_layer): Dropout(p=0.4, inplace=False)
        (act_func): ReLU()
        (W_i): Linear(in_features=147, out_features=1500, bias=False)
        (W_h): Linear(in_features=1500, out_features=1500, bias=False)
        (W_o): Linear(in_features=1633, out_features=1500, bias=True)
      )
    )
  )
  (ffn): Sequential(
    (0): Dropout(p=0.4, inplace=False)
    (1): Linear(in_features=1700, out_features=2, bias=True)
  )
)
Number of parameters = 4,924,902
Moving model to cuda
Epoch 0
Loss = 3.1071e-01, PNorm = 58.3196, GNorm = 0.6819, lr_0 = 1.0000e-03
Loss = 9.3491e-02, PNorm = 58.7036, GNorm = 0.2169, lr_0 = 1.0000e-03
Loss = 9.0976e-02, PNorm = 58.8914, GNorm = 0.4574, lr_0 = 1.0000e-03
Loss = 1.0061e-01, PNorm = 58.9705, GNorm = 0.1625, lr_0 = 1.0000e-03
Loss = 9.5621e-02, PNorm = 59.0216, GNorm = 0.3707, lr_0 = 1.0000e-03
Loss = 6.1412e-02, PNorm = 59.0582, GNorm = 0.1959, lr_0 = 1.0000e-03
Loss = 6.4659e-02, PNorm = 59.0804, GNorm = 0.2025, lr_0 = 1.0000e-03
Loss = 6.7740e-02, PNorm = 59.0980, GNorm = 0.1348, lr_0 = 1.0000e-03
Validation auc = 0.714920
Epoch 1
Loss = 3.9037e-02, PNorm = 59.1391, GNorm = 0.0912, lr_0 = 1.0000e-03
Loss = 1.0276e-01, PNorm = 59.1524, GNorm = 0.1822, lr_0 = 1.0000e-03
Loss = 8.0809e-02, PNorm = 59.1917, GNorm = 0.1594, lr_0 = 1.0000e-03
Loss = 9.4775e-02, PNorm = 59.2332, GNorm = 0.1554, lr_0 = 1.0000e-03
Loss = 8.5728e-02, PNorm = 59.2771, GNorm = 0.1138, lr_0 = 1.0000e-03
Loss = 6.1781e-02, PNorm = 59.3235, GNorm = 0.1670, lr_0 = 1.0000e-03
Loss = 9.7547e-02, PNorm = 59.3525, GNorm = 0.1741, lr_0 = 1.0000e-03
Loss = 9.8726e-02, PNorm = 59.3728, GNorm = 0.1666, lr_0 = 1.0000e-03
Loss = 9.7571e-02, PNorm = 59.4157, GNorm = 0.1613, lr_0 = 9.9807e-04
Validation auc = 0.821724
Epoch 2
Loss = 6.7005e-02, PNorm = 59.4706, GNorm = 0.0612, lr_0 = 9.8846e-04
Loss = 6.8630e-02, PNorm = 59.4956, GNorm = 0.1407, lr_0 = 9.7894e-04
Loss = 7.0837e-02, PNorm = 59.5484, GNorm = 0.1537, lr_0 = 9.6952e-04
Loss = 8.1365e-02, PNorm = 59.5897, GNorm = 0.4894, lr_0 = 9.6018e-04
Loss = 7.5089e-02, PNorm = 59.6362, GNorm = 0.1626, lr_0 = 9.5094e-04
Loss = 8.9630e-02, PNorm = 59.6722, GNorm = 0.1920, lr_0 = 9.4178e-04
Loss = 1.3767e-01, PNorm = 59.7263, GNorm = 0.3187, lr_0 = 9.3271e-04
Loss = 6.7416e-02, PNorm = 59.8025, GNorm = 0.2869, lr_0 = 9.2373e-04
Validation auc = 0.821416
Epoch 3
Loss = 6.7962e-02, PNorm = 59.8338, GNorm = 0.1869, lr_0 = 9.1395e-04
Loss = 1.0328e-01, PNorm = 59.8842, GNorm = 0.1948, lr_0 = 9.0515e-04
Loss = 7.8451e-02, PNorm = 59.9645, GNorm = 0.3913, lr_0 = 8.9644e-04
Loss = 8.1466e-02, PNorm = 60.0178, GNorm = 0.1401, lr_0 = 8.8781e-04
Loss = 6.8169e-02, PNorm = 60.0863, GNorm = 0.2452, lr_0 = 8.7926e-04
Loss = 8.0815e-02, PNorm = 60.1327, GNorm = 0.1477, lr_0 = 8.7080e-04
Loss = 5.5870e-02, PNorm = 60.2075, GNorm = 0.1030, lr_0 = 8.6241e-04
Loss = 6.6334e-02, PNorm = 60.2667, GNorm = 0.1701, lr_0 = 8.5411e-04
Loss = 8.6083e-02, PNorm = 60.3199, GNorm = 0.1034, lr_0 = 8.4588e-04
Validation auc = 0.830720
Epoch 4
Loss = 6.3794e-02, PNorm = 60.3826, GNorm = 0.1310, lr_0 = 8.3774e-04
Loss = 6.2317e-02, PNorm = 60.4518, GNorm = 0.1397, lr_0 = 8.2967e-04
Loss = 8.4283e-02, PNorm = 60.5056, GNorm = 0.1817, lr_0 = 8.2169e-04
Loss = 8.8613e-02, PNorm = 60.5715, GNorm = 0.4052, lr_0 = 8.1377e-04
Loss = 9.8189e-02, PNorm = 60.6204, GNorm = 0.1664, lr_0 = 8.0594e-04
Loss = 5.6558e-02, PNorm = 60.7118, GNorm = 0.0870, lr_0 = 7.9818e-04
Loss = 6.3001e-02, PNorm = 60.7835, GNorm = 0.1376, lr_0 = 7.9050e-04
Loss = 6.2679e-02, PNorm = 60.8526, GNorm = 0.0959, lr_0 = 7.8288e-04
Validation auc = 0.867684
Epoch 5
Loss = 7.6856e-02, PNorm = 60.9095, GNorm = 0.2542, lr_0 = 7.7535e-04
Loss = 5.2528e-02, PNorm = 60.9727, GNorm = 0.1169, lr_0 = 7.6788e-04
Loss = 1.0741e-01, PNorm = 61.0243, GNorm = 0.4011, lr_0 = 7.6049e-04
Loss = 8.5177e-02, PNorm = 61.1364, GNorm = 0.2383, lr_0 = 7.5317e-04
Loss = 5.1651e-02, PNorm = 61.2409, GNorm = 0.1563, lr_0 = 7.4591e-04
Loss = 5.9058e-02, PNorm = 61.3216, GNorm = 0.3497, lr_0 = 7.3873e-04
Loss = 9.0938e-02, PNorm = 61.3600, GNorm = 0.2489, lr_0 = 7.3162e-04
Loss = 3.9879e-02, PNorm = 61.4185, GNorm = 0.0824, lr_0 = 7.2458e-04
Loss = 7.9178e-02, PNorm = 61.4675, GNorm = 0.2308, lr_0 = 7.1760e-04
Validation auc = 0.876838
Epoch 6
Loss = 4.4467e-02, PNorm = 61.5688, GNorm = 0.1987, lr_0 = 7.1000e-04
Loss = 7.6247e-02, PNorm = 61.5874, GNorm = 0.1475, lr_0 = 7.0317e-04
Loss = 6.2232e-02, PNorm = 61.6753, GNorm = 0.0846, lr_0 = 6.9640e-04
Loss = 6.6765e-02, PNorm = 61.7390, GNorm = 0.1773, lr_0 = 6.8969e-04
Loss = 6.4084e-02, PNorm = 61.8092, GNorm = 0.1160, lr_0 = 6.8305e-04
Loss = 7.4586e-02, PNorm = 61.8594, GNorm = 0.1426, lr_0 = 6.7648e-04
Loss = 6.6810e-02, PNorm = 61.8983, GNorm = 0.2324, lr_0 = 6.6996e-04
Loss = 7.3217e-02, PNorm = 61.9456, GNorm = 0.3515, lr_0 = 6.6351e-04
Validation auc = 0.894488
Epoch 7
Loss = 5.4235e-02, PNorm = 62.0164, GNorm = 0.2662, lr_0 = 6.5712e-04
Loss = 7.1801e-02, PNorm = 62.0774, GNorm = 0.2076, lr_0 = 6.5080e-04
Loss = 6.5853e-02, PNorm = 62.1595, GNorm = 0.1190, lr_0 = 6.4453e-04
Loss = 4.4843e-02, PNorm = 62.2298, GNorm = 0.1355, lr_0 = 6.3833e-04
Loss = 5.0365e-02, PNorm = 62.2704, GNorm = 0.1809, lr_0 = 6.3218e-04
Loss = 7.1270e-02, PNorm = 62.3132, GNorm = 0.2689, lr_0 = 6.2609e-04
Loss = 4.4043e-02, PNorm = 62.3869, GNorm = 0.2400, lr_0 = 6.2006e-04
Loss = 4.6660e-02, PNorm = 62.4381, GNorm = 0.1670, lr_0 = 6.1409e-04
Loss = 6.6915e-02, PNorm = 62.4919, GNorm = 0.4401, lr_0 = 6.0818e-04
Validation auc = 0.928976
Epoch 8
Loss = 4.6949e-02, PNorm = 62.5411, GNorm = 0.1016, lr_0 = 6.0233e-04
Loss = 6.0740e-02, PNorm = 62.6008, GNorm = 0.2317, lr_0 = 5.9653e-04
Loss = 6.0756e-02, PNorm = 62.6699, GNorm = 0.1414, lr_0 = 5.9078e-04
Loss = 4.7235e-02, PNorm = 62.7412, GNorm = 0.2276, lr_0 = 5.8510e-04
Loss = 5.9794e-02, PNorm = 62.7765, GNorm = 0.3448, lr_0 = 5.7946e-04
Loss = 5.2033e-02, PNorm = 62.8301, GNorm = 0.0781, lr_0 = 5.7388e-04
Loss = 3.4976e-02, PNorm = 62.8859, GNorm = 0.1294, lr_0 = 5.6836e-04
Loss = 8.6465e-02, PNorm = 62.9239, GNorm = 0.2751, lr_0 = 5.6289e-04
Loss = 7.1169e-02, PNorm = 62.9738, GNorm = 0.2714, lr_0 = 5.5747e-04
Loss = 1.7035e-02, PNorm = 62.9779, GNorm = 0.1591, lr_0 = 5.5693e-04
Validation auc = 0.921500
Epoch 9
Loss = 6.7565e-02, PNorm = 63.0459, GNorm = 0.2440, lr_0 = 5.5156e-04
Loss = 4.0943e-02, PNorm = 63.1381, GNorm = 0.0750, lr_0 = 5.4625e-04
Loss = 3.2185e-02, PNorm = 63.1837, GNorm = 0.0723, lr_0 = 5.4100e-04
Loss = 5.1502e-02, PNorm = 63.2109, GNorm = 0.5114, lr_0 = 5.3579e-04
Loss = 4.5570e-02, PNorm = 63.2457, GNorm = 0.2441, lr_0 = 5.3063e-04
Loss = 6.5657e-02, PNorm = 63.2602, GNorm = 0.1933, lr_0 = 5.2552e-04
Loss = 5.7352e-02, PNorm = 63.3294, GNorm = 0.2823, lr_0 = 5.2046e-04
Loss = 6.5244e-02, PNorm = 63.3678, GNorm = 0.3460, lr_0 = 5.1545e-04
Validation auc = 0.893946
Epoch 10
Loss = 5.0479e-02, PNorm = 63.4110, GNorm = 0.6001, lr_0 = 5.1049e-04
Loss = 4.7974e-02, PNorm = 63.4541, GNorm = 0.2633, lr_0 = 5.0557e-04
Loss = 5.6246e-02, PNorm = 63.4931, GNorm = 0.2618, lr_0 = 5.0070e-04
Loss = 5.8652e-02, PNorm = 63.5362, GNorm = 0.3826, lr_0 = 4.9588e-04
Loss = 4.4644e-02, PNorm = 63.5790, GNorm = 0.1584, lr_0 = 4.9111e-04
Loss = 4.0400e-02, PNorm = 63.6302, GNorm = 0.2711, lr_0 = 4.8638e-04
Loss = 7.7731e-02, PNorm = 63.6653, GNorm = 0.5444, lr_0 = 4.8170e-04
Loss = 3.4207e-02, PNorm = 63.7203, GNorm = 0.1414, lr_0 = 4.7706e-04
Loss = 5.1698e-02, PNorm = 63.7618, GNorm = 0.1369, lr_0 = 4.7247e-04
Validation auc = 0.944552
Epoch 11
Loss = 3.9823e-02, PNorm = 63.8186, GNorm = 0.2007, lr_0 = 4.6792e-04
Loss = 6.0155e-02, PNorm = 63.8510, GNorm = 0.2459, lr_0 = 4.6341e-04
Loss = 4.9106e-02, PNorm = 63.8911, GNorm = 0.3558, lr_0 = 4.5895e-04
Loss = 4.8180e-02, PNorm = 63.9278, GNorm = 0.1038, lr_0 = 4.5453e-04
Loss = 4.6155e-02, PNorm = 63.9659, GNorm = 0.1413, lr_0 = 4.5015e-04
Loss = 5.0448e-02, PNorm = 64.0114, GNorm = 0.3305, lr_0 = 4.4582e-04
Loss = 5.7550e-02, PNorm = 64.0488, GNorm = 0.1890, lr_0 = 4.4153e-04
Loss = 3.4103e-02, PNorm = 64.0906, GNorm = 0.2048, lr_0 = 4.3728e-04
Validation auc = 0.938870
Epoch 12
Loss = 2.8999e-02, PNorm = 64.1310, GNorm = 0.0751, lr_0 = 4.3265e-04
Loss = 4.5488e-02, PNorm = 64.1637, GNorm = 0.5217, lr_0 = 4.2848e-04
Loss = 4.3730e-02, PNorm = 64.2192, GNorm = 0.2902, lr_0 = 4.2436e-04
Loss = 6.1951e-02, PNorm = 64.2625, GNorm = 0.1594, lr_0 = 4.2027e-04
Loss = 3.0569e-02, PNorm = 64.3228, GNorm = 0.0589, lr_0 = 4.1622e-04
Loss = 4.7948e-02, PNorm = 64.3473, GNorm = 0.2448, lr_0 = 4.1222e-04
Loss = 4.9732e-02, PNorm = 64.3718, GNorm = 0.1406, lr_0 = 4.0825e-04
Loss = 5.6955e-02, PNorm = 64.4031, GNorm = 0.1266, lr_0 = 4.0432e-04
Loss = 5.0532e-02, PNorm = 64.4264, GNorm = 0.2982, lr_0 = 4.0042e-04
Validation auc = 0.955583
Epoch 13
Loss = 4.1406e-02, PNorm = 64.4590, GNorm = 0.1297, lr_0 = 3.9657e-04
Loss = 5.7938e-02, PNorm = 64.4876, GNorm = 0.1073, lr_0 = 3.9275e-04
Loss = 4.8266e-02, PNorm = 64.5264, GNorm = 0.1244, lr_0 = 3.8897e-04
Loss = 1.7899e-02, PNorm = 64.5855, GNorm = 0.0471, lr_0 = 3.8522e-04
Loss = 7.1556e-02, PNorm = 64.5952, GNorm = 0.3594, lr_0 = 3.8152e-04
Loss = 4.0442e-02, PNorm = 64.6370, GNorm = 0.3044, lr_0 = 3.7784e-04
Loss = 5.2824e-02, PNorm = 64.6520, GNorm = 0.3087, lr_0 = 3.7420e-04
Loss = 5.2378e-02, PNorm = 64.6768, GNorm = 0.2230, lr_0 = 3.7060e-04
Validation auc = 0.944767
Epoch 14
Loss = 3.1550e-02, PNorm = 64.7138, GNorm = 0.1927, lr_0 = 3.6668e-04
Loss = 4.5604e-02, PNorm = 64.7379, GNorm = 0.1889, lr_0 = 3.6315e-04
Loss = 4.4099e-02, PNorm = 64.7778, GNorm = 0.3565, lr_0 = 3.5965e-04
Loss = 4.6781e-02, PNorm = 64.8156, GNorm = 0.4523, lr_0 = 3.5619e-04
Loss = 1.9117e-02, PNorm = 64.8327, GNorm = 0.1414, lr_0 = 3.5276e-04
Loss = 4.0991e-02, PNorm = 64.8613, GNorm = 0.3453, lr_0 = 3.4936e-04
Loss = 6.4630e-02, PNorm = 64.8651, GNorm = 0.3942, lr_0 = 3.4600e-04
Loss = 3.7303e-02, PNorm = 64.8988, GNorm = 0.1616, lr_0 = 3.4267e-04
Loss = 5.0027e-02, PNorm = 64.9263, GNorm = 0.2229, lr_0 = 3.3937e-04
Validation auc = 0.951853
Epoch 15
Loss = 4.7089e-02, PNorm = 64.9543, GNorm = 0.3350, lr_0 = 3.3610e-04
Loss = 3.1711e-02, PNorm = 65.0052, GNorm = 0.1955, lr_0 = 3.3287e-04
Loss = 2.9513e-02, PNorm = 65.0301, GNorm = 0.1966, lr_0 = 3.2966e-04
Loss = 4.2605e-02, PNorm = 65.0363, GNorm = 0.2890, lr_0 = 3.2649e-04
Loss = 4.0245e-02, PNorm = 65.0692, GNorm = 0.2072, lr_0 = 3.2334e-04
Loss = 2.6249e-02, PNorm = 65.1082, GNorm = 0.1921, lr_0 = 3.2023e-04
Loss = 4.1387e-02, PNorm = 65.1275, GNorm = 0.2324, lr_0 = 3.1715e-04
Loss = 4.9734e-02, PNorm = 65.1480, GNorm = 0.2152, lr_0 = 3.1409e-04
Loss = 4.1912e-02, PNorm = 65.1782, GNorm = 0.1708, lr_0 = 3.1107e-04
Validation auc = 0.953047
Epoch 16
Loss = 3.6142e-02, PNorm = 65.2117, GNorm = 0.3282, lr_0 = 3.0807e-04
Loss = 5.6847e-02, PNorm = 65.2312, GNorm = 0.2183, lr_0 = 3.0511e-04
Loss = 1.7633e-02, PNorm = 65.2675, GNorm = 0.1404, lr_0 = 3.0217e-04
Loss = 4.9584e-02, PNorm = 65.2743, GNorm = 0.3620, lr_0 = 2.9926e-04
Loss = 3.5199e-02, PNorm = 65.3040, GNorm = 0.0848, lr_0 = 2.9638e-04
Loss = 4.7036e-02, PNorm = 65.3336, GNorm = 0.2196, lr_0 = 2.9353e-04
Loss = 3.7313e-02, PNorm = 65.3506, GNorm = 0.1157, lr_0 = 2.9070e-04
Loss = 2.6953e-02, PNorm = 65.3730, GNorm = 0.1240, lr_0 = 2.8790e-04
Validation auc = 0.945390
Epoch 17
Loss = 1.9309e-02, PNorm = 65.4017, GNorm = 0.1466, lr_0 = 2.8485e-04
Loss = 4.1567e-02, PNorm = 65.4249, GNorm = 0.4444, lr_0 = 2.8211e-04
Loss = 3.2134e-02, PNorm = 65.4504, GNorm = 0.2208, lr_0 = 2.7939e-04
Loss = 4.1910e-02, PNorm = 65.4822, GNorm = 0.1445, lr_0 = 2.7670e-04
Loss = 2.6582e-02, PNorm = 65.5075, GNorm = 0.1531, lr_0 = 2.7404e-04
Loss = 3.6740e-02, PNorm = 65.5222, GNorm = 0.2214, lr_0 = 2.7140e-04
Loss = 5.4742e-02, PNorm = 65.5403, GNorm = 0.2900, lr_0 = 2.6879e-04
Loss = 2.7226e-02, PNorm = 65.5701, GNorm = 0.2313, lr_0 = 2.6620e-04
Loss = 2.6296e-02, PNorm = 65.5882, GNorm = 0.2375, lr_0 = 2.6364e-04
Validation auc = 0.950373
Epoch 18
Loss = 4.1655e-02, PNorm = 65.5938, GNorm = 0.4353, lr_0 = 2.6110e-04
Loss = 3.7125e-02, PNorm = 65.6242, GNorm = 0.2385, lr_0 = 2.5859e-04
Loss = 3.1699e-02, PNorm = 65.6465, GNorm = 0.1781, lr_0 = 2.5610e-04
Loss = 1.6953e-02, PNorm = 65.6692, GNorm = 0.0609, lr_0 = 2.5363e-04
Loss = 2.4465e-02, PNorm = 65.6897, GNorm = 0.5135, lr_0 = 2.5119e-04
Loss = 4.1649e-02, PNorm = 65.6956, GNorm = 0.0913, lr_0 = 2.4877e-04
Loss = 3.7202e-02, PNorm = 65.7124, GNorm = 0.2784, lr_0 = 2.4638e-04
Loss = 4.0329e-02, PNorm = 65.7319, GNorm = 0.0578, lr_0 = 2.4400e-04
Validation auc = 0.941220
Epoch 19
Loss = 2.8069e-02, PNorm = 65.7466, GNorm = 0.2188, lr_0 = 2.4165e-04
Loss = 3.5634e-02, PNorm = 65.7708, GNorm = 0.1046, lr_0 = 2.3933e-04
Loss = 2.9168e-02, PNorm = 65.7996, GNorm = 0.0588, lr_0 = 2.3702e-04
Loss = 4.6828e-02, PNorm = 65.8117, GNorm = 0.3882, lr_0 = 2.3474e-04
Loss = 3.0851e-02, PNorm = 65.8221, GNorm = 0.1880, lr_0 = 2.3248e-04
Loss = 2.6571e-02, PNorm = 65.8531, GNorm = 0.1892, lr_0 = 2.3024e-04
Loss = 4.3911e-02, PNorm = 65.8647, GNorm = 0.5968, lr_0 = 2.2803e-04
Loss = 2.5627e-02, PNorm = 65.8812, GNorm = 0.1041, lr_0 = 2.2583e-04
Loss = 3.2794e-02, PNorm = 65.9058, GNorm = 0.2093, lr_0 = 2.2366e-04
Validation auc = 0.948626
Epoch 20
Loss = 1.7954e-02, PNorm = 65.9242, GNorm = 0.2348, lr_0 = 2.2129e-04
Loss = 3.1276e-02, PNorm = 65.9327, GNorm = 0.1080, lr_0 = 2.1916e-04
Loss = 2.5710e-02, PNorm = 65.9529, GNorm = 0.2540, lr_0 = 2.1705e-04
Loss = 3.2750e-02, PNorm = 65.9773, GNorm = 0.3568, lr_0 = 2.1496e-04
Loss = 1.7181e-02, PNorm = 65.9838, GNorm = 0.0595, lr_0 = 2.1289e-04
Loss = 2.2376e-02, PNorm = 66.0010, GNorm = 0.2347, lr_0 = 2.1084e-04
Loss = 4.6257e-02, PNorm = 66.0187, GNorm = 0.2336, lr_0 = 2.0881e-04
Loss = 4.9930e-02, PNorm = 66.0234, GNorm = 0.3966, lr_0 = 2.0680e-04
Validation auc = 0.944657
Epoch 21
Loss = 2.9399e-02, PNorm = 66.0450, GNorm = 0.1685, lr_0 = 2.0481e-04
Loss = 2.7540e-02, PNorm = 66.0588, GNorm = 0.0489, lr_0 = 2.0283e-04
Loss = 3.0083e-02, PNorm = 66.0712, GNorm = 0.1653, lr_0 = 2.0088e-04
Loss = 1.8587e-02, PNorm = 66.0959, GNorm = 0.0874, lr_0 = 1.9895e-04
Loss = 3.7357e-02, PNorm = 66.1062, GNorm = 0.3530, lr_0 = 1.9703e-04
Loss = 2.4244e-02, PNorm = 66.1255, GNorm = 0.0946, lr_0 = 1.9514e-04
Loss = 4.2205e-02, PNorm = 66.1423, GNorm = 0.6018, lr_0 = 1.9326e-04
Loss = 2.9921e-02, PNorm = 66.1461, GNorm = 0.3011, lr_0 = 1.9140e-04
Loss = 2.5546e-02, PNorm = 66.1675, GNorm = 0.1059, lr_0 = 1.8955e-04
Validation auc = 0.955351
Epoch 22
Loss = 2.6244e-02, PNorm = 66.1762, GNorm = 0.1605, lr_0 = 1.8773e-04
Loss = 2.6084e-02, PNorm = 66.1912, GNorm = 0.0892, lr_0 = 1.8592e-04
Loss = 3.0195e-02, PNorm = 66.2051, GNorm = 0.2375, lr_0 = 1.8413e-04
Loss = 3.0070e-02, PNorm = 66.2177, GNorm = 0.1270, lr_0 = 1.8236e-04
Loss = 3.2945e-02, PNorm = 66.2259, GNorm = 0.3473, lr_0 = 1.8060e-04
Loss = 3.9957e-02, PNorm = 66.2447, GNorm = 0.0983, lr_0 = 1.7886e-04
Loss = 1.6839e-02, PNorm = 66.2630, GNorm = 0.1047, lr_0 = 1.7714e-04
Loss = 2.5838e-02, PNorm = 66.2716, GNorm = 0.0852, lr_0 = 1.7544e-04
Validation auc = 0.954184
Epoch 23
Loss = 7.0562e-02, PNorm = 66.2805, GNorm = 0.3520, lr_0 = 1.7358e-04
Loss = 2.5886e-02, PNorm = 66.2992, GNorm = 0.2967, lr_0 = 1.7191e-04
Loss = 2.8556e-02, PNorm = 66.3096, GNorm = 0.1075, lr_0 = 1.7025e-04
Loss = 1.8062e-02, PNorm = 66.3175, GNorm = 0.2273, lr_0 = 1.6861e-04
Loss = 3.0153e-02, PNorm = 66.3309, GNorm = 0.3061, lr_0 = 1.6699e-04
Loss = 2.3790e-02, PNorm = 66.3374, GNorm = 0.0524, lr_0 = 1.6538e-04
Loss = 3.2519e-02, PNorm = 66.3556, GNorm = 0.0968, lr_0 = 1.6379e-04
Loss = 3.2351e-02, PNorm = 66.3586, GNorm = 0.4140, lr_0 = 1.6221e-04
Loss = 2.7281e-02, PNorm = 66.3699, GNorm = 0.1323, lr_0 = 1.6065e-04
Validation auc = 0.953702
Epoch 24
Loss = 2.2520e-02, PNorm = 66.3872, GNorm = 0.4523, lr_0 = 1.5910e-04
Loss = 2.3823e-02, PNorm = 66.4028, GNorm = 0.0418, lr_0 = 1.5757e-04
Loss = 1.8711e-02, PNorm = 66.4146, GNorm = 0.2729, lr_0 = 1.5605e-04
Loss = 2.6486e-02, PNorm = 66.4239, GNorm = 0.3367, lr_0 = 1.5455e-04
Loss = 4.1686e-02, PNorm = 66.4267, GNorm = 0.2132, lr_0 = 1.5306e-04
Loss = 2.9387e-02, PNorm = 66.4301, GNorm = 0.4791, lr_0 = 1.5159e-04
Loss = 2.8530e-02, PNorm = 66.4518, GNorm = 0.1098, lr_0 = 1.5013e-04
Loss = 2.3825e-02, PNorm = 66.4641, GNorm = 0.0542, lr_0 = 1.4869e-04
Loss = 2.8339e-02, PNorm = 66.4652, GNorm = 0.1191, lr_0 = 1.4725e-04
Validation auc = 0.949227
Epoch 25
Loss = 2.0837e-02, PNorm = 66.4751, GNorm = 0.2502, lr_0 = 1.4584e-04
Loss = 2.6684e-02, PNorm = 66.4857, GNorm = 0.2029, lr_0 = 1.4443e-04
Loss = 1.8891e-02, PNorm = 66.5058, GNorm = 0.1132, lr_0 = 1.4304e-04
Loss = 2.6172e-02, PNorm = 66.5188, GNorm = 0.1979, lr_0 = 1.4166e-04
Loss = 1.9619e-02, PNorm = 66.5293, GNorm = 0.5729, lr_0 = 1.4030e-04
Loss = 1.7511e-02, PNorm = 66.5338, GNorm = 0.0457, lr_0 = 1.3895e-04
Loss = 2.3929e-02, PNorm = 66.5396, GNorm = 0.1074, lr_0 = 1.3761e-04
Loss = 4.2128e-02, PNorm = 66.5494, GNorm = 0.5568, lr_0 = 1.3629e-04
Validation auc = 0.945140
Epoch 26
Loss = 2.8321e-02, PNorm = 66.5597, GNorm = 0.2019, lr_0 = 1.3484e-04
Loss = 1.7546e-02, PNorm = 66.5746, GNorm = 0.2087, lr_0 = 1.3355e-04
Loss = 3.0459e-02, PNorm = 66.5771, GNorm = 0.1375, lr_0 = 1.3226e-04
Loss = 2.8909e-02, PNorm = 66.5915, GNorm = 0.1238, lr_0 = 1.3099e-04
Loss = 3.5237e-02, PNorm = 66.6030, GNorm = 0.1686, lr_0 = 1.2973e-04
Loss = 2.2127e-02, PNorm = 66.6089, GNorm = 0.6503, lr_0 = 1.2848e-04
Loss = 1.9706e-02, PNorm = 66.6161, GNorm = 0.2248, lr_0 = 1.2724e-04
Loss = 2.1773e-02, PNorm = 66.6275, GNorm = 0.2106, lr_0 = 1.2601e-04
Loss = 1.4394e-02, PNorm = 66.6383, GNorm = 0.1324, lr_0 = 1.2480e-04
Validation auc = 0.948245
Epoch 27
Loss = 1.3548e-02, PNorm = 66.6427, GNorm = 0.1350, lr_0 = 1.2360e-04
Loss = 2.5915e-02, PNorm = 66.6467, GNorm = 0.2641, lr_0 = 1.2241e-04
Loss = 2.4667e-02, PNorm = 66.6621, GNorm = 0.2655, lr_0 = 1.2123e-04
Loss = 1.9746e-02, PNorm = 66.6736, GNorm = 0.2943, lr_0 = 1.2006e-04
Loss = 3.2079e-02, PNorm = 66.6781, GNorm = 0.4048, lr_0 = 1.1891e-04
Loss = 1.7826e-02, PNorm = 66.6821, GNorm = 0.1517, lr_0 = 1.1776e-04
Loss = 1.5465e-02, PNorm = 66.6964, GNorm = 0.0546, lr_0 = 1.1663e-04
Loss = 2.8428e-02, PNorm = 66.7000, GNorm = 0.7741, lr_0 = 1.1551e-04
Validation auc = 0.953872
Epoch 28
Loss = 4.3948e-02, PNorm = 66.6997, GNorm = 0.2614, lr_0 = 1.1428e-04
Loss = 2.1608e-02, PNorm = 66.7081, GNorm = 0.4543, lr_0 = 1.1318e-04
Loss = 1.9020e-02, PNorm = 66.7186, GNorm = 0.0541, lr_0 = 1.1209e-04
Loss = 3.1796e-02, PNorm = 66.7178, GNorm = 0.2092, lr_0 = 1.1101e-04
Loss = 1.2700e-02, PNorm = 66.7295, GNorm = 0.0561, lr_0 = 1.0995e-04
Loss = 2.0024e-02, PNorm = 66.7415, GNorm = 0.0128, lr_0 = 1.0889e-04
Loss = 2.3517e-02, PNorm = 66.7435, GNorm = 0.1893, lr_0 = 1.0784e-04
Loss = 1.9124e-02, PNorm = 66.7555, GNorm = 0.2083, lr_0 = 1.0680e-04
Loss = 3.4115e-02, PNorm = 66.7558, GNorm = 0.3343, lr_0 = 1.0577e-04
Validation auc = 0.955066
Epoch 29
Loss = 2.1091e-02, PNorm = 66.7639, GNorm = 0.2576, lr_0 = 1.0475e-04
Loss = 1.3966e-02, PNorm = 66.7754, GNorm = 0.2541, lr_0 = 1.0374e-04
Loss = 1.8612e-02, PNorm = 66.7804, GNorm = 0.0482, lr_0 = 1.0275e-04
Loss = 2.2511e-02, PNorm = 66.7842, GNorm = 0.2272, lr_0 = 1.0176e-04
Loss = 2.1660e-02, PNorm = 66.7954, GNorm = 0.5400, lr_0 = 1.0078e-04
Loss = 2.4836e-02, PNorm = 66.8000, GNorm = 0.2440, lr_0 = 1.0000e-04
Loss = 1.6860e-02, PNorm = 66.8085, GNorm = 0.1083, lr_0 = 1.0000e-04
Loss = 3.3147e-02, PNorm = 66.8096, GNorm = 0.4646, lr_0 = 1.0000e-04
Validation auc = 0.956032
Model 0 best validation auc = 0.956032 on epoch 29
Loading pretrained parameter "encoder.encoder.0.cached_zero_vector".
Loading pretrained parameter "encoder.encoder.0.W_i.weight".
Loading pretrained parameter "encoder.encoder.0.W_h.weight".
Loading pretrained parameter "encoder.encoder.0.W_o.weight".
Loading pretrained parameter "encoder.encoder.0.W_o.bias".
Loading pretrained parameter "ffn.1.weight".
Loading pretrained parameter "ffn.1.bias".
Moving model to cuda
Model 0 test auc = 0.708993
Ensemble test auc = 0.708993
Fold 1
Splitting data with seed 1
Total scaffolds = 3,467 | train scaffolds = 2,658 | val scaffolds = 399 | test scaffolds = 410
Label averages per scaffold, in decreasing order of scaffold frequency,capped at 10 scaffolds and 20 labels:
Scaffold 0
Task 0: count = 381 | target average = 0.018373
Task 1: count = 381 | target average = 0.013123


Scaffold 1
Task 0: count = 305 | target average = 0.009836
Task 1: count = 305 | target average = 0.016393


Scaffold 2
Task 0: count = 36 | target average = 0.000000
Task 1: count = 36 | target average = 0.000000


Scaffold 3
Task 0: count = 29 | target average = 0.000000
Task 1: count = 29 | target average = 0.000000


Scaffold 4
Task 0: count = 26 | target average = 0.000000
Task 1: count = 26 | target average = 0.000000


Scaffold 5
Task 0: count = 23 | target average = 0.000000
Task 1: count = 23 | target average = 0.000000


Scaffold 6
Task 0: count = 22 | target average = 0.090909
Task 1: count = 22 | target average = 0.090909


Scaffold 7
Task 0: count = 20 | target average = 0.050000
Task 1: count = 20 | target average = 0.000000


Scaffold 8
Task 0: count = 20 | target average = 0.000000
Task 1: count = 20 | target average = 0.000000


Scaffold 9
Task 0: count = 20 | target average = 0.000000
Task 1: count = 20 | target average = 0.000000


Class sizes
hit_inh 0: 97.83%, 1: 2.17%
hit_kill 0: 98.64%, 1: 1.36%
Total size = 5,353 | train size = 4,282 | val size = 535 | test size = 536
Building model 0
MoleculeModel(
  (sigmoid): Sigmoid()
  (encoder): MPN(
    (encoder): ModuleList(
      (0): MPNEncoder(
        (dropout_layer): Dropout(p=0.4, inplace=False)
        (act_func): ReLU()
        (W_i): Linear(in_features=147, out_features=1500, bias=False)
        (W_h): Linear(in_features=1500, out_features=1500, bias=False)
        (W_o): Linear(in_features=1633, out_features=1500, bias=True)
      )
    )
  )
  (ffn): Sequential(
    (0): Dropout(p=0.4, inplace=False)
    (1): Linear(in_features=1700, out_features=2, bias=True)
  )
)
Number of parameters = 4,924,902
Moving model to cuda
Epoch 0
Loss = 2.2795e-01, PNorm = 58.3401, GNorm = 0.1973, lr_0 = 1.0000e-03
Loss = 8.6306e-02, PNorm = 58.7360, GNorm = 0.2239, lr_0 = 1.0000e-03
Loss = 7.4761e-02, PNorm = 58.9263, GNorm = 0.5467, lr_0 = 1.0000e-03
Loss = 6.7348e-02, PNorm = 59.0143, GNorm = 0.1479, lr_0 = 1.0000e-03
Loss = 8.2784e-02, PNorm = 59.0658, GNorm = 0.1581, lr_0 = 1.0000e-03
Loss = 1.0591e-01, PNorm = 59.1004, GNorm = 0.1593, lr_0 = 1.0000e-03
Loss = 1.0532e-01, PNorm = 59.1379, GNorm = 0.1706, lr_0 = 1.0000e-03
Loss = 1.0213e-01, PNorm = 59.1670, GNorm = 0.1428, lr_0 = 1.0000e-03
Validation auc = 0.710598
Epoch 1
Loss = 5.0870e-02, PNorm = 59.2164, GNorm = 0.1738, lr_0 = 1.0000e-03
Loss = 9.8070e-02, PNorm = 59.2466, GNorm = 0.1597, lr_0 = 1.0000e-03
Loss = 9.9865e-02, PNorm = 59.2894, GNorm = 0.1637, lr_0 = 1.0000e-03
Loss = 7.9313e-02, PNorm = 59.3332, GNorm = 0.1386, lr_0 = 1.0000e-03
Loss = 7.3071e-02, PNorm = 59.3683, GNorm = 0.2864, lr_0 = 1.0000e-03
Loss = 6.3072e-02, PNorm = 59.4037, GNorm = 0.1133, lr_0 = 1.0000e-03
Loss = 8.5355e-02, PNorm = 59.4409, GNorm = 0.1599, lr_0 = 1.0000e-03
Loss = 8.7872e-02, PNorm = 59.4889, GNorm = 0.1196, lr_0 = 1.0000e-03
Loss = 1.0754e-01, PNorm = 59.5358, GNorm = 0.3118, lr_0 = 9.9807e-04
Validation auc = 0.839684
Epoch 2
Loss = 7.4058e-02, PNorm = 59.5887, GNorm = 0.1026, lr_0 = 9.8846e-04
Loss = 1.0240e-01, PNorm = 59.6434, GNorm = 0.2553, lr_0 = 9.7894e-04
Loss = 8.4921e-02, PNorm = 59.7252, GNorm = 0.1380, lr_0 = 9.6952e-04
Loss = 8.1714e-02, PNorm = 59.7894, GNorm = 0.1931, lr_0 = 9.6018e-04
Loss = 5.1561e-02, PNorm = 59.8537, GNorm = 0.1340, lr_0 = 9.5094e-04
Loss = 7.2140e-02, PNorm = 59.8932, GNorm = 0.1423, lr_0 = 9.4178e-04
Loss = 9.1558e-02, PNorm = 59.9355, GNorm = 0.1752, lr_0 = 9.3271e-04
Loss = 8.1761e-02, PNorm = 60.0063, GNorm = 0.3101, lr_0 = 9.2373e-04
Validation auc = 0.894260
Epoch 3
Loss = 1.2034e-01, PNorm = 60.0609, GNorm = 0.2019, lr_0 = 9.1395e-04
Loss = 9.6350e-02, PNorm = 60.1450, GNorm = 0.2616, lr_0 = 9.0515e-04
Loss = 4.7427e-02, PNorm = 60.2099, GNorm = 0.1527, lr_0 = 8.9644e-04
Loss = 7.0757e-02, PNorm = 60.2610, GNorm = 0.3150, lr_0 = 8.8781e-04
Loss = 7.6265e-02, PNorm = 60.3085, GNorm = 0.1188, lr_0 = 8.7926e-04
Loss = 7.4581e-02, PNorm = 60.3935, GNorm = 0.2744, lr_0 = 8.7080e-04
Loss = 7.9608e-02, PNorm = 60.4454, GNorm = 0.1002, lr_0 = 8.6241e-04
Loss = 1.0905e-01, PNorm = 60.4808, GNorm = 0.1824, lr_0 = 8.5411e-04
Loss = 7.1676e-02, PNorm = 60.5735, GNorm = 0.1829, lr_0 = 8.4588e-04
Validation auc = 0.814802
Epoch 4
Loss = 4.7601e-02, PNorm = 60.6481, GNorm = 0.0737, lr_0 = 8.3774e-04
Loss = 7.9489e-02, PNorm = 60.6869, GNorm = 0.3302, lr_0 = 8.2967e-04
Loss = 1.0266e-01, PNorm = 60.7643, GNorm = 0.1349, lr_0 = 8.2169e-04
Loss = 6.9876e-02, PNorm = 60.8386, GNorm = 0.2604, lr_0 = 8.1377e-04
Loss = 9.4883e-02, PNorm = 60.8734, GNorm = 0.2045, lr_0 = 8.0594e-04
Loss = 6.2748e-02, PNorm = 60.9546, GNorm = 0.2658, lr_0 = 7.9818e-04
Loss = 9.1105e-02, PNorm = 60.9951, GNorm = 0.1290, lr_0 = 7.9050e-04
Loss = 9.1291e-02, PNorm = 61.0371, GNorm = 0.1626, lr_0 = 7.8288e-04
Validation auc = 0.873075
Epoch 5
Loss = 6.8701e-02, PNorm = 61.1038, GNorm = 0.2039, lr_0 = 7.7535e-04
Loss = 7.0925e-02, PNorm = 61.1431, GNorm = 0.1357, lr_0 = 7.6788e-04
Loss = 5.8941e-02, PNorm = 61.2066, GNorm = 0.1708, lr_0 = 7.6049e-04
Loss = 5.2475e-02, PNorm = 61.2757, GNorm = 0.2582, lr_0 = 7.5317e-04
Loss = 8.2024e-02, PNorm = 61.2907, GNorm = 0.1385, lr_0 = 7.4591e-04
Loss = 7.9768e-02, PNorm = 61.3515, GNorm = 0.3185, lr_0 = 7.3873e-04
Loss = 9.0618e-02, PNorm = 61.3981, GNorm = 0.3153, lr_0 = 7.3162e-04
Loss = 7.5065e-02, PNorm = 61.4726, GNorm = 0.1497, lr_0 = 7.2458e-04
Loss = 8.4021e-02, PNorm = 61.4985, GNorm = 0.1609, lr_0 = 7.1760e-04
Validation auc = 0.898598
Epoch 6
Loss = 8.3245e-02, PNorm = 61.5475, GNorm = 0.1863, lr_0 = 7.1000e-04
Loss = 9.1333e-02, PNorm = 61.6084, GNorm = 0.1702, lr_0 = 7.0317e-04
Loss = 5.2489e-02, PNorm = 61.6879, GNorm = 0.1511, lr_0 = 6.9640e-04
Loss = 5.3088e-02, PNorm = 61.7466, GNorm = 0.6435, lr_0 = 6.8969e-04
Loss = 5.7696e-02, PNorm = 61.7948, GNorm = 0.0855, lr_0 = 6.8305e-04
Loss = 6.6850e-02, PNorm = 61.8492, GNorm = 0.1597, lr_0 = 6.7648e-04
Loss = 6.1958e-02, PNorm = 61.8875, GNorm = 0.2992, lr_0 = 6.6996e-04
Loss = 9.9622e-02, PNorm = 61.9176, GNorm = 0.2069, lr_0 = 6.6351e-04
Validation auc = 0.885150
Epoch 7
Loss = 3.2356e-02, PNorm = 61.9804, GNorm = 0.1239, lr_0 = 6.5712e-04
Loss = 5.2404e-02, PNorm = 62.0403, GNorm = 0.0807, lr_0 = 6.5080e-04
Loss = 7.9835e-02, PNorm = 62.0743, GNorm = 0.4033, lr_0 = 6.4453e-04
Loss = 9.3856e-02, PNorm = 62.1489, GNorm = 0.1575, lr_0 = 6.3833e-04
Loss = 8.1595e-02, PNorm = 62.2198, GNorm = 0.3035, lr_0 = 6.3218e-04
Loss = 6.2166e-02, PNorm = 62.3129, GNorm = 1.4365, lr_0 = 6.2609e-04
Loss = 6.6791e-02, PNorm = 62.4266, GNorm = 0.1203, lr_0 = 6.2006e-04
Loss = 6.4519e-02, PNorm = 62.5128, GNorm = 0.3179, lr_0 = 6.1409e-04
Loss = 6.3077e-02, PNorm = 62.5528, GNorm = 0.1759, lr_0 = 6.0818e-04
Validation auc = 0.898897
Epoch 8
Loss = 3.8408e-02, PNorm = 62.6133, GNorm = 0.0779, lr_0 = 6.0233e-04
Loss = 6.3021e-02, PNorm = 62.6475, GNorm = 0.1568, lr_0 = 5.9653e-04
Loss = 6.2050e-02, PNorm = 62.6873, GNorm = 0.1285, lr_0 = 5.9078e-04
Loss = 5.5309e-02, PNorm = 62.7184, GNorm = 0.0935, lr_0 = 5.8510e-04
Loss = 4.9377e-02, PNorm = 62.7582, GNorm = 0.1157, lr_0 = 5.7946e-04
Loss = 7.2233e-02, PNorm = 62.8000, GNorm = 0.1883, lr_0 = 5.7388e-04
Loss = 5.6055e-02, PNorm = 62.8562, GNorm = 0.1672, lr_0 = 5.6836e-04
Loss = 7.0347e-02, PNorm = 62.9105, GNorm = 0.1660, lr_0 = 5.6289e-04
Loss = 9.7729e-02, PNorm = 62.9627, GNorm = 0.4268, lr_0 = 5.5747e-04
Loss = 1.5961e-02, PNorm = 62.9692, GNorm = 0.1367, lr_0 = 5.5693e-04
Validation auc = 0.889736
Epoch 9
Loss = 4.0133e-02, PNorm = 63.0514, GNorm = 0.1338, lr_0 = 5.5156e-04
Loss = 6.9574e-02, PNorm = 63.0963, GNorm = 0.1747, lr_0 = 5.4625e-04
Loss = 7.4903e-02, PNorm = 63.1478, GNorm = 0.1343, lr_0 = 5.4100e-04
Loss = 6.0100e-02, PNorm = 63.2117, GNorm = 0.5311, lr_0 = 5.3579e-04
Loss = 7.0695e-02, PNorm = 63.2439, GNorm = 0.1514, lr_0 = 5.3063e-04
Loss = 5.4715e-02, PNorm = 63.3160, GNorm = 0.1152, lr_0 = 5.2552e-04
Loss = 4.8339e-02, PNorm = 63.3669, GNorm = 0.1538, lr_0 = 5.2046e-04
Loss = 6.6650e-02, PNorm = 63.4222, GNorm = 0.1771, lr_0 = 5.1545e-04
Validation auc = 0.885943
Epoch 10
Loss = 3.6005e-02, PNorm = 63.4810, GNorm = 0.2117, lr_0 = 5.1049e-04
Loss = 4.1323e-02, PNorm = 63.5277, GNorm = 0.0887, lr_0 = 5.0557e-04
Loss = 3.3910e-02, PNorm = 63.5869, GNorm = 0.2083, lr_0 = 5.0070e-04
Loss = 6.2654e-02, PNorm = 63.6278, GNorm = 0.2458, lr_0 = 4.9588e-04
Loss = 6.3997e-02, PNorm = 63.6517, GNorm = 0.4230, lr_0 = 4.9111e-04
Loss = 7.9549e-02, PNorm = 63.6987, GNorm = 0.3393, lr_0 = 4.8638e-04
Loss = 5.0625e-02, PNorm = 63.7575, GNorm = 0.3118, lr_0 = 4.8170e-04
Loss = 5.2847e-02, PNorm = 63.8000, GNorm = 0.1311, lr_0 = 4.7706e-04
Loss = 5.7983e-02, PNorm = 63.8395, GNorm = 0.1438, lr_0 = 4.7247e-04
Validation auc = 0.871210
Epoch 11
Loss = 3.9697e-02, PNorm = 63.8881, GNorm = 0.0425, lr_0 = 4.6792e-04
Loss = 2.6306e-02, PNorm = 63.9314, GNorm = 0.2660, lr_0 = 4.6341e-04
Loss = 4.4894e-02, PNorm = 63.9640, GNorm = 0.2284, lr_0 = 4.5895e-04
Loss = 7.2962e-02, PNorm = 63.9937, GNorm = 0.1719, lr_0 = 4.5453e-04
Loss = 5.7177e-02, PNorm = 64.0419, GNorm = 0.1402, lr_0 = 4.5015e-04
Loss = 4.2312e-02, PNorm = 64.0952, GNorm = 0.0829, lr_0 = 4.4582e-04
Loss = 7.8202e-02, PNorm = 64.1336, GNorm = 0.4084, lr_0 = 4.4153e-04
Loss = 3.7916e-02, PNorm = 64.1919, GNorm = 0.2478, lr_0 = 4.3728e-04
Validation auc = 0.873979
Epoch 12
Loss = 3.0940e-02, PNorm = 64.2254, GNorm = 0.1466, lr_0 = 4.3265e-04
Loss = 3.3806e-02, PNorm = 64.2921, GNorm = 0.1450, lr_0 = 4.2848e-04
Loss = 5.6011e-02, PNorm = 64.3339, GNorm = 1.2637, lr_0 = 4.2436e-04
Loss = 2.5383e-02, PNorm = 64.3803, GNorm = 0.1868, lr_0 = 4.2027e-04
Loss = 6.3790e-02, PNorm = 64.4217, GNorm = 0.5327, lr_0 = 4.1622e-04
Loss = 5.5776e-02, PNorm = 64.4538, GNorm = 0.2090, lr_0 = 4.1222e-04
Loss = 8.1926e-02, PNorm = 64.4842, GNorm = 0.2643, lr_0 = 4.0825e-04
Loss = 4.9684e-02, PNorm = 64.5360, GNorm = 0.2679, lr_0 = 4.0432e-04
Loss = 6.0317e-02, PNorm = 64.5746, GNorm = 0.5324, lr_0 = 4.0042e-04
Validation auc = 0.859165
Epoch 13
Loss = 3.6217e-02, PNorm = 64.5968, GNorm = 0.2150, lr_0 = 3.9657e-04
Loss = 3.3233e-02, PNorm = 64.6483, GNorm = 0.0416, lr_0 = 3.9275e-04
Loss = 4.7158e-02, PNorm = 64.6782, GNorm = 0.2996, lr_0 = 3.8897e-04
Loss = 4.3142e-02, PNorm = 64.7072, GNorm = 0.3126, lr_0 = 3.8522e-04
Loss = 4.5769e-02, PNorm = 64.7354, GNorm = 0.1369, lr_0 = 3.8152e-04
Loss = 4.4929e-02, PNorm = 64.7702, GNorm = 0.5981, lr_0 = 3.7784e-04
Loss = 6.6512e-02, PNorm = 64.7944, GNorm = 0.3902, lr_0 = 3.7420e-04
Loss = 5.6792e-02, PNorm = 64.8269, GNorm = 0.3047, lr_0 = 3.7060e-04
Validation auc = 0.861709
Epoch 14
Loss = 4.4746e-02, PNorm = 64.8576, GNorm = 0.1686, lr_0 = 3.6668e-04
Loss = 3.5787e-02, PNorm = 64.9083, GNorm = 0.3571, lr_0 = 3.6315e-04
Loss = 6.8178e-02, PNorm = 64.9387, GNorm = 0.2023, lr_0 = 3.5965e-04
Loss = 3.1970e-02, PNorm = 65.0086, GNorm = 0.2015, lr_0 = 3.5619e-04
Loss = 5.0869e-02, PNorm = 65.0363, GNorm = 0.2155, lr_0 = 3.5276e-04
Loss = 3.9888e-02, PNorm = 65.0718, GNorm = 0.1763, lr_0 = 3.4936e-04
Loss = 7.3460e-02, PNorm = 65.0893, GNorm = 0.2107, lr_0 = 3.4600e-04
Loss = 5.3403e-02, PNorm = 65.1299, GNorm = 0.2053, lr_0 = 3.4267e-04
Loss = 3.0085e-02, PNorm = 65.1708, GNorm = 0.2013, lr_0 = 3.3937e-04
Validation auc = 0.861496
Epoch 15
Loss = 6.1898e-02, PNorm = 65.1913, GNorm = 0.1508, lr_0 = 3.3610e-04
Loss = 3.2847e-02, PNorm = 65.2167, GNorm = 0.0989, lr_0 = 3.3287e-04
Loss = 4.8619e-02, PNorm = 65.2335, GNorm = 0.2881, lr_0 = 3.2966e-04
Loss = 4.4307e-02, PNorm = 65.2409, GNorm = 0.1655, lr_0 = 3.2649e-04
Loss = 2.7408e-02, PNorm = 65.2665, GNorm = 0.3191, lr_0 = 3.2334e-04
Loss = 3.6287e-02, PNorm = 65.2924, GNorm = 0.0590, lr_0 = 3.2023e-04
Loss = 4.8047e-02, PNorm = 65.3097, GNorm = 0.4351, lr_0 = 3.1715e-04
Loss = 4.1880e-02, PNorm = 65.3394, GNorm = 0.2479, lr_0 = 3.1409e-04
Loss = 4.7937e-02, PNorm = 65.3811, GNorm = 0.1859, lr_0 = 3.1107e-04
Validation auc = 0.870255
Epoch 16
Loss = 4.5152e-02, PNorm = 65.4133, GNorm = 0.1470, lr_0 = 3.0807e-04
Loss = 3.2909e-02, PNorm = 65.4410, GNorm = 0.1229, lr_0 = 3.0511e-04
Loss = 4.7719e-02, PNorm = 65.4589, GNorm = 0.1492, lr_0 = 3.0217e-04
Loss = 4.1781e-02, PNorm = 65.4937, GNorm = 0.4244, lr_0 = 2.9926e-04
Loss = 5.2183e-02, PNorm = 65.5101, GNorm = 0.1919, lr_0 = 2.9638e-04
Loss = 5.1600e-02, PNorm = 65.5373, GNorm = 0.1317, lr_0 = 2.9353e-04
Loss = 3.2096e-02, PNorm = 65.5719, GNorm = 0.3940, lr_0 = 2.9070e-04
Loss = 1.9881e-02, PNorm = 65.6008, GNorm = 0.2555, lr_0 = 2.8790e-04
Validation auc = 0.855005
Epoch 17
Loss = 3.3584e-02, PNorm = 65.6247, GNorm = 0.0351, lr_0 = 2.8485e-04
Loss = 4.4015e-02, PNorm = 65.6380, GNorm = 0.3464, lr_0 = 2.8211e-04
Loss = 4.8052e-02, PNorm = 65.6622, GNorm = 0.1455, lr_0 = 2.7939e-04
Loss = 4.1673e-02, PNorm = 65.6835, GNorm = 0.2405, lr_0 = 2.7670e-04
Loss = 2.5686e-02, PNorm = 65.7134, GNorm = 0.1796, lr_0 = 2.7404e-04
Loss = 2.5462e-02, PNorm = 65.7271, GNorm = 0.1384, lr_0 = 2.7140e-04
Loss = 4.4139e-02, PNorm = 65.7406, GNorm = 0.4685, lr_0 = 2.6879e-04
Loss = 3.8373e-02, PNorm = 65.7678, GNorm = 0.1552, lr_0 = 2.6620e-04
Loss = 4.4068e-02, PNorm = 65.7903, GNorm = 0.2304, lr_0 = 2.6364e-04
Validation auc = 0.847409
Epoch 18
Loss = 2.7204e-02, PNorm = 65.8156, GNorm = 0.0508, lr_0 = 2.6110e-04
Loss = 4.2912e-02, PNorm = 65.8254, GNorm = 0.2654, lr_0 = 2.5859e-04
Loss = 5.3297e-02, PNorm = 65.8469, GNorm = 0.2027, lr_0 = 2.5610e-04
Loss = 3.4777e-02, PNorm = 65.8850, GNorm = 0.4790, lr_0 = 2.5363e-04
Loss = 5.2355e-02, PNorm = 65.8973, GNorm = 0.3674, lr_0 = 2.5119e-04
Loss = 3.0644e-02, PNorm = 65.9361, GNorm = 0.0756, lr_0 = 2.4877e-04
Loss = 3.5964e-02, PNorm = 65.9583, GNorm = 0.0965, lr_0 = 2.4638e-04
Loss = 2.6044e-02, PNorm = 65.9744, GNorm = 0.3352, lr_0 = 2.4400e-04
Validation auc = 0.851008
Epoch 19
Loss = 2.5752e-02, PNorm = 65.9923, GNorm = 0.2347, lr_0 = 2.4165e-04
Loss = 3.4476e-02, PNorm = 66.0077, GNorm = 0.4437, lr_0 = 2.3933e-04
Loss = 3.4960e-02, PNorm = 66.0186, GNorm = 0.0977, lr_0 = 2.3702e-04
Loss = 2.0283e-02, PNorm = 66.0393, GNorm = 0.2750, lr_0 = 2.3474e-04
Loss = 1.9992e-02, PNorm = 66.0625, GNorm = 0.1601, lr_0 = 2.3248e-04
Loss = 5.7841e-02, PNorm = 66.0685, GNorm = 0.2054, lr_0 = 2.3024e-04
Loss = 4.5160e-02, PNorm = 66.0916, GNorm = 0.5012, lr_0 = 2.2803e-04
Loss = 2.5147e-02, PNorm = 66.1192, GNorm = 0.2828, lr_0 = 2.2583e-04
Loss = 2.6529e-02, PNorm = 66.1311, GNorm = 0.1311, lr_0 = 2.2366e-04
Validation auc = 0.852622
Epoch 20
Loss = 2.5057e-02, PNorm = 66.1527, GNorm = 0.1881, lr_0 = 2.2129e-04
Loss = 2.7637e-02, PNorm = 66.1731, GNorm = 0.0678, lr_0 = 2.1916e-04
Loss = 3.8623e-02, PNorm = 66.1871, GNorm = 0.1420, lr_0 = 2.1705e-04
Loss = 2.6566e-02, PNorm = 66.2024, GNorm = 0.1686, lr_0 = 2.1496e-04
Loss = 3.5973e-02, PNorm = 66.2233, GNorm = 0.1633, lr_0 = 2.1289e-04
Loss = 3.3393e-02, PNorm = 66.2382, GNorm = 0.2076, lr_0 = 2.1084e-04
Loss = 2.1404e-02, PNorm = 66.2662, GNorm = 0.2363, lr_0 = 2.0881e-04
Loss = 3.2087e-02, PNorm = 66.2847, GNorm = 0.4622, lr_0 = 2.0680e-04
Validation auc = 0.850851
Epoch 21
Loss = 3.3184e-02, PNorm = 66.2825, GNorm = 0.5071, lr_0 = 2.0481e-04
Loss = 3.0782e-02, PNorm = 66.3286, GNorm = 0.1419, lr_0 = 2.0283e-04
Loss = 2.2454e-02, PNorm = 66.3430, GNorm = 0.0493, lr_0 = 2.0088e-04
Loss = 4.3454e-02, PNorm = 66.3401, GNorm = 0.3228, lr_0 = 1.9895e-04
Loss = 2.8491e-02, PNorm = 66.3556, GNorm = 0.1474, lr_0 = 1.9703e-04
Loss = 4.2643e-02, PNorm = 66.3704, GNorm = 0.1990, lr_0 = 1.9514e-04
Loss = 3.3750e-02, PNorm = 66.3910, GNorm = 0.1073, lr_0 = 1.9326e-04
Loss = 2.2021e-02, PNorm = 66.4090, GNorm = 0.0725, lr_0 = 1.9140e-04
Loss = 3.0310e-02, PNorm = 66.4217, GNorm = 0.5978, lr_0 = 1.8955e-04
Validation auc = 0.851019
Epoch 22
Loss = 1.4371e-02, PNorm = 66.4361, GNorm = 0.3780, lr_0 = 1.8773e-04
Loss = 4.2448e-02, PNorm = 66.4369, GNorm = 0.1280, lr_0 = 1.8592e-04
Loss = 1.9752e-02, PNorm = 66.4583, GNorm = 0.1245, lr_0 = 1.8413e-04
Loss = 2.2049e-02, PNorm = 66.4844, GNorm = 0.1684, lr_0 = 1.8236e-04
Loss = 3.6641e-02, PNorm = 66.4820, GNorm = 0.0984, lr_0 = 1.8060e-04
Loss = 2.3977e-02, PNorm = 66.4942, GNorm = 0.1366, lr_0 = 1.7886e-04
Loss = 4.7680e-02, PNorm = 66.5180, GNorm = 0.4286, lr_0 = 1.7714e-04
Loss = 3.3650e-02, PNorm = 66.5240, GNorm = 0.2920, lr_0 = 1.7544e-04
Validation auc = 0.825091
Epoch 23
Loss = 3.9922e-02, PNorm = 66.5451, GNorm = 0.3253, lr_0 = 1.7358e-04
Loss = 2.4949e-02, PNorm = 66.5687, GNorm = 0.3823, lr_0 = 1.7191e-04
Loss = 3.9655e-02, PNorm = 66.5661, GNorm = 0.1895, lr_0 = 1.7025e-04
Loss = 1.9525e-02, PNorm = 66.5842, GNorm = 0.1882, lr_0 = 1.6861e-04
Loss = 2.1880e-02, PNorm = 66.6029, GNorm = 0.1152, lr_0 = 1.6699e-04
Loss = 1.9787e-02, PNorm = 66.6152, GNorm = 0.3614, lr_0 = 1.6538e-04
Loss = 2.0555e-02, PNorm = 66.6235, GNorm = 0.1801, lr_0 = 1.6379e-04
Loss = 3.0294e-02, PNorm = 66.6263, GNorm = 0.2385, lr_0 = 1.6221e-04
Loss = 3.6858e-02, PNorm = 66.6454, GNorm = 0.1374, lr_0 = 1.6065e-04
Validation auc = 0.837364
Epoch 24
Loss = 4.3901e-02, PNorm = 66.6512, GNorm = 0.3102, lr_0 = 1.5910e-04
Loss = 1.8584e-02, PNorm = 66.6683, GNorm = 0.1445, lr_0 = 1.5757e-04
Loss = 4.0175e-02, PNorm = 66.6815, GNorm = 0.4925, lr_0 = 1.5605e-04
Loss = 2.3191e-02, PNorm = 66.6958, GNorm = 0.1167, lr_0 = 1.5455e-04
Loss = 2.7300e-02, PNorm = 66.7079, GNorm = 0.0850, lr_0 = 1.5306e-04
Loss = 1.9644e-02, PNorm = 66.7217, GNorm = 0.0831, lr_0 = 1.5159e-04
Loss = 2.9918e-02, PNorm = 66.7321, GNorm = 0.2019, lr_0 = 1.5013e-04
Loss = 2.1093e-02, PNorm = 66.7397, GNorm = 0.0895, lr_0 = 1.4869e-04
Loss = 2.2360e-02, PNorm = 66.7520, GNorm = 0.0206, lr_0 = 1.4725e-04
Validation auc = 0.835009
Epoch 25
Loss = 3.0573e-02, PNorm = 66.7624, GNorm = 0.4198, lr_0 = 1.4584e-04
Loss = 1.6201e-02, PNorm = 66.7783, GNorm = 0.3156, lr_0 = 1.4443e-04
Loss = 2.4892e-02, PNorm = 66.7839, GNorm = 0.5239, lr_0 = 1.4304e-04
Loss = 3.3345e-02, PNorm = 66.7867, GNorm = 0.4039, lr_0 = 1.4166e-04
Loss = 1.7127e-02, PNorm = 66.8070, GNorm = 0.2497, lr_0 = 1.4030e-04
Loss = 2.5439e-02, PNorm = 66.8116, GNorm = 0.1488, lr_0 = 1.3895e-04
Loss = 1.7565e-02, PNorm = 66.8217, GNorm = 0.0480, lr_0 = 1.3761e-04
Loss = 2.1730e-02, PNorm = 66.8318, GNorm = 0.2950, lr_0 = 1.3629e-04
Validation auc = 0.837143
Epoch 26
Loss = 2.3019e-02, PNorm = 66.8390, GNorm = 0.1380, lr_0 = 1.3484e-04
Loss = 1.9548e-02, PNorm = 66.8585, GNorm = 0.3152, lr_0 = 1.3355e-04
Loss = 1.1794e-02, PNorm = 66.8725, GNorm = 0.2475, lr_0 = 1.3226e-04
Loss = 1.8763e-02, PNorm = 66.8776, GNorm = 0.0416, lr_0 = 1.3099e-04
Loss = 3.6844e-02, PNorm = 66.8735, GNorm = 0.2160, lr_0 = 1.2973e-04
Loss = 2.3327e-02, PNorm = 66.8953, GNorm = 0.1557, lr_0 = 1.2848e-04
Loss = 1.6995e-02, PNorm = 66.9111, GNorm = 0.0305, lr_0 = 1.2724e-04
Loss = 4.3201e-02, PNorm = 66.9123, GNorm = 0.2006, lr_0 = 1.2601e-04
Loss = 1.4898e-02, PNorm = 66.9238, GNorm = 0.3677, lr_0 = 1.2480e-04
Validation auc = 0.836484
Epoch 27
Loss = 1.9145e-02, PNorm = 66.9272, GNorm = 0.0609, lr_0 = 1.2360e-04
Loss = 1.1146e-02, PNorm = 66.9380, GNorm = 0.0660, lr_0 = 1.2241e-04
Loss = 1.9099e-02, PNorm = 66.9500, GNorm = 0.3876, lr_0 = 1.2123e-04
Loss = 1.2475e-02, PNorm = 66.9631, GNorm = 0.0787, lr_0 = 1.2006e-04
Loss = 2.0085e-02, PNorm = 66.9649, GNorm = 0.1029, lr_0 = 1.1891e-04
Loss = 3.8794e-02, PNorm = 66.9686, GNorm = 0.6595, lr_0 = 1.1776e-04
Loss = 2.1284e-02, PNorm = 66.9761, GNorm = 0.3003, lr_0 = 1.1663e-04
Loss = 1.6394e-02, PNorm = 66.9920, GNorm = 0.0679, lr_0 = 1.1551e-04
Validation auc = 0.824451
Epoch 28
Loss = 3.5438e-02, PNorm = 66.9867, GNorm = 0.4181, lr_0 = 1.1428e-04
Loss = 1.3898e-02, PNorm = 66.9958, GNorm = 0.1740, lr_0 = 1.1318e-04
Loss = 2.6988e-02, PNorm = 67.0054, GNorm = 0.3445, lr_0 = 1.1209e-04
Loss = 2.0367e-02, PNorm = 67.0144, GNorm = 0.0718, lr_0 = 1.1101e-04
Loss = 2.0222e-02, PNorm = 67.0214, GNorm = 0.1039, lr_0 = 1.0995e-04
Loss = 2.3664e-02, PNorm = 67.0259, GNorm = 0.3157, lr_0 = 1.0889e-04
Loss = 2.2558e-02, PNorm = 67.0317, GNorm = 0.2196, lr_0 = 1.0784e-04
Loss = 3.4482e-02, PNorm = 67.0342, GNorm = 0.0811, lr_0 = 1.0680e-04
Loss = 2.0084e-02, PNorm = 67.0483, GNorm = 0.1981, lr_0 = 1.0577e-04
Validation auc = 0.811838
Epoch 29
Loss = 2.2757e-02, PNorm = 67.0611, GNorm = 0.4266, lr_0 = 1.0475e-04
Loss = 2.6234e-02, PNorm = 67.0635, GNorm = 1.5330, lr_0 = 1.0374e-04
Loss = 2.6071e-02, PNorm = 67.0649, GNorm = 0.1882, lr_0 = 1.0275e-04
Loss = 1.3047e-02, PNorm = 67.0793, GNorm = 0.3285, lr_0 = 1.0176e-04
Loss = 1.4270e-02, PNorm = 67.0900, GNorm = 0.0261, lr_0 = 1.0078e-04
Loss = 2.7438e-02, PNorm = 67.0858, GNorm = 0.0655, lr_0 = 1.0000e-04
Loss = 2.7037e-02, PNorm = 67.0889, GNorm = 0.1964, lr_0 = 1.0000e-04
Loss = 1.7222e-02, PNorm = 67.0981, GNorm = 0.0929, lr_0 = 1.0000e-04
Validation auc = 0.831064
Model 0 best validation auc = 0.898897 on epoch 7
Loading pretrained parameter "encoder.encoder.0.cached_zero_vector".
Loading pretrained parameter "encoder.encoder.0.W_i.weight".
Loading pretrained parameter "encoder.encoder.0.W_h.weight".
Loading pretrained parameter "encoder.encoder.0.W_o.weight".
Loading pretrained parameter "encoder.encoder.0.W_o.bias".
Loading pretrained parameter "ffn.1.weight".
Loading pretrained parameter "ffn.1.bias".
Moving model to cuda
Model 0 test auc = 0.840543
Ensemble test auc = 0.840543
Fold 2
Splitting data with seed 2
Total scaffolds = 3,467 | train scaffolds = 2,630 | val scaffolds = 419 | test scaffolds = 418
Label averages per scaffold, in decreasing order of scaffold frequency,capped at 10 scaffolds and 20 labels:
Scaffold 0
Task 0: count = 381 | target average = 0.018373
Task 1: count = 381 | target average = 0.013123


Scaffold 1
Task 0: count = 305 | target average = 0.009836
Task 1: count = 305 | target average = 0.016393


Scaffold 2
Task 0: count = 36 | target average = 0.000000
Task 1: count = 36 | target average = 0.000000


Scaffold 3
Task 0: count = 29 | target average = 0.000000
Task 1: count = 29 | target average = 0.000000


Scaffold 4
Task 0: count = 26 | target average = 0.000000
Task 1: count = 26 | target average = 0.000000


Scaffold 5
Task 0: count = 23 | target average = 0.000000
Task 1: count = 23 | target average = 0.000000


Scaffold 6
Task 0: count = 22 | target average = 0.090909
Task 1: count = 22 | target average = 0.090909


Scaffold 7
Task 0: count = 20 | target average = 0.000000
Task 1: count = 20 | target average = 0.000000


Scaffold 8
Task 0: count = 20 | target average = 0.000000
Task 1: count = 20 | target average = 0.000000


Scaffold 9
Task 0: count = 20 | target average = 0.050000
Task 1: count = 20 | target average = 0.000000


Class sizes
hit_inh 0: 97.83%, 1: 2.17%
hit_kill 0: 98.64%, 1: 1.36%
Total size = 5,353 | train size = 4,282 | val size = 535 | test size = 536
Building model 0
MoleculeModel(
  (sigmoid): Sigmoid()
  (encoder): MPN(
    (encoder): ModuleList(
      (0): MPNEncoder(
        (dropout_layer): Dropout(p=0.4, inplace=False)
        (act_func): ReLU()
        (W_i): Linear(in_features=147, out_features=1500, bias=False)
        (W_h): Linear(in_features=1500, out_features=1500, bias=False)
        (W_o): Linear(in_features=1633, out_features=1500, bias=True)
      )
    )
  )
  (ffn): Sequential(
    (0): Dropout(p=0.4, inplace=False)
    (1): Linear(in_features=1700, out_features=2, bias=True)
  )
)
Number of parameters = 4,924,902
Moving model to cuda
Epoch 0
Loss = 3.6090e-01, PNorm = 58.2983, GNorm = 0.4781, lr_0 = 1.0000e-03
Loss = 6.6462e-02, PNorm = 58.6977, GNorm = 0.1682, lr_0 = 1.0000e-03
Loss = 1.0025e-01, PNorm = 58.8789, GNorm = 0.1568, lr_0 = 1.0000e-03
Loss = 8.7748e-02, PNorm = 58.9691, GNorm = 0.1527, lr_0 = 1.0000e-03
Loss = 7.8472e-02, PNorm = 59.0176, GNorm = 0.1013, lr_0 = 1.0000e-03
Loss = 1.0012e-01, PNorm = 59.0383, GNorm = 0.1514, lr_0 = 1.0000e-03
Loss = 9.1958e-02, PNorm = 59.0655, GNorm = 0.2274, lr_0 = 1.0000e-03
Loss = 7.2895e-02, PNorm = 59.0861, GNorm = 0.1597, lr_0 = 1.0000e-03
Validation auc = 0.763355
Epoch 1
Loss = 6.0968e-02, PNorm = 59.1078, GNorm = 0.1963, lr_0 = 1.0000e-03
Loss = 7.5657e-02, PNorm = 59.1444, GNorm = 0.3728, lr_0 = 1.0000e-03
Loss = 4.4612e-02, PNorm = 59.1653, GNorm = 0.1713, lr_0 = 1.0000e-03
Loss = 1.2749e-01, PNorm = 59.1733, GNorm = 0.4253, lr_0 = 1.0000e-03
Loss = 7.9552e-02, PNorm = 59.2074, GNorm = 0.1482, lr_0 = 1.0000e-03
Loss = 8.9306e-02, PNorm = 59.2496, GNorm = 0.0858, lr_0 = 1.0000e-03
Loss = 1.0751e-01, PNorm = 59.2633, GNorm = 0.1561, lr_0 = 1.0000e-03
Loss = 1.1680e-01, PNorm = 59.2994, GNorm = 0.2515, lr_0 = 1.0000e-03
Loss = 5.7661e-02, PNorm = 59.3680, GNorm = 0.0688, lr_0 = 9.9807e-04
Validation auc = 0.821449
Epoch 2
Loss = 8.7998e-02, PNorm = 59.3953, GNorm = 0.3113, lr_0 = 9.8846e-04
Loss = 7.4339e-02, PNorm = 59.4433, GNorm = 0.2227, lr_0 = 9.7894e-04
Loss = 9.8949e-02, PNorm = 59.4774, GNorm = 0.1410, lr_0 = 9.6952e-04
Loss = 7.9393e-02, PNorm = 59.5169, GNorm = 0.3409, lr_0 = 9.6018e-04
Loss = 1.1097e-01, PNorm = 59.5539, GNorm = 0.1985, lr_0 = 9.5094e-04
Loss = 6.9042e-02, PNorm = 59.6294, GNorm = 0.1351, lr_0 = 9.4178e-04
Loss = 5.5831e-02, PNorm = 59.6811, GNorm = 0.0640, lr_0 = 9.3271e-04
Loss = 7.5524e-02, PNorm = 59.7144, GNorm = 0.1386, lr_0 = 9.2373e-04
Validation auc = 0.851086
Epoch 3
Loss = 7.9241e-02, PNorm = 59.7681, GNorm = 0.1827, lr_0 = 9.1395e-04
Loss = 9.6732e-02, PNorm = 59.8175, GNorm = 0.1670, lr_0 = 9.0515e-04
Loss = 8.6682e-02, PNorm = 59.8972, GNorm = 0.2865, lr_0 = 8.9644e-04
Loss = 3.3942e-02, PNorm = 59.9778, GNorm = 0.0751, lr_0 = 8.8781e-04
Loss = 9.5126e-02, PNorm = 59.9977, GNorm = 0.2025, lr_0 = 8.7926e-04
Loss = 7.9356e-02, PNorm = 60.0537, GNorm = 0.1160, lr_0 = 8.7080e-04
Loss = 1.0174e-01, PNorm = 60.1180, GNorm = 0.2163, lr_0 = 8.6241e-04
Loss = 7.9423e-02, PNorm = 60.1977, GNorm = 0.1252, lr_0 = 8.5411e-04
Loss = 7.3093e-02, PNorm = 60.2266, GNorm = 0.2565, lr_0 = 8.4588e-04
Validation auc = 0.883500
Epoch 4
Loss = 4.7342e-02, PNorm = 60.2837, GNorm = 0.1226, lr_0 = 8.3774e-04
Loss = 6.1003e-02, PNorm = 60.3356, GNorm = 0.1645, lr_0 = 8.2967e-04
Loss = 7.4108e-02, PNorm = 60.3675, GNorm = 0.2343, lr_0 = 8.2169e-04
Loss = 9.6759e-02, PNorm = 60.4052, GNorm = 0.1901, lr_0 = 8.1377e-04
Loss = 9.3960e-02, PNorm = 60.4584, GNorm = 0.1450, lr_0 = 8.0594e-04
Loss = 6.1458e-02, PNorm = 60.5423, GNorm = 0.1843, lr_0 = 7.9818e-04
Loss = 9.5596e-02, PNorm = 60.5892, GNorm = 0.3005, lr_0 = 7.9050e-04
Loss = 5.3732e-02, PNorm = 60.6620, GNorm = 0.1810, lr_0 = 7.8288e-04
Validation auc = 0.855572
Epoch 5
Loss = 8.6089e-02, PNorm = 60.7314, GNorm = 0.1546, lr_0 = 7.7535e-04
Loss = 8.8269e-02, PNorm = 60.8190, GNorm = 0.1427, lr_0 = 7.6788e-04
Loss = 6.9683e-02, PNorm = 60.8986, GNorm = 0.3053, lr_0 = 7.6049e-04
Loss = 7.5568e-02, PNorm = 60.9944, GNorm = 0.1482, lr_0 = 7.5317e-04
Loss = 4.9464e-02, PNorm = 61.0895, GNorm = 0.0842, lr_0 = 7.4591e-04
Loss = 6.9971e-02, PNorm = 61.1441, GNorm = 0.1072, lr_0 = 7.3873e-04
Loss = 9.0788e-02, PNorm = 61.1847, GNorm = 0.1691, lr_0 = 7.3162e-04
Loss = 6.6671e-02, PNorm = 61.2790, GNorm = 0.1228, lr_0 = 7.2458e-04
Loss = 6.4107e-02, PNorm = 61.3337, GNorm = 0.1593, lr_0 = 7.1760e-04
Validation auc = 0.887501
Epoch 6
Loss = 4.9141e-02, PNorm = 61.3925, GNorm = 0.1478, lr_0 = 7.1000e-04
Loss = 8.5480e-02, PNorm = 61.4552, GNorm = 0.1208, lr_0 = 7.0317e-04
Loss = 7.9175e-02, PNorm = 61.5211, GNorm = 0.1925, lr_0 = 6.9640e-04
Loss = 6.9033e-02, PNorm = 61.6130, GNorm = 0.1981, lr_0 = 6.8969e-04
Loss = 6.8938e-02, PNorm = 61.6910, GNorm = 0.1588, lr_0 = 6.8305e-04
Loss = 6.2767e-02, PNorm = 61.7699, GNorm = 0.1072, lr_0 = 6.7648e-04
Loss = 6.6699e-02, PNorm = 61.8476, GNorm = 0.5108, lr_0 = 6.6996e-04
Loss = 2.5416e-02, PNorm = 61.9485, GNorm = 0.0540, lr_0 = 6.6351e-04
Validation auc = 0.888123
Epoch 7
Loss = 7.4534e-02, PNorm = 61.9798, GNorm = 0.1830, lr_0 = 6.5712e-04
Loss = 6.1720e-02, PNorm = 62.0783, GNorm = 0.2281, lr_0 = 6.5080e-04
Loss = 8.0110e-02, PNorm = 62.1677, GNorm = 0.1988, lr_0 = 6.4453e-04
Loss = 6.1906e-02, PNorm = 62.2647, GNorm = 0.1592, lr_0 = 6.3833e-04
Loss = 6.3016e-02, PNorm = 62.3177, GNorm = 0.1022, lr_0 = 6.3218e-04
Loss = 5.0157e-02, PNorm = 62.3773, GNorm = 0.1091, lr_0 = 6.2609e-04
Loss = 6.5678e-02, PNorm = 62.4362, GNorm = 0.1557, lr_0 = 6.2006e-04
Loss = 7.1974e-02, PNorm = 62.4972, GNorm = 0.3443, lr_0 = 6.1409e-04
Loss = 4.9592e-02, PNorm = 62.5755, GNorm = 0.1067, lr_0 = 6.0818e-04
Validation auc = 0.889884
Epoch 8
Loss = 3.4245e-02, PNorm = 62.6349, GNorm = 0.2564, lr_0 = 6.0233e-04
Loss = 5.0140e-02, PNorm = 62.7059, GNorm = 0.1959, lr_0 = 5.9653e-04
Loss = 6.3130e-02, PNorm = 62.7540, GNorm = 0.1535, lr_0 = 5.9078e-04
Loss = 8.1210e-02, PNorm = 62.8114, GNorm = 0.3996, lr_0 = 5.8510e-04
Loss = 6.8715e-02, PNorm = 62.8912, GNorm = 0.4075, lr_0 = 5.7946e-04
Loss = 6.3750e-02, PNorm = 62.9609, GNorm = 0.2302, lr_0 = 5.7388e-04
Loss = 6.1642e-02, PNorm = 63.0283, GNorm = 0.2173, lr_0 = 5.6836e-04
Loss = 6.8226e-02, PNorm = 63.0700, GNorm = 0.1813, lr_0 = 5.6289e-04
Loss = 6.3921e-02, PNorm = 63.1302, GNorm = 0.0899, lr_0 = 5.5747e-04
Loss = 1.3071e-02, PNorm = 63.1368, GNorm = 0.1242, lr_0 = 5.5693e-04
Validation auc = 0.884432
Epoch 9
Loss = 4.5093e-02, PNorm = 63.1978, GNorm = 0.1194, lr_0 = 5.5156e-04
Loss = 7.1730e-02, PNorm = 63.2311, GNorm = 0.1561, lr_0 = 5.4625e-04
Loss = 5.8118e-02, PNorm = 63.2839, GNorm = 0.1247, lr_0 = 5.4100e-04
Loss = 3.0434e-02, PNorm = 63.3549, GNorm = 0.1391, lr_0 = 5.3579e-04
Loss = 8.5392e-02, PNorm = 63.3904, GNorm = 0.1636, lr_0 = 5.3063e-04
Loss = 4.6795e-02, PNorm = 63.4658, GNorm = 0.2365, lr_0 = 5.2552e-04
Loss = 6.0815e-02, PNorm = 63.5121, GNorm = 0.1401, lr_0 = 5.2046e-04
Loss = 5.3279e-02, PNorm = 63.5768, GNorm = 0.2157, lr_0 = 5.1545e-04
Validation auc = 0.894642
Epoch 10
Loss = 3.4205e-02, PNorm = 63.6287, GNorm = 0.1061, lr_0 = 5.1049e-04
Loss = 6.6466e-02, PNorm = 63.7075, GNorm = 0.1710, lr_0 = 5.0557e-04
Loss = 3.2585e-02, PNorm = 63.7824, GNorm = 0.2125, lr_0 = 5.0070e-04
Loss = 2.5690e-02, PNorm = 63.8007, GNorm = 0.2810, lr_0 = 4.9588e-04
Loss = 7.1539e-02, PNorm = 63.8311, GNorm = 0.2244, lr_0 = 4.9111e-04
Loss = 7.2296e-02, PNorm = 63.8759, GNorm = 0.1684, lr_0 = 4.8638e-04
Loss = 6.1256e-02, PNorm = 63.9373, GNorm = 0.1943, lr_0 = 4.8170e-04
Loss = 5.6691e-02, PNorm = 64.0029, GNorm = 0.4024, lr_0 = 4.7706e-04
Loss = 4.8932e-02, PNorm = 64.0320, GNorm = 0.2745, lr_0 = 4.7247e-04
Validation auc = 0.898000
Epoch 11
Loss = 8.4190e-02, PNorm = 64.0890, GNorm = 0.2047, lr_0 = 4.6792e-04
Loss = 4.4844e-02, PNorm = 64.1725, GNorm = 0.2032, lr_0 = 4.6341e-04
Loss = 3.0598e-02, PNorm = 64.2223, GNorm = 0.0987, lr_0 = 4.5895e-04
Loss = 4.5117e-02, PNorm = 64.2536, GNorm = 0.1067, lr_0 = 4.5453e-04
Loss = 7.1195e-02, PNorm = 64.2828, GNorm = 0.3852, lr_0 = 4.5015e-04
Loss = 5.5027e-02, PNorm = 64.3414, GNorm = 0.0872, lr_0 = 4.4582e-04
Loss = 5.3392e-02, PNorm = 64.3764, GNorm = 0.1242, lr_0 = 4.4153e-04
Loss = 4.9111e-02, PNorm = 64.4369, GNorm = 0.2514, lr_0 = 4.3728e-04
Validation auc = 0.896687
Epoch 12
Loss = 4.3209e-02, PNorm = 64.4819, GNorm = 0.1736, lr_0 = 4.3265e-04
Loss = 3.5024e-02, PNorm = 64.5260, GNorm = 0.1320, lr_0 = 4.2848e-04
Loss = 4.0893e-02, PNorm = 64.5636, GNorm = 0.2142, lr_0 = 4.2436e-04
Loss = 6.4831e-02, PNorm = 64.5954, GNorm = 0.7347, lr_0 = 4.2027e-04
Loss = 4.6046e-02, PNorm = 64.6157, GNorm = 0.5628, lr_0 = 4.1622e-04
Loss = 3.0289e-02, PNorm = 64.6725, GNorm = 0.2980, lr_0 = 4.1222e-04
Loss = 8.3266e-02, PNorm = 64.6783, GNorm = 0.1896, lr_0 = 4.0825e-04
Loss = 6.3683e-02, PNorm = 64.7189, GNorm = 0.2546, lr_0 = 4.0432e-04
Loss = 3.9951e-02, PNorm = 64.7954, GNorm = 0.1984, lr_0 = 4.0042e-04
Validation auc = 0.888584
Epoch 13
Loss = 2.3434e-02, PNorm = 64.8246, GNorm = 0.2648, lr_0 = 3.9657e-04
Loss = 5.2779e-02, PNorm = 64.8567, GNorm = 0.2173, lr_0 = 3.9275e-04
Loss = 1.3346e-02, PNorm = 64.9037, GNorm = 0.0868, lr_0 = 3.8897e-04
Loss = 5.1974e-02, PNorm = 64.9294, GNorm = 0.2606, lr_0 = 3.8522e-04
Loss = 5.2847e-02, PNorm = 64.9765, GNorm = 0.1697, lr_0 = 3.8152e-04
Loss = 5.1164e-02, PNorm = 65.0194, GNorm = 0.3772, lr_0 = 3.7784e-04
Loss = 5.9354e-02, PNorm = 65.0412, GNorm = 0.4493, lr_0 = 3.7420e-04
Loss = 3.9259e-02, PNorm = 65.0842, GNorm = 0.0942, lr_0 = 3.7060e-04
Validation auc = 0.915792
Epoch 14
Loss = 1.5545e-02, PNorm = 65.1168, GNorm = 0.1405, lr_0 = 3.6668e-04
Loss = 3.8861e-02, PNorm = 65.1483, GNorm = 0.2536, lr_0 = 3.6315e-04
Loss = 4.2034e-02, PNorm = 65.1976, GNorm = 0.2847, lr_0 = 3.5965e-04
Loss = 3.2591e-02, PNorm = 65.2380, GNorm = 0.0853, lr_0 = 3.5619e-04
Loss = 4.4291e-02, PNorm = 65.2776, GNorm = 0.1084, lr_0 = 3.5276e-04
Loss = 4.6260e-02, PNorm = 65.3182, GNorm = 0.4245, lr_0 = 3.4936e-04
Loss = 6.7598e-02, PNorm = 65.3330, GNorm = 0.5122, lr_0 = 3.4600e-04
Loss = 4.2369e-02, PNorm = 65.3690, GNorm = 0.0845, lr_0 = 3.4267e-04
Loss = 5.3244e-02, PNorm = 65.3931, GNorm = 0.1320, lr_0 = 3.3937e-04
Validation auc = 0.912768
Epoch 15
Loss = 4.3735e-02, PNorm = 65.4385, GNorm = 0.1906, lr_0 = 3.3610e-04
Loss = 5.7290e-02, PNorm = 65.4897, GNorm = 0.2087, lr_0 = 3.3287e-04
Loss = 2.8586e-02, PNorm = 65.5339, GNorm = 0.1450, lr_0 = 3.2966e-04
Loss = 2.9497e-02, PNorm = 65.5729, GNorm = 0.0265, lr_0 = 3.2649e-04
Loss = 6.2201e-02, PNorm = 65.5748, GNorm = 0.1271, lr_0 = 3.2334e-04
Loss = 3.6730e-02, PNorm = 65.6090, GNorm = 0.2040, lr_0 = 3.2023e-04
Loss = 3.9578e-02, PNorm = 65.6408, GNorm = 0.2217, lr_0 = 3.1715e-04
Loss = 2.3714e-02, PNorm = 65.6603, GNorm = 0.5778, lr_0 = 3.1409e-04
Loss = 5.5391e-02, PNorm = 65.6711, GNorm = 0.2186, lr_0 = 3.1107e-04
Validation auc = 0.861325
Epoch 16
Loss = 4.2515e-02, PNorm = 65.7112, GNorm = 0.3894, lr_0 = 3.0807e-04
Loss = 5.6829e-02, PNorm = 65.7460, GNorm = 0.3432, lr_0 = 3.0511e-04
Loss = 4.6163e-02, PNorm = 65.7863, GNorm = 0.1502, lr_0 = 3.0217e-04
Loss = 2.3073e-02, PNorm = 65.8200, GNorm = 0.0677, lr_0 = 2.9926e-04
Loss = 4.5930e-02, PNorm = 65.8334, GNorm = 0.2330, lr_0 = 2.9638e-04
Loss = 2.6679e-02, PNorm = 65.8579, GNorm = 0.2416, lr_0 = 2.9353e-04
Loss = 2.4245e-02, PNorm = 65.8883, GNorm = 0.1898, lr_0 = 2.9070e-04
Loss = 4.9789e-02, PNorm = 65.9078, GNorm = 0.1105, lr_0 = 2.8790e-04
Validation auc = 0.904085
Epoch 17
Loss = 3.6185e-02, PNorm = 65.9250, GNorm = 0.0955, lr_0 = 2.8485e-04
Loss = 4.2632e-02, PNorm = 65.9466, GNorm = 0.1838, lr_0 = 2.8211e-04
Loss = 3.0360e-02, PNorm = 65.9850, GNorm = 0.2904, lr_0 = 2.7939e-04
Loss = 4.3224e-02, PNorm = 66.0003, GNorm = 0.1763, lr_0 = 2.7670e-04
Loss = 4.4225e-02, PNorm = 66.0271, GNorm = 0.2163, lr_0 = 2.7404e-04
Loss = 3.4498e-02, PNorm = 66.0533, GNorm = 0.1166, lr_0 = 2.7140e-04
Loss = 3.3516e-02, PNorm = 66.0782, GNorm = 0.2014, lr_0 = 2.6879e-04
Loss = 3.0852e-02, PNorm = 66.0998, GNorm = 0.0977, lr_0 = 2.6620e-04
Loss = 2.5771e-02, PNorm = 66.1243, GNorm = 0.0390, lr_0 = 2.6364e-04
Validation auc = 0.879502
Epoch 18
Loss = 3.3018e-02, PNorm = 66.1430, GNorm = 0.2261, lr_0 = 2.6110e-04
Loss = 3.1750e-02, PNorm = 66.1683, GNorm = 0.0797, lr_0 = 2.5859e-04
Loss = 2.4954e-02, PNorm = 66.2010, GNorm = 0.1081, lr_0 = 2.5610e-04
Loss = 2.2720e-02, PNorm = 66.2242, GNorm = 0.0909, lr_0 = 2.5363e-04
Loss = 4.5742e-02, PNorm = 66.2394, GNorm = 0.1894, lr_0 = 2.5119e-04
Loss = 3.0671e-02, PNorm = 66.2690, GNorm = 0.0751, lr_0 = 2.4877e-04
Loss = 5.2763e-02, PNorm = 66.2877, GNorm = 0.2876, lr_0 = 2.4638e-04
Loss = 4.4980e-02, PNorm = 66.3102, GNorm = 0.5027, lr_0 = 2.4400e-04
Validation auc = 0.877767
Epoch 19
Loss = 2.2013e-02, PNorm = 66.3319, GNorm = 0.0495, lr_0 = 2.4165e-04
Loss = 2.9015e-02, PNorm = 66.3483, GNorm = 0.3238, lr_0 = 2.3933e-04
Loss = 3.7517e-02, PNorm = 66.3681, GNorm = 0.2799, lr_0 = 2.3702e-04
Loss = 3.6570e-02, PNorm = 66.3905, GNorm = 0.1432, lr_0 = 2.3474e-04
Loss = 2.7827e-02, PNorm = 66.4100, GNorm = 0.1116, lr_0 = 2.3248e-04
Loss = 5.7770e-02, PNorm = 66.4261, GNorm = 0.3332, lr_0 = 2.3024e-04
Loss = 3.5380e-02, PNorm = 66.4505, GNorm = 0.2794, lr_0 = 2.2803e-04
Loss = 1.8393e-02, PNorm = 66.4792, GNorm = 0.1946, lr_0 = 2.2583e-04
Loss = 1.1269e-02, PNorm = 66.4968, GNorm = 0.0803, lr_0 = 2.2366e-04
Validation auc = 0.883827
Epoch 20
Loss = 3.3837e-02, PNorm = 66.5017, GNorm = 0.1990, lr_0 = 2.2129e-04
Loss = 2.7884e-02, PNorm = 66.5224, GNorm = 0.3768, lr_0 = 2.1916e-04
Loss = 3.0275e-02, PNorm = 66.5330, GNorm = 0.3082, lr_0 = 2.1705e-04
Loss = 2.7940e-02, PNorm = 66.5495, GNorm = 0.2476, lr_0 = 2.1496e-04
Loss = 2.2870e-02, PNorm = 66.5711, GNorm = 0.2523, lr_0 = 2.1289e-04
Loss = 3.3558e-02, PNorm = 66.5837, GNorm = 0.5124, lr_0 = 2.1084e-04
Loss = 2.8688e-02, PNorm = 66.6027, GNorm = 0.4100, lr_0 = 2.0881e-04
Loss = 3.1493e-02, PNorm = 66.6190, GNorm = 0.0461, lr_0 = 2.0680e-04
Validation auc = 0.871808
Epoch 21
Loss = 3.1359e-02, PNorm = 66.6288, GNorm = 0.4405, lr_0 = 2.0481e-04
Loss = 3.3272e-02, PNorm = 66.6461, GNorm = 0.6082, lr_0 = 2.0283e-04
Loss = 2.9661e-02, PNorm = 66.6752, GNorm = 0.4784, lr_0 = 2.0088e-04
Loss = 2.6235e-02, PNorm = 66.6883, GNorm = 0.2702, lr_0 = 1.9895e-04
Loss = 4.0011e-02, PNorm = 66.6972, GNorm = 0.5452, lr_0 = 1.9703e-04
Loss = 2.5925e-02, PNorm = 66.7254, GNorm = 0.2269, lr_0 = 1.9514e-04
Loss = 2.0041e-02, PNorm = 66.7445, GNorm = 0.0418, lr_0 = 1.9326e-04
Loss = 3.3147e-02, PNorm = 66.7528, GNorm = 0.0844, lr_0 = 1.9140e-04
Loss = 3.4513e-02, PNorm = 66.7657, GNorm = 0.4742, lr_0 = 1.8955e-04
Validation auc = 0.891211
Epoch 22
Loss = 2.6519e-02, PNorm = 66.7843, GNorm = 0.0578, lr_0 = 1.8773e-04
Loss = 3.2965e-02, PNorm = 66.7954, GNorm = 0.0860, lr_0 = 1.8592e-04
Loss = 2.7074e-02, PNorm = 66.8164, GNorm = 0.2752, lr_0 = 1.8413e-04
Loss = 2.4411e-02, PNorm = 66.8343, GNorm = 0.0918, lr_0 = 1.8236e-04
Loss = 3.0019e-02, PNorm = 66.8464, GNorm = 0.4512, lr_0 = 1.8060e-04
Loss = 2.6247e-02, PNorm = 66.8598, GNorm = 0.3754, lr_0 = 1.7886e-04
Loss = 2.7943e-02, PNorm = 66.8775, GNorm = 0.4704, lr_0 = 1.7714e-04
Loss = 1.6706e-02, PNorm = 66.8843, GNorm = 0.1162, lr_0 = 1.7544e-04
Validation auc = 0.866220
Epoch 23
Loss = 2.8532e-02, PNorm = 66.8931, GNorm = 0.3393, lr_0 = 1.7358e-04
Loss = 2.9855e-02, PNorm = 66.9007, GNorm = 0.0266, lr_0 = 1.7191e-04
Loss = 2.3215e-02, PNorm = 66.9104, GNorm = 0.2230, lr_0 = 1.7025e-04
Loss = 3.1836e-02, PNorm = 66.9198, GNorm = 0.4365, lr_0 = 1.6861e-04
Loss = 1.7376e-02, PNorm = 66.9450, GNorm = 0.2494, lr_0 = 1.6699e-04
Loss = 9.5253e-03, PNorm = 66.9630, GNorm = 0.0557, lr_0 = 1.6538e-04
Loss = 2.3654e-02, PNorm = 66.9782, GNorm = 0.3299, lr_0 = 1.6379e-04
Loss = 2.7356e-02, PNorm = 66.9920, GNorm = 0.0731, lr_0 = 1.6221e-04
Loss = 3.6531e-02, PNorm = 67.0041, GNorm = 0.5133, lr_0 = 1.6065e-04
Validation auc = 0.870233
Epoch 24
Loss = 1.0968e-02, PNorm = 67.0213, GNorm = 0.2538, lr_0 = 1.5910e-04
Loss = 4.1300e-02, PNorm = 67.0264, GNorm = 0.3142, lr_0 = 1.5757e-04
Loss = 3.2457e-02, PNorm = 67.0337, GNorm = 0.3931, lr_0 = 1.5605e-04
Loss = 2.7878e-02, PNorm = 67.0590, GNorm = 0.0329, lr_0 = 1.5455e-04
Loss = 2.2168e-02, PNorm = 67.0743, GNorm = 0.2638, lr_0 = 1.5306e-04
Loss = 2.5131e-02, PNorm = 67.0806, GNorm = 0.3141, lr_0 = 1.5159e-04
Loss = 1.1614e-02, PNorm = 67.0946, GNorm = 0.0487, lr_0 = 1.5013e-04
Loss = 3.7729e-02, PNorm = 67.0942, GNorm = 0.1436, lr_0 = 1.4869e-04
Loss = 2.0303e-02, PNorm = 67.1108, GNorm = 0.0699, lr_0 = 1.4725e-04
Validation auc = 0.848177
Epoch 25
Loss = 1.8543e-02, PNorm = 67.1300, GNorm = 0.1260, lr_0 = 1.4584e-04
Loss = 3.2400e-02, PNorm = 67.1287, GNorm = 0.0881, lr_0 = 1.4443e-04
Loss = 1.8282e-02, PNorm = 67.1398, GNorm = 0.1184, lr_0 = 1.4304e-04
Loss = 2.7170e-02, PNorm = 67.1629, GNorm = 0.3588, lr_0 = 1.4166e-04
Loss = 2.1063e-02, PNorm = 67.1714, GNorm = 0.0600, lr_0 = 1.4030e-04
Loss = 1.8282e-02, PNorm = 67.1770, GNorm = 0.3833, lr_0 = 1.3895e-04
Loss = 1.9377e-02, PNorm = 67.1821, GNorm = 0.1122, lr_0 = 1.3761e-04
Loss = 2.0443e-02, PNorm = 67.1967, GNorm = 0.4485, lr_0 = 1.3629e-04
Validation auc = 0.864893
Epoch 26
Loss = 2.7782e-02, PNorm = 67.1992, GNorm = 0.1483, lr_0 = 1.3484e-04
Loss = 2.4414e-02, PNorm = 67.2094, GNorm = 0.3724, lr_0 = 1.3355e-04
Loss = 1.5508e-02, PNorm = 67.2195, GNorm = 0.2590, lr_0 = 1.3226e-04
Loss = 1.4866e-02, PNorm = 67.2306, GNorm = 0.0294, lr_0 = 1.3099e-04
Loss = 2.2748e-02, PNorm = 67.2380, GNorm = 0.1422, lr_0 = 1.2973e-04
Loss = 2.1885e-02, PNorm = 67.2439, GNorm = 0.0743, lr_0 = 1.2848e-04
Loss = 1.5416e-02, PNorm = 67.2597, GNorm = 0.0688, lr_0 = 1.2724e-04
Loss = 1.6836e-02, PNorm = 67.2681, GNorm = 0.5765, lr_0 = 1.2601e-04
Loss = 5.5889e-02, PNorm = 67.2652, GNorm = 0.4664, lr_0 = 1.2480e-04
Validation auc = 0.858835
Epoch 27
Loss = 1.6428e-02, PNorm = 67.2774, GNorm = 0.1031, lr_0 = 1.2360e-04
Loss = 3.0043e-02, PNorm = 67.2940, GNorm = 0.6388, lr_0 = 1.2241e-04
Loss = 1.7342e-02, PNorm = 67.3003, GNorm = 0.3418, lr_0 = 1.2123e-04
Loss = 1.8826e-02, PNorm = 67.3078, GNorm = 0.3238, lr_0 = 1.2006e-04
Loss = 1.2207e-02, PNorm = 67.3167, GNorm = 0.2473, lr_0 = 1.1891e-04
Loss = 3.0036e-02, PNorm = 67.3206, GNorm = 0.6118, lr_0 = 1.1776e-04
Loss = 2.1763e-02, PNorm = 67.3359, GNorm = 0.2241, lr_0 = 1.1663e-04
Loss = 2.8563e-02, PNorm = 67.3407, GNorm = 0.3325, lr_0 = 1.1551e-04
Validation auc = 0.842528
Epoch 28
Loss = 4.2350e-02, PNorm = 67.3446, GNorm = 0.1686, lr_0 = 1.1428e-04
Loss = 3.2582e-02, PNorm = 67.3609, GNorm = 0.4129, lr_0 = 1.1318e-04
Loss = 2.5421e-02, PNorm = 67.3685, GNorm = 0.0940, lr_0 = 1.1209e-04
Loss = 2.0458e-02, PNorm = 67.3764, GNorm = 0.1636, lr_0 = 1.1101e-04
Loss = 9.5138e-03, PNorm = 67.3903, GNorm = 0.0850, lr_0 = 1.0995e-04
Loss = 1.6208e-02, PNorm = 67.3966, GNorm = 0.4660, lr_0 = 1.0889e-04
Loss = 1.2907e-02, PNorm = 67.4046, GNorm = 0.1492, lr_0 = 1.0784e-04
Loss = 2.9289e-02, PNorm = 67.4081, GNorm = 0.0273, lr_0 = 1.0680e-04
Loss = 1.5937e-02, PNorm = 67.4153, GNorm = 0.5185, lr_0 = 1.0577e-04
Validation auc = 0.858413
Epoch 29
Loss = 1.6822e-02, PNorm = 67.4221, GNorm = 0.1198, lr_0 = 1.0475e-04
Loss = 6.6636e-03, PNorm = 67.4321, GNorm = 0.0168, lr_0 = 1.0374e-04
Loss = 2.3714e-02, PNorm = 67.4342, GNorm = 0.3337, lr_0 = 1.0275e-04
Loss = 3.1783e-02, PNorm = 67.4304, GNorm = 0.3987, lr_0 = 1.0176e-04
Loss = 2.0550e-02, PNorm = 67.4434, GNorm = 0.3133, lr_0 = 1.0078e-04
Loss = 1.6637e-02, PNorm = 67.4556, GNorm = 0.3404, lr_0 = 1.0000e-04
Loss = 2.9221e-02, PNorm = 67.4623, GNorm = 0.5619, lr_0 = 1.0000e-04
Loss = 1.2940e-02, PNorm = 67.4663, GNorm = 0.1792, lr_0 = 1.0000e-04
Validation auc = 0.847955
Model 0 best validation auc = 0.915792 on epoch 13
Loading pretrained parameter "encoder.encoder.0.cached_zero_vector".
Loading pretrained parameter "encoder.encoder.0.W_i.weight".
Loading pretrained parameter "encoder.encoder.0.W_h.weight".
Loading pretrained parameter "encoder.encoder.0.W_o.weight".
Loading pretrained parameter "encoder.encoder.0.W_o.bias".
Loading pretrained parameter "ffn.1.weight".
Loading pretrained parameter "ffn.1.bias".
Moving model to cuda
Model 0 test auc = 0.787997
Ensemble test auc = 0.787997
3-fold cross validation
	Seed 0 ==> test auc = 0.708993
	Seed 1 ==> test auc = 0.840543
	Seed 2 ==> test auc = 0.787997
Overall test auc = 0.779178 +/- 0.054066
Elapsed time = 0:27:41
