Command line
python /home/jackievaleri8/.conda/envs/chemprop/bin/chemprop_train --init_lr 0.0001 --dropout 0.1 --hidden_size 1500 --ffn_num_layers 1 --depth 4 --save_dir round3finalval08162021_models/91 --data_path round3finalval08162021_TRAIN.csv --dataset_type classification --features_path round3finalval08162021_TRAINFTS.npz --no_features_scaling --num_folds 3 --ensemble_size 1 --split_type scaffold_balanced --split_sizes 0.8 0.1 0.1 --smiles_columns SMILES --ignore_columns Name --gpu 0
Args
{'activation': 'ReLU',
 'aggregation': 'mean',
 'aggregation_norm': 100,
 'atom_descriptor_scaling': True,
 'atom_descriptors': None,
 'atom_descriptors_path': None,
 'atom_descriptors_size': 0,
 'atom_features_size': 0,
 'atom_messages': False,
 'batch_size': 50,
 'bias': False,
 'bond_feature_scaling': True,
 'bond_features_path': None,
 'bond_features_size': 0,
 'cache_cutoff': 10000,
 'checkpoint_dir': None,
 'checkpoint_path': None,
 'checkpoint_paths': None,
 'class_balance': False,
 'config_path': None,
 'crossval_index_dir': None,
 'crossval_index_file': None,
 'crossval_index_sets': None,
 'cuda': True,
 'data_path': 'round3finalval08162021_TRAIN.csv',
 'dataset_type': 'classification',
 'depth': 4,
 'device': device(type='cuda', index=0),
 'dropout': 0.1,
 'empty_cache': False,
 'ensemble_size': 1,
 'epochs': 30,
 'explicit_h': False,
 'extra_metrics': [],
 'features_generator': None,
 'features_only': False,
 'features_path': ['round3finalval08162021_TRAINFTS.npz'],
 'features_scaling': False,
 'features_size': None,
 'ffn_hidden_size': 1500,
 'ffn_num_layers': 1,
 'final_lr': 0.0001,
 'folds_file': None,
 'gpu': 0,
 'grad_clip': None,
 'hidden_size': 1500,
 'ignore_columns': ['Name'],
 'init_lr': 0.0001,
 'log_frequency': 10,
 'max_data_size': None,
 'max_lr': 0.001,
 'metric': 'auc',
 'metrics': ['auc'],
 'minimize_score': False,
 'mpn_shared': False,
 'multiclass_num_classes': 3,
 'no_atom_descriptor_scaling': False,
 'no_bond_features_scaling': False,
 'no_cache_mol': False,
 'no_cuda': False,
 'no_features_scaling': True,
 'num_folds': 3,
 'num_lrs': 1,
 'num_tasks': 2,
 'num_workers': 8,
 'number_of_molecules': 1,
 'overwrite_default_atom_features': False,
 'overwrite_default_bond_features': False,
 'pytorch_seed': 0,
 'quiet': False,
 'reaction': False,
 'reaction_mode': 'reac_diff',
 'resume_experiment': False,
 'save_dir': 'round3finalval08162021_models/91',
 'save_preds': False,
 'save_smiles_splits': False,
 'seed': 0,
 'separate_test_atom_descriptors_path': None,
 'separate_test_bond_features_path': None,
 'separate_test_features_path': None,
 'separate_test_path': None,
 'separate_val_atom_descriptors_path': None,
 'separate_val_bond_features_path': None,
 'separate_val_features_path': None,
 'separate_val_path': None,
 'show_individual_scores': False,
 'smiles_columns': ['SMILES'],
 'split_sizes': (0.8, 0.1, 0.1),
 'split_type': 'scaffold_balanced',
 'target_columns': None,
 'task_names': ['hit_inh', 'hit_kill'],
 'test': False,
 'test_fold_index': None,
 'train_data_size': None,
 'undirected': False,
 'use_input_features': True,
 'val_fold_index': None,
 'warmup_epochs': 2.0}
Loading data
Warning: 23 SMILES are invalid.
Number of tasks = 2
Fold 0
Splitting data with seed 0
Total scaffolds = 3,467 | train scaffolds = 2,650 | val scaffolds = 433 | test scaffolds = 384
Label averages per scaffold, in decreasing order of scaffold frequency,capped at 10 scaffolds and 20 labels:
Scaffold 0
Task 0: count = 381 | target average = 0.018373
Task 1: count = 381 | target average = 0.013123


Scaffold 1
Task 0: count = 305 | target average = 0.009836
Task 1: count = 305 | target average = 0.016393


Scaffold 2
Task 0: count = 36 | target average = 0.000000
Task 1: count = 36 | target average = 0.000000


Scaffold 3
Task 0: count = 29 | target average = 0.000000
Task 1: count = 29 | target average = 0.000000


Scaffold 4
Task 0: count = 26 | target average = 0.000000
Task 1: count = 26 | target average = 0.000000


Scaffold 5
Task 0: count = 23 | target average = 0.000000
Task 1: count = 23 | target average = 0.000000


Scaffold 6
Task 0: count = 22 | target average = 0.090909
Task 1: count = 22 | target average = 0.090909


Scaffold 7
Task 0: count = 20 | target average = 0.000000
Task 1: count = 20 | target average = 0.000000


Scaffold 8
Task 0: count = 20 | target average = 0.000000
Task 1: count = 20 | target average = 0.000000


Scaffold 9
Task 0: count = 20 | target average = 0.050000
Task 1: count = 20 | target average = 0.000000


Class sizes
hit_inh 0: 97.83%, 1: 2.17%
hit_kill 0: 98.64%, 1: 1.36%
Total size = 5,353 | train size = 4,282 | val size = 535 | test size = 536
Building model 0
MoleculeModel(
  (sigmoid): Sigmoid()
  (encoder): MPN(
    (encoder): ModuleList(
      (0): MPNEncoder(
        (dropout_layer): Dropout(p=0.1, inplace=False)
        (act_func): ReLU()
        (W_i): Linear(in_features=147, out_features=1500, bias=False)
        (W_h): Linear(in_features=1500, out_features=1500, bias=False)
        (W_o): Linear(in_features=1633, out_features=1500, bias=True)
      )
    )
  )
  (ffn): Sequential(
    (0): Dropout(p=0.1, inplace=False)
    (1): Linear(in_features=1700, out_features=2, bias=True)
  )
)
Number of parameters = 4,924,902
Moving model to cuda
Epoch 0
Loss = 3.0842e-01, PNorm = 57.7575, GNorm = 1.9609, lr_0 = 1.5824e-04
Loss = 9.6644e-02, PNorm = 57.7701, GNorm = 0.1601, lr_0 = 2.1118e-04
Loss = 1.0327e-01, PNorm = 57.7834, GNorm = 0.7777, lr_0 = 2.6412e-04
Loss = 1.0293e-01, PNorm = 57.7944, GNorm = 0.2546, lr_0 = 3.1706e-04
Loss = 9.6954e-02, PNorm = 57.8092, GNorm = 0.5884, lr_0 = 3.7000e-04
Loss = 6.1590e-02, PNorm = 57.8226, GNorm = 0.2010, lr_0 = 4.2294e-04
Loss = 6.5388e-02, PNorm = 57.8353, GNorm = 0.1776, lr_0 = 4.7588e-04
Loss = 6.7973e-02, PNorm = 57.8541, GNorm = 0.1206, lr_0 = 5.2882e-04
Validation auc = 0.524008
Epoch 1
Loss = 4.5991e-02, PNorm = 57.8919, GNorm = 0.1577, lr_0 = 5.8706e-04
Loss = 1.0382e-01, PNorm = 57.9163, GNorm = 0.2720, lr_0 = 6.4000e-04
Loss = 9.2363e-02, PNorm = 57.9744, GNorm = 0.2578, lr_0 = 6.9294e-04
Loss = 1.0089e-01, PNorm = 58.0310, GNorm = 0.2183, lr_0 = 7.4588e-04
Loss = 9.0849e-02, PNorm = 58.1007, GNorm = 0.1780, lr_0 = 7.9882e-04
Loss = 7.8638e-02, PNorm = 58.1750, GNorm = 0.1995, lr_0 = 8.5176e-04
Loss = 1.0091e-01, PNorm = 58.2686, GNorm = 0.1386, lr_0 = 9.0471e-04
Loss = 1.0036e-01, PNorm = 58.3403, GNorm = 0.1214, lr_0 = 9.5765e-04
Loss = 1.0347e-01, PNorm = 58.4228, GNorm = 0.1232, lr_0 = 9.9807e-04
Validation auc = 0.812620
Epoch 2
Loss = 7.0238e-02, PNorm = 58.5190, GNorm = 0.0596, lr_0 = 9.8846e-04
Loss = 6.7906e-02, PNorm = 58.5824, GNorm = 0.1578, lr_0 = 9.7894e-04
Loss = 7.6095e-02, PNorm = 58.6782, GNorm = 0.1502, lr_0 = 9.6952e-04
Loss = 8.3410e-02, PNorm = 58.7604, GNorm = 0.4532, lr_0 = 9.6018e-04
Loss = 7.5443e-02, PNorm = 58.8766, GNorm = 0.1280, lr_0 = 9.5094e-04
Loss = 9.1172e-02, PNorm = 58.9366, GNorm = 0.1446, lr_0 = 9.4178e-04
Loss = 1.3304e-01, PNorm = 59.0446, GNorm = 0.3568, lr_0 = 9.3271e-04
Loss = 6.3927e-02, PNorm = 59.1522, GNorm = 0.2264, lr_0 = 9.2373e-04
Validation auc = 0.840063
Epoch 3
Loss = 7.2972e-02, PNorm = 59.2556, GNorm = 0.2027, lr_0 = 9.1395e-04
Loss = 1.0487e-01, PNorm = 59.3638, GNorm = 0.2487, lr_0 = 9.0515e-04
Loss = 8.1612e-02, PNorm = 59.5149, GNorm = 0.3712, lr_0 = 8.9644e-04
Loss = 7.8858e-02, PNorm = 59.6291, GNorm = 0.1206, lr_0 = 8.8781e-04
Loss = 7.9111e-02, PNorm = 59.7450, GNorm = 0.2144, lr_0 = 8.7926e-04
Loss = 8.1645e-02, PNorm = 59.8679, GNorm = 0.0945, lr_0 = 8.7080e-04
Loss = 5.4648e-02, PNorm = 59.9837, GNorm = 0.0831, lr_0 = 8.6241e-04
Loss = 6.5700e-02, PNorm = 60.0819, GNorm = 0.0994, lr_0 = 8.5411e-04
Loss = 8.4789e-02, PNorm = 60.1778, GNorm = 0.1358, lr_0 = 8.4588e-04
Validation auc = 0.819843
Epoch 4
Loss = 6.5107e-02, PNorm = 60.2910, GNorm = 0.1160, lr_0 = 8.3774e-04
Loss = 5.5067e-02, PNorm = 60.4045, GNorm = 0.2311, lr_0 = 8.2967e-04
Loss = 8.1975e-02, PNorm = 60.5140, GNorm = 0.1530, lr_0 = 8.2169e-04
Loss = 8.6963e-02, PNorm = 60.6521, GNorm = 0.3382, lr_0 = 8.1377e-04
Loss = 9.9123e-02, PNorm = 60.7410, GNorm = 0.1265, lr_0 = 8.0594e-04
Loss = 5.7562e-02, PNorm = 60.8613, GNorm = 0.0700, lr_0 = 7.9818e-04
Loss = 6.1447e-02, PNorm = 60.9767, GNorm = 0.0982, lr_0 = 7.9050e-04
Loss = 6.4619e-02, PNorm = 61.0932, GNorm = 0.0956, lr_0 = 7.8288e-04
Validation auc = 0.899655
Epoch 5
Loss = 6.1459e-02, PNorm = 61.1929, GNorm = 0.1426, lr_0 = 7.7535e-04
Loss = 5.2231e-02, PNorm = 61.3010, GNorm = 0.1201, lr_0 = 7.6788e-04
Loss = 1.0495e-01, PNorm = 61.4096, GNorm = 0.3375, lr_0 = 7.6049e-04
Loss = 8.4721e-02, PNorm = 61.5923, GNorm = 0.2036, lr_0 = 7.5317e-04
Loss = 5.0518e-02, PNorm = 61.7493, GNorm = 0.1397, lr_0 = 7.4591e-04
Loss = 5.8084e-02, PNorm = 61.8595, GNorm = 0.2749, lr_0 = 7.3873e-04
Loss = 8.8078e-02, PNorm = 61.9058, GNorm = 0.1652, lr_0 = 7.3162e-04
Loss = 3.8318e-02, PNorm = 61.9903, GNorm = 0.0619, lr_0 = 7.2458e-04
Loss = 7.6299e-02, PNorm = 62.0493, GNorm = 0.1806, lr_0 = 7.1760e-04
Validation auc = 0.921430
Epoch 6
Loss = 4.0127e-02, PNorm = 62.1779, GNorm = 0.1492, lr_0 = 7.1000e-04
Loss = 7.1713e-02, PNorm = 62.2462, GNorm = 0.1091, lr_0 = 7.0317e-04
Loss = 5.1425e-02, PNorm = 62.3786, GNorm = 0.0746, lr_0 = 6.9640e-04
Loss = 5.3577e-02, PNorm = 62.4575, GNorm = 0.1246, lr_0 = 6.8969e-04
Loss = 6.2135e-02, PNorm = 62.5223, GNorm = 0.1388, lr_0 = 6.8305e-04
Loss = 7.1948e-02, PNorm = 62.5962, GNorm = 0.1541, lr_0 = 6.7648e-04
Loss = 6.6114e-02, PNorm = 62.6627, GNorm = 0.1622, lr_0 = 6.6996e-04
Loss = 6.1777e-02, PNorm = 62.7569, GNorm = 0.2744, lr_0 = 6.6351e-04
Validation auc = 0.930726
Epoch 7
Loss = 5.4421e-02, PNorm = 62.8787, GNorm = 0.2852, lr_0 = 6.5712e-04
Loss = 6.6237e-02, PNorm = 62.9769, GNorm = 0.2926, lr_0 = 6.5080e-04
Loss = 5.5530e-02, PNorm = 63.1267, GNorm = 0.0877, lr_0 = 6.4453e-04
Loss = 4.4841e-02, PNorm = 63.2362, GNorm = 0.1033, lr_0 = 6.3833e-04
Loss = 4.3481e-02, PNorm = 63.3128, GNorm = 0.1453, lr_0 = 6.3218e-04
Loss = 6.8057e-02, PNorm = 63.3670, GNorm = 0.1923, lr_0 = 6.2609e-04
Loss = 3.7011e-02, PNorm = 63.4812, GNorm = 0.1775, lr_0 = 6.2006e-04
Loss = 4.5073e-02, PNorm = 63.5602, GNorm = 0.1398, lr_0 = 6.1409e-04
Loss = 5.7857e-02, PNorm = 63.6196, GNorm = 0.2682, lr_0 = 6.0818e-04
Validation auc = 0.938335
Epoch 8
Loss = 4.4492e-02, PNorm = 63.6659, GNorm = 0.0923, lr_0 = 6.0233e-04
Loss = 5.2093e-02, PNorm = 63.7717, GNorm = 0.1676, lr_0 = 5.9653e-04
Loss = 5.5510e-02, PNorm = 63.8719, GNorm = 0.0765, lr_0 = 5.9078e-04
Loss = 4.2780e-02, PNorm = 63.9601, GNorm = 0.1808, lr_0 = 5.8510e-04
Loss = 5.4577e-02, PNorm = 64.0293, GNorm = 0.2344, lr_0 = 5.7946e-04
Loss = 4.5284e-02, PNorm = 64.1257, GNorm = 0.0531, lr_0 = 5.7388e-04
Loss = 3.3205e-02, PNorm = 64.2036, GNorm = 0.1167, lr_0 = 5.6836e-04
Loss = 7.7926e-02, PNorm = 64.2640, GNorm = 0.3710, lr_0 = 5.6289e-04
Loss = 6.8832e-02, PNorm = 64.3712, GNorm = 0.2528, lr_0 = 5.5747e-04
Loss = 1.4285e-02, PNorm = 64.3801, GNorm = 0.1338, lr_0 = 5.5693e-04
Validation auc = 0.930014
Epoch 9
Loss = 5.3707e-02, PNorm = 64.4962, GNorm = 0.2152, lr_0 = 5.5156e-04
Loss = 3.7308e-02, PNorm = 64.6323, GNorm = 0.0433, lr_0 = 5.4625e-04
Loss = 3.1221e-02, PNorm = 64.6942, GNorm = 0.0744, lr_0 = 5.4100e-04
Loss = 4.4270e-02, PNorm = 64.7330, GNorm = 0.3707, lr_0 = 5.3579e-04
Loss = 4.3618e-02, PNorm = 64.7894, GNorm = 0.1143, lr_0 = 5.3063e-04
Loss = 5.8979e-02, PNorm = 64.8329, GNorm = 0.1878, lr_0 = 5.2552e-04
Loss = 5.0866e-02, PNorm = 64.9267, GNorm = 0.1177, lr_0 = 5.2046e-04
Loss = 5.9974e-02, PNorm = 64.9923, GNorm = 0.2739, lr_0 = 5.1545e-04
Validation auc = 0.939310
Epoch 10
Loss = 3.8572e-02, PNorm = 65.0494, GNorm = 0.4374, lr_0 = 5.1049e-04
Loss = 3.9772e-02, PNorm = 65.1174, GNorm = 0.2439, lr_0 = 5.0557e-04
Loss = 5.4453e-02, PNorm = 65.1776, GNorm = 0.2847, lr_0 = 5.0070e-04
Loss = 5.2929e-02, PNorm = 65.2315, GNorm = 0.3178, lr_0 = 4.9588e-04
Loss = 3.7238e-02, PNorm = 65.3158, GNorm = 0.1461, lr_0 = 4.9111e-04
Loss = 3.5462e-02, PNorm = 65.3961, GNorm = 0.1661, lr_0 = 4.8638e-04
Loss = 6.5882e-02, PNorm = 65.4557, GNorm = 0.3081, lr_0 = 4.8170e-04
Loss = 2.4908e-02, PNorm = 65.5486, GNorm = 0.0688, lr_0 = 4.7706e-04
Loss = 4.9532e-02, PNorm = 65.5960, GNorm = 0.0896, lr_0 = 4.7247e-04
Validation auc = 0.957500
Epoch 11
Loss = 3.1956e-02, PNorm = 65.6880, GNorm = 0.1672, lr_0 = 4.6792e-04
Loss = 5.3831e-02, PNorm = 65.7271, GNorm = 0.3091, lr_0 = 4.6341e-04
Loss = 4.4059e-02, PNorm = 65.7974, GNorm = 0.2908, lr_0 = 4.5895e-04
Loss = 4.0390e-02, PNorm = 65.8540, GNorm = 0.0567, lr_0 = 4.5453e-04
Loss = 4.3287e-02, PNorm = 65.9257, GNorm = 0.1312, lr_0 = 4.5015e-04
Loss = 4.3053e-02, PNorm = 66.0059, GNorm = 0.2402, lr_0 = 4.4582e-04
Loss = 4.7212e-02, PNorm = 66.0784, GNorm = 0.1096, lr_0 = 4.4153e-04
Loss = 3.1001e-02, PNorm = 66.1491, GNorm = 0.2391, lr_0 = 4.3728e-04
Validation auc = 0.947228
Epoch 12
Loss = 1.7683e-02, PNorm = 66.1977, GNorm = 0.0412, lr_0 = 4.3265e-04
Loss = 3.8250e-02, PNorm = 66.2530, GNorm = 0.5224, lr_0 = 4.2848e-04
Loss = 3.5306e-02, PNorm = 66.3185, GNorm = 0.1371, lr_0 = 4.2436e-04
Loss = 4.3838e-02, PNorm = 66.3985, GNorm = 0.0971, lr_0 = 4.2027e-04
Loss = 1.9317e-02, PNorm = 66.4669, GNorm = 0.0461, lr_0 = 4.1622e-04
Loss = 3.9161e-02, PNorm = 66.4948, GNorm = 0.1593, lr_0 = 4.1222e-04
Loss = 4.3560e-02, PNorm = 66.5411, GNorm = 0.0688, lr_0 = 4.0825e-04
Loss = 4.8296e-02, PNorm = 66.5833, GNorm = 0.0934, lr_0 = 4.0432e-04
Loss = 4.8037e-02, PNorm = 66.6177, GNorm = 0.2213, lr_0 = 4.0042e-04
Validation auc = 0.951881
Epoch 13
Loss = 3.3360e-02, PNorm = 66.6709, GNorm = 0.1301, lr_0 = 3.9657e-04
Loss = 4.4482e-02, PNorm = 66.7289, GNorm = 0.1178, lr_0 = 3.9275e-04
Loss = 3.9601e-02, PNorm = 66.8181, GNorm = 0.0603, lr_0 = 3.8897e-04
Loss = 9.0321e-03, PNorm = 66.9046, GNorm = 0.0381, lr_0 = 3.8522e-04
Loss = 5.6293e-02, PNorm = 66.9229, GNorm = 0.2267, lr_0 = 3.8152e-04
Loss = 3.5037e-02, PNorm = 66.9995, GNorm = 0.2047, lr_0 = 3.7784e-04
Loss = 4.6811e-02, PNorm = 67.0386, GNorm = 0.2066, lr_0 = 3.7420e-04
Loss = 4.3270e-02, PNorm = 67.0877, GNorm = 0.1733, lr_0 = 3.7060e-04
Validation auc = 0.953398
Epoch 14
Loss = 2.8569e-02, PNorm = 67.1612, GNorm = 0.2096, lr_0 = 3.6668e-04
Loss = 3.6125e-02, PNorm = 67.2117, GNorm = 0.2208, lr_0 = 3.6315e-04
Loss = 2.9803e-02, PNorm = 67.2721, GNorm = 0.2021, lr_0 = 3.5965e-04
Loss = 3.6819e-02, PNorm = 67.3184, GNorm = 0.3115, lr_0 = 3.5619e-04
Loss = 1.5546e-02, PNorm = 67.3531, GNorm = 0.1035, lr_0 = 3.5276e-04
Loss = 3.4729e-02, PNorm = 67.3923, GNorm = 0.2718, lr_0 = 3.4936e-04
Loss = 5.2585e-02, PNorm = 67.4142, GNorm = 0.2809, lr_0 = 3.4600e-04
Loss = 2.7473e-02, PNorm = 67.4793, GNorm = 0.0920, lr_0 = 3.4267e-04
Loss = 3.9370e-02, PNorm = 67.5158, GNorm = 0.1204, lr_0 = 3.3937e-04
Validation auc = 0.963635
Epoch 15
Loss = 2.6568e-02, PNorm = 67.5770, GNorm = 0.2054, lr_0 = 3.3610e-04
Loss = 2.4017e-02, PNorm = 67.6464, GNorm = 0.2060, lr_0 = 3.3287e-04
Loss = 2.6490e-02, PNorm = 67.6789, GNorm = 0.1587, lr_0 = 3.2966e-04
Loss = 3.5038e-02, PNorm = 67.6912, GNorm = 0.2029, lr_0 = 3.2649e-04
Loss = 3.3281e-02, PNorm = 67.7568, GNorm = 0.2257, lr_0 = 3.2334e-04
Loss = 1.8469e-02, PNorm = 67.8076, GNorm = 0.1533, lr_0 = 3.2023e-04
Loss = 2.6452e-02, PNorm = 67.8440, GNorm = 0.1241, lr_0 = 3.1715e-04
Loss = 4.2230e-02, PNorm = 67.8898, GNorm = 0.1035, lr_0 = 3.1409e-04
Loss = 3.4631e-02, PNorm = 67.9438, GNorm = 0.0874, lr_0 = 3.1107e-04
Validation auc = 0.954676
Epoch 16
Loss = 2.8705e-02, PNorm = 67.9901, GNorm = 0.2110, lr_0 = 3.0807e-04
Loss = 3.9597e-02, PNorm = 68.0219, GNorm = 0.2005, lr_0 = 3.0511e-04
Loss = 1.6621e-02, PNorm = 68.0758, GNorm = 0.1307, lr_0 = 3.0217e-04
Loss = 3.2950e-02, PNorm = 68.0906, GNorm = 0.2294, lr_0 = 2.9926e-04
Loss = 2.3911e-02, PNorm = 68.1368, GNorm = 0.0764, lr_0 = 2.9638e-04
Loss = 3.7762e-02, PNorm = 68.1865, GNorm = 0.1931, lr_0 = 2.9353e-04
Loss = 2.5101e-02, PNorm = 68.2464, GNorm = 0.1389, lr_0 = 2.9070e-04
Loss = 1.8874e-02, PNorm = 68.3021, GNorm = 0.1286, lr_0 = 2.8790e-04
Validation auc = 0.932865
Epoch 17
Loss = 1.6564e-02, PNorm = 68.3496, GNorm = 0.1131, lr_0 = 2.8485e-04
Loss = 3.5633e-02, PNorm = 68.3979, GNorm = 0.2986, lr_0 = 2.8211e-04
Loss = 2.0559e-02, PNorm = 68.4326, GNorm = 0.2416, lr_0 = 2.7939e-04
Loss = 2.7499e-02, PNorm = 68.4992, GNorm = 0.2180, lr_0 = 2.7670e-04
Loss = 1.7875e-02, PNorm = 68.5307, GNorm = 0.1284, lr_0 = 2.7404e-04
Loss = 2.9401e-02, PNorm = 68.5516, GNorm = 0.1542, lr_0 = 2.7140e-04
Loss = 4.2973e-02, PNorm = 68.5814, GNorm = 0.2240, lr_0 = 2.6879e-04
Loss = 1.6565e-02, PNorm = 68.6328, GNorm = 0.2303, lr_0 = 2.6620e-04
Loss = 1.8366e-02, PNorm = 68.6622, GNorm = 0.0923, lr_0 = 2.6364e-04
Validation auc = 0.964410
Epoch 18
Loss = 3.6149e-02, PNorm = 68.6944, GNorm = 0.5745, lr_0 = 2.6110e-04
Loss = 2.7916e-02, PNorm = 68.7626, GNorm = 0.0413, lr_0 = 2.5859e-04
Loss = 2.8272e-02, PNorm = 68.7897, GNorm = 0.1756, lr_0 = 2.5610e-04
Loss = 9.1398e-03, PNorm = 68.8317, GNorm = 0.0827, lr_0 = 2.5363e-04
Loss = 1.8269e-02, PNorm = 68.8625, GNorm = 0.2838, lr_0 = 2.5119e-04
Loss = 2.3402e-02, PNorm = 68.8806, GNorm = 0.1733, lr_0 = 2.4877e-04
Loss = 2.6952e-02, PNorm = 68.9190, GNorm = 0.2077, lr_0 = 2.4638e-04
Loss = 2.8919e-02, PNorm = 68.9503, GNorm = 0.0525, lr_0 = 2.4400e-04
Validation auc = 0.937799
Epoch 19
Loss = 1.8007e-02, PNorm = 68.9749, GNorm = 0.1248, lr_0 = 2.4165e-04
Loss = 2.2117e-02, PNorm = 69.0110, GNorm = 0.0720, lr_0 = 2.3933e-04
Loss = 1.7318e-02, PNorm = 69.0533, GNorm = 0.0433, lr_0 = 2.3702e-04
Loss = 3.1002e-02, PNorm = 69.0725, GNorm = 0.1846, lr_0 = 2.3474e-04
Loss = 2.2501e-02, PNorm = 69.1078, GNorm = 0.1860, lr_0 = 2.3248e-04
Loss = 2.1922e-02, PNorm = 69.1619, GNorm = 0.1586, lr_0 = 2.3024e-04
Loss = 3.2026e-02, PNorm = 69.1863, GNorm = 0.3777, lr_0 = 2.2803e-04
Loss = 1.3641e-02, PNorm = 69.2140, GNorm = 0.0406, lr_0 = 2.2583e-04
Loss = 2.2038e-02, PNorm = 69.2417, GNorm = 0.1254, lr_0 = 2.2366e-04
Validation auc = 0.946263
Epoch 20
Loss = 1.2991e-02, PNorm = 69.2676, GNorm = 0.1409, lr_0 = 2.2129e-04
Loss = 1.8982e-02, PNorm = 69.2879, GNorm = 0.0395, lr_0 = 2.1916e-04
Loss = 1.2340e-02, PNorm = 69.3174, GNorm = 0.0643, lr_0 = 2.1705e-04
Loss = 1.6977e-02, PNorm = 69.3529, GNorm = 0.1106, lr_0 = 2.1496e-04
Loss = 1.1586e-02, PNorm = 69.3784, GNorm = 0.0373, lr_0 = 2.1289e-04
Loss = 1.8019e-02, PNorm = 69.4063, GNorm = 0.0535, lr_0 = 2.1084e-04
Loss = 3.1501e-02, PNorm = 69.4317, GNorm = 0.2023, lr_0 = 2.0881e-04
Loss = 2.9668e-02, PNorm = 69.4567, GNorm = 0.5611, lr_0 = 2.0680e-04
Validation auc = 0.931897
Epoch 21
Loss = 2.4377e-02, PNorm = 69.4963, GNorm = 0.1838, lr_0 = 2.0481e-04
Loss = 1.4309e-02, PNorm = 69.5380, GNorm = 0.0257, lr_0 = 2.0283e-04
Loss = 1.7888e-02, PNorm = 69.5669, GNorm = 0.1454, lr_0 = 2.0088e-04
Loss = 1.0210e-02, PNorm = 69.5903, GNorm = 0.1620, lr_0 = 1.9895e-04
Loss = 2.1995e-02, PNorm = 69.6190, GNorm = 0.3209, lr_0 = 1.9703e-04
Loss = 1.4400e-02, PNorm = 69.6459, GNorm = 0.0619, lr_0 = 1.9514e-04
Loss = 2.8934e-02, PNorm = 69.6619, GNorm = 0.4441, lr_0 = 1.9326e-04
Loss = 2.2845e-02, PNorm = 69.6896, GNorm = 0.2698, lr_0 = 1.9140e-04
Loss = 1.7556e-02, PNorm = 69.7338, GNorm = 0.0701, lr_0 = 1.8955e-04
Validation auc = 0.939343
Epoch 22
Loss = 1.7704e-02, PNorm = 69.7491, GNorm = 0.0814, lr_0 = 1.8773e-04
Loss = 1.0478e-02, PNorm = 69.7751, GNorm = 0.0651, lr_0 = 1.8592e-04
Loss = 1.7352e-02, PNorm = 69.7987, GNorm = 0.0459, lr_0 = 1.8413e-04
Loss = 1.6860e-02, PNorm = 69.8211, GNorm = 0.0921, lr_0 = 1.8236e-04
Loss = 2.1244e-02, PNorm = 69.8491, GNorm = 0.3321, lr_0 = 1.8060e-04
Loss = 2.3703e-02, PNorm = 69.8840, GNorm = 0.2570, lr_0 = 1.7886e-04
Loss = 9.5964e-03, PNorm = 69.8909, GNorm = 0.1053, lr_0 = 1.7714e-04
Loss = 1.5013e-02, PNorm = 69.9091, GNorm = 0.0849, lr_0 = 1.7544e-04
Validation auc = 0.933335
Epoch 23
Loss = 9.2869e-03, PNorm = 69.9308, GNorm = 0.0907, lr_0 = 1.7358e-04
Loss = 1.2843e-02, PNorm = 69.9626, GNorm = 0.1033, lr_0 = 1.7191e-04
Loss = 1.5265e-02, PNorm = 69.9812, GNorm = 0.0335, lr_0 = 1.7025e-04
Loss = 8.2881e-03, PNorm = 69.9980, GNorm = 0.1178, lr_0 = 1.6861e-04
Loss = 1.9359e-02, PNorm = 70.0310, GNorm = 0.0838, lr_0 = 1.6699e-04
Loss = 1.3193e-02, PNorm = 70.0450, GNorm = 0.0187, lr_0 = 1.6538e-04
Loss = 3.1160e-02, PNorm = 70.0692, GNorm = 0.0155, lr_0 = 1.6379e-04
Loss = 1.6482e-02, PNorm = 70.0758, GNorm = 0.3403, lr_0 = 1.6221e-04
Loss = 1.8071e-02, PNorm = 70.1007, GNorm = 0.0758, lr_0 = 1.6065e-04
Validation auc = 0.920852
Epoch 24
Loss = 1.1124e-02, PNorm = 70.1229, GNorm = 0.1156, lr_0 = 1.5910e-04
Loss = 1.2641e-02, PNorm = 70.1497, GNorm = 0.0449, lr_0 = 1.5757e-04
Loss = 1.0900e-02, PNorm = 70.1691, GNorm = 0.1371, lr_0 = 1.5605e-04
Loss = 1.2429e-02, PNorm = 70.1910, GNorm = 0.1435, lr_0 = 1.5455e-04
Loss = 2.0299e-02, PNorm = 70.2067, GNorm = 0.1835, lr_0 = 1.5306e-04
Loss = 1.4477e-02, PNorm = 70.2237, GNorm = 0.3185, lr_0 = 1.5159e-04
Loss = 1.2868e-02, PNorm = 70.2558, GNorm = 0.1001, lr_0 = 1.5013e-04
Loss = 1.1244e-02, PNorm = 70.2743, GNorm = 0.0116, lr_0 = 1.4869e-04
Loss = 1.8527e-02, PNorm = 70.2779, GNorm = 0.2423, lr_0 = 1.4725e-04
Validation auc = 0.927847
Epoch 25
Loss = 9.3510e-03, PNorm = 70.2980, GNorm = 0.2193, lr_0 = 1.4584e-04
Loss = 1.2398e-02, PNorm = 70.3166, GNorm = 0.0330, lr_0 = 1.4443e-04
Loss = 7.5439e-03, PNorm = 70.3379, GNorm = 0.1477, lr_0 = 1.4304e-04
Loss = 1.5184e-02, PNorm = 70.3557, GNorm = 0.1411, lr_0 = 1.4166e-04
Loss = 8.0590e-03, PNorm = 70.3673, GNorm = 0.3542, lr_0 = 1.4030e-04
Loss = 1.1343e-02, PNorm = 70.3747, GNorm = 0.0856, lr_0 = 1.3895e-04
Loss = 1.3858e-02, PNorm = 70.3852, GNorm = 0.0481, lr_0 = 1.3761e-04
Loss = 1.7873e-02, PNorm = 70.3979, GNorm = 0.3069, lr_0 = 1.3629e-04
Validation auc = 0.888593
Epoch 26
Loss = 7.8214e-03, PNorm = 70.4246, GNorm = 0.1001, lr_0 = 1.3484e-04
Loss = 7.1726e-03, PNorm = 70.4469, GNorm = 0.1651, lr_0 = 1.3355e-04
Loss = 2.0171e-02, PNorm = 70.4646, GNorm = 0.1257, lr_0 = 1.3226e-04
Loss = 1.2441e-02, PNorm = 70.4985, GNorm = 0.0180, lr_0 = 1.3099e-04
Loss = 1.4911e-02, PNorm = 70.5136, GNorm = 0.0588, lr_0 = 1.2973e-04
Loss = 1.2383e-02, PNorm = 70.5221, GNorm = 0.5943, lr_0 = 1.2848e-04
Loss = 1.2525e-02, PNorm = 70.5339, GNorm = 0.1721, lr_0 = 1.2724e-04
Loss = 7.8833e-03, PNorm = 70.5534, GNorm = 0.0540, lr_0 = 1.2601e-04
Loss = 8.0748e-03, PNorm = 70.5683, GNorm = 0.0792, lr_0 = 1.2480e-04
Validation auc = 0.921925
Epoch 27
Loss = 4.9337e-03, PNorm = 70.5657, GNorm = 0.1130, lr_0 = 1.2360e-04
Loss = 9.2573e-03, PNorm = 70.5811, GNorm = 0.2118, lr_0 = 1.2241e-04
Loss = 8.2691e-03, PNorm = 70.6026, GNorm = 0.0914, lr_0 = 1.2123e-04
Loss = 8.1081e-03, PNorm = 70.6151, GNorm = 0.1528, lr_0 = 1.2006e-04
Loss = 1.4240e-02, PNorm = 70.6305, GNorm = 0.4052, lr_0 = 1.1891e-04
Loss = 6.2298e-03, PNorm = 70.6439, GNorm = 0.0267, lr_0 = 1.1776e-04
Loss = 1.2191e-02, PNorm = 70.6555, GNorm = 0.0739, lr_0 = 1.1663e-04
Loss = 1.4831e-02, PNorm = 70.6574, GNorm = 0.4368, lr_0 = 1.1551e-04
Validation auc = 0.927889
Epoch 28
Loss = 1.1334e-02, PNorm = 70.6696, GNorm = 0.1330, lr_0 = 1.1428e-04
Loss = 7.7483e-03, PNorm = 70.6915, GNorm = 0.2926, lr_0 = 1.1318e-04
Loss = 9.6743e-03, PNorm = 70.7027, GNorm = 0.0570, lr_0 = 1.1209e-04
Loss = 1.6277e-02, PNorm = 70.7033, GNorm = 0.0849, lr_0 = 1.1101e-04
Loss = 7.5271e-03, PNorm = 70.7213, GNorm = 0.0371, lr_0 = 1.0995e-04
Loss = 8.0913e-03, PNorm = 70.7391, GNorm = 0.0032, lr_0 = 1.0889e-04
Loss = 1.0140e-02, PNorm = 70.7437, GNorm = 0.0885, lr_0 = 1.0784e-04
Loss = 9.7722e-03, PNorm = 70.7594, GNorm = 0.0761, lr_0 = 1.0680e-04
Loss = 1.4794e-02, PNorm = 70.7640, GNorm = 0.1687, lr_0 = 1.0577e-04
Validation auc = 0.916082
Epoch 29
Loss = 7.8141e-03, PNorm = 70.7733, GNorm = 0.2436, lr_0 = 1.0475e-04
Loss = 6.2696e-03, PNorm = 70.7917, GNorm = 0.0150, lr_0 = 1.0374e-04
Loss = 7.9275e-03, PNorm = 70.7998, GNorm = 0.0229, lr_0 = 1.0275e-04
Loss = 1.0936e-02, PNorm = 70.8055, GNorm = 0.2248, lr_0 = 1.0176e-04
Loss = 5.5947e-03, PNorm = 70.8219, GNorm = 0.2919, lr_0 = 1.0078e-04
Loss = 1.2127e-02, PNorm = 70.8309, GNorm = 0.1089, lr_0 = 1.0000e-04
Loss = 9.6323e-03, PNorm = 70.8438, GNorm = 0.0551, lr_0 = 1.0000e-04
Loss = 1.6206e-02, PNorm = 70.8488, GNorm = 0.2550, lr_0 = 1.0000e-04
Validation auc = 0.929161
Model 0 best validation auc = 0.964410 on epoch 17
Loading pretrained parameter "encoder.encoder.0.cached_zero_vector".
Loading pretrained parameter "encoder.encoder.0.W_i.weight".
Loading pretrained parameter "encoder.encoder.0.W_h.weight".
Loading pretrained parameter "encoder.encoder.0.W_o.weight".
Loading pretrained parameter "encoder.encoder.0.W_o.bias".
Loading pretrained parameter "ffn.1.weight".
Loading pretrained parameter "ffn.1.bias".
Moving model to cuda
Model 0 test auc = 0.769300
Ensemble test auc = 0.769300
Fold 1
Splitting data with seed 1
Total scaffolds = 3,467 | train scaffolds = 2,658 | val scaffolds = 399 | test scaffolds = 410
Label averages per scaffold, in decreasing order of scaffold frequency,capped at 10 scaffolds and 20 labels:
Scaffold 0
Task 0: count = 381 | target average = 0.018373
Task 1: count = 381 | target average = 0.013123


Scaffold 1
Task 0: count = 305 | target average = 0.009836
Task 1: count = 305 | target average = 0.016393


Scaffold 2
Task 0: count = 36 | target average = 0.000000
Task 1: count = 36 | target average = 0.000000


Scaffold 3
Task 0: count = 29 | target average = 0.000000
Task 1: count = 29 | target average = 0.000000


Scaffold 4
Task 0: count = 26 | target average = 0.000000
Task 1: count = 26 | target average = 0.000000


Scaffold 5
Task 0: count = 23 | target average = 0.000000
Task 1: count = 23 | target average = 0.000000


Scaffold 6
Task 0: count = 22 | target average = 0.090909
Task 1: count = 22 | target average = 0.090909


Scaffold 7
Task 0: count = 20 | target average = 0.050000
Task 1: count = 20 | target average = 0.000000


Scaffold 8
Task 0: count = 20 | target average = 0.000000
Task 1: count = 20 | target average = 0.000000


Scaffold 9
Task 0: count = 20 | target average = 0.000000
Task 1: count = 20 | target average = 0.000000


Class sizes
hit_inh 0: 97.83%, 1: 2.17%
hit_kill 0: 98.64%, 1: 1.36%
Total size = 5,353 | train size = 4,282 | val size = 535 | test size = 536
Building model 0
MoleculeModel(
  (sigmoid): Sigmoid()
  (encoder): MPN(
    (encoder): ModuleList(
      (0): MPNEncoder(
        (dropout_layer): Dropout(p=0.1, inplace=False)
        (act_func): ReLU()
        (W_i): Linear(in_features=147, out_features=1500, bias=False)
        (W_h): Linear(in_features=1500, out_features=1500, bias=False)
        (W_o): Linear(in_features=1633, out_features=1500, bias=True)
      )
    )
  )
  (ffn): Sequential(
    (0): Dropout(p=0.1, inplace=False)
    (1): Linear(in_features=1700, out_features=2, bias=True)
  )
)
Number of parameters = 4,924,902
Moving model to cuda
Epoch 0
Loss = 2.4846e-01, PNorm = 57.7598, GNorm = 0.0390, lr_0 = 1.5824e-04
Loss = 1.2511e-01, PNorm = 57.7744, GNorm = 0.4327, lr_0 = 2.1118e-04
Loss = 7.7577e-02, PNorm = 57.7870, GNorm = 0.6731, lr_0 = 2.6412e-04
Loss = 7.4825e-02, PNorm = 57.7983, GNorm = 0.2444, lr_0 = 3.1706e-04
Loss = 8.6520e-02, PNorm = 57.8101, GNorm = 0.1258, lr_0 = 3.7000e-04
Loss = 1.1337e-01, PNorm = 57.8224, GNorm = 0.1621, lr_0 = 4.2294e-04
Loss = 1.0618e-01, PNorm = 57.8428, GNorm = 0.1827, lr_0 = 4.7588e-04
Loss = 1.0712e-01, PNorm = 57.8621, GNorm = 0.1622, lr_0 = 5.2882e-04
Validation auc = 0.773410
Epoch 1
Loss = 5.2344e-02, PNorm = 57.8986, GNorm = 0.2157, lr_0 = 5.8706e-04
Loss = 9.9980e-02, PNorm = 57.9262, GNorm = 0.2153, lr_0 = 6.4000e-04
Loss = 1.0877e-01, PNorm = 57.9669, GNorm = 0.3860, lr_0 = 6.9294e-04
Loss = 9.5347e-02, PNorm = 58.0329, GNorm = 0.1406, lr_0 = 7.4588e-04
Loss = 7.4210e-02, PNorm = 58.0986, GNorm = 0.2518, lr_0 = 7.9882e-04
Loss = 6.8471e-02, PNorm = 58.1492, GNorm = 0.0933, lr_0 = 8.5176e-04
Loss = 8.5889e-02, PNorm = 58.2008, GNorm = 0.1875, lr_0 = 9.0471e-04
Loss = 9.1667e-02, PNorm = 58.2656, GNorm = 0.1508, lr_0 = 9.5765e-04
Loss = 1.1394e-01, PNorm = 58.3531, GNorm = 0.2572, lr_0 = 9.9807e-04
Validation auc = 0.854014
Epoch 2
Loss = 8.0642e-02, PNorm = 58.4739, GNorm = 0.0809, lr_0 = 9.8846e-04
Loss = 1.0154e-01, PNorm = 58.5956, GNorm = 0.1969, lr_0 = 9.7894e-04
Loss = 8.4604e-02, PNorm = 58.7578, GNorm = 0.1172, lr_0 = 9.6952e-04
Loss = 8.5517e-02, PNorm = 58.8511, GNorm = 0.1103, lr_0 = 9.6018e-04
Loss = 5.2145e-02, PNorm = 58.9825, GNorm = 0.0974, lr_0 = 9.5094e-04
Loss = 7.3270e-02, PNorm = 59.0323, GNorm = 0.0989, lr_0 = 9.4178e-04
Loss = 9.2110e-02, PNorm = 59.1090, GNorm = 0.1239, lr_0 = 9.3271e-04
Loss = 7.9328e-02, PNorm = 59.2126, GNorm = 0.2395, lr_0 = 9.2373e-04
Validation auc = 0.880333
Epoch 3
Loss = 1.2129e-01, PNorm = 59.3294, GNorm = 0.2107, lr_0 = 9.1395e-04
Loss = 9.4022e-02, PNorm = 59.4532, GNorm = 0.1860, lr_0 = 9.0515e-04
Loss = 5.3398e-02, PNorm = 59.5669, GNorm = 0.1392, lr_0 = 8.9644e-04
Loss = 7.4076e-02, PNorm = 59.6294, GNorm = 0.2605, lr_0 = 8.8781e-04
Loss = 7.8048e-02, PNorm = 59.6962, GNorm = 0.0884, lr_0 = 8.7926e-04
Loss = 7.7550e-02, PNorm = 59.7990, GNorm = 0.1447, lr_0 = 8.7080e-04
Loss = 7.7282e-02, PNorm = 59.8787, GNorm = 0.1535, lr_0 = 8.6241e-04
Loss = 1.1119e-01, PNorm = 59.9271, GNorm = 0.1374, lr_0 = 8.5411e-04
Loss = 7.2723e-02, PNorm = 60.0346, GNorm = 0.1289, lr_0 = 8.4588e-04
Validation auc = 0.796791
Epoch 4
Loss = 4.8411e-02, PNorm = 60.1390, GNorm = 0.0882, lr_0 = 8.3774e-04
Loss = 7.4183e-02, PNorm = 60.2290, GNorm = 0.3438, lr_0 = 8.2967e-04
Loss = 1.0050e-01, PNorm = 60.3356, GNorm = 0.0894, lr_0 = 8.2169e-04
Loss = 7.2212e-02, PNorm = 60.4433, GNorm = 0.1857, lr_0 = 8.1377e-04
Loss = 9.4096e-02, PNorm = 60.5314, GNorm = 0.1611, lr_0 = 8.0594e-04
Loss = 6.1448e-02, PNorm = 60.6714, GNorm = 0.3180, lr_0 = 7.9818e-04
Loss = 8.6973e-02, PNorm = 60.7524, GNorm = 0.1638, lr_0 = 7.9050e-04
Loss = 8.9841e-02, PNorm = 60.8606, GNorm = 0.1699, lr_0 = 7.8288e-04
Validation auc = 0.862082
Epoch 5
Loss = 5.7581e-02, PNorm = 60.9790, GNorm = 0.1315, lr_0 = 7.7535e-04
Loss = 6.6891e-02, PNorm = 61.0762, GNorm = 0.1097, lr_0 = 7.6788e-04
Loss = 5.6810e-02, PNorm = 61.2062, GNorm = 0.0971, lr_0 = 7.6049e-04
Loss = 5.0505e-02, PNorm = 61.2886, GNorm = 0.1700, lr_0 = 7.5317e-04
Loss = 7.5191e-02, PNorm = 61.3809, GNorm = 0.0986, lr_0 = 7.4591e-04
Loss = 7.6023e-02, PNorm = 61.5384, GNorm = 0.3209, lr_0 = 7.3873e-04
Loss = 9.1779e-02, PNorm = 61.6180, GNorm = 0.3289, lr_0 = 7.3162e-04
Loss = 6.5164e-02, PNorm = 61.7146, GNorm = 0.0918, lr_0 = 7.2458e-04
Loss = 7.8744e-02, PNorm = 61.7673, GNorm = 0.1027, lr_0 = 7.1760e-04
Validation auc = 0.803807
Epoch 6
Loss = 7.3792e-02, PNorm = 61.8753, GNorm = 0.1887, lr_0 = 7.1000e-04
Loss = 8.4461e-02, PNorm = 62.0056, GNorm = 0.2671, lr_0 = 7.0317e-04
Loss = 4.9204e-02, PNorm = 62.1047, GNorm = 0.1546, lr_0 = 6.9640e-04
Loss = 4.5404e-02, PNorm = 62.1838, GNorm = 0.2432, lr_0 = 6.8969e-04
Loss = 5.2780e-02, PNorm = 62.2723, GNorm = 0.0693, lr_0 = 6.8305e-04
Loss = 6.0678e-02, PNorm = 62.3515, GNorm = 0.1186, lr_0 = 6.7648e-04
Loss = 6.3219e-02, PNorm = 62.4489, GNorm = 0.4077, lr_0 = 6.6996e-04
Loss = 9.3759e-02, PNorm = 62.4984, GNorm = 0.1776, lr_0 = 6.6351e-04
Validation auc = 0.758335
Epoch 7
Loss = 2.3469e-02, PNorm = 62.6320, GNorm = 0.1117, lr_0 = 6.5712e-04
Loss = 4.5722e-02, PNorm = 62.7685, GNorm = 0.1058, lr_0 = 6.5080e-04
Loss = 8.0954e-02, PNorm = 62.8285, GNorm = 0.4421, lr_0 = 6.4453e-04
Loss = 8.0294e-02, PNorm = 62.9332, GNorm = 0.1645, lr_0 = 6.3833e-04
Loss = 6.4972e-02, PNorm = 63.0407, GNorm = 0.2633, lr_0 = 6.3218e-04
Loss = 5.4157e-02, PNorm = 63.1705, GNorm = 0.7537, lr_0 = 6.2609e-04
Loss = 5.2015e-02, PNorm = 63.2729, GNorm = 0.1354, lr_0 = 6.2006e-04
Loss = 6.0740e-02, PNorm = 63.3670, GNorm = 0.2783, lr_0 = 6.1409e-04
Loss = 6.2363e-02, PNorm = 63.4066, GNorm = 0.1710, lr_0 = 6.0818e-04
Validation auc = 0.903435
Epoch 8
Loss = 3.6510e-02, PNorm = 63.4967, GNorm = 0.0752, lr_0 = 6.0233e-04
Loss = 5.4342e-02, PNorm = 63.5604, GNorm = 0.1586, lr_0 = 5.9653e-04
Loss = 5.4386e-02, PNorm = 63.6399, GNorm = 0.0896, lr_0 = 5.9078e-04
Loss = 4.8880e-02, PNorm = 63.7134, GNorm = 0.0994, lr_0 = 5.8510e-04
Loss = 4.1756e-02, PNorm = 63.7809, GNorm = 0.0817, lr_0 = 5.7946e-04
Loss = 5.4765e-02, PNorm = 63.8431, GNorm = 0.1811, lr_0 = 5.7388e-04
Loss = 4.7881e-02, PNorm = 63.9273, GNorm = 0.1265, lr_0 = 5.6836e-04
Loss = 6.0140e-02, PNorm = 63.9972, GNorm = 0.1237, lr_0 = 5.6289e-04
Loss = 8.3253e-02, PNorm = 64.0620, GNorm = 0.2914, lr_0 = 5.5747e-04
Loss = 1.1545e-02, PNorm = 64.0741, GNorm = 0.1323, lr_0 = 5.5693e-04
Validation auc = 0.798668
Epoch 9
Loss = 3.0870e-02, PNorm = 64.2032, GNorm = 0.2158, lr_0 = 5.5156e-04
Loss = 6.0424e-02, PNorm = 64.2947, GNorm = 0.1236, lr_0 = 5.4625e-04
Loss = 7.0766e-02, PNorm = 64.3886, GNorm = 0.1155, lr_0 = 5.4100e-04
Loss = 5.4919e-02, PNorm = 64.4917, GNorm = 0.3258, lr_0 = 5.3579e-04
Loss = 6.1236e-02, PNorm = 64.5531, GNorm = 0.1171, lr_0 = 5.3063e-04
Loss = 4.0693e-02, PNorm = 64.6553, GNorm = 0.0968, lr_0 = 5.2552e-04
Loss = 4.0799e-02, PNorm = 64.7557, GNorm = 0.1124, lr_0 = 5.2046e-04
Loss = 6.3065e-02, PNorm = 64.8313, GNorm = 0.1912, lr_0 = 5.1545e-04
Validation auc = 0.873800
Epoch 10
Loss = 2.5737e-02, PNorm = 64.9048, GNorm = 0.1469, lr_0 = 5.1049e-04
Loss = 3.0614e-02, PNorm = 64.9950, GNorm = 0.0585, lr_0 = 5.0557e-04
Loss = 2.4923e-02, PNorm = 65.0798, GNorm = 0.1732, lr_0 = 5.0070e-04
Loss = 6.0152e-02, PNorm = 65.1335, GNorm = 0.1901, lr_0 = 4.9588e-04
Loss = 5.6460e-02, PNorm = 65.1828, GNorm = 0.4305, lr_0 = 4.9111e-04
Loss = 6.8075e-02, PNorm = 65.2472, GNorm = 0.3227, lr_0 = 4.8638e-04
Loss = 3.9153e-02, PNorm = 65.3443, GNorm = 0.1921, lr_0 = 4.8170e-04
Loss = 4.4143e-02, PNorm = 65.4331, GNorm = 0.0877, lr_0 = 4.7706e-04
Loss = 6.1887e-02, PNorm = 65.4783, GNorm = 0.1891, lr_0 = 4.7247e-04
Validation auc = 0.861144
Epoch 11
Loss = 3.7229e-02, PNorm = 65.5497, GNorm = 0.0315, lr_0 = 4.6792e-04
Loss = 2.1254e-02, PNorm = 65.6123, GNorm = 0.3499, lr_0 = 4.6341e-04
Loss = 4.0666e-02, PNorm = 65.6629, GNorm = 0.1337, lr_0 = 4.5895e-04
Loss = 5.7538e-02, PNorm = 65.7292, GNorm = 0.1227, lr_0 = 4.5453e-04
Loss = 4.5002e-02, PNorm = 65.8201, GNorm = 0.0606, lr_0 = 4.5015e-04
Loss = 3.3194e-02, PNorm = 65.8809, GNorm = 0.0980, lr_0 = 4.4582e-04
Loss = 5.7931e-02, PNorm = 65.9642, GNorm = 0.2998, lr_0 = 4.4153e-04
Loss = 3.1686e-02, PNorm = 66.0612, GNorm = 0.1425, lr_0 = 4.3728e-04
Validation auc = 0.869372
Epoch 12
Loss = 1.9137e-02, PNorm = 66.1187, GNorm = 0.1610, lr_0 = 4.3265e-04
Loss = 2.8164e-02, PNorm = 66.2025, GNorm = 0.1713, lr_0 = 4.2848e-04
Loss = 3.7224e-02, PNorm = 66.2596, GNorm = 0.3158, lr_0 = 4.2436e-04
Loss = 2.4882e-02, PNorm = 66.2987, GNorm = 0.1064, lr_0 = 4.2027e-04
Loss = 4.2658e-02, PNorm = 66.3435, GNorm = 0.1805, lr_0 = 4.1622e-04
Loss = 3.7192e-02, PNorm = 66.4102, GNorm = 0.1718, lr_0 = 4.1222e-04
Loss = 7.3532e-02, PNorm = 66.4699, GNorm = 0.6699, lr_0 = 4.0825e-04
Loss = 3.8695e-02, PNorm = 66.5697, GNorm = 0.2508, lr_0 = 4.0432e-04
Loss = 4.3005e-02, PNorm = 66.6203, GNorm = 0.4590, lr_0 = 4.0042e-04
Validation auc = 0.814915
Epoch 13
Loss = 3.9049e-02, PNorm = 66.6722, GNorm = 0.2360, lr_0 = 3.9657e-04
Loss = 2.3713e-02, PNorm = 66.7404, GNorm = 0.0632, lr_0 = 3.9275e-04
Loss = 2.7753e-02, PNorm = 66.7837, GNorm = 0.2366, lr_0 = 3.8897e-04
Loss = 3.4436e-02, PNorm = 66.8294, GNorm = 0.3032, lr_0 = 3.8522e-04
Loss = 3.9110e-02, PNorm = 66.8739, GNorm = 0.1351, lr_0 = 3.8152e-04
Loss = 2.8875e-02, PNorm = 66.9293, GNorm = 0.2158, lr_0 = 3.7784e-04
Loss = 5.2230e-02, PNorm = 66.9701, GNorm = 0.2522, lr_0 = 3.7420e-04
Loss = 3.5101e-02, PNorm = 67.0281, GNorm = 0.1525, lr_0 = 3.7060e-04
Validation auc = 0.860772
Epoch 14
Loss = 2.2572e-02, PNorm = 67.0908, GNorm = 0.1383, lr_0 = 3.6668e-04
Loss = 2.3110e-02, PNorm = 67.1553, GNorm = 0.3049, lr_0 = 3.6315e-04
Loss = 4.9631e-02, PNorm = 67.2126, GNorm = 0.2037, lr_0 = 3.5965e-04
Loss = 1.6557e-02, PNorm = 67.3025, GNorm = 0.3170, lr_0 = 3.5619e-04
Loss = 2.9903e-02, PNorm = 67.3490, GNorm = 0.1982, lr_0 = 3.5276e-04
Loss = 1.8796e-02, PNorm = 67.4074, GNorm = 0.1836, lr_0 = 3.4936e-04
Loss = 5.3302e-02, PNorm = 67.4459, GNorm = 0.2650, lr_0 = 3.4600e-04
Loss = 4.3240e-02, PNorm = 67.5102, GNorm = 0.1815, lr_0 = 3.4267e-04
Loss = 2.8747e-02, PNorm = 67.5478, GNorm = 0.1656, lr_0 = 3.3937e-04
Validation auc = 0.859594
Epoch 15
Loss = 4.1048e-02, PNorm = 67.5946, GNorm = 0.1764, lr_0 = 3.3610e-04
Loss = 2.1334e-02, PNorm = 67.6496, GNorm = 0.0391, lr_0 = 3.3287e-04
Loss = 4.4169e-02, PNorm = 67.6644, GNorm = 0.1992, lr_0 = 3.2966e-04
Loss = 2.5682e-02, PNorm = 67.6951, GNorm = 0.1357, lr_0 = 3.2649e-04
Loss = 1.8777e-02, PNorm = 67.7508, GNorm = 0.2580, lr_0 = 3.2334e-04
Loss = 3.2247e-02, PNorm = 67.7962, GNorm = 0.0824, lr_0 = 3.2023e-04
Loss = 2.6662e-02, PNorm = 67.8403, GNorm = 0.2196, lr_0 = 3.1715e-04
Loss = 2.4362e-02, PNorm = 67.8856, GNorm = 0.1209, lr_0 = 3.1409e-04
Loss = 3.5895e-02, PNorm = 67.9530, GNorm = 0.0882, lr_0 = 3.1107e-04
Validation auc = 0.858782
Epoch 16
Loss = 2.8721e-02, PNorm = 68.0112, GNorm = 0.1007, lr_0 = 3.0807e-04
Loss = 1.9082e-02, PNorm = 68.0502, GNorm = 0.0362, lr_0 = 3.0511e-04
Loss = 3.4796e-02, PNorm = 68.0813, GNorm = 0.2398, lr_0 = 3.0217e-04
Loss = 2.9815e-02, PNorm = 68.1248, GNorm = 0.1657, lr_0 = 2.9926e-04
Loss = 2.7859e-02, PNorm = 68.1464, GNorm = 0.1216, lr_0 = 2.9638e-04
Loss = 3.8572e-02, PNorm = 68.1918, GNorm = 0.1169, lr_0 = 2.9353e-04
Loss = 1.8322e-02, PNorm = 68.2316, GNorm = 0.2226, lr_0 = 2.9070e-04
Loss = 1.3254e-02, PNorm = 68.2589, GNorm = 0.4188, lr_0 = 2.8790e-04
Validation auc = 0.869006
Epoch 17
Loss = 1.9673e-02, PNorm = 68.2957, GNorm = 0.0187, lr_0 = 2.8485e-04
Loss = 3.2071e-02, PNorm = 68.3278, GNorm = 0.3398, lr_0 = 2.8211e-04
Loss = 3.7456e-02, PNorm = 68.3638, GNorm = 0.2011, lr_0 = 2.7939e-04
Loss = 2.7497e-02, PNorm = 68.4042, GNorm = 0.0903, lr_0 = 2.7670e-04
Loss = 1.4205e-02, PNorm = 68.4455, GNorm = 0.1002, lr_0 = 2.7404e-04
Loss = 1.8992e-02, PNorm = 68.4655, GNorm = 0.1414, lr_0 = 2.7140e-04
Loss = 2.5071e-02, PNorm = 68.4970, GNorm = 0.3069, lr_0 = 2.6879e-04
Loss = 1.8254e-02, PNorm = 68.5367, GNorm = 0.1128, lr_0 = 2.6620e-04
Loss = 3.1388e-02, PNorm = 68.5675, GNorm = 0.2479, lr_0 = 2.6364e-04
Validation auc = 0.853912
Epoch 18
Loss = 1.6606e-02, PNorm = 68.6093, GNorm = 0.0304, lr_0 = 2.6110e-04
Loss = 2.6020e-02, PNorm = 68.6284, GNorm = 0.2356, lr_0 = 2.5859e-04
Loss = 4.0526e-02, PNorm = 68.6906, GNorm = 0.1640, lr_0 = 2.5610e-04
Loss = 2.5492e-02, PNorm = 68.7530, GNorm = 0.1614, lr_0 = 2.5363e-04
Loss = 3.1235e-02, PNorm = 68.7827, GNorm = 0.2615, lr_0 = 2.5119e-04
Loss = 1.7599e-02, PNorm = 68.8291, GNorm = 0.0416, lr_0 = 2.4877e-04
Loss = 2.6230e-02, PNorm = 68.8514, GNorm = 0.0614, lr_0 = 2.4638e-04
Loss = 1.4992e-02, PNorm = 68.8801, GNorm = 0.2107, lr_0 = 2.4400e-04
Validation auc = 0.846023
Epoch 19
Loss = 2.5704e-02, PNorm = 68.9167, GNorm = 0.2284, lr_0 = 2.4165e-04
Loss = 2.4178e-02, PNorm = 68.9463, GNorm = 0.2001, lr_0 = 2.3933e-04
Loss = 1.7089e-02, PNorm = 68.9672, GNorm = 0.1574, lr_0 = 2.3702e-04
Loss = 1.2448e-02, PNorm = 68.9965, GNorm = 0.1242, lr_0 = 2.3474e-04
Loss = 1.3236e-02, PNorm = 69.0243, GNorm = 0.1795, lr_0 = 2.3248e-04
Loss = 2.8546e-02, PNorm = 69.0385, GNorm = 0.0354, lr_0 = 2.3024e-04
Loss = 3.1692e-02, PNorm = 69.0751, GNorm = 0.5586, lr_0 = 2.2803e-04
Loss = 1.5367e-02, PNorm = 69.1091, GNorm = 0.3531, lr_0 = 2.2583e-04
Loss = 1.9919e-02, PNorm = 69.1277, GNorm = 0.0628, lr_0 = 2.2366e-04
Validation auc = 0.848187
Epoch 20
Loss = 1.1956e-02, PNorm = 69.1575, GNorm = 0.1454, lr_0 = 2.2129e-04
Loss = 1.7803e-02, PNorm = 69.1922, GNorm = 0.0404, lr_0 = 2.1916e-04
Loss = 2.3530e-02, PNorm = 69.2169, GNorm = 0.2770, lr_0 = 2.1705e-04
Loss = 1.2293e-02, PNorm = 69.2370, GNorm = 0.1562, lr_0 = 2.1496e-04
Loss = 2.2758e-02, PNorm = 69.2587, GNorm = 0.1084, lr_0 = 2.1289e-04
Loss = 1.8126e-02, PNorm = 69.2758, GNorm = 0.1781, lr_0 = 2.1084e-04
Loss = 1.4807e-02, PNorm = 69.3081, GNorm = 0.1121, lr_0 = 2.0881e-04
Loss = 1.9158e-02, PNorm = 69.3434, GNorm = 0.2703, lr_0 = 2.0680e-04
Validation auc = 0.861805
Epoch 21
Loss = 2.4935e-02, PNorm = 69.3617, GNorm = 0.2960, lr_0 = 2.0481e-04
Loss = 1.6686e-02, PNorm = 69.4209, GNorm = 0.1474, lr_0 = 2.0283e-04
Loss = 1.2538e-02, PNorm = 69.4415, GNorm = 0.0454, lr_0 = 2.0088e-04
Loss = 2.0582e-02, PNorm = 69.4603, GNorm = 0.1551, lr_0 = 1.9895e-04
Loss = 1.6249e-02, PNorm = 69.4854, GNorm = 0.1098, lr_0 = 1.9703e-04
Loss = 2.5218e-02, PNorm = 69.5034, GNorm = 0.1018, lr_0 = 1.9514e-04
Loss = 1.6768e-02, PNorm = 69.5332, GNorm = 0.0617, lr_0 = 1.9326e-04
Loss = 1.4832e-02, PNorm = 69.5547, GNorm = 0.0577, lr_0 = 1.9140e-04
Loss = 1.0675e-02, PNorm = 69.5776, GNorm = 0.4602, lr_0 = 1.8955e-04
Validation auc = 0.835197
Epoch 22
Loss = 7.3497e-03, PNorm = 69.5981, GNorm = 0.2461, lr_0 = 1.8773e-04
Loss = 2.1890e-02, PNorm = 69.6090, GNorm = 0.1477, lr_0 = 1.8592e-04
Loss = 1.0625e-02, PNorm = 69.6465, GNorm = 0.1866, lr_0 = 1.8413e-04
Loss = 1.3214e-02, PNorm = 69.6732, GNorm = 0.0474, lr_0 = 1.8236e-04
Loss = 1.6483e-02, PNorm = 69.6732, GNorm = 0.1749, lr_0 = 1.8060e-04
Loss = 1.5741e-02, PNorm = 69.7116, GNorm = 0.0990, lr_0 = 1.7886e-04
Loss = 2.7221e-02, PNorm = 69.7498, GNorm = 0.3236, lr_0 = 1.7714e-04
Loss = 2.2591e-02, PNorm = 69.7611, GNorm = 0.1985, lr_0 = 1.7544e-04
Validation auc = 0.851635
Epoch 23
Loss = 1.4145e-02, PNorm = 69.7935, GNorm = 0.1480, lr_0 = 1.7358e-04
Loss = 1.3294e-02, PNorm = 69.8152, GNorm = 0.3198, lr_0 = 1.7191e-04
Loss = 1.7960e-02, PNorm = 69.8229, GNorm = 0.0756, lr_0 = 1.7025e-04
Loss = 8.8674e-03, PNorm = 69.8509, GNorm = 0.0320, lr_0 = 1.6861e-04
Loss = 1.0747e-02, PNorm = 69.8707, GNorm = 0.0154, lr_0 = 1.6699e-04
Loss = 1.1037e-02, PNorm = 69.8894, GNorm = 0.1936, lr_0 = 1.6538e-04
Loss = 1.3134e-02, PNorm = 69.9067, GNorm = 0.2640, lr_0 = 1.6379e-04
Loss = 1.7487e-02, PNorm = 69.9120, GNorm = 0.0912, lr_0 = 1.6221e-04
Loss = 2.4065e-02, PNorm = 69.9346, GNorm = 0.0661, lr_0 = 1.6065e-04
Validation auc = 0.848372
Epoch 24
Loss = 1.7203e-02, PNorm = 69.9571, GNorm = 0.1888, lr_0 = 1.5910e-04
Loss = 1.1342e-02, PNorm = 69.9813, GNorm = 0.0369, lr_0 = 1.5757e-04
Loss = 1.9127e-02, PNorm = 70.0004, GNorm = 0.2585, lr_0 = 1.5605e-04
Loss = 1.0372e-02, PNorm = 70.0140, GNorm = 0.0388, lr_0 = 1.5455e-04
Loss = 1.8577e-02, PNorm = 70.0249, GNorm = 0.0509, lr_0 = 1.5306e-04
Loss = 9.3905e-03, PNorm = 70.0445, GNorm = 0.0817, lr_0 = 1.5159e-04
Loss = 1.6986e-02, PNorm = 70.0631, GNorm = 0.3682, lr_0 = 1.5013e-04
Loss = 1.3986e-02, PNorm = 70.0726, GNorm = 0.0527, lr_0 = 1.4869e-04
Loss = 8.9774e-03, PNorm = 70.0991, GNorm = 0.0071, lr_0 = 1.4725e-04
Validation auc = 0.861916
Epoch 25
Loss = 1.6552e-02, PNorm = 70.1121, GNorm = 0.1075, lr_0 = 1.4584e-04
Loss = 7.3483e-03, PNorm = 70.1296, GNorm = 0.2639, lr_0 = 1.4443e-04
Loss = 9.7797e-03, PNorm = 70.1473, GNorm = 0.2912, lr_0 = 1.4304e-04
Loss = 1.6054e-02, PNorm = 70.1572, GNorm = 0.2594, lr_0 = 1.4166e-04
Loss = 8.2292e-03, PNorm = 70.1733, GNorm = 0.1713, lr_0 = 1.4030e-04
Loss = 8.0117e-03, PNorm = 70.1837, GNorm = 0.1540, lr_0 = 1.3895e-04
Loss = 1.1207e-02, PNorm = 70.2000, GNorm = 0.0375, lr_0 = 1.3761e-04
Loss = 1.1498e-02, PNorm = 70.2099, GNorm = 0.2509, lr_0 = 1.3629e-04
Validation auc = 0.857529
Epoch 26
Loss = 1.1414e-02, PNorm = 70.2167, GNorm = 0.0392, lr_0 = 1.3484e-04
Loss = 6.8762e-03, PNorm = 70.2367, GNorm = 0.1414, lr_0 = 1.3355e-04
Loss = 3.5003e-03, PNorm = 70.2513, GNorm = 0.0274, lr_0 = 1.3226e-04
Loss = 7.6386e-03, PNorm = 70.2585, GNorm = 0.0062, lr_0 = 1.3099e-04
Loss = 1.4990e-02, PNorm = 70.2592, GNorm = 0.0972, lr_0 = 1.2973e-04
Loss = 1.3484e-02, PNorm = 70.2883, GNorm = 0.2998, lr_0 = 1.2848e-04
Loss = 1.3135e-02, PNorm = 70.3029, GNorm = 0.0084, lr_0 = 1.2724e-04
Loss = 1.8054e-02, PNorm = 70.3085, GNorm = 0.0743, lr_0 = 1.2601e-04
Loss = 5.0416e-03, PNorm = 70.3198, GNorm = 0.1097, lr_0 = 1.2480e-04
Validation auc = 0.849886
Epoch 27
Loss = 6.4738e-03, PNorm = 70.3317, GNorm = 0.0609, lr_0 = 1.2360e-04
Loss = 3.7403e-03, PNorm = 70.3454, GNorm = 0.0100, lr_0 = 1.2241e-04
Loss = 4.7824e-03, PNorm = 70.3561, GNorm = 0.2347, lr_0 = 1.2123e-04
Loss = 3.3522e-03, PNorm = 70.3630, GNorm = 0.0241, lr_0 = 1.2006e-04
Loss = 5.3804e-03, PNorm = 70.3718, GNorm = 0.0311, lr_0 = 1.1891e-04
Loss = 1.2609e-02, PNorm = 70.3816, GNorm = 0.2989, lr_0 = 1.1776e-04
Loss = 1.1071e-02, PNorm = 70.3985, GNorm = 0.6883, lr_0 = 1.1663e-04
Loss = 1.3070e-02, PNorm = 70.4212, GNorm = 0.0143, lr_0 = 1.1551e-04
Validation auc = 0.858983
Epoch 28
Loss = 1.5514e-02, PNorm = 70.4259, GNorm = 0.4945, lr_0 = 1.1428e-04
Loss = 5.3086e-03, PNorm = 70.4436, GNorm = 0.0458, lr_0 = 1.1318e-04
Loss = 1.3905e-02, PNorm = 70.4608, GNorm = 0.4203, lr_0 = 1.1209e-04
Loss = 7.3902e-03, PNorm = 70.4759, GNorm = 0.0391, lr_0 = 1.1101e-04
Loss = 1.0606e-02, PNorm = 70.4797, GNorm = 0.1037, lr_0 = 1.0995e-04
Loss = 9.7058e-03, PNorm = 70.4857, GNorm = 0.1570, lr_0 = 1.0889e-04
Loss = 6.9817e-03, PNorm = 70.4962, GNorm = 0.0315, lr_0 = 1.0784e-04
Loss = 1.0015e-02, PNorm = 70.5045, GNorm = 0.1084, lr_0 = 1.0680e-04
Loss = 8.6520e-03, PNorm = 70.5251, GNorm = 0.1110, lr_0 = 1.0577e-04
Validation auc = 0.841813
Epoch 29
Loss = 1.1333e-02, PNorm = 70.5390, GNorm = 0.2814, lr_0 = 1.0475e-04
Loss = 1.0043e-02, PNorm = 70.5470, GNorm = 0.4309, lr_0 = 1.0374e-04
Loss = 8.0914e-03, PNorm = 70.5583, GNorm = 0.0516, lr_0 = 1.0275e-04
Loss = 5.0290e-03, PNorm = 70.5717, GNorm = 0.2904, lr_0 = 1.0176e-04
Loss = 2.4613e-03, PNorm = 70.5793, GNorm = 0.0178, lr_0 = 1.0078e-04
Loss = 7.7738e-03, PNorm = 70.5859, GNorm = 0.0993, lr_0 = 1.0000e-04
Loss = 1.1334e-02, PNorm = 70.5992, GNorm = 0.1336, lr_0 = 1.0000e-04
Loss = 5.8390e-03, PNorm = 70.6081, GNorm = 0.0201, lr_0 = 1.0000e-04
Validation auc = 0.853174
Model 0 best validation auc = 0.903435 on epoch 7
Loading pretrained parameter "encoder.encoder.0.cached_zero_vector".
Loading pretrained parameter "encoder.encoder.0.W_i.weight".
Loading pretrained parameter "encoder.encoder.0.W_h.weight".
Loading pretrained parameter "encoder.encoder.0.W_o.weight".
Loading pretrained parameter "encoder.encoder.0.W_o.bias".
Loading pretrained parameter "ffn.1.weight".
Loading pretrained parameter "ffn.1.bias".
Moving model to cuda
Model 0 test auc = 0.878985
Ensemble test auc = 0.878985
Fold 2
Splitting data with seed 2
Total scaffolds = 3,467 | train scaffolds = 2,630 | val scaffolds = 419 | test scaffolds = 418
Label averages per scaffold, in decreasing order of scaffold frequency,capped at 10 scaffolds and 20 labels:
Scaffold 0
Task 0: count = 381 | target average = 0.018373
Task 1: count = 381 | target average = 0.013123


Scaffold 1
Task 0: count = 305 | target average = 0.009836
Task 1: count = 305 | target average = 0.016393


Scaffold 2
Task 0: count = 36 | target average = 0.000000
Task 1: count = 36 | target average = 0.000000


Scaffold 3
Task 0: count = 29 | target average = 0.000000
Task 1: count = 29 | target average = 0.000000


Scaffold 4
Task 0: count = 26 | target average = 0.000000
Task 1: count = 26 | target average = 0.000000


Scaffold 5
Task 0: count = 23 | target average = 0.000000
Task 1: count = 23 | target average = 0.000000


Scaffold 6
Task 0: count = 22 | target average = 0.090909
Task 1: count = 22 | target average = 0.090909


Scaffold 7
Task 0: count = 20 | target average = 0.000000
Task 1: count = 20 | target average = 0.000000


Scaffold 8
Task 0: count = 20 | target average = 0.000000
Task 1: count = 20 | target average = 0.000000


Scaffold 9
Task 0: count = 20 | target average = 0.050000
Task 1: count = 20 | target average = 0.000000


Class sizes
hit_inh 0: 97.83%, 1: 2.17%
hit_kill 0: 98.64%, 1: 1.36%
Total size = 5,353 | train size = 4,282 | val size = 535 | test size = 536
Building model 0
MoleculeModel(
  (sigmoid): Sigmoid()
  (encoder): MPN(
    (encoder): ModuleList(
      (0): MPNEncoder(
        (dropout_layer): Dropout(p=0.1, inplace=False)
        (act_func): ReLU()
        (W_i): Linear(in_features=147, out_features=1500, bias=False)
        (W_h): Linear(in_features=1500, out_features=1500, bias=False)
        (W_o): Linear(in_features=1633, out_features=1500, bias=True)
      )
    )
  )
  (ffn): Sequential(
    (0): Dropout(p=0.1, inplace=False)
    (1): Linear(in_features=1700, out_features=2, bias=True)
  )
)
Number of parameters = 4,924,902
Moving model to cuda
Epoch 0
Loss = 2.4084e-01, PNorm = 57.7591, GNorm = 0.2299, lr_0 = 1.5824e-04
Loss = 7.8546e-02, PNorm = 57.7772, GNorm = 0.1495, lr_0 = 2.1118e-04
Loss = 1.1724e-01, PNorm = 57.7886, GNorm = 0.2704, lr_0 = 2.6412e-04
Loss = 9.1805e-02, PNorm = 57.8022, GNorm = 0.1757, lr_0 = 3.1706e-04
Loss = 8.3183e-02, PNorm = 57.8159, GNorm = 0.2112, lr_0 = 3.7000e-04
Loss = 9.8974e-02, PNorm = 57.8326, GNorm = 0.1962, lr_0 = 4.2294e-04
Loss = 9.4731e-02, PNorm = 57.8484, GNorm = 0.2467, lr_0 = 4.7588e-04
Loss = 7.7692e-02, PNorm = 57.8685, GNorm = 0.3541, lr_0 = 5.2882e-04
Validation auc = 0.682622
Epoch 1
Loss = 6.6114e-02, PNorm = 57.9055, GNorm = 0.1110, lr_0 = 5.8706e-04
Loss = 8.0401e-02, PNorm = 57.9305, GNorm = 0.2529, lr_0 = 6.4000e-04
Loss = 5.2436e-02, PNorm = 57.9832, GNorm = 0.3555, lr_0 = 6.9294e-04
Loss = 1.3140e-01, PNorm = 58.0074, GNorm = 0.2806, lr_0 = 7.4588e-04
Loss = 8.0251e-02, PNorm = 58.0816, GNorm = 0.3903, lr_0 = 7.9882e-04
Loss = 9.6053e-02, PNorm = 58.1366, GNorm = 0.2049, lr_0 = 8.5176e-04
Loss = 1.0595e-01, PNorm = 58.2009, GNorm = 0.1040, lr_0 = 9.0471e-04
Loss = 1.1760e-01, PNorm = 58.2784, GNorm = 0.2570, lr_0 = 9.5765e-04
Loss = 8.0781e-02, PNorm = 58.3644, GNorm = 0.2531, lr_0 = 9.9807e-04
Validation auc = 0.818920
Epoch 2
Loss = 9.1422e-02, PNorm = 58.4950, GNorm = 0.3246, lr_0 = 9.8846e-04
Loss = 7.9248e-02, PNorm = 58.6002, GNorm = 0.2832, lr_0 = 9.7894e-04
Loss = 1.0448e-01, PNorm = 58.6594, GNorm = 0.0841, lr_0 = 9.6952e-04
Loss = 8.4066e-02, PNorm = 58.7190, GNorm = 0.3084, lr_0 = 9.6018e-04
Loss = 1.1105e-01, PNorm = 58.7678, GNorm = 0.1655, lr_0 = 9.5094e-04
Loss = 6.8315e-02, PNorm = 58.8602, GNorm = 0.1291, lr_0 = 9.4178e-04
Loss = 5.4493e-02, PNorm = 58.9019, GNorm = 0.1028, lr_0 = 9.3271e-04
Loss = 7.5750e-02, PNorm = 58.9632, GNorm = 0.1026, lr_0 = 9.2373e-04
Validation auc = 0.879249
Epoch 3
Loss = 7.6243e-02, PNorm = 59.0243, GNorm = 0.1268, lr_0 = 9.1395e-04
Loss = 9.9680e-02, PNorm = 59.0889, GNorm = 0.2078, lr_0 = 9.0515e-04
Loss = 8.5567e-02, PNorm = 59.1919, GNorm = 0.2646, lr_0 = 8.9644e-04
Loss = 3.3797e-02, PNorm = 59.2833, GNorm = 0.0812, lr_0 = 8.8781e-04
Loss = 9.0977e-02, PNorm = 59.3072, GNorm = 0.2904, lr_0 = 8.7926e-04
Loss = 7.6168e-02, PNorm = 59.3881, GNorm = 0.0883, lr_0 = 8.7080e-04
Loss = 1.0249e-01, PNorm = 59.4873, GNorm = 0.2244, lr_0 = 8.6241e-04
Loss = 8.1142e-02, PNorm = 59.6020, GNorm = 0.0887, lr_0 = 8.5411e-04
Loss = 7.3959e-02, PNorm = 59.6821, GNorm = 0.2141, lr_0 = 8.4588e-04
Validation auc = 0.877788
Epoch 4
Loss = 4.5802e-02, PNorm = 59.7925, GNorm = 0.1180, lr_0 = 8.3774e-04
Loss = 5.6069e-02, PNorm = 59.8956, GNorm = 0.1231, lr_0 = 8.2967e-04
Loss = 7.2399e-02, PNorm = 59.9802, GNorm = 0.1885, lr_0 = 8.2169e-04
Loss = 9.6397e-02, PNorm = 60.0767, GNorm = 0.1418, lr_0 = 8.1377e-04
Loss = 9.5111e-02, PNorm = 60.2103, GNorm = 0.1768, lr_0 = 8.0594e-04
Loss = 6.1445e-02, PNorm = 60.3668, GNorm = 0.1490, lr_0 = 7.9818e-04
Loss = 9.6078e-02, PNorm = 60.4409, GNorm = 0.2063, lr_0 = 7.9050e-04
Loss = 5.5323e-02, PNorm = 60.5750, GNorm = 0.1594, lr_0 = 7.8288e-04
Validation auc = 0.854570
Epoch 5
Loss = 8.5949e-02, PNorm = 60.7145, GNorm = 0.1988, lr_0 = 7.7535e-04
Loss = 8.4592e-02, PNorm = 60.8591, GNorm = 0.2058, lr_0 = 7.6788e-04
Loss = 7.6979e-02, PNorm = 60.9680, GNorm = 0.1983, lr_0 = 7.6049e-04
Loss = 7.2961e-02, PNorm = 61.1268, GNorm = 0.1415, lr_0 = 7.5317e-04
Loss = 4.9047e-02, PNorm = 61.2467, GNorm = 0.0983, lr_0 = 7.4591e-04
Loss = 6.5843e-02, PNorm = 61.3294, GNorm = 0.3128, lr_0 = 7.3873e-04
Loss = 8.4527e-02, PNorm = 61.4159, GNorm = 0.1098, lr_0 = 7.3162e-04
Loss = 6.0592e-02, PNorm = 61.5134, GNorm = 0.0862, lr_0 = 7.2458e-04
Loss = 6.2325e-02, PNorm = 61.5836, GNorm = 0.1223, lr_0 = 7.1760e-04
Validation auc = 0.818317
Epoch 6
Loss = 4.4186e-02, PNorm = 61.6898, GNorm = 0.1286, lr_0 = 7.1000e-04
Loss = 8.4568e-02, PNorm = 61.7598, GNorm = 0.2319, lr_0 = 7.0317e-04
Loss = 7.6831e-02, PNorm = 61.8692, GNorm = 0.2000, lr_0 = 6.9640e-04
Loss = 7.1555e-02, PNorm = 62.0177, GNorm = 0.1854, lr_0 = 6.8969e-04
Loss = 6.4829e-02, PNorm = 62.1306, GNorm = 0.0704, lr_0 = 6.8305e-04
Loss = 6.0313e-02, PNorm = 62.2270, GNorm = 0.1019, lr_0 = 6.7648e-04
Loss = 5.8267e-02, PNorm = 62.3293, GNorm = 0.4721, lr_0 = 6.6996e-04
Loss = 2.3111e-02, PNorm = 62.4649, GNorm = 0.0316, lr_0 = 6.6351e-04
Validation auc = 0.868745
Epoch 7
Loss = 5.9736e-02, PNorm = 62.5268, GNorm = 0.1054, lr_0 = 6.5712e-04
Loss = 5.7092e-02, PNorm = 62.6555, GNorm = 0.1617, lr_0 = 6.5080e-04
Loss = 7.5311e-02, PNorm = 62.7807, GNorm = 0.5761, lr_0 = 6.4453e-04
Loss = 5.5753e-02, PNorm = 62.9220, GNorm = 0.1002, lr_0 = 6.3833e-04
Loss = 6.0043e-02, PNorm = 63.0275, GNorm = 0.1147, lr_0 = 6.3218e-04
Loss = 4.3912e-02, PNorm = 63.1323, GNorm = 0.0694, lr_0 = 6.2609e-04
Loss = 6.6277e-02, PNorm = 63.2045, GNorm = 0.2143, lr_0 = 6.2006e-04
Loss = 6.4708e-02, PNorm = 63.2951, GNorm = 0.3218, lr_0 = 6.1409e-04
Loss = 4.5672e-02, PNorm = 63.3917, GNorm = 0.0844, lr_0 = 6.0818e-04
Validation auc = 0.881013
Epoch 8
Loss = 3.1268e-02, PNorm = 63.4727, GNorm = 0.1086, lr_0 = 6.0233e-04
Loss = 4.3521e-02, PNorm = 63.5317, GNorm = 0.0798, lr_0 = 5.9653e-04
Loss = 5.4026e-02, PNorm = 63.5830, GNorm = 0.1229, lr_0 = 5.9078e-04
Loss = 7.0508e-02, PNorm = 63.6560, GNorm = 0.2193, lr_0 = 5.8510e-04
Loss = 5.5981e-02, PNorm = 63.7674, GNorm = 0.2688, lr_0 = 5.7946e-04
Loss = 5.2482e-02, PNorm = 63.8644, GNorm = 0.1554, lr_0 = 5.7388e-04
Loss = 4.8692e-02, PNorm = 63.9466, GNorm = 0.1844, lr_0 = 5.6836e-04
Loss = 6.1098e-02, PNorm = 64.0063, GNorm = 0.1646, lr_0 = 5.6289e-04
Loss = 5.0766e-02, PNorm = 64.0756, GNorm = 0.1158, lr_0 = 5.5747e-04
Loss = 1.0636e-02, PNorm = 64.0847, GNorm = 0.1001, lr_0 = 5.5693e-04
Validation auc = 0.886068
Epoch 9
Loss = 4.4408e-02, PNorm = 64.1834, GNorm = 0.0933, lr_0 = 5.5156e-04
Loss = 6.6398e-02, PNorm = 64.2321, GNorm = 0.1686, lr_0 = 5.4625e-04
Loss = 5.3141e-02, PNorm = 64.3169, GNorm = 0.1085, lr_0 = 5.4100e-04
Loss = 2.6976e-02, PNorm = 64.4135, GNorm = 0.1393, lr_0 = 5.3579e-04
Loss = 8.0467e-02, PNorm = 64.4863, GNorm = 0.2348, lr_0 = 5.3063e-04
Loss = 4.4571e-02, PNorm = 64.6191, GNorm = 0.1852, lr_0 = 5.2552e-04
Loss = 5.8682e-02, PNorm = 64.6859, GNorm = 0.1462, lr_0 = 5.2046e-04
Loss = 4.4346e-02, PNorm = 64.7763, GNorm = 0.2225, lr_0 = 5.1545e-04
Validation auc = 0.878040
Epoch 10
Loss = 3.6981e-02, PNorm = 64.8509, GNorm = 0.0362, lr_0 = 5.1049e-04
Loss = 5.8770e-02, PNorm = 64.9217, GNorm = 0.1281, lr_0 = 5.0557e-04
Loss = 2.6846e-02, PNorm = 65.0063, GNorm = 0.0455, lr_0 = 5.0070e-04
Loss = 1.9615e-02, PNorm = 65.0374, GNorm = 0.1184, lr_0 = 4.9588e-04
Loss = 6.0489e-02, PNorm = 65.0681, GNorm = 0.1514, lr_0 = 4.9111e-04
Loss = 5.8702e-02, PNorm = 65.1318, GNorm = 0.1487, lr_0 = 4.8638e-04
Loss = 5.0429e-02, PNorm = 65.2165, GNorm = 0.1165, lr_0 = 4.8170e-04
Loss = 4.5845e-02, PNorm = 65.2986, GNorm = 0.3619, lr_0 = 4.7706e-04
Loss = 3.9436e-02, PNorm = 65.3635, GNorm = 0.1689, lr_0 = 4.7247e-04
Validation auc = 0.875835
Epoch 11
Loss = 6.9938e-02, PNorm = 65.4736, GNorm = 0.1740, lr_0 = 4.6792e-04
Loss = 4.1938e-02, PNorm = 65.5883, GNorm = 0.1587, lr_0 = 4.6341e-04
Loss = 2.5081e-02, PNorm = 65.6548, GNorm = 0.0955, lr_0 = 4.5895e-04
Loss = 4.0640e-02, PNorm = 65.7078, GNorm = 0.1120, lr_0 = 4.5453e-04
Loss = 6.4827e-02, PNorm = 65.7622, GNorm = 0.3396, lr_0 = 4.5015e-04
Loss = 4.9860e-02, PNorm = 65.8375, GNorm = 0.0588, lr_0 = 4.4582e-04
Loss = 4.1576e-02, PNorm = 65.8890, GNorm = 0.0903, lr_0 = 4.4153e-04
Loss = 4.2800e-02, PNorm = 65.9779, GNorm = 0.2022, lr_0 = 4.3728e-04
Validation auc = 0.843568
Epoch 12
Loss = 3.3536e-02, PNorm = 66.0511, GNorm = 0.0894, lr_0 = 4.3265e-04
Loss = 2.8108e-02, PNorm = 66.1196, GNorm = 0.1099, lr_0 = 4.2848e-04
Loss = 3.2852e-02, PNorm = 66.1647, GNorm = 0.1508, lr_0 = 4.2436e-04
Loss = 5.9115e-02, PNorm = 66.2062, GNorm = 0.6354, lr_0 = 4.2027e-04
Loss = 4.1457e-02, PNorm = 66.2406, GNorm = 0.6446, lr_0 = 4.1622e-04
Loss = 2.2364e-02, PNorm = 66.3327, GNorm = 0.2193, lr_0 = 4.1222e-04
Loss = 6.1823e-02, PNorm = 66.3691, GNorm = 0.2496, lr_0 = 4.0825e-04
Loss = 5.0824e-02, PNorm = 66.4336, GNorm = 0.2388, lr_0 = 4.0432e-04
Loss = 3.6766e-02, PNorm = 66.5251, GNorm = 0.1584, lr_0 = 4.0042e-04
Validation auc = 0.905485
Epoch 13
Loss = 1.9670e-02, PNorm = 66.5714, GNorm = 0.4313, lr_0 = 3.9657e-04
Loss = 4.5951e-02, PNorm = 66.6116, GNorm = 0.1512, lr_0 = 3.9275e-04
Loss = 1.2126e-02, PNorm = 66.6830, GNorm = 0.0508, lr_0 = 3.8897e-04
Loss = 4.4238e-02, PNorm = 66.7179, GNorm = 0.2176, lr_0 = 3.8522e-04
Loss = 4.6191e-02, PNorm = 66.7760, GNorm = 0.2332, lr_0 = 3.8152e-04
Loss = 4.1404e-02, PNorm = 66.8460, GNorm = 0.2652, lr_0 = 3.7784e-04
Loss = 4.5812e-02, PNorm = 66.8777, GNorm = 0.2109, lr_0 = 3.7420e-04
Loss = 3.2970e-02, PNorm = 66.9432, GNorm = 0.1166, lr_0 = 3.7060e-04
Validation auc = 0.924255
Epoch 14
Loss = 8.9763e-03, PNorm = 67.0004, GNorm = 0.0775, lr_0 = 3.6668e-04
Loss = 2.6271e-02, PNorm = 67.0445, GNorm = 0.1378, lr_0 = 3.6315e-04
Loss = 2.8981e-02, PNorm = 67.1033, GNorm = 0.2174, lr_0 = 3.5965e-04
Loss = 2.4261e-02, PNorm = 67.1380, GNorm = 0.0493, lr_0 = 3.5619e-04
Loss = 3.4520e-02, PNorm = 67.1918, GNorm = 0.1202, lr_0 = 3.5276e-04
Loss = 4.3031e-02, PNorm = 67.2642, GNorm = 0.4645, lr_0 = 3.4936e-04
Loss = 5.9583e-02, PNorm = 67.2902, GNorm = 0.1957, lr_0 = 3.4600e-04
Loss = 2.5823e-02, PNorm = 67.3641, GNorm = 0.0648, lr_0 = 3.4267e-04
Loss = 4.4619e-02, PNorm = 67.4031, GNorm = 0.0585, lr_0 = 3.3937e-04
Validation auc = 0.888770
Epoch 15
Loss = 3.5740e-02, PNorm = 67.4503, GNorm = 0.1619, lr_0 = 3.3610e-04
Loss = 3.8452e-02, PNorm = 67.5083, GNorm = 0.0766, lr_0 = 3.3287e-04
Loss = 2.4365e-02, PNorm = 67.5662, GNorm = 0.1091, lr_0 = 3.2966e-04
Loss = 2.4779e-02, PNorm = 67.6115, GNorm = 0.0178, lr_0 = 3.2649e-04
Loss = 4.4363e-02, PNorm = 67.6240, GNorm = 0.0907, lr_0 = 3.2334e-04
Loss = 2.7674e-02, PNorm = 67.6880, GNorm = 0.0830, lr_0 = 3.2023e-04
Loss = 3.2858e-02, PNorm = 67.7639, GNorm = 0.2014, lr_0 = 3.1715e-04
Loss = 1.6533e-02, PNorm = 67.8124, GNorm = 0.2861, lr_0 = 3.1409e-04
Loss = 4.2553e-02, PNorm = 67.8387, GNorm = 0.0951, lr_0 = 3.1107e-04
Validation auc = 0.851427
Epoch 16
Loss = 2.7361e-02, PNorm = 67.9120, GNorm = 0.2613, lr_0 = 3.0807e-04
Loss = 4.6584e-02, PNorm = 67.9580, GNorm = 0.2851, lr_0 = 3.0511e-04
Loss = 2.8675e-02, PNorm = 68.0071, GNorm = 0.1504, lr_0 = 3.0217e-04
Loss = 1.8473e-02, PNorm = 68.0586, GNorm = 0.0762, lr_0 = 2.9926e-04
Loss = 3.3362e-02, PNorm = 68.0776, GNorm = 0.1660, lr_0 = 2.9638e-04
Loss = 2.1958e-02, PNorm = 68.1136, GNorm = 0.0737, lr_0 = 2.9353e-04
Loss = 1.9282e-02, PNorm = 68.1542, GNorm = 0.1764, lr_0 = 2.9070e-04
Loss = 3.9298e-02, PNorm = 68.1780, GNorm = 0.0408, lr_0 = 2.8790e-04
Validation auc = 0.884620
Epoch 17
Loss = 2.9204e-02, PNorm = 68.2077, GNorm = 0.0605, lr_0 = 2.8485e-04
Loss = 3.0712e-02, PNorm = 68.2420, GNorm = 0.0926, lr_0 = 2.8211e-04
Loss = 2.0103e-02, PNorm = 68.2896, GNorm = 0.2470, lr_0 = 2.7939e-04
Loss = 2.9066e-02, PNorm = 68.3180, GNorm = 0.1148, lr_0 = 2.7670e-04
Loss = 2.7040e-02, PNorm = 68.3597, GNorm = 0.0864, lr_0 = 2.7404e-04
Loss = 3.1418e-02, PNorm = 68.3950, GNorm = 0.0689, lr_0 = 2.7140e-04
Loss = 2.5903e-02, PNorm = 68.4275, GNorm = 0.1924, lr_0 = 2.6879e-04
Loss = 2.2127e-02, PNorm = 68.4649, GNorm = 0.0442, lr_0 = 2.6620e-04
Loss = 2.1454e-02, PNorm = 68.5030, GNorm = 0.0163, lr_0 = 2.6364e-04
Validation auc = 0.860433
Epoch 18
Loss = 2.3324e-02, PNorm = 68.5224, GNorm = 0.0994, lr_0 = 2.6110e-04
Loss = 2.3340e-02, PNorm = 68.5633, GNorm = 0.1360, lr_0 = 2.5859e-04
Loss = 2.2914e-02, PNorm = 68.6144, GNorm = 0.2445, lr_0 = 2.5610e-04
Loss = 1.0156e-02, PNorm = 68.6598, GNorm = 0.0537, lr_0 = 2.5363e-04
Loss = 2.9017e-02, PNorm = 68.6793, GNorm = 0.0852, lr_0 = 2.5119e-04
Loss = 1.9832e-02, PNorm = 68.7218, GNorm = 0.0320, lr_0 = 2.4877e-04
Loss = 3.9295e-02, PNorm = 68.7445, GNorm = 0.1021, lr_0 = 2.4638e-04
Loss = 2.9464e-02, PNorm = 68.7812, GNorm = 0.4140, lr_0 = 2.4400e-04
Validation auc = 0.890394
Epoch 19
Loss = 8.1411e-03, PNorm = 68.8197, GNorm = 0.0286, lr_0 = 2.4165e-04
Loss = 1.7883e-02, PNorm = 68.8489, GNorm = 0.1919, lr_0 = 2.3933e-04
Loss = 2.2129e-02, PNorm = 68.8690, GNorm = 0.2210, lr_0 = 2.3702e-04
Loss = 2.6207e-02, PNorm = 68.8982, GNorm = 0.1094, lr_0 = 2.3474e-04
Loss = 1.9528e-02, PNorm = 68.9344, GNorm = 0.0466, lr_0 = 2.3248e-04
Loss = 3.7409e-02, PNorm = 68.9681, GNorm = 0.2647, lr_0 = 2.3024e-04
Loss = 1.6443e-02, PNorm = 69.0229, GNorm = 0.1710, lr_0 = 2.2803e-04
Loss = 1.7595e-02, PNorm = 69.0718, GNorm = 0.3578, lr_0 = 2.2583e-04
Loss = 1.0714e-02, PNorm = 69.0934, GNorm = 0.0780, lr_0 = 2.2366e-04
Validation auc = 0.869157
Epoch 20
Loss = 1.8084e-02, PNorm = 69.1033, GNorm = 0.1446, lr_0 = 2.2129e-04
Loss = 1.7813e-02, PNorm = 69.1405, GNorm = 0.1717, lr_0 = 2.1916e-04
Loss = 1.8560e-02, PNorm = 69.1541, GNorm = 0.2149, lr_0 = 2.1705e-04
Loss = 1.9776e-02, PNorm = 69.1911, GNorm = 0.2309, lr_0 = 2.1496e-04
Loss = 1.3147e-02, PNorm = 69.2322, GNorm = 0.2710, lr_0 = 2.1289e-04
Loss = 2.5491e-02, PNorm = 69.2526, GNorm = 0.3840, lr_0 = 2.1084e-04
Loss = 1.8328e-02, PNorm = 69.2756, GNorm = 0.3083, lr_0 = 2.0881e-04
Loss = 2.3200e-02, PNorm = 69.3109, GNorm = 0.0459, lr_0 = 2.0680e-04
Validation auc = 0.840102
Epoch 21
Loss = 1.7280e-02, PNorm = 69.3260, GNorm = 0.2633, lr_0 = 2.0481e-04
Loss = 2.0678e-02, PNorm = 69.3394, GNorm = 0.0919, lr_0 = 2.0283e-04
Loss = 1.8641e-02, PNorm = 69.3870, GNorm = 0.3189, lr_0 = 2.0088e-04
Loss = 1.2818e-02, PNorm = 69.4150, GNorm = 0.2513, lr_0 = 1.9895e-04
Loss = 2.5727e-02, PNorm = 69.4295, GNorm = 0.1701, lr_0 = 1.9703e-04
Loss = 1.6089e-02, PNorm = 69.4875, GNorm = 0.2069, lr_0 = 1.9514e-04
Loss = 1.4020e-02, PNorm = 69.5250, GNorm = 0.0145, lr_0 = 1.9326e-04
Loss = 2.8884e-02, PNorm = 69.5262, GNorm = 0.0285, lr_0 = 1.9140e-04
Loss = 2.2987e-02, PNorm = 69.5499, GNorm = 0.3601, lr_0 = 1.8955e-04
Validation auc = 0.859630
Epoch 22
Loss = 1.6761e-02, PNorm = 69.5822, GNorm = 0.0188, lr_0 = 1.8773e-04
Loss = 1.9286e-02, PNorm = 69.6003, GNorm = 0.0662, lr_0 = 1.8592e-04
Loss = 2.0291e-02, PNorm = 69.6297, GNorm = 0.1234, lr_0 = 1.8413e-04
Loss = 1.6135e-02, PNorm = 69.6630, GNorm = 0.0772, lr_0 = 1.8236e-04
Loss = 1.4286e-02, PNorm = 69.6769, GNorm = 0.2663, lr_0 = 1.8060e-04
Loss = 1.4165e-02, PNorm = 69.6912, GNorm = 0.2492, lr_0 = 1.7886e-04
Loss = 1.4348e-02, PNorm = 69.7138, GNorm = 0.3376, lr_0 = 1.7714e-04
Loss = 1.0070e-02, PNorm = 69.7314, GNorm = 0.1137, lr_0 = 1.7544e-04
Validation auc = 0.859853
Epoch 23
Loss = 1.2649e-02, PNorm = 69.7532, GNorm = 0.1651, lr_0 = 1.7358e-04
Loss = 1.5276e-02, PNorm = 69.7823, GNorm = 0.0115, lr_0 = 1.7191e-04
Loss = 1.1854e-02, PNorm = 69.8004, GNorm = 0.1489, lr_0 = 1.7025e-04
Loss = 1.9110e-02, PNorm = 69.8219, GNorm = 0.2337, lr_0 = 1.6861e-04
Loss = 1.4420e-02, PNorm = 69.8524, GNorm = 0.2330, lr_0 = 1.6699e-04
Loss = 5.4711e-03, PNorm = 69.8703, GNorm = 0.0323, lr_0 = 1.6538e-04
Loss = 1.2210e-02, PNorm = 69.8853, GNorm = 0.3063, lr_0 = 1.6379e-04
Loss = 1.4672e-02, PNorm = 69.9038, GNorm = 0.1008, lr_0 = 1.6221e-04
Loss = 1.8383e-02, PNorm = 69.9203, GNorm = 0.1873, lr_0 = 1.6065e-04
Validation auc = 0.840522
Epoch 24
Loss = 1.1466e-02, PNorm = 69.9389, GNorm = 0.2125, lr_0 = 1.5910e-04
Loss = 1.8465e-02, PNorm = 69.9574, GNorm = 0.2908, lr_0 = 1.5757e-04
Loss = 1.9469e-02, PNorm = 69.9740, GNorm = 0.4892, lr_0 = 1.5605e-04
Loss = 1.3965e-02, PNorm = 70.0163, GNorm = 0.0234, lr_0 = 1.5455e-04
Loss = 1.4080e-02, PNorm = 70.0447, GNorm = 0.3120, lr_0 = 1.5306e-04
Loss = 1.6062e-02, PNorm = 70.0509, GNorm = 0.2127, lr_0 = 1.5159e-04
Loss = 8.2815e-03, PNorm = 70.0732, GNorm = 0.0320, lr_0 = 1.5013e-04
Loss = 1.9982e-02, PNorm = 70.0886, GNorm = 0.0564, lr_0 = 1.4869e-04
Loss = 1.3590e-02, PNorm = 70.1140, GNorm = 0.0276, lr_0 = 1.4725e-04
Validation auc = 0.811937
Epoch 25
Loss = 7.2239e-03, PNorm = 70.1326, GNorm = 0.0629, lr_0 = 1.4584e-04
Loss = 2.2874e-02, PNorm = 70.1302, GNorm = 0.0358, lr_0 = 1.4443e-04
Loss = 1.2957e-02, PNorm = 70.1446, GNorm = 0.0855, lr_0 = 1.4304e-04
Loss = 1.8209e-02, PNorm = 70.1753, GNorm = 0.3579, lr_0 = 1.4166e-04
Loss = 7.4210e-03, PNorm = 70.1968, GNorm = 0.0182, lr_0 = 1.4030e-04
Loss = 7.6288e-03, PNorm = 70.2062, GNorm = 0.1409, lr_0 = 1.3895e-04
Loss = 1.5749e-02, PNorm = 70.2146, GNorm = 0.0555, lr_0 = 1.3761e-04
Loss = 9.8469e-03, PNorm = 70.2355, GNorm = 0.0157, lr_0 = 1.3629e-04
Validation auc = 0.838826
Epoch 26
Loss = 1.9998e-02, PNorm = 70.2406, GNorm = 0.1264, lr_0 = 1.3484e-04
Loss = 1.9395e-02, PNorm = 70.2683, GNorm = 0.1977, lr_0 = 1.3355e-04
Loss = 8.0042e-03, PNorm = 70.2915, GNorm = 0.2670, lr_0 = 1.3226e-04
Loss = 6.6621e-03, PNorm = 70.3034, GNorm = 0.0231, lr_0 = 1.3099e-04
Loss = 9.5647e-03, PNorm = 70.3161, GNorm = 0.0331, lr_0 = 1.2973e-04
Loss = 1.2086e-02, PNorm = 70.3290, GNorm = 0.0749, lr_0 = 1.2848e-04
Loss = 8.2701e-03, PNorm = 70.3490, GNorm = 0.0585, lr_0 = 1.2724e-04
Loss = 8.4859e-03, PNorm = 70.3647, GNorm = 0.4697, lr_0 = 1.2601e-04
Loss = 3.0209e-02, PNorm = 70.3632, GNorm = 0.2145, lr_0 = 1.2480e-04
Validation auc = 0.822768
Epoch 27
Loss = 9.3028e-03, PNorm = 70.3828, GNorm = 0.0459, lr_0 = 1.2360e-04
Loss = 1.6671e-02, PNorm = 70.4109, GNorm = 0.4357, lr_0 = 1.2241e-04
Loss = 6.0639e-03, PNorm = 70.4236, GNorm = 0.1825, lr_0 = 1.2123e-04
Loss = 8.7199e-03, PNorm = 70.4324, GNorm = 0.2199, lr_0 = 1.2006e-04
Loss = 4.7972e-03, PNorm = 70.4444, GNorm = 0.0789, lr_0 = 1.1891e-04
Loss = 1.3132e-02, PNorm = 70.4522, GNorm = 0.2356, lr_0 = 1.1776e-04
Loss = 8.7041e-03, PNorm = 70.4697, GNorm = 0.0850, lr_0 = 1.1663e-04
Loss = 1.8713e-02, PNorm = 70.4814, GNorm = 0.2137, lr_0 = 1.1551e-04
Validation auc = 0.812893
Epoch 28
Loss = 2.0137e-02, PNorm = 70.5021, GNorm = 0.0776, lr_0 = 1.1428e-04
Loss = 1.1308e-02, PNorm = 70.5194, GNorm = 0.1705, lr_0 = 1.1318e-04
Loss = 1.0237e-02, PNorm = 70.5315, GNorm = 0.1383, lr_0 = 1.1209e-04
Loss = 8.2831e-03, PNorm = 70.5484, GNorm = 0.0419, lr_0 = 1.1101e-04
Loss = 3.7064e-03, PNorm = 70.5605, GNorm = 0.0246, lr_0 = 1.0995e-04
Loss = 1.0048e-02, PNorm = 70.5655, GNorm = 0.4956, lr_0 = 1.0889e-04
Loss = 6.9594e-03, PNorm = 70.5754, GNorm = 0.2595, lr_0 = 1.0784e-04
Loss = 8.9389e-03, PNorm = 70.5842, GNorm = 0.0215, lr_0 = 1.0680e-04
Loss = 5.8518e-03, PNorm = 70.5942, GNorm = 0.2910, lr_0 = 1.0577e-04
Validation auc = 0.810018
Epoch 29
Loss = 6.1303e-03, PNorm = 70.6092, GNorm = 0.1978, lr_0 = 1.0475e-04
Loss = 2.2026e-03, PNorm = 70.6188, GNorm = 0.0112, lr_0 = 1.0374e-04
Loss = 9.7679e-03, PNorm = 70.6244, GNorm = 0.1608, lr_0 = 1.0275e-04
Loss = 1.6527e-02, PNorm = 70.6288, GNorm = 0.1864, lr_0 = 1.0176e-04
Loss = 7.4531e-03, PNorm = 70.6482, GNorm = 0.0738, lr_0 = 1.0078e-04
Loss = 6.4657e-03, PNorm = 70.6667, GNorm = 0.2499, lr_0 = 1.0000e-04
Loss = 1.2554e-02, PNorm = 70.6745, GNorm = 0.3312, lr_0 = 1.0000e-04
Loss = 4.9367e-03, PNorm = 70.6819, GNorm = 0.0922, lr_0 = 1.0000e-04
Validation auc = 0.793365
Model 0 best validation auc = 0.924255 on epoch 13
Loading pretrained parameter "encoder.encoder.0.cached_zero_vector".
Loading pretrained parameter "encoder.encoder.0.W_i.weight".
Loading pretrained parameter "encoder.encoder.0.W_h.weight".
Loading pretrained parameter "encoder.encoder.0.W_o.weight".
Loading pretrained parameter "encoder.encoder.0.W_o.bias".
Loading pretrained parameter "ffn.1.weight".
Loading pretrained parameter "ffn.1.bias".
Moving model to cuda
Model 0 test auc = 0.765542
Ensemble test auc = 0.765542
3-fold cross validation
	Seed 0 ==> test auc = 0.769300
	Seed 1 ==> test auc = 0.878985
	Seed 2 ==> test auc = 0.765542
Overall test auc = 0.804609 +/- 0.052614
Elapsed time = 0:24:16
