Command line
python train.py --ffn_num_layers 2 --hidden_size 500 --dropout 0.1 --save_dir ../../../ian_stat_phase_ML/models/ffn_hyperopt_for_pub/9 --data_path ../../../ian_stat_phase_ML/data/round3finalval08162021_FULL_for_sklearn.csv --num_folds 3 --dataset_type classification --features_generator morgan --no_features_scaling --split_type scaffold_balanced --split_sizes 0.8 0.1 0.1 --smiles_columns SMILES --target_columns hit_inh hit_kill --depth 0 --features_only
Args
{'activation': 'ReLU',
 'aggregation': 'mean',
 'aggregation_norm': 100,
 'atom_descriptors': None,
 'atom_descriptors_path': None,
 'atom_descriptors_size': 0,
 'atom_features_size': 0,
 'atom_messages': False,
 'batch_size': 50,
 'bias': False,
 'cache_cutoff': 10000,
 'checkpoint_dir': None,
 'checkpoint_path': None,
 'checkpoint_paths': None,
 'class_balance': False,
 'config_path': None,
 'crossval_index_dir': None,
 'crossval_index_file': None,
 'crossval_index_sets': None,
 'cuda': False,
 'data_path': '../../../ian_stat_phase_ML/data/round3finalval08162021_FULL_for_sklearn.csv',
 'dataset_type': 'classification',
 'depth': 0,
 'device': device(type='cpu'),
 'dropout': 0.1,
 'ensemble_size': 1,
 'epochs': 30,
 'extra_metrics': [],
 'features_generator': ['morgan'],
 'features_only': True,
 'features_path': None,
 'features_scaling': False,
 'features_size': None,
 'ffn_hidden_size': 500,
 'ffn_num_layers': 2,
 'final_lr': 0.0001,
 'folds_file': None,
 'gpu': None,
 'grad_clip': None,
 'hidden_size': 500,
 'ignore_columns': None,
 'init_lr': 0.0001,
 'log_frequency': 10,
 'max_data_size': None,
 'max_lr': 0.001,
 'metric': 'auc',
 'metrics': ['auc'],
 'minimize_score': False,
 'mpn_shared': False,
 'multiclass_num_classes': 3,
 'no_cache_mol': False,
 'no_cuda': False,
 'no_features_scaling': True,
 'num_folds': 3,
 'num_lrs': 1,
 'num_tasks': 2,
 'num_workers': 8,
 'number_of_molecules': 1,
 'pytorch_seed': 0,
 'quiet': False,
 'save_dir': '../../../ian_stat_phase_ML/models/ffn_hyperopt_for_pub/9',
 'save_preds': False,
 'save_smiles_splits': False,
 'seed': 0,
 'separate_test_features_path': None,
 'separate_test_path': None,
 'separate_val_features_path': None,
 'separate_val_path': None,
 'show_individual_scores': False,
 'smiles_columns': ['SMILES'],
 'split_sizes': (0.8, 0.1, 0.1),
 'split_type': 'scaffold_balanced',
 'target_columns': ['hit_inh', 'hit_kill'],
 'task_names': ['hit_inh', 'hit_kill'],
 'test': False,
 'test_fold_index': None,
 'train_data_size': None,
 'undirected': False,
 'use_input_features': True,
 'val_fold_index': None,
 'warmup_epochs': 2.0}
Loading data
Warning: 7 SMILES are invalid.
Number of tasks = 2
Fold 0
Splitting data with seed 0
Total scaffolds = 4,180 | train scaffolds = 3,209 | val scaffolds = 497 | test scaffolds = 474
Label averages per scaffold, in decreasing order of scaffold frequency,capped at 10 scaffolds and 20 labels:
Scaffold 0
Task 0: count = 468 | target average = 0.019231
Task 1: count = 468 | target average = 0.014957


Scaffold 1
Task 0: count = 383 | target average = 0.007833
Task 1: count = 383 | target average = 0.013055


Scaffold 2
Task 0: count = 44 | target average = 0.000000
Task 1: count = 44 | target average = 0.000000


Scaffold 3
Task 0: count = 35 | target average = 0.000000
Task 1: count = 35 | target average = 0.000000


Scaffold 4
Task 0: count = 34 | target average = 0.000000
Task 1: count = 34 | target average = 0.000000


Scaffold 5
Task 0: count = 30 | target average = 0.000000
Task 1: count = 30 | target average = 0.000000


Scaffold 6
Task 0: count = 28 | target average = 0.000000
Task 1: count = 28 | target average = 0.000000


Scaffold 7
Task 0: count = 27 | target average = 0.074074
Task 1: count = 27 | target average = 0.074074


Scaffold 8
Task 0: count = 25 | target average = 0.040000
Task 1: count = 25 | target average = 0.000000


Scaffold 9
Task 0: count = 23 | target average = 0.000000
Task 1: count = 23 | target average = 0.000000


Class sizes
hit_inh 0: 97.79%, 1: 2.21%
hit_kill 0: 98.75%, 1: 1.25%
Total size = 6,708 | train size = 5,366 | val size = 670 | test size = 672
Building model 0
MoleculeModel(
  (sigmoid): Sigmoid()
  (encoder): MPN()
  (ffn): Sequential(
    (0): Dropout(p=0.1, inplace=False)
    (1): Linear(in_features=2048, out_features=500, bias=True)
    (2): ReLU()
    (3): Dropout(p=0.1, inplace=False)
    (4): Linear(in_features=500, out_features=2, bias=True)
  )
)
Number of parameters = 1,025,502
Epoch 0
Loss = 5.7973e-01, PNorm = 28.4149, GNorm = 0.9062, lr_0 = 1.4626e-04
Loss = 4.1909e-01, PNorm = 28.4331, GNorm = 0.6860, lr_0 = 1.8832e-04
Loss = 2.8475e-01, PNorm = 28.4666, GNorm = 0.4604, lr_0 = 2.3037e-04
Loss = 1.8658e-01, PNorm = 28.5111, GNorm = 0.3348, lr_0 = 2.7243e-04
Loss = 1.6322e-01, PNorm = 28.5593, GNorm = 0.2157, lr_0 = 3.1449e-04
Loss = 1.0092e-01, PNorm = 28.6041, GNorm = 0.2164, lr_0 = 3.5654e-04
Loss = 9.5937e-02, PNorm = 28.6445, GNorm = 0.1361, lr_0 = 3.9860e-04
Loss = 1.2951e-01, PNorm = 28.6756, GNorm = 0.1962, lr_0 = 4.4065e-04
Loss = 6.5747e-02, PNorm = 28.7093, GNorm = 0.0927, lr_0 = 4.8271e-04
Loss = 8.2130e-02, PNorm = 28.7431, GNorm = 0.0989, lr_0 = 5.2477e-04
Validation auc = 0.828268
Epoch 1
Loss = 6.9341e-02, PNorm = 28.7863, GNorm = 0.1567, lr_0 = 5.7103e-04
Loss = 8.1855e-02, PNorm = 28.8354, GNorm = 0.0893, lr_0 = 6.1308e-04
Loss = 6.4937e-02, PNorm = 28.8933, GNorm = 0.1312, lr_0 = 6.5514e-04
Loss = 7.0762e-02, PNorm = 28.9549, GNorm = 0.1403, lr_0 = 6.9720e-04
Loss = 4.0524e-02, PNorm = 29.0227, GNorm = 0.0839, lr_0 = 7.3925e-04
Loss = 8.3975e-02, PNorm = 29.0934, GNorm = 0.0660, lr_0 = 7.8131e-04
Loss = 1.0341e-01, PNorm = 29.1848, GNorm = 0.3195, lr_0 = 8.2336e-04
Loss = 4.0705e-02, PNorm = 29.2997, GNorm = 0.0651, lr_0 = 8.6542e-04
Loss = 8.1204e-02, PNorm = 29.4107, GNorm = 0.0627, lr_0 = 9.0748e-04
Loss = 8.6979e-02, PNorm = 29.5273, GNorm = 0.1182, lr_0 = 9.4953e-04
Loss = 4.7497e-02, PNorm = 29.6829, GNorm = 0.0866, lr_0 = 9.9159e-04
Validation auc = 0.893165
Epoch 2
Loss = 5.6058e-02, PNorm = 29.8620, GNorm = 0.0949, lr_0 = 9.9311e-04
Loss = 3.9239e-02, PNorm = 30.0288, GNorm = 0.0653, lr_0 = 9.8550e-04
Loss = 3.5403e-02, PNorm = 30.1795, GNorm = 0.0508, lr_0 = 9.7796e-04
Loss = 3.8027e-02, PNorm = 30.3223, GNorm = 0.0350, lr_0 = 9.7047e-04
Loss = 6.3383e-02, PNorm = 30.4550, GNorm = 0.1774, lr_0 = 9.6304e-04
Loss = 4.5817e-02, PNorm = 30.6030, GNorm = 0.1108, lr_0 = 9.5567e-04
Loss = 3.2992e-02, PNorm = 30.7569, GNorm = 0.2203, lr_0 = 9.4835e-04
Loss = 3.2526e-02, PNorm = 30.9008, GNorm = 0.0804, lr_0 = 9.4109e-04
Loss = 4.6375e-02, PNorm = 31.0517, GNorm = 0.1175, lr_0 = 9.3389e-04
Loss = 3.9387e-02, PNorm = 31.2199, GNorm = 0.1713, lr_0 = 9.2674e-04
Loss = 4.3283e-02, PNorm = 31.3796, GNorm = 0.1009, lr_0 = 9.1964e-04
Validation auc = 0.885646
Epoch 3
Loss = 2.1184e-02, PNorm = 31.5655, GNorm = 0.0470, lr_0 = 9.1190e-04
Loss = 2.4296e-02, PNorm = 31.7382, GNorm = 0.0608, lr_0 = 9.0492e-04
Loss = 3.2027e-02, PNorm = 31.8987, GNorm = 0.0705, lr_0 = 8.9799e-04
Loss = 2.3172e-02, PNorm = 32.0550, GNorm = 0.0544, lr_0 = 8.9111e-04
Loss = 1.9676e-02, PNorm = 32.2005, GNorm = 0.0671, lr_0 = 8.8429e-04
Loss = 3.1465e-02, PNorm = 32.3398, GNorm = 0.1727, lr_0 = 8.7752e-04
Loss = 1.6028e-02, PNorm = 32.4852, GNorm = 0.0982, lr_0 = 8.7080e-04
Loss = 2.5155e-02, PNorm = 32.6168, GNorm = 0.0303, lr_0 = 8.6414e-04
Loss = 3.5500e-02, PNorm = 32.7338, GNorm = 0.0489, lr_0 = 8.5752e-04
Loss = 2.1314e-02, PNorm = 32.8539, GNorm = 0.0950, lr_0 = 8.5095e-04
Validation auc = 0.874483
Epoch 4
Loss = 3.7252e-02, PNorm = 32.9770, GNorm = 0.1050, lr_0 = 8.4444e-04
Loss = 1.5294e-02, PNorm = 33.1052, GNorm = 0.0293, lr_0 = 8.3797e-04
Loss = 1.5192e-02, PNorm = 33.2275, GNorm = 0.0897, lr_0 = 8.3156e-04
Loss = 2.7435e-02, PNorm = 33.3467, GNorm = 0.0264, lr_0 = 8.2519e-04
Loss = 1.3738e-02, PNorm = 33.4690, GNorm = 0.0556, lr_0 = 8.1888e-04
Loss = 1.4279e-02, PNorm = 33.5833, GNorm = 0.0500, lr_0 = 8.1261e-04
Loss = 1.4342e-02, PNorm = 33.7034, GNorm = 0.0361, lr_0 = 8.0638e-04
Loss = 1.4474e-02, PNorm = 33.8209, GNorm = 0.0624, lr_0 = 8.0021e-04
Loss = 1.9933e-02, PNorm = 33.9328, GNorm = 0.1407, lr_0 = 7.9408e-04
Loss = 1.2996e-02, PNorm = 34.0393, GNorm = 0.0928, lr_0 = 7.8800e-04
Loss = 1.6456e-02, PNorm = 34.1464, GNorm = 0.1523, lr_0 = 7.8197e-04
Validation auc = 0.877818
Epoch 5
Loss = 8.3667e-03, PNorm = 34.2636, GNorm = 0.0172, lr_0 = 7.7539e-04
Loss = 1.2462e-02, PNorm = 34.3595, GNorm = 0.0149, lr_0 = 7.6945e-04
Loss = 1.1950e-02, PNorm = 34.4622, GNorm = 0.0285, lr_0 = 7.6356e-04
Loss = 8.9816e-03, PNorm = 34.5575, GNorm = 0.0760, lr_0 = 7.5772e-04
Loss = 1.3140e-02, PNorm = 34.6460, GNorm = 0.0126, lr_0 = 7.5191e-04
Loss = 1.4195e-02, PNorm = 34.7351, GNorm = 0.0853, lr_0 = 7.4616e-04
Loss = 7.7316e-03, PNorm = 34.8104, GNorm = 0.0862, lr_0 = 7.4044e-04
Loss = 1.8351e-02, PNorm = 34.8932, GNorm = 0.0758, lr_0 = 7.3478e-04
Loss = 9.5433e-03, PNorm = 34.9803, GNorm = 0.0466, lr_0 = 7.2915e-04
Loss = 1.2174e-02, PNorm = 35.0710, GNorm = 0.0207, lr_0 = 7.2357e-04
Loss = 9.9058e-03, PNorm = 35.1740, GNorm = 0.0382, lr_0 = 7.1803e-04
Validation auc = 0.876970
Epoch 6
Loss = 1.3513e-02, PNorm = 35.2948, GNorm = 0.0178, lr_0 = 7.1198e-04
Loss = 7.5060e-03, PNorm = 35.3846, GNorm = 0.0142, lr_0 = 7.0653e-04
Loss = 5.4294e-03, PNorm = 35.4548, GNorm = 0.0274, lr_0 = 7.0112e-04
Loss = 7.4481e-03, PNorm = 35.5173, GNorm = 0.0213, lr_0 = 6.9576e-04
Loss = 8.3212e-03, PNorm = 35.5792, GNorm = 0.0108, lr_0 = 6.9043e-04
Loss = 6.6615e-03, PNorm = 35.6454, GNorm = 0.0150, lr_0 = 6.8514e-04
Loss = 1.2141e-02, PNorm = 35.7132, GNorm = 0.0214, lr_0 = 6.7990e-04
Loss = 6.2504e-03, PNorm = 35.7810, GNorm = 0.0963, lr_0 = 6.7469e-04
Loss = 1.0536e-02, PNorm = 35.8490, GNorm = 0.1040, lr_0 = 6.6953e-04
Loss = 1.0600e-02, PNorm = 35.9146, GNorm = 0.0898, lr_0 = 6.6440e-04
Loss = 6.8169e-03, PNorm = 35.9765, GNorm = 0.0120, lr_0 = 6.5931e-04
Validation auc = 0.877392
Epoch 7
Loss = 5.7706e-03, PNorm = 36.0448, GNorm = 0.0191, lr_0 = 6.5427e-04
Loss = 7.1251e-03, PNorm = 36.1083, GNorm = 0.0106, lr_0 = 6.4926e-04
Loss = 6.5738e-03, PNorm = 36.1633, GNorm = 0.1323, lr_0 = 6.4429e-04
Loss = 5.2064e-03, PNorm = 36.2159, GNorm = 0.0265, lr_0 = 6.3935e-04
Loss = 6.4756e-03, PNorm = 36.2683, GNorm = 0.1156, lr_0 = 6.3446e-04
Loss = 3.0643e-03, PNorm = 36.3185, GNorm = 0.0030, lr_0 = 6.2960e-04
Loss = 3.6369e-03, PNorm = 36.3619, GNorm = 0.0090, lr_0 = 6.2478e-04
Loss = 7.6848e-03, PNorm = 36.4157, GNorm = 0.0323, lr_0 = 6.2000e-04
Loss = 9.6087e-03, PNorm = 36.4800, GNorm = 0.1089, lr_0 = 6.1525e-04
Loss = 7.6980e-03, PNorm = 36.5456, GNorm = 0.0195, lr_0 = 6.1054e-04
Validation auc = 0.879038
Epoch 8
Loss = 1.6640e-03, PNorm = 36.6104, GNorm = 0.0121, lr_0 = 6.0540e-04
Loss = 3.8894e-03, PNorm = 36.6587, GNorm = 0.0601, lr_0 = 6.0077e-04
Loss = 6.6157e-03, PNorm = 36.7028, GNorm = 0.0084, lr_0 = 5.9617e-04
Loss = 5.7492e-03, PNorm = 36.7573, GNorm = 0.0247, lr_0 = 5.9160e-04
Loss = 5.9891e-03, PNorm = 36.8068, GNorm = 0.0123, lr_0 = 5.8707e-04
Loss = 6.7111e-03, PNorm = 36.8546, GNorm = 0.0206, lr_0 = 5.8258e-04
Loss = 4.3420e-03, PNorm = 36.9033, GNorm = 0.0541, lr_0 = 5.7812e-04
Loss = 3.4015e-03, PNorm = 36.9506, GNorm = 0.0300, lr_0 = 5.7369e-04
Loss = 4.8414e-03, PNorm = 36.9919, GNorm = 0.0367, lr_0 = 5.6930e-04
Loss = 4.6357e-03, PNorm = 37.0329, GNorm = 0.0206, lr_0 = 5.6494e-04
Loss = 5.4579e-03, PNorm = 37.0750, GNorm = 0.0037, lr_0 = 5.6062e-04
Validation auc = 0.879436
Epoch 9
Loss = 5.4546e-03, PNorm = 37.1187, GNorm = 0.0523, lr_0 = 5.5590e-04
Loss = 4.6827e-03, PNorm = 37.1576, GNorm = 0.0728, lr_0 = 5.5164e-04
Loss = 3.8029e-03, PNorm = 37.2047, GNorm = 0.0341, lr_0 = 5.4742e-04
Loss = 4.1900e-03, PNorm = 37.2453, GNorm = 0.0545, lr_0 = 5.4323e-04
Loss = 1.9023e-03, PNorm = 37.2800, GNorm = 0.0027, lr_0 = 5.3907e-04
Loss = 4.0282e-03, PNorm = 37.3166, GNorm = 0.0100, lr_0 = 5.3494e-04
Loss = 2.8487e-03, PNorm = 37.3537, GNorm = 0.0019, lr_0 = 5.3084e-04
Loss = 7.0240e-03, PNorm = 37.3853, GNorm = 0.0068, lr_0 = 5.2678e-04
Loss = 2.8258e-03, PNorm = 37.4155, GNorm = 0.0397, lr_0 = 5.2275e-04
Loss = 4.4634e-03, PNorm = 37.4488, GNorm = 0.0467, lr_0 = 5.1874e-04
Loss = 4.1431e-03, PNorm = 37.4864, GNorm = 0.0839, lr_0 = 5.1477e-04
Validation auc = 0.880798
Epoch 10
Loss = 2.9113e-03, PNorm = 37.5259, GNorm = 0.0294, lr_0 = 5.1083e-04
Loss = 5.0755e-03, PNorm = 37.5566, GNorm = 0.0151, lr_0 = 5.0692e-04
Loss = 7.0206e-03, PNorm = 37.5857, GNorm = 0.0650, lr_0 = 5.0304e-04
Loss = 3.3287e-03, PNorm = 37.6206, GNorm = 0.0314, lr_0 = 4.9919e-04
Loss = 4.1394e-03, PNorm = 37.6546, GNorm = 0.0030, lr_0 = 4.9537e-04
Loss = 3.1145e-03, PNorm = 37.6884, GNorm = 0.0029, lr_0 = 4.9157e-04
Loss = 2.9449e-03, PNorm = 37.7218, GNorm = 0.0033, lr_0 = 4.8781e-04
Loss = 3.3742e-03, PNorm = 37.7563, GNorm = 0.0234, lr_0 = 4.8408e-04
Loss = 1.9259e-03, PNorm = 37.7884, GNorm = 0.0036, lr_0 = 4.8037e-04
Loss = 1.9115e-03, PNorm = 37.8190, GNorm = 0.0100, lr_0 = 4.7669e-04
Loss = 5.3212e-03, PNorm = 37.8505, GNorm = 0.0038, lr_0 = 4.7304e-04
Loss = 2.7629e-03, PNorm = 37.8537, GNorm = 0.0294, lr_0 = 4.7268e-04
Validation auc = 0.879600
Epoch 11
Loss = 2.4025e-03, PNorm = 37.8874, GNorm = 0.0125, lr_0 = 4.6906e-04
Loss = 3.5641e-03, PNorm = 37.9179, GNorm = 0.0173, lr_0 = 4.6547e-04
Loss = 2.7666e-03, PNorm = 37.9428, GNorm = 0.0100, lr_0 = 4.6191e-04
Loss = 2.0466e-03, PNorm = 37.9704, GNorm = 0.0021, lr_0 = 4.5837e-04
Loss = 2.8406e-03, PNorm = 37.9984, GNorm = 0.0072, lr_0 = 4.5486e-04
Loss = 3.0818e-03, PNorm = 38.0277, GNorm = 0.0346, lr_0 = 4.5138e-04
Loss = 9.9191e-04, PNorm = 38.0573, GNorm = 0.0096, lr_0 = 4.4792e-04
Loss = 3.3442e-03, PNorm = 38.0837, GNorm = 0.0430, lr_0 = 4.4449e-04
Loss = 3.5644e-03, PNorm = 38.1151, GNorm = 0.0088, lr_0 = 4.4109e-04
Loss = 8.9566e-03, PNorm = 38.1438, GNorm = 0.0601, lr_0 = 4.3771e-04
Validation auc = 0.879448
Epoch 12
Loss = 4.1629e-03, PNorm = 38.1786, GNorm = 0.0057, lr_0 = 4.3403e-04
Loss = 2.8356e-03, PNorm = 38.2070, GNorm = 0.0068, lr_0 = 4.3070e-04
Loss = 1.7808e-03, PNorm = 38.2313, GNorm = 0.0225, lr_0 = 4.2741e-04
Loss = 1.9968e-03, PNorm = 38.2531, GNorm = 0.0079, lr_0 = 4.2413e-04
Loss = 3.7117e-03, PNorm = 38.2740, GNorm = 0.0078, lr_0 = 4.2089e-04
Loss = 3.2005e-03, PNorm = 38.2996, GNorm = 0.0046, lr_0 = 4.1766e-04
Loss = 1.3865e-03, PNorm = 38.3216, GNorm = 0.0109, lr_0 = 4.1447e-04
Loss = 2.5566e-03, PNorm = 38.3442, GNorm = 0.0108, lr_0 = 4.1129e-04
Loss = 3.3081e-03, PNorm = 38.3674, GNorm = 0.0524, lr_0 = 4.0814e-04
Loss = 6.0441e-03, PNorm = 38.3920, GNorm = 0.0223, lr_0 = 4.0502e-04
Loss = 2.1572e-03, PNorm = 38.4145, GNorm = 0.0244, lr_0 = 4.0192e-04
Validation auc = 0.879355
Epoch 13
Loss = 3.1913e-03, PNorm = 38.4393, GNorm = 0.0210, lr_0 = 3.9884e-04
Loss = 1.2749e-03, PNorm = 38.4633, GNorm = 0.0086, lr_0 = 3.9579e-04
Loss = 1.5252e-03, PNorm = 38.4860, GNorm = 0.0150, lr_0 = 3.9276e-04
Loss = 5.9163e-03, PNorm = 38.5082, GNorm = 0.0831, lr_0 = 3.8975e-04
Loss = 1.5701e-03, PNorm = 38.5308, GNorm = 0.0194, lr_0 = 3.8677e-04
Loss = 1.9270e-03, PNorm = 38.5542, GNorm = 0.0119, lr_0 = 3.8381e-04
Loss = 1.0990e-03, PNorm = 38.5766, GNorm = 0.0021, lr_0 = 3.8087e-04
Loss = 5.9726e-03, PNorm = 38.6021, GNorm = 0.2165, lr_0 = 3.7795e-04
Loss = 4.1693e-03, PNorm = 38.6338, GNorm = 0.1190, lr_0 = 3.7506e-04
Loss = 1.7564e-03, PNorm = 38.6634, GNorm = 0.0137, lr_0 = 3.7219e-04
Loss = 2.0898e-03, PNorm = 38.6873, GNorm = 0.0019, lr_0 = 3.6934e-04
Validation auc = 0.879130
Epoch 14
Loss = 2.8061e-03, PNorm = 38.7138, GNorm = 0.0015, lr_0 = 3.6623e-04
Loss = 5.8183e-03, PNorm = 38.7402, GNorm = 0.0030, lr_0 = 3.6342e-04
Loss = 1.9153e-03, PNorm = 38.7625, GNorm = 0.0088, lr_0 = 3.6064e-04
Loss = 2.4527e-03, PNorm = 38.7823, GNorm = 0.0985, lr_0 = 3.5788e-04
Loss = 3.6223e-03, PNorm = 38.8015, GNorm = 0.0023, lr_0 = 3.5514e-04
Loss = 2.6526e-03, PNorm = 38.8194, GNorm = 0.0059, lr_0 = 3.5242e-04
Loss = 2.9421e-03, PNorm = 38.8361, GNorm = 0.0028, lr_0 = 3.4972e-04
Loss = 2.5393e-03, PNorm = 38.8527, GNorm = 0.0148, lr_0 = 3.4705e-04
Loss = 1.1444e-03, PNorm = 38.8697, GNorm = 0.0070, lr_0 = 3.4439e-04
Loss = 9.2182e-04, PNorm = 38.8849, GNorm = 0.0062, lr_0 = 3.4175e-04
Validation auc = 0.877974
Epoch 15
Loss = 3.0910e-03, PNorm = 38.9011, GNorm = 0.0147, lr_0 = 3.3888e-04
Loss = 3.2479e-03, PNorm = 38.9217, GNorm = 0.0102, lr_0 = 3.3628e-04
Loss = 1.1565e-03, PNorm = 38.9409, GNorm = 0.0202, lr_0 = 3.3371e-04
Loss = 1.6051e-03, PNorm = 38.9587, GNorm = 0.0027, lr_0 = 3.3115e-04
Loss = 5.4676e-03, PNorm = 38.9745, GNorm = 0.0062, lr_0 = 3.2862e-04
Loss = 6.3535e-03, PNorm = 38.9926, GNorm = 0.0018, lr_0 = 3.2610e-04
Loss = 1.4055e-03, PNorm = 39.0095, GNorm = 0.0022, lr_0 = 3.2360e-04
Loss = 2.5135e-03, PNorm = 39.0265, GNorm = 0.0042, lr_0 = 3.2113e-04
Loss = 1.4391e-03, PNorm = 39.0441, GNorm = 0.0058, lr_0 = 3.1867e-04
Loss = 7.3523e-04, PNorm = 39.0582, GNorm = 0.0019, lr_0 = 3.1623e-04
Loss = 1.1323e-03, PNorm = 39.0750, GNorm = 0.0040, lr_0 = 3.1381e-04
Validation auc = 0.879176
Epoch 16
Loss = 2.0236e-03, PNorm = 39.0927, GNorm = 0.0402, lr_0 = 3.1140e-04
Loss = 1.5669e-03, PNorm = 39.1072, GNorm = 0.0052, lr_0 = 3.0902e-04
Loss = 1.3302e-03, PNorm = 39.1235, GNorm = 0.0014, lr_0 = 3.0665e-04
Loss = 1.8330e-03, PNorm = 39.1385, GNorm = 0.0735, lr_0 = 3.0431e-04
Loss = 1.6967e-03, PNorm = 39.1542, GNorm = 0.0155, lr_0 = 3.0198e-04
Loss = 1.1639e-03, PNorm = 39.1688, GNorm = 0.0019, lr_0 = 2.9966e-04
Loss = 1.9506e-03, PNorm = 39.1866, GNorm = 0.0007, lr_0 = 2.9737e-04
Loss = 5.9339e-03, PNorm = 39.2044, GNorm = 0.1266, lr_0 = 2.9509e-04
Loss = 2.3483e-03, PNorm = 39.2216, GNorm = 0.0920, lr_0 = 2.9283e-04
Loss = 5.4358e-03, PNorm = 39.2390, GNorm = 0.0040, lr_0 = 2.9059e-04
Loss = 1.5160e-03, PNorm = 39.2537, GNorm = 0.0007, lr_0 = 2.8837e-04
Validation auc = 0.878690
Epoch 17
Loss = 6.3377e-03, PNorm = 39.2683, GNorm = 0.0002, lr_0 = 2.8594e-04
Loss = 1.8738e-03, PNorm = 39.2815, GNorm = 0.0075, lr_0 = 2.8375e-04
Loss = 2.0528e-03, PNorm = 39.2974, GNorm = 0.0100, lr_0 = 2.8158e-04
Loss = 1.0487e-03, PNorm = 39.3128, GNorm = 0.0018, lr_0 = 2.7942e-04
Loss = 2.6335e-03, PNorm = 39.3301, GNorm = 0.0014, lr_0 = 2.7728e-04
Loss = 1.7340e-03, PNorm = 39.3445, GNorm = 0.0388, lr_0 = 2.7516e-04
Loss = 6.1319e-04, PNorm = 39.3577, GNorm = 0.0031, lr_0 = 2.7305e-04
Loss = 1.1453e-03, PNorm = 39.3701, GNorm = 0.0025, lr_0 = 2.7096e-04
Loss = 1.3989e-03, PNorm = 39.3812, GNorm = 0.0075, lr_0 = 2.6889e-04
Loss = 1.5112e-03, PNorm = 39.3938, GNorm = 0.0150, lr_0 = 2.6683e-04
Loss = 4.4615e-03, PNorm = 39.4060, GNorm = 0.0006, lr_0 = 2.6479e-04
Validation auc = 0.879613
Epoch 18
Loss = 1.1996e-03, PNorm = 39.4169, GNorm = 0.0224, lr_0 = 2.6256e-04
Loss = 6.6094e-04, PNorm = 39.4264, GNorm = 0.0010, lr_0 = 2.6055e-04
Loss = 6.7710e-04, PNorm = 39.4372, GNorm = 0.0011, lr_0 = 2.5855e-04
Loss = 2.9064e-03, PNorm = 39.4477, GNorm = 0.0039, lr_0 = 2.5657e-04
Loss = 5.4166e-04, PNorm = 39.4565, GNorm = 0.0111, lr_0 = 2.5461e-04
Loss = 2.0055e-03, PNorm = 39.4667, GNorm = 0.0034, lr_0 = 2.5266e-04
Loss = 5.2714e-03, PNorm = 39.4808, GNorm = 0.0012, lr_0 = 2.5073e-04
Loss = 2.0253e-03, PNorm = 39.4935, GNorm = 0.0095, lr_0 = 2.4881e-04
Loss = 5.5305e-04, PNorm = 39.5046, GNorm = 0.0029, lr_0 = 2.4690e-04
Loss = 1.5223e-03, PNorm = 39.5158, GNorm = 0.0312, lr_0 = 2.4501e-04
Validation auc = 0.879343
Epoch 19
Loss = 2.7510e-04, PNorm = 39.5280, GNorm = 0.0017, lr_0 = 2.4314e-04
Loss = 2.9596e-03, PNorm = 39.5388, GNorm = 0.0018, lr_0 = 2.4127e-04
Loss = 4.0438e-03, PNorm = 39.5494, GNorm = 0.0026, lr_0 = 2.3943e-04
Loss = 1.1644e-03, PNorm = 39.5591, GNorm = 0.0049, lr_0 = 2.3759e-04
Loss = 2.0167e-03, PNorm = 39.5727, GNorm = 0.0007, lr_0 = 2.3577e-04
Loss = 6.1008e-04, PNorm = 39.5847, GNorm = 0.0003, lr_0 = 2.3397e-04
Loss = 9.4989e-04, PNorm = 39.5964, GNorm = 0.0038, lr_0 = 2.3218e-04
Loss = 2.3168e-03, PNorm = 39.6067, GNorm = 0.0031, lr_0 = 2.3040e-04
Loss = 6.6927e-04, PNorm = 39.6164, GNorm = 0.0017, lr_0 = 2.2864e-04
Loss = 2.6500e-03, PNorm = 39.6267, GNorm = 0.0283, lr_0 = 2.2689e-04
Loss = 2.6788e-03, PNorm = 39.6390, GNorm = 0.0029, lr_0 = 2.2515e-04
Validation auc = 0.879209
Epoch 20
Loss = 7.1630e-04, PNorm = 39.6491, GNorm = 0.0048, lr_0 = 2.2325e-04
Loss = 5.3890e-04, PNorm = 39.6583, GNorm = 0.0022, lr_0 = 2.2154e-04
Loss = 3.1847e-03, PNorm = 39.6660, GNorm = 0.0013, lr_0 = 2.1985e-04
Loss = 4.6160e-03, PNorm = 39.6760, GNorm = 0.0152, lr_0 = 2.1816e-04
Loss = 5.3038e-03, PNorm = 39.6863, GNorm = 0.0025, lr_0 = 2.1649e-04
Loss = 1.2174e-03, PNorm = 39.6961, GNorm = 0.0434, lr_0 = 2.1484e-04
Loss = 7.2692e-04, PNorm = 39.7041, GNorm = 0.0138, lr_0 = 2.1319e-04
Loss = 1.2774e-03, PNorm = 39.7131, GNorm = 0.0027, lr_0 = 2.1156e-04
Loss = 9.2111e-04, PNorm = 39.7218, GNorm = 0.0345, lr_0 = 2.0994e-04
Loss = 2.7183e-03, PNorm = 39.7328, GNorm = 0.0079, lr_0 = 2.0833e-04
Loss = 9.8679e-04, PNorm = 39.7438, GNorm = 0.0045, lr_0 = 2.0674e-04
Validation auc = 0.879319
Epoch 21
Loss = 7.0105e-04, PNorm = 39.7538, GNorm = 0.0012, lr_0 = 2.0500e-04
Loss = 1.5436e-03, PNorm = 39.7640, GNorm = 0.0088, lr_0 = 2.0343e-04
Loss = 8.0334e-04, PNorm = 39.7737, GNorm = 0.0022, lr_0 = 2.0187e-04
Loss = 9.5933e-04, PNorm = 39.7844, GNorm = 0.0022, lr_0 = 2.0033e-04
Loss = 8.8585e-04, PNorm = 39.7946, GNorm = 0.0022, lr_0 = 1.9879e-04
Loss = 1.0638e-03, PNorm = 39.8030, GNorm = 0.0008, lr_0 = 1.9727e-04
Loss = 2.3393e-03, PNorm = 39.8129, GNorm = 0.0016, lr_0 = 1.9576e-04
Loss = 5.2181e-03, PNorm = 39.8212, GNorm = 0.0114, lr_0 = 1.9426e-04
Loss = 1.6678e-03, PNorm = 39.8308, GNorm = 0.0042, lr_0 = 1.9277e-04
Loss = 2.0319e-03, PNorm = 39.8402, GNorm = 0.0023, lr_0 = 1.9130e-04
Loss = 3.3998e-03, PNorm = 39.8503, GNorm = 0.0027, lr_0 = 1.8983e-04
Validation auc = 0.878370
Epoch 22
Loss = 7.8619e-04, PNorm = 39.8587, GNorm = 0.0045, lr_0 = 1.8838e-04
Loss = 2.2398e-03, PNorm = 39.8688, GNorm = 0.0006, lr_0 = 1.8694e-04
Loss = 2.7733e-03, PNorm = 39.8775, GNorm = 0.0118, lr_0 = 1.8551e-04
Loss = 6.5960e-04, PNorm = 39.8855, GNorm = 0.0034, lr_0 = 1.8409e-04
Loss = 5.1829e-04, PNorm = 39.8924, GNorm = 0.0036, lr_0 = 1.8268e-04
Loss = 7.5681e-04, PNorm = 39.8988, GNorm = 0.0049, lr_0 = 1.8128e-04
Loss = 1.8805e-03, PNorm = 39.9065, GNorm = 0.0049, lr_0 = 1.7989e-04
Loss = 2.1841e-03, PNorm = 39.9156, GNorm = 0.0422, lr_0 = 1.7851e-04
Loss = 6.8110e-04, PNorm = 39.9252, GNorm = 0.0025, lr_0 = 1.7715e-04
Loss = 2.2477e-03, PNorm = 39.9334, GNorm = 0.0019, lr_0 = 1.7579e-04
Validation auc = 0.879134
Epoch 23
Loss = 6.7103e-04, PNorm = 39.9431, GNorm = 0.0002, lr_0 = 1.7431e-04
Loss = 5.4285e-04, PNorm = 39.9509, GNorm = 0.0114, lr_0 = 1.7298e-04
Loss = 1.1532e-03, PNorm = 39.9601, GNorm = 0.0111, lr_0 = 1.7165e-04
Loss = 2.0266e-03, PNorm = 39.9701, GNorm = 0.0029, lr_0 = 1.7034e-04
Loss = 2.1252e-03, PNorm = 39.9785, GNorm = 0.0009, lr_0 = 1.6903e-04
Loss = 1.2381e-03, PNorm = 39.9868, GNorm = 0.0011, lr_0 = 1.6774e-04
Loss = 1.9924e-03, PNorm = 39.9944, GNorm = 0.0031, lr_0 = 1.6645e-04
Loss = 1.5284e-03, PNorm = 40.0036, GNorm = 0.0010, lr_0 = 1.6518e-04
Loss = 1.2783e-03, PNorm = 40.0142, GNorm = 0.0611, lr_0 = 1.6392e-04
Loss = 1.7982e-03, PNorm = 40.0257, GNorm = 0.0021, lr_0 = 1.6266e-04
Loss = 1.5261e-03, PNorm = 40.0359, GNorm = 0.0026, lr_0 = 1.6142e-04
Validation auc = 0.877206
Epoch 24
Loss = 9.3731e-04, PNorm = 40.0462, GNorm = 0.0047, lr_0 = 1.6006e-04
Loss = 4.3608e-04, PNorm = 40.0538, GNorm = 0.0041, lr_0 = 1.5883e-04
Loss = 5.0367e-04, PNorm = 40.0604, GNorm = 0.0046, lr_0 = 1.5761e-04
Loss = 7.3945e-04, PNorm = 40.0686, GNorm = 0.0183, lr_0 = 1.5641e-04
Loss = 9.7978e-04, PNorm = 40.0782, GNorm = 0.0165, lr_0 = 1.5521e-04
Loss = 9.7771e-04, PNorm = 40.0861, GNorm = 0.0050, lr_0 = 1.5402e-04
Loss = 5.4103e-03, PNorm = 40.0937, GNorm = 0.1540, lr_0 = 1.5284e-04
Loss = 7.0964e-04, PNorm = 40.1003, GNorm = 0.0029, lr_0 = 1.5167e-04
Loss = 2.1672e-03, PNorm = 40.1065, GNorm = 0.0022, lr_0 = 1.5051e-04
Loss = 1.9531e-03, PNorm = 40.1131, GNorm = 0.0128, lr_0 = 1.4936e-04
Loss = 3.0053e-03, PNorm = 40.1224, GNorm = 0.0078, lr_0 = 1.4822e-04
Validation auc = 0.877004
Epoch 25
Loss = 1.2788e-03, PNorm = 40.1320, GNorm = 0.0004, lr_0 = 1.4708e-04
Loss = 3.7929e-04, PNorm = 40.1396, GNorm = 0.0014, lr_0 = 1.4595e-04
Loss = 4.2449e-04, PNorm = 40.1457, GNorm = 0.0007, lr_0 = 1.4484e-04
Loss = 3.3122e-03, PNorm = 40.1543, GNorm = 0.0036, lr_0 = 1.4373e-04
Loss = 1.9172e-03, PNorm = 40.1652, GNorm = 0.0030, lr_0 = 1.4263e-04
Loss = 9.0616e-04, PNorm = 40.1769, GNorm = 0.0030, lr_0 = 1.4154e-04
Loss = 1.6195e-03, PNorm = 40.1878, GNorm = 0.0116, lr_0 = 1.4045e-04
Loss = 7.0153e-04, PNorm = 40.1972, GNorm = 0.0036, lr_0 = 1.3938e-04
Loss = 2.4420e-03, PNorm = 40.2060, GNorm = 0.0996, lr_0 = 1.3831e-04
Loss = 2.9540e-03, PNorm = 40.2151, GNorm = 0.0009, lr_0 = 1.3725e-04
Loss = 5.8856e-03, PNorm = 40.2220, GNorm = 0.0073, lr_0 = 1.3620e-04
Loss = 9.1627e-04, PNorm = 40.2227, GNorm = 0.0082, lr_0 = 1.3610e-04
Validation auc = 0.876748
Epoch 26
Loss = 1.6292e-03, PNorm = 40.2302, GNorm = 0.0344, lr_0 = 1.3505e-04
Loss = 1.2298e-03, PNorm = 40.2377, GNorm = 0.0047, lr_0 = 1.3402e-04
Loss = 3.2931e-03, PNorm = 40.2453, GNorm = 0.0098, lr_0 = 1.3299e-04
Loss = 1.7221e-03, PNorm = 40.2532, GNorm = 0.0078, lr_0 = 1.3198e-04
Loss = 7.3177e-04, PNorm = 40.2593, GNorm = 0.0185, lr_0 = 1.3097e-04
Loss = 5.2506e-04, PNorm = 40.2659, GNorm = 0.0022, lr_0 = 1.2996e-04
Loss = 9.4633e-04, PNorm = 40.2734, GNorm = 0.0026, lr_0 = 1.2897e-04
Loss = 1.4324e-03, PNorm = 40.2809, GNorm = 0.0212, lr_0 = 1.2798e-04
Loss = 4.5114e-04, PNorm = 40.2885, GNorm = 0.0059, lr_0 = 1.2700e-04
Loss = 8.0377e-04, PNorm = 40.2952, GNorm = 0.0088, lr_0 = 1.2603e-04
Validation auc = 0.876535
Epoch 27
Loss = 7.5378e-04, PNorm = 40.3019, GNorm = 0.0071, lr_0 = 1.2497e-04
Loss = 2.7633e-03, PNorm = 40.3093, GNorm = 0.0027, lr_0 = 1.2401e-04
Loss = 1.0503e-03, PNorm = 40.3169, GNorm = 0.0108, lr_0 = 1.2306e-04
Loss = 1.1308e-03, PNorm = 40.3244, GNorm = 0.0006, lr_0 = 1.2212e-04
Loss = 1.1262e-03, PNorm = 40.3307, GNorm = 0.0178, lr_0 = 1.2118e-04
Loss = 1.2429e-03, PNorm = 40.3372, GNorm = 0.0216, lr_0 = 1.2026e-04
Loss = 6.2298e-04, PNorm = 40.3436, GNorm = 0.0006, lr_0 = 1.1934e-04
Loss = 1.2884e-03, PNorm = 40.3492, GNorm = 0.0029, lr_0 = 1.1842e-04
Loss = 1.5682e-03, PNorm = 40.3566, GNorm = 0.0030, lr_0 = 1.1752e-04
Loss = 7.2900e-04, PNorm = 40.3634, GNorm = 0.0004, lr_0 = 1.1662e-04
Loss = 7.4757e-04, PNorm = 40.3707, GNorm = 0.0010, lr_0 = 1.1572e-04
Validation auc = 0.876929
Epoch 28
Loss = 1.0267e-03, PNorm = 40.3766, GNorm = 0.0168, lr_0 = 1.1475e-04
Loss = 2.5606e-04, PNorm = 40.3817, GNorm = 0.0009, lr_0 = 1.1387e-04
Loss = 1.2012e-03, PNorm = 40.3868, GNorm = 0.0055, lr_0 = 1.1300e-04
Loss = 9.2598e-04, PNorm = 40.3920, GNorm = 0.0038, lr_0 = 1.1213e-04
Loss = 5.4874e-04, PNorm = 40.3970, GNorm = 0.0010, lr_0 = 1.1127e-04
Loss = 1.2068e-03, PNorm = 40.4020, GNorm = 0.0141, lr_0 = 1.1042e-04
Loss = 1.9900e-03, PNorm = 40.4080, GNorm = 0.0053, lr_0 = 1.0958e-04
Loss = 8.4257e-04, PNorm = 40.4134, GNorm = 0.0084, lr_0 = 1.0874e-04
Loss = 1.1896e-03, PNorm = 40.4193, GNorm = 0.0142, lr_0 = 1.0791e-04
Loss = 1.4481e-03, PNorm = 40.4261, GNorm = 0.0016, lr_0 = 1.0708e-04
Loss = 3.0841e-03, PNorm = 40.4314, GNorm = 0.0008, lr_0 = 1.0626e-04
Validation auc = 0.878081
Epoch 29
Loss = 3.2192e-04, PNorm = 40.4363, GNorm = 0.0010, lr_0 = 1.0545e-04
Loss = 1.5923e-03, PNorm = 40.4414, GNorm = 0.0009, lr_0 = 1.0464e-04
Loss = 7.2814e-04, PNorm = 40.4466, GNorm = 0.0025, lr_0 = 1.0384e-04
Loss = 4.8728e-04, PNorm = 40.4508, GNorm = 0.0107, lr_0 = 1.0304e-04
Loss = 1.5174e-03, PNorm = 40.4554, GNorm = 0.0074, lr_0 = 1.0225e-04
Loss = 1.3400e-03, PNorm = 40.4609, GNorm = 0.0018, lr_0 = 1.0147e-04
Loss = 1.3303e-03, PNorm = 40.4658, GNorm = 0.0033, lr_0 = 1.0069e-04
Loss = 1.0291e-03, PNorm = 40.4713, GNorm = 0.0064, lr_0 = 1.0000e-04
Loss = 9.8770e-04, PNorm = 40.4765, GNorm = 0.0077, lr_0 = 1.0000e-04
Loss = 1.1074e-03, PNorm = 40.4833, GNorm = 0.0035, lr_0 = 1.0000e-04
Validation auc = 0.877887
Model 0 best validation auc = 0.893165 on epoch 1
Loading pretrained parameter "ffn.1.weight".
Loading pretrained parameter "ffn.1.bias".
Loading pretrained parameter "ffn.4.weight".
Loading pretrained parameter "ffn.4.bias".
Model 0 test auc = 0.577780
Ensemble test auc = 0.577780
Fold 1
Splitting data with seed 1
Total scaffolds = 4,180 | train scaffolds = 3,198 | val scaffolds = 502 | test scaffolds = 480
Label averages per scaffold, in decreasing order of scaffold frequency,capped at 10 scaffolds and 20 labels:
Scaffold 0
Task 0: count = 468 | target average = 0.019231
Task 1: count = 468 | target average = 0.014957


Scaffold 1
Task 0: count = 383 | target average = 0.007833
Task 1: count = 383 | target average = 0.013055


Scaffold 2
Task 0: count = 44 | target average = 0.000000
Task 1: count = 44 | target average = 0.000000


Scaffold 3
Task 0: count = 35 | target average = 0.000000
Task 1: count = 35 | target average = 0.000000


Scaffold 4
Task 0: count = 34 | target average = 0.000000
Task 1: count = 34 | target average = 0.000000


Scaffold 5
Task 0: count = 30 | target average = 0.000000
Task 1: count = 30 | target average = 0.000000


Scaffold 6
Task 0: count = 28 | target average = 0.000000
Task 1: count = 28 | target average = 0.000000


Scaffold 7
Task 0: count = 27 | target average = 0.074074
Task 1: count = 27 | target average = 0.074074


Scaffold 8
Task 0: count = 25 | target average = 0.040000
Task 1: count = 25 | target average = 0.000000


Scaffold 9
Task 0: count = 23 | target average = 0.000000
Task 1: count = 23 | target average = 0.000000


Class sizes
hit_inh 0: 97.79%, 1: 2.21%
hit_kill 0: 98.75%, 1: 1.25%
Total size = 6,708 | train size = 5,366 | val size = 670 | test size = 672
Building model 0
MoleculeModel(
  (sigmoid): Sigmoid()
  (encoder): MPN()
  (ffn): Sequential(
    (0): Dropout(p=0.1, inplace=False)
    (1): Linear(in_features=2048, out_features=500, bias=True)
    (2): ReLU()
    (3): Dropout(p=0.1, inplace=False)
    (4): Linear(in_features=500, out_features=2, bias=True)
  )
)
Number of parameters = 1,025,502
Epoch 0
Loss = 5.7853e-01, PNorm = 28.4150, GNorm = 0.9269, lr_0 = 1.4626e-04
Loss = 4.2183e-01, PNorm = 28.4331, GNorm = 0.6171, lr_0 = 1.8832e-04
Loss = 2.9066e-01, PNorm = 28.4664, GNorm = 0.4797, lr_0 = 2.3037e-04
Loss = 2.1040e-01, PNorm = 28.5102, GNorm = 0.2769, lr_0 = 2.7243e-04
Loss = 1.3423e-01, PNorm = 28.5571, GNorm = 0.1811, lr_0 = 3.1449e-04
Loss = 1.2394e-01, PNorm = 28.6018, GNorm = 0.1341, lr_0 = 3.5654e-04
Loss = 1.5256e-01, PNorm = 28.6383, GNorm = 0.1631, lr_0 = 3.9860e-04
Loss = 9.8562e-02, PNorm = 28.6713, GNorm = 0.0873, lr_0 = 4.4065e-04
Loss = 9.0714e-02, PNorm = 28.7069, GNorm = 0.1147, lr_0 = 4.8271e-04
Loss = 6.6295e-02, PNorm = 28.7500, GNorm = 0.1003, lr_0 = 5.2477e-04
Validation auc = 0.708141
Epoch 1
Loss = 3.6583e-02, PNorm = 28.8017, GNorm = 0.0944, lr_0 = 5.7103e-04
Loss = 7.4892e-02, PNorm = 28.8570, GNorm = 0.1964, lr_0 = 6.1308e-04
Loss = 7.8097e-02, PNorm = 28.9158, GNorm = 0.1375, lr_0 = 6.5514e-04
Loss = 6.4808e-02, PNorm = 28.9790, GNorm = 0.0973, lr_0 = 6.9720e-04
Loss = 4.7063e-02, PNorm = 29.0511, GNorm = 0.1627, lr_0 = 7.3925e-04
Loss = 1.1926e-01, PNorm = 29.1155, GNorm = 0.0740, lr_0 = 7.8131e-04
Loss = 6.6550e-02, PNorm = 29.1966, GNorm = 0.1634, lr_0 = 8.2336e-04
Loss = 5.6042e-02, PNorm = 29.3000, GNorm = 0.1533, lr_0 = 8.6542e-04
Loss = 5.6386e-02, PNorm = 29.4291, GNorm = 0.0935, lr_0 = 9.0748e-04
Loss = 9.0994e-02, PNorm = 29.5591, GNorm = 0.0715, lr_0 = 9.4953e-04
Loss = 8.4822e-02, PNorm = 29.7102, GNorm = 0.0906, lr_0 = 9.9159e-04
Validation auc = 0.819600
Epoch 2
Loss = 3.6353e-02, PNorm = 29.9106, GNorm = 0.0537, lr_0 = 9.9311e-04
Loss = 3.5097e-02, PNorm = 30.0985, GNorm = 0.1059, lr_0 = 9.8550e-04
Loss = 2.7756e-02, PNorm = 30.2662, GNorm = 0.1746, lr_0 = 9.7796e-04
Loss = 3.8408e-02, PNorm = 30.4259, GNorm = 0.1527, lr_0 = 9.7047e-04
Loss = 3.4491e-02, PNorm = 30.5714, GNorm = 0.1440, lr_0 = 9.6304e-04
Loss = 3.6006e-02, PNorm = 30.6906, GNorm = 0.1895, lr_0 = 9.5567e-04
Loss = 3.8679e-02, PNorm = 30.8162, GNorm = 0.0254, lr_0 = 9.4835e-04
Loss = 2.5957e-02, PNorm = 30.9503, GNorm = 0.1075, lr_0 = 9.4109e-04
Loss = 4.3032e-02, PNorm = 31.0889, GNorm = 0.1582, lr_0 = 9.3389e-04
Loss = 8.5709e-02, PNorm = 31.2396, GNorm = 0.1505, lr_0 = 9.2674e-04
Loss = 3.7894e-02, PNorm = 31.4418, GNorm = 0.0720, lr_0 = 9.1964e-04
Validation auc = 0.802874
Epoch 3
Loss = 3.3438e-02, PNorm = 31.6729, GNorm = 0.0560, lr_0 = 9.1190e-04
Loss = 2.2295e-02, PNorm = 31.8725, GNorm = 0.0606, lr_0 = 9.0492e-04
Loss = 3.2376e-02, PNorm = 32.0291, GNorm = 0.1860, lr_0 = 8.9799e-04
Loss = 1.6700e-02, PNorm = 32.1686, GNorm = 0.0782, lr_0 = 8.9111e-04
Loss = 2.2327e-02, PNorm = 32.3064, GNorm = 0.1394, lr_0 = 8.8429e-04
Loss = 1.8036e-02, PNorm = 32.4388, GNorm = 0.1097, lr_0 = 8.7752e-04
Loss = 2.0057e-02, PNorm = 32.5620, GNorm = 0.0193, lr_0 = 8.7080e-04
Loss = 2.9458e-02, PNorm = 32.6933, GNorm = 0.1869, lr_0 = 8.6414e-04
Loss = 1.6561e-02, PNorm = 32.8266, GNorm = 0.0407, lr_0 = 8.5752e-04
Loss = 2.5828e-02, PNorm = 32.9697, GNorm = 0.0736, lr_0 = 8.5095e-04
Validation auc = 0.797888
Epoch 4
Loss = 5.2449e-03, PNorm = 33.1130, GNorm = 0.0280, lr_0 = 8.4444e-04
Loss = 2.7249e-02, PNorm = 33.2469, GNorm = 0.1323, lr_0 = 8.3797e-04
Loss = 1.1069e-02, PNorm = 33.3662, GNorm = 0.0132, lr_0 = 8.3156e-04
Loss = 1.5482e-02, PNorm = 33.4686, GNorm = 0.0650, lr_0 = 8.2519e-04
Loss = 1.0391e-02, PNorm = 33.5702, GNorm = 0.0172, lr_0 = 8.1888e-04
Loss = 1.5728e-02, PNorm = 33.6739, GNorm = 0.0514, lr_0 = 8.1261e-04
Loss = 1.7003e-02, PNorm = 33.7796, GNorm = 0.0521, lr_0 = 8.0638e-04
Loss = 1.6026e-02, PNorm = 33.8966, GNorm = 0.0120, lr_0 = 8.0021e-04
Loss = 1.1500e-02, PNorm = 34.0089, GNorm = 0.0315, lr_0 = 7.9408e-04
Loss = 1.3327e-02, PNorm = 34.1195, GNorm = 0.0419, lr_0 = 7.8800e-04
Loss = 1.3582e-02, PNorm = 34.2308, GNorm = 0.0124, lr_0 = 7.8197e-04
Validation auc = 0.782790
Epoch 5
Loss = 4.4812e-03, PNorm = 34.3466, GNorm = 0.0206, lr_0 = 7.7539e-04
Loss = 1.0732e-02, PNorm = 34.4453, GNorm = 0.0821, lr_0 = 7.6945e-04
Loss = 7.3100e-03, PNorm = 34.5315, GNorm = 0.0067, lr_0 = 7.6356e-04
Loss = 1.0914e-02, PNorm = 34.6062, GNorm = 0.0122, lr_0 = 7.5772e-04
Loss = 9.3519e-03, PNorm = 34.6761, GNorm = 0.0088, lr_0 = 7.5191e-04
Loss = 5.0239e-03, PNorm = 34.7447, GNorm = 0.0973, lr_0 = 7.4616e-04
Loss = 7.8100e-03, PNorm = 34.8158, GNorm = 0.0113, lr_0 = 7.4044e-04
Loss = 1.3378e-02, PNorm = 34.8952, GNorm = 0.1086, lr_0 = 7.3478e-04
Loss = 1.0038e-02, PNorm = 34.9791, GNorm = 0.0147, lr_0 = 7.2915e-04
Loss = 9.0884e-03, PNorm = 35.0644, GNorm = 0.0545, lr_0 = 7.2357e-04
Loss = 1.2521e-02, PNorm = 35.1623, GNorm = 0.0076, lr_0 = 7.1803e-04
Validation auc = 0.780880
Epoch 6
Loss = 1.1958e-02, PNorm = 35.2593, GNorm = 0.1051, lr_0 = 7.1198e-04
Loss = 3.5560e-03, PNorm = 35.3398, GNorm = 0.0174, lr_0 = 7.0653e-04
Loss = 1.0127e-02, PNorm = 35.4135, GNorm = 0.0397, lr_0 = 7.0112e-04
Loss = 6.5596e-03, PNorm = 35.4863, GNorm = 0.0100, lr_0 = 6.9576e-04
Loss = 9.6874e-03, PNorm = 35.5522, GNorm = 0.1134, lr_0 = 6.9043e-04
Loss = 4.3238e-03, PNorm = 35.6190, GNorm = 0.0199, lr_0 = 6.8514e-04
Loss = 9.1925e-03, PNorm = 35.6765, GNorm = 0.0411, lr_0 = 6.7990e-04
Loss = 8.7003e-03, PNorm = 35.7355, GNorm = 0.0422, lr_0 = 6.7469e-04
Loss = 4.1012e-03, PNorm = 35.7944, GNorm = 0.0137, lr_0 = 6.6953e-04
Loss = 5.3041e-03, PNorm = 35.8473, GNorm = 0.0556, lr_0 = 6.6440e-04
Loss = 6.1290e-03, PNorm = 35.8997, GNorm = 0.0158, lr_0 = 6.5931e-04
Validation auc = 0.777243
Epoch 7
Loss = 3.1867e-03, PNorm = 35.9520, GNorm = 0.0157, lr_0 = 6.5427e-04
Loss = 3.6095e-03, PNorm = 36.0015, GNorm = 0.0298, lr_0 = 6.4926e-04
Loss = 2.7509e-03, PNorm = 36.0453, GNorm = 0.0048, lr_0 = 6.4429e-04
Loss = 7.0173e-03, PNorm = 36.0930, GNorm = 0.0151, lr_0 = 6.3935e-04
Loss = 5.5193e-03, PNorm = 36.1432, GNorm = 0.0259, lr_0 = 6.3446e-04
Loss = 3.6549e-03, PNorm = 36.1895, GNorm = 0.0067, lr_0 = 6.2960e-04
Loss = 4.6098e-03, PNorm = 36.2352, GNorm = 0.0064, lr_0 = 6.2478e-04
Loss = 5.1112e-03, PNorm = 36.2840, GNorm = 0.0153, lr_0 = 6.2000e-04
Loss = 4.9582e-03, PNorm = 36.3315, GNorm = 0.0275, lr_0 = 6.1525e-04
Loss = 1.4055e-02, PNorm = 36.3835, GNorm = 0.0358, lr_0 = 6.1054e-04
Validation auc = 0.774828
Epoch 8
Loss = 5.3196e-03, PNorm = 36.4435, GNorm = 0.0086, lr_0 = 6.0540e-04
Loss = 7.4505e-03, PNorm = 36.4952, GNorm = 0.0130, lr_0 = 6.0077e-04
Loss = 5.3416e-03, PNorm = 36.5419, GNorm = 0.0513, lr_0 = 5.9617e-04
Loss = 2.3598e-03, PNorm = 36.5839, GNorm = 0.0040, lr_0 = 5.9160e-04
Loss = 6.0811e-03, PNorm = 36.6227, GNorm = 0.0062, lr_0 = 5.8707e-04
Loss = 3.8279e-03, PNorm = 36.6614, GNorm = 0.0024, lr_0 = 5.8258e-04
Loss = 2.2851e-03, PNorm = 36.6966, GNorm = 0.0129, lr_0 = 5.7812e-04
Loss = 4.6398e-03, PNorm = 36.7359, GNorm = 0.0708, lr_0 = 5.7369e-04
Loss = 2.9135e-03, PNorm = 36.7734, GNorm = 0.0022, lr_0 = 5.6930e-04
Loss = 5.8065e-03, PNorm = 36.8109, GNorm = 0.0830, lr_0 = 5.6494e-04
Loss = 4.3988e-03, PNorm = 36.8507, GNorm = 0.0027, lr_0 = 5.6062e-04
Validation auc = 0.771807
Epoch 9
Loss = 1.9816e-03, PNorm = 36.9005, GNorm = 0.0566, lr_0 = 5.5590e-04
Loss = 4.0293e-03, PNorm = 36.9416, GNorm = 0.0274, lr_0 = 5.5164e-04
Loss = 4.0679e-03, PNorm = 36.9854, GNorm = 0.0175, lr_0 = 5.4742e-04
Loss = 2.5807e-03, PNorm = 37.0282, GNorm = 0.0060, lr_0 = 5.4323e-04
Loss = 2.8864e-03, PNorm = 37.0641, GNorm = 0.0015, lr_0 = 5.3907e-04
Loss = 4.8527e-03, PNorm = 37.1000, GNorm = 0.0695, lr_0 = 5.3494e-04
Loss = 6.8694e-03, PNorm = 37.1413, GNorm = 0.0112, lr_0 = 5.3084e-04
Loss = 5.4508e-03, PNorm = 37.1853, GNorm = 0.0023, lr_0 = 5.2678e-04
Loss = 2.5016e-03, PNorm = 37.2286, GNorm = 0.0067, lr_0 = 5.2275e-04
Loss = 3.5810e-03, PNorm = 37.2630, GNorm = 0.0353, lr_0 = 5.1874e-04
Loss = 3.7658e-03, PNorm = 37.2957, GNorm = 0.0180, lr_0 = 5.1477e-04
Validation auc = 0.774402
Epoch 10
Loss = 4.7608e-03, PNorm = 37.3284, GNorm = 0.0108, lr_0 = 5.1083e-04
Loss = 1.5315e-03, PNorm = 37.3557, GNorm = 0.0120, lr_0 = 5.0692e-04
Loss = 3.0933e-03, PNorm = 37.3807, GNorm = 0.0522, lr_0 = 5.0304e-04
Loss = 3.1082e-03, PNorm = 37.4095, GNorm = 0.0064, lr_0 = 4.9919e-04
Loss = 3.1678e-03, PNorm = 37.4426, GNorm = 0.0295, lr_0 = 4.9537e-04
Loss = 2.3297e-03, PNorm = 37.4755, GNorm = 0.0195, lr_0 = 4.9157e-04
Loss = 2.8174e-03, PNorm = 37.5083, GNorm = 0.0088, lr_0 = 4.8781e-04
Loss = 3.6893e-03, PNorm = 37.5411, GNorm = 0.0387, lr_0 = 4.8408e-04
Loss = 1.9702e-03, PNorm = 37.5725, GNorm = 0.0046, lr_0 = 4.8037e-04
Loss = 4.1758e-03, PNorm = 37.5997, GNorm = 0.0322, lr_0 = 4.7669e-04
Loss = 7.5449e-03, PNorm = 37.6298, GNorm = 0.0532, lr_0 = 4.7304e-04
Loss = 4.9100e-04, PNorm = 37.6331, GNorm = 0.0033, lr_0 = 4.7268e-04
Validation auc = 0.769935
Epoch 11
Loss = 2.1459e-03, PNorm = 37.6627, GNorm = 0.0211, lr_0 = 4.6906e-04
Loss = 3.5262e-03, PNorm = 37.6893, GNorm = 0.0128, lr_0 = 4.6547e-04
Loss = 1.5725e-03, PNorm = 37.7171, GNorm = 0.0030, lr_0 = 4.6191e-04
Loss = 1.9851e-03, PNorm = 37.7424, GNorm = 0.0048, lr_0 = 4.5837e-04
Loss = 3.6401e-03, PNorm = 37.7657, GNorm = 0.0164, lr_0 = 4.5486e-04
Loss = 1.6241e-03, PNorm = 37.7858, GNorm = 0.0101, lr_0 = 4.5138e-04
Loss = 1.4995e-03, PNorm = 37.8087, GNorm = 0.0016, lr_0 = 4.4792e-04
Loss = 3.9034e-03, PNorm = 37.8313, GNorm = 0.0094, lr_0 = 4.4449e-04
Loss = 4.0109e-03, PNorm = 37.8540, GNorm = 0.0082, lr_0 = 4.4109e-04
Loss = 2.2770e-03, PNorm = 37.8821, GNorm = 0.0161, lr_0 = 4.3771e-04
Validation auc = 0.773857
Epoch 12
Loss = 3.6563e-03, PNorm = 37.9090, GNorm = 0.0407, lr_0 = 4.3403e-04
Loss = 1.6525e-03, PNorm = 37.9333, GNorm = 0.0045, lr_0 = 4.3070e-04
Loss = 5.9700e-03, PNorm = 37.9584, GNorm = 0.0141, lr_0 = 4.2741e-04
Loss = 2.4658e-03, PNorm = 37.9817, GNorm = 0.0013, lr_0 = 4.2413e-04
Loss = 3.3036e-03, PNorm = 38.0027, GNorm = 0.0047, lr_0 = 4.2089e-04
Loss = 2.5084e-03, PNorm = 38.0224, GNorm = 0.0062, lr_0 = 4.1766e-04
Loss = 3.0606e-03, PNorm = 38.0455, GNorm = 0.0028, lr_0 = 4.1447e-04
Loss = 4.1030e-03, PNorm = 38.0655, GNorm = 0.0106, lr_0 = 4.1129e-04
Loss = 1.4428e-03, PNorm = 38.0841, GNorm = 0.0182, lr_0 = 4.0814e-04
Loss = 1.8765e-03, PNorm = 38.1027, GNorm = 0.0006, lr_0 = 4.0502e-04
Loss = 2.2542e-03, PNorm = 38.1220, GNorm = 0.0051, lr_0 = 4.0192e-04
Validation auc = 0.769223
Epoch 13
Loss = 6.0719e-03, PNorm = 38.1443, GNorm = 0.0680, lr_0 = 3.9884e-04
Loss = 3.0608e-03, PNorm = 38.1692, GNorm = 0.0013, lr_0 = 3.9579e-04
Loss = 3.0277e-03, PNorm = 38.1910, GNorm = 0.0031, lr_0 = 3.9276e-04
Loss = 3.9510e-03, PNorm = 38.2150, GNorm = 0.0177, lr_0 = 3.8975e-04
Loss = 1.7557e-03, PNorm = 38.2412, GNorm = 0.0128, lr_0 = 3.8677e-04
Loss = 3.2231e-03, PNorm = 38.2685, GNorm = 0.0404, lr_0 = 3.8381e-04
Loss = 1.4338e-03, PNorm = 38.2913, GNorm = 0.0023, lr_0 = 3.8087e-04
Loss = 5.1448e-03, PNorm = 38.3156, GNorm = 0.0100, lr_0 = 3.7795e-04
Loss = 2.1687e-03, PNorm = 38.3395, GNorm = 0.0223, lr_0 = 3.7506e-04
Loss = 9.0433e-04, PNorm = 38.3606, GNorm = 0.0010, lr_0 = 3.7219e-04
Loss = 1.9137e-03, PNorm = 38.3789, GNorm = 0.0176, lr_0 = 3.6934e-04
Validation auc = 0.768995
Epoch 14
Loss = 2.1689e-03, PNorm = 38.3982, GNorm = 0.0017, lr_0 = 3.6623e-04
Loss = 2.2110e-03, PNorm = 38.4158, GNorm = 0.0059, lr_0 = 3.6342e-04
Loss = 1.8507e-03, PNorm = 38.4362, GNorm = 0.0048, lr_0 = 3.6064e-04
Loss = 1.6862e-03, PNorm = 38.4551, GNorm = 0.0178, lr_0 = 3.5788e-04
Loss = 1.5138e-03, PNorm = 38.4729, GNorm = 0.0044, lr_0 = 3.5514e-04
Loss = 1.1222e-03, PNorm = 38.4909, GNorm = 0.0053, lr_0 = 3.5242e-04
Loss = 3.2126e-03, PNorm = 38.5128, GNorm = 0.0303, lr_0 = 3.4972e-04
Loss = 5.1847e-03, PNorm = 38.5300, GNorm = 0.0469, lr_0 = 3.4705e-04
Loss = 4.1219e-03, PNorm = 38.5466, GNorm = 0.0251, lr_0 = 3.4439e-04
Loss = 2.6794e-03, PNorm = 38.5647, GNorm = 0.0134, lr_0 = 3.4175e-04
Validation auc = 0.767266
Epoch 15
Loss = 1.4876e-03, PNorm = 38.5835, GNorm = 0.0167, lr_0 = 3.3888e-04
Loss = 1.5465e-03, PNorm = 38.6006, GNorm = 0.0089, lr_0 = 3.3628e-04
Loss = 4.3471e-03, PNorm = 38.6243, GNorm = 0.0067, lr_0 = 3.3371e-04
Loss = 1.2542e-03, PNorm = 38.6423, GNorm = 0.0164, lr_0 = 3.3115e-04
Loss = 3.4719e-03, PNorm = 38.6585, GNorm = 0.0033, lr_0 = 3.2862e-04
Loss = 1.3551e-03, PNorm = 38.6763, GNorm = 0.0021, lr_0 = 3.2610e-04
Loss = 3.8400e-03, PNorm = 38.6936, GNorm = 0.0077, lr_0 = 3.2360e-04
Loss = 6.0891e-04, PNorm = 38.7072, GNorm = 0.0047, lr_0 = 3.2113e-04
Loss = 1.4655e-03, PNorm = 38.7212, GNorm = 0.0020, lr_0 = 3.1867e-04
Loss = 3.1827e-03, PNorm = 38.7364, GNorm = 0.0035, lr_0 = 3.1623e-04
Loss = 4.4721e-03, PNorm = 38.7532, GNorm = 0.0202, lr_0 = 3.1381e-04
Validation auc = 0.764628
Epoch 16
Loss = 3.3504e-04, PNorm = 38.7668, GNorm = 0.0023, lr_0 = 3.1140e-04
Loss = 1.8422e-03, PNorm = 38.7837, GNorm = 0.0018, lr_0 = 3.0902e-04
Loss = 1.5548e-03, PNorm = 38.7988, GNorm = 0.0020, lr_0 = 3.0665e-04
Loss = 4.6027e-03, PNorm = 38.8152, GNorm = 0.1466, lr_0 = 3.0431e-04
Loss = 2.1843e-03, PNorm = 38.8351, GNorm = 0.0069, lr_0 = 3.0198e-04
Loss = 4.3463e-03, PNorm = 38.8512, GNorm = 0.0144, lr_0 = 2.9966e-04
Loss = 1.5964e-03, PNorm = 38.8646, GNorm = 0.0061, lr_0 = 2.9737e-04
Loss = 2.0759e-03, PNorm = 38.8797, GNorm = 0.0150, lr_0 = 2.9509e-04
Loss = 1.0640e-03, PNorm = 38.8941, GNorm = 0.0041, lr_0 = 2.9283e-04
Loss = 1.6317e-03, PNorm = 38.9092, GNorm = 0.0253, lr_0 = 2.9059e-04
Loss = 2.5483e-03, PNorm = 38.9246, GNorm = 0.0677, lr_0 = 2.8837e-04
Validation auc = 0.765326
Epoch 17
Loss = 8.4481e-04, PNorm = 38.9393, GNorm = 0.0017, lr_0 = 2.8594e-04
Loss = 1.1627e-03, PNorm = 38.9498, GNorm = 0.0141, lr_0 = 2.8375e-04
Loss = 3.3909e-03, PNorm = 38.9621, GNorm = 0.0285, lr_0 = 2.8158e-04
Loss = 1.2083e-03, PNorm = 38.9756, GNorm = 0.0049, lr_0 = 2.7942e-04
Loss = 3.1961e-03, PNorm = 38.9887, GNorm = 0.0053, lr_0 = 2.7728e-04
Loss = 1.5824e-03, PNorm = 39.0034, GNorm = 0.0022, lr_0 = 2.7516e-04
Loss = 3.7404e-03, PNorm = 39.0190, GNorm = 0.1266, lr_0 = 2.7305e-04
Loss = 1.9492e-03, PNorm = 39.0350, GNorm = 0.0032, lr_0 = 2.7096e-04
Loss = 1.1796e-03, PNorm = 39.0513, GNorm = 0.0028, lr_0 = 2.6889e-04
Loss = 1.3535e-03, PNorm = 39.0638, GNorm = 0.0029, lr_0 = 2.6683e-04
Loss = 1.3156e-03, PNorm = 39.0753, GNorm = 0.0133, lr_0 = 2.6479e-04
Validation auc = 0.765193
Epoch 18
Loss = 2.4441e-03, PNorm = 39.0915, GNorm = 0.0008, lr_0 = 2.6256e-04
Loss = 2.3286e-03, PNorm = 39.1045, GNorm = 0.0017, lr_0 = 2.6055e-04
Loss = 1.1493e-03, PNorm = 39.1165, GNorm = 0.0018, lr_0 = 2.5855e-04
Loss = 4.1269e-03, PNorm = 39.1281, GNorm = 0.0039, lr_0 = 2.5657e-04
Loss = 2.3732e-03, PNorm = 39.1393, GNorm = 0.0055, lr_0 = 2.5461e-04
Loss = 2.0185e-03, PNorm = 39.1500, GNorm = 0.0577, lr_0 = 2.5266e-04
Loss = 1.0793e-03, PNorm = 39.1624, GNorm = 0.0032, lr_0 = 2.5073e-04
Loss = 1.6054e-03, PNorm = 39.1719, GNorm = 0.0589, lr_0 = 2.4881e-04
Loss = 1.1823e-03, PNorm = 39.1831, GNorm = 0.0185, lr_0 = 2.4690e-04
Loss = 1.2440e-03, PNorm = 39.1950, GNorm = 0.0032, lr_0 = 2.4501e-04
Validation auc = 0.764896
Epoch 19
Loss = 2.2767e-04, PNorm = 39.2057, GNorm = 0.0015, lr_0 = 2.4314e-04
Loss = 1.5891e-03, PNorm = 39.2154, GNorm = 0.0010, lr_0 = 2.4127e-04
Loss = 6.9920e-04, PNorm = 39.2238, GNorm = 0.0044, lr_0 = 2.3943e-04
Loss = 5.6276e-03, PNorm = 39.2355, GNorm = 0.1047, lr_0 = 2.3759e-04
Loss = 2.3448e-03, PNorm = 39.2483, GNorm = 0.0137, lr_0 = 2.3577e-04
Loss = 1.6232e-03, PNorm = 39.2615, GNorm = 0.0012, lr_0 = 2.3397e-04
Loss = 5.5221e-04, PNorm = 39.2725, GNorm = 0.0039, lr_0 = 2.3218e-04
Loss = 7.1573e-04, PNorm = 39.2812, GNorm = 0.0055, lr_0 = 2.3040e-04
Loss = 8.2265e-04, PNorm = 39.2898, GNorm = 0.0007, lr_0 = 2.2864e-04
Loss = 1.3049e-03, PNorm = 39.2988, GNorm = 0.0107, lr_0 = 2.2689e-04
Loss = 1.8402e-03, PNorm = 39.3092, GNorm = 0.0012, lr_0 = 2.2515e-04
Validation auc = 0.764491
Epoch 20
Loss = 4.3058e-04, PNorm = 39.3193, GNorm = 0.0019, lr_0 = 2.2325e-04
Loss = 1.9242e-03, PNorm = 39.3303, GNorm = 0.0063, lr_0 = 2.2154e-04
Loss = 1.0304e-03, PNorm = 39.3402, GNorm = 0.0233, lr_0 = 2.1985e-04
Loss = 2.9326e-03, PNorm = 39.3505, GNorm = 0.0019, lr_0 = 2.1816e-04
Loss = 9.2136e-04, PNorm = 39.3614, GNorm = 0.0046, lr_0 = 2.1649e-04
Loss = 8.5036e-04, PNorm = 39.3718, GNorm = 0.0038, lr_0 = 2.1484e-04
Loss = 4.4501e-03, PNorm = 39.3834, GNorm = 0.0223, lr_0 = 2.1319e-04
Loss = 1.0386e-03, PNorm = 39.3947, GNorm = 0.0041, lr_0 = 2.1156e-04
Loss = 2.0663e-03, PNorm = 39.4088, GNorm = 0.0016, lr_0 = 2.0994e-04
Loss = 1.1440e-03, PNorm = 39.4199, GNorm = 0.0374, lr_0 = 2.0833e-04
Loss = 3.1135e-03, PNorm = 39.4290, GNorm = 0.0099, lr_0 = 2.0674e-04
Validation auc = 0.763472
Epoch 21
Loss = 1.1481e-03, PNorm = 39.4376, GNorm = 0.0054, lr_0 = 2.0500e-04
Loss = 1.5247e-03, PNorm = 39.4467, GNorm = 0.0113, lr_0 = 2.0343e-04
Loss = 6.8838e-04, PNorm = 39.4570, GNorm = 0.0016, lr_0 = 2.0187e-04
Loss = 1.5652e-03, PNorm = 39.4659, GNorm = 0.0012, lr_0 = 2.0033e-04
Loss = 1.4931e-03, PNorm = 39.4748, GNorm = 0.0033, lr_0 = 1.9879e-04
Loss = 1.1579e-03, PNorm = 39.4837, GNorm = 0.0053, lr_0 = 1.9727e-04
Loss = 9.7505e-04, PNorm = 39.4917, GNorm = 0.0460, lr_0 = 1.9576e-04
Loss = 1.8187e-03, PNorm = 39.5009, GNorm = 0.0139, lr_0 = 1.9426e-04
Loss = 5.5113e-03, PNorm = 39.5098, GNorm = 0.0102, lr_0 = 1.9277e-04
Loss = 2.1748e-03, PNorm = 39.5200, GNorm = 0.0472, lr_0 = 1.9130e-04
Loss = 9.1961e-04, PNorm = 39.5306, GNorm = 0.0039, lr_0 = 1.8983e-04
Validation auc = 0.763487
Epoch 22
Loss = 1.2933e-03, PNorm = 39.5406, GNorm = 0.0043, lr_0 = 1.8838e-04
Loss = 6.2156e-04, PNorm = 39.5498, GNorm = 0.0010, lr_0 = 1.8694e-04
Loss = 1.3250e-03, PNorm = 39.5575, GNorm = 0.0023, lr_0 = 1.8551e-04
Loss = 5.0444e-04, PNorm = 39.5647, GNorm = 0.0084, lr_0 = 1.8409e-04
Loss = 8.8227e-04, PNorm = 39.5732, GNorm = 0.0182, lr_0 = 1.8268e-04
Loss = 6.2753e-04, PNorm = 39.5827, GNorm = 0.0019, lr_0 = 1.8128e-04
Loss = 2.7054e-03, PNorm = 39.5906, GNorm = 0.0485, lr_0 = 1.7989e-04
Loss = 4.5257e-04, PNorm = 39.5990, GNorm = 0.0007, lr_0 = 1.7851e-04
Loss = 3.1822e-03, PNorm = 39.6067, GNorm = 0.0016, lr_0 = 1.7715e-04
Loss = 5.2154e-03, PNorm = 39.6157, GNorm = 0.0033, lr_0 = 1.7579e-04
Validation auc = 0.762488
Epoch 23
Loss = 9.1826e-04, PNorm = 39.6257, GNorm = 0.0111, lr_0 = 1.7431e-04
Loss = 1.4694e-03, PNorm = 39.6338, GNorm = 0.0398, lr_0 = 1.7298e-04
Loss = 1.5158e-03, PNorm = 39.6443, GNorm = 0.0152, lr_0 = 1.7165e-04
Loss = 4.7403e-04, PNorm = 39.6530, GNorm = 0.0065, lr_0 = 1.7034e-04
Loss = 4.7142e-04, PNorm = 39.6599, GNorm = 0.0108, lr_0 = 1.6903e-04
Loss = 7.4182e-04, PNorm = 39.6668, GNorm = 0.0108, lr_0 = 1.6774e-04
Loss = 2.0007e-03, PNorm = 39.6746, GNorm = 0.0021, lr_0 = 1.6645e-04
Loss = 1.9828e-03, PNorm = 39.6844, GNorm = 0.0006, lr_0 = 1.6518e-04
Loss = 1.3384e-03, PNorm = 39.6929, GNorm = 0.0023, lr_0 = 1.6392e-04
Loss = 3.8586e-03, PNorm = 39.7013, GNorm = 0.0250, lr_0 = 1.6266e-04
Loss = 2.4104e-04, PNorm = 39.7090, GNorm = 0.0003, lr_0 = 1.6142e-04
Validation auc = 0.764169
Epoch 24
Loss = 3.5333e-03, PNorm = 39.7159, GNorm = 0.0141, lr_0 = 1.6006e-04
Loss = 1.4467e-03, PNorm = 39.7233, GNorm = 0.0153, lr_0 = 1.5883e-04
Loss = 6.2150e-04, PNorm = 39.7301, GNorm = 0.0384, lr_0 = 1.5761e-04
Loss = 2.4468e-03, PNorm = 39.7392, GNorm = 0.0005, lr_0 = 1.5641e-04
Loss = 7.2571e-04, PNorm = 39.7478, GNorm = 0.0161, lr_0 = 1.5521e-04
Loss = 1.3069e-03, PNorm = 39.7549, GNorm = 0.0104, lr_0 = 1.5402e-04
Loss = 1.4181e-03, PNorm = 39.7615, GNorm = 0.0067, lr_0 = 1.5284e-04
Loss = 1.3746e-03, PNorm = 39.7703, GNorm = 0.0009, lr_0 = 1.5167e-04
Loss = 4.1805e-03, PNorm = 39.7782, GNorm = 0.1311, lr_0 = 1.5051e-04
Loss = 7.7364e-04, PNorm = 39.7869, GNorm = 0.0021, lr_0 = 1.4936e-04
Loss = 4.3567e-04, PNorm = 39.7938, GNorm = 0.0012, lr_0 = 1.4822e-04
Validation auc = 0.763264
Epoch 25
Loss = 4.4076e-03, PNorm = 39.7995, GNorm = 0.0004, lr_0 = 1.4708e-04
Loss = 5.8700e-04, PNorm = 39.8052, GNorm = 0.0033, lr_0 = 1.4595e-04
Loss = 1.3405e-03, PNorm = 39.8116, GNorm = 0.0023, lr_0 = 1.4484e-04
Loss = 6.8532e-04, PNorm = 39.8174, GNorm = 0.0126, lr_0 = 1.4373e-04
Loss = 2.8386e-03, PNorm = 39.8242, GNorm = 0.0005, lr_0 = 1.4263e-04
Loss = 8.1225e-04, PNorm = 39.8305, GNorm = 0.0286, lr_0 = 1.4154e-04
Loss = 5.1211e-04, PNorm = 39.8378, GNorm = 0.0007, lr_0 = 1.4045e-04
Loss = 4.6687e-03, PNorm = 39.8433, GNorm = 0.0081, lr_0 = 1.3938e-04
Loss = 2.3926e-03, PNorm = 39.8493, GNorm = 0.0039, lr_0 = 1.3831e-04
Loss = 7.6425e-04, PNorm = 39.8558, GNorm = 0.0016, lr_0 = 1.3725e-04
Loss = 8.0181e-04, PNorm = 39.8637, GNorm = 0.0033, lr_0 = 1.3620e-04
Loss = 2.2452e-03, PNorm = 39.8643, GNorm = 0.0084, lr_0 = 1.3610e-04
Validation auc = 0.762843
Epoch 26
Loss = 1.5110e-03, PNorm = 39.8711, GNorm = 0.0940, lr_0 = 1.3505e-04
Loss = 1.0656e-03, PNorm = 39.8771, GNorm = 0.0027, lr_0 = 1.3402e-04
Loss = 3.6793e-03, PNorm = 39.8831, GNorm = 0.0008, lr_0 = 1.3299e-04
Loss = 1.1761e-03, PNorm = 39.8893, GNorm = 0.0025, lr_0 = 1.3198e-04
Loss = 7.7899e-04, PNorm = 39.8956, GNorm = 0.0103, lr_0 = 1.3097e-04
Loss = 8.2340e-04, PNorm = 39.9025, GNorm = 0.0046, lr_0 = 1.2996e-04
Loss = 2.9596e-04, PNorm = 39.9075, GNorm = 0.0053, lr_0 = 1.2897e-04
Loss = 1.0017e-03, PNorm = 39.9120, GNorm = 0.0035, lr_0 = 1.2798e-04
Loss = 7.8601e-04, PNorm = 39.9171, GNorm = 0.0038, lr_0 = 1.2700e-04
Loss = 7.3075e-04, PNorm = 39.9232, GNorm = 0.0011, lr_0 = 1.2603e-04
Validation auc = 0.761840
Epoch 27
Loss = 4.2858e-04, PNorm = 39.9301, GNorm = 0.0011, lr_0 = 1.2497e-04
Loss = 5.4327e-04, PNorm = 39.9350, GNorm = 0.0003, lr_0 = 1.2401e-04
Loss = 1.2708e-03, PNorm = 39.9395, GNorm = 0.0620, lr_0 = 1.2306e-04
Loss = 4.5551e-03, PNorm = 39.9450, GNorm = 0.0058, lr_0 = 1.2212e-04
Loss = 3.1747e-04, PNorm = 39.9507, GNorm = 0.0005, lr_0 = 1.2118e-04
Loss = 1.2527e-03, PNorm = 39.9562, GNorm = 0.0128, lr_0 = 1.2026e-04
Loss = 2.0878e-03, PNorm = 39.9621, GNorm = 0.0014, lr_0 = 1.1934e-04
Loss = 1.2431e-03, PNorm = 39.9673, GNorm = 0.0035, lr_0 = 1.1842e-04
Loss = 7.6308e-04, PNorm = 39.9722, GNorm = 0.0098, lr_0 = 1.1752e-04
Loss = 3.4491e-04, PNorm = 39.9772, GNorm = 0.0053, lr_0 = 1.1662e-04
Loss = 2.2331e-03, PNorm = 39.9825, GNorm = 0.0013, lr_0 = 1.1572e-04
Validation auc = 0.761731
Epoch 28
Loss = 1.0594e-03, PNorm = 39.9879, GNorm = 0.0447, lr_0 = 1.1475e-04
Loss = 7.0901e-04, PNorm = 39.9943, GNorm = 0.0021, lr_0 = 1.1387e-04
Loss = 2.6795e-04, PNorm = 40.0001, GNorm = 0.0005, lr_0 = 1.1300e-04
Loss = 2.7391e-03, PNorm = 40.0052, GNorm = 0.0753, lr_0 = 1.1213e-04
Loss = 1.8749e-03, PNorm = 40.0112, GNorm = 0.0050, lr_0 = 1.1127e-04
Loss = 1.0140e-03, PNorm = 40.0160, GNorm = 0.0153, lr_0 = 1.1042e-04
Loss = 1.1068e-03, PNorm = 40.0214, GNorm = 0.0005, lr_0 = 1.0958e-04
Loss = 1.8328e-03, PNorm = 40.0268, GNorm = 0.0017, lr_0 = 1.0874e-04
Loss = 1.2225e-03, PNorm = 40.0325, GNorm = 0.0141, lr_0 = 1.0791e-04
Loss = 9.6046e-04, PNorm = 40.0380, GNorm = 0.0022, lr_0 = 1.0708e-04
Loss = 8.9843e-04, PNorm = 40.0440, GNorm = 0.0087, lr_0 = 1.0626e-04
Validation auc = 0.762546
Epoch 29
Loss = 1.6362e-03, PNorm = 40.0505, GNorm = 0.0061, lr_0 = 1.0545e-04
Loss = 6.4618e-04, PNorm = 40.0567, GNorm = 0.0059, lr_0 = 1.0464e-04
Loss = 5.2826e-04, PNorm = 40.0625, GNorm = 0.0038, lr_0 = 1.0384e-04
Loss = 5.5707e-04, PNorm = 40.0680, GNorm = 0.0031, lr_0 = 1.0304e-04
Loss = 3.1304e-03, PNorm = 40.0722, GNorm = 0.0028, lr_0 = 1.0225e-04
Loss = 1.1142e-03, PNorm = 40.0767, GNorm = 0.0149, lr_0 = 1.0147e-04
Loss = 3.3737e-04, PNorm = 40.0814, GNorm = 0.0071, lr_0 = 1.0069e-04
Loss = 4.3417e-04, PNorm = 40.0855, GNorm = 0.0006, lr_0 = 1.0000e-04
Loss = 1.2869e-03, PNorm = 40.0901, GNorm = 0.0006, lr_0 = 1.0000e-04
Loss = 1.4284e-03, PNorm = 40.0946, GNorm = 0.0032, lr_0 = 1.0000e-04
Validation auc = 0.762710
Model 0 best validation auc = 0.819600 on epoch 1
Loading pretrained parameter "ffn.1.weight".
Loading pretrained parameter "ffn.1.bias".
Loading pretrained parameter "ffn.4.weight".
Loading pretrained parameter "ffn.4.bias".
Model 0 test auc = 0.694652
Ensemble test auc = 0.694652
Fold 2
Splitting data with seed 2
Total scaffolds = 4,180 | train scaffolds = 3,157 | val scaffolds = 507 | test scaffolds = 516
Label averages per scaffold, in decreasing order of scaffold frequency,capped at 10 scaffolds and 20 labels:
Scaffold 0
Task 0: count = 468 | target average = 0.019231
Task 1: count = 468 | target average = 0.014957


Scaffold 1
Task 0: count = 383 | target average = 0.007833
Task 1: count = 383 | target average = 0.013055


Scaffold 2
Task 0: count = 44 | target average = 0.000000
Task 1: count = 44 | target average = 0.000000


Scaffold 3
Task 0: count = 35 | target average = 0.000000
Task 1: count = 35 | target average = 0.000000


Scaffold 4
Task 0: count = 34 | target average = 0.000000
Task 1: count = 34 | target average = 0.000000


Scaffold 5
Task 0: count = 30 | target average = 0.000000
Task 1: count = 30 | target average = 0.000000


Scaffold 6
Task 0: count = 28 | target average = 0.000000
Task 1: count = 28 | target average = 0.000000


Scaffold 7
Task 0: count = 27 | target average = 0.074074
Task 1: count = 27 | target average = 0.074074


Scaffold 8
Task 0: count = 25 | target average = 0.040000
Task 1: count = 25 | target average = 0.000000


Scaffold 9
Task 0: count = 23 | target average = 0.000000
Task 1: count = 23 | target average = 0.000000


Class sizes
hit_inh 0: 97.79%, 1: 2.21%
hit_kill 0: 98.75%, 1: 1.25%
Total size = 6,708 | train size = 5,366 | val size = 670 | test size = 672
Building model 0
MoleculeModel(
  (sigmoid): Sigmoid()
  (encoder): MPN()
  (ffn): Sequential(
    (0): Dropout(p=0.1, inplace=False)
    (1): Linear(in_features=2048, out_features=500, bias=True)
    (2): ReLU()
    (3): Dropout(p=0.1, inplace=False)
    (4): Linear(in_features=500, out_features=2, bias=True)
  )
)
Number of parameters = 1,025,502
Epoch 0
Loss = 5.7587e-01, PNorm = 28.4148, GNorm = 0.9157, lr_0 = 1.4626e-04
Loss = 4.0852e-01, PNorm = 28.4334, GNorm = 0.6947, lr_0 = 1.8832e-04
Loss = 2.8594e-01, PNorm = 28.4671, GNorm = 0.4945, lr_0 = 2.3037e-04
Loss = 1.7583e-01, PNorm = 28.5132, GNorm = 0.3404, lr_0 = 2.7243e-04
Loss = 1.2512e-01, PNorm = 28.5641, GNorm = 0.2173, lr_0 = 3.1449e-04
Loss = 1.4150e-01, PNorm = 28.6068, GNorm = 0.2011, lr_0 = 3.5654e-04
Loss = 1.0263e-01, PNorm = 28.6444, GNorm = 0.1422, lr_0 = 3.9860e-04
Loss = 1.0237e-01, PNorm = 28.6800, GNorm = 0.0901, lr_0 = 4.4065e-04
Loss = 1.0808e-01, PNorm = 28.7128, GNorm = 0.1157, lr_0 = 4.8271e-04
Loss = 1.4135e-01, PNorm = 28.7402, GNorm = 0.1820, lr_0 = 5.2477e-04
Validation auc = 0.604365
Epoch 1
Loss = 5.0021e-02, PNorm = 28.7846, GNorm = 0.0972, lr_0 = 5.7103e-04
Loss = 6.6403e-02, PNorm = 28.8397, GNorm = 0.1691, lr_0 = 6.1308e-04
Loss = 7.4670e-02, PNorm = 28.9073, GNorm = 0.0879, lr_0 = 6.5514e-04
Loss = 5.8293e-02, PNorm = 28.9851, GNorm = 0.1827, lr_0 = 6.9720e-04
Loss = 6.9208e-02, PNorm = 29.0627, GNorm = 0.1438, lr_0 = 7.3925e-04
Loss = 6.1139e-02, PNorm = 29.1451, GNorm = 0.0943, lr_0 = 7.8131e-04
Loss = 5.3696e-02, PNorm = 29.2369, GNorm = 0.1338, lr_0 = 8.2336e-04
Loss = 3.3362e-02, PNorm = 29.3431, GNorm = 0.0901, lr_0 = 8.6542e-04
Loss = 7.0935e-02, PNorm = 29.4527, GNorm = 0.0662, lr_0 = 9.0748e-04
Loss = 8.9005e-02, PNorm = 29.5659, GNorm = 0.1492, lr_0 = 9.4953e-04
Loss = 5.7671e-02, PNorm = 29.7092, GNorm = 0.1276, lr_0 = 9.9159e-04
Validation auc = 0.695644
Epoch 2
Loss = 4.1128e-02, PNorm = 29.8924, GNorm = 0.0674, lr_0 = 9.9311e-04
Loss = 3.7924e-02, PNorm = 30.0992, GNorm = 0.1335, lr_0 = 9.8550e-04
Loss = 3.9700e-02, PNorm = 30.3002, GNorm = 0.1065, lr_0 = 9.7796e-04
Loss = 4.2703e-02, PNorm = 30.4654, GNorm = 0.0559, lr_0 = 9.7047e-04
Loss = 3.6001e-02, PNorm = 30.6084, GNorm = 0.1468, lr_0 = 9.6304e-04
Loss = 3.3718e-02, PNorm = 30.7529, GNorm = 0.1480, lr_0 = 9.5567e-04
Loss = 2.9245e-02, PNorm = 30.8939, GNorm = 0.0378, lr_0 = 9.4835e-04
Loss = 3.8566e-02, PNorm = 31.0344, GNorm = 0.1681, lr_0 = 9.4109e-04
Loss = 3.0138e-02, PNorm = 31.1691, GNorm = 0.0599, lr_0 = 9.3389e-04
Loss = 4.9203e-02, PNorm = 31.3042, GNorm = 0.1709, lr_0 = 9.2674e-04
Loss = 4.9581e-02, PNorm = 31.4500, GNorm = 0.0550, lr_0 = 9.1964e-04
Validation auc = 0.740872
Epoch 3
Loss = 2.8075e-02, PNorm = 31.6336, GNorm = 0.0499, lr_0 = 9.1190e-04
Loss = 1.4739e-02, PNorm = 31.7838, GNorm = 0.0191, lr_0 = 9.0492e-04
Loss = 2.4393e-02, PNorm = 31.9213, GNorm = 0.0218, lr_0 = 8.9799e-04
Loss = 1.6548e-02, PNorm = 32.0480, GNorm = 0.0415, lr_0 = 8.9111e-04
Loss = 1.6217e-02, PNorm = 32.1660, GNorm = 0.0556, lr_0 = 8.8429e-04
Loss = 3.0987e-02, PNorm = 32.2881, GNorm = 0.0227, lr_0 = 8.7752e-04
Loss = 3.1996e-02, PNorm = 32.4206, GNorm = 0.0671, lr_0 = 8.7080e-04
Loss = 2.3246e-02, PNorm = 32.5619, GNorm = 0.0241, lr_0 = 8.6414e-04
Loss = 2.3752e-02, PNorm = 32.7098, GNorm = 0.0839, lr_0 = 8.5752e-04
Loss = 1.9150e-02, PNorm = 32.8551, GNorm = 0.0576, lr_0 = 8.5095e-04
Validation auc = 0.734717
Epoch 4
Loss = 7.0710e-03, PNorm = 32.9813, GNorm = 0.0334, lr_0 = 8.4444e-04
Loss = 1.6590e-02, PNorm = 33.1012, GNorm = 0.0583, lr_0 = 8.3797e-04
Loss = 1.0695e-02, PNorm = 33.2175, GNorm = 0.1383, lr_0 = 8.3156e-04
Loss = 9.5545e-03, PNorm = 33.3098, GNorm = 0.0596, lr_0 = 8.2519e-04
Loss = 1.6099e-02, PNorm = 33.3961, GNorm = 0.0370, lr_0 = 8.1888e-04
Loss = 9.7896e-03, PNorm = 33.4818, GNorm = 0.0672, lr_0 = 8.1261e-04
Loss = 1.9328e-02, PNorm = 33.5690, GNorm = 0.0172, lr_0 = 8.0638e-04
Loss = 9.6896e-03, PNorm = 33.6667, GNorm = 0.0204, lr_0 = 8.0021e-04
Loss = 1.2762e-02, PNorm = 33.7617, GNorm = 0.1138, lr_0 = 7.9408e-04
Loss = 1.6794e-02, PNorm = 33.8619, GNorm = 0.0117, lr_0 = 7.8800e-04
Loss = 1.1145e-02, PNorm = 33.9609, GNorm = 0.0393, lr_0 = 7.8197e-04
Validation auc = 0.742373
Epoch 5
Loss = 8.9162e-03, PNorm = 34.0770, GNorm = 0.0511, lr_0 = 7.7539e-04
Loss = 1.0959e-02, PNorm = 34.1822, GNorm = 0.0219, lr_0 = 7.6945e-04
Loss = 1.4109e-02, PNorm = 34.2844, GNorm = 0.0380, lr_0 = 7.6356e-04
Loss = 5.6197e-03, PNorm = 34.3882, GNorm = 0.0286, lr_0 = 7.5772e-04
Loss = 1.1291e-02, PNorm = 34.4884, GNorm = 0.0288, lr_0 = 7.5191e-04
Loss = 1.0202e-02, PNorm = 34.5712, GNorm = 0.0198, lr_0 = 7.4616e-04
Loss = 8.8577e-03, PNorm = 34.6431, GNorm = 0.0418, lr_0 = 7.4044e-04
Loss = 8.0241e-03, PNorm = 34.7212, GNorm = 0.0140, lr_0 = 7.3478e-04
Loss = 1.1415e-02, PNorm = 34.7955, GNorm = 0.0039, lr_0 = 7.2915e-04
Loss = 6.4644e-03, PNorm = 34.8685, GNorm = 0.0570, lr_0 = 7.2357e-04
Loss = 1.3760e-02, PNorm = 34.9436, GNorm = 0.0491, lr_0 = 7.1803e-04
Validation auc = 0.729166
Epoch 6
Loss = 7.6109e-03, PNorm = 35.0239, GNorm = 0.0109, lr_0 = 7.1198e-04
Loss = 6.5924e-03, PNorm = 35.0886, GNorm = 0.0603, lr_0 = 7.0653e-04
Loss = 5.4498e-03, PNorm = 35.1509, GNorm = 0.0836, lr_0 = 7.0112e-04
Loss = 8.0818e-03, PNorm = 35.2176, GNorm = 0.0043, lr_0 = 6.9576e-04
Loss = 7.8174e-03, PNorm = 35.2785, GNorm = 0.1892, lr_0 = 6.9043e-04
Loss = 6.8407e-03, PNorm = 35.3463, GNorm = 0.0289, lr_0 = 6.8514e-04
Loss = 7.5480e-03, PNorm = 35.4113, GNorm = 0.0218, lr_0 = 6.7990e-04
Loss = 9.1061e-03, PNorm = 35.4804, GNorm = 0.1280, lr_0 = 6.7469e-04
Loss = 5.1766e-03, PNorm = 35.5427, GNorm = 0.1251, lr_0 = 6.6953e-04
Loss = 1.4099e-02, PNorm = 35.6015, GNorm = 0.0449, lr_0 = 6.6440e-04
Loss = 1.0829e-02, PNorm = 35.6688, GNorm = 0.0097, lr_0 = 6.5931e-04
Validation auc = 0.730113
Epoch 7
Loss = 3.1858e-03, PNorm = 35.7252, GNorm = 0.0299, lr_0 = 6.5427e-04
Loss = 4.8620e-03, PNorm = 35.7791, GNorm = 0.0214, lr_0 = 6.4926e-04
Loss = 4.3772e-03, PNorm = 35.8284, GNorm = 0.0056, lr_0 = 6.4429e-04
Loss = 6.6493e-03, PNorm = 35.8789, GNorm = 0.0137, lr_0 = 6.3935e-04
Loss = 3.8963e-03, PNorm = 35.9314, GNorm = 0.0321, lr_0 = 6.3446e-04
Loss = 6.2074e-03, PNorm = 35.9817, GNorm = 0.0245, lr_0 = 6.2960e-04
Loss = 8.3909e-03, PNorm = 36.0263, GNorm = 0.0101, lr_0 = 6.2478e-04
Loss = 9.5113e-03, PNorm = 36.0763, GNorm = 0.0908, lr_0 = 6.2000e-04
Loss = 9.9477e-03, PNorm = 36.1383, GNorm = 0.0160, lr_0 = 6.1525e-04
Loss = 6.2439e-03, PNorm = 36.1972, GNorm = 0.0223, lr_0 = 6.1054e-04
Validation auc = 0.725552
Epoch 8
Loss = 8.1922e-03, PNorm = 36.2611, GNorm = 0.0440, lr_0 = 6.0540e-04
Loss = 3.7882e-03, PNorm = 36.3083, GNorm = 0.0850, lr_0 = 6.0077e-04
Loss = 3.9422e-03, PNorm = 36.3559, GNorm = 0.0208, lr_0 = 5.9617e-04
Loss = 3.2556e-03, PNorm = 36.4023, GNorm = 0.0299, lr_0 = 5.9160e-04
Loss = 6.9968e-03, PNorm = 36.4554, GNorm = 0.0141, lr_0 = 5.8707e-04
Loss = 5.1711e-03, PNorm = 36.5050, GNorm = 0.0380, lr_0 = 5.8258e-04
Loss = 2.5038e-03, PNorm = 36.5469, GNorm = 0.0209, lr_0 = 5.7812e-04
Loss = 3.4443e-03, PNorm = 36.5865, GNorm = 0.0387, lr_0 = 5.7369e-04
Loss = 2.3328e-03, PNorm = 36.6233, GNorm = 0.0320, lr_0 = 5.6930e-04
Loss = 6.0437e-03, PNorm = 36.6598, GNorm = 0.0075, lr_0 = 5.6494e-04
Loss = 5.6253e-03, PNorm = 36.7074, GNorm = 0.0361, lr_0 = 5.6062e-04
Validation auc = 0.722662
Epoch 9
Loss = 4.8302e-03, PNorm = 36.7472, GNorm = 0.0730, lr_0 = 5.5590e-04
Loss = 3.2672e-03, PNorm = 36.7865, GNorm = 0.0200, lr_0 = 5.5164e-04
Loss = 3.5026e-03, PNorm = 36.8203, GNorm = 0.0153, lr_0 = 5.4742e-04
Loss = 3.9348e-03, PNorm = 36.8597, GNorm = 0.0057, lr_0 = 5.4323e-04
Loss = 3.8948e-03, PNorm = 36.8985, GNorm = 0.0139, lr_0 = 5.3907e-04
Loss = 3.3574e-03, PNorm = 36.9376, GNorm = 0.0142, lr_0 = 5.3494e-04
Loss = 9.0856e-03, PNorm = 36.9723, GNorm = 0.1315, lr_0 = 5.3084e-04
Loss = 4.0524e-03, PNorm = 37.0086, GNorm = 0.0164, lr_0 = 5.2678e-04
Loss = 4.7076e-03, PNorm = 37.0406, GNorm = 0.0105, lr_0 = 5.2275e-04
Loss = 2.3926e-03, PNorm = 37.0689, GNorm = 0.0147, lr_0 = 5.1874e-04
Loss = 7.5790e-03, PNorm = 37.1038, GNorm = 0.0168, lr_0 = 5.1477e-04
Validation auc = 0.718669
Epoch 10
Loss = 1.1699e-03, PNorm = 37.1357, GNorm = 0.0311, lr_0 = 5.1083e-04
Loss = 1.6387e-03, PNorm = 37.1647, GNorm = 0.0040, lr_0 = 5.0692e-04
Loss = 4.7677e-03, PNorm = 37.1926, GNorm = 0.0187, lr_0 = 5.0304e-04
Loss = 4.8854e-03, PNorm = 37.2217, GNorm = 0.0094, lr_0 = 4.9919e-04
Loss = 5.4495e-03, PNorm = 37.2505, GNorm = 0.0044, lr_0 = 4.9537e-04
Loss = 3.1150e-03, PNorm = 37.2836, GNorm = 0.0199, lr_0 = 4.9157e-04
Loss = 3.3601e-03, PNorm = 37.3139, GNorm = 0.0332, lr_0 = 4.8781e-04
Loss = 2.6403e-03, PNorm = 37.3435, GNorm = 0.0202, lr_0 = 4.8408e-04
Loss = 2.9877e-03, PNorm = 37.3734, GNorm = 0.0274, lr_0 = 4.8037e-04
Loss = 1.4562e-03, PNorm = 37.4007, GNorm = 0.0045, lr_0 = 4.7669e-04
Loss = 4.4796e-03, PNorm = 37.4247, GNorm = 0.0161, lr_0 = 4.7304e-04
Loss = 1.0727e-03, PNorm = 37.4271, GNorm = 0.0096, lr_0 = 4.7268e-04
Validation auc = 0.718298
Epoch 11
Loss = 4.4351e-03, PNorm = 37.4535, GNorm = 0.0194, lr_0 = 4.6906e-04
Loss = 5.1786e-03, PNorm = 37.4894, GNorm = 0.0095, lr_0 = 4.6547e-04
Loss = 3.7837e-03, PNorm = 37.5218, GNorm = 0.0356, lr_0 = 4.6191e-04
Loss = 1.1523e-03, PNorm = 37.5523, GNorm = 0.0034, lr_0 = 4.5837e-04
Loss = 1.9572e-03, PNorm = 37.5835, GNorm = 0.0157, lr_0 = 4.5486e-04
Loss = 2.4699e-03, PNorm = 37.6146, GNorm = 0.0198, lr_0 = 4.5138e-04
Loss = 2.9463e-03, PNorm = 37.6424, GNorm = 0.0063, lr_0 = 4.4792e-04
Loss = 2.4294e-03, PNorm = 37.6656, GNorm = 0.0789, lr_0 = 4.4449e-04
Loss = 5.0269e-03, PNorm = 37.6887, GNorm = 0.0018, lr_0 = 4.4109e-04
Loss = 2.5583e-03, PNorm = 37.7159, GNorm = 0.0214, lr_0 = 4.3771e-04
Validation auc = 0.718845
Epoch 12
Loss = 3.4428e-03, PNorm = 37.7420, GNorm = 0.0037, lr_0 = 4.3403e-04
Loss = 3.3115e-03, PNorm = 37.7680, GNorm = 0.0012, lr_0 = 4.3070e-04
Loss = 3.0152e-03, PNorm = 37.7931, GNorm = 0.0386, lr_0 = 4.2741e-04
Loss = 1.0896e-03, PNorm = 37.8173, GNorm = 0.0022, lr_0 = 4.2413e-04
Loss = 1.5315e-03, PNorm = 37.8393, GNorm = 0.0027, lr_0 = 4.2089e-04
Loss = 5.7194e-03, PNorm = 37.8641, GNorm = 0.0018, lr_0 = 4.1766e-04
Loss = 2.2972e-03, PNorm = 37.8858, GNorm = 0.0337, lr_0 = 4.1447e-04
Loss = 3.3512e-03, PNorm = 37.9079, GNorm = 0.0053, lr_0 = 4.1129e-04
Loss = 1.8941e-03, PNorm = 37.9293, GNorm = 0.0521, lr_0 = 4.0814e-04
Loss = 2.2711e-03, PNorm = 37.9508, GNorm = 0.0382, lr_0 = 4.0502e-04
Loss = 2.6532e-03, PNorm = 37.9756, GNorm = 0.0169, lr_0 = 4.0192e-04
Validation auc = 0.716198
Epoch 13
Loss = 2.8549e-03, PNorm = 38.0040, GNorm = 0.0035, lr_0 = 3.9884e-04
Loss = 5.0353e-03, PNorm = 38.0284, GNorm = 0.1269, lr_0 = 3.9579e-04
Loss = 1.4774e-03, PNorm = 38.0525, GNorm = 0.0058, lr_0 = 3.9276e-04
Loss = 1.8396e-03, PNorm = 38.0788, GNorm = 0.0116, lr_0 = 3.8975e-04
Loss = 3.3797e-03, PNorm = 38.1085, GNorm = 0.0920, lr_0 = 3.8677e-04
Loss = 2.1077e-03, PNorm = 38.1322, GNorm = 0.0223, lr_0 = 3.8381e-04
Loss = 1.4491e-03, PNorm = 38.1541, GNorm = 0.0022, lr_0 = 3.8087e-04
Loss = 3.0338e-03, PNorm = 38.1739, GNorm = 0.0089, lr_0 = 3.7795e-04
Loss = 3.2056e-03, PNorm = 38.1907, GNorm = 0.0081, lr_0 = 3.7506e-04
Loss = 2.9149e-03, PNorm = 38.2100, GNorm = 0.0006, lr_0 = 3.7219e-04
Loss = 6.0341e-03, PNorm = 38.2302, GNorm = 0.0810, lr_0 = 3.6934e-04
Validation auc = 0.714316
Epoch 14
Loss = 3.3334e-03, PNorm = 38.2561, GNorm = 0.0275, lr_0 = 3.6623e-04
Loss = 2.1400e-03, PNorm = 38.2815, GNorm = 0.0069, lr_0 = 3.6342e-04
Loss = 1.8081e-03, PNorm = 38.3035, GNorm = 0.0063, lr_0 = 3.6064e-04
Loss = 1.9088e-03, PNorm = 38.3247, GNorm = 0.0300, lr_0 = 3.5788e-04
Loss = 2.1601e-03, PNorm = 38.3448, GNorm = 0.0026, lr_0 = 3.5514e-04
Loss = 2.6005e-03, PNorm = 38.3660, GNorm = 0.0031, lr_0 = 3.5242e-04
Loss = 1.3044e-03, PNorm = 38.3822, GNorm = 0.0122, lr_0 = 3.4972e-04
Loss = 4.7493e-03, PNorm = 38.3986, GNorm = 0.0047, lr_0 = 3.4705e-04
Loss = 4.7832e-03, PNorm = 38.4144, GNorm = 0.0056, lr_0 = 3.4439e-04
Loss = 1.6973e-03, PNorm = 38.4304, GNorm = 0.0039, lr_0 = 3.4175e-04
Validation auc = 0.715833
Epoch 15
Loss = 4.8059e-04, PNorm = 38.4470, GNorm = 0.0024, lr_0 = 3.3888e-04
Loss = 1.7146e-03, PNorm = 38.4615, GNorm = 0.0605, lr_0 = 3.3628e-04
Loss = 5.2949e-03, PNorm = 38.4794, GNorm = 0.0043, lr_0 = 3.3371e-04
Loss = 2.3168e-03, PNorm = 38.4982, GNorm = 0.0021, lr_0 = 3.3115e-04
Loss = 5.8680e-03, PNorm = 38.5174, GNorm = 0.0087, lr_0 = 3.2862e-04
Loss = 2.9144e-03, PNorm = 38.5392, GNorm = 0.0049, lr_0 = 3.2610e-04
Loss = 1.3083e-03, PNorm = 38.5590, GNorm = 0.0009, lr_0 = 3.2360e-04
Loss = 2.8769e-03, PNorm = 38.5817, GNorm = 0.0423, lr_0 = 3.2113e-04
Loss = 3.8475e-03, PNorm = 38.6049, GNorm = 0.0038, lr_0 = 3.1867e-04
Loss = 1.4667e-03, PNorm = 38.6250, GNorm = 0.0011, lr_0 = 3.1623e-04
Loss = 3.1114e-04, PNorm = 38.6395, GNorm = 0.0026, lr_0 = 3.1381e-04
Validation auc = 0.716735
Epoch 16
Loss = 8.6933e-04, PNorm = 38.6531, GNorm = 0.0065, lr_0 = 3.1140e-04
Loss = 1.3069e-03, PNorm = 38.6683, GNorm = 0.0023, lr_0 = 3.0902e-04
Loss = 1.1504e-03, PNorm = 38.6823, GNorm = 0.0026, lr_0 = 3.0665e-04
Loss = 1.7190e-03, PNorm = 38.6961, GNorm = 0.0031, lr_0 = 3.0431e-04
Loss = 1.2253e-03, PNorm = 38.7103, GNorm = 0.0215, lr_0 = 3.0198e-04
Loss = 1.5898e-03, PNorm = 38.7250, GNorm = 0.0005, lr_0 = 2.9966e-04
Loss = 9.4675e-04, PNorm = 38.7397, GNorm = 0.0035, lr_0 = 2.9737e-04
Loss = 2.9368e-03, PNorm = 38.7540, GNorm = 0.0101, lr_0 = 2.9509e-04
Loss = 1.7587e-03, PNorm = 38.7696, GNorm = 0.0007, lr_0 = 2.9283e-04
Loss = 3.6017e-03, PNorm = 38.7872, GNorm = 0.0110, lr_0 = 2.9059e-04
Loss = 9.3259e-04, PNorm = 38.8029, GNorm = 0.0024, lr_0 = 2.8837e-04
Validation auc = 0.717997
Epoch 17
Loss = 2.8104e-03, PNorm = 38.8219, GNorm = 0.0259, lr_0 = 2.8594e-04
Loss = 3.4477e-03, PNorm = 38.8392, GNorm = 0.0154, lr_0 = 2.8375e-04
Loss = 8.4831e-04, PNorm = 38.8562, GNorm = 0.0037, lr_0 = 2.8158e-04
Loss = 1.8515e-03, PNorm = 38.8706, GNorm = 0.0391, lr_0 = 2.7942e-04
Loss = 1.2852e-03, PNorm = 38.8872, GNorm = 0.0232, lr_0 = 2.7728e-04
Loss = 1.1464e-03, PNorm = 38.9010, GNorm = 0.0036, lr_0 = 2.7516e-04
Loss = 2.3156e-03, PNorm = 38.9144, GNorm = 0.0170, lr_0 = 2.7305e-04
Loss = 9.6414e-04, PNorm = 38.9281, GNorm = 0.0108, lr_0 = 2.7096e-04
Loss = 3.0505e-03, PNorm = 38.9422, GNorm = 0.0835, lr_0 = 2.6889e-04
Loss = 1.7931e-03, PNorm = 38.9552, GNorm = 0.0227, lr_0 = 2.6683e-04
Loss = 5.0240e-03, PNorm = 38.9695, GNorm = 0.1458, lr_0 = 2.6479e-04
Validation auc = 0.716006
Epoch 18
Loss = 2.2946e-03, PNorm = 38.9830, GNorm = 0.0060, lr_0 = 2.6256e-04
Loss = 8.4757e-04, PNorm = 38.9944, GNorm = 0.0136, lr_0 = 2.6055e-04
Loss = 3.9281e-03, PNorm = 39.0063, GNorm = 0.0119, lr_0 = 2.5855e-04
Loss = 1.7992e-03, PNorm = 39.0158, GNorm = 0.0112, lr_0 = 2.5657e-04
Loss = 1.4024e-03, PNorm = 39.0251, GNorm = 0.0009, lr_0 = 2.5461e-04
Loss = 5.8234e-04, PNorm = 39.0340, GNorm = 0.0044, lr_0 = 2.5266e-04
Loss = 1.3448e-03, PNorm = 39.0442, GNorm = 0.0063, lr_0 = 2.5073e-04
Loss = 6.3921e-04, PNorm = 39.0552, GNorm = 0.0053, lr_0 = 2.4881e-04
Loss = 6.1975e-03, PNorm = 39.0700, GNorm = 0.0277, lr_0 = 2.4690e-04
Loss = 3.3336e-03, PNorm = 39.0872, GNorm = 0.0077, lr_0 = 2.4501e-04
Validation auc = 0.715939
Epoch 19
Loss = 3.6934e-04, PNorm = 39.1008, GNorm = 0.0047, lr_0 = 2.4314e-04
Loss = 7.9613e-04, PNorm = 39.1111, GNorm = 0.0044, lr_0 = 2.4127e-04
Loss = 2.3252e-03, PNorm = 39.1222, GNorm = 0.0009, lr_0 = 2.3943e-04
Loss = 1.5328e-03, PNorm = 39.1337, GNorm = 0.0105, lr_0 = 2.3759e-04
Loss = 1.6894e-03, PNorm = 39.1466, GNorm = 0.0059, lr_0 = 2.3577e-04
Loss = 1.2069e-03, PNorm = 39.1587, GNorm = 0.0399, lr_0 = 2.3397e-04
Loss = 6.9685e-04, PNorm = 39.1717, GNorm = 0.0019, lr_0 = 2.3218e-04
Loss = 2.7643e-03, PNorm = 39.1831, GNorm = 0.0031, lr_0 = 2.3040e-04
Loss = 2.3719e-03, PNorm = 39.1935, GNorm = 0.0087, lr_0 = 2.2864e-04
Loss = 1.5340e-03, PNorm = 39.2044, GNorm = 0.0085, lr_0 = 2.2689e-04
Loss = 6.3914e-04, PNorm = 39.2156, GNorm = 0.0013, lr_0 = 2.2515e-04
Validation auc = 0.714544
Epoch 20
Loss = 8.6865e-04, PNorm = 39.2255, GNorm = 0.0035, lr_0 = 2.2325e-04
Loss = 2.9643e-03, PNorm = 39.2358, GNorm = 0.0007, lr_0 = 2.2154e-04
Loss = 7.5395e-04, PNorm = 39.2440, GNorm = 0.0392, lr_0 = 2.1985e-04
Loss = 1.7401e-03, PNorm = 39.2532, GNorm = 0.0085, lr_0 = 2.1816e-04
Loss = 6.3476e-04, PNorm = 39.2619, GNorm = 0.0022, lr_0 = 2.1649e-04
Loss = 1.2290e-03, PNorm = 39.2696, GNorm = 0.0048, lr_0 = 2.1484e-04
Loss = 7.8105e-04, PNorm = 39.2787, GNorm = 0.0020, lr_0 = 2.1319e-04
Loss = 1.9494e-03, PNorm = 39.2889, GNorm = 0.0038, lr_0 = 2.1156e-04
Loss = 5.1593e-04, PNorm = 39.2977, GNorm = 0.0021, lr_0 = 2.0994e-04
Loss = 5.2051e-03, PNorm = 39.3073, GNorm = 0.0030, lr_0 = 2.0833e-04
Loss = 2.0519e-03, PNorm = 39.3164, GNorm = 0.1207, lr_0 = 2.0674e-04
Validation auc = 0.713071
Epoch 21
Loss = 1.5412e-03, PNorm = 39.3319, GNorm = 0.0050, lr_0 = 2.0500e-04
Loss = 1.1295e-03, PNorm = 39.3448, GNorm = 0.0085, lr_0 = 2.0343e-04
Loss = 4.9722e-03, PNorm = 39.3553, GNorm = 0.0057, lr_0 = 2.0187e-04
Loss = 1.0888e-03, PNorm = 39.3656, GNorm = 0.0237, lr_0 = 2.0033e-04
Loss = 8.9884e-04, PNorm = 39.3749, GNorm = 0.0002, lr_0 = 1.9879e-04
Loss = 2.5896e-03, PNorm = 39.3833, GNorm = 0.0025, lr_0 = 1.9727e-04
Loss = 2.3086e-03, PNorm = 39.3920, GNorm = 0.0311, lr_0 = 1.9576e-04
Loss = 9.2348e-04, PNorm = 39.4005, GNorm = 0.0049, lr_0 = 1.9426e-04
Loss = 1.0341e-03, PNorm = 39.4111, GNorm = 0.0059, lr_0 = 1.9277e-04
Loss = 5.5339e-04, PNorm = 39.4197, GNorm = 0.0057, lr_0 = 1.9130e-04
Loss = 1.5902e-03, PNorm = 39.4293, GNorm = 0.0222, lr_0 = 1.8983e-04
Validation auc = 0.712390
Epoch 22
Loss = 2.6188e-03, PNorm = 39.4385, GNorm = 0.0287, lr_0 = 1.8838e-04
Loss = 7.7325e-04, PNorm = 39.4479, GNorm = 0.0172, lr_0 = 1.8694e-04
Loss = 5.2436e-04, PNorm = 39.4567, GNorm = 0.0041, lr_0 = 1.8551e-04
Loss = 1.2737e-03, PNorm = 39.4663, GNorm = 0.0071, lr_0 = 1.8409e-04
Loss = 2.1107e-03, PNorm = 39.4770, GNorm = 0.0436, lr_0 = 1.8268e-04
Loss = 3.5577e-04, PNorm = 39.4870, GNorm = 0.0021, lr_0 = 1.8128e-04
Loss = 1.4531e-03, PNorm = 39.4977, GNorm = 0.0021, lr_0 = 1.7989e-04
Loss = 1.8199e-03, PNorm = 39.5071, GNorm = 0.0666, lr_0 = 1.7851e-04
Loss = 5.3602e-03, PNorm = 39.5156, GNorm = 0.0012, lr_0 = 1.7715e-04
Loss = 1.4275e-03, PNorm = 39.5236, GNorm = 0.0007, lr_0 = 1.7579e-04
Validation auc = 0.711135
Epoch 23
Loss = 4.8551e-03, PNorm = 39.5320, GNorm = 0.0587, lr_0 = 1.7431e-04
Loss = 6.0007e-03, PNorm = 39.5425, GNorm = 0.0018, lr_0 = 1.7298e-04
Loss = 1.3586e-03, PNorm = 39.5506, GNorm = 0.0009, lr_0 = 1.7165e-04
Loss = 1.3438e-03, PNorm = 39.5571, GNorm = 0.0196, lr_0 = 1.7034e-04
Loss = 4.9704e-04, PNorm = 39.5634, GNorm = 0.0009, lr_0 = 1.6903e-04
Loss = 1.0342e-03, PNorm = 39.5701, GNorm = 0.0071, lr_0 = 1.6774e-04
Loss = 1.0944e-03, PNorm = 39.5775, GNorm = 0.0205, lr_0 = 1.6645e-04
Loss = 6.9405e-04, PNorm = 39.5847, GNorm = 0.0035, lr_0 = 1.6518e-04
Loss = 1.3127e-03, PNorm = 39.5927, GNorm = 0.0394, lr_0 = 1.6392e-04
Loss = 1.3893e-03, PNorm = 39.6014, GNorm = 0.0007, lr_0 = 1.6266e-04
Loss = 3.1201e-03, PNorm = 39.6102, GNorm = 0.0010, lr_0 = 1.6142e-04
Validation auc = 0.711954
Epoch 24
Loss = 4.5854e-03, PNorm = 39.6201, GNorm = 0.0034, lr_0 = 1.6006e-04
Loss = 1.4286e-03, PNorm = 39.6278, GNorm = 0.0269, lr_0 = 1.5883e-04
Loss = 1.2017e-03, PNorm = 39.6358, GNorm = 0.0007, lr_0 = 1.5761e-04
Loss = 1.6919e-03, PNorm = 39.6456, GNorm = 0.0071, lr_0 = 1.5641e-04
Loss = 1.5044e-03, PNorm = 39.6543, GNorm = 0.0050, lr_0 = 1.5521e-04
Loss = 5.9639e-04, PNorm = 39.6620, GNorm = 0.0022, lr_0 = 1.5402e-04
Loss = 1.6416e-03, PNorm = 39.6706, GNorm = 0.0011, lr_0 = 1.5284e-04
Loss = 3.4793e-04, PNorm = 39.6775, GNorm = 0.0009, lr_0 = 1.5167e-04
Loss = 2.8029e-03, PNorm = 39.6846, GNorm = 0.0223, lr_0 = 1.5051e-04
Loss = 1.0711e-03, PNorm = 39.6922, GNorm = 0.0015, lr_0 = 1.4936e-04
Loss = 6.8302e-04, PNorm = 39.6990, GNorm = 0.0163, lr_0 = 1.4822e-04
Validation auc = 0.713266
Epoch 25
Loss = 1.1115e-03, PNorm = 39.7046, GNorm = 0.0012, lr_0 = 1.4708e-04
Loss = 1.5562e-03, PNorm = 39.7097, GNorm = 0.0301, lr_0 = 1.4595e-04
Loss = 8.8374e-04, PNorm = 39.7161, GNorm = 0.0115, lr_0 = 1.4484e-04
Loss = 1.8283e-03, PNorm = 39.7231, GNorm = 0.0036, lr_0 = 1.4373e-04
Loss = 1.0462e-03, PNorm = 39.7304, GNorm = 0.0038, lr_0 = 1.4263e-04
Loss = 1.0699e-03, PNorm = 39.7377, GNorm = 0.0188, lr_0 = 1.4154e-04
Loss = 1.9917e-03, PNorm = 39.7463, GNorm = 0.0657, lr_0 = 1.4045e-04
Loss = 1.0799e-03, PNorm = 39.7553, GNorm = 0.0023, lr_0 = 1.3938e-04
Loss = 9.5976e-04, PNorm = 39.7642, GNorm = 0.0069, lr_0 = 1.3831e-04
Loss = 1.8169e-03, PNorm = 39.7719, GNorm = 0.0477, lr_0 = 1.3725e-04
Loss = 2.7106e-03, PNorm = 39.7797, GNorm = 0.0053, lr_0 = 1.3620e-04
Loss = 4.3132e-04, PNorm = 39.7805, GNorm = 0.0078, lr_0 = 1.3610e-04
Validation auc = 0.713486
Epoch 26
Loss = 1.2787e-03, PNorm = 39.7883, GNorm = 0.0036, lr_0 = 1.3505e-04
Loss = 6.2284e-04, PNorm = 39.7954, GNorm = 0.0011, lr_0 = 1.3402e-04
Loss = 1.9682e-03, PNorm = 39.8025, GNorm = 0.0565, lr_0 = 1.3299e-04
Loss = 6.5509e-04, PNorm = 39.8100, GNorm = 0.0068, lr_0 = 1.3198e-04
Loss = 1.1392e-03, PNorm = 39.8184, GNorm = 0.0012, lr_0 = 1.3097e-04
Loss = 7.5776e-04, PNorm = 39.8250, GNorm = 0.0033, lr_0 = 1.2996e-04
Loss = 9.8942e-04, PNorm = 39.8325, GNorm = 0.0026, lr_0 = 1.2897e-04
Loss = 4.9421e-03, PNorm = 39.8384, GNorm = 0.0058, lr_0 = 1.2798e-04
Loss = 5.7705e-04, PNorm = 39.8440, GNorm = 0.0008, lr_0 = 1.2700e-04
Loss = 2.4574e-03, PNorm = 39.8507, GNorm = 0.0018, lr_0 = 1.2603e-04
Validation auc = 0.712146
Epoch 27
Loss = 4.7230e-03, PNorm = 39.8583, GNorm = 0.0407, lr_0 = 1.2497e-04
Loss = 5.2785e-04, PNorm = 39.8637, GNorm = 0.0015, lr_0 = 1.2401e-04
Loss = 2.8081e-03, PNorm = 39.8686, GNorm = 0.0005, lr_0 = 1.2306e-04
Loss = 8.4913e-04, PNorm = 39.8731, GNorm = 0.0060, lr_0 = 1.2212e-04
Loss = 1.6676e-03, PNorm = 39.8789, GNorm = 0.0042, lr_0 = 1.2118e-04
Loss = 5.7711e-04, PNorm = 39.8852, GNorm = 0.0011, lr_0 = 1.2026e-04
Loss = 7.2583e-04, PNorm = 39.8908, GNorm = 0.0074, lr_0 = 1.1934e-04
Loss = 1.2721e-03, PNorm = 39.8973, GNorm = 0.0031, lr_0 = 1.1842e-04
Loss = 2.6343e-03, PNorm = 39.9041, GNorm = 0.0017, lr_0 = 1.1752e-04
Loss = 1.2995e-03, PNorm = 39.9093, GNorm = 0.0026, lr_0 = 1.1662e-04
Loss = 5.3331e-04, PNorm = 39.9145, GNorm = 0.0008, lr_0 = 1.1572e-04
Validation auc = 0.710479
Epoch 28
Loss = 4.4475e-04, PNorm = 39.9206, GNorm = 0.0038, lr_0 = 1.1475e-04
Loss = 1.1209e-03, PNorm = 39.9269, GNorm = 0.0030, lr_0 = 1.1387e-04
Loss = 1.8441e-03, PNorm = 39.9331, GNorm = 0.0798, lr_0 = 1.1300e-04
Loss = 3.9211e-04, PNorm = 39.9377, GNorm = 0.0081, lr_0 = 1.1213e-04
Loss = 1.0369e-03, PNorm = 39.9423, GNorm = 0.0097, lr_0 = 1.1127e-04
Loss = 1.0790e-03, PNorm = 39.9479, GNorm = 0.0108, lr_0 = 1.1042e-04
Loss = 1.0142e-03, PNorm = 39.9543, GNorm = 0.0025, lr_0 = 1.0958e-04
Loss = 3.6137e-03, PNorm = 39.9597, GNorm = 0.0747, lr_0 = 1.0874e-04
Loss = 5.2188e-04, PNorm = 39.9647, GNorm = 0.0037, lr_0 = 1.0791e-04
Loss = 1.3157e-03, PNorm = 39.9695, GNorm = 0.0201, lr_0 = 1.0708e-04
Loss = 3.9070e-03, PNorm = 39.9765, GNorm = 0.0402, lr_0 = 1.0626e-04
Validation auc = 0.710290
Epoch 29
Loss = 3.7469e-04, PNorm = 39.9819, GNorm = 0.0013, lr_0 = 1.0545e-04
Loss = 6.1153e-04, PNorm = 39.9868, GNorm = 0.0026, lr_0 = 1.0464e-04
Loss = 1.2988e-03, PNorm = 39.9916, GNorm = 0.0060, lr_0 = 1.0384e-04
Loss = 1.1240e-03, PNorm = 39.9966, GNorm = 0.0377, lr_0 = 1.0304e-04
Loss = 1.9092e-03, PNorm = 40.0019, GNorm = 0.1128, lr_0 = 1.0225e-04
Loss = 3.9644e-04, PNorm = 40.0075, GNorm = 0.0020, lr_0 = 1.0147e-04
Loss = 2.0739e-03, PNorm = 40.0123, GNorm = 0.0062, lr_0 = 1.0069e-04
Loss = 5.7628e-04, PNorm = 40.0179, GNorm = 0.0002, lr_0 = 1.0000e-04
Loss = 3.5540e-03, PNorm = 40.0232, GNorm = 0.0205, lr_0 = 1.0000e-04
Loss = 3.3799e-04, PNorm = 40.0277, GNorm = 0.0017, lr_0 = 1.0000e-04
Validation auc = 0.708962
Model 0 best validation auc = 0.742373 on epoch 4
Loading pretrained parameter "ffn.1.weight".
Loading pretrained parameter "ffn.1.bias".
Loading pretrained parameter "ffn.4.weight".
Loading pretrained parameter "ffn.4.bias".
Model 0 test auc = 0.729301
Ensemble test auc = 0.729301
3-fold cross validation
	Seed 0 ==> test auc = 0.577780
	Seed 1 ==> test auc = 0.694652
	Seed 2 ==> test auc = 0.729301
Overall test auc = 0.667244 +/- 0.064823
Elapsed time = 0:08:58
