Command line
python /home/jackievaleri8/.conda/envs/chemprop/bin/chemprop_train --init_lr 0.0001 --dropout 0.1 --hidden_size 500 --ffn_num_layers 2 --depth 5 --save_dir round3finalval08162021_models/83 --data_path round3finalval08162021_TRAIN.csv --dataset_type classification --features_path round3finalval08162021_TRAINFTS.npz --no_features_scaling --num_folds 3 --ensemble_size 1 --split_type scaffold_balanced --split_sizes 0.8 0.1 0.1 --smiles_columns SMILES --ignore_columns Name --gpu 0
Args
{'activation': 'ReLU',
 'aggregation': 'mean',
 'aggregation_norm': 100,
 'atom_descriptor_scaling': True,
 'atom_descriptors': None,
 'atom_descriptors_path': None,
 'atom_descriptors_size': 0,
 'atom_features_size': 0,
 'atom_messages': False,
 'batch_size': 50,
 'bias': False,
 'bond_feature_scaling': True,
 'bond_features_path': None,
 'bond_features_size': 0,
 'cache_cutoff': 10000,
 'checkpoint_dir': None,
 'checkpoint_path': None,
 'checkpoint_paths': None,
 'class_balance': False,
 'config_path': None,
 'crossval_index_dir': None,
 'crossval_index_file': None,
 'crossval_index_sets': None,
 'cuda': True,
 'data_path': 'round3finalval08162021_TRAIN.csv',
 'dataset_type': 'classification',
 'depth': 5,
 'device': device(type='cuda', index=0),
 'dropout': 0.1,
 'empty_cache': False,
 'ensemble_size': 1,
 'epochs': 30,
 'explicit_h': False,
 'extra_metrics': [],
 'features_generator': None,
 'features_only': False,
 'features_path': ['round3finalval08162021_TRAINFTS.npz'],
 'features_scaling': False,
 'features_size': None,
 'ffn_hidden_size': 500,
 'ffn_num_layers': 2,
 'final_lr': 0.0001,
 'folds_file': None,
 'gpu': 0,
 'grad_clip': None,
 'hidden_size': 500,
 'ignore_columns': ['Name'],
 'init_lr': 0.0001,
 'log_frequency': 10,
 'max_data_size': None,
 'max_lr': 0.001,
 'metric': 'auc',
 'metrics': ['auc'],
 'minimize_score': False,
 'mpn_shared': False,
 'multiclass_num_classes': 3,
 'no_atom_descriptor_scaling': False,
 'no_bond_features_scaling': False,
 'no_cache_mol': False,
 'no_cuda': False,
 'no_features_scaling': True,
 'num_folds': 3,
 'num_lrs': 1,
 'num_tasks': 2,
 'num_workers': 8,
 'number_of_molecules': 1,
 'overwrite_default_atom_features': False,
 'overwrite_default_bond_features': False,
 'pytorch_seed': 0,
 'quiet': False,
 'reaction': False,
 'reaction_mode': 'reac_diff',
 'resume_experiment': False,
 'save_dir': 'round3finalval08162021_models/83',
 'save_preds': False,
 'save_smiles_splits': False,
 'seed': 0,
 'separate_test_atom_descriptors_path': None,
 'separate_test_bond_features_path': None,
 'separate_test_features_path': None,
 'separate_test_path': None,
 'separate_val_atom_descriptors_path': None,
 'separate_val_bond_features_path': None,
 'separate_val_features_path': None,
 'separate_val_path': None,
 'show_individual_scores': False,
 'smiles_columns': ['SMILES'],
 'split_sizes': (0.8, 0.1, 0.1),
 'split_type': 'scaffold_balanced',
 'target_columns': None,
 'task_names': ['hit_inh', 'hit_kill'],
 'test': False,
 'test_fold_index': None,
 'train_data_size': None,
 'undirected': False,
 'use_input_features': True,
 'val_fold_index': None,
 'warmup_epochs': 2.0}
Loading data
Warning: 23 SMILES are invalid.
Number of tasks = 2
Fold 0
Splitting data with seed 0
Total scaffolds = 3,467 | train scaffolds = 2,650 | val scaffolds = 433 | test scaffolds = 384
Label averages per scaffold, in decreasing order of scaffold frequency,capped at 10 scaffolds and 20 labels:
Scaffold 0
Task 0: count = 381 | target average = 0.018373
Task 1: count = 381 | target average = 0.013123


Scaffold 1
Task 0: count = 305 | target average = 0.009836
Task 1: count = 305 | target average = 0.016393


Scaffold 2
Task 0: count = 36 | target average = 0.000000
Task 1: count = 36 | target average = 0.000000


Scaffold 3
Task 0: count = 29 | target average = 0.000000
Task 1: count = 29 | target average = 0.000000


Scaffold 4
Task 0: count = 26 | target average = 0.000000
Task 1: count = 26 | target average = 0.000000


Scaffold 5
Task 0: count = 23 | target average = 0.000000
Task 1: count = 23 | target average = 0.000000


Scaffold 6
Task 0: count = 22 | target average = 0.090909
Task 1: count = 22 | target average = 0.090909


Scaffold 7
Task 0: count = 20 | target average = 0.000000
Task 1: count = 20 | target average = 0.000000


Scaffold 8
Task 0: count = 20 | target average = 0.000000
Task 1: count = 20 | target average = 0.000000


Scaffold 9
Task 0: count = 20 | target average = 0.050000
Task 1: count = 20 | target average = 0.000000


Class sizes
hit_inh 0: 97.83%, 1: 2.17%
hit_kill 0: 98.64%, 1: 1.36%
Total size = 5,353 | train size = 4,282 | val size = 535 | test size = 536
Building model 0
MoleculeModel(
  (sigmoid): Sigmoid()
  (encoder): MPN(
    (encoder): ModuleList(
      (0): MPNEncoder(
        (dropout_layer): Dropout(p=0.1, inplace=False)
        (act_func): ReLU()
        (W_i): Linear(in_features=147, out_features=500, bias=False)
        (W_h): Linear(in_features=500, out_features=500, bias=False)
        (W_o): Linear(in_features=633, out_features=500, bias=True)
      )
    )
  )
  (ffn): Sequential(
    (0): Dropout(p=0.1, inplace=False)
    (1): Linear(in_features=700, out_features=500, bias=True)
    (2): ReLU()
    (3): Dropout(p=0.1, inplace=False)
    (4): Linear(in_features=500, out_features=2, bias=True)
  )
)
Number of parameters = 992,002
Moving model to cuda
Epoch 0
Loss = 2.5217e-01, PNorm = 43.2950, GNorm = 1.6170, lr_0 = 1.5824e-04
Loss = 1.1362e-01, PNorm = 43.2999, GNorm = 0.6334, lr_0 = 2.1118e-04
Loss = 9.1633e-02, PNorm = 43.3022, GNorm = 0.6398, lr_0 = 2.6412e-04
Loss = 1.0584e-01, PNorm = 43.3088, GNorm = 0.2743, lr_0 = 3.1706e-04
Loss = 9.6690e-02, PNorm = 43.3200, GNorm = 0.6592, lr_0 = 3.7000e-04
Loss = 5.9574e-02, PNorm = 43.3302, GNorm = 0.2044, lr_0 = 4.2294e-04
Loss = 6.6242e-02, PNorm = 43.3404, GNorm = 0.2434, lr_0 = 4.7588e-04
Loss = 6.4115e-02, PNorm = 43.3545, GNorm = 0.1582, lr_0 = 5.2882e-04
Validation auc = 0.644430
Epoch 1
Loss = 4.1229e-02, PNorm = 43.3820, GNorm = 0.1709, lr_0 = 5.8706e-04
Loss = 9.6087e-02, PNorm = 43.3951, GNorm = 0.2991, lr_0 = 6.4000e-04
Loss = 8.5324e-02, PNorm = 43.4232, GNorm = 0.2770, lr_0 = 6.9294e-04
Loss = 9.3409e-02, PNorm = 43.4519, GNorm = 0.2308, lr_0 = 7.4588e-04
Loss = 8.4591e-02, PNorm = 43.4827, GNorm = 0.2546, lr_0 = 7.9882e-04
Loss = 5.6794e-02, PNorm = 43.5206, GNorm = 0.1268, lr_0 = 8.5176e-04
Loss = 9.0502e-02, PNorm = 43.5445, GNorm = 0.1558, lr_0 = 9.0471e-04
Loss = 9.0566e-02, PNorm = 43.5757, GNorm = 0.1654, lr_0 = 9.5765e-04
Loss = 9.1571e-02, PNorm = 43.6181, GNorm = 0.1671, lr_0 = 9.9807e-04
Validation auc = 0.883707
Epoch 2
Loss = 6.0407e-02, PNorm = 43.6705, GNorm = 0.0677, lr_0 = 9.8846e-04
Loss = 5.4436e-02, PNorm = 43.7095, GNorm = 0.1227, lr_0 = 9.7894e-04
Loss = 6.2896e-02, PNorm = 43.7534, GNorm = 0.1708, lr_0 = 9.6952e-04
Loss = 7.4924e-02, PNorm = 43.7981, GNorm = 0.5667, lr_0 = 9.6018e-04
Loss = 6.5399e-02, PNorm = 43.8634, GNorm = 0.1610, lr_0 = 9.5094e-04
Loss = 7.6893e-02, PNorm = 43.9095, GNorm = 0.2130, lr_0 = 9.4178e-04
Loss = 1.1619e-01, PNorm = 43.9624, GNorm = 0.4895, lr_0 = 9.3271e-04
Loss = 4.9869e-02, PNorm = 44.0080, GNorm = 0.2319, lr_0 = 9.2373e-04
Validation auc = 0.900355
Epoch 3
Loss = 6.7438e-02, PNorm = 44.0558, GNorm = 0.2686, lr_0 = 9.1395e-04
Loss = 7.7882e-02, PNorm = 44.1121, GNorm = 0.2106, lr_0 = 9.0515e-04
Loss = 6.2217e-02, PNorm = 44.1766, GNorm = 0.2792, lr_0 = 8.9644e-04
Loss = 6.5671e-02, PNorm = 44.2303, GNorm = 0.1171, lr_0 = 8.8781e-04
Loss = 6.8867e-02, PNorm = 44.2819, GNorm = 0.2256, lr_0 = 8.7926e-04
Loss = 6.6574e-02, PNorm = 44.3410, GNorm = 0.1155, lr_0 = 8.7080e-04
Loss = 4.3355e-02, PNorm = 44.4057, GNorm = 0.1015, lr_0 = 8.6241e-04
Loss = 5.2852e-02, PNorm = 44.4471, GNorm = 0.1019, lr_0 = 8.5411e-04
Loss = 5.9985e-02, PNorm = 44.4981, GNorm = 0.1503, lr_0 = 8.4588e-04
Validation auc = 0.940197
Epoch 4
Loss = 5.6849e-02, PNorm = 44.5599, GNorm = 0.1324, lr_0 = 8.3774e-04
Loss = 4.7344e-02, PNorm = 44.6139, GNorm = 0.1221, lr_0 = 8.2967e-04
Loss = 6.2512e-02, PNorm = 44.6784, GNorm = 0.1624, lr_0 = 8.2169e-04
Loss = 6.1275e-02, PNorm = 44.7203, GNorm = 0.2373, lr_0 = 8.1377e-04
Loss = 7.5841e-02, PNorm = 44.7481, GNorm = 0.1527, lr_0 = 8.0594e-04
Loss = 4.8567e-02, PNorm = 44.8014, GNorm = 0.0490, lr_0 = 7.9818e-04
Loss = 5.3127e-02, PNorm = 44.8473, GNorm = 0.1346, lr_0 = 7.9050e-04
Loss = 4.7527e-02, PNorm = 44.8914, GNorm = 0.0529, lr_0 = 7.8288e-04
Validation auc = 0.962048
Epoch 5
Loss = 4.4137e-02, PNorm = 44.9303, GNorm = 0.1583, lr_0 = 7.7535e-04
Loss = 4.0275e-02, PNorm = 44.9707, GNorm = 0.1669, lr_0 = 7.6788e-04
Loss = 7.9331e-02, PNorm = 45.0219, GNorm = 0.3524, lr_0 = 7.6049e-04
Loss = 6.9675e-02, PNorm = 45.1096, GNorm = 0.1992, lr_0 = 7.5317e-04
Loss = 3.9058e-02, PNorm = 45.1799, GNorm = 0.1064, lr_0 = 7.4591e-04
Loss = 4.9297e-02, PNorm = 45.2357, GNorm = 0.3204, lr_0 = 7.3873e-04
Loss = 6.2205e-02, PNorm = 45.2536, GNorm = 0.1379, lr_0 = 7.3162e-04
Loss = 2.8868e-02, PNorm = 45.3049, GNorm = 0.0510, lr_0 = 7.2458e-04
Loss = 6.5055e-02, PNorm = 45.3220, GNorm = 0.2376, lr_0 = 7.1760e-04
Validation auc = 0.965102
Epoch 6
Loss = 3.3085e-02, PNorm = 45.3893, GNorm = 0.1998, lr_0 = 7.1000e-04
Loss = 5.6017e-02, PNorm = 45.4071, GNorm = 0.0970, lr_0 = 7.0317e-04
Loss = 4.1653e-02, PNorm = 45.4564, GNorm = 0.1033, lr_0 = 6.9640e-04
Loss = 4.5349e-02, PNorm = 45.4795, GNorm = 0.0947, lr_0 = 6.8969e-04
Loss = 5.3448e-02, PNorm = 45.5070, GNorm = 0.1934, lr_0 = 6.8305e-04
Loss = 6.4607e-02, PNorm = 45.5452, GNorm = 0.2084, lr_0 = 6.7648e-04
Loss = 5.1010e-02, PNorm = 45.5783, GNorm = 0.2679, lr_0 = 6.6996e-04
Loss = 4.9219e-02, PNorm = 45.6150, GNorm = 0.2079, lr_0 = 6.6351e-04
Validation auc = 0.961819
Epoch 7
Loss = 3.3320e-02, PNorm = 45.6599, GNorm = 0.1297, lr_0 = 6.5712e-04
Loss = 5.6146e-02, PNorm = 45.7060, GNorm = 0.2002, lr_0 = 6.5080e-04
Loss = 4.4084e-02, PNorm = 45.7763, GNorm = 0.1317, lr_0 = 6.4453e-04
Loss = 4.0599e-02, PNorm = 45.8172, GNorm = 0.2024, lr_0 = 6.3833e-04
Loss = 3.7407e-02, PNorm = 45.8463, GNorm = 0.1809, lr_0 = 6.3218e-04
Loss = 6.2098e-02, PNorm = 45.8703, GNorm = 0.1468, lr_0 = 6.2609e-04
Loss = 3.2534e-02, PNorm = 45.9223, GNorm = 0.2195, lr_0 = 6.2006e-04
Loss = 3.4161e-02, PNorm = 45.9478, GNorm = 0.1538, lr_0 = 6.1409e-04
Loss = 4.8217e-02, PNorm = 45.9753, GNorm = 0.2177, lr_0 = 6.0818e-04
Validation auc = 0.975715
Epoch 8
Loss = 2.6390e-02, PNorm = 46.0136, GNorm = 0.0735, lr_0 = 6.0233e-04
Loss = 4.1504e-02, PNorm = 46.0468, GNorm = 0.2020, lr_0 = 5.9653e-04
Loss = 5.0486e-02, PNorm = 46.0908, GNorm = 0.0834, lr_0 = 5.9078e-04
Loss = 3.6897e-02, PNorm = 46.1365, GNorm = 0.2451, lr_0 = 5.8510e-04
Loss = 4.4888e-02, PNorm = 46.1790, GNorm = 0.1647, lr_0 = 5.7946e-04
Loss = 4.7567e-02, PNorm = 46.2266, GNorm = 0.0764, lr_0 = 5.7388e-04
Loss = 2.6013e-02, PNorm = 46.2694, GNorm = 0.1353, lr_0 = 5.6836e-04
Loss = 6.3949e-02, PNorm = 46.3036, GNorm = 0.1475, lr_0 = 5.6289e-04
Loss = 5.9823e-02, PNorm = 46.3566, GNorm = 0.2095, lr_0 = 5.5747e-04
Loss = 9.6795e-03, PNorm = 46.3616, GNorm = 0.0818, lr_0 = 5.5693e-04
Validation auc = 0.954887
Epoch 9
Loss = 4.8003e-02, PNorm = 46.3969, GNorm = 0.1280, lr_0 = 5.5156e-04
Loss = 3.5609e-02, PNorm = 46.4370, GNorm = 0.0748, lr_0 = 5.4625e-04
Loss = 2.6394e-02, PNorm = 46.4632, GNorm = 0.0292, lr_0 = 5.4100e-04
Loss = 3.7511e-02, PNorm = 46.4770, GNorm = 0.2050, lr_0 = 5.3579e-04
Loss = 3.4667e-02, PNorm = 46.5084, GNorm = 0.0762, lr_0 = 5.3063e-04
Loss = 4.9385e-02, PNorm = 46.5313, GNorm = 0.2637, lr_0 = 5.2552e-04
Loss = 4.6967e-02, PNorm = 46.5655, GNorm = 0.1477, lr_0 = 5.2046e-04
Loss = 4.3946e-02, PNorm = 46.6002, GNorm = 0.2593, lr_0 = 5.1545e-04
Validation auc = 0.882199
Epoch 10
Loss = 4.0929e-02, PNorm = 46.6226, GNorm = 1.2076, lr_0 = 5.1049e-04
Loss = 3.3258e-02, PNorm = 46.6578, GNorm = 0.1714, lr_0 = 5.0557e-04
Loss = 5.0579e-02, PNorm = 46.6863, GNorm = 0.2463, lr_0 = 5.0070e-04
Loss = 4.4722e-02, PNorm = 46.7181, GNorm = 0.3021, lr_0 = 4.9588e-04
Loss = 3.4002e-02, PNorm = 46.7512, GNorm = 0.1063, lr_0 = 4.9111e-04
Loss = 2.8174e-02, PNorm = 46.7862, GNorm = 0.0762, lr_0 = 4.8638e-04
Loss = 5.5822e-02, PNorm = 46.8148, GNorm = 0.1909, lr_0 = 4.8170e-04
Loss = 2.8232e-02, PNorm = 46.8729, GNorm = 0.0842, lr_0 = 4.7706e-04
Loss = 5.1739e-02, PNorm = 46.8743, GNorm = 0.2729, lr_0 = 4.7247e-04
Validation auc = 0.969519
Epoch 11
Loss = 2.3182e-02, PNorm = 46.9139, GNorm = 0.1783, lr_0 = 4.6792e-04
Loss = 4.6912e-02, PNorm = 46.9313, GNorm = 0.2415, lr_0 = 4.6341e-04
Loss = 3.2987e-02, PNorm = 46.9599, GNorm = 0.1915, lr_0 = 4.5895e-04
Loss = 4.6316e-02, PNorm = 46.9816, GNorm = 0.0676, lr_0 = 4.5453e-04
Loss = 4.1913e-02, PNorm = 47.0062, GNorm = 0.1141, lr_0 = 4.5015e-04
Loss = 4.0760e-02, PNorm = 47.0452, GNorm = 0.2712, lr_0 = 4.4582e-04
Loss = 4.8297e-02, PNorm = 47.0707, GNorm = 0.1295, lr_0 = 4.4153e-04
Loss = 2.4636e-02, PNorm = 47.1052, GNorm = 0.1648, lr_0 = 4.3728e-04
Validation auc = 0.965182
Epoch 12
Loss = 1.7327e-02, PNorm = 47.1195, GNorm = 0.0830, lr_0 = 4.3265e-04
Loss = 4.3578e-02, PNorm = 47.1327, GNorm = 0.4118, lr_0 = 4.2848e-04
Loss = 2.7617e-02, PNorm = 47.1567, GNorm = 0.1852, lr_0 = 4.2436e-04
Loss = 3.8679e-02, PNorm = 47.1911, GNorm = 0.1515, lr_0 = 4.2027e-04
Loss = 1.2842e-02, PNorm = 47.2150, GNorm = 0.0782, lr_0 = 4.1622e-04
Loss = 2.9989e-02, PNorm = 47.2246, GNorm = 0.1305, lr_0 = 4.1222e-04
Loss = 3.4664e-02, PNorm = 47.2402, GNorm = 0.0866, lr_0 = 4.0825e-04
Loss = 4.2378e-02, PNorm = 47.2691, GNorm = 0.0484, lr_0 = 4.0432e-04
Loss = 4.0202e-02, PNorm = 47.2840, GNorm = 0.1498, lr_0 = 4.0042e-04
Validation auc = 0.968576
Epoch 13
Loss = 3.1947e-02, PNorm = 47.3183, GNorm = 0.0786, lr_0 = 3.9657e-04
Loss = 3.5994e-02, PNorm = 47.3431, GNorm = 0.0591, lr_0 = 3.9275e-04
Loss = 3.4986e-02, PNorm = 47.3695, GNorm = 0.1450, lr_0 = 3.8897e-04
Loss = 7.9265e-03, PNorm = 47.4003, GNorm = 0.0256, lr_0 = 3.8522e-04
Loss = 5.4326e-02, PNorm = 47.3958, GNorm = 0.2200, lr_0 = 3.8152e-04
Loss = 3.0447e-02, PNorm = 47.4328, GNorm = 0.1954, lr_0 = 3.7784e-04
Loss = 4.3655e-02, PNorm = 47.4511, GNorm = 0.1356, lr_0 = 3.7420e-04
Loss = 3.8725e-02, PNorm = 47.4809, GNorm = 0.1511, lr_0 = 3.7060e-04
Validation auc = 0.959906
Epoch 14
Loss = 3.0631e-02, PNorm = 47.5039, GNorm = 0.2249, lr_0 = 3.6668e-04
Loss = 3.1187e-02, PNorm = 47.5191, GNorm = 0.2770, lr_0 = 3.6315e-04
Loss = 3.1029e-02, PNorm = 47.5489, GNorm = 0.3715, lr_0 = 3.5965e-04
Loss = 3.5860e-02, PNorm = 47.5782, GNorm = 0.2834, lr_0 = 3.5619e-04
Loss = 1.1377e-02, PNorm = 47.5984, GNorm = 0.1072, lr_0 = 3.5276e-04
Loss = 2.4190e-02, PNorm = 47.6203, GNorm = 0.2197, lr_0 = 3.4936e-04
Loss = 4.3871e-02, PNorm = 47.6239, GNorm = 0.2336, lr_0 = 3.4600e-04
Loss = 2.9784e-02, PNorm = 47.6539, GNorm = 0.0851, lr_0 = 3.4267e-04
Loss = 4.0862e-02, PNorm = 47.6600, GNorm = 0.2070, lr_0 = 3.3937e-04
Validation auc = 0.959880
Epoch 15
Loss = 2.8066e-02, PNorm = 47.6914, GNorm = 0.2175, lr_0 = 3.3610e-04
Loss = 2.3366e-02, PNorm = 47.7262, GNorm = 0.2217, lr_0 = 3.3287e-04
Loss = 1.6421e-02, PNorm = 47.7346, GNorm = 0.0878, lr_0 = 3.2966e-04
Loss = 3.0149e-02, PNorm = 47.7387, GNorm = 0.1826, lr_0 = 3.2649e-04
Loss = 3.3988e-02, PNorm = 47.7608, GNorm = 0.1031, lr_0 = 3.2334e-04
Loss = 1.6335e-02, PNorm = 47.7830, GNorm = 0.1633, lr_0 = 3.2023e-04
Loss = 2.9542e-02, PNorm = 47.8029, GNorm = 0.0761, lr_0 = 3.1715e-04
Loss = 3.7158e-02, PNorm = 47.8292, GNorm = 0.1935, lr_0 = 3.1409e-04
Loss = 3.5302e-02, PNorm = 47.8564, GNorm = 0.0667, lr_0 = 3.1107e-04
Validation auc = 0.966848
Epoch 16
Loss = 2.1288e-02, PNorm = 47.8721, GNorm = 0.2488, lr_0 = 3.0807e-04
Loss = 3.3671e-02, PNorm = 47.8811, GNorm = 0.1202, lr_0 = 3.0511e-04
Loss = 1.8764e-02, PNorm = 47.9100, GNorm = 0.1922, lr_0 = 3.0217e-04
Loss = 3.6878e-02, PNorm = 47.9192, GNorm = 0.3336, lr_0 = 2.9926e-04
Loss = 1.9398e-02, PNorm = 47.9303, GNorm = 0.0586, lr_0 = 2.9638e-04
Loss = 3.2304e-02, PNorm = 47.9528, GNorm = 0.2792, lr_0 = 2.9353e-04
Loss = 2.9004e-02, PNorm = 47.9676, GNorm = 0.1648, lr_0 = 2.9070e-04
Loss = 1.6745e-02, PNorm = 47.9863, GNorm = 0.0692, lr_0 = 2.8790e-04
Validation auc = 0.916228
Epoch 17
Loss = 9.4871e-03, PNorm = 48.0025, GNorm = 0.1046, lr_0 = 2.8485e-04
Loss = 3.2388e-02, PNorm = 48.0112, GNorm = 0.1739, lr_0 = 2.8211e-04
Loss = 2.0833e-02, PNorm = 48.0238, GNorm = 0.1778, lr_0 = 2.7939e-04
Loss = 2.5316e-02, PNorm = 48.0479, GNorm = 0.0997, lr_0 = 2.7670e-04
Loss = 1.9455e-02, PNorm = 48.0646, GNorm = 0.1904, lr_0 = 2.7404e-04
Loss = 2.4659e-02, PNorm = 48.0749, GNorm = 0.1325, lr_0 = 2.7140e-04
Loss = 3.4671e-02, PNorm = 48.0923, GNorm = 0.2023, lr_0 = 2.6879e-04
Loss = 1.9130e-02, PNorm = 48.1167, GNorm = 0.3080, lr_0 = 2.6620e-04
Loss = 2.0361e-02, PNorm = 48.1264, GNorm = 0.1614, lr_0 = 2.6364e-04
Validation auc = 0.968088
Epoch 18
Loss = 3.7341e-02, PNorm = 48.1401, GNorm = 0.1992, lr_0 = 2.6110e-04
Loss = 2.7749e-02, PNorm = 48.1636, GNorm = 0.1578, lr_0 = 2.5859e-04
Loss = 1.7093e-02, PNorm = 48.1771, GNorm = 0.2348, lr_0 = 2.5610e-04
Loss = 1.0909e-02, PNorm = 48.1899, GNorm = 0.1013, lr_0 = 2.5363e-04
Loss = 1.2014e-02, PNorm = 48.2035, GNorm = 0.3008, lr_0 = 2.5119e-04
Loss = 2.7189e-02, PNorm = 48.2041, GNorm = 0.1034, lr_0 = 2.4877e-04
Loss = 2.2236e-02, PNorm = 48.2194, GNorm = 0.1525, lr_0 = 2.4638e-04
Loss = 2.7701e-02, PNorm = 48.2322, GNorm = 0.0293, lr_0 = 2.4400e-04
Validation auc = 0.938618
Epoch 19
Loss = 2.9109e-02, PNorm = 48.2422, GNorm = 0.1340, lr_0 = 2.4165e-04
Loss = 2.6141e-02, PNorm = 48.2550, GNorm = 0.0539, lr_0 = 2.3933e-04
Loss = 1.3105e-02, PNorm = 48.2709, GNorm = 0.0919, lr_0 = 2.3702e-04
Loss = 2.6861e-02, PNorm = 48.2768, GNorm = 0.4487, lr_0 = 2.3474e-04
Loss = 2.6003e-02, PNorm = 48.2879, GNorm = 0.1498, lr_0 = 2.3248e-04
Loss = 1.5432e-02, PNorm = 48.3157, GNorm = 0.1393, lr_0 = 2.3024e-04
Loss = 3.2487e-02, PNorm = 48.3281, GNorm = 0.4403, lr_0 = 2.2803e-04
Loss = 1.6620e-02, PNorm = 48.3412, GNorm = 0.0748, lr_0 = 2.2583e-04
Loss = 1.9229e-02, PNorm = 48.3614, GNorm = 0.0924, lr_0 = 2.2366e-04
Validation auc = 0.953339
Epoch 20
Loss = 1.6031e-02, PNorm = 48.3740, GNorm = 0.1222, lr_0 = 2.2129e-04
Loss = 1.9174e-02, PNorm = 48.3833, GNorm = 0.0799, lr_0 = 2.1916e-04
Loss = 1.7570e-02, PNorm = 48.3969, GNorm = 0.1881, lr_0 = 2.1705e-04
Loss = 1.8448e-02, PNorm = 48.4119, GNorm = 0.0682, lr_0 = 2.1496e-04
Loss = 1.0830e-02, PNorm = 48.4223, GNorm = 0.0618, lr_0 = 2.1289e-04
Loss = 1.5989e-02, PNorm = 48.4315, GNorm = 0.0708, lr_0 = 2.1084e-04
Loss = 2.3065e-02, PNorm = 48.4381, GNorm = 0.1185, lr_0 = 2.0881e-04
Loss = 3.3573e-02, PNorm = 48.4509, GNorm = 0.3501, lr_0 = 2.0680e-04
Validation auc = 0.921899
Epoch 21
Loss = 1.6756e-02, PNorm = 48.4624, GNorm = 0.0531, lr_0 = 2.0481e-04
Loss = 1.8545e-02, PNorm = 48.4724, GNorm = 0.0716, lr_0 = 2.0283e-04
Loss = 1.6943e-02, PNorm = 48.4901, GNorm = 0.0743, lr_0 = 2.0088e-04
Loss = 1.3786e-02, PNorm = 48.5052, GNorm = 0.4283, lr_0 = 1.9895e-04
Loss = 1.8545e-02, PNorm = 48.5126, GNorm = 0.1741, lr_0 = 1.9703e-04
Loss = 1.6370e-02, PNorm = 48.5274, GNorm = 0.1487, lr_0 = 1.9514e-04
Loss = 3.5613e-02, PNorm = 48.5370, GNorm = 0.4087, lr_0 = 1.9326e-04
Loss = 2.5736e-02, PNorm = 48.5524, GNorm = 0.3284, lr_0 = 1.9140e-04
Loss = 1.7089e-02, PNorm = 48.5741, GNorm = 0.1815, lr_0 = 1.8955e-04
Validation auc = 0.940926
Epoch 22
Loss = 1.1916e-02, PNorm = 48.5772, GNorm = 0.0646, lr_0 = 1.8773e-04
Loss = 1.3934e-02, PNorm = 48.5886, GNorm = 0.1669, lr_0 = 1.8592e-04
Loss = 2.1215e-02, PNorm = 48.6036, GNorm = 0.0939, lr_0 = 1.8413e-04
Loss = 2.0184e-02, PNorm = 48.6114, GNorm = 0.0304, lr_0 = 1.8236e-04
Loss = 1.6877e-02, PNorm = 48.6170, GNorm = 0.3541, lr_0 = 1.8060e-04
Loss = 2.2933e-02, PNorm = 48.6314, GNorm = 0.0940, lr_0 = 1.7886e-04
Loss = 8.9668e-03, PNorm = 48.6445, GNorm = 0.0217, lr_0 = 1.7714e-04
Loss = 1.6730e-02, PNorm = 48.6504, GNorm = 0.0462, lr_0 = 1.7544e-04
Validation auc = 0.952333
Epoch 23
Loss = 3.8344e-02, PNorm = 48.6615, GNorm = 0.1951, lr_0 = 1.7358e-04
Loss = 1.5061e-02, PNorm = 48.6746, GNorm = 0.1500, lr_0 = 1.7191e-04
Loss = 1.7578e-02, PNorm = 48.6793, GNorm = 0.0711, lr_0 = 1.7025e-04
Loss = 1.4676e-02, PNorm = 48.6882, GNorm = 0.3068, lr_0 = 1.6861e-04
Loss = 1.6229e-02, PNorm = 48.7037, GNorm = 0.1443, lr_0 = 1.6699e-04
Loss = 1.1147e-02, PNorm = 48.7088, GNorm = 0.0180, lr_0 = 1.6538e-04
Loss = 1.6984e-02, PNorm = 48.7137, GNorm = 0.0585, lr_0 = 1.6379e-04
Loss = 1.4392e-02, PNorm = 48.7183, GNorm = 0.1746, lr_0 = 1.6221e-04
Loss = 1.4674e-02, PNorm = 48.7298, GNorm = 0.1937, lr_0 = 1.6065e-04
Validation auc = 0.918676
Epoch 24
Loss = 1.3515e-02, PNorm = 48.7377, GNorm = 0.2425, lr_0 = 1.5910e-04
Loss = 1.3283e-02, PNorm = 48.7470, GNorm = 0.0516, lr_0 = 1.5757e-04
Loss = 1.9280e-02, PNorm = 48.7571, GNorm = 0.7018, lr_0 = 1.5605e-04
Loss = 1.1743e-02, PNorm = 48.7591, GNorm = 0.2205, lr_0 = 1.5455e-04
Loss = 2.0678e-02, PNorm = 48.7656, GNorm = 0.1198, lr_0 = 1.5306e-04
Loss = 1.4491e-02, PNorm = 48.7705, GNorm = 0.4570, lr_0 = 1.5159e-04
Loss = 2.0695e-02, PNorm = 48.7914, GNorm = 0.1508, lr_0 = 1.5013e-04
Loss = 1.3266e-02, PNorm = 48.8004, GNorm = 0.0198, lr_0 = 1.4869e-04
Loss = 1.1054e-02, PNorm = 48.8015, GNorm = 0.0487, lr_0 = 1.4725e-04
Validation auc = 0.932153
Epoch 25
Loss = 9.1194e-03, PNorm = 48.8075, GNorm = 0.2451, lr_0 = 1.4584e-04
Loss = 1.9045e-02, PNorm = 48.8139, GNorm = 0.1254, lr_0 = 1.4443e-04
Loss = 9.0339e-03, PNorm = 48.8282, GNorm = 0.0176, lr_0 = 1.4304e-04
Loss = 2.8161e-02, PNorm = 48.8337, GNorm = 0.2374, lr_0 = 1.4166e-04
Loss = 8.2068e-03, PNorm = 48.8422, GNorm = 0.1268, lr_0 = 1.4030e-04
Loss = 1.5769e-02, PNorm = 48.8480, GNorm = 0.0324, lr_0 = 1.3895e-04
Loss = 1.1392e-02, PNorm = 48.8511, GNorm = 0.1960, lr_0 = 1.3761e-04
Loss = 1.5335e-02, PNorm = 48.8632, GNorm = 0.2032, lr_0 = 1.3629e-04
Validation auc = 0.908885
Epoch 26
Loss = 1.3433e-02, PNorm = 48.8676, GNorm = 0.1652, lr_0 = 1.3484e-04
Loss = 6.1448e-03, PNorm = 48.8724, GNorm = 0.1065, lr_0 = 1.3355e-04
Loss = 1.5934e-02, PNorm = 48.8794, GNorm = 0.0900, lr_0 = 1.3226e-04
Loss = 1.6940e-02, PNorm = 48.8881, GNorm = 0.0334, lr_0 = 1.3099e-04
Loss = 1.6296e-02, PNorm = 48.8945, GNorm = 0.1508, lr_0 = 1.2973e-04
Loss = 1.3996e-02, PNorm = 48.8979, GNorm = 0.5618, lr_0 = 1.2848e-04
Loss = 1.1705e-02, PNorm = 48.9066, GNorm = 0.2265, lr_0 = 1.2724e-04
Loss = 1.0214e-02, PNorm = 48.9169, GNorm = 0.1230, lr_0 = 1.2601e-04
Loss = 1.0141e-02, PNorm = 48.9229, GNorm = 0.2067, lr_0 = 1.2480e-04
Validation auc = 0.892386
Epoch 27
Loss = 3.3059e-03, PNorm = 48.9245, GNorm = 0.0395, lr_0 = 1.2360e-04
Loss = 1.1178e-02, PNorm = 48.9283, GNorm = 0.3011, lr_0 = 1.2241e-04
Loss = 1.4055e-02, PNorm = 48.9374, GNorm = 0.3825, lr_0 = 1.2123e-04
Loss = 1.2231e-02, PNorm = 48.9471, GNorm = 0.5637, lr_0 = 1.2006e-04
Loss = 1.6462e-02, PNorm = 48.9507, GNorm = 0.3041, lr_0 = 1.1891e-04
Loss = 8.7129e-03, PNorm = 48.9609, GNorm = 0.1437, lr_0 = 1.1776e-04
Loss = 1.4742e-02, PNorm = 48.9718, GNorm = 0.0155, lr_0 = 1.1663e-04
Loss = 1.5738e-02, PNorm = 48.9694, GNorm = 0.3984, lr_0 = 1.1551e-04
Validation auc = 0.935305
Epoch 28
Loss = 1.6004e-02, PNorm = 48.9703, GNorm = 0.1754, lr_0 = 1.1428e-04
Loss = 2.1679e-02, PNorm = 48.9817, GNorm = 0.2892, lr_0 = 1.1318e-04
Loss = 7.8114e-03, PNorm = 48.9888, GNorm = 0.0214, lr_0 = 1.1209e-04
Loss = 2.0653e-02, PNorm = 48.9874, GNorm = 0.2601, lr_0 = 1.1101e-04
Loss = 7.3755e-03, PNorm = 48.9974, GNorm = 0.0519, lr_0 = 1.0995e-04
Loss = 1.2457e-02, PNorm = 49.0055, GNorm = 0.0143, lr_0 = 1.0889e-04
Loss = 1.0757e-02, PNorm = 49.0063, GNorm = 0.0288, lr_0 = 1.0784e-04
Loss = 1.3462e-02, PNorm = 49.0141, GNorm = 0.1535, lr_0 = 1.0680e-04
Loss = 2.3220e-02, PNorm = 49.0185, GNorm = 0.1459, lr_0 = 1.0577e-04
Validation auc = 0.918226
Epoch 29
Loss = 1.1102e-02, PNorm = 49.0229, GNorm = 0.2437, lr_0 = 1.0475e-04
Loss = 7.1270e-03, PNorm = 49.0314, GNorm = 0.1501, lr_0 = 1.0374e-04
Loss = 1.0117e-02, PNorm = 49.0356, GNorm = 0.0936, lr_0 = 1.0275e-04
Loss = 1.2544e-02, PNorm = 49.0370, GNorm = 0.0722, lr_0 = 1.0176e-04
Loss = 9.6531e-03, PNorm = 49.0407, GNorm = 0.2652, lr_0 = 1.0078e-04
Loss = 1.1820e-02, PNorm = 49.0481, GNorm = 0.1415, lr_0 = 1.0000e-04
Loss = 1.4798e-02, PNorm = 49.0530, GNorm = 0.1695, lr_0 = 1.0000e-04
Loss = 1.7636e-02, PNorm = 49.0548, GNorm = 0.2763, lr_0 = 1.0000e-04
Validation auc = 0.936175
Model 0 best validation auc = 0.975715 on epoch 7
Loading pretrained parameter "encoder.encoder.0.cached_zero_vector".
Loading pretrained parameter "encoder.encoder.0.W_i.weight".
Loading pretrained parameter "encoder.encoder.0.W_h.weight".
Loading pretrained parameter "encoder.encoder.0.W_o.weight".
Loading pretrained parameter "encoder.encoder.0.W_o.bias".
Loading pretrained parameter "ffn.1.weight".
Loading pretrained parameter "ffn.1.bias".
Loading pretrained parameter "ffn.4.weight".
Loading pretrained parameter "ffn.4.bias".
Moving model to cuda
Model 0 test auc = 0.771908
Ensemble test auc = 0.771908
Fold 1
Splitting data with seed 1
Total scaffolds = 3,467 | train scaffolds = 2,658 | val scaffolds = 399 | test scaffolds = 410
Label averages per scaffold, in decreasing order of scaffold frequency,capped at 10 scaffolds and 20 labels:
Scaffold 0
Task 0: count = 381 | target average = 0.018373
Task 1: count = 381 | target average = 0.013123


Scaffold 1
Task 0: count = 305 | target average = 0.009836
Task 1: count = 305 | target average = 0.016393


Scaffold 2
Task 0: count = 36 | target average = 0.000000
Task 1: count = 36 | target average = 0.000000


Scaffold 3
Task 0: count = 29 | target average = 0.000000
Task 1: count = 29 | target average = 0.000000


Scaffold 4
Task 0: count = 26 | target average = 0.000000
Task 1: count = 26 | target average = 0.000000


Scaffold 5
Task 0: count = 23 | target average = 0.000000
Task 1: count = 23 | target average = 0.000000


Scaffold 6
Task 0: count = 22 | target average = 0.090909
Task 1: count = 22 | target average = 0.090909


Scaffold 7
Task 0: count = 20 | target average = 0.050000
Task 1: count = 20 | target average = 0.000000


Scaffold 8
Task 0: count = 20 | target average = 0.000000
Task 1: count = 20 | target average = 0.000000


Scaffold 9
Task 0: count = 20 | target average = 0.000000
Task 1: count = 20 | target average = 0.000000


Class sizes
hit_inh 0: 97.83%, 1: 2.17%
hit_kill 0: 98.64%, 1: 1.36%
Total size = 5,353 | train size = 4,282 | val size = 535 | test size = 536
Building model 0
MoleculeModel(
  (sigmoid): Sigmoid()
  (encoder): MPN(
    (encoder): ModuleList(
      (0): MPNEncoder(
        (dropout_layer): Dropout(p=0.1, inplace=False)
        (act_func): ReLU()
        (W_i): Linear(in_features=147, out_features=500, bias=False)
        (W_h): Linear(in_features=500, out_features=500, bias=False)
        (W_o): Linear(in_features=633, out_features=500, bias=True)
      )
    )
  )
  (ffn): Sequential(
    (0): Dropout(p=0.1, inplace=False)
    (1): Linear(in_features=700, out_features=500, bias=True)
    (2): ReLU()
    (3): Dropout(p=0.1, inplace=False)
    (4): Linear(in_features=500, out_features=2, bias=True)
  )
)
Number of parameters = 992,002
Moving model to cuda
Epoch 0
Loss = 2.0841e-01, PNorm = 43.2953, GNorm = 0.2127, lr_0 = 1.5824e-04
Loss = 1.1390e-01, PNorm = 43.3012, GNorm = 0.7037, lr_0 = 2.1118e-04
Loss = 8.1614e-02, PNorm = 43.3035, GNorm = 0.6897, lr_0 = 2.6412e-04
Loss = 7.8619e-02, PNorm = 43.3087, GNorm = 0.2681, lr_0 = 3.1706e-04
Loss = 8.9241e-02, PNorm = 43.3183, GNorm = 0.1666, lr_0 = 3.7000e-04
Loss = 1.0865e-01, PNorm = 43.3246, GNorm = 0.2213, lr_0 = 4.2294e-04
Loss = 1.0134e-01, PNorm = 43.3423, GNorm = 0.1823, lr_0 = 4.7588e-04
Loss = 1.0267e-01, PNorm = 43.3550, GNorm = 0.1646, lr_0 = 5.2882e-04
Validation auc = 0.843655
Epoch 1
Loss = 4.8754e-02, PNorm = 43.3778, GNorm = 0.2180, lr_0 = 5.8706e-04
Loss = 9.4436e-02, PNorm = 43.3929, GNorm = 0.1940, lr_0 = 6.4000e-04
Loss = 9.9939e-02, PNorm = 43.4133, GNorm = 0.2908, lr_0 = 6.9294e-04
Loss = 8.2580e-02, PNorm = 43.4437, GNorm = 0.1557, lr_0 = 7.4588e-04
Loss = 7.0803e-02, PNorm = 43.4735, GNorm = 0.3023, lr_0 = 7.9882e-04
Loss = 6.2734e-02, PNorm = 43.4989, GNorm = 0.1130, lr_0 = 8.5176e-04
Loss = 7.9265e-02, PNorm = 43.5290, GNorm = 0.2141, lr_0 = 9.0471e-04
Loss = 8.4650e-02, PNorm = 43.5691, GNorm = 0.1291, lr_0 = 9.5765e-04
Loss = 9.9885e-02, PNorm = 43.6154, GNorm = 0.2874, lr_0 = 9.9807e-04
Validation auc = 0.893163
Epoch 2
Loss = 7.3259e-02, PNorm = 43.6770, GNorm = 0.0559, lr_0 = 9.8846e-04
Loss = 8.9304e-02, PNorm = 43.7194, GNorm = 0.2232, lr_0 = 9.7894e-04
Loss = 7.3764e-02, PNorm = 43.7834, GNorm = 0.1055, lr_0 = 9.6952e-04
Loss = 7.6612e-02, PNorm = 43.8223, GNorm = 0.1544, lr_0 = 9.6018e-04
Loss = 4.8285e-02, PNorm = 43.8812, GNorm = 0.1268, lr_0 = 9.5094e-04
Loss = 6.5684e-02, PNorm = 43.9065, GNorm = 0.1160, lr_0 = 9.4178e-04
Loss = 7.9115e-02, PNorm = 43.9396, GNorm = 0.1437, lr_0 = 9.3271e-04
Loss = 7.2537e-02, PNorm = 43.9923, GNorm = 0.2678, lr_0 = 9.2373e-04
Validation auc = 0.899337
Epoch 3
Loss = 1.1106e-01, PNorm = 44.0541, GNorm = 0.2680, lr_0 = 9.1395e-04
Loss = 7.9396e-02, PNorm = 44.0962, GNorm = 0.1652, lr_0 = 9.0515e-04
Loss = 4.6274e-02, PNorm = 44.1520, GNorm = 0.1532, lr_0 = 8.9644e-04
Loss = 5.9635e-02, PNorm = 44.1868, GNorm = 0.2822, lr_0 = 8.8781e-04
Loss = 5.8279e-02, PNorm = 44.2310, GNorm = 0.1226, lr_0 = 8.7926e-04
Loss = 6.2842e-02, PNorm = 44.2786, GNorm = 0.1151, lr_0 = 8.7080e-04
Loss = 6.2002e-02, PNorm = 44.3162, GNorm = 0.2460, lr_0 = 8.6241e-04
Loss = 9.2951e-02, PNorm = 44.3641, GNorm = 0.2058, lr_0 = 8.5411e-04
Loss = 5.7960e-02, PNorm = 44.4129, GNorm = 0.1354, lr_0 = 8.4588e-04
Validation auc = 0.843365
Epoch 4
Loss = 3.5407e-02, PNorm = 44.4622, GNorm = 0.1108, lr_0 = 8.3774e-04
Loss = 6.5859e-02, PNorm = 44.5125, GNorm = 0.4253, lr_0 = 8.2967e-04
Loss = 8.1597e-02, PNorm = 44.5614, GNorm = 0.1832, lr_0 = 8.2169e-04
Loss = 5.7201e-02, PNorm = 44.6174, GNorm = 0.2633, lr_0 = 8.1377e-04
Loss = 7.2412e-02, PNorm = 44.6556, GNorm = 0.1651, lr_0 = 8.0594e-04
Loss = 4.6660e-02, PNorm = 44.7227, GNorm = 0.3452, lr_0 = 7.9818e-04
Loss = 7.6522e-02, PNorm = 44.7586, GNorm = 0.1825, lr_0 = 7.9050e-04
Loss = 7.3470e-02, PNorm = 44.8206, GNorm = 0.1297, lr_0 = 7.8288e-04
Validation auc = 0.865286
Epoch 5
Loss = 4.4019e-02, PNorm = 44.8829, GNorm = 0.1770, lr_0 = 7.7535e-04
Loss = 4.9355e-02, PNorm = 44.9165, GNorm = 0.1016, lr_0 = 7.6788e-04
Loss = 4.8736e-02, PNorm = 44.9845, GNorm = 0.1285, lr_0 = 7.6049e-04
Loss = 4.5371e-02, PNorm = 45.0363, GNorm = 0.1938, lr_0 = 7.5317e-04
Loss = 5.8444e-02, PNorm = 45.0708, GNorm = 0.1130, lr_0 = 7.4591e-04
Loss = 6.0495e-02, PNorm = 45.1281, GNorm = 0.3699, lr_0 = 7.3873e-04
Loss = 6.6940e-02, PNorm = 45.1741, GNorm = 0.2654, lr_0 = 7.3162e-04
Loss = 5.4594e-02, PNorm = 45.2254, GNorm = 0.1129, lr_0 = 7.2458e-04
Loss = 6.0613e-02, PNorm = 45.2595, GNorm = 0.1123, lr_0 = 7.1760e-04
Validation auc = 0.872558
Epoch 6
Loss = 4.7802e-02, PNorm = 45.3197, GNorm = 0.1540, lr_0 = 7.1000e-04
Loss = 7.8091e-02, PNorm = 45.3659, GNorm = 0.2144, lr_0 = 7.0317e-04
Loss = 3.6745e-02, PNorm = 45.4259, GNorm = 0.1623, lr_0 = 6.9640e-04
Loss = 4.4198e-02, PNorm = 45.4660, GNorm = 0.2708, lr_0 = 6.8969e-04
Loss = 5.3539e-02, PNorm = 45.5124, GNorm = 0.0517, lr_0 = 6.8305e-04
Loss = 5.7943e-02, PNorm = 45.5444, GNorm = 0.1277, lr_0 = 6.7648e-04
Loss = 4.7515e-02, PNorm = 45.5744, GNorm = 0.2320, lr_0 = 6.6996e-04
Loss = 6.7717e-02, PNorm = 45.6005, GNorm = 0.1800, lr_0 = 6.6351e-04
Validation auc = 0.870820
Epoch 7
Loss = 1.8304e-02, PNorm = 45.6536, GNorm = 0.0883, lr_0 = 6.5712e-04
Loss = 4.0058e-02, PNorm = 45.7119, GNorm = 0.0712, lr_0 = 6.5080e-04
Loss = 6.5033e-02, PNorm = 45.7409, GNorm = 0.3052, lr_0 = 6.4453e-04
Loss = 6.0323e-02, PNorm = 45.7811, GNorm = 0.1765, lr_0 = 6.3833e-04
Loss = 5.6478e-02, PNorm = 45.8252, GNorm = 0.1095, lr_0 = 6.3218e-04
Loss = 4.1207e-02, PNorm = 45.8961, GNorm = 0.2332, lr_0 = 6.2609e-04
Loss = 4.2351e-02, PNorm = 45.9406, GNorm = 0.1143, lr_0 = 6.2006e-04
Loss = 5.0599e-02, PNorm = 45.9912, GNorm = 0.2981, lr_0 = 6.1409e-04
Loss = 5.2058e-02, PNorm = 46.0168, GNorm = 0.1699, lr_0 = 6.0818e-04
Validation auc = 0.867199
Epoch 8
Loss = 2.8695e-02, PNorm = 46.0576, GNorm = 0.0461, lr_0 = 6.0233e-04
Loss = 4.2387e-02, PNorm = 46.0837, GNorm = 0.1533, lr_0 = 5.9653e-04
Loss = 4.0905e-02, PNorm = 46.1199, GNorm = 0.1000, lr_0 = 5.9078e-04
Loss = 3.8312e-02, PNorm = 46.1419, GNorm = 0.0913, lr_0 = 5.8510e-04
Loss = 4.1420e-02, PNorm = 46.1730, GNorm = 0.0587, lr_0 = 5.7946e-04
Loss = 4.6979e-02, PNorm = 46.2031, GNorm = 0.1183, lr_0 = 5.7388e-04
Loss = 4.7347e-02, PNorm = 46.2306, GNorm = 0.1163, lr_0 = 5.6836e-04
Loss = 5.4230e-02, PNorm = 46.2801, GNorm = 0.1087, lr_0 = 5.6289e-04
Loss = 6.8877e-02, PNorm = 46.3064, GNorm = 0.1763, lr_0 = 5.5747e-04
Loss = 1.3625e-02, PNorm = 46.3114, GNorm = 0.1162, lr_0 = 5.5693e-04
Validation auc = 0.848814
Epoch 9
Loss = 2.8715e-02, PNorm = 46.3640, GNorm = 0.1447, lr_0 = 5.5156e-04
Loss = 4.8323e-02, PNorm = 46.3970, GNorm = 0.1214, lr_0 = 5.4625e-04
Loss = 5.4373e-02, PNorm = 46.4423, GNorm = 0.1125, lr_0 = 5.4100e-04
Loss = 4.9985e-02, PNorm = 46.4817, GNorm = 0.2907, lr_0 = 5.3579e-04
Loss = 6.5373e-02, PNorm = 46.5081, GNorm = 0.1339, lr_0 = 5.3063e-04
Loss = 2.9826e-02, PNorm = 46.5647, GNorm = 0.1479, lr_0 = 5.2552e-04
Loss = 3.3377e-02, PNorm = 46.5931, GNorm = 0.1400, lr_0 = 5.2046e-04
Loss = 5.4418e-02, PNorm = 46.6265, GNorm = 0.1583, lr_0 = 5.1545e-04
Validation auc = 0.871820
Epoch 10
Loss = 2.2547e-02, PNorm = 46.6561, GNorm = 0.1198, lr_0 = 5.1049e-04
Loss = 2.5489e-02, PNorm = 46.6903, GNorm = 0.0574, lr_0 = 5.0557e-04
Loss = 3.0389e-02, PNorm = 46.7170, GNorm = 0.1565, lr_0 = 5.0070e-04
Loss = 4.7534e-02, PNorm = 46.7554, GNorm = 0.1612, lr_0 = 4.9588e-04
Loss = 4.5037e-02, PNorm = 46.7786, GNorm = 0.4035, lr_0 = 4.9111e-04
Loss = 6.1630e-02, PNorm = 46.8125, GNorm = 0.2733, lr_0 = 4.8638e-04
Loss = 3.5821e-02, PNorm = 46.8518, GNorm = 0.1743, lr_0 = 4.8170e-04
Loss = 3.0827e-02, PNorm = 46.8840, GNorm = 0.0884, lr_0 = 4.7706e-04
Loss = 4.9016e-02, PNorm = 46.9123, GNorm = 0.1432, lr_0 = 4.7247e-04
Validation auc = 0.859179
Epoch 11
Loss = 2.6111e-02, PNorm = 46.9537, GNorm = 0.0664, lr_0 = 4.6792e-04
Loss = 1.7510e-02, PNorm = 46.9855, GNorm = 0.1457, lr_0 = 4.6341e-04
Loss = 2.9774e-02, PNorm = 47.0031, GNorm = 0.1065, lr_0 = 4.5895e-04
Loss = 5.5335e-02, PNorm = 47.0356, GNorm = 0.1378, lr_0 = 4.5453e-04
Loss = 4.5136e-02, PNorm = 47.0751, GNorm = 0.0598, lr_0 = 4.5015e-04
Loss = 2.4326e-02, PNorm = 47.0941, GNorm = 0.0750, lr_0 = 4.4582e-04
Loss = 5.3613e-02, PNorm = 47.1136, GNorm = 0.2661, lr_0 = 4.4153e-04
Loss = 3.0224e-02, PNorm = 47.1590, GNorm = 0.1266, lr_0 = 4.3728e-04
Validation auc = 0.871424
Epoch 12
Loss = 2.1306e-02, PNorm = 47.1874, GNorm = 0.1681, lr_0 = 4.3265e-04
Loss = 2.6192e-02, PNorm = 47.2374, GNorm = 0.2629, lr_0 = 4.2848e-04
Loss = 3.3448e-02, PNorm = 47.2662, GNorm = 0.2965, lr_0 = 4.2436e-04
Loss = 2.0758e-02, PNorm = 47.2836, GNorm = 0.0755, lr_0 = 4.2027e-04
Loss = 4.3423e-02, PNorm = 47.3034, GNorm = 0.1913, lr_0 = 4.1622e-04
Loss = 3.3115e-02, PNorm = 47.3290, GNorm = 0.1202, lr_0 = 4.1222e-04
Loss = 6.6740e-02, PNorm = 47.3506, GNorm = 0.2383, lr_0 = 4.0825e-04
Loss = 4.2402e-02, PNorm = 47.3978, GNorm = 0.1599, lr_0 = 4.0432e-04
Loss = 5.1683e-02, PNorm = 47.4363, GNorm = 0.4544, lr_0 = 4.0042e-04
Validation auc = 0.868635
Epoch 13
Loss = 3.2307e-02, PNorm = 47.4569, GNorm = 0.2267, lr_0 = 3.9657e-04
Loss = 2.3953e-02, PNorm = 47.4991, GNorm = 0.0268, lr_0 = 3.9275e-04
Loss = 3.7135e-02, PNorm = 47.5151, GNorm = 0.3462, lr_0 = 3.8897e-04
Loss = 2.8199e-02, PNorm = 47.5285, GNorm = 0.0958, lr_0 = 3.8522e-04
Loss = 3.9570e-02, PNorm = 47.5611, GNorm = 0.0524, lr_0 = 3.8152e-04
Loss = 3.1692e-02, PNorm = 47.5880, GNorm = 0.2821, lr_0 = 3.7784e-04
Loss = 4.7679e-02, PNorm = 47.6082, GNorm = 0.2854, lr_0 = 3.7420e-04
Loss = 3.2439e-02, PNorm = 47.6395, GNorm = 0.1309, lr_0 = 3.7060e-04
Validation auc = 0.862738
Epoch 14
Loss = 2.1887e-02, PNorm = 47.6759, GNorm = 0.1619, lr_0 = 3.6668e-04
Loss = 2.6712e-02, PNorm = 47.7095, GNorm = 0.4097, lr_0 = 3.6315e-04
Loss = 4.6042e-02, PNorm = 47.7312, GNorm = 0.2290, lr_0 = 3.5965e-04
Loss = 2.4212e-02, PNorm = 47.7790, GNorm = 0.2322, lr_0 = 3.5619e-04
Loss = 2.3484e-02, PNorm = 47.7993, GNorm = 0.2200, lr_0 = 3.5276e-04
Loss = 1.8433e-02, PNorm = 47.8115, GNorm = 0.1101, lr_0 = 3.4936e-04
Loss = 5.2718e-02, PNorm = 47.8230, GNorm = 0.1827, lr_0 = 3.4600e-04
Loss = 3.3273e-02, PNorm = 47.8548, GNorm = 0.1701, lr_0 = 3.4267e-04
Loss = 2.5926e-02, PNorm = 47.8764, GNorm = 0.2732, lr_0 = 3.3937e-04
Validation auc = 0.819288
Epoch 15
Loss = 5.2419e-02, PNorm = 47.8851, GNorm = 0.1126, lr_0 = 3.3610e-04
Loss = 2.3351e-02, PNorm = 47.9092, GNorm = 0.0524, lr_0 = 3.3287e-04
Loss = 4.7404e-02, PNorm = 47.9154, GNorm = 0.1369, lr_0 = 3.2966e-04
Loss = 2.7310e-02, PNorm = 47.9291, GNorm = 0.1272, lr_0 = 3.2649e-04
Loss = 2.4687e-02, PNorm = 47.9559, GNorm = 0.2911, lr_0 = 3.2334e-04
Loss = 3.1468e-02, PNorm = 47.9755, GNorm = 0.0638, lr_0 = 3.2023e-04
Loss = 3.4164e-02, PNorm = 47.9957, GNorm = 0.1857, lr_0 = 3.1715e-04
Loss = 2.8262e-02, PNorm = 48.0223, GNorm = 0.1143, lr_0 = 3.1409e-04
Loss = 4.1935e-02, PNorm = 48.0478, GNorm = 0.1107, lr_0 = 3.1107e-04
Validation auc = 0.868287
Epoch 16
Loss = 3.2082e-02, PNorm = 48.0743, GNorm = 0.1702, lr_0 = 3.0807e-04
Loss = 2.1573e-02, PNorm = 48.1007, GNorm = 0.0440, lr_0 = 3.0511e-04
Loss = 3.1378e-02, PNorm = 48.1205, GNorm = 0.1414, lr_0 = 3.0217e-04
Loss = 2.4297e-02, PNorm = 48.1455, GNorm = 0.2387, lr_0 = 2.9926e-04
Loss = 3.1614e-02, PNorm = 48.1561, GNorm = 0.0995, lr_0 = 2.9638e-04
Loss = 3.9339e-02, PNorm = 48.1879, GNorm = 0.1060, lr_0 = 2.9353e-04
Loss = 2.4977e-02, PNorm = 48.2057, GNorm = 0.1738, lr_0 = 2.9070e-04
Loss = 1.7609e-02, PNorm = 48.2247, GNorm = 0.2151, lr_0 = 2.8790e-04
Validation auc = 0.870871
Epoch 17
Loss = 3.0633e-02, PNorm = 48.2463, GNorm = 0.0298, lr_0 = 2.8485e-04
Loss = 2.7295e-02, PNorm = 48.2600, GNorm = 0.3264, lr_0 = 2.8211e-04
Loss = 2.6439e-02, PNorm = 48.2757, GNorm = 0.0680, lr_0 = 2.7939e-04
Loss = 3.0814e-02, PNorm = 48.2936, GNorm = 0.0727, lr_0 = 2.7670e-04
Loss = 1.7115e-02, PNorm = 48.3073, GNorm = 0.2620, lr_0 = 2.7404e-04
Loss = 1.7038e-02, PNorm = 48.3141, GNorm = 0.2231, lr_0 = 2.7140e-04
Loss = 2.4821e-02, PNorm = 48.3304, GNorm = 0.3683, lr_0 = 2.6879e-04
Loss = 2.7240e-02, PNorm = 48.3539, GNorm = 0.1313, lr_0 = 2.6620e-04
Loss = 3.0159e-02, PNorm = 48.3666, GNorm = 0.3127, lr_0 = 2.6364e-04
Validation auc = 0.854032
Epoch 18
Loss = 1.6064e-02, PNorm = 48.3825, GNorm = 0.0898, lr_0 = 2.6110e-04
Loss = 2.9529e-02, PNorm = 48.3906, GNorm = 0.2927, lr_0 = 2.5859e-04
Loss = 4.4241e-02, PNorm = 48.4099, GNorm = 0.2122, lr_0 = 2.5610e-04
Loss = 2.9462e-02, PNorm = 48.4475, GNorm = 0.3254, lr_0 = 2.5363e-04
Loss = 3.1986e-02, PNorm = 48.4574, GNorm = 0.2018, lr_0 = 2.5119e-04
Loss = 2.0996e-02, PNorm = 48.4795, GNorm = 0.0336, lr_0 = 2.4877e-04
Loss = 1.9412e-02, PNorm = 48.4989, GNorm = 0.1110, lr_0 = 2.4638e-04
Loss = 1.5799e-02, PNorm = 48.5117, GNorm = 0.2962, lr_0 = 2.4400e-04
Validation auc = 0.851937
Epoch 19
Loss = 2.1079e-02, PNorm = 48.5206, GNorm = 0.1806, lr_0 = 2.4165e-04
Loss = 2.0432e-02, PNorm = 48.5277, GNorm = 0.2574, lr_0 = 2.3933e-04
Loss = 2.8203e-02, PNorm = 48.5350, GNorm = 0.0507, lr_0 = 2.3702e-04
Loss = 1.5436e-02, PNorm = 48.5507, GNorm = 0.1231, lr_0 = 2.3474e-04
Loss = 1.3295e-02, PNorm = 48.5687, GNorm = 0.0950, lr_0 = 2.3248e-04
Loss = 3.7493e-02, PNorm = 48.5766, GNorm = 0.0521, lr_0 = 2.3024e-04
Loss = 3.2804e-02, PNorm = 48.5933, GNorm = 0.2133, lr_0 = 2.2803e-04
Loss = 1.7583e-02, PNorm = 48.6132, GNorm = 0.3491, lr_0 = 2.2583e-04
Loss = 1.7593e-02, PNorm = 48.6214, GNorm = 0.0635, lr_0 = 2.2366e-04
Validation auc = 0.845528
Epoch 20
Loss = 1.4791e-02, PNorm = 48.6384, GNorm = 0.1180, lr_0 = 2.2129e-04
Loss = 2.2252e-02, PNorm = 48.6485, GNorm = 0.0823, lr_0 = 2.1916e-04
Loss = 2.2910e-02, PNorm = 48.6622, GNorm = 0.0785, lr_0 = 2.1705e-04
Loss = 1.3367e-02, PNorm = 48.6753, GNorm = 0.1058, lr_0 = 2.1496e-04
Loss = 2.9843e-02, PNorm = 48.6849, GNorm = 0.0753, lr_0 = 2.1289e-04
Loss = 2.3075e-02, PNorm = 48.6917, GNorm = 0.1783, lr_0 = 2.1084e-04
Loss = 1.2669e-02, PNorm = 48.7054, GNorm = 0.1441, lr_0 = 2.0881e-04
Loss = 2.2721e-02, PNorm = 48.7174, GNorm = 0.4031, lr_0 = 2.0680e-04
Validation auc = 0.857371
Epoch 21
Loss = 1.1766e-02, PNorm = 48.7234, GNorm = 0.2614, lr_0 = 2.0481e-04
Loss = 2.2485e-02, PNorm = 48.7513, GNorm = 0.1780, lr_0 = 2.0283e-04
Loss = 1.3299e-02, PNorm = 48.7601, GNorm = 0.0336, lr_0 = 2.0088e-04
Loss = 2.8738e-02, PNorm = 48.7683, GNorm = 0.1510, lr_0 = 1.9895e-04
Loss = 1.9115e-02, PNorm = 48.7823, GNorm = 0.1119, lr_0 = 1.9703e-04
Loss = 2.5475e-02, PNorm = 48.7881, GNorm = 0.0704, lr_0 = 1.9514e-04
Loss = 2.2589e-02, PNorm = 48.8025, GNorm = 0.0872, lr_0 = 1.9326e-04
Loss = 1.3751e-02, PNorm = 48.8176, GNorm = 0.1116, lr_0 = 1.9140e-04
Loss = 2.6279e-02, PNorm = 48.8271, GNorm = 0.5815, lr_0 = 1.8955e-04
Validation auc = 0.838282
Epoch 22
Loss = 1.0343e-02, PNorm = 48.8341, GNorm = 0.0518, lr_0 = 1.8773e-04
Loss = 2.8792e-02, PNorm = 48.8387, GNorm = 0.0899, lr_0 = 1.8592e-04
Loss = 1.0232e-02, PNorm = 48.8484, GNorm = 0.1317, lr_0 = 1.8413e-04
Loss = 1.4089e-02, PNorm = 48.8671, GNorm = 0.0638, lr_0 = 1.8236e-04
Loss = 2.6722e-02, PNorm = 48.8699, GNorm = 0.0783, lr_0 = 1.8060e-04
Loss = 1.8725e-02, PNorm = 48.8809, GNorm = 0.1741, lr_0 = 1.7886e-04
Loss = 3.9913e-02, PNorm = 48.9009, GNorm = 0.1931, lr_0 = 1.7714e-04
Loss = 2.6366e-02, PNorm = 48.9111, GNorm = 0.1782, lr_0 = 1.7544e-04
Validation auc = 0.843708
Epoch 23
Loss = 1.5244e-02, PNorm = 48.9288, GNorm = 0.1344, lr_0 = 1.7358e-04
Loss = 1.8641e-02, PNorm = 48.9409, GNorm = 0.4419, lr_0 = 1.7191e-04
Loss = 2.2491e-02, PNorm = 48.9448, GNorm = 0.1063, lr_0 = 1.7025e-04
Loss = 1.0690e-02, PNorm = 48.9583, GNorm = 0.1270, lr_0 = 1.6861e-04
Loss = 1.0360e-02, PNorm = 48.9737, GNorm = 0.0195, lr_0 = 1.6699e-04
Loss = 1.3154e-02, PNorm = 48.9821, GNorm = 0.3162, lr_0 = 1.6538e-04
Loss = 1.6990e-02, PNorm = 48.9867, GNorm = 0.1418, lr_0 = 1.6379e-04
Loss = 1.6446e-02, PNorm = 48.9948, GNorm = 0.1107, lr_0 = 1.6221e-04
Loss = 2.3006e-02, PNorm = 49.0047, GNorm = 0.1500, lr_0 = 1.6065e-04
Validation auc = 0.844147
Epoch 24
Loss = 2.7423e-02, PNorm = 49.0115, GNorm = 0.2601, lr_0 = 1.5910e-04
Loss = 1.9849e-02, PNorm = 49.0228, GNorm = 0.0809, lr_0 = 1.5757e-04
Loss = 2.2352e-02, PNorm = 49.0330, GNorm = 0.6672, lr_0 = 1.5605e-04
Loss = 1.0111e-02, PNorm = 49.0409, GNorm = 0.0711, lr_0 = 1.5455e-04
Loss = 1.6861e-02, PNorm = 49.0492, GNorm = 0.0885, lr_0 = 1.5306e-04
Loss = 7.6905e-03, PNorm = 49.0582, GNorm = 0.0643, lr_0 = 1.5159e-04
Loss = 2.0588e-02, PNorm = 49.0665, GNorm = 0.1311, lr_0 = 1.5013e-04
Loss = 1.4099e-02, PNorm = 49.0742, GNorm = 0.0264, lr_0 = 1.4869e-04
Loss = 1.0078e-02, PNorm = 49.0851, GNorm = 0.0171, lr_0 = 1.4725e-04
Validation auc = 0.835566
Epoch 25
Loss = 2.2543e-02, PNorm = 49.0915, GNorm = 0.1906, lr_0 = 1.4584e-04
Loss = 1.1539e-02, PNorm = 49.1042, GNorm = 0.2370, lr_0 = 1.4443e-04
Loss = 1.3668e-02, PNorm = 49.1132, GNorm = 0.3485, lr_0 = 1.4304e-04
Loss = 2.2502e-02, PNorm = 49.1192, GNorm = 0.1500, lr_0 = 1.4166e-04
Loss = 9.1740e-03, PNorm = 49.1306, GNorm = 0.1628, lr_0 = 1.4030e-04
Loss = 1.1130e-02, PNorm = 49.1375, GNorm = 0.4356, lr_0 = 1.3895e-04
Loss = 1.4524e-02, PNorm = 49.1459, GNorm = 0.0688, lr_0 = 1.3761e-04
Loss = 1.2032e-02, PNorm = 49.1546, GNorm = 0.2224, lr_0 = 1.3629e-04
Validation auc = 0.818779
Epoch 26
Loss = 1.5392e-02, PNorm = 49.1554, GNorm = 0.2014, lr_0 = 1.3484e-04
Loss = 2.0106e-02, PNorm = 49.1715, GNorm = 0.2629, lr_0 = 1.3355e-04
Loss = 5.9734e-03, PNorm = 49.1816, GNorm = 0.0863, lr_0 = 1.3226e-04
Loss = 1.3260e-02, PNorm = 49.1866, GNorm = 0.0167, lr_0 = 1.3099e-04
Loss = 1.9599e-02, PNorm = 49.1859, GNorm = 0.0942, lr_0 = 1.2973e-04
Loss = 1.6906e-02, PNorm = 49.1949, GNorm = 0.1420, lr_0 = 1.2848e-04
Loss = 1.5387e-02, PNorm = 49.2033, GNorm = 0.0203, lr_0 = 1.2724e-04
Loss = 2.2332e-02, PNorm = 49.2104, GNorm = 0.0873, lr_0 = 1.2601e-04
Loss = 9.6558e-03, PNorm = 49.2156, GNorm = 0.1696, lr_0 = 1.2480e-04
Validation auc = 0.820076
Epoch 27
Loss = 1.1544e-02, PNorm = 49.2232, GNorm = 0.0370, lr_0 = 1.2360e-04
Loss = 5.7540e-03, PNorm = 49.2326, GNorm = 0.0091, lr_0 = 1.2241e-04
Loss = 1.0205e-02, PNorm = 49.2392, GNorm = 0.1363, lr_0 = 1.2123e-04
Loss = 5.3513e-03, PNorm = 49.2439, GNorm = 0.0245, lr_0 = 1.2006e-04
Loss = 9.0011e-03, PNorm = 49.2462, GNorm = 0.0315, lr_0 = 1.1891e-04
Loss = 2.0202e-02, PNorm = 49.2510, GNorm = 0.3605, lr_0 = 1.1776e-04
Loss = 1.1940e-02, PNorm = 49.2593, GNorm = 0.3144, lr_0 = 1.1663e-04
Loss = 1.5407e-02, PNorm = 49.2676, GNorm = 0.0280, lr_0 = 1.1551e-04
Validation auc = 0.815811
Epoch 28
Loss = 2.3547e-02, PNorm = 49.2698, GNorm = 0.2270, lr_0 = 1.1428e-04
Loss = 1.0231e-02, PNorm = 49.2787, GNorm = 0.0416, lr_0 = 1.1318e-04
Loss = 1.6091e-02, PNorm = 49.2899, GNorm = 0.2305, lr_0 = 1.1209e-04
Loss = 1.5595e-02, PNorm = 49.2955, GNorm = 0.0094, lr_0 = 1.1101e-04
Loss = 9.3409e-03, PNorm = 49.2983, GNorm = 0.0540, lr_0 = 1.0995e-04
Loss = 1.1116e-02, PNorm = 49.3034, GNorm = 0.0488, lr_0 = 1.0889e-04
Loss = 1.5471e-02, PNorm = 49.3107, GNorm = 0.0592, lr_0 = 1.0784e-04
Loss = 1.6783e-02, PNorm = 49.3147, GNorm = 0.0713, lr_0 = 1.0680e-04
Loss = 1.1426e-02, PNorm = 49.3219, GNorm = 0.0912, lr_0 = 1.0577e-04
Validation auc = 0.790026
Epoch 29
Loss = 2.0493e-02, PNorm = 49.3268, GNorm = 0.1963, lr_0 = 1.0475e-04
Loss = 1.3086e-02, PNorm = 49.3315, GNorm = 0.3786, lr_0 = 1.0374e-04
Loss = 1.0955e-02, PNorm = 49.3365, GNorm = 0.0675, lr_0 = 1.0275e-04
Loss = 7.7852e-03, PNorm = 49.3415, GNorm = 0.2934, lr_0 = 1.0176e-04
Loss = 8.8741e-03, PNorm = 49.3462, GNorm = 0.0141, lr_0 = 1.0078e-04
Loss = 9.3014e-03, PNorm = 49.3490, GNorm = 0.0335, lr_0 = 1.0000e-04
Loss = 1.6115e-02, PNorm = 49.3525, GNorm = 0.1665, lr_0 = 1.0000e-04
Loss = 9.0551e-03, PNorm = 49.3584, GNorm = 0.2526, lr_0 = 1.0000e-04
Validation auc = 0.800234
Model 0 best validation auc = 0.899337 on epoch 2
Loading pretrained parameter "encoder.encoder.0.cached_zero_vector".
Loading pretrained parameter "encoder.encoder.0.W_i.weight".
Loading pretrained parameter "encoder.encoder.0.W_h.weight".
Loading pretrained parameter "encoder.encoder.0.W_o.weight".
Loading pretrained parameter "encoder.encoder.0.W_o.bias".
Loading pretrained parameter "ffn.1.weight".
Loading pretrained parameter "ffn.1.bias".
Loading pretrained parameter "ffn.4.weight".
Loading pretrained parameter "ffn.4.bias".
Moving model to cuda
Model 0 test auc = 0.876618
Ensemble test auc = 0.876618
Fold 2
Splitting data with seed 2
Total scaffolds = 3,467 | train scaffolds = 2,630 | val scaffolds = 419 | test scaffolds = 418
Label averages per scaffold, in decreasing order of scaffold frequency,capped at 10 scaffolds and 20 labels:
Scaffold 0
Task 0: count = 381 | target average = 0.018373
Task 1: count = 381 | target average = 0.013123


Scaffold 1
Task 0: count = 305 | target average = 0.009836
Task 1: count = 305 | target average = 0.016393


Scaffold 2
Task 0: count = 36 | target average = 0.000000
Task 1: count = 36 | target average = 0.000000


Scaffold 3
Task 0: count = 29 | target average = 0.000000
Task 1: count = 29 | target average = 0.000000


Scaffold 4
Task 0: count = 26 | target average = 0.000000
Task 1: count = 26 | target average = 0.000000


Scaffold 5
Task 0: count = 23 | target average = 0.000000
Task 1: count = 23 | target average = 0.000000


Scaffold 6
Task 0: count = 22 | target average = 0.090909
Task 1: count = 22 | target average = 0.090909


Scaffold 7
Task 0: count = 20 | target average = 0.000000
Task 1: count = 20 | target average = 0.000000


Scaffold 8
Task 0: count = 20 | target average = 0.000000
Task 1: count = 20 | target average = 0.000000


Scaffold 9
Task 0: count = 20 | target average = 0.050000
Task 1: count = 20 | target average = 0.000000


Class sizes
hit_inh 0: 97.83%, 1: 2.17%
hit_kill 0: 98.64%, 1: 1.36%
Total size = 5,353 | train size = 4,282 | val size = 535 | test size = 536
Building model 0
MoleculeModel(
  (sigmoid): Sigmoid()
  (encoder): MPN(
    (encoder): ModuleList(
      (0): MPNEncoder(
        (dropout_layer): Dropout(p=0.1, inplace=False)
        (act_func): ReLU()
        (W_i): Linear(in_features=147, out_features=500, bias=False)
        (W_h): Linear(in_features=500, out_features=500, bias=False)
        (W_o): Linear(in_features=633, out_features=500, bias=True)
      )
    )
  )
  (ffn): Sequential(
    (0): Dropout(p=0.1, inplace=False)
    (1): Linear(in_features=700, out_features=500, bias=True)
    (2): ReLU()
    (3): Dropout(p=0.1, inplace=False)
    (4): Linear(in_features=500, out_features=2, bias=True)
  )
)
Number of parameters = 992,002
Moving model to cuda
Epoch 0
Loss = 2.0317e-01, PNorm = 43.2953, GNorm = 0.2082, lr_0 = 1.5824e-04
Loss = 7.4384e-02, PNorm = 43.3033, GNorm = 0.3231, lr_0 = 2.1118e-04
Loss = 1.2447e-01, PNorm = 43.3034, GNorm = 0.3849, lr_0 = 2.6412e-04
Loss = 9.4719e-02, PNorm = 43.3091, GNorm = 0.1802, lr_0 = 3.1706e-04
Loss = 8.0589e-02, PNorm = 43.3206, GNorm = 0.1468, lr_0 = 3.7000e-04
Loss = 1.0233e-01, PNorm = 43.3281, GNorm = 0.2154, lr_0 = 4.2294e-04
Loss = 9.2243e-02, PNorm = 43.3450, GNorm = 0.3676, lr_0 = 4.7588e-04
Loss = 7.5931e-02, PNorm = 43.3568, GNorm = 0.2100, lr_0 = 5.2882e-04
Validation auc = 0.794925
Epoch 1
Loss = 6.1767e-02, PNorm = 43.3772, GNorm = 0.2293, lr_0 = 5.8706e-04
Loss = 7.0752e-02, PNorm = 43.3947, GNorm = 0.4286, lr_0 = 6.4000e-04
Loss = 4.6500e-02, PNorm = 43.4143, GNorm = 0.3462, lr_0 = 6.9294e-04
Loss = 1.1899e-01, PNorm = 43.4258, GNorm = 0.3459, lr_0 = 7.4588e-04
Loss = 7.3949e-02, PNorm = 43.4672, GNorm = 0.3771, lr_0 = 7.9882e-04
Loss = 8.5142e-02, PNorm = 43.4889, GNorm = 0.2386, lr_0 = 8.5176e-04
Loss = 9.6032e-02, PNorm = 43.5245, GNorm = 0.1626, lr_0 = 9.0471e-04
Loss = 1.0920e-01, PNorm = 43.5719, GNorm = 0.5064, lr_0 = 9.5765e-04
Loss = 6.0836e-02, PNorm = 43.6152, GNorm = 0.1839, lr_0 = 9.9807e-04
Validation auc = 0.844831
Epoch 2
Loss = 7.5684e-02, PNorm = 43.6671, GNorm = 0.3708, lr_0 = 9.8846e-04
Loss = 6.0482e-02, PNorm = 43.7229, GNorm = 0.3345, lr_0 = 9.7894e-04
Loss = 8.6511e-02, PNorm = 43.7757, GNorm = 0.1364, lr_0 = 9.6952e-04
Loss = 7.2285e-02, PNorm = 43.8134, GNorm = 0.2539, lr_0 = 9.6018e-04
Loss = 8.9740e-02, PNorm = 43.8535, GNorm = 0.1453, lr_0 = 9.5094e-04
Loss = 5.6402e-02, PNorm = 43.9135, GNorm = 0.1233, lr_0 = 9.4178e-04
Loss = 4.8691e-02, PNorm = 43.9424, GNorm = 0.1194, lr_0 = 9.3271e-04
Loss = 5.3838e-02, PNorm = 43.9791, GNorm = 0.0978, lr_0 = 9.2373e-04
Validation auc = 0.792433
Epoch 3
Loss = 6.8152e-02, PNorm = 44.0214, GNorm = 0.1480, lr_0 = 9.1395e-04
Loss = 7.4676e-02, PNorm = 44.0762, GNorm = 0.1326, lr_0 = 9.0515e-04
Loss = 6.8450e-02, PNorm = 44.1323, GNorm = 0.2475, lr_0 = 8.9644e-04
Loss = 2.5894e-02, PNorm = 44.1865, GNorm = 0.0535, lr_0 = 8.8781e-04
Loss = 6.9409e-02, PNorm = 44.2100, GNorm = 0.4126, lr_0 = 8.7926e-04
Loss = 5.9445e-02, PNorm = 44.2633, GNorm = 0.0427, lr_0 = 8.7080e-04
Loss = 8.8504e-02, PNorm = 44.3017, GNorm = 0.2022, lr_0 = 8.6241e-04
Loss = 5.8858e-02, PNorm = 44.3581, GNorm = 0.0976, lr_0 = 8.5411e-04
Loss = 5.2204e-02, PNorm = 44.3920, GNorm = 0.1343, lr_0 = 8.4588e-04
Validation auc = 0.840483
Epoch 4
Loss = 2.9851e-02, PNorm = 44.4460, GNorm = 0.0375, lr_0 = 8.3774e-04
Loss = 3.8675e-02, PNorm = 44.4813, GNorm = 0.1186, lr_0 = 8.2967e-04
Loss = 6.1182e-02, PNorm = 44.5122, GNorm = 0.1579, lr_0 = 8.2169e-04
Loss = 6.6865e-02, PNorm = 44.5393, GNorm = 0.1875, lr_0 = 8.1377e-04
Loss = 8.7984e-02, PNorm = 44.5814, GNorm = 0.2256, lr_0 = 8.0594e-04
Loss = 4.2137e-02, PNorm = 44.6289, GNorm = 0.1609, lr_0 = 7.9818e-04
Loss = 6.9359e-02, PNorm = 44.6644, GNorm = 0.2048, lr_0 = 7.9050e-04
Loss = 3.9460e-02, PNorm = 44.7321, GNorm = 0.2276, lr_0 = 7.8288e-04
Validation auc = 0.831860
Epoch 5
Loss = 7.6872e-02, PNorm = 44.7716, GNorm = 0.1529, lr_0 = 7.7535e-04
Loss = 6.1801e-02, PNorm = 44.8372, GNorm = 0.1070, lr_0 = 7.6788e-04
Loss = 5.0393e-02, PNorm = 44.8890, GNorm = 0.2439, lr_0 = 7.6049e-04
Loss = 6.2280e-02, PNorm = 44.9372, GNorm = 0.1490, lr_0 = 7.5317e-04
Loss = 3.5767e-02, PNorm = 44.9853, GNorm = 0.0623, lr_0 = 7.4591e-04
Loss = 6.1953e-02, PNorm = 45.0123, GNorm = 0.2499, lr_0 = 7.3873e-04
Loss = 7.0575e-02, PNorm = 45.0336, GNorm = 0.1033, lr_0 = 7.3162e-04
Loss = 4.4528e-02, PNorm = 45.0657, GNorm = 0.0411, lr_0 = 7.2458e-04
Loss = 5.2063e-02, PNorm = 45.0847, GNorm = 0.1042, lr_0 = 7.1760e-04
Validation auc = 0.871880
Epoch 6
Loss = 4.3351e-02, PNorm = 45.1271, GNorm = 0.0467, lr_0 = 7.1000e-04
Loss = 6.9105e-02, PNorm = 45.1541, GNorm = 0.0833, lr_0 = 7.0317e-04
Loss = 5.1497e-02, PNorm = 45.1998, GNorm = 0.1378, lr_0 = 6.9640e-04
Loss = 6.2546e-02, PNorm = 45.2518, GNorm = 0.1097, lr_0 = 6.8969e-04
Loss = 4.8209e-02, PNorm = 45.2931, GNorm = 0.1347, lr_0 = 6.8305e-04
Loss = 4.0783e-02, PNorm = 45.3310, GNorm = 0.1056, lr_0 = 6.7648e-04
Loss = 3.7129e-02, PNorm = 45.3793, GNorm = 0.4622, lr_0 = 6.6996e-04
Loss = 2.0734e-02, PNorm = 45.4283, GNorm = 0.1238, lr_0 = 6.6351e-04
Validation auc = 0.855637
Epoch 7
Loss = 2.4266e-02, PNorm = 45.4600, GNorm = 0.1126, lr_0 = 6.5712e-04
Loss = 4.1675e-02, PNorm = 45.5208, GNorm = 0.2484, lr_0 = 6.5080e-04
Loss = 5.8446e-02, PNorm = 45.5698, GNorm = 0.1478, lr_0 = 6.4453e-04
Loss = 5.0277e-02, PNorm = 45.6323, GNorm = 0.1290, lr_0 = 6.3833e-04
Loss = 4.5268e-02, PNorm = 45.6535, GNorm = 0.1090, lr_0 = 6.3218e-04
Loss = 3.4576e-02, PNorm = 45.6969, GNorm = 0.0833, lr_0 = 6.2609e-04
Loss = 4.8806e-02, PNorm = 45.7253, GNorm = 0.1918, lr_0 = 6.2006e-04
Loss = 4.6893e-02, PNorm = 45.7664, GNorm = 0.2097, lr_0 = 6.1409e-04
Loss = 4.5917e-02, PNorm = 45.8085, GNorm = 0.1130, lr_0 = 6.0818e-04
Validation auc = 0.857149
Epoch 8
Loss = 2.8954e-02, PNorm = 45.8408, GNorm = 0.2113, lr_0 = 6.0233e-04
Loss = 3.9301e-02, PNorm = 45.8691, GNorm = 0.0840, lr_0 = 5.9653e-04
Loss = 4.9493e-02, PNorm = 45.8890, GNorm = 0.2093, lr_0 = 5.9078e-04
Loss = 5.2679e-02, PNorm = 45.9198, GNorm = 0.1969, lr_0 = 5.8510e-04
Loss = 4.3852e-02, PNorm = 45.9616, GNorm = 0.1137, lr_0 = 5.7946e-04
Loss = 4.6055e-02, PNorm = 46.0081, GNorm = 0.2698, lr_0 = 5.7388e-04
Loss = 4.0137e-02, PNorm = 46.0536, GNorm = 0.1609, lr_0 = 5.6836e-04
Loss = 4.7980e-02, PNorm = 46.0933, GNorm = 0.2520, lr_0 = 5.6289e-04
Loss = 3.7477e-02, PNorm = 46.1266, GNorm = 0.1869, lr_0 = 5.5747e-04
Loss = 1.7505e-02, PNorm = 46.1319, GNorm = 0.1684, lr_0 = 5.5693e-04
Validation auc = 0.892622
Epoch 9
Loss = 4.2279e-02, PNorm = 46.1853, GNorm = 0.1031, lr_0 = 5.5156e-04
Loss = 5.9248e-02, PNorm = 46.1972, GNorm = 0.2407, lr_0 = 5.4625e-04
Loss = 4.4610e-02, PNorm = 46.2595, GNorm = 0.0532, lr_0 = 5.4100e-04
Loss = 2.8627e-02, PNorm = 46.2974, GNorm = 0.1753, lr_0 = 5.3579e-04
Loss = 5.6404e-02, PNorm = 46.3220, GNorm = 0.1366, lr_0 = 5.3063e-04
Loss = 3.5179e-02, PNorm = 46.3765, GNorm = 0.1491, lr_0 = 5.2552e-04
Loss = 4.1242e-02, PNorm = 46.3920, GNorm = 0.1219, lr_0 = 5.2046e-04
Loss = 3.4022e-02, PNorm = 46.4216, GNorm = 0.1845, lr_0 = 5.1545e-04
Validation auc = 0.884754
Epoch 10
Loss = 2.9353e-02, PNorm = 46.4590, GNorm = 0.0861, lr_0 = 5.1049e-04
Loss = 5.0615e-02, PNorm = 46.5091, GNorm = 0.1240, lr_0 = 5.0557e-04
Loss = 2.4331e-02, PNorm = 46.5511, GNorm = 0.0887, lr_0 = 5.0070e-04
Loss = 1.7663e-02, PNorm = 46.5676, GNorm = 0.0811, lr_0 = 4.9588e-04
Loss = 4.7572e-02, PNorm = 46.5759, GNorm = 0.1918, lr_0 = 4.9111e-04
Loss = 4.8559e-02, PNorm = 46.6048, GNorm = 0.1248, lr_0 = 4.8638e-04
Loss = 4.3781e-02, PNorm = 46.6366, GNorm = 0.1307, lr_0 = 4.8170e-04
Loss = 3.8709e-02, PNorm = 46.6718, GNorm = 0.3367, lr_0 = 4.7706e-04
Loss = 2.9911e-02, PNorm = 46.7037, GNorm = 0.1091, lr_0 = 4.7247e-04
Validation auc = 0.872749
Epoch 11
Loss = 5.5121e-02, PNorm = 46.7566, GNorm = 0.1600, lr_0 = 4.6792e-04
Loss = 2.6848e-02, PNorm = 46.8079, GNorm = 0.1131, lr_0 = 4.6341e-04
Loss = 1.8408e-02, PNorm = 46.8391, GNorm = 0.0731, lr_0 = 4.5895e-04
Loss = 3.8084e-02, PNorm = 46.8655, GNorm = 0.0522, lr_0 = 4.5453e-04
Loss = 4.4094e-02, PNorm = 46.8892, GNorm = 0.2066, lr_0 = 4.5015e-04
Loss = 4.4861e-02, PNorm = 46.9263, GNorm = 0.0372, lr_0 = 4.4582e-04
Loss = 3.5468e-02, PNorm = 46.9508, GNorm = 0.0667, lr_0 = 4.4153e-04
Loss = 3.4714e-02, PNorm = 46.9958, GNorm = 0.2438, lr_0 = 4.3728e-04
Validation auc = 0.855711
Epoch 12
Loss = 2.4040e-02, PNorm = 47.0191, GNorm = 0.0757, lr_0 = 4.3265e-04
Loss = 2.5793e-02, PNorm = 47.0530, GNorm = 0.1114, lr_0 = 4.2848e-04
Loss = 2.6909e-02, PNorm = 47.0887, GNorm = 0.2145, lr_0 = 4.2436e-04
Loss = 5.2106e-02, PNorm = 47.1185, GNorm = 0.5134, lr_0 = 4.2027e-04
Loss = 3.9078e-02, PNorm = 47.1552, GNorm = 0.4316, lr_0 = 4.1622e-04
Loss = 1.5592e-02, PNorm = 47.1987, GNorm = 0.1906, lr_0 = 4.1222e-04
Loss = 4.7347e-02, PNorm = 47.1987, GNorm = 0.1829, lr_0 = 4.0825e-04
Loss = 4.1310e-02, PNorm = 47.2360, GNorm = 0.1804, lr_0 = 4.0432e-04
Loss = 3.5535e-02, PNorm = 47.2930, GNorm = 0.1789, lr_0 = 4.0042e-04
Validation auc = 0.883591
Epoch 13
Loss = 1.2497e-02, PNorm = 47.3145, GNorm = 0.1495, lr_0 = 3.9657e-04
Loss = 3.7531e-02, PNorm = 47.3443, GNorm = 0.1055, lr_0 = 3.9275e-04
Loss = 1.1155e-02, PNorm = 47.3763, GNorm = 0.0462, lr_0 = 3.8897e-04
Loss = 3.7756e-02, PNorm = 47.3948, GNorm = 0.1454, lr_0 = 3.8522e-04
Loss = 4.1079e-02, PNorm = 47.4340, GNorm = 0.1236, lr_0 = 3.8152e-04
Loss = 3.8023e-02, PNorm = 47.4659, GNorm = 0.4757, lr_0 = 3.7784e-04
Loss = 4.5113e-02, PNorm = 47.4801, GNorm = 0.3264, lr_0 = 3.7420e-04
Loss = 2.8233e-02, PNorm = 47.5154, GNorm = 0.0507, lr_0 = 3.7060e-04
Validation auc = 0.893725
Epoch 14
Loss = 9.5054e-03, PNorm = 47.5322, GNorm = 0.0869, lr_0 = 3.6668e-04
Loss = 2.4094e-02, PNorm = 47.5507, GNorm = 0.1117, lr_0 = 3.6315e-04
Loss = 3.6776e-02, PNorm = 47.5798, GNorm = 0.1982, lr_0 = 3.5965e-04
Loss = 1.7504e-02, PNorm = 47.6053, GNorm = 0.0536, lr_0 = 3.5619e-04
Loss = 2.8488e-02, PNorm = 47.6265, GNorm = 0.0756, lr_0 = 3.5276e-04
Loss = 3.0797e-02, PNorm = 47.6562, GNorm = 0.3609, lr_0 = 3.4936e-04
Loss = 6.0717e-02, PNorm = 47.6643, GNorm = 0.1865, lr_0 = 3.4600e-04
Loss = 2.8851e-02, PNorm = 47.6998, GNorm = 0.0523, lr_0 = 3.4267e-04
Loss = 3.3876e-02, PNorm = 47.7162, GNorm = 0.0419, lr_0 = 3.3937e-04
Validation auc = 0.884160
Epoch 15
Loss = 4.2310e-02, PNorm = 47.7375, GNorm = 0.1660, lr_0 = 3.3610e-04
Loss = 3.3219e-02, PNorm = 47.7672, GNorm = 0.0686, lr_0 = 3.3287e-04
Loss = 2.4673e-02, PNorm = 47.7877, GNorm = 0.1133, lr_0 = 3.2966e-04
Loss = 2.6722e-02, PNorm = 47.8151, GNorm = 0.0397, lr_0 = 3.2649e-04
Loss = 3.6105e-02, PNorm = 47.8289, GNorm = 0.0755, lr_0 = 3.2334e-04
Loss = 2.7002e-02, PNorm = 47.8520, GNorm = 0.0690, lr_0 = 3.2023e-04
Loss = 3.2512e-02, PNorm = 47.8843, GNorm = 0.2320, lr_0 = 3.1715e-04
Loss = 1.4789e-02, PNorm = 47.9104, GNorm = 0.4286, lr_0 = 3.1409e-04
Loss = 3.6084e-02, PNorm = 47.9184, GNorm = 0.0841, lr_0 = 3.1107e-04
Validation auc = 0.880717
Epoch 16
Loss = 2.8339e-02, PNorm = 47.9501, GNorm = 0.1351, lr_0 = 3.0807e-04
Loss = 4.3009e-02, PNorm = 47.9690, GNorm = 0.2626, lr_0 = 3.0511e-04
Loss = 2.7660e-02, PNorm = 47.9879, GNorm = 0.1498, lr_0 = 3.0217e-04
Loss = 1.4760e-02, PNorm = 48.0172, GNorm = 0.0209, lr_0 = 2.9926e-04
Loss = 3.5086e-02, PNorm = 48.0245, GNorm = 0.2247, lr_0 = 2.9638e-04
Loss = 2.3393e-02, PNorm = 48.0387, GNorm = 0.1325, lr_0 = 2.9353e-04
Loss = 1.9733e-02, PNorm = 48.0632, GNorm = 0.1833, lr_0 = 2.9070e-04
Loss = 3.2872e-02, PNorm = 48.0826, GNorm = 0.1088, lr_0 = 2.8790e-04
Validation auc = 0.893738
Epoch 17
Loss = 2.4496e-02, PNorm = 48.0906, GNorm = 0.0160, lr_0 = 2.8485e-04
Loss = 3.1099e-02, PNorm = 48.1062, GNorm = 0.0883, lr_0 = 2.8211e-04
Loss = 2.8929e-02, PNorm = 48.1381, GNorm = 0.3460, lr_0 = 2.7939e-04
Loss = 3.1660e-02, PNorm = 48.1611, GNorm = 0.1036, lr_0 = 2.7670e-04
Loss = 2.6523e-02, PNorm = 48.1776, GNorm = 0.1693, lr_0 = 2.7404e-04
Loss = 2.6828e-02, PNorm = 48.1897, GNorm = 0.1395, lr_0 = 2.7140e-04
Loss = 1.9843e-02, PNorm = 48.2126, GNorm = 0.1734, lr_0 = 2.6879e-04
Loss = 2.3921e-02, PNorm = 48.2277, GNorm = 0.2635, lr_0 = 2.6620e-04
Loss = 1.4186e-02, PNorm = 48.2476, GNorm = 0.0203, lr_0 = 2.6364e-04
Validation auc = 0.880864
Epoch 18
Loss = 2.2732e-02, PNorm = 48.2619, GNorm = 0.0950, lr_0 = 2.6110e-04
Loss = 2.5640e-02, PNorm = 48.2774, GNorm = 0.1071, lr_0 = 2.5859e-04
Loss = 1.9526e-02, PNorm = 48.2993, GNorm = 0.3018, lr_0 = 2.5610e-04
Loss = 1.8092e-02, PNorm = 48.3128, GNorm = 0.0850, lr_0 = 2.5363e-04
Loss = 2.9193e-02, PNorm = 48.3260, GNorm = 0.0712, lr_0 = 2.5119e-04
Loss = 2.1502e-02, PNorm = 48.3430, GNorm = 0.0364, lr_0 = 2.4877e-04
Loss = 3.0687e-02, PNorm = 48.3571, GNorm = 0.1381, lr_0 = 2.4638e-04
Loss = 2.9602e-02, PNorm = 48.3686, GNorm = 0.3805, lr_0 = 2.4400e-04
Validation auc = 0.893887
Epoch 19
Loss = 9.8334e-03, PNorm = 48.3888, GNorm = 0.0446, lr_0 = 2.4165e-04
Loss = 1.7957e-02, PNorm = 48.4015, GNorm = 0.1728, lr_0 = 2.3933e-04
Loss = 2.4153e-02, PNorm = 48.4126, GNorm = 0.1313, lr_0 = 2.3702e-04
Loss = 2.6022e-02, PNorm = 48.4290, GNorm = 0.1080, lr_0 = 2.3474e-04
Loss = 2.1373e-02, PNorm = 48.4498, GNorm = 0.0363, lr_0 = 2.3248e-04
Loss = 4.8001e-02, PNorm = 48.4683, GNorm = 0.3090, lr_0 = 2.3024e-04
Loss = 1.8024e-02, PNorm = 48.5030, GNorm = 0.0708, lr_0 = 2.2803e-04
Loss = 1.2756e-02, PNorm = 48.5180, GNorm = 0.0342, lr_0 = 2.2583e-04
Loss = 5.0479e-03, PNorm = 48.5249, GNorm = 0.1106, lr_0 = 2.2366e-04
Validation auc = 0.886328
Epoch 20
Loss = 1.7084e-02, PNorm = 48.5251, GNorm = 0.0837, lr_0 = 2.2129e-04
Loss = 2.2417e-02, PNorm = 48.5353, GNorm = 0.2175, lr_0 = 2.1916e-04
Loss = 2.0610e-02, PNorm = 48.5450, GNorm = 0.2049, lr_0 = 2.1705e-04
Loss = 1.7599e-02, PNorm = 48.5678, GNorm = 0.1488, lr_0 = 2.1496e-04
Loss = 1.2488e-02, PNorm = 48.5855, GNorm = 0.2877, lr_0 = 2.1289e-04
Loss = 2.3228e-02, PNorm = 48.5955, GNorm = 0.4004, lr_0 = 2.1084e-04
Loss = 1.9819e-02, PNorm = 48.6083, GNorm = 0.2799, lr_0 = 2.0881e-04
Loss = 2.4922e-02, PNorm = 48.6194, GNorm = 0.0730, lr_0 = 2.0680e-04
Validation auc = 0.868325
Epoch 21
Loss = 2.5314e-02, PNorm = 48.6252, GNorm = 0.2859, lr_0 = 2.0481e-04
Loss = 2.3366e-02, PNorm = 48.6332, GNorm = 0.1216, lr_0 = 2.0283e-04
Loss = 1.8468e-02, PNorm = 48.6560, GNorm = 0.3254, lr_0 = 2.0088e-04
Loss = 1.7755e-02, PNorm = 48.6710, GNorm = 0.2686, lr_0 = 1.9895e-04
Loss = 1.9297e-02, PNorm = 48.6848, GNorm = 0.2647, lr_0 = 1.9703e-04
Loss = 1.4530e-02, PNorm = 48.7104, GNorm = 0.2000, lr_0 = 1.9514e-04
Loss = 1.0322e-02, PNorm = 48.7228, GNorm = 0.0345, lr_0 = 1.9326e-04
Loss = 3.3439e-02, PNorm = 48.7181, GNorm = 0.1428, lr_0 = 1.9140e-04
Loss = 2.6518e-02, PNorm = 48.7337, GNorm = 0.3523, lr_0 = 1.8955e-04
Validation auc = 0.871486
Epoch 22
Loss = 1.6089e-02, PNorm = 48.7483, GNorm = 0.0296, lr_0 = 1.8773e-04
Loss = 2.0448e-02, PNorm = 48.7553, GNorm = 0.0805, lr_0 = 1.8592e-04
Loss = 1.7496e-02, PNorm = 48.7683, GNorm = 0.1961, lr_0 = 1.8413e-04
Loss = 1.6464e-02, PNorm = 48.7822, GNorm = 0.0902, lr_0 = 1.8236e-04
Loss = 1.4108e-02, PNorm = 48.7904, GNorm = 0.1786, lr_0 = 1.8060e-04
Loss = 1.9791e-02, PNorm = 48.7960, GNorm = 0.1295, lr_0 = 1.7886e-04
Loss = 2.0059e-02, PNorm = 48.8083, GNorm = 0.3630, lr_0 = 1.7714e-04
Loss = 1.1072e-02, PNorm = 48.8147, GNorm = 0.0789, lr_0 = 1.7544e-04
Validation auc = 0.877061
Epoch 23
Loss = 2.3250e-02, PNorm = 48.8257, GNorm = 0.2549, lr_0 = 1.7358e-04
Loss = 1.8674e-02, PNorm = 48.8365, GNorm = 0.0044, lr_0 = 1.7191e-04
Loss = 2.1166e-02, PNorm = 48.8433, GNorm = 0.2999, lr_0 = 1.7025e-04
Loss = 1.6028e-02, PNorm = 48.8506, GNorm = 0.2208, lr_0 = 1.6861e-04
Loss = 1.6111e-02, PNorm = 48.8684, GNorm = 0.2876, lr_0 = 1.6699e-04
Loss = 6.1076e-03, PNorm = 48.8742, GNorm = 0.0177, lr_0 = 1.6538e-04
Loss = 1.2393e-02, PNorm = 48.8780, GNorm = 0.2119, lr_0 = 1.6379e-04
Loss = 1.2906e-02, PNorm = 48.8880, GNorm = 0.0499, lr_0 = 1.6221e-04
Loss = 2.9887e-02, PNorm = 48.8935, GNorm = 0.3191, lr_0 = 1.6065e-04
Validation auc = 0.863109
Epoch 24
Loss = 1.2651e-02, PNorm = 48.9051, GNorm = 0.3015, lr_0 = 1.5910e-04
Loss = 2.3212e-02, PNorm = 48.9157, GNorm = 0.2864, lr_0 = 1.5757e-04
Loss = 2.1717e-02, PNorm = 48.9210, GNorm = 0.3675, lr_0 = 1.5605e-04
Loss = 2.0714e-02, PNorm = 48.9439, GNorm = 0.0341, lr_0 = 1.5455e-04
Loss = 2.4238e-02, PNorm = 48.9504, GNorm = 0.0565, lr_0 = 1.5306e-04
Loss = 2.0842e-02, PNorm = 48.9520, GNorm = 0.3598, lr_0 = 1.5159e-04
Loss = 9.0467e-03, PNorm = 48.9716, GNorm = 0.0471, lr_0 = 1.5013e-04
Loss = 1.9673e-02, PNorm = 48.9811, GNorm = 0.0395, lr_0 = 1.4869e-04
Loss = 1.2995e-02, PNorm = 48.9873, GNorm = 0.0652, lr_0 = 1.4725e-04
Validation auc = 0.847175
Epoch 25
Loss = 1.1551e-02, PNorm = 48.9957, GNorm = 0.0121, lr_0 = 1.4584e-04
Loss = 2.0789e-02, PNorm = 48.9970, GNorm = 0.0366, lr_0 = 1.4443e-04
Loss = 1.1131e-02, PNorm = 49.0039, GNorm = 0.0489, lr_0 = 1.4304e-04
Loss = 2.2315e-02, PNorm = 49.0198, GNorm = 0.3052, lr_0 = 1.4166e-04
Loss = 1.3012e-02, PNorm = 49.0281, GNorm = 0.0587, lr_0 = 1.4030e-04
Loss = 1.0246e-02, PNorm = 49.0341, GNorm = 0.2781, lr_0 = 1.3895e-04
Loss = 1.7504e-02, PNorm = 49.0386, GNorm = 0.1037, lr_0 = 1.3761e-04
Loss = 1.6104e-02, PNorm = 49.0452, GNorm = 0.0515, lr_0 = 1.3629e-04
Validation auc = 0.863642
Epoch 26
Loss = 1.5447e-02, PNorm = 49.0504, GNorm = 0.2074, lr_0 = 1.3484e-04
Loss = 2.1585e-02, PNorm = 49.0673, GNorm = 0.1826, lr_0 = 1.3355e-04
Loss = 1.0702e-02, PNorm = 49.0748, GNorm = 0.2044, lr_0 = 1.3226e-04
Loss = 7.5983e-03, PNorm = 49.0754, GNorm = 0.0126, lr_0 = 1.3099e-04
Loss = 1.4591e-02, PNorm = 49.0815, GNorm = 0.0812, lr_0 = 1.2973e-04
Loss = 1.8196e-02, PNorm = 49.0908, GNorm = 0.1398, lr_0 = 1.2848e-04
Loss = 8.4359e-03, PNorm = 49.1009, GNorm = 0.0475, lr_0 = 1.2724e-04
Loss = 7.7372e-03, PNorm = 49.1091, GNorm = 0.4655, lr_0 = 1.2601e-04
Loss = 2.8818e-02, PNorm = 49.1063, GNorm = 0.2183, lr_0 = 1.2480e-04
Validation auc = 0.858066
Epoch 27
Loss = 9.7122e-03, PNorm = 49.1146, GNorm = 0.0821, lr_0 = 1.2360e-04
Loss = 2.4209e-02, PNorm = 49.1270, GNorm = 0.4270, lr_0 = 1.2241e-04
Loss = 1.0157e-02, PNorm = 49.1329, GNorm = 0.3300, lr_0 = 1.2123e-04
Loss = 1.3473e-02, PNorm = 49.1391, GNorm = 0.2633, lr_0 = 1.2006e-04
Loss = 5.3671e-03, PNorm = 49.1434, GNorm = 0.2561, lr_0 = 1.1891e-04
Loss = 2.4147e-02, PNorm = 49.1471, GNorm = 0.3603, lr_0 = 1.1776e-04
Loss = 1.2676e-02, PNorm = 49.1595, GNorm = 0.1471, lr_0 = 1.1663e-04
Loss = 2.2498e-02, PNorm = 49.1650, GNorm = 0.2770, lr_0 = 1.1551e-04
Validation auc = 0.857781
Epoch 28
Loss = 3.3772e-02, PNorm = 49.1683, GNorm = 0.0946, lr_0 = 1.1428e-04
Loss = 1.6844e-02, PNorm = 49.1730, GNorm = 0.2386, lr_0 = 1.1318e-04
Loss = 1.1526e-02, PNorm = 49.1802, GNorm = 0.1159, lr_0 = 1.1209e-04
Loss = 1.3496e-02, PNorm = 49.1895, GNorm = 0.0533, lr_0 = 1.1101e-04
Loss = 5.1231e-03, PNorm = 49.1939, GNorm = 0.0685, lr_0 = 1.0995e-04
Loss = 9.3831e-03, PNorm = 49.1958, GNorm = 0.3705, lr_0 = 1.0889e-04
Loss = 8.7069e-03, PNorm = 49.2022, GNorm = 0.1901, lr_0 = 1.0784e-04
Loss = 1.5582e-02, PNorm = 49.2078, GNorm = 0.0433, lr_0 = 1.0680e-04
Loss = 7.6341e-03, PNorm = 49.2125, GNorm = 0.3467, lr_0 = 1.0577e-04
Validation auc = 0.838613
Epoch 29
Loss = 9.9427e-03, PNorm = 49.2219, GNorm = 0.0747, lr_0 = 1.0475e-04
Loss = 2.1967e-03, PNorm = 49.2285, GNorm = 0.0063, lr_0 = 1.0374e-04
Loss = 1.7954e-02, PNorm = 49.2298, GNorm = 0.3006, lr_0 = 1.0275e-04
Loss = 2.6926e-02, PNorm = 49.2303, GNorm = 0.0736, lr_0 = 1.0176e-04
Loss = 1.2066e-02, PNorm = 49.2404, GNorm = 0.2311, lr_0 = 1.0078e-04
Loss = 9.0209e-03, PNorm = 49.2521, GNorm = 0.1999, lr_0 = 1.0000e-04
Loss = 1.5479e-02, PNorm = 49.2560, GNorm = 0.1716, lr_0 = 1.0000e-04
Loss = 8.4945e-03, PNorm = 49.2636, GNorm = 0.2288, lr_0 = 1.0000e-04
Validation auc = 0.847410
Model 0 best validation auc = 0.893887 on epoch 18
Loading pretrained parameter "encoder.encoder.0.cached_zero_vector".
Loading pretrained parameter "encoder.encoder.0.W_i.weight".
Loading pretrained parameter "encoder.encoder.0.W_h.weight".
Loading pretrained parameter "encoder.encoder.0.W_o.weight".
Loading pretrained parameter "encoder.encoder.0.W_o.bias".
Loading pretrained parameter "ffn.1.weight".
Loading pretrained parameter "ffn.1.bias".
Loading pretrained parameter "ffn.4.weight".
Loading pretrained parameter "ffn.4.bias".
Moving model to cuda
Model 0 test auc = 0.838975
Ensemble test auc = 0.838975
3-fold cross validation
	Seed 0 ==> test auc = 0.771908
	Seed 1 ==> test auc = 0.876618
	Seed 2 ==> test auc = 0.838975
Overall test auc = 0.829167 +/- 0.043307
Elapsed time = 0:11:37
