Command line
python /home/jackievaleri8/.conda/envs/chemprop/bin/chemprop_train --init_lr 0.001 --dropout 0.4 --hidden_size 500 --ffn_num_layers 1 --depth 3 --save_dir round3finalval08162021_models/54 --data_path round3finalval08162021_TRAIN.csv --dataset_type classification --features_path round3finalval08162021_TRAINFTS.npz --no_features_scaling --num_folds 3 --ensemble_size 1 --split_type scaffold_balanced --split_sizes 0.8 0.1 0.1 --smiles_columns SMILES --ignore_columns Name --gpu 0
Args
{'activation': 'ReLU',
 'aggregation': 'mean',
 'aggregation_norm': 100,
 'atom_descriptor_scaling': True,
 'atom_descriptors': None,
 'atom_descriptors_path': None,
 'atom_descriptors_size': 0,
 'atom_features_size': 0,
 'atom_messages': False,
 'batch_size': 50,
 'bias': False,
 'bond_feature_scaling': True,
 'bond_features_path': None,
 'bond_features_size': 0,
 'cache_cutoff': 10000,
 'checkpoint_dir': None,
 'checkpoint_path': None,
 'checkpoint_paths': None,
 'class_balance': False,
 'config_path': None,
 'crossval_index_dir': None,
 'crossval_index_file': None,
 'crossval_index_sets': None,
 'cuda': True,
 'data_path': 'round3finalval08162021_TRAIN.csv',
 'dataset_type': 'classification',
 'depth': 3,
 'device': device(type='cuda', index=0),
 'dropout': 0.4,
 'empty_cache': False,
 'ensemble_size': 1,
 'epochs': 30,
 'explicit_h': False,
 'extra_metrics': [],
 'features_generator': None,
 'features_only': False,
 'features_path': ['round3finalval08162021_TRAINFTS.npz'],
 'features_scaling': False,
 'features_size': None,
 'ffn_hidden_size': 500,
 'ffn_num_layers': 1,
 'final_lr': 0.0001,
 'folds_file': None,
 'gpu': 0,
 'grad_clip': None,
 'hidden_size': 500,
 'ignore_columns': ['Name'],
 'init_lr': 0.001,
 'log_frequency': 10,
 'max_data_size': None,
 'max_lr': 0.001,
 'metric': 'auc',
 'metrics': ['auc'],
 'minimize_score': False,
 'mpn_shared': False,
 'multiclass_num_classes': 3,
 'no_atom_descriptor_scaling': False,
 'no_bond_features_scaling': False,
 'no_cache_mol': False,
 'no_cuda': False,
 'no_features_scaling': True,
 'num_folds': 3,
 'num_lrs': 1,
 'num_tasks': 2,
 'num_workers': 8,
 'number_of_molecules': 1,
 'overwrite_default_atom_features': False,
 'overwrite_default_bond_features': False,
 'pytorch_seed': 0,
 'quiet': False,
 'reaction': False,
 'reaction_mode': 'reac_diff',
 'resume_experiment': False,
 'save_dir': 'round3finalval08162021_models/54',
 'save_preds': False,
 'save_smiles_splits': False,
 'seed': 0,
 'separate_test_atom_descriptors_path': None,
 'separate_test_bond_features_path': None,
 'separate_test_features_path': None,
 'separate_test_path': None,
 'separate_val_atom_descriptors_path': None,
 'separate_val_bond_features_path': None,
 'separate_val_features_path': None,
 'separate_val_path': None,
 'show_individual_scores': False,
 'smiles_columns': ['SMILES'],
 'split_sizes': (0.8, 0.1, 0.1),
 'split_type': 'scaffold_balanced',
 'target_columns': None,
 'task_names': ['hit_inh', 'hit_kill'],
 'test': False,
 'test_fold_index': None,
 'train_data_size': None,
 'undirected': False,
 'use_input_features': True,
 'val_fold_index': None,
 'warmup_epochs': 2.0}
Loading data
Warning: 23 SMILES are invalid.
Number of tasks = 2
Fold 0
Splitting data with seed 0
Total scaffolds = 3,467 | train scaffolds = 2,650 | val scaffolds = 433 | test scaffolds = 384
Label averages per scaffold, in decreasing order of scaffold frequency,capped at 10 scaffolds and 20 labels:
Scaffold 0
Task 0: count = 381 | target average = 0.018373
Task 1: count = 381 | target average = 0.013123


Scaffold 1
Task 0: count = 305 | target average = 0.009836
Task 1: count = 305 | target average = 0.016393


Scaffold 2
Task 0: count = 36 | target average = 0.000000
Task 1: count = 36 | target average = 0.000000


Scaffold 3
Task 0: count = 29 | target average = 0.000000
Task 1: count = 29 | target average = 0.000000


Scaffold 4
Task 0: count = 26 | target average = 0.000000
Task 1: count = 26 | target average = 0.000000


Scaffold 5
Task 0: count = 23 | target average = 0.000000
Task 1: count = 23 | target average = 0.000000


Scaffold 6
Task 0: count = 22 | target average = 0.090909
Task 1: count = 22 | target average = 0.090909


Scaffold 7
Task 0: count = 20 | target average = 0.000000
Task 1: count = 20 | target average = 0.000000


Scaffold 8
Task 0: count = 20 | target average = 0.000000
Task 1: count = 20 | target average = 0.000000


Scaffold 9
Task 0: count = 20 | target average = 0.050000
Task 1: count = 20 | target average = 0.000000


Class sizes
hit_inh 0: 97.83%, 1: 2.17%
hit_kill 0: 98.64%, 1: 1.36%
Total size = 5,353 | train size = 4,282 | val size = 535 | test size = 536
Building model 0
MoleculeModel(
  (sigmoid): Sigmoid()
  (encoder): MPN(
    (encoder): ModuleList(
      (0): MPNEncoder(
        (dropout_layer): Dropout(p=0.4, inplace=False)
        (act_func): ReLU()
        (W_i): Linear(in_features=147, out_features=500, bias=False)
        (W_h): Linear(in_features=500, out_features=500, bias=False)
        (W_o): Linear(in_features=633, out_features=500, bias=True)
      )
    )
  )
  (ffn): Sequential(
    (0): Dropout(p=0.4, inplace=False)
    (1): Linear(in_features=700, out_features=2, bias=True)
  )
)
Number of parameters = 641,902
Moving model to cuda
Epoch 0
Loss = 2.6714e-01, PNorm = 35.9659, GNorm = 1.1769, lr_0 = 1.0000e-03
Loss = 9.0532e-02, PNorm = 36.0423, GNorm = 0.2416, lr_0 = 1.0000e-03
Loss = 9.7325e-02, PNorm = 36.0956, GNorm = 0.7906, lr_0 = 1.0000e-03
Loss = 1.0845e-01, PNorm = 36.1153, GNorm = 0.2453, lr_0 = 1.0000e-03
Loss = 9.9482e-02, PNorm = 36.1459, GNorm = 0.4801, lr_0 = 1.0000e-03
Loss = 6.5528e-02, PNorm = 36.1682, GNorm = 0.2242, lr_0 = 1.0000e-03
Loss = 6.3920e-02, PNorm = 36.1880, GNorm = 0.2301, lr_0 = 1.0000e-03
Loss = 6.6207e-02, PNorm = 36.2079, GNorm = 0.1682, lr_0 = 1.0000e-03
Validation auc = 0.509108
Epoch 1
Loss = 4.0005e-02, PNorm = 36.2471, GNorm = 0.1082, lr_0 = 1.0000e-03
Loss = 1.0192e-01, PNorm = 36.2618, GNorm = 0.2321, lr_0 = 1.0000e-03
Loss = 8.8243e-02, PNorm = 36.3078, GNorm = 0.1519, lr_0 = 1.0000e-03
Loss = 1.0151e-01, PNorm = 36.3333, GNorm = 0.2026, lr_0 = 1.0000e-03
Loss = 8.4705e-02, PNorm = 36.3752, GNorm = 0.1366, lr_0 = 1.0000e-03
Loss = 5.9670e-02, PNorm = 36.4170, GNorm = 0.2071, lr_0 = 1.0000e-03
Loss = 9.6186e-02, PNorm = 36.4367, GNorm = 0.1721, lr_0 = 1.0000e-03
Loss = 9.8677e-02, PNorm = 36.4584, GNorm = 0.1764, lr_0 = 1.0000e-03
Loss = 1.0264e-01, PNorm = 36.4947, GNorm = 0.1690, lr_0 = 9.9807e-04
Validation auc = 0.778943
Epoch 2
Loss = 7.3743e-02, PNorm = 36.5531, GNorm = 0.0779, lr_0 = 9.8846e-04
Loss = 6.6857e-02, PNorm = 36.5879, GNorm = 0.1234, lr_0 = 9.7894e-04
Loss = 6.9918e-02, PNorm = 36.6394, GNorm = 0.1674, lr_0 = 9.6952e-04
Loss = 8.4818e-02, PNorm = 36.6842, GNorm = 0.4811, lr_0 = 9.6018e-04
Loss = 7.4916e-02, PNorm = 36.7428, GNorm = 0.1795, lr_0 = 9.5094e-04
Loss = 9.2198e-02, PNorm = 36.7855, GNorm = 0.2036, lr_0 = 9.4178e-04
Loss = 1.3696e-01, PNorm = 36.8410, GNorm = 0.3478, lr_0 = 9.3271e-04
Loss = 7.2998e-02, PNorm = 36.9222, GNorm = 0.3320, lr_0 = 9.2373e-04
Validation auc = 0.823550
Epoch 3
Loss = 6.8010e-02, PNorm = 36.9708, GNorm = 0.1809, lr_0 = 9.1395e-04
Loss = 1.0559e-01, PNorm = 37.0380, GNorm = 0.1668, lr_0 = 9.0515e-04
Loss = 7.8832e-02, PNorm = 37.1277, GNorm = 0.4285, lr_0 = 8.9644e-04
Loss = 8.2005e-02, PNorm = 37.2015, GNorm = 0.1852, lr_0 = 8.8781e-04
Loss = 8.0998e-02, PNorm = 37.2866, GNorm = 0.3201, lr_0 = 8.7926e-04
Loss = 8.5650e-02, PNorm = 37.3363, GNorm = 0.1684, lr_0 = 8.7080e-04
Loss = 5.1592e-02, PNorm = 37.4051, GNorm = 0.1071, lr_0 = 8.6241e-04
Loss = 7.0527e-02, PNorm = 37.4438, GNorm = 0.1233, lr_0 = 8.5411e-04
Loss = 9.2836e-02, PNorm = 37.5030, GNorm = 0.1692, lr_0 = 8.4588e-04
Validation auc = 0.840456
Epoch 4
Loss = 6.1428e-02, PNorm = 37.5783, GNorm = 0.1088, lr_0 = 8.3774e-04
Loss = 6.2040e-02, PNorm = 37.6319, GNorm = 0.1475, lr_0 = 8.2967e-04
Loss = 8.7037e-02, PNorm = 37.6870, GNorm = 0.1840, lr_0 = 8.2169e-04
Loss = 9.1294e-02, PNorm = 37.7562, GNorm = 0.4648, lr_0 = 8.1377e-04
Loss = 9.8921e-02, PNorm = 37.7698, GNorm = 0.1710, lr_0 = 8.0594e-04
Loss = 5.4127e-02, PNorm = 37.8366, GNorm = 0.1178, lr_0 = 7.9818e-04
Loss = 6.0151e-02, PNorm = 37.8854, GNorm = 0.1231, lr_0 = 7.9050e-04
Loss = 6.1495e-02, PNorm = 37.9364, GNorm = 0.1026, lr_0 = 7.8288e-04
Validation auc = 0.867383
Epoch 5
Loss = 7.7910e-02, PNorm = 37.9863, GNorm = 0.1960, lr_0 = 7.7535e-04
Loss = 5.7621e-02, PNorm = 38.0442, GNorm = 0.1599, lr_0 = 7.6788e-04
Loss = 1.1059e-01, PNorm = 38.0848, GNorm = 0.3369, lr_0 = 7.6049e-04
Loss = 8.9358e-02, PNorm = 38.1784, GNorm = 0.2369, lr_0 = 7.5317e-04
Loss = 5.4725e-02, PNorm = 38.2794, GNorm = 0.1759, lr_0 = 7.4591e-04
Loss = 6.7321e-02, PNorm = 38.3303, GNorm = 0.3285, lr_0 = 7.3873e-04
Loss = 9.4281e-02, PNorm = 38.3486, GNorm = 0.2217, lr_0 = 7.3162e-04
Loss = 4.1090e-02, PNorm = 38.3764, GNorm = 0.0786, lr_0 = 7.2458e-04
Loss = 8.3131e-02, PNorm = 38.3983, GNorm = 0.1733, lr_0 = 7.1760e-04
Validation auc = 0.911909
Epoch 6
Loss = 4.4050e-02, PNorm = 38.4721, GNorm = 0.2694, lr_0 = 7.1000e-04
Loss = 7.3436e-02, PNorm = 38.4988, GNorm = 0.1492, lr_0 = 7.0317e-04
Loss = 6.2840e-02, PNorm = 38.5477, GNorm = 0.1126, lr_0 = 6.9640e-04
Loss = 6.1341e-02, PNorm = 38.5804, GNorm = 0.1393, lr_0 = 6.8969e-04
Loss = 6.7184e-02, PNorm = 38.6185, GNorm = 0.1862, lr_0 = 6.8305e-04
Loss = 8.0825e-02, PNorm = 38.6669, GNorm = 0.1241, lr_0 = 6.7648e-04
Loss = 6.9064e-02, PNorm = 38.7044, GNorm = 0.1306, lr_0 = 6.6996e-04
Loss = 7.6481e-02, PNorm = 38.7470, GNorm = 0.3267, lr_0 = 6.6351e-04
Validation auc = 0.919782
Epoch 7
Loss = 7.7766e-02, PNorm = 38.8151, GNorm = 0.1729, lr_0 = 6.5712e-04
Loss = 7.7652e-02, PNorm = 38.8494, GNorm = 0.2264, lr_0 = 6.5080e-04
Loss = 7.3260e-02, PNorm = 38.9093, GNorm = 0.1257, lr_0 = 6.4453e-04
Loss = 4.8238e-02, PNorm = 38.9669, GNorm = 0.1940, lr_0 = 6.3833e-04
Loss = 5.1891e-02, PNorm = 39.0121, GNorm = 0.2373, lr_0 = 6.3218e-04
Loss = 7.4474e-02, PNorm = 39.0451, GNorm = 0.1811, lr_0 = 6.2609e-04
Loss = 4.3739e-02, PNorm = 39.1002, GNorm = 0.2392, lr_0 = 6.2006e-04
Loss = 5.0412e-02, PNorm = 39.1428, GNorm = 0.2005, lr_0 = 6.1409e-04
Loss = 7.5008e-02, PNorm = 39.1840, GNorm = 0.2435, lr_0 = 6.0818e-04
Validation auc = 0.936085
Epoch 8
Loss = 4.5575e-02, PNorm = 39.2149, GNorm = 0.1133, lr_0 = 6.0233e-04
Loss = 6.8627e-02, PNorm = 39.2676, GNorm = 0.2874, lr_0 = 5.9653e-04
Loss = 6.1672e-02, PNorm = 39.3116, GNorm = 0.1128, lr_0 = 5.9078e-04
Loss = 4.9302e-02, PNorm = 39.3655, GNorm = 0.1714, lr_0 = 5.8510e-04
Loss = 6.7550e-02, PNorm = 39.3797, GNorm = 0.2328, lr_0 = 5.7946e-04
Loss = 5.7296e-02, PNorm = 39.4085, GNorm = 0.1177, lr_0 = 5.7388e-04
Loss = 4.1000e-02, PNorm = 39.4494, GNorm = 0.1134, lr_0 = 5.6836e-04
Loss = 1.0134e-01, PNorm = 39.4667, GNorm = 0.4255, lr_0 = 5.6289e-04
Loss = 8.5827e-02, PNorm = 39.5024, GNorm = 0.2553, lr_0 = 5.5747e-04
Loss = 1.2227e-02, PNorm = 39.5046, GNorm = 0.1144, lr_0 = 5.5693e-04
Validation auc = 0.934291
Epoch 9
Loss = 7.2644e-02, PNorm = 39.5361, GNorm = 0.2666, lr_0 = 5.5156e-04
Loss = 4.9419e-02, PNorm = 39.6034, GNorm = 0.0971, lr_0 = 5.4625e-04
Loss = 3.9296e-02, PNorm = 39.6429, GNorm = 0.0444, lr_0 = 5.4100e-04
Loss = 4.9056e-02, PNorm = 39.6517, GNorm = 0.4578, lr_0 = 5.3579e-04
Loss = 5.1298e-02, PNorm = 39.6765, GNorm = 0.1609, lr_0 = 5.3063e-04
Loss = 7.2585e-02, PNorm = 39.6943, GNorm = 0.2018, lr_0 = 5.2552e-04
Loss = 7.2905e-02, PNorm = 39.7383, GNorm = 0.1601, lr_0 = 5.2046e-04
Loss = 6.5506e-02, PNorm = 39.7754, GNorm = 0.3561, lr_0 = 5.1545e-04
Validation auc = 0.931301
Epoch 10
Loss = 5.5725e-02, PNorm = 39.7831, GNorm = 0.4408, lr_0 = 5.1049e-04
Loss = 5.3585e-02, PNorm = 39.8172, GNorm = 0.2202, lr_0 = 5.0557e-04
Loss = 6.5026e-02, PNorm = 39.8444, GNorm = 0.2609, lr_0 = 5.0070e-04
Loss = 5.4617e-02, PNorm = 39.8786, GNorm = 0.3167, lr_0 = 4.9588e-04
Loss = 5.1698e-02, PNorm = 39.9121, GNorm = 0.1966, lr_0 = 4.9111e-04
Loss = 5.0950e-02, PNorm = 39.9492, GNorm = 0.3188, lr_0 = 4.8638e-04
Loss = 8.5021e-02, PNorm = 39.9722, GNorm = 0.2333, lr_0 = 4.8170e-04
Loss = 4.0629e-02, PNorm = 40.0261, GNorm = 0.1364, lr_0 = 4.7706e-04
Loss = 6.1469e-02, PNorm = 40.0454, GNorm = 0.2139, lr_0 = 4.7247e-04
Validation auc = 0.944252
Epoch 11
Loss = 4.4035e-02, PNorm = 40.0801, GNorm = 0.1461, lr_0 = 4.6792e-04
Loss = 6.8861e-02, PNorm = 40.1157, GNorm = 0.2929, lr_0 = 4.6341e-04
Loss = 4.9992e-02, PNorm = 40.1469, GNorm = 0.4578, lr_0 = 4.5895e-04
Loss = 5.4196e-02, PNorm = 40.1684, GNorm = 0.1664, lr_0 = 4.5453e-04
Loss = 5.7432e-02, PNorm = 40.1937, GNorm = 0.1659, lr_0 = 4.5015e-04
Loss = 6.7181e-02, PNorm = 40.2272, GNorm = 0.3484, lr_0 = 4.4582e-04
Loss = 6.3744e-02, PNorm = 40.2526, GNorm = 0.1515, lr_0 = 4.4153e-04
Loss = 4.2482e-02, PNorm = 40.2882, GNorm = 0.2713, lr_0 = 4.3728e-04
Validation auc = 0.928753
Epoch 12
Loss = 3.6762e-02, PNorm = 40.3196, GNorm = 0.0899, lr_0 = 4.3265e-04
Loss = 5.8998e-02, PNorm = 40.3387, GNorm = 0.5392, lr_0 = 4.2848e-04
Loss = 5.4315e-02, PNorm = 40.3664, GNorm = 0.1797, lr_0 = 4.2436e-04
Loss = 6.3809e-02, PNorm = 40.4041, GNorm = 0.1944, lr_0 = 4.2027e-04
Loss = 3.0216e-02, PNorm = 40.4403, GNorm = 0.0949, lr_0 = 4.1622e-04
Loss = 5.5434e-02, PNorm = 40.4577, GNorm = 0.2758, lr_0 = 4.1222e-04
Loss = 5.6106e-02, PNorm = 40.4721, GNorm = 0.2764, lr_0 = 4.0825e-04
Loss = 6.6425e-02, PNorm = 40.5019, GNorm = 0.1275, lr_0 = 4.0432e-04
Loss = 5.1320e-02, PNorm = 40.5221, GNorm = 0.2601, lr_0 = 4.0042e-04
Validation auc = 0.944751
Epoch 13
Loss = 4.4647e-02, PNorm = 40.5489, GNorm = 0.1560, lr_0 = 3.9657e-04
Loss = 6.5915e-02, PNorm = 40.5754, GNorm = 0.1433, lr_0 = 3.9275e-04
Loss = 5.9543e-02, PNorm = 40.6035, GNorm = 0.2190, lr_0 = 3.8897e-04
Loss = 2.0717e-02, PNorm = 40.6488, GNorm = 0.0631, lr_0 = 3.8522e-04
Loss = 7.3266e-02, PNorm = 40.6581, GNorm = 0.2744, lr_0 = 3.8152e-04
Loss = 4.0315e-02, PNorm = 40.6833, GNorm = 0.1683, lr_0 = 3.7784e-04
Loss = 6.4938e-02, PNorm = 40.7021, GNorm = 0.5321, lr_0 = 3.7420e-04
Loss = 5.5952e-02, PNorm = 40.7242, GNorm = 0.2069, lr_0 = 3.7060e-04
Validation auc = 0.945408
Epoch 14
Loss = 4.5329e-02, PNorm = 40.7516, GNorm = 0.2632, lr_0 = 3.6668e-04
Loss = 6.5403e-02, PNorm = 40.7645, GNorm = 0.2169, lr_0 = 3.6315e-04
Loss = 4.5486e-02, PNorm = 40.7864, GNorm = 0.2236, lr_0 = 3.5965e-04
Loss = 4.2345e-02, PNorm = 40.8075, GNorm = 0.2635, lr_0 = 3.5619e-04
Loss = 2.8918e-02, PNorm = 40.8253, GNorm = 0.1332, lr_0 = 3.5276e-04
Loss = 4.7897e-02, PNorm = 40.8454, GNorm = 0.2595, lr_0 = 3.4936e-04
Loss = 7.9558e-02, PNorm = 40.8500, GNorm = 0.4038, lr_0 = 3.4600e-04
Loss = 4.6570e-02, PNorm = 40.8855, GNorm = 0.1486, lr_0 = 3.4267e-04
Loss = 6.1044e-02, PNorm = 40.9111, GNorm = 0.2027, lr_0 = 3.3937e-04
Validation auc = 0.948314
Epoch 15
Loss = 6.3208e-02, PNorm = 40.9286, GNorm = 0.4077, lr_0 = 3.3610e-04
Loss = 4.2283e-02, PNorm = 40.9622, GNorm = 0.1775, lr_0 = 3.3287e-04
Loss = 4.2346e-02, PNorm = 40.9778, GNorm = 0.1854, lr_0 = 3.2966e-04
Loss = 5.2715e-02, PNorm = 40.9828, GNorm = 0.2372, lr_0 = 3.2649e-04
Loss = 5.9065e-02, PNorm = 41.0032, GNorm = 0.1766, lr_0 = 3.2334e-04
Loss = 3.1232e-02, PNorm = 41.0293, GNorm = 0.1717, lr_0 = 3.2023e-04
Loss = 5.8278e-02, PNorm = 41.0424, GNorm = 0.1711, lr_0 = 3.1715e-04
Loss = 6.2203e-02, PNorm = 41.0520, GNorm = 0.3211, lr_0 = 3.1409e-04
Loss = 6.1440e-02, PNorm = 41.0743, GNorm = 0.2635, lr_0 = 3.1107e-04
Validation auc = 0.950910
Epoch 16
Loss = 4.8154e-02, PNorm = 41.1019, GNorm = 0.3705, lr_0 = 3.0807e-04
Loss = 6.1159e-02, PNorm = 41.1124, GNorm = 0.1830, lr_0 = 3.0511e-04
Loss = 2.1587e-02, PNorm = 41.1353, GNorm = 0.1074, lr_0 = 3.0217e-04
Loss = 5.7661e-02, PNorm = 41.1375, GNorm = 0.3989, lr_0 = 2.9926e-04
Loss = 4.2093e-02, PNorm = 41.1431, GNorm = 0.1072, lr_0 = 2.9638e-04
Loss = 5.8398e-02, PNorm = 41.1643, GNorm = 0.3035, lr_0 = 2.9353e-04
Loss = 4.0735e-02, PNorm = 41.1794, GNorm = 0.1121, lr_0 = 2.9070e-04
Loss = 3.6994e-02, PNorm = 41.1963, GNorm = 0.1206, lr_0 = 2.8790e-04
Validation auc = 0.946150
Epoch 17
Loss = 2.0803e-02, PNorm = 41.2122, GNorm = 0.1095, lr_0 = 2.8485e-04
Loss = 5.5833e-02, PNorm = 41.2334, GNorm = 0.4884, lr_0 = 2.8211e-04
Loss = 4.1043e-02, PNorm = 41.2445, GNorm = 0.1804, lr_0 = 2.7939e-04
Loss = 5.5491e-02, PNorm = 41.2549, GNorm = 0.2234, lr_0 = 2.7670e-04
Loss = 4.0921e-02, PNorm = 41.2720, GNorm = 0.2297, lr_0 = 2.7404e-04
Loss = 5.8513e-02, PNorm = 41.2829, GNorm = 0.1445, lr_0 = 2.7140e-04
Loss = 7.2999e-02, PNorm = 41.2983, GNorm = 0.2163, lr_0 = 2.6879e-04
Loss = 3.2362e-02, PNorm = 41.3251, GNorm = 0.1740, lr_0 = 2.6620e-04
Loss = 3.0739e-02, PNorm = 41.3439, GNorm = 0.2535, lr_0 = 2.6364e-04
Validation auc = 0.953940
Epoch 18
Loss = 5.6258e-02, PNorm = 41.3384, GNorm = 0.2521, lr_0 = 2.6110e-04
Loss = 4.2769e-02, PNorm = 41.3541, GNorm = 0.3730, lr_0 = 2.5859e-04
Loss = 4.1393e-02, PNorm = 41.3765, GNorm = 0.2450, lr_0 = 2.5610e-04
Loss = 2.3746e-02, PNorm = 41.3967, GNorm = 0.1585, lr_0 = 2.5363e-04
Loss = 3.3131e-02, PNorm = 41.4127, GNorm = 0.4659, lr_0 = 2.5119e-04
Loss = 6.3004e-02, PNorm = 41.4083, GNorm = 0.1355, lr_0 = 2.4877e-04
Loss = 5.0042e-02, PNorm = 41.4226, GNorm = 0.1798, lr_0 = 2.4638e-04
Loss = 5.2667e-02, PNorm = 41.4380, GNorm = 0.1442, lr_0 = 2.4400e-04
Validation auc = 0.951146
Epoch 19
Loss = 4.8246e-02, PNorm = 41.4493, GNorm = 0.2118, lr_0 = 2.4165e-04
Loss = 5.1879e-02, PNorm = 41.4672, GNorm = 0.1006, lr_0 = 2.3933e-04
Loss = 3.2149e-02, PNorm = 41.4877, GNorm = 0.1108, lr_0 = 2.3702e-04
Loss = 5.2833e-02, PNorm = 41.4934, GNorm = 0.4648, lr_0 = 2.3474e-04
Loss = 4.5640e-02, PNorm = 41.5020, GNorm = 0.1626, lr_0 = 2.3248e-04
Loss = 5.1636e-02, PNorm = 41.5227, GNorm = 0.3048, lr_0 = 2.3024e-04
Loss = 5.4334e-02, PNorm = 41.5360, GNorm = 0.4206, lr_0 = 2.2803e-04
Loss = 3.8093e-02, PNorm = 41.5474, GNorm = 0.1554, lr_0 = 2.2583e-04
Loss = 4.7343e-02, PNorm = 41.5594, GNorm = 0.1680, lr_0 = 2.2366e-04
Validation auc = 0.954002
Epoch 20
Loss = 2.9058e-02, PNorm = 41.5731, GNorm = 0.3045, lr_0 = 2.2129e-04
Loss = 5.3397e-02, PNorm = 41.5772, GNorm = 0.1525, lr_0 = 2.1916e-04
Loss = 3.4040e-02, PNorm = 41.5961, GNorm = 0.3388, lr_0 = 2.1705e-04
Loss = 4.5464e-02, PNorm = 41.6134, GNorm = 0.3816, lr_0 = 2.1496e-04
Loss = 2.9309e-02, PNorm = 41.6165, GNorm = 0.0648, lr_0 = 2.1289e-04
Loss = 3.7987e-02, PNorm = 41.6265, GNorm = 0.1092, lr_0 = 2.1084e-04
Loss = 6.1302e-02, PNorm = 41.6381, GNorm = 0.2031, lr_0 = 2.0881e-04
Loss = 6.5576e-02, PNorm = 41.6457, GNorm = 0.3096, lr_0 = 2.0680e-04
Validation auc = 0.947895
Epoch 21
Loss = 5.5415e-02, PNorm = 41.6614, GNorm = 0.1204, lr_0 = 2.0481e-04
Loss = 4.0754e-02, PNorm = 41.6730, GNorm = 0.0866, lr_0 = 2.0283e-04
Loss = 4.1737e-02, PNorm = 41.6798, GNorm = 0.3287, lr_0 = 2.0088e-04
Loss = 3.6655e-02, PNorm = 41.6882, GNorm = 0.1384, lr_0 = 1.9895e-04
Loss = 4.5188e-02, PNorm = 41.6998, GNorm = 0.1517, lr_0 = 1.9703e-04
Loss = 3.9941e-02, PNorm = 41.7120, GNorm = 0.1580, lr_0 = 1.9514e-04
Loss = 5.4661e-02, PNorm = 41.7211, GNorm = 0.5410, lr_0 = 1.9326e-04
Loss = 4.1504e-02, PNorm = 41.7311, GNorm = 0.2122, lr_0 = 1.9140e-04
Loss = 3.3009e-02, PNorm = 41.7511, GNorm = 0.1101, lr_0 = 1.8955e-04
Validation auc = 0.956258
Epoch 22
Loss = 3.8109e-02, PNorm = 41.7534, GNorm = 0.1150, lr_0 = 1.8773e-04
Loss = 3.5693e-02, PNorm = 41.7622, GNorm = 0.2267, lr_0 = 1.8592e-04
Loss = 3.7795e-02, PNorm = 41.7718, GNorm = 0.1765, lr_0 = 1.8413e-04
Loss = 4.5411e-02, PNorm = 41.7761, GNorm = 0.1317, lr_0 = 1.8236e-04
Loss = 4.6789e-02, PNorm = 41.7837, GNorm = 0.3413, lr_0 = 1.8060e-04
Loss = 5.0746e-02, PNorm = 41.8008, GNorm = 0.1687, lr_0 = 1.7886e-04
Loss = 2.9327e-02, PNorm = 41.8201, GNorm = 0.1117, lr_0 = 1.7714e-04
Loss = 4.9788e-02, PNorm = 41.8200, GNorm = 0.1063, lr_0 = 1.7544e-04
Validation auc = 0.954945
Epoch 23
Loss = 1.0239e-01, PNorm = 41.8278, GNorm = 0.2722, lr_0 = 1.7358e-04
Loss = 3.8888e-02, PNorm = 41.8401, GNorm = 0.2494, lr_0 = 1.7191e-04
Loss = 3.8117e-02, PNorm = 41.8517, GNorm = 0.2478, lr_0 = 1.7025e-04
Loss = 3.2603e-02, PNorm = 41.8593, GNorm = 0.2104, lr_0 = 1.6861e-04
Loss = 4.5894e-02, PNorm = 41.8684, GNorm = 0.3155, lr_0 = 1.6699e-04
Loss = 4.0082e-02, PNorm = 41.8753, GNorm = 0.1707, lr_0 = 1.6538e-04
Loss = 3.8624e-02, PNorm = 41.8885, GNorm = 0.0995, lr_0 = 1.6379e-04
Loss = 4.8271e-02, PNorm = 41.8933, GNorm = 0.2456, lr_0 = 1.6221e-04
Loss = 3.8881e-02, PNorm = 41.8987, GNorm = 0.2063, lr_0 = 1.6065e-04
Validation auc = 0.956474
Epoch 24
Loss = 4.0602e-02, PNorm = 41.9088, GNorm = 0.5028, lr_0 = 1.5910e-04
Loss = 3.6137e-02, PNorm = 41.9203, GNorm = 0.0694, lr_0 = 1.5757e-04
Loss = 3.4311e-02, PNorm = 41.9277, GNorm = 0.2297, lr_0 = 1.5605e-04
Loss = 3.0739e-02, PNorm = 41.9379, GNorm = 0.1413, lr_0 = 1.5455e-04
Loss = 5.6165e-02, PNorm = 41.9413, GNorm = 0.1928, lr_0 = 1.5306e-04
Loss = 5.2722e-02, PNorm = 41.9412, GNorm = 0.6148, lr_0 = 1.5159e-04
Loss = 5.6709e-02, PNorm = 41.9567, GNorm = 0.1796, lr_0 = 1.5013e-04
Loss = 3.3491e-02, PNorm = 41.9706, GNorm = 0.1103, lr_0 = 1.4869e-04
Loss = 4.6094e-02, PNorm = 41.9739, GNorm = 0.0869, lr_0 = 1.4725e-04
Validation auc = 0.958523
Epoch 25
Loss = 3.8007e-02, PNorm = 41.9754, GNorm = 0.2773, lr_0 = 1.4584e-04
Loss = 4.8494e-02, PNorm = 41.9821, GNorm = 0.2141, lr_0 = 1.4443e-04
Loss = 2.8485e-02, PNorm = 42.0004, GNorm = 0.1020, lr_0 = 1.4304e-04
Loss = 4.0722e-02, PNorm = 42.0140, GNorm = 0.2569, lr_0 = 1.4166e-04
Loss = 3.5543e-02, PNorm = 42.0245, GNorm = 0.6212, lr_0 = 1.4030e-04
Loss = 3.0164e-02, PNorm = 42.0258, GNorm = 0.1935, lr_0 = 1.3895e-04
Loss = 3.9730e-02, PNorm = 42.0265, GNorm = 0.2098, lr_0 = 1.3761e-04
Loss = 5.9499e-02, PNorm = 42.0294, GNorm = 0.6084, lr_0 = 1.3629e-04
Validation auc = 0.953233
Epoch 26
Loss = 4.2832e-02, PNorm = 42.0332, GNorm = 0.2055, lr_0 = 1.3484e-04
Loss = 4.1439e-02, PNorm = 42.0421, GNorm = 0.3090, lr_0 = 1.3355e-04
Loss = 5.2797e-02, PNorm = 42.0493, GNorm = 0.2909, lr_0 = 1.3226e-04
Loss = 4.5073e-02, PNorm = 42.0632, GNorm = 0.1102, lr_0 = 1.3099e-04
Loss = 4.6501e-02, PNorm = 42.0691, GNorm = 0.1152, lr_0 = 1.2973e-04
Loss = 3.8029e-02, PNorm = 42.0694, GNorm = 0.4827, lr_0 = 1.2848e-04
Loss = 3.4733e-02, PNorm = 42.0742, GNorm = 0.2760, lr_0 = 1.2724e-04
Loss = 3.8308e-02, PNorm = 42.0834, GNorm = 0.3117, lr_0 = 1.2601e-04
Loss = 2.1109e-02, PNorm = 42.0932, GNorm = 0.2661, lr_0 = 1.2480e-04
Validation auc = 0.957887
Epoch 27
Loss = 2.3009e-02, PNorm = 42.0977, GNorm = 0.2960, lr_0 = 1.2360e-04
Loss = 4.3243e-02, PNorm = 42.0995, GNorm = 0.3878, lr_0 = 1.2241e-04
Loss = 4.1346e-02, PNorm = 42.1074, GNorm = 0.3451, lr_0 = 1.2123e-04
Loss = 4.4986e-02, PNorm = 42.1173, GNorm = 0.3977, lr_0 = 1.2006e-04
Loss = 4.7798e-02, PNorm = 42.1233, GNorm = 0.4388, lr_0 = 1.1891e-04
Loss = 3.4431e-02, PNorm = 42.1277, GNorm = 0.2382, lr_0 = 1.1776e-04
Loss = 3.1003e-02, PNorm = 42.1384, GNorm = 0.1802, lr_0 = 1.1663e-04
Loss = 4.7342e-02, PNorm = 42.1442, GNorm = 0.8080, lr_0 = 1.1551e-04
Validation auc = 0.959886
Epoch 28
Loss = 5.8171e-02, PNorm = 42.1434, GNorm = 0.2771, lr_0 = 1.1428e-04
Loss = 3.9379e-02, PNorm = 42.1522, GNorm = 0.3966, lr_0 = 1.1318e-04
Loss = 2.7607e-02, PNorm = 42.1608, GNorm = 0.0878, lr_0 = 1.1209e-04
Loss = 5.0363e-02, PNorm = 42.1628, GNorm = 0.1768, lr_0 = 1.1101e-04
Loss = 1.8616e-02, PNorm = 42.1705, GNorm = 0.1396, lr_0 = 1.0995e-04
Loss = 3.1450e-02, PNorm = 42.1751, GNorm = 0.1037, lr_0 = 1.0889e-04
Loss = 3.6557e-02, PNorm = 42.1798, GNorm = 0.1195, lr_0 = 1.0784e-04
Loss = 2.7233e-02, PNorm = 42.1871, GNorm = 0.2004, lr_0 = 1.0680e-04
Loss = 6.7660e-02, PNorm = 42.1844, GNorm = 0.3242, lr_0 = 1.0577e-04
Validation auc = 0.957933
Epoch 29
Loss = 4.0011e-02, PNorm = 42.1911, GNorm = 0.1964, lr_0 = 1.0475e-04
Loss = 2.9314e-02, PNorm = 42.2056, GNorm = 0.2594, lr_0 = 1.0374e-04
Loss = 3.5184e-02, PNorm = 42.2130, GNorm = 0.0705, lr_0 = 1.0275e-04
Loss = 3.8272e-02, PNorm = 42.2121, GNorm = 0.2567, lr_0 = 1.0176e-04
Loss = 3.3900e-02, PNorm = 42.2186, GNorm = 0.4198, lr_0 = 1.0078e-04
Loss = 3.9577e-02, PNorm = 42.2251, GNorm = 0.2040, lr_0 = 1.0000e-04
Loss = 3.5549e-02, PNorm = 42.2306, GNorm = 0.1229, lr_0 = 1.0000e-04
Loss = 5.1798e-02, PNorm = 42.2315, GNorm = 0.4147, lr_0 = 1.0000e-04
Validation auc = 0.959631
Model 0 best validation auc = 0.959886 on epoch 27
Loading pretrained parameter "encoder.encoder.0.cached_zero_vector".
Loading pretrained parameter "encoder.encoder.0.W_i.weight".
Loading pretrained parameter "encoder.encoder.0.W_h.weight".
Loading pretrained parameter "encoder.encoder.0.W_o.weight".
Loading pretrained parameter "encoder.encoder.0.W_o.bias".
Loading pretrained parameter "ffn.1.weight".
Loading pretrained parameter "ffn.1.bias".
Moving model to cuda
Model 0 test auc = 0.767767
Ensemble test auc = 0.767767
Fold 1
Splitting data with seed 1
Total scaffolds = 3,467 | train scaffolds = 2,658 | val scaffolds = 399 | test scaffolds = 410
Label averages per scaffold, in decreasing order of scaffold frequency,capped at 10 scaffolds and 20 labels:
Scaffold 0
Task 0: count = 381 | target average = 0.018373
Task 1: count = 381 | target average = 0.013123


Scaffold 1
Task 0: count = 305 | target average = 0.009836
Task 1: count = 305 | target average = 0.016393


Scaffold 2
Task 0: count = 36 | target average = 0.000000
Task 1: count = 36 | target average = 0.000000


Scaffold 3
Task 0: count = 29 | target average = 0.000000
Task 1: count = 29 | target average = 0.000000


Scaffold 4
Task 0: count = 26 | target average = 0.000000
Task 1: count = 26 | target average = 0.000000


Scaffold 5
Task 0: count = 23 | target average = 0.000000
Task 1: count = 23 | target average = 0.000000


Scaffold 6
Task 0: count = 22 | target average = 0.090909
Task 1: count = 22 | target average = 0.090909


Scaffold 7
Task 0: count = 20 | target average = 0.050000
Task 1: count = 20 | target average = 0.000000


Scaffold 8
Task 0: count = 20 | target average = 0.000000
Task 1: count = 20 | target average = 0.000000


Scaffold 9
Task 0: count = 20 | target average = 0.000000
Task 1: count = 20 | target average = 0.000000


Class sizes
hit_inh 0: 97.83%, 1: 2.17%
hit_kill 0: 98.64%, 1: 1.36%
Total size = 5,353 | train size = 4,282 | val size = 535 | test size = 536
Building model 0
MoleculeModel(
  (sigmoid): Sigmoid()
  (encoder): MPN(
    (encoder): ModuleList(
      (0): MPNEncoder(
        (dropout_layer): Dropout(p=0.4, inplace=False)
        (act_func): ReLU()
        (W_i): Linear(in_features=147, out_features=500, bias=False)
        (W_h): Linear(in_features=500, out_features=500, bias=False)
        (W_o): Linear(in_features=633, out_features=500, bias=True)
      )
    )
  )
  (ffn): Sequential(
    (0): Dropout(p=0.4, inplace=False)
    (1): Linear(in_features=700, out_features=2, bias=True)
  )
)
Number of parameters = 641,902
Moving model to cuda
Epoch 0
Loss = 2.2374e-01, PNorm = 35.9806, GNorm = 0.0175, lr_0 = 1.0000e-03
Loss = 1.0475e-01, PNorm = 36.0511, GNorm = 0.2299, lr_0 = 1.0000e-03
Loss = 8.0895e-02, PNorm = 36.1056, GNorm = 0.6733, lr_0 = 1.0000e-03
Loss = 7.4870e-02, PNorm = 36.1303, GNorm = 0.1554, lr_0 = 1.0000e-03
Loss = 8.8225e-02, PNorm = 36.1517, GNorm = 0.1432, lr_0 = 1.0000e-03
Loss = 1.1172e-01, PNorm = 36.1694, GNorm = 0.1730, lr_0 = 1.0000e-03
Loss = 1.1280e-01, PNorm = 36.1986, GNorm = 0.1824, lr_0 = 1.0000e-03
Loss = 1.0777e-01, PNorm = 36.2186, GNorm = 0.1679, lr_0 = 1.0000e-03
Validation auc = 0.621201
Epoch 1
Loss = 5.2550e-02, PNorm = 36.2558, GNorm = 0.2243, lr_0 = 1.0000e-03
Loss = 1.0127e-01, PNorm = 36.2744, GNorm = 0.1864, lr_0 = 1.0000e-03
Loss = 1.0109e-01, PNorm = 36.3088, GNorm = 0.1641, lr_0 = 1.0000e-03
Loss = 8.4556e-02, PNorm = 36.3369, GNorm = 0.1469, lr_0 = 1.0000e-03
Loss = 7.1110e-02, PNorm = 36.3631, GNorm = 0.2231, lr_0 = 1.0000e-03
Loss = 6.7364e-02, PNorm = 36.3927, GNorm = 0.1217, lr_0 = 1.0000e-03
Loss = 8.5956e-02, PNorm = 36.4237, GNorm = 0.2117, lr_0 = 1.0000e-03
Loss = 8.8904e-02, PNorm = 36.4670, GNorm = 0.1351, lr_0 = 1.0000e-03
Loss = 1.1761e-01, PNorm = 36.5075, GNorm = 0.3264, lr_0 = 9.9807e-04
Validation auc = 0.819377
Epoch 2
Loss = 7.9695e-02, PNorm = 36.5644, GNorm = 0.1083, lr_0 = 9.8846e-04
Loss = 1.0212e-01, PNorm = 36.6083, GNorm = 0.3044, lr_0 = 9.7894e-04
Loss = 9.2010e-02, PNorm = 36.6703, GNorm = 0.2392, lr_0 = 9.6952e-04
Loss = 8.3850e-02, PNorm = 36.7313, GNorm = 0.1835, lr_0 = 9.6018e-04
Loss = 4.8727e-02, PNorm = 36.7821, GNorm = 0.1351, lr_0 = 9.5094e-04
Loss = 7.3810e-02, PNorm = 36.8150, GNorm = 0.1356, lr_0 = 9.4178e-04
Loss = 9.4241e-02, PNorm = 36.8473, GNorm = 0.1734, lr_0 = 9.3271e-04
Loss = 8.1185e-02, PNorm = 36.9068, GNorm = 0.2491, lr_0 = 9.2373e-04
Validation auc = 0.854389
Epoch 3
Loss = 1.1661e-01, PNorm = 36.9621, GNorm = 0.2055, lr_0 = 9.1395e-04
Loss = 9.8330e-02, PNorm = 37.0488, GNorm = 0.2675, lr_0 = 9.0515e-04
Loss = 5.5402e-02, PNorm = 37.1146, GNorm = 0.1712, lr_0 = 8.9644e-04
Loss = 7.4992e-02, PNorm = 37.1666, GNorm = 0.3226, lr_0 = 8.8781e-04
Loss = 7.5664e-02, PNorm = 37.2095, GNorm = 0.1211, lr_0 = 8.7926e-04
Loss = 7.8053e-02, PNorm = 37.2857, GNorm = 0.1606, lr_0 = 8.7080e-04
Loss = 7.3115e-02, PNorm = 37.3720, GNorm = 0.1102, lr_0 = 8.6241e-04
Loss = 1.1068e-01, PNorm = 37.4132, GNorm = 0.1875, lr_0 = 8.5411e-04
Loss = 7.1551e-02, PNorm = 37.5000, GNorm = 0.1629, lr_0 = 8.4588e-04
Validation auc = 0.785328
Epoch 4
Loss = 4.9437e-02, PNorm = 37.5673, GNorm = 0.0890, lr_0 = 8.3774e-04
Loss = 7.6354e-02, PNorm = 37.6298, GNorm = 0.3925, lr_0 = 8.2967e-04
Loss = 1.0208e-01, PNorm = 37.7025, GNorm = 0.1907, lr_0 = 8.2169e-04
Loss = 7.5932e-02, PNorm = 37.7932, GNorm = 0.2746, lr_0 = 8.1377e-04
Loss = 9.8052e-02, PNorm = 37.8210, GNorm = 0.2304, lr_0 = 8.0594e-04
Loss = 6.5958e-02, PNorm = 37.9030, GNorm = 0.2228, lr_0 = 7.9818e-04
Loss = 8.9992e-02, PNorm = 37.9599, GNorm = 0.1296, lr_0 = 7.9050e-04
Loss = 9.1641e-02, PNorm = 37.9943, GNorm = 0.1657, lr_0 = 7.8288e-04
Validation auc = 0.877626
Epoch 5
Loss = 5.6788e-02, PNorm = 38.0615, GNorm = 0.1651, lr_0 = 7.7535e-04
Loss = 7.5300e-02, PNorm = 38.1009, GNorm = 0.1592, lr_0 = 7.6788e-04
Loss = 5.9449e-02, PNorm = 38.1548, GNorm = 0.1719, lr_0 = 7.6049e-04
Loss = 5.2308e-02, PNorm = 38.2206, GNorm = 0.2414, lr_0 = 7.5317e-04
Loss = 7.9694e-02, PNorm = 38.2454, GNorm = 0.1408, lr_0 = 7.4591e-04
Loss = 8.0037e-02, PNorm = 38.3223, GNorm = 0.2974, lr_0 = 7.3873e-04
Loss = 9.1424e-02, PNorm = 38.3738, GNorm = 0.3558, lr_0 = 7.3162e-04
Loss = 7.9112e-02, PNorm = 38.4316, GNorm = 0.1532, lr_0 = 7.2458e-04
Loss = 7.8279e-02, PNorm = 38.4603, GNorm = 0.1867, lr_0 = 7.1760e-04
Validation auc = 0.868107
Epoch 6
Loss = 7.8823e-02, PNorm = 38.5180, GNorm = 0.1486, lr_0 = 7.1000e-04
Loss = 9.0648e-02, PNorm = 38.5780, GNorm = 0.1998, lr_0 = 7.0317e-04
Loss = 5.7067e-02, PNorm = 38.6457, GNorm = 0.1660, lr_0 = 6.9640e-04
Loss = 5.4025e-02, PNorm = 38.6920, GNorm = 0.2471, lr_0 = 6.8969e-04
Loss = 6.0487e-02, PNorm = 38.7421, GNorm = 0.0844, lr_0 = 6.8305e-04
Loss = 7.1502e-02, PNorm = 38.7867, GNorm = 0.1563, lr_0 = 6.7648e-04
Loss = 6.5910e-02, PNorm = 38.8280, GNorm = 0.3350, lr_0 = 6.6996e-04
Loss = 1.0328e-01, PNorm = 38.8685, GNorm = 0.1654, lr_0 = 6.6351e-04
Validation auc = 0.854389
Epoch 7
Loss = 2.8396e-02, PNorm = 38.9307, GNorm = 0.1093, lr_0 = 6.5712e-04
Loss = 5.3324e-02, PNorm = 38.9966, GNorm = 0.1174, lr_0 = 6.5080e-04
Loss = 8.5046e-02, PNorm = 39.0235, GNorm = 0.5742, lr_0 = 6.4453e-04
Loss = 1.0276e-01, PNorm = 39.0754, GNorm = 0.1702, lr_0 = 6.3833e-04
Loss = 7.1761e-02, PNorm = 39.1400, GNorm = 0.1673, lr_0 = 6.3218e-04
Loss = 5.7747e-02, PNorm = 39.2154, GNorm = 0.3944, lr_0 = 6.2609e-04
Loss = 6.3518e-02, PNorm = 39.2640, GNorm = 0.1421, lr_0 = 6.2006e-04
Loss = 6.2304e-02, PNorm = 39.3175, GNorm = 0.3471, lr_0 = 6.1409e-04
Loss = 6.4329e-02, PNorm = 39.3463, GNorm = 0.1899, lr_0 = 6.0818e-04
Validation auc = 0.883642
Epoch 8
Loss = 4.0721e-02, PNorm = 39.4126, GNorm = 0.0816, lr_0 = 6.0233e-04
Loss = 6.7680e-02, PNorm = 39.4501, GNorm = 0.2391, lr_0 = 5.9653e-04
Loss = 5.9194e-02, PNorm = 39.4924, GNorm = 0.1275, lr_0 = 5.9078e-04
Loss = 5.6121e-02, PNorm = 39.5077, GNorm = 0.1247, lr_0 = 5.8510e-04
Loss = 5.0180e-02, PNorm = 39.5521, GNorm = 0.1476, lr_0 = 5.7946e-04
Loss = 6.9207e-02, PNorm = 39.5871, GNorm = 0.1772, lr_0 = 5.7388e-04
Loss = 6.0508e-02, PNorm = 39.6492, GNorm = 0.1921, lr_0 = 5.6836e-04
Loss = 7.0489e-02, PNorm = 39.7024, GNorm = 0.1618, lr_0 = 5.6289e-04
Loss = 9.4906e-02, PNorm = 39.7139, GNorm = 0.2724, lr_0 = 5.5747e-04
Loss = 2.1846e-02, PNorm = 39.7148, GNorm = 0.1809, lr_0 = 5.5693e-04
Validation auc = 0.835688
Epoch 9
Loss = 3.9313e-02, PNorm = 39.7598, GNorm = 0.1290, lr_0 = 5.5156e-04
Loss = 6.6260e-02, PNorm = 39.7994, GNorm = 0.1670, lr_0 = 5.4625e-04
Loss = 7.5916e-02, PNorm = 39.8552, GNorm = 0.1979, lr_0 = 5.4100e-04
Loss = 6.6832e-02, PNorm = 39.8955, GNorm = 0.5570, lr_0 = 5.3579e-04
Loss = 6.8407e-02, PNorm = 39.9089, GNorm = 0.1598, lr_0 = 5.3063e-04
Loss = 5.2850e-02, PNorm = 39.9598, GNorm = 0.1208, lr_0 = 5.2552e-04
Loss = 5.8189e-02, PNorm = 39.9866, GNorm = 0.1850, lr_0 = 5.2046e-04
Loss = 7.3741e-02, PNorm = 40.0290, GNorm = 0.1550, lr_0 = 5.1545e-04
Validation auc = 0.880884
Epoch 10
Loss = 3.5558e-02, PNorm = 40.0755, GNorm = 0.1898, lr_0 = 5.1049e-04
Loss = 4.6297e-02, PNorm = 40.1218, GNorm = 0.1229, lr_0 = 5.0557e-04
Loss = 3.6834e-02, PNorm = 40.1791, GNorm = 0.1871, lr_0 = 5.0070e-04
Loss = 6.8391e-02, PNorm = 40.2161, GNorm = 0.1675, lr_0 = 4.9588e-04
Loss = 7.8307e-02, PNorm = 40.2347, GNorm = 0.5304, lr_0 = 4.9111e-04
Loss = 8.7329e-02, PNorm = 40.2589, GNorm = 0.3253, lr_0 = 4.8638e-04
Loss = 5.2310e-02, PNorm = 40.3050, GNorm = 0.1612, lr_0 = 4.8170e-04
Loss = 6.1907e-02, PNorm = 40.3341, GNorm = 0.1183, lr_0 = 4.7706e-04
Loss = 6.3441e-02, PNorm = 40.3627, GNorm = 0.1744, lr_0 = 4.7247e-04
Validation auc = 0.833134
Epoch 11
Loss = 4.6952e-02, PNorm = 40.3983, GNorm = 0.0809, lr_0 = 4.6792e-04
Loss = 2.4471e-02, PNorm = 40.4325, GNorm = 0.2347, lr_0 = 4.6341e-04
Loss = 4.5356e-02, PNorm = 40.4551, GNorm = 0.1311, lr_0 = 4.5895e-04
Loss = 7.6987e-02, PNorm = 40.4842, GNorm = 0.2543, lr_0 = 4.5453e-04
Loss = 6.2316e-02, PNorm = 40.5290, GNorm = 0.1433, lr_0 = 4.5015e-04
Loss = 4.6826e-02, PNorm = 40.5531, GNorm = 0.0914, lr_0 = 4.4582e-04
Loss = 8.2350e-02, PNorm = 40.5690, GNorm = 0.2707, lr_0 = 4.4153e-04
Loss = 4.2897e-02, PNorm = 40.6212, GNorm = 0.2222, lr_0 = 4.3728e-04
Validation auc = 0.846380
Epoch 12
Loss = 3.4011e-02, PNorm = 40.6488, GNorm = 0.2369, lr_0 = 4.3265e-04
Loss = 4.4416e-02, PNorm = 40.7050, GNorm = 0.1974, lr_0 = 4.2848e-04
Loss = 5.1650e-02, PNorm = 40.7371, GNorm = 0.4935, lr_0 = 4.2436e-04
Loss = 2.9048e-02, PNorm = 40.7536, GNorm = 0.1438, lr_0 = 4.2027e-04
Loss = 7.0957e-02, PNorm = 40.7708, GNorm = 0.3633, lr_0 = 4.1622e-04
Loss = 6.3224e-02, PNorm = 40.8029, GNorm = 0.1755, lr_0 = 4.1222e-04
Loss = 9.7610e-02, PNorm = 40.8258, GNorm = 0.2608, lr_0 = 4.0825e-04
Loss = 5.9840e-02, PNorm = 40.8636, GNorm = 0.1945, lr_0 = 4.0432e-04
Loss = 6.2672e-02, PNorm = 40.8808, GNorm = 0.4401, lr_0 = 4.0042e-04
Validation auc = 0.821368
Epoch 13
Loss = 4.4177e-02, PNorm = 40.8912, GNorm = 0.3087, lr_0 = 3.9657e-04
Loss = 3.7045e-02, PNorm = 40.9262, GNorm = 0.0749, lr_0 = 3.9275e-04
Loss = 5.4398e-02, PNorm = 40.9490, GNorm = 0.2022, lr_0 = 3.8897e-04
Loss = 4.3327e-02, PNorm = 40.9692, GNorm = 0.1920, lr_0 = 3.8522e-04
Loss = 5.4781e-02, PNorm = 40.9955, GNorm = 0.2604, lr_0 = 3.8152e-04
Loss = 5.6972e-02, PNorm = 41.0208, GNorm = 0.1973, lr_0 = 3.7784e-04
Loss = 7.2358e-02, PNorm = 41.0412, GNorm = 0.3681, lr_0 = 3.7420e-04
Loss = 6.3059e-02, PNorm = 41.0543, GNorm = 0.2018, lr_0 = 3.7060e-04
Validation auc = 0.843097
Epoch 14
Loss = 3.3753e-02, PNorm = 41.0778, GNorm = 0.1331, lr_0 = 3.6668e-04
Loss = 4.4123e-02, PNorm = 41.1153, GNorm = 0.1454, lr_0 = 3.6315e-04
Loss = 8.3520e-02, PNorm = 41.1397, GNorm = 0.2712, lr_0 = 3.5965e-04
Loss = 4.0218e-02, PNorm = 41.1858, GNorm = 0.3076, lr_0 = 3.5619e-04
Loss = 4.3601e-02, PNorm = 41.2036, GNorm = 0.1659, lr_0 = 3.5276e-04
Loss = 4.3593e-02, PNorm = 41.2236, GNorm = 0.1701, lr_0 = 3.4936e-04
Loss = 8.0292e-02, PNorm = 41.2400, GNorm = 0.1832, lr_0 = 3.4600e-04
Loss = 5.3215e-02, PNorm = 41.2628, GNorm = 0.2254, lr_0 = 3.4267e-04
Loss = 3.3878e-02, PNorm = 41.2900, GNorm = 0.1807, lr_0 = 3.3937e-04
Validation auc = 0.869959
Epoch 15
Loss = 8.0087e-02, PNorm = 41.3047, GNorm = 0.1724, lr_0 = 3.3610e-04
Loss = 3.4467e-02, PNorm = 41.3260, GNorm = 0.1300, lr_0 = 3.3287e-04
Loss = 5.3062e-02, PNorm = 41.3353, GNorm = 0.2540, lr_0 = 3.2966e-04
Loss = 5.7168e-02, PNorm = 41.3400, GNorm = 0.2387, lr_0 = 3.2649e-04
Loss = 3.4205e-02, PNorm = 41.3624, GNorm = 0.1982, lr_0 = 3.2334e-04
Loss = 5.0532e-02, PNorm = 41.3841, GNorm = 0.0698, lr_0 = 3.2023e-04
Loss = 5.9991e-02, PNorm = 41.3920, GNorm = 0.3055, lr_0 = 3.1715e-04
Loss = 5.0860e-02, PNorm = 41.4127, GNorm = 0.1786, lr_0 = 3.1409e-04
Loss = 5.1333e-02, PNorm = 41.4420, GNorm = 0.2316, lr_0 = 3.1107e-04
Validation auc = 0.872771
Epoch 16
Loss = 6.4324e-02, PNorm = 41.4608, GNorm = 0.1738, lr_0 = 3.0807e-04
Loss = 3.6958e-02, PNorm = 41.4827, GNorm = 0.0813, lr_0 = 3.0511e-04
Loss = 6.1333e-02, PNorm = 41.4945, GNorm = 0.1625, lr_0 = 3.0217e-04
Loss = 4.6932e-02, PNorm = 41.5149, GNorm = 0.2025, lr_0 = 2.9926e-04
Loss = 6.2690e-02, PNorm = 41.5210, GNorm = 0.1587, lr_0 = 2.9638e-04
Loss = 6.4803e-02, PNorm = 41.5465, GNorm = 0.1845, lr_0 = 2.9353e-04
Loss = 4.9997e-02, PNorm = 41.5837, GNorm = 0.6308, lr_0 = 2.9070e-04
Loss = 2.0689e-02, PNorm = 41.5987, GNorm = 0.1016, lr_0 = 2.8790e-04
Validation auc = 0.876063
Epoch 17
Loss = 4.7799e-02, PNorm = 41.6187, GNorm = 0.0991, lr_0 = 2.8485e-04
Loss = 5.7315e-02, PNorm = 41.6242, GNorm = 0.2505, lr_0 = 2.8211e-04
Loss = 5.2462e-02, PNorm = 41.6404, GNorm = 0.1292, lr_0 = 2.7939e-04
Loss = 5.2423e-02, PNorm = 41.6573, GNorm = 0.2229, lr_0 = 2.7670e-04
Loss = 3.7526e-02, PNorm = 41.6827, GNorm = 0.1852, lr_0 = 2.7404e-04
Loss = 3.4320e-02, PNorm = 41.6905, GNorm = 0.1560, lr_0 = 2.7140e-04
Loss = 5.5628e-02, PNorm = 41.6897, GNorm = 0.4116, lr_0 = 2.6879e-04
Loss = 4.3521e-02, PNorm = 41.7067, GNorm = 0.1963, lr_0 = 2.6620e-04
Loss = 5.5946e-02, PNorm = 41.7237, GNorm = 0.3039, lr_0 = 2.6364e-04
Validation auc = 0.873163
Epoch 18
Loss = 4.6376e-02, PNorm = 41.7425, GNorm = 0.0835, lr_0 = 2.6110e-04
Loss = 5.3684e-02, PNorm = 41.7549, GNorm = 0.3814, lr_0 = 2.5859e-04
Loss = 6.6287e-02, PNorm = 41.7616, GNorm = 0.2356, lr_0 = 2.5610e-04
Loss = 4.5298e-02, PNorm = 41.7924, GNorm = 0.4496, lr_0 = 2.5363e-04
Loss = 6.4681e-02, PNorm = 41.8043, GNorm = 0.3986, lr_0 = 2.5119e-04
Loss = 4.7360e-02, PNorm = 41.8219, GNorm = 0.1710, lr_0 = 2.4877e-04
Loss = 4.0728e-02, PNorm = 41.8272, GNorm = 0.2145, lr_0 = 2.4638e-04
Loss = 3.7883e-02, PNorm = 41.8404, GNorm = 0.3582, lr_0 = 2.4400e-04
Validation auc = 0.856058
Epoch 19
Loss = 3.2406e-02, PNorm = 41.8650, GNorm = 0.1971, lr_0 = 2.4165e-04
Loss = 4.5286e-02, PNorm = 41.8809, GNorm = 0.2821, lr_0 = 2.3933e-04
Loss = 4.3303e-02, PNorm = 41.8850, GNorm = 0.1039, lr_0 = 2.3702e-04
Loss = 3.7836e-02, PNorm = 41.8954, GNorm = 0.2394, lr_0 = 2.3474e-04
Loss = 3.5442e-02, PNorm = 41.9150, GNorm = 0.2894, lr_0 = 2.3248e-04
Loss = 7.4481e-02, PNorm = 41.9179, GNorm = 0.2211, lr_0 = 2.3024e-04
Loss = 6.4563e-02, PNorm = 41.9284, GNorm = 0.5242, lr_0 = 2.2803e-04
Loss = 3.2443e-02, PNorm = 41.9455, GNorm = 0.2371, lr_0 = 2.2583e-04
Loss = 3.9082e-02, PNorm = 41.9514, GNorm = 0.1347, lr_0 = 2.2366e-04
Validation auc = 0.861077
Epoch 20
Loss = 3.9777e-02, PNorm = 41.9710, GNorm = 0.2693, lr_0 = 2.2129e-04
Loss = 4.0207e-02, PNorm = 41.9907, GNorm = 0.1083, lr_0 = 2.1916e-04
Loss = 5.4306e-02, PNorm = 42.0049, GNorm = 0.1601, lr_0 = 2.1705e-04
Loss = 2.6423e-02, PNorm = 42.0158, GNorm = 0.1034, lr_0 = 2.1496e-04
Loss = 5.5442e-02, PNorm = 42.0202, GNorm = 0.1722, lr_0 = 2.1289e-04
Loss = 6.1299e-02, PNorm = 42.0197, GNorm = 0.2530, lr_0 = 2.1084e-04
Loss = 3.0293e-02, PNorm = 42.0375, GNorm = 0.1652, lr_0 = 2.0881e-04
Loss = 3.9049e-02, PNorm = 42.0516, GNorm = 0.5622, lr_0 = 2.0680e-04
Validation auc = 0.848018
Epoch 21
Loss = 4.8471e-02, PNorm = 42.0413, GNorm = 0.3999, lr_0 = 2.0481e-04
Loss = 3.8780e-02, PNorm = 42.0675, GNorm = 0.2091, lr_0 = 2.0283e-04
Loss = 3.5615e-02, PNorm = 42.0849, GNorm = 0.0771, lr_0 = 2.0088e-04
Loss = 6.2624e-02, PNorm = 42.0871, GNorm = 0.2089, lr_0 = 1.9895e-04
Loss = 5.0679e-02, PNorm = 42.0972, GNorm = 0.2432, lr_0 = 1.9703e-04
Loss = 4.9577e-02, PNorm = 42.1180, GNorm = 0.1542, lr_0 = 1.9514e-04
Loss = 5.9967e-02, PNorm = 42.1341, GNorm = 0.3196, lr_0 = 1.9326e-04
Loss = 3.0308e-02, PNorm = 42.1408, GNorm = 0.2561, lr_0 = 1.9140e-04
Loss = 5.2256e-02, PNorm = 42.1530, GNorm = 0.6746, lr_0 = 1.8955e-04
Validation auc = 0.881947
Epoch 22
Loss = 1.6252e-02, PNorm = 42.1651, GNorm = 0.1299, lr_0 = 1.8773e-04
Loss = 5.7953e-02, PNorm = 42.1687, GNorm = 0.1938, lr_0 = 1.8592e-04
Loss = 2.8859e-02, PNorm = 42.1803, GNorm = 0.2008, lr_0 = 1.8413e-04
Loss = 3.3273e-02, PNorm = 42.2015, GNorm = 0.0890, lr_0 = 1.8236e-04
Loss = 6.4134e-02, PNorm = 42.2058, GNorm = 0.0651, lr_0 = 1.8060e-04
Loss = 3.3186e-02, PNorm = 42.2106, GNorm = 0.2517, lr_0 = 1.7886e-04
Loss = 6.3011e-02, PNorm = 42.2257, GNorm = 0.3780, lr_0 = 1.7714e-04
Loss = 5.4381e-02, PNorm = 42.2317, GNorm = 0.3023, lr_0 = 1.7544e-04
Validation auc = 0.872101
Epoch 23
Loss = 6.1118e-02, PNorm = 42.2438, GNorm = 0.3413, lr_0 = 1.7358e-04
Loss = 3.4763e-02, PNorm = 42.2580, GNorm = 0.6608, lr_0 = 1.7191e-04
Loss = 6.6043e-02, PNorm = 42.2551, GNorm = 0.2354, lr_0 = 1.7025e-04
Loss = 2.6920e-02, PNorm = 42.2735, GNorm = 0.1688, lr_0 = 1.6861e-04
Loss = 4.9789e-02, PNorm = 42.2822, GNorm = 0.1040, lr_0 = 1.6699e-04
Loss = 3.1960e-02, PNorm = 42.2906, GNorm = 0.2747, lr_0 = 1.6538e-04
Loss = 3.1176e-02, PNorm = 42.3006, GNorm = 0.4148, lr_0 = 1.6379e-04
Loss = 4.4113e-02, PNorm = 42.3012, GNorm = 0.2325, lr_0 = 1.6221e-04
Loss = 5.1630e-02, PNorm = 42.3102, GNorm = 0.1172, lr_0 = 1.6065e-04
Validation auc = 0.875748
Epoch 24
Loss = 7.6483e-02, PNorm = 42.3126, GNorm = 0.4397, lr_0 = 1.5910e-04
Loss = 3.4513e-02, PNorm = 42.3260, GNorm = 0.2213, lr_0 = 1.5757e-04
Loss = 5.2710e-02, PNorm = 42.3379, GNorm = 0.2916, lr_0 = 1.5605e-04
Loss = 3.0152e-02, PNorm = 42.3469, GNorm = 0.1622, lr_0 = 1.5455e-04
Loss = 4.4789e-02, PNorm = 42.3549, GNorm = 0.1327, lr_0 = 1.5306e-04
Loss = 2.9535e-02, PNorm = 42.3655, GNorm = 0.1502, lr_0 = 1.5159e-04
Loss = 4.2137e-02, PNorm = 42.3746, GNorm = 0.2868, lr_0 = 1.5013e-04
Loss = 4.6111e-02, PNorm = 42.3713, GNorm = 0.1884, lr_0 = 1.4869e-04
Loss = 4.0890e-02, PNorm = 42.3825, GNorm = 0.1397, lr_0 = 1.4725e-04
Validation auc = 0.862940
Epoch 25
Loss = 4.2837e-02, PNorm = 42.3929, GNorm = 0.3135, lr_0 = 1.4584e-04
Loss = 3.4315e-02, PNorm = 42.4040, GNorm = 0.2564, lr_0 = 1.4443e-04
Loss = 4.3869e-02, PNorm = 42.4146, GNorm = 0.7168, lr_0 = 1.4304e-04
Loss = 5.6605e-02, PNorm = 42.4205, GNorm = 0.3184, lr_0 = 1.4166e-04
Loss = 2.5870e-02, PNorm = 42.4343, GNorm = 0.1872, lr_0 = 1.4030e-04
Loss = 3.9420e-02, PNorm = 42.4419, GNorm = 0.2594, lr_0 = 1.3895e-04
Loss = 3.0283e-02, PNorm = 42.4490, GNorm = 0.1245, lr_0 = 1.3761e-04
Loss = 3.9993e-02, PNorm = 42.4514, GNorm = 0.1355, lr_0 = 1.3629e-04
Validation auc = 0.879636
Epoch 26
Loss = 3.6174e-02, PNorm = 42.4551, GNorm = 0.1778, lr_0 = 1.3484e-04
Loss = 4.4849e-02, PNorm = 42.4688, GNorm = 0.5542, lr_0 = 1.3355e-04
Loss = 2.2617e-02, PNorm = 42.4820, GNorm = 0.2240, lr_0 = 1.3226e-04
Loss = 3.6329e-02, PNorm = 42.4865, GNorm = 0.1276, lr_0 = 1.3099e-04
Loss = 6.1953e-02, PNorm = 42.4811, GNorm = 0.2988, lr_0 = 1.2973e-04
Loss = 4.3560e-02, PNorm = 42.4916, GNorm = 0.4117, lr_0 = 1.2848e-04
Loss = 3.4822e-02, PNorm = 42.5065, GNorm = 0.1212, lr_0 = 1.2724e-04
Loss = 5.6170e-02, PNorm = 42.5111, GNorm = 0.3503, lr_0 = 1.2601e-04
Loss = 2.1114e-02, PNorm = 42.5158, GNorm = 0.3479, lr_0 = 1.2480e-04
Validation auc = 0.885374
Epoch 27
Loss = 4.5353e-02, PNorm = 42.5164, GNorm = 0.3049, lr_0 = 1.2360e-04
Loss = 2.7269e-02, PNorm = 42.5263, GNorm = 0.1692, lr_0 = 1.2241e-04
Loss = 3.2858e-02, PNorm = 42.5397, GNorm = 0.3189, lr_0 = 1.2123e-04
Loss = 1.5483e-02, PNorm = 42.5499, GNorm = 0.1154, lr_0 = 1.2006e-04
Loss = 3.8845e-02, PNorm = 42.5544, GNorm = 0.1503, lr_0 = 1.1891e-04
Loss = 5.6889e-02, PNorm = 42.5544, GNorm = 0.5785, lr_0 = 1.1776e-04
Loss = 3.8347e-02, PNorm = 42.5650, GNorm = 0.3016, lr_0 = 1.1663e-04
Loss = 3.4600e-02, PNorm = 42.5766, GNorm = 0.2582, lr_0 = 1.1551e-04
Validation auc = 0.886787
Epoch 28
Loss = 7.5243e-02, PNorm = 42.5704, GNorm = 0.2375, lr_0 = 1.1428e-04
Loss = 3.2734e-02, PNorm = 42.5724, GNorm = 0.2575, lr_0 = 1.1318e-04
Loss = 5.3462e-02, PNorm = 42.5812, GNorm = 0.2609, lr_0 = 1.1209e-04
Loss = 3.2778e-02, PNorm = 42.5843, GNorm = 0.1675, lr_0 = 1.1101e-04
Loss = 3.0769e-02, PNorm = 42.5894, GNorm = 0.1723, lr_0 = 1.0995e-04
Loss = 4.6168e-02, PNorm = 42.5958, GNorm = 0.1031, lr_0 = 1.0889e-04
Loss = 4.2400e-02, PNorm = 42.6010, GNorm = 0.2126, lr_0 = 1.0784e-04
Loss = 4.9421e-02, PNorm = 42.6055, GNorm = 0.1219, lr_0 = 1.0680e-04
Loss = 2.7723e-02, PNorm = 42.6120, GNorm = 0.2786, lr_0 = 1.0577e-04
Validation auc = 0.882764
Epoch 29
Loss = 4.2036e-02, PNorm = 42.6192, GNorm = 0.3849, lr_0 = 1.0475e-04
Loss = 3.0257e-02, PNorm = 42.6228, GNorm = 0.5572, lr_0 = 1.0374e-04
Loss = 4.9698e-02, PNorm = 42.6251, GNorm = 0.2465, lr_0 = 1.0275e-04
Loss = 2.8400e-02, PNorm = 42.6349, GNorm = 0.2948, lr_0 = 1.0176e-04
Loss = 2.6560e-02, PNorm = 42.6433, GNorm = 0.0950, lr_0 = 1.0078e-04
Loss = 5.2297e-02, PNorm = 42.6433, GNorm = 0.1305, lr_0 = 1.0000e-04
Loss = 4.3442e-02, PNorm = 42.6463, GNorm = 0.3800, lr_0 = 1.0000e-04
Loss = 2.9362e-02, PNorm = 42.6547, GNorm = 0.1704, lr_0 = 1.0000e-04
Validation auc = 0.880238
Model 0 best validation auc = 0.886787 on epoch 27
Loading pretrained parameter "encoder.encoder.0.cached_zero_vector".
Loading pretrained parameter "encoder.encoder.0.W_i.weight".
Loading pretrained parameter "encoder.encoder.0.W_h.weight".
Loading pretrained parameter "encoder.encoder.0.W_o.weight".
Loading pretrained parameter "encoder.encoder.0.W_o.bias".
Loading pretrained parameter "ffn.1.weight".
Loading pretrained parameter "ffn.1.bias".
Moving model to cuda
Model 0 test auc = 0.797408
Ensemble test auc = 0.797408
Fold 2
Splitting data with seed 2
Total scaffolds = 3,467 | train scaffolds = 2,630 | val scaffolds = 419 | test scaffolds = 418
Label averages per scaffold, in decreasing order of scaffold frequency,capped at 10 scaffolds and 20 labels:
Scaffold 0
Task 0: count = 381 | target average = 0.018373
Task 1: count = 381 | target average = 0.013123


Scaffold 1
Task 0: count = 305 | target average = 0.009836
Task 1: count = 305 | target average = 0.016393


Scaffold 2
Task 0: count = 36 | target average = 0.000000
Task 1: count = 36 | target average = 0.000000


Scaffold 3
Task 0: count = 29 | target average = 0.000000
Task 1: count = 29 | target average = 0.000000


Scaffold 4
Task 0: count = 26 | target average = 0.000000
Task 1: count = 26 | target average = 0.000000


Scaffold 5
Task 0: count = 23 | target average = 0.000000
Task 1: count = 23 | target average = 0.000000


Scaffold 6
Task 0: count = 22 | target average = 0.090909
Task 1: count = 22 | target average = 0.090909


Scaffold 7
Task 0: count = 20 | target average = 0.000000
Task 1: count = 20 | target average = 0.000000


Scaffold 8
Task 0: count = 20 | target average = 0.000000
Task 1: count = 20 | target average = 0.000000


Scaffold 9
Task 0: count = 20 | target average = 0.050000
Task 1: count = 20 | target average = 0.000000


Class sizes
hit_inh 0: 97.83%, 1: 2.17%
hit_kill 0: 98.64%, 1: 1.36%
Total size = 5,353 | train size = 4,282 | val size = 535 | test size = 536
Building model 0
MoleculeModel(
  (sigmoid): Sigmoid()
  (encoder): MPN(
    (encoder): ModuleList(
      (0): MPNEncoder(
        (dropout_layer): Dropout(p=0.4, inplace=False)
        (act_func): ReLU()
        (W_i): Linear(in_features=147, out_features=500, bias=False)
        (W_h): Linear(in_features=500, out_features=500, bias=False)
        (W_o): Linear(in_features=633, out_features=500, bias=True)
      )
    )
  )
  (ffn): Sequential(
    (0): Dropout(p=0.4, inplace=False)
    (1): Linear(in_features=700, out_features=2, bias=True)
  )
)
Number of parameters = 641,902
Moving model to cuda
Epoch 0
Loss = 2.1754e-01, PNorm = 35.9799, GNorm = 0.2556, lr_0 = 1.0000e-03
Loss = 6.3550e-02, PNorm = 36.0562, GNorm = 0.1533, lr_0 = 1.0000e-03
Loss = 1.0288e-01, PNorm = 36.0973, GNorm = 0.2228, lr_0 = 1.0000e-03
Loss = 9.0301e-02, PNorm = 36.1285, GNorm = 0.1768, lr_0 = 1.0000e-03
Loss = 7.9348e-02, PNorm = 36.1490, GNorm = 0.1487, lr_0 = 1.0000e-03
Loss = 1.0019e-01, PNorm = 36.1685, GNorm = 0.2200, lr_0 = 1.0000e-03
Loss = 9.5812e-02, PNorm = 36.1943, GNorm = 0.3364, lr_0 = 1.0000e-03
Loss = 7.9424e-02, PNorm = 36.2093, GNorm = 0.1845, lr_0 = 1.0000e-03
Validation auc = 0.670134
Epoch 1
Loss = 6.8179e-02, PNorm = 36.2381, GNorm = 0.2009, lr_0 = 1.0000e-03
Loss = 8.0419e-02, PNorm = 36.2678, GNorm = 0.5058, lr_0 = 1.0000e-03
Loss = 4.6670e-02, PNorm = 36.2890, GNorm = 0.2014, lr_0 = 1.0000e-03
Loss = 1.2436e-01, PNorm = 36.3056, GNorm = 0.4399, lr_0 = 1.0000e-03
Loss = 7.8118e-02, PNorm = 36.3399, GNorm = 0.2374, lr_0 = 1.0000e-03
Loss = 9.0991e-02, PNorm = 36.3633, GNorm = 0.1557, lr_0 = 1.0000e-03
Loss = 1.0257e-01, PNorm = 36.3835, GNorm = 0.1513, lr_0 = 1.0000e-03
Loss = 1.1967e-01, PNorm = 36.4163, GNorm = 0.2894, lr_0 = 1.0000e-03
Loss = 6.7195e-02, PNorm = 36.4704, GNorm = 0.0851, lr_0 = 9.9807e-04
Validation auc = 0.812248
Epoch 2
Loss = 9.1409e-02, PNorm = 36.4863, GNorm = 0.2924, lr_0 = 9.8846e-04
Loss = 8.1553e-02, PNorm = 36.5306, GNorm = 0.3892, lr_0 = 9.7894e-04
Loss = 9.9711e-02, PNorm = 36.5566, GNorm = 0.1554, lr_0 = 9.6952e-04
Loss = 8.5473e-02, PNorm = 36.5954, GNorm = 0.4232, lr_0 = 9.6018e-04
Loss = 1.0608e-01, PNorm = 36.6300, GNorm = 0.1772, lr_0 = 9.5094e-04
Loss = 7.1443e-02, PNorm = 36.7057, GNorm = 0.1642, lr_0 = 9.4178e-04
Loss = 5.7957e-02, PNorm = 36.7408, GNorm = 0.1072, lr_0 = 9.3271e-04
Loss = 7.6118e-02, PNorm = 36.7760, GNorm = 0.1450, lr_0 = 9.2373e-04
Validation auc = 0.812307
Epoch 3
Loss = 8.2701e-02, PNorm = 36.8193, GNorm = 0.1827, lr_0 = 9.1395e-04
Loss = 9.8048e-02, PNorm = 36.8641, GNorm = 0.1726, lr_0 = 9.0515e-04
Loss = 9.1079e-02, PNorm = 36.9415, GNorm = 0.3104, lr_0 = 8.9644e-04
Loss = 3.3947e-02, PNorm = 37.0139, GNorm = 0.0742, lr_0 = 8.8781e-04
Loss = 9.9586e-02, PNorm = 37.0175, GNorm = 0.2386, lr_0 = 8.7926e-04
Loss = 7.9025e-02, PNorm = 37.0585, GNorm = 0.1025, lr_0 = 8.7080e-04
Loss = 1.0872e-01, PNorm = 37.1024, GNorm = 0.2598, lr_0 = 8.6241e-04
Loss = 8.0008e-02, PNorm = 37.1748, GNorm = 0.1266, lr_0 = 8.5411e-04
Loss = 7.7134e-02, PNorm = 37.2158, GNorm = 0.2740, lr_0 = 8.4588e-04
Validation auc = 0.822281
Epoch 4
Loss = 4.6474e-02, PNorm = 37.2739, GNorm = 0.1256, lr_0 = 8.3774e-04
Loss = 6.2885e-02, PNorm = 37.3337, GNorm = 0.1769, lr_0 = 8.2967e-04
Loss = 7.3950e-02, PNorm = 37.3731, GNorm = 0.2254, lr_0 = 8.2169e-04
Loss = 9.9784e-02, PNorm = 37.4035, GNorm = 0.2008, lr_0 = 8.1377e-04
Loss = 9.8592e-02, PNorm = 37.4662, GNorm = 0.1581, lr_0 = 8.0594e-04
Loss = 6.4260e-02, PNorm = 37.5463, GNorm = 0.1709, lr_0 = 7.9818e-04
Loss = 9.9998e-02, PNorm = 37.5866, GNorm = 0.2460, lr_0 = 7.9050e-04
Loss = 5.6073e-02, PNorm = 37.6619, GNorm = 0.1636, lr_0 = 7.8288e-04
Validation auc = 0.844348
Epoch 5
Loss = 1.0701e-01, PNorm = 37.7245, GNorm = 0.1453, lr_0 = 7.7535e-04
Loss = 9.4020e-02, PNorm = 37.8225, GNorm = 0.1599, lr_0 = 7.6788e-04
Loss = 7.4637e-02, PNorm = 37.8808, GNorm = 0.2639, lr_0 = 7.6049e-04
Loss = 7.7849e-02, PNorm = 37.9281, GNorm = 0.1552, lr_0 = 7.5317e-04
Loss = 5.2195e-02, PNorm = 37.9841, GNorm = 0.0861, lr_0 = 7.4591e-04
Loss = 6.8133e-02, PNorm = 38.0186, GNorm = 0.1493, lr_0 = 7.3873e-04
Loss = 8.8178e-02, PNorm = 38.0582, GNorm = 0.1319, lr_0 = 7.3162e-04
Loss = 6.5781e-02, PNorm = 38.1215, GNorm = 0.1066, lr_0 = 7.2458e-04
Loss = 5.8348e-02, PNorm = 38.1596, GNorm = 0.1501, lr_0 = 7.1760e-04
Validation auc = 0.842316
Epoch 6
Loss = 4.9115e-02, PNorm = 38.1936, GNorm = 0.1327, lr_0 = 7.1000e-04
Loss = 8.6337e-02, PNorm = 38.2332, GNorm = 0.1322, lr_0 = 7.0317e-04
Loss = 8.7889e-02, PNorm = 38.2734, GNorm = 0.2242, lr_0 = 6.9640e-04
Loss = 7.8843e-02, PNorm = 38.3306, GNorm = 0.2270, lr_0 = 6.8969e-04
Loss = 7.2571e-02, PNorm = 38.3944, GNorm = 0.0976, lr_0 = 6.8305e-04
Loss = 6.7531e-02, PNorm = 38.4507, GNorm = 0.2084, lr_0 = 6.7648e-04
Loss = 7.2882e-02, PNorm = 38.5134, GNorm = 0.5076, lr_0 = 6.6996e-04
Loss = 3.1184e-02, PNorm = 38.5730, GNorm = 0.0882, lr_0 = 6.6351e-04
Validation auc = 0.852438
Epoch 7
Loss = 8.6384e-02, PNorm = 38.5955, GNorm = 0.1504, lr_0 = 6.5712e-04
Loss = 6.9204e-02, PNorm = 38.6523, GNorm = 0.2513, lr_0 = 6.5080e-04
Loss = 8.7581e-02, PNorm = 38.7010, GNorm = 0.1603, lr_0 = 6.4453e-04
Loss = 7.0757e-02, PNorm = 38.7898, GNorm = 0.1628, lr_0 = 6.3833e-04
Loss = 7.2181e-02, PNorm = 38.8140, GNorm = 0.1172, lr_0 = 6.3218e-04
Loss = 4.5990e-02, PNorm = 38.8552, GNorm = 0.1256, lr_0 = 6.2609e-04
Loss = 7.3657e-02, PNorm = 38.9018, GNorm = 0.1684, lr_0 = 6.2006e-04
Loss = 7.7811e-02, PNorm = 38.9591, GNorm = 0.3428, lr_0 = 6.1409e-04
Loss = 5.1003e-02, PNorm = 39.0284, GNorm = 0.1190, lr_0 = 6.0818e-04
Validation auc = 0.866540
Epoch 8
Loss = 3.2452e-02, PNorm = 39.0742, GNorm = 0.2011, lr_0 = 6.0233e-04
Loss = 5.4279e-02, PNorm = 39.1198, GNorm = 0.1224, lr_0 = 5.9653e-04
Loss = 6.9809e-02, PNorm = 39.1462, GNorm = 0.1502, lr_0 = 5.9078e-04
Loss = 8.7757e-02, PNorm = 39.1790, GNorm = 0.2568, lr_0 = 5.8510e-04
Loss = 6.8182e-02, PNorm = 39.2514, GNorm = 0.2510, lr_0 = 5.7946e-04
Loss = 6.6211e-02, PNorm = 39.3064, GNorm = 0.2484, lr_0 = 5.7388e-04
Loss = 5.2132e-02, PNorm = 39.3581, GNorm = 0.1669, lr_0 = 5.6836e-04
Loss = 6.5628e-02, PNorm = 39.3849, GNorm = 0.2034, lr_0 = 5.6289e-04
Loss = 7.0840e-02, PNorm = 39.4165, GNorm = 0.1494, lr_0 = 5.5747e-04
Loss = 1.6651e-02, PNorm = 39.4210, GNorm = 0.1831, lr_0 = 5.5693e-04
Validation auc = 0.864768
Epoch 9
Loss = 4.7973e-02, PNorm = 39.4692, GNorm = 0.1341, lr_0 = 5.5156e-04
Loss = 8.1452e-02, PNorm = 39.4841, GNorm = 0.1822, lr_0 = 5.4625e-04
Loss = 6.7998e-02, PNorm = 39.5240, GNorm = 0.1402, lr_0 = 5.4100e-04
Loss = 3.6855e-02, PNorm = 39.5822, GNorm = 0.1586, lr_0 = 5.3579e-04
Loss = 8.6922e-02, PNorm = 39.6020, GNorm = 0.2253, lr_0 = 5.3063e-04
Loss = 5.2272e-02, PNorm = 39.6691, GNorm = 0.1886, lr_0 = 5.2552e-04
Loss = 7.3064e-02, PNorm = 39.6819, GNorm = 0.1401, lr_0 = 5.2046e-04
Loss = 5.9203e-02, PNorm = 39.7245, GNorm = 0.1788, lr_0 = 5.1545e-04
Validation auc = 0.863270
Epoch 10
Loss = 3.6198e-02, PNorm = 39.7695, GNorm = 0.0830, lr_0 = 5.1049e-04
Loss = 7.4903e-02, PNorm = 39.8154, GNorm = 0.1719, lr_0 = 5.0557e-04
Loss = 3.4345e-02, PNorm = 39.8797, GNorm = 0.0616, lr_0 = 5.0070e-04
Loss = 2.8717e-02, PNorm = 39.8937, GNorm = 0.2893, lr_0 = 4.9588e-04
Loss = 9.3212e-02, PNorm = 39.8883, GNorm = 0.3587, lr_0 = 4.9111e-04
Loss = 7.6851e-02, PNorm = 39.9184, GNorm = 0.1461, lr_0 = 4.8638e-04
Loss = 6.6866e-02, PNorm = 39.9530, GNorm = 0.1646, lr_0 = 4.8170e-04
Loss = 6.1209e-02, PNorm = 40.0011, GNorm = 0.3764, lr_0 = 4.7706e-04
Loss = 5.4465e-02, PNorm = 40.0298, GNorm = 0.3298, lr_0 = 4.7247e-04
Validation auc = 0.880542
Epoch 11
Loss = 8.9720e-02, PNorm = 40.0588, GNorm = 0.3059, lr_0 = 4.6792e-04
Loss = 5.1128e-02, PNorm = 40.1162, GNorm = 0.2501, lr_0 = 4.6341e-04
Loss = 3.3232e-02, PNorm = 40.1450, GNorm = 0.0591, lr_0 = 4.5895e-04
Loss = 5.1069e-02, PNorm = 40.1545, GNorm = 0.0818, lr_0 = 4.5453e-04
Loss = 8.0843e-02, PNorm = 40.1712, GNorm = 0.3828, lr_0 = 4.5015e-04
Loss = 6.3254e-02, PNorm = 40.2172, GNorm = 0.1187, lr_0 = 4.4582e-04
Loss = 5.8318e-02, PNorm = 40.2508, GNorm = 0.1173, lr_0 = 4.4153e-04
Loss = 5.4425e-02, PNorm = 40.2902, GNorm = 0.1549, lr_0 = 4.3728e-04
Validation auc = 0.862016
Epoch 12
Loss = 6.1542e-02, PNorm = 40.3317, GNorm = 0.2337, lr_0 = 4.3265e-04
Loss = 4.2069e-02, PNorm = 40.3662, GNorm = 0.1642, lr_0 = 4.2848e-04
Loss = 5.1054e-02, PNorm = 40.4076, GNorm = 0.2397, lr_0 = 4.2436e-04
Loss = 7.2213e-02, PNorm = 40.4302, GNorm = 0.8765, lr_0 = 4.2027e-04
Loss = 5.5237e-02, PNorm = 40.4444, GNorm = 0.4037, lr_0 = 4.1622e-04
Loss = 3.2471e-02, PNorm = 40.4838, GNorm = 0.2632, lr_0 = 4.1222e-04
Loss = 9.0546e-02, PNorm = 40.4785, GNorm = 0.1945, lr_0 = 4.0825e-04
Loss = 6.5908e-02, PNorm = 40.4983, GNorm = 0.2977, lr_0 = 4.0432e-04
Loss = 5.1884e-02, PNorm = 40.5615, GNorm = 0.1304, lr_0 = 4.0042e-04
Validation auc = 0.904468
Epoch 13
Loss = 2.9311e-02, PNorm = 40.5868, GNorm = 0.1848, lr_0 = 3.9657e-04
Loss = 6.9327e-02, PNorm = 40.6048, GNorm = 0.1551, lr_0 = 3.9275e-04
Loss = 2.0170e-02, PNorm = 40.6490, GNorm = 0.1034, lr_0 = 3.8897e-04
Loss = 6.8655e-02, PNorm = 40.6597, GNorm = 0.2868, lr_0 = 3.8522e-04
Loss = 6.8549e-02, PNorm = 40.6841, GNorm = 0.2614, lr_0 = 3.8152e-04
Loss = 6.0565e-02, PNorm = 40.7244, GNorm = 0.4097, lr_0 = 3.7784e-04
Loss = 7.5650e-02, PNorm = 40.7254, GNorm = 0.3088, lr_0 = 3.7420e-04
Loss = 4.7941e-02, PNorm = 40.7522, GNorm = 0.1137, lr_0 = 3.7060e-04
Validation auc = 0.904999
Epoch 14
Loss = 2.0141e-02, PNorm = 40.7790, GNorm = 0.1561, lr_0 = 3.6668e-04
Loss = 4.5244e-02, PNorm = 40.7946, GNorm = 0.2034, lr_0 = 3.6315e-04
Loss = 5.5764e-02, PNorm = 40.8187, GNorm = 0.2293, lr_0 = 3.5965e-04
Loss = 4.5594e-02, PNorm = 40.8413, GNorm = 0.0809, lr_0 = 3.5619e-04
Loss = 5.4478e-02, PNorm = 40.8667, GNorm = 0.1479, lr_0 = 3.5276e-04
Loss = 5.1917e-02, PNorm = 40.8887, GNorm = 0.3591, lr_0 = 3.4936e-04
Loss = 7.5652e-02, PNorm = 40.8937, GNorm = 0.3100, lr_0 = 3.4600e-04
Loss = 5.4562e-02, PNorm = 40.9236, GNorm = 0.1245, lr_0 = 3.4267e-04
Loss = 5.2284e-02, PNorm = 40.9495, GNorm = 0.1130, lr_0 = 3.3937e-04
Validation auc = 0.894678
Epoch 15
Loss = 5.4982e-02, PNorm = 40.9611, GNorm = 0.2050, lr_0 = 3.3610e-04
Loss = 7.4057e-02, PNorm = 40.9979, GNorm = 0.2152, lr_0 = 3.3287e-04
Loss = 3.4422e-02, PNorm = 41.0265, GNorm = 0.1767, lr_0 = 3.2966e-04
Loss = 4.2882e-02, PNorm = 41.0570, GNorm = 0.0715, lr_0 = 3.2649e-04
Loss = 6.0085e-02, PNorm = 41.0490, GNorm = 0.1777, lr_0 = 3.2334e-04
Loss = 4.7665e-02, PNorm = 41.0674, GNorm = 0.1681, lr_0 = 3.2023e-04
Loss = 5.7912e-02, PNorm = 41.0976, GNorm = 0.2117, lr_0 = 3.1715e-04
Loss = 3.4446e-02, PNorm = 41.1171, GNorm = 0.4185, lr_0 = 3.1409e-04
Loss = 6.4542e-02, PNorm = 41.1222, GNorm = 0.2110, lr_0 = 3.1107e-04
Validation auc = 0.875883
Epoch 16
Loss = 5.6708e-02, PNorm = 41.1515, GNorm = 0.3450, lr_0 = 3.0807e-04
Loss = 7.3122e-02, PNorm = 41.1673, GNorm = 0.2625, lr_0 = 3.0511e-04
Loss = 5.4372e-02, PNorm = 41.1866, GNorm = 0.2219, lr_0 = 3.0217e-04
Loss = 3.4994e-02, PNorm = 41.2167, GNorm = 0.0841, lr_0 = 2.9926e-04
Loss = 5.6329e-02, PNorm = 41.2292, GNorm = 0.2837, lr_0 = 2.9638e-04
Loss = 4.3892e-02, PNorm = 41.2430, GNorm = 0.1331, lr_0 = 2.9353e-04
Loss = 3.0182e-02, PNorm = 41.2728, GNorm = 0.1380, lr_0 = 2.9070e-04
Loss = 5.8966e-02, PNorm = 41.2890, GNorm = 0.1204, lr_0 = 2.8790e-04
Validation auc = 0.885064
Epoch 17
Loss = 4.8686e-02, PNorm = 41.2988, GNorm = 0.1415, lr_0 = 2.8485e-04
Loss = 6.4457e-02, PNorm = 41.3091, GNorm = 0.2033, lr_0 = 2.8211e-04
Loss = 3.7763e-02, PNorm = 41.3413, GNorm = 0.2122, lr_0 = 2.7939e-04
Loss = 6.3142e-02, PNorm = 41.3555, GNorm = 0.1816, lr_0 = 2.7670e-04
Loss = 5.4899e-02, PNorm = 41.3711, GNorm = 0.1668, lr_0 = 2.7404e-04
Loss = 4.9413e-02, PNorm = 41.3871, GNorm = 0.1402, lr_0 = 2.7140e-04
Loss = 4.6218e-02, PNorm = 41.4060, GNorm = 0.1880, lr_0 = 2.6879e-04
Loss = 4.7968e-02, PNorm = 41.4231, GNorm = 0.2368, lr_0 = 2.6620e-04
Loss = 3.5812e-02, PNorm = 41.4417, GNorm = 0.0584, lr_0 = 2.6364e-04
Validation auc = 0.882164
Epoch 18
Loss = 5.4264e-02, PNorm = 41.4504, GNorm = 0.1352, lr_0 = 2.6110e-04
Loss = 5.3829e-02, PNorm = 41.4578, GNorm = 0.2042, lr_0 = 2.5859e-04
Loss = 4.0743e-02, PNorm = 41.4781, GNorm = 0.1638, lr_0 = 2.5610e-04
Loss = 4.2455e-02, PNorm = 41.4961, GNorm = 0.1033, lr_0 = 2.5363e-04
Loss = 4.7904e-02, PNorm = 41.5105, GNorm = 0.1822, lr_0 = 2.5119e-04
Loss = 3.6024e-02, PNorm = 41.5271, GNorm = 0.1495, lr_0 = 2.4877e-04
Loss = 6.7442e-02, PNorm = 41.5419, GNorm = 0.2605, lr_0 = 2.4638e-04
Loss = 5.4267e-02, PNorm = 41.5519, GNorm = 0.5097, lr_0 = 2.4400e-04
Validation auc = 0.885126
Epoch 19
Loss = 5.4313e-02, PNorm = 41.5664, GNorm = 0.1180, lr_0 = 2.4165e-04
Loss = 3.6922e-02, PNorm = 41.5814, GNorm = 0.4446, lr_0 = 2.3933e-04
Loss = 5.1972e-02, PNorm = 41.5883, GNorm = 0.2218, lr_0 = 2.3702e-04
Loss = 5.0833e-02, PNorm = 41.6071, GNorm = 0.1312, lr_0 = 2.3474e-04
Loss = 4.0316e-02, PNorm = 41.6263, GNorm = 0.1535, lr_0 = 2.3248e-04
Loss = 7.9897e-02, PNorm = 41.6358, GNorm = 0.3217, lr_0 = 2.3024e-04
Loss = 5.1508e-02, PNorm = 41.6603, GNorm = 0.3307, lr_0 = 2.2803e-04
Loss = 2.7302e-02, PNorm = 41.6843, GNorm = 0.3481, lr_0 = 2.2583e-04
Loss = 1.9364e-02, PNorm = 41.6934, GNorm = 0.1021, lr_0 = 2.2366e-04
Validation auc = 0.887753
Epoch 20
Loss = 6.3150e-02, PNorm = 41.6962, GNorm = 0.1820, lr_0 = 2.2129e-04
Loss = 4.4883e-02, PNorm = 41.7063, GNorm = 0.2032, lr_0 = 2.1916e-04
Loss = 4.6120e-02, PNorm = 41.7189, GNorm = 0.3735, lr_0 = 2.1705e-04
Loss = 3.9752e-02, PNorm = 41.7335, GNorm = 0.2361, lr_0 = 2.1496e-04
Loss = 3.0048e-02, PNorm = 41.7493, GNorm = 0.2444, lr_0 = 2.1289e-04
Loss = 4.5946e-02, PNorm = 41.7584, GNorm = 0.3350, lr_0 = 2.1084e-04
Loss = 4.5652e-02, PNorm = 41.7684, GNorm = 0.3238, lr_0 = 2.0881e-04
Loss = 3.8937e-02, PNorm = 41.7860, GNorm = 0.1082, lr_0 = 2.0680e-04
Validation auc = 0.878732
Epoch 21
Loss = 7.0070e-02, PNorm = 41.7970, GNorm = 0.6723, lr_0 = 2.0481e-04
Loss = 5.9289e-02, PNorm = 41.8038, GNorm = 0.2384, lr_0 = 2.0283e-04
Loss = 4.8777e-02, PNorm = 41.8251, GNorm = 0.4195, lr_0 = 2.0088e-04
Loss = 4.1571e-02, PNorm = 41.8444, GNorm = 0.2632, lr_0 = 1.9895e-04
Loss = 5.6146e-02, PNorm = 41.8552, GNorm = 0.1911, lr_0 = 1.9703e-04
Loss = 3.6571e-02, PNorm = 41.8714, GNorm = 0.1635, lr_0 = 1.9514e-04
Loss = 2.2121e-02, PNorm = 41.8890, GNorm = 0.0547, lr_0 = 1.9326e-04
Loss = 4.7087e-02, PNorm = 41.8885, GNorm = 0.1005, lr_0 = 1.9140e-04
Loss = 4.8515e-02, PNorm = 41.8951, GNorm = 0.3068, lr_0 = 1.8955e-04
Validation auc = 0.887529
Epoch 22
Loss = 4.5023e-02, PNorm = 41.9099, GNorm = 0.0835, lr_0 = 1.8773e-04
Loss = 5.5230e-02, PNorm = 41.9127, GNorm = 0.0864, lr_0 = 1.8592e-04
Loss = 3.9425e-02, PNorm = 41.9241, GNorm = 0.2903, lr_0 = 1.8413e-04
Loss = 4.1123e-02, PNorm = 41.9404, GNorm = 0.0764, lr_0 = 1.8236e-04
Loss = 4.1734e-02, PNorm = 41.9511, GNorm = 0.2405, lr_0 = 1.8060e-04
Loss = 4.2776e-02, PNorm = 41.9537, GNorm = 0.3863, lr_0 = 1.7886e-04
Loss = 4.0337e-02, PNorm = 41.9654, GNorm = 0.3584, lr_0 = 1.7714e-04
Loss = 3.3356e-02, PNorm = 41.9728, GNorm = 0.1894, lr_0 = 1.7544e-04
Validation auc = 0.869736
Epoch 23
Loss = 2.8696e-02, PNorm = 41.9889, GNorm = 0.2441, lr_0 = 1.7358e-04
Loss = 4.5371e-02, PNorm = 42.0038, GNorm = 0.0393, lr_0 = 1.7191e-04
Loss = 4.6432e-02, PNorm = 42.0057, GNorm = 0.2591, lr_0 = 1.7025e-04
Loss = 4.1920e-02, PNorm = 42.0012, GNorm = 0.1597, lr_0 = 1.6861e-04
Loss = 2.8258e-02, PNorm = 42.0226, GNorm = 0.2452, lr_0 = 1.6699e-04
Loss = 2.2492e-02, PNorm = 42.0378, GNorm = 0.0726, lr_0 = 1.6538e-04
Loss = 3.5477e-02, PNorm = 42.0410, GNorm = 0.2974, lr_0 = 1.6379e-04
Loss = 4.9084e-02, PNorm = 42.0459, GNorm = 0.1092, lr_0 = 1.6221e-04
Loss = 5.3372e-02, PNorm = 42.0519, GNorm = 0.2867, lr_0 = 1.6065e-04
Validation auc = 0.870133
Epoch 24
Loss = 3.9518e-02, PNorm = 42.0702, GNorm = 0.3074, lr_0 = 1.5910e-04
Loss = 6.3458e-02, PNorm = 42.0816, GNorm = 0.5041, lr_0 = 1.5757e-04
Loss = 5.1504e-02, PNorm = 42.0851, GNorm = 0.3954, lr_0 = 1.5605e-04
Loss = 4.7575e-02, PNorm = 42.1012, GNorm = 0.1192, lr_0 = 1.5455e-04
Loss = 4.6490e-02, PNorm = 42.1139, GNorm = 0.6005, lr_0 = 1.5306e-04
Loss = 4.5091e-02, PNorm = 42.1108, GNorm = 0.2115, lr_0 = 1.5159e-04
Loss = 2.2004e-02, PNorm = 42.1239, GNorm = 0.0862, lr_0 = 1.5013e-04
Loss = 5.0420e-02, PNorm = 42.1298, GNorm = 0.1259, lr_0 = 1.4869e-04
Loss = 2.6706e-02, PNorm = 42.1361, GNorm = 0.1913, lr_0 = 1.4725e-04
Validation auc = 0.871099
Epoch 25
Loss = 2.3577e-02, PNorm = 42.1479, GNorm = 0.0889, lr_0 = 1.4584e-04
Loss = 5.0837e-02, PNorm = 42.1504, GNorm = 0.1407, lr_0 = 1.4443e-04
Loss = 3.0601e-02, PNorm = 42.1609, GNorm = 0.3182, lr_0 = 1.4304e-04
Loss = 3.9179e-02, PNorm = 42.1766, GNorm = 0.3222, lr_0 = 1.4166e-04
Loss = 4.2039e-02, PNorm = 42.1817, GNorm = 0.0938, lr_0 = 1.4030e-04
Loss = 4.0055e-02, PNorm = 42.1859, GNorm = 0.3579, lr_0 = 1.3895e-04
Loss = 3.8318e-02, PNorm = 42.1857, GNorm = 0.2745, lr_0 = 1.3761e-04
Loss = 3.6205e-02, PNorm = 42.1950, GNorm = 0.1623, lr_0 = 1.3629e-04
Validation auc = 0.876576
Epoch 26
Loss = 4.5041e-02, PNorm = 42.2039, GNorm = 0.1649, lr_0 = 1.3484e-04
Loss = 3.4120e-02, PNorm = 42.2150, GNorm = 0.5236, lr_0 = 1.3355e-04
Loss = 3.2400e-02, PNorm = 42.2174, GNorm = 0.2701, lr_0 = 1.3226e-04
Loss = 3.3399e-02, PNorm = 42.2221, GNorm = 0.1150, lr_0 = 1.3099e-04
Loss = 3.7221e-02, PNorm = 42.2318, GNorm = 0.1127, lr_0 = 1.2973e-04
Loss = 5.0975e-02, PNorm = 42.2366, GNorm = 0.0884, lr_0 = 1.2848e-04
Loss = 2.2437e-02, PNorm = 42.2464, GNorm = 0.1062, lr_0 = 1.2724e-04
Loss = 2.8413e-02, PNorm = 42.2544, GNorm = 0.7490, lr_0 = 1.2601e-04
Loss = 7.7635e-02, PNorm = 42.2500, GNorm = 0.4126, lr_0 = 1.2480e-04
Validation auc = 0.878409
Epoch 27
Loss = 2.6391e-02, PNorm = 42.2622, GNorm = 0.2601, lr_0 = 1.2360e-04
Loss = 3.4887e-02, PNorm = 42.2781, GNorm = 0.5365, lr_0 = 1.2241e-04
Loss = 4.3974e-02, PNorm = 42.2843, GNorm = 0.6352, lr_0 = 1.2123e-04
Loss = 3.8248e-02, PNorm = 42.2835, GNorm = 0.3646, lr_0 = 1.2006e-04
Loss = 2.8128e-02, PNorm = 42.2874, GNorm = 0.4166, lr_0 = 1.1891e-04
Loss = 6.3027e-02, PNorm = 42.2873, GNorm = 0.5387, lr_0 = 1.1776e-04
Loss = 2.9960e-02, PNorm = 42.3012, GNorm = 0.1770, lr_0 = 1.1663e-04
Loss = 5.4020e-02, PNorm = 42.3092, GNorm = 0.2329, lr_0 = 1.1551e-04
Validation auc = 0.876402
Epoch 28
Loss = 5.1976e-02, PNorm = 42.3078, GNorm = 0.2421, lr_0 = 1.1428e-04
Loss = 4.1177e-02, PNorm = 42.3124, GNorm = 0.1941, lr_0 = 1.1318e-04
Loss = 4.5663e-02, PNorm = 42.3185, GNorm = 0.2162, lr_0 = 1.1209e-04
Loss = 3.5250e-02, PNorm = 42.3339, GNorm = 0.2781, lr_0 = 1.1101e-04
Loss = 2.2771e-02, PNorm = 42.3459, GNorm = 0.0799, lr_0 = 1.0995e-04
Loss = 3.7610e-02, PNorm = 42.3466, GNorm = 0.2412, lr_0 = 1.0889e-04
Loss = 2.5356e-02, PNorm = 42.3517, GNorm = 0.1637, lr_0 = 1.0784e-04
Loss = 5.3441e-02, PNorm = 42.3527, GNorm = 0.3005, lr_0 = 1.0680e-04
Loss = 3.1555e-02, PNorm = 42.3583, GNorm = 0.4660, lr_0 = 1.0577e-04
Validation auc = 0.877691
Epoch 29
Loss = 3.8769e-02, PNorm = 42.3678, GNorm = 0.2026, lr_0 = 1.0475e-04
Loss = 1.0110e-02, PNorm = 42.3778, GNorm = 0.0627, lr_0 = 1.0374e-04
Loss = 3.7915e-02, PNorm = 42.3813, GNorm = 0.6157, lr_0 = 1.0275e-04
Loss = 5.6985e-02, PNorm = 42.3773, GNorm = 0.3216, lr_0 = 1.0176e-04
Loss = 3.9891e-02, PNorm = 42.3846, GNorm = 0.3297, lr_0 = 1.0078e-04
Loss = 3.3031e-02, PNorm = 42.3898, GNorm = 0.2578, lr_0 = 1.0000e-04
Loss = 4.1601e-02, PNorm = 42.3961, GNorm = 0.4396, lr_0 = 1.0000e-04
Loss = 3.0773e-02, PNorm = 42.4025, GNorm = 0.1143, lr_0 = 1.0000e-04
Validation auc = 0.871719
Model 0 best validation auc = 0.904999 on epoch 13
Loading pretrained parameter "encoder.encoder.0.cached_zero_vector".
Loading pretrained parameter "encoder.encoder.0.W_i.weight".
Loading pretrained parameter "encoder.encoder.0.W_h.weight".
Loading pretrained parameter "encoder.encoder.0.W_o.weight".
Loading pretrained parameter "encoder.encoder.0.W_o.bias".
Loading pretrained parameter "ffn.1.weight".
Loading pretrained parameter "ffn.1.bias".
Moving model to cuda
Model 0 test auc = 0.809769
Ensemble test auc = 0.809769
3-fold cross validation
	Seed 0 ==> test auc = 0.767767
	Seed 1 ==> test auc = 0.797408
	Seed 2 ==> test auc = 0.809769
Overall test auc = 0.791648 +/- 0.017624
Elapsed time = 0:08:56
