Command line
python /home/jackievaleri8/.conda/envs/chemprop/bin/chemprop_train --init_lr 0.001 --dropout 0.4 --hidden_size 300 --ffn_num_layers 1 --depth 3 --save_dir round3finalval08162021_models/48 --data_path round3finalval08162021_TRAIN.csv --dataset_type classification --features_path round3finalval08162021_TRAINFTS.npz --no_features_scaling --num_folds 3 --ensemble_size 1 --split_type scaffold_balanced --split_sizes 0.8 0.1 0.1 --smiles_columns SMILES --ignore_columns Name --gpu 0
Args
{'activation': 'ReLU',
 'aggregation': 'mean',
 'aggregation_norm': 100,
 'atom_descriptor_scaling': True,
 'atom_descriptors': None,
 'atom_descriptors_path': None,
 'atom_descriptors_size': 0,
 'atom_features_size': 0,
 'atom_messages': False,
 'batch_size': 50,
 'bias': False,
 'bond_feature_scaling': True,
 'bond_features_path': None,
 'bond_features_size': 0,
 'cache_cutoff': 10000,
 'checkpoint_dir': None,
 'checkpoint_path': None,
 'checkpoint_paths': None,
 'class_balance': False,
 'config_path': None,
 'crossval_index_dir': None,
 'crossval_index_file': None,
 'crossval_index_sets': None,
 'cuda': True,
 'data_path': 'round3finalval08162021_TRAIN.csv',
 'dataset_type': 'classification',
 'depth': 3,
 'device': device(type='cuda', index=0),
 'dropout': 0.4,
 'empty_cache': False,
 'ensemble_size': 1,
 'epochs': 30,
 'explicit_h': False,
 'extra_metrics': [],
 'features_generator': None,
 'features_only': False,
 'features_path': ['round3finalval08162021_TRAINFTS.npz'],
 'features_scaling': False,
 'features_size': None,
 'ffn_hidden_size': 300,
 'ffn_num_layers': 1,
 'final_lr': 0.0001,
 'folds_file': None,
 'gpu': 0,
 'grad_clip': None,
 'hidden_size': 300,
 'ignore_columns': ['Name'],
 'init_lr': 0.001,
 'log_frequency': 10,
 'max_data_size': None,
 'max_lr': 0.001,
 'metric': 'auc',
 'metrics': ['auc'],
 'minimize_score': False,
 'mpn_shared': False,
 'multiclass_num_classes': 3,
 'no_atom_descriptor_scaling': False,
 'no_bond_features_scaling': False,
 'no_cache_mol': False,
 'no_cuda': False,
 'no_features_scaling': True,
 'num_folds': 3,
 'num_lrs': 1,
 'num_tasks': 2,
 'num_workers': 8,
 'number_of_molecules': 1,
 'overwrite_default_atom_features': False,
 'overwrite_default_bond_features': False,
 'pytorch_seed': 0,
 'quiet': False,
 'reaction': False,
 'reaction_mode': 'reac_diff',
 'resume_experiment': False,
 'save_dir': 'round3finalval08162021_models/48',
 'save_preds': False,
 'save_smiles_splits': False,
 'seed': 0,
 'separate_test_atom_descriptors_path': None,
 'separate_test_bond_features_path': None,
 'separate_test_features_path': None,
 'separate_test_path': None,
 'separate_val_atom_descriptors_path': None,
 'separate_val_bond_features_path': None,
 'separate_val_features_path': None,
 'separate_val_path': None,
 'show_individual_scores': False,
 'smiles_columns': ['SMILES'],
 'split_sizes': (0.8, 0.1, 0.1),
 'split_type': 'scaffold_balanced',
 'target_columns': None,
 'task_names': ['hit_inh', 'hit_kill'],
 'test': False,
 'test_fold_index': None,
 'train_data_size': None,
 'undirected': False,
 'use_input_features': True,
 'val_fold_index': None,
 'warmup_epochs': 2.0}
Loading data
Warning: 23 SMILES are invalid.
Number of tasks = 2
Fold 0
Splitting data with seed 0
Total scaffolds = 3,467 | train scaffolds = 2,650 | val scaffolds = 433 | test scaffolds = 384
Label averages per scaffold, in decreasing order of scaffold frequency,capped at 10 scaffolds and 20 labels:
Scaffold 0
Task 0: count = 381 | target average = 0.018373
Task 1: count = 381 | target average = 0.013123


Scaffold 1
Task 0: count = 305 | target average = 0.009836
Task 1: count = 305 | target average = 0.016393


Scaffold 2
Task 0: count = 36 | target average = 0.000000
Task 1: count = 36 | target average = 0.000000


Scaffold 3
Task 0: count = 29 | target average = 0.000000
Task 1: count = 29 | target average = 0.000000


Scaffold 4
Task 0: count = 26 | target average = 0.000000
Task 1: count = 26 | target average = 0.000000


Scaffold 5
Task 0: count = 23 | target average = 0.000000
Task 1: count = 23 | target average = 0.000000


Scaffold 6
Task 0: count = 22 | target average = 0.090909
Task 1: count = 22 | target average = 0.090909


Scaffold 7
Task 0: count = 20 | target average = 0.000000
Task 1: count = 20 | target average = 0.000000


Scaffold 8
Task 0: count = 20 | target average = 0.000000
Task 1: count = 20 | target average = 0.000000


Scaffold 9
Task 0: count = 20 | target average = 0.050000
Task 1: count = 20 | target average = 0.000000


Class sizes
hit_inh 0: 97.83%, 1: 2.17%
hit_kill 0: 98.64%, 1: 1.36%
Total size = 5,353 | train size = 4,282 | val size = 535 | test size = 536
Building model 0
MoleculeModel(
  (sigmoid): Sigmoid()
  (encoder): MPN(
    (encoder): ModuleList(
      (0): MPNEncoder(
        (dropout_layer): Dropout(p=0.4, inplace=False)
        (act_func): ReLU()
        (W_i): Linear(in_features=147, out_features=300, bias=False)
        (W_h): Linear(in_features=300, out_features=300, bias=False)
        (W_o): Linear(in_features=433, out_features=300, bias=True)
      )
    )
  )
  (ffn): Sequential(
    (0): Dropout(p=0.4, inplace=False)
    (1): Linear(in_features=500, out_features=2, bias=True)
  )
)
Number of parameters = 265,302
Moving model to cuda
Epoch 0
Loss = 2.3186e-01, PNorm = 29.3015, GNorm = 1.1512, lr_0 = 1.0000e-03
Loss = 8.7673e-02, PNorm = 29.3300, GNorm = 0.2239, lr_0 = 1.0000e-03
Loss = 9.9571e-02, PNorm = 29.3598, GNorm = 0.7195, lr_0 = 1.0000e-03
Loss = 1.0815e-01, PNorm = 29.3719, GNorm = 0.2607, lr_0 = 1.0000e-03
Loss = 1.0388e-01, PNorm = 29.3969, GNorm = 0.4694, lr_0 = 1.0000e-03
Loss = 6.1719e-02, PNorm = 29.4163, GNorm = 0.2142, lr_0 = 1.0000e-03
Loss = 7.0375e-02, PNorm = 29.4286, GNorm = 0.2438, lr_0 = 1.0000e-03
Loss = 6.8360e-02, PNorm = 29.4445, GNorm = 0.1623, lr_0 = 1.0000e-03
Validation auc = 0.424028
Epoch 1
Loss = 3.8944e-02, PNorm = 29.4781, GNorm = 0.1075, lr_0 = 1.0000e-03
Loss = 1.0962e-01, PNorm = 29.4894, GNorm = 0.2113, lr_0 = 1.0000e-03
Loss = 9.0644e-02, PNorm = 29.5227, GNorm = 0.1924, lr_0 = 1.0000e-03
Loss = 1.0754e-01, PNorm = 29.5423, GNorm = 0.2300, lr_0 = 1.0000e-03
Loss = 8.7226e-02, PNorm = 29.5801, GNorm = 0.1454, lr_0 = 1.0000e-03
Loss = 5.9091e-02, PNorm = 29.6147, GNorm = 0.1998, lr_0 = 1.0000e-03
Loss = 9.8185e-02, PNorm = 29.6322, GNorm = 0.1925, lr_0 = 1.0000e-03
Loss = 9.7683e-02, PNorm = 29.6454, GNorm = 0.1820, lr_0 = 1.0000e-03
Loss = 1.0309e-01, PNorm = 29.6795, GNorm = 0.1767, lr_0 = 9.9807e-04
Validation auc = 0.664587
Epoch 2
Loss = 6.9778e-02, PNorm = 29.7302, GNorm = 0.0860, lr_0 = 9.8846e-04
Loss = 6.8447e-02, PNorm = 29.7522, GNorm = 0.1679, lr_0 = 9.7894e-04
Loss = 6.8743e-02, PNorm = 29.7865, GNorm = 0.2047, lr_0 = 9.6952e-04
Loss = 8.4670e-02, PNorm = 29.8097, GNorm = 0.4952, lr_0 = 9.6018e-04
Loss = 7.7391e-02, PNorm = 29.8518, GNorm = 0.1890, lr_0 = 9.5094e-04
Loss = 9.2925e-02, PNorm = 29.8858, GNorm = 0.1750, lr_0 = 9.4178e-04
Loss = 1.3392e-01, PNorm = 29.9240, GNorm = 0.3802, lr_0 = 9.3271e-04
Loss = 7.2501e-02, PNorm = 29.9776, GNorm = 0.3317, lr_0 = 9.2373e-04
Validation auc = 0.731097
Epoch 3
Loss = 7.1433e-02, PNorm = 30.0081, GNorm = 0.1948, lr_0 = 9.1395e-04
Loss = 1.0451e-01, PNorm = 30.0491, GNorm = 0.2273, lr_0 = 9.0515e-04
Loss = 8.5021e-02, PNorm = 30.1100, GNorm = 0.4764, lr_0 = 8.9644e-04
Loss = 8.3582e-02, PNorm = 30.1496, GNorm = 0.1957, lr_0 = 8.8781e-04
Loss = 7.3952e-02, PNorm = 30.2004, GNorm = 0.3337, lr_0 = 8.7926e-04
Loss = 8.3719e-02, PNorm = 30.2305, GNorm = 0.1625, lr_0 = 8.7080e-04
Loss = 5.8779e-02, PNorm = 30.2859, GNorm = 0.1111, lr_0 = 8.6241e-04
Loss = 6.5436e-02, PNorm = 30.3212, GNorm = 0.1152, lr_0 = 8.5411e-04
Loss = 8.9881e-02, PNorm = 30.3555, GNorm = 0.1897, lr_0 = 8.4588e-04
Validation auc = 0.786081
Epoch 4
Loss = 6.4505e-02, PNorm = 30.4032, GNorm = 0.1421, lr_0 = 8.3774e-04
Loss = 6.4444e-02, PNorm = 30.4496, GNorm = 0.1297, lr_0 = 8.2967e-04
Loss = 9.1197e-02, PNorm = 30.4830, GNorm = 0.2189, lr_0 = 8.2169e-04
Loss = 9.0566e-02, PNorm = 30.5388, GNorm = 0.5115, lr_0 = 8.1377e-04
Loss = 1.0092e-01, PNorm = 30.5598, GNorm = 0.1811, lr_0 = 8.0594e-04
Loss = 6.2192e-02, PNorm = 30.6202, GNorm = 0.1182, lr_0 = 7.9818e-04
Loss = 6.1055e-02, PNorm = 30.6545, GNorm = 0.1192, lr_0 = 7.9050e-04
Loss = 6.2571e-02, PNorm = 30.6910, GNorm = 0.0894, lr_0 = 7.8288e-04
Validation auc = 0.817197
Epoch 5
Loss = 6.6964e-02, PNorm = 30.7259, GNorm = 0.1805, lr_0 = 7.7535e-04
Loss = 6.0171e-02, PNorm = 30.7679, GNorm = 0.2317, lr_0 = 7.6788e-04
Loss = 1.1663e-01, PNorm = 30.7929, GNorm = 0.3623, lr_0 = 7.6049e-04
Loss = 9.3557e-02, PNorm = 30.8559, GNorm = 0.2477, lr_0 = 7.5317e-04
Loss = 5.8824e-02, PNorm = 30.9152, GNorm = 0.1829, lr_0 = 7.4591e-04
Loss = 6.5740e-02, PNorm = 30.9661, GNorm = 0.3912, lr_0 = 7.3873e-04
Loss = 1.0082e-01, PNorm = 30.9796, GNorm = 0.1944, lr_0 = 7.3162e-04
Loss = 4.2292e-02, PNorm = 31.0182, GNorm = 0.0775, lr_0 = 7.2458e-04
Loss = 8.2474e-02, PNorm = 31.0394, GNorm = 0.1570, lr_0 = 7.1760e-04
Validation auc = 0.870276
Epoch 6
Loss = 3.8231e-02, PNorm = 31.1029, GNorm = 0.2249, lr_0 = 7.1000e-04
Loss = 7.6792e-02, PNorm = 31.1185, GNorm = 0.1558, lr_0 = 7.0317e-04
Loss = 6.7199e-02, PNorm = 31.1583, GNorm = 0.1171, lr_0 = 6.9640e-04
Loss = 6.0991e-02, PNorm = 31.1804, GNorm = 0.1317, lr_0 = 6.8969e-04
Loss = 6.7190e-02, PNorm = 31.2036, GNorm = 0.2058, lr_0 = 6.8305e-04
Loss = 7.9354e-02, PNorm = 31.2336, GNorm = 0.1499, lr_0 = 6.7648e-04
Loss = 7.0686e-02, PNorm = 31.2548, GNorm = 0.1961, lr_0 = 6.6996e-04
Loss = 8.1432e-02, PNorm = 31.2856, GNorm = 0.3524, lr_0 = 6.6351e-04
Validation auc = 0.896896
Epoch 7
Loss = 7.0388e-02, PNorm = 31.3360, GNorm = 0.1745, lr_0 = 6.5712e-04
Loss = 7.3912e-02, PNorm = 31.3773, GNorm = 0.2232, lr_0 = 6.5080e-04
Loss = 7.9130e-02, PNorm = 31.4112, GNorm = 0.1187, lr_0 = 6.4453e-04
Loss = 5.1062e-02, PNorm = 31.4546, GNorm = 0.1808, lr_0 = 6.3833e-04
Loss = 4.8131e-02, PNorm = 31.4830, GNorm = 0.2001, lr_0 = 6.3218e-04
Loss = 7.4525e-02, PNorm = 31.5094, GNorm = 0.2647, lr_0 = 6.2609e-04
Loss = 4.5752e-02, PNorm = 31.5434, GNorm = 0.2775, lr_0 = 6.2006e-04
Loss = 5.2570e-02, PNorm = 31.5657, GNorm = 0.1856, lr_0 = 6.1409e-04
Loss = 7.9207e-02, PNorm = 31.5972, GNorm = 0.2550, lr_0 = 6.0818e-04
Validation auc = 0.924765
Epoch 8
Loss = 4.1147e-02, PNorm = 31.6159, GNorm = 0.1324, lr_0 = 6.0233e-04
Loss = 7.2264e-02, PNorm = 31.6574, GNorm = 0.2232, lr_0 = 5.9653e-04
Loss = 6.0796e-02, PNorm = 31.6930, GNorm = 0.1023, lr_0 = 5.9078e-04
Loss = 5.0218e-02, PNorm = 31.7369, GNorm = 0.2059, lr_0 = 5.8510e-04
Loss = 6.5080e-02, PNorm = 31.7580, GNorm = 0.2772, lr_0 = 5.7946e-04
Loss = 5.6582e-02, PNorm = 31.7844, GNorm = 0.1081, lr_0 = 5.7388e-04
Loss = 3.6370e-02, PNorm = 31.8215, GNorm = 0.1019, lr_0 = 5.6836e-04
Loss = 9.8739e-02, PNorm = 31.8350, GNorm = 0.5522, lr_0 = 5.6289e-04
Loss = 8.0195e-02, PNorm = 31.8680, GNorm = 0.2869, lr_0 = 5.5747e-04
Loss = 2.2507e-02, PNorm = 31.8699, GNorm = 0.2339, lr_0 = 5.5693e-04
Validation auc = 0.936900
Epoch 9
Loss = 7.5585e-02, PNorm = 31.8918, GNorm = 0.2316, lr_0 = 5.5156e-04
Loss = 4.6864e-02, PNorm = 31.9417, GNorm = 0.1073, lr_0 = 5.4625e-04
Loss = 4.0062e-02, PNorm = 31.9669, GNorm = 0.0392, lr_0 = 5.4100e-04
Loss = 5.5432e-02, PNorm = 31.9692, GNorm = 0.5480, lr_0 = 5.3579e-04
Loss = 5.2340e-02, PNorm = 31.9875, GNorm = 0.1755, lr_0 = 5.3063e-04
Loss = 8.1536e-02, PNorm = 32.0009, GNorm = 0.2564, lr_0 = 5.2552e-04
Loss = 7.4622e-02, PNorm = 32.0336, GNorm = 0.1812, lr_0 = 5.2046e-04
Loss = 7.1844e-02, PNorm = 32.0635, GNorm = 0.4575, lr_0 = 5.1545e-04
Validation auc = 0.930529
Epoch 10
Loss = 4.9062e-02, PNorm = 32.0764, GNorm = 0.3486, lr_0 = 5.1049e-04
Loss = 5.6868e-02, PNorm = 32.1022, GNorm = 0.2510, lr_0 = 5.0557e-04
Loss = 6.6499e-02, PNorm = 32.1176, GNorm = 0.2396, lr_0 = 5.0070e-04
Loss = 5.6932e-02, PNorm = 32.1419, GNorm = 0.3724, lr_0 = 4.9588e-04
Loss = 5.3326e-02, PNorm = 32.1671, GNorm = 0.2099, lr_0 = 4.9111e-04
Loss = 5.6904e-02, PNorm = 32.1874, GNorm = 0.3406, lr_0 = 4.8638e-04
Loss = 8.6399e-02, PNorm = 32.2023, GNorm = 0.3135, lr_0 = 4.8170e-04
Loss = 4.1678e-02, PNorm = 32.2386, GNorm = 0.1854, lr_0 = 4.7706e-04
Loss = 5.9575e-02, PNorm = 32.2479, GNorm = 0.1541, lr_0 = 4.7247e-04
Validation auc = 0.948629
Epoch 11
Loss = 4.5836e-02, PNorm = 32.2725, GNorm = 0.1469, lr_0 = 4.6792e-04
Loss = 7.0619e-02, PNorm = 32.2860, GNorm = 0.3199, lr_0 = 4.6341e-04
Loss = 5.9995e-02, PNorm = 32.3077, GNorm = 0.5638, lr_0 = 4.5895e-04
Loss = 5.9042e-02, PNorm = 32.3234, GNorm = 0.1492, lr_0 = 4.5453e-04
Loss = 5.6347e-02, PNorm = 32.3469, GNorm = 0.1808, lr_0 = 4.5015e-04
Loss = 6.6652e-02, PNorm = 32.3677, GNorm = 0.2992, lr_0 = 4.4582e-04
Loss = 6.5659e-02, PNorm = 32.3892, GNorm = 0.1892, lr_0 = 4.4153e-04
Loss = 4.4955e-02, PNorm = 32.4126, GNorm = 0.2686, lr_0 = 4.3728e-04
Validation auc = 0.947453
Epoch 12
Loss = 2.9474e-02, PNorm = 32.4333, GNorm = 0.1140, lr_0 = 4.3265e-04
Loss = 5.8689e-02, PNorm = 32.4482, GNorm = 0.6445, lr_0 = 4.2848e-04
Loss = 5.7479e-02, PNorm = 32.4622, GNorm = 0.3276, lr_0 = 4.2436e-04
Loss = 7.0210e-02, PNorm = 32.4843, GNorm = 0.1758, lr_0 = 4.2027e-04
Loss = 3.0554e-02, PNorm = 32.5089, GNorm = 0.0846, lr_0 = 4.1622e-04
Loss = 5.7837e-02, PNorm = 32.5227, GNorm = 0.3099, lr_0 = 4.1222e-04
Loss = 5.7179e-02, PNorm = 32.5288, GNorm = 0.2396, lr_0 = 4.0825e-04
Loss = 6.7954e-02, PNorm = 32.5464, GNorm = 0.1847, lr_0 = 4.0432e-04
Loss = 5.8501e-02, PNorm = 32.5616, GNorm = 0.3037, lr_0 = 4.0042e-04
Validation auc = 0.949602
Epoch 13
Loss = 4.5008e-02, PNorm = 32.5797, GNorm = 0.1543, lr_0 = 3.9657e-04
Loss = 7.1220e-02, PNorm = 32.5961, GNorm = 0.1786, lr_0 = 3.9275e-04
Loss = 6.1846e-02, PNorm = 32.6166, GNorm = 0.2468, lr_0 = 3.8897e-04
Loss = 2.1008e-02, PNorm = 32.6516, GNorm = 0.0708, lr_0 = 3.8522e-04
Loss = 8.3136e-02, PNorm = 32.6550, GNorm = 0.3145, lr_0 = 3.8152e-04
Loss = 4.6574e-02, PNorm = 32.6730, GNorm = 0.2369, lr_0 = 3.7784e-04
Loss = 6.3844e-02, PNorm = 32.6866, GNorm = 0.5050, lr_0 = 3.7420e-04
Loss = 5.8374e-02, PNorm = 32.7010, GNorm = 0.2172, lr_0 = 3.7060e-04
Validation auc = 0.948516
Epoch 14
Loss = 5.1037e-02, PNorm = 32.7223, GNorm = 0.2821, lr_0 = 3.6668e-04
Loss = 6.6870e-02, PNorm = 32.7280, GNorm = 0.3067, lr_0 = 3.6315e-04
Loss = 4.9132e-02, PNorm = 32.7433, GNorm = 0.2332, lr_0 = 3.5965e-04
Loss = 5.0045e-02, PNorm = 32.7620, GNorm = 0.4144, lr_0 = 3.5619e-04
Loss = 3.0723e-02, PNorm = 32.7758, GNorm = 0.1305, lr_0 = 3.5276e-04
Loss = 5.1885e-02, PNorm = 32.7891, GNorm = 0.3392, lr_0 = 3.4936e-04
Loss = 7.7674e-02, PNorm = 32.7907, GNorm = 0.3704, lr_0 = 3.4600e-04
Loss = 4.5303e-02, PNorm = 32.8170, GNorm = 0.1862, lr_0 = 3.4267e-04
Loss = 6.7697e-02, PNorm = 32.8340, GNorm = 0.2444, lr_0 = 3.3937e-04
Validation auc = 0.956653
Epoch 15
Loss = 5.9687e-02, PNorm = 32.8443, GNorm = 0.4681, lr_0 = 3.3610e-04
Loss = 3.9892e-02, PNorm = 32.8697, GNorm = 0.1663, lr_0 = 3.3287e-04
Loss = 4.5503e-02, PNorm = 32.8796, GNorm = 0.3482, lr_0 = 3.2966e-04
Loss = 5.7445e-02, PNorm = 32.8804, GNorm = 0.3439, lr_0 = 3.2649e-04
Loss = 5.6593e-02, PNorm = 32.8954, GNorm = 0.2190, lr_0 = 3.2334e-04
Loss = 3.4671e-02, PNorm = 32.9138, GNorm = 0.1769, lr_0 = 3.2023e-04
Loss = 5.8601e-02, PNorm = 32.9197, GNorm = 0.1915, lr_0 = 3.1715e-04
Loss = 6.3727e-02, PNorm = 32.9279, GNorm = 0.3031, lr_0 = 3.1409e-04
Loss = 5.9177e-02, PNorm = 32.9476, GNorm = 0.3139, lr_0 = 3.1107e-04
Validation auc = 0.958613
Epoch 16
Loss = 5.6105e-02, PNorm = 32.9661, GNorm = 0.5015, lr_0 = 3.0807e-04
Loss = 6.1776e-02, PNorm = 32.9741, GNorm = 0.1917, lr_0 = 3.0511e-04
Loss = 2.7216e-02, PNorm = 32.9959, GNorm = 0.2032, lr_0 = 3.0217e-04
Loss = 5.5936e-02, PNorm = 33.0002, GNorm = 0.4372, lr_0 = 2.9926e-04
Loss = 4.4430e-02, PNorm = 33.0073, GNorm = 0.1320, lr_0 = 2.9638e-04
Loss = 6.1118e-02, PNorm = 33.0230, GNorm = 0.2303, lr_0 = 2.9353e-04
Loss = 4.8895e-02, PNorm = 33.0340, GNorm = 0.1911, lr_0 = 2.9070e-04
Loss = 3.7735e-02, PNorm = 33.0467, GNorm = 0.1697, lr_0 = 2.8790e-04
Validation auc = 0.955000
Epoch 17
Loss = 2.5912e-02, PNorm = 33.0607, GNorm = 0.1439, lr_0 = 2.8485e-04
Loss = 6.2118e-02, PNorm = 33.0757, GNorm = 0.5243, lr_0 = 2.8211e-04
Loss = 4.4088e-02, PNorm = 33.0812, GNorm = 0.2480, lr_0 = 2.7939e-04
Loss = 5.9665e-02, PNorm = 33.0911, GNorm = 0.1971, lr_0 = 2.7670e-04
Loss = 4.4891e-02, PNorm = 33.1000, GNorm = 0.2028, lr_0 = 2.7404e-04
Loss = 5.6367e-02, PNorm = 33.1056, GNorm = 0.1660, lr_0 = 2.7140e-04
Loss = 6.8389e-02, PNorm = 33.1154, GNorm = 0.2469, lr_0 = 2.6879e-04
Loss = 3.7314e-02, PNorm = 33.1314, GNorm = 0.1523, lr_0 = 2.6620e-04
Loss = 3.4470e-02, PNorm = 33.1440, GNorm = 0.4261, lr_0 = 2.6364e-04
Validation auc = 0.960040
Epoch 18
Loss = 6.2099e-02, PNorm = 33.1417, GNorm = 0.3706, lr_0 = 2.6110e-04
Loss = 4.4655e-02, PNorm = 33.1582, GNorm = 0.3990, lr_0 = 2.5859e-04
Loss = 4.5191e-02, PNorm = 33.1729, GNorm = 0.2766, lr_0 = 2.5610e-04
Loss = 2.5957e-02, PNorm = 33.1832, GNorm = 0.1267, lr_0 = 2.5363e-04
Loss = 3.9951e-02, PNorm = 33.1933, GNorm = 0.4898, lr_0 = 2.5119e-04
Loss = 6.2328e-02, PNorm = 33.1930, GNorm = 0.1560, lr_0 = 2.4877e-04
Loss = 5.4681e-02, PNorm = 33.2019, GNorm = 0.2153, lr_0 = 2.4638e-04
Loss = 5.2467e-02, PNorm = 33.2118, GNorm = 0.1239, lr_0 = 2.4400e-04
Validation auc = 0.956298
Epoch 19
Loss = 5.2312e-02, PNorm = 33.2138, GNorm = 0.2067, lr_0 = 2.4165e-04
Loss = 5.4646e-02, PNorm = 33.2240, GNorm = 0.1130, lr_0 = 2.3933e-04
Loss = 3.0525e-02, PNorm = 33.2369, GNorm = 0.1290, lr_0 = 2.3702e-04
Loss = 5.9543e-02, PNorm = 33.2413, GNorm = 0.4542, lr_0 = 2.3474e-04
Loss = 4.9855e-02, PNorm = 33.2483, GNorm = 0.2485, lr_0 = 2.3248e-04
Loss = 5.5085e-02, PNorm = 33.2636, GNorm = 0.2087, lr_0 = 2.3024e-04
Loss = 4.9056e-02, PNorm = 33.2729, GNorm = 0.5007, lr_0 = 2.2803e-04
Loss = 3.7058e-02, PNorm = 33.2800, GNorm = 0.2455, lr_0 = 2.2583e-04
Loss = 4.9469e-02, PNorm = 33.2903, GNorm = 0.2400, lr_0 = 2.2366e-04
Validation auc = 0.957535
Epoch 20
Loss = 3.3776e-02, PNorm = 33.3009, GNorm = 0.3069, lr_0 = 2.2129e-04
Loss = 5.2637e-02, PNorm = 33.3049, GNorm = 0.2013, lr_0 = 2.1916e-04
Loss = 4.0133e-02, PNorm = 33.3158, GNorm = 0.3381, lr_0 = 2.1705e-04
Loss = 4.6121e-02, PNorm = 33.3272, GNorm = 0.3694, lr_0 = 2.1496e-04
Loss = 3.2810e-02, PNorm = 33.3290, GNorm = 0.1012, lr_0 = 2.1289e-04
Loss = 3.7518e-02, PNorm = 33.3363, GNorm = 0.0810, lr_0 = 2.1084e-04
Loss = 7.0112e-02, PNorm = 33.3406, GNorm = 0.2516, lr_0 = 2.0881e-04
Loss = 6.4790e-02, PNorm = 33.3461, GNorm = 0.3053, lr_0 = 2.0680e-04
Validation auc = 0.953927
Epoch 21
Loss = 5.5329e-02, PNorm = 33.3578, GNorm = 0.1507, lr_0 = 2.0481e-04
Loss = 4.1995e-02, PNorm = 33.3692, GNorm = 0.2640, lr_0 = 2.0283e-04
Loss = 4.9616e-02, PNorm = 33.3751, GNorm = 0.4241, lr_0 = 2.0088e-04
Loss = 3.9450e-02, PNorm = 33.3820, GNorm = 0.1515, lr_0 = 1.9895e-04
Loss = 5.2068e-02, PNorm = 33.3915, GNorm = 0.2403, lr_0 = 1.9703e-04
Loss = 3.6995e-02, PNorm = 33.3982, GNorm = 0.0889, lr_0 = 1.9514e-04
Loss = 5.6226e-02, PNorm = 33.4044, GNorm = 0.5192, lr_0 = 1.9326e-04
Loss = 4.3235e-02, PNorm = 33.4070, GNorm = 0.2957, lr_0 = 1.9140e-04
Loss = 4.3889e-02, PNorm = 33.4196, GNorm = 0.2145, lr_0 = 1.8955e-04
Validation auc = 0.960897
Epoch 22
Loss = 4.4278e-02, PNorm = 33.4223, GNorm = 0.1479, lr_0 = 1.8773e-04
Loss = 3.5411e-02, PNorm = 33.4282, GNorm = 0.2458, lr_0 = 1.8592e-04
Loss = 4.0699e-02, PNorm = 33.4358, GNorm = 0.1931, lr_0 = 1.8413e-04
Loss = 5.5816e-02, PNorm = 33.4378, GNorm = 0.1843, lr_0 = 1.8236e-04
Loss = 5.6364e-02, PNorm = 33.4427, GNorm = 0.4780, lr_0 = 1.8060e-04
Loss = 5.3903e-02, PNorm = 33.4554, GNorm = 0.1239, lr_0 = 1.7886e-04
Loss = 3.5822e-02, PNorm = 33.4687, GNorm = 0.1245, lr_0 = 1.7714e-04
Loss = 4.6388e-02, PNorm = 33.4711, GNorm = 0.1398, lr_0 = 1.7544e-04
Validation auc = 0.959935
Epoch 23
Loss = 1.1607e-01, PNorm = 33.4762, GNorm = 0.3231, lr_0 = 1.7358e-04
Loss = 4.1768e-02, PNorm = 33.4873, GNorm = 0.2459, lr_0 = 1.7191e-04
Loss = 4.3299e-02, PNorm = 33.4943, GNorm = 0.1756, lr_0 = 1.7025e-04
Loss = 3.1370e-02, PNorm = 33.4994, GNorm = 0.2246, lr_0 = 1.6861e-04
Loss = 5.0184e-02, PNorm = 33.5061, GNorm = 0.3157, lr_0 = 1.6699e-04
Loss = 4.9710e-02, PNorm = 33.5106, GNorm = 0.2646, lr_0 = 1.6538e-04
Loss = 4.1416e-02, PNorm = 33.5191, GNorm = 0.1701, lr_0 = 1.6379e-04
Loss = 5.3647e-02, PNorm = 33.5203, GNorm = 0.3446, lr_0 = 1.6221e-04
Loss = 4.6614e-02, PNorm = 33.5236, GNorm = 0.2315, lr_0 = 1.6065e-04
Validation auc = 0.960491
Epoch 24
Loss = 4.9190e-02, PNorm = 33.5302, GNorm = 0.6044, lr_0 = 1.5910e-04
Loss = 4.4004e-02, PNorm = 33.5367, GNorm = 0.0934, lr_0 = 1.5757e-04
Loss = 3.3943e-02, PNorm = 33.5432, GNorm = 0.2123, lr_0 = 1.5605e-04
Loss = 3.2234e-02, PNorm = 33.5515, GNorm = 0.1317, lr_0 = 1.5455e-04
Loss = 6.4916e-02, PNorm = 33.5538, GNorm = 0.1842, lr_0 = 1.5306e-04
Loss = 5.6761e-02, PNorm = 33.5509, GNorm = 0.7717, lr_0 = 1.5159e-04
Loss = 5.8104e-02, PNorm = 33.5613, GNorm = 0.1771, lr_0 = 1.5013e-04
Loss = 3.3810e-02, PNorm = 33.5702, GNorm = 0.0989, lr_0 = 1.4869e-04
Loss = 5.3068e-02, PNorm = 33.5711, GNorm = 0.1056, lr_0 = 1.4725e-04
Validation auc = 0.962812
Epoch 25
Loss = 4.3883e-02, PNorm = 33.5697, GNorm = 0.2703, lr_0 = 1.4584e-04
Loss = 4.9789e-02, PNorm = 33.5740, GNorm = 0.2858, lr_0 = 1.4443e-04
Loss = 2.9493e-02, PNorm = 33.5865, GNorm = 0.2083, lr_0 = 1.4304e-04
Loss = 4.6982e-02, PNorm = 33.5930, GNorm = 0.2112, lr_0 = 1.4166e-04
Loss = 3.9650e-02, PNorm = 33.5986, GNorm = 0.7322, lr_0 = 1.4030e-04
Loss = 3.1012e-02, PNorm = 33.5992, GNorm = 0.2325, lr_0 = 1.3895e-04
Loss = 4.7786e-02, PNorm = 33.6005, GNorm = 0.2571, lr_0 = 1.3761e-04
Loss = 6.0762e-02, PNorm = 33.6031, GNorm = 0.5099, lr_0 = 1.3629e-04
Validation auc = 0.957681
Epoch 26
Loss = 4.8316e-02, PNorm = 33.6076, GNorm = 0.2415, lr_0 = 1.3484e-04
Loss = 4.7596e-02, PNorm = 33.6129, GNorm = 0.2817, lr_0 = 1.3355e-04
Loss = 4.7414e-02, PNorm = 33.6174, GNorm = 0.2766, lr_0 = 1.3226e-04
Loss = 4.9894e-02, PNorm = 33.6258, GNorm = 0.1290, lr_0 = 1.3099e-04
Loss = 5.0849e-02, PNorm = 33.6286, GNorm = 0.1904, lr_0 = 1.2973e-04
Loss = 4.2361e-02, PNorm = 33.6293, GNorm = 0.5682, lr_0 = 1.2848e-04
Loss = 4.1282e-02, PNorm = 33.6323, GNorm = 0.2848, lr_0 = 1.2724e-04
Loss = 4.6319e-02, PNorm = 33.6381, GNorm = 0.3094, lr_0 = 1.2601e-04
Loss = 2.6250e-02, PNorm = 33.6444, GNorm = 0.2360, lr_0 = 1.2480e-04
Validation auc = 0.960571
Epoch 27
Loss = 2.2735e-02, PNorm = 33.6472, GNorm = 0.2672, lr_0 = 1.2360e-04
Loss = 5.2284e-02, PNorm = 33.6478, GNorm = 0.3828, lr_0 = 1.2241e-04
Loss = 4.6763e-02, PNorm = 33.6532, GNorm = 0.3613, lr_0 = 1.2123e-04
Loss = 5.1222e-02, PNorm = 33.6597, GNorm = 0.5049, lr_0 = 1.2006e-04
Loss = 4.8615e-02, PNorm = 33.6627, GNorm = 0.5007, lr_0 = 1.1891e-04
Loss = 4.2923e-02, PNorm = 33.6653, GNorm = 0.2818, lr_0 = 1.1776e-04
Loss = 3.1482e-02, PNorm = 33.6711, GNorm = 0.1692, lr_0 = 1.1663e-04
Loss = 4.9970e-02, PNorm = 33.6746, GNorm = 0.8383, lr_0 = 1.1551e-04
Validation auc = 0.961779
Epoch 28
Loss = 6.1576e-02, PNorm = 33.6743, GNorm = 0.2934, lr_0 = 1.1428e-04
Loss = 4.3335e-02, PNorm = 33.6795, GNorm = 0.5228, lr_0 = 1.1318e-04
Loss = 3.2255e-02, PNorm = 33.6845, GNorm = 0.0868, lr_0 = 1.1209e-04
Loss = 5.6482e-02, PNorm = 33.6847, GNorm = 0.1675, lr_0 = 1.1101e-04
Loss = 2.7256e-02, PNorm = 33.6902, GNorm = 0.1583, lr_0 = 1.0995e-04
Loss = 4.0928e-02, PNorm = 33.6950, GNorm = 0.0869, lr_0 = 1.0889e-04
Loss = 4.4414e-02, PNorm = 33.6963, GNorm = 0.1081, lr_0 = 1.0784e-04
Loss = 2.3759e-02, PNorm = 33.7006, GNorm = 0.1475, lr_0 = 1.0680e-04
Loss = 6.5746e-02, PNorm = 33.6992, GNorm = 0.1639, lr_0 = 1.0577e-04
Validation auc = 0.961444
Epoch 29
Loss = 4.1648e-02, PNorm = 33.7018, GNorm = 0.2027, lr_0 = 1.0475e-04
Loss = 3.3450e-02, PNorm = 33.7095, GNorm = 0.2109, lr_0 = 1.0374e-04
Loss = 4.5900e-02, PNorm = 33.7138, GNorm = 0.1253, lr_0 = 1.0275e-04
Loss = 4.3527e-02, PNorm = 33.7134, GNorm = 0.3303, lr_0 = 1.0176e-04
Loss = 4.4940e-02, PNorm = 33.7173, GNorm = 0.4585, lr_0 = 1.0078e-04
Loss = 3.9894e-02, PNorm = 33.7219, GNorm = 0.2147, lr_0 = 1.0000e-04
Loss = 4.3469e-02, PNorm = 33.7252, GNorm = 0.1534, lr_0 = 1.0000e-04
Loss = 5.2564e-02, PNorm = 33.7250, GNorm = 0.3749, lr_0 = 1.0000e-04
Validation auc = 0.963267
Model 0 best validation auc = 0.963267 on epoch 29
Loading pretrained parameter "encoder.encoder.0.cached_zero_vector".
Loading pretrained parameter "encoder.encoder.0.W_i.weight".
Loading pretrained parameter "encoder.encoder.0.W_h.weight".
Loading pretrained parameter "encoder.encoder.0.W_o.weight".
Loading pretrained parameter "encoder.encoder.0.W_o.bias".
Loading pretrained parameter "ffn.1.weight".
Loading pretrained parameter "ffn.1.bias".
Moving model to cuda
Model 0 test auc = 0.759928
Ensemble test auc = 0.759928
Fold 1
Splitting data with seed 1
Total scaffolds = 3,467 | train scaffolds = 2,658 | val scaffolds = 399 | test scaffolds = 410
Label averages per scaffold, in decreasing order of scaffold frequency,capped at 10 scaffolds and 20 labels:
Scaffold 0
Task 0: count = 381 | target average = 0.018373
Task 1: count = 381 | target average = 0.013123


Scaffold 1
Task 0: count = 305 | target average = 0.009836
Task 1: count = 305 | target average = 0.016393


Scaffold 2
Task 0: count = 36 | target average = 0.000000
Task 1: count = 36 | target average = 0.000000


Scaffold 3
Task 0: count = 29 | target average = 0.000000
Task 1: count = 29 | target average = 0.000000


Scaffold 4
Task 0: count = 26 | target average = 0.000000
Task 1: count = 26 | target average = 0.000000


Scaffold 5
Task 0: count = 23 | target average = 0.000000
Task 1: count = 23 | target average = 0.000000


Scaffold 6
Task 0: count = 22 | target average = 0.090909
Task 1: count = 22 | target average = 0.090909


Scaffold 7
Task 0: count = 20 | target average = 0.050000
Task 1: count = 20 | target average = 0.000000


Scaffold 8
Task 0: count = 20 | target average = 0.000000
Task 1: count = 20 | target average = 0.000000


Scaffold 9
Task 0: count = 20 | target average = 0.000000
Task 1: count = 20 | target average = 0.000000


Class sizes
hit_inh 0: 97.83%, 1: 2.17%
hit_kill 0: 98.64%, 1: 1.36%
Total size = 5,353 | train size = 4,282 | val size = 535 | test size = 536
Building model 0
MoleculeModel(
  (sigmoid): Sigmoid()
  (encoder): MPN(
    (encoder): ModuleList(
      (0): MPNEncoder(
        (dropout_layer): Dropout(p=0.4, inplace=False)
        (act_func): ReLU()
        (W_i): Linear(in_features=147, out_features=300, bias=False)
        (W_h): Linear(in_features=300, out_features=300, bias=False)
        (W_o): Linear(in_features=433, out_features=300, bias=True)
      )
    )
  )
  (ffn): Sequential(
    (0): Dropout(p=0.4, inplace=False)
    (1): Linear(in_features=500, out_features=2, bias=True)
  )
)
Number of parameters = 265,302
Moving model to cuda
Epoch 0
Loss = 1.7857e-01, PNorm = 29.3218, GNorm = 0.0146, lr_0 = 1.0000e-03
Loss = 1.1982e-01, PNorm = 29.3453, GNorm = 0.2698, lr_0 = 1.0000e-03
Loss = 8.7268e-02, PNorm = 29.3731, GNorm = 0.6099, lr_0 = 1.0000e-03
Loss = 7.8306e-02, PNorm = 29.3911, GNorm = 0.1476, lr_0 = 1.0000e-03
Loss = 8.6908e-02, PNorm = 29.4052, GNorm = 0.1640, lr_0 = 1.0000e-03
Loss = 1.1418e-01, PNorm = 29.4133, GNorm = 0.2204, lr_0 = 1.0000e-03
Loss = 1.0964e-01, PNorm = 29.4349, GNorm = 0.1952, lr_0 = 1.0000e-03
Loss = 1.1157e-01, PNorm = 29.4472, GNorm = 0.1821, lr_0 = 1.0000e-03
Validation auc = 0.551430
Epoch 1
Loss = 6.0936e-02, PNorm = 29.4750, GNorm = 0.2375, lr_0 = 1.0000e-03
Loss = 1.0360e-01, PNorm = 29.4882, GNorm = 0.1954, lr_0 = 1.0000e-03
Loss = 1.0390e-01, PNorm = 29.5136, GNorm = 0.1813, lr_0 = 1.0000e-03
Loss = 8.4816e-02, PNorm = 29.5348, GNorm = 0.1452, lr_0 = 1.0000e-03
Loss = 7.5827e-02, PNorm = 29.5523, GNorm = 0.2587, lr_0 = 1.0000e-03
Loss = 6.8411e-02, PNorm = 29.5710, GNorm = 0.1282, lr_0 = 1.0000e-03
Loss = 8.6488e-02, PNorm = 29.5879, GNorm = 0.2083, lr_0 = 1.0000e-03
Loss = 9.2442e-02, PNorm = 29.6165, GNorm = 0.1372, lr_0 = 1.0000e-03
Loss = 1.2068e-01, PNorm = 29.6435, GNorm = 0.3940, lr_0 = 9.9807e-04
Validation auc = 0.776542
Epoch 2
Loss = 8.5117e-02, PNorm = 29.6784, GNorm = 0.1347, lr_0 = 9.8846e-04
Loss = 1.0264e-01, PNorm = 29.7042, GNorm = 0.2970, lr_0 = 9.7894e-04
Loss = 9.4071e-02, PNorm = 29.7422, GNorm = 0.2541, lr_0 = 9.6952e-04
Loss = 8.5988e-02, PNorm = 29.7873, GNorm = 0.2195, lr_0 = 9.6018e-04
Loss = 5.0669e-02, PNorm = 29.8191, GNorm = 0.1403, lr_0 = 9.5094e-04
Loss = 6.8800e-02, PNorm = 29.8475, GNorm = 0.1515, lr_0 = 9.4178e-04
Loss = 9.1232e-02, PNorm = 29.8678, GNorm = 0.1638, lr_0 = 9.3271e-04
Loss = 8.2663e-02, PNorm = 29.9048, GNorm = 0.3350, lr_0 = 9.2373e-04
Validation auc = 0.840969
Epoch 3
Loss = 1.2365e-01, PNorm = 29.9331, GNorm = 0.2049, lr_0 = 9.1395e-04
Loss = 9.8813e-02, PNorm = 29.9810, GNorm = 0.2580, lr_0 = 9.0515e-04
Loss = 5.4126e-02, PNorm = 30.0156, GNorm = 0.1934, lr_0 = 8.9644e-04
Loss = 7.3765e-02, PNorm = 30.0431, GNorm = 0.3459, lr_0 = 8.8781e-04
Loss = 7.7245e-02, PNorm = 30.0681, GNorm = 0.1205, lr_0 = 8.7926e-04
Loss = 8.2763e-02, PNorm = 30.1131, GNorm = 0.1900, lr_0 = 8.7080e-04
Loss = 8.6443e-02, PNorm = 30.1594, GNorm = 0.1084, lr_0 = 8.6241e-04
Loss = 1.1444e-01, PNorm = 30.1768, GNorm = 0.1985, lr_0 = 8.5411e-04
Loss = 7.3148e-02, PNorm = 30.2229, GNorm = 0.1646, lr_0 = 8.4588e-04
Validation auc = 0.745324
Epoch 4
Loss = 4.7356e-02, PNorm = 30.2611, GNorm = 0.0775, lr_0 = 8.3774e-04
Loss = 7.9067e-02, PNorm = 30.2959, GNorm = 0.3918, lr_0 = 8.2967e-04
Loss = 1.0102e-01, PNorm = 30.3428, GNorm = 0.2417, lr_0 = 8.2169e-04
Loss = 7.8393e-02, PNorm = 30.4027, GNorm = 0.3744, lr_0 = 8.1377e-04
Loss = 1.0372e-01, PNorm = 30.4096, GNorm = 0.2390, lr_0 = 8.0594e-04
Loss = 6.4172e-02, PNorm = 30.4551, GNorm = 0.2653, lr_0 = 7.9818e-04
Loss = 9.0830e-02, PNorm = 30.4835, GNorm = 0.1228, lr_0 = 7.9050e-04
Loss = 9.7932e-02, PNorm = 30.5118, GNorm = 0.1735, lr_0 = 7.8288e-04
Validation auc = 0.846752
Epoch 5
Loss = 5.6560e-02, PNorm = 30.5607, GNorm = 0.1779, lr_0 = 7.7535e-04
Loss = 7.6913e-02, PNorm = 30.5937, GNorm = 0.1430, lr_0 = 7.6788e-04
Loss = 6.1357e-02, PNorm = 30.6322, GNorm = 0.1785, lr_0 = 7.6049e-04
Loss = 5.5585e-02, PNorm = 30.6738, GNorm = 0.2768, lr_0 = 7.5317e-04
Loss = 8.5311e-02, PNorm = 30.6844, GNorm = 0.1471, lr_0 = 7.4591e-04
Loss = 8.5752e-02, PNorm = 30.7211, GNorm = 0.3453, lr_0 = 7.3873e-04
Loss = 9.6016e-02, PNorm = 30.7616, GNorm = 0.3445, lr_0 = 7.3162e-04
Loss = 7.8623e-02, PNorm = 30.8138, GNorm = 0.1272, lr_0 = 7.2458e-04
Loss = 8.0975e-02, PNorm = 30.8467, GNorm = 0.1678, lr_0 = 7.1760e-04
Validation auc = 0.856886
Epoch 6
Loss = 8.9265e-02, PNorm = 30.8892, GNorm = 0.1693, lr_0 = 7.1000e-04
Loss = 8.9605e-02, PNorm = 30.9381, GNorm = 0.2034, lr_0 = 7.0317e-04
Loss = 5.7320e-02, PNorm = 30.9914, GNorm = 0.1593, lr_0 = 6.9640e-04
Loss = 5.1098e-02, PNorm = 31.0392, GNorm = 0.2368, lr_0 = 6.8969e-04
Loss = 6.1766e-02, PNorm = 31.0774, GNorm = 0.1018, lr_0 = 6.8305e-04
Loss = 7.1244e-02, PNorm = 31.1167, GNorm = 0.1455, lr_0 = 6.7648e-04
Loss = 6.4537e-02, PNorm = 31.1539, GNorm = 0.3867, lr_0 = 6.6996e-04
Loss = 1.0010e-01, PNorm = 31.1834, GNorm = 0.1450, lr_0 = 6.6351e-04
Validation auc = 0.869484
Epoch 7
Loss = 3.2447e-02, PNorm = 31.2282, GNorm = 0.1224, lr_0 = 6.5712e-04
Loss = 6.0349e-02, PNorm = 31.2840, GNorm = 0.1205, lr_0 = 6.5080e-04
Loss = 8.5197e-02, PNorm = 31.3118, GNorm = 0.5436, lr_0 = 6.4453e-04
Loss = 1.0946e-01, PNorm = 31.3611, GNorm = 0.1766, lr_0 = 6.3833e-04
Loss = 7.6369e-02, PNorm = 31.4162, GNorm = 0.2068, lr_0 = 6.3218e-04
Loss = 6.3229e-02, PNorm = 31.4691, GNorm = 0.2242, lr_0 = 6.2609e-04
Loss = 7.0387e-02, PNorm = 31.5105, GNorm = 0.1959, lr_0 = 6.2006e-04
Loss = 5.8553e-02, PNorm = 31.5575, GNorm = 0.3748, lr_0 = 6.1409e-04
Loss = 5.8879e-02, PNorm = 31.5796, GNorm = 0.2212, lr_0 = 6.0818e-04
Validation auc = 0.891450
Epoch 8
Loss = 3.9154e-02, PNorm = 31.6193, GNorm = 0.0828, lr_0 = 6.0233e-04
Loss = 6.8950e-02, PNorm = 31.6407, GNorm = 0.1984, lr_0 = 5.9653e-04
Loss = 6.6493e-02, PNorm = 31.6731, GNorm = 0.1604, lr_0 = 5.9078e-04
Loss = 6.2452e-02, PNorm = 31.6946, GNorm = 0.1623, lr_0 = 5.8510e-04
Loss = 5.2883e-02, PNorm = 31.7330, GNorm = 0.1841, lr_0 = 5.7946e-04
Loss = 7.6028e-02, PNorm = 31.7670, GNorm = 0.1796, lr_0 = 5.7388e-04
Loss = 6.0272e-02, PNorm = 31.8131, GNorm = 0.2174, lr_0 = 5.6836e-04
Loss = 7.8355e-02, PNorm = 31.8593, GNorm = 0.1547, lr_0 = 5.6289e-04
Loss = 1.0540e-01, PNorm = 31.8765, GNorm = 0.2330, lr_0 = 5.5747e-04
Loss = 2.0110e-02, PNorm = 31.8799, GNorm = 0.1689, lr_0 = 5.5693e-04
Validation auc = 0.867053
Epoch 9
Loss = 4.4072e-02, PNorm = 31.9218, GNorm = 0.0945, lr_0 = 5.5156e-04
Loss = 7.5278e-02, PNorm = 31.9583, GNorm = 0.1831, lr_0 = 5.4625e-04
Loss = 7.9069e-02, PNorm = 32.0133, GNorm = 0.1590, lr_0 = 5.4100e-04
Loss = 7.0369e-02, PNorm = 32.0483, GNorm = 0.5466, lr_0 = 5.3579e-04
Loss = 6.9563e-02, PNorm = 32.0572, GNorm = 0.1920, lr_0 = 5.3063e-04
Loss = 5.6036e-02, PNorm = 32.0956, GNorm = 0.1184, lr_0 = 5.2552e-04
Loss = 5.5204e-02, PNorm = 32.1274, GNorm = 0.1400, lr_0 = 5.2046e-04
Loss = 8.3185e-02, PNorm = 32.1633, GNorm = 0.1828, lr_0 = 5.1545e-04
Validation auc = 0.878784
Epoch 10
Loss = 3.8087e-02, PNorm = 32.2049, GNorm = 0.2168, lr_0 = 5.1049e-04
Loss = 4.9220e-02, PNorm = 32.2404, GNorm = 0.1321, lr_0 = 5.0557e-04
Loss = 4.0813e-02, PNorm = 32.2818, GNorm = 0.3038, lr_0 = 5.0070e-04
Loss = 6.7622e-02, PNorm = 32.3112, GNorm = 0.2602, lr_0 = 4.9588e-04
Loss = 8.4507e-02, PNorm = 32.3318, GNorm = 0.4557, lr_0 = 4.9111e-04
Loss = 8.9223e-02, PNorm = 32.3494, GNorm = 0.3647, lr_0 = 4.8638e-04
Loss = 5.8172e-02, PNorm = 32.3851, GNorm = 0.2062, lr_0 = 4.8170e-04
Loss = 6.4024e-02, PNorm = 32.4035, GNorm = 0.1482, lr_0 = 4.7706e-04
Loss = 6.5330e-02, PNorm = 32.4239, GNorm = 0.2164, lr_0 = 4.7247e-04
Validation auc = 0.868066
Epoch 11
Loss = 5.2701e-02, PNorm = 32.4470, GNorm = 0.0749, lr_0 = 4.6792e-04
Loss = 2.6280e-02, PNorm = 32.4746, GNorm = 0.3799, lr_0 = 4.6341e-04
Loss = 4.7947e-02, PNorm = 32.4931, GNorm = 0.1649, lr_0 = 4.5895e-04
Loss = 7.4279e-02, PNorm = 32.5145, GNorm = 0.2856, lr_0 = 4.5453e-04
Loss = 6.1452e-02, PNorm = 32.5433, GNorm = 0.1019, lr_0 = 4.5015e-04
Loss = 4.6398e-02, PNorm = 32.5609, GNorm = 0.1192, lr_0 = 4.4582e-04
Loss = 9.2078e-02, PNorm = 32.5822, GNorm = 0.4337, lr_0 = 4.4153e-04
Loss = 4.3022e-02, PNorm = 32.6176, GNorm = 0.3431, lr_0 = 4.3728e-04
Validation auc = 0.867764
Epoch 12
Loss = 3.5010e-02, PNorm = 32.6366, GNorm = 0.2232, lr_0 = 4.3265e-04
Loss = 4.4897e-02, PNorm = 32.6782, GNorm = 0.1694, lr_0 = 4.2848e-04
Loss = 5.2618e-02, PNorm = 32.6978, GNorm = 0.4012, lr_0 = 4.2436e-04
Loss = 2.6359e-02, PNorm = 32.7153, GNorm = 0.1829, lr_0 = 4.2027e-04
Loss = 6.8432e-02, PNorm = 32.7304, GNorm = 0.3733, lr_0 = 4.1622e-04
Loss = 6.2553e-02, PNorm = 32.7539, GNorm = 0.2106, lr_0 = 4.1222e-04
Loss = 1.0002e-01, PNorm = 32.7672, GNorm = 0.2672, lr_0 = 4.0825e-04
Loss = 6.0964e-02, PNorm = 32.7984, GNorm = 0.2299, lr_0 = 4.0432e-04
Loss = 6.8996e-02, PNorm = 32.8171, GNorm = 0.5410, lr_0 = 4.0042e-04
Validation auc = 0.868786
Epoch 13
Loss = 4.3385e-02, PNorm = 32.8257, GNorm = 0.3156, lr_0 = 3.9657e-04
Loss = 4.4000e-02, PNorm = 32.8570, GNorm = 0.0684, lr_0 = 3.9275e-04
Loss = 5.5370e-02, PNorm = 32.8753, GNorm = 0.2006, lr_0 = 3.8897e-04
Loss = 4.9806e-02, PNorm = 32.8891, GNorm = 0.2592, lr_0 = 3.8522e-04
Loss = 5.8356e-02, PNorm = 32.9083, GNorm = 0.2478, lr_0 = 3.8152e-04
Loss = 5.5693e-02, PNorm = 32.9331, GNorm = 0.2334, lr_0 = 3.7784e-04
Loss = 7.1546e-02, PNorm = 32.9487, GNorm = 0.3297, lr_0 = 3.7420e-04
Loss = 6.4822e-02, PNorm = 32.9620, GNorm = 0.2256, lr_0 = 3.7060e-04
Validation auc = 0.878014
Epoch 14
Loss = 3.3385e-02, PNorm = 32.9809, GNorm = 0.1357, lr_0 = 3.6668e-04
Loss = 4.5713e-02, PNorm = 33.0065, GNorm = 0.2093, lr_0 = 3.6315e-04
Loss = 9.2332e-02, PNorm = 33.0231, GNorm = 0.1942, lr_0 = 3.5965e-04
Loss = 4.4491e-02, PNorm = 33.0620, GNorm = 0.3334, lr_0 = 3.5619e-04
Loss = 5.3297e-02, PNorm = 33.0788, GNorm = 0.1626, lr_0 = 3.5276e-04
Loss = 4.8166e-02, PNorm = 33.0947, GNorm = 0.1746, lr_0 = 3.4936e-04
Loss = 8.9900e-02, PNorm = 33.1045, GNorm = 0.2237, lr_0 = 3.4600e-04
Loss = 5.3978e-02, PNorm = 33.1235, GNorm = 0.1904, lr_0 = 3.4267e-04
Loss = 3.4626e-02, PNorm = 33.1456, GNorm = 0.1765, lr_0 = 3.3937e-04
Validation auc = 0.887963
Epoch 15
Loss = 9.4437e-02, PNorm = 33.1532, GNorm = 0.2472, lr_0 = 3.3610e-04
Loss = 4.1326e-02, PNorm = 33.1686, GNorm = 0.2460, lr_0 = 3.3287e-04
Loss = 5.4135e-02, PNorm = 33.1844, GNorm = 0.2578, lr_0 = 3.2966e-04
Loss = 5.5572e-02, PNorm = 33.1904, GNorm = 0.1770, lr_0 = 3.2649e-04
Loss = 3.5776e-02, PNorm = 33.2052, GNorm = 0.2687, lr_0 = 3.2334e-04
Loss = 5.1916e-02, PNorm = 33.2184, GNorm = 0.0997, lr_0 = 3.2023e-04
Loss = 6.6461e-02, PNorm = 33.2274, GNorm = 0.4490, lr_0 = 3.1715e-04
Loss = 5.4704e-02, PNorm = 33.2416, GNorm = 0.2425, lr_0 = 3.1409e-04
Loss = 5.2430e-02, PNorm = 33.2663, GNorm = 0.2053, lr_0 = 3.1107e-04
Validation auc = 0.887679
Epoch 16
Loss = 5.8868e-02, PNorm = 33.2811, GNorm = 0.2158, lr_0 = 3.0807e-04
Loss = 4.4439e-02, PNorm = 33.2970, GNorm = 0.1031, lr_0 = 3.0511e-04
Loss = 6.3476e-02, PNorm = 33.3063, GNorm = 0.1319, lr_0 = 3.0217e-04
Loss = 4.8445e-02, PNorm = 33.3210, GNorm = 0.2187, lr_0 = 2.9926e-04
Loss = 7.2990e-02, PNorm = 33.3283, GNorm = 0.1413, lr_0 = 2.9638e-04
Loss = 6.9018e-02, PNorm = 33.3395, GNorm = 0.2377, lr_0 = 2.9353e-04
Loss = 5.3515e-02, PNorm = 33.3635, GNorm = 0.6619, lr_0 = 2.9070e-04
Loss = 2.2357e-02, PNorm = 33.3773, GNorm = 0.1146, lr_0 = 2.8790e-04
Validation auc = 0.880081
Epoch 17
Loss = 4.9694e-02, PNorm = 33.3903, GNorm = 0.1311, lr_0 = 2.8485e-04
Loss = 6.0013e-02, PNorm = 33.3977, GNorm = 0.2910, lr_0 = 2.8211e-04
Loss = 5.8594e-02, PNorm = 33.4106, GNorm = 0.1611, lr_0 = 2.7939e-04
Loss = 5.6557e-02, PNorm = 33.4210, GNorm = 0.3090, lr_0 = 2.7670e-04
Loss = 3.8416e-02, PNorm = 33.4404, GNorm = 0.1567, lr_0 = 2.7404e-04
Loss = 3.4405e-02, PNorm = 33.4473, GNorm = 0.1928, lr_0 = 2.7140e-04
Loss = 6.2135e-02, PNorm = 33.4472, GNorm = 0.3657, lr_0 = 2.6879e-04
Loss = 5.3377e-02, PNorm = 33.4636, GNorm = 0.2372, lr_0 = 2.6620e-04
Loss = 6.1076e-02, PNorm = 33.4779, GNorm = 0.2886, lr_0 = 2.6364e-04
Validation auc = 0.881682
Epoch 18
Loss = 4.9375e-02, PNorm = 33.4893, GNorm = 0.1314, lr_0 = 2.6110e-04
Loss = 5.6988e-02, PNorm = 33.5022, GNorm = 0.2544, lr_0 = 2.5859e-04
Loss = 6.9498e-02, PNorm = 33.5116, GNorm = 0.2475, lr_0 = 2.5610e-04
Loss = 5.3045e-02, PNorm = 33.5325, GNorm = 0.5196, lr_0 = 2.5363e-04
Loss = 6.7999e-02, PNorm = 33.5349, GNorm = 0.2801, lr_0 = 2.5119e-04
Loss = 5.0998e-02, PNorm = 33.5466, GNorm = 0.1348, lr_0 = 2.4877e-04
Loss = 4.4780e-02, PNorm = 33.5505, GNorm = 0.2657, lr_0 = 2.4638e-04
Loss = 3.9983e-02, PNorm = 33.5581, GNorm = 0.2965, lr_0 = 2.4400e-04
Validation auc = 0.867043
Epoch 19
Loss = 3.4122e-02, PNorm = 33.5732, GNorm = 0.1807, lr_0 = 2.4165e-04
Loss = 4.9362e-02, PNorm = 33.5839, GNorm = 0.3546, lr_0 = 2.3933e-04
Loss = 5.4222e-02, PNorm = 33.5876, GNorm = 0.1491, lr_0 = 2.3702e-04
Loss = 4.0311e-02, PNorm = 33.5968, GNorm = 0.2022, lr_0 = 2.3474e-04
Loss = 4.3108e-02, PNorm = 33.6114, GNorm = 0.3088, lr_0 = 2.3248e-04
Loss = 8.7556e-02, PNorm = 33.6151, GNorm = 0.1902, lr_0 = 2.3024e-04
Loss = 6.8680e-02, PNorm = 33.6238, GNorm = 0.6355, lr_0 = 2.2803e-04
Loss = 3.6440e-02, PNorm = 33.6356, GNorm = 0.1919, lr_0 = 2.2583e-04
Loss = 4.5762e-02, PNorm = 33.6395, GNorm = 0.1760, lr_0 = 2.2366e-04
Validation auc = 0.879742
Epoch 20
Loss = 4.3929e-02, PNorm = 33.6512, GNorm = 0.3479, lr_0 = 2.2129e-04
Loss = 4.0121e-02, PNorm = 33.6650, GNorm = 0.1314, lr_0 = 2.1916e-04
Loss = 5.8131e-02, PNorm = 33.6716, GNorm = 0.2105, lr_0 = 2.1705e-04
Loss = 3.5805e-02, PNorm = 33.6801, GNorm = 0.1066, lr_0 = 2.1496e-04
Loss = 5.2939e-02, PNorm = 33.6868, GNorm = 0.1571, lr_0 = 2.1289e-04
Loss = 6.2825e-02, PNorm = 33.6901, GNorm = 0.2564, lr_0 = 2.1084e-04
Loss = 2.9795e-02, PNorm = 33.7042, GNorm = 0.2040, lr_0 = 2.0881e-04
Loss = 4.4793e-02, PNorm = 33.7133, GNorm = 0.5864, lr_0 = 2.0680e-04
Validation auc = 0.875373
Epoch 21
Loss = 3.9989e-02, PNorm = 33.7078, GNorm = 0.4008, lr_0 = 2.0481e-04
Loss = 4.2509e-02, PNorm = 33.7223, GNorm = 0.2449, lr_0 = 2.0283e-04
Loss = 3.5170e-02, PNorm = 33.7334, GNorm = 0.0700, lr_0 = 2.0088e-04
Loss = 7.3715e-02, PNorm = 33.7343, GNorm = 0.2249, lr_0 = 1.9895e-04
Loss = 5.3370e-02, PNorm = 33.7404, GNorm = 0.3349, lr_0 = 1.9703e-04
Loss = 5.7545e-02, PNorm = 33.7532, GNorm = 0.1963, lr_0 = 1.9514e-04
Loss = 7.0548e-02, PNorm = 33.7629, GNorm = 0.2385, lr_0 = 1.9326e-04
Loss = 3.3173e-02, PNorm = 33.7699, GNorm = 0.2776, lr_0 = 1.9140e-04
Loss = 5.7991e-02, PNorm = 33.7789, GNorm = 0.6724, lr_0 = 1.8955e-04
Validation auc = 0.891999
Epoch 22
Loss = 1.9461e-02, PNorm = 33.7858, GNorm = 0.2037, lr_0 = 1.8773e-04
Loss = 7.0012e-02, PNorm = 33.7874, GNorm = 0.2461, lr_0 = 1.8592e-04
Loss = 3.3048e-02, PNorm = 33.7961, GNorm = 0.1754, lr_0 = 1.8413e-04
Loss = 3.6872e-02, PNorm = 33.8104, GNorm = 0.1122, lr_0 = 1.8236e-04
Loss = 6.9899e-02, PNorm = 33.8128, GNorm = 0.0847, lr_0 = 1.8060e-04
Loss = 3.3723e-02, PNorm = 33.8157, GNorm = 0.2494, lr_0 = 1.7886e-04
Loss = 6.7859e-02, PNorm = 33.8239, GNorm = 0.4251, lr_0 = 1.7714e-04
Loss = 5.8225e-02, PNorm = 33.8280, GNorm = 0.3856, lr_0 = 1.7544e-04
Validation auc = 0.882604
Epoch 23
Loss = 1.0525e-01, PNorm = 33.8368, GNorm = 0.4004, lr_0 = 1.7358e-04
Loss = 3.8625e-02, PNorm = 33.8466, GNorm = 0.6603, lr_0 = 1.7191e-04
Loss = 6.9562e-02, PNorm = 33.8471, GNorm = 0.3205, lr_0 = 1.7025e-04
Loss = 3.0575e-02, PNorm = 33.8590, GNorm = 0.1693, lr_0 = 1.6861e-04
Loss = 4.7243e-02, PNorm = 33.8655, GNorm = 0.0908, lr_0 = 1.6699e-04
Loss = 3.5782e-02, PNorm = 33.8710, GNorm = 0.2527, lr_0 = 1.6538e-04
Loss = 3.3617e-02, PNorm = 33.8764, GNorm = 0.3529, lr_0 = 1.6379e-04
Loss = 5.1826e-02, PNorm = 33.8793, GNorm = 0.2560, lr_0 = 1.6221e-04
Loss = 5.3587e-02, PNorm = 33.8871, GNorm = 0.1784, lr_0 = 1.6065e-04
Validation auc = 0.887794
Epoch 24
Loss = 8.1490e-02, PNorm = 33.8887, GNorm = 0.6777, lr_0 = 1.5910e-04
Loss = 3.4808e-02, PNorm = 33.8960, GNorm = 0.2379, lr_0 = 1.5757e-04
Loss = 5.6853e-02, PNorm = 33.9050, GNorm = 0.3588, lr_0 = 1.5605e-04
Loss = 3.4192e-02, PNorm = 33.9125, GNorm = 0.2334, lr_0 = 1.5455e-04
Loss = 5.7975e-02, PNorm = 33.9167, GNorm = 0.1606, lr_0 = 1.5306e-04
Loss = 3.5954e-02, PNorm = 33.9224, GNorm = 0.1965, lr_0 = 1.5159e-04
Loss = 4.8916e-02, PNorm = 33.9287, GNorm = 0.3733, lr_0 = 1.5013e-04
Loss = 4.8173e-02, PNorm = 33.9287, GNorm = 0.1672, lr_0 = 1.4869e-04
Loss = 4.7852e-02, PNorm = 33.9343, GNorm = 0.1632, lr_0 = 1.4725e-04
Validation auc = 0.885644
Epoch 25
Loss = 4.9540e-02, PNorm = 33.9393, GNorm = 0.3856, lr_0 = 1.4584e-04
Loss = 4.0473e-02, PNorm = 33.9463, GNorm = 0.2182, lr_0 = 1.4443e-04
Loss = 4.5396e-02, PNorm = 33.9530, GNorm = 0.6476, lr_0 = 1.4304e-04
Loss = 6.0579e-02, PNorm = 33.9571, GNorm = 0.3267, lr_0 = 1.4166e-04
Loss = 3.9106e-02, PNorm = 33.9686, GNorm = 0.2426, lr_0 = 1.4030e-04
Loss = 4.9783e-02, PNorm = 33.9726, GNorm = 0.2556, lr_0 = 1.3895e-04
Loss = 2.8092e-02, PNorm = 33.9767, GNorm = 0.1168, lr_0 = 1.3761e-04
Loss = 4.6964e-02, PNorm = 33.9763, GNorm = 0.1259, lr_0 = 1.3629e-04
Validation auc = 0.893432
Epoch 26
Loss = 4.0585e-02, PNorm = 33.9794, GNorm = 0.1749, lr_0 = 1.3484e-04
Loss = 4.8812e-02, PNorm = 33.9852, GNorm = 0.6447, lr_0 = 1.3355e-04
Loss = 2.6800e-02, PNorm = 33.9937, GNorm = 0.1911, lr_0 = 1.3226e-04
Loss = 4.4427e-02, PNorm = 33.9982, GNorm = 0.2743, lr_0 = 1.3099e-04
Loss = 6.6696e-02, PNorm = 33.9978, GNorm = 0.2356, lr_0 = 1.2973e-04
Loss = 4.5011e-02, PNorm = 34.0049, GNorm = 0.2182, lr_0 = 1.2848e-04
Loss = 4.2100e-02, PNorm = 34.0129, GNorm = 0.2888, lr_0 = 1.2724e-04
Loss = 5.4435e-02, PNorm = 34.0178, GNorm = 0.3624, lr_0 = 1.2601e-04
Loss = 2.8930e-02, PNorm = 34.0229, GNorm = 0.2424, lr_0 = 1.2480e-04
Validation auc = 0.886843
Epoch 27
Loss = 5.5548e-02, PNorm = 34.0249, GNorm = 0.2603, lr_0 = 1.2360e-04
Loss = 2.9986e-02, PNorm = 34.0306, GNorm = 0.1863, lr_0 = 1.2241e-04
Loss = 3.5542e-02, PNorm = 34.0394, GNorm = 0.2941, lr_0 = 1.2123e-04
Loss = 2.0235e-02, PNorm = 34.0475, GNorm = 0.1414, lr_0 = 1.2006e-04
Loss = 5.1161e-02, PNorm = 34.0498, GNorm = 0.1932, lr_0 = 1.1891e-04
Loss = 6.8069e-02, PNorm = 34.0485, GNorm = 0.4311, lr_0 = 1.1776e-04
Loss = 5.2488e-02, PNorm = 34.0534, GNorm = 0.2178, lr_0 = 1.1663e-04
Loss = 3.6483e-02, PNorm = 34.0615, GNorm = 0.1200, lr_0 = 1.1551e-04
Validation auc = 0.890756
Epoch 28
Loss = 1.0503e-01, PNorm = 34.0600, GNorm = 0.2456, lr_0 = 1.1428e-04
Loss = 3.2940e-02, PNorm = 34.0610, GNorm = 0.2210, lr_0 = 1.1318e-04
Loss = 5.8216e-02, PNorm = 34.0667, GNorm = 0.2570, lr_0 = 1.1209e-04
Loss = 3.4349e-02, PNorm = 34.0701, GNorm = 0.1460, lr_0 = 1.1101e-04
Loss = 3.6331e-02, PNorm = 34.0745, GNorm = 0.2421, lr_0 = 1.0995e-04
Loss = 4.8168e-02, PNorm = 34.0789, GNorm = 0.0955, lr_0 = 1.0889e-04
Loss = 4.6288e-02, PNorm = 34.0834, GNorm = 0.2702, lr_0 = 1.0784e-04
Loss = 4.8537e-02, PNorm = 34.0873, GNorm = 0.1840, lr_0 = 1.0680e-04
Loss = 3.3755e-02, PNorm = 34.0923, GNorm = 0.2635, lr_0 = 1.0577e-04
Validation auc = 0.891433
Epoch 29
Loss = 5.1398e-02, PNorm = 34.0967, GNorm = 0.2314, lr_0 = 1.0475e-04
Loss = 3.0956e-02, PNorm = 34.0997, GNorm = 0.6370, lr_0 = 1.0374e-04
Loss = 6.6435e-02, PNorm = 34.0997, GNorm = 0.2607, lr_0 = 1.0275e-04
Loss = 3.7212e-02, PNorm = 34.1037, GNorm = 0.3525, lr_0 = 1.0176e-04
Loss = 3.4154e-02, PNorm = 34.1098, GNorm = 0.1668, lr_0 = 1.0078e-04
Loss = 5.4697e-02, PNorm = 34.1112, GNorm = 0.1019, lr_0 = 1.0000e-04
Loss = 5.0593e-02, PNorm = 34.1126, GNorm = 0.2612, lr_0 = 1.0000e-04
Loss = 4.0327e-02, PNorm = 34.1170, GNorm = 0.2340, lr_0 = 1.0000e-04
Validation auc = 0.894659
Model 0 best validation auc = 0.894659 on epoch 29
Loading pretrained parameter "encoder.encoder.0.cached_zero_vector".
Loading pretrained parameter "encoder.encoder.0.W_i.weight".
Loading pretrained parameter "encoder.encoder.0.W_h.weight".
Loading pretrained parameter "encoder.encoder.0.W_o.weight".
Loading pretrained parameter "encoder.encoder.0.W_o.bias".
Loading pretrained parameter "ffn.1.weight".
Loading pretrained parameter "ffn.1.bias".
Moving model to cuda
Model 0 test auc = 0.812893
Ensemble test auc = 0.812893
Fold 2
Splitting data with seed 2
Total scaffolds = 3,467 | train scaffolds = 2,630 | val scaffolds = 419 | test scaffolds = 418
Label averages per scaffold, in decreasing order of scaffold frequency,capped at 10 scaffolds and 20 labels:
Scaffold 0
Task 0: count = 381 | target average = 0.018373
Task 1: count = 381 | target average = 0.013123


Scaffold 1
Task 0: count = 305 | target average = 0.009836
Task 1: count = 305 | target average = 0.016393


Scaffold 2
Task 0: count = 36 | target average = 0.000000
Task 1: count = 36 | target average = 0.000000


Scaffold 3
Task 0: count = 29 | target average = 0.000000
Task 1: count = 29 | target average = 0.000000


Scaffold 4
Task 0: count = 26 | target average = 0.000000
Task 1: count = 26 | target average = 0.000000


Scaffold 5
Task 0: count = 23 | target average = 0.000000
Task 1: count = 23 | target average = 0.000000


Scaffold 6
Task 0: count = 22 | target average = 0.090909
Task 1: count = 22 | target average = 0.090909


Scaffold 7
Task 0: count = 20 | target average = 0.000000
Task 1: count = 20 | target average = 0.000000


Scaffold 8
Task 0: count = 20 | target average = 0.000000
Task 1: count = 20 | target average = 0.000000


Scaffold 9
Task 0: count = 20 | target average = 0.050000
Task 1: count = 20 | target average = 0.000000


Class sizes
hit_inh 0: 97.83%, 1: 2.17%
hit_kill 0: 98.64%, 1: 1.36%
Total size = 5,353 | train size = 4,282 | val size = 535 | test size = 536
Building model 0
MoleculeModel(
  (sigmoid): Sigmoid()
  (encoder): MPN(
    (encoder): ModuleList(
      (0): MPNEncoder(
        (dropout_layer): Dropout(p=0.4, inplace=False)
        (act_func): ReLU()
        (W_i): Linear(in_features=147, out_features=300, bias=False)
        (W_h): Linear(in_features=300, out_features=300, bias=False)
        (W_o): Linear(in_features=433, out_features=300, bias=True)
      )
    )
  )
  (ffn): Sequential(
    (0): Dropout(p=0.4, inplace=False)
    (1): Linear(in_features=500, out_features=2, bias=True)
  )
)
Number of parameters = 265,302
Moving model to cuda
Epoch 0
Loss = 1.7238e-01, PNorm = 29.3174, GNorm = 0.2397, lr_0 = 1.0000e-03
Loss = 7.3326e-02, PNorm = 29.3534, GNorm = 0.1872, lr_0 = 1.0000e-03
Loss = 1.0957e-01, PNorm = 29.3709, GNorm = 0.2322, lr_0 = 1.0000e-03
Loss = 9.8716e-02, PNorm = 29.3899, GNorm = 0.1886, lr_0 = 1.0000e-03
Loss = 8.5724e-02, PNorm = 29.4074, GNorm = 0.1569, lr_0 = 1.0000e-03
Loss = 1.0594e-01, PNorm = 29.4201, GNorm = 0.2329, lr_0 = 1.0000e-03
Loss = 1.0217e-01, PNorm = 29.4444, GNorm = 0.3812, lr_0 = 1.0000e-03
Loss = 8.2859e-02, PNorm = 29.4551, GNorm = 0.1707, lr_0 = 1.0000e-03
Validation auc = 0.539139
Epoch 1
Loss = 6.8170e-02, PNorm = 29.4799, GNorm = 0.2766, lr_0 = 1.0000e-03
Loss = 7.7179e-02, PNorm = 29.5091, GNorm = 0.5767, lr_0 = 1.0000e-03
Loss = 4.8271e-02, PNorm = 29.5215, GNorm = 0.1989, lr_0 = 1.0000e-03
Loss = 1.3338e-01, PNorm = 29.5349, GNorm = 0.4804, lr_0 = 1.0000e-03
Loss = 8.5760e-02, PNorm = 29.5652, GNorm = 0.1800, lr_0 = 1.0000e-03
Loss = 9.4838e-02, PNorm = 29.5893, GNorm = 0.1353, lr_0 = 1.0000e-03
Loss = 1.1132e-01, PNorm = 29.6036, GNorm = 0.1674, lr_0 = 1.0000e-03
Loss = 1.1862e-01, PNorm = 29.6312, GNorm = 0.3208, lr_0 = 1.0000e-03
Loss = 6.0142e-02, PNorm = 29.6790, GNorm = 0.0969, lr_0 = 9.9807e-04
Validation auc = 0.747791
Epoch 2
Loss = 9.7920e-02, PNorm = 29.7004, GNorm = 0.3418, lr_0 = 9.8846e-04
Loss = 8.1621e-02, PNorm = 29.7358, GNorm = 0.3065, lr_0 = 9.7894e-04
Loss = 1.0408e-01, PNorm = 29.7562, GNorm = 0.1597, lr_0 = 9.6952e-04
Loss = 8.3363e-02, PNorm = 29.7860, GNorm = 0.4491, lr_0 = 9.6018e-04
Loss = 1.1335e-01, PNorm = 29.8145, GNorm = 0.1941, lr_0 = 9.5094e-04
Loss = 6.9408e-02, PNorm = 29.8736, GNorm = 0.1447, lr_0 = 9.4178e-04
Loss = 5.6554e-02, PNorm = 29.9043, GNorm = 0.0866, lr_0 = 9.3271e-04
Loss = 7.8478e-02, PNorm = 29.9273, GNorm = 0.1479, lr_0 = 9.2373e-04
Validation auc = 0.779560
Epoch 3
Loss = 7.8271e-02, PNorm = 29.9631, GNorm = 0.1807, lr_0 = 9.1395e-04
Loss = 1.0165e-01, PNorm = 29.9940, GNorm = 0.1869, lr_0 = 9.0515e-04
Loss = 8.8110e-02, PNorm = 30.0484, GNorm = 0.2526, lr_0 = 8.9644e-04
Loss = 3.5723e-02, PNorm = 30.1045, GNorm = 0.0595, lr_0 = 8.8781e-04
Loss = 9.8635e-02, PNorm = 30.1073, GNorm = 0.2414, lr_0 = 8.7926e-04
Loss = 7.9949e-02, PNorm = 30.1358, GNorm = 0.1416, lr_0 = 8.7080e-04
Loss = 1.0005e-01, PNorm = 30.1727, GNorm = 0.2017, lr_0 = 8.6241e-04
Loss = 8.1519e-02, PNorm = 30.2258, GNorm = 0.1147, lr_0 = 8.5411e-04
Loss = 7.9290e-02, PNorm = 30.2588, GNorm = 0.2858, lr_0 = 8.4588e-04
Validation auc = 0.790587
Epoch 4
Loss = 5.0870e-02, PNorm = 30.3026, GNorm = 0.1318, lr_0 = 8.3774e-04
Loss = 6.0503e-02, PNorm = 30.3373, GNorm = 0.1584, lr_0 = 8.2967e-04
Loss = 7.6977e-02, PNorm = 30.3599, GNorm = 0.2339, lr_0 = 8.2169e-04
Loss = 9.6457e-02, PNorm = 30.3815, GNorm = 0.2593, lr_0 = 8.1377e-04
Loss = 9.6671e-02, PNorm = 30.4205, GNorm = 0.1583, lr_0 = 8.0594e-04
Loss = 6.2655e-02, PNorm = 30.4694, GNorm = 0.1754, lr_0 = 7.9818e-04
Loss = 1.0245e-01, PNorm = 30.4972, GNorm = 0.2870, lr_0 = 7.9050e-04
Loss = 5.9688e-02, PNorm = 30.5483, GNorm = 0.1847, lr_0 = 7.8288e-04
Validation auc = 0.819010
Epoch 5
Loss = 9.9815e-02, PNorm = 30.6004, GNorm = 0.1844, lr_0 = 7.7535e-04
Loss = 9.3594e-02, PNorm = 30.6570, GNorm = 0.2008, lr_0 = 7.6788e-04
Loss = 7.3521e-02, PNorm = 30.7236, GNorm = 0.3569, lr_0 = 7.6049e-04
Loss = 8.6208e-02, PNorm = 30.7504, GNorm = 0.2473, lr_0 = 7.5317e-04
Loss = 4.9408e-02, PNorm = 30.8088, GNorm = 0.0969, lr_0 = 7.4591e-04
Loss = 7.2620e-02, PNorm = 30.8386, GNorm = 0.1004, lr_0 = 7.3873e-04
Loss = 8.9185e-02, PNorm = 30.8569, GNorm = 0.1700, lr_0 = 7.3162e-04
Loss = 6.9061e-02, PNorm = 30.9055, GNorm = 0.1155, lr_0 = 7.2458e-04
Loss = 6.1107e-02, PNorm = 30.9439, GNorm = 0.1526, lr_0 = 7.1760e-04
Validation auc = 0.850977
Epoch 6
Loss = 4.9308e-02, PNorm = 30.9754, GNorm = 0.1510, lr_0 = 7.1000e-04
Loss = 9.0635e-02, PNorm = 31.0146, GNorm = 0.1244, lr_0 = 7.0317e-04
Loss = 8.3109e-02, PNorm = 31.0492, GNorm = 0.2329, lr_0 = 6.9640e-04
Loss = 7.5609e-02, PNorm = 31.0888, GNorm = 0.1753, lr_0 = 6.8969e-04
Loss = 7.1436e-02, PNorm = 31.1380, GNorm = 0.1135, lr_0 = 6.8305e-04
Loss = 6.6545e-02, PNorm = 31.1829, GNorm = 0.1868, lr_0 = 6.7648e-04
Loss = 7.3340e-02, PNorm = 31.2351, GNorm = 0.4890, lr_0 = 6.6996e-04
Loss = 2.4254e-02, PNorm = 31.2882, GNorm = 0.0860, lr_0 = 6.6351e-04
Validation auc = 0.839069
Epoch 7
Loss = 7.7887e-02, PNorm = 31.3064, GNorm = 0.1502, lr_0 = 6.5712e-04
Loss = 6.9956e-02, PNorm = 31.3581, GNorm = 0.2671, lr_0 = 6.5080e-04
Loss = 8.7492e-02, PNorm = 31.4012, GNorm = 0.1580, lr_0 = 6.4453e-04
Loss = 7.0126e-02, PNorm = 31.4726, GNorm = 0.2291, lr_0 = 6.3833e-04
Loss = 7.8043e-02, PNorm = 31.4952, GNorm = 0.1539, lr_0 = 6.3218e-04
Loss = 4.4852e-02, PNorm = 31.5337, GNorm = 0.1222, lr_0 = 6.2609e-04
Loss = 7.8584e-02, PNorm = 31.5580, GNorm = 0.1754, lr_0 = 6.2006e-04
Loss = 8.1346e-02, PNorm = 31.5950, GNorm = 0.3566, lr_0 = 6.1409e-04
Loss = 5.2927e-02, PNorm = 31.6424, GNorm = 0.1197, lr_0 = 6.0818e-04
Validation auc = 0.859218
Epoch 8
Loss = 3.5014e-02, PNorm = 31.6740, GNorm = 0.1458, lr_0 = 6.0233e-04
Loss = 5.9333e-02, PNorm = 31.7015, GNorm = 0.1001, lr_0 = 5.9653e-04
Loss = 7.6571e-02, PNorm = 31.7265, GNorm = 0.1720, lr_0 = 5.9078e-04
Loss = 8.9849e-02, PNorm = 31.7589, GNorm = 0.2889, lr_0 = 5.8510e-04
Loss = 7.3451e-02, PNorm = 31.8150, GNorm = 0.1924, lr_0 = 5.7946e-04
Loss = 5.9190e-02, PNorm = 31.8589, GNorm = 0.3074, lr_0 = 5.7388e-04
Loss = 5.0638e-02, PNorm = 31.8867, GNorm = 0.1596, lr_0 = 5.6836e-04
Loss = 6.9149e-02, PNorm = 31.9130, GNorm = 0.2057, lr_0 = 5.6289e-04
Loss = 7.6208e-02, PNorm = 31.9401, GNorm = 0.1666, lr_0 = 5.5747e-04
Loss = 2.5516e-02, PNorm = 31.9441, GNorm = 0.2827, lr_0 = 5.5693e-04
Validation auc = 0.870790
Epoch 9
Loss = 5.1139e-02, PNorm = 31.9890, GNorm = 0.1502, lr_0 = 5.5156e-04
Loss = 9.1670e-02, PNorm = 31.9987, GNorm = 0.1741, lr_0 = 5.4625e-04
Loss = 7.1236e-02, PNorm = 32.0296, GNorm = 0.1843, lr_0 = 5.4100e-04
Loss = 3.6876e-02, PNorm = 32.0807, GNorm = 0.1574, lr_0 = 5.3579e-04
Loss = 9.0915e-02, PNorm = 32.0989, GNorm = 0.2471, lr_0 = 5.3063e-04
Loss = 4.9895e-02, PNorm = 32.1539, GNorm = 0.1956, lr_0 = 5.2552e-04
Loss = 7.2005e-02, PNorm = 32.1676, GNorm = 0.1617, lr_0 = 5.2046e-04
Loss = 5.4531e-02, PNorm = 32.1921, GNorm = 0.2075, lr_0 = 5.1545e-04
Validation auc = 0.860779
Epoch 10
Loss = 3.8011e-02, PNorm = 32.2251, GNorm = 0.1129, lr_0 = 5.1049e-04
Loss = 7.0532e-02, PNorm = 32.2639, GNorm = 0.1564, lr_0 = 5.0557e-04
Loss = 3.4037e-02, PNorm = 32.3186, GNorm = 0.0574, lr_0 = 5.0070e-04
Loss = 3.2737e-02, PNorm = 32.3295, GNorm = 0.2586, lr_0 = 4.9588e-04
Loss = 8.9657e-02, PNorm = 32.3225, GNorm = 0.2868, lr_0 = 4.9111e-04
Loss = 7.4160e-02, PNorm = 32.3504, GNorm = 0.1355, lr_0 = 4.8638e-04
Loss = 6.4897e-02, PNorm = 32.3831, GNorm = 0.1803, lr_0 = 4.8170e-04
Loss = 6.1561e-02, PNorm = 32.4211, GNorm = 0.4183, lr_0 = 4.7706e-04
Loss = 4.8188e-02, PNorm = 32.4420, GNorm = 0.2894, lr_0 = 4.7247e-04
Validation auc = 0.866082
Epoch 11
Loss = 8.6432e-02, PNorm = 32.4592, GNorm = 0.2522, lr_0 = 4.6792e-04
Loss = 5.4044e-02, PNorm = 32.5023, GNorm = 0.2753, lr_0 = 4.6341e-04
Loss = 3.8826e-02, PNorm = 32.5257, GNorm = 0.0925, lr_0 = 4.5895e-04
Loss = 4.9725e-02, PNorm = 32.5374, GNorm = 0.1045, lr_0 = 4.5453e-04
Loss = 8.0546e-02, PNorm = 32.5479, GNorm = 0.3455, lr_0 = 4.5015e-04
Loss = 5.8486e-02, PNorm = 32.5785, GNorm = 0.0869, lr_0 = 4.4582e-04
Loss = 5.7650e-02, PNorm = 32.5978, GNorm = 0.1132, lr_0 = 4.4153e-04
Loss = 5.9077e-02, PNorm = 32.6247, GNorm = 0.2226, lr_0 = 4.3728e-04
Validation auc = 0.852639
Epoch 12
Loss = 5.9060e-02, PNorm = 32.6533, GNorm = 0.2103, lr_0 = 4.3265e-04
Loss = 4.1465e-02, PNorm = 32.6827, GNorm = 0.1121, lr_0 = 4.2848e-04
Loss = 4.7403e-02, PNorm = 32.7087, GNorm = 0.1871, lr_0 = 4.2436e-04
Loss = 6.8381e-02, PNorm = 32.7273, GNorm = 0.7468, lr_0 = 4.2027e-04
Loss = 5.5322e-02, PNorm = 32.7395, GNorm = 0.3943, lr_0 = 4.1622e-04
Loss = 3.1580e-02, PNorm = 32.7664, GNorm = 0.2056, lr_0 = 4.1222e-04
Loss = 8.9129e-02, PNorm = 32.7574, GNorm = 0.1842, lr_0 = 4.0825e-04
Loss = 7.2241e-02, PNorm = 32.7755, GNorm = 0.3465, lr_0 = 4.0432e-04
Loss = 5.4168e-02, PNorm = 32.8227, GNorm = 0.1643, lr_0 = 4.0042e-04
Validation auc = 0.886465
Epoch 13
Loss = 2.9466e-02, PNorm = 32.8385, GNorm = 0.1922, lr_0 = 3.9657e-04
Loss = 6.9879e-02, PNorm = 32.8507, GNorm = 0.2105, lr_0 = 3.9275e-04
Loss = 2.2249e-02, PNorm = 32.8814, GNorm = 0.0847, lr_0 = 3.8897e-04
Loss = 7.6330e-02, PNorm = 32.8904, GNorm = 0.3686, lr_0 = 3.8522e-04
Loss = 6.6596e-02, PNorm = 32.9092, GNorm = 0.2239, lr_0 = 3.8152e-04
Loss = 6.0286e-02, PNorm = 32.9422, GNorm = 0.4298, lr_0 = 3.7784e-04
Loss = 7.5251e-02, PNorm = 32.9452, GNorm = 0.2890, lr_0 = 3.7420e-04
Loss = 4.5582e-02, PNorm = 32.9602, GNorm = 0.1638, lr_0 = 3.7060e-04
Validation auc = 0.879142
Epoch 14
Loss = 2.6595e-02, PNorm = 32.9823, GNorm = 0.1596, lr_0 = 3.6668e-04
Loss = 4.2136e-02, PNorm = 32.9992, GNorm = 0.1858, lr_0 = 3.6315e-04
Loss = 5.7013e-02, PNorm = 33.0156, GNorm = 0.2279, lr_0 = 3.5965e-04
Loss = 4.6900e-02, PNorm = 33.0334, GNorm = 0.0992, lr_0 = 3.5619e-04
Loss = 5.5622e-02, PNorm = 33.0496, GNorm = 0.1231, lr_0 = 3.5276e-04
Loss = 5.5940e-02, PNorm = 33.0639, GNorm = 0.3410, lr_0 = 3.4936e-04
Loss = 7.9604e-02, PNorm = 33.0685, GNorm = 0.2439, lr_0 = 3.4600e-04
Loss = 5.6241e-02, PNorm = 33.0866, GNorm = 0.1481, lr_0 = 3.4267e-04
Loss = 5.7763e-02, PNorm = 33.1060, GNorm = 0.1239, lr_0 = 3.3937e-04
Validation auc = 0.882599
Epoch 15
Loss = 5.1749e-02, PNorm = 33.1167, GNorm = 0.2029, lr_0 = 3.3610e-04
Loss = 7.7832e-02, PNorm = 33.1372, GNorm = 0.2173, lr_0 = 3.3287e-04
Loss = 3.3614e-02, PNorm = 33.1577, GNorm = 0.2189, lr_0 = 3.2966e-04
Loss = 3.7653e-02, PNorm = 33.1815, GNorm = 0.0905, lr_0 = 3.2649e-04
Loss = 7.2778e-02, PNorm = 33.1754, GNorm = 0.2211, lr_0 = 3.2334e-04
Loss = 4.8290e-02, PNorm = 33.1991, GNorm = 0.1873, lr_0 = 3.2023e-04
Loss = 5.8985e-02, PNorm = 33.2190, GNorm = 0.2145, lr_0 = 3.1715e-04
Loss = 3.3779e-02, PNorm = 33.2312, GNorm = 0.3851, lr_0 = 3.1409e-04
Loss = 6.1566e-02, PNorm = 33.2397, GNorm = 0.1983, lr_0 = 3.1107e-04
Validation auc = 0.859924
Epoch 16
Loss = 5.9819e-02, PNorm = 33.2608, GNorm = 0.3537, lr_0 = 3.0807e-04
Loss = 7.4475e-02, PNorm = 33.2683, GNorm = 0.2644, lr_0 = 3.0511e-04
Loss = 5.7314e-02, PNorm = 33.2827, GNorm = 0.1988, lr_0 = 3.0217e-04
Loss = 3.4339e-02, PNorm = 33.3059, GNorm = 0.1264, lr_0 = 2.9926e-04
Loss = 5.9258e-02, PNorm = 33.3129, GNorm = 0.2857, lr_0 = 2.9638e-04
Loss = 4.8310e-02, PNorm = 33.3218, GNorm = 0.2095, lr_0 = 2.9353e-04
Loss = 3.4390e-02, PNorm = 33.3409, GNorm = 0.1025, lr_0 = 2.9070e-04
Loss = 6.2469e-02, PNorm = 33.3492, GNorm = 0.1265, lr_0 = 2.8790e-04
Validation auc = 0.869886
Epoch 17
Loss = 4.8683e-02, PNorm = 33.3570, GNorm = 0.2160, lr_0 = 2.8485e-04
Loss = 6.3930e-02, PNorm = 33.3642, GNorm = 0.1733, lr_0 = 2.8211e-04
Loss = 4.0261e-02, PNorm = 33.3839, GNorm = 0.2567, lr_0 = 2.7939e-04
Loss = 5.8703e-02, PNorm = 33.3965, GNorm = 0.2390, lr_0 = 2.7670e-04
Loss = 5.8799e-02, PNorm = 33.4107, GNorm = 0.1320, lr_0 = 2.7404e-04
Loss = 4.9815e-02, PNorm = 33.4208, GNorm = 0.1567, lr_0 = 2.7140e-04
Loss = 4.5045e-02, PNorm = 33.4324, GNorm = 0.1992, lr_0 = 2.6879e-04
Loss = 5.2496e-02, PNorm = 33.4429, GNorm = 0.2426, lr_0 = 2.6620e-04
Loss = 3.3759e-02, PNorm = 33.4536, GNorm = 0.0964, lr_0 = 2.6364e-04
Validation auc = 0.870010
Epoch 18
Loss = 5.4128e-02, PNorm = 33.4595, GNorm = 0.2466, lr_0 = 2.6110e-04
Loss = 4.9761e-02, PNorm = 33.4660, GNorm = 0.2535, lr_0 = 2.5859e-04
Loss = 5.0384e-02, PNorm = 33.4765, GNorm = 0.1953, lr_0 = 2.5610e-04
Loss = 4.8316e-02, PNorm = 33.4843, GNorm = 0.1774, lr_0 = 2.5363e-04
Loss = 5.6297e-02, PNorm = 33.4925, GNorm = 0.2585, lr_0 = 2.5119e-04
Loss = 3.9445e-02, PNorm = 33.5033, GNorm = 0.1417, lr_0 = 2.4877e-04
Loss = 6.0475e-02, PNorm = 33.5140, GNorm = 0.1632, lr_0 = 2.4638e-04
Loss = 5.9934e-02, PNorm = 33.5199, GNorm = 0.5576, lr_0 = 2.4400e-04
Validation auc = 0.873938
Epoch 19
Loss = 4.2842e-02, PNorm = 33.5295, GNorm = 0.1723, lr_0 = 2.4165e-04
Loss = 4.1662e-02, PNorm = 33.5400, GNorm = 0.4266, lr_0 = 2.3933e-04
Loss = 5.7714e-02, PNorm = 33.5416, GNorm = 0.2925, lr_0 = 2.3702e-04
Loss = 5.3969e-02, PNorm = 33.5500, GNorm = 0.1507, lr_0 = 2.3474e-04
Loss = 4.2600e-02, PNorm = 33.5638, GNorm = 0.1472, lr_0 = 2.3248e-04
Loss = 8.2431e-02, PNorm = 33.5725, GNorm = 0.2222, lr_0 = 2.3024e-04
Loss = 5.2038e-02, PNorm = 33.5890, GNorm = 0.3750, lr_0 = 2.2803e-04
Loss = 2.7869e-02, PNorm = 33.6057, GNorm = 0.3465, lr_0 = 2.2583e-04
Loss = 2.4164e-02, PNorm = 33.6111, GNorm = 0.0984, lr_0 = 2.2366e-04
Validation auc = 0.879799
Epoch 20
Loss = 6.4851e-02, PNorm = 33.6103, GNorm = 0.2007, lr_0 = 2.2129e-04
Loss = 4.0479e-02, PNorm = 33.6143, GNorm = 0.2805, lr_0 = 2.1916e-04
Loss = 4.6914e-02, PNorm = 33.6216, GNorm = 0.2817, lr_0 = 2.1705e-04
Loss = 4.6129e-02, PNorm = 33.6315, GNorm = 0.2622, lr_0 = 2.1496e-04
Loss = 3.3569e-02, PNorm = 33.6424, GNorm = 0.1816, lr_0 = 2.1289e-04
Loss = 4.7803e-02, PNorm = 33.6515, GNorm = 0.3453, lr_0 = 2.1084e-04
Loss = 5.9744e-02, PNorm = 33.6561, GNorm = 0.3630, lr_0 = 2.0881e-04
Loss = 4.8851e-02, PNorm = 33.6661, GNorm = 0.1639, lr_0 = 2.0680e-04
Validation auc = 0.871361
Epoch 21
Loss = 8.5704e-02, PNorm = 33.6731, GNorm = 0.7042, lr_0 = 2.0481e-04
Loss = 5.8260e-02, PNorm = 33.6762, GNorm = 0.2010, lr_0 = 2.0283e-04
Loss = 4.5094e-02, PNorm = 33.6880, GNorm = 0.2922, lr_0 = 2.0088e-04
Loss = 4.4623e-02, PNorm = 33.7021, GNorm = 0.2514, lr_0 = 1.9895e-04
Loss = 5.7222e-02, PNorm = 33.7095, GNorm = 0.1760, lr_0 = 1.9703e-04
Loss = 3.6932e-02, PNorm = 33.7190, GNorm = 0.1385, lr_0 = 1.9514e-04
Loss = 2.3471e-02, PNorm = 33.7303, GNorm = 0.1046, lr_0 = 1.9326e-04
Loss = 5.5066e-02, PNorm = 33.7296, GNorm = 0.0909, lr_0 = 1.9140e-04
Loss = 4.5132e-02, PNorm = 33.7314, GNorm = 0.2908, lr_0 = 1.8955e-04
Validation auc = 0.878535
Epoch 22
Loss = 4.9917e-02, PNorm = 33.7387, GNorm = 0.0994, lr_0 = 1.8773e-04
Loss = 6.2531e-02, PNorm = 33.7405, GNorm = 0.0951, lr_0 = 1.8592e-04
Loss = 3.9233e-02, PNorm = 33.7471, GNorm = 0.2666, lr_0 = 1.8413e-04
Loss = 4.0293e-02, PNorm = 33.7558, GNorm = 0.0922, lr_0 = 1.8236e-04
Loss = 4.4487e-02, PNorm = 33.7670, GNorm = 0.3477, lr_0 = 1.8060e-04
Loss = 4.4420e-02, PNorm = 33.7704, GNorm = 0.2119, lr_0 = 1.7886e-04
Loss = 4.8142e-02, PNorm = 33.7767, GNorm = 0.3678, lr_0 = 1.7714e-04
Loss = 4.0322e-02, PNorm = 33.7801, GNorm = 0.1490, lr_0 = 1.7544e-04
Validation auc = 0.870345
Epoch 23
Loss = 3.0612e-02, PNorm = 33.7863, GNorm = 0.2925, lr_0 = 1.7358e-04
Loss = 4.8266e-02, PNorm = 33.7949, GNorm = 0.0635, lr_0 = 1.7191e-04
Loss = 5.2296e-02, PNorm = 33.7975, GNorm = 0.1718, lr_0 = 1.7025e-04
Loss = 5.2760e-02, PNorm = 33.7927, GNorm = 0.1810, lr_0 = 1.6861e-04
Loss = 3.2175e-02, PNorm = 33.8025, GNorm = 0.2807, lr_0 = 1.6699e-04
Loss = 2.7118e-02, PNorm = 33.8144, GNorm = 0.0845, lr_0 = 1.6538e-04
Loss = 4.0571e-02, PNorm = 33.8193, GNorm = 0.2858, lr_0 = 1.6379e-04
Loss = 5.7356e-02, PNorm = 33.8191, GNorm = 0.2307, lr_0 = 1.6221e-04
Loss = 5.4068e-02, PNorm = 33.8257, GNorm = 0.3705, lr_0 = 1.6065e-04
Validation auc = 0.877928
Epoch 24
Loss = 3.3833e-02, PNorm = 33.8393, GNorm = 0.2547, lr_0 = 1.5910e-04
Loss = 7.1075e-02, PNorm = 33.8485, GNorm = 0.4603, lr_0 = 1.5757e-04
Loss = 6.0546e-02, PNorm = 33.8491, GNorm = 0.3737, lr_0 = 1.5605e-04
Loss = 6.1062e-02, PNorm = 33.8537, GNorm = 0.0955, lr_0 = 1.5455e-04
Loss = 4.5293e-02, PNorm = 33.8632, GNorm = 0.5022, lr_0 = 1.5306e-04
Loss = 4.6790e-02, PNorm = 33.8648, GNorm = 0.1973, lr_0 = 1.5159e-04
Loss = 2.5021e-02, PNorm = 33.8720, GNorm = 0.0814, lr_0 = 1.5013e-04
Loss = 4.7092e-02, PNorm = 33.8755, GNorm = 0.0890, lr_0 = 1.4869e-04
Loss = 2.9840e-02, PNorm = 33.8796, GNorm = 0.0976, lr_0 = 1.4725e-04
Validation auc = 0.877915
Epoch 25
Loss = 2.9149e-02, PNorm = 33.8889, GNorm = 0.1121, lr_0 = 1.4584e-04
Loss = 6.5904e-02, PNorm = 33.8893, GNorm = 0.1164, lr_0 = 1.4443e-04
Loss = 3.8992e-02, PNorm = 33.8933, GNorm = 0.1971, lr_0 = 1.4304e-04
Loss = 4.2334e-02, PNorm = 33.9041, GNorm = 0.3920, lr_0 = 1.4166e-04
Loss = 4.5013e-02, PNorm = 33.9089, GNorm = 0.1019, lr_0 = 1.4030e-04
Loss = 4.2243e-02, PNorm = 33.9108, GNorm = 0.4082, lr_0 = 1.3895e-04
Loss = 4.5105e-02, PNorm = 33.9084, GNorm = 0.3525, lr_0 = 1.3761e-04
Loss = 4.7523e-02, PNorm = 33.9137, GNorm = 0.2114, lr_0 = 1.3629e-04
Validation auc = 0.885226
Epoch 26
Loss = 4.9782e-02, PNorm = 33.9211, GNorm = 0.1820, lr_0 = 1.3484e-04
Loss = 3.8128e-02, PNorm = 33.9308, GNorm = 0.4582, lr_0 = 1.3355e-04
Loss = 4.4704e-02, PNorm = 33.9339, GNorm = 0.3252, lr_0 = 1.3226e-04
Loss = 3.3522e-02, PNorm = 33.9355, GNorm = 0.0557, lr_0 = 1.3099e-04
Loss = 4.1809e-02, PNorm = 33.9405, GNorm = 0.1244, lr_0 = 1.2973e-04
Loss = 5.7161e-02, PNorm = 33.9430, GNorm = 0.1179, lr_0 = 1.2848e-04
Loss = 2.6387e-02, PNorm = 33.9487, GNorm = 0.2420, lr_0 = 1.2724e-04
Loss = 2.9903e-02, PNorm = 33.9552, GNorm = 0.3322, lr_0 = 1.2601e-04
Loss = 8.1674e-02, PNorm = 33.9557, GNorm = 0.4355, lr_0 = 1.2480e-04
Validation auc = 0.883615
Epoch 27
Loss = 3.1753e-02, PNorm = 33.9605, GNorm = 0.1959, lr_0 = 1.2360e-04
Loss = 3.3384e-02, PNorm = 33.9685, GNorm = 0.5505, lr_0 = 1.2241e-04
Loss = 4.2312e-02, PNorm = 33.9731, GNorm = 0.4505, lr_0 = 1.2123e-04
Loss = 3.9098e-02, PNorm = 33.9736, GNorm = 0.3013, lr_0 = 1.2006e-04
Loss = 2.8482e-02, PNorm = 33.9747, GNorm = 0.3630, lr_0 = 1.1891e-04
Loss = 6.5149e-02, PNorm = 33.9734, GNorm = 0.4137, lr_0 = 1.1776e-04
Loss = 3.6501e-02, PNorm = 33.9814, GNorm = 0.1755, lr_0 = 1.1663e-04
Loss = 6.0700e-02, PNorm = 33.9873, GNorm = 0.3815, lr_0 = 1.1551e-04
Validation auc = 0.885969
Epoch 28
Loss = 5.0528e-02, PNorm = 33.9856, GNorm = 0.2750, lr_0 = 1.1428e-04
Loss = 4.4925e-02, PNorm = 33.9877, GNorm = 0.3162, lr_0 = 1.1318e-04
Loss = 5.3124e-02, PNorm = 33.9935, GNorm = 0.1177, lr_0 = 1.1209e-04
Loss = 3.7721e-02, PNorm = 34.0031, GNorm = 0.1377, lr_0 = 1.1101e-04
Loss = 2.1623e-02, PNorm = 34.0125, GNorm = 0.0801, lr_0 = 1.0995e-04
Loss = 4.1064e-02, PNorm = 34.0152, GNorm = 0.2454, lr_0 = 1.0889e-04
Loss = 3.0032e-02, PNorm = 34.0185, GNorm = 0.1517, lr_0 = 1.0784e-04
Loss = 6.2190e-02, PNorm = 34.0189, GNorm = 0.2081, lr_0 = 1.0680e-04
Loss = 3.6422e-02, PNorm = 34.0232, GNorm = 0.5480, lr_0 = 1.0577e-04
Validation auc = 0.884123
Epoch 29
Loss = 3.7020e-02, PNorm = 34.0283, GNorm = 0.2237, lr_0 = 1.0475e-04
Loss = 1.4451e-02, PNorm = 34.0355, GNorm = 0.0695, lr_0 = 1.0374e-04
Loss = 5.0363e-02, PNorm = 34.0391, GNorm = 0.5991, lr_0 = 1.0275e-04
Loss = 6.6562e-02, PNorm = 34.0366, GNorm = 0.3053, lr_0 = 1.0176e-04
Loss = 4.5265e-02, PNorm = 34.0387, GNorm = 0.3198, lr_0 = 1.0078e-04
Loss = 4.1066e-02, PNorm = 34.0407, GNorm = 0.1933, lr_0 = 1.0000e-04
Loss = 4.8358e-02, PNorm = 34.0452, GNorm = 0.4964, lr_0 = 1.0000e-04
Loss = 3.4136e-02, PNorm = 34.0501, GNorm = 0.1093, lr_0 = 1.0000e-04
Validation auc = 0.885102
Model 0 best validation auc = 0.886465 on epoch 12
Loading pretrained parameter "encoder.encoder.0.cached_zero_vector".
Loading pretrained parameter "encoder.encoder.0.W_i.weight".
Loading pretrained parameter "encoder.encoder.0.W_h.weight".
Loading pretrained parameter "encoder.encoder.0.W_o.weight".
Loading pretrained parameter "encoder.encoder.0.W_o.bias".
Loading pretrained parameter "ffn.1.weight".
Loading pretrained parameter "ffn.1.bias".
Moving model to cuda
Model 0 test auc = 0.765879
Ensemble test auc = 0.765879
3-fold cross validation
	Seed 0 ==> test auc = 0.759928
	Seed 1 ==> test auc = 0.812893
	Seed 2 ==> test auc = 0.765879
Overall test auc = 0.779567 +/- 0.023690
Elapsed time = 0:08:04
