Command line
python /home/jackievaleri8/.conda/envs/chemprop/bin/chemprop_train --init_lr 0.001 --dropout 0.4 --hidden_size 1000 --ffn_num_layers 1 --depth 5 --save_dir round3finalval08162021_models/62 --data_path round3finalval08162021_TRAIN.csv --dataset_type classification --features_path round3finalval08162021_TRAINFTS.npz --no_features_scaling --num_folds 3 --ensemble_size 1 --split_type scaffold_balanced --split_sizes 0.8 0.1 0.1 --smiles_columns SMILES --ignore_columns Name --gpu 0
Args
{'activation': 'ReLU',
 'aggregation': 'mean',
 'aggregation_norm': 100,
 'atom_descriptor_scaling': True,
 'atom_descriptors': None,
 'atom_descriptors_path': None,
 'atom_descriptors_size': 0,
 'atom_features_size': 0,
 'atom_messages': False,
 'batch_size': 50,
 'bias': False,
 'bond_feature_scaling': True,
 'bond_features_path': None,
 'bond_features_size': 0,
 'cache_cutoff': 10000,
 'checkpoint_dir': None,
 'checkpoint_path': None,
 'checkpoint_paths': None,
 'class_balance': False,
 'config_path': None,
 'crossval_index_dir': None,
 'crossval_index_file': None,
 'crossval_index_sets': None,
 'cuda': True,
 'data_path': 'round3finalval08162021_TRAIN.csv',
 'dataset_type': 'classification',
 'depth': 5,
 'device': device(type='cuda', index=0),
 'dropout': 0.4,
 'empty_cache': False,
 'ensemble_size': 1,
 'epochs': 30,
 'explicit_h': False,
 'extra_metrics': [],
 'features_generator': None,
 'features_only': False,
 'features_path': ['round3finalval08162021_TRAINFTS.npz'],
 'features_scaling': False,
 'features_size': None,
 'ffn_hidden_size': 1000,
 'ffn_num_layers': 1,
 'final_lr': 0.0001,
 'folds_file': None,
 'gpu': 0,
 'grad_clip': None,
 'hidden_size': 1000,
 'ignore_columns': ['Name'],
 'init_lr': 0.001,
 'log_frequency': 10,
 'max_data_size': None,
 'max_lr': 0.001,
 'metric': 'auc',
 'metrics': ['auc'],
 'minimize_score': False,
 'mpn_shared': False,
 'multiclass_num_classes': 3,
 'no_atom_descriptor_scaling': False,
 'no_bond_features_scaling': False,
 'no_cache_mol': False,
 'no_cuda': False,
 'no_features_scaling': True,
 'num_folds': 3,
 'num_lrs': 1,
 'num_tasks': 2,
 'num_workers': 8,
 'number_of_molecules': 1,
 'overwrite_default_atom_features': False,
 'overwrite_default_bond_features': False,
 'pytorch_seed': 0,
 'quiet': False,
 'reaction': False,
 'reaction_mode': 'reac_diff',
 'resume_experiment': False,
 'save_dir': 'round3finalval08162021_models/62',
 'save_preds': False,
 'save_smiles_splits': False,
 'seed': 0,
 'separate_test_atom_descriptors_path': None,
 'separate_test_bond_features_path': None,
 'separate_test_features_path': None,
 'separate_test_path': None,
 'separate_val_atom_descriptors_path': None,
 'separate_val_bond_features_path': None,
 'separate_val_features_path': None,
 'separate_val_path': None,
 'show_individual_scores': False,
 'smiles_columns': ['SMILES'],
 'split_sizes': (0.8, 0.1, 0.1),
 'split_type': 'scaffold_balanced',
 'target_columns': None,
 'task_names': ['hit_inh', 'hit_kill'],
 'test': False,
 'test_fold_index': None,
 'train_data_size': None,
 'undirected': False,
 'use_input_features': True,
 'val_fold_index': None,
 'warmup_epochs': 2.0}
Loading data
Warning: 23 SMILES are invalid.
Number of tasks = 2
Fold 0
Splitting data with seed 0
Total scaffolds = 3,467 | train scaffolds = 2,650 | val scaffolds = 433 | test scaffolds = 384
Label averages per scaffold, in decreasing order of scaffold frequency,capped at 10 scaffolds and 20 labels:
Scaffold 0
Task 0: count = 381 | target average = 0.018373
Task 1: count = 381 | target average = 0.013123


Scaffold 1
Task 0: count = 305 | target average = 0.009836
Task 1: count = 305 | target average = 0.016393


Scaffold 2
Task 0: count = 36 | target average = 0.000000
Task 1: count = 36 | target average = 0.000000


Scaffold 3
Task 0: count = 29 | target average = 0.000000
Task 1: count = 29 | target average = 0.000000


Scaffold 4
Task 0: count = 26 | target average = 0.000000
Task 1: count = 26 | target average = 0.000000


Scaffold 5
Task 0: count = 23 | target average = 0.000000
Task 1: count = 23 | target average = 0.000000


Scaffold 6
Task 0: count = 22 | target average = 0.090909
Task 1: count = 22 | target average = 0.090909


Scaffold 7
Task 0: count = 20 | target average = 0.000000
Task 1: count = 20 | target average = 0.000000


Scaffold 8
Task 0: count = 20 | target average = 0.000000
Task 1: count = 20 | target average = 0.000000


Scaffold 9
Task 0: count = 20 | target average = 0.050000
Task 1: count = 20 | target average = 0.000000


Class sizes
hit_inh 0: 97.83%, 1: 2.17%
hit_kill 0: 98.64%, 1: 1.36%
Total size = 5,353 | train size = 4,282 | val size = 535 | test size = 536
Building model 0
MoleculeModel(
  (sigmoid): Sigmoid()
  (encoder): MPN(
    (encoder): ModuleList(
      (0): MPNEncoder(
        (dropout_layer): Dropout(p=0.4, inplace=False)
        (act_func): ReLU()
        (W_i): Linear(in_features=147, out_features=1000, bias=False)
        (W_h): Linear(in_features=1000, out_features=1000, bias=False)
        (W_o): Linear(in_features=1133, out_features=1000, bias=True)
      )
    )
  )
  (ffn): Sequential(
    (0): Dropout(p=0.4, inplace=False)
    (1): Linear(in_features=1200, out_features=2, bias=True)
  )
)
Number of parameters = 2,283,402
Moving model to cuda
Epoch 0
Loss = 2.8625e-01, PNorm = 48.4947, GNorm = 0.5930, lr_0 = 1.0000e-03
Loss = 9.8584e-02, PNorm = 48.6990, GNorm = 0.2319, lr_0 = 1.0000e-03
Loss = 9.6329e-02, PNorm = 48.8067, GNorm = 0.7044, lr_0 = 1.0000e-03
Loss = 1.0289e-01, PNorm = 48.8527, GNorm = 0.2038, lr_0 = 1.0000e-03
Loss = 9.2222e-02, PNorm = 48.8898, GNorm = 0.3958, lr_0 = 1.0000e-03
Loss = 5.8637e-02, PNorm = 48.9155, GNorm = 0.2046, lr_0 = 1.0000e-03
Loss = 6.5314e-02, PNorm = 48.9306, GNorm = 0.2008, lr_0 = 1.0000e-03
Loss = 6.5729e-02, PNorm = 48.9466, GNorm = 0.1372, lr_0 = 1.0000e-03
Validation auc = 0.687522
Epoch 1
Loss = 4.0431e-02, PNorm = 48.9776, GNorm = 0.1005, lr_0 = 1.0000e-03
Loss = 9.5442e-02, PNorm = 48.9884, GNorm = 0.1957, lr_0 = 1.0000e-03
Loss = 8.0995e-02, PNorm = 49.0217, GNorm = 0.1496, lr_0 = 1.0000e-03
Loss = 9.7628e-02, PNorm = 49.0481, GNorm = 0.1742, lr_0 = 1.0000e-03
Loss = 8.9252e-02, PNorm = 49.0887, GNorm = 0.1265, lr_0 = 1.0000e-03
Loss = 5.9904e-02, PNorm = 49.1283, GNorm = 0.1738, lr_0 = 1.0000e-03
Loss = 9.7519e-02, PNorm = 49.1511, GNorm = 0.1707, lr_0 = 1.0000e-03
Loss = 1.0074e-01, PNorm = 49.1650, GNorm = 0.1681, lr_0 = 1.0000e-03
Loss = 9.7847e-02, PNorm = 49.2007, GNorm = 0.1687, lr_0 = 9.9807e-04
Validation auc = 0.815885
Epoch 2
Loss = 6.7630e-02, PNorm = 49.2550, GNorm = 0.0714, lr_0 = 9.8846e-04
Loss = 6.8721e-02, PNorm = 49.2786, GNorm = 0.1440, lr_0 = 9.7894e-04
Loss = 7.2948e-02, PNorm = 49.3231, GNorm = 0.1658, lr_0 = 9.6952e-04
Loss = 8.4607e-02, PNorm = 49.3584, GNorm = 0.4648, lr_0 = 9.6018e-04
Loss = 7.4626e-02, PNorm = 49.4023, GNorm = 0.1763, lr_0 = 9.5094e-04
Loss = 8.8694e-02, PNorm = 49.4370, GNorm = 0.1867, lr_0 = 9.4178e-04
Loss = 1.3258e-01, PNorm = 49.4819, GNorm = 0.3132, lr_0 = 9.3271e-04
Loss = 6.9096e-02, PNorm = 49.5577, GNorm = 0.3086, lr_0 = 9.2373e-04
Validation auc = 0.825673
Epoch 3
Loss = 6.8404e-02, PNorm = 49.5917, GNorm = 0.2091, lr_0 = 9.1395e-04
Loss = 1.0615e-01, PNorm = 49.6363, GNorm = 0.1982, lr_0 = 9.0515e-04
Loss = 7.9938e-02, PNorm = 49.7148, GNorm = 0.3814, lr_0 = 8.9644e-04
Loss = 8.1838e-02, PNorm = 49.7663, GNorm = 0.1490, lr_0 = 8.8781e-04
Loss = 7.2784e-02, PNorm = 49.8264, GNorm = 0.2925, lr_0 = 8.7926e-04
Loss = 8.6845e-02, PNorm = 49.8613, GNorm = 0.1484, lr_0 = 8.7080e-04
Loss = 6.0088e-02, PNorm = 49.9268, GNorm = 0.1092, lr_0 = 8.6241e-04
Loss = 6.4902e-02, PNorm = 49.9766, GNorm = 0.1235, lr_0 = 8.5411e-04
Loss = 9.0691e-02, PNorm = 50.0175, GNorm = 0.1338, lr_0 = 8.4588e-04
Validation auc = 0.841190
Epoch 4
Loss = 6.8179e-02, PNorm = 50.0697, GNorm = 0.1303, lr_0 = 8.3774e-04
Loss = 6.5744e-02, PNorm = 50.1309, GNorm = 0.1367, lr_0 = 8.2967e-04
Loss = 8.4446e-02, PNorm = 50.1837, GNorm = 0.1922, lr_0 = 8.2169e-04
Loss = 8.9209e-02, PNorm = 50.2504, GNorm = 0.3959, lr_0 = 8.1377e-04
Loss = 1.0099e-01, PNorm = 50.2927, GNorm = 0.1798, lr_0 = 8.0594e-04
Loss = 5.8133e-02, PNorm = 50.3864, GNorm = 0.1059, lr_0 = 7.9818e-04
Loss = 6.4357e-02, PNorm = 50.4529, GNorm = 0.0996, lr_0 = 7.9050e-04
Loss = 6.3803e-02, PNorm = 50.5131, GNorm = 0.0792, lr_0 = 7.8288e-04
Validation auc = 0.868815
Epoch 5
Loss = 7.5982e-02, PNorm = 50.5610, GNorm = 0.2885, lr_0 = 7.7535e-04
Loss = 5.7418e-02, PNorm = 50.6220, GNorm = 0.1281, lr_0 = 7.6788e-04
Loss = 1.1136e-01, PNorm = 50.6764, GNorm = 0.3731, lr_0 = 7.6049e-04
Loss = 8.9153e-02, PNorm = 50.7720, GNorm = 0.2354, lr_0 = 7.5317e-04
Loss = 5.3325e-02, PNorm = 50.8786, GNorm = 0.1554, lr_0 = 7.4591e-04
Loss = 6.4674e-02, PNorm = 50.9509, GNorm = 0.3268, lr_0 = 7.3873e-04
Loss = 8.7396e-02, PNorm = 50.9848, GNorm = 0.2035, lr_0 = 7.3162e-04
Loss = 3.9558e-02, PNorm = 51.0397, GNorm = 0.0709, lr_0 = 7.2458e-04
Loss = 8.0216e-02, PNorm = 51.0777, GNorm = 0.2124, lr_0 = 7.1760e-04
Validation auc = 0.873812
Epoch 6
Loss = 4.1285e-02, PNorm = 51.1543, GNorm = 0.1855, lr_0 = 7.1000e-04
Loss = 7.1953e-02, PNorm = 51.1825, GNorm = 0.1633, lr_0 = 7.0317e-04
Loss = 6.1452e-02, PNorm = 51.2399, GNorm = 0.1371, lr_0 = 6.9640e-04
Loss = 6.2336e-02, PNorm = 51.2858, GNorm = 0.1497, lr_0 = 6.8969e-04
Loss = 6.3800e-02, PNorm = 51.3208, GNorm = 0.1261, lr_0 = 6.8305e-04
Loss = 7.2695e-02, PNorm = 51.3558, GNorm = 0.1226, lr_0 = 6.7648e-04
Loss = 6.6881e-02, PNorm = 51.3964, GNorm = 0.1934, lr_0 = 6.6996e-04
Loss = 7.1884e-02, PNorm = 51.4540, GNorm = 0.4022, lr_0 = 6.6351e-04
Validation auc = 0.899081
Epoch 7
Loss = 6.5744e-02, PNorm = 51.5216, GNorm = 0.3434, lr_0 = 6.5712e-04
Loss = 7.1076e-02, PNorm = 51.5683, GNorm = 0.2534, lr_0 = 6.5080e-04
Loss = 6.7128e-02, PNorm = 51.6500, GNorm = 0.1195, lr_0 = 6.4453e-04
Loss = 4.5307e-02, PNorm = 51.7163, GNorm = 0.2066, lr_0 = 6.3833e-04
Loss = 5.3238e-02, PNorm = 51.7418, GNorm = 0.1750, lr_0 = 6.3218e-04
Loss = 7.1535e-02, PNorm = 51.7639, GNorm = 0.1735, lr_0 = 6.2609e-04
Loss = 4.5990e-02, PNorm = 51.8345, GNorm = 0.2357, lr_0 = 6.2006e-04
Loss = 4.3177e-02, PNorm = 51.8810, GNorm = 0.1975, lr_0 = 6.1409e-04
Loss = 6.6623e-02, PNorm = 51.9194, GNorm = 0.3312, lr_0 = 6.0818e-04
Validation auc = 0.933553
Epoch 8
Loss = 4.4158e-02, PNorm = 51.9426, GNorm = 0.1071, lr_0 = 6.0233e-04
Loss = 6.1435e-02, PNorm = 51.9970, GNorm = 0.1736, lr_0 = 5.9653e-04
Loss = 6.2662e-02, PNorm = 52.0496, GNorm = 0.1279, lr_0 = 5.9078e-04
Loss = 4.6397e-02, PNorm = 52.1081, GNorm = 0.3105, lr_0 = 5.8510e-04
Loss = 6.9775e-02, PNorm = 52.1450, GNorm = 0.2707, lr_0 = 5.7946e-04
Loss = 5.7753e-02, PNorm = 52.2006, GNorm = 0.1129, lr_0 = 5.7388e-04
Loss = 3.9138e-02, PNorm = 52.2519, GNorm = 0.0846, lr_0 = 5.6836e-04
Loss = 9.7879e-02, PNorm = 52.2734, GNorm = 0.3519, lr_0 = 5.6289e-04
Loss = 7.5135e-02, PNorm = 52.3092, GNorm = 0.2537, lr_0 = 5.5747e-04
Loss = 1.9079e-02, PNorm = 52.3127, GNorm = 0.1610, lr_0 = 5.5693e-04
Validation auc = 0.890835
Epoch 9
Loss = 7.8543e-02, PNorm = 52.3545, GNorm = 0.2291, lr_0 = 5.5156e-04
Loss = 4.6015e-02, PNorm = 52.4273, GNorm = 0.1084, lr_0 = 5.4625e-04
Loss = 3.5896e-02, PNorm = 52.4700, GNorm = 0.0609, lr_0 = 5.4100e-04
Loss = 5.2841e-02, PNorm = 52.4829, GNorm = 0.3928, lr_0 = 5.3579e-04
Loss = 4.6721e-02, PNorm = 52.5078, GNorm = 0.1808, lr_0 = 5.3063e-04
Loss = 7.2811e-02, PNorm = 52.5156, GNorm = 0.2742, lr_0 = 5.2552e-04
Loss = 6.0204e-02, PNorm = 52.5608, GNorm = 0.1963, lr_0 = 5.2046e-04
Loss = 6.5891e-02, PNorm = 52.5986, GNorm = 0.3661, lr_0 = 5.1545e-04
Validation auc = 0.939268
Epoch 10
Loss = 4.5914e-02, PNorm = 52.6297, GNorm = 0.4384, lr_0 = 5.1049e-04
Loss = 5.3648e-02, PNorm = 52.6634, GNorm = 0.2783, lr_0 = 5.0557e-04
Loss = 6.0141e-02, PNorm = 52.6922, GNorm = 0.2746, lr_0 = 5.0070e-04
Loss = 6.1024e-02, PNorm = 52.7266, GNorm = 0.3169, lr_0 = 4.9588e-04
Loss = 4.9398e-02, PNorm = 52.7604, GNorm = 0.1429, lr_0 = 4.9111e-04
Loss = 4.0979e-02, PNorm = 52.8011, GNorm = 0.1848, lr_0 = 4.8638e-04
Loss = 7.9916e-02, PNorm = 52.8269, GNorm = 0.3389, lr_0 = 4.8170e-04
Loss = 3.8763e-02, PNorm = 52.8697, GNorm = 0.1576, lr_0 = 4.7706e-04
Loss = 5.4777e-02, PNorm = 52.9044, GNorm = 0.1318, lr_0 = 4.7247e-04
Validation auc = 0.951210
Epoch 11
Loss = 4.2121e-02, PNorm = 52.9478, GNorm = 0.2000, lr_0 = 4.6792e-04
Loss = 6.1421e-02, PNorm = 52.9661, GNorm = 0.3964, lr_0 = 4.6341e-04
Loss = 5.2795e-02, PNorm = 52.9930, GNorm = 0.3690, lr_0 = 4.5895e-04
Loss = 4.9579e-02, PNorm = 53.0192, GNorm = 0.0852, lr_0 = 4.5453e-04
Loss = 5.2166e-02, PNorm = 53.0459, GNorm = 0.2035, lr_0 = 4.5015e-04
Loss = 5.7740e-02, PNorm = 53.0762, GNorm = 0.2796, lr_0 = 4.4582e-04
Loss = 6.2902e-02, PNorm = 53.1112, GNorm = 0.0988, lr_0 = 4.4153e-04
Loss = 3.5136e-02, PNorm = 53.1509, GNorm = 0.2500, lr_0 = 4.3728e-04
Validation auc = 0.940672
Epoch 12
Loss = 3.6044e-02, PNorm = 53.1802, GNorm = 0.0868, lr_0 = 4.3265e-04
Loss = 5.1658e-02, PNorm = 53.2116, GNorm = 0.5726, lr_0 = 4.2848e-04
Loss = 4.6497e-02, PNorm = 53.2433, GNorm = 0.1533, lr_0 = 4.2436e-04
Loss = 6.1272e-02, PNorm = 53.2760, GNorm = 0.1090, lr_0 = 4.2027e-04
Loss = 2.9068e-02, PNorm = 53.3173, GNorm = 0.1101, lr_0 = 4.1622e-04
Loss = 4.4174e-02, PNorm = 53.3424, GNorm = 0.3167, lr_0 = 4.1222e-04
Loss = 5.1502e-02, PNorm = 53.3708, GNorm = 0.2041, lr_0 = 4.0825e-04
Loss = 5.8889e-02, PNorm = 53.4035, GNorm = 0.1022, lr_0 = 4.0432e-04
Loss = 5.4882e-02, PNorm = 53.4202, GNorm = 0.2385, lr_0 = 4.0042e-04
Validation auc = 0.957109
Epoch 13
Loss = 4.2342e-02, PNorm = 53.4375, GNorm = 0.1645, lr_0 = 3.9657e-04
Loss = 6.3618e-02, PNorm = 53.4597, GNorm = 0.1032, lr_0 = 3.9275e-04
Loss = 5.0442e-02, PNorm = 53.4908, GNorm = 0.1089, lr_0 = 3.8897e-04
Loss = 1.6166e-02, PNorm = 53.5414, GNorm = 0.0649, lr_0 = 3.8522e-04
Loss = 7.4225e-02, PNorm = 53.5496, GNorm = 0.4098, lr_0 = 3.8152e-04
Loss = 4.1479e-02, PNorm = 53.5747, GNorm = 0.2522, lr_0 = 3.7784e-04
Loss = 5.3295e-02, PNorm = 53.5898, GNorm = 0.3533, lr_0 = 3.7420e-04
Loss = 5.6131e-02, PNorm = 53.6068, GNorm = 0.2077, lr_0 = 3.7060e-04
Validation auc = 0.953476
Epoch 14
Loss = 3.3621e-02, PNorm = 53.6310, GNorm = 0.1878, lr_0 = 3.6668e-04
Loss = 5.4775e-02, PNorm = 53.6472, GNorm = 0.2086, lr_0 = 3.6315e-04
Loss = 4.4311e-02, PNorm = 53.6703, GNorm = 0.2860, lr_0 = 3.5965e-04
Loss = 4.6216e-02, PNorm = 53.6994, GNorm = 0.3744, lr_0 = 3.5619e-04
Loss = 2.4033e-02, PNorm = 53.7240, GNorm = 0.1497, lr_0 = 3.5276e-04
Loss = 4.0980e-02, PNorm = 53.7509, GNorm = 0.3325, lr_0 = 3.4936e-04
Loss = 6.8426e-02, PNorm = 53.7560, GNorm = 0.5443, lr_0 = 3.4600e-04
Loss = 3.8009e-02, PNorm = 53.7866, GNorm = 0.1556, lr_0 = 3.4267e-04
Loss = 5.8508e-02, PNorm = 53.8108, GNorm = 0.1966, lr_0 = 3.3937e-04
Validation auc = 0.960264
Epoch 15
Loss = 4.4192e-02, PNorm = 53.8422, GNorm = 0.2435, lr_0 = 3.3610e-04
Loss = 4.1127e-02, PNorm = 53.8832, GNorm = 0.1989, lr_0 = 3.3287e-04
Loss = 3.5417e-02, PNorm = 53.8993, GNorm = 0.1975, lr_0 = 3.2966e-04
Loss = 4.7662e-02, PNorm = 53.9034, GNorm = 0.2547, lr_0 = 3.2649e-04
Loss = 4.8392e-02, PNorm = 53.9260, GNorm = 0.2101, lr_0 = 3.2334e-04
Loss = 3.0577e-02, PNorm = 53.9576, GNorm = 0.1516, lr_0 = 3.2023e-04
Loss = 4.3408e-02, PNorm = 53.9734, GNorm = 0.1049, lr_0 = 3.1715e-04
Loss = 5.4613e-02, PNorm = 53.9862, GNorm = 0.3028, lr_0 = 3.1409e-04
Loss = 5.2163e-02, PNorm = 54.0092, GNorm = 0.2561, lr_0 = 3.1107e-04
Validation auc = 0.952723
Epoch 16
Loss = 3.7646e-02, PNorm = 54.0385, GNorm = 0.3896, lr_0 = 3.0807e-04
Loss = 5.8063e-02, PNorm = 54.0511, GNorm = 0.2236, lr_0 = 3.0511e-04
Loss = 2.3739e-02, PNorm = 54.0789, GNorm = 0.1937, lr_0 = 3.0217e-04
Loss = 5.3705e-02, PNorm = 54.0874, GNorm = 0.3727, lr_0 = 2.9926e-04
Loss = 3.8963e-02, PNorm = 54.1043, GNorm = 0.1324, lr_0 = 2.9638e-04
Loss = 4.9460e-02, PNorm = 54.1267, GNorm = 0.2105, lr_0 = 2.9353e-04
Loss = 4.2481e-02, PNorm = 54.1452, GNorm = 0.0841, lr_0 = 2.9070e-04
Loss = 2.7201e-02, PNorm = 54.1665, GNorm = 0.1190, lr_0 = 2.8790e-04
Validation auc = 0.950093
Epoch 17
Loss = 2.3679e-02, PNorm = 54.1813, GNorm = 0.1324, lr_0 = 2.8485e-04
Loss = 4.3682e-02, PNorm = 54.2012, GNorm = 0.3975, lr_0 = 2.8211e-04
Loss = 3.2038e-02, PNorm = 54.2174, GNorm = 0.2055, lr_0 = 2.7939e-04
Loss = 4.5759e-02, PNorm = 54.2400, GNorm = 0.2044, lr_0 = 2.7670e-04
Loss = 2.9699e-02, PNorm = 54.2626, GNorm = 0.3911, lr_0 = 2.7404e-04
Loss = 4.5951e-02, PNorm = 54.2712, GNorm = 0.2066, lr_0 = 2.7140e-04
Loss = 5.5441e-02, PNorm = 54.2909, GNorm = 0.2994, lr_0 = 2.6879e-04
Loss = 2.5350e-02, PNorm = 54.3168, GNorm = 0.1866, lr_0 = 2.6620e-04
Loss = 3.0122e-02, PNorm = 54.3315, GNorm = 0.3311, lr_0 = 2.6364e-04
Validation auc = 0.952561
Epoch 18
Loss = 5.1085e-02, PNorm = 54.3346, GNorm = 0.5000, lr_0 = 2.6110e-04
Loss = 4.0127e-02, PNorm = 54.3585, GNorm = 0.1732, lr_0 = 2.5859e-04
Loss = 3.6942e-02, PNorm = 54.3794, GNorm = 0.3415, lr_0 = 2.5610e-04
Loss = 1.5220e-02, PNorm = 54.4017, GNorm = 0.0599, lr_0 = 2.5363e-04
Loss = 2.8726e-02, PNorm = 54.4229, GNorm = 0.4405, lr_0 = 2.5119e-04
Loss = 4.6352e-02, PNorm = 54.4286, GNorm = 0.1764, lr_0 = 2.4877e-04
Loss = 4.2634e-02, PNorm = 54.4371, GNorm = 0.4178, lr_0 = 2.4638e-04
Loss = 4.1711e-02, PNorm = 54.4510, GNorm = 0.0788, lr_0 = 2.4400e-04
Validation auc = 0.953882
Epoch 19
Loss = 3.7377e-02, PNorm = 54.4669, GNorm = 0.2066, lr_0 = 2.4165e-04
Loss = 3.9244e-02, PNorm = 54.4898, GNorm = 0.1063, lr_0 = 2.3933e-04
Loss = 2.9322e-02, PNorm = 54.5099, GNorm = 0.0861, lr_0 = 2.3702e-04
Loss = 4.8130e-02, PNorm = 54.5208, GNorm = 0.4409, lr_0 = 2.3474e-04
Loss = 3.7567e-02, PNorm = 54.5292, GNorm = 0.2567, lr_0 = 2.3248e-04
Loss = 4.1039e-02, PNorm = 54.5514, GNorm = 0.1592, lr_0 = 2.3024e-04
Loss = 4.8514e-02, PNorm = 54.5668, GNorm = 0.5374, lr_0 = 2.2803e-04
Loss = 2.9181e-02, PNorm = 54.5854, GNorm = 0.1171, lr_0 = 2.2583e-04
Loss = 3.5751e-02, PNorm = 54.6026, GNorm = 0.2471, lr_0 = 2.2366e-04
Validation auc = 0.954871
Epoch 20
Loss = 2.3778e-02, PNorm = 54.6206, GNorm = 0.2424, lr_0 = 2.2129e-04
Loss = 4.0845e-02, PNorm = 54.6284, GNorm = 0.1474, lr_0 = 2.1916e-04
Loss = 3.7528e-02, PNorm = 54.6463, GNorm = 0.3317, lr_0 = 2.1705e-04
Loss = 3.7857e-02, PNorm = 54.6702, GNorm = 0.4323, lr_0 = 2.1496e-04
Loss = 2.5155e-02, PNorm = 54.6780, GNorm = 0.0490, lr_0 = 2.1289e-04
Loss = 2.9674e-02, PNorm = 54.6900, GNorm = 0.0499, lr_0 = 2.1084e-04
Loss = 4.6085e-02, PNorm = 54.6962, GNorm = 0.2310, lr_0 = 2.0881e-04
Loss = 5.4727e-02, PNorm = 54.7076, GNorm = 0.4353, lr_0 = 2.0680e-04
Validation auc = 0.944675
Epoch 21
Loss = 3.4565e-02, PNorm = 54.7225, GNorm = 0.1623, lr_0 = 2.0481e-04
Loss = 3.8954e-02, PNorm = 54.7300, GNorm = 0.2276, lr_0 = 2.0283e-04
Loss = 2.9410e-02, PNorm = 54.7446, GNorm = 0.1575, lr_0 = 2.0088e-04
Loss = 2.5775e-02, PNorm = 54.7620, GNorm = 0.1994, lr_0 = 1.9895e-04
Loss = 3.6740e-02, PNorm = 54.7745, GNorm = 0.1585, lr_0 = 1.9703e-04
Loss = 3.1366e-02, PNorm = 54.7881, GNorm = 0.0772, lr_0 = 1.9514e-04
Loss = 4.1832e-02, PNorm = 54.8011, GNorm = 0.5239, lr_0 = 1.9326e-04
Loss = 3.2992e-02, PNorm = 54.8092, GNorm = 0.2849, lr_0 = 1.9140e-04
Loss = 3.3760e-02, PNorm = 54.8268, GNorm = 0.1990, lr_0 = 1.8955e-04
Validation auc = 0.957172
Epoch 22
Loss = 3.3258e-02, PNorm = 54.8329, GNorm = 0.1568, lr_0 = 1.8773e-04
Loss = 2.7446e-02, PNorm = 54.8468, GNorm = 0.2574, lr_0 = 1.8592e-04
Loss = 3.6992e-02, PNorm = 54.8590, GNorm = 0.0959, lr_0 = 1.8413e-04
Loss = 3.5172e-02, PNorm = 54.8650, GNorm = 0.1325, lr_0 = 1.8236e-04
Loss = 3.6033e-02, PNorm = 54.8693, GNorm = 0.5071, lr_0 = 1.8060e-04
Loss = 4.1373e-02, PNorm = 54.8845, GNorm = 0.1344, lr_0 = 1.7886e-04
Loss = 1.9648e-02, PNorm = 54.8974, GNorm = 0.1405, lr_0 = 1.7714e-04
Loss = 2.9890e-02, PNorm = 54.9053, GNorm = 0.1566, lr_0 = 1.7544e-04
Validation auc = 0.956617
Epoch 23
Loss = 6.4150e-02, PNorm = 54.9154, GNorm = 0.2936, lr_0 = 1.7358e-04
Loss = 2.5287e-02, PNorm = 54.9327, GNorm = 0.1578, lr_0 = 1.7191e-04
Loss = 3.3901e-02, PNorm = 54.9422, GNorm = 0.1028, lr_0 = 1.7025e-04
Loss = 2.1857e-02, PNorm = 54.9464, GNorm = 0.2056, lr_0 = 1.6861e-04
Loss = 3.2656e-02, PNorm = 54.9592, GNorm = 0.3161, lr_0 = 1.6699e-04
Loss = 2.7470e-02, PNorm = 54.9670, GNorm = 0.0808, lr_0 = 1.6538e-04
Loss = 3.4853e-02, PNorm = 54.9823, GNorm = 0.1263, lr_0 = 1.6379e-04
Loss = 4.2905e-02, PNorm = 54.9849, GNorm = 0.3085, lr_0 = 1.6221e-04
Loss = 3.1867e-02, PNorm = 54.9956, GNorm = 0.1312, lr_0 = 1.6065e-04
Validation auc = 0.954351
Epoch 24
Loss = 2.9877e-02, PNorm = 55.0088, GNorm = 0.5610, lr_0 = 1.5910e-04
Loss = 2.7873e-02, PNorm = 55.0231, GNorm = 0.0545, lr_0 = 1.5757e-04
Loss = 2.7647e-02, PNorm = 55.0300, GNorm = 0.3099, lr_0 = 1.5605e-04
Loss = 2.4837e-02, PNorm = 55.0388, GNorm = 0.1973, lr_0 = 1.5455e-04
Loss = 5.0740e-02, PNorm = 55.0412, GNorm = 0.3093, lr_0 = 1.5306e-04
Loss = 3.4771e-02, PNorm = 55.0410, GNorm = 0.3970, lr_0 = 1.5159e-04
Loss = 3.8470e-02, PNorm = 55.0586, GNorm = 0.2056, lr_0 = 1.5013e-04
Loss = 2.1451e-02, PNorm = 55.0722, GNorm = 0.0682, lr_0 = 1.4869e-04
Loss = 3.4131e-02, PNorm = 55.0741, GNorm = 0.3054, lr_0 = 1.4725e-04
Validation auc = 0.956570
Epoch 25
Loss = 2.6679e-02, PNorm = 55.0780, GNorm = 0.4104, lr_0 = 1.4584e-04
Loss = 3.2974e-02, PNorm = 55.0863, GNorm = 0.4054, lr_0 = 1.4443e-04
Loss = 2.2858e-02, PNorm = 55.1047, GNorm = 0.0815, lr_0 = 1.4304e-04
Loss = 3.0334e-02, PNorm = 55.1146, GNorm = 0.2803, lr_0 = 1.4166e-04
Loss = 2.9997e-02, PNorm = 55.1240, GNorm = 0.5919, lr_0 = 1.4030e-04
Loss = 2.0843e-02, PNorm = 55.1259, GNorm = 0.0526, lr_0 = 1.3895e-04
Loss = 3.2272e-02, PNorm = 55.1304, GNorm = 0.1015, lr_0 = 1.3761e-04
Loss = 4.4041e-02, PNorm = 55.1356, GNorm = 0.5080, lr_0 = 1.3629e-04
Validation auc = 0.949496
Epoch 26
Loss = 4.0235e-02, PNorm = 55.1426, GNorm = 0.3199, lr_0 = 1.3484e-04
Loss = 2.6190e-02, PNorm = 55.1530, GNorm = 0.2955, lr_0 = 1.3355e-04
Loss = 3.2665e-02, PNorm = 55.1576, GNorm = 0.0982, lr_0 = 1.3226e-04
Loss = 3.7796e-02, PNorm = 55.1641, GNorm = 0.0768, lr_0 = 1.3099e-04
Loss = 3.5499e-02, PNorm = 55.1703, GNorm = 0.2309, lr_0 = 1.2973e-04
Loss = 3.1077e-02, PNorm = 55.1794, GNorm = 0.5809, lr_0 = 1.2848e-04
Loss = 2.3847e-02, PNorm = 55.1870, GNorm = 0.2949, lr_0 = 1.2724e-04
Loss = 2.5163e-02, PNorm = 55.1960, GNorm = 0.1236, lr_0 = 1.2601e-04
Loss = 1.9316e-02, PNorm = 55.2042, GNorm = 0.2641, lr_0 = 1.2480e-04
Validation auc = 0.953298
Epoch 27
Loss = 1.3806e-02, PNorm = 55.2091, GNorm = 0.1910, lr_0 = 1.2360e-04
Loss = 3.0708e-02, PNorm = 55.2125, GNorm = 0.4394, lr_0 = 1.2241e-04
Loss = 2.8141e-02, PNorm = 55.2204, GNorm = 0.3200, lr_0 = 1.2123e-04
Loss = 3.0711e-02, PNorm = 55.2302, GNorm = 0.4199, lr_0 = 1.2006e-04
Loss = 3.9220e-02, PNorm = 55.2345, GNorm = 0.3944, lr_0 = 1.1891e-04
Loss = 2.2589e-02, PNorm = 55.2373, GNorm = 0.1345, lr_0 = 1.1776e-04
Loss = 1.9955e-02, PNorm = 55.2487, GNorm = 0.0966, lr_0 = 1.1663e-04
Loss = 2.6903e-02, PNorm = 55.2538, GNorm = 0.5459, lr_0 = 1.1551e-04
Validation auc = 0.959767
Epoch 28
Loss = 4.9677e-02, PNorm = 55.2542, GNorm = 0.2605, lr_0 = 1.1428e-04
Loss = 2.4145e-02, PNorm = 55.2617, GNorm = 0.3405, lr_0 = 1.1318e-04
Loss = 2.3967e-02, PNorm = 55.2711, GNorm = 0.0423, lr_0 = 1.1209e-04
Loss = 3.9796e-02, PNorm = 55.2703, GNorm = 0.2410, lr_0 = 1.1101e-04
Loss = 1.7477e-02, PNorm = 55.2784, GNorm = 0.1056, lr_0 = 1.0995e-04
Loss = 2.4126e-02, PNorm = 55.2876, GNorm = 0.0457, lr_0 = 1.0889e-04
Loss = 2.7350e-02, PNorm = 55.2873, GNorm = 0.0653, lr_0 = 1.0784e-04
Loss = 1.7937e-02, PNorm = 55.2950, GNorm = 0.1885, lr_0 = 1.0680e-04
Loss = 4.3961e-02, PNorm = 55.2955, GNorm = 0.2749, lr_0 = 1.0577e-04
Validation auc = 0.954926
Epoch 29
Loss = 3.0592e-02, PNorm = 55.3021, GNorm = 0.2961, lr_0 = 1.0475e-04
Loss = 2.1464e-02, PNorm = 55.3107, GNorm = 0.2660, lr_0 = 1.0374e-04
Loss = 2.2579e-02, PNorm = 55.3161, GNorm = 0.0517, lr_0 = 1.0275e-04
Loss = 2.7492e-02, PNorm = 55.3177, GNorm = 0.2071, lr_0 = 1.0176e-04
Loss = 2.8525e-02, PNorm = 55.3252, GNorm = 0.6130, lr_0 = 1.0078e-04
Loss = 2.7454e-02, PNorm = 55.3302, GNorm = 0.2568, lr_0 = 1.0000e-04
Loss = 2.1403e-02, PNorm = 55.3336, GNorm = 0.0897, lr_0 = 1.0000e-04
Loss = 3.3574e-02, PNorm = 55.3360, GNorm = 0.4222, lr_0 = 1.0000e-04
Validation auc = 0.956741
Model 0 best validation auc = 0.960264 on epoch 14
Loading pretrained parameter "encoder.encoder.0.cached_zero_vector".
Loading pretrained parameter "encoder.encoder.0.W_i.weight".
Loading pretrained parameter "encoder.encoder.0.W_h.weight".
Loading pretrained parameter "encoder.encoder.0.W_o.weight".
Loading pretrained parameter "encoder.encoder.0.W_o.bias".
Loading pretrained parameter "ffn.1.weight".
Loading pretrained parameter "ffn.1.bias".
Moving model to cuda
Model 0 test auc = 0.707221
Ensemble test auc = 0.707221
Fold 1
Splitting data with seed 1
Total scaffolds = 3,467 | train scaffolds = 2,658 | val scaffolds = 399 | test scaffolds = 410
Label averages per scaffold, in decreasing order of scaffold frequency,capped at 10 scaffolds and 20 labels:
Scaffold 0
Task 0: count = 381 | target average = 0.018373
Task 1: count = 381 | target average = 0.013123


Scaffold 1
Task 0: count = 305 | target average = 0.009836
Task 1: count = 305 | target average = 0.016393


Scaffold 2
Task 0: count = 36 | target average = 0.000000
Task 1: count = 36 | target average = 0.000000


Scaffold 3
Task 0: count = 29 | target average = 0.000000
Task 1: count = 29 | target average = 0.000000


Scaffold 4
Task 0: count = 26 | target average = 0.000000
Task 1: count = 26 | target average = 0.000000


Scaffold 5
Task 0: count = 23 | target average = 0.000000
Task 1: count = 23 | target average = 0.000000


Scaffold 6
Task 0: count = 22 | target average = 0.090909
Task 1: count = 22 | target average = 0.090909


Scaffold 7
Task 0: count = 20 | target average = 0.050000
Task 1: count = 20 | target average = 0.000000


Scaffold 8
Task 0: count = 20 | target average = 0.000000
Task 1: count = 20 | target average = 0.000000


Scaffold 9
Task 0: count = 20 | target average = 0.000000
Task 1: count = 20 | target average = 0.000000


Class sizes
hit_inh 0: 97.83%, 1: 2.17%
hit_kill 0: 98.64%, 1: 1.36%
Total size = 5,353 | train size = 4,282 | val size = 535 | test size = 536
Building model 0
MoleculeModel(
  (sigmoid): Sigmoid()
  (encoder): MPN(
    (encoder): ModuleList(
      (0): MPNEncoder(
        (dropout_layer): Dropout(p=0.4, inplace=False)
        (act_func): ReLU()
        (W_i): Linear(in_features=147, out_features=1000, bias=False)
        (W_h): Linear(in_features=1000, out_features=1000, bias=False)
        (W_o): Linear(in_features=1133, out_features=1000, bias=True)
      )
    )
  )
  (ffn): Sequential(
    (0): Dropout(p=0.4, inplace=False)
    (1): Linear(in_features=1200, out_features=2, bias=True)
  )
)
Number of parameters = 2,283,402
Moving model to cuda
Epoch 0
Loss = 2.3522e-01, PNorm = 48.5049, GNorm = 0.3077, lr_0 = 1.0000e-03
Loss = 8.3988e-02, PNorm = 48.7285, GNorm = 0.3351, lr_0 = 1.0000e-03
Loss = 7.6526e-02, PNorm = 48.8367, GNorm = 0.6097, lr_0 = 1.0000e-03
Loss = 7.0211e-02, PNorm = 48.8914, GNorm = 0.1730, lr_0 = 1.0000e-03
Loss = 8.5559e-02, PNorm = 48.9259, GNorm = 0.1461, lr_0 = 1.0000e-03
Loss = 1.0721e-01, PNorm = 48.9516, GNorm = 0.1606, lr_0 = 1.0000e-03
Loss = 1.0689e-01, PNorm = 48.9788, GNorm = 0.1768, lr_0 = 1.0000e-03
Loss = 1.0486e-01, PNorm = 49.0010, GNorm = 0.1496, lr_0 = 1.0000e-03
Validation auc = 0.667037
Epoch 1
Loss = 5.1644e-02, PNorm = 49.0377, GNorm = 0.1783, lr_0 = 1.0000e-03
Loss = 9.7695e-02, PNorm = 49.0570, GNorm = 0.1709, lr_0 = 1.0000e-03
Loss = 1.0144e-01, PNorm = 49.0906, GNorm = 0.1735, lr_0 = 1.0000e-03
Loss = 8.1657e-02, PNorm = 49.1235, GNorm = 0.1456, lr_0 = 1.0000e-03
Loss = 7.4710e-02, PNorm = 49.1476, GNorm = 0.2406, lr_0 = 1.0000e-03
Loss = 6.6487e-02, PNorm = 49.1758, GNorm = 0.1148, lr_0 = 1.0000e-03
Loss = 8.6077e-02, PNorm = 49.2036, GNorm = 0.1619, lr_0 = 1.0000e-03
Loss = 8.6428e-02, PNorm = 49.2407, GNorm = 0.1228, lr_0 = 1.0000e-03
Loss = 1.1500e-01, PNorm = 49.2766, GNorm = 0.3138, lr_0 = 9.9807e-04
Validation auc = 0.787014
Epoch 2
Loss = 7.8817e-02, PNorm = 49.3284, GNorm = 0.0885, lr_0 = 9.8846e-04
Loss = 1.0300e-01, PNorm = 49.3671, GNorm = 0.2609, lr_0 = 9.7894e-04
Loss = 9.1287e-02, PNorm = 49.4196, GNorm = 0.2018, lr_0 = 9.6952e-04
Loss = 8.3568e-02, PNorm = 49.4763, GNorm = 0.2043, lr_0 = 9.6018e-04
Loss = 5.2491e-02, PNorm = 49.5147, GNorm = 0.1334, lr_0 = 9.5094e-04
Loss = 7.1040e-02, PNorm = 49.5483, GNorm = 0.1438, lr_0 = 9.4178e-04
Loss = 9.4140e-02, PNorm = 49.5750, GNorm = 0.1727, lr_0 = 9.3271e-04
Loss = 8.1955e-02, PNorm = 49.6278, GNorm = 0.2672, lr_0 = 9.2373e-04
Validation auc = 0.846292
Epoch 3
Loss = 1.1681e-01, PNorm = 49.6761, GNorm = 0.2210, lr_0 = 9.1395e-04
Loss = 9.7790e-02, PNorm = 49.7392, GNorm = 0.2400, lr_0 = 9.0515e-04
Loss = 5.0120e-02, PNorm = 49.7992, GNorm = 0.1649, lr_0 = 8.9644e-04
Loss = 7.3717e-02, PNorm = 49.8451, GNorm = 0.2982, lr_0 = 8.8781e-04
Loss = 7.6290e-02, PNorm = 49.8882, GNorm = 0.1063, lr_0 = 8.7926e-04
Loss = 7.9125e-02, PNorm = 49.9574, GNorm = 0.2601, lr_0 = 8.7080e-04
Loss = 7.7663e-02, PNorm = 50.0112, GNorm = 0.1282, lr_0 = 8.6241e-04
Loss = 1.0957e-01, PNorm = 50.0498, GNorm = 0.1776, lr_0 = 8.5411e-04
Loss = 7.4791e-02, PNorm = 50.1269, GNorm = 0.1479, lr_0 = 8.4588e-04
Validation auc = 0.753333
Epoch 4
Loss = 4.6921e-02, PNorm = 50.1924, GNorm = 0.0603, lr_0 = 8.3774e-04
Loss = 7.8488e-02, PNorm = 50.2458, GNorm = 0.3487, lr_0 = 8.2967e-04
Loss = 1.0356e-01, PNorm = 50.3232, GNorm = 0.1679, lr_0 = 8.2169e-04
Loss = 7.2636e-02, PNorm = 50.4074, GNorm = 0.2925, lr_0 = 8.1377e-04
Loss = 9.5378e-02, PNorm = 50.4390, GNorm = 0.2053, lr_0 = 8.0594e-04
Loss = 6.4203e-02, PNorm = 50.5147, GNorm = 0.2504, lr_0 = 7.9818e-04
Loss = 9.1607e-02, PNorm = 50.5538, GNorm = 0.1257, lr_0 = 7.9050e-04
Loss = 9.2461e-02, PNorm = 50.5821, GNorm = 0.1447, lr_0 = 7.8288e-04
Validation auc = 0.846716
Epoch 5
Loss = 6.4652e-02, PNorm = 50.6332, GNorm = 0.1953, lr_0 = 7.7535e-04
Loss = 7.0402e-02, PNorm = 50.6734, GNorm = 0.1585, lr_0 = 7.6788e-04
Loss = 6.0435e-02, PNorm = 50.7210, GNorm = 0.1459, lr_0 = 7.6049e-04
Loss = 5.3293e-02, PNorm = 50.7690, GNorm = 0.2046, lr_0 = 7.5317e-04
Loss = 8.0859e-02, PNorm = 50.7913, GNorm = 0.1388, lr_0 = 7.4591e-04
Loss = 8.0409e-02, PNorm = 50.8488, GNorm = 0.2991, lr_0 = 7.3873e-04
Loss = 9.2477e-02, PNorm = 50.9035, GNorm = 0.3325, lr_0 = 7.3162e-04
Loss = 7.4506e-02, PNorm = 50.9734, GNorm = 0.1446, lr_0 = 7.2458e-04
Loss = 7.9472e-02, PNorm = 51.0163, GNorm = 0.1600, lr_0 = 7.1760e-04
Validation auc = 0.866159
Epoch 6
Loss = 8.1011e-02, PNorm = 51.0702, GNorm = 0.1760, lr_0 = 7.1000e-04
Loss = 9.3558e-02, PNorm = 51.1239, GNorm = 0.1848, lr_0 = 7.0317e-04
Loss = 5.4795e-02, PNorm = 51.1896, GNorm = 0.1477, lr_0 = 6.9640e-04
Loss = 5.1861e-02, PNorm = 51.2443, GNorm = 0.2840, lr_0 = 6.8969e-04
Loss = 6.2996e-02, PNorm = 51.2894, GNorm = 0.0664, lr_0 = 6.8305e-04
Loss = 6.5704e-02, PNorm = 51.3287, GNorm = 0.1881, lr_0 = 6.7648e-04
Loss = 6.4615e-02, PNorm = 51.3549, GNorm = 0.3015, lr_0 = 6.6996e-04
Loss = 9.8283e-02, PNorm = 51.3809, GNorm = 0.1519, lr_0 = 6.6351e-04
Validation auc = 0.845409
Epoch 7
Loss = 3.0180e-02, PNorm = 51.4307, GNorm = 0.1182, lr_0 = 6.5712e-04
Loss = 5.3101e-02, PNorm = 51.4871, GNorm = 0.0927, lr_0 = 6.5080e-04
Loss = 8.1135e-02, PNorm = 51.5215, GNorm = 0.4616, lr_0 = 6.4453e-04
Loss = 1.0279e-01, PNorm = 51.5626, GNorm = 0.1598, lr_0 = 6.3833e-04
Loss = 7.3854e-02, PNorm = 51.6237, GNorm = 0.1402, lr_0 = 6.3218e-04
Loss = 6.3473e-02, PNorm = 51.6901, GNorm = 1.2189, lr_0 = 6.2609e-04
Loss = 6.6331e-02, PNorm = 51.7559, GNorm = 0.1436, lr_0 = 6.2006e-04
Loss = 6.3267e-02, PNorm = 51.8278, GNorm = 0.3178, lr_0 = 6.1409e-04
Loss = 6.2213e-02, PNorm = 51.8591, GNorm = 0.2147, lr_0 = 6.0818e-04
Validation auc = 0.891025
Epoch 8
Loss = 3.5526e-02, PNorm = 51.9120, GNorm = 0.0700, lr_0 = 6.0233e-04
Loss = 6.7058e-02, PNorm = 51.9406, GNorm = 0.1653, lr_0 = 5.9653e-04
Loss = 6.2421e-02, PNorm = 51.9812, GNorm = 0.1356, lr_0 = 5.9078e-04
Loss = 5.9853e-02, PNorm = 52.0109, GNorm = 0.0976, lr_0 = 5.8510e-04
Loss = 5.2405e-02, PNorm = 52.0466, GNorm = 0.1167, lr_0 = 5.7946e-04
Loss = 6.7945e-02, PNorm = 52.0811, GNorm = 0.1812, lr_0 = 5.7388e-04
Loss = 6.1943e-02, PNorm = 52.1288, GNorm = 0.1802, lr_0 = 5.6836e-04
Loss = 7.0991e-02, PNorm = 52.1796, GNorm = 0.1842, lr_0 = 5.6289e-04
Loss = 9.7663e-02, PNorm = 52.2205, GNorm = 0.3819, lr_0 = 5.5747e-04
Loss = 1.5087e-02, PNorm = 52.2261, GNorm = 0.1250, lr_0 = 5.5693e-04
Validation auc = 0.845097
Epoch 9
Loss = 4.4892e-02, PNorm = 52.2996, GNorm = 0.1450, lr_0 = 5.5156e-04
Loss = 6.5125e-02, PNorm = 52.3471, GNorm = 0.1209, lr_0 = 5.4625e-04
Loss = 7.2380e-02, PNorm = 52.3924, GNorm = 0.1691, lr_0 = 5.4100e-04
Loss = 6.3010e-02, PNorm = 52.4505, GNorm = 0.4490, lr_0 = 5.3579e-04
Loss = 7.0551e-02, PNorm = 52.4675, GNorm = 0.1389, lr_0 = 5.3063e-04
Loss = 5.4058e-02, PNorm = 52.5183, GNorm = 0.1041, lr_0 = 5.2552e-04
Loss = 5.0119e-02, PNorm = 52.5629, GNorm = 0.1616, lr_0 = 5.2046e-04
Loss = 7.5818e-02, PNorm = 52.6103, GNorm = 0.1642, lr_0 = 5.1545e-04
Validation auc = 0.857519
Epoch 10
Loss = 3.1114e-02, PNorm = 52.6531, GNorm = 0.1635, lr_0 = 5.1049e-04
Loss = 4.4574e-02, PNorm = 52.6973, GNorm = 0.0982, lr_0 = 5.0557e-04
Loss = 3.9978e-02, PNorm = 52.7490, GNorm = 0.2538, lr_0 = 5.0070e-04
Loss = 6.8654e-02, PNorm = 52.7938, GNorm = 0.3443, lr_0 = 4.9588e-04
Loss = 7.8203e-02, PNorm = 52.8155, GNorm = 0.4828, lr_0 = 4.9111e-04
Loss = 8.7123e-02, PNorm = 52.8583, GNorm = 0.5592, lr_0 = 4.8638e-04
Loss = 5.0831e-02, PNorm = 52.9228, GNorm = 0.2036, lr_0 = 4.8170e-04
Loss = 6.0637e-02, PNorm = 52.9610, GNorm = 0.1456, lr_0 = 4.7706e-04
Loss = 6.2699e-02, PNorm = 52.9864, GNorm = 0.1380, lr_0 = 4.7247e-04
Validation auc = 0.811297
Epoch 11
Loss = 4.8725e-02, PNorm = 53.0189, GNorm = 0.0598, lr_0 = 4.6792e-04
Loss = 2.6472e-02, PNorm = 53.0517, GNorm = 0.2758, lr_0 = 4.6341e-04
Loss = 4.4722e-02, PNorm = 53.0786, GNorm = 0.1822, lr_0 = 4.5895e-04
Loss = 8.3665e-02, PNorm = 53.1166, GNorm = 0.1360, lr_0 = 4.5453e-04
Loss = 6.5929e-02, PNorm = 53.1553, GNorm = 0.1165, lr_0 = 4.5015e-04
Loss = 4.6749e-02, PNorm = 53.1984, GNorm = 0.0938, lr_0 = 4.4582e-04
Loss = 8.4848e-02, PNorm = 53.2279, GNorm = 0.3860, lr_0 = 4.4153e-04
Loss = 4.0848e-02, PNorm = 53.2817, GNorm = 0.2134, lr_0 = 4.3728e-04
Validation auc = 0.837361
Epoch 12
Loss = 2.8401e-02, PNorm = 53.3074, GNorm = 0.1316, lr_0 = 4.3265e-04
Loss = 3.9636e-02, PNorm = 53.3512, GNorm = 0.1687, lr_0 = 4.2848e-04
Loss = 4.8497e-02, PNorm = 53.3849, GNorm = 0.3404, lr_0 = 4.2436e-04
Loss = 2.8514e-02, PNorm = 53.4084, GNorm = 0.1040, lr_0 = 4.2027e-04
Loss = 6.2340e-02, PNorm = 53.4279, GNorm = 0.3899, lr_0 = 4.1622e-04
Loss = 5.5081e-02, PNorm = 53.4603, GNorm = 0.2012, lr_0 = 4.1222e-04
Loss = 8.7908e-02, PNorm = 53.4840, GNorm = 0.2738, lr_0 = 4.0825e-04
Loss = 5.7103e-02, PNorm = 53.5258, GNorm = 0.3099, lr_0 = 4.0432e-04
Loss = 6.1637e-02, PNorm = 53.5615, GNorm = 0.4524, lr_0 = 4.0042e-04
Validation auc = 0.781813
Epoch 13
Loss = 4.7764e-02, PNorm = 53.5815, GNorm = 0.2995, lr_0 = 3.9657e-04
Loss = 3.6585e-02, PNorm = 53.6283, GNorm = 0.0423, lr_0 = 3.9275e-04
Loss = 4.9482e-02, PNorm = 53.6490, GNorm = 0.1950, lr_0 = 3.8897e-04
Loss = 4.2201e-02, PNorm = 53.6712, GNorm = 0.2002, lr_0 = 3.8522e-04
Loss = 4.9919e-02, PNorm = 53.6983, GNorm = 0.2171, lr_0 = 3.8152e-04
Loss = 4.5801e-02, PNorm = 53.7279, GNorm = 0.2261, lr_0 = 3.7784e-04
Loss = 7.2410e-02, PNorm = 53.7472, GNorm = 0.3175, lr_0 = 3.7420e-04
Loss = 5.6539e-02, PNorm = 53.7784, GNorm = 0.1807, lr_0 = 3.7060e-04
Validation auc = 0.806023
Epoch 14
Loss = 3.5295e-02, PNorm = 53.8086, GNorm = 0.1776, lr_0 = 3.6668e-04
Loss = 3.7659e-02, PNorm = 53.8467, GNorm = 0.1464, lr_0 = 3.6315e-04
Loss = 7.3836e-02, PNorm = 53.8698, GNorm = 0.2231, lr_0 = 3.5965e-04
Loss = 3.9025e-02, PNorm = 53.9208, GNorm = 0.3508, lr_0 = 3.5619e-04
Loss = 4.2566e-02, PNorm = 53.9473, GNorm = 0.2054, lr_0 = 3.5276e-04
Loss = 3.9778e-02, PNorm = 53.9813, GNorm = 0.2116, lr_0 = 3.4936e-04
Loss = 7.5313e-02, PNorm = 53.9930, GNorm = 0.2520, lr_0 = 3.4600e-04
Loss = 5.1547e-02, PNorm = 54.0232, GNorm = 0.2065, lr_0 = 3.4267e-04
Loss = 3.4087e-02, PNorm = 54.0515, GNorm = 0.2906, lr_0 = 3.3937e-04
Validation auc = 0.880974
Epoch 15
Loss = 7.5974e-02, PNorm = 54.0660, GNorm = 0.1921, lr_0 = 3.3610e-04
Loss = 3.4080e-02, PNorm = 54.1019, GNorm = 0.1096, lr_0 = 3.3287e-04
Loss = 4.9932e-02, PNorm = 54.1228, GNorm = 0.2504, lr_0 = 3.2966e-04
Loss = 4.7722e-02, PNorm = 54.1254, GNorm = 0.1606, lr_0 = 3.2649e-04
Loss = 2.9630e-02, PNorm = 54.1496, GNorm = 0.2052, lr_0 = 3.2334e-04
Loss = 4.2154e-02, PNorm = 54.1765, GNorm = 0.1484, lr_0 = 3.2023e-04
Loss = 5.5802e-02, PNorm = 54.1919, GNorm = 0.2791, lr_0 = 3.1715e-04
Loss = 5.4179e-02, PNorm = 54.2189, GNorm = 0.3426, lr_0 = 3.1409e-04
Loss = 4.3645e-02, PNorm = 54.2612, GNorm = 0.1228, lr_0 = 3.1107e-04
Validation auc = 0.805465
Epoch 16
Loss = 5.0430e-02, PNorm = 54.2794, GNorm = 0.1471, lr_0 = 3.0807e-04
Loss = 3.1430e-02, PNorm = 54.3069, GNorm = 0.0918, lr_0 = 3.0511e-04
Loss = 5.7537e-02, PNorm = 54.3195, GNorm = 0.1011, lr_0 = 3.0217e-04
Loss = 4.3361e-02, PNorm = 54.3367, GNorm = 0.2623, lr_0 = 2.9926e-04
Loss = 5.1998e-02, PNorm = 54.3525, GNorm = 0.1458, lr_0 = 2.9638e-04
Loss = 6.0030e-02, PNorm = 54.3754, GNorm = 0.1383, lr_0 = 2.9353e-04
Loss = 3.8391e-02, PNorm = 54.4099, GNorm = 0.5660, lr_0 = 2.9070e-04
Loss = 2.0446e-02, PNorm = 54.4319, GNorm = 0.1628, lr_0 = 2.8790e-04
Validation auc = 0.801619
Epoch 17
Loss = 3.9670e-02, PNorm = 54.4503, GNorm = 0.0392, lr_0 = 2.8485e-04
Loss = 4.9416e-02, PNorm = 54.4563, GNorm = 0.2755, lr_0 = 2.8211e-04
Loss = 4.9081e-02, PNorm = 54.4761, GNorm = 0.1099, lr_0 = 2.7939e-04
Loss = 4.4741e-02, PNorm = 54.5037, GNorm = 0.1890, lr_0 = 2.7670e-04
Loss = 2.9426e-02, PNorm = 54.5337, GNorm = 0.2567, lr_0 = 2.7404e-04
Loss = 2.6981e-02, PNorm = 54.5416, GNorm = 0.1932, lr_0 = 2.7140e-04
Loss = 4.9566e-02, PNorm = 54.5565, GNorm = 0.5142, lr_0 = 2.6879e-04
Loss = 4.3407e-02, PNorm = 54.5782, GNorm = 0.1860, lr_0 = 2.6620e-04
Loss = 5.1185e-02, PNorm = 54.5931, GNorm = 0.2360, lr_0 = 2.6364e-04
Validation auc = 0.810632
Epoch 18
Loss = 4.0074e-02, PNorm = 54.6139, GNorm = 0.0659, lr_0 = 2.6110e-04
Loss = 4.3555e-02, PNorm = 54.6273, GNorm = 0.2809, lr_0 = 2.5859e-04
Loss = 5.5486e-02, PNorm = 54.6381, GNorm = 0.2679, lr_0 = 2.5610e-04
Loss = 4.3850e-02, PNorm = 54.6691, GNorm = 0.4973, lr_0 = 2.5363e-04
Loss = 6.0798e-02, PNorm = 54.6740, GNorm = 0.3745, lr_0 = 2.5119e-04
Loss = 3.7944e-02, PNorm = 54.7031, GNorm = 0.0748, lr_0 = 2.4877e-04
Loss = 3.8449e-02, PNorm = 54.7213, GNorm = 0.1084, lr_0 = 2.4638e-04
Loss = 2.8397e-02, PNorm = 54.7345, GNorm = 0.3065, lr_0 = 2.4400e-04
Validation auc = 0.802762
Epoch 19
Loss = 3.8829e-02, PNorm = 54.7541, GNorm = 0.2208, lr_0 = 2.4165e-04
Loss = 3.5961e-02, PNorm = 54.7673, GNorm = 0.3181, lr_0 = 2.3933e-04
Loss = 3.9046e-02, PNorm = 54.7747, GNorm = 0.1246, lr_0 = 2.3702e-04
Loss = 2.4780e-02, PNorm = 54.7894, GNorm = 0.3284, lr_0 = 2.3474e-04
Loss = 2.8049e-02, PNorm = 54.8103, GNorm = 0.3681, lr_0 = 2.3248e-04
Loss = 7.2138e-02, PNorm = 54.8101, GNorm = 0.2047, lr_0 = 2.3024e-04
Loss = 5.1668e-02, PNorm = 54.8241, GNorm = 0.4837, lr_0 = 2.2803e-04
Loss = 2.8612e-02, PNorm = 54.8481, GNorm = 0.2677, lr_0 = 2.2583e-04
Loss = 3.5965e-02, PNorm = 54.8580, GNorm = 0.1072, lr_0 = 2.2366e-04
Validation auc = 0.814093
Epoch 20
Loss = 3.3568e-02, PNorm = 54.8771, GNorm = 0.3312, lr_0 = 2.2129e-04
Loss = 2.8710e-02, PNorm = 54.8994, GNorm = 0.1417, lr_0 = 2.1916e-04
Loss = 4.5011e-02, PNorm = 54.9057, GNorm = 0.1245, lr_0 = 2.1705e-04
Loss = 2.3738e-02, PNorm = 54.9141, GNorm = 0.1151, lr_0 = 2.1496e-04
Loss = 4.6453e-02, PNorm = 54.9251, GNorm = 0.1879, lr_0 = 2.1289e-04
Loss = 4.3825e-02, PNorm = 54.9337, GNorm = 0.2690, lr_0 = 2.1084e-04
Loss = 2.6375e-02, PNorm = 54.9564, GNorm = 0.1833, lr_0 = 2.0881e-04
Loss = 3.3525e-02, PNorm = 54.9771, GNorm = 0.4909, lr_0 = 2.0680e-04
Validation auc = 0.799848
Epoch 21
Loss = 4.6764e-02, PNorm = 54.9670, GNorm = 0.5350, lr_0 = 2.0481e-04
Loss = 4.0589e-02, PNorm = 55.0016, GNorm = 0.3132, lr_0 = 2.0283e-04
Loss = 2.7613e-02, PNorm = 55.0207, GNorm = 0.1446, lr_0 = 2.0088e-04
Loss = 5.3609e-02, PNorm = 55.0205, GNorm = 0.2364, lr_0 = 1.9895e-04
Loss = 3.9296e-02, PNorm = 55.0312, GNorm = 0.1845, lr_0 = 1.9703e-04
Loss = 4.2558e-02, PNorm = 55.0461, GNorm = 0.2027, lr_0 = 1.9514e-04
Loss = 4.4830e-02, PNorm = 55.0612, GNorm = 0.3834, lr_0 = 1.9326e-04
Loss = 2.5335e-02, PNorm = 55.0736, GNorm = 0.1967, lr_0 = 1.9140e-04
Loss = 3.5425e-02, PNorm = 55.0864, GNorm = 0.5171, lr_0 = 1.8955e-04
Validation auc = 0.827188
Epoch 22
Loss = 1.3401e-02, PNorm = 55.0995, GNorm = 0.2048, lr_0 = 1.8773e-04
Loss = 4.8303e-02, PNorm = 55.1016, GNorm = 0.1235, lr_0 = 1.8592e-04
Loss = 2.0200e-02, PNorm = 55.1139, GNorm = 0.1466, lr_0 = 1.8413e-04
Loss = 2.8703e-02, PNorm = 55.1327, GNorm = 0.1535, lr_0 = 1.8236e-04
Loss = 4.7158e-02, PNorm = 55.1322, GNorm = 0.0963, lr_0 = 1.8060e-04
Loss = 2.9027e-02, PNorm = 55.1418, GNorm = 0.1574, lr_0 = 1.7886e-04
Loss = 5.3140e-02, PNorm = 55.1568, GNorm = 0.3780, lr_0 = 1.7714e-04
Loss = 4.6566e-02, PNorm = 55.1614, GNorm = 0.2357, lr_0 = 1.7544e-04
Validation auc = 0.825759
Epoch 23
Loss = 5.1129e-02, PNorm = 55.1787, GNorm = 0.2874, lr_0 = 1.7358e-04
Loss = 2.8865e-02, PNorm = 55.1963, GNorm = 0.4034, lr_0 = 1.7191e-04
Loss = 5.0938e-02, PNorm = 55.1934, GNorm = 0.1812, lr_0 = 1.7025e-04
Loss = 1.8434e-02, PNorm = 55.2059, GNorm = 0.1227, lr_0 = 1.6861e-04
Loss = 2.8304e-02, PNorm = 55.2185, GNorm = 0.0813, lr_0 = 1.6699e-04
Loss = 2.3112e-02, PNorm = 55.2329, GNorm = 0.4002, lr_0 = 1.6538e-04
Loss = 2.4799e-02, PNorm = 55.2419, GNorm = 0.2935, lr_0 = 1.6379e-04
Loss = 3.3792e-02, PNorm = 55.2458, GNorm = 0.2175, lr_0 = 1.6221e-04
Loss = 3.7710e-02, PNorm = 55.2589, GNorm = 0.1428, lr_0 = 1.6065e-04
Validation auc = 0.807973
Epoch 24
Loss = 5.2600e-02, PNorm = 55.2612, GNorm = 0.3384, lr_0 = 1.5910e-04
Loss = 2.2095e-02, PNorm = 55.2769, GNorm = 0.1529, lr_0 = 1.5757e-04
Loss = 4.4387e-02, PNorm = 55.2846, GNorm = 0.2791, lr_0 = 1.5605e-04
Loss = 2.2044e-02, PNorm = 55.2966, GNorm = 0.1219, lr_0 = 1.5455e-04
Loss = 3.2683e-02, PNorm = 55.3054, GNorm = 0.0830, lr_0 = 1.5306e-04
Loss = 2.8466e-02, PNorm = 55.3130, GNorm = 0.1002, lr_0 = 1.5159e-04
Loss = 4.2180e-02, PNorm = 55.3227, GNorm = 0.4162, lr_0 = 1.5013e-04
Loss = 3.7085e-02, PNorm = 55.3318, GNorm = 0.1094, lr_0 = 1.4869e-04
Loss = 2.8294e-02, PNorm = 55.3430, GNorm = 0.0572, lr_0 = 1.4725e-04
Validation auc = 0.791516
Epoch 25
Loss = 3.5106e-02, PNorm = 55.3518, GNorm = 0.2697, lr_0 = 1.4584e-04
Loss = 2.3069e-02, PNorm = 55.3677, GNorm = 0.2081, lr_0 = 1.4443e-04
Loss = 3.3020e-02, PNorm = 55.3789, GNorm = 0.6798, lr_0 = 1.4304e-04
Loss = 4.1827e-02, PNorm = 55.3798, GNorm = 0.2020, lr_0 = 1.4166e-04
Loss = 2.1802e-02, PNorm = 55.3909, GNorm = 0.2606, lr_0 = 1.4030e-04
Loss = 3.1633e-02, PNorm = 55.3978, GNorm = 0.3320, lr_0 = 1.3895e-04
Loss = 2.3410e-02, PNorm = 55.4100, GNorm = 0.0856, lr_0 = 1.3761e-04
Loss = 3.2058e-02, PNorm = 55.4104, GNorm = 0.2864, lr_0 = 1.3629e-04
Validation auc = 0.823506
Epoch 26
Loss = 2.5950e-02, PNorm = 55.4174, GNorm = 0.2835, lr_0 = 1.3484e-04
Loss = 3.1558e-02, PNorm = 55.4320, GNorm = 0.2788, lr_0 = 1.3355e-04
Loss = 1.8279e-02, PNorm = 55.4450, GNorm = 0.1942, lr_0 = 1.3226e-04
Loss = 2.6721e-02, PNorm = 55.4518, GNorm = 0.1438, lr_0 = 1.3099e-04
Loss = 4.8764e-02, PNorm = 55.4507, GNorm = 0.3409, lr_0 = 1.2973e-04
Loss = 2.8100e-02, PNorm = 55.4657, GNorm = 0.1761, lr_0 = 1.2848e-04
Loss = 2.4941e-02, PNorm = 55.4789, GNorm = 0.0599, lr_0 = 1.2724e-04
Loss = 4.1316e-02, PNorm = 55.4818, GNorm = 0.3338, lr_0 = 1.2601e-04
Loss = 1.8004e-02, PNorm = 55.4870, GNorm = 0.3483, lr_0 = 1.2480e-04
Validation auc = 0.838415
Epoch 27
Loss = 2.6566e-02, PNorm = 55.4907, GNorm = 0.1899, lr_0 = 1.2360e-04
Loss = 1.5972e-02, PNorm = 55.4997, GNorm = 0.1032, lr_0 = 1.2241e-04
Loss = 2.2693e-02, PNorm = 55.5107, GNorm = 0.3499, lr_0 = 1.2123e-04
Loss = 1.5802e-02, PNorm = 55.5217, GNorm = 0.0776, lr_0 = 1.2006e-04
Loss = 2.7182e-02, PNorm = 55.5240, GNorm = 0.0896, lr_0 = 1.1891e-04
Loss = 5.1205e-02, PNorm = 55.5274, GNorm = 0.4719, lr_0 = 1.1776e-04
Loss = 2.7620e-02, PNorm = 55.5363, GNorm = 0.3544, lr_0 = 1.1663e-04
Loss = 2.2826e-02, PNorm = 55.5487, GNorm = 0.1498, lr_0 = 1.1551e-04
Validation auc = 0.831911
Epoch 28
Loss = 6.6900e-02, PNorm = 55.5442, GNorm = 0.3838, lr_0 = 1.1428e-04
Loss = 2.2105e-02, PNorm = 55.5487, GNorm = 0.0914, lr_0 = 1.1318e-04
Loss = 3.7178e-02, PNorm = 55.5606, GNorm = 0.3136, lr_0 = 1.1209e-04
Loss = 2.1933e-02, PNorm = 55.5684, GNorm = 0.0460, lr_0 = 1.1101e-04
Loss = 2.6166e-02, PNorm = 55.5725, GNorm = 0.1423, lr_0 = 1.0995e-04
Loss = 2.9132e-02, PNorm = 55.5803, GNorm = 0.2150, lr_0 = 1.0889e-04
Loss = 2.9863e-02, PNorm = 55.5839, GNorm = 0.2686, lr_0 = 1.0784e-04
Loss = 3.3122e-02, PNorm = 55.5866, GNorm = 0.1000, lr_0 = 1.0680e-04
Loss = 2.5815e-02, PNorm = 55.5936, GNorm = 0.3038, lr_0 = 1.0577e-04
Validation auc = 0.819723
Epoch 29
Loss = 3.3827e-02, PNorm = 55.6015, GNorm = 0.4057, lr_0 = 1.0475e-04
Loss = 2.2037e-02, PNorm = 55.6056, GNorm = 0.6201, lr_0 = 1.0374e-04
Loss = 3.4567e-02, PNorm = 55.6045, GNorm = 0.3040, lr_0 = 1.0275e-04
Loss = 1.7554e-02, PNorm = 55.6140, GNorm = 0.3752, lr_0 = 1.0176e-04
Loss = 1.8364e-02, PNorm = 55.6234, GNorm = 0.0364, lr_0 = 1.0078e-04
Loss = 3.4550e-02, PNorm = 55.6211, GNorm = 0.1616, lr_0 = 1.0000e-04
Loss = 2.9319e-02, PNorm = 55.6236, GNorm = 0.1558, lr_0 = 1.0000e-04
Loss = 2.1147e-02, PNorm = 55.6305, GNorm = 0.1421, lr_0 = 1.0000e-04
Validation auc = 0.819310
Model 0 best validation auc = 0.891025 on epoch 7
Loading pretrained parameter "encoder.encoder.0.cached_zero_vector".
Loading pretrained parameter "encoder.encoder.0.W_i.weight".
Loading pretrained parameter "encoder.encoder.0.W_h.weight".
Loading pretrained parameter "encoder.encoder.0.W_o.weight".
Loading pretrained parameter "encoder.encoder.0.W_o.bias".
Loading pretrained parameter "ffn.1.weight".
Loading pretrained parameter "ffn.1.bias".
Moving model to cuda
Model 0 test auc = 0.882176
Ensemble test auc = 0.882176
Fold 2
Splitting data with seed 2
Total scaffolds = 3,467 | train scaffolds = 2,630 | val scaffolds = 419 | test scaffolds = 418
Label averages per scaffold, in decreasing order of scaffold frequency,capped at 10 scaffolds and 20 labels:
Scaffold 0
Task 0: count = 381 | target average = 0.018373
Task 1: count = 381 | target average = 0.013123


Scaffold 1
Task 0: count = 305 | target average = 0.009836
Task 1: count = 305 | target average = 0.016393


Scaffold 2
Task 0: count = 36 | target average = 0.000000
Task 1: count = 36 | target average = 0.000000


Scaffold 3
Task 0: count = 29 | target average = 0.000000
Task 1: count = 29 | target average = 0.000000


Scaffold 4
Task 0: count = 26 | target average = 0.000000
Task 1: count = 26 | target average = 0.000000


Scaffold 5
Task 0: count = 23 | target average = 0.000000
Task 1: count = 23 | target average = 0.000000


Scaffold 6
Task 0: count = 22 | target average = 0.090909
Task 1: count = 22 | target average = 0.090909


Scaffold 7
Task 0: count = 20 | target average = 0.000000
Task 1: count = 20 | target average = 0.000000


Scaffold 8
Task 0: count = 20 | target average = 0.000000
Task 1: count = 20 | target average = 0.000000


Scaffold 9
Task 0: count = 20 | target average = 0.050000
Task 1: count = 20 | target average = 0.000000


Class sizes
hit_inh 0: 97.83%, 1: 2.17%
hit_kill 0: 98.64%, 1: 1.36%
Total size = 5,353 | train size = 4,282 | val size = 535 | test size = 536
Building model 0
MoleculeModel(
  (sigmoid): Sigmoid()
  (encoder): MPN(
    (encoder): ModuleList(
      (0): MPNEncoder(
        (dropout_layer): Dropout(p=0.4, inplace=False)
        (act_func): ReLU()
        (W_i): Linear(in_features=147, out_features=1000, bias=False)
        (W_h): Linear(in_features=1000, out_features=1000, bias=False)
        (W_o): Linear(in_features=1133, out_features=1000, bias=True)
      )
    )
  )
  (ffn): Sequential(
    (0): Dropout(p=0.4, inplace=False)
    (1): Linear(in_features=1200, out_features=2, bias=True)
  )
)
Number of parameters = 2,283,402
Moving model to cuda
Epoch 0
Loss = 2.9786e-01, PNorm = 48.4912, GNorm = 0.5633, lr_0 = 1.0000e-03
Loss = 6.8426e-02, PNorm = 48.7157, GNorm = 0.1750, lr_0 = 1.0000e-03
Loss = 1.0170e-01, PNorm = 48.8149, GNorm = 0.1706, lr_0 = 1.0000e-03
Loss = 8.9948e-02, PNorm = 48.8700, GNorm = 0.1571, lr_0 = 1.0000e-03
Loss = 7.7745e-02, PNorm = 48.9033, GNorm = 0.1067, lr_0 = 1.0000e-03
Loss = 1.0042e-01, PNorm = 48.9190, GNorm = 0.1664, lr_0 = 1.0000e-03
Loss = 9.4220e-02, PNorm = 48.9415, GNorm = 0.2536, lr_0 = 1.0000e-03
Loss = 7.3695e-02, PNorm = 48.9592, GNorm = 0.1838, lr_0 = 1.0000e-03
Validation auc = 0.836587
Epoch 1
Loss = 6.2289e-02, PNorm = 48.9735, GNorm = 0.2016, lr_0 = 1.0000e-03
Loss = 7.4380e-02, PNorm = 49.0049, GNorm = 0.3734, lr_0 = 1.0000e-03
Loss = 3.9469e-02, PNorm = 49.0234, GNorm = 0.1723, lr_0 = 1.0000e-03
Loss = 1.2887e-01, PNorm = 49.0272, GNorm = 0.4114, lr_0 = 1.0000e-03
Loss = 7.6858e-02, PNorm = 49.0609, GNorm = 0.1455, lr_0 = 1.0000e-03
Loss = 8.8138e-02, PNorm = 49.1008, GNorm = 0.0912, lr_0 = 1.0000e-03
Loss = 1.0766e-01, PNorm = 49.1136, GNorm = 0.1449, lr_0 = 1.0000e-03
Loss = 1.1831e-01, PNorm = 49.1412, GNorm = 0.2534, lr_0 = 1.0000e-03
Loss = 5.8544e-02, PNorm = 49.1974, GNorm = 0.0867, lr_0 = 9.9807e-04
Validation auc = 0.843926
Epoch 2
Loss = 8.6637e-02, PNorm = 49.2250, GNorm = 0.3101, lr_0 = 9.8846e-04
Loss = 7.9047e-02, PNorm = 49.2620, GNorm = 0.2562, lr_0 = 9.7894e-04
Loss = 1.0137e-01, PNorm = 49.2864, GNorm = 0.1499, lr_0 = 9.6952e-04
Loss = 8.1456e-02, PNorm = 49.3209, GNorm = 0.3352, lr_0 = 9.6018e-04
Loss = 1.1469e-01, PNorm = 49.3497, GNorm = 0.1728, lr_0 = 9.5094e-04
Loss = 6.9766e-02, PNorm = 49.4139, GNorm = 0.1350, lr_0 = 9.4178e-04
Loss = 5.5319e-02, PNorm = 49.4540, GNorm = 0.0713, lr_0 = 9.3271e-04
Loss = 7.8072e-02, PNorm = 49.4748, GNorm = 0.1366, lr_0 = 9.2373e-04
Validation auc = 0.885829
Epoch 3
Loss = 8.7610e-02, PNorm = 49.5065, GNorm = 0.1974, lr_0 = 9.1395e-04
Loss = 9.9038e-02, PNorm = 49.5363, GNorm = 0.1621, lr_0 = 9.0515e-04
Loss = 9.0726e-02, PNorm = 49.5958, GNorm = 0.3165, lr_0 = 8.9644e-04
Loss = 3.3695e-02, PNorm = 49.6489, GNorm = 0.0869, lr_0 = 8.8781e-04
Loss = 9.4043e-02, PNorm = 49.6607, GNorm = 0.1974, lr_0 = 8.7926e-04
Loss = 7.8999e-02, PNorm = 49.7000, GNorm = 0.1250, lr_0 = 8.7080e-04
Loss = 1.0421e-01, PNorm = 49.7435, GNorm = 0.1794, lr_0 = 8.6241e-04
Loss = 7.9695e-02, PNorm = 49.8076, GNorm = 0.1142, lr_0 = 8.5411e-04
Loss = 7.7636e-02, PNorm = 49.8346, GNorm = 0.2968, lr_0 = 8.4588e-04
Validation auc = 0.888084
Epoch 4
Loss = 4.6569e-02, PNorm = 49.8735, GNorm = 0.1145, lr_0 = 8.3774e-04
Loss = 6.4004e-02, PNorm = 49.9128, GNorm = 0.1578, lr_0 = 8.2967e-04
Loss = 7.4487e-02, PNorm = 49.9375, GNorm = 0.2256, lr_0 = 8.2169e-04
Loss = 1.0137e-01, PNorm = 49.9568, GNorm = 0.2051, lr_0 = 8.1377e-04
Loss = 9.8054e-02, PNorm = 49.9971, GNorm = 0.1508, lr_0 = 8.0594e-04
Loss = 6.2125e-02, PNorm = 50.0473, GNorm = 0.1739, lr_0 = 7.9818e-04
Loss = 1.0206e-01, PNorm = 50.0748, GNorm = 0.3060, lr_0 = 7.9050e-04
Loss = 5.8653e-02, PNorm = 50.1317, GNorm = 0.1711, lr_0 = 7.8288e-04
Validation auc = 0.869201
Epoch 5
Loss = 9.7863e-02, PNorm = 50.1826, GNorm = 0.1660, lr_0 = 7.7535e-04
Loss = 9.6311e-02, PNorm = 50.2409, GNorm = 0.1687, lr_0 = 7.6788e-04
Loss = 7.6361e-02, PNorm = 50.3054, GNorm = 0.3452, lr_0 = 7.6049e-04
Loss = 8.9362e-02, PNorm = 50.3396, GNorm = 0.2110, lr_0 = 7.5317e-04
Loss = 5.2786e-02, PNorm = 50.4075, GNorm = 0.0955, lr_0 = 7.4591e-04
Loss = 7.3860e-02, PNorm = 50.4474, GNorm = 0.0903, lr_0 = 7.3873e-04
Loss = 9.4950e-02, PNorm = 50.4646, GNorm = 0.1395, lr_0 = 7.3162e-04
Loss = 7.0515e-02, PNorm = 50.5207, GNorm = 0.1190, lr_0 = 7.2458e-04
Loss = 6.7577e-02, PNorm = 50.5598, GNorm = 0.1538, lr_0 = 7.1760e-04
Validation auc = 0.879683
Epoch 6
Loss = 4.8991e-02, PNorm = 50.5883, GNorm = 0.1315, lr_0 = 7.1000e-04
Loss = 8.7454e-02, PNorm = 50.6269, GNorm = 0.1061, lr_0 = 7.0317e-04
Loss = 8.7698e-02, PNorm = 50.6620, GNorm = 0.2069, lr_0 = 6.9640e-04
Loss = 7.7669e-02, PNorm = 50.7186, GNorm = 0.1645, lr_0 = 6.8969e-04
Loss = 6.9270e-02, PNorm = 50.7799, GNorm = 0.0922, lr_0 = 6.8305e-04
Loss = 6.3825e-02, PNorm = 50.8366, GNorm = 0.1580, lr_0 = 6.7648e-04
Loss = 7.5483e-02, PNorm = 50.8940, GNorm = 0.5402, lr_0 = 6.6996e-04
Loss = 2.8030e-02, PNorm = 50.9559, GNorm = 0.1059, lr_0 = 6.6351e-04
Validation auc = 0.875694
Epoch 7
Loss = 8.0659e-02, PNorm = 50.9930, GNorm = 0.1748, lr_0 = 6.5712e-04
Loss = 6.9746e-02, PNorm = 51.0739, GNorm = 0.2154, lr_0 = 6.5080e-04
Loss = 9.1014e-02, PNorm = 51.1238, GNorm = 0.1730, lr_0 = 6.4453e-04
Loss = 7.2698e-02, PNorm = 51.1902, GNorm = 0.1801, lr_0 = 6.3833e-04
Loss = 7.2888e-02, PNorm = 51.2274, GNorm = 0.1158, lr_0 = 6.3218e-04
Loss = 4.2097e-02, PNorm = 51.2750, GNorm = 0.0907, lr_0 = 6.2609e-04
Loss = 7.4394e-02, PNorm = 51.3004, GNorm = 0.1527, lr_0 = 6.2006e-04
Loss = 8.4288e-02, PNorm = 51.3347, GNorm = 0.3193, lr_0 = 6.1409e-04
Loss = 5.2226e-02, PNorm = 51.3854, GNorm = 0.1099, lr_0 = 6.0818e-04
Validation auc = 0.893947
Epoch 8
Loss = 2.9815e-02, PNorm = 51.4275, GNorm = 0.1232, lr_0 = 6.0233e-04
Loss = 5.6810e-02, PNorm = 51.4612, GNorm = 0.1652, lr_0 = 5.9653e-04
Loss = 6.9411e-02, PNorm = 51.4982, GNorm = 0.1322, lr_0 = 5.9078e-04
Loss = 8.9058e-02, PNorm = 51.5346, GNorm = 0.3667, lr_0 = 5.8510e-04
Loss = 7.1703e-02, PNorm = 51.5963, GNorm = 0.2785, lr_0 = 5.7946e-04
Loss = 6.1954e-02, PNorm = 51.6450, GNorm = 0.2892, lr_0 = 5.7388e-04
Loss = 5.5204e-02, PNorm = 51.6869, GNorm = 0.1913, lr_0 = 5.6836e-04
Loss = 6.8239e-02, PNorm = 51.7168, GNorm = 0.1990, lr_0 = 5.6289e-04
Loss = 7.2107e-02, PNorm = 51.7540, GNorm = 0.1202, lr_0 = 5.5747e-04
Loss = 1.7892e-02, PNorm = 51.7584, GNorm = 0.1654, lr_0 = 5.5693e-04
Validation auc = 0.869588
Epoch 9
Loss = 4.8268e-02, PNorm = 51.8047, GNorm = 0.1297, lr_0 = 5.5156e-04
Loss = 7.9845e-02, PNorm = 51.8280, GNorm = 0.1138, lr_0 = 5.4625e-04
Loss = 6.7258e-02, PNorm = 51.8645, GNorm = 0.1620, lr_0 = 5.4100e-04
Loss = 3.4826e-02, PNorm = 51.9227, GNorm = 0.1470, lr_0 = 5.3579e-04
Loss = 8.6313e-02, PNorm = 51.9506, GNorm = 0.1809, lr_0 = 5.3063e-04
Loss = 5.2342e-02, PNorm = 52.0141, GNorm = 0.2236, lr_0 = 5.2552e-04
Loss = 6.8335e-02, PNorm = 52.0392, GNorm = 0.1657, lr_0 = 5.2046e-04
Loss = 5.6006e-02, PNorm = 52.0909, GNorm = 0.1457, lr_0 = 5.1545e-04
Validation auc = 0.885598
Epoch 10
Loss = 3.4141e-02, PNorm = 52.1330, GNorm = 0.0901, lr_0 = 5.1049e-04
Loss = 7.3029e-02, PNorm = 52.1981, GNorm = 0.1446, lr_0 = 5.0557e-04
Loss = 3.6314e-02, PNorm = 52.2646, GNorm = 0.1247, lr_0 = 5.0070e-04
Loss = 2.6206e-02, PNorm = 52.2888, GNorm = 0.1805, lr_0 = 4.9588e-04
Loss = 8.2345e-02, PNorm = 52.3105, GNorm = 0.2107, lr_0 = 4.9111e-04
Loss = 7.1138e-02, PNorm = 52.3459, GNorm = 0.1570, lr_0 = 4.8638e-04
Loss = 7.0935e-02, PNorm = 52.3993, GNorm = 0.1473, lr_0 = 4.8170e-04
Loss = 6.5404e-02, PNorm = 52.4499, GNorm = 0.3574, lr_0 = 4.7706e-04
Loss = 5.1883e-02, PNorm = 52.4816, GNorm = 0.2274, lr_0 = 4.7247e-04
Validation auc = 0.874459
Epoch 11
Loss = 9.0555e-02, PNorm = 52.5265, GNorm = 0.1879, lr_0 = 4.6792e-04
Loss = 4.7305e-02, PNorm = 52.5842, GNorm = 0.2152, lr_0 = 4.6341e-04
Loss = 3.4434e-02, PNorm = 52.6314, GNorm = 0.1017, lr_0 = 4.5895e-04
Loss = 5.0550e-02, PNorm = 52.6559, GNorm = 0.0754, lr_0 = 4.5453e-04
Loss = 8.3814e-02, PNorm = 52.6762, GNorm = 0.5099, lr_0 = 4.5015e-04
Loss = 5.7042e-02, PNorm = 52.7255, GNorm = 0.0831, lr_0 = 4.4582e-04
Loss = 5.5410e-02, PNorm = 52.7602, GNorm = 0.1338, lr_0 = 4.4153e-04
Loss = 5.6431e-02, PNorm = 52.8093, GNorm = 0.2362, lr_0 = 4.3728e-04
Validation auc = 0.871867
Epoch 12
Loss = 4.8916e-02, PNorm = 52.8459, GNorm = 0.1736, lr_0 = 4.3265e-04
Loss = 4.0282e-02, PNorm = 52.8822, GNorm = 0.1655, lr_0 = 4.2848e-04
Loss = 4.4762e-02, PNorm = 52.9148, GNorm = 0.1918, lr_0 = 4.2436e-04
Loss = 7.0690e-02, PNorm = 52.9404, GNorm = 0.7851, lr_0 = 4.2027e-04
Loss = 5.0579e-02, PNorm = 52.9597, GNorm = 0.3471, lr_0 = 4.1622e-04
Loss = 3.1877e-02, PNorm = 52.9979, GNorm = 0.2684, lr_0 = 4.1222e-04
Loss = 8.2752e-02, PNorm = 52.9937, GNorm = 0.2352, lr_0 = 4.0825e-04
Loss = 7.0050e-02, PNorm = 53.0241, GNorm = 0.2411, lr_0 = 4.0432e-04
Loss = 4.5636e-02, PNorm = 53.0837, GNorm = 0.1731, lr_0 = 4.0042e-04
Validation auc = 0.884669
Epoch 13
Loss = 2.4775e-02, PNorm = 53.1053, GNorm = 0.2592, lr_0 = 3.9657e-04
Loss = 6.6906e-02, PNorm = 53.1286, GNorm = 0.1896, lr_0 = 3.9275e-04
Loss = 1.7586e-02, PNorm = 53.1681, GNorm = 0.0673, lr_0 = 3.8897e-04
Loss = 6.2794e-02, PNorm = 53.1838, GNorm = 0.2736, lr_0 = 3.8522e-04
Loss = 6.0551e-02, PNorm = 53.2177, GNorm = 0.2382, lr_0 = 3.8152e-04
Loss = 5.8475e-02, PNorm = 53.2497, GNorm = 0.3445, lr_0 = 3.7784e-04
Loss = 6.4480e-02, PNorm = 53.2654, GNorm = 0.3012, lr_0 = 3.7420e-04
Loss = 4.3330e-02, PNorm = 53.2989, GNorm = 0.1040, lr_0 = 3.7060e-04
Validation auc = 0.900872
Epoch 14
Loss = 1.3988e-02, PNorm = 53.3214, GNorm = 0.1181, lr_0 = 3.6668e-04
Loss = 4.1902e-02, PNorm = 53.3515, GNorm = 0.1951, lr_0 = 3.6315e-04
Loss = 4.9201e-02, PNorm = 53.3831, GNorm = 0.2449, lr_0 = 3.5965e-04
Loss = 4.0018e-02, PNorm = 53.4102, GNorm = 0.0931, lr_0 = 3.5619e-04
Loss = 5.0755e-02, PNorm = 53.4370, GNorm = 0.1036, lr_0 = 3.5276e-04
Loss = 5.6721e-02, PNorm = 53.4707, GNorm = 0.3929, lr_0 = 3.4936e-04
Loss = 7.7082e-02, PNorm = 53.4775, GNorm = 0.4101, lr_0 = 3.4600e-04
Loss = 4.7859e-02, PNorm = 53.5062, GNorm = 0.1148, lr_0 = 3.4267e-04
Loss = 5.2472e-02, PNorm = 53.5301, GNorm = 0.0999, lr_0 = 3.3937e-04
Validation auc = 0.914392
Epoch 15
Loss = 4.7993e-02, PNorm = 53.5581, GNorm = 0.1463, lr_0 = 3.3610e-04
Loss = 6.4050e-02, PNorm = 53.5933, GNorm = 0.2045, lr_0 = 3.3287e-04
Loss = 3.1084e-02, PNorm = 53.6199, GNorm = 0.2720, lr_0 = 3.2966e-04
Loss = 3.5201e-02, PNorm = 53.6523, GNorm = 0.0673, lr_0 = 3.2649e-04
Loss = 6.4438e-02, PNorm = 53.6549, GNorm = 0.2532, lr_0 = 3.2334e-04
Loss = 4.4948e-02, PNorm = 53.6811, GNorm = 0.1951, lr_0 = 3.2023e-04
Loss = 5.0331e-02, PNorm = 53.7078, GNorm = 0.2013, lr_0 = 3.1715e-04
Loss = 2.5952e-02, PNorm = 53.7329, GNorm = 0.5296, lr_0 = 3.1409e-04
Loss = 5.9449e-02, PNorm = 53.7472, GNorm = 0.1709, lr_0 = 3.1107e-04
Validation auc = 0.903675
Epoch 16
Loss = 5.0115e-02, PNorm = 53.7831, GNorm = 0.4667, lr_0 = 3.0807e-04
Loss = 7.6333e-02, PNorm = 53.8004, GNorm = 0.3185, lr_0 = 3.0511e-04
Loss = 5.1088e-02, PNorm = 53.8333, GNorm = 0.1572, lr_0 = 3.0217e-04
Loss = 3.0146e-02, PNorm = 53.8613, GNorm = 0.0713, lr_0 = 2.9926e-04
Loss = 5.3670e-02, PNorm = 53.8688, GNorm = 0.2713, lr_0 = 2.9638e-04
Loss = 3.7656e-02, PNorm = 53.8888, GNorm = 0.2142, lr_0 = 2.9353e-04
Loss = 2.3379e-02, PNorm = 53.9178, GNorm = 0.1029, lr_0 = 2.9070e-04
Loss = 5.6568e-02, PNorm = 53.9332, GNorm = 0.1122, lr_0 = 2.8790e-04
Validation auc = 0.899598
Epoch 17
Loss = 4.4631e-02, PNorm = 53.9461, GNorm = 0.0983, lr_0 = 2.8485e-04
Loss = 5.1488e-02, PNorm = 53.9583, GNorm = 0.1201, lr_0 = 2.8211e-04
Loss = 3.3668e-02, PNorm = 53.9878, GNorm = 0.2698, lr_0 = 2.7939e-04
Loss = 5.2968e-02, PNorm = 54.0038, GNorm = 0.2728, lr_0 = 2.7670e-04
Loss = 5.3188e-02, PNorm = 54.0240, GNorm = 0.0997, lr_0 = 2.7404e-04
Loss = 3.9387e-02, PNorm = 54.0424, GNorm = 0.0933, lr_0 = 2.7140e-04
Loss = 4.1072e-02, PNorm = 54.0535, GNorm = 0.1901, lr_0 = 2.6879e-04
Loss = 4.0160e-02, PNorm = 54.0752, GNorm = 0.2847, lr_0 = 2.6620e-04
Loss = 2.7938e-02, PNorm = 54.1000, GNorm = 0.0646, lr_0 = 2.6364e-04
Validation auc = 0.905707
Epoch 18
Loss = 4.5135e-02, PNorm = 54.1167, GNorm = 0.1583, lr_0 = 2.6110e-04
Loss = 4.4697e-02, PNorm = 54.1340, GNorm = 0.2664, lr_0 = 2.5859e-04
Loss = 3.5322e-02, PNorm = 54.1594, GNorm = 0.2049, lr_0 = 2.5610e-04
Loss = 3.2653e-02, PNorm = 54.1799, GNorm = 0.0893, lr_0 = 2.5363e-04
Loss = 4.6533e-02, PNorm = 54.1910, GNorm = 0.1869, lr_0 = 2.5119e-04
Loss = 3.6084e-02, PNorm = 54.2124, GNorm = 0.1011, lr_0 = 2.4877e-04
Loss = 5.7093e-02, PNorm = 54.2264, GNorm = 0.1344, lr_0 = 2.4638e-04
Loss = 4.9838e-02, PNorm = 54.2324, GNorm = 0.5485, lr_0 = 2.4400e-04
Validation auc = 0.922967
Epoch 19
Loss = 3.4169e-02, PNorm = 54.2456, GNorm = 0.1133, lr_0 = 2.4165e-04
Loss = 2.9370e-02, PNorm = 54.2631, GNorm = 0.3530, lr_0 = 2.3933e-04
Loss = 5.0505e-02, PNorm = 54.2754, GNorm = 0.2759, lr_0 = 2.3702e-04
Loss = 4.9336e-02, PNorm = 54.2906, GNorm = 0.1818, lr_0 = 2.3474e-04
Loss = 3.2086e-02, PNorm = 54.3095, GNorm = 0.1972, lr_0 = 2.3248e-04
Loss = 6.4971e-02, PNorm = 54.3281, GNorm = 0.2846, lr_0 = 2.3024e-04
Loss = 3.9391e-02, PNorm = 54.3525, GNorm = 0.1705, lr_0 = 2.2803e-04
Loss = 2.2907e-02, PNorm = 54.3717, GNorm = 0.2301, lr_0 = 2.2583e-04
Loss = 1.7093e-02, PNorm = 54.3827, GNorm = 0.1283, lr_0 = 2.2366e-04
Validation auc = 0.910850
Epoch 20
Loss = 4.5768e-02, PNorm = 54.3890, GNorm = 0.1956, lr_0 = 2.2129e-04
Loss = 3.3933e-02, PNorm = 54.4096, GNorm = 0.4700, lr_0 = 2.1916e-04
Loss = 3.9481e-02, PNorm = 54.4185, GNorm = 0.4194, lr_0 = 2.1705e-04
Loss = 4.2880e-02, PNorm = 54.4342, GNorm = 0.2423, lr_0 = 2.1496e-04
Loss = 2.7830e-02, PNorm = 54.4489, GNorm = 0.2877, lr_0 = 2.1289e-04
Loss = 3.9331e-02, PNorm = 54.4612, GNorm = 0.3967, lr_0 = 2.1084e-04
Loss = 3.9471e-02, PNorm = 54.4760, GNorm = 0.4038, lr_0 = 2.0881e-04
Loss = 4.0259e-02, PNorm = 54.4937, GNorm = 0.0911, lr_0 = 2.0680e-04
Validation auc = 0.899946
Epoch 21
Loss = 5.2772e-02, PNorm = 54.5041, GNorm = 0.6581, lr_0 = 2.0481e-04
Loss = 4.8887e-02, PNorm = 54.5107, GNorm = 0.2746, lr_0 = 2.0283e-04
Loss = 3.6343e-02, PNorm = 54.5334, GNorm = 0.4343, lr_0 = 2.0088e-04
Loss = 3.5301e-02, PNorm = 54.5513, GNorm = 0.2594, lr_0 = 1.9895e-04
Loss = 4.9058e-02, PNorm = 54.5560, GNorm = 0.2785, lr_0 = 1.9703e-04
Loss = 2.8682e-02, PNorm = 54.5733, GNorm = 0.2317, lr_0 = 1.9514e-04
Loss = 1.7459e-02, PNorm = 54.5928, GNorm = 0.0614, lr_0 = 1.9326e-04
Loss = 5.0616e-02, PNorm = 54.5895, GNorm = 0.0924, lr_0 = 1.9140e-04
Loss = 3.6366e-02, PNorm = 54.5996, GNorm = 0.3189, lr_0 = 1.8955e-04
Validation auc = 0.897134
Epoch 22
Loss = 3.8804e-02, PNorm = 54.6190, GNorm = 0.0367, lr_0 = 1.8773e-04
Loss = 4.2752e-02, PNorm = 54.6216, GNorm = 0.0996, lr_0 = 1.8592e-04
Loss = 4.0647e-02, PNorm = 54.6385, GNorm = 0.3625, lr_0 = 1.8413e-04
Loss = 3.4529e-02, PNorm = 54.6533, GNorm = 0.0516, lr_0 = 1.8236e-04
Loss = 3.6679e-02, PNorm = 54.6624, GNorm = 0.4038, lr_0 = 1.8060e-04
Loss = 3.1289e-02, PNorm = 54.6737, GNorm = 0.2472, lr_0 = 1.7886e-04
Loss = 3.4177e-02, PNorm = 54.6910, GNorm = 0.4680, lr_0 = 1.7714e-04
Loss = 2.9000e-02, PNorm = 54.6925, GNorm = 0.1382, lr_0 = 1.7544e-04
Validation auc = 0.880308
Epoch 23
Loss = 1.9532e-02, PNorm = 54.7018, GNorm = 0.2871, lr_0 = 1.7358e-04
Loss = 3.7368e-02, PNorm = 54.7173, GNorm = 0.0184, lr_0 = 1.7191e-04
Loss = 3.4860e-02, PNorm = 54.7226, GNorm = 0.1856, lr_0 = 1.7025e-04
Loss = 3.3479e-02, PNorm = 54.7247, GNorm = 0.1799, lr_0 = 1.6861e-04
Loss = 2.2857e-02, PNorm = 54.7456, GNorm = 0.2489, lr_0 = 1.6699e-04
Loss = 1.9321e-02, PNorm = 54.7576, GNorm = 0.0907, lr_0 = 1.6538e-04
Loss = 2.7947e-02, PNorm = 54.7641, GNorm = 0.3590, lr_0 = 1.6379e-04
Loss = 4.3414e-02, PNorm = 54.7706, GNorm = 0.1959, lr_0 = 1.6221e-04
Loss = 4.3049e-02, PNorm = 54.7766, GNorm = 0.2735, lr_0 = 1.6065e-04
Validation auc = 0.905707
Epoch 24
Loss = 1.9241e-02, PNorm = 54.7967, GNorm = 0.2571, lr_0 = 1.5910e-04
Loss = 5.1971e-02, PNorm = 54.8027, GNorm = 0.6404, lr_0 = 1.5757e-04
Loss = 4.4638e-02, PNorm = 54.8076, GNorm = 0.3633, lr_0 = 1.5605e-04
Loss = 3.7551e-02, PNorm = 54.8251, GNorm = 0.2368, lr_0 = 1.5455e-04
Loss = 3.4523e-02, PNorm = 54.8382, GNorm = 0.5698, lr_0 = 1.5306e-04
Loss = 3.3739e-02, PNorm = 54.8410, GNorm = 0.2654, lr_0 = 1.5159e-04
Loss = 1.5822e-02, PNorm = 54.8534, GNorm = 0.0967, lr_0 = 1.5013e-04
Loss = 4.6369e-02, PNorm = 54.8555, GNorm = 0.1619, lr_0 = 1.4869e-04
Loss = 2.2604e-02, PNorm = 54.8645, GNorm = 0.1364, lr_0 = 1.4725e-04
Validation auc = 0.894643
Epoch 25
Loss = 2.0487e-02, PNorm = 54.8799, GNorm = 0.1390, lr_0 = 1.4584e-04
Loss = 4.4590e-02, PNorm = 54.8820, GNorm = 0.1278, lr_0 = 1.4443e-04
Loss = 2.5893e-02, PNorm = 54.8882, GNorm = 0.1272, lr_0 = 1.4304e-04
Loss = 3.3934e-02, PNorm = 54.9041, GNorm = 0.4025, lr_0 = 1.4166e-04
Loss = 3.1997e-02, PNorm = 54.9104, GNorm = 0.0970, lr_0 = 1.4030e-04
Loss = 2.3378e-02, PNorm = 54.9175, GNorm = 0.3846, lr_0 = 1.3895e-04
Loss = 3.1124e-02, PNorm = 54.9192, GNorm = 0.3174, lr_0 = 1.3761e-04
Loss = 3.0945e-02, PNorm = 54.9310, GNorm = 0.1574, lr_0 = 1.3629e-04
Validation auc = 0.909759
Epoch 26
Loss = 4.2060e-02, PNorm = 54.9326, GNorm = 0.2676, lr_0 = 1.3484e-04
Loss = 3.2769e-02, PNorm = 54.9433, GNorm = 0.3305, lr_0 = 1.3355e-04
Loss = 2.6846e-02, PNorm = 54.9487, GNorm = 0.2616, lr_0 = 1.3226e-04
Loss = 2.2174e-02, PNorm = 54.9521, GNorm = 0.0514, lr_0 = 1.3099e-04
Loss = 2.9355e-02, PNorm = 54.9630, GNorm = 0.2619, lr_0 = 1.2973e-04
Loss = 4.3213e-02, PNorm = 54.9691, GNorm = 0.1153, lr_0 = 1.2848e-04
Loss = 1.7710e-02, PNorm = 54.9805, GNorm = 0.1188, lr_0 = 1.2724e-04
Loss = 2.4630e-02, PNorm = 54.9880, GNorm = 0.5234, lr_0 = 1.2601e-04
Loss = 6.1268e-02, PNorm = 54.9887, GNorm = 0.3942, lr_0 = 1.2480e-04
Validation auc = 0.911296
Epoch 27
Loss = 1.9919e-02, PNorm = 55.0008, GNorm = 0.1470, lr_0 = 1.2360e-04
Loss = 3.3413e-02, PNorm = 55.0138, GNorm = 0.6249, lr_0 = 1.2241e-04
Loss = 2.8972e-02, PNorm = 55.0183, GNorm = 0.4533, lr_0 = 1.2123e-04
Loss = 2.7575e-02, PNorm = 55.0237, GNorm = 0.3675, lr_0 = 1.2006e-04
Loss = 1.7797e-02, PNorm = 55.0310, GNorm = 0.4342, lr_0 = 1.1891e-04
Loss = 4.0064e-02, PNorm = 55.0323, GNorm = 0.4684, lr_0 = 1.1776e-04
Loss = 2.7812e-02, PNorm = 55.0440, GNorm = 0.2716, lr_0 = 1.1663e-04
Loss = 3.9660e-02, PNorm = 55.0487, GNorm = 0.3081, lr_0 = 1.1551e-04
Validation auc = 0.900863
Epoch 28
Loss = 5.6585e-02, PNorm = 55.0519, GNorm = 0.2379, lr_0 = 1.1428e-04
Loss = 3.8049e-02, PNorm = 55.0569, GNorm = 0.3717, lr_0 = 1.1318e-04
Loss = 3.5139e-02, PNorm = 55.0609, GNorm = 0.1612, lr_0 = 1.1209e-04
Loss = 2.3253e-02, PNorm = 55.0740, GNorm = 0.1790, lr_0 = 1.1101e-04
Loss = 1.6240e-02, PNorm = 55.0838, GNorm = 0.0404, lr_0 = 1.0995e-04
Loss = 2.8054e-02, PNorm = 55.0839, GNorm = 0.2473, lr_0 = 1.0889e-04
Loss = 2.4120e-02, PNorm = 55.0923, GNorm = 0.1193, lr_0 = 1.0784e-04
Loss = 3.5687e-02, PNorm = 55.0972, GNorm = 0.1907, lr_0 = 1.0680e-04
Loss = 2.0826e-02, PNorm = 55.1019, GNorm = 0.5219, lr_0 = 1.0577e-04
Validation auc = 0.893219
Epoch 29
Loss = 2.3811e-02, PNorm = 55.1115, GNorm = 0.2562, lr_0 = 1.0475e-04
Loss = 6.2807e-03, PNorm = 55.1210, GNorm = 0.0655, lr_0 = 1.0374e-04
Loss = 2.6005e-02, PNorm = 55.1247, GNorm = 0.4995, lr_0 = 1.0275e-04
Loss = 4.8741e-02, PNorm = 55.1213, GNorm = 0.3366, lr_0 = 1.0176e-04
Loss = 2.8654e-02, PNorm = 55.1300, GNorm = 0.3164, lr_0 = 1.0078e-04
Loss = 2.3911e-02, PNorm = 55.1369, GNorm = 0.2248, lr_0 = 1.0000e-04
Loss = 3.0070e-02, PNorm = 55.1427, GNorm = 0.6826, lr_0 = 1.0000e-04
Loss = 2.2309e-02, PNorm = 55.1463, GNorm = 0.1250, lr_0 = 1.0000e-04
Validation auc = 0.908199
Model 0 best validation auc = 0.922967 on epoch 18
Loading pretrained parameter "encoder.encoder.0.cached_zero_vector".
Loading pretrained parameter "encoder.encoder.0.W_i.weight".
Loading pretrained parameter "encoder.encoder.0.W_h.weight".
Loading pretrained parameter "encoder.encoder.0.W_o.weight".
Loading pretrained parameter "encoder.encoder.0.W_o.bias".
Loading pretrained parameter "ffn.1.weight".
Loading pretrained parameter "ffn.1.bias".
Moving model to cuda
Model 0 test auc = 0.811271
Ensemble test auc = 0.811271
3-fold cross validation
	Seed 0 ==> test auc = 0.707221
	Seed 1 ==> test auc = 0.882176
	Seed 2 ==> test auc = 0.811271
Overall test auc = 0.800222 +/- 0.071851
Elapsed time = 0:17:04
