Command line
python /home/jackievaleri8/.conda/envs/chemprop/bin/chemprop_train --init_lr 0.0001 --dropout 0.25 --hidden_size 300 --ffn_num_layers 2 --depth 4 --save_dir round3finalval08162021_models/100 --data_path round3finalval08162021_TRAIN.csv --dataset_type classification --features_path round3finalval08162021_TRAINFTS.npz --no_features_scaling --num_folds 3 --ensemble_size 1 --split_type scaffold_balanced --split_sizes 0.8 0.1 0.1 --smiles_columns SMILES --ignore_columns Name --gpu 0
Args
{'activation': 'ReLU',
 'aggregation': 'mean',
 'aggregation_norm': 100,
 'atom_descriptor_scaling': True,
 'atom_descriptors': None,
 'atom_descriptors_path': None,
 'atom_descriptors_size': 0,
 'atom_features_size': 0,
 'atom_messages': False,
 'batch_size': 50,
 'bias': False,
 'bond_feature_scaling': True,
 'bond_features_path': None,
 'bond_features_size': 0,
 'cache_cutoff': 10000,
 'checkpoint_dir': None,
 'checkpoint_path': None,
 'checkpoint_paths': None,
 'class_balance': False,
 'config_path': None,
 'crossval_index_dir': None,
 'crossval_index_file': None,
 'crossval_index_sets': None,
 'cuda': True,
 'data_path': 'round3finalval08162021_TRAIN.csv',
 'dataset_type': 'classification',
 'depth': 4,
 'device': device(type='cuda', index=0),
 'dropout': 0.25,
 'empty_cache': False,
 'ensemble_size': 1,
 'epochs': 30,
 'explicit_h': False,
 'extra_metrics': [],
 'features_generator': None,
 'features_only': False,
 'features_path': ['round3finalval08162021_TRAINFTS.npz'],
 'features_scaling': False,
 'features_size': None,
 'ffn_hidden_size': 300,
 'ffn_num_layers': 2,
 'final_lr': 0.0001,
 'folds_file': None,
 'gpu': 0,
 'grad_clip': None,
 'hidden_size': 300,
 'ignore_columns': ['Name'],
 'init_lr': 0.0001,
 'log_frequency': 10,
 'max_data_size': None,
 'max_lr': 0.001,
 'metric': 'auc',
 'metrics': ['auc'],
 'minimize_score': False,
 'mpn_shared': False,
 'multiclass_num_classes': 3,
 'no_atom_descriptor_scaling': False,
 'no_bond_features_scaling': False,
 'no_cache_mol': False,
 'no_cuda': False,
 'no_features_scaling': True,
 'num_folds': 3,
 'num_lrs': 1,
 'num_tasks': 2,
 'num_workers': 8,
 'number_of_molecules': 1,
 'overwrite_default_atom_features': False,
 'overwrite_default_bond_features': False,
 'pytorch_seed': 0,
 'quiet': False,
 'reaction': False,
 'reaction_mode': 'reac_diff',
 'resume_experiment': False,
 'save_dir': 'round3finalval08162021_models/100',
 'save_preds': False,
 'save_smiles_splits': False,
 'seed': 0,
 'separate_test_atom_descriptors_path': None,
 'separate_test_bond_features_path': None,
 'separate_test_features_path': None,
 'separate_test_path': None,
 'separate_val_atom_descriptors_path': None,
 'separate_val_bond_features_path': None,
 'separate_val_features_path': None,
 'separate_val_path': None,
 'show_individual_scores': False,
 'smiles_columns': ['SMILES'],
 'split_sizes': (0.8, 0.1, 0.1),
 'split_type': 'scaffold_balanced',
 'target_columns': None,
 'task_names': ['hit_inh', 'hit_kill'],
 'test': False,
 'test_fold_index': None,
 'train_data_size': None,
 'undirected': False,
 'use_input_features': True,
 'val_fold_index': None,
 'warmup_epochs': 2.0}
Loading data
Warning: 23 SMILES are invalid.
Number of tasks = 2
Fold 0
Splitting data with seed 0
Total scaffolds = 3,467 | train scaffolds = 2,650 | val scaffolds = 433 | test scaffolds = 384
Label averages per scaffold, in decreasing order of scaffold frequency,capped at 10 scaffolds and 20 labels:
Scaffold 0
Task 0: count = 381 | target average = 0.018373
Task 1: count = 381 | target average = 0.013123


Scaffold 1
Task 0: count = 305 | target average = 0.009836
Task 1: count = 305 | target average = 0.016393


Scaffold 2
Task 0: count = 36 | target average = 0.000000
Task 1: count = 36 | target average = 0.000000


Scaffold 3
Task 0: count = 29 | target average = 0.000000
Task 1: count = 29 | target average = 0.000000


Scaffold 4
Task 0: count = 26 | target average = 0.000000
Task 1: count = 26 | target average = 0.000000


Scaffold 5
Task 0: count = 23 | target average = 0.000000
Task 1: count = 23 | target average = 0.000000


Scaffold 6
Task 0: count = 22 | target average = 0.090909
Task 1: count = 22 | target average = 0.090909


Scaffold 7
Task 0: count = 20 | target average = 0.000000
Task 1: count = 20 | target average = 0.000000


Scaffold 8
Task 0: count = 20 | target average = 0.000000
Task 1: count = 20 | target average = 0.000000


Scaffold 9
Task 0: count = 20 | target average = 0.050000
Task 1: count = 20 | target average = 0.000000


Class sizes
hit_inh 0: 97.83%, 1: 2.17%
hit_kill 0: 98.64%, 1: 1.36%
Total size = 5,353 | train size = 4,282 | val size = 535 | test size = 536
Building model 0
MoleculeModel(
  (sigmoid): Sigmoid()
  (encoder): MPN(
    (encoder): ModuleList(
      (0): MPNEncoder(
        (dropout_layer): Dropout(p=0.25, inplace=False)
        (act_func): ReLU()
        (W_i): Linear(in_features=147, out_features=300, bias=False)
        (W_h): Linear(in_features=300, out_features=300, bias=False)
        (W_o): Linear(in_features=433, out_features=300, bias=True)
      )
    )
  )
  (ffn): Sequential(
    (0): Dropout(p=0.25, inplace=False)
    (1): Linear(in_features=500, out_features=300, bias=True)
    (2): ReLU()
    (3): Dropout(p=0.25, inplace=False)
    (4): Linear(in_features=300, out_features=2, bias=True)
  )
)
Number of parameters = 415,202
Moving model to cuda
Epoch 0
Loss = 3.8229e-01, PNorm = 35.1014, GNorm = 0.5920, lr_0 = 1.5824e-04
Loss = 1.1577e-01, PNorm = 35.1119, GNorm = 0.6623, lr_0 = 2.1118e-04
Loss = 1.1243e-01, PNorm = 35.1158, GNorm = 1.3446, lr_0 = 2.6412e-04
Loss = 1.2565e-01, PNorm = 35.1128, GNorm = 0.2714, lr_0 = 3.1706e-04
Loss = 9.4859e-02, PNorm = 35.1145, GNorm = 0.4008, lr_0 = 3.7000e-04
Loss = 6.8089e-02, PNorm = 35.1208, GNorm = 0.2811, lr_0 = 4.2294e-04
Loss = 8.1572e-02, PNorm = 35.1245, GNorm = 0.3949, lr_0 = 4.7588e-04
Loss = 7.0716e-02, PNorm = 35.1280, GNorm = 0.2229, lr_0 = 5.2882e-04
Validation auc = 0.527968
Epoch 1
Loss = 3.5593e-02, PNorm = 35.1434, GNorm = 0.1290, lr_0 = 5.8706e-04
Loss = 1.1147e-01, PNorm = 35.1457, GNorm = 0.2516, lr_0 = 6.4000e-04
Loss = 8.6351e-02, PNorm = 35.1647, GNorm = 0.2169, lr_0 = 6.9294e-04
Loss = 1.0879e-01, PNorm = 35.1767, GNorm = 0.2285, lr_0 = 7.4588e-04
Loss = 8.7664e-02, PNorm = 35.1960, GNorm = 0.1791, lr_0 = 7.9882e-04
Loss = 6.0451e-02, PNorm = 35.2174, GNorm = 0.2285, lr_0 = 8.5176e-04
Loss = 1.0204e-01, PNorm = 35.2284, GNorm = 0.2144, lr_0 = 9.0471e-04
Loss = 1.0175e-01, PNorm = 35.2463, GNorm = 0.2128, lr_0 = 9.5765e-04
Loss = 1.0513e-01, PNorm = 35.2723, GNorm = 0.2453, lr_0 = 9.9807e-04
Validation auc = 0.778750
Epoch 2
Loss = 6.8320e-02, PNorm = 35.3094, GNorm = 0.0742, lr_0 = 9.8846e-04
Loss = 5.7381e-02, PNorm = 35.3261, GNorm = 0.1348, lr_0 = 9.7894e-04
Loss = 7.4041e-02, PNorm = 35.3483, GNorm = 0.1979, lr_0 = 9.6952e-04
Loss = 7.5991e-02, PNorm = 35.3708, GNorm = 0.4808, lr_0 = 9.6018e-04
Loss = 7.0347e-02, PNorm = 35.4018, GNorm = 0.1870, lr_0 = 9.5094e-04
Loss = 8.2559e-02, PNorm = 35.4305, GNorm = 0.1882, lr_0 = 9.4178e-04
Loss = 1.3415e-01, PNorm = 35.4584, GNorm = 0.4092, lr_0 = 9.3271e-04
Loss = 6.1041e-02, PNorm = 35.5005, GNorm = 0.3308, lr_0 = 9.2373e-04
Validation auc = 0.850187
Epoch 3
Loss = 6.6752e-02, PNorm = 35.5263, GNorm = 0.2318, lr_0 = 9.1395e-04
Loss = 9.2994e-02, PNorm = 35.5577, GNorm = 0.1785, lr_0 = 9.0515e-04
Loss = 7.6693e-02, PNorm = 35.6018, GNorm = 0.4863, lr_0 = 8.9644e-04
Loss = 7.7449e-02, PNorm = 35.6299, GNorm = 0.1668, lr_0 = 8.8781e-04
Loss = 7.4556e-02, PNorm = 35.6663, GNorm = 0.2806, lr_0 = 8.7926e-04
Loss = 8.2940e-02, PNorm = 35.6879, GNorm = 0.1520, lr_0 = 8.7080e-04
Loss = 5.6148e-02, PNorm = 35.7301, GNorm = 0.1201, lr_0 = 8.6241e-04
Loss = 6.4126e-02, PNorm = 35.7487, GNorm = 0.1545, lr_0 = 8.5411e-04
Loss = 7.7160e-02, PNorm = 35.7797, GNorm = 0.1145, lr_0 = 8.4588e-04
Validation auc = 0.876335
Epoch 4
Loss = 6.4877e-02, PNorm = 35.8191, GNorm = 0.1193, lr_0 = 8.3774e-04
Loss = 6.1447e-02, PNorm = 35.8486, GNorm = 0.1772, lr_0 = 8.2967e-04
Loss = 7.6911e-02, PNorm = 35.8667, GNorm = 0.1699, lr_0 = 8.2169e-04
Loss = 7.4289e-02, PNorm = 35.9011, GNorm = 0.3830, lr_0 = 8.1377e-04
Loss = 8.9049e-02, PNorm = 35.9260, GNorm = 0.1986, lr_0 = 8.0594e-04
Loss = 5.2869e-02, PNorm = 35.9710, GNorm = 0.1335, lr_0 = 7.9818e-04
Loss = 5.8704e-02, PNorm = 35.9901, GNorm = 0.1414, lr_0 = 7.9050e-04
Loss = 5.5522e-02, PNorm = 36.0138, GNorm = 0.0622, lr_0 = 7.8288e-04
Validation auc = 0.903985
Epoch 5
Loss = 7.4169e-02, PNorm = 36.0340, GNorm = 0.1784, lr_0 = 7.7535e-04
Loss = 4.9705e-02, PNorm = 36.0668, GNorm = 0.1558, lr_0 = 7.6788e-04
Loss = 1.0918e-01, PNorm = 36.0863, GNorm = 0.3181, lr_0 = 7.6049e-04
Loss = 8.7197e-02, PNorm = 36.1319, GNorm = 0.2442, lr_0 = 7.5317e-04
Loss = 4.8186e-02, PNorm = 36.1736, GNorm = 0.1427, lr_0 = 7.4591e-04
Loss = 5.9627e-02, PNorm = 36.2092, GNorm = 0.3452, lr_0 = 7.3873e-04
Loss = 7.5730e-02, PNorm = 36.2204, GNorm = 0.1756, lr_0 = 7.3162e-04
Loss = 3.6243e-02, PNorm = 36.2595, GNorm = 0.0948, lr_0 = 7.2458e-04
Loss = 7.7447e-02, PNorm = 36.2760, GNorm = 0.1537, lr_0 = 7.1760e-04
Validation auc = 0.922693
Epoch 6
Loss = 3.7917e-02, PNorm = 36.3219, GNorm = 0.2027, lr_0 = 7.1000e-04
Loss = 6.7734e-02, PNorm = 36.3350, GNorm = 0.1589, lr_0 = 7.0317e-04
Loss = 4.9451e-02, PNorm = 36.3689, GNorm = 0.0785, lr_0 = 6.9640e-04
Loss = 6.0729e-02, PNorm = 36.3919, GNorm = 0.1409, lr_0 = 6.8969e-04
Loss = 5.8922e-02, PNorm = 36.4089, GNorm = 0.1518, lr_0 = 6.8305e-04
Loss = 7.1033e-02, PNorm = 36.4344, GNorm = 0.1386, lr_0 = 6.7648e-04
Loss = 6.4525e-02, PNorm = 36.4514, GNorm = 0.1810, lr_0 = 6.6996e-04
Loss = 6.9589e-02, PNorm = 36.4730, GNorm = 0.2932, lr_0 = 6.6351e-04
Validation auc = 0.940024
Epoch 7
Loss = 7.0056e-02, PNorm = 36.5128, GNorm = 0.1920, lr_0 = 6.5712e-04
Loss = 7.4825e-02, PNorm = 36.5422, GNorm = 0.1780, lr_0 = 6.5080e-04
Loss = 5.7274e-02, PNorm = 36.5886, GNorm = 0.1184, lr_0 = 6.4453e-04
Loss = 5.2836e-02, PNorm = 36.6239, GNorm = 0.2110, lr_0 = 6.3833e-04
Loss = 4.4043e-02, PNorm = 36.6525, GNorm = 0.2168, lr_0 = 6.3218e-04
Loss = 7.8653e-02, PNorm = 36.6684, GNorm = 0.1544, lr_0 = 6.2609e-04
Loss = 4.0568e-02, PNorm = 36.7087, GNorm = 0.2598, lr_0 = 6.2006e-04
Loss = 4.5376e-02, PNorm = 36.7344, GNorm = 0.2101, lr_0 = 6.1409e-04
Loss = 6.1657e-02, PNorm = 36.7553, GNorm = 0.2138, lr_0 = 6.0818e-04
Validation auc = 0.959615
Epoch 8
Loss = 3.6812e-02, PNorm = 36.7750, GNorm = 0.1264, lr_0 = 6.0233e-04
Loss = 5.6798e-02, PNorm = 36.8089, GNorm = 0.1950, lr_0 = 5.9653e-04
Loss = 5.4704e-02, PNorm = 36.8412, GNorm = 0.1352, lr_0 = 5.9078e-04
Loss = 4.6249e-02, PNorm = 36.8708, GNorm = 0.2263, lr_0 = 5.8510e-04
Loss = 5.8041e-02, PNorm = 36.8928, GNorm = 0.2958, lr_0 = 5.7946e-04
Loss = 5.1473e-02, PNorm = 36.9218, GNorm = 0.0885, lr_0 = 5.7388e-04
Loss = 2.9178e-02, PNorm = 36.9497, GNorm = 0.1090, lr_0 = 5.6836e-04
Loss = 8.7726e-02, PNorm = 36.9626, GNorm = 0.3464, lr_0 = 5.6289e-04
Loss = 6.8636e-02, PNorm = 36.9913, GNorm = 0.2414, lr_0 = 5.5747e-04
Loss = 7.5658e-03, PNorm = 36.9941, GNorm = 0.0816, lr_0 = 5.5693e-04
Validation auc = 0.953466
Epoch 9
Loss = 5.7671e-02, PNorm = 37.0229, GNorm = 0.2061, lr_0 = 5.5156e-04
Loss = 4.4336e-02, PNorm = 37.0638, GNorm = 0.0567, lr_0 = 5.4625e-04
Loss = 3.3433e-02, PNorm = 37.0826, GNorm = 0.0593, lr_0 = 5.4100e-04
Loss = 5.0378e-02, PNorm = 37.0914, GNorm = 0.3348, lr_0 = 5.3579e-04
Loss = 4.1980e-02, PNorm = 37.1161, GNorm = 0.1120, lr_0 = 5.3063e-04
Loss = 6.8637e-02, PNorm = 37.1289, GNorm = 0.2275, lr_0 = 5.2552e-04
Loss = 5.4701e-02, PNorm = 37.1605, GNorm = 0.2118, lr_0 = 5.2046e-04
Loss = 6.4268e-02, PNorm = 37.1866, GNorm = 0.3917, lr_0 = 5.1545e-04
Validation auc = 0.964693
Epoch 10
Loss = 4.3623e-02, PNorm = 37.2118, GNorm = 0.2772, lr_0 = 5.1049e-04
Loss = 5.0395e-02, PNorm = 37.2343, GNorm = 0.2557, lr_0 = 5.0557e-04
Loss = 5.6845e-02, PNorm = 37.2527, GNorm = 0.2184, lr_0 = 5.0070e-04
Loss = 5.5962e-02, PNorm = 37.2786, GNorm = 0.3314, lr_0 = 4.9588e-04
Loss = 4.9305e-02, PNorm = 37.2952, GNorm = 0.1305, lr_0 = 4.9111e-04
Loss = 4.2516e-02, PNorm = 37.3227, GNorm = 0.1769, lr_0 = 4.8638e-04
Loss = 7.0873e-02, PNorm = 37.3411, GNorm = 0.2973, lr_0 = 4.8170e-04
Loss = 3.4142e-02, PNorm = 37.3753, GNorm = 0.1022, lr_0 = 4.7706e-04
Loss = 4.5431e-02, PNorm = 37.3946, GNorm = 0.1763, lr_0 = 4.7247e-04
Validation auc = 0.967736
Epoch 11
Loss = 3.4281e-02, PNorm = 37.4228, GNorm = 0.1925, lr_0 = 4.6792e-04
Loss = 5.7559e-02, PNorm = 37.4339, GNorm = 0.3991, lr_0 = 4.6341e-04
Loss = 4.9600e-02, PNorm = 37.4515, GNorm = 0.3967, lr_0 = 4.5895e-04
Loss = 5.4613e-02, PNorm = 37.4619, GNorm = 0.1083, lr_0 = 4.5453e-04
Loss = 5.0888e-02, PNorm = 37.4823, GNorm = 0.1583, lr_0 = 4.5015e-04
Loss = 5.4995e-02, PNorm = 37.5060, GNorm = 0.2264, lr_0 = 4.4582e-04
Loss = 5.6657e-02, PNorm = 37.5316, GNorm = 0.1339, lr_0 = 4.4153e-04
Loss = 3.4065e-02, PNorm = 37.5565, GNorm = 0.3128, lr_0 = 4.3728e-04
Validation auc = 0.968106
Epoch 12
Loss = 2.9660e-02, PNorm = 37.5745, GNorm = 0.1002, lr_0 = 4.3265e-04
Loss = 4.4589e-02, PNorm = 37.5899, GNorm = 0.6659, lr_0 = 4.2848e-04
Loss = 4.0018e-02, PNorm = 37.6093, GNorm = 0.3034, lr_0 = 4.2436e-04
Loss = 6.1419e-02, PNorm = 37.6281, GNorm = 0.1283, lr_0 = 4.2027e-04
Loss = 2.2462e-02, PNorm = 37.6468, GNorm = 0.1452, lr_0 = 4.1622e-04
Loss = 4.2284e-02, PNorm = 37.6578, GNorm = 0.1009, lr_0 = 4.1222e-04
Loss = 4.0752e-02, PNorm = 37.6751, GNorm = 0.0977, lr_0 = 4.0825e-04
Loss = 6.6435e-02, PNorm = 37.6894, GNorm = 0.1327, lr_0 = 4.0432e-04
Loss = 5.0913e-02, PNorm = 37.6976, GNorm = 0.2036, lr_0 = 4.0042e-04
Validation auc = 0.974060
Epoch 13
Loss = 3.6980e-02, PNorm = 37.7132, GNorm = 0.1160, lr_0 = 3.9657e-04
Loss = 5.2312e-02, PNorm = 37.7294, GNorm = 0.1085, lr_0 = 3.9275e-04
Loss = 4.9921e-02, PNorm = 37.7480, GNorm = 0.1606, lr_0 = 3.8897e-04
Loss = 2.0236e-02, PNorm = 37.7770, GNorm = 0.0687, lr_0 = 3.8522e-04
Loss = 6.6501e-02, PNorm = 37.7803, GNorm = 0.3142, lr_0 = 3.8152e-04
Loss = 3.4609e-02, PNorm = 37.8011, GNorm = 0.2773, lr_0 = 3.7784e-04
Loss = 5.1466e-02, PNorm = 37.8108, GNorm = 0.3726, lr_0 = 3.7420e-04
Loss = 4.7306e-02, PNorm = 37.8243, GNorm = 0.1658, lr_0 = 3.7060e-04
Validation auc = 0.967194
Epoch 14
Loss = 3.8995e-02, PNorm = 37.8439, GNorm = 0.2923, lr_0 = 3.6668e-04
Loss = 4.4044e-02, PNorm = 37.8507, GNorm = 0.2307, lr_0 = 3.6315e-04
Loss = 4.6227e-02, PNorm = 37.8703, GNorm = 0.4216, lr_0 = 3.5965e-04
Loss = 3.8996e-02, PNorm = 37.8886, GNorm = 0.3330, lr_0 = 3.5619e-04
Loss = 2.0979e-02, PNorm = 37.9025, GNorm = 0.1440, lr_0 = 3.5276e-04
Loss = 4.1569e-02, PNorm = 37.9150, GNorm = 0.1985, lr_0 = 3.4936e-04
Loss = 6.2529e-02, PNorm = 37.9167, GNorm = 0.4483, lr_0 = 3.4600e-04
Loss = 3.9611e-02, PNorm = 37.9352, GNorm = 0.2099, lr_0 = 3.4267e-04
Loss = 4.9132e-02, PNorm = 37.9479, GNorm = 0.1940, lr_0 = 3.3937e-04
Validation auc = 0.976114
Epoch 15
Loss = 4.6610e-02, PNorm = 37.9635, GNorm = 0.3347, lr_0 = 3.3610e-04
Loss = 3.1303e-02, PNorm = 37.9837, GNorm = 0.2627, lr_0 = 3.3287e-04
Loss = 3.6207e-02, PNorm = 37.9881, GNorm = 0.1695, lr_0 = 3.2966e-04
Loss = 4.6515e-02, PNorm = 37.9957, GNorm = 0.3685, lr_0 = 3.2649e-04
Loss = 5.3013e-02, PNorm = 38.0157, GNorm = 0.2248, lr_0 = 3.2334e-04
Loss = 3.1594e-02, PNorm = 38.0301, GNorm = 0.1714, lr_0 = 3.2023e-04
Loss = 4.2721e-02, PNorm = 38.0388, GNorm = 0.1631, lr_0 = 3.1715e-04
Loss = 4.8021e-02, PNorm = 38.0526, GNorm = 0.1617, lr_0 = 3.1409e-04
Loss = 5.0238e-02, PNorm = 38.0682, GNorm = 0.2183, lr_0 = 3.1107e-04
Validation auc = 0.962947
Epoch 16
Loss = 3.7738e-02, PNorm = 38.0826, GNorm = 0.3962, lr_0 = 3.0807e-04
Loss = 5.1171e-02, PNorm = 38.0873, GNorm = 0.2484, lr_0 = 3.0511e-04
Loss = 2.0789e-02, PNorm = 38.1045, GNorm = 0.1270, lr_0 = 3.0217e-04
Loss = 5.0898e-02, PNorm = 38.1069, GNorm = 0.3516, lr_0 = 2.9926e-04
Loss = 4.2246e-02, PNorm = 38.1115, GNorm = 0.1140, lr_0 = 2.9638e-04
Loss = 4.9356e-02, PNorm = 38.1295, GNorm = 0.2664, lr_0 = 2.9353e-04
Loss = 4.2527e-02, PNorm = 38.1392, GNorm = 0.1079, lr_0 = 2.9070e-04
Loss = 2.9401e-02, PNorm = 38.1485, GNorm = 0.1299, lr_0 = 2.8790e-04
Validation auc = 0.964037
Epoch 17
Loss = 1.9524e-02, PNorm = 38.1590, GNorm = 0.1302, lr_0 = 2.8485e-04
Loss = 4.2590e-02, PNorm = 38.1705, GNorm = 0.3466, lr_0 = 2.8211e-04
Loss = 3.1261e-02, PNorm = 38.1770, GNorm = 0.1816, lr_0 = 2.7939e-04
Loss = 4.5514e-02, PNorm = 38.1918, GNorm = 0.1344, lr_0 = 2.7670e-04
Loss = 2.6861e-02, PNorm = 38.2042, GNorm = 0.1119, lr_0 = 2.7404e-04
Loss = 4.9935e-02, PNorm = 38.2074, GNorm = 0.1984, lr_0 = 2.7140e-04
Loss = 6.1607e-02, PNorm = 38.2222, GNorm = 0.3039, lr_0 = 2.6879e-04
Loss = 2.7898e-02, PNorm = 38.2408, GNorm = 0.1805, lr_0 = 2.6620e-04
Loss = 2.2015e-02, PNorm = 38.2469, GNorm = 0.1384, lr_0 = 2.6364e-04
Validation auc = 0.962576
Epoch 18
Loss = 4.9941e-02, PNorm = 38.2493, GNorm = 0.2586, lr_0 = 2.6110e-04
Loss = 4.2639e-02, PNorm = 38.2602, GNorm = 0.3421, lr_0 = 2.5859e-04
Loss = 2.8622e-02, PNorm = 38.2705, GNorm = 0.2746, lr_0 = 2.5610e-04
Loss = 1.9649e-02, PNorm = 38.2839, GNorm = 0.0591, lr_0 = 2.5363e-04
Loss = 3.4290e-02, PNorm = 38.2957, GNorm = 0.7519, lr_0 = 2.5119e-04
Loss = 4.6330e-02, PNorm = 38.2991, GNorm = 0.1404, lr_0 = 2.4877e-04
Loss = 3.3863e-02, PNorm = 38.3107, GNorm = 0.1842, lr_0 = 2.4638e-04
Loss = 5.3053e-02, PNorm = 38.3154, GNorm = 0.1449, lr_0 = 2.4400e-04
Validation auc = 0.964807
Epoch 19
Loss = 2.9438e-02, PNorm = 38.3252, GNorm = 0.2047, lr_0 = 2.4165e-04
Loss = 4.3999e-02, PNorm = 38.3325, GNorm = 0.0801, lr_0 = 2.3933e-04
Loss = 2.3054e-02, PNorm = 38.3424, GNorm = 0.1096, lr_0 = 2.3702e-04
Loss = 4.6121e-02, PNorm = 38.3494, GNorm = 0.4102, lr_0 = 2.3474e-04
Loss = 3.3683e-02, PNorm = 38.3563, GNorm = 0.1714, lr_0 = 2.3248e-04
Loss = 3.6219e-02, PNorm = 38.3702, GNorm = 0.2407, lr_0 = 2.3024e-04
Loss = 4.7042e-02, PNorm = 38.3755, GNorm = 0.4665, lr_0 = 2.2803e-04
Loss = 3.3737e-02, PNorm = 38.3846, GNorm = 0.3014, lr_0 = 2.2583e-04
Loss = 3.4638e-02, PNorm = 38.3984, GNorm = 0.2930, lr_0 = 2.2366e-04
Validation auc = 0.965071
Epoch 20
Loss = 3.4175e-02, PNorm = 38.4048, GNorm = 0.2736, lr_0 = 2.2129e-04
Loss = 3.8194e-02, PNorm = 38.4095, GNorm = 0.1398, lr_0 = 2.1916e-04
Loss = 2.7744e-02, PNorm = 38.4200, GNorm = 0.4635, lr_0 = 2.1705e-04
Loss = 3.4203e-02, PNorm = 38.4297, GNorm = 0.1820, lr_0 = 2.1496e-04
Loss = 1.9544e-02, PNorm = 38.4303, GNorm = 0.0743, lr_0 = 2.1289e-04
Loss = 3.0234e-02, PNorm = 38.4334, GNorm = 0.1349, lr_0 = 2.1084e-04
Loss = 4.8330e-02, PNorm = 38.4416, GNorm = 0.2289, lr_0 = 2.0881e-04
Loss = 4.9917e-02, PNorm = 38.4464, GNorm = 0.3259, lr_0 = 2.0680e-04
Validation auc = 0.952393
Epoch 21
Loss = 3.6740e-02, PNorm = 38.4579, GNorm = 0.1751, lr_0 = 2.0481e-04
Loss = 3.1349e-02, PNorm = 38.4635, GNorm = 0.0991, lr_0 = 2.0283e-04
Loss = 3.6440e-02, PNorm = 38.4658, GNorm = 0.1520, lr_0 = 2.0088e-04
Loss = 2.5913e-02, PNorm = 38.4744, GNorm = 0.1343, lr_0 = 1.9895e-04
Loss = 3.9883e-02, PNorm = 38.4788, GNorm = 0.2813, lr_0 = 1.9703e-04
Loss = 3.4304e-02, PNorm = 38.4858, GNorm = 0.1354, lr_0 = 1.9514e-04
Loss = 4.5421e-02, PNorm = 38.4963, GNorm = 0.5328, lr_0 = 1.9326e-04
Loss = 3.2473e-02, PNorm = 38.4998, GNorm = 0.2346, lr_0 = 1.9140e-04
Loss = 2.8814e-02, PNorm = 38.5118, GNorm = 0.2648, lr_0 = 1.8955e-04
Validation auc = 0.964616
Epoch 22
Loss = 2.9949e-02, PNorm = 38.5149, GNorm = 0.1000, lr_0 = 1.8773e-04
Loss = 2.5017e-02, PNorm = 38.5188, GNorm = 0.2184, lr_0 = 1.8592e-04
Loss = 3.5937e-02, PNorm = 38.5260, GNorm = 0.0877, lr_0 = 1.8413e-04
Loss = 3.4731e-02, PNorm = 38.5314, GNorm = 0.1333, lr_0 = 1.8236e-04
Loss = 3.8271e-02, PNorm = 38.5352, GNorm = 0.3468, lr_0 = 1.8060e-04
Loss = 4.3069e-02, PNorm = 38.5445, GNorm = 0.1487, lr_0 = 1.7886e-04
Loss = 2.5304e-02, PNorm = 38.5534, GNorm = 0.0681, lr_0 = 1.7714e-04
Loss = 2.5841e-02, PNorm = 38.5578, GNorm = 0.0809, lr_0 = 1.7544e-04
Validation auc = 0.963671
Epoch 23
Loss = 6.8103e-02, PNorm = 38.5586, GNorm = 0.2446, lr_0 = 1.7358e-04
Loss = 4.1517e-02, PNorm = 38.5697, GNorm = 0.1111, lr_0 = 1.7191e-04
Loss = 3.5208e-02, PNorm = 38.5755, GNorm = 0.0737, lr_0 = 1.7025e-04
Loss = 2.3912e-02, PNorm = 38.5776, GNorm = 0.2344, lr_0 = 1.6861e-04
Loss = 4.5419e-02, PNorm = 38.5841, GNorm = 0.3758, lr_0 = 1.6699e-04
Loss = 3.3753e-02, PNorm = 38.5879, GNorm = 0.1712, lr_0 = 1.6538e-04
Loss = 3.2234e-02, PNorm = 38.5980, GNorm = 0.1347, lr_0 = 1.6379e-04
Loss = 3.4807e-02, PNorm = 38.6028, GNorm = 0.2228, lr_0 = 1.6221e-04
Loss = 2.8904e-02, PNorm = 38.6068, GNorm = 0.2202, lr_0 = 1.6065e-04
Validation auc = 0.960611
Epoch 24
Loss = 3.0431e-02, PNorm = 38.6147, GNorm = 0.3260, lr_0 = 1.5910e-04
Loss = 3.0724e-02, PNorm = 38.6213, GNorm = 0.0634, lr_0 = 1.5757e-04
Loss = 2.4426e-02, PNorm = 38.6274, GNorm = 0.2489, lr_0 = 1.5605e-04
Loss = 2.2267e-02, PNorm = 38.6312, GNorm = 0.1563, lr_0 = 1.5455e-04
Loss = 4.2648e-02, PNorm = 38.6316, GNorm = 0.1509, lr_0 = 1.5306e-04
Loss = 3.2787e-02, PNorm = 38.6297, GNorm = 0.4278, lr_0 = 1.5159e-04
Loss = 4.3687e-02, PNorm = 38.6405, GNorm = 0.2147, lr_0 = 1.5013e-04
Loss = 3.2675e-02, PNorm = 38.6518, GNorm = 0.0397, lr_0 = 1.4869e-04
Loss = 2.4993e-02, PNorm = 38.6540, GNorm = 0.0391, lr_0 = 1.4725e-04
Validation auc = 0.963920
Epoch 25
Loss = 2.6606e-02, PNorm = 38.6562, GNorm = 0.2207, lr_0 = 1.4584e-04
Loss = 3.4634e-02, PNorm = 38.6596, GNorm = 0.2319, lr_0 = 1.4443e-04
Loss = 1.8892e-02, PNorm = 38.6700, GNorm = 0.1348, lr_0 = 1.4304e-04
Loss = 3.2914e-02, PNorm = 38.6774, GNorm = 0.2299, lr_0 = 1.4166e-04
Loss = 2.2233e-02, PNorm = 38.6809, GNorm = 0.6109, lr_0 = 1.4030e-04
Loss = 2.0194e-02, PNorm = 38.6843, GNorm = 0.1541, lr_0 = 1.3895e-04
Loss = 3.2980e-02, PNorm = 38.6883, GNorm = 0.2818, lr_0 = 1.3761e-04
Loss = 3.8909e-02, PNorm = 38.6909, GNorm = 0.3174, lr_0 = 1.3629e-04
Validation auc = 0.957280
Epoch 26
Loss = 4.4308e-02, PNorm = 38.6944, GNorm = 0.1944, lr_0 = 1.3484e-04
Loss = 1.8663e-02, PNorm = 38.7002, GNorm = 0.3202, lr_0 = 1.3355e-04
Loss = 2.6951e-02, PNorm = 38.7043, GNorm = 0.1649, lr_0 = 1.3226e-04
Loss = 3.1218e-02, PNorm = 38.7111, GNorm = 0.1032, lr_0 = 1.3099e-04
Loss = 3.8584e-02, PNorm = 38.7140, GNorm = 0.1006, lr_0 = 1.2973e-04
Loss = 3.3409e-02, PNorm = 38.7159, GNorm = 0.7348, lr_0 = 1.2848e-04
Loss = 3.1564e-02, PNorm = 38.7232, GNorm = 0.2428, lr_0 = 1.2724e-04
Loss = 3.2307e-02, PNorm = 38.7296, GNorm = 0.3630, lr_0 = 1.2601e-04
Loss = 1.9505e-02, PNorm = 38.7333, GNorm = 0.2034, lr_0 = 1.2480e-04
Validation auc = 0.960386
Epoch 27
Loss = 1.2695e-02, PNorm = 38.7354, GNorm = 0.0420, lr_0 = 1.2360e-04
Loss = 3.0549e-02, PNorm = 38.7393, GNorm = 0.4512, lr_0 = 1.2241e-04
Loss = 3.4314e-02, PNorm = 38.7449, GNorm = 0.3209, lr_0 = 1.2123e-04
Loss = 2.6517e-02, PNorm = 38.7514, GNorm = 0.4264, lr_0 = 1.2006e-04
Loss = 4.4662e-02, PNorm = 38.7524, GNorm = 0.6335, lr_0 = 1.1891e-04
Loss = 2.2611e-02, PNorm = 38.7553, GNorm = 0.1508, lr_0 = 1.1776e-04
Loss = 2.0990e-02, PNorm = 38.7618, GNorm = 0.1393, lr_0 = 1.1663e-04
Loss = 3.3817e-02, PNorm = 38.7631, GNorm = 0.9176, lr_0 = 1.1551e-04
Validation auc = 0.963377
Epoch 28
Loss = 4.1598e-02, PNorm = 38.7613, GNorm = 0.3332, lr_0 = 1.1428e-04
Loss = 2.9651e-02, PNorm = 38.7675, GNorm = 0.3709, lr_0 = 1.1318e-04
Loss = 2.3861e-02, PNorm = 38.7723, GNorm = 0.1357, lr_0 = 1.1209e-04
Loss = 3.7918e-02, PNorm = 38.7746, GNorm = 0.1866, lr_0 = 1.1101e-04
Loss = 1.6407e-02, PNorm = 38.7802, GNorm = 0.0939, lr_0 = 1.0995e-04
Loss = 2.8569e-02, PNorm = 38.7826, GNorm = 0.0116, lr_0 = 1.0889e-04
Loss = 2.7582e-02, PNorm = 38.7813, GNorm = 0.0940, lr_0 = 1.0784e-04
Loss = 2.0479e-02, PNorm = 38.7867, GNorm = 0.2246, lr_0 = 1.0680e-04
Loss = 4.2982e-02, PNorm = 38.7873, GNorm = 0.1568, lr_0 = 1.0577e-04
Validation auc = 0.964706
Epoch 29
Loss = 3.1945e-02, PNorm = 38.7888, GNorm = 0.2405, lr_0 = 1.0475e-04
Loss = 1.8545e-02, PNorm = 38.7960, GNorm = 0.0871, lr_0 = 1.0374e-04
Loss = 2.2700e-02, PNorm = 38.8011, GNorm = 0.0549, lr_0 = 1.0275e-04
Loss = 2.7251e-02, PNorm = 38.8018, GNorm = 0.3222, lr_0 = 1.0176e-04
Loss = 3.1381e-02, PNorm = 38.8055, GNorm = 0.4957, lr_0 = 1.0078e-04
Loss = 2.8588e-02, PNorm = 38.8073, GNorm = 0.2542, lr_0 = 1.0000e-04
Loss = 2.2818e-02, PNorm = 38.8095, GNorm = 0.0659, lr_0 = 1.0000e-04
Loss = 4.0295e-02, PNorm = 38.8113, GNorm = 0.4522, lr_0 = 1.0000e-04
Validation auc = 0.968319
Model 0 best validation auc = 0.976114 on epoch 14
Loading pretrained parameter "encoder.encoder.0.cached_zero_vector".
Loading pretrained parameter "encoder.encoder.0.W_i.weight".
Loading pretrained parameter "encoder.encoder.0.W_h.weight".
Loading pretrained parameter "encoder.encoder.0.W_o.weight".
Loading pretrained parameter "encoder.encoder.0.W_o.bias".
Loading pretrained parameter "ffn.1.weight".
Loading pretrained parameter "ffn.1.bias".
Loading pretrained parameter "ffn.4.weight".
Loading pretrained parameter "ffn.4.bias".
Moving model to cuda
Model 0 test auc = 0.786299
Ensemble test auc = 0.786299
Fold 1
Splitting data with seed 1
Total scaffolds = 3,467 | train scaffolds = 2,658 | val scaffolds = 399 | test scaffolds = 410
Label averages per scaffold, in decreasing order of scaffold frequency,capped at 10 scaffolds and 20 labels:
Scaffold 0
Task 0: count = 381 | target average = 0.018373
Task 1: count = 381 | target average = 0.013123


Scaffold 1
Task 0: count = 305 | target average = 0.009836
Task 1: count = 305 | target average = 0.016393


Scaffold 2
Task 0: count = 36 | target average = 0.000000
Task 1: count = 36 | target average = 0.000000


Scaffold 3
Task 0: count = 29 | target average = 0.000000
Task 1: count = 29 | target average = 0.000000


Scaffold 4
Task 0: count = 26 | target average = 0.000000
Task 1: count = 26 | target average = 0.000000


Scaffold 5
Task 0: count = 23 | target average = 0.000000
Task 1: count = 23 | target average = 0.000000


Scaffold 6
Task 0: count = 22 | target average = 0.090909
Task 1: count = 22 | target average = 0.090909


Scaffold 7
Task 0: count = 20 | target average = 0.050000
Task 1: count = 20 | target average = 0.000000


Scaffold 8
Task 0: count = 20 | target average = 0.000000
Task 1: count = 20 | target average = 0.000000


Scaffold 9
Task 0: count = 20 | target average = 0.000000
Task 1: count = 20 | target average = 0.000000


Class sizes
hit_inh 0: 97.83%, 1: 2.17%
hit_kill 0: 98.64%, 1: 1.36%
Total size = 5,353 | train size = 4,282 | val size = 535 | test size = 536
Building model 0
MoleculeModel(
  (sigmoid): Sigmoid()
  (encoder): MPN(
    (encoder): ModuleList(
      (0): MPNEncoder(
        (dropout_layer): Dropout(p=0.25, inplace=False)
        (act_func): ReLU()
        (W_i): Linear(in_features=147, out_features=300, bias=False)
        (W_h): Linear(in_features=300, out_features=300, bias=False)
        (W_o): Linear(in_features=433, out_features=300, bias=True)
      )
    )
  )
  (ffn): Sequential(
    (0): Dropout(p=0.25, inplace=False)
    (1): Linear(in_features=500, out_features=300, bias=True)
    (2): ReLU()
    (3): Dropout(p=0.25, inplace=False)
    (4): Linear(in_features=300, out_features=2, bias=True)
  )
)
Number of parameters = 415,202
Moving model to cuda
Epoch 0
Loss = 3.4827e-01, PNorm = 35.1019, GNorm = 1.0180, lr_0 = 1.5824e-04
Loss = 1.0134e-01, PNorm = 35.1131, GNorm = 0.5598, lr_0 = 2.1118e-04
Loss = 9.5134e-02, PNorm = 35.1176, GNorm = 1.0972, lr_0 = 2.6412e-04
Loss = 8.3413e-02, PNorm = 35.1167, GNorm = 0.2161, lr_0 = 3.1706e-04
Loss = 9.3151e-02, PNorm = 35.1178, GNorm = 0.2090, lr_0 = 3.7000e-04
Loss = 1.2083e-01, PNorm = 35.1188, GNorm = 0.2185, lr_0 = 4.2294e-04
Loss = 1.1513e-01, PNorm = 35.1261, GNorm = 0.2175, lr_0 = 4.7588e-04
Loss = 1.0561e-01, PNorm = 35.1350, GNorm = 0.2378, lr_0 = 5.2882e-04
Validation auc = 0.615034
Epoch 1
Loss = 5.1148e-02, PNorm = 35.1464, GNorm = 0.2487, lr_0 = 5.8706e-04
Loss = 1.0103e-01, PNorm = 35.1545, GNorm = 0.2371, lr_0 = 6.4000e-04
Loss = 9.7156e-02, PNorm = 35.1690, GNorm = 0.2250, lr_0 = 6.9294e-04
Loss = 8.1781e-02, PNorm = 35.1844, GNorm = 0.1706, lr_0 = 7.4588e-04
Loss = 7.1740e-02, PNorm = 35.2005, GNorm = 0.3420, lr_0 = 7.9882e-04
Loss = 6.9749e-02, PNorm = 35.2127, GNorm = 0.1682, lr_0 = 8.5176e-04
Loss = 8.1222e-02, PNorm = 35.2313, GNorm = 0.1908, lr_0 = 9.0471e-04
Loss = 8.6456e-02, PNorm = 35.2584, GNorm = 0.1730, lr_0 = 9.5765e-04
Loss = 1.1665e-01, PNorm = 35.2893, GNorm = 0.3562, lr_0 = 9.9807e-04
Validation auc = 0.865626
Epoch 2
Loss = 7.9230e-02, PNorm = 35.3393, GNorm = 0.0978, lr_0 = 9.8846e-04
Loss = 9.6507e-02, PNorm = 35.3700, GNorm = 0.2926, lr_0 = 9.7894e-04
Loss = 8.2500e-02, PNorm = 35.4156, GNorm = 0.1249, lr_0 = 9.6952e-04
Loss = 8.0603e-02, PNorm = 35.4456, GNorm = 0.2153, lr_0 = 9.6018e-04
Loss = 4.9642e-02, PNorm = 35.4824, GNorm = 0.1423, lr_0 = 9.5094e-04
Loss = 6.6706e-02, PNorm = 35.5054, GNorm = 0.1684, lr_0 = 9.4178e-04
Loss = 8.6537e-02, PNorm = 35.5222, GNorm = 0.1857, lr_0 = 9.3271e-04
Loss = 8.2785e-02, PNorm = 35.5556, GNorm = 0.3432, lr_0 = 9.2373e-04
Validation auc = 0.847368
Epoch 3
Loss = 1.1909e-01, PNorm = 35.5889, GNorm = 0.3021, lr_0 = 9.1395e-04
Loss = 9.3762e-02, PNorm = 35.6201, GNorm = 0.2819, lr_0 = 9.0515e-04
Loss = 5.0552e-02, PNorm = 35.6450, GNorm = 0.1988, lr_0 = 8.9644e-04
Loss = 7.0923e-02, PNorm = 35.6704, GNorm = 0.3185, lr_0 = 8.8781e-04
Loss = 6.8878e-02, PNorm = 35.6943, GNorm = 0.1340, lr_0 = 8.7926e-04
Loss = 6.9673e-02, PNorm = 35.7223, GNorm = 0.1771, lr_0 = 8.7080e-04
Loss = 6.5559e-02, PNorm = 35.7538, GNorm = 0.1307, lr_0 = 8.6241e-04
Loss = 1.0295e-01, PNorm = 35.7758, GNorm = 0.1815, lr_0 = 8.5411e-04
Loss = 6.3740e-02, PNorm = 35.8094, GNorm = 0.1875, lr_0 = 8.4588e-04
Validation auc = 0.822550
Epoch 4
Loss = 3.9959e-02, PNorm = 35.8307, GNorm = 0.0768, lr_0 = 8.3774e-04
Loss = 7.0159e-02, PNorm = 35.8506, GNorm = 0.3675, lr_0 = 8.2967e-04
Loss = 8.9994e-02, PNorm = 35.8712, GNorm = 0.2592, lr_0 = 8.2169e-04
Loss = 6.2585e-02, PNorm = 35.9189, GNorm = 0.3640, lr_0 = 8.1377e-04
Loss = 8.2000e-02, PNorm = 35.9339, GNorm = 0.2056, lr_0 = 8.0594e-04
Loss = 5.7207e-02, PNorm = 35.9791, GNorm = 0.3492, lr_0 = 7.9818e-04
Loss = 8.6331e-02, PNorm = 35.9902, GNorm = 0.1567, lr_0 = 7.9050e-04
Loss = 8.5207e-02, PNorm = 36.0197, GNorm = 0.1867, lr_0 = 7.8288e-04
Validation auc = 0.844382
Epoch 5
Loss = 4.8768e-02, PNorm = 36.0663, GNorm = 0.2044, lr_0 = 7.7535e-04
Loss = 6.4332e-02, PNorm = 36.0824, GNorm = 0.1599, lr_0 = 7.6788e-04
Loss = 5.2670e-02, PNorm = 36.1129, GNorm = 0.1917, lr_0 = 7.6049e-04
Loss = 4.7152e-02, PNorm = 36.1481, GNorm = 0.2639, lr_0 = 7.5317e-04
Loss = 8.1460e-02, PNorm = 36.1502, GNorm = 0.1545, lr_0 = 7.4591e-04
Loss = 7.6677e-02, PNorm = 36.1841, GNorm = 0.3741, lr_0 = 7.3873e-04
Loss = 7.9277e-02, PNorm = 36.2169, GNorm = 0.3202, lr_0 = 7.3162e-04
Loss = 7.1832e-02, PNorm = 36.2487, GNorm = 0.1532, lr_0 = 7.2458e-04
Loss = 7.2994e-02, PNorm = 36.2695, GNorm = 0.1455, lr_0 = 7.1760e-04
Validation auc = 0.847415
Epoch 6
Loss = 6.8837e-02, PNorm = 36.3092, GNorm = 0.2173, lr_0 = 7.1000e-04
Loss = 7.9707e-02, PNorm = 36.3387, GNorm = 0.2017, lr_0 = 7.0317e-04
Loss = 4.8336e-02, PNorm = 36.3774, GNorm = 0.1895, lr_0 = 6.9640e-04
Loss = 4.5516e-02, PNorm = 36.4087, GNorm = 0.2129, lr_0 = 6.8969e-04
Loss = 5.4037e-02, PNorm = 36.4305, GNorm = 0.0757, lr_0 = 6.8305e-04
Loss = 5.3426e-02, PNorm = 36.4567, GNorm = 0.1473, lr_0 = 6.7648e-04
Loss = 5.7029e-02, PNorm = 36.4819, GNorm = 0.4176, lr_0 = 6.6996e-04
Loss = 8.5686e-02, PNorm = 36.5076, GNorm = 0.1845, lr_0 = 6.6351e-04
Validation auc = 0.872051
Epoch 7
Loss = 2.5571e-02, PNorm = 36.5518, GNorm = 0.1360, lr_0 = 6.5712e-04
Loss = 4.7413e-02, PNorm = 36.5977, GNorm = 0.0926, lr_0 = 6.5080e-04
Loss = 8.3740e-02, PNorm = 36.6209, GNorm = 0.3628, lr_0 = 6.4453e-04
Loss = 8.2231e-02, PNorm = 36.6528, GNorm = 0.2221, lr_0 = 6.3833e-04
Loss = 6.5703e-02, PNorm = 36.6921, GNorm = 0.1660, lr_0 = 6.3218e-04
Loss = 5.4314e-02, PNorm = 36.7368, GNorm = 0.2514, lr_0 = 6.2609e-04
Loss = 5.7452e-02, PNorm = 36.7640, GNorm = 0.1806, lr_0 = 6.2006e-04
Loss = 5.4200e-02, PNorm = 36.8049, GNorm = 0.3629, lr_0 = 6.1409e-04
Loss = 6.7474e-02, PNorm = 36.8190, GNorm = 0.2046, lr_0 = 6.0818e-04
Validation auc = 0.869987
Epoch 8
Loss = 3.3059e-02, PNorm = 36.8502, GNorm = 0.0928, lr_0 = 6.0233e-04
Loss = 4.9915e-02, PNorm = 36.8733, GNorm = 0.1486, lr_0 = 5.9653e-04
Loss = 5.0647e-02, PNorm = 36.8995, GNorm = 0.1085, lr_0 = 5.9078e-04
Loss = 5.4352e-02, PNorm = 36.9218, GNorm = 0.1012, lr_0 = 5.8510e-04
Loss = 3.9446e-02, PNorm = 36.9514, GNorm = 0.1175, lr_0 = 5.7946e-04
Loss = 6.0468e-02, PNorm = 36.9739, GNorm = 0.1683, lr_0 = 5.7388e-04
Loss = 5.3267e-02, PNorm = 37.0070, GNorm = 0.1208, lr_0 = 5.6836e-04
Loss = 6.4023e-02, PNorm = 37.0486, GNorm = 0.1391, lr_0 = 5.6289e-04
Loss = 7.0608e-02, PNorm = 37.0719, GNorm = 0.2189, lr_0 = 5.5747e-04
Loss = 1.5144e-02, PNorm = 37.0755, GNorm = 0.1412, lr_0 = 5.5693e-04
Validation auc = 0.864737
Epoch 9
Loss = 3.5100e-02, PNorm = 37.1120, GNorm = 0.1079, lr_0 = 5.5156e-04
Loss = 5.8567e-02, PNorm = 37.1389, GNorm = 0.1728, lr_0 = 5.4625e-04
Loss = 6.6040e-02, PNorm = 37.1688, GNorm = 0.1942, lr_0 = 5.4100e-04
Loss = 6.1533e-02, PNorm = 37.2013, GNorm = 0.4437, lr_0 = 5.3579e-04
Loss = 6.8346e-02, PNorm = 37.2201, GNorm = 0.2411, lr_0 = 5.3063e-04
Loss = 3.8624e-02, PNorm = 37.2633, GNorm = 0.1061, lr_0 = 5.2552e-04
Loss = 4.1399e-02, PNorm = 37.2886, GNorm = 0.1802, lr_0 = 5.2046e-04
Loss = 6.3786e-02, PNorm = 37.3131, GNorm = 0.1852, lr_0 = 5.1545e-04
Validation auc = 0.877469
Epoch 10
Loss = 3.3142e-02, PNorm = 37.3443, GNorm = 0.1574, lr_0 = 5.1049e-04
Loss = 3.5217e-02, PNorm = 37.3829, GNorm = 0.1681, lr_0 = 5.0557e-04
Loss = 3.7458e-02, PNorm = 37.4075, GNorm = 0.1892, lr_0 = 5.0070e-04
Loss = 6.1729e-02, PNorm = 37.4265, GNorm = 0.1751, lr_0 = 4.9588e-04
Loss = 6.3737e-02, PNorm = 37.4390, GNorm = 0.4524, lr_0 = 4.9111e-04
Loss = 7.4212e-02, PNorm = 37.4638, GNorm = 0.3293, lr_0 = 4.8638e-04
Loss = 5.6721e-02, PNorm = 37.4862, GNorm = 0.1972, lr_0 = 4.8170e-04
Loss = 4.6367e-02, PNorm = 37.5037, GNorm = 0.1229, lr_0 = 4.7706e-04
Loss = 4.7504e-02, PNorm = 37.5252, GNorm = 0.1095, lr_0 = 4.7247e-04
Validation auc = 0.854469
Epoch 11
Loss = 3.5501e-02, PNorm = 37.5469, GNorm = 0.0607, lr_0 = 4.6792e-04
Loss = 2.6344e-02, PNorm = 37.5698, GNorm = 0.2543, lr_0 = 4.6341e-04
Loss = 5.2060e-02, PNorm = 37.5838, GNorm = 0.1447, lr_0 = 4.5895e-04
Loss = 6.0409e-02, PNorm = 37.6007, GNorm = 0.2387, lr_0 = 4.5453e-04
Loss = 5.3798e-02, PNorm = 37.6259, GNorm = 0.0779, lr_0 = 4.5015e-04
Loss = 3.3383e-02, PNorm = 37.6478, GNorm = 0.1308, lr_0 = 4.4582e-04
Loss = 7.2202e-02, PNorm = 37.6631, GNorm = 0.3922, lr_0 = 4.4153e-04
Loss = 3.5921e-02, PNorm = 37.6983, GNorm = 0.1697, lr_0 = 4.3728e-04
Validation auc = 0.880545
Epoch 12
Loss = 3.7900e-02, PNorm = 37.7154, GNorm = 0.2437, lr_0 = 4.3265e-04
Loss = 3.3786e-02, PNorm = 37.7594, GNorm = 0.2005, lr_0 = 4.2848e-04
Loss = 4.3770e-02, PNorm = 37.7815, GNorm = 0.4585, lr_0 = 4.2436e-04
Loss = 2.3013e-02, PNorm = 37.7940, GNorm = 0.1971, lr_0 = 4.2027e-04
Loss = 5.3895e-02, PNorm = 37.8074, GNorm = 0.4358, lr_0 = 4.1622e-04
Loss = 4.4285e-02, PNorm = 37.8229, GNorm = 0.2090, lr_0 = 4.1222e-04
Loss = 7.9600e-02, PNorm = 37.8353, GNorm = 0.3198, lr_0 = 4.0825e-04
Loss = 5.7259e-02, PNorm = 37.8634, GNorm = 0.2066, lr_0 = 4.0432e-04
Loss = 6.9544e-02, PNorm = 37.8901, GNorm = 0.4881, lr_0 = 4.0042e-04
Validation auc = 0.876116
Epoch 13
Loss = 3.5372e-02, PNorm = 37.8997, GNorm = 0.2845, lr_0 = 3.9657e-04
Loss = 2.9517e-02, PNorm = 37.9249, GNorm = 0.0750, lr_0 = 3.9275e-04
Loss = 4.6027e-02, PNorm = 37.9338, GNorm = 0.1472, lr_0 = 3.8897e-04
Loss = 3.6097e-02, PNorm = 37.9452, GNorm = 0.2596, lr_0 = 3.8522e-04
Loss = 4.7825e-02, PNorm = 37.9616, GNorm = 0.1932, lr_0 = 3.8152e-04
Loss = 4.2204e-02, PNorm = 37.9805, GNorm = 0.2025, lr_0 = 3.7784e-04
Loss = 6.4796e-02, PNorm = 37.9965, GNorm = 0.3446, lr_0 = 3.7420e-04
Loss = 4.4115e-02, PNorm = 38.0163, GNorm = 0.2371, lr_0 = 3.7060e-04
Validation auc = 0.867114
Epoch 14
Loss = 3.9614e-02, PNorm = 38.0386, GNorm = 0.1566, lr_0 = 3.6668e-04
Loss = 4.5041e-02, PNorm = 38.0550, GNorm = 0.2000, lr_0 = 3.6315e-04
Loss = 7.5065e-02, PNorm = 38.0684, GNorm = 0.3718, lr_0 = 3.5965e-04
Loss = 3.4772e-02, PNorm = 38.1029, GNorm = 0.2240, lr_0 = 3.5619e-04
Loss = 3.2890e-02, PNorm = 38.1215, GNorm = 0.1957, lr_0 = 3.5276e-04
Loss = 2.9220e-02, PNorm = 38.1391, GNorm = 0.1190, lr_0 = 3.4936e-04
Loss = 6.3442e-02, PNorm = 38.1459, GNorm = 0.2509, lr_0 = 3.4600e-04
Loss = 4.4180e-02, PNorm = 38.1694, GNorm = 0.1696, lr_0 = 3.4267e-04
Loss = 3.6690e-02, PNorm = 38.1883, GNorm = 0.2593, lr_0 = 3.3937e-04
Validation auc = 0.854804
Epoch 15
Loss = 7.1374e-02, PNorm = 38.1976, GNorm = 0.1473, lr_0 = 3.3610e-04
Loss = 2.9597e-02, PNorm = 38.2169, GNorm = 0.0819, lr_0 = 3.3287e-04
Loss = 4.7870e-02, PNorm = 38.2263, GNorm = 0.3601, lr_0 = 3.2966e-04
Loss = 4.3466e-02, PNorm = 38.2317, GNorm = 0.2091, lr_0 = 3.2649e-04
Loss = 3.0731e-02, PNorm = 38.2502, GNorm = 0.3136, lr_0 = 3.2334e-04
Loss = 4.3605e-02, PNorm = 38.2663, GNorm = 0.0701, lr_0 = 3.2023e-04
Loss = 4.4670e-02, PNorm = 38.2738, GNorm = 0.2653, lr_0 = 3.1715e-04
Loss = 4.1710e-02, PNorm = 38.2900, GNorm = 0.2145, lr_0 = 3.1409e-04
Loss = 4.4746e-02, PNorm = 38.3092, GNorm = 0.0946, lr_0 = 3.1107e-04
Validation auc = 0.866279
Epoch 16
Loss = 4.2801e-02, PNorm = 38.3225, GNorm = 0.1859, lr_0 = 3.0807e-04
Loss = 3.1074e-02, PNorm = 38.3350, GNorm = 0.1112, lr_0 = 3.0511e-04
Loss = 4.2728e-02, PNorm = 38.3472, GNorm = 0.1697, lr_0 = 3.0217e-04
Loss = 3.6035e-02, PNorm = 38.3632, GNorm = 0.1762, lr_0 = 2.9926e-04
Loss = 4.2206e-02, PNorm = 38.3745, GNorm = 0.1744, lr_0 = 2.9638e-04
Loss = 5.2492e-02, PNorm = 38.3898, GNorm = 0.2768, lr_0 = 2.9353e-04
Loss = 3.4938e-02, PNorm = 38.4079, GNorm = 0.7651, lr_0 = 2.9070e-04
Loss = 2.0716e-02, PNorm = 38.4174, GNorm = 0.1409, lr_0 = 2.8790e-04
Validation auc = 0.865890
Epoch 17
Loss = 4.1068e-02, PNorm = 38.4298, GNorm = 0.0396, lr_0 = 2.8485e-04
Loss = 4.1953e-02, PNorm = 38.4360, GNorm = 0.2793, lr_0 = 2.8211e-04
Loss = 5.1131e-02, PNorm = 38.4426, GNorm = 0.1898, lr_0 = 2.7939e-04
Loss = 4.8041e-02, PNorm = 38.4598, GNorm = 0.2118, lr_0 = 2.7670e-04
Loss = 2.5994e-02, PNorm = 38.4744, GNorm = 0.1909, lr_0 = 2.7404e-04
Loss = 3.0246e-02, PNorm = 38.4771, GNorm = 0.2042, lr_0 = 2.7140e-04
Loss = 4.7784e-02, PNorm = 38.4812, GNorm = 0.3759, lr_0 = 2.6879e-04
Loss = 3.3705e-02, PNorm = 38.4921, GNorm = 0.1510, lr_0 = 2.6620e-04
Loss = 4.2556e-02, PNorm = 38.4993, GNorm = 0.2417, lr_0 = 2.6364e-04
Validation auc = 0.873111
Epoch 18
Loss = 2.7027e-02, PNorm = 38.5125, GNorm = 0.1117, lr_0 = 2.6110e-04
Loss = 3.7835e-02, PNorm = 38.5238, GNorm = 0.2174, lr_0 = 2.5859e-04
Loss = 5.7751e-02, PNorm = 38.5309, GNorm = 0.4896, lr_0 = 2.5610e-04
Loss = 4.0217e-02, PNorm = 38.5507, GNorm = 0.3403, lr_0 = 2.5363e-04
Loss = 4.8708e-02, PNorm = 38.5569, GNorm = 0.2796, lr_0 = 2.5119e-04
Loss = 3.0613e-02, PNorm = 38.5707, GNorm = 0.0993, lr_0 = 2.4877e-04
Loss = 3.6778e-02, PNorm = 38.5832, GNorm = 0.1547, lr_0 = 2.4638e-04
Loss = 2.7240e-02, PNorm = 38.5930, GNorm = 0.3987, lr_0 = 2.4400e-04
Validation auc = 0.859991
Epoch 19
Loss = 2.8271e-02, PNorm = 38.6042, GNorm = 0.1919, lr_0 = 2.4165e-04
Loss = 3.5566e-02, PNorm = 38.6088, GNorm = 0.1232, lr_0 = 2.3933e-04
Loss = 4.0454e-02, PNorm = 38.6143, GNorm = 0.1276, lr_0 = 2.3702e-04
Loss = 2.9412e-02, PNorm = 38.6245, GNorm = 0.3614, lr_0 = 2.3474e-04
Loss = 3.0624e-02, PNorm = 38.6319, GNorm = 0.2544, lr_0 = 2.3248e-04
Loss = 5.5731e-02, PNorm = 38.6348, GNorm = 0.1308, lr_0 = 2.3024e-04
Loss = 5.3327e-02, PNorm = 38.6459, GNorm = 0.4347, lr_0 = 2.2803e-04
Loss = 3.5027e-02, PNorm = 38.6576, GNorm = 0.3373, lr_0 = 2.2583e-04
Loss = 2.9111e-02, PNorm = 38.6596, GNorm = 0.1339, lr_0 = 2.2366e-04
Validation auc = 0.867609
Epoch 20
Loss = 3.1231e-02, PNorm = 38.6714, GNorm = 0.3730, lr_0 = 2.2129e-04
Loss = 2.9816e-02, PNorm = 38.6804, GNorm = 0.0609, lr_0 = 2.1916e-04
Loss = 3.9768e-02, PNorm = 38.6858, GNorm = 0.1980, lr_0 = 2.1705e-04
Loss = 2.6641e-02, PNorm = 38.6932, GNorm = 0.0669, lr_0 = 2.1496e-04
Loss = 4.3033e-02, PNorm = 38.6992, GNorm = 0.0970, lr_0 = 2.1289e-04
Loss = 3.6153e-02, PNorm = 38.7043, GNorm = 0.1592, lr_0 = 2.1084e-04
Loss = 2.1731e-02, PNorm = 38.7155, GNorm = 0.1518, lr_0 = 2.0881e-04
Loss = 4.0709e-02, PNorm = 38.7226, GNorm = 0.4516, lr_0 = 2.0680e-04
Validation auc = 0.861131
Epoch 21
Loss = 4.3214e-02, PNorm = 38.7227, GNorm = 0.4064, lr_0 = 2.0481e-04
Loss = 3.3398e-02, PNorm = 38.7403, GNorm = 0.2267, lr_0 = 2.0283e-04
Loss = 2.4860e-02, PNorm = 38.7457, GNorm = 0.1494, lr_0 = 2.0088e-04
Loss = 5.3235e-02, PNorm = 38.7437, GNorm = 0.1986, lr_0 = 1.9895e-04
Loss = 3.7282e-02, PNorm = 38.7550, GNorm = 0.1347, lr_0 = 1.9703e-04
Loss = 4.6474e-02, PNorm = 38.7654, GNorm = 0.1366, lr_0 = 1.9514e-04
Loss = 4.0879e-02, PNorm = 38.7769, GNorm = 0.3544, lr_0 = 1.9326e-04
Loss = 2.8396e-02, PNorm = 38.7850, GNorm = 0.2491, lr_0 = 1.9140e-04
Loss = 4.9752e-02, PNorm = 38.7920, GNorm = 0.7505, lr_0 = 1.8955e-04
Validation auc = 0.871557
Epoch 22
Loss = 1.0723e-02, PNorm = 38.7939, GNorm = 0.2636, lr_0 = 1.8773e-04
Loss = 4.3434e-02, PNorm = 38.7955, GNorm = 0.1854, lr_0 = 1.8592e-04
Loss = 1.8190e-02, PNorm = 38.8035, GNorm = 0.1718, lr_0 = 1.8413e-04
Loss = 2.5438e-02, PNorm = 38.8145, GNorm = 0.0860, lr_0 = 1.8236e-04
Loss = 4.2522e-02, PNorm = 38.8155, GNorm = 0.2152, lr_0 = 1.8060e-04
Loss = 2.7310e-02, PNorm = 38.8225, GNorm = 0.2029, lr_0 = 1.7886e-04
Loss = 5.1343e-02, PNorm = 38.8330, GNorm = 0.4518, lr_0 = 1.7714e-04
Loss = 4.0850e-02, PNorm = 38.8353, GNorm = 0.2600, lr_0 = 1.7544e-04
Validation auc = 0.861917
Epoch 23
Loss = 7.9602e-02, PNorm = 38.8426, GNorm = 0.4561, lr_0 = 1.7358e-04
Loss = 3.3292e-02, PNorm = 38.8494, GNorm = 0.4602, lr_0 = 1.7191e-04
Loss = 5.4312e-02, PNorm = 38.8478, GNorm = 0.2928, lr_0 = 1.7025e-04
Loss = 2.0735e-02, PNorm = 38.8578, GNorm = 0.1594, lr_0 = 1.6861e-04
Loss = 2.2410e-02, PNorm = 38.8691, GNorm = 0.0270, lr_0 = 1.6699e-04
Loss = 3.2019e-02, PNorm = 38.8719, GNorm = 0.2358, lr_0 = 1.6538e-04
Loss = 2.7593e-02, PNorm = 38.8764, GNorm = 0.1998, lr_0 = 1.6379e-04
Loss = 3.4166e-02, PNorm = 38.8819, GNorm = 0.1718, lr_0 = 1.6221e-04
Loss = 4.2661e-02, PNorm = 38.8891, GNorm = 0.2155, lr_0 = 1.6065e-04
Validation auc = 0.873084
Epoch 24
Loss = 5.7522e-02, PNorm = 38.8896, GNorm = 0.4874, lr_0 = 1.5910e-04
Loss = 2.7943e-02, PNorm = 38.8957, GNorm = 0.1132, lr_0 = 1.5757e-04
Loss = 4.1723e-02, PNorm = 38.9019, GNorm = 0.2427, lr_0 = 1.5605e-04
Loss = 2.4024e-02, PNorm = 38.9080, GNorm = 0.1117, lr_0 = 1.5455e-04
Loss = 3.0572e-02, PNorm = 38.9129, GNorm = 0.0929, lr_0 = 1.5306e-04
Loss = 2.9254e-02, PNorm = 38.9173, GNorm = 0.0921, lr_0 = 1.5159e-04
Loss = 2.8123e-02, PNorm = 38.9223, GNorm = 0.2190, lr_0 = 1.5013e-04
Loss = 2.9064e-02, PNorm = 38.9264, GNorm = 0.0656, lr_0 = 1.4869e-04
Loss = 3.0038e-02, PNorm = 38.9319, GNorm = 0.0969, lr_0 = 1.4725e-04
Validation auc = 0.863865
Epoch 25
Loss = 3.1682e-02, PNorm = 38.9348, GNorm = 0.2641, lr_0 = 1.4584e-04
Loss = 2.3669e-02, PNorm = 38.9416, GNorm = 0.2895, lr_0 = 1.4443e-04
Loss = 3.2182e-02, PNorm = 38.9464, GNorm = 0.7196, lr_0 = 1.4304e-04
Loss = 4.7464e-02, PNorm = 38.9488, GNorm = 0.3134, lr_0 = 1.4166e-04
Loss = 3.1831e-02, PNorm = 38.9597, GNorm = 0.2630, lr_0 = 1.4030e-04
Loss = 3.4228e-02, PNorm = 38.9639, GNorm = 0.2942, lr_0 = 1.3895e-04
Loss = 2.1446e-02, PNorm = 38.9684, GNorm = 0.0740, lr_0 = 1.3761e-04
Loss = 3.2523e-02, PNorm = 38.9694, GNorm = 0.2220, lr_0 = 1.3629e-04
Validation auc = 0.862566
Epoch 26
Loss = 2.8158e-02, PNorm = 38.9727, GNorm = 0.1163, lr_0 = 1.3484e-04
Loss = 3.3504e-02, PNorm = 38.9785, GNorm = 0.3356, lr_0 = 1.3355e-04
Loss = 1.6076e-02, PNorm = 38.9856, GNorm = 0.1786, lr_0 = 1.3226e-04
Loss = 2.5582e-02, PNorm = 38.9884, GNorm = 0.0688, lr_0 = 1.3099e-04
Loss = 5.2550e-02, PNorm = 38.9853, GNorm = 0.3647, lr_0 = 1.2973e-04
Loss = 3.2054e-02, PNorm = 38.9950, GNorm = 0.1700, lr_0 = 1.2848e-04
Loss = 2.8553e-02, PNorm = 39.0012, GNorm = 0.1852, lr_0 = 1.2724e-04
Loss = 3.3809e-02, PNorm = 39.0028, GNorm = 0.1508, lr_0 = 1.2601e-04
Loss = 2.0464e-02, PNorm = 39.0067, GNorm = 0.2615, lr_0 = 1.2480e-04
Validation auc = 0.866677
Epoch 27
Loss = 3.5086e-02, PNorm = 39.0093, GNorm = 0.2215, lr_0 = 1.2360e-04
Loss = 2.1980e-02, PNorm = 39.0162, GNorm = 0.1357, lr_0 = 1.2241e-04
Loss = 2.1412e-02, PNorm = 39.0221, GNorm = 0.4050, lr_0 = 1.2123e-04
Loss = 1.7929e-02, PNorm = 39.0270, GNorm = 0.0858, lr_0 = 1.2006e-04
Loss = 1.9746e-02, PNorm = 39.0304, GNorm = 0.1483, lr_0 = 1.1891e-04
Loss = 5.0524e-02, PNorm = 39.0306, GNorm = 0.6405, lr_0 = 1.1776e-04
Loss = 2.9055e-02, PNorm = 39.0349, GNorm = 0.2612, lr_0 = 1.1663e-04
Loss = 2.5136e-02, PNorm = 39.0415, GNorm = 0.0813, lr_0 = 1.1551e-04
Validation auc = 0.873426
Epoch 28
Loss = 7.5525e-02, PNorm = 39.0403, GNorm = 0.3425, lr_0 = 1.1428e-04
Loss = 2.7620e-02, PNorm = 39.0442, GNorm = 0.4531, lr_0 = 1.1318e-04
Loss = 4.2043e-02, PNorm = 39.0549, GNorm = 0.4029, lr_0 = 1.1209e-04
Loss = 2.4668e-02, PNorm = 39.0579, GNorm = 0.1557, lr_0 = 1.1101e-04
Loss = 1.9423e-02, PNorm = 39.0590, GNorm = 0.0791, lr_0 = 1.0995e-04
Loss = 3.7260e-02, PNorm = 39.0607, GNorm = 0.2680, lr_0 = 1.0889e-04
Loss = 2.8015e-02, PNorm = 39.0626, GNorm = 0.2161, lr_0 = 1.0784e-04
Loss = 3.8824e-02, PNorm = 39.0664, GNorm = 0.2272, lr_0 = 1.0680e-04
Loss = 2.3746e-02, PNorm = 39.0739, GNorm = 0.1682, lr_0 = 1.0577e-04
Validation auc = 0.859587
Epoch 29
Loss = 3.5171e-02, PNorm = 39.0786, GNorm = 0.4804, lr_0 = 1.0475e-04
Loss = 2.3940e-02, PNorm = 39.0807, GNorm = 0.9460, lr_0 = 1.0374e-04
Loss = 3.5618e-02, PNorm = 39.0818, GNorm = 0.2277, lr_0 = 1.0275e-04
Loss = 2.3316e-02, PNorm = 39.0873, GNorm = 0.1555, lr_0 = 1.0176e-04
Loss = 1.7782e-02, PNorm = 39.0925, GNorm = 0.0379, lr_0 = 1.0078e-04
Loss = 3.1267e-02, PNorm = 39.0924, GNorm = 0.2012, lr_0 = 1.0000e-04
Loss = 4.0590e-02, PNorm = 39.0945, GNorm = 0.1677, lr_0 = 1.0000e-04
Loss = 2.3587e-02, PNorm = 39.1003, GNorm = 0.1715, lr_0 = 1.0000e-04
Validation auc = 0.869261
Model 0 best validation auc = 0.880545 on epoch 11
Loading pretrained parameter "encoder.encoder.0.cached_zero_vector".
Loading pretrained parameter "encoder.encoder.0.W_i.weight".
Loading pretrained parameter "encoder.encoder.0.W_h.weight".
Loading pretrained parameter "encoder.encoder.0.W_o.weight".
Loading pretrained parameter "encoder.encoder.0.W_o.bias".
Loading pretrained parameter "ffn.1.weight".
Loading pretrained parameter "ffn.1.bias".
Loading pretrained parameter "ffn.4.weight".
Loading pretrained parameter "ffn.4.bias".
Moving model to cuda
Model 0 test auc = 0.897673
Ensemble test auc = 0.897673
Fold 2
Splitting data with seed 2
Total scaffolds = 3,467 | train scaffolds = 2,630 | val scaffolds = 419 | test scaffolds = 418
Label averages per scaffold, in decreasing order of scaffold frequency,capped at 10 scaffolds and 20 labels:
Scaffold 0
Task 0: count = 381 | target average = 0.018373
Task 1: count = 381 | target average = 0.013123


Scaffold 1
Task 0: count = 305 | target average = 0.009836
Task 1: count = 305 | target average = 0.016393


Scaffold 2
Task 0: count = 36 | target average = 0.000000
Task 1: count = 36 | target average = 0.000000


Scaffold 3
Task 0: count = 29 | target average = 0.000000
Task 1: count = 29 | target average = 0.000000


Scaffold 4
Task 0: count = 26 | target average = 0.000000
Task 1: count = 26 | target average = 0.000000


Scaffold 5
Task 0: count = 23 | target average = 0.000000
Task 1: count = 23 | target average = 0.000000


Scaffold 6
Task 0: count = 22 | target average = 0.090909
Task 1: count = 22 | target average = 0.090909


Scaffold 7
Task 0: count = 20 | target average = 0.000000
Task 1: count = 20 | target average = 0.000000


Scaffold 8
Task 0: count = 20 | target average = 0.000000
Task 1: count = 20 | target average = 0.000000


Scaffold 9
Task 0: count = 20 | target average = 0.050000
Task 1: count = 20 | target average = 0.000000


Class sizes
hit_inh 0: 97.83%, 1: 2.17%
hit_kill 0: 98.64%, 1: 1.36%
Total size = 5,353 | train size = 4,282 | val size = 535 | test size = 536
Building model 0
MoleculeModel(
  (sigmoid): Sigmoid()
  (encoder): MPN(
    (encoder): ModuleList(
      (0): MPNEncoder(
        (dropout_layer): Dropout(p=0.25, inplace=False)
        (act_func): ReLU()
        (W_i): Linear(in_features=147, out_features=300, bias=False)
        (W_h): Linear(in_features=300, out_features=300, bias=False)
        (W_o): Linear(in_features=433, out_features=300, bias=True)
      )
    )
  )
  (ffn): Sequential(
    (0): Dropout(p=0.25, inplace=False)
    (1): Linear(in_features=500, out_features=300, bias=True)
    (2): ReLU()
    (3): Dropout(p=0.25, inplace=False)
    (4): Linear(in_features=300, out_features=2, bias=True)
  )
)
Number of parameters = 415,202
Moving model to cuda
Epoch 0
Loss = 3.4348e-01, PNorm = 35.1018, GNorm = 0.9826, lr_0 = 1.5824e-04
Loss = 6.7588e-02, PNorm = 35.1136, GNorm = 0.2842, lr_0 = 2.1118e-04
Loss = 1.2479e-01, PNorm = 35.1176, GNorm = 0.6271, lr_0 = 2.6412e-04
Loss = 1.1602e-01, PNorm = 35.1149, GNorm = 0.3085, lr_0 = 3.1706e-04
Loss = 8.8183e-02, PNorm = 35.1149, GNorm = 0.2667, lr_0 = 3.7000e-04
Loss = 1.1381e-01, PNorm = 35.1179, GNorm = 0.2437, lr_0 = 4.2294e-04
Loss = 1.0035e-01, PNorm = 35.1267, GNorm = 0.4402, lr_0 = 4.7588e-04
Loss = 7.8078e-02, PNorm = 35.1339, GNorm = 0.2933, lr_0 = 5.2882e-04
Validation auc = 0.665508
Epoch 1
Loss = 6.9789e-02, PNorm = 35.1426, GNorm = 0.3149, lr_0 = 5.8706e-04
Loss = 7.9269e-02, PNorm = 35.1591, GNorm = 0.6610, lr_0 = 6.4000e-04
Loss = 4.6939e-02, PNorm = 35.1663, GNorm = 0.2589, lr_0 = 6.9294e-04
Loss = 1.2837e-01, PNorm = 35.1748, GNorm = 0.5719, lr_0 = 7.4588e-04
Loss = 7.5796e-02, PNorm = 35.2003, GNorm = 0.2693, lr_0 = 7.9882e-04
Loss = 8.9522e-02, PNorm = 35.2158, GNorm = 0.2166, lr_0 = 8.5176e-04
Loss = 1.1094e-01, PNorm = 35.2367, GNorm = 0.2060, lr_0 = 9.0471e-04
Loss = 1.2369e-01, PNorm = 35.2581, GNorm = 0.2806, lr_0 = 9.5765e-04
Loss = 5.8265e-02, PNorm = 35.2974, GNorm = 0.0750, lr_0 = 9.9807e-04
Validation auc = 0.830036
Epoch 2
Loss = 8.6068e-02, PNorm = 35.3159, GNorm = 0.2675, lr_0 = 9.8846e-04
Loss = 7.4099e-02, PNorm = 35.3551, GNorm = 0.4583, lr_0 = 9.7894e-04
Loss = 9.9389e-02, PNorm = 35.3802, GNorm = 0.1769, lr_0 = 9.6952e-04
Loss = 7.7897e-02, PNorm = 35.4145, GNorm = 0.4480, lr_0 = 9.6018e-04
Loss = 1.0569e-01, PNorm = 35.4274, GNorm = 0.2095, lr_0 = 9.5094e-04
Loss = 6.4898e-02, PNorm = 35.4708, GNorm = 0.1338, lr_0 = 9.4178e-04
Loss = 5.3955e-02, PNorm = 35.4896, GNorm = 0.0623, lr_0 = 9.3271e-04
Loss = 7.2540e-02, PNorm = 35.4945, GNorm = 0.1606, lr_0 = 9.2373e-04
Validation auc = 0.830779
Epoch 3
Loss = 7.3682e-02, PNorm = 35.5204, GNorm = 0.1934, lr_0 = 9.1395e-04
Loss = 9.1876e-02, PNorm = 35.5407, GNorm = 0.1753, lr_0 = 9.0515e-04
Loss = 8.2336e-02, PNorm = 35.5819, GNorm = 0.3492, lr_0 = 8.9644e-04
Loss = 3.0944e-02, PNorm = 35.6168, GNorm = 0.0679, lr_0 = 8.8781e-04
Loss = 8.8399e-02, PNorm = 35.6218, GNorm = 0.3133, lr_0 = 8.7926e-04
Loss = 7.3649e-02, PNorm = 35.6618, GNorm = 0.0960, lr_0 = 8.7080e-04
Loss = 9.5432e-02, PNorm = 35.6826, GNorm = 0.1467, lr_0 = 8.6241e-04
Loss = 6.6380e-02, PNorm = 35.7171, GNorm = 0.1170, lr_0 = 8.5411e-04
Loss = 7.1108e-02, PNorm = 35.7392, GNorm = 0.2101, lr_0 = 8.4588e-04
Validation auc = 0.844742
Epoch 4
Loss = 4.2913e-02, PNorm = 35.7675, GNorm = 0.0781, lr_0 = 8.3774e-04
Loss = 4.8082e-02, PNorm = 35.7903, GNorm = 0.1597, lr_0 = 8.2967e-04
Loss = 6.7914e-02, PNorm = 35.8083, GNorm = 0.1967, lr_0 = 8.2169e-04
Loss = 8.9149e-02, PNorm = 35.8202, GNorm = 0.1858, lr_0 = 8.1377e-04
Loss = 9.5243e-02, PNorm = 35.8457, GNorm = 0.1774, lr_0 = 8.0594e-04
Loss = 5.8424e-02, PNorm = 35.8796, GNorm = 0.1983, lr_0 = 7.9818e-04
Loss = 8.3912e-02, PNorm = 35.8942, GNorm = 0.2338, lr_0 = 7.9050e-04
Loss = 4.8183e-02, PNorm = 35.9406, GNorm = 0.2180, lr_0 = 7.8288e-04
Validation auc = 0.867753
Epoch 5
Loss = 9.3075e-02, PNorm = 35.9646, GNorm = 0.1780, lr_0 = 7.7535e-04
Loss = 7.3936e-02, PNorm = 36.0026, GNorm = 0.1605, lr_0 = 7.6788e-04
Loss = 6.1495e-02, PNorm = 36.0446, GNorm = 0.3135, lr_0 = 7.6049e-04
Loss = 7.4947e-02, PNorm = 36.0641, GNorm = 0.1920, lr_0 = 7.5317e-04
Loss = 3.7500e-02, PNorm = 36.1041, GNorm = 0.0653, lr_0 = 7.4591e-04
Loss = 6.3717e-02, PNorm = 36.1170, GNorm = 0.1226, lr_0 = 7.3873e-04
Loss = 7.2473e-02, PNorm = 36.1307, GNorm = 0.1582, lr_0 = 7.3162e-04
Loss = 6.2382e-02, PNorm = 36.1681, GNorm = 0.0797, lr_0 = 7.2458e-04
Loss = 6.3648e-02, PNorm = 36.1859, GNorm = 0.1592, lr_0 = 7.1760e-04
Validation auc = 0.868421
Epoch 6
Loss = 4.0872e-02, PNorm = 36.2132, GNorm = 0.1407, lr_0 = 7.1000e-04
Loss = 7.0672e-02, PNorm = 36.2336, GNorm = 0.1197, lr_0 = 7.0317e-04
Loss = 7.2620e-02, PNorm = 36.2542, GNorm = 0.2062, lr_0 = 6.9640e-04
Loss = 7.1840e-02, PNorm = 36.2969, GNorm = 0.1341, lr_0 = 6.8969e-04
Loss = 5.0853e-02, PNorm = 36.3299, GNorm = 0.0936, lr_0 = 6.8305e-04
Loss = 5.1535e-02, PNorm = 36.3542, GNorm = 0.2107, lr_0 = 6.7648e-04
Loss = 5.8394e-02, PNorm = 36.3900, GNorm = 0.5641, lr_0 = 6.6996e-04
Loss = 2.7133e-02, PNorm = 36.4172, GNorm = 0.0727, lr_0 = 6.6351e-04
Validation auc = 0.859799
Epoch 7
Loss = 3.5389e-02, PNorm = 36.4343, GNorm = 0.1241, lr_0 = 6.5712e-04
Loss = 5.3468e-02, PNorm = 36.4711, GNorm = 0.2280, lr_0 = 6.5080e-04
Loss = 7.0893e-02, PNorm = 36.5041, GNorm = 0.2166, lr_0 = 6.4453e-04
Loss = 5.9442e-02, PNorm = 36.5512, GNorm = 0.1593, lr_0 = 6.3833e-04
Loss = 6.0028e-02, PNorm = 36.5703, GNorm = 0.1294, lr_0 = 6.3218e-04
Loss = 4.6806e-02, PNorm = 36.6013, GNorm = 0.1210, lr_0 = 6.2609e-04
Loss = 6.4930e-02, PNorm = 36.6193, GNorm = 0.1654, lr_0 = 6.2006e-04
Loss = 6.5691e-02, PNorm = 36.6472, GNorm = 0.3460, lr_0 = 6.1409e-04
Loss = 4.6432e-02, PNorm = 36.6813, GNorm = 0.1695, lr_0 = 6.0818e-04
Validation auc = 0.891853
Epoch 8
Loss = 2.0338e-02, PNorm = 36.7082, GNorm = 0.0975, lr_0 = 6.0233e-04
Loss = 4.6126e-02, PNorm = 36.7167, GNorm = 0.0881, lr_0 = 5.9653e-04
Loss = 6.5083e-02, PNorm = 36.7358, GNorm = 0.1705, lr_0 = 5.9078e-04
Loss = 7.0261e-02, PNorm = 36.7596, GNorm = 0.3418, lr_0 = 5.8510e-04
Loss = 6.0020e-02, PNorm = 36.7912, GNorm = 0.2024, lr_0 = 5.7946e-04
Loss = 5.4984e-02, PNorm = 36.8230, GNorm = 0.2740, lr_0 = 5.7388e-04
Loss = 4.9600e-02, PNorm = 36.8481, GNorm = 0.1953, lr_0 = 5.6836e-04
Loss = 5.9487e-02, PNorm = 36.8665, GNorm = 0.2036, lr_0 = 5.6289e-04
Loss = 5.1786e-02, PNorm = 36.8893, GNorm = 0.1691, lr_0 = 5.5747e-04
Loss = 1.9392e-02, PNorm = 36.8922, GNorm = 0.1837, lr_0 = 5.5693e-04
Validation auc = 0.896165
Epoch 9
Loss = 5.3048e-02, PNorm = 36.9233, GNorm = 0.1636, lr_0 = 5.5156e-04
Loss = 6.8749e-02, PNorm = 36.9411, GNorm = 0.1670, lr_0 = 5.4625e-04
Loss = 5.5677e-02, PNorm = 36.9680, GNorm = 0.1054, lr_0 = 5.4100e-04
Loss = 2.6859e-02, PNorm = 37.0022, GNorm = 0.1196, lr_0 = 5.3579e-04
Loss = 7.6547e-02, PNorm = 37.0094, GNorm = 0.2154, lr_0 = 5.3063e-04
Loss = 4.2731e-02, PNorm = 37.0505, GNorm = 0.2315, lr_0 = 5.2552e-04
Loss = 5.6986e-02, PNorm = 37.0665, GNorm = 0.1600, lr_0 = 5.2046e-04
Loss = 4.6632e-02, PNorm = 37.0894, GNorm = 0.2224, lr_0 = 5.1545e-04
Validation auc = 0.895883
Epoch 10
Loss = 2.9001e-02, PNorm = 37.1219, GNorm = 0.0475, lr_0 = 5.1049e-04
Loss = 7.2620e-02, PNorm = 37.1438, GNorm = 0.1579, lr_0 = 5.0557e-04
Loss = 2.9651e-02, PNorm = 37.1787, GNorm = 0.1037, lr_0 = 5.0070e-04
Loss = 1.8204e-02, PNorm = 37.1985, GNorm = 0.1563, lr_0 = 4.9588e-04
Loss = 6.4459e-02, PNorm = 37.1973, GNorm = 0.2630, lr_0 = 4.9111e-04
Loss = 6.0939e-02, PNorm = 37.2254, GNorm = 0.1193, lr_0 = 4.8638e-04
Loss = 6.3958e-02, PNorm = 37.2469, GNorm = 0.0967, lr_0 = 4.8170e-04
Loss = 4.2722e-02, PNorm = 37.2710, GNorm = 0.3129, lr_0 = 4.7706e-04
Loss = 3.9713e-02, PNorm = 37.2854, GNorm = 0.2171, lr_0 = 4.7247e-04
Validation auc = 0.903093
Epoch 11
Loss = 7.4066e-02, PNorm = 37.3066, GNorm = 0.2762, lr_0 = 4.6792e-04
Loss = 4.9916e-02, PNorm = 37.3448, GNorm = 0.2477, lr_0 = 4.6341e-04
Loss = 3.2474e-02, PNorm = 37.3626, GNorm = 0.1421, lr_0 = 4.5895e-04
Loss = 4.4346e-02, PNorm = 37.3803, GNorm = 0.0621, lr_0 = 4.5453e-04
Loss = 6.9298e-02, PNorm = 37.3927, GNorm = 0.2707, lr_0 = 4.5015e-04
Loss = 6.3346e-02, PNorm = 37.4198, GNorm = 0.0703, lr_0 = 4.4582e-04
Loss = 4.7313e-02, PNorm = 37.4371, GNorm = 0.0872, lr_0 = 4.4153e-04
Loss = 4.8923e-02, PNorm = 37.4552, GNorm = 0.1972, lr_0 = 4.3728e-04
Validation auc = 0.882264
Epoch 12
Loss = 4.1279e-02, PNorm = 37.4782, GNorm = 0.2018, lr_0 = 4.3265e-04
Loss = 2.8517e-02, PNorm = 37.4983, GNorm = 0.1051, lr_0 = 4.2848e-04
Loss = 3.4898e-02, PNorm = 37.5198, GNorm = 0.2514, lr_0 = 4.2436e-04
Loss = 7.9698e-02, PNorm = 37.5334, GNorm = 0.7370, lr_0 = 4.2027e-04
Loss = 5.5839e-02, PNorm = 37.5471, GNorm = 0.5162, lr_0 = 4.1622e-04
Loss = 2.8864e-02, PNorm = 37.5779, GNorm = 0.2727, lr_0 = 4.1222e-04
Loss = 7.2808e-02, PNorm = 37.5766, GNorm = 0.1702, lr_0 = 4.0825e-04
Loss = 5.8405e-02, PNorm = 37.5932, GNorm = 0.2296, lr_0 = 4.0432e-04
Loss = 4.8498e-02, PNorm = 37.6376, GNorm = 0.1641, lr_0 = 4.0042e-04
Validation auc = 0.900702
Epoch 13
Loss = 1.8572e-02, PNorm = 37.6546, GNorm = 0.2386, lr_0 = 3.9657e-04
Loss = 4.9064e-02, PNorm = 37.6671, GNorm = 0.1960, lr_0 = 3.9275e-04
Loss = 1.8086e-02, PNorm = 37.6832, GNorm = 0.0702, lr_0 = 3.8897e-04
Loss = 5.1599e-02, PNorm = 37.6959, GNorm = 0.3720, lr_0 = 3.8522e-04
Loss = 5.2283e-02, PNorm = 37.7165, GNorm = 0.2222, lr_0 = 3.8152e-04
Loss = 4.8629e-02, PNorm = 37.7474, GNorm = 0.5275, lr_0 = 3.7784e-04
Loss = 7.3840e-02, PNorm = 37.7470, GNorm = 0.3394, lr_0 = 3.7420e-04
Loss = 3.8387e-02, PNorm = 37.7635, GNorm = 0.1117, lr_0 = 3.7060e-04
Validation auc = 0.911865
Epoch 14
Loss = 9.3071e-03, PNorm = 37.7897, GNorm = 0.0919, lr_0 = 3.6668e-04
Loss = 3.6608e-02, PNorm = 37.8037, GNorm = 0.1200, lr_0 = 3.6315e-04
Loss = 4.6655e-02, PNorm = 37.8209, GNorm = 0.1999, lr_0 = 3.5965e-04
Loss = 3.7888e-02, PNorm = 37.8356, GNorm = 0.1114, lr_0 = 3.5619e-04
Loss = 4.1145e-02, PNorm = 37.8546, GNorm = 0.1494, lr_0 = 3.5276e-04
Loss = 4.4593e-02, PNorm = 37.8789, GNorm = 0.3358, lr_0 = 3.4936e-04
Loss = 7.3188e-02, PNorm = 37.8794, GNorm = 0.2330, lr_0 = 3.4600e-04
Loss = 5.0876e-02, PNorm = 37.8899, GNorm = 0.0769, lr_0 = 3.4267e-04
Loss = 5.4521e-02, PNorm = 37.9045, GNorm = 0.0648, lr_0 = 3.3937e-04
Validation auc = 0.900019
Epoch 15
Loss = 4.8000e-02, PNorm = 37.9240, GNorm = 0.1991, lr_0 = 3.3610e-04
Loss = 5.5249e-02, PNorm = 37.9443, GNorm = 0.1643, lr_0 = 3.3287e-04
Loss = 3.2353e-02, PNorm = 37.9573, GNorm = 0.2111, lr_0 = 3.2966e-04
Loss = 3.1047e-02, PNorm = 37.9756, GNorm = 0.1016, lr_0 = 3.2649e-04
Loss = 5.9085e-02, PNorm = 37.9822, GNorm = 0.0918, lr_0 = 3.2334e-04
Loss = 4.2448e-02, PNorm = 37.9917, GNorm = 0.1628, lr_0 = 3.2023e-04
Loss = 5.4077e-02, PNorm = 38.0086, GNorm = 0.1569, lr_0 = 3.1715e-04
Loss = 2.6080e-02, PNorm = 38.0239, GNorm = 0.2089, lr_0 = 3.1409e-04
Loss = 5.1634e-02, PNorm = 38.0329, GNorm = 0.1688, lr_0 = 3.1107e-04
Validation auc = 0.896067
Epoch 16
Loss = 4.7983e-02, PNorm = 38.0543, GNorm = 0.3500, lr_0 = 3.0807e-04
Loss = 6.5375e-02, PNorm = 38.0634, GNorm = 0.3845, lr_0 = 3.0511e-04
Loss = 5.0900e-02, PNorm = 38.0762, GNorm = 0.1914, lr_0 = 3.0217e-04
Loss = 2.8452e-02, PNorm = 38.0937, GNorm = 0.0856, lr_0 = 2.9926e-04
Loss = 4.1746e-02, PNorm = 38.1023, GNorm = 0.2535, lr_0 = 2.9638e-04
Loss = 3.0883e-02, PNorm = 38.1121, GNorm = 0.1763, lr_0 = 2.9353e-04
Loss = 3.1164e-02, PNorm = 38.1254, GNorm = 0.1811, lr_0 = 2.9070e-04
Loss = 5.4412e-02, PNorm = 38.1352, GNorm = 0.1183, lr_0 = 2.8790e-04
Validation auc = 0.904865
Epoch 17
Loss = 4.5521e-02, PNorm = 38.1438, GNorm = 0.0434, lr_0 = 2.8485e-04
Loss = 4.8258e-02, PNorm = 38.1525, GNorm = 0.1466, lr_0 = 2.8211e-04
Loss = 3.2298e-02, PNorm = 38.1708, GNorm = 0.2020, lr_0 = 2.7939e-04
Loss = 5.0467e-02, PNorm = 38.1808, GNorm = 0.1218, lr_0 = 2.7670e-04
Loss = 3.9345e-02, PNorm = 38.1935, GNorm = 0.1529, lr_0 = 2.7404e-04
Loss = 3.2179e-02, PNorm = 38.2049, GNorm = 0.0959, lr_0 = 2.7140e-04
Loss = 2.9172e-02, PNorm = 38.2183, GNorm = 0.1891, lr_0 = 2.6879e-04
Loss = 3.3494e-02, PNorm = 38.2300, GNorm = 0.2679, lr_0 = 2.6620e-04
Loss = 2.7079e-02, PNorm = 38.2408, GNorm = 0.0546, lr_0 = 2.6364e-04
Validation auc = 0.902213
Epoch 18
Loss = 4.5219e-02, PNorm = 38.2457, GNorm = 0.1298, lr_0 = 2.6110e-04
Loss = 3.4462e-02, PNorm = 38.2567, GNorm = 0.1832, lr_0 = 2.5859e-04
Loss = 3.0667e-02, PNorm = 38.2726, GNorm = 0.1897, lr_0 = 2.5610e-04
Loss = 2.6567e-02, PNorm = 38.2790, GNorm = 0.1033, lr_0 = 2.5363e-04
Loss = 5.1853e-02, PNorm = 38.2827, GNorm = 0.1422, lr_0 = 2.5119e-04
Loss = 3.3436e-02, PNorm = 38.2880, GNorm = 0.0620, lr_0 = 2.4877e-04
Loss = 5.5953e-02, PNorm = 38.2974, GNorm = 0.2505, lr_0 = 2.4638e-04
Loss = 5.0753e-02, PNorm = 38.3061, GNorm = 0.4038, lr_0 = 2.4400e-04
Validation auc = 0.918146
Epoch 19
Loss = 3.7467e-02, PNorm = 38.3147, GNorm = 0.0732, lr_0 = 2.4165e-04
Loss = 3.1156e-02, PNorm = 38.3239, GNorm = 0.2675, lr_0 = 2.3933e-04
Loss = 3.8256e-02, PNorm = 38.3318, GNorm = 0.2656, lr_0 = 2.3702e-04
Loss = 4.0913e-02, PNorm = 38.3415, GNorm = 0.2452, lr_0 = 2.3474e-04
Loss = 2.8330e-02, PNorm = 38.3539, GNorm = 0.1275, lr_0 = 2.3248e-04
Loss = 8.1384e-02, PNorm = 38.3578, GNorm = 0.2612, lr_0 = 2.3024e-04
Loss = 4.0921e-02, PNorm = 38.3787, GNorm = 0.2115, lr_0 = 2.2803e-04
Loss = 2.1552e-02, PNorm = 38.3971, GNorm = 0.2913, lr_0 = 2.2583e-04
Loss = 1.5107e-02, PNorm = 38.4021, GNorm = 0.0875, lr_0 = 2.2366e-04
Validation auc = 0.910973
Epoch 20
Loss = 3.1435e-02, PNorm = 38.4058, GNorm = 0.1679, lr_0 = 2.2129e-04
Loss = 3.0689e-02, PNorm = 38.4120, GNorm = 0.3228, lr_0 = 2.1916e-04
Loss = 3.0906e-02, PNorm = 38.4183, GNorm = 0.2763, lr_0 = 2.1705e-04
Loss = 3.2864e-02, PNorm = 38.4265, GNorm = 0.2411, lr_0 = 2.1496e-04
Loss = 2.3591e-02, PNorm = 38.4349, GNorm = 0.2729, lr_0 = 2.1289e-04
Loss = 4.6137e-02, PNorm = 38.4404, GNorm = 0.4048, lr_0 = 2.1084e-04
Loss = 4.4847e-02, PNorm = 38.4455, GNorm = 0.5110, lr_0 = 2.0881e-04
Loss = 4.1479e-02, PNorm = 38.4543, GNorm = 0.2227, lr_0 = 2.0680e-04
Validation auc = 0.918965
Epoch 21
Loss = 4.3481e-02, PNorm = 38.4639, GNorm = 0.5760, lr_0 = 2.0481e-04
Loss = 4.4457e-02, PNorm = 38.4687, GNorm = 0.2382, lr_0 = 2.0283e-04
Loss = 4.1109e-02, PNorm = 38.4824, GNorm = 0.1692, lr_0 = 2.0088e-04
Loss = 4.0213e-02, PNorm = 38.4947, GNorm = 0.2578, lr_0 = 1.9895e-04
Loss = 3.8710e-02, PNorm = 38.5031, GNorm = 0.3218, lr_0 = 1.9703e-04
Loss = 2.2943e-02, PNorm = 38.5123, GNorm = 0.1512, lr_0 = 1.9514e-04
Loss = 1.7352e-02, PNorm = 38.5215, GNorm = 0.0575, lr_0 = 1.9326e-04
Loss = 3.5187e-02, PNorm = 38.5217, GNorm = 0.0448, lr_0 = 1.9140e-04
Loss = 4.3126e-02, PNorm = 38.5234, GNorm = 0.3230, lr_0 = 1.8955e-04
Validation auc = 0.919460
Epoch 22
Loss = 3.7341e-02, PNorm = 38.5344, GNorm = 0.0726, lr_0 = 1.8773e-04
Loss = 3.8746e-02, PNorm = 38.5381, GNorm = 0.0696, lr_0 = 1.8592e-04
Loss = 3.0437e-02, PNorm = 38.5432, GNorm = 0.2165, lr_0 = 1.8413e-04
Loss = 3.2363e-02, PNorm = 38.5528, GNorm = 0.0382, lr_0 = 1.8236e-04
Loss = 3.3428e-02, PNorm = 38.5573, GNorm = 0.2340, lr_0 = 1.8060e-04
Loss = 3.2161e-02, PNorm = 38.5641, GNorm = 0.2019, lr_0 = 1.7886e-04
Loss = 3.5217e-02, PNorm = 38.5747, GNorm = 0.3526, lr_0 = 1.7714e-04
Loss = 3.1635e-02, PNorm = 38.5772, GNorm = 0.1030, lr_0 = 1.7544e-04
Validation auc = 0.908310
Epoch 23
Loss = 3.1121e-02, PNorm = 38.5848, GNorm = 0.2112, lr_0 = 1.7358e-04
Loss = 4.2950e-02, PNorm = 38.5927, GNorm = 0.0392, lr_0 = 1.7191e-04
Loss = 3.7184e-02, PNorm = 38.5943, GNorm = 0.2012, lr_0 = 1.7025e-04
Loss = 3.3998e-02, PNorm = 38.5943, GNorm = 0.3747, lr_0 = 1.6861e-04
Loss = 2.3453e-02, PNorm = 38.6038, GNorm = 0.3297, lr_0 = 1.6699e-04
Loss = 2.6436e-02, PNorm = 38.6107, GNorm = 0.0472, lr_0 = 1.6538e-04
Loss = 3.2289e-02, PNorm = 38.6142, GNorm = 0.2185, lr_0 = 1.6379e-04
Loss = 3.4816e-02, PNorm = 38.6220, GNorm = 0.0585, lr_0 = 1.6221e-04
Loss = 4.7562e-02, PNorm = 38.6262, GNorm = 0.2595, lr_0 = 1.6065e-04
Validation auc = 0.914157
Epoch 24
Loss = 2.9622e-02, PNorm = 38.6338, GNorm = 0.2223, lr_0 = 1.5910e-04
Loss = 4.6355e-02, PNorm = 38.6396, GNorm = 0.6685, lr_0 = 1.5757e-04
Loss = 4.1001e-02, PNorm = 38.6414, GNorm = 0.2970, lr_0 = 1.5605e-04
Loss = 4.2883e-02, PNorm = 38.6504, GNorm = 0.1887, lr_0 = 1.5455e-04
Loss = 3.6720e-02, PNorm = 38.6594, GNorm = 0.4074, lr_0 = 1.5306e-04
Loss = 3.4730e-02, PNorm = 38.6619, GNorm = 0.2018, lr_0 = 1.5159e-04
Loss = 2.2527e-02, PNorm = 38.6694, GNorm = 0.0990, lr_0 = 1.5013e-04
Loss = 3.6738e-02, PNorm = 38.6750, GNorm = 0.0576, lr_0 = 1.4869e-04
Loss = 2.3744e-02, PNorm = 38.6801, GNorm = 0.0772, lr_0 = 1.4725e-04
Validation auc = 0.910540
Epoch 25
Loss = 2.0771e-02, PNorm = 38.6867, GNorm = 0.1099, lr_0 = 1.4584e-04
Loss = 4.2885e-02, PNorm = 38.6878, GNorm = 0.1578, lr_0 = 1.4443e-04
Loss = 2.3962e-02, PNorm = 38.6923, GNorm = 0.0334, lr_0 = 1.4304e-04
Loss = 3.3138e-02, PNorm = 38.7011, GNorm = 0.3283, lr_0 = 1.4166e-04
Loss = 2.7135e-02, PNorm = 38.7068, GNorm = 0.0966, lr_0 = 1.4030e-04
Loss = 2.4712e-02, PNorm = 38.7106, GNorm = 0.6197, lr_0 = 1.3895e-04
Loss = 3.5330e-02, PNorm = 38.7116, GNorm = 0.1482, lr_0 = 1.3761e-04
Loss = 3.4169e-02, PNorm = 38.7167, GNorm = 0.1225, lr_0 = 1.3629e-04
Validation auc = 0.914591
Epoch 26
Loss = 4.1335e-02, PNorm = 38.7205, GNorm = 0.1876, lr_0 = 1.3484e-04
Loss = 3.3688e-02, PNorm = 38.7289, GNorm = 0.3230, lr_0 = 1.3355e-04
Loss = 2.4739e-02, PNorm = 38.7325, GNorm = 0.1351, lr_0 = 1.3226e-04
Loss = 2.4127e-02, PNorm = 38.7369, GNorm = 0.0345, lr_0 = 1.3099e-04
Loss = 3.3702e-02, PNorm = 38.7424, GNorm = 0.0711, lr_0 = 1.2973e-04
Loss = 4.8609e-02, PNorm = 38.7447, GNorm = 0.1352, lr_0 = 1.2848e-04
Loss = 2.0746e-02, PNorm = 38.7517, GNorm = 0.2010, lr_0 = 1.2724e-04
Loss = 2.3259e-02, PNorm = 38.7586, GNorm = 0.3621, lr_0 = 1.2601e-04
Loss = 6.0892e-02, PNorm = 38.7569, GNorm = 0.3446, lr_0 = 1.2480e-04
Validation auc = 0.916276
Epoch 27
Loss = 1.9945e-02, PNorm = 38.7649, GNorm = 0.1015, lr_0 = 1.2360e-04
Loss = 3.2194e-02, PNorm = 38.7743, GNorm = 0.5756, lr_0 = 1.2241e-04
Loss = 3.0258e-02, PNorm = 38.7766, GNorm = 0.4740, lr_0 = 1.2123e-04
Loss = 2.5545e-02, PNorm = 38.7777, GNorm = 0.1082, lr_0 = 1.2006e-04
Loss = 1.3333e-02, PNorm = 38.7810, GNorm = 0.2547, lr_0 = 1.1891e-04
Loss = 4.9846e-02, PNorm = 38.7833, GNorm = 0.3660, lr_0 = 1.1776e-04
Loss = 2.5286e-02, PNorm = 38.7884, GNorm = 0.2798, lr_0 = 1.1663e-04
Loss = 4.6497e-02, PNorm = 38.7905, GNorm = 0.1231, lr_0 = 1.1551e-04
Validation auc = 0.913885
Epoch 28
Loss = 4.9034e-02, PNorm = 38.7931, GNorm = 0.3125, lr_0 = 1.1428e-04
Loss = 3.4033e-02, PNorm = 38.7975, GNorm = 0.2385, lr_0 = 1.1318e-04
Loss = 3.9233e-02, PNorm = 38.8034, GNorm = 0.1148, lr_0 = 1.1209e-04
Loss = 3.2704e-02, PNorm = 38.8101, GNorm = 0.1374, lr_0 = 1.1101e-04
Loss = 1.2829e-02, PNorm = 38.8166, GNorm = 0.0549, lr_0 = 1.0995e-04
Loss = 2.2711e-02, PNorm = 38.8201, GNorm = 0.4201, lr_0 = 1.0889e-04
Loss = 1.6391e-02, PNorm = 38.8225, GNorm = 0.1912, lr_0 = 1.0784e-04
Loss = 3.9572e-02, PNorm = 38.8230, GNorm = 0.1258, lr_0 = 1.0680e-04
Loss = 2.5042e-02, PNorm = 38.8290, GNorm = 0.4086, lr_0 = 1.0577e-04
Validation auc = 0.915285
Epoch 29
Loss = 2.5482e-02, PNorm = 38.8351, GNorm = 0.1305, lr_0 = 1.0475e-04
Loss = 1.1304e-02, PNorm = 38.8392, GNorm = 0.0197, lr_0 = 1.0374e-04
Loss = 3.1610e-02, PNorm = 38.8406, GNorm = 0.5199, lr_0 = 1.0275e-04
Loss = 5.7156e-02, PNorm = 38.8376, GNorm = 0.4269, lr_0 = 1.0176e-04
Loss = 3.6999e-02, PNorm = 38.8436, GNorm = 0.3310, lr_0 = 1.0078e-04
Loss = 2.4968e-02, PNorm = 38.8493, GNorm = 0.4538, lr_0 = 1.0000e-04
Loss = 3.4308e-02, PNorm = 38.8522, GNorm = 0.4947, lr_0 = 1.0000e-04
Loss = 2.1955e-02, PNorm = 38.8567, GNorm = 0.1752, lr_0 = 1.0000e-04
Validation auc = 0.917280
Model 0 best validation auc = 0.919460 on epoch 21
Loading pretrained parameter "encoder.encoder.0.cached_zero_vector".
Loading pretrained parameter "encoder.encoder.0.W_i.weight".
Loading pretrained parameter "encoder.encoder.0.W_h.weight".
Loading pretrained parameter "encoder.encoder.0.W_o.weight".
Loading pretrained parameter "encoder.encoder.0.W_o.bias".
Loading pretrained parameter "ffn.1.weight".
Loading pretrained parameter "ffn.1.bias".
Loading pretrained parameter "ffn.4.weight".
Loading pretrained parameter "ffn.4.bias".
Moving model to cuda
Model 0 test auc = 0.841502
Ensemble test auc = 0.841502
3-fold cross validation
	Seed 0 ==> test auc = 0.786299
	Seed 1 ==> test auc = 0.897673
	Seed 2 ==> test auc = 0.841502
Overall test auc = 0.841825 +/- 0.045469
Elapsed time = 0:10:50
