Command line
python /home/jackievaleri8/.conda/envs/chemprop/bin/chemprop_train --init_lr 0.0001 --dropout 0.4 --hidden_size 1500 --ffn_num_layers 2 --depth 5 --save_dir round3finalval08162021_models/143 --data_path round3finalval08162021_TRAIN.csv --dataset_type classification --features_path round3finalval08162021_TRAINFTS.npz --no_features_scaling --num_folds 3 --ensemble_size 1 --split_type scaffold_balanced --split_sizes 0.8 0.1 0.1 --smiles_columns SMILES --ignore_columns Name --gpu 0
Args
{'activation': 'ReLU',
 'aggregation': 'mean',
 'aggregation_norm': 100,
 'atom_descriptor_scaling': True,
 'atom_descriptors': None,
 'atom_descriptors_path': None,
 'atom_descriptors_size': 0,
 'atom_features_size': 0,
 'atom_messages': False,
 'batch_size': 50,
 'bias': False,
 'bond_feature_scaling': True,
 'bond_features_path': None,
 'bond_features_size': 0,
 'cache_cutoff': 10000,
 'checkpoint_dir': None,
 'checkpoint_path': None,
 'checkpoint_paths': None,
 'class_balance': False,
 'config_path': None,
 'crossval_index_dir': None,
 'crossval_index_file': None,
 'crossval_index_sets': None,
 'cuda': True,
 'data_path': 'round3finalval08162021_TRAIN.csv',
 'dataset_type': 'classification',
 'depth': 5,
 'device': device(type='cuda', index=0),
 'dropout': 0.4,
 'empty_cache': False,
 'ensemble_size': 1,
 'epochs': 30,
 'explicit_h': False,
 'extra_metrics': [],
 'features_generator': None,
 'features_only': False,
 'features_path': ['round3finalval08162021_TRAINFTS.npz'],
 'features_scaling': False,
 'features_size': None,
 'ffn_hidden_size': 1500,
 'ffn_num_layers': 2,
 'final_lr': 0.0001,
 'folds_file': None,
 'gpu': 0,
 'grad_clip': None,
 'hidden_size': 1500,
 'ignore_columns': ['Name'],
 'init_lr': 0.0001,
 'log_frequency': 10,
 'max_data_size': None,
 'max_lr': 0.001,
 'metric': 'auc',
 'metrics': ['auc'],
 'minimize_score': False,
 'mpn_shared': False,
 'multiclass_num_classes': 3,
 'no_atom_descriptor_scaling': False,
 'no_bond_features_scaling': False,
 'no_cache_mol': False,
 'no_cuda': False,
 'no_features_scaling': True,
 'num_folds': 3,
 'num_lrs': 1,
 'num_tasks': 2,
 'num_workers': 8,
 'number_of_molecules': 1,
 'overwrite_default_atom_features': False,
 'overwrite_default_bond_features': False,
 'pytorch_seed': 0,
 'quiet': False,
 'reaction': False,
 'reaction_mode': 'reac_diff',
 'resume_experiment': False,
 'save_dir': 'round3finalval08162021_models/143',
 'save_preds': False,
 'save_smiles_splits': False,
 'seed': 0,
 'separate_test_atom_descriptors_path': None,
 'separate_test_bond_features_path': None,
 'separate_test_features_path': None,
 'separate_test_path': None,
 'separate_val_atom_descriptors_path': None,
 'separate_val_bond_features_path': None,
 'separate_val_features_path': None,
 'separate_val_path': None,
 'show_individual_scores': False,
 'smiles_columns': ['SMILES'],
 'split_sizes': (0.8, 0.1, 0.1),
 'split_type': 'scaffold_balanced',
 'target_columns': None,
 'task_names': ['hit_inh', 'hit_kill'],
 'test': False,
 'test_fold_index': None,
 'train_data_size': None,
 'undirected': False,
 'use_input_features': True,
 'val_fold_index': None,
 'warmup_epochs': 2.0}
Loading data
Warning: 23 SMILES are invalid.
Number of tasks = 2
Fold 0
Splitting data with seed 0
Total scaffolds = 3,467 | train scaffolds = 2,650 | val scaffolds = 433 | test scaffolds = 384
Label averages per scaffold, in decreasing order of scaffold frequency,capped at 10 scaffolds and 20 labels:
Scaffold 0
Task 0: count = 381 | target average = 0.018373
Task 1: count = 381 | target average = 0.013123


Scaffold 1
Task 0: count = 305 | target average = 0.009836
Task 1: count = 305 | target average = 0.016393


Scaffold 2
Task 0: count = 36 | target average = 0.000000
Task 1: count = 36 | target average = 0.000000


Scaffold 3
Task 0: count = 29 | target average = 0.000000
Task 1: count = 29 | target average = 0.000000


Scaffold 4
Task 0: count = 26 | target average = 0.000000
Task 1: count = 26 | target average = 0.000000


Scaffold 5
Task 0: count = 23 | target average = 0.000000
Task 1: count = 23 | target average = 0.000000


Scaffold 6
Task 0: count = 22 | target average = 0.090909
Task 1: count = 22 | target average = 0.090909


Scaffold 7
Task 0: count = 20 | target average = 0.000000
Task 1: count = 20 | target average = 0.000000


Scaffold 8
Task 0: count = 20 | target average = 0.000000
Task 1: count = 20 | target average = 0.000000


Scaffold 9
Task 0: count = 20 | target average = 0.050000
Task 1: count = 20 | target average = 0.000000


Class sizes
hit_inh 0: 97.83%, 1: 2.17%
hit_kill 0: 98.64%, 1: 1.36%
Total size = 5,353 | train size = 4,282 | val size = 535 | test size = 536
Building model 0
MoleculeModel(
  (sigmoid): Sigmoid()
  (encoder): MPN(
    (encoder): ModuleList(
      (0): MPNEncoder(
        (dropout_layer): Dropout(p=0.4, inplace=False)
        (act_func): ReLU()
        (W_i): Linear(in_features=147, out_features=1500, bias=False)
        (W_h): Linear(in_features=1500, out_features=1500, bias=False)
        (W_o): Linear(in_features=1633, out_features=1500, bias=True)
      )
    )
  )
  (ffn): Sequential(
    (0): Dropout(p=0.4, inplace=False)
    (1): Linear(in_features=1700, out_features=1500, bias=True)
    (2): ReLU()
    (3): Dropout(p=0.4, inplace=False)
    (4): Linear(in_features=1500, out_features=2, bias=True)
  )
)
Number of parameters = 7,476,002
Moving model to cuda
Epoch 0
Loss = 2.8831e-01, PNorm = 70.2069, GNorm = 2.4214, lr_0 = 1.5824e-04
Loss = 8.6811e-02, PNorm = 70.2182, GNorm = 0.3561, lr_0 = 2.1118e-04
Loss = 9.7790e-02, PNorm = 70.2350, GNorm = 0.8688, lr_0 = 2.6412e-04
Loss = 1.0211e-01, PNorm = 70.2464, GNorm = 0.2869, lr_0 = 3.1706e-04
Loss = 9.0433e-02, PNorm = 70.2648, GNorm = 0.6091, lr_0 = 3.7000e-04
Loss = 6.5807e-02, PNorm = 70.2829, GNorm = 0.3270, lr_0 = 4.2294e-04
Loss = 6.5747e-02, PNorm = 70.2998, GNorm = 0.2889, lr_0 = 4.7588e-04
Loss = 6.4719e-02, PNorm = 70.3228, GNorm = 0.2218, lr_0 = 5.2882e-04
Validation auc = 0.651282
Epoch 1
Loss = 3.4670e-02, PNorm = 70.3617, GNorm = 0.0913, lr_0 = 5.8706e-04
Loss = 9.9141e-02, PNorm = 70.3904, GNorm = 0.3428, lr_0 = 6.4000e-04
Loss = 8.8300e-02, PNorm = 70.4484, GNorm = 0.1741, lr_0 = 6.9294e-04
Loss = 9.8413e-02, PNorm = 70.5053, GNorm = 0.2536, lr_0 = 7.4588e-04
Loss = 9.2084e-02, PNorm = 70.5661, GNorm = 0.1923, lr_0 = 7.9882e-04
Loss = 6.2627e-02, PNorm = 70.6317, GNorm = 0.1997, lr_0 = 8.5176e-04
Loss = 9.1237e-02, PNorm = 70.6845, GNorm = 0.2388, lr_0 = 9.0471e-04
Loss = 9.4548e-02, PNorm = 70.7451, GNorm = 0.2658, lr_0 = 9.5765e-04
Loss = 9.7743e-02, PNorm = 70.8181, GNorm = 0.2751, lr_0 = 9.9807e-04
Validation auc = 0.863598
Epoch 2
Loss = 7.1640e-02, PNorm = 70.8943, GNorm = 0.0837, lr_0 = 9.8846e-04
Loss = 5.8033e-02, PNorm = 70.9609, GNorm = 0.1049, lr_0 = 9.7894e-04
Loss = 6.5912e-02, PNorm = 71.0185, GNorm = 0.2233, lr_0 = 9.6952e-04
Loss = 8.2449e-02, PNorm = 71.0798, GNorm = 0.6107, lr_0 = 9.6018e-04
Loss = 7.2356e-02, PNorm = 71.1625, GNorm = 0.3306, lr_0 = 9.5094e-04
Loss = 9.0626e-02, PNorm = 71.2293, GNorm = 0.2981, lr_0 = 9.4178e-04
Loss = 1.3148e-01, PNorm = 71.3164, GNorm = 0.6344, lr_0 = 9.3271e-04
Loss = 6.3350e-02, PNorm = 71.3936, GNorm = 0.3842, lr_0 = 9.2373e-04
Validation auc = 0.883854
Epoch 3
Loss = 7.6003e-02, PNorm = 71.4630, GNorm = 0.3620, lr_0 = 9.1395e-04
Loss = 9.2181e-02, PNorm = 71.5338, GNorm = 0.2731, lr_0 = 9.0515e-04
Loss = 7.3478e-02, PNorm = 71.6105, GNorm = 0.4219, lr_0 = 8.9644e-04
Loss = 7.3926e-02, PNorm = 71.6883, GNorm = 0.1731, lr_0 = 8.8781e-04
Loss = 8.0319e-02, PNorm = 71.7607, GNorm = 0.3895, lr_0 = 8.7926e-04
Loss = 8.0204e-02, PNorm = 71.8498, GNorm = 0.2273, lr_0 = 8.7080e-04
Loss = 4.7277e-02, PNorm = 71.9313, GNorm = 0.1530, lr_0 = 8.6241e-04
Loss = 6.3063e-02, PNorm = 71.9883, GNorm = 0.1614, lr_0 = 8.5411e-04
Loss = 7.4301e-02, PNorm = 72.0486, GNorm = 0.1557, lr_0 = 8.4588e-04
Validation auc = 0.911339
Epoch 4
Loss = 6.7273e-02, PNorm = 72.1236, GNorm = 0.1718, lr_0 = 8.3774e-04
Loss = 6.2374e-02, PNorm = 72.1956, GNorm = 0.2035, lr_0 = 8.2967e-04
Loss = 7.4630e-02, PNorm = 72.2734, GNorm = 0.2317, lr_0 = 8.2169e-04
Loss = 8.0751e-02, PNorm = 72.3372, GNorm = 0.4171, lr_0 = 8.1377e-04
Loss = 8.8279e-02, PNorm = 72.3902, GNorm = 0.2365, lr_0 = 8.0594e-04
Loss = 4.9764e-02, PNorm = 72.4535, GNorm = 0.1552, lr_0 = 7.9818e-04
Loss = 6.1580e-02, PNorm = 72.5147, GNorm = 0.1066, lr_0 = 7.9050e-04
Loss = 5.7461e-02, PNorm = 72.5673, GNorm = 0.1682, lr_0 = 7.8288e-04
Validation auc = 0.935972
Epoch 5
Loss = 7.3679e-02, PNorm = 72.6078, GNorm = 0.2457, lr_0 = 7.7535e-04
Loss = 5.7740e-02, PNorm = 72.6607, GNorm = 0.2000, lr_0 = 7.6788e-04
Loss = 9.7452e-02, PNorm = 72.7130, GNorm = 0.4578, lr_0 = 7.6049e-04
Loss = 8.5423e-02, PNorm = 72.7968, GNorm = 0.3589, lr_0 = 7.5317e-04
Loss = 5.2420e-02, PNorm = 72.8747, GNorm = 0.2543, lr_0 = 7.4591e-04
Loss = 5.9362e-02, PNorm = 72.9336, GNorm = 0.4597, lr_0 = 7.3873e-04
Loss = 8.0270e-02, PNorm = 72.9671, GNorm = 0.2404, lr_0 = 7.3162e-04
Loss = 3.2604e-02, PNorm = 73.0358, GNorm = 0.0375, lr_0 = 7.2458e-04
Loss = 8.1854e-02, PNorm = 73.0724, GNorm = 0.3742, lr_0 = 7.1760e-04
Validation auc = 0.939410
Epoch 6
Loss = 4.0918e-02, PNorm = 73.1463, GNorm = 0.2780, lr_0 = 7.1000e-04
Loss = 7.2989e-02, PNorm = 73.1751, GNorm = 0.1488, lr_0 = 7.0317e-04
Loss = 5.6540e-02, PNorm = 73.2384, GNorm = 0.1058, lr_0 = 6.9640e-04
Loss = 5.9649e-02, PNorm = 73.2824, GNorm = 0.1246, lr_0 = 6.8969e-04
Loss = 6.3590e-02, PNorm = 73.3211, GNorm = 0.1622, lr_0 = 6.8305e-04
Loss = 7.5896e-02, PNorm = 73.3690, GNorm = 0.1588, lr_0 = 6.7648e-04
Loss = 5.7897e-02, PNorm = 73.4150, GNorm = 0.2012, lr_0 = 6.6996e-04
Loss = 6.9134e-02, PNorm = 73.4673, GNorm = 0.3378, lr_0 = 6.6351e-04
Validation auc = 0.968280
Epoch 7
Loss = 2.4887e-02, PNorm = 73.5331, GNorm = 0.1383, lr_0 = 6.5712e-04
Loss = 6.9731e-02, PNorm = 73.6006, GNorm = 0.3282, lr_0 = 6.5080e-04
Loss = 6.3641e-02, PNorm = 73.6890, GNorm = 0.1560, lr_0 = 6.4453e-04
Loss = 4.6279e-02, PNorm = 73.7705, GNorm = 0.3011, lr_0 = 6.3833e-04
Loss = 5.3694e-02, PNorm = 73.8134, GNorm = 0.2282, lr_0 = 6.3218e-04
Loss = 6.3004e-02, PNorm = 73.8634, GNorm = 0.1761, lr_0 = 6.2609e-04
Loss = 4.1306e-02, PNorm = 73.9299, GNorm = 0.2826, lr_0 = 6.2006e-04
Loss = 4.1884e-02, PNorm = 73.9781, GNorm = 0.1730, lr_0 = 6.1409e-04
Loss = 6.2407e-02, PNorm = 74.0169, GNorm = 0.5940, lr_0 = 6.0818e-04
Validation auc = 0.961565
Epoch 8
Loss = 4.0029e-02, PNorm = 74.0645, GNorm = 0.1653, lr_0 = 6.0233e-04
Loss = 6.1541e-02, PNorm = 74.1262, GNorm = 0.2569, lr_0 = 5.9653e-04
Loss = 6.2812e-02, PNorm = 74.1867, GNorm = 0.0965, lr_0 = 5.9078e-04
Loss = 4.2820e-02, PNorm = 74.2434, GNorm = 0.2049, lr_0 = 5.8510e-04
Loss = 5.1057e-02, PNorm = 74.2834, GNorm = 0.3580, lr_0 = 5.7946e-04
Loss = 5.5089e-02, PNorm = 74.3325, GNorm = 0.1339, lr_0 = 5.7388e-04
Loss = 2.6719e-02, PNorm = 74.3769, GNorm = 0.1596, lr_0 = 5.6836e-04
Loss = 6.9707e-02, PNorm = 74.4097, GNorm = 0.2465, lr_0 = 5.6289e-04
Loss = 6.9222e-02, PNorm = 74.4734, GNorm = 0.4258, lr_0 = 5.5747e-04
Loss = 1.4762e-02, PNorm = 74.4787, GNorm = 0.1594, lr_0 = 5.5693e-04
Validation auc = 0.944312
Epoch 9
Loss = 5.5894e-02, PNorm = 74.5523, GNorm = 0.3004, lr_0 = 5.5156e-04
Loss = 3.8711e-02, PNorm = 74.6194, GNorm = 0.0520, lr_0 = 5.4625e-04
Loss = 3.2016e-02, PNorm = 74.6521, GNorm = 0.1017, lr_0 = 5.4100e-04
Loss = 4.9017e-02, PNorm = 74.6820, GNorm = 0.5207, lr_0 = 5.3579e-04
Loss = 4.3677e-02, PNorm = 74.7229, GNorm = 0.2124, lr_0 = 5.3063e-04
Loss = 5.4489e-02, PNorm = 74.7495, GNorm = 0.3126, lr_0 = 5.2552e-04
Loss = 5.3339e-02, PNorm = 74.7925, GNorm = 0.2583, lr_0 = 5.2046e-04
Loss = 5.1063e-02, PNorm = 74.8188, GNorm = 0.4343, lr_0 = 5.1545e-04
Validation auc = 0.969687
Epoch 10
Loss = 5.6801e-02, PNorm = 74.8644, GNorm = 0.6852, lr_0 = 5.1049e-04
Loss = 3.6492e-02, PNorm = 74.9047, GNorm = 0.3133, lr_0 = 5.0557e-04
Loss = 6.0670e-02, PNorm = 74.9425, GNorm = 0.3533, lr_0 = 5.0070e-04
Loss = 6.2419e-02, PNorm = 74.9746, GNorm = 0.3745, lr_0 = 4.9588e-04
Loss = 3.9232e-02, PNorm = 75.0157, GNorm = 0.1616, lr_0 = 4.9111e-04
Loss = 3.8230e-02, PNorm = 75.0581, GNorm = 0.2506, lr_0 = 4.8638e-04
Loss = 7.1382e-02, PNorm = 75.0996, GNorm = 0.3314, lr_0 = 4.8170e-04
Loss = 3.2512e-02, PNorm = 75.1469, GNorm = 0.1505, lr_0 = 4.7706e-04
Loss = 4.5166e-02, PNorm = 75.1835, GNorm = 0.2851, lr_0 = 4.7247e-04
Validation auc = 0.960549
Epoch 11
Loss = 3.3771e-02, PNorm = 75.2351, GNorm = 0.3250, lr_0 = 4.6792e-04
Loss = 5.4509e-02, PNorm = 75.2579, GNorm = 0.3078, lr_0 = 4.6341e-04
Loss = 4.9539e-02, PNorm = 75.2939, GNorm = 0.4583, lr_0 = 4.5895e-04
Loss = 4.1125e-02, PNorm = 75.3257, GNorm = 0.0966, lr_0 = 4.5453e-04
Loss = 4.8133e-02, PNorm = 75.3558, GNorm = 0.1917, lr_0 = 4.5015e-04
Loss = 4.9738e-02, PNorm = 75.3936, GNorm = 0.4477, lr_0 = 4.4582e-04
Loss = 5.5105e-02, PNorm = 75.4394, GNorm = 0.1335, lr_0 = 4.4153e-04
Loss = 3.2941e-02, PNorm = 75.4916, GNorm = 0.3146, lr_0 = 4.3728e-04
Validation auc = 0.967292
Epoch 12
Loss = 2.8102e-02, PNorm = 75.5183, GNorm = 0.0898, lr_0 = 4.3265e-04
Loss = 4.3401e-02, PNorm = 75.5468, GNorm = 0.4700, lr_0 = 4.2848e-04
Loss = 3.5665e-02, PNorm = 75.5817, GNorm = 0.4020, lr_0 = 4.2436e-04
Loss = 4.5045e-02, PNorm = 75.6196, GNorm = 0.1036, lr_0 = 4.2027e-04
Loss = 1.7031e-02, PNorm = 75.6566, GNorm = 0.0984, lr_0 = 4.1622e-04
Loss = 4.3689e-02, PNorm = 75.6705, GNorm = 0.3285, lr_0 = 4.1222e-04
Loss = 4.9063e-02, PNorm = 75.7032, GNorm = 0.0640, lr_0 = 4.0825e-04
Loss = 5.4681e-02, PNorm = 75.7405, GNorm = 0.0895, lr_0 = 4.0432e-04
Loss = 4.9503e-02, PNorm = 75.7652, GNorm = 0.3722, lr_0 = 4.0042e-04
Validation auc = 0.966762
Epoch 13
Loss = 3.5269e-02, PNorm = 75.7976, GNorm = 0.1228, lr_0 = 3.9657e-04
Loss = 5.5159e-02, PNorm = 75.8212, GNorm = 0.1110, lr_0 = 3.9275e-04
Loss = 4.2697e-02, PNorm = 75.8706, GNorm = 0.1582, lr_0 = 3.8897e-04
Loss = 6.2950e-03, PNorm = 75.9135, GNorm = 0.0378, lr_0 = 3.8522e-04
Loss = 7.0154e-02, PNorm = 75.9166, GNorm = 0.3724, lr_0 = 3.8152e-04
Loss = 3.2414e-02, PNorm = 75.9524, GNorm = 0.2878, lr_0 = 3.7784e-04
Loss = 5.0247e-02, PNorm = 75.9781, GNorm = 0.4033, lr_0 = 3.7420e-04
Loss = 3.7000e-02, PNorm = 76.0043, GNorm = 0.2980, lr_0 = 3.7060e-04
Validation auc = 0.966765
Epoch 14
Loss = 3.4862e-02, PNorm = 76.0368, GNorm = 0.2744, lr_0 = 3.6668e-04
Loss = 3.6415e-02, PNorm = 76.0635, GNorm = 0.2157, lr_0 = 3.6315e-04
Loss = 3.8111e-02, PNorm = 76.0906, GNorm = 0.5046, lr_0 = 3.5965e-04
Loss = 4.2312e-02, PNorm = 76.1197, GNorm = 0.4309, lr_0 = 3.5619e-04
Loss = 1.7065e-02, PNorm = 76.1457, GNorm = 0.1086, lr_0 = 3.5276e-04
Loss = 4.1435e-02, PNorm = 76.1729, GNorm = 0.3453, lr_0 = 3.4936e-04
Loss = 6.6290e-02, PNorm = 76.1773, GNorm = 0.3522, lr_0 = 3.4600e-04
Loss = 3.6691e-02, PNorm = 76.2134, GNorm = 0.1945, lr_0 = 3.4267e-04
Loss = 5.1964e-02, PNorm = 76.2383, GNorm = 0.3382, lr_0 = 3.3937e-04
Validation auc = 0.969878
Epoch 15
Loss = 3.4672e-02, PNorm = 76.2632, GNorm = 0.2773, lr_0 = 3.3610e-04
Loss = 3.1676e-02, PNorm = 76.3058, GNorm = 0.3019, lr_0 = 3.3287e-04
Loss = 2.9148e-02, PNorm = 76.3278, GNorm = 0.1828, lr_0 = 3.2966e-04
Loss = 4.1248e-02, PNorm = 76.3342, GNorm = 0.3410, lr_0 = 3.2649e-04
Loss = 4.1230e-02, PNorm = 76.3613, GNorm = 0.2088, lr_0 = 3.2334e-04
Loss = 2.0368e-02, PNorm = 76.3928, GNorm = 0.2611, lr_0 = 3.2023e-04
Loss = 3.6504e-02, PNorm = 76.4094, GNorm = 0.1192, lr_0 = 3.1715e-04
Loss = 4.5340e-02, PNorm = 76.4271, GNorm = 0.1942, lr_0 = 3.1409e-04
Loss = 4.5214e-02, PNorm = 76.4615, GNorm = 0.1863, lr_0 = 3.1107e-04
Validation auc = 0.961628
Epoch 16
Loss = 2.3355e-02, PNorm = 76.4918, GNorm = 0.3211, lr_0 = 3.0807e-04
Loss = 4.1521e-02, PNorm = 76.5051, GNorm = 0.1411, lr_0 = 3.0511e-04
Loss = 1.8827e-02, PNorm = 76.5357, GNorm = 0.1245, lr_0 = 3.0217e-04
Loss = 4.2551e-02, PNorm = 76.5462, GNorm = 0.4979, lr_0 = 2.9926e-04
Loss = 2.8890e-02, PNorm = 76.5694, GNorm = 0.0913, lr_0 = 2.9638e-04
Loss = 4.4195e-02, PNorm = 76.6035, GNorm = 0.5072, lr_0 = 2.9353e-04
Loss = 3.7352e-02, PNorm = 76.6245, GNorm = 0.1469, lr_0 = 2.9070e-04
Loss = 2.3434e-02, PNorm = 76.6451, GNorm = 0.1265, lr_0 = 2.8790e-04
Validation auc = 0.956361
Epoch 17
Loss = 1.7213e-02, PNorm = 76.6712, GNorm = 0.1978, lr_0 = 2.8485e-04
Loss = 3.8910e-02, PNorm = 76.6980, GNorm = 0.5425, lr_0 = 2.8211e-04
Loss = 2.5602e-02, PNorm = 76.7202, GNorm = 0.3944, lr_0 = 2.7939e-04
Loss = 3.8634e-02, PNorm = 76.7469, GNorm = 0.0963, lr_0 = 2.7670e-04
Loss = 1.7068e-02, PNorm = 76.7730, GNorm = 0.1226, lr_0 = 2.7404e-04
Loss = 2.9638e-02, PNorm = 76.7818, GNorm = 0.2136, lr_0 = 2.7140e-04
Loss = 5.0195e-02, PNorm = 76.8029, GNorm = 0.2679, lr_0 = 2.6879e-04
Loss = 2.2783e-02, PNorm = 76.8291, GNorm = 0.3781, lr_0 = 2.6620e-04
Loss = 2.8819e-02, PNorm = 76.8393, GNorm = 0.1950, lr_0 = 2.6364e-04
Validation auc = 0.965316
Epoch 18
Loss = 4.7200e-02, PNorm = 76.8599, GNorm = 0.3306, lr_0 = 2.6110e-04
Loss = 3.0328e-02, PNorm = 76.8932, GNorm = 0.1686, lr_0 = 2.5859e-04
Loss = 2.8214e-02, PNorm = 76.9115, GNorm = 0.2354, lr_0 = 2.5610e-04
Loss = 1.2619e-02, PNorm = 76.9351, GNorm = 0.0784, lr_0 = 2.5363e-04
Loss = 1.7188e-02, PNorm = 76.9526, GNorm = 0.3707, lr_0 = 2.5119e-04
Loss = 3.8509e-02, PNorm = 76.9586, GNorm = 0.1749, lr_0 = 2.4877e-04
Loss = 3.0787e-02, PNorm = 76.9775, GNorm = 0.2900, lr_0 = 2.4638e-04
Loss = 4.0315e-02, PNorm = 76.9996, GNorm = 0.1372, lr_0 = 2.4400e-04
Validation auc = 0.957450
Epoch 19
Loss = 2.8939e-02, PNorm = 77.0194, GNorm = 0.2644, lr_0 = 2.4165e-04
Loss = 2.6616e-02, PNorm = 77.0379, GNorm = 0.1188, lr_0 = 2.3933e-04
Loss = 2.3178e-02, PNorm = 77.0559, GNorm = 0.0995, lr_0 = 2.3702e-04
Loss = 2.5310e-02, PNorm = 77.0676, GNorm = 0.1845, lr_0 = 2.3474e-04
Loss = 2.7730e-02, PNorm = 77.0875, GNorm = 0.1575, lr_0 = 2.3248e-04
Loss = 2.7647e-02, PNorm = 77.1107, GNorm = 0.2067, lr_0 = 2.3024e-04
Loss = 4.3470e-02, PNorm = 77.1275, GNorm = 0.7033, lr_0 = 2.2803e-04
Loss = 1.9795e-02, PNorm = 77.1472, GNorm = 0.0573, lr_0 = 2.2583e-04
Loss = 2.5911e-02, PNorm = 77.1695, GNorm = 0.2495, lr_0 = 2.2366e-04
Validation auc = 0.945973
Epoch 20
Loss = 2.1261e-02, PNorm = 77.1864, GNorm = 0.3409, lr_0 = 2.2129e-04
Loss = 2.4023e-02, PNorm = 77.1910, GNorm = 0.2006, lr_0 = 2.1916e-04
Loss = 1.9065e-02, PNorm = 77.2113, GNorm = 0.2019, lr_0 = 2.1705e-04
Loss = 2.9702e-02, PNorm = 77.2285, GNorm = 0.0386, lr_0 = 2.1496e-04
Loss = 1.4421e-02, PNorm = 77.2432, GNorm = 0.0464, lr_0 = 2.1289e-04
Loss = 2.5333e-02, PNorm = 77.2613, GNorm = 0.0486, lr_0 = 2.1084e-04
Loss = 4.3117e-02, PNorm = 77.2726, GNorm = 0.1440, lr_0 = 2.0881e-04
Loss = 4.2515e-02, PNorm = 77.2958, GNorm = 0.5499, lr_0 = 2.0680e-04
Validation auc = 0.947918
Epoch 21
Loss = 3.5042e-02, PNorm = 77.3147, GNorm = 0.3032, lr_0 = 2.0481e-04
Loss = 2.3683e-02, PNorm = 77.3298, GNorm = 0.1635, lr_0 = 2.0283e-04
Loss = 2.3572e-02, PNorm = 77.3479, GNorm = 0.2885, lr_0 = 2.0088e-04
Loss = 1.7297e-02, PNorm = 77.3691, GNorm = 0.2374, lr_0 = 1.9895e-04
Loss = 2.4405e-02, PNorm = 77.3803, GNorm = 0.2306, lr_0 = 1.9703e-04
Loss = 1.9584e-02, PNorm = 77.4002, GNorm = 0.0772, lr_0 = 1.9514e-04
Loss = 4.1966e-02, PNorm = 77.4248, GNorm = 0.7311, lr_0 = 1.9326e-04
Loss = 2.7040e-02, PNorm = 77.4307, GNorm = 0.5755, lr_0 = 1.9140e-04
Loss = 1.9589e-02, PNorm = 77.4486, GNorm = 0.1099, lr_0 = 1.8955e-04
Validation auc = 0.952186
Epoch 22
Loss = 2.1642e-02, PNorm = 77.4568, GNorm = 0.1390, lr_0 = 1.8773e-04
Loss = 1.3673e-02, PNorm = 77.4675, GNorm = 0.0915, lr_0 = 1.8592e-04
Loss = 2.8486e-02, PNorm = 77.4792, GNorm = 0.1151, lr_0 = 1.8413e-04
Loss = 2.6398e-02, PNorm = 77.4886, GNorm = 0.1231, lr_0 = 1.8236e-04
Loss = 2.4958e-02, PNorm = 77.4973, GNorm = 0.3769, lr_0 = 1.8060e-04
Loss = 2.7009e-02, PNorm = 77.5118, GNorm = 0.0760, lr_0 = 1.7886e-04
Loss = 1.4034e-02, PNorm = 77.5260, GNorm = 0.0637, lr_0 = 1.7714e-04
Loss = 1.8683e-02, PNorm = 77.5370, GNorm = 0.0644, lr_0 = 1.7544e-04
Validation auc = 0.964946
Epoch 23
Loss = 7.2808e-02, PNorm = 77.5464, GNorm = 0.4475, lr_0 = 1.7358e-04
Loss = 2.1436e-02, PNorm = 77.5614, GNorm = 0.2212, lr_0 = 1.7191e-04
Loss = 2.1295e-02, PNorm = 77.5754, GNorm = 0.1564, lr_0 = 1.7025e-04
Loss = 1.9250e-02, PNorm = 77.5860, GNorm = 0.2722, lr_0 = 1.6861e-04
Loss = 2.5084e-02, PNorm = 77.5980, GNorm = 0.2231, lr_0 = 1.6699e-04
Loss = 1.5108e-02, PNorm = 77.6088, GNorm = 0.0235, lr_0 = 1.6538e-04
Loss = 2.4907e-02, PNorm = 77.6172, GNorm = 0.0865, lr_0 = 1.6379e-04
Loss = 2.2702e-02, PNorm = 77.6239, GNorm = 0.5127, lr_0 = 1.6221e-04
Loss = 1.8834e-02, PNorm = 77.6390, GNorm = 0.1178, lr_0 = 1.6065e-04
Validation auc = 0.951370
Epoch 24
Loss = 1.9282e-02, PNorm = 77.6479, GNorm = 0.3974, lr_0 = 1.5910e-04
Loss = 2.0113e-02, PNorm = 77.6582, GNorm = 0.0370, lr_0 = 1.5757e-04
Loss = 1.7139e-02, PNorm = 77.6714, GNorm = 0.3432, lr_0 = 1.5605e-04
Loss = 2.0742e-02, PNorm = 77.6808, GNorm = 0.1780, lr_0 = 1.5455e-04
Loss = 2.9119e-02, PNorm = 77.6917, GNorm = 0.1601, lr_0 = 1.5306e-04
Loss = 2.2175e-02, PNorm = 77.6972, GNorm = 0.4926, lr_0 = 1.5159e-04
Loss = 2.0388e-02, PNorm = 77.7146, GNorm = 0.1978, lr_0 = 1.5013e-04
Loss = 1.5496e-02, PNorm = 77.7265, GNorm = 0.0460, lr_0 = 1.4869e-04
Loss = 1.8681e-02, PNorm = 77.7289, GNorm = 0.2757, lr_0 = 1.4725e-04
Validation auc = 0.947578
Epoch 25
Loss = 1.5002e-02, PNorm = 77.7368, GNorm = 0.2900, lr_0 = 1.4584e-04
Loss = 2.1028e-02, PNorm = 77.7440, GNorm = 0.1967, lr_0 = 1.4443e-04
Loss = 8.0733e-03, PNorm = 77.7581, GNorm = 0.0549, lr_0 = 1.4304e-04
Loss = 2.3321e-02, PNorm = 77.7709, GNorm = 0.6722, lr_0 = 1.4166e-04
Loss = 1.5605e-02, PNorm = 77.7786, GNorm = 0.5011, lr_0 = 1.4030e-04
Loss = 1.4943e-02, PNorm = 77.7830, GNorm = 0.0242, lr_0 = 1.3895e-04
Loss = 1.6621e-02, PNorm = 77.7875, GNorm = 0.0847, lr_0 = 1.3761e-04
Loss = 2.2634e-02, PNorm = 77.7966, GNorm = 0.6533, lr_0 = 1.3629e-04
Validation auc = 0.930141
Epoch 26
Loss = 2.7937e-02, PNorm = 77.8033, GNorm = 0.6503, lr_0 = 1.3484e-04
Loss = 7.3532e-03, PNorm = 77.8163, GNorm = 0.0785, lr_0 = 1.3355e-04
Loss = 3.0272e-02, PNorm = 77.8196, GNorm = 0.0819, lr_0 = 1.3226e-04
Loss = 2.3350e-02, PNorm = 77.8323, GNorm = 0.0249, lr_0 = 1.3099e-04
Loss = 2.0285e-02, PNorm = 77.8444, GNorm = 0.2195, lr_0 = 1.2973e-04
Loss = 1.9916e-02, PNorm = 77.8530, GNorm = 0.6949, lr_0 = 1.2848e-04
Loss = 1.7357e-02, PNorm = 77.8589, GNorm = 0.1968, lr_0 = 1.2724e-04
Loss = 1.2826e-02, PNorm = 77.8706, GNorm = 0.2134, lr_0 = 1.2601e-04
Loss = 1.6433e-02, PNorm = 77.8776, GNorm = 0.2679, lr_0 = 1.2480e-04
Validation auc = 0.945929
Epoch 27
Loss = 1.3717e-02, PNorm = 77.8786, GNorm = 0.2321, lr_0 = 1.2360e-04
Loss = 1.4710e-02, PNorm = 77.8872, GNorm = 0.4700, lr_0 = 1.2241e-04
Loss = 2.4608e-02, PNorm = 77.9016, GNorm = 1.4942, lr_0 = 1.2123e-04
Loss = 1.4059e-02, PNorm = 77.9098, GNorm = 0.5210, lr_0 = 1.2006e-04
Loss = 2.8893e-02, PNorm = 77.9164, GNorm = 0.5710, lr_0 = 1.1891e-04
Loss = 1.3612e-02, PNorm = 77.9200, GNorm = 0.2266, lr_0 = 1.1776e-04
Loss = 1.5967e-02, PNorm = 77.9291, GNorm = 0.1514, lr_0 = 1.1663e-04
Loss = 2.5747e-02, PNorm = 77.9317, GNorm = 0.4243, lr_0 = 1.1551e-04
Validation auc = 0.955124
Epoch 28
Loss = 2.8470e-02, PNorm = 77.9368, GNorm = 0.2709, lr_0 = 1.1428e-04
Loss = 1.4788e-02, PNorm = 77.9440, GNorm = 0.3055, lr_0 = 1.1318e-04
Loss = 1.3159e-02, PNorm = 77.9531, GNorm = 0.0845, lr_0 = 1.1209e-04
Loss = 2.4843e-02, PNorm = 77.9554, GNorm = 0.1342, lr_0 = 1.1101e-04
Loss = 9.1460e-03, PNorm = 77.9638, GNorm = 0.2078, lr_0 = 1.0995e-04
Loss = 1.0045e-02, PNorm = 77.9701, GNorm = 0.0157, lr_0 = 1.0889e-04
Loss = 2.4242e-02, PNorm = 77.9715, GNorm = 0.0614, lr_0 = 1.0784e-04
Loss = 1.4216e-02, PNorm = 77.9775, GNorm = 0.1218, lr_0 = 1.0680e-04
Loss = 2.6461e-02, PNorm = 77.9843, GNorm = 0.2941, lr_0 = 1.0577e-04
Validation auc = 0.941017
Epoch 29
Loss = 1.8593e-02, PNorm = 77.9887, GNorm = 0.3358, lr_0 = 1.0475e-04
Loss = 9.1839e-03, PNorm = 77.9968, GNorm = 0.0375, lr_0 = 1.0374e-04
Loss = 1.3933e-02, PNorm = 78.0016, GNorm = 0.0801, lr_0 = 1.0275e-04
Loss = 1.9262e-02, PNorm = 78.0044, GNorm = 0.2359, lr_0 = 1.0176e-04
Loss = 1.6096e-02, PNorm = 78.0116, GNorm = 0.6830, lr_0 = 1.0078e-04
Loss = 1.5051e-02, PNorm = 78.0193, GNorm = 0.2611, lr_0 = 1.0000e-04
Loss = 1.6384e-02, PNorm = 78.0252, GNorm = 0.1032, lr_0 = 1.0000e-04
Loss = 2.6770e-02, PNorm = 78.0269, GNorm = 0.4411, lr_0 = 1.0000e-04
Validation auc = 0.948729
Model 0 best validation auc = 0.969878 on epoch 14
Loading pretrained parameter "encoder.encoder.0.cached_zero_vector".
Loading pretrained parameter "encoder.encoder.0.W_i.weight".
Loading pretrained parameter "encoder.encoder.0.W_h.weight".
Loading pretrained parameter "encoder.encoder.0.W_o.weight".
Loading pretrained parameter "encoder.encoder.0.W_o.bias".
Loading pretrained parameter "ffn.1.weight".
Loading pretrained parameter "ffn.1.bias".
Loading pretrained parameter "ffn.4.weight".
Loading pretrained parameter "ffn.4.bias".
Moving model to cuda
Model 0 test auc = 0.795391
Ensemble test auc = 0.795391
Fold 1
Splitting data with seed 1
Total scaffolds = 3,467 | train scaffolds = 2,658 | val scaffolds = 399 | test scaffolds = 410
Label averages per scaffold, in decreasing order of scaffold frequency,capped at 10 scaffolds and 20 labels:
Scaffold 0
Task 0: count = 381 | target average = 0.018373
Task 1: count = 381 | target average = 0.013123


Scaffold 1
Task 0: count = 305 | target average = 0.009836
Task 1: count = 305 | target average = 0.016393


Scaffold 2
Task 0: count = 36 | target average = 0.000000
Task 1: count = 36 | target average = 0.000000


Scaffold 3
Task 0: count = 29 | target average = 0.000000
Task 1: count = 29 | target average = 0.000000


Scaffold 4
Task 0: count = 26 | target average = 0.000000
Task 1: count = 26 | target average = 0.000000


Scaffold 5
Task 0: count = 23 | target average = 0.000000
Task 1: count = 23 | target average = 0.000000


Scaffold 6
Task 0: count = 22 | target average = 0.090909
Task 1: count = 22 | target average = 0.090909


Scaffold 7
Task 0: count = 20 | target average = 0.050000
Task 1: count = 20 | target average = 0.000000


Scaffold 8
Task 0: count = 20 | target average = 0.000000
Task 1: count = 20 | target average = 0.000000


Scaffold 9
Task 0: count = 20 | target average = 0.000000
Task 1: count = 20 | target average = 0.000000


Class sizes
hit_inh 0: 97.83%, 1: 2.17%
hit_kill 0: 98.64%, 1: 1.36%
Total size = 5,353 | train size = 4,282 | val size = 535 | test size = 536
Building model 0
MoleculeModel(
  (sigmoid): Sigmoid()
  (encoder): MPN(
    (encoder): ModuleList(
      (0): MPNEncoder(
        (dropout_layer): Dropout(p=0.4, inplace=False)
        (act_func): ReLU()
        (W_i): Linear(in_features=147, out_features=1500, bias=False)
        (W_h): Linear(in_features=1500, out_features=1500, bias=False)
        (W_o): Linear(in_features=1633, out_features=1500, bias=True)
      )
    )
  )
  (ffn): Sequential(
    (0): Dropout(p=0.4, inplace=False)
    (1): Linear(in_features=1700, out_features=1500, bias=True)
    (2): ReLU()
    (3): Dropout(p=0.4, inplace=False)
    (4): Linear(in_features=1500, out_features=2, bias=True)
  )
)
Number of parameters = 7,476,002
Moving model to cuda
Epoch 0
Loss = 2.1529e-01, PNorm = 70.2099, GNorm = 0.0183, lr_0 = 1.5824e-04
Loss = 1.2732e-01, PNorm = 70.2205, GNorm = 0.4323, lr_0 = 2.1118e-04
Loss = 8.2712e-02, PNorm = 70.2369, GNorm = 0.6647, lr_0 = 2.6412e-04
Loss = 7.1170e-02, PNorm = 70.2517, GNorm = 0.1324, lr_0 = 3.1706e-04
Loss = 8.9934e-02, PNorm = 70.2649, GNorm = 0.2204, lr_0 = 3.7000e-04
Loss = 1.0718e-01, PNorm = 70.2817, GNorm = 0.2170, lr_0 = 4.2294e-04
Loss = 1.0432e-01, PNorm = 70.3062, GNorm = 0.2717, lr_0 = 4.7588e-04
Loss = 1.0259e-01, PNorm = 70.3342, GNorm = 0.2240, lr_0 = 5.2882e-04
Validation auc = 0.813169
Epoch 1
Loss = 4.6034e-02, PNorm = 70.3766, GNorm = 0.2844, lr_0 = 5.8706e-04
Loss = 9.4344e-02, PNorm = 70.4152, GNorm = 0.2900, lr_0 = 6.4000e-04
Loss = 1.0630e-01, PNorm = 70.4629, GNorm = 0.4608, lr_0 = 6.9294e-04
Loss = 9.5274e-02, PNorm = 70.5293, GNorm = 0.2883, lr_0 = 7.4588e-04
Loss = 6.9642e-02, PNorm = 70.5906, GNorm = 0.3211, lr_0 = 7.9882e-04
Loss = 6.3148e-02, PNorm = 70.6444, GNorm = 0.1708, lr_0 = 8.5176e-04
Loss = 8.4348e-02, PNorm = 70.6997, GNorm = 0.1937, lr_0 = 9.0471e-04
Loss = 9.1447e-02, PNorm = 70.7627, GNorm = 0.2257, lr_0 = 9.5765e-04
Loss = 1.1259e-01, PNorm = 70.8479, GNorm = 0.3846, lr_0 = 9.9807e-04
Validation auc = 0.854641
Epoch 2
Loss = 7.5068e-02, PNorm = 70.9534, GNorm = 0.0698, lr_0 = 9.8846e-04
Loss = 9.5581e-02, PNorm = 71.0244, GNorm = 0.3464, lr_0 = 9.7894e-04
Loss = 8.2659e-02, PNorm = 71.1134, GNorm = 0.0803, lr_0 = 9.6952e-04
Loss = 8.0653e-02, PNorm = 71.1731, GNorm = 0.2594, lr_0 = 9.6018e-04
Loss = 5.5700e-02, PNorm = 71.2558, GNorm = 0.1774, lr_0 = 9.5094e-04
Loss = 6.7628e-02, PNorm = 71.3007, GNorm = 0.1776, lr_0 = 9.4178e-04
Loss = 9.0658e-02, PNorm = 71.3441, GNorm = 0.2105, lr_0 = 9.3271e-04
Loss = 7.5199e-02, PNorm = 71.4041, GNorm = 0.3951, lr_0 = 9.2373e-04
Validation auc = 0.833358
Epoch 3
Loss = 1.2397e-01, PNorm = 71.4658, GNorm = 0.3412, lr_0 = 9.1395e-04
Loss = 9.3148e-02, PNorm = 71.5270, GNorm = 0.3364, lr_0 = 9.0515e-04
Loss = 5.0654e-02, PNorm = 71.5856, GNorm = 0.2280, lr_0 = 8.9644e-04
Loss = 6.6936e-02, PNorm = 71.6289, GNorm = 0.3323, lr_0 = 8.8781e-04
Loss = 6.8756e-02, PNorm = 71.6775, GNorm = 0.1466, lr_0 = 8.7926e-04
Loss = 7.3372e-02, PNorm = 71.7281, GNorm = 0.2641, lr_0 = 8.7080e-04
Loss = 7.1100e-02, PNorm = 71.7772, GNorm = 0.2946, lr_0 = 8.6241e-04
Loss = 1.0313e-01, PNorm = 71.8353, GNorm = 0.2701, lr_0 = 8.5411e-04
Loss = 6.6731e-02, PNorm = 71.8931, GNorm = 0.1788, lr_0 = 8.4588e-04
Validation auc = 0.801650
Epoch 4
Loss = 3.8860e-02, PNorm = 71.9543, GNorm = 0.0749, lr_0 = 8.3774e-04
Loss = 7.3819e-02, PNorm = 71.9990, GNorm = 0.4930, lr_0 = 8.2967e-04
Loss = 8.5421e-02, PNorm = 72.0596, GNorm = 0.1308, lr_0 = 8.2169e-04
Loss = 6.3746e-02, PNorm = 72.1246, GNorm = 0.3517, lr_0 = 8.1377e-04
Loss = 7.9328e-02, PNorm = 72.1702, GNorm = 0.2281, lr_0 = 8.0594e-04
Loss = 6.2951e-02, PNorm = 72.2438, GNorm = 0.4432, lr_0 = 7.9818e-04
Loss = 8.2333e-02, PNorm = 72.2760, GNorm = 0.1978, lr_0 = 7.9050e-04
Loss = 8.7994e-02, PNorm = 72.3399, GNorm = 0.1555, lr_0 = 7.8288e-04
Validation auc = 0.836558
Epoch 5
Loss = 4.4006e-02, PNorm = 72.4239, GNorm = 0.2542, lr_0 = 7.7535e-04
Loss = 5.7616e-02, PNorm = 72.4621, GNorm = 0.1780, lr_0 = 7.6788e-04
Loss = 5.4948e-02, PNorm = 72.5349, GNorm = 0.1697, lr_0 = 7.6049e-04
Loss = 6.0279e-02, PNorm = 72.6188, GNorm = 0.2537, lr_0 = 7.5317e-04
Loss = 7.4484e-02, PNorm = 72.6961, GNorm = 0.2209, lr_0 = 7.4591e-04
Loss = 8.3035e-02, PNorm = 72.7825, GNorm = 0.4225, lr_0 = 7.3873e-04
Loss = 8.5001e-02, PNorm = 72.8543, GNorm = 0.4471, lr_0 = 7.3162e-04
Loss = 6.8881e-02, PNorm = 72.9148, GNorm = 0.1507, lr_0 = 7.2458e-04
Loss = 7.7242e-02, PNorm = 72.9665, GNorm = 0.2279, lr_0 = 7.1760e-04
Validation auc = 0.836584
Epoch 6
Loss = 7.9793e-02, PNorm = 73.0323, GNorm = 0.2355, lr_0 = 7.1000e-04
Loss = 8.5078e-02, PNorm = 73.0989, GNorm = 0.3113, lr_0 = 7.0317e-04
Loss = 4.3506e-02, PNorm = 73.1675, GNorm = 0.2474, lr_0 = 6.9640e-04
Loss = 5.6885e-02, PNorm = 73.2123, GNorm = 0.2865, lr_0 = 6.8969e-04
Loss = 5.6529e-02, PNorm = 73.2686, GNorm = 0.0696, lr_0 = 6.8305e-04
Loss = 6.3892e-02, PNorm = 73.2961, GNorm = 0.2033, lr_0 = 6.7648e-04
Loss = 6.4063e-02, PNorm = 73.3510, GNorm = 0.4387, lr_0 = 6.6996e-04
Loss = 8.5888e-02, PNorm = 73.3873, GNorm = 0.2735, lr_0 = 6.6351e-04
Validation auc = 0.758844
Epoch 7
Loss = 1.5378e-02, PNorm = 73.4572, GNorm = 0.1308, lr_0 = 6.5712e-04
Loss = 5.3966e-02, PNorm = 73.5326, GNorm = 0.1256, lr_0 = 6.5080e-04
Loss = 7.4686e-02, PNorm = 73.5897, GNorm = 0.5048, lr_0 = 6.4453e-04
Loss = 8.0745e-02, PNorm = 73.6484, GNorm = 0.3701, lr_0 = 6.3833e-04
Loss = 6.5294e-02, PNorm = 73.7066, GNorm = 0.1573, lr_0 = 6.3218e-04
Loss = 4.5632e-02, PNorm = 73.7751, GNorm = 0.9954, lr_0 = 6.2609e-04
Loss = 5.6209e-02, PNorm = 73.8378, GNorm = 0.1798, lr_0 = 6.2006e-04
Loss = 5.9479e-02, PNorm = 73.9123, GNorm = 0.4451, lr_0 = 6.1409e-04
Loss = 6.5262e-02, PNorm = 73.9378, GNorm = 0.2039, lr_0 = 6.0818e-04
Validation auc = 0.868370
Epoch 8
Loss = 3.5467e-02, PNorm = 74.0096, GNorm = 0.0727, lr_0 = 6.0233e-04
Loss = 5.3130e-02, PNorm = 74.0516, GNorm = 0.0916, lr_0 = 5.9653e-04
Loss = 5.7563e-02, PNorm = 74.0879, GNorm = 0.1497, lr_0 = 5.9078e-04
Loss = 4.7900e-02, PNorm = 74.1353, GNorm = 0.1328, lr_0 = 5.8510e-04
Loss = 5.2942e-02, PNorm = 74.1862, GNorm = 0.0888, lr_0 = 5.7946e-04
Loss = 5.4756e-02, PNorm = 74.2280, GNorm = 0.2205, lr_0 = 5.7388e-04
Loss = 4.7898e-02, PNorm = 74.2900, GNorm = 0.0917, lr_0 = 5.6836e-04
Loss = 6.3852e-02, PNorm = 74.3445, GNorm = 0.1698, lr_0 = 5.6289e-04
Loss = 9.1080e-02, PNorm = 74.3941, GNorm = 0.3892, lr_0 = 5.5747e-04
Loss = 1.5397e-02, PNorm = 74.3995, GNorm = 0.1482, lr_0 = 5.5693e-04
Validation auc = 0.726447
Epoch 9
Loss = 3.6210e-02, PNorm = 74.4614, GNorm = 0.5915, lr_0 = 5.5156e-04
Loss = 6.7858e-02, PNorm = 74.5217, GNorm = 0.1451, lr_0 = 5.4625e-04
Loss = 7.0850e-02, PNorm = 74.5786, GNorm = 0.2176, lr_0 = 5.4100e-04
Loss = 5.6258e-02, PNorm = 74.6333, GNorm = 0.4454, lr_0 = 5.3579e-04
Loss = 7.5522e-02, PNorm = 74.6653, GNorm = 0.1964, lr_0 = 5.3063e-04
Loss = 4.1594e-02, PNorm = 74.7241, GNorm = 0.1524, lr_0 = 5.2552e-04
Loss = 4.2837e-02, PNorm = 74.7709, GNorm = 0.2209, lr_0 = 5.2046e-04
Loss = 6.5203e-02, PNorm = 74.8217, GNorm = 0.2410, lr_0 = 5.1545e-04
Validation auc = 0.856653
Epoch 10
Loss = 3.0817e-02, PNorm = 74.8666, GNorm = 0.2810, lr_0 = 5.1049e-04
Loss = 3.6567e-02, PNorm = 74.9112, GNorm = 0.1606, lr_0 = 5.0557e-04
Loss = 3.4954e-02, PNorm = 74.9553, GNorm = 0.3395, lr_0 = 5.0070e-04
Loss = 6.4519e-02, PNorm = 75.0089, GNorm = 0.2295, lr_0 = 4.9588e-04
Loss = 6.5807e-02, PNorm = 75.0360, GNorm = 0.6721, lr_0 = 4.9111e-04
Loss = 7.2680e-02, PNorm = 75.0733, GNorm = 0.4639, lr_0 = 4.8638e-04
Loss = 5.5304e-02, PNorm = 75.1177, GNorm = 0.2496, lr_0 = 4.8170e-04
Loss = 5.2781e-02, PNorm = 75.1525, GNorm = 0.1896, lr_0 = 4.7706e-04
Loss = 5.9595e-02, PNorm = 75.1926, GNorm = 0.1303, lr_0 = 4.7247e-04
Validation auc = 0.835906
Epoch 11
Loss = 3.4728e-02, PNorm = 75.2269, GNorm = 0.0511, lr_0 = 4.6792e-04
Loss = 2.1305e-02, PNorm = 75.2647, GNorm = 0.1889, lr_0 = 4.6341e-04
Loss = 4.4500e-02, PNorm = 75.2908, GNorm = 0.2596, lr_0 = 4.5895e-04
Loss = 6.6013e-02, PNorm = 75.3272, GNorm = 0.2175, lr_0 = 4.5453e-04
Loss = 5.6476e-02, PNorm = 75.3826, GNorm = 0.1195, lr_0 = 4.5015e-04
Loss = 3.1531e-02, PNorm = 75.4199, GNorm = 0.0892, lr_0 = 4.4582e-04
Loss = 6.7324e-02, PNorm = 75.4463, GNorm = 0.3476, lr_0 = 4.4153e-04
Loss = 3.5492e-02, PNorm = 75.5009, GNorm = 0.1607, lr_0 = 4.3728e-04
Validation auc = 0.833478
Epoch 12
Loss = 3.1263e-02, PNorm = 75.5371, GNorm = 0.2061, lr_0 = 4.3265e-04
Loss = 3.9889e-02, PNorm = 75.5945, GNorm = 0.3094, lr_0 = 4.2848e-04
Loss = 4.1617e-02, PNorm = 75.6219, GNorm = 0.3728, lr_0 = 4.2436e-04
Loss = 2.1791e-02, PNorm = 75.6494, GNorm = 0.0868, lr_0 = 4.2027e-04
Loss = 5.6166e-02, PNorm = 75.6717, GNorm = 0.3971, lr_0 = 4.1622e-04
Loss = 3.8413e-02, PNorm = 75.7013, GNorm = 0.3101, lr_0 = 4.1222e-04
Loss = 8.4383e-02, PNorm = 75.7314, GNorm = 0.3325, lr_0 = 4.0825e-04
Loss = 4.9977e-02, PNorm = 75.7773, GNorm = 0.2389, lr_0 = 4.0432e-04
Loss = 5.0858e-02, PNorm = 75.8071, GNorm = 0.5462, lr_0 = 4.0042e-04
Validation auc = 0.837013
Epoch 13
Loss = 4.2054e-02, PNorm = 75.8449, GNorm = 0.2209, lr_0 = 3.9657e-04
Loss = 2.9031e-02, PNorm = 75.8875, GNorm = 0.0543, lr_0 = 3.9275e-04
Loss = 3.7502e-02, PNorm = 75.9087, GNorm = 0.2008, lr_0 = 3.8897e-04
Loss = 4.7603e-02, PNorm = 75.9397, GNorm = 0.2516, lr_0 = 3.8522e-04
Loss = 4.9009e-02, PNorm = 75.9696, GNorm = 0.2649, lr_0 = 3.8152e-04
Loss = 4.3356e-02, PNorm = 76.0019, GNorm = 0.2370, lr_0 = 3.7784e-04
Loss = 5.1268e-02, PNorm = 76.0398, GNorm = 0.3265, lr_0 = 3.7420e-04
Loss = 4.8105e-02, PNorm = 76.0773, GNorm = 0.2802, lr_0 = 3.7060e-04
Validation auc = 0.849753
Epoch 14
Loss = 3.2409e-02, PNorm = 76.1159, GNorm = 0.2469, lr_0 = 3.6668e-04
Loss = 2.2185e-02, PNorm = 76.1606, GNorm = 0.1632, lr_0 = 3.6315e-04
Loss = 6.9717e-02, PNorm = 76.1774, GNorm = 0.3164, lr_0 = 3.5965e-04
Loss = 2.7967e-02, PNorm = 76.2349, GNorm = 0.1990, lr_0 = 3.5619e-04
Loss = 3.2411e-02, PNorm = 76.2815, GNorm = 0.2281, lr_0 = 3.5276e-04
Loss = 2.7980e-02, PNorm = 76.3171, GNorm = 0.2182, lr_0 = 3.4936e-04
Loss = 7.0747e-02, PNorm = 76.3510, GNorm = 0.2565, lr_0 = 3.4600e-04
Loss = 3.4709e-02, PNorm = 76.3969, GNorm = 0.2272, lr_0 = 3.4267e-04
Loss = 2.7426e-02, PNorm = 76.4250, GNorm = 0.2582, lr_0 = 3.3937e-04
Validation auc = 0.873955
Epoch 15
Loss = 6.5069e-02, PNorm = 76.4400, GNorm = 0.2694, lr_0 = 3.3610e-04
Loss = 2.9469e-02, PNorm = 76.4767, GNorm = 0.0726, lr_0 = 3.3287e-04
Loss = 4.1686e-02, PNorm = 76.4936, GNorm = 0.2129, lr_0 = 3.2966e-04
Loss = 3.4848e-02, PNorm = 76.5096, GNorm = 0.2290, lr_0 = 3.2649e-04
Loss = 2.4237e-02, PNorm = 76.5444, GNorm = 0.3361, lr_0 = 3.2334e-04
Loss = 4.2186e-02, PNorm = 76.5673, GNorm = 0.0958, lr_0 = 3.2023e-04
Loss = 3.5293e-02, PNorm = 76.5877, GNorm = 0.3835, lr_0 = 3.1715e-04
Loss = 3.3566e-02, PNorm = 76.6120, GNorm = 0.5362, lr_0 = 3.1409e-04
Loss = 4.8545e-02, PNorm = 76.6502, GNorm = 0.0696, lr_0 = 3.1107e-04
Validation auc = 0.849502
Epoch 16
Loss = 3.4132e-02, PNorm = 76.6817, GNorm = 0.1754, lr_0 = 3.0807e-04
Loss = 3.2985e-02, PNorm = 76.7020, GNorm = 0.0566, lr_0 = 3.0511e-04
Loss = 3.8311e-02, PNorm = 76.7242, GNorm = 0.1010, lr_0 = 3.0217e-04
Loss = 3.1535e-02, PNorm = 76.7490, GNorm = 0.2048, lr_0 = 2.9926e-04
Loss = 3.6500e-02, PNorm = 76.7703, GNorm = 0.1745, lr_0 = 2.9638e-04
Loss = 5.2173e-02, PNorm = 76.7973, GNorm = 0.2791, lr_0 = 2.9353e-04
Loss = 3.0684e-02, PNorm = 76.8247, GNorm = 0.7547, lr_0 = 2.9070e-04
Loss = 1.6445e-02, PNorm = 76.8535, GNorm = 0.2068, lr_0 = 2.8790e-04
Validation auc = 0.821805
Epoch 17
Loss = 2.3963e-02, PNorm = 76.8911, GNorm = 0.0367, lr_0 = 2.8485e-04
Loss = 5.1695e-02, PNorm = 76.9110, GNorm = 0.5967, lr_0 = 2.8211e-04
Loss = 4.1235e-02, PNorm = 76.9467, GNorm = 0.1540, lr_0 = 2.7939e-04
Loss = 4.6575e-02, PNorm = 76.9683, GNorm = 0.3097, lr_0 = 2.7670e-04
Loss = 1.9242e-02, PNorm = 76.9942, GNorm = 0.0986, lr_0 = 2.7404e-04
Loss = 2.3910e-02, PNorm = 77.0043, GNorm = 0.1178, lr_0 = 2.7140e-04
Loss = 4.1524e-02, PNorm = 77.0125, GNorm = 0.3330, lr_0 = 2.6879e-04
Loss = 3.0825e-02, PNorm = 77.0414, GNorm = 0.2887, lr_0 = 2.6620e-04
Loss = 3.9490e-02, PNorm = 77.0643, GNorm = 0.3895, lr_0 = 2.6364e-04
Validation auc = 0.794142
Epoch 18
Loss = 2.9569e-02, PNorm = 77.0897, GNorm = 0.1250, lr_0 = 2.6110e-04
Loss = 2.8593e-02, PNorm = 77.1031, GNorm = 0.3892, lr_0 = 2.5859e-04
Loss = 4.9853e-02, PNorm = 77.1228, GNorm = 0.3247, lr_0 = 2.5610e-04
Loss = 3.9185e-02, PNorm = 77.1633, GNorm = 1.6826, lr_0 = 2.5363e-04
Loss = 4.9402e-02, PNorm = 77.1729, GNorm = 0.3133, lr_0 = 2.5119e-04
Loss = 3.2976e-02, PNorm = 77.2103, GNorm = 0.0775, lr_0 = 2.4877e-04
Loss = 3.2993e-02, PNorm = 77.2328, GNorm = 0.2107, lr_0 = 2.4638e-04
Loss = 2.1584e-02, PNorm = 77.2515, GNorm = 0.3720, lr_0 = 2.4400e-04
Validation auc = 0.867180
Epoch 19
Loss = 3.0157e-02, PNorm = 77.2608, GNorm = 0.2670, lr_0 = 2.4165e-04
Loss = 3.1958e-02, PNorm = 77.2696, GNorm = 0.1984, lr_0 = 2.3933e-04
Loss = 2.4404e-02, PNorm = 77.2809, GNorm = 0.0711, lr_0 = 2.3702e-04
Loss = 2.1978e-02, PNorm = 77.2957, GNorm = 0.3083, lr_0 = 2.3474e-04
Loss = 1.9868e-02, PNorm = 77.3136, GNorm = 0.2266, lr_0 = 2.3248e-04
Loss = 4.6751e-02, PNorm = 77.3273, GNorm = 0.1427, lr_0 = 2.3024e-04
Loss = 3.4872e-02, PNorm = 77.3566, GNorm = 0.5007, lr_0 = 2.2803e-04
Loss = 1.9730e-02, PNorm = 77.3846, GNorm = 0.3242, lr_0 = 2.2583e-04
Loss = 2.3811e-02, PNorm = 77.3908, GNorm = 0.0509, lr_0 = 2.2366e-04
Validation auc = 0.871618
Epoch 20
Loss = 3.0617e-02, PNorm = 77.4121, GNorm = 0.3326, lr_0 = 2.2129e-04
Loss = 1.9211e-02, PNorm = 77.4348, GNorm = 0.1390, lr_0 = 2.1916e-04
Loss = 2.8814e-02, PNorm = 77.4451, GNorm = 0.1658, lr_0 = 2.1705e-04
Loss = 1.8624e-02, PNorm = 77.4578, GNorm = 0.1987, lr_0 = 2.1496e-04
Loss = 3.4618e-02, PNorm = 77.4752, GNorm = 0.2729, lr_0 = 2.1289e-04
Loss = 2.2748e-02, PNorm = 77.4884, GNorm = 0.2340, lr_0 = 2.1084e-04
Loss = 1.4507e-02, PNorm = 77.5052, GNorm = 0.1393, lr_0 = 2.0881e-04
Loss = 2.5859e-02, PNorm = 77.5155, GNorm = 0.2452, lr_0 = 2.0680e-04
Validation auc = 0.850210
Epoch 21
Loss = 2.4704e-02, PNorm = 77.5190, GNorm = 0.5566, lr_0 = 2.0481e-04
Loss = 3.3032e-02, PNorm = 77.5466, GNorm = 0.5816, lr_0 = 2.0283e-04
Loss = 1.8532e-02, PNorm = 77.5580, GNorm = 0.0810, lr_0 = 2.0088e-04
Loss = 3.3395e-02, PNorm = 77.5632, GNorm = 0.2368, lr_0 = 1.9895e-04
Loss = 2.6447e-02, PNorm = 77.5822, GNorm = 0.1967, lr_0 = 1.9703e-04
Loss = 2.8578e-02, PNorm = 77.5955, GNorm = 0.1314, lr_0 = 1.9514e-04
Loss = 3.2843e-02, PNorm = 77.6173, GNorm = 0.1207, lr_0 = 1.9326e-04
Loss = 1.9203e-02, PNorm = 77.6276, GNorm = 0.1418, lr_0 = 1.9140e-04
Loss = 2.8712e-02, PNorm = 77.6367, GNorm = 1.0075, lr_0 = 1.8955e-04
Validation auc = 0.872721
Epoch 22
Loss = 1.7077e-02, PNorm = 77.6488, GNorm = 0.2440, lr_0 = 1.8773e-04
Loss = 3.5635e-02, PNorm = 77.6596, GNorm = 0.1582, lr_0 = 1.8592e-04
Loss = 1.4271e-02, PNorm = 77.6750, GNorm = 0.1610, lr_0 = 1.8413e-04
Loss = 2.1950e-02, PNorm = 77.6920, GNorm = 0.0410, lr_0 = 1.8236e-04
Loss = 2.3836e-02, PNorm = 77.6985, GNorm = 0.2680, lr_0 = 1.8060e-04
Loss = 2.2293e-02, PNorm = 77.7138, GNorm = 0.1508, lr_0 = 1.7886e-04
Loss = 2.9780e-02, PNorm = 77.7328, GNorm = 0.7267, lr_0 = 1.7714e-04
Loss = 3.5169e-02, PNorm = 77.7375, GNorm = 0.2187, lr_0 = 1.7544e-04
Validation auc = 0.814308
Epoch 23
Loss = 2.3640e-02, PNorm = 77.7598, GNorm = 0.2591, lr_0 = 1.7358e-04
Loss = 2.0455e-02, PNorm = 77.7772, GNorm = 0.9956, lr_0 = 1.7191e-04
Loss = 2.4958e-02, PNorm = 77.7854, GNorm = 0.3089, lr_0 = 1.7025e-04
Loss = 1.6888e-02, PNorm = 77.8002, GNorm = 0.0550, lr_0 = 1.6861e-04
Loss = 2.2914e-02, PNorm = 77.8079, GNorm = 0.0652, lr_0 = 1.6699e-04
Loss = 1.2888e-02, PNorm = 77.8249, GNorm = 0.0779, lr_0 = 1.6538e-04
Loss = 2.2495e-02, PNorm = 77.8368, GNorm = 0.3622, lr_0 = 1.6379e-04
Loss = 2.4317e-02, PNorm = 77.8382, GNorm = 0.2333, lr_0 = 1.6221e-04
Loss = 3.6910e-02, PNorm = 77.8490, GNorm = 0.4193, lr_0 = 1.6065e-04
Validation auc = 0.842211
Epoch 24
Loss = 3.3606e-02, PNorm = 77.8658, GNorm = 0.3679, lr_0 = 1.5910e-04
Loss = 1.8067e-02, PNorm = 77.8773, GNorm = 0.1026, lr_0 = 1.5757e-04
Loss = 3.1747e-02, PNorm = 77.8875, GNorm = 0.1672, lr_0 = 1.5605e-04
Loss = 1.8579e-02, PNorm = 77.9004, GNorm = 0.1807, lr_0 = 1.5455e-04
Loss = 2.2380e-02, PNorm = 77.9089, GNorm = 0.1045, lr_0 = 1.5306e-04
Loss = 2.0214e-02, PNorm = 77.9190, GNorm = 0.1312, lr_0 = 1.5159e-04
Loss = 3.2195e-02, PNorm = 77.9272, GNorm = 0.7308, lr_0 = 1.5013e-04
Loss = 1.4865e-02, PNorm = 77.9350, GNorm = 0.0358, lr_0 = 1.4869e-04
Loss = 1.8068e-02, PNorm = 77.9468, GNorm = 0.0364, lr_0 = 1.4725e-04
Validation auc = 0.831134
Epoch 25
Loss = 2.2509e-02, PNorm = 77.9552, GNorm = 0.0828, lr_0 = 1.4584e-04
Loss = 1.4656e-02, PNorm = 77.9652, GNorm = 0.2002, lr_0 = 1.4443e-04
Loss = 2.5435e-02, PNorm = 77.9728, GNorm = 0.7378, lr_0 = 1.4304e-04
Loss = 2.5114e-02, PNorm = 77.9848, GNorm = 0.4486, lr_0 = 1.4166e-04
Loss = 1.3225e-02, PNorm = 78.0045, GNorm = 0.3208, lr_0 = 1.4030e-04
Loss = 1.7868e-02, PNorm = 78.0123, GNorm = 0.2132, lr_0 = 1.3895e-04
Loss = 2.2890e-02, PNorm = 78.0277, GNorm = 0.0439, lr_0 = 1.3761e-04
Loss = 2.0483e-02, PNorm = 78.0402, GNorm = 0.2270, lr_0 = 1.3629e-04
Validation auc = 0.824778
Epoch 26
Loss = 2.5061e-02, PNorm = 78.0431, GNorm = 0.1888, lr_0 = 1.3484e-04
Loss = 2.2242e-02, PNorm = 78.0537, GNorm = 0.2568, lr_0 = 1.3355e-04
Loss = 1.0227e-02, PNorm = 78.0648, GNorm = 0.0928, lr_0 = 1.3226e-04
Loss = 1.7061e-02, PNorm = 78.0732, GNorm = 0.0861, lr_0 = 1.3099e-04
Loss = 2.6974e-02, PNorm = 78.0717, GNorm = 0.1411, lr_0 = 1.2973e-04
Loss = 1.6658e-02, PNorm = 78.0778, GNorm = 0.1833, lr_0 = 1.2848e-04
Loss = 1.6864e-02, PNorm = 78.0901, GNorm = 0.0535, lr_0 = 1.2724e-04
Loss = 2.6594e-02, PNorm = 78.0980, GNorm = 0.1251, lr_0 = 1.2601e-04
Loss = 1.1381e-02, PNorm = 78.1025, GNorm = 0.3291, lr_0 = 1.2480e-04
Validation auc = 0.838786
Epoch 27
Loss = 2.2711e-02, PNorm = 78.1078, GNorm = 0.0700, lr_0 = 1.2360e-04
Loss = 1.0596e-02, PNorm = 78.1181, GNorm = 0.0098, lr_0 = 1.2241e-04
Loss = 8.8560e-03, PNorm = 78.1251, GNorm = 0.2957, lr_0 = 1.2123e-04
Loss = 8.7463e-03, PNorm = 78.1316, GNorm = 0.0313, lr_0 = 1.2006e-04
Loss = 1.1392e-02, PNorm = 78.1361, GNorm = 0.0905, lr_0 = 1.1891e-04
Loss = 4.0704e-02, PNorm = 78.1403, GNorm = 0.7083, lr_0 = 1.1776e-04
Loss = 2.1386e-02, PNorm = 78.1485, GNorm = 0.3969, lr_0 = 1.1663e-04
Loss = 2.4213e-02, PNorm = 78.1587, GNorm = 0.1141, lr_0 = 1.1551e-04
Validation auc = 0.842184
Epoch 28
Loss = 4.1940e-02, PNorm = 78.1545, GNorm = 0.5127, lr_0 = 1.1428e-04
Loss = 1.2781e-02, PNorm = 78.1661, GNorm = 0.1672, lr_0 = 1.1318e-04
Loss = 2.7578e-02, PNorm = 78.1762, GNorm = 0.6444, lr_0 = 1.1209e-04
Loss = 2.0152e-02, PNorm = 78.1822, GNorm = 0.1103, lr_0 = 1.1101e-04
Loss = 1.3665e-02, PNorm = 78.1880, GNorm = 0.0896, lr_0 = 1.0995e-04
Loss = 1.6818e-02, PNorm = 78.1937, GNorm = 0.0538, lr_0 = 1.0889e-04
Loss = 2.0816e-02, PNorm = 78.1986, GNorm = 0.0660, lr_0 = 1.0784e-04
Loss = 2.2291e-02, PNorm = 78.2023, GNorm = 0.1962, lr_0 = 1.0680e-04
Loss = 1.5558e-02, PNorm = 78.2131, GNorm = 0.1081, lr_0 = 1.0577e-04
Validation auc = 0.826266
Epoch 29
Loss = 1.3562e-02, PNorm = 78.2220, GNorm = 0.1933, lr_0 = 1.0475e-04
Loss = 2.5028e-02, PNorm = 78.2247, GNorm = 0.9366, lr_0 = 1.0374e-04
Loss = 2.3350e-02, PNorm = 78.2264, GNorm = 0.2387, lr_0 = 1.0275e-04
Loss = 1.2621e-02, PNorm = 78.2379, GNorm = 0.7805, lr_0 = 1.0176e-04
Loss = 1.4719e-02, PNorm = 78.2462, GNorm = 0.0252, lr_0 = 1.0078e-04
Loss = 2.3494e-02, PNorm = 78.2457, GNorm = 0.0258, lr_0 = 1.0000e-04
Loss = 2.4387e-02, PNorm = 78.2524, GNorm = 0.3200, lr_0 = 1.0000e-04
Loss = 9.2057e-03, PNorm = 78.2684, GNorm = 0.2130, lr_0 = 1.0000e-04
Validation auc = 0.812835
Model 0 best validation auc = 0.873955 on epoch 14
Loading pretrained parameter "encoder.encoder.0.cached_zero_vector".
Loading pretrained parameter "encoder.encoder.0.W_i.weight".
Loading pretrained parameter "encoder.encoder.0.W_h.weight".
Loading pretrained parameter "encoder.encoder.0.W_o.weight".
Loading pretrained parameter "encoder.encoder.0.W_o.bias".
Loading pretrained parameter "ffn.1.weight".
Loading pretrained parameter "ffn.1.bias".
Loading pretrained parameter "ffn.4.weight".
Loading pretrained parameter "ffn.4.bias".
Moving model to cuda
Model 0 test auc = 0.777661
Ensemble test auc = 0.777661
Fold 2
Splitting data with seed 2
Total scaffolds = 3,467 | train scaffolds = 2,630 | val scaffolds = 419 | test scaffolds = 418
Label averages per scaffold, in decreasing order of scaffold frequency,capped at 10 scaffolds and 20 labels:
Scaffold 0
Task 0: count = 381 | target average = 0.018373
Task 1: count = 381 | target average = 0.013123


Scaffold 1
Task 0: count = 305 | target average = 0.009836
Task 1: count = 305 | target average = 0.016393


Scaffold 2
Task 0: count = 36 | target average = 0.000000
Task 1: count = 36 | target average = 0.000000


Scaffold 3
Task 0: count = 29 | target average = 0.000000
Task 1: count = 29 | target average = 0.000000


Scaffold 4
Task 0: count = 26 | target average = 0.000000
Task 1: count = 26 | target average = 0.000000


Scaffold 5
Task 0: count = 23 | target average = 0.000000
Task 1: count = 23 | target average = 0.000000


Scaffold 6
Task 0: count = 22 | target average = 0.090909
Task 1: count = 22 | target average = 0.090909


Scaffold 7
Task 0: count = 20 | target average = 0.000000
Task 1: count = 20 | target average = 0.000000


Scaffold 8
Task 0: count = 20 | target average = 0.000000
Task 1: count = 20 | target average = 0.000000


Scaffold 9
Task 0: count = 20 | target average = 0.050000
Task 1: count = 20 | target average = 0.000000


Class sizes
hit_inh 0: 97.83%, 1: 2.17%
hit_kill 0: 98.64%, 1: 1.36%
Total size = 5,353 | train size = 4,282 | val size = 535 | test size = 536
Building model 0
MoleculeModel(
  (sigmoid): Sigmoid()
  (encoder): MPN(
    (encoder): ModuleList(
      (0): MPNEncoder(
        (dropout_layer): Dropout(p=0.4, inplace=False)
        (act_func): ReLU()
        (W_i): Linear(in_features=147, out_features=1500, bias=False)
        (W_h): Linear(in_features=1500, out_features=1500, bias=False)
        (W_o): Linear(in_features=1633, out_features=1500, bias=True)
      )
    )
  )
  (ffn): Sequential(
    (0): Dropout(p=0.4, inplace=False)
    (1): Linear(in_features=1700, out_features=1500, bias=True)
    (2): ReLU()
    (3): Dropout(p=0.4, inplace=False)
    (4): Linear(in_features=1500, out_features=2, bias=True)
  )
)
Number of parameters = 7,476,002
Moving model to cuda
Epoch 0
Loss = 2.0452e-01, PNorm = 70.2092, GNorm = 0.3609, lr_0 = 1.5824e-04
Loss = 7.8376e-02, PNorm = 70.2231, GNorm = 0.2779, lr_0 = 2.1118e-04
Loss = 1.0616e-01, PNorm = 70.2362, GNorm = 0.3556, lr_0 = 2.6412e-04
Loss = 8.5998e-02, PNorm = 70.2522, GNorm = 0.3062, lr_0 = 3.1706e-04
Loss = 7.8974e-02, PNorm = 70.2649, GNorm = 0.1710, lr_0 = 3.7000e-04
Loss = 9.6151e-02, PNorm = 70.2835, GNorm = 0.2162, lr_0 = 4.2294e-04
Loss = 9.0280e-02, PNorm = 70.3070, GNorm = 0.3810, lr_0 = 4.7588e-04
Loss = 7.7159e-02, PNorm = 70.3387, GNorm = 0.3539, lr_0 = 5.2882e-04
Validation auc = 0.783165
Epoch 1
Loss = 6.2733e-02, PNorm = 70.3777, GNorm = 0.2028, lr_0 = 5.8706e-04
Loss = 7.9552e-02, PNorm = 70.4165, GNorm = 0.4652, lr_0 = 6.4000e-04
Loss = 4.6170e-02, PNorm = 70.4655, GNorm = 0.3190, lr_0 = 6.9294e-04
Loss = 1.2062e-01, PNorm = 70.5018, GNorm = 0.4559, lr_0 = 7.4588e-04
Loss = 7.3447e-02, PNorm = 70.5709, GNorm = 0.4395, lr_0 = 7.9882e-04
Loss = 9.3859e-02, PNorm = 70.6201, GNorm = 0.2140, lr_0 = 8.5176e-04
Loss = 1.0240e-01, PNorm = 70.6821, GNorm = 0.2371, lr_0 = 9.0471e-04
Loss = 1.1545e-01, PNorm = 70.7536, GNorm = 0.3940, lr_0 = 9.5765e-04
Loss = 6.9920e-02, PNorm = 70.8370, GNorm = 0.1089, lr_0 = 9.9807e-04
Validation auc = 0.843093
Epoch 2
Loss = 7.8779e-02, PNorm = 70.9432, GNorm = 0.4197, lr_0 = 9.8846e-04
Loss = 6.6933e-02, PNorm = 71.0295, GNorm = 0.4635, lr_0 = 9.7894e-04
Loss = 9.7189e-02, PNorm = 71.1038, GNorm = 0.2372, lr_0 = 9.6952e-04
Loss = 8.0203e-02, PNorm = 71.1576, GNorm = 0.3826, lr_0 = 9.6018e-04
Loss = 1.0033e-01, PNorm = 71.2084, GNorm = 0.2724, lr_0 = 9.5094e-04
Loss = 6.5854e-02, PNorm = 71.2724, GNorm = 0.1634, lr_0 = 9.4178e-04
Loss = 4.6567e-02, PNorm = 71.3138, GNorm = 0.1072, lr_0 = 9.3271e-04
Loss = 6.7557e-02, PNorm = 71.3507, GNorm = 0.1479, lr_0 = 9.2373e-04
Validation auc = 0.818375
Epoch 3
Loss = 9.0363e-02, PNorm = 71.3996, GNorm = 0.3067, lr_0 = 9.1395e-04
Loss = 8.7788e-02, PNorm = 71.4482, GNorm = 0.2196, lr_0 = 9.0515e-04
Loss = 7.1300e-02, PNorm = 71.5150, GNorm = 0.4144, lr_0 = 8.9644e-04
Loss = 2.7822e-02, PNorm = 71.5720, GNorm = 0.0706, lr_0 = 8.8781e-04
Loss = 9.9060e-02, PNorm = 71.5906, GNorm = 0.4656, lr_0 = 8.7926e-04
Loss = 7.1708e-02, PNorm = 71.6595, GNorm = 0.0829, lr_0 = 8.7080e-04
Loss = 9.8720e-02, PNorm = 71.6966, GNorm = 0.1827, lr_0 = 8.6241e-04
Loss = 7.0407e-02, PNorm = 71.7540, GNorm = 0.1594, lr_0 = 8.5411e-04
Loss = 6.7429e-02, PNorm = 71.7938, GNorm = 0.2408, lr_0 = 8.4588e-04
Validation auc = 0.823902
Epoch 4
Loss = 3.7133e-02, PNorm = 71.8383, GNorm = 0.0834, lr_0 = 8.3774e-04
Loss = 5.4161e-02, PNorm = 71.8723, GNorm = 0.2173, lr_0 = 8.2967e-04
Loss = 7.2860e-02, PNorm = 71.9126, GNorm = 0.2238, lr_0 = 8.2169e-04
Loss = 8.9398e-02, PNorm = 71.9465, GNorm = 0.3177, lr_0 = 8.1377e-04
Loss = 9.5014e-02, PNorm = 72.0098, GNorm = 0.2270, lr_0 = 8.0594e-04
Loss = 5.8912e-02, PNorm = 72.0836, GNorm = 0.2976, lr_0 = 7.9818e-04
Loss = 8.3380e-02, PNorm = 72.1276, GNorm = 0.2396, lr_0 = 7.9050e-04
Loss = 5.1273e-02, PNorm = 72.2026, GNorm = 0.3048, lr_0 = 7.8288e-04
Validation auc = 0.846986
Epoch 5
Loss = 6.4787e-02, PNorm = 72.2444, GNorm = 0.2223, lr_0 = 7.7535e-04
Loss = 6.8797e-02, PNorm = 72.3334, GNorm = 0.1710, lr_0 = 7.6788e-04
Loss = 6.0999e-02, PNorm = 72.4005, GNorm = 0.3807, lr_0 = 7.6049e-04
Loss = 7.6357e-02, PNorm = 72.4589, GNorm = 0.1670, lr_0 = 7.5317e-04
Loss = 4.2531e-02, PNorm = 72.5202, GNorm = 0.0595, lr_0 = 7.4591e-04
Loss = 7.5971e-02, PNorm = 72.5494, GNorm = 0.3103, lr_0 = 7.3873e-04
Loss = 7.5437e-02, PNorm = 72.5891, GNorm = 0.1526, lr_0 = 7.3162e-04
Loss = 5.6475e-02, PNorm = 72.6599, GNorm = 0.1184, lr_0 = 7.2458e-04
Loss = 5.9874e-02, PNorm = 72.6927, GNorm = 0.2243, lr_0 = 7.1760e-04
Validation auc = 0.864519
Epoch 6
Loss = 5.0851e-02, PNorm = 72.7485, GNorm = 0.1447, lr_0 = 7.1000e-04
Loss = 7.8898e-02, PNorm = 72.7960, GNorm = 0.1846, lr_0 = 7.0317e-04
Loss = 7.6198e-02, PNorm = 72.8411, GNorm = 0.3532, lr_0 = 6.9640e-04
Loss = 6.6721e-02, PNorm = 72.9151, GNorm = 0.1356, lr_0 = 6.8969e-04
Loss = 5.6529e-02, PNorm = 72.9682, GNorm = 0.1442, lr_0 = 6.8305e-04
Loss = 6.3237e-02, PNorm = 73.0210, GNorm = 0.3089, lr_0 = 6.7648e-04
Loss = 6.2904e-02, PNorm = 73.0922, GNorm = 0.5293, lr_0 = 6.6996e-04
Loss = 2.2654e-02, PNorm = 73.1531, GNorm = 0.2155, lr_0 = 6.6351e-04
Validation auc = 0.858796
Epoch 7
Loss = 5.9479e-02, PNorm = 73.1959, GNorm = 0.2600, lr_0 = 6.5712e-04
Loss = 5.1907e-02, PNorm = 73.2793, GNorm = 0.3822, lr_0 = 6.5080e-04
Loss = 8.1394e-02, PNorm = 73.3358, GNorm = 0.2494, lr_0 = 6.4453e-04
Loss = 5.7916e-02, PNorm = 73.4178, GNorm = 0.3063, lr_0 = 6.3833e-04
Loss = 5.9644e-02, PNorm = 73.4584, GNorm = 0.1072, lr_0 = 6.3218e-04
Loss = 4.5506e-02, PNorm = 73.5187, GNorm = 0.0696, lr_0 = 6.2609e-04
Loss = 6.4049e-02, PNorm = 73.5615, GNorm = 0.2380, lr_0 = 6.2006e-04
Loss = 6.1762e-02, PNorm = 73.6180, GNorm = 0.4776, lr_0 = 6.1409e-04
Loss = 4.7291e-02, PNorm = 73.6713, GNorm = 0.2087, lr_0 = 6.0818e-04
Validation auc = 0.905371
Epoch 8
Loss = 3.4860e-02, PNorm = 73.7061, GNorm = 0.2453, lr_0 = 6.0233e-04
Loss = 4.4001e-02, PNorm = 73.7401, GNorm = 0.2040, lr_0 = 5.9653e-04
Loss = 6.3140e-02, PNorm = 73.7804, GNorm = 0.2824, lr_0 = 5.9078e-04
Loss = 7.7950e-02, PNorm = 73.8287, GNorm = 0.3669, lr_0 = 5.8510e-04
Loss = 5.3996e-02, PNorm = 73.8920, GNorm = 0.3150, lr_0 = 5.7946e-04
Loss = 5.8998e-02, PNorm = 73.9516, GNorm = 0.2966, lr_0 = 5.7388e-04
Loss = 6.0433e-02, PNorm = 73.9934, GNorm = 0.3104, lr_0 = 5.6836e-04
Loss = 6.1136e-02, PNorm = 74.0430, GNorm = 0.3464, lr_0 = 5.6289e-04
Loss = 5.0675e-02, PNorm = 74.0831, GNorm = 0.1269, lr_0 = 5.5747e-04
Loss = 2.3003e-02, PNorm = 74.0884, GNorm = 0.2494, lr_0 = 5.5693e-04
Validation auc = 0.903971
Epoch 9
Loss = 5.3262e-02, PNorm = 74.1423, GNorm = 0.0918, lr_0 = 5.5156e-04
Loss = 7.9457e-02, PNorm = 74.1634, GNorm = 0.2543, lr_0 = 5.4625e-04
Loss = 5.2722e-02, PNorm = 74.2099, GNorm = 0.1524, lr_0 = 5.4100e-04
Loss = 3.1427e-02, PNorm = 74.2611, GNorm = 0.2394, lr_0 = 5.3579e-04
Loss = 7.3365e-02, PNorm = 74.2934, GNorm = 0.2432, lr_0 = 5.3063e-04
Loss = 4.2696e-02, PNorm = 74.3496, GNorm = 0.2242, lr_0 = 5.2552e-04
Loss = 6.3756e-02, PNorm = 74.3829, GNorm = 0.1658, lr_0 = 5.2046e-04
Loss = 4.1831e-02, PNorm = 74.4328, GNorm = 0.2250, lr_0 = 5.1545e-04
Validation auc = 0.885846
Epoch 10
Loss = 3.4126e-02, PNorm = 74.4716, GNorm = 0.0595, lr_0 = 5.1049e-04
Loss = 6.0997e-02, PNorm = 74.5158, GNorm = 0.2008, lr_0 = 5.0557e-04
Loss = 2.7852e-02, PNorm = 74.5652, GNorm = 0.1427, lr_0 = 5.0070e-04
Loss = 2.5181e-02, PNorm = 74.5907, GNorm = 0.2374, lr_0 = 4.9588e-04
Loss = 6.7221e-02, PNorm = 74.6102, GNorm = 0.2474, lr_0 = 4.9111e-04
Loss = 6.9340e-02, PNorm = 74.6431, GNorm = 0.2386, lr_0 = 4.8638e-04
Loss = 4.8486e-02, PNorm = 74.6887, GNorm = 0.1888, lr_0 = 4.8170e-04
Loss = 4.8591e-02, PNorm = 74.7341, GNorm = 0.5484, lr_0 = 4.7706e-04
Loss = 3.1526e-02, PNorm = 74.7693, GNorm = 0.2946, lr_0 = 4.7247e-04
Validation auc = 0.906315
Epoch 11
Loss = 7.5422e-02, PNorm = 74.8182, GNorm = 0.3705, lr_0 = 4.6792e-04
Loss = 5.9341e-02, PNorm = 74.8914, GNorm = 0.3654, lr_0 = 4.6341e-04
Loss = 2.8073e-02, PNorm = 74.9225, GNorm = 0.2623, lr_0 = 4.5895e-04
Loss = 5.2582e-02, PNorm = 74.9539, GNorm = 0.0711, lr_0 = 4.5453e-04
Loss = 6.3845e-02, PNorm = 74.9809, GNorm = 0.2723, lr_0 = 4.5015e-04
Loss = 5.1867e-02, PNorm = 75.0205, GNorm = 0.0581, lr_0 = 4.4582e-04
Loss = 4.7184e-02, PNorm = 75.0507, GNorm = 0.2205, lr_0 = 4.4153e-04
Loss = 6.1866e-02, PNorm = 75.0834, GNorm = 0.2303, lr_0 = 4.3728e-04
Validation auc = 0.866888
Epoch 12
Loss = 3.7384e-02, PNorm = 75.1220, GNorm = 0.2825, lr_0 = 4.3265e-04
Loss = 3.3642e-02, PNorm = 75.1470, GNorm = 0.1625, lr_0 = 4.2848e-04
Loss = 4.1317e-02, PNorm = 75.1832, GNorm = 0.2315, lr_0 = 4.2436e-04
Loss = 1.0486e-01, PNorm = 75.2124, GNorm = 0.8514, lr_0 = 4.2027e-04
Loss = 5.2722e-02, PNorm = 75.2504, GNorm = 0.5856, lr_0 = 4.1622e-04
Loss = 3.6926e-02, PNorm = 75.3148, GNorm = 0.3260, lr_0 = 4.1222e-04
Loss = 7.0586e-02, PNorm = 75.3354, GNorm = 0.2120, lr_0 = 4.0825e-04
Loss = 6.3487e-02, PNorm = 75.3625, GNorm = 0.3520, lr_0 = 4.0432e-04
Loss = 4.8282e-02, PNorm = 75.4120, GNorm = 0.1646, lr_0 = 4.0042e-04
Validation auc = 0.898236
Epoch 13
Loss = 2.1980e-02, PNorm = 75.4442, GNorm = 0.1656, lr_0 = 3.9657e-04
Loss = 6.3308e-02, PNorm = 75.4704, GNorm = 0.1925, lr_0 = 3.9275e-04
Loss = 1.7716e-02, PNorm = 75.5082, GNorm = 0.0991, lr_0 = 3.8897e-04
Loss = 5.6519e-02, PNorm = 75.5360, GNorm = 0.5200, lr_0 = 3.8522e-04
Loss = 6.2083e-02, PNorm = 75.5668, GNorm = 0.3546, lr_0 = 3.8152e-04
Loss = 5.1714e-02, PNorm = 75.6073, GNorm = 0.4478, lr_0 = 3.7784e-04
Loss = 6.1931e-02, PNorm = 75.6185, GNorm = 0.3176, lr_0 = 3.7420e-04
Loss = 3.5968e-02, PNorm = 75.6457, GNorm = 0.1181, lr_0 = 3.7060e-04
Validation auc = 0.917850
Epoch 14
Loss = 2.6304e-02, PNorm = 75.6780, GNorm = 0.2400, lr_0 = 3.6668e-04
Loss = 3.3552e-02, PNorm = 75.7071, GNorm = 0.1400, lr_0 = 3.6315e-04
Loss = 3.8615e-02, PNorm = 75.7361, GNorm = 0.1955, lr_0 = 3.5965e-04
Loss = 2.9760e-02, PNorm = 75.7634, GNorm = 0.0954, lr_0 = 3.5619e-04
Loss = 4.8034e-02, PNorm = 75.7920, GNorm = 0.1219, lr_0 = 3.5276e-04
Loss = 4.3262e-02, PNorm = 75.8209, GNorm = 0.4073, lr_0 = 3.4936e-04
Loss = 7.6292e-02, PNorm = 75.8337, GNorm = 0.2028, lr_0 = 3.4600e-04
Loss = 3.7470e-02, PNorm = 75.8624, GNorm = 0.0904, lr_0 = 3.4267e-04
Loss = 4.2916e-02, PNorm = 75.8866, GNorm = 0.0739, lr_0 = 3.3937e-04
Validation auc = 0.916351
Epoch 15
Loss = 5.5247e-02, PNorm = 75.9102, GNorm = 0.1965, lr_0 = 3.3610e-04
Loss = 5.0733e-02, PNorm = 75.9425, GNorm = 0.0939, lr_0 = 3.3287e-04
Loss = 3.6886e-02, PNorm = 75.9671, GNorm = 0.2176, lr_0 = 3.2966e-04
Loss = 3.5038e-02, PNorm = 75.9948, GNorm = 0.0422, lr_0 = 3.2649e-04
Loss = 4.8995e-02, PNorm = 76.0081, GNorm = 0.0650, lr_0 = 3.2334e-04
Loss = 3.4882e-02, PNorm = 76.0336, GNorm = 0.1866, lr_0 = 3.2023e-04
Loss = 4.2113e-02, PNorm = 76.0649, GNorm = 0.2242, lr_0 = 3.1715e-04
Loss = 4.1010e-02, PNorm = 76.0943, GNorm = 1.2393, lr_0 = 3.1409e-04
Loss = 6.0954e-02, PNorm = 76.1177, GNorm = 0.3511, lr_0 = 3.1107e-04
Validation auc = 0.896280
Epoch 16
Loss = 4.5228e-02, PNorm = 76.1576, GNorm = 0.2819, lr_0 = 3.0807e-04
Loss = 6.1582e-02, PNorm = 76.1870, GNorm = 0.2536, lr_0 = 3.0511e-04
Loss = 4.1182e-02, PNorm = 76.2190, GNorm = 0.1792, lr_0 = 3.0217e-04
Loss = 2.4731e-02, PNorm = 76.2507, GNorm = 0.0420, lr_0 = 2.9926e-04
Loss = 4.5824e-02, PNorm = 76.2659, GNorm = 0.2595, lr_0 = 2.9638e-04
Loss = 2.6685e-02, PNorm = 76.2885, GNorm = 0.0823, lr_0 = 2.9353e-04
Loss = 3.3252e-02, PNorm = 76.3116, GNorm = 0.1156, lr_0 = 2.9070e-04
Loss = 5.0798e-02, PNorm = 76.3344, GNorm = 0.1627, lr_0 = 2.8790e-04
Validation auc = 0.920156
Epoch 17
Loss = 4.6631e-02, PNorm = 76.3639, GNorm = 0.2306, lr_0 = 2.8485e-04
Loss = 4.4819e-02, PNorm = 76.3844, GNorm = 0.1604, lr_0 = 2.8211e-04
Loss = 3.4693e-02, PNorm = 76.4137, GNorm = 0.4755, lr_0 = 2.7939e-04
Loss = 4.8141e-02, PNorm = 76.4335, GNorm = 0.2756, lr_0 = 2.7670e-04
Loss = 3.8549e-02, PNorm = 76.4613, GNorm = 0.2079, lr_0 = 2.7404e-04
Loss = 4.1130e-02, PNorm = 76.4777, GNorm = 0.1732, lr_0 = 2.7140e-04
Loss = 2.9302e-02, PNorm = 76.5032, GNorm = 0.1795, lr_0 = 2.6879e-04
Loss = 3.2871e-02, PNorm = 76.5258, GNorm = 0.2700, lr_0 = 2.6620e-04
Loss = 2.4316e-02, PNorm = 76.5478, GNorm = 0.0476, lr_0 = 2.6364e-04
Validation auc = 0.911396
Epoch 18
Loss = 4.0097e-02, PNorm = 76.5673, GNorm = 0.1775, lr_0 = 2.6110e-04
Loss = 3.4266e-02, PNorm = 76.5932, GNorm = 0.3270, lr_0 = 2.5859e-04
Loss = 3.1002e-02, PNorm = 76.6229, GNorm = 0.1308, lr_0 = 2.5610e-04
Loss = 1.3489e-02, PNorm = 76.6450, GNorm = 0.2178, lr_0 = 2.5363e-04
Loss = 4.8222e-02, PNorm = 76.6557, GNorm = 0.2918, lr_0 = 2.5119e-04
Loss = 2.9811e-02, PNorm = 76.6775, GNorm = 0.1043, lr_0 = 2.4877e-04
Loss = 5.7901e-02, PNorm = 76.6966, GNorm = 0.2116, lr_0 = 2.4638e-04
Loss = 4.7059e-02, PNorm = 76.7143, GNorm = 0.5204, lr_0 = 2.4400e-04
Validation auc = 0.925780
Epoch 19
Loss = 2.4440e-02, PNorm = 76.7372, GNorm = 0.0452, lr_0 = 2.4165e-04
Loss = 2.2882e-02, PNorm = 76.7587, GNorm = 0.3835, lr_0 = 2.3933e-04
Loss = 4.0247e-02, PNorm = 76.7721, GNorm = 0.3477, lr_0 = 2.3702e-04
Loss = 3.6511e-02, PNorm = 76.7953, GNorm = 0.1708, lr_0 = 2.3474e-04
Loss = 3.7022e-02, PNorm = 76.8180, GNorm = 0.2350, lr_0 = 2.3248e-04
Loss = 6.1173e-02, PNorm = 76.8383, GNorm = 0.2553, lr_0 = 2.3024e-04
Loss = 2.8325e-02, PNorm = 76.8605, GNorm = 0.1457, lr_0 = 2.2803e-04
Loss = 2.1916e-02, PNorm = 76.8822, GNorm = 0.1235, lr_0 = 2.2583e-04
Loss = 1.3719e-02, PNorm = 76.8987, GNorm = 0.0699, lr_0 = 2.2366e-04
Validation auc = 0.926475
Epoch 20
Loss = 3.6106e-02, PNorm = 76.9046, GNorm = 0.2419, lr_0 = 2.2129e-04
Loss = 2.4999e-02, PNorm = 76.9181, GNorm = 0.2441, lr_0 = 2.1916e-04
Loss = 2.8676e-02, PNorm = 76.9344, GNorm = 0.2888, lr_0 = 2.1705e-04
Loss = 3.4490e-02, PNorm = 76.9513, GNorm = 0.2552, lr_0 = 2.1496e-04
Loss = 2.3178e-02, PNorm = 76.9704, GNorm = 0.3708, lr_0 = 2.1289e-04
Loss = 4.0731e-02, PNorm = 76.9877, GNorm = 0.4628, lr_0 = 2.1084e-04
Loss = 3.7869e-02, PNorm = 77.0132, GNorm = 0.5031, lr_0 = 2.0881e-04
Loss = 3.6443e-02, PNorm = 77.0281, GNorm = 0.0880, lr_0 = 2.0680e-04
Validation auc = 0.906352
Epoch 21
Loss = 3.3981e-02, PNorm = 77.0383, GNorm = 0.5531, lr_0 = 2.0481e-04
Loss = 4.3218e-02, PNorm = 77.0490, GNorm = 0.1440, lr_0 = 2.0283e-04
Loss = 3.6576e-02, PNorm = 77.0741, GNorm = 0.4684, lr_0 = 2.0088e-04
Loss = 3.2506e-02, PNorm = 77.0957, GNorm = 0.2615, lr_0 = 1.9895e-04
Loss = 3.6112e-02, PNorm = 77.1106, GNorm = 0.1894, lr_0 = 1.9703e-04
Loss = 2.2971e-02, PNorm = 77.1260, GNorm = 0.1534, lr_0 = 1.9514e-04
Loss = 1.8147e-02, PNorm = 77.1435, GNorm = 0.0323, lr_0 = 1.9326e-04
Loss = 3.4951e-02, PNorm = 77.1523, GNorm = 0.0328, lr_0 = 1.9140e-04
Loss = 3.2618e-02, PNorm = 77.1659, GNorm = 0.3322, lr_0 = 1.8955e-04
Validation auc = 0.921692
Epoch 22
Loss = 2.4562e-02, PNorm = 77.1840, GNorm = 0.0646, lr_0 = 1.8773e-04
Loss = 3.1336e-02, PNorm = 77.1947, GNorm = 0.0724, lr_0 = 1.8592e-04
Loss = 2.7179e-02, PNorm = 77.2114, GNorm = 0.3207, lr_0 = 1.8413e-04
Loss = 2.6198e-02, PNorm = 77.2238, GNorm = 0.0585, lr_0 = 1.8236e-04
Loss = 3.2230e-02, PNorm = 77.2368, GNorm = 0.3820, lr_0 = 1.8060e-04
Loss = 2.5365e-02, PNorm = 77.2469, GNorm = 0.1998, lr_0 = 1.7886e-04
Loss = 3.4994e-02, PNorm = 77.2570, GNorm = 0.5684, lr_0 = 1.7714e-04
Loss = 2.0939e-02, PNorm = 77.2673, GNorm = 0.1428, lr_0 = 1.7544e-04
Validation auc = 0.912362
Epoch 23
Loss = 1.0880e-02, PNorm = 77.2800, GNorm = 0.1318, lr_0 = 1.7358e-04
Loss = 3.0277e-02, PNorm = 77.2887, GNorm = 0.0328, lr_0 = 1.7191e-04
Loss = 2.1097e-02, PNorm = 77.3008, GNorm = 0.2808, lr_0 = 1.7025e-04
Loss = 2.7751e-02, PNorm = 77.3113, GNorm = 0.1000, lr_0 = 1.6861e-04
Loss = 2.1177e-02, PNorm = 77.3321, GNorm = 0.3532, lr_0 = 1.6699e-04
Loss = 1.3071e-02, PNorm = 77.3391, GNorm = 0.0313, lr_0 = 1.6538e-04
Loss = 1.5929e-02, PNorm = 77.3481, GNorm = 0.2762, lr_0 = 1.6379e-04
Loss = 2.7464e-02, PNorm = 77.3622, GNorm = 0.0510, lr_0 = 1.6221e-04
Loss = 3.2917e-02, PNorm = 77.3734, GNorm = 0.4719, lr_0 = 1.6065e-04
Validation auc = 0.920725
Epoch 24
Loss = 1.9137e-02, PNorm = 77.3856, GNorm = 0.3479, lr_0 = 1.5910e-04
Loss = 2.9163e-02, PNorm = 77.4015, GNorm = 0.2513, lr_0 = 1.5757e-04
Loss = 3.2680e-02, PNorm = 77.4148, GNorm = 0.6540, lr_0 = 1.5605e-04
Loss = 3.4026e-02, PNorm = 77.4350, GNorm = 0.0367, lr_0 = 1.5455e-04
Loss = 2.5304e-02, PNorm = 77.4486, GNorm = 0.4291, lr_0 = 1.5306e-04
Loss = 2.8620e-02, PNorm = 77.4538, GNorm = 0.2681, lr_0 = 1.5159e-04
Loss = 1.2907e-02, PNorm = 77.4676, GNorm = 0.0527, lr_0 = 1.5013e-04
Loss = 2.6289e-02, PNorm = 77.4764, GNorm = 0.1782, lr_0 = 1.4869e-04
Loss = 1.8125e-02, PNorm = 77.4886, GNorm = 0.0732, lr_0 = 1.4725e-04
Validation auc = 0.890715
Epoch 25
Loss = 1.6103e-02, PNorm = 77.4985, GNorm = 0.0932, lr_0 = 1.4584e-04
Loss = 3.9480e-02, PNorm = 77.4978, GNorm = 0.0953, lr_0 = 1.4443e-04
Loss = 2.3434e-02, PNorm = 77.5106, GNorm = 0.0998, lr_0 = 1.4304e-04
Loss = 2.8142e-02, PNorm = 77.5321, GNorm = 0.6106, lr_0 = 1.4166e-04
Loss = 2.1918e-02, PNorm = 77.5422, GNorm = 0.0749, lr_0 = 1.4030e-04
Loss = 1.3841e-02, PNorm = 77.5511, GNorm = 0.4052, lr_0 = 1.3895e-04
Loss = 2.2461e-02, PNorm = 77.5598, GNorm = 0.0555, lr_0 = 1.3761e-04
Loss = 2.0936e-02, PNorm = 77.5707, GNorm = 0.0421, lr_0 = 1.3629e-04
Validation auc = 0.921618
Epoch 26
Loss = 3.5077e-02, PNorm = 77.5744, GNorm = 0.5540, lr_0 = 1.3484e-04
Loss = 2.8955e-02, PNorm = 77.5926, GNorm = 0.3007, lr_0 = 1.3355e-04
Loss = 1.6675e-02, PNorm = 77.6049, GNorm = 0.3229, lr_0 = 1.3226e-04
Loss = 1.7266e-02, PNorm = 77.6096, GNorm = 0.0260, lr_0 = 1.3099e-04
Loss = 1.9697e-02, PNorm = 77.6178, GNorm = 0.0774, lr_0 = 1.2973e-04
Loss = 3.1717e-02, PNorm = 77.6236, GNorm = 0.1048, lr_0 = 1.2848e-04
Loss = 1.3025e-02, PNorm = 77.6360, GNorm = 0.2061, lr_0 = 1.2724e-04
Loss = 2.2384e-02, PNorm = 77.6462, GNorm = 0.9634, lr_0 = 1.2601e-04
Loss = 4.5522e-02, PNorm = 77.6463, GNorm = 0.4322, lr_0 = 1.2480e-04
Validation auc = 0.915646
Epoch 27
Loss = 1.8709e-02, PNorm = 77.6542, GNorm = 0.0762, lr_0 = 1.2360e-04
Loss = 3.2601e-02, PNorm = 77.6647, GNorm = 0.6372, lr_0 = 1.2241e-04
Loss = 2.2004e-02, PNorm = 77.6718, GNorm = 0.5247, lr_0 = 1.2123e-04
Loss = 1.6820e-02, PNorm = 77.6802, GNorm = 0.1248, lr_0 = 1.2006e-04
Loss = 9.8035e-03, PNorm = 77.6903, GNorm = 0.1777, lr_0 = 1.1891e-04
Loss = 3.1172e-02, PNorm = 77.6930, GNorm = 0.2541, lr_0 = 1.1776e-04
Loss = 1.9454e-02, PNorm = 77.7016, GNorm = 0.1796, lr_0 = 1.1663e-04
Loss = 3.3975e-02, PNorm = 77.7068, GNorm = 0.3430, lr_0 = 1.1551e-04
Validation auc = 0.904209
Epoch 28
Loss = 4.5811e-02, PNorm = 77.7146, GNorm = 0.1411, lr_0 = 1.1428e-04
Loss = 2.7789e-02, PNorm = 77.7233, GNorm = 0.3137, lr_0 = 1.1318e-04
Loss = 1.9556e-02, PNorm = 77.7285, GNorm = 0.1370, lr_0 = 1.1209e-04
Loss = 1.8970e-02, PNorm = 77.7370, GNorm = 0.1526, lr_0 = 1.1101e-04
Loss = 6.9486e-03, PNorm = 77.7480, GNorm = 0.1111, lr_0 = 1.0995e-04
Loss = 1.6906e-02, PNorm = 77.7543, GNorm = 0.5347, lr_0 = 1.0889e-04
Loss = 1.5734e-02, PNorm = 77.7621, GNorm = 0.2496, lr_0 = 1.0784e-04
Loss = 3.1803e-02, PNorm = 77.7668, GNorm = 0.0943, lr_0 = 1.0680e-04
Loss = 1.0183e-02, PNorm = 77.7761, GNorm = 0.4198, lr_0 = 1.0577e-04
Validation auc = 0.913428
Epoch 29
Loss = 1.8364e-02, PNorm = 77.7890, GNorm = 0.4258, lr_0 = 1.0475e-04
Loss = 2.9665e-03, PNorm = 77.7971, GNorm = 0.0098, lr_0 = 1.0374e-04
Loss = 1.6089e-02, PNorm = 77.8011, GNorm = 0.3124, lr_0 = 1.0275e-04
Loss = 3.6975e-02, PNorm = 77.8016, GNorm = 0.2804, lr_0 = 1.0176e-04
Loss = 1.8368e-02, PNorm = 77.8110, GNorm = 0.5908, lr_0 = 1.0078e-04
Loss = 1.5659e-02, PNorm = 77.8206, GNorm = 0.1758, lr_0 = 1.0000e-04
Loss = 2.4415e-02, PNorm = 77.8285, GNorm = 0.5226, lr_0 = 1.0000e-04
Loss = 8.1913e-03, PNorm = 77.8343, GNorm = 0.1814, lr_0 = 1.0000e-04
Validation auc = 0.908892
Model 0 best validation auc = 0.926475 on epoch 19
Loading pretrained parameter "encoder.encoder.0.cached_zero_vector".
Loading pretrained parameter "encoder.encoder.0.W_i.weight".
Loading pretrained parameter "encoder.encoder.0.W_h.weight".
Loading pretrained parameter "encoder.encoder.0.W_o.weight".
Loading pretrained parameter "encoder.encoder.0.W_o.bias".
Loading pretrained parameter "ffn.1.weight".
Loading pretrained parameter "ffn.1.bias".
Loading pretrained parameter "ffn.4.weight".
Loading pretrained parameter "ffn.4.bias".
Moving model to cuda
Model 0 test auc = 0.883660
Ensemble test auc = 0.883660
3-fold cross validation
	Seed 0 ==> test auc = 0.795391
	Seed 1 ==> test auc = 0.777661
	Seed 2 ==> test auc = 0.883660
Overall test auc = 0.818904 +/- 0.046358
Elapsed time = 0:39:34
