Command line
python /home/jackievaleri8/.conda/envs/chemprop/bin/chemprop_train --init_lr 0.0001 --dropout 0.4 --hidden_size 1500 --ffn_num_layers 1 --depth 3 --save_dir round3finalval08162021_models/138 --data_path round3finalval08162021_TRAIN.csv --dataset_type classification --features_path round3finalval08162021_TRAINFTS.npz --no_features_scaling --num_folds 3 --ensemble_size 1 --split_type scaffold_balanced --split_sizes 0.8 0.1 0.1 --smiles_columns SMILES --ignore_columns Name --gpu 0
Args
{'activation': 'ReLU',
 'aggregation': 'mean',
 'aggregation_norm': 100,
 'atom_descriptor_scaling': True,
 'atom_descriptors': None,
 'atom_descriptors_path': None,
 'atom_descriptors_size': 0,
 'atom_features_size': 0,
 'atom_messages': False,
 'batch_size': 50,
 'bias': False,
 'bond_feature_scaling': True,
 'bond_features_path': None,
 'bond_features_size': 0,
 'cache_cutoff': 10000,
 'checkpoint_dir': None,
 'checkpoint_path': None,
 'checkpoint_paths': None,
 'class_balance': False,
 'config_path': None,
 'crossval_index_dir': None,
 'crossval_index_file': None,
 'crossval_index_sets': None,
 'cuda': True,
 'data_path': 'round3finalval08162021_TRAIN.csv',
 'dataset_type': 'classification',
 'depth': 3,
 'device': device(type='cuda', index=0),
 'dropout': 0.4,
 'empty_cache': False,
 'ensemble_size': 1,
 'epochs': 30,
 'explicit_h': False,
 'extra_metrics': [],
 'features_generator': None,
 'features_only': False,
 'features_path': ['round3finalval08162021_TRAINFTS.npz'],
 'features_scaling': False,
 'features_size': None,
 'ffn_hidden_size': 1500,
 'ffn_num_layers': 1,
 'final_lr': 0.0001,
 'folds_file': None,
 'gpu': 0,
 'grad_clip': None,
 'hidden_size': 1500,
 'ignore_columns': ['Name'],
 'init_lr': 0.0001,
 'log_frequency': 10,
 'max_data_size': None,
 'max_lr': 0.001,
 'metric': 'auc',
 'metrics': ['auc'],
 'minimize_score': False,
 'mpn_shared': False,
 'multiclass_num_classes': 3,
 'no_atom_descriptor_scaling': False,
 'no_bond_features_scaling': False,
 'no_cache_mol': False,
 'no_cuda': False,
 'no_features_scaling': True,
 'num_folds': 3,
 'num_lrs': 1,
 'num_tasks': 2,
 'num_workers': 8,
 'number_of_molecules': 1,
 'overwrite_default_atom_features': False,
 'overwrite_default_bond_features': False,
 'pytorch_seed': 0,
 'quiet': False,
 'reaction': False,
 'reaction_mode': 'reac_diff',
 'resume_experiment': False,
 'save_dir': 'round3finalval08162021_models/138',
 'save_preds': False,
 'save_smiles_splits': False,
 'seed': 0,
 'separate_test_atom_descriptors_path': None,
 'separate_test_bond_features_path': None,
 'separate_test_features_path': None,
 'separate_test_path': None,
 'separate_val_atom_descriptors_path': None,
 'separate_val_bond_features_path': None,
 'separate_val_features_path': None,
 'separate_val_path': None,
 'show_individual_scores': False,
 'smiles_columns': ['SMILES'],
 'split_sizes': (0.8, 0.1, 0.1),
 'split_type': 'scaffold_balanced',
 'target_columns': None,
 'task_names': ['hit_inh', 'hit_kill'],
 'test': False,
 'test_fold_index': None,
 'train_data_size': None,
 'undirected': False,
 'use_input_features': True,
 'val_fold_index': None,
 'warmup_epochs': 2.0}
Loading data
Warning: 23 SMILES are invalid.
Number of tasks = 2
Fold 0
Splitting data with seed 0
Total scaffolds = 3,467 | train scaffolds = 2,650 | val scaffolds = 433 | test scaffolds = 384
Label averages per scaffold, in decreasing order of scaffold frequency,capped at 10 scaffolds and 20 labels:
Scaffold 0
Task 0: count = 381 | target average = 0.018373
Task 1: count = 381 | target average = 0.013123


Scaffold 1
Task 0: count = 305 | target average = 0.009836
Task 1: count = 305 | target average = 0.016393


Scaffold 2
Task 0: count = 36 | target average = 0.000000
Task 1: count = 36 | target average = 0.000000


Scaffold 3
Task 0: count = 29 | target average = 0.000000
Task 1: count = 29 | target average = 0.000000


Scaffold 4
Task 0: count = 26 | target average = 0.000000
Task 1: count = 26 | target average = 0.000000


Scaffold 5
Task 0: count = 23 | target average = 0.000000
Task 1: count = 23 | target average = 0.000000


Scaffold 6
Task 0: count = 22 | target average = 0.090909
Task 1: count = 22 | target average = 0.090909


Scaffold 7
Task 0: count = 20 | target average = 0.000000
Task 1: count = 20 | target average = 0.000000


Scaffold 8
Task 0: count = 20 | target average = 0.000000
Task 1: count = 20 | target average = 0.000000


Scaffold 9
Task 0: count = 20 | target average = 0.050000
Task 1: count = 20 | target average = 0.000000


Class sizes
hit_inh 0: 97.83%, 1: 2.17%
hit_kill 0: 98.64%, 1: 1.36%
Total size = 5,353 | train size = 4,282 | val size = 535 | test size = 536
Building model 0
MoleculeModel(
  (sigmoid): Sigmoid()
  (encoder): MPN(
    (encoder): ModuleList(
      (0): MPNEncoder(
        (dropout_layer): Dropout(p=0.4, inplace=False)
        (act_func): ReLU()
        (W_i): Linear(in_features=147, out_features=1500, bias=False)
        (W_h): Linear(in_features=1500, out_features=1500, bias=False)
        (W_o): Linear(in_features=1633, out_features=1500, bias=True)
      )
    )
  )
  (ffn): Sequential(
    (0): Dropout(p=0.4, inplace=False)
    (1): Linear(in_features=1700, out_features=2, bias=True)
  )
)
Number of parameters = 4,924,902
Moving model to cuda
Epoch 0
Loss = 3.1100e-01, PNorm = 57.7611, GNorm = 1.3597, lr_0 = 1.5824e-04
Loss = 1.1173e-01, PNorm = 57.7783, GNorm = 0.4838, lr_0 = 2.1118e-04
Loss = 1.0177e-01, PNorm = 57.7899, GNorm = 0.6283, lr_0 = 2.6412e-04
Loss = 1.0468e-01, PNorm = 57.8014, GNorm = 0.2976, lr_0 = 3.1706e-04
Loss = 9.9143e-02, PNorm = 57.8154, GNorm = 0.5197, lr_0 = 3.7000e-04
Loss = 6.3327e-02, PNorm = 57.8282, GNorm = 0.2781, lr_0 = 4.2294e-04
Loss = 7.0066e-02, PNorm = 57.8375, GNorm = 0.2641, lr_0 = 4.7588e-04
Loss = 7.1392e-02, PNorm = 57.8527, GNorm = 0.1772, lr_0 = 5.2882e-04
Validation auc = 0.464713
Epoch 1
Loss = 4.4776e-02, PNorm = 57.8812, GNorm = 0.1804, lr_0 = 5.8706e-04
Loss = 1.0622e-01, PNorm = 57.9024, GNorm = 0.3154, lr_0 = 6.4000e-04
Loss = 9.0258e-02, PNorm = 57.9494, GNorm = 0.1892, lr_0 = 6.9294e-04
Loss = 1.0425e-01, PNorm = 57.9906, GNorm = 0.2943, lr_0 = 7.4588e-04
Loss = 9.7927e-02, PNorm = 58.0456, GNorm = 0.2060, lr_0 = 7.9882e-04
Loss = 7.2498e-02, PNorm = 58.1240, GNorm = 0.1737, lr_0 = 8.5176e-04
Loss = 9.9968e-02, PNorm = 58.1794, GNorm = 0.1843, lr_0 = 9.0471e-04
Loss = 1.0194e-01, PNorm = 58.2431, GNorm = 0.1869, lr_0 = 9.5765e-04
Loss = 1.0402e-01, PNorm = 58.3241, GNorm = 0.1830, lr_0 = 9.9807e-04
Validation auc = 0.785104
Epoch 2
Loss = 7.5910e-02, PNorm = 58.4203, GNorm = 0.0697, lr_0 = 9.8846e-04
Loss = 6.8131e-02, PNorm = 58.4972, GNorm = 0.1475, lr_0 = 9.7894e-04
Loss = 7.6215e-02, PNorm = 58.5894, GNorm = 0.1808, lr_0 = 9.6952e-04
Loss = 9.1466e-02, PNorm = 58.6769, GNorm = 1.1043, lr_0 = 9.6018e-04
Loss = 7.9506e-02, PNorm = 58.7753, GNorm = 0.2058, lr_0 = 9.5094e-04
Loss = 9.5532e-02, PNorm = 58.8468, GNorm = 0.1823, lr_0 = 9.4178e-04
Loss = 1.3646e-01, PNorm = 58.9695, GNorm = 0.5407, lr_0 = 9.3271e-04
Loss = 6.7208e-02, PNorm = 59.0864, GNorm = 0.2843, lr_0 = 9.2373e-04
Validation auc = 0.844661
Epoch 3
Loss = 7.3432e-02, PNorm = 59.2192, GNorm = 0.2533, lr_0 = 9.1395e-04
Loss = 1.0868e-01, PNorm = 59.3569, GNorm = 0.2429, lr_0 = 9.0515e-04
Loss = 8.5449e-02, PNorm = 59.4903, GNorm = 0.3781, lr_0 = 8.9644e-04
Loss = 7.9568e-02, PNorm = 59.6361, GNorm = 0.1246, lr_0 = 8.8781e-04
Loss = 7.8657e-02, PNorm = 59.7605, GNorm = 0.2706, lr_0 = 8.7926e-04
Loss = 8.5041e-02, PNorm = 59.8755, GNorm = 0.1703, lr_0 = 8.7080e-04
Loss = 5.3725e-02, PNorm = 59.9863, GNorm = 0.1198, lr_0 = 8.6241e-04
Loss = 7.0820e-02, PNorm = 60.0735, GNorm = 0.1298, lr_0 = 8.5411e-04
Loss = 9.0241e-02, PNorm = 60.1873, GNorm = 0.1525, lr_0 = 8.4588e-04
Validation auc = 0.853197
Epoch 4
Loss = 6.7437e-02, PNorm = 60.3041, GNorm = 0.1577, lr_0 = 8.3774e-04
Loss = 6.3451e-02, PNorm = 60.4162, GNorm = 0.1407, lr_0 = 8.2967e-04
Loss = 8.8307e-02, PNorm = 60.5277, GNorm = 0.1931, lr_0 = 8.2169e-04
Loss = 9.0435e-02, PNorm = 60.6541, GNorm = 0.4477, lr_0 = 8.1377e-04
Loss = 1.0374e-01, PNorm = 60.7111, GNorm = 0.2259, lr_0 = 8.0594e-04
Loss = 5.4967e-02, PNorm = 60.8260, GNorm = 0.1095, lr_0 = 7.9818e-04
Loss = 6.3964e-02, PNorm = 60.9217, GNorm = 0.1435, lr_0 = 7.9050e-04
Loss = 6.1806e-02, PNorm = 61.0306, GNorm = 0.0993, lr_0 = 7.8288e-04
Validation auc = 0.909026
Epoch 5
Loss = 6.2903e-02, PNorm = 61.1204, GNorm = 0.1717, lr_0 = 7.7535e-04
Loss = 5.6785e-02, PNorm = 61.2245, GNorm = 0.1321, lr_0 = 7.6788e-04
Loss = 1.1071e-01, PNorm = 61.3160, GNorm = 0.3853, lr_0 = 7.6049e-04
Loss = 8.7786e-02, PNorm = 61.4913, GNorm = 0.2503, lr_0 = 7.5317e-04
Loss = 5.5353e-02, PNorm = 61.6438, GNorm = 0.1778, lr_0 = 7.4591e-04
Loss = 6.1412e-02, PNorm = 61.7561, GNorm = 0.2842, lr_0 = 7.3873e-04
Loss = 9.3308e-02, PNorm = 61.8096, GNorm = 0.2077, lr_0 = 7.3162e-04
Loss = 4.1207e-02, PNorm = 61.8957, GNorm = 0.0560, lr_0 = 7.2458e-04
Loss = 7.5474e-02, PNorm = 61.9679, GNorm = 0.1754, lr_0 = 7.1760e-04
Validation auc = 0.931328
Epoch 6
Loss = 4.2634e-02, PNorm = 62.1032, GNorm = 0.3390, lr_0 = 7.1000e-04
Loss = 7.0672e-02, PNorm = 62.1663, GNorm = 0.1306, lr_0 = 7.0317e-04
Loss = 5.9906e-02, PNorm = 62.2727, GNorm = 0.1059, lr_0 = 6.9640e-04
Loss = 6.1260e-02, PNorm = 62.3249, GNorm = 0.1291, lr_0 = 6.8969e-04
Loss = 5.9821e-02, PNorm = 62.4051, GNorm = 0.1204, lr_0 = 6.8305e-04
Loss = 8.3555e-02, PNorm = 62.4680, GNorm = 0.1592, lr_0 = 6.7648e-04
Loss = 7.1496e-02, PNorm = 62.5335, GNorm = 0.1791, lr_0 = 6.6996e-04
Loss = 7.1394e-02, PNorm = 62.6216, GNorm = 0.2757, lr_0 = 6.6351e-04
Validation auc = 0.935216
Epoch 7
Loss = 6.4481e-02, PNorm = 62.7489, GNorm = 0.3097, lr_0 = 6.5712e-04
Loss = 7.1618e-02, PNorm = 62.8552, GNorm = 0.3352, lr_0 = 6.5080e-04
Loss = 6.7027e-02, PNorm = 62.9789, GNorm = 0.1280, lr_0 = 6.4453e-04
Loss = 4.6024e-02, PNorm = 63.0888, GNorm = 0.1297, lr_0 = 6.3833e-04
Loss = 4.9904e-02, PNorm = 63.1623, GNorm = 0.2063, lr_0 = 6.3218e-04
Loss = 7.0124e-02, PNorm = 63.2330, GNorm = 0.3506, lr_0 = 6.2609e-04
Loss = 4.3777e-02, PNorm = 63.3225, GNorm = 0.3357, lr_0 = 6.2006e-04
Loss = 5.1179e-02, PNorm = 63.3815, GNorm = 0.1830, lr_0 = 6.1409e-04
Loss = 6.9894e-02, PNorm = 63.4527, GNorm = 0.2900, lr_0 = 6.0818e-04
Validation auc = 0.952810
Epoch 8
Loss = 3.8500e-02, PNorm = 63.5120, GNorm = 0.1228, lr_0 = 6.0233e-04
Loss = 6.2409e-02, PNorm = 63.5959, GNorm = 0.2364, lr_0 = 5.9653e-04
Loss = 6.3021e-02, PNorm = 63.6813, GNorm = 0.1083, lr_0 = 5.9078e-04
Loss = 4.9096e-02, PNorm = 63.7637, GNorm = 0.2026, lr_0 = 5.8510e-04
Loss = 6.2255e-02, PNorm = 63.8269, GNorm = 0.2187, lr_0 = 5.7946e-04
Loss = 5.3068e-02, PNorm = 63.9096, GNorm = 0.0836, lr_0 = 5.7388e-04
Loss = 3.5507e-02, PNorm = 63.9832, GNorm = 0.1258, lr_0 = 5.6836e-04
Loss = 9.2528e-02, PNorm = 64.0392, GNorm = 0.3537, lr_0 = 5.6289e-04
Loss = 7.6475e-02, PNorm = 64.1225, GNorm = 0.2979, lr_0 = 5.5747e-04
Loss = 1.3343e-02, PNorm = 64.1289, GNorm = 0.1287, lr_0 = 5.5693e-04
Validation auc = 0.931492
Epoch 9
Loss = 6.2947e-02, PNorm = 64.2220, GNorm = 0.2426, lr_0 = 5.5156e-04
Loss = 4.0325e-02, PNorm = 64.3437, GNorm = 0.0636, lr_0 = 5.4625e-04
Loss = 3.7785e-02, PNorm = 64.3986, GNorm = 0.1084, lr_0 = 5.4100e-04
Loss = 4.3801e-02, PNorm = 64.4340, GNorm = 0.3259, lr_0 = 5.3579e-04
Loss = 4.4951e-02, PNorm = 64.4912, GNorm = 0.2065, lr_0 = 5.3063e-04
Loss = 7.2601e-02, PNorm = 64.5238, GNorm = 0.2143, lr_0 = 5.2552e-04
Loss = 6.2224e-02, PNorm = 64.6237, GNorm = 0.2836, lr_0 = 5.2046e-04
Loss = 6.6216e-02, PNorm = 64.6697, GNorm = 0.3285, lr_0 = 5.1545e-04
Validation auc = 0.937650
Epoch 10
Loss = 5.1726e-02, PNorm = 64.7172, GNorm = 0.4580, lr_0 = 5.1049e-04
Loss = 5.0184e-02, PNorm = 64.7771, GNorm = 0.2948, lr_0 = 5.0557e-04
Loss = 6.4369e-02, PNorm = 64.8193, GNorm = 0.2384, lr_0 = 5.0070e-04
Loss = 5.6249e-02, PNorm = 64.8767, GNorm = 0.3691, lr_0 = 4.9588e-04
Loss = 4.6002e-02, PNorm = 64.9450, GNorm = 0.1649, lr_0 = 4.9111e-04
Loss = 4.5275e-02, PNorm = 65.0140, GNorm = 0.2287, lr_0 = 4.8638e-04
Loss = 7.7029e-02, PNorm = 65.0696, GNorm = 0.4061, lr_0 = 4.8170e-04
Loss = 3.7694e-02, PNorm = 65.1493, GNorm = 0.1588, lr_0 = 4.7706e-04
Loss = 5.2278e-02, PNorm = 65.2075, GNorm = 0.1971, lr_0 = 4.7247e-04
Validation auc = 0.955088
Epoch 11
Loss = 3.9033e-02, PNorm = 65.2900, GNorm = 0.1988, lr_0 = 4.6792e-04
Loss = 6.2580e-02, PNorm = 65.3365, GNorm = 0.2704, lr_0 = 4.6341e-04
Loss = 5.2213e-02, PNorm = 65.3945, GNorm = 0.2775, lr_0 = 4.5895e-04
Loss = 4.7546e-02, PNorm = 65.4410, GNorm = 0.0639, lr_0 = 4.5453e-04
Loss = 5.3468e-02, PNorm = 65.4945, GNorm = 0.2238, lr_0 = 4.5015e-04
Loss = 5.5596e-02, PNorm = 65.5626, GNorm = 0.3068, lr_0 = 4.4582e-04
Loss = 5.9473e-02, PNorm = 65.6189, GNorm = 0.0862, lr_0 = 4.4153e-04
Loss = 3.5606e-02, PNorm = 65.6777, GNorm = 0.2367, lr_0 = 4.3728e-04
Validation auc = 0.947832
Epoch 12
Loss = 2.0346e-02, PNorm = 65.7340, GNorm = 0.0552, lr_0 = 4.3265e-04
Loss = 4.7428e-02, PNorm = 65.7738, GNorm = 0.5402, lr_0 = 4.2848e-04
Loss = 4.9176e-02, PNorm = 65.8235, GNorm = 0.1980, lr_0 = 4.2436e-04
Loss = 5.5749e-02, PNorm = 65.8891, GNorm = 0.0974, lr_0 = 4.2027e-04
Loss = 2.7633e-02, PNorm = 65.9507, GNorm = 0.0736, lr_0 = 4.1622e-04
Loss = 4.6158e-02, PNorm = 65.9915, GNorm = 0.2215, lr_0 = 4.1222e-04
Loss = 5.1179e-02, PNorm = 66.0262, GNorm = 0.1855, lr_0 = 4.0825e-04
Loss = 5.7293e-02, PNorm = 66.0735, GNorm = 0.1190, lr_0 = 4.0432e-04
Loss = 4.8284e-02, PNorm = 66.1084, GNorm = 0.2381, lr_0 = 4.0042e-04
Validation auc = 0.953423
Epoch 13
Loss = 3.9719e-02, PNorm = 66.1419, GNorm = 0.1680, lr_0 = 3.9657e-04
Loss = 6.1650e-02, PNorm = 66.1766, GNorm = 0.1209, lr_0 = 3.9275e-04
Loss = 5.2251e-02, PNorm = 66.2303, GNorm = 0.1556, lr_0 = 3.8897e-04
Loss = 1.3808e-02, PNorm = 66.2986, GNorm = 0.0440, lr_0 = 3.8522e-04
Loss = 7.4651e-02, PNorm = 66.3170, GNorm = 0.3449, lr_0 = 3.8152e-04
Loss = 3.9105e-02, PNorm = 66.3685, GNorm = 0.2365, lr_0 = 3.7784e-04
Loss = 6.4821e-02, PNorm = 66.3888, GNorm = 0.3186, lr_0 = 3.7420e-04
Loss = 4.9901e-02, PNorm = 66.4250, GNorm = 0.2870, lr_0 = 3.7060e-04
Validation auc = 0.956159
Epoch 14
Loss = 4.4365e-02, PNorm = 66.4882, GNorm = 0.3035, lr_0 = 3.6668e-04
Loss = 4.9172e-02, PNorm = 66.5234, GNorm = 0.2607, lr_0 = 3.6315e-04
Loss = 3.6398e-02, PNorm = 66.5751, GNorm = 0.2230, lr_0 = 3.5965e-04
Loss = 4.6845e-02, PNorm = 66.6142, GNorm = 0.3420, lr_0 = 3.5619e-04
Loss = 2.5210e-02, PNorm = 66.6444, GNorm = 0.1077, lr_0 = 3.5276e-04
Loss = 4.3105e-02, PNorm = 66.6832, GNorm = 0.2351, lr_0 = 3.4936e-04
Loss = 6.5217e-02, PNorm = 66.7016, GNorm = 0.3333, lr_0 = 3.4600e-04
Loss = 3.6356e-02, PNorm = 66.7602, GNorm = 0.1419, lr_0 = 3.4267e-04
Loss = 5.3501e-02, PNorm = 66.7990, GNorm = 0.1850, lr_0 = 3.3937e-04
Validation auc = 0.960603
Epoch 15
Loss = 5.1790e-02, PNorm = 66.8456, GNorm = 0.3691, lr_0 = 3.3610e-04
Loss = 3.1936e-02, PNorm = 66.9115, GNorm = 0.2003, lr_0 = 3.3287e-04
Loss = 3.6909e-02, PNorm = 66.9407, GNorm = 0.2279, lr_0 = 3.2966e-04
Loss = 4.9647e-02, PNorm = 66.9546, GNorm = 0.2752, lr_0 = 3.2649e-04
Loss = 4.6986e-02, PNorm = 67.0060, GNorm = 0.2968, lr_0 = 3.2334e-04
Loss = 2.7391e-02, PNorm = 67.0434, GNorm = 0.1452, lr_0 = 3.2023e-04
Loss = 3.9514e-02, PNorm = 67.0659, GNorm = 0.1386, lr_0 = 3.1715e-04
Loss = 5.9290e-02, PNorm = 67.1029, GNorm = 0.1448, lr_0 = 3.1409e-04
Loss = 4.7153e-02, PNorm = 67.1468, GNorm = 0.1740, lr_0 = 3.1107e-04
Validation auc = 0.959412
Epoch 16
Loss = 4.0211e-02, PNorm = 67.1956, GNorm = 0.2553, lr_0 = 3.0807e-04
Loss = 5.2027e-02, PNorm = 67.2280, GNorm = 0.1406, lr_0 = 3.0511e-04
Loss = 2.0477e-02, PNorm = 67.2686, GNorm = 0.1258, lr_0 = 3.0217e-04
Loss = 5.0032e-02, PNorm = 67.2869, GNorm = 0.4014, lr_0 = 2.9926e-04
Loss = 3.4104e-02, PNorm = 67.3162, GNorm = 0.0944, lr_0 = 2.9638e-04
Loss = 5.0026e-02, PNorm = 67.3469, GNorm = 0.2412, lr_0 = 2.9353e-04
Loss = 3.7149e-02, PNorm = 67.3799, GNorm = 0.0968, lr_0 = 2.9070e-04
Loss = 2.6941e-02, PNorm = 67.4167, GNorm = 0.1461, lr_0 = 2.8790e-04
Validation auc = 0.948714
Epoch 17
Loss = 2.3580e-02, PNorm = 67.4551, GNorm = 0.1497, lr_0 = 2.8485e-04
Loss = 4.7716e-02, PNorm = 67.4910, GNorm = 0.4262, lr_0 = 2.8211e-04
Loss = 3.3355e-02, PNorm = 67.5234, GNorm = 0.2049, lr_0 = 2.7939e-04
Loss = 3.9630e-02, PNorm = 67.5705, GNorm = 0.1272, lr_0 = 2.7670e-04
Loss = 3.1599e-02, PNorm = 67.5976, GNorm = 0.2597, lr_0 = 2.7404e-04
Loss = 4.5550e-02, PNorm = 67.6180, GNorm = 0.1729, lr_0 = 2.7140e-04
Loss = 5.7943e-02, PNorm = 67.6443, GNorm = 0.2871, lr_0 = 2.6879e-04
Loss = 2.6193e-02, PNorm = 67.6852, GNorm = 0.2276, lr_0 = 2.6620e-04
Loss = 2.8794e-02, PNorm = 67.7108, GNorm = 0.2070, lr_0 = 2.6364e-04
Validation auc = 0.965029
Epoch 18
Loss = 4.7501e-02, PNorm = 67.7169, GNorm = 0.3546, lr_0 = 2.6110e-04
Loss = 3.8528e-02, PNorm = 67.7584, GNorm = 0.1839, lr_0 = 2.5859e-04
Loss = 3.8484e-02, PNorm = 67.7934, GNorm = 0.1955, lr_0 = 2.5610e-04
Loss = 1.6329e-02, PNorm = 67.8234, GNorm = 0.1399, lr_0 = 2.5363e-04
Loss = 3.2846e-02, PNorm = 67.8516, GNorm = 0.5333, lr_0 = 2.5119e-04
Loss = 4.6055e-02, PNorm = 67.8692, GNorm = 0.1140, lr_0 = 2.4877e-04
Loss = 4.1450e-02, PNorm = 67.9079, GNorm = 0.4587, lr_0 = 2.4638e-04
Loss = 4.7188e-02, PNorm = 67.9334, GNorm = 0.1870, lr_0 = 2.4400e-04
Validation auc = 0.956295
Epoch 19
Loss = 3.2460e-02, PNorm = 67.9566, GNorm = 0.1778, lr_0 = 2.4165e-04
Loss = 3.6881e-02, PNorm = 67.9962, GNorm = 0.0516, lr_0 = 2.3933e-04
Loss = 2.5700e-02, PNorm = 68.0247, GNorm = 0.0597, lr_0 = 2.3702e-04
Loss = 4.1590e-02, PNorm = 68.0387, GNorm = 0.3439, lr_0 = 2.3474e-04
Loss = 3.5617e-02, PNorm = 68.0608, GNorm = 0.2054, lr_0 = 2.3248e-04
Loss = 3.7709e-02, PNorm = 68.0936, GNorm = 0.3413, lr_0 = 2.3024e-04
Loss = 4.5127e-02, PNorm = 68.1176, GNorm = 0.3643, lr_0 = 2.2803e-04
Loss = 2.4172e-02, PNorm = 68.1431, GNorm = 0.0928, lr_0 = 2.2583e-04
Loss = 3.4382e-02, PNorm = 68.1699, GNorm = 0.1134, lr_0 = 2.2366e-04
Validation auc = 0.962168
Epoch 20
Loss = 2.6691e-02, PNorm = 68.1910, GNorm = 0.2087, lr_0 = 2.2129e-04
Loss = 3.2719e-02, PNorm = 68.2079, GNorm = 0.1773, lr_0 = 2.1916e-04
Loss = 2.2141e-02, PNorm = 68.2399, GNorm = 0.1595, lr_0 = 2.1705e-04
Loss = 2.9138e-02, PNorm = 68.2642, GNorm = 0.2532, lr_0 = 2.1496e-04
Loss = 2.2138e-02, PNorm = 68.2806, GNorm = 0.0830, lr_0 = 2.1289e-04
Loss = 3.0723e-02, PNorm = 68.3054, GNorm = 0.0853, lr_0 = 2.1084e-04
Loss = 4.7749e-02, PNorm = 68.3291, GNorm = 0.2413, lr_0 = 2.0881e-04
Loss = 5.2350e-02, PNorm = 68.3422, GNorm = 0.3669, lr_0 = 2.0680e-04
Validation auc = 0.950554
Epoch 21
Loss = 4.0140e-02, PNorm = 68.3726, GNorm = 0.1409, lr_0 = 2.0481e-04
Loss = 3.2456e-02, PNorm = 68.4037, GNorm = 0.0558, lr_0 = 2.0283e-04
Loss = 3.6066e-02, PNorm = 68.4210, GNorm = 0.2586, lr_0 = 2.0088e-04
Loss = 2.3158e-02, PNorm = 68.4493, GNorm = 0.1642, lr_0 = 1.9895e-04
Loss = 2.8119e-02, PNorm = 68.4765, GNorm = 0.0851, lr_0 = 1.9703e-04
Loss = 3.1425e-02, PNorm = 68.4964, GNorm = 0.0717, lr_0 = 1.9514e-04
Loss = 4.2567e-02, PNorm = 68.5085, GNorm = 0.5305, lr_0 = 1.9326e-04
Loss = 3.5384e-02, PNorm = 68.5328, GNorm = 0.3062, lr_0 = 1.9140e-04
Loss = 2.8136e-02, PNorm = 68.5660, GNorm = 0.1669, lr_0 = 1.8955e-04
Validation auc = 0.958069
Epoch 22
Loss = 2.5431e-02, PNorm = 68.5759, GNorm = 0.1262, lr_0 = 1.8773e-04
Loss = 2.6648e-02, PNorm = 68.5965, GNorm = 0.1437, lr_0 = 1.8592e-04
Loss = 3.3505e-02, PNorm = 68.6175, GNorm = 0.1161, lr_0 = 1.8413e-04
Loss = 3.0376e-02, PNorm = 68.6324, GNorm = 0.0871, lr_0 = 1.8236e-04
Loss = 4.0117e-02, PNorm = 68.6496, GNorm = 0.4711, lr_0 = 1.8060e-04
Loss = 4.2508e-02, PNorm = 68.6783, GNorm = 0.1082, lr_0 = 1.7886e-04
Loss = 1.6848e-02, PNorm = 68.7031, GNorm = 0.0568, lr_0 = 1.7714e-04
Loss = 3.3857e-02, PNorm = 68.7172, GNorm = 0.3504, lr_0 = 1.7544e-04
Validation auc = 0.957299
Epoch 23
Loss = 7.4208e-02, PNorm = 68.7372, GNorm = 0.2521, lr_0 = 1.7358e-04
Loss = 2.4991e-02, PNorm = 68.7636, GNorm = 0.1441, lr_0 = 1.7191e-04
Loss = 2.9485e-02, PNorm = 68.7828, GNorm = 0.1236, lr_0 = 1.7025e-04
Loss = 2.2581e-02, PNorm = 68.7948, GNorm = 0.1519, lr_0 = 1.6861e-04
Loss = 2.9967e-02, PNorm = 68.8136, GNorm = 0.3167, lr_0 = 1.6699e-04
Loss = 3.1356e-02, PNorm = 68.8287, GNorm = 0.0871, lr_0 = 1.6538e-04
Loss = 3.2224e-02, PNorm = 68.8520, GNorm = 0.1589, lr_0 = 1.6379e-04
Loss = 3.9304e-02, PNorm = 68.8577, GNorm = 0.3243, lr_0 = 1.6221e-04
Loss = 3.7792e-02, PNorm = 68.8740, GNorm = 0.1893, lr_0 = 1.6065e-04
Validation auc = 0.959799
Epoch 24
Loss = 2.4612e-02, PNorm = 68.8954, GNorm = 0.4353, lr_0 = 1.5910e-04
Loss = 2.4855e-02, PNorm = 68.9210, GNorm = 0.0405, lr_0 = 1.5757e-04
Loss = 2.2682e-02, PNorm = 68.9336, GNorm = 0.2322, lr_0 = 1.5605e-04
Loss = 2.4870e-02, PNorm = 68.9536, GNorm = 0.1526, lr_0 = 1.5455e-04
Loss = 4.6470e-02, PNorm = 68.9635, GNorm = 0.1865, lr_0 = 1.5306e-04
Loss = 3.9911e-02, PNorm = 68.9728, GNorm = 0.5059, lr_0 = 1.5159e-04
Loss = 3.2058e-02, PNorm = 69.0031, GNorm = 0.1095, lr_0 = 1.5013e-04
Loss = 2.2336e-02, PNorm = 69.0257, GNorm = 0.0452, lr_0 = 1.4869e-04
Loss = 4.1440e-02, PNorm = 69.0313, GNorm = 0.1860, lr_0 = 1.4725e-04
Validation auc = 0.965741
Epoch 25
Loss = 2.3314e-02, PNorm = 69.0443, GNorm = 0.3458, lr_0 = 1.4584e-04
Loss = 2.8514e-02, PNorm = 69.0660, GNorm = 0.1226, lr_0 = 1.4443e-04
Loss = 1.5063e-02, PNorm = 69.0898, GNorm = 0.1109, lr_0 = 1.4304e-04
Loss = 3.4358e-02, PNorm = 69.1044, GNorm = 0.1896, lr_0 = 1.4166e-04
Loss = 2.7349e-02, PNorm = 69.1169, GNorm = 0.6387, lr_0 = 1.4030e-04
Loss = 2.2534e-02, PNorm = 69.1205, GNorm = 0.1580, lr_0 = 1.3895e-04
Loss = 2.8455e-02, PNorm = 69.1281, GNorm = 0.1462, lr_0 = 1.3761e-04
Loss = 4.3090e-02, PNorm = 69.1431, GNorm = 0.3380, lr_0 = 1.3629e-04
Validation auc = 0.956237
Epoch 26
Loss = 1.9140e-02, PNorm = 69.1631, GNorm = 0.1510, lr_0 = 1.3484e-04
Loss = 2.5053e-02, PNorm = 69.1866, GNorm = 0.2981, lr_0 = 1.3355e-04
Loss = 3.5060e-02, PNorm = 69.2020, GNorm = 0.1133, lr_0 = 1.3226e-04
Loss = 3.5206e-02, PNorm = 69.2149, GNorm = 0.1125, lr_0 = 1.3099e-04
Loss = 3.3758e-02, PNorm = 69.2274, GNorm = 0.1454, lr_0 = 1.2973e-04
Loss = 2.7413e-02, PNorm = 69.2397, GNorm = 0.5674, lr_0 = 1.2848e-04
Loss = 2.4528e-02, PNorm = 69.2524, GNorm = 0.1293, lr_0 = 1.2724e-04
Loss = 2.5498e-02, PNorm = 69.2666, GNorm = 0.1559, lr_0 = 1.2601e-04
Loss = 1.3164e-02, PNorm = 69.2797, GNorm = 0.1191, lr_0 = 1.2480e-04
Validation auc = 0.959774
Epoch 27
Loss = 1.4176e-02, PNorm = 69.2886, GNorm = 0.1313, lr_0 = 1.2360e-04
Loss = 3.0307e-02, PNorm = 69.2965, GNorm = 0.3905, lr_0 = 1.2241e-04
Loss = 3.0312e-02, PNorm = 69.3147, GNorm = 0.2085, lr_0 = 1.2123e-04
Loss = 3.3318e-02, PNorm = 69.3286, GNorm = 0.4998, lr_0 = 1.2006e-04
Loss = 3.0799e-02, PNorm = 69.3376, GNorm = 0.3636, lr_0 = 1.1891e-04
Loss = 2.2630e-02, PNorm = 69.3479, GNorm = 0.2214, lr_0 = 1.1776e-04
Loss = 2.2185e-02, PNorm = 69.3639, GNorm = 0.0856, lr_0 = 1.1663e-04
Loss = 3.3910e-02, PNorm = 69.3708, GNorm = 0.5269, lr_0 = 1.1551e-04
Validation auc = 0.960932
Epoch 28
Loss = 3.4198e-02, PNorm = 69.3770, GNorm = 0.2538, lr_0 = 1.1428e-04
Loss = 2.7850e-02, PNorm = 69.3953, GNorm = 0.3544, lr_0 = 1.1318e-04
Loss = 1.7250e-02, PNorm = 69.4100, GNorm = 0.0638, lr_0 = 1.1209e-04
Loss = 3.8138e-02, PNorm = 69.4128, GNorm = 0.1416, lr_0 = 1.1101e-04
Loss = 1.2071e-02, PNorm = 69.4281, GNorm = 0.0815, lr_0 = 1.0995e-04
Loss = 2.0339e-02, PNorm = 69.4381, GNorm = 0.0183, lr_0 = 1.0889e-04
Loss = 2.4692e-02, PNorm = 69.4441, GNorm = 0.0977, lr_0 = 1.0784e-04
Loss = 1.4460e-02, PNorm = 69.4544, GNorm = 0.1356, lr_0 = 1.0680e-04
Loss = 4.5173e-02, PNorm = 69.4548, GNorm = 0.2131, lr_0 = 1.0577e-04
Validation auc = 0.959364
Epoch 29
Loss = 2.8876e-02, PNorm = 69.4623, GNorm = 0.2916, lr_0 = 1.0475e-04
Loss = 1.8700e-02, PNorm = 69.4779, GNorm = 0.0278, lr_0 = 1.0374e-04
Loss = 2.3622e-02, PNorm = 69.4857, GNorm = 0.0503, lr_0 = 1.0275e-04
Loss = 2.8932e-02, PNorm = 69.4935, GNorm = 0.3578, lr_0 = 1.0176e-04
Loss = 2.0051e-02, PNorm = 69.5090, GNorm = 0.4112, lr_0 = 1.0078e-04
Loss = 2.4947e-02, PNorm = 69.5182, GNorm = 0.2466, lr_0 = 1.0000e-04
Loss = 2.5928e-02, PNorm = 69.5259, GNorm = 0.0933, lr_0 = 1.0000e-04
Loss = 3.5158e-02, PNorm = 69.5298, GNorm = 0.3324, lr_0 = 1.0000e-04
Validation auc = 0.960877
Model 0 best validation auc = 0.965741 on epoch 24
Loading pretrained parameter "encoder.encoder.0.cached_zero_vector".
Loading pretrained parameter "encoder.encoder.0.W_i.weight".
Loading pretrained parameter "encoder.encoder.0.W_h.weight".
Loading pretrained parameter "encoder.encoder.0.W_o.weight".
Loading pretrained parameter "encoder.encoder.0.W_o.bias".
Loading pretrained parameter "ffn.1.weight".
Loading pretrained parameter "ffn.1.bias".
Moving model to cuda
Model 0 test auc = 0.771857
Ensemble test auc = 0.771857
Fold 1
Splitting data with seed 1
Total scaffolds = 3,467 | train scaffolds = 2,658 | val scaffolds = 399 | test scaffolds = 410
Label averages per scaffold, in decreasing order of scaffold frequency,capped at 10 scaffolds and 20 labels:
Scaffold 0
Task 0: count = 381 | target average = 0.018373
Task 1: count = 381 | target average = 0.013123


Scaffold 1
Task 0: count = 305 | target average = 0.009836
Task 1: count = 305 | target average = 0.016393


Scaffold 2
Task 0: count = 36 | target average = 0.000000
Task 1: count = 36 | target average = 0.000000


Scaffold 3
Task 0: count = 29 | target average = 0.000000
Task 1: count = 29 | target average = 0.000000


Scaffold 4
Task 0: count = 26 | target average = 0.000000
Task 1: count = 26 | target average = 0.000000


Scaffold 5
Task 0: count = 23 | target average = 0.000000
Task 1: count = 23 | target average = 0.000000


Scaffold 6
Task 0: count = 22 | target average = 0.090909
Task 1: count = 22 | target average = 0.090909


Scaffold 7
Task 0: count = 20 | target average = 0.050000
Task 1: count = 20 | target average = 0.000000


Scaffold 8
Task 0: count = 20 | target average = 0.000000
Task 1: count = 20 | target average = 0.000000


Scaffold 9
Task 0: count = 20 | target average = 0.000000
Task 1: count = 20 | target average = 0.000000


Class sizes
hit_inh 0: 97.83%, 1: 2.17%
hit_kill 0: 98.64%, 1: 1.36%
Total size = 5,353 | train size = 4,282 | val size = 535 | test size = 536
Building model 0
MoleculeModel(
  (sigmoid): Sigmoid()
  (encoder): MPN(
    (encoder): ModuleList(
      (0): MPNEncoder(
        (dropout_layer): Dropout(p=0.4, inplace=False)
        (act_func): ReLU()
        (W_i): Linear(in_features=147, out_features=1500, bias=False)
        (W_h): Linear(in_features=1500, out_features=1500, bias=False)
        (W_o): Linear(in_features=1633, out_features=1500, bias=True)
      )
    )
  )
  (ffn): Sequential(
    (0): Dropout(p=0.4, inplace=False)
    (1): Linear(in_features=1700, out_features=2, bias=True)
  )
)
Number of parameters = 4,924,902
Moving model to cuda
Epoch 0
Loss = 2.6343e-01, PNorm = 57.7620, GNorm = 0.0559, lr_0 = 1.5824e-04
Loss = 1.2330e-01, PNorm = 57.7818, GNorm = 0.5812, lr_0 = 2.1118e-04
Loss = 8.0116e-02, PNorm = 57.7936, GNorm = 0.5840, lr_0 = 2.6412e-04
Loss = 7.5349e-02, PNorm = 57.8044, GNorm = 0.1888, lr_0 = 3.1706e-04
Loss = 8.4299e-02, PNorm = 57.8158, GNorm = 0.1619, lr_0 = 3.7000e-04
Loss = 1.1481e-01, PNorm = 57.8255, GNorm = 0.2433, lr_0 = 4.2294e-04
Loss = 1.0972e-01, PNorm = 57.8420, GNorm = 0.2066, lr_0 = 4.7588e-04
Loss = 1.0662e-01, PNorm = 57.8589, GNorm = 0.1899, lr_0 = 5.2882e-04
Validation auc = 0.663924
Epoch 1
Loss = 5.2029e-02, PNorm = 57.8892, GNorm = 0.2283, lr_0 = 5.8706e-04
Loss = 1.0322e-01, PNorm = 57.9172, GNorm = 0.2520, lr_0 = 6.4000e-04
Loss = 1.1284e-01, PNorm = 57.9530, GNorm = 0.4250, lr_0 = 6.9294e-04
Loss = 9.6701e-02, PNorm = 58.0104, GNorm = 0.1918, lr_0 = 7.4588e-04
Loss = 7.4189e-02, PNorm = 58.0604, GNorm = 0.2853, lr_0 = 7.9882e-04
Loss = 6.9395e-02, PNorm = 58.1066, GNorm = 0.1256, lr_0 = 8.5176e-04
Loss = 8.7648e-02, PNorm = 58.1511, GNorm = 0.2246, lr_0 = 9.0471e-04
Loss = 9.2786e-02, PNorm = 58.2060, GNorm = 0.1866, lr_0 = 9.5765e-04
Loss = 1.1666e-01, PNorm = 58.2776, GNorm = 0.3200, lr_0 = 9.9807e-04
Validation auc = 0.833420
Epoch 2
Loss = 8.3604e-02, PNorm = 58.3939, GNorm = 0.0669, lr_0 = 9.8846e-04
Loss = 1.0801e-01, PNorm = 58.4969, GNorm = 0.2552, lr_0 = 9.7894e-04
Loss = 8.4742e-02, PNorm = 58.6306, GNorm = 0.1103, lr_0 = 9.6952e-04
Loss = 9.3683e-02, PNorm = 58.7050, GNorm = 0.1704, lr_0 = 9.6018e-04
Loss = 5.3289e-02, PNorm = 58.8358, GNorm = 0.1689, lr_0 = 9.5094e-04
Loss = 7.7800e-02, PNorm = 58.8878, GNorm = 0.1413, lr_0 = 9.4178e-04
Loss = 9.1682e-02, PNorm = 58.9756, GNorm = 0.1736, lr_0 = 9.3271e-04
Loss = 8.3451e-02, PNorm = 59.0665, GNorm = 0.2757, lr_0 = 9.2373e-04
Validation auc = 0.886992
Epoch 3
Loss = 1.1886e-01, PNorm = 59.2088, GNorm = 0.2797, lr_0 = 9.1395e-04
Loss = 9.3559e-02, PNorm = 59.3366, GNorm = 0.2420, lr_0 = 9.0515e-04
Loss = 5.4453e-02, PNorm = 59.4509, GNorm = 0.2029, lr_0 = 8.9644e-04
Loss = 7.7512e-02, PNorm = 59.5169, GNorm = 0.3631, lr_0 = 8.8781e-04
Loss = 8.0116e-02, PNorm = 59.5956, GNorm = 0.1216, lr_0 = 8.7926e-04
Loss = 8.0543e-02, PNorm = 59.7148, GNorm = 0.2877, lr_0 = 8.7080e-04
Loss = 7.9881e-02, PNorm = 59.8020, GNorm = 0.2566, lr_0 = 8.6241e-04
Loss = 1.0777e-01, PNorm = 59.9073, GNorm = 0.2185, lr_0 = 8.5411e-04
Loss = 7.5662e-02, PNorm = 60.0149, GNorm = 0.1687, lr_0 = 8.4588e-04
Validation auc = 0.795185
Epoch 4
Loss = 4.7344e-02, PNorm = 60.1124, GNorm = 0.0995, lr_0 = 8.3774e-04
Loss = 8.2815e-02, PNorm = 60.1936, GNorm = 0.4554, lr_0 = 8.2967e-04
Loss = 1.0429e-01, PNorm = 60.2872, GNorm = 0.1829, lr_0 = 8.2169e-04
Loss = 7.6367e-02, PNorm = 60.4100, GNorm = 0.3111, lr_0 = 8.1377e-04
Loss = 9.6583e-02, PNorm = 60.4618, GNorm = 0.2345, lr_0 = 8.0594e-04
Loss = 6.3570e-02, PNorm = 60.5836, GNorm = 0.2682, lr_0 = 7.9818e-04
Loss = 9.0070e-02, PNorm = 60.6350, GNorm = 0.1428, lr_0 = 7.9050e-04
Loss = 9.0049e-02, PNorm = 60.7173, GNorm = 0.1828, lr_0 = 7.8288e-04
Validation auc = 0.856308
Epoch 5
Loss = 6.8132e-02, PNorm = 60.8352, GNorm = 0.2987, lr_0 = 7.7535e-04
Loss = 7.0687e-02, PNorm = 60.8878, GNorm = 0.1396, lr_0 = 7.6788e-04
Loss = 6.0433e-02, PNorm = 61.0099, GNorm = 0.1366, lr_0 = 7.6049e-04
Loss = 5.4055e-02, PNorm = 61.1033, GNorm = 0.3016, lr_0 = 7.5317e-04
Loss = 8.0854e-02, PNorm = 61.1402, GNorm = 0.1534, lr_0 = 7.4591e-04
Loss = 8.0536e-02, PNorm = 61.2705, GNorm = 0.3510, lr_0 = 7.3873e-04
Loss = 9.5910e-02, PNorm = 61.3541, GNorm = 0.3906, lr_0 = 7.3162e-04
Loss = 7.0168e-02, PNorm = 61.4440, GNorm = 0.1392, lr_0 = 7.2458e-04
Loss = 7.9283e-02, PNorm = 61.5087, GNorm = 0.1491, lr_0 = 7.1760e-04
Validation auc = 0.827010
Epoch 6
Loss = 7.8781e-02, PNorm = 61.6386, GNorm = 0.2330, lr_0 = 7.1000e-04
Loss = 9.1149e-02, PNorm = 61.7646, GNorm = 0.2877, lr_0 = 7.0317e-04
Loss = 5.6865e-02, PNorm = 61.8544, GNorm = 0.1757, lr_0 = 6.9640e-04
Loss = 4.8585e-02, PNorm = 61.9299, GNorm = 0.2588, lr_0 = 6.8969e-04
Loss = 5.8517e-02, PNorm = 62.0206, GNorm = 0.0847, lr_0 = 6.8305e-04
Loss = 7.2076e-02, PNorm = 62.0903, GNorm = 0.1713, lr_0 = 6.7648e-04
Loss = 6.2355e-02, PNorm = 62.1814, GNorm = 0.3471, lr_0 = 6.6996e-04
Loss = 9.8696e-02, PNorm = 62.2576, GNorm = 0.2046, lr_0 = 6.6351e-04
Validation auc = 0.809486
Epoch 7
Loss = 2.9429e-02, PNorm = 62.3702, GNorm = 0.1335, lr_0 = 6.5712e-04
Loss = 5.0378e-02, PNorm = 62.4701, GNorm = 0.1262, lr_0 = 6.5080e-04
Loss = 8.7607e-02, PNorm = 62.5184, GNorm = 0.5013, lr_0 = 6.4453e-04
Loss = 9.2461e-02, PNorm = 62.5961, GNorm = 0.1930, lr_0 = 6.3833e-04
Loss = 7.1263e-02, PNorm = 62.6900, GNorm = 0.2809, lr_0 = 6.3218e-04
Loss = 5.8791e-02, PNorm = 62.8081, GNorm = 0.5223, lr_0 = 6.2609e-04
Loss = 5.8690e-02, PNorm = 62.8958, GNorm = 0.1473, lr_0 = 6.2006e-04
Loss = 5.9418e-02, PNorm = 62.9855, GNorm = 0.3390, lr_0 = 6.1409e-04
Loss = 6.4482e-02, PNorm = 63.0249, GNorm = 0.1821, lr_0 = 6.0818e-04
Validation auc = 0.868363
Epoch 8
Loss = 3.4493e-02, PNorm = 63.1241, GNorm = 0.0787, lr_0 = 6.0233e-04
Loss = 6.0499e-02, PNorm = 63.1840, GNorm = 0.2163, lr_0 = 5.9653e-04
Loss = 6.0300e-02, PNorm = 63.2495, GNorm = 0.1181, lr_0 = 5.9078e-04
Loss = 5.6743e-02, PNorm = 63.2939, GNorm = 0.1214, lr_0 = 5.8510e-04
Loss = 4.3833e-02, PNorm = 63.3659, GNorm = 0.0979, lr_0 = 5.7946e-04
Loss = 6.3795e-02, PNorm = 63.4315, GNorm = 0.1901, lr_0 = 5.7388e-04
Loss = 5.7718e-02, PNorm = 63.5148, GNorm = 0.1847, lr_0 = 5.6836e-04
Loss = 6.5739e-02, PNorm = 63.5867, GNorm = 0.1481, lr_0 = 5.6289e-04
Loss = 9.4597e-02, PNorm = 63.6457, GNorm = 0.4084, lr_0 = 5.5747e-04
Loss = 1.6217e-02, PNorm = 63.6530, GNorm = 0.1528, lr_0 = 5.5693e-04
Validation auc = 0.839606
Epoch 9
Loss = 3.5090e-02, PNorm = 63.7577, GNorm = 0.1394, lr_0 = 5.5156e-04
Loss = 6.8891e-02, PNorm = 63.8152, GNorm = 0.1768, lr_0 = 5.4625e-04
Loss = 7.3888e-02, PNorm = 63.8880, GNorm = 0.1229, lr_0 = 5.4100e-04
Loss = 6.1699e-02, PNorm = 63.9484, GNorm = 0.4812, lr_0 = 5.3579e-04
Loss = 6.5293e-02, PNorm = 63.9899, GNorm = 0.1394, lr_0 = 5.3063e-04
Loss = 4.8107e-02, PNorm = 64.0720, GNorm = 0.1211, lr_0 = 5.2552e-04
Loss = 5.1602e-02, PNorm = 64.1452, GNorm = 0.1542, lr_0 = 5.2046e-04
Loss = 6.9951e-02, PNorm = 64.2167, GNorm = 0.1660, lr_0 = 5.1545e-04
Validation auc = 0.878561
Epoch 10
Loss = 3.6500e-02, PNorm = 64.2930, GNorm = 0.1925, lr_0 = 5.1049e-04
Loss = 3.4411e-02, PNorm = 64.3919, GNorm = 0.1215, lr_0 = 5.0557e-04
Loss = 4.0909e-02, PNorm = 64.4483, GNorm = 0.2370, lr_0 = 5.0070e-04
Loss = 6.7676e-02, PNorm = 64.5044, GNorm = 0.2579, lr_0 = 4.9588e-04
Loss = 6.2993e-02, PNorm = 64.5486, GNorm = 0.4187, lr_0 = 4.9111e-04
Loss = 7.6377e-02, PNorm = 64.6143, GNorm = 0.3630, lr_0 = 4.8638e-04
Loss = 4.4004e-02, PNorm = 64.6987, GNorm = 0.2739, lr_0 = 4.8170e-04
Loss = 5.9164e-02, PNorm = 64.7479, GNorm = 0.1390, lr_0 = 4.7706e-04
Loss = 6.4737e-02, PNorm = 64.7950, GNorm = 0.1346, lr_0 = 4.7247e-04
Validation auc = 0.831607
Epoch 11
Loss = 4.5659e-02, PNorm = 64.8496, GNorm = 0.0475, lr_0 = 4.6792e-04
Loss = 2.0183e-02, PNorm = 64.9054, GNorm = 0.2297, lr_0 = 4.6341e-04
Loss = 4.4836e-02, PNorm = 64.9510, GNorm = 0.1444, lr_0 = 4.5895e-04
Loss = 6.9237e-02, PNorm = 65.0171, GNorm = 0.1508, lr_0 = 4.5453e-04
Loss = 5.6560e-02, PNorm = 65.0947, GNorm = 0.1014, lr_0 = 4.5015e-04
Loss = 4.0528e-02, PNorm = 65.1441, GNorm = 0.0660, lr_0 = 4.4582e-04
Loss = 7.7009e-02, PNorm = 65.1944, GNorm = 0.3330, lr_0 = 4.4153e-04
Loss = 3.6804e-02, PNorm = 65.2748, GNorm = 0.1896, lr_0 = 4.3728e-04
Validation auc = 0.865508
Epoch 12
Loss = 3.1067e-02, PNorm = 65.3327, GNorm = 0.2746, lr_0 = 4.3265e-04
Loss = 4.0115e-02, PNorm = 65.4357, GNorm = 0.3437, lr_0 = 4.2848e-04
Loss = 4.5059e-02, PNorm = 65.4932, GNorm = 0.2727, lr_0 = 4.2436e-04
Loss = 2.6828e-02, PNorm = 65.5447, GNorm = 0.1047, lr_0 = 4.2027e-04
Loss = 5.6052e-02, PNorm = 65.5899, GNorm = 0.3196, lr_0 = 4.1622e-04
Loss = 4.9994e-02, PNorm = 65.6579, GNorm = 0.2844, lr_0 = 4.1222e-04
Loss = 9.2699e-02, PNorm = 65.7293, GNorm = 0.4150, lr_0 = 4.0825e-04
Loss = 5.8691e-02, PNorm = 65.8179, GNorm = 0.2062, lr_0 = 4.0432e-04
Loss = 6.3932e-02, PNorm = 65.8402, GNorm = 0.4142, lr_0 = 4.0042e-04
Validation auc = 0.848670
Epoch 13
Loss = 4.5968e-02, PNorm = 65.8742, GNorm = 0.3136, lr_0 = 3.9657e-04
Loss = 3.3352e-02, PNorm = 65.9298, GNorm = 0.0493, lr_0 = 3.9275e-04
Loss = 4.2244e-02, PNorm = 65.9697, GNorm = 0.1786, lr_0 = 3.8897e-04
Loss = 4.1111e-02, PNorm = 66.0174, GNorm = 0.1851, lr_0 = 3.8522e-04
Loss = 4.5170e-02, PNorm = 66.0640, GNorm = 0.1585, lr_0 = 3.8152e-04
Loss = 4.0441e-02, PNorm = 66.1084, GNorm = 0.1986, lr_0 = 3.7784e-04
Loss = 6.7824e-02, PNorm = 66.1402, GNorm = 0.3198, lr_0 = 3.7420e-04
Loss = 4.8180e-02, PNorm = 66.1763, GNorm = 0.1722, lr_0 = 3.7060e-04
Validation auc = 0.864927
Epoch 14
Loss = 3.7653e-02, PNorm = 66.2212, GNorm = 0.1534, lr_0 = 3.6668e-04
Loss = 3.4001e-02, PNorm = 66.2834, GNorm = 0.1630, lr_0 = 3.6315e-04
Loss = 7.1082e-02, PNorm = 66.3305, GNorm = 0.2553, lr_0 = 3.5965e-04
Loss = 2.9175e-02, PNorm = 66.4171, GNorm = 0.3657, lr_0 = 3.5619e-04
Loss = 4.1924e-02, PNorm = 66.4551, GNorm = 0.1731, lr_0 = 3.5276e-04
Loss = 3.2197e-02, PNorm = 66.4996, GNorm = 0.2257, lr_0 = 3.4936e-04
Loss = 7.9183e-02, PNorm = 66.5227, GNorm = 0.2284, lr_0 = 3.4600e-04
Loss = 4.9395e-02, PNorm = 66.5615, GNorm = 0.1988, lr_0 = 3.4267e-04
Loss = 3.2263e-02, PNorm = 66.6049, GNorm = 0.1707, lr_0 = 3.3937e-04
Validation auc = 0.887700
Epoch 15
Loss = 6.3348e-02, PNorm = 66.6326, GNorm = 0.2516, lr_0 = 3.3610e-04
Loss = 3.0790e-02, PNorm = 66.6688, GNorm = 0.1393, lr_0 = 3.3287e-04
Loss = 5.1796e-02, PNorm = 66.6919, GNorm = 0.2167, lr_0 = 3.2966e-04
Loss = 3.9854e-02, PNorm = 66.7103, GNorm = 0.1453, lr_0 = 3.2649e-04
Loss = 3.2662e-02, PNorm = 66.7536, GNorm = 0.3041, lr_0 = 3.2334e-04
Loss = 4.3001e-02, PNorm = 66.7883, GNorm = 0.1000, lr_0 = 3.2023e-04
Loss = 3.8987e-02, PNorm = 66.8130, GNorm = 0.2188, lr_0 = 3.1715e-04
Loss = 3.8458e-02, PNorm = 66.8645, GNorm = 0.1860, lr_0 = 3.1409e-04
Loss = 4.4095e-02, PNorm = 66.9222, GNorm = 0.2207, lr_0 = 3.1107e-04
Validation auc = 0.879714
Epoch 16
Loss = 5.0352e-02, PNorm = 66.9615, GNorm = 0.1465, lr_0 = 3.0807e-04
Loss = 2.6837e-02, PNorm = 66.9996, GNorm = 0.0534, lr_0 = 3.0511e-04
Loss = 5.3464e-02, PNorm = 67.0182, GNorm = 0.2360, lr_0 = 3.0217e-04
Loss = 4.1874e-02, PNorm = 67.0615, GNorm = 0.1971, lr_0 = 2.9926e-04
Loss = 4.8944e-02, PNorm = 67.0718, GNorm = 0.1534, lr_0 = 2.9638e-04
Loss = 5.5820e-02, PNorm = 67.1015, GNorm = 0.1764, lr_0 = 2.9353e-04
Loss = 3.3655e-02, PNorm = 67.1545, GNorm = 0.5740, lr_0 = 2.9070e-04
Loss = 2.1327e-02, PNorm = 67.1857, GNorm = 0.1492, lr_0 = 2.8790e-04
Validation auc = 0.886509
Epoch 17
Loss = 3.1068e-02, PNorm = 67.2199, GNorm = 0.0585, lr_0 = 2.8485e-04
Loss = 5.0934e-02, PNorm = 67.2401, GNorm = 0.3649, lr_0 = 2.8211e-04
Loss = 4.5185e-02, PNorm = 67.2678, GNorm = 0.1778, lr_0 = 2.7939e-04
Loss = 4.3358e-02, PNorm = 67.2946, GNorm = 0.2122, lr_0 = 2.7670e-04
Loss = 2.9487e-02, PNorm = 67.3321, GNorm = 0.1968, lr_0 = 2.7404e-04
Loss = 3.1016e-02, PNorm = 67.3491, GNorm = 0.1703, lr_0 = 2.7140e-04
Loss = 4.2140e-02, PNorm = 67.3701, GNorm = 0.3957, lr_0 = 2.6879e-04
Loss = 3.2039e-02, PNorm = 67.4094, GNorm = 0.2087, lr_0 = 2.6620e-04
Loss = 4.5728e-02, PNorm = 67.4318, GNorm = 0.2342, lr_0 = 2.6364e-04
Validation auc = 0.883419
Epoch 18
Loss = 3.0303e-02, PNorm = 67.4631, GNorm = 0.0734, lr_0 = 2.6110e-04
Loss = 4.4066e-02, PNorm = 67.4879, GNorm = 0.2508, lr_0 = 2.5859e-04
Loss = 5.4946e-02, PNorm = 67.5064, GNorm = 0.3004, lr_0 = 2.5610e-04
Loss = 3.9150e-02, PNorm = 67.5524, GNorm = 0.4765, lr_0 = 2.5363e-04
Loss = 4.9492e-02, PNorm = 67.5751, GNorm = 0.2171, lr_0 = 2.5119e-04
Loss = 3.0430e-02, PNorm = 67.6124, GNorm = 0.0703, lr_0 = 2.4877e-04
Loss = 3.1826e-02, PNorm = 67.6397, GNorm = 0.1342, lr_0 = 2.4638e-04
Loss = 2.5955e-02, PNorm = 67.6685, GNorm = 0.3734, lr_0 = 2.4400e-04
Validation auc = 0.877950
Epoch 19
Loss = 2.6617e-02, PNorm = 67.7070, GNorm = 0.1996, lr_0 = 2.4165e-04
Loss = 3.4433e-02, PNorm = 67.7358, GNorm = 0.3563, lr_0 = 2.3933e-04
Loss = 3.1587e-02, PNorm = 67.7388, GNorm = 0.0820, lr_0 = 2.3702e-04
Loss = 2.7653e-02, PNorm = 67.7722, GNorm = 0.2621, lr_0 = 2.3474e-04
Loss = 2.6953e-02, PNorm = 67.8012, GNorm = 0.2890, lr_0 = 2.3248e-04
Loss = 6.2043e-02, PNorm = 67.8130, GNorm = 0.1481, lr_0 = 2.3024e-04
Loss = 5.0679e-02, PNorm = 67.8445, GNorm = 0.5808, lr_0 = 2.2803e-04
Loss = 2.6764e-02, PNorm = 67.8782, GNorm = 0.2549, lr_0 = 2.2583e-04
Loss = 2.8234e-02, PNorm = 67.8928, GNorm = 0.1159, lr_0 = 2.2366e-04
Validation auc = 0.883929
Epoch 20
Loss = 2.6709e-02, PNorm = 67.9229, GNorm = 0.3035, lr_0 = 2.2129e-04
Loss = 3.3639e-02, PNorm = 67.9491, GNorm = 0.1006, lr_0 = 2.1916e-04
Loss = 3.9546e-02, PNorm = 67.9687, GNorm = 0.1728, lr_0 = 2.1705e-04
Loss = 1.8513e-02, PNorm = 67.9933, GNorm = 0.0776, lr_0 = 2.1496e-04
Loss = 3.9061e-02, PNorm = 68.0160, GNorm = 0.1315, lr_0 = 2.1289e-04
Loss = 4.4123e-02, PNorm = 68.0317, GNorm = 0.3142, lr_0 = 2.1084e-04
Loss = 2.7131e-02, PNorm = 68.0635, GNorm = 0.2037, lr_0 = 2.0881e-04
Loss = 3.5293e-02, PNorm = 68.0880, GNorm = 0.4531, lr_0 = 2.0680e-04
Validation auc = 0.887688
Epoch 21
Loss = 3.4204e-02, PNorm = 68.0926, GNorm = 0.3441, lr_0 = 2.0481e-04
Loss = 2.9927e-02, PNorm = 68.1353, GNorm = 0.1984, lr_0 = 2.0283e-04
Loss = 2.1521e-02, PNorm = 68.1594, GNorm = 0.0639, lr_0 = 2.0088e-04
Loss = 4.7440e-02, PNorm = 68.1667, GNorm = 0.2096, lr_0 = 1.9895e-04
Loss = 3.3159e-02, PNorm = 68.1848, GNorm = 0.1389, lr_0 = 1.9703e-04
Loss = 3.9633e-02, PNorm = 68.2120, GNorm = 0.1807, lr_0 = 1.9514e-04
Loss = 3.8952e-02, PNorm = 68.2354, GNorm = 0.1273, lr_0 = 1.9326e-04
Loss = 2.1874e-02, PNorm = 68.2573, GNorm = 0.2021, lr_0 = 1.9140e-04
Loss = 3.9437e-02, PNorm = 68.2780, GNorm = 0.5550, lr_0 = 1.8955e-04
Validation auc = 0.897544
Epoch 22
Loss = 1.0542e-02, PNorm = 68.2959, GNorm = 0.1839, lr_0 = 1.8773e-04
Loss = 4.0247e-02, PNorm = 68.3076, GNorm = 0.1778, lr_0 = 1.8592e-04
Loss = 1.8622e-02, PNorm = 68.3299, GNorm = 0.1534, lr_0 = 1.8413e-04
Loss = 2.6219e-02, PNorm = 68.3490, GNorm = 0.1102, lr_0 = 1.8236e-04
Loss = 4.0781e-02, PNorm = 68.3575, GNorm = 0.1851, lr_0 = 1.8060e-04
Loss = 2.6001e-02, PNorm = 68.3834, GNorm = 0.2024, lr_0 = 1.7886e-04
Loss = 5.0204e-02, PNorm = 68.4159, GNorm = 0.3780, lr_0 = 1.7714e-04
Loss = 4.0283e-02, PNorm = 68.4232, GNorm = 0.3505, lr_0 = 1.7544e-04
Validation auc = 0.894016
Epoch 23
Loss = 6.1403e-02, PNorm = 68.4523, GNorm = 0.3071, lr_0 = 1.7358e-04
Loss = 2.5554e-02, PNorm = 68.4769, GNorm = 0.3514, lr_0 = 1.7191e-04
Loss = 5.0748e-02, PNorm = 68.4807, GNorm = 0.1071, lr_0 = 1.7025e-04
Loss = 1.8718e-02, PNorm = 68.5046, GNorm = 0.0943, lr_0 = 1.6861e-04
Loss = 2.5600e-02, PNorm = 68.5214, GNorm = 0.0573, lr_0 = 1.6699e-04
Loss = 2.5149e-02, PNorm = 68.5386, GNorm = 0.2919, lr_0 = 1.6538e-04
Loss = 2.2871e-02, PNorm = 68.5586, GNorm = 0.3696, lr_0 = 1.6379e-04
Loss = 2.5578e-02, PNorm = 68.5702, GNorm = 0.2038, lr_0 = 1.6221e-04
Loss = 4.1955e-02, PNorm = 68.5880, GNorm = 0.2539, lr_0 = 1.6065e-04
Validation auc = 0.893895
Epoch 24
Loss = 5.4430e-02, PNorm = 68.5981, GNorm = 0.2998, lr_0 = 1.5910e-04
Loss = 2.5347e-02, PNorm = 68.6289, GNorm = 0.1115, lr_0 = 1.5757e-04
Loss = 4.4473e-02, PNorm = 68.6500, GNorm = 0.3120, lr_0 = 1.5605e-04
Loss = 2.1295e-02, PNorm = 68.6648, GNorm = 0.1345, lr_0 = 1.5455e-04
Loss = 2.9385e-02, PNorm = 68.6787, GNorm = 0.0655, lr_0 = 1.5306e-04
Loss = 1.8188e-02, PNorm = 68.6942, GNorm = 0.0623, lr_0 = 1.5159e-04
Loss = 3.4820e-02, PNorm = 68.7085, GNorm = 0.2429, lr_0 = 1.5013e-04
Loss = 2.9905e-02, PNorm = 68.7118, GNorm = 0.1472, lr_0 = 1.4869e-04
Loss = 2.1046e-02, PNorm = 68.7354, GNorm = 0.0442, lr_0 = 1.4725e-04
Validation auc = 0.891479
Epoch 25
Loss = 2.9030e-02, PNorm = 68.7526, GNorm = 0.2801, lr_0 = 1.4584e-04
Loss = 1.5213e-02, PNorm = 68.7675, GNorm = 0.1791, lr_0 = 1.4443e-04
Loss = 2.4755e-02, PNorm = 68.7814, GNorm = 0.4351, lr_0 = 1.4304e-04
Loss = 3.1629e-02, PNorm = 68.7940, GNorm = 0.1713, lr_0 = 1.4166e-04
Loss = 1.9675e-02, PNorm = 68.8177, GNorm = 0.2433, lr_0 = 1.4030e-04
Loss = 2.7113e-02, PNorm = 68.8280, GNorm = 0.1357, lr_0 = 1.3895e-04
Loss = 2.0332e-02, PNorm = 68.8419, GNorm = 0.0357, lr_0 = 1.3761e-04
Loss = 2.9705e-02, PNorm = 68.8520, GNorm = 0.1673, lr_0 = 1.3629e-04
Validation auc = 0.898213
Epoch 26
Loss = 2.6909e-02, PNorm = 68.8581, GNorm = 0.3899, lr_0 = 1.3484e-04
Loss = 2.5234e-02, PNorm = 68.8828, GNorm = 0.4367, lr_0 = 1.3355e-04
Loss = 1.4847e-02, PNorm = 68.9005, GNorm = 0.3015, lr_0 = 1.3226e-04
Loss = 2.4956e-02, PNorm = 68.9073, GNorm = 0.2164, lr_0 = 1.3099e-04
Loss = 4.2542e-02, PNorm = 68.9103, GNorm = 0.2877, lr_0 = 1.2973e-04
Loss = 2.8202e-02, PNorm = 68.9305, GNorm = 0.2579, lr_0 = 1.2848e-04
Loss = 2.0614e-02, PNorm = 68.9503, GNorm = 0.0504, lr_0 = 1.2724e-04
Loss = 3.8798e-02, PNorm = 68.9579, GNorm = 0.3975, lr_0 = 1.2601e-04
Loss = 1.4188e-02, PNorm = 68.9670, GNorm = 0.3410, lr_0 = 1.2480e-04
Validation auc = 0.898109
Epoch 27
Loss = 2.1997e-02, PNorm = 68.9772, GNorm = 0.0633, lr_0 = 1.2360e-04
Loss = 1.2451e-02, PNorm = 68.9915, GNorm = 0.1473, lr_0 = 1.2241e-04
Loss = 1.5373e-02, PNorm = 69.0067, GNorm = 0.3174, lr_0 = 1.2123e-04
Loss = 1.0125e-02, PNorm = 69.0155, GNorm = 0.0959, lr_0 = 1.2006e-04
Loss = 2.2046e-02, PNorm = 69.0219, GNorm = 0.1153, lr_0 = 1.1891e-04
Loss = 3.8829e-02, PNorm = 69.0306, GNorm = 0.5356, lr_0 = 1.1776e-04
Loss = 2.4250e-02, PNorm = 69.0512, GNorm = 0.4843, lr_0 = 1.1663e-04
Loss = 2.3887e-02, PNorm = 69.0733, GNorm = 0.6262, lr_0 = 1.1551e-04
Validation auc = 0.897272
Epoch 28
Loss = 4.4632e-02, PNorm = 69.0747, GNorm = 0.6299, lr_0 = 1.1428e-04
Loss = 1.9744e-02, PNorm = 69.0919, GNorm = 0.1790, lr_0 = 1.1318e-04
Loss = 3.4551e-02, PNorm = 69.1145, GNorm = 0.5852, lr_0 = 1.1209e-04
Loss = 2.5638e-02, PNorm = 69.1211, GNorm = 0.1269, lr_0 = 1.1101e-04
Loss = 1.7742e-02, PNorm = 69.1302, GNorm = 0.2002, lr_0 = 1.0995e-04
Loss = 2.5520e-02, PNorm = 69.1442, GNorm = 0.0908, lr_0 = 1.0889e-04
Loss = 2.9689e-02, PNorm = 69.1533, GNorm = 0.3555, lr_0 = 1.0784e-04
Loss = 3.1238e-02, PNorm = 69.1565, GNorm = 0.1771, lr_0 = 1.0680e-04
Loss = 1.8572e-02, PNorm = 69.1686, GNorm = 0.1419, lr_0 = 1.0577e-04
Validation auc = 0.899923
Epoch 29
Loss = 2.5467e-02, PNorm = 69.1803, GNorm = 0.3742, lr_0 = 1.0475e-04
Loss = 2.1871e-02, PNorm = 69.1861, GNorm = 0.7783, lr_0 = 1.0374e-04
Loss = 2.4770e-02, PNorm = 69.1934, GNorm = 0.1816, lr_0 = 1.0275e-04
Loss = 1.3173e-02, PNorm = 69.2060, GNorm = 0.4582, lr_0 = 1.0176e-04
Loss = 1.9420e-02, PNorm = 69.2199, GNorm = 0.0427, lr_0 = 1.0078e-04
Loss = 3.2762e-02, PNorm = 69.2223, GNorm = 0.0986, lr_0 = 1.0000e-04
Loss = 2.7395e-02, PNorm = 69.2293, GNorm = 0.2776, lr_0 = 1.0000e-04
Loss = 1.9083e-02, PNorm = 69.2406, GNorm = 0.1080, lr_0 = 1.0000e-04
Validation auc = 0.894120
Model 0 best validation auc = 0.899923 on epoch 28
Loading pretrained parameter "encoder.encoder.0.cached_zero_vector".
Loading pretrained parameter "encoder.encoder.0.W_i.weight".
Loading pretrained parameter "encoder.encoder.0.W_h.weight".
Loading pretrained parameter "encoder.encoder.0.W_o.weight".
Loading pretrained parameter "encoder.encoder.0.W_o.bias".
Loading pretrained parameter "ffn.1.weight".
Loading pretrained parameter "ffn.1.bias".
Moving model to cuda
Model 0 test auc = 0.814908
Ensemble test auc = 0.814908
Fold 2
Splitting data with seed 2
Total scaffolds = 3,467 | train scaffolds = 2,630 | val scaffolds = 419 | test scaffolds = 418
Label averages per scaffold, in decreasing order of scaffold frequency,capped at 10 scaffolds and 20 labels:
Scaffold 0
Task 0: count = 381 | target average = 0.018373
Task 1: count = 381 | target average = 0.013123


Scaffold 1
Task 0: count = 305 | target average = 0.009836
Task 1: count = 305 | target average = 0.016393


Scaffold 2
Task 0: count = 36 | target average = 0.000000
Task 1: count = 36 | target average = 0.000000


Scaffold 3
Task 0: count = 29 | target average = 0.000000
Task 1: count = 29 | target average = 0.000000


Scaffold 4
Task 0: count = 26 | target average = 0.000000
Task 1: count = 26 | target average = 0.000000


Scaffold 5
Task 0: count = 23 | target average = 0.000000
Task 1: count = 23 | target average = 0.000000


Scaffold 6
Task 0: count = 22 | target average = 0.090909
Task 1: count = 22 | target average = 0.090909


Scaffold 7
Task 0: count = 20 | target average = 0.000000
Task 1: count = 20 | target average = 0.000000


Scaffold 8
Task 0: count = 20 | target average = 0.000000
Task 1: count = 20 | target average = 0.000000


Scaffold 9
Task 0: count = 20 | target average = 0.050000
Task 1: count = 20 | target average = 0.000000


Class sizes
hit_inh 0: 97.83%, 1: 2.17%
hit_kill 0: 98.64%, 1: 1.36%
Total size = 5,353 | train size = 4,282 | val size = 535 | test size = 536
Building model 0
MoleculeModel(
  (sigmoid): Sigmoid()
  (encoder): MPN(
    (encoder): ModuleList(
      (0): MPNEncoder(
        (dropout_layer): Dropout(p=0.4, inplace=False)
        (act_func): ReLU()
        (W_i): Linear(in_features=147, out_features=1500, bias=False)
        (W_h): Linear(in_features=1500, out_features=1500, bias=False)
        (W_o): Linear(in_features=1633, out_features=1500, bias=True)
      )
    )
  )
  (ffn): Sequential(
    (0): Dropout(p=0.4, inplace=False)
    (1): Linear(in_features=1700, out_features=2, bias=True)
  )
)
Number of parameters = 4,924,902
Moving model to cuda
Epoch 0
Loss = 2.5989e-01, PNorm = 57.7621, GNorm = 0.2457, lr_0 = 1.5824e-04
Loss = 8.5361e-02, PNorm = 57.7854, GNorm = 0.3369, lr_0 = 2.1118e-04
Loss = 1.3619e-01, PNorm = 57.7947, GNorm = 0.3995, lr_0 = 2.6412e-04
Loss = 9.7553e-02, PNorm = 57.8071, GNorm = 0.2205, lr_0 = 3.1706e-04
Loss = 8.4094e-02, PNorm = 57.8214, GNorm = 0.1459, lr_0 = 3.7000e-04
Loss = 1.0720e-01, PNorm = 57.8314, GNorm = 0.2810, lr_0 = 4.2294e-04
Loss = 9.9449e-02, PNorm = 57.8489, GNorm = 0.4404, lr_0 = 4.7588e-04
Loss = 8.1556e-02, PNorm = 57.8604, GNorm = 0.1919, lr_0 = 5.2882e-04
Validation auc = 0.634494
Epoch 1
Loss = 6.6089e-02, PNorm = 57.8849, GNorm = 0.1991, lr_0 = 5.8706e-04
Loss = 7.9006e-02, PNorm = 57.9026, GNorm = 0.4474, lr_0 = 6.4000e-04
Loss = 5.4582e-02, PNorm = 57.9376, GNorm = 0.3216, lr_0 = 6.9294e-04
Loss = 1.3473e-01, PNorm = 57.9594, GNorm = 0.3286, lr_0 = 7.4588e-04
Loss = 8.4753e-02, PNorm = 58.0213, GNorm = 0.4081, lr_0 = 7.9882e-04
Loss = 1.0132e-01, PNorm = 58.0641, GNorm = 0.2300, lr_0 = 8.5176e-04
Loss = 1.1025e-01, PNorm = 58.1174, GNorm = 0.1890, lr_0 = 9.0471e-04
Loss = 1.2276e-01, PNorm = 58.1786, GNorm = 0.2449, lr_0 = 9.5765e-04
Loss = 7.2250e-02, PNorm = 58.2526, GNorm = 0.1795, lr_0 = 9.9807e-04
Validation auc = 0.836936
Epoch 2
Loss = 9.1969e-02, PNorm = 58.3409, GNorm = 0.4071, lr_0 = 9.8846e-04
Loss = 8.1011e-02, PNorm = 58.4246, GNorm = 0.3515, lr_0 = 9.7894e-04
Loss = 1.0496e-01, PNorm = 58.4911, GNorm = 0.2010, lr_0 = 9.6952e-04
Loss = 8.4485e-02, PNorm = 58.5613, GNorm = 0.3349, lr_0 = 9.6018e-04
Loss = 1.1494e-01, PNorm = 58.6272, GNorm = 0.2006, lr_0 = 9.5094e-04
Loss = 6.8112e-02, PNorm = 58.7256, GNorm = 0.1664, lr_0 = 9.4178e-04
Loss = 5.8996e-02, PNorm = 58.7748, GNorm = 0.1553, lr_0 = 9.3271e-04
Loss = 7.5650e-02, PNorm = 58.8465, GNorm = 0.1382, lr_0 = 9.2373e-04
Validation auc = 0.831808
Epoch 3
Loss = 7.9388e-02, PNorm = 58.9089, GNorm = 0.1880, lr_0 = 9.1395e-04
Loss = 1.0080e-01, PNorm = 58.9916, GNorm = 0.2258, lr_0 = 9.0515e-04
Loss = 8.7949e-02, PNorm = 59.1005, GNorm = 0.3264, lr_0 = 8.9644e-04
Loss = 3.5812e-02, PNorm = 59.2046, GNorm = 0.0855, lr_0 = 8.8781e-04
Loss = 9.2899e-02, PNorm = 59.2331, GNorm = 0.3357, lr_0 = 8.7926e-04
Loss = 7.7986e-02, PNorm = 59.3152, GNorm = 0.0752, lr_0 = 8.7080e-04
Loss = 1.0888e-01, PNorm = 59.3942, GNorm = 0.2761, lr_0 = 8.6241e-04
Loss = 8.4268e-02, PNorm = 59.5122, GNorm = 0.1321, lr_0 = 8.5411e-04
Loss = 7.6732e-02, PNorm = 59.5847, GNorm = 0.2696, lr_0 = 8.4588e-04
Validation auc = 0.862784
Epoch 4
Loss = 4.7785e-02, PNorm = 59.6912, GNorm = 0.1169, lr_0 = 8.3774e-04
Loss = 6.3797e-02, PNorm = 59.7780, GNorm = 0.1613, lr_0 = 8.2967e-04
Loss = 7.0971e-02, PNorm = 59.8473, GNorm = 0.2008, lr_0 = 8.2169e-04
Loss = 9.7511e-02, PNorm = 59.9152, GNorm = 0.1960, lr_0 = 8.1377e-04
Loss = 9.7836e-02, PNorm = 60.0268, GNorm = 0.2356, lr_0 = 8.0594e-04
Loss = 6.6686e-02, PNorm = 60.1744, GNorm = 0.2190, lr_0 = 7.9818e-04
Loss = 1.0064e-01, PNorm = 60.2493, GNorm = 0.2364, lr_0 = 7.9050e-04
Loss = 5.8702e-02, PNorm = 60.4140, GNorm = 0.2283, lr_0 = 7.8288e-04
Validation auc = 0.851089
Epoch 5
Loss = 9.3362e-02, PNorm = 60.5099, GNorm = 0.1631, lr_0 = 7.7535e-04
Loss = 8.6965e-02, PNorm = 60.6830, GNorm = 0.1750, lr_0 = 7.6788e-04
Loss = 7.2956e-02, PNorm = 60.7930, GNorm = 0.3119, lr_0 = 7.6049e-04
Loss = 7.6453e-02, PNorm = 60.9157, GNorm = 0.1248, lr_0 = 7.5317e-04
Loss = 5.1675e-02, PNorm = 61.0170, GNorm = 0.1273, lr_0 = 7.4591e-04
Loss = 6.9985e-02, PNorm = 61.0863, GNorm = 0.1991, lr_0 = 7.3873e-04
Loss = 8.7281e-02, PNorm = 61.1761, GNorm = 0.1326, lr_0 = 7.3162e-04
Loss = 6.3309e-02, PNorm = 61.2959, GNorm = 0.1275, lr_0 = 7.2458e-04
Loss = 6.5252e-02, PNorm = 61.3565, GNorm = 0.1512, lr_0 = 7.1760e-04
Validation auc = 0.837980
Epoch 6
Loss = 4.7916e-02, PNorm = 61.4409, GNorm = 0.1376, lr_0 = 7.1000e-04
Loss = 8.5716e-02, PNorm = 61.5005, GNorm = 0.2331, lr_0 = 7.0317e-04
Loss = 8.2063e-02, PNorm = 61.5910, GNorm = 0.2799, lr_0 = 6.9640e-04
Loss = 7.3699e-02, PNorm = 61.7194, GNorm = 0.2486, lr_0 = 6.8969e-04
Loss = 6.9112e-02, PNorm = 61.8425, GNorm = 0.0940, lr_0 = 6.8305e-04
Loss = 6.4959e-02, PNorm = 61.9429, GNorm = 0.1369, lr_0 = 6.7648e-04
Loss = 6.8815e-02, PNorm = 62.0348, GNorm = 0.4612, lr_0 = 6.6996e-04
Loss = 2.8655e-02, PNorm = 62.1477, GNorm = 0.0987, lr_0 = 6.6351e-04
Validation auc = 0.869328
Epoch 7
Loss = 7.1682e-02, PNorm = 62.1871, GNorm = 0.1519, lr_0 = 6.5712e-04
Loss = 6.4225e-02, PNorm = 62.2717, GNorm = 0.2688, lr_0 = 6.5080e-04
Loss = 8.3646e-02, PNorm = 62.3660, GNorm = 0.2694, lr_0 = 6.4453e-04
Loss = 6.4293e-02, PNorm = 62.4802, GNorm = 0.2084, lr_0 = 6.3833e-04
Loss = 6.8393e-02, PNorm = 62.5366, GNorm = 0.1757, lr_0 = 6.3218e-04
Loss = 4.4762e-02, PNorm = 62.6225, GNorm = 0.0914, lr_0 = 6.2609e-04
Loss = 7.0971e-02, PNorm = 62.6816, GNorm = 0.2071, lr_0 = 6.2006e-04
Loss = 7.1528e-02, PNorm = 62.7714, GNorm = 0.3185, lr_0 = 6.1409e-04
Loss = 4.7988e-02, PNorm = 62.8644, GNorm = 0.0949, lr_0 = 6.0818e-04
Validation auc = 0.876031
Epoch 8
Loss = 3.2859e-02, PNorm = 62.9336, GNorm = 0.1926, lr_0 = 6.0233e-04
Loss = 4.8310e-02, PNorm = 63.0081, GNorm = 0.1455, lr_0 = 5.9653e-04
Loss = 6.8702e-02, PNorm = 63.0631, GNorm = 0.1641, lr_0 = 5.9078e-04
Loss = 7.8288e-02, PNorm = 63.1488, GNorm = 0.3569, lr_0 = 5.8510e-04
Loss = 6.3539e-02, PNorm = 63.2549, GNorm = 0.2832, lr_0 = 5.7946e-04
Loss = 6.3698e-02, PNorm = 63.3271, GNorm = 0.2616, lr_0 = 5.7388e-04
Loss = 5.7829e-02, PNorm = 63.3982, GNorm = 0.2304, lr_0 = 5.6836e-04
Loss = 6.3152e-02, PNorm = 63.4493, GNorm = 0.1734, lr_0 = 5.6289e-04
Loss = 6.4331e-02, PNorm = 63.5276, GNorm = 0.1342, lr_0 = 5.5747e-04
Loss = 1.1336e-02, PNorm = 63.5359, GNorm = 0.1165, lr_0 = 5.5693e-04
Validation auc = 0.879103
Epoch 9
Loss = 4.9463e-02, PNorm = 63.6051, GNorm = 0.1206, lr_0 = 5.5156e-04
Loss = 7.3614e-02, PNorm = 63.6471, GNorm = 0.1580, lr_0 = 5.4625e-04
Loss = 6.1677e-02, PNorm = 63.7280, GNorm = 0.1185, lr_0 = 5.4100e-04
Loss = 3.2582e-02, PNorm = 63.8201, GNorm = 0.1317, lr_0 = 5.3579e-04
Loss = 8.7214e-02, PNorm = 63.8913, GNorm = 0.3247, lr_0 = 5.3063e-04
Loss = 4.5564e-02, PNorm = 64.0060, GNorm = 0.2353, lr_0 = 5.2552e-04
Loss = 6.8952e-02, PNorm = 64.0430, GNorm = 0.1505, lr_0 = 5.2046e-04
Loss = 5.1531e-02, PNorm = 64.1216, GNorm = 0.1733, lr_0 = 5.1545e-04
Validation auc = 0.867469
Epoch 10
Loss = 3.3567e-02, PNorm = 64.1904, GNorm = 0.0805, lr_0 = 5.1049e-04
Loss = 6.4646e-02, PNorm = 64.2729, GNorm = 0.1510, lr_0 = 5.0557e-04
Loss = 3.3139e-02, PNorm = 64.3662, GNorm = 0.0490, lr_0 = 5.0070e-04
Loss = 2.7998e-02, PNorm = 64.3999, GNorm = 0.2487, lr_0 = 4.9588e-04
Loss = 8.1188e-02, PNorm = 64.4300, GNorm = 0.1994, lr_0 = 4.9111e-04
Loss = 7.3026e-02, PNorm = 64.4968, GNorm = 0.1452, lr_0 = 4.8638e-04
Loss = 6.0815e-02, PNorm = 64.5825, GNorm = 0.1891, lr_0 = 4.8170e-04
Loss = 5.5935e-02, PNorm = 64.6733, GNorm = 0.3892, lr_0 = 4.7706e-04
Loss = 4.3375e-02, PNorm = 64.7352, GNorm = 0.2530, lr_0 = 4.7247e-04
Validation auc = 0.867693
Epoch 11
Loss = 7.9487e-02, PNorm = 64.8145, GNorm = 0.2635, lr_0 = 4.6792e-04
Loss = 4.7295e-02, PNorm = 64.9232, GNorm = 0.2330, lr_0 = 4.6341e-04
Loss = 2.9616e-02, PNorm = 64.9779, GNorm = 0.0864, lr_0 = 4.5895e-04
Loss = 4.6765e-02, PNorm = 65.0210, GNorm = 0.0818, lr_0 = 4.5453e-04
Loss = 7.0633e-02, PNorm = 65.0670, GNorm = 0.2623, lr_0 = 4.5015e-04
Loss = 5.3873e-02, PNorm = 65.1504, GNorm = 0.0664, lr_0 = 4.4582e-04
Loss = 4.9931e-02, PNorm = 65.2040, GNorm = 0.1410, lr_0 = 4.4153e-04
Loss = 4.9653e-02, PNorm = 65.2897, GNorm = 0.2084, lr_0 = 4.3728e-04
Validation auc = 0.858038
Epoch 12
Loss = 4.5532e-02, PNorm = 65.3465, GNorm = 0.1509, lr_0 = 4.3265e-04
Loss = 3.4257e-02, PNorm = 65.4064, GNorm = 0.1425, lr_0 = 4.2848e-04
Loss = 4.2969e-02, PNorm = 65.4628, GNorm = 0.2272, lr_0 = 4.2436e-04
Loss = 6.8186e-02, PNorm = 65.4994, GNorm = 0.7343, lr_0 = 4.2027e-04
Loss = 4.7258e-02, PNorm = 65.5393, GNorm = 0.5241, lr_0 = 4.1622e-04
Loss = 2.7259e-02, PNorm = 65.6235, GNorm = 0.2915, lr_0 = 4.1222e-04
Loss = 8.2201e-02, PNorm = 65.6333, GNorm = 0.2125, lr_0 = 4.0825e-04
Loss = 6.5886e-02, PNorm = 65.6925, GNorm = 0.2855, lr_0 = 4.0432e-04
Loss = 4.9047e-02, PNorm = 65.7890, GNorm = 0.2081, lr_0 = 4.0042e-04
Validation auc = 0.891916
Epoch 13
Loss = 2.3150e-02, PNorm = 65.8294, GNorm = 0.2196, lr_0 = 3.9657e-04
Loss = 5.7351e-02, PNorm = 65.8723, GNorm = 0.1586, lr_0 = 3.9275e-04
Loss = 1.1992e-02, PNorm = 65.9340, GNorm = 0.0542, lr_0 = 3.8897e-04
Loss = 5.9367e-02, PNorm = 65.9586, GNorm = 0.2436, lr_0 = 3.8522e-04
Loss = 5.7862e-02, PNorm = 66.0123, GNorm = 0.1712, lr_0 = 3.8152e-04
Loss = 5.2770e-02, PNorm = 66.0773, GNorm = 0.4218, lr_0 = 3.7784e-04
Loss = 6.1858e-02, PNorm = 66.1009, GNorm = 0.2558, lr_0 = 3.7420e-04
Loss = 4.0386e-02, PNorm = 66.1609, GNorm = 0.1329, lr_0 = 3.7060e-04
Validation auc = 0.910897
Epoch 14
Loss = 1.9455e-02, PNorm = 66.2097, GNorm = 0.1433, lr_0 = 3.6668e-04
Loss = 3.4891e-02, PNorm = 66.2577, GNorm = 0.1431, lr_0 = 3.6315e-04
Loss = 4.2241e-02, PNorm = 66.3118, GNorm = 0.2327, lr_0 = 3.5965e-04
Loss = 3.4722e-02, PNorm = 66.3608, GNorm = 0.0571, lr_0 = 3.5619e-04
Loss = 4.2074e-02, PNorm = 66.4150, GNorm = 0.0674, lr_0 = 3.5276e-04
Loss = 4.6033e-02, PNorm = 66.4644, GNorm = 0.3681, lr_0 = 3.4936e-04
Loss = 7.2758e-02, PNorm = 66.4887, GNorm = 0.1676, lr_0 = 3.4600e-04
Loss = 3.9161e-02, PNorm = 66.5392, GNorm = 0.0867, lr_0 = 3.4267e-04
Loss = 4.8913e-02, PNorm = 66.5891, GNorm = 0.0816, lr_0 = 3.3937e-04
Validation auc = 0.896636
Epoch 15
Loss = 5.8613e-02, PNorm = 66.6427, GNorm = 0.3774, lr_0 = 3.3610e-04
Loss = 5.5037e-02, PNorm = 66.6982, GNorm = 0.2220, lr_0 = 3.3287e-04
Loss = 2.6631e-02, PNorm = 66.7500, GNorm = 0.1916, lr_0 = 3.2966e-04
Loss = 3.1983e-02, PNorm = 66.7967, GNorm = 0.0476, lr_0 = 3.2649e-04
Loss = 5.3387e-02, PNorm = 66.8054, GNorm = 0.3959, lr_0 = 3.2334e-04
Loss = 3.5319e-02, PNorm = 66.8584, GNorm = 0.1877, lr_0 = 3.2023e-04
Loss = 4.6859e-02, PNorm = 66.9018, GNorm = 0.2271, lr_0 = 3.1715e-04
Loss = 2.6004e-02, PNorm = 66.9462, GNorm = 0.3149, lr_0 = 3.1409e-04
Loss = 5.5179e-02, PNorm = 66.9740, GNorm = 0.2080, lr_0 = 3.1107e-04
Validation auc = 0.865697
Epoch 16
Loss = 4.0263e-02, PNorm = 67.0341, GNorm = 0.3010, lr_0 = 3.0807e-04
Loss = 5.7708e-02, PNorm = 67.0717, GNorm = 0.2661, lr_0 = 3.0511e-04
Loss = 4.4356e-02, PNorm = 67.1247, GNorm = 0.1541, lr_0 = 3.0217e-04
Loss = 2.6880e-02, PNorm = 67.1779, GNorm = 0.0871, lr_0 = 2.9926e-04
Loss = 4.8072e-02, PNorm = 67.2043, GNorm = 0.2232, lr_0 = 2.9638e-04
Loss = 3.1827e-02, PNorm = 67.2433, GNorm = 0.1022, lr_0 = 2.9353e-04
Loss = 2.5564e-02, PNorm = 67.2829, GNorm = 0.0835, lr_0 = 2.9070e-04
Loss = 5.0012e-02, PNorm = 67.3029, GNorm = 0.0736, lr_0 = 2.8790e-04
Validation auc = 0.879772
Epoch 17
Loss = 4.3852e-02, PNorm = 67.3376, GNorm = 0.0720, lr_0 = 2.8485e-04
Loss = 4.4837e-02, PNorm = 67.3649, GNorm = 0.1063, lr_0 = 2.8211e-04
Loss = 2.8913e-02, PNorm = 67.4038, GNorm = 0.2086, lr_0 = 2.7939e-04
Loss = 4.3522e-02, PNorm = 67.4353, GNorm = 0.2143, lr_0 = 2.7670e-04
Loss = 4.1046e-02, PNorm = 67.4746, GNorm = 0.2188, lr_0 = 2.7404e-04
Loss = 3.9748e-02, PNorm = 67.5141, GNorm = 0.0983, lr_0 = 2.7140e-04
Loss = 3.9099e-02, PNorm = 67.5529, GNorm = 0.2048, lr_0 = 2.6879e-04
Loss = 3.6311e-02, PNorm = 67.5964, GNorm = 0.0609, lr_0 = 2.6620e-04
Loss = 2.8701e-02, PNorm = 67.6301, GNorm = 0.0446, lr_0 = 2.6364e-04
Validation auc = 0.874085
Epoch 18
Loss = 4.5459e-02, PNorm = 67.6533, GNorm = 0.1193, lr_0 = 2.6110e-04
Loss = 3.6051e-02, PNorm = 67.6856, GNorm = 0.1137, lr_0 = 2.5859e-04
Loss = 2.9429e-02, PNorm = 67.7299, GNorm = 0.1119, lr_0 = 2.5610e-04
Loss = 2.2875e-02, PNorm = 67.7731, GNorm = 0.1019, lr_0 = 2.5363e-04
Loss = 3.8146e-02, PNorm = 67.7957, GNorm = 0.2117, lr_0 = 2.5119e-04
Loss = 3.6076e-02, PNorm = 67.8337, GNorm = 0.0982, lr_0 = 2.4877e-04
Loss = 4.5011e-02, PNorm = 67.8699, GNorm = 0.1774, lr_0 = 2.4638e-04
Loss = 4.1375e-02, PNorm = 67.8967, GNorm = 0.4479, lr_0 = 2.4400e-04
Validation auc = 0.869648
Epoch 19
Loss = 2.3921e-02, PNorm = 67.9321, GNorm = 0.0749, lr_0 = 2.4165e-04
Loss = 2.9642e-02, PNorm = 67.9653, GNorm = 0.3526, lr_0 = 2.3933e-04
Loss = 3.6088e-02, PNorm = 67.9881, GNorm = 0.2425, lr_0 = 2.3702e-04
Loss = 4.5043e-02, PNorm = 68.0189, GNorm = 0.1299, lr_0 = 2.3474e-04
Loss = 2.4251e-02, PNorm = 68.0543, GNorm = 0.1164, lr_0 = 2.3248e-04
Loss = 5.8754e-02, PNorm = 68.0820, GNorm = 0.2950, lr_0 = 2.3024e-04
Loss = 3.2567e-02, PNorm = 68.1256, GNorm = 0.2612, lr_0 = 2.2803e-04
Loss = 1.9307e-02, PNorm = 68.1615, GNorm = 0.2400, lr_0 = 2.2583e-04
Loss = 1.6764e-02, PNorm = 68.1754, GNorm = 0.0918, lr_0 = 2.2366e-04
Validation auc = 0.890280
Epoch 20
Loss = 4.0641e-02, PNorm = 68.1855, GNorm = 0.1828, lr_0 = 2.2129e-04
Loss = 3.3246e-02, PNorm = 68.2183, GNorm = 0.3620, lr_0 = 2.1916e-04
Loss = 3.4239e-02, PNorm = 68.2343, GNorm = 0.2907, lr_0 = 2.1705e-04
Loss = 3.1619e-02, PNorm = 68.2628, GNorm = 0.2946, lr_0 = 2.1496e-04
Loss = 2.2495e-02, PNorm = 68.2919, GNorm = 0.2749, lr_0 = 2.1289e-04
Loss = 3.8975e-02, PNorm = 68.3130, GNorm = 0.3970, lr_0 = 2.1084e-04
Loss = 3.2365e-02, PNorm = 68.3359, GNorm = 0.2928, lr_0 = 2.0881e-04
Loss = 2.8220e-02, PNorm = 68.3660, GNorm = 0.0821, lr_0 = 2.0680e-04
Validation auc = 0.876377
Epoch 21
Loss = 4.6238e-02, PNorm = 68.3840, GNorm = 0.6203, lr_0 = 2.0481e-04
Loss = 4.1851e-02, PNorm = 68.3985, GNorm = 0.1693, lr_0 = 2.0283e-04
Loss = 3.6401e-02, PNorm = 68.4460, GNorm = 0.5029, lr_0 = 2.0088e-04
Loss = 2.5650e-02, PNorm = 68.4744, GNorm = 0.2208, lr_0 = 1.9895e-04
Loss = 4.1714e-02, PNorm = 68.4902, GNorm = 0.1652, lr_0 = 1.9703e-04
Loss = 2.6464e-02, PNorm = 68.5216, GNorm = 0.1591, lr_0 = 1.9514e-04
Loss = 1.7729e-02, PNorm = 68.5506, GNorm = 0.0439, lr_0 = 1.9326e-04
Loss = 3.7035e-02, PNorm = 68.5579, GNorm = 0.0525, lr_0 = 1.9140e-04
Loss = 3.3696e-02, PNorm = 68.5762, GNorm = 0.3604, lr_0 = 1.8955e-04
Validation auc = 0.881545
Epoch 22
Loss = 3.3750e-02, PNorm = 68.5980, GNorm = 0.0539, lr_0 = 1.8773e-04
Loss = 3.6334e-02, PNorm = 68.6152, GNorm = 0.0899, lr_0 = 1.8592e-04
Loss = 3.5916e-02, PNorm = 68.6340, GNorm = 0.1882, lr_0 = 1.8413e-04
Loss = 2.6747e-02, PNorm = 68.6639, GNorm = 0.0628, lr_0 = 1.8236e-04
Loss = 3.7563e-02, PNorm = 68.6829, GNorm = 0.3043, lr_0 = 1.8060e-04
Loss = 3.4487e-02, PNorm = 68.6980, GNorm = 0.2770, lr_0 = 1.7886e-04
Loss = 3.2059e-02, PNorm = 68.7237, GNorm = 0.3380, lr_0 = 1.7714e-04
Loss = 1.8613e-02, PNorm = 68.7370, GNorm = 0.1566, lr_0 = 1.7544e-04
Validation auc = 0.864296
Epoch 23
Loss = 2.2972e-02, PNorm = 68.7570, GNorm = 0.2801, lr_0 = 1.7358e-04
Loss = 3.5412e-02, PNorm = 68.7769, GNorm = 0.0221, lr_0 = 1.7191e-04
Loss = 2.8535e-02, PNorm = 68.7891, GNorm = 0.2098, lr_0 = 1.7025e-04
Loss = 4.1503e-02, PNorm = 68.8036, GNorm = 0.1918, lr_0 = 1.6861e-04
Loss = 2.2780e-02, PNorm = 68.8392, GNorm = 0.2482, lr_0 = 1.6699e-04
Loss = 1.3743e-02, PNorm = 68.8585, GNorm = 0.0470, lr_0 = 1.6538e-04
Loss = 2.4565e-02, PNorm = 68.8703, GNorm = 0.3418, lr_0 = 1.6379e-04
Loss = 3.1207e-02, PNorm = 68.8847, GNorm = 0.0568, lr_0 = 1.6221e-04
Loss = 3.8545e-02, PNorm = 68.9046, GNorm = 0.4110, lr_0 = 1.6065e-04
Validation auc = 0.867456
Epoch 24
Loss = 1.7154e-02, PNorm = 68.9239, GNorm = 0.2055, lr_0 = 1.5910e-04
Loss = 4.2230e-02, PNorm = 68.9404, GNorm = 0.3993, lr_0 = 1.5757e-04
Loss = 3.7368e-02, PNorm = 68.9594, GNorm = 0.4082, lr_0 = 1.5605e-04
Loss = 2.9732e-02, PNorm = 68.9976, GNorm = 0.0585, lr_0 = 1.5455e-04
Loss = 3.6586e-02, PNorm = 69.0200, GNorm = 0.5713, lr_0 = 1.5306e-04
Loss = 3.1173e-02, PNorm = 69.0256, GNorm = 0.2348, lr_0 = 1.5159e-04
Loss = 1.7167e-02, PNorm = 69.0443, GNorm = 0.0592, lr_0 = 1.5013e-04
Loss = 3.3162e-02, PNorm = 69.0534, GNorm = 0.1363, lr_0 = 1.4869e-04
Loss = 1.8295e-02, PNorm = 69.0646, GNorm = 0.1018, lr_0 = 1.4725e-04
Validation auc = 0.839142
Epoch 25
Loss = 1.7431e-02, PNorm = 69.0824, GNorm = 0.0921, lr_0 = 1.4584e-04
Loss = 3.9784e-02, PNorm = 69.0881, GNorm = 0.0587, lr_0 = 1.4443e-04
Loss = 2.1070e-02, PNorm = 69.0968, GNorm = 0.2087, lr_0 = 1.4304e-04
Loss = 3.0921e-02, PNorm = 69.1214, GNorm = 0.3205, lr_0 = 1.4166e-04
Loss = 2.5715e-02, PNorm = 69.1380, GNorm = 0.0367, lr_0 = 1.4030e-04
Loss = 1.9278e-02, PNorm = 69.1500, GNorm = 0.3873, lr_0 = 1.3895e-04
Loss = 2.5429e-02, PNorm = 69.1632, GNorm = 0.0937, lr_0 = 1.3761e-04
Loss = 2.2466e-02, PNorm = 69.1791, GNorm = 0.0412, lr_0 = 1.3629e-04
Validation auc = 0.854222
Epoch 26
Loss = 3.1654e-02, PNorm = 69.1882, GNorm = 0.1628, lr_0 = 1.3484e-04
Loss = 2.9768e-02, PNorm = 69.2083, GNorm = 0.3817, lr_0 = 1.3355e-04
Loss = 1.8724e-02, PNorm = 69.2212, GNorm = 0.2342, lr_0 = 1.3226e-04
Loss = 1.8119e-02, PNorm = 69.2300, GNorm = 0.0304, lr_0 = 1.3099e-04
Loss = 2.3188e-02, PNorm = 69.2444, GNorm = 0.0279, lr_0 = 1.2973e-04
Loss = 3.8573e-02, PNorm = 69.2555, GNorm = 0.1129, lr_0 = 1.2848e-04
Loss = 1.7671e-02, PNorm = 69.2760, GNorm = 0.2073, lr_0 = 1.2724e-04
Loss = 1.7506e-02, PNorm = 69.2937, GNorm = 0.5575, lr_0 = 1.2601e-04
Loss = 5.9928e-02, PNorm = 69.2942, GNorm = 0.3042, lr_0 = 1.2480e-04
Validation auc = 0.841621
Epoch 27
Loss = 1.6274e-02, PNorm = 69.3123, GNorm = 0.0682, lr_0 = 1.2360e-04
Loss = 3.7035e-02, PNorm = 69.3277, GNorm = 0.4998, lr_0 = 1.2241e-04
Loss = 2.6682e-02, PNorm = 69.3340, GNorm = 0.5163, lr_0 = 1.2123e-04
Loss = 1.8205e-02, PNorm = 69.3445, GNorm = 0.2264, lr_0 = 1.2006e-04
Loss = 1.4109e-02, PNorm = 69.3550, GNorm = 0.2489, lr_0 = 1.1891e-04
Loss = 4.2485e-02, PNorm = 69.3576, GNorm = 0.5007, lr_0 = 1.1776e-04
Loss = 2.2927e-02, PNorm = 69.3763, GNorm = 0.1992, lr_0 = 1.1663e-04
Loss = 3.6447e-02, PNorm = 69.3904, GNorm = 0.2847, lr_0 = 1.1551e-04
Validation auc = 0.860108
Epoch 28
Loss = 4.6244e-02, PNorm = 69.3959, GNorm = 0.1881, lr_0 = 1.1428e-04
Loss = 3.3060e-02, PNorm = 69.4076, GNorm = 0.3483, lr_0 = 1.1318e-04
Loss = 3.0853e-02, PNorm = 69.4189, GNorm = 0.1939, lr_0 = 1.1209e-04
Loss = 2.2518e-02, PNorm = 69.4323, GNorm = 0.0828, lr_0 = 1.1101e-04
Loss = 1.1360e-02, PNorm = 69.4456, GNorm = 0.0428, lr_0 = 1.0995e-04
Loss = 2.0847e-02, PNorm = 69.4510, GNorm = 0.3076, lr_0 = 1.0889e-04
Loss = 1.9626e-02, PNorm = 69.4599, GNorm = 0.1692, lr_0 = 1.0784e-04
Loss = 3.1909e-02, PNorm = 69.4679, GNorm = 0.0626, lr_0 = 1.0680e-04
Loss = 1.7436e-02, PNorm = 69.4792, GNorm = 0.4973, lr_0 = 1.0577e-04
Validation auc = 0.851732
Epoch 29
Loss = 2.0608e-02, PNorm = 69.4923, GNorm = 0.2403, lr_0 = 1.0475e-04
Loss = 6.5437e-03, PNorm = 69.5056, GNorm = 0.0264, lr_0 = 1.0374e-04
Loss = 2.1279e-02, PNorm = 69.5098, GNorm = 0.1347, lr_0 = 1.0275e-04
Loss = 3.6900e-02, PNorm = 69.5110, GNorm = 0.2645, lr_0 = 1.0176e-04
Loss = 2.1680e-02, PNorm = 69.5260, GNorm = 0.2583, lr_0 = 1.0078e-04
Loss = 1.5549e-02, PNorm = 69.5400, GNorm = 0.1444, lr_0 = 1.0000e-04
Loss = 3.1251e-02, PNorm = 69.5473, GNorm = 0.4332, lr_0 = 1.0000e-04
Loss = 1.9804e-02, PNorm = 69.5554, GNorm = 0.0594, lr_0 = 1.0000e-04
Validation auc = 0.837780
Model 0 best validation auc = 0.910897 on epoch 13
Loading pretrained parameter "encoder.encoder.0.cached_zero_vector".
Loading pretrained parameter "encoder.encoder.0.W_i.weight".
Loading pretrained parameter "encoder.encoder.0.W_h.weight".
Loading pretrained parameter "encoder.encoder.0.W_o.weight".
Loading pretrained parameter "encoder.encoder.0.W_o.bias".
Loading pretrained parameter "ffn.1.weight".
Loading pretrained parameter "ffn.1.bias".
Moving model to cuda
Model 0 test auc = 0.790927
Ensemble test auc = 0.790927
3-fold cross validation
	Seed 0 ==> test auc = 0.771857
	Seed 1 ==> test auc = 0.814908
	Seed 2 ==> test auc = 0.790927
Overall test auc = 0.792564 +/- 0.017614
Elapsed time = 0:25:10
