Command line
python /home/jackievaleri8/.conda/envs/chemprop/bin/chemprop_train --init_lr 0.001 --dropout 0.1 --hidden_size 1000 --ffn_num_layers 1 --depth 3 --save_dir round3finalval08162021_models/12 --data_path round3finalval08162021_TRAIN.csv --dataset_type classification --features_path round3finalval08162021_TRAINFTS.npz --no_features_scaling --num_folds 3 --ensemble_size 1 --split_type scaffold_balanced --split_sizes 0.8 0.1 0.1 --smiles_columns SMILES --ignore_columns Name --gpu 0
Args
{'activation': 'ReLU',
 'aggregation': 'mean',
 'aggregation_norm': 100,
 'atom_descriptor_scaling': True,
 'atom_descriptors': None,
 'atom_descriptors_path': None,
 'atom_descriptors_size': 0,
 'atom_features_size': 0,
 'atom_messages': False,
 'batch_size': 50,
 'bias': False,
 'bond_feature_scaling': True,
 'bond_features_path': None,
 'bond_features_size': 0,
 'cache_cutoff': 10000,
 'checkpoint_dir': None,
 'checkpoint_path': None,
 'checkpoint_paths': None,
 'class_balance': False,
 'config_path': None,
 'crossval_index_dir': None,
 'crossval_index_file': None,
 'crossval_index_sets': None,
 'cuda': True,
 'data_path': 'round3finalval08162021_TRAIN.csv',
 'dataset_type': 'classification',
 'depth': 3,
 'device': device(type='cuda', index=0),
 'dropout': 0.1,
 'empty_cache': False,
 'ensemble_size': 1,
 'epochs': 30,
 'explicit_h': False,
 'extra_metrics': [],
 'features_generator': None,
 'features_only': False,
 'features_path': ['round3finalval08162021_TRAINFTS.npz'],
 'features_scaling': False,
 'features_size': None,
 'ffn_hidden_size': 1000,
 'ffn_num_layers': 1,
 'final_lr': 0.0001,
 'folds_file': None,
 'gpu': 0,
 'grad_clip': None,
 'hidden_size': 1000,
 'ignore_columns': ['Name'],
 'init_lr': 0.001,
 'log_frequency': 10,
 'max_data_size': None,
 'max_lr': 0.001,
 'metric': 'auc',
 'metrics': ['auc'],
 'minimize_score': False,
 'mpn_shared': False,
 'multiclass_num_classes': 3,
 'no_atom_descriptor_scaling': False,
 'no_bond_features_scaling': False,
 'no_cache_mol': False,
 'no_cuda': False,
 'no_features_scaling': True,
 'num_folds': 3,
 'num_lrs': 1,
 'num_tasks': 2,
 'num_workers': 8,
 'number_of_molecules': 1,
 'overwrite_default_atom_features': False,
 'overwrite_default_bond_features': False,
 'pytorch_seed': 0,
 'quiet': False,
 'reaction': False,
 'reaction_mode': 'reac_diff',
 'resume_experiment': False,
 'save_dir': 'round3finalval08162021_models/12',
 'save_preds': False,
 'save_smiles_splits': False,
 'seed': 0,
 'separate_test_atom_descriptors_path': None,
 'separate_test_bond_features_path': None,
 'separate_test_features_path': None,
 'separate_test_path': None,
 'separate_val_atom_descriptors_path': None,
 'separate_val_bond_features_path': None,
 'separate_val_features_path': None,
 'separate_val_path': None,
 'show_individual_scores': False,
 'smiles_columns': ['SMILES'],
 'split_sizes': (0.8, 0.1, 0.1),
 'split_type': 'scaffold_balanced',
 'target_columns': None,
 'task_names': ['hit_inh', 'hit_kill'],
 'test': False,
 'test_fold_index': None,
 'train_data_size': None,
 'undirected': False,
 'use_input_features': True,
 'val_fold_index': None,
 'warmup_epochs': 2.0}
Loading data
Warning: 23 SMILES are invalid.
Number of tasks = 2
Fold 0
Splitting data with seed 0
Total scaffolds = 3,467 | train scaffolds = 2,650 | val scaffolds = 433 | test scaffolds = 384
Label averages per scaffold, in decreasing order of scaffold frequency,capped at 10 scaffolds and 20 labels:
Scaffold 0
Task 0: count = 381 | target average = 0.018373
Task 1: count = 381 | target average = 0.013123


Scaffold 1
Task 0: count = 305 | target average = 0.009836
Task 1: count = 305 | target average = 0.016393


Scaffold 2
Task 0: count = 36 | target average = 0.000000
Task 1: count = 36 | target average = 0.000000


Scaffold 3
Task 0: count = 29 | target average = 0.000000
Task 1: count = 29 | target average = 0.000000


Scaffold 4
Task 0: count = 26 | target average = 0.000000
Task 1: count = 26 | target average = 0.000000


Scaffold 5
Task 0: count = 23 | target average = 0.000000
Task 1: count = 23 | target average = 0.000000


Scaffold 6
Task 0: count = 22 | target average = 0.090909
Task 1: count = 22 | target average = 0.090909


Scaffold 7
Task 0: count = 20 | target average = 0.000000
Task 1: count = 20 | target average = 0.000000


Scaffold 8
Task 0: count = 20 | target average = 0.000000
Task 1: count = 20 | target average = 0.000000


Scaffold 9
Task 0: count = 20 | target average = 0.050000
Task 1: count = 20 | target average = 0.000000


Class sizes
hit_inh 0: 97.83%, 1: 2.17%
hit_kill 0: 98.64%, 1: 1.36%
Total size = 5,353 | train size = 4,282 | val size = 535 | test size = 536
Building model 0
MoleculeModel(
  (sigmoid): Sigmoid()
  (encoder): MPN(
    (encoder): ModuleList(
      (0): MPNEncoder(
        (dropout_layer): Dropout(p=0.1, inplace=False)
        (act_func): ReLU()
        (W_i): Linear(in_features=147, out_features=1000, bias=False)
        (W_h): Linear(in_features=1000, out_features=1000, bias=False)
        (W_o): Linear(in_features=1133, out_features=1000, bias=True)
      )
    )
  )
  (ffn): Sequential(
    (0): Dropout(p=0.1, inplace=False)
    (1): Linear(in_features=1200, out_features=2, bias=True)
  )
)
Number of parameters = 2,283,402
Moving model to cuda
Epoch 0
Loss = 2.4014e-01, PNorm = 48.4854, GNorm = 0.5171, lr_0 = 1.0000e-03
Loss = 9.2816e-02, PNorm = 48.6843, GNorm = 0.1787, lr_0 = 1.0000e-03
Loss = 1.0083e-01, PNorm = 48.7859, GNorm = 0.8263, lr_0 = 1.0000e-03
Loss = 1.0536e-01, PNorm = 48.8357, GNorm = 0.2715, lr_0 = 1.0000e-03
Loss = 9.5498e-02, PNorm = 48.8802, GNorm = 0.5141, lr_0 = 1.0000e-03
Loss = 6.0904e-02, PNorm = 48.9101, GNorm = 0.1568, lr_0 = 1.0000e-03
Loss = 6.6675e-02, PNorm = 48.9350, GNorm = 0.1609, lr_0 = 1.0000e-03
Loss = 6.6508e-02, PNorm = 48.9646, GNorm = 0.1141, lr_0 = 1.0000e-03
Validation auc = 0.539767
Epoch 1
Loss = 4.2187e-02, PNorm = 49.0159, GNorm = 0.1324, lr_0 = 1.0000e-03
Loss = 9.6427e-02, PNorm = 49.0446, GNorm = 0.1883, lr_0 = 1.0000e-03
Loss = 8.2471e-02, PNorm = 49.1162, GNorm = 0.1382, lr_0 = 1.0000e-03
Loss = 9.8440e-02, PNorm = 49.1619, GNorm = 0.2093, lr_0 = 1.0000e-03
Loss = 8.8340e-02, PNorm = 49.2498, GNorm = 0.1173, lr_0 = 1.0000e-03
Loss = 6.1473e-02, PNorm = 49.3242, GNorm = 0.1907, lr_0 = 1.0000e-03
Loss = 9.6022e-02, PNorm = 49.3951, GNorm = 0.1151, lr_0 = 1.0000e-03
Loss = 9.6622e-02, PNorm = 49.4445, GNorm = 0.1112, lr_0 = 1.0000e-03
Loss = 1.0094e-01, PNorm = 49.5166, GNorm = 0.1103, lr_0 = 9.9807e-04
Validation auc = 0.830165
Epoch 2
Loss = 6.9348e-02, PNorm = 49.6165, GNorm = 0.0568, lr_0 = 9.8846e-04
Loss = 6.5769e-02, PNorm = 49.6811, GNorm = 0.1488, lr_0 = 9.7894e-04
Loss = 7.2528e-02, PNorm = 49.7789, GNorm = 0.1249, lr_0 = 9.6952e-04
Loss = 8.1916e-02, PNorm = 49.8775, GNorm = 0.5322, lr_0 = 9.6018e-04
Loss = 7.1310e-02, PNorm = 50.0001, GNorm = 0.1272, lr_0 = 9.5094e-04
Loss = 8.6365e-02, PNorm = 50.0686, GNorm = 0.1390, lr_0 = 9.4178e-04
Loss = 1.3057e-01, PNorm = 50.1682, GNorm = 0.3538, lr_0 = 9.3271e-04
Loss = 6.4015e-02, PNorm = 50.2730, GNorm = 0.2468, lr_0 = 9.2373e-04
Validation auc = 0.851495
Epoch 3
Loss = 6.9629e-02, PNorm = 50.3731, GNorm = 0.1350, lr_0 = 9.1395e-04
Loss = 9.6796e-02, PNorm = 50.4817, GNorm = 0.1922, lr_0 = 9.0515e-04
Loss = 7.8468e-02, PNorm = 50.6257, GNorm = 0.3851, lr_0 = 8.9644e-04
Loss = 7.5241e-02, PNorm = 50.7547, GNorm = 0.1092, lr_0 = 8.8781e-04
Loss = 7.7416e-02, PNorm = 50.8655, GNorm = 0.2576, lr_0 = 8.7926e-04
Loss = 8.3937e-02, PNorm = 50.9614, GNorm = 0.1041, lr_0 = 8.7080e-04
Loss = 5.0333e-02, PNorm = 51.0310, GNorm = 0.0844, lr_0 = 8.6241e-04
Loss = 6.7732e-02, PNorm = 51.1070, GNorm = 0.1387, lr_0 = 8.5411e-04
Loss = 8.3542e-02, PNorm = 51.1902, GNorm = 0.1380, lr_0 = 8.4588e-04
Validation auc = 0.876190
Epoch 4
Loss = 6.3169e-02, PNorm = 51.2981, GNorm = 0.1242, lr_0 = 8.3774e-04
Loss = 5.6988e-02, PNorm = 51.3966, GNorm = 0.1125, lr_0 = 8.2967e-04
Loss = 8.6130e-02, PNorm = 51.5000, GNorm = 0.1666, lr_0 = 8.2169e-04
Loss = 8.6150e-02, PNorm = 51.6185, GNorm = 0.3560, lr_0 = 8.1377e-04
Loss = 9.5820e-02, PNorm = 51.6794, GNorm = 0.1317, lr_0 = 8.0594e-04
Loss = 5.1510e-02, PNorm = 51.7908, GNorm = 0.0797, lr_0 = 7.9818e-04
Loss = 6.1287e-02, PNorm = 51.8753, GNorm = 0.1066, lr_0 = 7.9050e-04
Loss = 5.9289e-02, PNorm = 51.9776, GNorm = 0.0654, lr_0 = 7.8288e-04
Validation auc = 0.917082
Epoch 5
Loss = 5.9399e-02, PNorm = 52.0712, GNorm = 0.1386, lr_0 = 7.7535e-04
Loss = 5.2429e-02, PNorm = 52.1701, GNorm = 0.1472, lr_0 = 7.6788e-04
Loss = 1.0577e-01, PNorm = 52.2597, GNorm = 0.3558, lr_0 = 7.6049e-04
Loss = 8.4720e-02, PNorm = 52.4338, GNorm = 0.1908, lr_0 = 7.5317e-04
Loss = 4.8761e-02, PNorm = 52.5998, GNorm = 0.1563, lr_0 = 7.4591e-04
Loss = 6.3386e-02, PNorm = 52.6789, GNorm = 0.3099, lr_0 = 7.3873e-04
Loss = 8.4198e-02, PNorm = 52.7379, GNorm = 0.1454, lr_0 = 7.3162e-04
Loss = 3.7788e-02, PNorm = 52.8195, GNorm = 0.0499, lr_0 = 7.2458e-04
Loss = 7.5238e-02, PNorm = 52.8707, GNorm = 0.1923, lr_0 = 7.1760e-04
Validation auc = 0.933208
Epoch 6
Loss = 3.8385e-02, PNorm = 53.0090, GNorm = 0.2267, lr_0 = 7.1000e-04
Loss = 6.8401e-02, PNorm = 53.0582, GNorm = 0.1014, lr_0 = 7.0317e-04
Loss = 5.7500e-02, PNorm = 53.1567, GNorm = 0.0827, lr_0 = 6.9640e-04
Loss = 5.3247e-02, PNorm = 53.2234, GNorm = 0.1028, lr_0 = 6.8969e-04
Loss = 5.9369e-02, PNorm = 53.3002, GNorm = 0.1529, lr_0 = 6.8305e-04
Loss = 7.8632e-02, PNorm = 53.3570, GNorm = 0.1387, lr_0 = 6.7648e-04
Loss = 6.2722e-02, PNorm = 53.4202, GNorm = 0.1718, lr_0 = 6.6996e-04
Loss = 6.5506e-02, PNorm = 53.5048, GNorm = 0.2844, lr_0 = 6.6351e-04
Validation auc = 0.943700
Epoch 7
Loss = 5.2286e-02, PNorm = 53.6188, GNorm = 0.1718, lr_0 = 6.5712e-04
Loss = 6.6602e-02, PNorm = 53.7005, GNorm = 0.2792, lr_0 = 6.5080e-04
Loss = 6.1066e-02, PNorm = 53.8271, GNorm = 0.0901, lr_0 = 6.4453e-04
Loss = 4.5120e-02, PNorm = 53.9280, GNorm = 0.0981, lr_0 = 6.3833e-04
Loss = 4.7193e-02, PNorm = 53.9955, GNorm = 0.2075, lr_0 = 6.3218e-04
Loss = 6.7913e-02, PNorm = 54.0510, GNorm = 0.1699, lr_0 = 6.2609e-04
Loss = 3.9287e-02, PNorm = 54.1478, GNorm = 0.1895, lr_0 = 6.2006e-04
Loss = 4.4249e-02, PNorm = 54.2093, GNorm = 0.1408, lr_0 = 6.1409e-04
Loss = 6.4473e-02, PNorm = 54.2909, GNorm = 0.2489, lr_0 = 6.0818e-04
Validation auc = 0.957108
Epoch 8
Loss = 3.5688e-02, PNorm = 54.3428, GNorm = 0.0809, lr_0 = 6.0233e-04
Loss = 5.8614e-02, PNorm = 54.4252, GNorm = 0.2458, lr_0 = 5.9653e-04
Loss = 5.5842e-02, PNorm = 54.5219, GNorm = 0.0962, lr_0 = 5.9078e-04
Loss = 4.5831e-02, PNorm = 54.5998, GNorm = 0.1683, lr_0 = 5.8510e-04
Loss = 5.7870e-02, PNorm = 54.6648, GNorm = 0.1749, lr_0 = 5.7946e-04
Loss = 5.0502e-02, PNorm = 54.7371, GNorm = 0.0593, lr_0 = 5.7388e-04
Loss = 3.3481e-02, PNorm = 54.8021, GNorm = 0.1021, lr_0 = 5.6836e-04
Loss = 8.2675e-02, PNorm = 54.8484, GNorm = 0.1710, lr_0 = 5.6289e-04
Loss = 6.8392e-02, PNorm = 54.9544, GNorm = 0.2785, lr_0 = 5.5747e-04
Loss = 1.2092e-02, PNorm = 54.9620, GNorm = 0.1050, lr_0 = 5.5693e-04
Validation auc = 0.941093
Epoch 9
Loss = 6.0065e-02, PNorm = 55.0537, GNorm = 0.2502, lr_0 = 5.5156e-04
Loss = 4.1155e-02, PNorm = 55.1947, GNorm = 0.0671, lr_0 = 5.4625e-04
Loss = 3.5343e-02, PNorm = 55.2556, GNorm = 0.0657, lr_0 = 5.4100e-04
Loss = 4.0429e-02, PNorm = 55.2903, GNorm = 0.2751, lr_0 = 5.3579e-04
Loss = 4.4867e-02, PNorm = 55.3581, GNorm = 0.1124, lr_0 = 5.3063e-04
Loss = 6.1014e-02, PNorm = 55.3927, GNorm = 0.1556, lr_0 = 5.2552e-04
Loss = 5.6727e-02, PNorm = 55.4911, GNorm = 0.1774, lr_0 = 5.2046e-04
Loss = 5.8908e-02, PNorm = 55.5470, GNorm = 0.2427, lr_0 = 5.1545e-04
Validation auc = 0.947189
Epoch 10
Loss = 4.7050e-02, PNorm = 55.5922, GNorm = 0.4568, lr_0 = 5.1049e-04
Loss = 4.4732e-02, PNorm = 55.6651, GNorm = 0.2211, lr_0 = 5.0557e-04
Loss = 5.6525e-02, PNorm = 55.7234, GNorm = 0.2115, lr_0 = 5.0070e-04
Loss = 4.9246e-02, PNorm = 55.7872, GNorm = 0.2907, lr_0 = 4.9588e-04
Loss = 4.1436e-02, PNorm = 55.8550, GNorm = 0.1402, lr_0 = 4.9111e-04
Loss = 4.1803e-02, PNorm = 55.9261, GNorm = 0.1527, lr_0 = 4.8638e-04
Loss = 7.0978e-02, PNorm = 55.9900, GNorm = 0.3401, lr_0 = 4.8170e-04
Loss = 3.2134e-02, PNorm = 56.0735, GNorm = 0.1059, lr_0 = 4.7706e-04
Loss = 5.1593e-02, PNorm = 56.1203, GNorm = 0.0955, lr_0 = 4.7247e-04
Validation auc = 0.953514
Epoch 11
Loss = 3.2729e-02, PNorm = 56.2026, GNorm = 0.1322, lr_0 = 4.6792e-04
Loss = 5.8318e-02, PNorm = 56.2580, GNorm = 0.2833, lr_0 = 4.6341e-04
Loss = 5.0002e-02, PNorm = 56.3267, GNorm = 0.3252, lr_0 = 4.5895e-04
Loss = 4.5244e-02, PNorm = 56.3699, GNorm = 0.0779, lr_0 = 4.5453e-04
Loss = 4.7187e-02, PNorm = 56.4390, GNorm = 0.1414, lr_0 = 4.5015e-04
Loss = 5.2475e-02, PNorm = 56.5146, GNorm = 0.2297, lr_0 = 4.4582e-04
Loss = 5.5504e-02, PNorm = 56.5969, GNorm = 0.0788, lr_0 = 4.4153e-04
Loss = 3.3058e-02, PNorm = 56.6692, GNorm = 0.1904, lr_0 = 4.3728e-04
Validation auc = 0.951032
Epoch 12
Loss = 2.0648e-02, PNorm = 56.7258, GNorm = 0.0513, lr_0 = 4.3265e-04
Loss = 4.6595e-02, PNorm = 56.7740, GNorm = 0.4822, lr_0 = 4.2848e-04
Loss = 4.1806e-02, PNorm = 56.8283, GNorm = 0.1961, lr_0 = 4.2436e-04
Loss = 5.5602e-02, PNorm = 56.9044, GNorm = 0.1002, lr_0 = 4.2027e-04
Loss = 2.2261e-02, PNorm = 56.9804, GNorm = 0.0792, lr_0 = 4.1622e-04
Loss = 4.2978e-02, PNorm = 57.0247, GNorm = 0.2722, lr_0 = 4.1222e-04
Loss = 4.7062e-02, PNorm = 57.0611, GNorm = 0.1558, lr_0 = 4.0825e-04
Loss = 5.4042e-02, PNorm = 57.1329, GNorm = 0.0996, lr_0 = 4.0432e-04
Loss = 4.8654e-02, PNorm = 57.1686, GNorm = 0.2030, lr_0 = 4.0042e-04
Validation auc = 0.958939
Epoch 13
Loss = 3.5773e-02, PNorm = 57.2224, GNorm = 0.1427, lr_0 = 3.9657e-04
Loss = 5.3108e-02, PNorm = 57.2747, GNorm = 0.0906, lr_0 = 3.9275e-04
Loss = 4.6468e-02, PNorm = 57.3441, GNorm = 0.1396, lr_0 = 3.8897e-04
Loss = 1.4628e-02, PNorm = 57.4372, GNorm = 0.0425, lr_0 = 3.8522e-04
Loss = 6.4685e-02, PNorm = 57.4529, GNorm = 0.2167, lr_0 = 3.8152e-04
Loss = 3.4637e-02, PNorm = 57.5314, GNorm = 0.1681, lr_0 = 3.7784e-04
Loss = 5.3303e-02, PNorm = 57.5625, GNorm = 0.2584, lr_0 = 3.7420e-04
Loss = 4.7206e-02, PNorm = 57.5939, GNorm = 0.1982, lr_0 = 3.7060e-04
Validation auc = 0.958739
Epoch 14
Loss = 4.0144e-02, PNorm = 57.6538, GNorm = 0.1923, lr_0 = 3.6668e-04
Loss = 4.5858e-02, PNorm = 57.6936, GNorm = 0.2472, lr_0 = 3.6315e-04
Loss = 3.6569e-02, PNorm = 57.7511, GNorm = 0.2476, lr_0 = 3.5965e-04
Loss = 4.3047e-02, PNorm = 57.8054, GNorm = 0.3430, lr_0 = 3.5619e-04
Loss = 1.9116e-02, PNorm = 57.8348, GNorm = 0.1027, lr_0 = 3.5276e-04
Loss = 3.6729e-02, PNorm = 57.8772, GNorm = 0.2350, lr_0 = 3.4936e-04
Loss = 6.1000e-02, PNorm = 57.8969, GNorm = 0.3030, lr_0 = 3.4600e-04
Loss = 3.2499e-02, PNorm = 57.9689, GNorm = 0.1406, lr_0 = 3.4267e-04
Loss = 4.3454e-02, PNorm = 58.0141, GNorm = 0.1422, lr_0 = 3.3937e-04
Validation auc = 0.961841
Epoch 15
Loss = 4.4354e-02, PNorm = 58.0655, GNorm = 0.2344, lr_0 = 3.3610e-04
Loss = 2.8689e-02, PNorm = 58.1509, GNorm = 0.1580, lr_0 = 3.3287e-04
Loss = 3.4550e-02, PNorm = 58.1820, GNorm = 0.1695, lr_0 = 3.2966e-04
Loss = 4.4477e-02, PNorm = 58.1990, GNorm = 0.2278, lr_0 = 3.2649e-04
Loss = 4.0012e-02, PNorm = 58.2723, GNorm = 0.2160, lr_0 = 3.2334e-04
Loss = 2.2390e-02, PNorm = 58.3230, GNorm = 0.1194, lr_0 = 3.2023e-04
Loss = 3.6944e-02, PNorm = 58.3521, GNorm = 0.1469, lr_0 = 3.1715e-04
Loss = 4.7043e-02, PNorm = 58.3893, GNorm = 0.1739, lr_0 = 3.1409e-04
Loss = 4.0246e-02, PNorm = 58.4454, GNorm = 0.1397, lr_0 = 3.1107e-04
Validation auc = 0.962288
Epoch 16
Loss = 3.6126e-02, PNorm = 58.4963, GNorm = 0.1935, lr_0 = 3.0807e-04
Loss = 4.7237e-02, PNorm = 58.5366, GNorm = 0.1112, lr_0 = 3.0511e-04
Loss = 1.9198e-02, PNorm = 58.5921, GNorm = 0.0880, lr_0 = 3.0217e-04
Loss = 4.3413e-02, PNorm = 58.6080, GNorm = 0.4343, lr_0 = 2.9926e-04
Loss = 3.0990e-02, PNorm = 58.6459, GNorm = 0.0654, lr_0 = 2.9638e-04
Loss = 4.0869e-02, PNorm = 58.6951, GNorm = 0.1969, lr_0 = 2.9353e-04
Loss = 3.0657e-02, PNorm = 58.7426, GNorm = 0.1027, lr_0 = 2.9070e-04
Loss = 2.1246e-02, PNorm = 58.7887, GNorm = 0.1359, lr_0 = 2.8790e-04
Validation auc = 0.961557
Epoch 17
Loss = 1.8376e-02, PNorm = 58.8123, GNorm = 0.1096, lr_0 = 2.8485e-04
Loss = 3.8736e-02, PNorm = 58.8600, GNorm = 0.3016, lr_0 = 2.8211e-04
Loss = 2.7996e-02, PNorm = 58.8972, GNorm = 0.2350, lr_0 = 2.7939e-04
Loss = 3.5775e-02, PNorm = 58.9593, GNorm = 0.0799, lr_0 = 2.7670e-04
Loss = 2.7000e-02, PNorm = 58.9902, GNorm = 0.1894, lr_0 = 2.7404e-04
Loss = 4.0155e-02, PNorm = 59.0108, GNorm = 0.1320, lr_0 = 2.7140e-04
Loss = 4.9617e-02, PNorm = 59.0553, GNorm = 0.2063, lr_0 = 2.6879e-04
Loss = 2.1955e-02, PNorm = 59.1252, GNorm = 0.1554, lr_0 = 2.6620e-04
Loss = 2.6066e-02, PNorm = 59.1529, GNorm = 0.1977, lr_0 = 2.6364e-04
Validation auc = 0.963942
Epoch 18
Loss = 4.0221e-02, PNorm = 59.1570, GNorm = 0.3744, lr_0 = 2.6110e-04
Loss = 3.2284e-02, PNorm = 59.2175, GNorm = 0.1476, lr_0 = 2.5859e-04
Loss = 3.2582e-02, PNorm = 59.2553, GNorm = 0.1308, lr_0 = 2.5610e-04
Loss = 1.1555e-02, PNorm = 59.2916, GNorm = 0.1193, lr_0 = 2.5363e-04
Loss = 2.3562e-02, PNorm = 59.3215, GNorm = 0.3215, lr_0 = 2.5119e-04
Loss = 3.9560e-02, PNorm = 59.3330, GNorm = 0.0794, lr_0 = 2.4877e-04
Loss = 3.3858e-02, PNorm = 59.3824, GNorm = 0.2508, lr_0 = 2.4638e-04
Loss = 4.0561e-02, PNorm = 59.4134, GNorm = 0.1357, lr_0 = 2.4400e-04
Validation auc = 0.965445
Epoch 19
Loss = 3.6812e-02, PNorm = 59.4473, GNorm = 0.2022, lr_0 = 2.4165e-04
Loss = 3.1709e-02, PNorm = 59.4980, GNorm = 0.0514, lr_0 = 2.3933e-04
Loss = 2.1621e-02, PNorm = 59.5353, GNorm = 0.0575, lr_0 = 2.3702e-04
Loss = 3.5576e-02, PNorm = 59.5467, GNorm = 0.2149, lr_0 = 2.3474e-04
Loss = 3.3770e-02, PNorm = 59.5768, GNorm = 0.1901, lr_0 = 2.3248e-04
Loss = 3.0032e-02, PNorm = 59.6216, GNorm = 0.2024, lr_0 = 2.3024e-04
Loss = 3.9326e-02, PNorm = 59.6536, GNorm = 0.3695, lr_0 = 2.2803e-04
Loss = 1.9429e-02, PNorm = 59.6896, GNorm = 0.0919, lr_0 = 2.2583e-04
Loss = 3.2355e-02, PNorm = 59.7307, GNorm = 0.1384, lr_0 = 2.2366e-04
Validation auc = 0.967925
Epoch 20
Loss = 2.0671e-02, PNorm = 59.7605, GNorm = 0.1588, lr_0 = 2.2129e-04
Loss = 2.9991e-02, PNorm = 59.7849, GNorm = 0.0959, lr_0 = 2.1916e-04
Loss = 2.0809e-02, PNorm = 59.8284, GNorm = 0.1503, lr_0 = 2.1705e-04
Loss = 2.5683e-02, PNorm = 59.8684, GNorm = 0.1661, lr_0 = 2.1496e-04
Loss = 1.7466e-02, PNorm = 59.8873, GNorm = 0.0777, lr_0 = 2.1289e-04
Loss = 2.7205e-02, PNorm = 59.9124, GNorm = 0.0808, lr_0 = 2.1084e-04
Loss = 3.8459e-02, PNorm = 59.9384, GNorm = 0.1670, lr_0 = 2.0881e-04
Loss = 4.2475e-02, PNorm = 59.9578, GNorm = 0.3360, lr_0 = 2.0680e-04
Validation auc = 0.957714
Epoch 21
Loss = 3.6891e-02, PNorm = 59.9947, GNorm = 0.1224, lr_0 = 2.0481e-04
Loss = 2.5330e-02, PNorm = 60.0290, GNorm = 0.0730, lr_0 = 2.0283e-04
Loss = 2.4799e-02, PNorm = 60.0550, GNorm = 0.1192, lr_0 = 2.0088e-04
Loss = 1.8907e-02, PNorm = 60.0847, GNorm = 0.1169, lr_0 = 1.9895e-04
Loss = 2.4213e-02, PNorm = 60.1178, GNorm = 0.1484, lr_0 = 1.9703e-04
Loss = 2.5732e-02, PNorm = 60.1466, GNorm = 0.0462, lr_0 = 1.9514e-04
Loss = 3.7255e-02, PNorm = 60.1626, GNorm = 0.4810, lr_0 = 1.9326e-04
Loss = 3.0079e-02, PNorm = 60.1854, GNorm = 0.2313, lr_0 = 1.9140e-04
Loss = 2.3859e-02, PNorm = 60.2267, GNorm = 0.1133, lr_0 = 1.8955e-04
Validation auc = 0.966513
Epoch 22
Loss = 2.1514e-02, PNorm = 60.2402, GNorm = 0.0713, lr_0 = 1.8773e-04
Loss = 2.2910e-02, PNorm = 60.2687, GNorm = 0.1045, lr_0 = 1.8592e-04
Loss = 2.6347e-02, PNorm = 60.2941, GNorm = 0.0502, lr_0 = 1.8413e-04
Loss = 2.5962e-02, PNorm = 60.3129, GNorm = 0.1023, lr_0 = 1.8236e-04
Loss = 2.8613e-02, PNorm = 60.3367, GNorm = 0.3060, lr_0 = 1.8060e-04
Loss = 3.4621e-02, PNorm = 60.3768, GNorm = 0.2000, lr_0 = 1.7886e-04
Loss = 1.7739e-02, PNorm = 60.3997, GNorm = 0.0589, lr_0 = 1.7714e-04
Loss = 2.4886e-02, PNorm = 60.4230, GNorm = 0.1723, lr_0 = 1.7544e-04
Validation auc = 0.961582
Epoch 23
Loss = 5.1824e-02, PNorm = 60.4525, GNorm = 0.2235, lr_0 = 1.7358e-04
Loss = 1.9119e-02, PNorm = 60.4818, GNorm = 0.2711, lr_0 = 1.7191e-04
Loss = 2.2731e-02, PNorm = 60.5084, GNorm = 0.0843, lr_0 = 1.7025e-04
Loss = 1.6438e-02, PNorm = 60.5231, GNorm = 0.1415, lr_0 = 1.6861e-04
Loss = 2.6971e-02, PNorm = 60.5439, GNorm = 0.1350, lr_0 = 1.6699e-04
Loss = 2.0608e-02, PNorm = 60.5560, GNorm = 0.0478, lr_0 = 1.6538e-04
Loss = 3.0978e-02, PNorm = 60.5870, GNorm = 0.0758, lr_0 = 1.6379e-04
Loss = 2.9065e-02, PNorm = 60.5896, GNorm = 0.2572, lr_0 = 1.6221e-04
Loss = 2.5775e-02, PNorm = 60.6168, GNorm = 0.1565, lr_0 = 1.6065e-04
Validation auc = 0.959293
Epoch 24
Loss = 2.0253e-02, PNorm = 60.6459, GNorm = 0.3503, lr_0 = 1.5910e-04
Loss = 2.1035e-02, PNorm = 60.6722, GNorm = 0.0722, lr_0 = 1.5757e-04
Loss = 1.4557e-02, PNorm = 60.6925, GNorm = 0.1959, lr_0 = 1.5605e-04
Loss = 2.0277e-02, PNorm = 60.7153, GNorm = 0.1541, lr_0 = 1.5455e-04
Loss = 3.4091e-02, PNorm = 60.7200, GNorm = 0.1754, lr_0 = 1.5306e-04
Loss = 2.8909e-02, PNorm = 60.7263, GNorm = 0.6073, lr_0 = 1.5159e-04
Loss = 2.6095e-02, PNorm = 60.7750, GNorm = 0.0875, lr_0 = 1.5013e-04
Loss = 2.0116e-02, PNorm = 60.8035, GNorm = 0.0315, lr_0 = 1.4869e-04
Loss = 2.7804e-02, PNorm = 60.8056, GNorm = 0.1327, lr_0 = 1.4725e-04
Validation auc = 0.971133
Epoch 25
Loss = 1.6749e-02, PNorm = 60.8211, GNorm = 0.1830, lr_0 = 1.4584e-04
Loss = 2.2088e-02, PNorm = 60.8473, GNorm = 0.0623, lr_0 = 1.4443e-04
Loss = 1.3037e-02, PNorm = 60.8797, GNorm = 0.0391, lr_0 = 1.4304e-04
Loss = 2.3139e-02, PNorm = 60.8973, GNorm = 0.0844, lr_0 = 1.4166e-04
Loss = 1.9079e-02, PNorm = 60.9177, GNorm = 0.5269, lr_0 = 1.4030e-04
Loss = 1.7585e-02, PNorm = 60.9256, GNorm = 0.0860, lr_0 = 1.3895e-04
Loss = 2.3120e-02, PNorm = 60.9333, GNorm = 0.1964, lr_0 = 1.3761e-04
Loss = 3.3005e-02, PNorm = 60.9529, GNorm = 0.2929, lr_0 = 1.3629e-04
Validation auc = 0.961279
Epoch 26
Loss = 1.3970e-02, PNorm = 60.9744, GNorm = 0.1126, lr_0 = 1.3484e-04
Loss = 1.5667e-02, PNorm = 60.9954, GNorm = 0.2614, lr_0 = 1.3355e-04
Loss = 3.1729e-02, PNorm = 61.0062, GNorm = 0.0944, lr_0 = 1.3226e-04
Loss = 2.8398e-02, PNorm = 61.0301, GNorm = 0.0389, lr_0 = 1.3099e-04
Loss = 3.0050e-02, PNorm = 61.0483, GNorm = 0.1410, lr_0 = 1.2973e-04
Loss = 2.0760e-02, PNorm = 61.0618, GNorm = 0.5544, lr_0 = 1.2848e-04
Loss = 2.0800e-02, PNorm = 61.0808, GNorm = 0.2355, lr_0 = 1.2724e-04
Loss = 1.9152e-02, PNorm = 61.1014, GNorm = 0.1779, lr_0 = 1.2601e-04
Loss = 1.0295e-02, PNorm = 61.1173, GNorm = 0.0725, lr_0 = 1.2480e-04
Validation auc = 0.964199
Epoch 27
Loss = 1.0760e-02, PNorm = 61.1185, GNorm = 0.1131, lr_0 = 1.2360e-04
Loss = 1.9198e-02, PNorm = 61.1297, GNorm = 0.3609, lr_0 = 1.2241e-04
Loss = 2.1907e-02, PNorm = 61.1526, GNorm = 0.1097, lr_0 = 1.2123e-04
Loss = 2.1592e-02, PNorm = 61.1683, GNorm = 0.4124, lr_0 = 1.2006e-04
Loss = 2.2949e-02, PNorm = 61.1811, GNorm = 0.3549, lr_0 = 1.1891e-04
Loss = 1.7004e-02, PNorm = 61.1975, GNorm = 0.1960, lr_0 = 1.1776e-04
Loss = 1.6914e-02, PNorm = 61.2210, GNorm = 0.0946, lr_0 = 1.1663e-04
Loss = 2.7570e-02, PNorm = 61.2244, GNorm = 0.5150, lr_0 = 1.1551e-04
Validation auc = 0.968499
Epoch 28
Loss = 1.9027e-02, PNorm = 61.2302, GNorm = 0.1659, lr_0 = 1.1428e-04
Loss = 2.1911e-02, PNorm = 61.2563, GNorm = 0.2600, lr_0 = 1.1318e-04
Loss = 1.7518e-02, PNorm = 61.2714, GNorm = 0.0535, lr_0 = 1.1209e-04
Loss = 2.9888e-02, PNorm = 61.2681, GNorm = 0.1167, lr_0 = 1.1101e-04
Loss = 8.4419e-03, PNorm = 61.2872, GNorm = 0.0501, lr_0 = 1.0995e-04
Loss = 1.5316e-02, PNorm = 61.2985, GNorm = 0.0246, lr_0 = 1.0889e-04
Loss = 1.7711e-02, PNorm = 61.3056, GNorm = 0.0629, lr_0 = 1.0784e-04
Loss = 1.2870e-02, PNorm = 61.3237, GNorm = 0.1331, lr_0 = 1.0680e-04
Loss = 3.4615e-02, PNorm = 61.3199, GNorm = 0.2448, lr_0 = 1.0577e-04
Validation auc = 0.968624
Epoch 29
Loss = 2.1867e-02, PNorm = 61.3371, GNorm = 0.2170, lr_0 = 1.0475e-04
Loss = 1.0105e-02, PNorm = 61.3610, GNorm = 0.1456, lr_0 = 1.0374e-04
Loss = 1.7434e-02, PNorm = 61.3653, GNorm = 0.0408, lr_0 = 1.0275e-04
Loss = 2.1825e-02, PNorm = 61.3677, GNorm = 0.3546, lr_0 = 1.0176e-04
Loss = 1.6533e-02, PNorm = 61.3881, GNorm = 0.3425, lr_0 = 1.0078e-04
Loss = 2.0668e-02, PNorm = 61.4029, GNorm = 0.2127, lr_0 = 1.0000e-04
Loss = 1.8484e-02, PNorm = 61.4117, GNorm = 0.0479, lr_0 = 1.0000e-04
Loss = 2.6504e-02, PNorm = 61.4135, GNorm = 0.2655, lr_0 = 1.0000e-04
Validation auc = 0.967697
Model 0 best validation auc = 0.971133 on epoch 24
Loading pretrained parameter "encoder.encoder.0.cached_zero_vector".
Loading pretrained parameter "encoder.encoder.0.W_i.weight".
Loading pretrained parameter "encoder.encoder.0.W_h.weight".
Loading pretrained parameter "encoder.encoder.0.W_o.weight".
Loading pretrained parameter "encoder.encoder.0.W_o.bias".
Loading pretrained parameter "ffn.1.weight".
Loading pretrained parameter "ffn.1.bias".
Moving model to cuda
Model 0 test auc = 0.774976
Ensemble test auc = 0.774976
Fold 1
Splitting data with seed 1
Total scaffolds = 3,467 | train scaffolds = 2,658 | val scaffolds = 399 | test scaffolds = 410
Label averages per scaffold, in decreasing order of scaffold frequency,capped at 10 scaffolds and 20 labels:
Scaffold 0
Task 0: count = 381 | target average = 0.018373
Task 1: count = 381 | target average = 0.013123


Scaffold 1
Task 0: count = 305 | target average = 0.009836
Task 1: count = 305 | target average = 0.016393


Scaffold 2
Task 0: count = 36 | target average = 0.000000
Task 1: count = 36 | target average = 0.000000


Scaffold 3
Task 0: count = 29 | target average = 0.000000
Task 1: count = 29 | target average = 0.000000


Scaffold 4
Task 0: count = 26 | target average = 0.000000
Task 1: count = 26 | target average = 0.000000


Scaffold 5
Task 0: count = 23 | target average = 0.000000
Task 1: count = 23 | target average = 0.000000


Scaffold 6
Task 0: count = 22 | target average = 0.090909
Task 1: count = 22 | target average = 0.090909


Scaffold 7
Task 0: count = 20 | target average = 0.050000
Task 1: count = 20 | target average = 0.000000


Scaffold 8
Task 0: count = 20 | target average = 0.000000
Task 1: count = 20 | target average = 0.000000


Scaffold 9
Task 0: count = 20 | target average = 0.000000
Task 1: count = 20 | target average = 0.000000


Class sizes
hit_inh 0: 97.83%, 1: 2.17%
hit_kill 0: 98.64%, 1: 1.36%
Total size = 5,353 | train size = 4,282 | val size = 535 | test size = 536
Building model 0
MoleculeModel(
  (sigmoid): Sigmoid()
  (encoder): MPN(
    (encoder): ModuleList(
      (0): MPNEncoder(
        (dropout_layer): Dropout(p=0.1, inplace=False)
        (act_func): ReLU()
        (W_i): Linear(in_features=147, out_features=1000, bias=False)
        (W_h): Linear(in_features=1000, out_features=1000, bias=False)
        (W_o): Linear(in_features=1133, out_features=1000, bias=True)
      )
    )
  )
  (ffn): Sequential(
    (0): Dropout(p=0.1, inplace=False)
    (1): Linear(in_features=1200, out_features=2, bias=True)
  )
)
Number of parameters = 2,283,402
Moving model to cuda
Epoch 0
Loss = 2.0525e-01, PNorm = 48.4884, GNorm = 0.1560, lr_0 = 1.0000e-03
Loss = 8.8856e-02, PNorm = 48.6997, GNorm = 0.2107, lr_0 = 1.0000e-03
Loss = 7.6471e-02, PNorm = 48.8073, GNorm = 0.5895, lr_0 = 1.0000e-03
Loss = 7.2898e-02, PNorm = 48.8619, GNorm = 0.1905, lr_0 = 1.0000e-03
Loss = 8.9926e-02, PNorm = 48.8981, GNorm = 0.0876, lr_0 = 1.0000e-03
Loss = 1.1027e-01, PNorm = 48.9310, GNorm = 0.1421, lr_0 = 1.0000e-03
Loss = 1.0482e-01, PNorm = 48.9726, GNorm = 0.1272, lr_0 = 1.0000e-03
Loss = 1.0596e-01, PNorm = 49.0072, GNorm = 0.1011, lr_0 = 1.0000e-03
Validation auc = 0.666703
Epoch 1
Loss = 5.0567e-02, PNorm = 49.0664, GNorm = 0.1593, lr_0 = 1.0000e-03
Loss = 9.8586e-02, PNorm = 49.1124, GNorm = 0.1247, lr_0 = 1.0000e-03
Loss = 1.0280e-01, PNorm = 49.1729, GNorm = 0.1605, lr_0 = 1.0000e-03
Loss = 8.2966e-02, PNorm = 49.2389, GNorm = 0.1036, lr_0 = 1.0000e-03
Loss = 7.0995e-02, PNorm = 49.2853, GNorm = 0.1924, lr_0 = 1.0000e-03
Loss = 6.5389e-02, PNorm = 49.3427, GNorm = 0.0875, lr_0 = 1.0000e-03
Loss = 8.4792e-02, PNorm = 49.4008, GNorm = 0.1921, lr_0 = 1.0000e-03
Loss = 8.6846e-02, PNorm = 49.4862, GNorm = 0.0974, lr_0 = 1.0000e-03
Loss = 1.1174e-01, PNorm = 49.5860, GNorm = 0.2390, lr_0 = 9.9807e-04
Validation auc = 0.815289
Epoch 2
Loss = 7.7592e-02, PNorm = 49.7192, GNorm = 0.0601, lr_0 = 9.8846e-04
Loss = 9.8193e-02, PNorm = 49.8210, GNorm = 0.1817, lr_0 = 9.7894e-04
Loss = 8.5259e-02, PNorm = 49.9874, GNorm = 0.1519, lr_0 = 9.6952e-04
Loss = 8.4567e-02, PNorm = 50.0858, GNorm = 0.1176, lr_0 = 9.6018e-04
Loss = 5.1456e-02, PNorm = 50.2169, GNorm = 0.0980, lr_0 = 9.5094e-04
Loss = 7.4230e-02, PNorm = 50.2391, GNorm = 0.0916, lr_0 = 9.4178e-04
Loss = 8.7879e-02, PNorm = 50.3078, GNorm = 0.1220, lr_0 = 9.3271e-04
Loss = 8.0001e-02, PNorm = 50.4147, GNorm = 0.2550, lr_0 = 9.2373e-04
Validation auc = 0.844556
Epoch 3
Loss = 1.1335e-01, PNorm = 50.5428, GNorm = 0.1568, lr_0 = 9.1395e-04
Loss = 9.4860e-02, PNorm = 50.6998, GNorm = 0.2214, lr_0 = 9.0515e-04
Loss = 4.9244e-02, PNorm = 50.8228, GNorm = 0.1101, lr_0 = 8.9644e-04
Loss = 7.3150e-02, PNorm = 50.9154, GNorm = 0.2650, lr_0 = 8.8781e-04
Loss = 7.6029e-02, PNorm = 51.0051, GNorm = 0.0795, lr_0 = 8.7926e-04
Loss = 7.7813e-02, PNorm = 51.1271, GNorm = 0.1289, lr_0 = 8.7080e-04
Loss = 7.5935e-02, PNorm = 51.2389, GNorm = 0.1525, lr_0 = 8.6241e-04
Loss = 1.0975e-01, PNorm = 51.3188, GNorm = 0.1465, lr_0 = 8.5411e-04
Loss = 6.7998e-02, PNorm = 51.4521, GNorm = 0.1164, lr_0 = 8.4588e-04
Validation auc = 0.775239
Epoch 4
Loss = 4.7315e-02, PNorm = 51.5763, GNorm = 0.0790, lr_0 = 8.3774e-04
Loss = 7.2705e-02, PNorm = 51.6963, GNorm = 0.3478, lr_0 = 8.2967e-04
Loss = 9.8599e-02, PNorm = 51.8188, GNorm = 0.1056, lr_0 = 8.2169e-04
Loss = 7.0733e-02, PNorm = 51.9167, GNorm = 0.2133, lr_0 = 8.1377e-04
Loss = 9.0754e-02, PNorm = 51.9760, GNorm = 0.1643, lr_0 = 8.0594e-04
Loss = 5.7455e-02, PNorm = 52.1067, GNorm = 0.1957, lr_0 = 7.9818e-04
Loss = 8.8203e-02, PNorm = 52.1892, GNorm = 0.1119, lr_0 = 7.9050e-04
Loss = 8.6682e-02, PNorm = 52.2794, GNorm = 0.1703, lr_0 = 7.8288e-04
Validation auc = 0.841686
Epoch 5
Loss = 7.3004e-02, PNorm = 52.3982, GNorm = 0.2529, lr_0 = 7.7535e-04
Loss = 6.6430e-02, PNorm = 52.4529, GNorm = 0.0989, lr_0 = 7.6788e-04
Loss = 5.6566e-02, PNorm = 52.5882, GNorm = 0.1404, lr_0 = 7.6049e-04
Loss = 5.2922e-02, PNorm = 52.6931, GNorm = 0.2357, lr_0 = 7.5317e-04
Loss = 7.6332e-02, PNorm = 52.7250, GNorm = 0.0977, lr_0 = 7.4591e-04
Loss = 7.3668e-02, PNorm = 52.8495, GNorm = 0.2855, lr_0 = 7.3873e-04
Loss = 8.6136e-02, PNorm = 52.9331, GNorm = 0.2687, lr_0 = 7.3162e-04
Loss = 6.8008e-02, PNorm = 53.0574, GNorm = 0.0978, lr_0 = 7.2458e-04
Loss = 7.3503e-02, PNorm = 53.1165, GNorm = 0.1200, lr_0 = 7.1760e-04
Validation auc = 0.836682
Epoch 6
Loss = 7.2013e-02, PNorm = 53.2325, GNorm = 0.1744, lr_0 = 7.1000e-04
Loss = 8.1727e-02, PNorm = 53.3593, GNorm = 0.3049, lr_0 = 7.0317e-04
Loss = 5.3409e-02, PNorm = 53.4636, GNorm = 0.1838, lr_0 = 6.9640e-04
Loss = 4.6385e-02, PNorm = 53.5236, GNorm = 0.2292, lr_0 = 6.8969e-04
Loss = 5.4821e-02, PNorm = 53.6049, GNorm = 0.0652, lr_0 = 6.8305e-04
Loss = 6.1441e-02, PNorm = 53.6763, GNorm = 0.1231, lr_0 = 6.7648e-04
Loss = 6.1167e-02, PNorm = 53.7534, GNorm = 0.2750, lr_0 = 6.6996e-04
Loss = 8.9716e-02, PNorm = 53.8200, GNorm = 0.1293, lr_0 = 6.6351e-04
Validation auc = 0.795610
Epoch 7
Loss = 1.7344e-02, PNorm = 53.9526, GNorm = 0.0718, lr_0 = 6.5712e-04
Loss = 4.6554e-02, PNorm = 54.0883, GNorm = 0.0771, lr_0 = 6.5080e-04
Loss = 8.5893e-02, PNorm = 54.1161, GNorm = 0.4023, lr_0 = 6.4453e-04
Loss = 8.7866e-02, PNorm = 54.1889, GNorm = 0.1710, lr_0 = 6.3833e-04
Loss = 6.4181e-02, PNorm = 54.2957, GNorm = 0.1969, lr_0 = 6.3218e-04
Loss = 5.1506e-02, PNorm = 54.4220, GNorm = 0.5315, lr_0 = 6.2609e-04
Loss = 5.4051e-02, PNorm = 54.5101, GNorm = 0.1244, lr_0 = 6.2006e-04
Loss = 5.6377e-02, PNorm = 54.6099, GNorm = 0.3000, lr_0 = 6.1409e-04
Loss = 5.8124e-02, PNorm = 54.6532, GNorm = 0.1555, lr_0 = 6.0818e-04
Validation auc = 0.867778
Epoch 8
Loss = 3.3929e-02, PNorm = 54.7715, GNorm = 0.0666, lr_0 = 6.0233e-04
Loss = 5.5077e-02, PNorm = 54.8454, GNorm = 0.1810, lr_0 = 5.9653e-04
Loss = 5.7061e-02, PNorm = 54.9236, GNorm = 0.0981, lr_0 = 5.9078e-04
Loss = 4.6531e-02, PNorm = 54.9671, GNorm = 0.0973, lr_0 = 5.8510e-04
Loss = 4.0891e-02, PNorm = 55.0480, GNorm = 0.0888, lr_0 = 5.7946e-04
Loss = 5.5871e-02, PNorm = 55.1093, GNorm = 0.1377, lr_0 = 5.7388e-04
Loss = 5.1561e-02, PNorm = 55.2086, GNorm = 0.1543, lr_0 = 5.6836e-04
Loss = 6.3327e-02, PNorm = 55.2910, GNorm = 0.1150, lr_0 = 5.6289e-04
Loss = 8.6029e-02, PNorm = 55.3502, GNorm = 0.2960, lr_0 = 5.5747e-04
Loss = 1.6747e-02, PNorm = 55.3563, GNorm = 0.1528, lr_0 = 5.5693e-04
Validation auc = 0.793794
Epoch 9
Loss = 3.5054e-02, PNorm = 55.4729, GNorm = 0.1721, lr_0 = 5.5156e-04
Loss = 6.2553e-02, PNorm = 55.5187, GNorm = 0.2107, lr_0 = 5.4625e-04
Loss = 6.8511e-02, PNorm = 55.5969, GNorm = 0.0993, lr_0 = 5.4100e-04
Loss = 5.5944e-02, PNorm = 55.6745, GNorm = 0.3681, lr_0 = 5.3579e-04
Loss = 5.8534e-02, PNorm = 55.7507, GNorm = 0.1410, lr_0 = 5.3063e-04
Loss = 4.1541e-02, PNorm = 55.8612, GNorm = 0.0807, lr_0 = 5.2552e-04
Loss = 4.5881e-02, PNorm = 55.9187, GNorm = 0.0961, lr_0 = 5.2046e-04
Loss = 6.3114e-02, PNorm = 55.9872, GNorm = 0.1199, lr_0 = 5.1545e-04
Validation auc = 0.866260
Epoch 10
Loss = 3.0679e-02, PNorm = 56.0521, GNorm = 0.1283, lr_0 = 5.1049e-04
Loss = 3.3199e-02, PNorm = 56.1311, GNorm = 0.0673, lr_0 = 5.0557e-04
Loss = 2.9983e-02, PNorm = 56.1883, GNorm = 0.1328, lr_0 = 5.0070e-04
Loss = 6.3227e-02, PNorm = 56.2469, GNorm = 0.1513, lr_0 = 4.9588e-04
Loss = 5.8919e-02, PNorm = 56.2920, GNorm = 0.3649, lr_0 = 4.9111e-04
Loss = 6.9396e-02, PNorm = 56.3496, GNorm = 0.2717, lr_0 = 4.8638e-04
Loss = 4.0246e-02, PNorm = 56.4433, GNorm = 0.2161, lr_0 = 4.8170e-04
Loss = 5.1791e-02, PNorm = 56.4864, GNorm = 0.1240, lr_0 = 4.7706e-04
Loss = 5.7494e-02, PNorm = 56.5428, GNorm = 0.0904, lr_0 = 4.7247e-04
Validation auc = 0.824553
Epoch 11
Loss = 3.9295e-02, PNorm = 56.6031, GNorm = 0.0424, lr_0 = 4.6792e-04
Loss = 2.0137e-02, PNorm = 56.6691, GNorm = 0.2460, lr_0 = 4.6341e-04
Loss = 3.7143e-02, PNorm = 56.7168, GNorm = 0.1183, lr_0 = 4.5895e-04
Loss = 6.0103e-02, PNorm = 56.8068, GNorm = 0.1470, lr_0 = 4.5453e-04
Loss = 5.4121e-02, PNorm = 56.9068, GNorm = 0.0853, lr_0 = 4.5015e-04
Loss = 3.3033e-02, PNorm = 56.9644, GNorm = 0.0949, lr_0 = 4.4582e-04
Loss = 6.8538e-02, PNorm = 57.0136, GNorm = 0.2263, lr_0 = 4.4153e-04
Loss = 3.5012e-02, PNorm = 57.1139, GNorm = 0.1909, lr_0 = 4.3728e-04
Validation auc = 0.856197
Epoch 12
Loss = 2.4465e-02, PNorm = 57.1744, GNorm = 0.1864, lr_0 = 4.3265e-04
Loss = 3.1615e-02, PNorm = 57.3110, GNorm = 0.2410, lr_0 = 4.2848e-04
Loss = 3.8764e-02, PNorm = 57.3835, GNorm = 0.2871, lr_0 = 4.2436e-04
Loss = 2.4364e-02, PNorm = 57.4192, GNorm = 0.1293, lr_0 = 4.2027e-04
Loss = 5.1526e-02, PNorm = 57.4626, GNorm = 0.2179, lr_0 = 4.1622e-04
Loss = 4.4858e-02, PNorm = 57.5281, GNorm = 0.1877, lr_0 = 4.1222e-04
Loss = 8.2297e-02, PNorm = 57.5847, GNorm = 0.4553, lr_0 = 4.0825e-04
Loss = 4.7872e-02, PNorm = 57.7056, GNorm = 0.2338, lr_0 = 4.0432e-04
Loss = 4.9036e-02, PNorm = 57.7427, GNorm = 0.3329, lr_0 = 4.0042e-04
Validation auc = 0.821325
Epoch 13
Loss = 4.2094e-02, PNorm = 57.7890, GNorm = 0.2393, lr_0 = 3.9657e-04
Loss = 2.8688e-02, PNorm = 57.8623, GNorm = 0.0307, lr_0 = 3.9275e-04
Loss = 3.7910e-02, PNorm = 57.9102, GNorm = 0.1987, lr_0 = 3.8897e-04
Loss = 3.6311e-02, PNorm = 57.9651, GNorm = 0.1820, lr_0 = 3.8522e-04
Loss = 4.3334e-02, PNorm = 58.0136, GNorm = 0.1416, lr_0 = 3.8152e-04
Loss = 3.6072e-02, PNorm = 58.0578, GNorm = 0.1613, lr_0 = 3.7784e-04
Loss = 6.0584e-02, PNorm = 58.0943, GNorm = 0.2003, lr_0 = 3.7420e-04
Loss = 4.4360e-02, PNorm = 58.1547, GNorm = 0.1549, lr_0 = 3.7060e-04
Validation auc = 0.847705
Epoch 14
Loss = 3.2333e-02, PNorm = 58.2197, GNorm = 0.1137, lr_0 = 3.6668e-04
Loss = 3.0756e-02, PNorm = 58.2924, GNorm = 0.1731, lr_0 = 3.6315e-04
Loss = 6.0013e-02, PNorm = 58.3387, GNorm = 0.2468, lr_0 = 3.5965e-04
Loss = 2.3337e-02, PNorm = 58.4429, GNorm = 0.2501, lr_0 = 3.5619e-04
Loss = 3.2504e-02, PNorm = 58.4858, GNorm = 0.1333, lr_0 = 3.5276e-04
Loss = 2.7880e-02, PNorm = 58.5498, GNorm = 0.1996, lr_0 = 3.4936e-04
Loss = 6.3481e-02, PNorm = 58.5834, GNorm = 0.2144, lr_0 = 3.4600e-04
Loss = 4.3629e-02, PNorm = 58.6529, GNorm = 0.2386, lr_0 = 3.4267e-04
Loss = 3.2349e-02, PNorm = 58.7006, GNorm = 0.1541, lr_0 = 3.3937e-04
Validation auc = 0.863133
Epoch 15
Loss = 5.2602e-02, PNorm = 58.7313, GNorm = 0.1381, lr_0 = 3.3610e-04
Loss = 2.7695e-02, PNorm = 58.7966, GNorm = 0.0793, lr_0 = 3.3287e-04
Loss = 4.6119e-02, PNorm = 58.8201, GNorm = 0.1860, lr_0 = 3.2966e-04
Loss = 3.5490e-02, PNorm = 58.8275, GNorm = 0.1549, lr_0 = 3.2649e-04
Loss = 2.6357e-02, PNorm = 58.8885, GNorm = 0.2123, lr_0 = 3.2334e-04
Loss = 3.8679e-02, PNorm = 58.9325, GNorm = 0.0396, lr_0 = 3.2023e-04
Loss = 3.5668e-02, PNorm = 58.9635, GNorm = 0.2078, lr_0 = 3.1715e-04
Loss = 3.6335e-02, PNorm = 59.0186, GNorm = 0.1599, lr_0 = 3.1409e-04
Loss = 3.5684e-02, PNorm = 59.0946, GNorm = 0.0833, lr_0 = 3.1107e-04
Validation auc = 0.868461
Epoch 16
Loss = 4.0199e-02, PNorm = 59.1446, GNorm = 0.1060, lr_0 = 3.0807e-04
Loss = 2.1457e-02, PNorm = 59.1908, GNorm = 0.0398, lr_0 = 3.0511e-04
Loss = 4.2706e-02, PNorm = 59.2082, GNorm = 0.2052, lr_0 = 3.0217e-04
Loss = 3.4962e-02, PNorm = 59.2570, GNorm = 0.1536, lr_0 = 2.9926e-04
Loss = 3.9246e-02, PNorm = 59.2722, GNorm = 0.1085, lr_0 = 2.9638e-04
Loss = 4.8886e-02, PNorm = 59.3214, GNorm = 0.0962, lr_0 = 2.9353e-04
Loss = 2.3914e-02, PNorm = 59.3815, GNorm = 0.4161, lr_0 = 2.9070e-04
Loss = 1.6724e-02, PNorm = 59.4188, GNorm = 0.3058, lr_0 = 2.8790e-04
Validation auc = 0.875165
Epoch 17
Loss = 2.5390e-02, PNorm = 59.4649, GNorm = 0.0390, lr_0 = 2.8485e-04
Loss = 3.9847e-02, PNorm = 59.4825, GNorm = 0.3391, lr_0 = 2.8211e-04
Loss = 4.0361e-02, PNorm = 59.5220, GNorm = 0.1451, lr_0 = 2.7939e-04
Loss = 3.3520e-02, PNorm = 59.5634, GNorm = 0.1347, lr_0 = 2.7670e-04
Loss = 2.2160e-02, PNorm = 59.6086, GNorm = 0.1180, lr_0 = 2.7404e-04
Loss = 2.2996e-02, PNorm = 59.6267, GNorm = 0.1298, lr_0 = 2.7140e-04
Loss = 3.2392e-02, PNorm = 59.6530, GNorm = 0.3328, lr_0 = 2.6879e-04
Loss = 2.4913e-02, PNorm = 59.6958, GNorm = 0.1346, lr_0 = 2.6620e-04
Loss = 3.8102e-02, PNorm = 59.7271, GNorm = 0.2603, lr_0 = 2.6364e-04
Validation auc = 0.876630
Epoch 18
Loss = 2.3622e-02, PNorm = 59.7661, GNorm = 0.0588, lr_0 = 2.6110e-04
Loss = 3.2991e-02, PNorm = 59.7875, GNorm = 0.2425, lr_0 = 2.5859e-04
Loss = 4.5428e-02, PNorm = 59.8231, GNorm = 0.2376, lr_0 = 2.5610e-04
Loss = 3.0581e-02, PNorm = 59.8860, GNorm = 0.4123, lr_0 = 2.5363e-04
Loss = 4.3521e-02, PNorm = 59.8942, GNorm = 0.2652, lr_0 = 2.5119e-04
Loss = 2.6457e-02, PNorm = 59.9580, GNorm = 0.0359, lr_0 = 2.4877e-04
Loss = 2.5468e-02, PNorm = 59.9816, GNorm = 0.1051, lr_0 = 2.4638e-04
Loss = 2.2078e-02, PNorm = 60.0025, GNorm = 0.2206, lr_0 = 2.4400e-04
Validation auc = 0.874140
Epoch 19
Loss = 2.8119e-02, PNorm = 60.0412, GNorm = 0.1486, lr_0 = 2.4165e-04
Loss = 2.7870e-02, PNorm = 60.0814, GNorm = 0.2350, lr_0 = 2.3933e-04
Loss = 2.6465e-02, PNorm = 60.0913, GNorm = 0.1002, lr_0 = 2.3702e-04
Loss = 2.3777e-02, PNorm = 60.1281, GNorm = 0.1705, lr_0 = 2.3474e-04
Loss = 1.8246e-02, PNorm = 60.1752, GNorm = 0.1920, lr_0 = 2.3248e-04
Loss = 4.8075e-02, PNorm = 60.1917, GNorm = 0.1206, lr_0 = 2.3024e-04
Loss = 4.1299e-02, PNorm = 60.2421, GNorm = 0.4771, lr_0 = 2.2803e-04
Loss = 2.4700e-02, PNorm = 60.2805, GNorm = 0.3007, lr_0 = 2.2583e-04
Loss = 2.5408e-02, PNorm = 60.2784, GNorm = 0.0670, lr_0 = 2.2366e-04
Validation auc = 0.865547
Epoch 20
Loss = 2.1777e-02, PNorm = 60.3099, GNorm = 0.1874, lr_0 = 2.2129e-04
Loss = 2.9205e-02, PNorm = 60.3433, GNorm = 0.0457, lr_0 = 2.1916e-04
Loss = 3.1317e-02, PNorm = 60.3723, GNorm = 0.1700, lr_0 = 2.1705e-04
Loss = 1.5424e-02, PNorm = 60.4068, GNorm = 0.0994, lr_0 = 2.1496e-04
Loss = 3.4925e-02, PNorm = 60.4223, GNorm = 0.2082, lr_0 = 2.1289e-04
Loss = 2.9664e-02, PNorm = 60.4394, GNorm = 0.1707, lr_0 = 2.1084e-04
Loss = 2.0856e-02, PNorm = 60.4790, GNorm = 0.1663, lr_0 = 2.0881e-04
Loss = 2.4396e-02, PNorm = 60.5076, GNorm = 0.3576, lr_0 = 2.0680e-04
Validation auc = 0.883591
Epoch 21
Loss = 2.5723e-02, PNorm = 60.5136, GNorm = 0.2839, lr_0 = 2.0481e-04
Loss = 2.3712e-02, PNorm = 60.5750, GNorm = 0.2186, lr_0 = 2.0283e-04
Loss = 2.1317e-02, PNorm = 60.5945, GNorm = 0.0532, lr_0 = 2.0088e-04
Loss = 3.3090e-02, PNorm = 60.6044, GNorm = 0.1576, lr_0 = 1.9895e-04
Loss = 2.4474e-02, PNorm = 60.6335, GNorm = 0.1372, lr_0 = 1.9703e-04
Loss = 3.2232e-02, PNorm = 60.6594, GNorm = 0.0925, lr_0 = 1.9514e-04
Loss = 3.0024e-02, PNorm = 60.6842, GNorm = 0.1395, lr_0 = 1.9326e-04
Loss = 1.8338e-02, PNorm = 60.7094, GNorm = 0.1394, lr_0 = 1.9140e-04
Loss = 2.3865e-02, PNorm = 60.7347, GNorm = 0.4666, lr_0 = 1.8955e-04
Validation auc = 0.875968
Epoch 22
Loss = 9.7162e-03, PNorm = 60.7626, GNorm = 0.1832, lr_0 = 1.8773e-04
Loss = 3.4927e-02, PNorm = 60.7654, GNorm = 0.1535, lr_0 = 1.8592e-04
Loss = 1.4703e-02, PNorm = 60.8012, GNorm = 0.1138, lr_0 = 1.8413e-04
Loss = 1.9794e-02, PNorm = 60.8276, GNorm = 0.1150, lr_0 = 1.8236e-04
Loss = 2.8401e-02, PNorm = 60.8228, GNorm = 0.0785, lr_0 = 1.8060e-04
Loss = 2.4526e-02, PNorm = 60.8568, GNorm = 0.1961, lr_0 = 1.7886e-04
Loss = 4.3655e-02, PNorm = 60.9056, GNorm = 0.3237, lr_0 = 1.7714e-04
Loss = 2.9574e-02, PNorm = 60.9042, GNorm = 0.1697, lr_0 = 1.7544e-04
Validation auc = 0.879124
Epoch 23
Loss = 3.3895e-02, PNorm = 60.9442, GNorm = 0.2341, lr_0 = 1.7358e-04
Loss = 2.0620e-02, PNorm = 60.9745, GNorm = 0.2795, lr_0 = 1.7191e-04
Loss = 3.7236e-02, PNorm = 60.9776, GNorm = 0.1723, lr_0 = 1.7025e-04
Loss = 1.5129e-02, PNorm = 61.0219, GNorm = 0.0670, lr_0 = 1.6861e-04
Loss = 1.9056e-02, PNorm = 61.0452, GNorm = 0.0448, lr_0 = 1.6699e-04
Loss = 1.7425e-02, PNorm = 61.0591, GNorm = 0.1837, lr_0 = 1.6538e-04
Loss = 1.6178e-02, PNorm = 61.0827, GNorm = 0.2591, lr_0 = 1.6379e-04
Loss = 2.0270e-02, PNorm = 61.0885, GNorm = 0.1543, lr_0 = 1.6221e-04
Loss = 3.2149e-02, PNorm = 61.1077, GNorm = 0.1553, lr_0 = 1.6065e-04
Validation auc = 0.876832
Epoch 24
Loss = 3.5116e-02, PNorm = 61.1208, GNorm = 0.1708, lr_0 = 1.5910e-04
Loss = 1.7425e-02, PNorm = 61.1593, GNorm = 0.0657, lr_0 = 1.5757e-04
Loss = 3.6469e-02, PNorm = 61.1715, GNorm = 0.3113, lr_0 = 1.5605e-04
Loss = 1.6897e-02, PNorm = 61.1909, GNorm = 0.0852, lr_0 = 1.5455e-04
Loss = 2.4307e-02, PNorm = 61.2115, GNorm = 0.0447, lr_0 = 1.5306e-04
Loss = 1.2872e-02, PNorm = 61.2266, GNorm = 0.0613, lr_0 = 1.5159e-04
Loss = 2.3528e-02, PNorm = 61.2436, GNorm = 0.1453, lr_0 = 1.5013e-04
Loss = 2.0090e-02, PNorm = 61.2499, GNorm = 0.0596, lr_0 = 1.4869e-04
Loss = 1.5607e-02, PNorm = 61.2732, GNorm = 0.0607, lr_0 = 1.4725e-04
Validation auc = 0.879350
Epoch 25
Loss = 2.5645e-02, PNorm = 61.2899, GNorm = 0.1613, lr_0 = 1.4584e-04
Loss = 1.4232e-02, PNorm = 61.3191, GNorm = 0.1765, lr_0 = 1.4443e-04
Loss = 2.0536e-02, PNorm = 61.3459, GNorm = 0.4860, lr_0 = 1.4304e-04
Loss = 2.6169e-02, PNorm = 61.3543, GNorm = 0.1719, lr_0 = 1.4166e-04
Loss = 1.5319e-02, PNorm = 61.3812, GNorm = 0.2069, lr_0 = 1.4030e-04
Loss = 1.9270e-02, PNorm = 61.3929, GNorm = 0.1626, lr_0 = 1.3895e-04
Loss = 1.8239e-02, PNorm = 61.4155, GNorm = 0.0364, lr_0 = 1.3761e-04
Loss = 2.0854e-02, PNorm = 61.4207, GNorm = 0.2733, lr_0 = 1.3629e-04
Validation auc = 0.876575
Epoch 26
Loss = 2.2315e-02, PNorm = 61.4213, GNorm = 0.1812, lr_0 = 1.3484e-04
Loss = 1.7561e-02, PNorm = 61.4529, GNorm = 0.2665, lr_0 = 1.3355e-04
Loss = 1.0585e-02, PNorm = 61.4774, GNorm = 0.0375, lr_0 = 1.3226e-04
Loss = 2.0327e-02, PNorm = 61.4834, GNorm = 0.0746, lr_0 = 1.3099e-04
Loss = 3.0699e-02, PNorm = 61.4790, GNorm = 0.2350, lr_0 = 1.2973e-04
Loss = 1.7764e-02, PNorm = 61.5091, GNorm = 0.1379, lr_0 = 1.2848e-04
Loss = 1.8052e-02, PNorm = 61.5249, GNorm = 0.0484, lr_0 = 1.2724e-04
Loss = 3.2670e-02, PNorm = 61.5301, GNorm = 0.1385, lr_0 = 1.2601e-04
Loss = 8.8429e-03, PNorm = 61.5452, GNorm = 0.1806, lr_0 = 1.2480e-04
Validation auc = 0.882277
Epoch 27
Loss = 1.6959e-02, PNorm = 61.5603, GNorm = 0.1059, lr_0 = 1.2360e-04
Loss = 8.5212e-03, PNorm = 61.5783, GNorm = 0.0465, lr_0 = 1.2241e-04
Loss = 1.1918e-02, PNorm = 61.5962, GNorm = 0.3471, lr_0 = 1.2123e-04
Loss = 8.7016e-03, PNorm = 61.6046, GNorm = 0.0549, lr_0 = 1.2006e-04
Loss = 1.2477e-02, PNorm = 61.6141, GNorm = 0.0664, lr_0 = 1.1891e-04
Loss = 3.0601e-02, PNorm = 61.6191, GNorm = 0.4963, lr_0 = 1.1776e-04
Loss = 1.9524e-02, PNorm = 61.6374, GNorm = 0.6403, lr_0 = 1.1663e-04
Loss = 1.5600e-02, PNorm = 61.6714, GNorm = 0.1326, lr_0 = 1.1551e-04
Validation auc = 0.878484
Epoch 28
Loss = 2.9301e-02, PNorm = 61.6630, GNorm = 0.4440, lr_0 = 1.1428e-04
Loss = 1.3766e-02, PNorm = 61.6810, GNorm = 0.0851, lr_0 = 1.1318e-04
Loss = 2.2426e-02, PNorm = 61.7059, GNorm = 0.3455, lr_0 = 1.1209e-04
Loss = 1.4813e-02, PNorm = 61.7202, GNorm = 0.1491, lr_0 = 1.1101e-04
Loss = 1.1513e-02, PNorm = 61.7267, GNorm = 0.0947, lr_0 = 1.0995e-04
Loss = 2.0618e-02, PNorm = 61.7374, GNorm = 0.0781, lr_0 = 1.0889e-04
Loss = 2.2455e-02, PNorm = 61.7482, GNorm = 0.1572, lr_0 = 1.0784e-04
Loss = 2.1005e-02, PNorm = 61.7598, GNorm = 0.1425, lr_0 = 1.0680e-04
Loss = 1.5496e-02, PNorm = 61.7864, GNorm = 0.0932, lr_0 = 1.0577e-04
Validation auc = 0.869255
Epoch 29
Loss = 2.2144e-02, PNorm = 61.8001, GNorm = 0.4468, lr_0 = 1.0475e-04
Loss = 1.8550e-02, PNorm = 61.7991, GNorm = 0.5591, lr_0 = 1.0374e-04
Loss = 1.8031e-02, PNorm = 61.8104, GNorm = 0.1505, lr_0 = 1.0275e-04
Loss = 1.2686e-02, PNorm = 61.8282, GNorm = 0.3920, lr_0 = 1.0176e-04
Loss = 1.2638e-02, PNorm = 61.8436, GNorm = 0.0291, lr_0 = 1.0078e-04
Loss = 2.4057e-02, PNorm = 61.8473, GNorm = 0.1929, lr_0 = 1.0000e-04
Loss = 2.3235e-02, PNorm = 61.8622, GNorm = 0.1998, lr_0 = 1.0000e-04
Loss = 1.6437e-02, PNorm = 61.8764, GNorm = 0.1095, lr_0 = 1.0000e-04
Validation auc = 0.877992
Model 0 best validation auc = 0.883591 on epoch 20
Loading pretrained parameter "encoder.encoder.0.cached_zero_vector".
Loading pretrained parameter "encoder.encoder.0.W_i.weight".
Loading pretrained parameter "encoder.encoder.0.W_h.weight".
Loading pretrained parameter "encoder.encoder.0.W_o.weight".
Loading pretrained parameter "encoder.encoder.0.W_o.bias".
Loading pretrained parameter "ffn.1.weight".
Loading pretrained parameter "ffn.1.bias".
Moving model to cuda
Model 0 test auc = 0.829708
Ensemble test auc = 0.829708
Fold 2
Splitting data with seed 2
Total scaffolds = 3,467 | train scaffolds = 2,630 | val scaffolds = 419 | test scaffolds = 418
Label averages per scaffold, in decreasing order of scaffold frequency,capped at 10 scaffolds and 20 labels:
Scaffold 0
Task 0: count = 381 | target average = 0.018373
Task 1: count = 381 | target average = 0.013123


Scaffold 1
Task 0: count = 305 | target average = 0.009836
Task 1: count = 305 | target average = 0.016393


Scaffold 2
Task 0: count = 36 | target average = 0.000000
Task 1: count = 36 | target average = 0.000000


Scaffold 3
Task 0: count = 29 | target average = 0.000000
Task 1: count = 29 | target average = 0.000000


Scaffold 4
Task 0: count = 26 | target average = 0.000000
Task 1: count = 26 | target average = 0.000000


Scaffold 5
Task 0: count = 23 | target average = 0.000000
Task 1: count = 23 | target average = 0.000000


Scaffold 6
Task 0: count = 22 | target average = 0.090909
Task 1: count = 22 | target average = 0.090909


Scaffold 7
Task 0: count = 20 | target average = 0.000000
Task 1: count = 20 | target average = 0.000000


Scaffold 8
Task 0: count = 20 | target average = 0.000000
Task 1: count = 20 | target average = 0.000000


Scaffold 9
Task 0: count = 20 | target average = 0.050000
Task 1: count = 20 | target average = 0.000000


Class sizes
hit_inh 0: 97.83%, 1: 2.17%
hit_kill 0: 98.64%, 1: 1.36%
Total size = 5,353 | train size = 4,282 | val size = 535 | test size = 536
Building model 0
MoleculeModel(
  (sigmoid): Sigmoid()
  (encoder): MPN(
    (encoder): ModuleList(
      (0): MPNEncoder(
        (dropout_layer): Dropout(p=0.1, inplace=False)
        (act_func): ReLU()
        (W_i): Linear(in_features=147, out_features=1000, bias=False)
        (W_h): Linear(in_features=1000, out_features=1000, bias=False)
        (W_o): Linear(in_features=1133, out_features=1000, bias=True)
      )
    )
  )
  (ffn): Sequential(
    (0): Dropout(p=0.1, inplace=False)
    (1): Linear(in_features=1200, out_features=2, bias=True)
  )
)
Number of parameters = 2,283,402
Moving model to cuda
Epoch 0
Loss = 2.3028e-01, PNorm = 48.4700, GNorm = 0.5561, lr_0 = 1.0000e-03
Loss = 6.4552e-02, PNorm = 48.6608, GNorm = 0.1226, lr_0 = 1.0000e-03
Loss = 9.6009e-02, PNorm = 48.7582, GNorm = 0.1115, lr_0 = 1.0000e-03
Loss = 8.9797e-02, PNorm = 48.8129, GNorm = 0.1145, lr_0 = 1.0000e-03
Loss = 7.8189e-02, PNorm = 48.8446, GNorm = 0.1712, lr_0 = 1.0000e-03
Loss = 1.0077e-01, PNorm = 48.8750, GNorm = 0.1883, lr_0 = 1.0000e-03
Loss = 9.4382e-02, PNorm = 48.9084, GNorm = 0.3326, lr_0 = 1.0000e-03
Loss = 7.7668e-02, PNorm = 48.9278, GNorm = 0.1005, lr_0 = 1.0000e-03
Validation auc = 0.824470
Epoch 1
Loss = 6.2945e-02, PNorm = 48.9664, GNorm = 0.2139, lr_0 = 1.0000e-03
Loss = 7.7103e-02, PNorm = 49.0039, GNorm = 0.5287, lr_0 = 1.0000e-03
Loss = 4.6135e-02, PNorm = 49.0345, GNorm = 0.1123, lr_0 = 1.0000e-03
Loss = 1.2518e-01, PNorm = 49.0601, GNorm = 0.3807, lr_0 = 1.0000e-03
Loss = 7.9396e-02, PNorm = 49.1292, GNorm = 0.1491, lr_0 = 1.0000e-03
Loss = 8.9977e-02, PNorm = 49.1796, GNorm = 0.1386, lr_0 = 1.0000e-03
Loss = 1.0533e-01, PNorm = 49.2252, GNorm = 0.0957, lr_0 = 1.0000e-03
Loss = 1.1649e-01, PNorm = 49.2901, GNorm = 0.2265, lr_0 = 1.0000e-03
Loss = 6.2064e-02, PNorm = 49.3771, GNorm = 0.1010, lr_0 = 9.9807e-04
Validation auc = 0.865461
Epoch 2
Loss = 8.5804e-02, PNorm = 49.4322, GNorm = 0.2193, lr_0 = 9.8846e-04
Loss = 8.0391e-02, PNorm = 49.5368, GNorm = 0.3676, lr_0 = 9.7894e-04
Loss = 1.0113e-01, PNorm = 49.6200, GNorm = 0.1047, lr_0 = 9.6952e-04
Loss = 8.4374e-02, PNorm = 49.7252, GNorm = 0.3524, lr_0 = 9.6018e-04
Loss = 1.0759e-01, PNorm = 49.8071, GNorm = 0.1396, lr_0 = 9.5094e-04
Loss = 6.8326e-02, PNorm = 49.9549, GNorm = 0.1107, lr_0 = 9.4178e-04
Loss = 5.4129e-02, PNorm = 50.0182, GNorm = 0.0758, lr_0 = 9.3271e-04
Loss = 7.2631e-02, PNorm = 50.0843, GNorm = 0.1100, lr_0 = 9.2373e-04
Validation auc = 0.881604
Epoch 3
Loss = 8.1158e-02, PNorm = 50.1376, GNorm = 0.1318, lr_0 = 9.1395e-04
Loss = 9.7786e-02, PNorm = 50.2164, GNorm = 0.1871, lr_0 = 9.0515e-04
Loss = 8.6196e-02, PNorm = 50.3495, GNorm = 0.2875, lr_0 = 8.9644e-04
Loss = 3.1599e-02, PNorm = 50.4561, GNorm = 0.0818, lr_0 = 8.8781e-04
Loss = 9.2907e-02, PNorm = 50.4647, GNorm = 0.2684, lr_0 = 8.7926e-04
Loss = 7.2535e-02, PNorm = 50.5459, GNorm = 0.0814, lr_0 = 8.7080e-04
Loss = 1.0343e-01, PNorm = 50.6350, GNorm = 0.1991, lr_0 = 8.6241e-04
Loss = 7.7335e-02, PNorm = 50.7757, GNorm = 0.0828, lr_0 = 8.5411e-04
Loss = 7.3768e-02, PNorm = 50.8625, GNorm = 0.2150, lr_0 = 8.4588e-04
Validation auc = 0.895568
Epoch 4
Loss = 4.3993e-02, PNorm = 51.0027, GNorm = 0.1102, lr_0 = 8.3774e-04
Loss = 5.6801e-02, PNorm = 51.1341, GNorm = 0.1226, lr_0 = 8.2967e-04
Loss = 6.8533e-02, PNorm = 51.1979, GNorm = 0.1669, lr_0 = 8.2169e-04
Loss = 9.2437e-02, PNorm = 51.2619, GNorm = 0.1343, lr_0 = 8.1377e-04
Loss = 9.0036e-02, PNorm = 51.3724, GNorm = 0.1579, lr_0 = 8.0594e-04
Loss = 6.0721e-02, PNorm = 51.5068, GNorm = 0.1481, lr_0 = 7.9818e-04
Loss = 9.3257e-02, PNorm = 51.5845, GNorm = 0.2189, lr_0 = 7.9050e-04
Loss = 5.4693e-02, PNorm = 51.7567, GNorm = 0.1572, lr_0 = 7.8288e-04
Validation auc = 0.873774
Epoch 5
Loss = 9.2193e-02, PNorm = 51.8435, GNorm = 0.1106, lr_0 = 7.7535e-04
Loss = 8.4997e-02, PNorm = 52.0161, GNorm = 0.1632, lr_0 = 7.6788e-04
Loss = 6.3199e-02, PNorm = 52.1621, GNorm = 0.2724, lr_0 = 7.6049e-04
Loss = 7.3934e-02, PNorm = 52.2818, GNorm = 0.1699, lr_0 = 7.5317e-04
Loss = 4.8552e-02, PNorm = 52.3797, GNorm = 0.0916, lr_0 = 7.4591e-04
Loss = 6.3560e-02, PNorm = 52.4279, GNorm = 0.1675, lr_0 = 7.3873e-04
Loss = 8.5546e-02, PNorm = 52.4981, GNorm = 0.1033, lr_0 = 7.3162e-04
Loss = 5.9296e-02, PNorm = 52.6178, GNorm = 0.0841, lr_0 = 7.2458e-04
Loss = 5.9817e-02, PNorm = 52.6826, GNorm = 0.1167, lr_0 = 7.1760e-04
Validation auc = 0.873415
Epoch 6
Loss = 4.4653e-02, PNorm = 52.7316, GNorm = 0.1105, lr_0 = 7.1000e-04
Loss = 8.2121e-02, PNorm = 52.7835, GNorm = 0.0941, lr_0 = 7.0317e-04
Loss = 7.5094e-02, PNorm = 52.8746, GNorm = 0.1537, lr_0 = 6.9640e-04
Loss = 6.8564e-02, PNorm = 53.0023, GNorm = 0.2447, lr_0 = 6.8969e-04
Loss = 6.2964e-02, PNorm = 53.1151, GNorm = 0.0816, lr_0 = 6.8305e-04
Loss = 5.9449e-02, PNorm = 53.2153, GNorm = 0.1492, lr_0 = 6.7648e-04
Loss = 5.7881e-02, PNorm = 53.3103, GNorm = 0.4043, lr_0 = 6.6996e-04
Loss = 2.5969e-02, PNorm = 53.4281, GNorm = 0.0946, lr_0 = 6.6351e-04
Validation auc = 0.880083
Epoch 7
Loss = 7.7364e-02, PNorm = 53.4341, GNorm = 0.1173, lr_0 = 6.5712e-04
Loss = 5.9547e-02, PNorm = 53.5384, GNorm = 0.1657, lr_0 = 6.5080e-04
Loss = 7.3277e-02, PNorm = 53.6647, GNorm = 0.1659, lr_0 = 6.4453e-04
Loss = 6.1137e-02, PNorm = 53.7906, GNorm = 0.1514, lr_0 = 6.3833e-04
Loss = 6.1251e-02, PNorm = 53.8283, GNorm = 0.1250, lr_0 = 6.3218e-04
Loss = 4.2478e-02, PNorm = 53.9057, GNorm = 0.0826, lr_0 = 6.2609e-04
Loss = 6.7077e-02, PNorm = 53.9661, GNorm = 0.1690, lr_0 = 6.2006e-04
Loss = 6.6506e-02, PNorm = 54.0554, GNorm = 0.2581, lr_0 = 6.1409e-04
Loss = 4.5652e-02, PNorm = 54.1598, GNorm = 0.0868, lr_0 = 6.0818e-04
Validation auc = 0.887219
Epoch 8
Loss = 3.3989e-02, PNorm = 54.2187, GNorm = 0.2164, lr_0 = 6.0233e-04
Loss = 4.4936e-02, PNorm = 54.2996, GNorm = 0.1103, lr_0 = 5.9653e-04
Loss = 6.3441e-02, PNorm = 54.3369, GNorm = 0.1432, lr_0 = 5.9078e-04
Loss = 7.2759e-02, PNorm = 54.3967, GNorm = 0.2940, lr_0 = 5.8510e-04
Loss = 5.6749e-02, PNorm = 54.5005, GNorm = 0.1960, lr_0 = 5.7946e-04
Loss = 5.6799e-02, PNorm = 54.5766, GNorm = 0.2401, lr_0 = 5.7388e-04
Loss = 4.9611e-02, PNorm = 54.6513, GNorm = 0.1727, lr_0 = 5.6836e-04
Loss = 5.8139e-02, PNorm = 54.7006, GNorm = 0.1487, lr_0 = 5.6289e-04
Loss = 5.7151e-02, PNorm = 54.7647, GNorm = 0.1056, lr_0 = 5.5747e-04
Loss = 1.2300e-02, PNorm = 54.7726, GNorm = 0.1287, lr_0 = 5.5693e-04
Validation auc = 0.894715
Epoch 9
Loss = 4.2957e-02, PNorm = 54.8471, GNorm = 0.0850, lr_0 = 5.5156e-04
Loss = 6.9764e-02, PNorm = 54.8847, GNorm = 0.1487, lr_0 = 5.4625e-04
Loss = 5.5867e-02, PNorm = 54.9616, GNorm = 0.0900, lr_0 = 5.4100e-04
Loss = 2.8942e-02, PNorm = 55.0576, GNorm = 0.1140, lr_0 = 5.3579e-04
Loss = 7.7093e-02, PNorm = 55.1205, GNorm = 0.2378, lr_0 = 5.3063e-04
Loss = 4.2601e-02, PNorm = 55.2474, GNorm = 0.1831, lr_0 = 5.2552e-04
Loss = 6.1579e-02, PNorm = 55.2756, GNorm = 0.1246, lr_0 = 5.2046e-04
Loss = 4.8654e-02, PNorm = 55.3544, GNorm = 0.1901, lr_0 = 5.1545e-04
Validation auc = 0.883503
Epoch 10
Loss = 2.7844e-02, PNorm = 55.4284, GNorm = 0.0541, lr_0 = 5.1049e-04
Loss = 6.3692e-02, PNorm = 55.5107, GNorm = 0.1032, lr_0 = 5.0557e-04
Loss = 3.2120e-02, PNorm = 55.6172, GNorm = 0.0488, lr_0 = 5.0070e-04
Loss = 2.4501e-02, PNorm = 55.6382, GNorm = 0.1780, lr_0 = 4.9588e-04
Loss = 6.8830e-02, PNorm = 55.6638, GNorm = 0.2441, lr_0 = 4.9111e-04
Loss = 6.4549e-02, PNorm = 55.7358, GNorm = 0.1141, lr_0 = 4.8638e-04
Loss = 5.2259e-02, PNorm = 55.7939, GNorm = 0.1323, lr_0 = 4.8170e-04
Loss = 5.0642e-02, PNorm = 55.8796, GNorm = 0.3363, lr_0 = 4.7706e-04
Loss = 3.8323e-02, PNorm = 55.9279, GNorm = 0.2211, lr_0 = 4.7247e-04
Validation auc = 0.889772
Epoch 11
Loss = 7.4451e-02, PNorm = 56.0154, GNorm = 0.1985, lr_0 = 4.6792e-04
Loss = 4.3957e-02, PNorm = 56.1296, GNorm = 0.1734, lr_0 = 4.6341e-04
Loss = 2.5161e-02, PNorm = 56.1826, GNorm = 0.0925, lr_0 = 4.5895e-04
Loss = 3.9898e-02, PNorm = 56.2314, GNorm = 0.0668, lr_0 = 4.5453e-04
Loss = 7.0516e-02, PNorm = 56.2678, GNorm = 0.2912, lr_0 = 4.5015e-04
Loss = 4.8012e-02, PNorm = 56.3410, GNorm = 0.0576, lr_0 = 4.4582e-04
Loss = 4.7513e-02, PNorm = 56.3920, GNorm = 0.1142, lr_0 = 4.4153e-04
Loss = 5.0195e-02, PNorm = 56.4800, GNorm = 0.1846, lr_0 = 4.3728e-04
Validation auc = 0.871803
Epoch 12
Loss = 3.4484e-02, PNorm = 56.5493, GNorm = 0.1302, lr_0 = 4.3265e-04
Loss = 3.1768e-02, PNorm = 56.6077, GNorm = 0.1574, lr_0 = 4.2848e-04
Loss = 3.9882e-02, PNorm = 56.6703, GNorm = 0.1844, lr_0 = 4.2436e-04
Loss = 6.4716e-02, PNorm = 56.7049, GNorm = 0.6951, lr_0 = 4.2027e-04
Loss = 4.2129e-02, PNorm = 56.7187, GNorm = 0.6782, lr_0 = 4.1622e-04
Loss = 2.6728e-02, PNorm = 56.8105, GNorm = 0.2548, lr_0 = 4.1222e-04
Loss = 7.6963e-02, PNorm = 56.8153, GNorm = 0.1862, lr_0 = 4.0825e-04
Loss = 5.6452e-02, PNorm = 56.8764, GNorm = 0.2586, lr_0 = 4.0432e-04
Loss = 4.2400e-02, PNorm = 56.9941, GNorm = 0.1286, lr_0 = 4.0042e-04
Validation auc = 0.902225
Epoch 13
Loss = 2.2998e-02, PNorm = 57.0434, GNorm = 0.2563, lr_0 = 3.9657e-04
Loss = 5.0454e-02, PNorm = 57.0820, GNorm = 0.1241, lr_0 = 3.9275e-04
Loss = 1.1889e-02, PNorm = 57.1538, GNorm = 0.0641, lr_0 = 3.8897e-04
Loss = 5.3837e-02, PNorm = 57.1797, GNorm = 0.2443, lr_0 = 3.8522e-04
Loss = 4.9765e-02, PNorm = 57.2379, GNorm = 0.1736, lr_0 = 3.8152e-04
Loss = 4.8384e-02, PNorm = 57.3070, GNorm = 0.3541, lr_0 = 3.7784e-04
Loss = 5.7543e-02, PNorm = 57.3230, GNorm = 0.2348, lr_0 = 3.7420e-04
Loss = 3.6579e-02, PNorm = 57.3805, GNorm = 0.0984, lr_0 = 3.7060e-04
Validation auc = 0.923274
Epoch 14
Loss = 1.4814e-02, PNorm = 57.4335, GNorm = 0.0959, lr_0 = 3.6668e-04
Loss = 3.3019e-02, PNorm = 57.4793, GNorm = 0.1172, lr_0 = 3.6315e-04
Loss = 4.1325e-02, PNorm = 57.5340, GNorm = 0.2199, lr_0 = 3.5965e-04
Loss = 3.3021e-02, PNorm = 57.5655, GNorm = 0.0684, lr_0 = 3.5619e-04
Loss = 3.6859e-02, PNorm = 57.6345, GNorm = 0.0567, lr_0 = 3.5276e-04
Loss = 3.9487e-02, PNorm = 57.6896, GNorm = 0.3140, lr_0 = 3.4936e-04
Loss = 6.3385e-02, PNorm = 57.7101, GNorm = 0.2252, lr_0 = 3.4600e-04
Loss = 3.5359e-02, PNorm = 57.7742, GNorm = 0.0638, lr_0 = 3.4267e-04
Loss = 4.2473e-02, PNorm = 57.8129, GNorm = 0.0772, lr_0 = 3.3937e-04
Validation auc = 0.909299
Epoch 15
Loss = 4.4077e-02, PNorm = 57.8558, GNorm = 0.2364, lr_0 = 3.3610e-04
Loss = 5.8707e-02, PNorm = 57.9110, GNorm = 0.1630, lr_0 = 3.3287e-04
Loss = 2.5123e-02, PNorm = 57.9659, GNorm = 0.1141, lr_0 = 3.2966e-04
Loss = 3.0075e-02, PNorm = 58.0282, GNorm = 0.0371, lr_0 = 3.2649e-04
Loss = 4.8626e-02, PNorm = 58.0266, GNorm = 0.1842, lr_0 = 3.2334e-04
Loss = 3.1682e-02, PNorm = 58.0973, GNorm = 0.0791, lr_0 = 3.2023e-04
Loss = 4.1395e-02, PNorm = 58.1516, GNorm = 0.1617, lr_0 = 3.1715e-04
Loss = 2.3078e-02, PNorm = 58.1993, GNorm = 0.4325, lr_0 = 3.1409e-04
Loss = 4.9213e-02, PNorm = 58.2132, GNorm = 0.1625, lr_0 = 3.1107e-04
Validation auc = 0.882239
Epoch 16
Loss = 3.5321e-02, PNorm = 58.2886, GNorm = 0.2378, lr_0 = 3.0807e-04
Loss = 5.3588e-02, PNorm = 58.3362, GNorm = 0.3161, lr_0 = 3.0511e-04
Loss = 3.7910e-02, PNorm = 58.3896, GNorm = 0.1379, lr_0 = 3.0217e-04
Loss = 2.1349e-02, PNorm = 58.4556, GNorm = 0.0432, lr_0 = 2.9926e-04
Loss = 4.0251e-02, PNorm = 58.4836, GNorm = 0.1871, lr_0 = 2.9638e-04
Loss = 2.9575e-02, PNorm = 58.5226, GNorm = 0.1193, lr_0 = 2.9353e-04
Loss = 2.1426e-02, PNorm = 58.5613, GNorm = 0.0661, lr_0 = 2.9070e-04
Loss = 4.6889e-02, PNorm = 58.5797, GNorm = 0.0789, lr_0 = 2.8790e-04
Validation auc = 0.898557
Epoch 17
Loss = 3.8314e-02, PNorm = 58.6132, GNorm = 0.0643, lr_0 = 2.8485e-04
Loss = 4.0549e-02, PNorm = 58.6380, GNorm = 0.1132, lr_0 = 2.8211e-04
Loss = 2.7115e-02, PNorm = 58.6962, GNorm = 0.2947, lr_0 = 2.7939e-04
Loss = 3.8308e-02, PNorm = 58.7290, GNorm = 0.1860, lr_0 = 2.7670e-04
Loss = 3.5126e-02, PNorm = 58.7772, GNorm = 0.1719, lr_0 = 2.7404e-04
Loss = 3.7981e-02, PNorm = 58.8094, GNorm = 0.1147, lr_0 = 2.7140e-04
Loss = 3.1722e-02, PNorm = 58.8494, GNorm = 0.1539, lr_0 = 2.6879e-04
Loss = 2.8279e-02, PNorm = 58.8883, GNorm = 0.0609, lr_0 = 2.6620e-04
Loss = 2.2701e-02, PNorm = 58.9294, GNorm = 0.0297, lr_0 = 2.6364e-04
Validation auc = 0.887046
Epoch 18
Loss = 3.2670e-02, PNorm = 58.9523, GNorm = 0.0730, lr_0 = 2.6110e-04
Loss = 2.9218e-02, PNorm = 58.9817, GNorm = 0.0968, lr_0 = 2.5859e-04
Loss = 2.8590e-02, PNorm = 59.0266, GNorm = 0.0743, lr_0 = 2.5610e-04
Loss = 2.1785e-02, PNorm = 59.0665, GNorm = 0.0509, lr_0 = 2.5363e-04
Loss = 3.7577e-02, PNorm = 59.0788, GNorm = 0.1418, lr_0 = 2.5119e-04
Loss = 2.7991e-02, PNorm = 59.1270, GNorm = 0.1023, lr_0 = 2.4877e-04
Loss = 4.3000e-02, PNorm = 59.1759, GNorm = 0.1135, lr_0 = 2.4638e-04
Loss = 3.7222e-02, PNorm = 59.2026, GNorm = 0.4287, lr_0 = 2.4400e-04
Validation auc = 0.881346
Epoch 19
Loss = 1.8206e-02, PNorm = 59.2475, GNorm = 0.0709, lr_0 = 2.4165e-04
Loss = 2.4169e-02, PNorm = 59.2831, GNorm = 0.2820, lr_0 = 2.3933e-04
Loss = 3.0169e-02, PNorm = 59.2913, GNorm = 0.1762, lr_0 = 2.3702e-04
Loss = 3.4148e-02, PNorm = 59.3333, GNorm = 0.0764, lr_0 = 2.3474e-04
Loss = 2.4863e-02, PNorm = 59.3639, GNorm = 0.0672, lr_0 = 2.3248e-04
Loss = 5.4451e-02, PNorm = 59.4024, GNorm = 0.2772, lr_0 = 2.3024e-04
Loss = 2.7001e-02, PNorm = 59.4606, GNorm = 0.2329, lr_0 = 2.2803e-04
Loss = 1.9381e-02, PNorm = 59.5017, GNorm = 0.1308, lr_0 = 2.2583e-04
Loss = 1.3241e-02, PNorm = 59.5181, GNorm = 0.1128, lr_0 = 2.2366e-04
Validation auc = 0.889773
Epoch 20
Loss = 3.1165e-02, PNorm = 59.5221, GNorm = 0.1657, lr_0 = 2.2129e-04
Loss = 2.6194e-02, PNorm = 59.5569, GNorm = 0.2433, lr_0 = 2.1916e-04
Loss = 2.5810e-02, PNorm = 59.5779, GNorm = 0.2088, lr_0 = 2.1705e-04
Loss = 2.4230e-02, PNorm = 59.6196, GNorm = 0.2506, lr_0 = 2.1496e-04
Loss = 1.8597e-02, PNorm = 59.6555, GNorm = 0.2663, lr_0 = 2.1289e-04
Loss = 3.3638e-02, PNorm = 59.6700, GNorm = 0.3363, lr_0 = 2.1084e-04
Loss = 2.6483e-02, PNorm = 59.6988, GNorm = 0.2238, lr_0 = 2.0881e-04
Loss = 2.8970e-02, PNorm = 59.7340, GNorm = 0.0412, lr_0 = 2.0680e-04
Validation auc = 0.861894
Epoch 21
Loss = 2.4180e-02, PNorm = 59.7407, GNorm = 0.3848, lr_0 = 2.0481e-04
Loss = 3.1897e-02, PNorm = 59.7531, GNorm = 0.1387, lr_0 = 2.0283e-04
Loss = 2.9391e-02, PNorm = 59.8026, GNorm = 0.5872, lr_0 = 2.0088e-04
Loss = 2.6037e-02, PNorm = 59.8234, GNorm = 0.2305, lr_0 = 1.9895e-04
Loss = 3.1677e-02, PNorm = 59.8534, GNorm = 0.2260, lr_0 = 1.9703e-04
Loss = 2.1490e-02, PNorm = 59.8934, GNorm = 0.1618, lr_0 = 1.9514e-04
Loss = 1.4405e-02, PNorm = 59.9211, GNorm = 0.0348, lr_0 = 1.9326e-04
Loss = 3.0975e-02, PNorm = 59.9296, GNorm = 0.0420, lr_0 = 1.9140e-04
Loss = 2.6958e-02, PNorm = 59.9482, GNorm = 0.2953, lr_0 = 1.8955e-04
Validation auc = 0.881793
Epoch 22
Loss = 2.4773e-02, PNorm = 59.9756, GNorm = 0.1045, lr_0 = 1.8773e-04
Loss = 3.0781e-02, PNorm = 59.9950, GNorm = 0.0811, lr_0 = 1.8592e-04
Loss = 2.7756e-02, PNorm = 60.0229, GNorm = 0.1612, lr_0 = 1.8413e-04
Loss = 2.2829e-02, PNorm = 60.0590, GNorm = 0.0567, lr_0 = 1.8236e-04
Loss = 2.3831e-02, PNorm = 60.0810, GNorm = 0.2333, lr_0 = 1.8060e-04
Loss = 2.5187e-02, PNorm = 60.0976, GNorm = 0.2448, lr_0 = 1.7886e-04
Loss = 2.5762e-02, PNorm = 60.1202, GNorm = 0.3866, lr_0 = 1.7714e-04
Loss = 1.5933e-02, PNorm = 60.1329, GNorm = 0.0822, lr_0 = 1.7544e-04
Validation auc = 0.878436
Epoch 23
Loss = 1.9444e-02, PNorm = 60.1597, GNorm = 0.2278, lr_0 = 1.7358e-04
Loss = 2.7601e-02, PNorm = 60.1838, GNorm = 0.0191, lr_0 = 1.7191e-04
Loss = 2.0594e-02, PNorm = 60.1930, GNorm = 0.1590, lr_0 = 1.7025e-04
Loss = 3.0357e-02, PNorm = 60.2069, GNorm = 0.2129, lr_0 = 1.6861e-04
Loss = 2.2580e-02, PNorm = 60.2613, GNorm = 0.4410, lr_0 = 1.6699e-04
Loss = 1.0390e-02, PNorm = 60.2756, GNorm = 0.0641, lr_0 = 1.6538e-04
Loss = 1.9649e-02, PNorm = 60.2864, GNorm = 0.1964, lr_0 = 1.6379e-04
Loss = 2.4758e-02, PNorm = 60.3091, GNorm = 0.1430, lr_0 = 1.6221e-04
Loss = 3.0487e-02, PNorm = 60.3257, GNorm = 0.2903, lr_0 = 1.6065e-04
Validation auc = 0.851931
Epoch 24
Loss = 1.6572e-02, PNorm = 60.3587, GNorm = 0.3301, lr_0 = 1.5910e-04
Loss = 3.3478e-02, PNorm = 60.3761, GNorm = 0.3879, lr_0 = 1.5757e-04
Loss = 2.7764e-02, PNorm = 60.3901, GNorm = 0.3628, lr_0 = 1.5605e-04
Loss = 2.5139e-02, PNorm = 60.4433, GNorm = 0.2669, lr_0 = 1.5455e-04
Loss = 2.7756e-02, PNorm = 60.4637, GNorm = 0.5570, lr_0 = 1.5306e-04
Loss = 2.5196e-02, PNorm = 60.4628, GNorm = 0.1796, lr_0 = 1.5159e-04
Loss = 1.5221e-02, PNorm = 60.4927, GNorm = 0.0507, lr_0 = 1.5013e-04
Loss = 3.2939e-02, PNorm = 60.5029, GNorm = 0.0663, lr_0 = 1.4869e-04
Loss = 1.4759e-02, PNorm = 60.5183, GNorm = 0.0985, lr_0 = 1.4725e-04
Validation auc = 0.829479
Epoch 25
Loss = 1.2143e-02, PNorm = 60.5462, GNorm = 0.0439, lr_0 = 1.4584e-04
Loss = 3.0587e-02, PNorm = 60.5465, GNorm = 0.0465, lr_0 = 1.4443e-04
Loss = 1.6576e-02, PNorm = 60.5571, GNorm = 0.0776, lr_0 = 1.4304e-04
Loss = 2.6736e-02, PNorm = 60.5923, GNorm = 0.3848, lr_0 = 1.4166e-04
Loss = 1.9219e-02, PNorm = 60.6139, GNorm = 0.0203, lr_0 = 1.4030e-04
Loss = 1.3427e-02, PNorm = 60.6250, GNorm = 0.2315, lr_0 = 1.3895e-04
Loss = 2.1594e-02, PNorm = 60.6371, GNorm = 0.0908, lr_0 = 1.3761e-04
Loss = 1.8374e-02, PNorm = 60.6559, GNorm = 0.0367, lr_0 = 1.3629e-04
Validation auc = 0.846740
Epoch 26
Loss = 2.4303e-02, PNorm = 60.6651, GNorm = 0.1477, lr_0 = 1.3484e-04
Loss = 2.5389e-02, PNorm = 60.6972, GNorm = 0.3875, lr_0 = 1.3355e-04
Loss = 1.3897e-02, PNorm = 60.7114, GNorm = 0.1987, lr_0 = 1.3226e-04
Loss = 1.6175e-02, PNorm = 60.7232, GNorm = 0.0449, lr_0 = 1.3099e-04
Loss = 1.8521e-02, PNorm = 60.7388, GNorm = 0.0419, lr_0 = 1.2973e-04
Loss = 2.8024e-02, PNorm = 60.7530, GNorm = 0.0806, lr_0 = 1.2848e-04
Loss = 1.2673e-02, PNorm = 60.7798, GNorm = 0.2001, lr_0 = 1.2724e-04
Loss = 1.6666e-02, PNorm = 60.7948, GNorm = 0.7293, lr_0 = 1.2601e-04
Loss = 4.6839e-02, PNorm = 60.7900, GNorm = 0.3059, lr_0 = 1.2480e-04
Validation auc = 0.842812
Epoch 27
Loss = 1.4228e-02, PNorm = 60.8085, GNorm = 0.0655, lr_0 = 1.2360e-04
Loss = 2.8926e-02, PNorm = 60.8300, GNorm = 0.4804, lr_0 = 1.2241e-04
Loss = 1.9381e-02, PNorm = 60.8374, GNorm = 0.3506, lr_0 = 1.2123e-04
Loss = 1.8050e-02, PNorm = 60.8545, GNorm = 0.3367, lr_0 = 1.2006e-04
Loss = 9.3778e-03, PNorm = 60.8727, GNorm = 0.1893, lr_0 = 1.1891e-04
Loss = 3.2025e-02, PNorm = 60.8726, GNorm = 0.4746, lr_0 = 1.1776e-04
Loss = 1.5820e-02, PNorm = 60.8973, GNorm = 0.1901, lr_0 = 1.1663e-04
Loss = 3.2647e-02, PNorm = 60.9075, GNorm = 0.1886, lr_0 = 1.1551e-04
Validation auc = 0.845328
Epoch 28
Loss = 3.7672e-02, PNorm = 60.9175, GNorm = 0.1353, lr_0 = 1.1428e-04
Loss = 2.6051e-02, PNorm = 60.9361, GNorm = 0.2126, lr_0 = 1.1318e-04
Loss = 2.4108e-02, PNorm = 60.9457, GNorm = 0.1238, lr_0 = 1.1209e-04
Loss = 1.6687e-02, PNorm = 60.9641, GNorm = 0.1284, lr_0 = 1.1101e-04
Loss = 8.9656e-03, PNorm = 60.9831, GNorm = 0.0424, lr_0 = 1.0995e-04
Loss = 1.7272e-02, PNorm = 60.9870, GNorm = 0.2979, lr_0 = 1.0889e-04
Loss = 1.6056e-02, PNorm = 60.9997, GNorm = 0.1344, lr_0 = 1.0784e-04
Loss = 2.5277e-02, PNorm = 61.0141, GNorm = 0.0373, lr_0 = 1.0680e-04
Loss = 1.3697e-02, PNorm = 61.0271, GNorm = 0.5125, lr_0 = 1.0577e-04
Validation auc = 0.842255
Epoch 29
Loss = 1.7262e-02, PNorm = 61.0389, GNorm = 0.1438, lr_0 = 1.0475e-04
Loss = 6.8597e-03, PNorm = 61.0548, GNorm = 0.0247, lr_0 = 1.0374e-04
Loss = 1.6922e-02, PNorm = 61.0641, GNorm = 0.2132, lr_0 = 1.0275e-04
Loss = 3.2978e-02, PNorm = 61.0619, GNorm = 0.2054, lr_0 = 1.0176e-04
Loss = 1.7639e-02, PNorm = 61.0821, GNorm = 0.3088, lr_0 = 1.0078e-04
Loss = 1.5342e-02, PNorm = 61.0962, GNorm = 0.2490, lr_0 = 1.0000e-04
Loss = 2.4722e-02, PNorm = 61.1120, GNorm = 0.3883, lr_0 = 1.0000e-04
Loss = 1.0508e-02, PNorm = 61.1249, GNorm = 0.0412, lr_0 = 1.0000e-04
Validation auc = 0.827547
Model 0 best validation auc = 0.923274 on epoch 13
Loading pretrained parameter "encoder.encoder.0.cached_zero_vector".
Loading pretrained parameter "encoder.encoder.0.W_i.weight".
Loading pretrained parameter "encoder.encoder.0.W_h.weight".
Loading pretrained parameter "encoder.encoder.0.W_o.weight".
Loading pretrained parameter "encoder.encoder.0.W_o.bias".
Loading pretrained parameter "ffn.1.weight".
Loading pretrained parameter "ffn.1.bias".
Moving model to cuda
Model 0 test auc = 0.764607
Ensemble test auc = 0.764607
3-fold cross validation
	Seed 0 ==> test auc = 0.774976
	Seed 1 ==> test auc = 0.829708
	Seed 2 ==> test auc = 0.764607
Overall test auc = 0.789764 +/- 0.028560
Elapsed time = 0:18:23
