Command line
python /home/jackievaleri8/.conda/envs/chemprop/bin/chemprop_train --init_lr 0.001 --dropout 0.1 --hidden_size 1000 --ffn_num_layers 1 --depth 5 --save_dir round3finalval08162021_models/14 --data_path round3finalval08162021_TRAIN.csv --dataset_type classification --features_path round3finalval08162021_TRAINFTS.npz --no_features_scaling --num_folds 3 --ensemble_size 1 --split_type scaffold_balanced --split_sizes 0.8 0.1 0.1 --smiles_columns SMILES --ignore_columns Name --gpu 0
Args
{'activation': 'ReLU',
 'aggregation': 'mean',
 'aggregation_norm': 100,
 'atom_descriptor_scaling': True,
 'atom_descriptors': None,
 'atom_descriptors_path': None,
 'atom_descriptors_size': 0,
 'atom_features_size': 0,
 'atom_messages': False,
 'batch_size': 50,
 'bias': False,
 'bond_feature_scaling': True,
 'bond_features_path': None,
 'bond_features_size': 0,
 'cache_cutoff': 10000,
 'checkpoint_dir': None,
 'checkpoint_path': None,
 'checkpoint_paths': None,
 'class_balance': False,
 'config_path': None,
 'crossval_index_dir': None,
 'crossval_index_file': None,
 'crossval_index_sets': None,
 'cuda': True,
 'data_path': 'round3finalval08162021_TRAIN.csv',
 'dataset_type': 'classification',
 'depth': 5,
 'device': device(type='cuda', index=0),
 'dropout': 0.1,
 'empty_cache': False,
 'ensemble_size': 1,
 'epochs': 30,
 'explicit_h': False,
 'extra_metrics': [],
 'features_generator': None,
 'features_only': False,
 'features_path': ['round3finalval08162021_TRAINFTS.npz'],
 'features_scaling': False,
 'features_size': None,
 'ffn_hidden_size': 1000,
 'ffn_num_layers': 1,
 'final_lr': 0.0001,
 'folds_file': None,
 'gpu': 0,
 'grad_clip': None,
 'hidden_size': 1000,
 'ignore_columns': ['Name'],
 'init_lr': 0.001,
 'log_frequency': 10,
 'max_data_size': None,
 'max_lr': 0.001,
 'metric': 'auc',
 'metrics': ['auc'],
 'minimize_score': False,
 'mpn_shared': False,
 'multiclass_num_classes': 3,
 'no_atom_descriptor_scaling': False,
 'no_bond_features_scaling': False,
 'no_cache_mol': False,
 'no_cuda': False,
 'no_features_scaling': True,
 'num_folds': 3,
 'num_lrs': 1,
 'num_tasks': 2,
 'num_workers': 8,
 'number_of_molecules': 1,
 'overwrite_default_atom_features': False,
 'overwrite_default_bond_features': False,
 'pytorch_seed': 0,
 'quiet': False,
 'reaction': False,
 'reaction_mode': 'reac_diff',
 'resume_experiment': False,
 'save_dir': 'round3finalval08162021_models/14',
 'save_preds': False,
 'save_smiles_splits': False,
 'seed': 0,
 'separate_test_atom_descriptors_path': None,
 'separate_test_bond_features_path': None,
 'separate_test_features_path': None,
 'separate_test_path': None,
 'separate_val_atom_descriptors_path': None,
 'separate_val_bond_features_path': None,
 'separate_val_features_path': None,
 'separate_val_path': None,
 'show_individual_scores': False,
 'smiles_columns': ['SMILES'],
 'split_sizes': (0.8, 0.1, 0.1),
 'split_type': 'scaffold_balanced',
 'target_columns': None,
 'task_names': ['hit_inh', 'hit_kill'],
 'test': False,
 'test_fold_index': None,
 'train_data_size': None,
 'undirected': False,
 'use_input_features': True,
 'val_fold_index': None,
 'warmup_epochs': 2.0}
Loading data
Warning: 23 SMILES are invalid.
Number of tasks = 2
Fold 0
Splitting data with seed 0
Total scaffolds = 3,467 | train scaffolds = 2,650 | val scaffolds = 433 | test scaffolds = 384
Label averages per scaffold, in decreasing order of scaffold frequency,capped at 10 scaffolds and 20 labels:
Scaffold 0
Task 0: count = 381 | target average = 0.018373
Task 1: count = 381 | target average = 0.013123


Scaffold 1
Task 0: count = 305 | target average = 0.009836
Task 1: count = 305 | target average = 0.016393


Scaffold 2
Task 0: count = 36 | target average = 0.000000
Task 1: count = 36 | target average = 0.000000


Scaffold 3
Task 0: count = 29 | target average = 0.000000
Task 1: count = 29 | target average = 0.000000


Scaffold 4
Task 0: count = 26 | target average = 0.000000
Task 1: count = 26 | target average = 0.000000


Scaffold 5
Task 0: count = 23 | target average = 0.000000
Task 1: count = 23 | target average = 0.000000


Scaffold 6
Task 0: count = 22 | target average = 0.090909
Task 1: count = 22 | target average = 0.090909


Scaffold 7
Task 0: count = 20 | target average = 0.000000
Task 1: count = 20 | target average = 0.000000


Scaffold 8
Task 0: count = 20 | target average = 0.000000
Task 1: count = 20 | target average = 0.000000


Scaffold 9
Task 0: count = 20 | target average = 0.050000
Task 1: count = 20 | target average = 0.000000


Class sizes
hit_inh 0: 97.83%, 1: 2.17%
hit_kill 0: 98.64%, 1: 1.36%
Total size = 5,353 | train size = 4,282 | val size = 535 | test size = 536
Building model 0
MoleculeModel(
  (sigmoid): Sigmoid()
  (encoder): MPN(
    (encoder): ModuleList(
      (0): MPNEncoder(
        (dropout_layer): Dropout(p=0.1, inplace=False)
        (act_func): ReLU()
        (W_i): Linear(in_features=147, out_features=1000, bias=False)
        (W_h): Linear(in_features=1000, out_features=1000, bias=False)
        (W_o): Linear(in_features=1133, out_features=1000, bias=True)
      )
    )
  )
  (ffn): Sequential(
    (0): Dropout(p=0.1, inplace=False)
    (1): Linear(in_features=1200, out_features=2, bias=True)
  )
)
Number of parameters = 2,283,402
Moving model to cuda
Epoch 0
Loss = 2.7105e-01, PNorm = 48.4825, GNorm = 1.2176, lr_0 = 1.0000e-03
Loss = 8.8892e-02, PNorm = 48.6820, GNorm = 0.1712, lr_0 = 1.0000e-03
Loss = 9.4634e-02, PNorm = 48.7874, GNorm = 0.8077, lr_0 = 1.0000e-03
Loss = 1.0272e-01, PNorm = 48.8339, GNorm = 0.2222, lr_0 = 1.0000e-03
Loss = 9.2823e-02, PNorm = 48.8833, GNorm = 0.4127, lr_0 = 1.0000e-03
Loss = 6.0398e-02, PNorm = 48.9181, GNorm = 0.1432, lr_0 = 1.0000e-03
Loss = 6.4506e-02, PNorm = 48.9408, GNorm = 0.1487, lr_0 = 1.0000e-03
Loss = 6.4791e-02, PNorm = 48.9629, GNorm = 0.1129, lr_0 = 1.0000e-03
Validation auc = 0.625405
Epoch 1
Loss = 4.1476e-02, PNorm = 49.0091, GNorm = 0.1145, lr_0 = 1.0000e-03
Loss = 9.3919e-02, PNorm = 49.0257, GNorm = 0.1503, lr_0 = 1.0000e-03
Loss = 8.0677e-02, PNorm = 49.0818, GNorm = 0.1378, lr_0 = 1.0000e-03
Loss = 9.4862e-02, PNorm = 49.1268, GNorm = 0.1622, lr_0 = 1.0000e-03
Loss = 8.5952e-02, PNorm = 49.1941, GNorm = 0.1197, lr_0 = 1.0000e-03
Loss = 5.7759e-02, PNorm = 49.2576, GNorm = 0.1620, lr_0 = 1.0000e-03
Loss = 9.4386e-02, PNorm = 49.3052, GNorm = 0.1149, lr_0 = 1.0000e-03
Loss = 9.5774e-02, PNorm = 49.3416, GNorm = 0.1153, lr_0 = 1.0000e-03
Loss = 9.8499e-02, PNorm = 49.4068, GNorm = 0.1240, lr_0 = 9.9807e-04
Validation auc = 0.832815
Epoch 2
Loss = 6.6053e-02, PNorm = 49.4919, GNorm = 0.0594, lr_0 = 9.8846e-04
Loss = 6.6104e-02, PNorm = 49.5410, GNorm = 0.1711, lr_0 = 9.7894e-04
Loss = 6.8332e-02, PNorm = 49.6227, GNorm = 0.1205, lr_0 = 9.6952e-04
Loss = 7.8147e-02, PNorm = 49.6876, GNorm = 0.4580, lr_0 = 9.6018e-04
Loss = 6.8847e-02, PNorm = 49.7864, GNorm = 0.1265, lr_0 = 9.5094e-04
Loss = 8.8446e-02, PNorm = 49.8368, GNorm = 0.1527, lr_0 = 9.4178e-04
Loss = 1.2833e-01, PNorm = 49.9200, GNorm = 0.3303, lr_0 = 9.3271e-04
Loss = 6.3238e-02, PNorm = 50.0092, GNorm = 0.2438, lr_0 = 9.2373e-04
Validation auc = 0.848985
Epoch 3
Loss = 7.1353e-02, PNorm = 50.0682, GNorm = 0.1418, lr_0 = 9.1395e-04
Loss = 9.8734e-02, PNorm = 50.1456, GNorm = 0.2106, lr_0 = 9.0515e-04
Loss = 7.6350e-02, PNorm = 50.2579, GNorm = 0.3608, lr_0 = 8.9644e-04
Loss = 7.5185e-02, PNorm = 50.3418, GNorm = 0.0838, lr_0 = 8.8781e-04
Loss = 6.8878e-02, PNorm = 50.4245, GNorm = 0.2592, lr_0 = 8.7926e-04
Loss = 8.1110e-02, PNorm = 50.4924, GNorm = 0.1282, lr_0 = 8.7080e-04
Loss = 5.5368e-02, PNorm = 50.5823, GNorm = 0.0834, lr_0 = 8.6241e-04
Loss = 6.3151e-02, PNorm = 50.6569, GNorm = 0.1209, lr_0 = 8.5411e-04
Loss = 8.1008e-02, PNorm = 50.7321, GNorm = 0.1190, lr_0 = 8.4588e-04
Validation auc = 0.862262
Epoch 4
Loss = 6.3438e-02, PNorm = 50.8310, GNorm = 0.1188, lr_0 = 8.3774e-04
Loss = 5.4705e-02, PNorm = 50.9350, GNorm = 0.1687, lr_0 = 8.2967e-04
Loss = 8.0455e-02, PNorm = 51.0105, GNorm = 0.1584, lr_0 = 8.2169e-04
Loss = 8.1182e-02, PNorm = 51.1040, GNorm = 0.3195, lr_0 = 8.1377e-04
Loss = 9.3626e-02, PNorm = 51.1731, GNorm = 0.1283, lr_0 = 8.0594e-04
Loss = 5.0800e-02, PNorm = 51.2893, GNorm = 0.0730, lr_0 = 7.9818e-04
Loss = 6.4326e-02, PNorm = 51.3842, GNorm = 0.0795, lr_0 = 7.9050e-04
Loss = 5.9350e-02, PNorm = 51.4758, GNorm = 0.0660, lr_0 = 7.8288e-04
Validation auc = 0.896978
Epoch 5
Loss = 6.6340e-02, PNorm = 51.5476, GNorm = 0.1981, lr_0 = 7.7535e-04
Loss = 5.1962e-02, PNorm = 51.6257, GNorm = 0.1767, lr_0 = 7.6788e-04
Loss = 1.0495e-01, PNorm = 51.7042, GNorm = 0.3586, lr_0 = 7.6049e-04
Loss = 8.1502e-02, PNorm = 51.8366, GNorm = 0.1741, lr_0 = 7.5317e-04
Loss = 4.6931e-02, PNorm = 51.9816, GNorm = 0.1316, lr_0 = 7.4591e-04
Loss = 6.3872e-02, PNorm = 52.0602, GNorm = 0.3356, lr_0 = 7.3873e-04
Loss = 8.1141e-02, PNorm = 52.1117, GNorm = 0.1714, lr_0 = 7.3162e-04
Loss = 3.8103e-02, PNorm = 52.1821, GNorm = 0.0670, lr_0 = 7.2458e-04
Loss = 7.2758e-02, PNorm = 52.2358, GNorm = 0.2985, lr_0 = 7.1760e-04
Validation auc = 0.905794
Epoch 6
Loss = 3.9827e-02, PNorm = 52.3331, GNorm = 0.1853, lr_0 = 7.1000e-04
Loss = 6.8435e-02, PNorm = 52.3636, GNorm = 0.1198, lr_0 = 7.0317e-04
Loss = 5.5441e-02, PNorm = 52.4602, GNorm = 0.0790, lr_0 = 6.9640e-04
Loss = 5.8007e-02, PNorm = 52.5293, GNorm = 0.1529, lr_0 = 6.8969e-04
Loss = 5.9179e-02, PNorm = 52.5738, GNorm = 0.1547, lr_0 = 6.8305e-04
Loss = 6.9734e-02, PNorm = 52.6133, GNorm = 0.1349, lr_0 = 6.7648e-04
Loss = 6.0083e-02, PNorm = 52.6708, GNorm = 0.1798, lr_0 = 6.6996e-04
Loss = 6.3648e-02, PNorm = 52.7453, GNorm = 0.2674, lr_0 = 6.6351e-04
Validation auc = 0.942109
Epoch 7
Loss = 7.1552e-02, PNorm = 52.8334, GNorm = 0.5358, lr_0 = 6.5712e-04
Loss = 6.0099e-02, PNorm = 52.9259, GNorm = 0.3184, lr_0 = 6.5080e-04
Loss = 5.3003e-02, PNorm = 53.0376, GNorm = 0.0915, lr_0 = 6.4453e-04
Loss = 4.5477e-02, PNorm = 53.1187, GNorm = 0.1317, lr_0 = 6.3833e-04
Loss = 4.6080e-02, PNorm = 53.1653, GNorm = 0.1459, lr_0 = 6.3218e-04
Loss = 6.7793e-02, PNorm = 53.2048, GNorm = 0.1742, lr_0 = 6.2609e-04
Loss = 3.8634e-02, PNorm = 53.2955, GNorm = 0.1821, lr_0 = 6.2006e-04
Loss = 3.9937e-02, PNorm = 53.3626, GNorm = 0.1638, lr_0 = 6.1409e-04
Loss = 5.7861e-02, PNorm = 53.4199, GNorm = 0.2704, lr_0 = 6.0818e-04
Validation auc = 0.963920
Epoch 8
Loss = 3.6106e-02, PNorm = 53.4617, GNorm = 0.0816, lr_0 = 6.0233e-04
Loss = 4.8298e-02, PNorm = 53.5537, GNorm = 0.1939, lr_0 = 5.9653e-04
Loss = 5.4036e-02, PNorm = 53.6367, GNorm = 0.0702, lr_0 = 5.9078e-04
Loss = 4.4706e-02, PNorm = 53.7153, GNorm = 0.1897, lr_0 = 5.8510e-04
Loss = 5.7750e-02, PNorm = 53.7587, GNorm = 0.2367, lr_0 = 5.7946e-04
Loss = 4.9498e-02, PNorm = 53.8374, GNorm = 0.0931, lr_0 = 5.7388e-04
Loss = 3.2001e-02, PNorm = 53.9157, GNorm = 0.1230, lr_0 = 5.6836e-04
Loss = 8.2749e-02, PNorm = 53.9457, GNorm = 0.2886, lr_0 = 5.6289e-04
Loss = 6.6842e-02, PNorm = 54.0198, GNorm = 0.2263, lr_0 = 5.5747e-04
Loss = 1.6596e-02, PNorm = 54.0273, GNorm = 0.1439, lr_0 = 5.5693e-04
Validation auc = 0.925126
Epoch 9
Loss = 5.6449e-02, PNorm = 54.1002, GNorm = 0.1981, lr_0 = 5.5156e-04
Loss = 3.9654e-02, PNorm = 54.1908, GNorm = 0.0939, lr_0 = 5.4625e-04
Loss = 3.3775e-02, PNorm = 54.2437, GNorm = 0.0535, lr_0 = 5.4100e-04
Loss = 4.7963e-02, PNorm = 54.2716, GNorm = 0.3951, lr_0 = 5.3579e-04
Loss = 4.3353e-02, PNorm = 54.3170, GNorm = 0.0941, lr_0 = 5.3063e-04
Loss = 5.9340e-02, PNorm = 54.3464, GNorm = 0.1770, lr_0 = 5.2552e-04
Loss = 5.0368e-02, PNorm = 54.4237, GNorm = 0.2165, lr_0 = 5.2046e-04
Loss = 5.5203e-02, PNorm = 54.4776, GNorm = 0.3209, lr_0 = 5.1545e-04
Validation auc = 0.906969
Epoch 10
Loss = 3.8442e-02, PNorm = 54.5341, GNorm = 0.4387, lr_0 = 5.1049e-04
Loss = 4.2150e-02, PNorm = 54.5893, GNorm = 0.2234, lr_0 = 5.0557e-04
Loss = 5.2186e-02, PNorm = 54.6270, GNorm = 0.2179, lr_0 = 5.0070e-04
Loss = 4.7529e-02, PNorm = 54.6766, GNorm = 0.2723, lr_0 = 4.9588e-04
Loss = 3.6189e-02, PNorm = 54.7439, GNorm = 0.1357, lr_0 = 4.9111e-04
Loss = 3.3085e-02, PNorm = 54.7994, GNorm = 0.1550, lr_0 = 4.8638e-04
Loss = 6.6632e-02, PNorm = 54.8410, GNorm = 0.3772, lr_0 = 4.8170e-04
Loss = 2.7392e-02, PNorm = 54.9151, GNorm = 0.1001, lr_0 = 4.7706e-04
Loss = 4.4899e-02, PNorm = 54.9573, GNorm = 0.0841, lr_0 = 4.7247e-04
Validation auc = 0.946006
Epoch 11
Loss = 2.9681e-02, PNorm = 55.0335, GNorm = 0.1882, lr_0 = 4.6792e-04
Loss = 4.8117e-02, PNorm = 55.0653, GNorm = 0.3126, lr_0 = 4.6341e-04
Loss = 4.3166e-02, PNorm = 55.1147, GNorm = 0.2109, lr_0 = 4.5895e-04
Loss = 4.1164e-02, PNorm = 55.1573, GNorm = 0.0775, lr_0 = 4.5453e-04
Loss = 4.1383e-02, PNorm = 55.2046, GNorm = 0.1969, lr_0 = 4.5015e-04
Loss = 4.2051e-02, PNorm = 55.2516, GNorm = 0.2787, lr_0 = 4.4582e-04
Loss = 5.2208e-02, PNorm = 55.2937, GNorm = 0.2276, lr_0 = 4.4153e-04
Loss = 2.7697e-02, PNorm = 55.3615, GNorm = 0.2285, lr_0 = 4.3728e-04
Validation auc = 0.937876
Epoch 12
Loss = 2.0812e-02, PNorm = 55.4010, GNorm = 0.0572, lr_0 = 4.3265e-04
Loss = 3.9768e-02, PNorm = 55.4373, GNorm = 0.5205, lr_0 = 4.2848e-04
Loss = 3.5458e-02, PNorm = 55.4724, GNorm = 0.2409, lr_0 = 4.2436e-04
Loss = 4.0308e-02, PNorm = 55.5297, GNorm = 0.0486, lr_0 = 4.2027e-04
Loss = 1.9487e-02, PNorm = 55.5797, GNorm = 0.0774, lr_0 = 4.1622e-04
Loss = 3.6705e-02, PNorm = 55.6025, GNorm = 0.1332, lr_0 = 4.1222e-04
Loss = 4.0709e-02, PNorm = 55.6422, GNorm = 0.1539, lr_0 = 4.0825e-04
Loss = 4.6049e-02, PNorm = 55.6922, GNorm = 0.0868, lr_0 = 4.0432e-04
Loss = 4.4430e-02, PNorm = 55.7097, GNorm = 0.1537, lr_0 = 4.0042e-04
Validation auc = 0.948426
Epoch 13
Loss = 3.9350e-02, PNorm = 55.7469, GNorm = 0.1350, lr_0 = 3.9657e-04
Loss = 4.2712e-02, PNorm = 55.7871, GNorm = 0.0679, lr_0 = 3.9275e-04
Loss = 3.8816e-02, PNorm = 55.8254, GNorm = 0.0823, lr_0 = 3.8897e-04
Loss = 1.2584e-02, PNorm = 55.8984, GNorm = 0.0241, lr_0 = 3.8522e-04
Loss = 5.9480e-02, PNorm = 55.9117, GNorm = 0.2646, lr_0 = 3.8152e-04
Loss = 2.8367e-02, PNorm = 55.9549, GNorm = 0.2116, lr_0 = 3.7784e-04
Loss = 3.9563e-02, PNorm = 55.9765, GNorm = 0.2119, lr_0 = 3.7420e-04
Loss = 4.1988e-02, PNorm = 56.0074, GNorm = 0.1786, lr_0 = 3.7060e-04
Validation auc = 0.931795
Epoch 14
Loss = 2.7761e-02, PNorm = 56.0449, GNorm = 0.1556, lr_0 = 3.6668e-04
Loss = 4.0112e-02, PNorm = 56.0790, GNorm = 0.2309, lr_0 = 3.6315e-04
Loss = 2.9511e-02, PNorm = 56.1255, GNorm = 0.2764, lr_0 = 3.5965e-04
Loss = 3.3621e-02, PNorm = 56.1662, GNorm = 0.3859, lr_0 = 3.5619e-04
Loss = 1.4646e-02, PNorm = 56.1932, GNorm = 0.1332, lr_0 = 3.5276e-04
Loss = 2.8065e-02, PNorm = 56.2295, GNorm = 0.2029, lr_0 = 3.4936e-04
Loss = 5.5286e-02, PNorm = 56.2336, GNorm = 0.3586, lr_0 = 3.4600e-04
Loss = 2.9257e-02, PNorm = 56.2894, GNorm = 0.1522, lr_0 = 3.4267e-04
Loss = 4.0079e-02, PNorm = 56.3167, GNorm = 0.1442, lr_0 = 3.3937e-04
Validation auc = 0.942806
Epoch 15
Loss = 3.7083e-02, PNorm = 56.3620, GNorm = 0.2601, lr_0 = 3.3610e-04
Loss = 2.9455e-02, PNorm = 56.4278, GNorm = 0.1792, lr_0 = 3.3287e-04
Loss = 2.5427e-02, PNorm = 56.4458, GNorm = 0.1642, lr_0 = 3.2966e-04
Loss = 3.7602e-02, PNorm = 56.4610, GNorm = 0.2699, lr_0 = 3.2649e-04
Loss = 3.5562e-02, PNorm = 56.5096, GNorm = 0.1358, lr_0 = 3.2334e-04
Loss = 1.9401e-02, PNorm = 56.5494, GNorm = 0.1665, lr_0 = 3.2023e-04
Loss = 2.7904e-02, PNorm = 56.5707, GNorm = 0.1004, lr_0 = 3.1715e-04
Loss = 3.7948e-02, PNorm = 56.5894, GNorm = 0.1715, lr_0 = 3.1409e-04
Loss = 3.9622e-02, PNorm = 56.6292, GNorm = 0.1041, lr_0 = 3.1107e-04
Validation auc = 0.945067
Epoch 16
Loss = 2.6604e-02, PNorm = 56.6659, GNorm = 0.2564, lr_0 = 3.0807e-04
Loss = 4.0857e-02, PNorm = 56.6818, GNorm = 0.1402, lr_0 = 3.0511e-04
Loss = 1.8318e-02, PNorm = 56.7256, GNorm = 0.1066, lr_0 = 3.0217e-04
Loss = 3.6892e-02, PNorm = 56.7380, GNorm = 0.3722, lr_0 = 2.9926e-04
Loss = 2.2313e-02, PNorm = 56.7676, GNorm = 0.1029, lr_0 = 2.9638e-04
Loss = 3.3950e-02, PNorm = 56.7992, GNorm = 0.1729, lr_0 = 2.9353e-04
Loss = 2.6150e-02, PNorm = 56.8287, GNorm = 0.1430, lr_0 = 2.9070e-04
Loss = 2.0784e-02, PNorm = 56.8683, GNorm = 0.1280, lr_0 = 2.8790e-04
Validation auc = 0.922142
Epoch 17
Loss = 1.7184e-02, PNorm = 56.8941, GNorm = 0.1451, lr_0 = 2.8485e-04
Loss = 3.0435e-02, PNorm = 56.9289, GNorm = 0.3308, lr_0 = 2.8211e-04
Loss = 2.1556e-02, PNorm = 56.9540, GNorm = 0.2053, lr_0 = 2.7939e-04
Loss = 2.8058e-02, PNorm = 57.0038, GNorm = 0.0941, lr_0 = 2.7670e-04
Loss = 2.0205e-02, PNorm = 57.0257, GNorm = 0.2696, lr_0 = 2.7404e-04
Loss = 2.9049e-02, PNorm = 57.0361, GNorm = 0.1954, lr_0 = 2.7140e-04
Loss = 4.1563e-02, PNorm = 57.0617, GNorm = 0.2110, lr_0 = 2.6879e-04
Loss = 1.5860e-02, PNorm = 57.0986, GNorm = 0.2059, lr_0 = 2.6620e-04
Loss = 2.5632e-02, PNorm = 57.1116, GNorm = 0.2102, lr_0 = 2.6364e-04
Validation auc = 0.946934
Epoch 18
Loss = 2.9150e-02, PNorm = 57.1198, GNorm = 0.4019, lr_0 = 2.6110e-04
Loss = 2.7820e-02, PNorm = 57.1631, GNorm = 0.0947, lr_0 = 2.5859e-04
Loss = 2.3170e-02, PNorm = 57.1842, GNorm = 0.1817, lr_0 = 2.5610e-04
Loss = 1.0169e-02, PNorm = 57.2099, GNorm = 0.0990, lr_0 = 2.5363e-04
Loss = 1.6145e-02, PNorm = 57.2327, GNorm = 0.1502, lr_0 = 2.5119e-04
Loss = 3.0017e-02, PNorm = 57.2384, GNorm = 0.1277, lr_0 = 2.4877e-04
Loss = 2.9729e-02, PNorm = 57.2609, GNorm = 0.3848, lr_0 = 2.4638e-04
Loss = 3.3559e-02, PNorm = 57.2883, GNorm = 0.0565, lr_0 = 2.4400e-04
Validation auc = 0.931456
Epoch 19
Loss = 1.9839e-02, PNorm = 57.3102, GNorm = 0.0946, lr_0 = 2.4165e-04
Loss = 2.2854e-02, PNorm = 57.3417, GNorm = 0.0390, lr_0 = 2.3933e-04
Loss = 1.6231e-02, PNorm = 57.3727, GNorm = 0.0487, lr_0 = 2.3702e-04
Loss = 3.5749e-02, PNorm = 57.3821, GNorm = 0.2927, lr_0 = 2.3474e-04
Loss = 2.0460e-02, PNorm = 57.4059, GNorm = 0.2973, lr_0 = 2.3248e-04
Loss = 2.3011e-02, PNorm = 57.4349, GNorm = 0.1738, lr_0 = 2.3024e-04
Loss = 3.4325e-02, PNorm = 57.4519, GNorm = 0.4228, lr_0 = 2.2803e-04
Loss = 1.5587e-02, PNorm = 57.4773, GNorm = 0.0619, lr_0 = 2.2583e-04
Loss = 1.7635e-02, PNorm = 57.5040, GNorm = 0.0759, lr_0 = 2.2366e-04
Validation auc = 0.941732
Epoch 20
Loss = 1.4021e-02, PNorm = 57.5278, GNorm = 0.1966, lr_0 = 2.2129e-04
Loss = 2.3585e-02, PNorm = 57.5367, GNorm = 0.0695, lr_0 = 2.1916e-04
Loss = 1.6642e-02, PNorm = 57.5618, GNorm = 0.1315, lr_0 = 2.1705e-04
Loss = 2.1539e-02, PNorm = 57.5911, GNorm = 0.1372, lr_0 = 2.1496e-04
Loss = 1.1784e-02, PNorm = 57.6049, GNorm = 0.0270, lr_0 = 2.1289e-04
Loss = 1.8650e-02, PNorm = 57.6239, GNorm = 0.0571, lr_0 = 2.1084e-04
Loss = 3.2041e-02, PNorm = 57.6374, GNorm = 0.1624, lr_0 = 2.0881e-04
Loss = 3.2721e-02, PNorm = 57.6556, GNorm = 0.5560, lr_0 = 2.0680e-04
Validation auc = 0.926808
Epoch 21
Loss = 1.5948e-02, PNorm = 57.6856, GNorm = 0.1524, lr_0 = 2.0481e-04
Loss = 1.6443e-02, PNorm = 57.7086, GNorm = 0.0302, lr_0 = 2.0283e-04
Loss = 1.5568e-02, PNorm = 57.7325, GNorm = 0.1332, lr_0 = 2.0088e-04
Loss = 1.1262e-02, PNorm = 57.7538, GNorm = 0.1866, lr_0 = 1.9895e-04
Loss = 2.4650e-02, PNorm = 57.7708, GNorm = 0.2711, lr_0 = 1.9703e-04
Loss = 1.4459e-02, PNorm = 57.7901, GNorm = 0.1663, lr_0 = 1.9514e-04
Loss = 2.9400e-02, PNorm = 57.8053, GNorm = 0.4813, lr_0 = 1.9326e-04
Loss = 2.2703e-02, PNorm = 57.8218, GNorm = 0.3567, lr_0 = 1.9140e-04
Loss = 1.7996e-02, PNorm = 57.8479, GNorm = 0.0452, lr_0 = 1.8955e-04
Validation auc = 0.948869
Epoch 22
Loss = 1.7706e-02, PNorm = 57.8524, GNorm = 0.1082, lr_0 = 1.8773e-04
Loss = 1.1116e-02, PNorm = 57.8730, GNorm = 0.0848, lr_0 = 1.8592e-04
Loss = 2.3697e-02, PNorm = 57.8882, GNorm = 0.0541, lr_0 = 1.8413e-04
Loss = 2.2294e-02, PNorm = 57.9055, GNorm = 0.0533, lr_0 = 1.8236e-04
Loss = 2.1013e-02, PNorm = 57.9231, GNorm = 0.3328, lr_0 = 1.8060e-04
Loss = 2.6168e-02, PNorm = 57.9527, GNorm = 0.3055, lr_0 = 1.7886e-04
Loss = 1.0894e-02, PNorm = 57.9667, GNorm = 0.0242, lr_0 = 1.7714e-04
Loss = 1.5060e-02, PNorm = 57.9752, GNorm = 0.0402, lr_0 = 1.7544e-04
Validation auc = 0.930193
Epoch 23
Loss = 1.2614e-02, PNorm = 57.9851, GNorm = 0.1160, lr_0 = 1.7358e-04
Loss = 1.6360e-02, PNorm = 58.0149, GNorm = 0.1493, lr_0 = 1.7191e-04
Loss = 1.8367e-02, PNorm = 58.0271, GNorm = 0.0568, lr_0 = 1.7025e-04
Loss = 1.0162e-02, PNorm = 58.0402, GNorm = 0.1246, lr_0 = 1.6861e-04
Loss = 1.8155e-02, PNorm = 58.0665, GNorm = 0.1501, lr_0 = 1.6699e-04
Loss = 1.4170e-02, PNorm = 58.0780, GNorm = 0.0234, lr_0 = 1.6538e-04
Loss = 2.5448e-02, PNorm = 58.0933, GNorm = 0.0389, lr_0 = 1.6379e-04
Loss = 2.1253e-02, PNorm = 58.0961, GNorm = 0.5307, lr_0 = 1.6221e-04
Loss = 1.5180e-02, PNorm = 58.1190, GNorm = 0.0706, lr_0 = 1.6065e-04
Validation auc = 0.931725
Epoch 24
Loss = 1.6018e-02, PNorm = 58.1309, GNorm = 0.1822, lr_0 = 1.5910e-04
Loss = 1.6636e-02, PNorm = 58.1479, GNorm = 0.0558, lr_0 = 1.5757e-04
Loss = 9.6981e-03, PNorm = 58.1660, GNorm = 0.2126, lr_0 = 1.5605e-04
Loss = 1.1143e-02, PNorm = 58.1787, GNorm = 0.1641, lr_0 = 1.5455e-04
Loss = 2.6414e-02, PNorm = 58.1850, GNorm = 0.2148, lr_0 = 1.5306e-04
Loss = 1.6798e-02, PNorm = 58.1964, GNorm = 0.3780, lr_0 = 1.5159e-04
Loss = 1.5975e-02, PNorm = 58.2229, GNorm = 0.0775, lr_0 = 1.5013e-04
Loss = 1.0532e-02, PNorm = 58.2368, GNorm = 0.0270, lr_0 = 1.4869e-04
Loss = 1.9719e-02, PNorm = 58.2358, GNorm = 0.0940, lr_0 = 1.4725e-04
Validation auc = 0.943352
Epoch 25
Loss = 1.1894e-02, PNorm = 58.2475, GNorm = 0.2300, lr_0 = 1.4584e-04
Loss = 1.3476e-02, PNorm = 58.2655, GNorm = 0.0850, lr_0 = 1.4443e-04
Loss = 9.7345e-03, PNorm = 58.2856, GNorm = 0.0557, lr_0 = 1.4304e-04
Loss = 1.5295e-02, PNorm = 58.2956, GNorm = 0.0936, lr_0 = 1.4166e-04
Loss = 1.3781e-02, PNorm = 58.3065, GNorm = 0.2845, lr_0 = 1.4030e-04
Loss = 1.1237e-02, PNorm = 58.3123, GNorm = 0.0641, lr_0 = 1.3895e-04
Loss = 1.4258e-02, PNorm = 58.3265, GNorm = 0.0267, lr_0 = 1.3761e-04
Loss = 2.2420e-02, PNorm = 58.3374, GNorm = 0.2539, lr_0 = 1.3629e-04
Validation auc = 0.932122
Epoch 26
Loss = 1.7381e-02, PNorm = 58.3501, GNorm = 0.1963, lr_0 = 1.3484e-04
Loss = 8.5496e-03, PNorm = 58.3688, GNorm = 0.1093, lr_0 = 1.3355e-04
Loss = 1.8700e-02, PNorm = 58.3739, GNorm = 0.1499, lr_0 = 1.3226e-04
Loss = 1.7897e-02, PNorm = 58.3950, GNorm = 0.0851, lr_0 = 1.3099e-04
Loss = 1.8431e-02, PNorm = 58.4114, GNorm = 0.0671, lr_0 = 1.2973e-04
Loss = 1.6602e-02, PNorm = 58.4184, GNorm = 0.8483, lr_0 = 1.2848e-04
Loss = 1.3523e-02, PNorm = 58.4296, GNorm = 0.1711, lr_0 = 1.2724e-04
Loss = 8.3405e-03, PNorm = 58.4501, GNorm = 0.0210, lr_0 = 1.2601e-04
Loss = 8.5949e-03, PNorm = 58.4637, GNorm = 0.0703, lr_0 = 1.2480e-04
Validation auc = 0.937984
Epoch 27
Loss = 4.9187e-03, PNorm = 58.4628, GNorm = 0.0809, lr_0 = 1.2360e-04
Loss = 1.4230e-02, PNorm = 58.4732, GNorm = 0.2506, lr_0 = 1.2241e-04
Loss = 1.3171e-02, PNorm = 58.4900, GNorm = 0.1061, lr_0 = 1.2123e-04
Loss = 1.1239e-02, PNorm = 58.5024, GNorm = 0.2742, lr_0 = 1.2006e-04
Loss = 1.5445e-02, PNorm = 58.5139, GNorm = 0.3871, lr_0 = 1.1891e-04
Loss = 1.0330e-02, PNorm = 58.5237, GNorm = 0.0612, lr_0 = 1.1776e-04
Loss = 1.1518e-02, PNorm = 58.5369, GNorm = 0.0449, lr_0 = 1.1663e-04
Loss = 1.4441e-02, PNorm = 58.5389, GNorm = 0.3735, lr_0 = 1.1551e-04
Validation auc = 0.944162
Epoch 28
Loss = 1.8822e-02, PNorm = 58.5440, GNorm = 0.1768, lr_0 = 1.1428e-04
Loss = 9.9959e-03, PNorm = 58.5582, GNorm = 0.2545, lr_0 = 1.1318e-04
Loss = 1.0158e-02, PNorm = 58.5692, GNorm = 0.0398, lr_0 = 1.1209e-04
Loss = 1.9527e-02, PNorm = 58.5668, GNorm = 0.1099, lr_0 = 1.1101e-04
Loss = 7.8885e-03, PNorm = 58.5816, GNorm = 0.0410, lr_0 = 1.0995e-04
Loss = 1.0088e-02, PNorm = 58.5976, GNorm = 0.0104, lr_0 = 1.0889e-04
Loss = 9.8392e-03, PNorm = 58.6022, GNorm = 0.0250, lr_0 = 1.0784e-04
Loss = 9.8306e-03, PNorm = 58.6124, GNorm = 0.1126, lr_0 = 1.0680e-04
Loss = 1.6875e-02, PNorm = 58.6137, GNorm = 0.1745, lr_0 = 1.0577e-04
Validation auc = 0.933098
Epoch 29
Loss = 1.0561e-02, PNorm = 58.6209, GNorm = 0.2894, lr_0 = 1.0475e-04
Loss = 7.1057e-03, PNorm = 58.6363, GNorm = 0.1294, lr_0 = 1.0374e-04
Loss = 1.1818e-02, PNorm = 58.6397, GNorm = 0.0558, lr_0 = 1.0275e-04
Loss = 1.2686e-02, PNorm = 58.6453, GNorm = 0.1090, lr_0 = 1.0176e-04
Loss = 8.8784e-03, PNorm = 58.6573, GNorm = 0.2338, lr_0 = 1.0078e-04
Loss = 1.4724e-02, PNorm = 58.6641, GNorm = 0.0791, lr_0 = 1.0000e-04
Loss = 1.1727e-02, PNorm = 58.6739, GNorm = 0.1117, lr_0 = 1.0000e-04
Loss = 1.9679e-02, PNorm = 58.6759, GNorm = 0.2096, lr_0 = 1.0000e-04
Validation auc = 0.940063
Model 0 best validation auc = 0.963920 on epoch 7
Loading pretrained parameter "encoder.encoder.0.cached_zero_vector".
Loading pretrained parameter "encoder.encoder.0.W_i.weight".
Loading pretrained parameter "encoder.encoder.0.W_h.weight".
Loading pretrained parameter "encoder.encoder.0.W_o.weight".
Loading pretrained parameter "encoder.encoder.0.W_o.bias".
Loading pretrained parameter "ffn.1.weight".
Loading pretrained parameter "ffn.1.bias".
Moving model to cuda
Model 0 test auc = 0.661073
Ensemble test auc = 0.661073
Fold 1
Splitting data with seed 1
Total scaffolds = 3,467 | train scaffolds = 2,658 | val scaffolds = 399 | test scaffolds = 410
Label averages per scaffold, in decreasing order of scaffold frequency,capped at 10 scaffolds and 20 labels:
Scaffold 0
Task 0: count = 381 | target average = 0.018373
Task 1: count = 381 | target average = 0.013123


Scaffold 1
Task 0: count = 305 | target average = 0.009836
Task 1: count = 305 | target average = 0.016393


Scaffold 2
Task 0: count = 36 | target average = 0.000000
Task 1: count = 36 | target average = 0.000000


Scaffold 3
Task 0: count = 29 | target average = 0.000000
Task 1: count = 29 | target average = 0.000000


Scaffold 4
Task 0: count = 26 | target average = 0.000000
Task 1: count = 26 | target average = 0.000000


Scaffold 5
Task 0: count = 23 | target average = 0.000000
Task 1: count = 23 | target average = 0.000000


Scaffold 6
Task 0: count = 22 | target average = 0.090909
Task 1: count = 22 | target average = 0.090909


Scaffold 7
Task 0: count = 20 | target average = 0.050000
Task 1: count = 20 | target average = 0.000000


Scaffold 8
Task 0: count = 20 | target average = 0.000000
Task 1: count = 20 | target average = 0.000000


Scaffold 9
Task 0: count = 20 | target average = 0.000000
Task 1: count = 20 | target average = 0.000000


Class sizes
hit_inh 0: 97.83%, 1: 2.17%
hit_kill 0: 98.64%, 1: 1.36%
Total size = 5,353 | train size = 4,282 | val size = 535 | test size = 536
Building model 0
MoleculeModel(
  (sigmoid): Sigmoid()
  (encoder): MPN(
    (encoder): ModuleList(
      (0): MPNEncoder(
        (dropout_layer): Dropout(p=0.1, inplace=False)
        (act_func): ReLU()
        (W_i): Linear(in_features=147, out_features=1000, bias=False)
        (W_h): Linear(in_features=1000, out_features=1000, bias=False)
        (W_o): Linear(in_features=1133, out_features=1000, bias=True)
      )
    )
  )
  (ffn): Sequential(
    (0): Dropout(p=0.1, inplace=False)
    (1): Linear(in_features=1200, out_features=2, bias=True)
  )
)
Number of parameters = 2,283,402
Moving model to cuda
Epoch 0
Loss = 2.1055e-01, PNorm = 48.4993, GNorm = 0.2326, lr_0 = 1.0000e-03
Loss = 8.7712e-02, PNorm = 48.7215, GNorm = 0.2901, lr_0 = 1.0000e-03
Loss = 7.4165e-02, PNorm = 48.8326, GNorm = 0.5220, lr_0 = 1.0000e-03
Loss = 6.9142e-02, PNorm = 48.8906, GNorm = 0.1582, lr_0 = 1.0000e-03
Loss = 8.7252e-02, PNorm = 48.9298, GNorm = 0.1124, lr_0 = 1.0000e-03
Loss = 1.0486e-01, PNorm = 48.9612, GNorm = 0.1085, lr_0 = 1.0000e-03
Loss = 1.0396e-01, PNorm = 49.0003, GNorm = 0.1270, lr_0 = 1.0000e-03
Loss = 1.0214e-01, PNorm = 49.0325, GNorm = 0.1047, lr_0 = 1.0000e-03
Validation auc = 0.710137
Epoch 1
Loss = 4.9590e-02, PNorm = 49.0925, GNorm = 0.1512, lr_0 = 1.0000e-03
Loss = 9.5311e-02, PNorm = 49.1279, GNorm = 0.1126, lr_0 = 1.0000e-03
Loss = 1.0032e-01, PNorm = 49.1842, GNorm = 0.1324, lr_0 = 1.0000e-03
Loss = 8.0192e-02, PNorm = 49.2433, GNorm = 0.0999, lr_0 = 1.0000e-03
Loss = 7.1525e-02, PNorm = 49.2859, GNorm = 0.2160, lr_0 = 1.0000e-03
Loss = 6.4926e-02, PNorm = 49.3292, GNorm = 0.0858, lr_0 = 1.0000e-03
Loss = 8.2937e-02, PNorm = 49.3745, GNorm = 0.1677, lr_0 = 1.0000e-03
Loss = 8.5099e-02, PNorm = 49.4420, GNorm = 0.0972, lr_0 = 1.0000e-03
Loss = 1.0656e-01, PNorm = 49.5155, GNorm = 0.2317, lr_0 = 9.9807e-04
Validation auc = 0.808337
Epoch 2
Loss = 7.5381e-02, PNorm = 49.5936, GNorm = 0.0774, lr_0 = 9.8846e-04
Loss = 9.9114e-02, PNorm = 49.6764, GNorm = 0.1803, lr_0 = 9.7894e-04
Loss = 8.7144e-02, PNorm = 49.7902, GNorm = 0.1582, lr_0 = 9.6952e-04
Loss = 8.1400e-02, PNorm = 49.8837, GNorm = 0.1402, lr_0 = 9.6018e-04
Loss = 5.1104e-02, PNorm = 49.9902, GNorm = 0.1016, lr_0 = 9.5094e-04
Loss = 6.9569e-02, PNorm = 50.0622, GNorm = 0.1067, lr_0 = 9.4178e-04
Loss = 8.9533e-02, PNorm = 50.1387, GNorm = 0.1305, lr_0 = 9.3271e-04
Loss = 8.1461e-02, PNorm = 50.2426, GNorm = 0.2315, lr_0 = 9.2373e-04
Validation auc = 0.856358
Epoch 3
Loss = 1.1267e-01, PNorm = 50.3497, GNorm = 0.1948, lr_0 = 9.1395e-04
Loss = 9.3487e-02, PNorm = 50.4648, GNorm = 0.2135, lr_0 = 9.0515e-04
Loss = 5.0522e-02, PNorm = 50.5348, GNorm = 0.1198, lr_0 = 8.9644e-04
Loss = 6.9008e-02, PNorm = 50.5992, GNorm = 0.2701, lr_0 = 8.8781e-04
Loss = 7.5777e-02, PNorm = 50.6636, GNorm = 0.0778, lr_0 = 8.7926e-04
Loss = 7.5984e-02, PNorm = 50.7590, GNorm = 0.1905, lr_0 = 8.7080e-04
Loss = 7.4260e-02, PNorm = 50.8405, GNorm = 0.1259, lr_0 = 8.6241e-04
Loss = 1.0628e-01, PNorm = 50.8925, GNorm = 0.1676, lr_0 = 8.5411e-04
Loss = 7.0330e-02, PNorm = 50.9837, GNorm = 0.1223, lr_0 = 8.4588e-04
Validation auc = 0.799183
Epoch 4
Loss = 4.5841e-02, PNorm = 51.0691, GNorm = 0.0787, lr_0 = 8.3774e-04
Loss = 6.9811e-02, PNorm = 51.1685, GNorm = 0.3322, lr_0 = 8.2967e-04
Loss = 9.8771e-02, PNorm = 51.2365, GNorm = 0.0879, lr_0 = 8.2169e-04
Loss = 6.9450e-02, PNorm = 51.3157, GNorm = 0.1934, lr_0 = 8.1377e-04
Loss = 9.1973e-02, PNorm = 51.3878, GNorm = 0.1649, lr_0 = 8.0594e-04
Loss = 5.8698e-02, PNorm = 51.5052, GNorm = 0.2433, lr_0 = 7.9818e-04
Loss = 9.0545e-02, PNorm = 51.5527, GNorm = 0.1426, lr_0 = 7.9050e-04
Loss = 8.8343e-02, PNorm = 51.6296, GNorm = 0.1931, lr_0 = 7.8288e-04
Validation auc = 0.868714
Epoch 5
Loss = 6.2813e-02, PNorm = 51.7302, GNorm = 0.1802, lr_0 = 7.7535e-04
Loss = 7.0883e-02, PNorm = 51.7776, GNorm = 0.1400, lr_0 = 7.6788e-04
Loss = 5.8947e-02, PNorm = 51.8622, GNorm = 0.1371, lr_0 = 7.6049e-04
Loss = 5.1512e-02, PNorm = 51.9428, GNorm = 0.2048, lr_0 = 7.5317e-04
Loss = 7.3832e-02, PNorm = 51.9731, GNorm = 0.1178, lr_0 = 7.4591e-04
Loss = 7.5010e-02, PNorm = 52.0668, GNorm = 0.3296, lr_0 = 7.3873e-04
Loss = 8.4863e-02, PNorm = 52.1377, GNorm = 0.3062, lr_0 = 7.3162e-04
Loss = 6.5767e-02, PNorm = 52.2271, GNorm = 0.1051, lr_0 = 7.2458e-04
Loss = 7.7802e-02, PNorm = 52.2626, GNorm = 0.0982, lr_0 = 7.1760e-04
Validation auc = 0.845709
Epoch 6
Loss = 7.1168e-02, PNorm = 52.3496, GNorm = 0.1881, lr_0 = 7.1000e-04
Loss = 8.6486e-02, PNorm = 52.4593, GNorm = 0.2400, lr_0 = 7.0317e-04
Loss = 5.5145e-02, PNorm = 52.5584, GNorm = 1.3016, lr_0 = 6.9640e-04
Loss = 4.4975e-02, PNorm = 52.6279, GNorm = 0.2400, lr_0 = 6.8969e-04
Loss = 5.3353e-02, PNorm = 52.6982, GNorm = 0.0569, lr_0 = 6.8305e-04
Loss = 5.8938e-02, PNorm = 52.7483, GNorm = 0.1079, lr_0 = 6.7648e-04
Loss = 5.8930e-02, PNorm = 52.8138, GNorm = 0.2968, lr_0 = 6.6996e-04
Loss = 9.0831e-02, PNorm = 52.8556, GNorm = 0.2763, lr_0 = 6.6351e-04
Validation auc = 0.824580
Epoch 7
Loss = 2.2684e-02, PNorm = 52.9357, GNorm = 0.1181, lr_0 = 6.5712e-04
Loss = 4.6470e-02, PNorm = 53.0255, GNorm = 0.1044, lr_0 = 6.5080e-04
Loss = 7.6530e-02, PNorm = 53.0900, GNorm = 0.5937, lr_0 = 6.4453e-04
Loss = 8.2654e-02, PNorm = 53.1719, GNorm = 0.1443, lr_0 = 6.3833e-04
Loss = 6.3916e-02, PNorm = 53.2565, GNorm = 0.1994, lr_0 = 6.3218e-04
Loss = 4.6907e-02, PNorm = 53.3667, GNorm = 0.5699, lr_0 = 6.2609e-04
Loss = 5.3278e-02, PNorm = 53.4367, GNorm = 0.0880, lr_0 = 6.2006e-04
Loss = 5.3832e-02, PNorm = 53.5097, GNorm = 0.3178, lr_0 = 6.1409e-04
Loss = 5.6911e-02, PNorm = 53.5629, GNorm = 0.2121, lr_0 = 6.0818e-04
Validation auc = 0.855748
Epoch 8
Loss = 3.4912e-02, PNorm = 53.6286, GNorm = 0.0607, lr_0 = 6.0233e-04
Loss = 5.4726e-02, PNorm = 53.6661, GNorm = 0.2585, lr_0 = 5.9653e-04
Loss = 5.3013e-02, PNorm = 53.7252, GNorm = 0.1009, lr_0 = 5.9078e-04
Loss = 4.4631e-02, PNorm = 53.7737, GNorm = 0.0965, lr_0 = 5.8510e-04
Loss = 4.3100e-02, PNorm = 53.8252, GNorm = 0.1140, lr_0 = 5.7946e-04
Loss = 5.3249e-02, PNorm = 53.8756, GNorm = 0.1860, lr_0 = 5.7388e-04
Loss = 4.7211e-02, PNorm = 53.9531, GNorm = 0.1643, lr_0 = 5.6836e-04
Loss = 5.7851e-02, PNorm = 54.0230, GNorm = 0.1294, lr_0 = 5.6289e-04
Loss = 8.3495e-02, PNorm = 54.0742, GNorm = 0.4560, lr_0 = 5.5747e-04
Loss = 9.5106e-03, PNorm = 54.0828, GNorm = 0.0983, lr_0 = 5.5693e-04
Validation auc = 0.760435
Epoch 9
Loss = 3.1237e-02, PNorm = 54.1806, GNorm = 0.3291, lr_0 = 5.5156e-04
Loss = 6.1969e-02, PNorm = 54.2373, GNorm = 0.1223, lr_0 = 5.4625e-04
Loss = 6.4526e-02, PNorm = 54.3041, GNorm = 0.1315, lr_0 = 5.4100e-04
Loss = 5.5370e-02, PNorm = 54.3877, GNorm = 0.3087, lr_0 = 5.3579e-04
Loss = 6.0189e-02, PNorm = 54.4414, GNorm = 0.1707, lr_0 = 5.3063e-04
Loss = 4.1065e-02, PNorm = 54.5141, GNorm = 0.0793, lr_0 = 5.2552e-04
Loss = 3.9341e-02, PNorm = 54.5769, GNorm = 0.1641, lr_0 = 5.2046e-04
Loss = 6.1514e-02, PNorm = 54.6338, GNorm = 0.2345, lr_0 = 5.1545e-04
Validation auc = 0.813355
Epoch 10
Loss = 2.4385e-02, PNorm = 54.6882, GNorm = 0.1464, lr_0 = 5.1049e-04
Loss = 3.0149e-02, PNorm = 54.7402, GNorm = 0.0600, lr_0 = 5.0557e-04
Loss = 2.9329e-02, PNorm = 54.7958, GNorm = 0.1363, lr_0 = 5.0070e-04
Loss = 5.9224e-02, PNorm = 54.8399, GNorm = 0.3643, lr_0 = 4.9588e-04
Loss = 5.7372e-02, PNorm = 54.8580, GNorm = 0.5287, lr_0 = 4.9111e-04
Loss = 6.7238e-02, PNorm = 54.9220, GNorm = 0.3703, lr_0 = 4.8638e-04
Loss = 3.8443e-02, PNorm = 55.0128, GNorm = 0.1889, lr_0 = 4.8170e-04
Loss = 4.8905e-02, PNorm = 55.0724, GNorm = 0.1381, lr_0 = 4.7706e-04
Loss = 5.6396e-02, PNorm = 55.1170, GNorm = 0.1410, lr_0 = 4.7247e-04
Validation auc = 0.820969
Epoch 11
Loss = 3.1569e-02, PNorm = 55.1726, GNorm = 0.0409, lr_0 = 4.6792e-04
Loss = 2.0914e-02, PNorm = 55.2230, GNorm = 0.3196, lr_0 = 4.6341e-04
Loss = 3.9101e-02, PNorm = 55.2488, GNorm = 0.1409, lr_0 = 4.5895e-04
Loss = 5.9838e-02, PNorm = 55.3068, GNorm = 0.1250, lr_0 = 4.5453e-04
Loss = 4.5634e-02, PNorm = 55.3792, GNorm = 0.0761, lr_0 = 4.5015e-04
Loss = 3.3682e-02, PNorm = 55.4248, GNorm = 0.0830, lr_0 = 4.4582e-04
Loss = 5.7183e-02, PNorm = 55.4664, GNorm = 0.3136, lr_0 = 4.4153e-04
Loss = 3.4407e-02, PNorm = 55.5465, GNorm = 0.1806, lr_0 = 4.3728e-04
Validation auc = 0.808542
Epoch 12
Loss = 1.9085e-02, PNorm = 55.5884, GNorm = 0.1633, lr_0 = 4.3265e-04
Loss = 2.5929e-02, PNorm = 55.6560, GNorm = 0.1115, lr_0 = 4.2848e-04
Loss = 3.9225e-02, PNorm = 55.6937, GNorm = 0.3512, lr_0 = 4.2436e-04
Loss = 2.2824e-02, PNorm = 55.7192, GNorm = 0.1633, lr_0 = 4.2027e-04
Loss = 4.4395e-02, PNorm = 55.7539, GNorm = 0.2759, lr_0 = 4.1622e-04
Loss = 3.9020e-02, PNorm = 55.7876, GNorm = 0.1753, lr_0 = 4.1222e-04
Loss = 7.0309e-02, PNorm = 55.8214, GNorm = 0.5252, lr_0 = 4.0825e-04
Loss = 4.0738e-02, PNorm = 55.9040, GNorm = 0.3723, lr_0 = 4.0432e-04
Loss = 4.7673e-02, PNorm = 55.9458, GNorm = 0.4452, lr_0 = 4.0042e-04
Validation auc = 0.766304
Epoch 13
Loss = 3.7671e-02, PNorm = 55.9735, GNorm = 0.2268, lr_0 = 3.9657e-04
Loss = 2.4353e-02, PNorm = 56.0321, GNorm = 0.0205, lr_0 = 3.9275e-04
Loss = 3.3155e-02, PNorm = 56.0519, GNorm = 0.1807, lr_0 = 3.8897e-04
Loss = 3.2268e-02, PNorm = 56.0751, GNorm = 0.1844, lr_0 = 3.8522e-04
Loss = 3.9973e-02, PNorm = 56.1136, GNorm = 0.1042, lr_0 = 3.8152e-04
Loss = 2.8224e-02, PNorm = 56.1540, GNorm = 0.1442, lr_0 = 3.7784e-04
Loss = 5.3724e-02, PNorm = 56.1797, GNorm = 0.2260, lr_0 = 3.7420e-04
Loss = 3.7648e-02, PNorm = 56.2251, GNorm = 0.2235, lr_0 = 3.7060e-04
Validation auc = 0.794373
Epoch 14
Loss = 2.9935e-02, PNorm = 56.2661, GNorm = 0.2080, lr_0 = 3.6668e-04
Loss = 2.7373e-02, PNorm = 56.3207, GNorm = 0.3037, lr_0 = 3.6315e-04
Loss = 5.1412e-02, PNorm = 56.3533, GNorm = 0.2737, lr_0 = 3.5965e-04
Loss = 2.4501e-02, PNorm = 56.4308, GNorm = 0.2841, lr_0 = 3.5619e-04
Loss = 2.6634e-02, PNorm = 56.4722, GNorm = 0.2166, lr_0 = 3.5276e-04
Loss = 3.0121e-02, PNorm = 56.5116, GNorm = 0.2359, lr_0 = 3.4936e-04
Loss = 4.9603e-02, PNorm = 56.5287, GNorm = 0.2725, lr_0 = 3.4600e-04
Loss = 3.9151e-02, PNorm = 56.5811, GNorm = 0.1421, lr_0 = 3.4267e-04
Loss = 2.4467e-02, PNorm = 56.6208, GNorm = 0.2009, lr_0 = 3.3937e-04
Validation auc = 0.788947
Epoch 15
Loss = 4.6018e-02, PNorm = 56.6391, GNorm = 0.1821, lr_0 = 3.3610e-04
Loss = 2.5002e-02, PNorm = 56.6908, GNorm = 0.0572, lr_0 = 3.3287e-04
Loss = 4.5926e-02, PNorm = 56.7056, GNorm = 0.2155, lr_0 = 3.2966e-04
Loss = 2.8172e-02, PNorm = 56.7168, GNorm = 0.1169, lr_0 = 3.2649e-04
Loss = 2.1134e-02, PNorm = 56.7655, GNorm = 0.2151, lr_0 = 3.2334e-04
Loss = 2.8965e-02, PNorm = 56.8001, GNorm = 0.1003, lr_0 = 3.2023e-04
Loss = 3.2742e-02, PNorm = 56.8270, GNorm = 0.2046, lr_0 = 3.1715e-04
Loss = 2.9277e-02, PNorm = 56.8628, GNorm = 0.1266, lr_0 = 3.1409e-04
Loss = 3.3744e-02, PNorm = 56.9101, GNorm = 0.0547, lr_0 = 3.1107e-04
Validation auc = 0.793028
Epoch 16
Loss = 2.7695e-02, PNorm = 56.9540, GNorm = 0.0955, lr_0 = 3.0807e-04
Loss = 2.4879e-02, PNorm = 56.9845, GNorm = 0.0365, lr_0 = 3.0511e-04
Loss = 3.7363e-02, PNorm = 56.9969, GNorm = 0.1474, lr_0 = 3.0217e-04
Loss = 3.0218e-02, PNorm = 57.0325, GNorm = 0.1777, lr_0 = 2.9926e-04
Loss = 3.2560e-02, PNorm = 57.0556, GNorm = 0.1123, lr_0 = 2.9638e-04
Loss = 4.2413e-02, PNorm = 57.0959, GNorm = 0.0939, lr_0 = 2.9353e-04
Loss = 1.9866e-02, PNorm = 57.1350, GNorm = 0.2247, lr_0 = 2.9070e-04
Loss = 1.6757e-02, PNorm = 57.1654, GNorm = 0.3354, lr_0 = 2.8790e-04
Validation auc = 0.778784
Epoch 17
Loss = 1.7545e-02, PNorm = 57.1935, GNorm = 0.0165, lr_0 = 2.8485e-04
Loss = 2.8518e-02, PNorm = 57.2076, GNorm = 0.2842, lr_0 = 2.8211e-04
Loss = 3.3260e-02, PNorm = 57.2362, GNorm = 0.2026, lr_0 = 2.7939e-04
Loss = 3.2547e-02, PNorm = 57.2621, GNorm = 0.2049, lr_0 = 2.7670e-04
Loss = 1.4138e-02, PNorm = 57.2953, GNorm = 0.0992, lr_0 = 2.7404e-04
Loss = 1.7940e-02, PNorm = 57.3095, GNorm = 0.2328, lr_0 = 2.7140e-04
Loss = 3.2324e-02, PNorm = 57.3291, GNorm = 0.3541, lr_0 = 2.6879e-04
Loss = 2.5011e-02, PNorm = 57.3557, GNorm = 0.3679, lr_0 = 2.6620e-04
Loss = 3.3073e-02, PNorm = 57.3854, GNorm = 0.3180, lr_0 = 2.6364e-04
Validation auc = 0.779352
Epoch 18
Loss = 1.9762e-02, PNorm = 57.4186, GNorm = 0.0375, lr_0 = 2.6110e-04
Loss = 2.6614e-02, PNorm = 57.4273, GNorm = 0.2010, lr_0 = 2.5859e-04
Loss = 3.8451e-02, PNorm = 57.4575, GNorm = 0.1618, lr_0 = 2.5610e-04
Loss = 2.9202e-02, PNorm = 57.5074, GNorm = 0.4441, lr_0 = 2.5363e-04
Loss = 2.9199e-02, PNorm = 57.5318, GNorm = 0.3630, lr_0 = 2.5119e-04
Loss = 2.3251e-02, PNorm = 57.5780, GNorm = 0.0464, lr_0 = 2.4877e-04
Loss = 2.4638e-02, PNorm = 57.5992, GNorm = 0.0523, lr_0 = 2.4638e-04
Loss = 1.5322e-02, PNorm = 57.6228, GNorm = 0.2698, lr_0 = 2.4400e-04
Validation auc = 0.795843
Epoch 19
Loss = 2.3852e-02, PNorm = 57.6468, GNorm = 0.2317, lr_0 = 2.4165e-04
Loss = 2.2506e-02, PNorm = 57.6715, GNorm = 0.1790, lr_0 = 2.3933e-04
Loss = 2.2149e-02, PNorm = 57.6851, GNorm = 0.1434, lr_0 = 2.3702e-04
Loss = 1.3819e-02, PNorm = 57.7001, GNorm = 0.1762, lr_0 = 2.3474e-04
Loss = 1.3142e-02, PNorm = 57.7261, GNorm = 0.1942, lr_0 = 2.3248e-04
Loss = 3.5731e-02, PNorm = 57.7342, GNorm = 0.1409, lr_0 = 2.3024e-04
Loss = 3.1368e-02, PNorm = 57.7640, GNorm = 0.4592, lr_0 = 2.2803e-04
Loss = 1.7715e-02, PNorm = 57.7927, GNorm = 0.3779, lr_0 = 2.2583e-04
Loss = 1.9600e-02, PNorm = 57.8059, GNorm = 0.0629, lr_0 = 2.2366e-04
Validation auc = 0.782432
Epoch 20
Loss = 1.1703e-02, PNorm = 57.8424, GNorm = 0.1035, lr_0 = 2.2129e-04
Loss = 1.7175e-02, PNorm = 57.8645, GNorm = 0.1658, lr_0 = 2.1916e-04
Loss = 2.3561e-02, PNorm = 57.8746, GNorm = 0.2582, lr_0 = 2.1705e-04
Loss = 1.3595e-02, PNorm = 57.8985, GNorm = 0.1080, lr_0 = 2.1496e-04
Loss = 1.8819e-02, PNorm = 57.9214, GNorm = 0.0827, lr_0 = 2.1289e-04
Loss = 2.2816e-02, PNorm = 57.9251, GNorm = 0.2452, lr_0 = 2.1084e-04
Loss = 1.5883e-02, PNorm = 57.9516, GNorm = 0.2175, lr_0 = 2.0881e-04
Loss = 1.9128e-02, PNorm = 57.9774, GNorm = 0.2466, lr_0 = 2.0680e-04
Validation auc = 0.787465
Epoch 21
Loss = 2.8665e-02, PNorm = 57.9799, GNorm = 0.4402, lr_0 = 2.0481e-04
Loss = 2.0660e-02, PNorm = 58.0393, GNorm = 0.4543, lr_0 = 2.0283e-04
Loss = 1.4518e-02, PNorm = 58.0565, GNorm = 0.0478, lr_0 = 2.0088e-04
Loss = 2.3597e-02, PNorm = 58.0642, GNorm = 0.1963, lr_0 = 1.9895e-04
Loss = 1.6273e-02, PNorm = 58.0893, GNorm = 0.1135, lr_0 = 1.9703e-04
Loss = 2.4958e-02, PNorm = 58.1082, GNorm = 0.0567, lr_0 = 1.9514e-04
Loss = 2.1787e-02, PNorm = 58.1275, GNorm = 0.1214, lr_0 = 1.9326e-04
Loss = 1.4913e-02, PNorm = 58.1437, GNorm = 0.1050, lr_0 = 1.9140e-04
Loss = 1.6211e-02, PNorm = 58.1571, GNorm = 0.5431, lr_0 = 1.8955e-04
Validation auc = 0.789370
Epoch 22
Loss = 9.4923e-03, PNorm = 58.1738, GNorm = 0.1573, lr_0 = 1.8773e-04
Loss = 2.4243e-02, PNorm = 58.1815, GNorm = 0.0672, lr_0 = 1.8592e-04
Loss = 1.1226e-02, PNorm = 58.2045, GNorm = 0.1504, lr_0 = 1.8413e-04
Loss = 1.4630e-02, PNorm = 58.2284, GNorm = 0.0417, lr_0 = 1.8236e-04
Loss = 2.1010e-02, PNorm = 58.2230, GNorm = 0.2983, lr_0 = 1.8060e-04
Loss = 1.7884e-02, PNorm = 58.2536, GNorm = 0.0818, lr_0 = 1.7886e-04
Loss = 2.4761e-02, PNorm = 58.2748, GNorm = 0.2883, lr_0 = 1.7714e-04
Loss = 2.3149e-02, PNorm = 58.2831, GNorm = 0.1739, lr_0 = 1.7544e-04
Validation auc = 0.775301
Epoch 23
Loss = 1.1769e-02, PNorm = 58.3129, GNorm = 0.1205, lr_0 = 1.7358e-04
Loss = 1.3590e-02, PNorm = 58.3343, GNorm = 0.3217, lr_0 = 1.7191e-04
Loss = 2.1500e-02, PNorm = 58.3375, GNorm = 0.1788, lr_0 = 1.7025e-04
Loss = 7.4838e-03, PNorm = 58.3596, GNorm = 0.0407, lr_0 = 1.6861e-04
Loss = 1.3172e-02, PNorm = 58.3756, GNorm = 0.0895, lr_0 = 1.6699e-04
Loss = 9.2465e-03, PNorm = 58.3901, GNorm = 0.0970, lr_0 = 1.6538e-04
Loss = 1.2306e-02, PNorm = 58.4129, GNorm = 0.2366, lr_0 = 1.6379e-04
Loss = 1.9667e-02, PNorm = 58.4153, GNorm = 0.2651, lr_0 = 1.6221e-04
Loss = 2.4594e-02, PNorm = 58.4344, GNorm = 0.1371, lr_0 = 1.6065e-04
Validation auc = 0.781726
Epoch 24
Loss = 2.0622e-02, PNorm = 58.4516, GNorm = 0.2284, lr_0 = 1.5910e-04
Loss = 9.1168e-03, PNorm = 58.4719, GNorm = 0.0543, lr_0 = 1.5757e-04
Loss = 2.0195e-02, PNorm = 58.4803, GNorm = 0.1111, lr_0 = 1.5605e-04
Loss = 8.4717e-03, PNorm = 58.4951, GNorm = 0.0218, lr_0 = 1.5455e-04
Loss = 1.6629e-02, PNorm = 58.5102, GNorm = 0.0628, lr_0 = 1.5306e-04
Loss = 9.8508e-03, PNorm = 58.5255, GNorm = 0.0359, lr_0 = 1.5159e-04
Loss = 1.6511e-02, PNorm = 58.5371, GNorm = 0.3535, lr_0 = 1.5013e-04
Loss = 2.1390e-02, PNorm = 58.5392, GNorm = 0.0582, lr_0 = 1.4869e-04
Loss = 1.1736e-02, PNorm = 58.5627, GNorm = 0.0219, lr_0 = 1.4725e-04
Validation auc = 0.763588
Epoch 25
Loss = 1.8068e-02, PNorm = 58.5745, GNorm = 0.2788, lr_0 = 1.4584e-04
Loss = 9.4473e-03, PNorm = 58.5870, GNorm = 0.3100, lr_0 = 1.4443e-04
Loss = 1.2420e-02, PNorm = 58.6001, GNorm = 0.2656, lr_0 = 1.4304e-04
Loss = 1.6268e-02, PNorm = 58.6072, GNorm = 0.1591, lr_0 = 1.4166e-04
Loss = 9.7742e-03, PNorm = 58.6247, GNorm = 0.2841, lr_0 = 1.4030e-04
Loss = 1.0802e-02, PNorm = 58.6314, GNorm = 0.1636, lr_0 = 1.3895e-04
Loss = 1.3365e-02, PNorm = 58.6483, GNorm = 0.0346, lr_0 = 1.3761e-04
Loss = 1.0190e-02, PNorm = 58.6577, GNorm = 0.2643, lr_0 = 1.3629e-04
Validation auc = 0.784946
Epoch 26
Loss = 1.4750e-02, PNorm = 58.6602, GNorm = 0.2486, lr_0 = 1.3484e-04
Loss = 1.2362e-02, PNorm = 58.6822, GNorm = 0.5176, lr_0 = 1.3355e-04
Loss = 6.9215e-03, PNorm = 58.6986, GNorm = 0.0363, lr_0 = 1.3226e-04
Loss = 1.0417e-02, PNorm = 58.7063, GNorm = 0.0189, lr_0 = 1.3099e-04
Loss = 2.0994e-02, PNorm = 58.7026, GNorm = 0.3286, lr_0 = 1.2973e-04
Loss = 1.2880e-02, PNorm = 58.7230, GNorm = 0.1485, lr_0 = 1.2848e-04
Loss = 1.1983e-02, PNorm = 58.7383, GNorm = 0.0180, lr_0 = 1.2724e-04
Loss = 1.7353e-02, PNorm = 58.7394, GNorm = 0.1940, lr_0 = 1.2601e-04
Loss = 7.1018e-03, PNorm = 58.7484, GNorm = 0.2838, lr_0 = 1.2480e-04
Validation auc = 0.782415
Epoch 27
Loss = 6.9704e-03, PNorm = 58.7617, GNorm = 0.0339, lr_0 = 1.2360e-04
Loss = 3.9370e-03, PNorm = 58.7740, GNorm = 0.0124, lr_0 = 1.2241e-04
Loss = 8.2615e-03, PNorm = 58.7853, GNorm = 0.3363, lr_0 = 1.2123e-04
Loss = 6.1766e-03, PNorm = 58.7921, GNorm = 0.0364, lr_0 = 1.2006e-04
Loss = 6.8930e-03, PNorm = 58.8022, GNorm = 0.0750, lr_0 = 1.1891e-04
Loss = 1.6613e-02, PNorm = 58.8107, GNorm = 0.3844, lr_0 = 1.1776e-04
Loss = 1.0304e-02, PNorm = 58.8189, GNorm = 0.4132, lr_0 = 1.1663e-04
Loss = 1.1637e-02, PNorm = 58.8347, GNorm = 0.0150, lr_0 = 1.1551e-04
Validation auc = 0.792823
Epoch 28
Loss = 2.8057e-02, PNorm = 58.8300, GNorm = 0.4945, lr_0 = 1.1428e-04
Loss = 6.7981e-03, PNorm = 58.8510, GNorm = 0.0388, lr_0 = 1.1318e-04
Loss = 1.7615e-02, PNorm = 58.8608, GNorm = 0.3655, lr_0 = 1.1209e-04
Loss = 1.0414e-02, PNorm = 58.8788, GNorm = 0.2281, lr_0 = 1.1101e-04
Loss = 1.1677e-02, PNorm = 58.8801, GNorm = 0.1069, lr_0 = 1.0995e-04
Loss = 6.9341e-03, PNorm = 58.8875, GNorm = 0.0701, lr_0 = 1.0889e-04
Loss = 9.5848e-03, PNorm = 58.8983, GNorm = 0.0401, lr_0 = 1.0784e-04
Loss = 1.2422e-02, PNorm = 58.9020, GNorm = 0.0487, lr_0 = 1.0680e-04
Loss = 9.2623e-03, PNorm = 58.9156, GNorm = 0.1121, lr_0 = 1.0577e-04
Validation auc = 0.773662
Epoch 29
Loss = 1.2762e-02, PNorm = 58.9261, GNorm = 0.3579, lr_0 = 1.0475e-04
Loss = 1.4136e-02, PNorm = 58.9283, GNorm = 0.3638, lr_0 = 1.0374e-04
Loss = 9.4020e-03, PNorm = 58.9367, GNorm = 0.0606, lr_0 = 1.0275e-04
Loss = 5.0026e-03, PNorm = 58.9471, GNorm = 0.3669, lr_0 = 1.0176e-04
Loss = 4.1765e-03, PNorm = 58.9555, GNorm = 0.0289, lr_0 = 1.0078e-04
Loss = 7.9986e-03, PNorm = 58.9553, GNorm = 0.0384, lr_0 = 1.0000e-04
Loss = 1.1480e-02, PNorm = 58.9667, GNorm = 0.1933, lr_0 = 1.0000e-04
Loss = 6.7790e-03, PNorm = 58.9760, GNorm = 0.0609, lr_0 = 1.0000e-04
Validation auc = 0.781787
Model 0 best validation auc = 0.868714 on epoch 4
Loading pretrained parameter "encoder.encoder.0.cached_zero_vector".
Loading pretrained parameter "encoder.encoder.0.W_i.weight".
Loading pretrained parameter "encoder.encoder.0.W_h.weight".
Loading pretrained parameter "encoder.encoder.0.W_o.weight".
Loading pretrained parameter "encoder.encoder.0.W_o.bias".
Loading pretrained parameter "ffn.1.weight".
Loading pretrained parameter "ffn.1.bias".
Moving model to cuda
Model 0 test auc = 0.833270
Ensemble test auc = 0.833270
Fold 2
Splitting data with seed 2
Total scaffolds = 3,467 | train scaffolds = 2,630 | val scaffolds = 419 | test scaffolds = 418
Label averages per scaffold, in decreasing order of scaffold frequency,capped at 10 scaffolds and 20 labels:
Scaffold 0
Task 0: count = 381 | target average = 0.018373
Task 1: count = 381 | target average = 0.013123


Scaffold 1
Task 0: count = 305 | target average = 0.009836
Task 1: count = 305 | target average = 0.016393


Scaffold 2
Task 0: count = 36 | target average = 0.000000
Task 1: count = 36 | target average = 0.000000


Scaffold 3
Task 0: count = 29 | target average = 0.000000
Task 1: count = 29 | target average = 0.000000


Scaffold 4
Task 0: count = 26 | target average = 0.000000
Task 1: count = 26 | target average = 0.000000


Scaffold 5
Task 0: count = 23 | target average = 0.000000
Task 1: count = 23 | target average = 0.000000


Scaffold 6
Task 0: count = 22 | target average = 0.090909
Task 1: count = 22 | target average = 0.090909


Scaffold 7
Task 0: count = 20 | target average = 0.000000
Task 1: count = 20 | target average = 0.000000


Scaffold 8
Task 0: count = 20 | target average = 0.000000
Task 1: count = 20 | target average = 0.000000


Scaffold 9
Task 0: count = 20 | target average = 0.050000
Task 1: count = 20 | target average = 0.000000


Class sizes
hit_inh 0: 97.83%, 1: 2.17%
hit_kill 0: 98.64%, 1: 1.36%
Total size = 5,353 | train size = 4,282 | val size = 535 | test size = 536
Building model 0
MoleculeModel(
  (sigmoid): Sigmoid()
  (encoder): MPN(
    (encoder): ModuleList(
      (0): MPNEncoder(
        (dropout_layer): Dropout(p=0.1, inplace=False)
        (act_func): ReLU()
        (W_i): Linear(in_features=147, out_features=1000, bias=False)
        (W_h): Linear(in_features=1000, out_features=1000, bias=False)
        (W_o): Linear(in_features=1133, out_features=1000, bias=True)
      )
    )
  )
  (ffn): Sequential(
    (0): Dropout(p=0.1, inplace=False)
    (1): Linear(in_features=1200, out_features=2, bias=True)
  )
)
Number of parameters = 2,283,402
Moving model to cuda
Epoch 0
Loss = 2.6810e-01, PNorm = 48.4719, GNorm = 0.5482, lr_0 = 1.0000e-03
Loss = 7.1021e-02, PNorm = 48.6862, GNorm = 0.1257, lr_0 = 1.0000e-03
Loss = 9.4768e-02, PNorm = 48.7898, GNorm = 0.1175, lr_0 = 1.0000e-03
Loss = 8.8808e-02, PNorm = 48.8513, GNorm = 0.1082, lr_0 = 1.0000e-03
Loss = 7.6747e-02, PNorm = 48.8863, GNorm = 0.1252, lr_0 = 1.0000e-03
Loss = 9.8814e-02, PNorm = 48.9112, GNorm = 0.1517, lr_0 = 1.0000e-03
Loss = 9.6567e-02, PNorm = 48.9480, GNorm = 0.2787, lr_0 = 1.0000e-03
Loss = 7.5506e-02, PNorm = 48.9637, GNorm = 0.0993, lr_0 = 1.0000e-03
Validation auc = 0.851555
Epoch 1
Loss = 6.2922e-02, PNorm = 48.9907, GNorm = 0.2099, lr_0 = 1.0000e-03
Loss = 7.4441e-02, PNorm = 49.0375, GNorm = 0.3943, lr_0 = 1.0000e-03
Loss = 4.0984e-02, PNorm = 49.0592, GNorm = 0.1259, lr_0 = 1.0000e-03
Loss = 1.2458e-01, PNorm = 49.0689, GNorm = 0.3446, lr_0 = 1.0000e-03
Loss = 7.8339e-02, PNorm = 49.1260, GNorm = 0.1229, lr_0 = 1.0000e-03
Loss = 8.7868e-02, PNorm = 49.1692, GNorm = 0.1204, lr_0 = 1.0000e-03
Loss = 1.0402e-01, PNorm = 49.1957, GNorm = 0.0980, lr_0 = 1.0000e-03
Loss = 1.1656e-01, PNorm = 49.2486, GNorm = 0.1991, lr_0 = 1.0000e-03
Loss = 6.0437e-02, PNorm = 49.3385, GNorm = 0.0900, lr_0 = 9.9807e-04
Validation auc = 0.892497
Epoch 2
Loss = 8.4577e-02, PNorm = 49.3748, GNorm = 0.2319, lr_0 = 9.8846e-04
Loss = 7.7518e-02, PNorm = 49.4432, GNorm = 0.2597, lr_0 = 9.7894e-04
Loss = 1.0014e-01, PNorm = 49.4913, GNorm = 0.1003, lr_0 = 9.6952e-04
Loss = 8.0653e-02, PNorm = 49.5638, GNorm = 0.3392, lr_0 = 9.6018e-04
Loss = 1.0927e-01, PNorm = 49.6354, GNorm = 0.1686, lr_0 = 9.5094e-04
Loss = 6.7746e-02, PNorm = 49.7706, GNorm = 0.1158, lr_0 = 9.4178e-04
Loss = 5.3181e-02, PNorm = 49.8385, GNorm = 0.0860, lr_0 = 9.3271e-04
Loss = 7.0842e-02, PNorm = 49.9141, GNorm = 0.1030, lr_0 = 9.2373e-04
Validation auc = 0.887575
Epoch 3
Loss = 8.0266e-02, PNorm = 49.9548, GNorm = 0.1236, lr_0 = 9.1395e-04
Loss = 9.5898e-02, PNorm = 50.0145, GNorm = 0.1718, lr_0 = 9.0515e-04
Loss = 8.6551e-02, PNorm = 50.1112, GNorm = 0.2585, lr_0 = 8.9644e-04
Loss = 3.1890e-02, PNorm = 50.1948, GNorm = 0.0733, lr_0 = 8.8781e-04
Loss = 8.9882e-02, PNorm = 50.2034, GNorm = 0.2403, lr_0 = 8.7926e-04
Loss = 7.3481e-02, PNorm = 50.2645, GNorm = 0.1022, lr_0 = 8.7080e-04
Loss = 9.8169e-02, PNorm = 50.3369, GNorm = 0.1962, lr_0 = 8.6241e-04
Loss = 7.8302e-02, PNorm = 50.4300, GNorm = 0.0915, lr_0 = 8.5411e-04
Loss = 7.2017e-02, PNorm = 50.4791, GNorm = 0.2131, lr_0 = 8.4588e-04
Validation auc = 0.900288
Epoch 4
Loss = 4.4719e-02, PNorm = 50.5718, GNorm = 0.1185, lr_0 = 8.3774e-04
Loss = 5.7774e-02, PNorm = 50.6474, GNorm = 0.1241, lr_0 = 8.2967e-04
Loss = 6.9362e-02, PNorm = 50.7008, GNorm = 0.1856, lr_0 = 8.2169e-04
Loss = 9.1969e-02, PNorm = 50.7719, GNorm = 0.1259, lr_0 = 8.1377e-04
Loss = 9.4345e-02, PNorm = 50.8471, GNorm = 0.1528, lr_0 = 8.0594e-04
Loss = 6.0417e-02, PNorm = 50.9613, GNorm = 0.1423, lr_0 = 7.9818e-04
Loss = 9.6158e-02, PNorm = 51.0139, GNorm = 0.2545, lr_0 = 7.9050e-04
Loss = 5.4008e-02, PNorm = 51.1266, GNorm = 0.1496, lr_0 = 7.8288e-04
Validation auc = 0.871408
Epoch 5
Loss = 8.7189e-02, PNorm = 51.2312, GNorm = 0.1210, lr_0 = 7.7535e-04
Loss = 8.4650e-02, PNorm = 51.3446, GNorm = 0.1646, lr_0 = 7.6788e-04
Loss = 6.7882e-02, PNorm = 51.4441, GNorm = 0.2884, lr_0 = 7.6049e-04
Loss = 7.4219e-02, PNorm = 51.5433, GNorm = 0.1765, lr_0 = 7.5317e-04
Loss = 4.8813e-02, PNorm = 51.6245, GNorm = 0.0994, lr_0 = 7.4591e-04
Loss = 6.4769e-02, PNorm = 51.6878, GNorm = 0.2671, lr_0 = 7.3873e-04
Loss = 8.7028e-02, PNorm = 51.7500, GNorm = 0.1237, lr_0 = 7.3162e-04
Loss = 6.0592e-02, PNorm = 51.8468, GNorm = 0.0953, lr_0 = 7.2458e-04
Loss = 5.8756e-02, PNorm = 51.9052, GNorm = 0.0961, lr_0 = 7.1760e-04
Validation auc = 0.852253
Epoch 6
Loss = 4.3773e-02, PNorm = 51.9841, GNorm = 0.1194, lr_0 = 7.1000e-04
Loss = 8.3742e-02, PNorm = 52.0338, GNorm = 0.1188, lr_0 = 7.0317e-04
Loss = 7.4825e-02, PNorm = 52.1151, GNorm = 0.1506, lr_0 = 6.9640e-04
Loss = 6.9146e-02, PNorm = 52.2281, GNorm = 0.2250, lr_0 = 6.8969e-04
Loss = 6.3208e-02, PNorm = 52.3363, GNorm = 0.0736, lr_0 = 6.8305e-04
Loss = 5.8663e-02, PNorm = 52.4280, GNorm = 0.1602, lr_0 = 6.7648e-04
Loss = 6.3181e-02, PNorm = 52.5193, GNorm = 0.5751, lr_0 = 6.6996e-04
Loss = 2.1606e-02, PNorm = 52.6102, GNorm = 0.1032, lr_0 = 6.6351e-04
Validation auc = 0.895979
Epoch 7
Loss = 6.9655e-02, PNorm = 52.6420, GNorm = 0.1158, lr_0 = 6.5712e-04
Loss = 5.7708e-02, PNorm = 52.7339, GNorm = 0.1615, lr_0 = 6.5080e-04
Loss = 6.8496e-02, PNorm = 52.8539, GNorm = 0.2294, lr_0 = 6.4453e-04
Loss = 5.9669e-02, PNorm = 52.9661, GNorm = 0.1235, lr_0 = 6.3833e-04
Loss = 5.9947e-02, PNorm = 53.0224, GNorm = 0.1316, lr_0 = 6.3218e-04
Loss = 4.2650e-02, PNorm = 53.1007, GNorm = 0.0551, lr_0 = 6.2609e-04
Loss = 6.3181e-02, PNorm = 53.1478, GNorm = 0.2104, lr_0 = 6.2006e-04
Loss = 6.4086e-02, PNorm = 53.2129, GNorm = 0.3334, lr_0 = 6.1409e-04
Loss = 4.6359e-02, PNorm = 53.2889, GNorm = 0.0729, lr_0 = 6.0818e-04
Validation auc = 0.901828
Epoch 8
Loss = 3.2642e-02, PNorm = 53.3417, GNorm = 0.2413, lr_0 = 6.0233e-04
Loss = 4.4195e-02, PNorm = 53.3939, GNorm = 0.1362, lr_0 = 5.9653e-04
Loss = 5.4543e-02, PNorm = 53.4340, GNorm = 0.1258, lr_0 = 5.9078e-04
Loss = 6.7611e-02, PNorm = 53.5016, GNorm = 0.2496, lr_0 = 5.8510e-04
Loss = 5.6312e-02, PNorm = 53.5936, GNorm = 0.3822, lr_0 = 5.7946e-04
Loss = 5.8469e-02, PNorm = 53.6641, GNorm = 0.2592, lr_0 = 5.7388e-04
Loss = 5.4295e-02, PNorm = 53.7250, GNorm = 0.1667, lr_0 = 5.6836e-04
Loss = 6.0166e-02, PNorm = 53.7639, GNorm = 0.1597, lr_0 = 5.6289e-04
Loss = 5.1493e-02, PNorm = 53.8364, GNorm = 0.1006, lr_0 = 5.5747e-04
Loss = 1.0780e-02, PNorm = 53.8442, GNorm = 0.1204, lr_0 = 5.5693e-04
Validation auc = 0.908022
Epoch 9
Loss = 4.2168e-02, PNorm = 53.9119, GNorm = 0.0977, lr_0 = 5.5156e-04
Loss = 6.2590e-02, PNorm = 53.9424, GNorm = 0.1891, lr_0 = 5.4625e-04
Loss = 5.0890e-02, PNorm = 54.0125, GNorm = 0.1091, lr_0 = 5.4100e-04
Loss = 2.6382e-02, PNorm = 54.0921, GNorm = 0.1364, lr_0 = 5.3579e-04
Loss = 7.9769e-02, PNorm = 54.1365, GNorm = 0.2350, lr_0 = 5.3063e-04
Loss = 4.0454e-02, PNorm = 54.2429, GNorm = 0.2235, lr_0 = 5.2552e-04
Loss = 6.0935e-02, PNorm = 54.2790, GNorm = 0.1495, lr_0 = 5.2046e-04
Loss = 4.4871e-02, PNorm = 54.3577, GNorm = 0.2212, lr_0 = 5.1545e-04
Validation auc = 0.903787
Epoch 10
Loss = 2.7655e-02, PNorm = 54.4122, GNorm = 0.0357, lr_0 = 5.1049e-04
Loss = 5.6560e-02, PNorm = 54.4652, GNorm = 0.1752, lr_0 = 5.0557e-04
Loss = 2.6945e-02, PNorm = 54.5474, GNorm = 0.0587, lr_0 = 5.0070e-04
Loss = 1.9895e-02, PNorm = 54.5763, GNorm = 0.1307, lr_0 = 4.9588e-04
Loss = 6.1761e-02, PNorm = 54.5895, GNorm = 0.2480, lr_0 = 4.9111e-04
Loss = 6.7145e-02, PNorm = 54.6357, GNorm = 0.1434, lr_0 = 4.8638e-04
Loss = 5.3684e-02, PNorm = 54.6922, GNorm = 0.1466, lr_0 = 4.8170e-04
Loss = 4.8445e-02, PNorm = 54.7659, GNorm = 0.3384, lr_0 = 4.7706e-04
Loss = 3.4065e-02, PNorm = 54.8037, GNorm = 0.1569, lr_0 = 4.7247e-04
Validation auc = 0.901396
Epoch 11
Loss = 6.7496e-02, PNorm = 54.8917, GNorm = 0.1732, lr_0 = 4.6792e-04
Loss = 3.6272e-02, PNorm = 54.9840, GNorm = 0.1969, lr_0 = 4.6341e-04
Loss = 2.3451e-02, PNorm = 55.0240, GNorm = 0.1002, lr_0 = 4.5895e-04
Loss = 4.1724e-02, PNorm = 55.0605, GNorm = 0.1058, lr_0 = 4.5453e-04
Loss = 5.9891e-02, PNorm = 55.0962, GNorm = 0.3986, lr_0 = 4.5015e-04
Loss = 4.4612e-02, PNorm = 55.1707, GNorm = 0.0672, lr_0 = 4.4582e-04
Loss = 3.9454e-02, PNorm = 55.2124, GNorm = 0.0982, lr_0 = 4.4153e-04
Loss = 4.4807e-02, PNorm = 55.2763, GNorm = 0.2441, lr_0 = 4.3728e-04
Validation auc = 0.869375
Epoch 12
Loss = 3.2660e-02, PNorm = 55.3257, GNorm = 0.1186, lr_0 = 4.3265e-04
Loss = 2.8919e-02, PNorm = 55.3735, GNorm = 0.1472, lr_0 = 4.2848e-04
Loss = 3.4296e-02, PNorm = 55.4277, GNorm = 0.2086, lr_0 = 4.2436e-04
Loss = 5.9282e-02, PNorm = 55.4585, GNorm = 0.6644, lr_0 = 4.2027e-04
Loss = 3.7469e-02, PNorm = 55.4807, GNorm = 0.5770, lr_0 = 4.1622e-04
Loss = 2.5492e-02, PNorm = 55.5470, GNorm = 0.2673, lr_0 = 4.1222e-04
Loss = 7.2172e-02, PNorm = 55.5438, GNorm = 0.2096, lr_0 = 4.0825e-04
Loss = 5.2788e-02, PNorm = 55.5998, GNorm = 0.2167, lr_0 = 4.0432e-04
Loss = 3.1387e-02, PNorm = 55.6865, GNorm = 0.1710, lr_0 = 4.0042e-04
Validation auc = 0.928989
Epoch 13
Loss = 1.5857e-02, PNorm = 55.7113, GNorm = 0.2595, lr_0 = 3.9657e-04
Loss = 4.5005e-02, PNorm = 55.7452, GNorm = 0.1584, lr_0 = 3.9275e-04
Loss = 1.1506e-02, PNorm = 55.8023, GNorm = 0.0507, lr_0 = 3.8897e-04
Loss = 4.2454e-02, PNorm = 55.8250, GNorm = 0.2252, lr_0 = 3.8522e-04
Loss = 4.0603e-02, PNorm = 55.8769, GNorm = 0.2113, lr_0 = 3.8152e-04
Loss = 4.2958e-02, PNorm = 55.9259, GNorm = 0.2958, lr_0 = 3.7784e-04
Loss = 4.9024e-02, PNorm = 55.9447, GNorm = 0.2946, lr_0 = 3.7420e-04
Loss = 3.0886e-02, PNorm = 55.9980, GNorm = 0.0724, lr_0 = 3.7060e-04
Validation auc = 0.930449
Epoch 14
Loss = 1.0097e-02, PNorm = 56.0307, GNorm = 0.0897, lr_0 = 3.6668e-04
Loss = 2.9474e-02, PNorm = 56.0730, GNorm = 0.2248, lr_0 = 3.6315e-04
Loss = 3.2230e-02, PNorm = 56.1291, GNorm = 0.2373, lr_0 = 3.5965e-04
Loss = 2.6556e-02, PNorm = 56.1596, GNorm = 0.0556, lr_0 = 3.5619e-04
Loss = 3.2580e-02, PNorm = 56.2028, GNorm = 0.0727, lr_0 = 3.5276e-04
Loss = 4.2708e-02, PNorm = 56.2484, GNorm = 0.4778, lr_0 = 3.4936e-04
Loss = 6.5805e-02, PNorm = 56.2552, GNorm = 0.2383, lr_0 = 3.4600e-04
Loss = 2.7312e-02, PNorm = 56.3146, GNorm = 0.0825, lr_0 = 3.4267e-04
Loss = 6.0231e-02, PNorm = 56.3235, GNorm = 0.0969, lr_0 = 3.3937e-04
Validation auc = 0.923561
Epoch 15
Loss = 3.7151e-02, PNorm = 56.3633, GNorm = 0.2738, lr_0 = 3.3610e-04
Loss = 4.7382e-02, PNorm = 56.4058, GNorm = 0.2011, lr_0 = 3.3287e-04
Loss = 2.4802e-02, PNorm = 56.4485, GNorm = 0.1477, lr_0 = 3.2966e-04
Loss = 2.7062e-02, PNorm = 56.4979, GNorm = 0.0297, lr_0 = 3.2649e-04
Loss = 5.0277e-02, PNorm = 56.5094, GNorm = 0.1321, lr_0 = 3.2334e-04
Loss = 3.1163e-02, PNorm = 56.5527, GNorm = 0.1272, lr_0 = 3.2023e-04
Loss = 3.2038e-02, PNorm = 56.6074, GNorm = 0.1748, lr_0 = 3.1715e-04
Loss = 1.6143e-02, PNorm = 56.6408, GNorm = 0.2366, lr_0 = 3.1409e-04
Loss = 4.7863e-02, PNorm = 56.6459, GNorm = 0.1371, lr_0 = 3.1107e-04
Validation auc = 0.900107
Epoch 16
Loss = 3.0682e-02, PNorm = 56.6996, GNorm = 0.2853, lr_0 = 3.0807e-04
Loss = 4.9908e-02, PNorm = 56.7321, GNorm = 0.2640, lr_0 = 3.0511e-04
Loss = 3.4446e-02, PNorm = 56.7696, GNorm = 0.1279, lr_0 = 3.0217e-04
Loss = 1.9790e-02, PNorm = 56.8037, GNorm = 0.0755, lr_0 = 2.9926e-04
Loss = 3.7809e-02, PNorm = 56.8175, GNorm = 0.1749, lr_0 = 2.9638e-04
Loss = 2.3093e-02, PNorm = 56.8465, GNorm = 0.1161, lr_0 = 2.9353e-04
Loss = 1.9168e-02, PNorm = 56.8829, GNorm = 0.1476, lr_0 = 2.9070e-04
Loss = 3.9370e-02, PNorm = 56.9055, GNorm = 0.1172, lr_0 = 2.8790e-04
Validation auc = 0.893627
Epoch 17
Loss = 2.6429e-02, PNorm = 56.9294, GNorm = 0.0306, lr_0 = 2.8485e-04
Loss = 3.3638e-02, PNorm = 56.9509, GNorm = 0.1112, lr_0 = 2.8211e-04
Loss = 2.2770e-02, PNorm = 56.9953, GNorm = 0.3269, lr_0 = 2.7939e-04
Loss = 3.4780e-02, PNorm = 57.0122, GNorm = 0.2496, lr_0 = 2.7670e-04
Loss = 3.0955e-02, PNorm = 57.0471, GNorm = 0.0764, lr_0 = 2.7404e-04
Loss = 3.2537e-02, PNorm = 57.0751, GNorm = 0.0776, lr_0 = 2.7140e-04
Loss = 2.4104e-02, PNorm = 57.1003, GNorm = 0.1873, lr_0 = 2.6879e-04
Loss = 3.0029e-02, PNorm = 57.1227, GNorm = 0.0924, lr_0 = 2.6620e-04
Loss = 2.0781e-02, PNorm = 57.1425, GNorm = 0.0163, lr_0 = 2.6364e-04
Validation auc = 0.913030
Epoch 18
Loss = 2.2981e-02, PNorm = 57.1532, GNorm = 0.0597, lr_0 = 2.6110e-04
Loss = 2.1611e-02, PNorm = 57.1810, GNorm = 0.1929, lr_0 = 2.5859e-04
Loss = 1.8228e-02, PNorm = 57.2116, GNorm = 0.0659, lr_0 = 2.5610e-04
Loss = 1.4406e-02, PNorm = 57.2402, GNorm = 0.0477, lr_0 = 2.5363e-04
Loss = 3.0264e-02, PNorm = 57.2605, GNorm = 0.0749, lr_0 = 2.5119e-04
Loss = 2.4518e-02, PNorm = 57.2949, GNorm = 0.0427, lr_0 = 2.4877e-04
Loss = 4.1745e-02, PNorm = 57.3122, GNorm = 0.2004, lr_0 = 2.4638e-04
Loss = 3.2447e-02, PNorm = 57.3314, GNorm = 0.5455, lr_0 = 2.4400e-04
Validation auc = 0.890269
Epoch 19
Loss = 1.2537e-02, PNorm = 57.3566, GNorm = 0.0523, lr_0 = 2.4165e-04
Loss = 2.0605e-02, PNorm = 57.3823, GNorm = 0.2671, lr_0 = 2.3933e-04
Loss = 2.6732e-02, PNorm = 57.4038, GNorm = 0.4106, lr_0 = 2.3702e-04
Loss = 2.8465e-02, PNorm = 57.4290, GNorm = 0.1025, lr_0 = 2.3474e-04
Loss = 2.0922e-02, PNorm = 57.4507, GNorm = 0.0858, lr_0 = 2.3248e-04
Loss = 4.1336e-02, PNorm = 57.4740, GNorm = 0.2299, lr_0 = 2.3024e-04
Loss = 1.6809e-02, PNorm = 57.5097, GNorm = 0.2165, lr_0 = 2.2803e-04
Loss = 1.5607e-02, PNorm = 57.5444, GNorm = 0.1608, lr_0 = 2.2583e-04
Loss = 9.1830e-03, PNorm = 57.5615, GNorm = 0.0561, lr_0 = 2.2366e-04
Validation auc = 0.898013
Epoch 20
Loss = 2.0388e-02, PNorm = 57.5622, GNorm = 0.1764, lr_0 = 2.2129e-04
Loss = 1.8657e-02, PNorm = 57.5896, GNorm = 0.1495, lr_0 = 2.1916e-04
Loss = 1.9694e-02, PNorm = 57.6010, GNorm = 0.2790, lr_0 = 2.1705e-04
Loss = 2.0488e-02, PNorm = 57.6181, GNorm = 0.2523, lr_0 = 2.1496e-04
Loss = 1.3903e-02, PNorm = 57.6490, GNorm = 0.2836, lr_0 = 2.1289e-04
Loss = 2.5075e-02, PNorm = 57.6645, GNorm = 0.4056, lr_0 = 2.1084e-04
Loss = 2.2471e-02, PNorm = 57.6892, GNorm = 0.3295, lr_0 = 2.0881e-04
Loss = 2.2823e-02, PNorm = 57.7195, GNorm = 0.0328, lr_0 = 2.0680e-04
Validation auc = 0.877085
Epoch 21
Loss = 1.5466e-02, PNorm = 57.7269, GNorm = 0.2624, lr_0 = 2.0481e-04
Loss = 2.0735e-02, PNorm = 57.7397, GNorm = 0.1174, lr_0 = 2.0283e-04
Loss = 1.8939e-02, PNorm = 57.7716, GNorm = 0.4970, lr_0 = 2.0088e-04
Loss = 1.6412e-02, PNorm = 57.7922, GNorm = 0.2115, lr_0 = 1.9895e-04
Loss = 2.0887e-02, PNorm = 57.8071, GNorm = 0.2846, lr_0 = 1.9703e-04
Loss = 1.2832e-02, PNorm = 57.8453, GNorm = 0.1817, lr_0 = 1.9514e-04
Loss = 1.6550e-02, PNorm = 57.8691, GNorm = 0.0118, lr_0 = 1.9326e-04
Loss = 2.3985e-02, PNorm = 57.8679, GNorm = 0.0919, lr_0 = 1.9140e-04
Loss = 2.3252e-02, PNorm = 57.8880, GNorm = 0.4374, lr_0 = 1.8955e-04
Validation auc = 0.880518
Epoch 22
Loss = 1.8437e-02, PNorm = 57.9121, GNorm = 0.0296, lr_0 = 1.8773e-04
Loss = 1.9928e-02, PNorm = 57.9212, GNorm = 0.0783, lr_0 = 1.8592e-04
Loss = 2.1857e-02, PNorm = 57.9432, GNorm = 0.2031, lr_0 = 1.8413e-04
Loss = 1.7736e-02, PNorm = 57.9714, GNorm = 0.0654, lr_0 = 1.8236e-04
Loss = 1.8017e-02, PNorm = 57.9828, GNorm = 0.4288, lr_0 = 1.8060e-04
Loss = 1.4833e-02, PNorm = 57.9949, GNorm = 0.2814, lr_0 = 1.7886e-04
Loss = 1.9104e-02, PNorm = 58.0090, GNorm = 0.5905, lr_0 = 1.7714e-04
Loss = 9.2380e-03, PNorm = 58.0147, GNorm = 0.0642, lr_0 = 1.7544e-04
Validation auc = 0.881571
Epoch 23
Loss = 1.7146e-02, PNorm = 58.0324, GNorm = 0.2127, lr_0 = 1.7358e-04
Loss = 1.5590e-02, PNorm = 58.0452, GNorm = 0.0258, lr_0 = 1.7191e-04
Loss = 1.1778e-02, PNorm = 58.0573, GNorm = 0.2129, lr_0 = 1.7025e-04
Loss = 1.6874e-02, PNorm = 58.0680, GNorm = 0.1565, lr_0 = 1.6861e-04
Loss = 1.1321e-02, PNorm = 58.0988, GNorm = 0.3810, lr_0 = 1.6699e-04
Loss = 5.7502e-03, PNorm = 58.1165, GNorm = 0.0347, lr_0 = 1.6538e-04
Loss = 1.3706e-02, PNorm = 58.1297, GNorm = 0.4529, lr_0 = 1.6379e-04
Loss = 1.7817e-02, PNorm = 58.1436, GNorm = 0.0652, lr_0 = 1.6221e-04
Loss = 2.1203e-02, PNorm = 58.1534, GNorm = 0.2595, lr_0 = 1.6065e-04
Validation auc = 0.865437
Epoch 24
Loss = 1.0356e-02, PNorm = 58.1786, GNorm = 0.2047, lr_0 = 1.5910e-04
Loss = 2.5660e-02, PNorm = 58.1897, GNorm = 0.3581, lr_0 = 1.5757e-04
Loss = 1.9626e-02, PNorm = 58.2008, GNorm = 0.3335, lr_0 = 1.5605e-04
Loss = 1.5760e-02, PNorm = 58.2454, GNorm = 0.0376, lr_0 = 1.5455e-04
Loss = 2.1405e-02, PNorm = 58.2626, GNorm = 0.5775, lr_0 = 1.5306e-04
Loss = 1.3297e-02, PNorm = 58.2633, GNorm = 0.1961, lr_0 = 1.5159e-04
Loss = 9.3199e-03, PNorm = 58.2863, GNorm = 0.0454, lr_0 = 1.5013e-04
Loss = 2.2327e-02, PNorm = 58.2946, GNorm = 0.0922, lr_0 = 1.4869e-04
Loss = 1.4034e-02, PNorm = 58.3160, GNorm = 0.0728, lr_0 = 1.4725e-04
Validation auc = 0.865227
Epoch 25
Loss = 1.1300e-02, PNorm = 58.3361, GNorm = 0.0707, lr_0 = 1.4584e-04
Loss = 2.3025e-02, PNorm = 58.3346, GNorm = 0.0381, lr_0 = 1.4443e-04
Loss = 1.1586e-02, PNorm = 58.3422, GNorm = 0.0700, lr_0 = 1.4304e-04
Loss = 1.9751e-02, PNorm = 58.3646, GNorm = 0.5172, lr_0 = 1.4166e-04
Loss = 1.1764e-02, PNorm = 58.3745, GNorm = 0.0305, lr_0 = 1.4030e-04
Loss = 8.7871e-03, PNorm = 58.3838, GNorm = 0.2085, lr_0 = 1.3895e-04
Loss = 1.2354e-02, PNorm = 58.3928, GNorm = 0.1222, lr_0 = 1.3761e-04
Loss = 1.1125e-02, PNorm = 58.4106, GNorm = 0.0159, lr_0 = 1.3629e-04
Validation auc = 0.874991
Epoch 26
Loss = 1.4754e-02, PNorm = 58.4085, GNorm = 0.1086, lr_0 = 1.3484e-04
Loss = 2.1503e-02, PNorm = 58.4334, GNorm = 0.3288, lr_0 = 1.3355e-04
Loss = 9.9630e-03, PNorm = 58.4484, GNorm = 0.3071, lr_0 = 1.3226e-04
Loss = 8.0019e-03, PNorm = 58.4549, GNorm = 0.0143, lr_0 = 1.3099e-04
Loss = 1.3452e-02, PNorm = 58.4655, GNorm = 0.0526, lr_0 = 1.2973e-04
Loss = 1.3589e-02, PNorm = 58.4757, GNorm = 0.0580, lr_0 = 1.2848e-04
Loss = 8.0800e-03, PNorm = 58.4883, GNorm = 0.0323, lr_0 = 1.2724e-04
Loss = 6.1611e-03, PNorm = 58.4983, GNorm = 0.4478, lr_0 = 1.2601e-04
Loss = 2.3370e-02, PNorm = 58.4954, GNorm = 0.2944, lr_0 = 1.2480e-04
Validation auc = 0.873752
Epoch 27
Loss = 6.5226e-03, PNorm = 58.5075, GNorm = 0.0362, lr_0 = 1.2360e-04
Loss = 1.7055e-02, PNorm = 58.5235, GNorm = 0.5343, lr_0 = 1.2241e-04
Loss = 7.3781e-03, PNorm = 58.5279, GNorm = 0.1570, lr_0 = 1.2123e-04
Loss = 1.2626e-02, PNorm = 58.5362, GNorm = 0.1775, lr_0 = 1.2006e-04
Loss = 5.8156e-03, PNorm = 58.5520, GNorm = 0.1133, lr_0 = 1.1891e-04
Loss = 1.8985e-02, PNorm = 58.5505, GNorm = 0.2249, lr_0 = 1.1776e-04
Loss = 9.6294e-03, PNorm = 58.5670, GNorm = 0.0501, lr_0 = 1.1663e-04
Loss = 1.8936e-02, PNorm = 58.5750, GNorm = 0.2163, lr_0 = 1.1551e-04
Validation auc = 0.853481
Epoch 28
Loss = 2.8256e-02, PNorm = 58.5887, GNorm = 0.1207, lr_0 = 1.1428e-04
Loss = 1.3111e-02, PNorm = 58.5992, GNorm = 0.1675, lr_0 = 1.1318e-04
Loss = 1.2786e-02, PNorm = 58.6049, GNorm = 0.1810, lr_0 = 1.1209e-04
Loss = 1.2074e-02, PNorm = 58.6247, GNorm = 0.1040, lr_0 = 1.1101e-04
Loss = 2.9085e-03, PNorm = 58.6423, GNorm = 0.0153, lr_0 = 1.0995e-04
Loss = 1.0351e-02, PNorm = 58.6406, GNorm = 0.3006, lr_0 = 1.0889e-04
Loss = 8.0031e-03, PNorm = 58.6494, GNorm = 0.2785, lr_0 = 1.0784e-04
Loss = 1.0998e-02, PNorm = 58.6588, GNorm = 0.0256, lr_0 = 1.0680e-04
Loss = 5.0405e-03, PNorm = 58.6670, GNorm = 0.2193, lr_0 = 1.0577e-04
Validation auc = 0.841461
Epoch 29
Loss = 8.0172e-03, PNorm = 58.6790, GNorm = 0.1867, lr_0 = 1.0475e-04
Loss = 1.7938e-03, PNorm = 58.6850, GNorm = 0.0065, lr_0 = 1.0374e-04
Loss = 1.0853e-02, PNorm = 58.6905, GNorm = 0.1766, lr_0 = 1.0275e-04
Loss = 2.0749e-02, PNorm = 58.6896, GNorm = 0.2006, lr_0 = 1.0176e-04
Loss = 9.9882e-03, PNorm = 58.7030, GNorm = 0.3225, lr_0 = 1.0078e-04
Loss = 8.4384e-03, PNorm = 58.7169, GNorm = 0.2081, lr_0 = 1.0000e-04
Loss = 1.5489e-02, PNorm = 58.7262, GNorm = 0.5455, lr_0 = 1.0000e-04
Loss = 5.0976e-03, PNorm = 58.7314, GNorm = 0.0563, lr_0 = 1.0000e-04
Validation auc = 0.829380
Model 0 best validation auc = 0.930449 on epoch 13
Loading pretrained parameter "encoder.encoder.0.cached_zero_vector".
Loading pretrained parameter "encoder.encoder.0.W_i.weight".
Loading pretrained parameter "encoder.encoder.0.W_h.weight".
Loading pretrained parameter "encoder.encoder.0.W_o.weight".
Loading pretrained parameter "encoder.encoder.0.W_o.bias".
Loading pretrained parameter "ffn.1.weight".
Loading pretrained parameter "ffn.1.bias".
Moving model to cuda
Model 0 test auc = 0.779370
Ensemble test auc = 0.779370
3-fold cross validation
	Seed 0 ==> test auc = 0.661073
	Seed 1 ==> test auc = 0.833270
	Seed 2 ==> test auc = 0.779370
Overall test auc = 0.757904 +/- 0.071919
Elapsed time = 0:26:30
