Command line
python /home/jackievaleri8/.conda/envs/chemprop/bin/chemprop_train --init_lr 0.0001 --dropout 0.25 --hidden_size 500 --ffn_num_layers 1 --depth 4 --save_dir round3finalval08162021_models/103 --data_path round3finalval08162021_TRAIN.csv --dataset_type classification --features_path round3finalval08162021_TRAINFTS.npz --no_features_scaling --num_folds 3 --ensemble_size 1 --split_type scaffold_balanced --split_sizes 0.8 0.1 0.1 --smiles_columns SMILES --ignore_columns Name --gpu 0
Args
{'activation': 'ReLU',
 'aggregation': 'mean',
 'aggregation_norm': 100,
 'atom_descriptor_scaling': True,
 'atom_descriptors': None,
 'atom_descriptors_path': None,
 'atom_descriptors_size': 0,
 'atom_features_size': 0,
 'atom_messages': False,
 'batch_size': 50,
 'bias': False,
 'bond_feature_scaling': True,
 'bond_features_path': None,
 'bond_features_size': 0,
 'cache_cutoff': 10000,
 'checkpoint_dir': None,
 'checkpoint_path': None,
 'checkpoint_paths': None,
 'class_balance': False,
 'config_path': None,
 'crossval_index_dir': None,
 'crossval_index_file': None,
 'crossval_index_sets': None,
 'cuda': True,
 'data_path': 'round3finalval08162021_TRAIN.csv',
 'dataset_type': 'classification',
 'depth': 4,
 'device': device(type='cuda', index=0),
 'dropout': 0.25,
 'empty_cache': False,
 'ensemble_size': 1,
 'epochs': 30,
 'explicit_h': False,
 'extra_metrics': [],
 'features_generator': None,
 'features_only': False,
 'features_path': ['round3finalval08162021_TRAINFTS.npz'],
 'features_scaling': False,
 'features_size': None,
 'ffn_hidden_size': 500,
 'ffn_num_layers': 1,
 'final_lr': 0.0001,
 'folds_file': None,
 'gpu': 0,
 'grad_clip': None,
 'hidden_size': 500,
 'ignore_columns': ['Name'],
 'init_lr': 0.0001,
 'log_frequency': 10,
 'max_data_size': None,
 'max_lr': 0.001,
 'metric': 'auc',
 'metrics': ['auc'],
 'minimize_score': False,
 'mpn_shared': False,
 'multiclass_num_classes': 3,
 'no_atom_descriptor_scaling': False,
 'no_bond_features_scaling': False,
 'no_cache_mol': False,
 'no_cuda': False,
 'no_features_scaling': True,
 'num_folds': 3,
 'num_lrs': 1,
 'num_tasks': 2,
 'num_workers': 8,
 'number_of_molecules': 1,
 'overwrite_default_atom_features': False,
 'overwrite_default_bond_features': False,
 'pytorch_seed': 0,
 'quiet': False,
 'reaction': False,
 'reaction_mode': 'reac_diff',
 'resume_experiment': False,
 'save_dir': 'round3finalval08162021_models/103',
 'save_preds': False,
 'save_smiles_splits': False,
 'seed': 0,
 'separate_test_atom_descriptors_path': None,
 'separate_test_bond_features_path': None,
 'separate_test_features_path': None,
 'separate_test_path': None,
 'separate_val_atom_descriptors_path': None,
 'separate_val_bond_features_path': None,
 'separate_val_features_path': None,
 'separate_val_path': None,
 'show_individual_scores': False,
 'smiles_columns': ['SMILES'],
 'split_sizes': (0.8, 0.1, 0.1),
 'split_type': 'scaffold_balanced',
 'target_columns': None,
 'task_names': ['hit_inh', 'hit_kill'],
 'test': False,
 'test_fold_index': None,
 'train_data_size': None,
 'undirected': False,
 'use_input_features': True,
 'val_fold_index': None,
 'warmup_epochs': 2.0}
Loading data
Warning: 23 SMILES are invalid.
Number of tasks = 2
Fold 0
Splitting data with seed 0
Total scaffolds = 3,467 | train scaffolds = 2,650 | val scaffolds = 433 | test scaffolds = 384
Label averages per scaffold, in decreasing order of scaffold frequency,capped at 10 scaffolds and 20 labels:
Scaffold 0
Task 0: count = 381 | target average = 0.018373
Task 1: count = 381 | target average = 0.013123


Scaffold 1
Task 0: count = 305 | target average = 0.009836
Task 1: count = 305 | target average = 0.016393


Scaffold 2
Task 0: count = 36 | target average = 0.000000
Task 1: count = 36 | target average = 0.000000


Scaffold 3
Task 0: count = 29 | target average = 0.000000
Task 1: count = 29 | target average = 0.000000


Scaffold 4
Task 0: count = 26 | target average = 0.000000
Task 1: count = 26 | target average = 0.000000


Scaffold 5
Task 0: count = 23 | target average = 0.000000
Task 1: count = 23 | target average = 0.000000


Scaffold 6
Task 0: count = 22 | target average = 0.090909
Task 1: count = 22 | target average = 0.090909


Scaffold 7
Task 0: count = 20 | target average = 0.000000
Task 1: count = 20 | target average = 0.000000


Scaffold 8
Task 0: count = 20 | target average = 0.000000
Task 1: count = 20 | target average = 0.000000


Scaffold 9
Task 0: count = 20 | target average = 0.050000
Task 1: count = 20 | target average = 0.000000


Class sizes
hit_inh 0: 97.83%, 1: 2.17%
hit_kill 0: 98.64%, 1: 1.36%
Total size = 5,353 | train size = 4,282 | val size = 535 | test size = 536
Building model 0
MoleculeModel(
  (sigmoid): Sigmoid()
  (encoder): MPN(
    (encoder): ModuleList(
      (0): MPNEncoder(
        (dropout_layer): Dropout(p=0.25, inplace=False)
        (act_func): ReLU()
        (W_i): Linear(in_features=147, out_features=500, bias=False)
        (W_h): Linear(in_features=500, out_features=500, bias=False)
        (W_o): Linear(in_features=633, out_features=500, bias=True)
      )
    )
  )
  (ffn): Sequential(
    (0): Dropout(p=0.25, inplace=False)
    (1): Linear(in_features=700, out_features=2, bias=True)
  )
)
Number of parameters = 641,902
Moving model to cuda
Epoch 0
Loss = 5.0547e-01, PNorm = 35.8525, GNorm = 0.5807, lr_0 = 1.5824e-04
Loss = 1.2476e-01, PNorm = 35.8676, GNorm = 0.6677, lr_0 = 2.1118e-04
Loss = 1.1025e-01, PNorm = 35.8741, GNorm = 1.3062, lr_0 = 2.6412e-04
Loss = 1.2181e-01, PNorm = 35.8741, GNorm = 0.2077, lr_0 = 3.1706e-04
Loss = 1.0739e-01, PNorm = 35.8785, GNorm = 0.3623, lr_0 = 3.7000e-04
Loss = 6.6170e-02, PNorm = 35.8861, GNorm = 0.2316, lr_0 = 4.2294e-04
Loss = 7.6672e-02, PNorm = 35.8910, GNorm = 0.3251, lr_0 = 4.7588e-04
Loss = 7.1963e-02, PNorm = 35.8958, GNorm = 0.1817, lr_0 = 5.2882e-04
Validation auc = 0.432272
Epoch 1
Loss = 3.7465e-02, PNorm = 35.9115, GNorm = 0.1206, lr_0 = 5.8706e-04
Loss = 1.0501e-01, PNorm = 35.9147, GNorm = 0.2843, lr_0 = 6.4000e-04
Loss = 9.0516e-02, PNorm = 35.9339, GNorm = 0.2193, lr_0 = 6.9294e-04
Loss = 1.0607e-01, PNorm = 35.9457, GNorm = 0.2880, lr_0 = 7.4588e-04
Loss = 9.0406e-02, PNorm = 35.9646, GNorm = 0.1720, lr_0 = 7.9882e-04
Loss = 6.5787e-02, PNorm = 35.9821, GNorm = 0.2600, lr_0 = 8.5176e-04
Loss = 9.6203e-02, PNorm = 35.9946, GNorm = 0.1501, lr_0 = 9.0471e-04
Loss = 1.0441e-01, PNorm = 36.0108, GNorm = 0.1822, lr_0 = 9.5765e-04
Loss = 1.0817e-01, PNorm = 36.0406, GNorm = 0.1822, lr_0 = 9.9807e-04
Validation auc = 0.708593
Epoch 2
Loss = 7.3443e-02, PNorm = 36.0771, GNorm = 0.0750, lr_0 = 9.8846e-04
Loss = 6.9745e-02, PNorm = 36.0976, GNorm = 0.1905, lr_0 = 9.7894e-04
Loss = 7.5764e-02, PNorm = 36.1321, GNorm = 0.1769, lr_0 = 9.6952e-04
Loss = 8.8297e-02, PNorm = 36.1578, GNorm = 0.4958, lr_0 = 9.6018e-04
Loss = 7.6546e-02, PNorm = 36.1957, GNorm = 0.1680, lr_0 = 9.5094e-04
Loss = 9.8449e-02, PNorm = 36.2200, GNorm = 0.1751, lr_0 = 9.4178e-04
Loss = 1.3742e-01, PNorm = 36.2634, GNorm = 0.4253, lr_0 = 9.3271e-04
Loss = 6.5210e-02, PNorm = 36.3100, GNorm = 0.3372, lr_0 = 9.2373e-04
Validation auc = 0.774565
Epoch 3
Loss = 7.9274e-02, PNorm = 36.3420, GNorm = 0.1777, lr_0 = 9.1395e-04
Loss = 1.0840e-01, PNorm = 36.3832, GNorm = 0.2512, lr_0 = 9.0515e-04
Loss = 8.7241e-02, PNorm = 36.4401, GNorm = 0.5222, lr_0 = 8.9644e-04
Loss = 8.3206e-02, PNorm = 36.4734, GNorm = 0.1750, lr_0 = 8.8781e-04
Loss = 7.9960e-02, PNorm = 36.5141, GNorm = 0.3658, lr_0 = 8.7926e-04
Loss = 8.6088e-02, PNorm = 36.5521, GNorm = 0.1488, lr_0 = 8.7080e-04
Loss = 5.7609e-02, PNorm = 36.6076, GNorm = 0.1111, lr_0 = 8.6241e-04
Loss = 7.1985e-02, PNorm = 36.6419, GNorm = 0.1567, lr_0 = 8.5411e-04
Loss = 8.9035e-02, PNorm = 36.6843, GNorm = 0.1597, lr_0 = 8.4588e-04
Validation auc = 0.818544
Epoch 4
Loss = 6.8961e-02, PNorm = 36.7362, GNorm = 0.1316, lr_0 = 8.3774e-04
Loss = 6.2196e-02, PNorm = 36.7930, GNorm = 0.1281, lr_0 = 8.2967e-04
Loss = 8.6913e-02, PNorm = 36.8321, GNorm = 0.1828, lr_0 = 8.2169e-04
Loss = 9.4762e-02, PNorm = 36.8800, GNorm = 0.4133, lr_0 = 8.1377e-04
Loss = 1.0306e-01, PNorm = 36.9147, GNorm = 0.1693, lr_0 = 8.0594e-04
Loss = 5.9069e-02, PNorm = 36.9739, GNorm = 0.0902, lr_0 = 7.9818e-04
Loss = 6.5655e-02, PNorm = 37.0206, GNorm = 0.1207, lr_0 = 7.9050e-04
Loss = 6.4981e-02, PNorm = 37.0695, GNorm = 0.1011, lr_0 = 7.8288e-04
Validation auc = 0.871124
Epoch 5
Loss = 7.4830e-02, PNorm = 37.1187, GNorm = 0.1721, lr_0 = 7.7535e-04
Loss = 5.6853e-02, PNorm = 37.1684, GNorm = 0.1619, lr_0 = 7.6788e-04
Loss = 1.1534e-01, PNorm = 37.2120, GNorm = 0.3792, lr_0 = 7.6049e-04
Loss = 9.1964e-02, PNorm = 37.2919, GNorm = 0.2135, lr_0 = 7.5317e-04
Loss = 5.7424e-02, PNorm = 37.3737, GNorm = 0.1739, lr_0 = 7.4591e-04
Loss = 6.7124e-02, PNorm = 37.4314, GNorm = 0.3330, lr_0 = 7.3873e-04
Loss = 9.3803e-02, PNorm = 37.4633, GNorm = 0.2426, lr_0 = 7.3162e-04
Loss = 3.9626e-02, PNorm = 37.4962, GNorm = 0.0734, lr_0 = 7.2458e-04
Loss = 7.9738e-02, PNorm = 37.5225, GNorm = 0.1675, lr_0 = 7.1760e-04
Validation auc = 0.902632
Epoch 6
Loss = 4.1840e-02, PNorm = 37.5839, GNorm = 0.1715, lr_0 = 7.1000e-04
Loss = 7.4489e-02, PNorm = 37.6120, GNorm = 0.1424, lr_0 = 7.0317e-04
Loss = 6.3805e-02, PNorm = 37.6599, GNorm = 0.1196, lr_0 = 6.9640e-04
Loss = 6.1707e-02, PNorm = 37.6897, GNorm = 0.1085, lr_0 = 6.8969e-04
Loss = 6.7061e-02, PNorm = 37.7275, GNorm = 0.2390, lr_0 = 6.8305e-04
Loss = 7.5473e-02, PNorm = 37.7695, GNorm = 0.1329, lr_0 = 6.7648e-04
Loss = 6.7812e-02, PNorm = 37.8057, GNorm = 0.2224, lr_0 = 6.6996e-04
Loss = 7.0248e-02, PNorm = 37.8484, GNorm = 0.4488, lr_0 = 6.6351e-04
Validation auc = 0.924619
Epoch 7
Loss = 7.6555e-02, PNorm = 37.8975, GNorm = 0.3236, lr_0 = 6.5712e-04
Loss = 7.4765e-02, PNorm = 37.9390, GNorm = 0.3200, lr_0 = 6.5080e-04
Loss = 7.0515e-02, PNorm = 38.0009, GNorm = 0.1280, lr_0 = 6.4453e-04
Loss = 4.7262e-02, PNorm = 38.0622, GNorm = 0.2344, lr_0 = 6.3833e-04
Loss = 5.0915e-02, PNorm = 38.0913, GNorm = 0.2144, lr_0 = 6.3218e-04
Loss = 7.4537e-02, PNorm = 38.1151, GNorm = 0.3381, lr_0 = 6.2609e-04
Loss = 4.4338e-02, PNorm = 38.1618, GNorm = 0.2007, lr_0 = 6.2006e-04
Loss = 5.2000e-02, PNorm = 38.1966, GNorm = 0.1808, lr_0 = 6.1409e-04
Loss = 6.8782e-02, PNorm = 38.2330, GNorm = 0.3029, lr_0 = 6.0818e-04
Validation auc = 0.937818
Epoch 8
Loss = 4.4403e-02, PNorm = 38.2505, GNorm = 0.1171, lr_0 = 6.0233e-04
Loss = 6.2583e-02, PNorm = 38.2942, GNorm = 0.1669, lr_0 = 5.9653e-04
Loss = 5.7282e-02, PNorm = 38.3359, GNorm = 0.1050, lr_0 = 5.9078e-04
Loss = 4.4761e-02, PNorm = 38.3840, GNorm = 0.2754, lr_0 = 5.8510e-04
Loss = 6.6891e-02, PNorm = 38.4066, GNorm = 0.2605, lr_0 = 5.7946e-04
Loss = 5.7317e-02, PNorm = 38.4559, GNorm = 0.0746, lr_0 = 5.7388e-04
Loss = 3.5521e-02, PNorm = 38.5032, GNorm = 0.1450, lr_0 = 5.6836e-04
Loss = 8.9294e-02, PNorm = 38.5338, GNorm = 0.3160, lr_0 = 5.6289e-04
Loss = 7.9794e-02, PNorm = 38.5662, GNorm = 0.2708, lr_0 = 5.5747e-04
Loss = 1.5762e-02, PNorm = 38.5685, GNorm = 0.1631, lr_0 = 5.5693e-04
Validation auc = 0.929856
Epoch 9
Loss = 6.7926e-02, PNorm = 38.6096, GNorm = 0.2757, lr_0 = 5.5156e-04
Loss = 4.3511e-02, PNorm = 38.6654, GNorm = 0.0798, lr_0 = 5.4625e-04
Loss = 3.5554e-02, PNorm = 38.6909, GNorm = 0.0744, lr_0 = 5.4100e-04
Loss = 4.8675e-02, PNorm = 38.7086, GNorm = 0.4370, lr_0 = 5.3579e-04
Loss = 4.6742e-02, PNorm = 38.7309, GNorm = 0.1568, lr_0 = 5.3063e-04
Loss = 7.5520e-02, PNorm = 38.7396, GNorm = 0.1756, lr_0 = 5.2552e-04
Loss = 6.3475e-02, PNorm = 38.7781, GNorm = 0.2230, lr_0 = 5.2046e-04
Loss = 6.7510e-02, PNorm = 38.8045, GNorm = 0.2887, lr_0 = 5.1545e-04
Validation auc = 0.934544
Epoch 10
Loss = 4.8492e-02, PNorm = 38.8326, GNorm = 0.6303, lr_0 = 5.1049e-04
Loss = 4.7994e-02, PNorm = 38.8569, GNorm = 0.2118, lr_0 = 5.0557e-04
Loss = 5.9714e-02, PNorm = 38.8843, GNorm = 0.2483, lr_0 = 5.0070e-04
Loss = 5.9605e-02, PNorm = 38.9089, GNorm = 0.3564, lr_0 = 4.9588e-04
Loss = 4.5538e-02, PNorm = 38.9313, GNorm = 0.1948, lr_0 = 4.9111e-04
Loss = 4.4960e-02, PNorm = 38.9596, GNorm = 0.2035, lr_0 = 4.8638e-04
Loss = 8.0333e-02, PNorm = 38.9748, GNorm = 0.2586, lr_0 = 4.8170e-04
Loss = 3.7758e-02, PNorm = 39.0168, GNorm = 0.1547, lr_0 = 4.7706e-04
Loss = 5.2886e-02, PNorm = 39.0428, GNorm = 0.1390, lr_0 = 4.7247e-04
Validation auc = 0.956272
Epoch 11
Loss = 4.0824e-02, PNorm = 39.0757, GNorm = 0.1475, lr_0 = 4.6792e-04
Loss = 6.3881e-02, PNorm = 39.0928, GNorm = 0.2571, lr_0 = 4.6341e-04
Loss = 5.2938e-02, PNorm = 39.1162, GNorm = 0.4664, lr_0 = 4.5895e-04
Loss = 4.8877e-02, PNorm = 39.1449, GNorm = 0.1186, lr_0 = 4.5453e-04
Loss = 5.1303e-02, PNorm = 39.1760, GNorm = 0.1565, lr_0 = 4.5015e-04
Loss = 5.7462e-02, PNorm = 39.2072, GNorm = 0.2938, lr_0 = 4.4582e-04
Loss = 6.0571e-02, PNorm = 39.2325, GNorm = 0.0849, lr_0 = 4.4153e-04
Loss = 3.6713e-02, PNorm = 39.2542, GNorm = 0.3050, lr_0 = 4.3728e-04
Validation auc = 0.939828
Epoch 12
Loss = 3.0199e-02, PNorm = 39.2788, GNorm = 0.0625, lr_0 = 4.3265e-04
Loss = 5.6892e-02, PNorm = 39.2941, GNorm = 0.5908, lr_0 = 4.2848e-04
Loss = 5.1784e-02, PNorm = 39.3173, GNorm = 0.1495, lr_0 = 4.2436e-04
Loss = 6.5019e-02, PNorm = 39.3471, GNorm = 0.2313, lr_0 = 4.2027e-04
Loss = 2.2779e-02, PNorm = 39.3877, GNorm = 0.0580, lr_0 = 4.1622e-04
Loss = 5.2088e-02, PNorm = 39.4076, GNorm = 0.3125, lr_0 = 4.1222e-04
Loss = 5.3770e-02, PNorm = 39.4269, GNorm = 0.1575, lr_0 = 4.0825e-04
Loss = 6.0205e-02, PNorm = 39.4485, GNorm = 0.0911, lr_0 = 4.0432e-04
Loss = 5.3856e-02, PNorm = 39.4603, GNorm = 0.2366, lr_0 = 4.0042e-04
Validation auc = 0.949666
Epoch 13
Loss = 4.5885e-02, PNorm = 39.4748, GNorm = 0.1382, lr_0 = 3.9657e-04
Loss = 6.1118e-02, PNorm = 39.4993, GNorm = 0.1290, lr_0 = 3.9275e-04
Loss = 5.3157e-02, PNorm = 39.5230, GNorm = 0.1775, lr_0 = 3.8897e-04
Loss = 1.9963e-02, PNorm = 39.5621, GNorm = 0.0506, lr_0 = 3.8522e-04
Loss = 7.3698e-02, PNorm = 39.5681, GNorm = 0.2522, lr_0 = 3.8152e-04
Loss = 4.5761e-02, PNorm = 39.5939, GNorm = 0.1884, lr_0 = 3.7784e-04
Loss = 6.0102e-02, PNorm = 39.6064, GNorm = 0.3899, lr_0 = 3.7420e-04
Loss = 5.5257e-02, PNorm = 39.6193, GNorm = 0.1897, lr_0 = 3.7060e-04
Validation auc = 0.949589
Epoch 14
Loss = 4.4746e-02, PNorm = 39.6423, GNorm = 0.2522, lr_0 = 3.6668e-04
Loss = 5.2291e-02, PNorm = 39.6609, GNorm = 0.1685, lr_0 = 3.6315e-04
Loss = 4.1553e-02, PNorm = 39.6841, GNorm = 0.3228, lr_0 = 3.5965e-04
Loss = 4.5343e-02, PNorm = 39.7083, GNorm = 0.3763, lr_0 = 3.5619e-04
Loss = 2.1819e-02, PNorm = 39.7259, GNorm = 0.1310, lr_0 = 3.5276e-04
Loss = 4.8714e-02, PNorm = 39.7430, GNorm = 0.3303, lr_0 = 3.4936e-04
Loss = 7.3823e-02, PNorm = 39.7469, GNorm = 0.3698, lr_0 = 3.4600e-04
Loss = 4.0006e-02, PNorm = 39.7700, GNorm = 0.2152, lr_0 = 3.4267e-04
Loss = 5.4376e-02, PNorm = 39.7890, GNorm = 0.1649, lr_0 = 3.3937e-04
Validation auc = 0.957300
Epoch 15
Loss = 5.3331e-02, PNorm = 39.8069, GNorm = 0.3879, lr_0 = 3.3610e-04
Loss = 3.7902e-02, PNorm = 39.8343, GNorm = 0.1884, lr_0 = 3.3287e-04
Loss = 3.7077e-02, PNorm = 39.8462, GNorm = 0.2487, lr_0 = 3.2966e-04
Loss = 4.9420e-02, PNorm = 39.8526, GNorm = 0.2390, lr_0 = 3.2649e-04
Loss = 5.5535e-02, PNorm = 39.8739, GNorm = 0.1958, lr_0 = 3.2334e-04
Loss = 2.9757e-02, PNorm = 39.8964, GNorm = 0.1760, lr_0 = 3.2023e-04
Loss = 4.9254e-02, PNorm = 39.9121, GNorm = 0.2301, lr_0 = 3.1715e-04
Loss = 5.6698e-02, PNorm = 39.9291, GNorm = 0.2429, lr_0 = 3.1409e-04
Loss = 4.3741e-02, PNorm = 39.9527, GNorm = 0.1641, lr_0 = 3.1107e-04
Validation auc = 0.962026
Epoch 16
Loss = 4.2479e-02, PNorm = 39.9740, GNorm = 0.3338, lr_0 = 3.0807e-04
Loss = 6.0050e-02, PNorm = 39.9833, GNorm = 0.1666, lr_0 = 3.0511e-04
Loss = 2.0096e-02, PNorm = 40.0026, GNorm = 0.1440, lr_0 = 3.0217e-04
Loss = 4.7099e-02, PNorm = 40.0060, GNorm = 0.3435, lr_0 = 2.9926e-04
Loss = 3.8754e-02, PNorm = 40.0186, GNorm = 0.1031, lr_0 = 2.9638e-04
Loss = 4.9834e-02, PNorm = 40.0358, GNorm = 0.1798, lr_0 = 2.9353e-04
Loss = 4.2036e-02, PNorm = 40.0502, GNorm = 0.1373, lr_0 = 2.9070e-04
Loss = 3.1066e-02, PNorm = 40.0676, GNorm = 0.2263, lr_0 = 2.8790e-04
Validation auc = 0.943686
Epoch 17
Loss = 2.4328e-02, PNorm = 40.0828, GNorm = 0.1810, lr_0 = 2.8485e-04
Loss = 4.5653e-02, PNorm = 40.1012, GNorm = 0.3764, lr_0 = 2.8211e-04
Loss = 3.1498e-02, PNorm = 40.1191, GNorm = 0.2209, lr_0 = 2.7939e-04
Loss = 4.7135e-02, PNorm = 40.1372, GNorm = 0.1333, lr_0 = 2.7670e-04
Loss = 3.3575e-02, PNorm = 40.1476, GNorm = 0.2803, lr_0 = 2.7404e-04
Loss = 5.2614e-02, PNorm = 40.1543, GNorm = 0.1876, lr_0 = 2.7140e-04
Loss = 6.3933e-02, PNorm = 40.1660, GNorm = 0.3037, lr_0 = 2.6879e-04
Loss = 3.0463e-02, PNorm = 40.1847, GNorm = 0.1538, lr_0 = 2.6620e-04
Loss = 2.9786e-02, PNorm = 40.1980, GNorm = 0.3169, lr_0 = 2.6364e-04
Validation auc = 0.956611
Epoch 18
Loss = 5.5104e-02, PNorm = 40.2009, GNorm = 0.4899, lr_0 = 2.6110e-04
Loss = 4.3696e-02, PNorm = 40.2207, GNorm = 0.2048, lr_0 = 2.5859e-04
Loss = 3.7170e-02, PNorm = 40.2328, GNorm = 0.2868, lr_0 = 2.5610e-04
Loss = 1.7952e-02, PNorm = 40.2472, GNorm = 0.0868, lr_0 = 2.5363e-04
Loss = 3.0512e-02, PNorm = 40.2622, GNorm = 0.6397, lr_0 = 2.5119e-04
Loss = 5.1293e-02, PNorm = 40.2687, GNorm = 0.1615, lr_0 = 2.4877e-04
Loss = 4.5872e-02, PNorm = 40.2828, GNorm = 0.2198, lr_0 = 2.4638e-04
Loss = 4.9951e-02, PNorm = 40.2950, GNorm = 0.0999, lr_0 = 2.4400e-04
Validation auc = 0.948060
Epoch 19
Loss = 3.2418e-02, PNorm = 40.3047, GNorm = 0.2698, lr_0 = 2.4165e-04
Loss = 4.0553e-02, PNorm = 40.3207, GNorm = 0.1125, lr_0 = 2.3933e-04
Loss = 2.6909e-02, PNorm = 40.3381, GNorm = 0.0789, lr_0 = 2.3702e-04
Loss = 5.1691e-02, PNorm = 40.3414, GNorm = 0.3091, lr_0 = 2.3474e-04
Loss = 4.0576e-02, PNorm = 40.3480, GNorm = 0.3325, lr_0 = 2.3248e-04
Loss = 4.1607e-02, PNorm = 40.3693, GNorm = 0.1677, lr_0 = 2.3024e-04
Loss = 5.0711e-02, PNorm = 40.3806, GNorm = 0.3759, lr_0 = 2.2803e-04
Loss = 2.8343e-02, PNorm = 40.3910, GNorm = 0.1323, lr_0 = 2.2583e-04
Loss = 3.9266e-02, PNorm = 40.4023, GNorm = 0.1674, lr_0 = 2.2366e-04
Validation auc = 0.956404
Epoch 20
Loss = 2.6075e-02, PNorm = 40.4145, GNorm = 0.2777, lr_0 = 2.2129e-04
Loss = 4.4014e-02, PNorm = 40.4192, GNorm = 0.1214, lr_0 = 2.1916e-04
Loss = 3.0535e-02, PNorm = 40.4324, GNorm = 0.4419, lr_0 = 2.1705e-04
Loss = 3.6860e-02, PNorm = 40.4491, GNorm = 0.3048, lr_0 = 2.1496e-04
Loss = 2.5779e-02, PNorm = 40.4528, GNorm = 0.0550, lr_0 = 2.1289e-04
Loss = 3.3489e-02, PNorm = 40.4610, GNorm = 0.1308, lr_0 = 2.1084e-04
Loss = 5.3533e-02, PNorm = 40.4697, GNorm = 0.2085, lr_0 = 2.0881e-04
Loss = 5.3300e-02, PNorm = 40.4777, GNorm = 0.3563, lr_0 = 2.0680e-04
Validation auc = 0.947845
Epoch 21
Loss = 4.7985e-02, PNorm = 40.4916, GNorm = 0.1723, lr_0 = 2.0481e-04
Loss = 3.7313e-02, PNorm = 40.5018, GNorm = 0.1243, lr_0 = 2.0283e-04
Loss = 3.7322e-02, PNorm = 40.5131, GNorm = 0.1551, lr_0 = 2.0088e-04
Loss = 2.5687e-02, PNorm = 40.5300, GNorm = 0.1530, lr_0 = 1.9895e-04
Loss = 3.7805e-02, PNorm = 40.5385, GNorm = 0.1647, lr_0 = 1.9703e-04
Loss = 2.9962e-02, PNorm = 40.5474, GNorm = 0.1101, lr_0 = 1.9514e-04
Loss = 4.7802e-02, PNorm = 40.5587, GNorm = 0.6013, lr_0 = 1.9326e-04
Loss = 3.6511e-02, PNorm = 40.5691, GNorm = 0.2453, lr_0 = 1.9140e-04
Loss = 3.2627e-02, PNorm = 40.5819, GNorm = 0.1535, lr_0 = 1.8955e-04
Validation auc = 0.965118
Epoch 22
Loss = 3.7142e-02, PNorm = 40.5849, GNorm = 0.1428, lr_0 = 1.8773e-04
Loss = 2.8429e-02, PNorm = 40.5928, GNorm = 0.1295, lr_0 = 1.8592e-04
Loss = 4.2267e-02, PNorm = 40.5999, GNorm = 0.1348, lr_0 = 1.8413e-04
Loss = 3.7415e-02, PNorm = 40.6075, GNorm = 0.1130, lr_0 = 1.8236e-04
Loss = 4.7410e-02, PNorm = 40.6136, GNorm = 0.5875, lr_0 = 1.8060e-04
Loss = 3.9739e-02, PNorm = 40.6294, GNorm = 0.2459, lr_0 = 1.7886e-04
Loss = 2.1415e-02, PNorm = 40.6409, GNorm = 0.0735, lr_0 = 1.7714e-04
Loss = 3.5041e-02, PNorm = 40.6458, GNorm = 0.1306, lr_0 = 1.7544e-04
Validation auc = 0.955436
Epoch 23
Loss = 7.6292e-02, PNorm = 40.6538, GNorm = 0.3427, lr_0 = 1.7358e-04
Loss = 3.1541e-02, PNorm = 40.6666, GNorm = 0.2473, lr_0 = 1.7191e-04
Loss = 3.8662e-02, PNorm = 40.6729, GNorm = 0.1336, lr_0 = 1.7025e-04
Loss = 2.3904e-02, PNorm = 40.6763, GNorm = 0.2455, lr_0 = 1.6861e-04
Loss = 3.1765e-02, PNorm = 40.6865, GNorm = 0.3262, lr_0 = 1.6699e-04
Loss = 3.3560e-02, PNorm = 40.6930, GNorm = 0.1323, lr_0 = 1.6538e-04
Loss = 3.7472e-02, PNorm = 40.7025, GNorm = 0.1092, lr_0 = 1.6379e-04
Loss = 3.8675e-02, PNorm = 40.7055, GNorm = 0.4818, lr_0 = 1.6221e-04
Loss = 3.3110e-02, PNorm = 40.7134, GNorm = 0.1961, lr_0 = 1.6065e-04
Validation auc = 0.954024
Epoch 24
Loss = 3.3586e-02, PNorm = 40.7210, GNorm = 0.6085, lr_0 = 1.5910e-04
Loss = 3.8255e-02, PNorm = 40.7292, GNorm = 0.1072, lr_0 = 1.5757e-04
Loss = 2.2062e-02, PNorm = 40.7387, GNorm = 0.3161, lr_0 = 1.5605e-04
Loss = 2.6200e-02, PNorm = 40.7471, GNorm = 0.2944, lr_0 = 1.5455e-04
Loss = 5.2944e-02, PNorm = 40.7486, GNorm = 0.2480, lr_0 = 1.5306e-04
Loss = 4.2106e-02, PNorm = 40.7492, GNorm = 0.7044, lr_0 = 1.5159e-04
Loss = 4.5082e-02, PNorm = 40.7654, GNorm = 0.1134, lr_0 = 1.5013e-04
Loss = 2.5987e-02, PNorm = 40.7745, GNorm = 0.0441, lr_0 = 1.4869e-04
Loss = 3.5461e-02, PNorm = 40.7762, GNorm = 0.1218, lr_0 = 1.4725e-04
Validation auc = 0.952260
Epoch 25
Loss = 2.6805e-02, PNorm = 40.7813, GNorm = 0.2755, lr_0 = 1.4584e-04
Loss = 3.6045e-02, PNorm = 40.7900, GNorm = 0.1883, lr_0 = 1.4443e-04
Loss = 2.2672e-02, PNorm = 40.8033, GNorm = 0.0695, lr_0 = 1.4304e-04
Loss = 3.7046e-02, PNorm = 40.8110, GNorm = 0.1656, lr_0 = 1.4166e-04
Loss = 2.8930e-02, PNorm = 40.8182, GNorm = 0.7320, lr_0 = 1.4030e-04
Loss = 2.3858e-02, PNorm = 40.8207, GNorm = 0.1558, lr_0 = 1.3895e-04
Loss = 3.5145e-02, PNorm = 40.8234, GNorm = 0.1139, lr_0 = 1.3761e-04
Loss = 4.9469e-02, PNorm = 40.8249, GNorm = 0.5592, lr_0 = 1.3629e-04
Validation auc = 0.948542
Epoch 26
Loss = 3.4438e-02, PNorm = 40.8310, GNorm = 0.2534, lr_0 = 1.3484e-04
Loss = 2.6580e-02, PNorm = 40.8398, GNorm = 0.2329, lr_0 = 1.3355e-04
Loss = 3.8061e-02, PNorm = 40.8462, GNorm = 0.1197, lr_0 = 1.3226e-04
Loss = 4.2257e-02, PNorm = 40.8518, GNorm = 0.1422, lr_0 = 1.3099e-04
Loss = 3.9247e-02, PNorm = 40.8560, GNorm = 0.1892, lr_0 = 1.2973e-04
Loss = 3.4670e-02, PNorm = 40.8587, GNorm = 0.6549, lr_0 = 1.2848e-04
Loss = 2.5452e-02, PNorm = 40.8641, GNorm = 0.3848, lr_0 = 1.2724e-04
Loss = 3.2518e-02, PNorm = 40.8715, GNorm = 0.1583, lr_0 = 1.2601e-04
Loss = 1.7615e-02, PNorm = 40.8774, GNorm = 0.2118, lr_0 = 1.2480e-04
Validation auc = 0.957301
Epoch 27
Loss = 1.3379e-02, PNorm = 40.8811, GNorm = 0.2548, lr_0 = 1.2360e-04
Loss = 3.5733e-02, PNorm = 40.8842, GNorm = 0.4109, lr_0 = 1.2241e-04
Loss = 3.1955e-02, PNorm = 40.8913, GNorm = 0.2817, lr_0 = 1.2123e-04
Loss = 2.9134e-02, PNorm = 40.8994, GNorm = 0.5276, lr_0 = 1.2006e-04
Loss = 4.3522e-02, PNorm = 40.9044, GNorm = 0.4379, lr_0 = 1.1891e-04
Loss = 2.5794e-02, PNorm = 40.9087, GNorm = 0.3131, lr_0 = 1.1776e-04
Loss = 2.2809e-02, PNorm = 40.9166, GNorm = 0.1318, lr_0 = 1.1663e-04
Loss = 3.8600e-02, PNorm = 40.9193, GNorm = 0.5586, lr_0 = 1.1551e-04
Validation auc = 0.958524
Epoch 28
Loss = 4.9318e-02, PNorm = 40.9215, GNorm = 0.3204, lr_0 = 1.1428e-04
Loss = 2.8963e-02, PNorm = 40.9269, GNorm = 0.4656, lr_0 = 1.1318e-04
Loss = 2.3831e-02, PNorm = 40.9331, GNorm = 0.0688, lr_0 = 1.1209e-04
Loss = 4.3927e-02, PNorm = 40.9344, GNorm = 0.3196, lr_0 = 1.1101e-04
Loss = 1.7517e-02, PNorm = 40.9438, GNorm = 0.2205, lr_0 = 1.0995e-04
Loss = 2.6649e-02, PNorm = 40.9519, GNorm = 0.0188, lr_0 = 1.0889e-04
Loss = 3.2125e-02, PNorm = 40.9511, GNorm = 0.1084, lr_0 = 1.0784e-04
Loss = 1.8775e-02, PNorm = 40.9546, GNorm = 0.2105, lr_0 = 1.0680e-04
Loss = 5.0425e-02, PNorm = 40.9532, GNorm = 0.2309, lr_0 = 1.0577e-04
Validation auc = 0.956525
Epoch 29
Loss = 2.8102e-02, PNorm = 40.9580, GNorm = 0.2441, lr_0 = 1.0475e-04
Loss = 1.9834e-02, PNorm = 40.9670, GNorm = 0.2372, lr_0 = 1.0374e-04
Loss = 2.3551e-02, PNorm = 40.9730, GNorm = 0.0381, lr_0 = 1.0275e-04
Loss = 2.6248e-02, PNorm = 40.9750, GNorm = 0.3244, lr_0 = 1.0176e-04
Loss = 3.3667e-02, PNorm = 40.9808, GNorm = 0.5759, lr_0 = 1.0078e-04
Loss = 2.8931e-02, PNorm = 40.9834, GNorm = 0.2202, lr_0 = 1.0000e-04
Loss = 2.7343e-02, PNorm = 40.9865, GNorm = 0.1687, lr_0 = 1.0000e-04
Loss = 3.9478e-02, PNorm = 40.9883, GNorm = 0.5065, lr_0 = 1.0000e-04
Validation auc = 0.958148
Model 0 best validation auc = 0.965118 on epoch 21
Loading pretrained parameter "encoder.encoder.0.cached_zero_vector".
Loading pretrained parameter "encoder.encoder.0.W_i.weight".
Loading pretrained parameter "encoder.encoder.0.W_h.weight".
Loading pretrained parameter "encoder.encoder.0.W_o.weight".
Loading pretrained parameter "encoder.encoder.0.W_o.bias".
Loading pretrained parameter "ffn.1.weight".
Loading pretrained parameter "ffn.1.bias".
Moving model to cuda
Model 0 test auc = 0.698941
Ensemble test auc = 0.698941
Fold 1
Splitting data with seed 1
Total scaffolds = 3,467 | train scaffolds = 2,658 | val scaffolds = 399 | test scaffolds = 410
Label averages per scaffold, in decreasing order of scaffold frequency,capped at 10 scaffolds and 20 labels:
Scaffold 0
Task 0: count = 381 | target average = 0.018373
Task 1: count = 381 | target average = 0.013123


Scaffold 1
Task 0: count = 305 | target average = 0.009836
Task 1: count = 305 | target average = 0.016393


Scaffold 2
Task 0: count = 36 | target average = 0.000000
Task 1: count = 36 | target average = 0.000000


Scaffold 3
Task 0: count = 29 | target average = 0.000000
Task 1: count = 29 | target average = 0.000000


Scaffold 4
Task 0: count = 26 | target average = 0.000000
Task 1: count = 26 | target average = 0.000000


Scaffold 5
Task 0: count = 23 | target average = 0.000000
Task 1: count = 23 | target average = 0.000000


Scaffold 6
Task 0: count = 22 | target average = 0.090909
Task 1: count = 22 | target average = 0.090909


Scaffold 7
Task 0: count = 20 | target average = 0.050000
Task 1: count = 20 | target average = 0.000000


Scaffold 8
Task 0: count = 20 | target average = 0.000000
Task 1: count = 20 | target average = 0.000000


Scaffold 9
Task 0: count = 20 | target average = 0.000000
Task 1: count = 20 | target average = 0.000000


Class sizes
hit_inh 0: 97.83%, 1: 2.17%
hit_kill 0: 98.64%, 1: 1.36%
Total size = 5,353 | train size = 4,282 | val size = 535 | test size = 536
Building model 0
MoleculeModel(
  (sigmoid): Sigmoid()
  (encoder): MPN(
    (encoder): ModuleList(
      (0): MPNEncoder(
        (dropout_layer): Dropout(p=0.25, inplace=False)
        (act_func): ReLU()
        (W_i): Linear(in_features=147, out_features=500, bias=False)
        (W_h): Linear(in_features=500, out_features=500, bias=False)
        (W_o): Linear(in_features=633, out_features=500, bias=True)
      )
    )
  )
  (ffn): Sequential(
    (0): Dropout(p=0.25, inplace=False)
    (1): Linear(in_features=700, out_features=2, bias=True)
  )
)
Number of parameters = 641,902
Moving model to cuda
Epoch 0
Loss = 4.7910e-01, PNorm = 35.8528, GNorm = 1.4095, lr_0 = 1.5824e-04
Loss = 1.0466e-01, PNorm = 35.8690, GNorm = 0.6181, lr_0 = 2.1118e-04
Loss = 9.6056e-02, PNorm = 35.8770, GNorm = 1.2553, lr_0 = 2.6412e-04
Loss = 9.9720e-02, PNorm = 35.8769, GNorm = 0.2945, lr_0 = 3.1706e-04
Loss = 9.3522e-02, PNorm = 35.8788, GNorm = 0.1943, lr_0 = 3.7000e-04
Loss = 1.2432e-01, PNorm = 35.8807, GNorm = 0.2130, lr_0 = 4.2294e-04
Loss = 1.1373e-01, PNorm = 35.8872, GNorm = 0.1895, lr_0 = 4.7588e-04
Loss = 1.0890e-01, PNorm = 35.8937, GNorm = 0.1798, lr_0 = 5.2882e-04
Validation auc = 0.429358
Epoch 1
Loss = 5.7858e-02, PNorm = 35.9060, GNorm = 0.2548, lr_0 = 5.8706e-04
Loss = 1.0826e-01, PNorm = 35.9141, GNorm = 0.2430, lr_0 = 6.4000e-04
Loss = 1.0754e-01, PNorm = 35.9307, GNorm = 0.1846, lr_0 = 6.9294e-04
Loss = 8.6048e-02, PNorm = 35.9464, GNorm = 0.1423, lr_0 = 7.4588e-04
Loss = 7.1816e-02, PNorm = 35.9621, GNorm = 0.2631, lr_0 = 7.9882e-04
Loss = 6.7987e-02, PNorm = 35.9749, GNorm = 0.1312, lr_0 = 8.5176e-04
Loss = 9.2167e-02, PNorm = 35.9906, GNorm = 0.2583, lr_0 = 9.0471e-04
Loss = 8.9627e-02, PNorm = 36.0156, GNorm = 0.1681, lr_0 = 9.5765e-04
Loss = 1.1594e-01, PNorm = 36.0465, GNorm = 0.3308, lr_0 = 9.9807e-04
Validation auc = 0.759824
Epoch 2
Loss = 8.7333e-02, PNorm = 36.0936, GNorm = 0.1029, lr_0 = 9.8846e-04
Loss = 1.0575e-01, PNorm = 36.1269, GNorm = 0.2438, lr_0 = 9.7894e-04
Loss = 8.7661e-02, PNorm = 36.1718, GNorm = 0.1856, lr_0 = 9.6952e-04
Loss = 9.1016e-02, PNorm = 36.2050, GNorm = 0.1622, lr_0 = 9.6018e-04
Loss = 5.0238e-02, PNorm = 36.2540, GNorm = 0.1231, lr_0 = 9.5094e-04
Loss = 7.5339e-02, PNorm = 36.2743, GNorm = 0.1322, lr_0 = 9.4178e-04
Loss = 9.4773e-02, PNorm = 36.2992, GNorm = 0.1593, lr_0 = 9.3271e-04
Loss = 8.5212e-02, PNorm = 36.3369, GNorm = 0.3000, lr_0 = 9.2373e-04
Validation auc = 0.820223
Epoch 3
Loss = 1.2218e-01, PNorm = 36.3684, GNorm = 0.2291, lr_0 = 9.1395e-04
Loss = 9.8046e-02, PNorm = 36.4158, GNorm = 0.2437, lr_0 = 9.0515e-04
Loss = 5.6865e-02, PNorm = 36.4663, GNorm = 0.1969, lr_0 = 8.9644e-04
Loss = 8.0631e-02, PNorm = 36.5001, GNorm = 0.3543, lr_0 = 8.8781e-04
Loss = 7.6286e-02, PNorm = 36.5273, GNorm = 0.1165, lr_0 = 8.7926e-04
Loss = 8.0857e-02, PNorm = 36.5710, GNorm = 0.1986, lr_0 = 8.7080e-04
Loss = 7.8425e-02, PNorm = 36.6114, GNorm = 0.1541, lr_0 = 8.6241e-04
Loss = 1.1102e-01, PNorm = 36.6297, GNorm = 0.1659, lr_0 = 8.5411e-04
Loss = 7.4028e-02, PNorm = 36.6775, GNorm = 0.1502, lr_0 = 8.4588e-04
Validation auc = 0.753098
Epoch 4
Loss = 4.9651e-02, PNorm = 36.7199, GNorm = 0.0922, lr_0 = 8.3774e-04
Loss = 7.6353e-02, PNorm = 36.7623, GNorm = 0.3524, lr_0 = 8.2967e-04
Loss = 1.0667e-01, PNorm = 36.8099, GNorm = 0.2082, lr_0 = 8.2169e-04
Loss = 7.7120e-02, PNorm = 36.8746, GNorm = 0.3145, lr_0 = 8.1377e-04
Loss = 9.9741e-02, PNorm = 36.9004, GNorm = 0.2087, lr_0 = 8.0594e-04
Loss = 6.7102e-02, PNorm = 36.9695, GNorm = 0.2766, lr_0 = 7.9818e-04
Loss = 9.1537e-02, PNorm = 37.0116, GNorm = 0.1386, lr_0 = 7.9050e-04
Loss = 9.7583e-02, PNorm = 37.0536, GNorm = 0.1911, lr_0 = 7.8288e-04
Validation auc = 0.852937
Epoch 5
Loss = 6.5880e-02, PNorm = 37.1089, GNorm = 0.2122, lr_0 = 7.7535e-04
Loss = 7.4522e-02, PNorm = 37.1407, GNorm = 0.1401, lr_0 = 7.6788e-04
Loss = 6.4133e-02, PNorm = 37.1893, GNorm = 0.1914, lr_0 = 7.6049e-04
Loss = 5.8632e-02, PNorm = 37.2187, GNorm = 0.2250, lr_0 = 7.5317e-04
Loss = 8.3131e-02, PNorm = 37.2340, GNorm = 0.1281, lr_0 = 7.4591e-04
Loss = 8.4317e-02, PNorm = 37.2823, GNorm = 0.2920, lr_0 = 7.3873e-04
Loss = 9.3258e-02, PNorm = 37.3307, GNorm = 0.3474, lr_0 = 7.3162e-04
Loss = 7.4554e-02, PNorm = 37.3865, GNorm = 0.1214, lr_0 = 7.2458e-04
Loss = 8.1151e-02, PNorm = 37.4208, GNorm = 0.1359, lr_0 = 7.1760e-04
Validation auc = 0.857859
Epoch 6
Loss = 8.7149e-02, PNorm = 37.4663, GNorm = 0.1521, lr_0 = 7.1000e-04
Loss = 9.0871e-02, PNorm = 37.5158, GNorm = 0.1636, lr_0 = 7.0317e-04
Loss = 5.5705e-02, PNorm = 37.5706, GNorm = 0.1508, lr_0 = 6.9640e-04
Loss = 4.9742e-02, PNorm = 37.6154, GNorm = 0.3281, lr_0 = 6.8969e-04
Loss = 5.9915e-02, PNorm = 37.6613, GNorm = 0.0866, lr_0 = 6.8305e-04
Loss = 7.1762e-02, PNorm = 37.6960, GNorm = 0.1179, lr_0 = 6.7648e-04
Loss = 6.9854e-02, PNorm = 37.7327, GNorm = 0.3364, lr_0 = 6.6996e-04
Loss = 1.0254e-01, PNorm = 37.7578, GNorm = 0.1450, lr_0 = 6.6351e-04
Validation auc = 0.859209
Epoch 7
Loss = 3.3325e-02, PNorm = 37.8056, GNorm = 0.1152, lr_0 = 6.5712e-04
Loss = 5.6059e-02, PNorm = 37.8625, GNorm = 0.0973, lr_0 = 6.5080e-04
Loss = 8.6001e-02, PNorm = 37.8857, GNorm = 0.4491, lr_0 = 6.4453e-04
Loss = 9.7695e-02, PNorm = 37.9296, GNorm = 0.1288, lr_0 = 6.3833e-04
Loss = 6.5984e-02, PNorm = 37.9816, GNorm = 0.1628, lr_0 = 6.3218e-04
Loss = 5.8971e-02, PNorm = 38.0335, GNorm = 0.4695, lr_0 = 6.2609e-04
Loss = 6.7129e-02, PNorm = 38.0794, GNorm = 0.1494, lr_0 = 6.2006e-04
Loss = 6.2438e-02, PNorm = 38.1252, GNorm = 0.3198, lr_0 = 6.1409e-04
Loss = 6.3916e-02, PNorm = 38.1465, GNorm = 0.2068, lr_0 = 6.0818e-04
Validation auc = 0.867004
Epoch 8
Loss = 3.7707e-02, PNorm = 38.1858, GNorm = 0.1009, lr_0 = 6.0233e-04
Loss = 6.7044e-02, PNorm = 38.2123, GNorm = 0.1809, lr_0 = 5.9653e-04
Loss = 6.2388e-02, PNorm = 38.2448, GNorm = 0.1243, lr_0 = 5.9078e-04
Loss = 5.7851e-02, PNorm = 38.2712, GNorm = 0.1297, lr_0 = 5.8510e-04
Loss = 5.1157e-02, PNorm = 38.3061, GNorm = 0.1197, lr_0 = 5.7946e-04
Loss = 6.9501e-02, PNorm = 38.3401, GNorm = 0.2078, lr_0 = 5.7388e-04
Loss = 6.1490e-02, PNorm = 38.3881, GNorm = 0.1712, lr_0 = 5.6836e-04
Loss = 7.0145e-02, PNorm = 38.4243, GNorm = 0.1579, lr_0 = 5.6289e-04
Loss = 9.9545e-02, PNorm = 38.4394, GNorm = 0.2799, lr_0 = 5.5747e-04
Loss = 2.1047e-02, PNorm = 38.4426, GNorm = 0.1732, lr_0 = 5.5693e-04
Validation auc = 0.862049
Epoch 9
Loss = 4.0135e-02, PNorm = 38.4823, GNorm = 0.1372, lr_0 = 5.5156e-04
Loss = 6.4544e-02, PNorm = 38.5215, GNorm = 0.1824, lr_0 = 5.4625e-04
Loss = 7.9397e-02, PNorm = 38.5578, GNorm = 0.1931, lr_0 = 5.4100e-04
Loss = 6.4333e-02, PNorm = 38.5982, GNorm = 0.4927, lr_0 = 5.3579e-04
Loss = 7.3366e-02, PNorm = 38.6064, GNorm = 0.1595, lr_0 = 5.3063e-04
Loss = 5.4601e-02, PNorm = 38.6420, GNorm = 0.1109, lr_0 = 5.2552e-04
Loss = 5.4701e-02, PNorm = 38.6780, GNorm = 0.1314, lr_0 = 5.2046e-04
Loss = 7.5145e-02, PNorm = 38.7229, GNorm = 0.1637, lr_0 = 5.1545e-04
Validation auc = 0.861289
Epoch 10
Loss = 3.6387e-02, PNorm = 38.7710, GNorm = 0.1574, lr_0 = 5.1049e-04
Loss = 4.2243e-02, PNorm = 38.8161, GNorm = 0.0903, lr_0 = 5.0557e-04
Loss = 3.8343e-02, PNorm = 38.8551, GNorm = 0.1889, lr_0 = 5.0070e-04
Loss = 6.6055e-02, PNorm = 38.8826, GNorm = 0.1883, lr_0 = 4.9588e-04
Loss = 7.3969e-02, PNorm = 38.9041, GNorm = 0.4714, lr_0 = 4.9111e-04
Loss = 8.3830e-02, PNorm = 38.9298, GNorm = 0.4008, lr_0 = 4.8638e-04
Loss = 5.0883e-02, PNorm = 38.9607, GNorm = 0.1819, lr_0 = 4.8170e-04
Loss = 5.8433e-02, PNorm = 38.9825, GNorm = 0.1793, lr_0 = 4.7706e-04
Loss = 6.1474e-02, PNorm = 39.0084, GNorm = 0.1638, lr_0 = 4.7247e-04
Validation auc = 0.843050
Epoch 11
Loss = 4.6820e-02, PNorm = 39.0300, GNorm = 0.0759, lr_0 = 4.6792e-04
Loss = 2.3266e-02, PNorm = 39.0562, GNorm = 0.3827, lr_0 = 4.6341e-04
Loss = 4.6390e-02, PNorm = 39.0774, GNorm = 0.1643, lr_0 = 4.5895e-04
Loss = 7.2168e-02, PNorm = 39.0989, GNorm = 0.1270, lr_0 = 4.5453e-04
Loss = 6.0422e-02, PNorm = 39.1324, GNorm = 0.1311, lr_0 = 4.5015e-04
Loss = 4.3389e-02, PNorm = 39.1625, GNorm = 0.0810, lr_0 = 4.4582e-04
Loss = 8.1026e-02, PNorm = 39.1907, GNorm = 0.4070, lr_0 = 4.4153e-04
Loss = 3.8799e-02, PNorm = 39.2297, GNorm = 0.1815, lr_0 = 4.3728e-04
Validation auc = 0.868615
Epoch 12
Loss = 3.8609e-02, PNorm = 39.2569, GNorm = 0.4299, lr_0 = 4.3265e-04
Loss = 3.8422e-02, PNorm = 39.3125, GNorm = 0.2235, lr_0 = 4.2848e-04
Loss = 4.8800e-02, PNorm = 39.3391, GNorm = 0.3436, lr_0 = 4.2436e-04
Loss = 2.6790e-02, PNorm = 39.3599, GNorm = 0.1625, lr_0 = 4.2027e-04
Loss = 6.2492e-02, PNorm = 39.3767, GNorm = 0.5086, lr_0 = 4.1622e-04
Loss = 5.6878e-02, PNorm = 39.4000, GNorm = 0.2509, lr_0 = 4.1222e-04
Loss = 9.9537e-02, PNorm = 39.4264, GNorm = 0.6728, lr_0 = 4.0825e-04
Loss = 5.8776e-02, PNorm = 39.4691, GNorm = 0.2226, lr_0 = 4.0432e-04
Loss = 6.3965e-02, PNorm = 39.4894, GNorm = 0.4846, lr_0 = 4.0042e-04
Validation auc = 0.854915
Epoch 13
Loss = 4.4934e-02, PNorm = 39.5035, GNorm = 0.3306, lr_0 = 3.9657e-04
Loss = 3.7829e-02, PNorm = 39.5360, GNorm = 0.0442, lr_0 = 3.9275e-04
Loss = 5.1561e-02, PNorm = 39.5519, GNorm = 0.1894, lr_0 = 3.8897e-04
Loss = 4.0249e-02, PNorm = 39.5706, GNorm = 0.2583, lr_0 = 3.8522e-04
Loss = 5.0857e-02, PNorm = 39.5940, GNorm = 0.1409, lr_0 = 3.8152e-04
Loss = 4.6555e-02, PNorm = 39.6213, GNorm = 0.2513, lr_0 = 3.7784e-04
Loss = 7.2969e-02, PNorm = 39.6360, GNorm = 0.2758, lr_0 = 3.7420e-04
Loss = 5.9042e-02, PNorm = 39.6491, GNorm = 0.2074, lr_0 = 3.7060e-04
Validation auc = 0.862427
Epoch 14
Loss = 4.2536e-02, PNorm = 39.6691, GNorm = 0.2171, lr_0 = 3.6668e-04
Loss = 3.9793e-02, PNorm = 39.6987, GNorm = 0.2032, lr_0 = 3.6315e-04
Loss = 8.0896e-02, PNorm = 39.7187, GNorm = 0.2603, lr_0 = 3.5965e-04
Loss = 3.7832e-02, PNorm = 39.7611, GNorm = 0.2285, lr_0 = 3.5619e-04
Loss = 4.3787e-02, PNorm = 39.7825, GNorm = 0.1730, lr_0 = 3.5276e-04
Loss = 4.1349e-02, PNorm = 39.8022, GNorm = 0.1650, lr_0 = 3.4936e-04
Loss = 7.8894e-02, PNorm = 39.8182, GNorm = 0.2705, lr_0 = 3.4600e-04
Loss = 5.6039e-02, PNorm = 39.8434, GNorm = 0.2399, lr_0 = 3.4267e-04
Loss = 3.0086e-02, PNorm = 39.8700, GNorm = 0.1859, lr_0 = 3.3937e-04
Validation auc = 0.866075
Epoch 15
Loss = 7.5456e-02, PNorm = 39.8809, GNorm = 0.1488, lr_0 = 3.3610e-04
Loss = 3.6516e-02, PNorm = 39.9017, GNorm = 0.1126, lr_0 = 3.3287e-04
Loss = 5.6679e-02, PNorm = 39.9158, GNorm = 0.2620, lr_0 = 3.2966e-04
Loss = 5.1527e-02, PNorm = 39.9202, GNorm = 0.1628, lr_0 = 3.2649e-04
Loss = 3.4597e-02, PNorm = 39.9392, GNorm = 0.1755, lr_0 = 3.2334e-04
Loss = 4.5973e-02, PNorm = 39.9594, GNorm = 0.0680, lr_0 = 3.2023e-04
Loss = 5.1907e-02, PNorm = 39.9700, GNorm = 0.2552, lr_0 = 3.1715e-04
Loss = 4.8813e-02, PNorm = 39.9913, GNorm = 0.2184, lr_0 = 3.1409e-04
Loss = 4.6960e-02, PNorm = 40.0232, GNorm = 0.1637, lr_0 = 3.1107e-04
Validation auc = 0.867437
Epoch 16
Loss = 5.3103e-02, PNorm = 40.0404, GNorm = 0.1581, lr_0 = 3.0807e-04
Loss = 3.6231e-02, PNorm = 40.0555, GNorm = 0.1318, lr_0 = 3.0511e-04
Loss = 5.7245e-02, PNorm = 40.0663, GNorm = 0.1586, lr_0 = 3.0217e-04
Loss = 4.5384e-02, PNorm = 40.0909, GNorm = 0.1707, lr_0 = 2.9926e-04
Loss = 5.1256e-02, PNorm = 40.1085, GNorm = 0.1317, lr_0 = 2.9638e-04
Loss = 6.3903e-02, PNorm = 40.1257, GNorm = 0.2472, lr_0 = 2.9353e-04
Loss = 4.5367e-02, PNorm = 40.1529, GNorm = 0.6450, lr_0 = 2.9070e-04
Loss = 2.0722e-02, PNorm = 40.1660, GNorm = 0.1290, lr_0 = 2.8790e-04
Validation auc = 0.866430
Epoch 17
Loss = 4.2683e-02, PNorm = 40.1798, GNorm = 0.0713, lr_0 = 2.8485e-04
Loss = 4.4540e-02, PNorm = 40.1927, GNorm = 0.2840, lr_0 = 2.8211e-04
Loss = 5.4566e-02, PNorm = 40.2094, GNorm = 0.1318, lr_0 = 2.7939e-04
Loss = 4.8298e-02, PNorm = 40.2241, GNorm = 0.1956, lr_0 = 2.7670e-04
Loss = 3.3388e-02, PNorm = 40.2422, GNorm = 0.3050, lr_0 = 2.7404e-04
Loss = 3.0291e-02, PNorm = 40.2516, GNorm = 0.1693, lr_0 = 2.7140e-04
Loss = 4.8645e-02, PNorm = 40.2638, GNorm = 0.4861, lr_0 = 2.6879e-04
Loss = 4.3963e-02, PNorm = 40.2812, GNorm = 0.2191, lr_0 = 2.6620e-04
Loss = 5.3150e-02, PNorm = 40.2930, GNorm = 0.2203, lr_0 = 2.6364e-04
Validation auc = 0.873391
Epoch 18
Loss = 3.8125e-02, PNorm = 40.3102, GNorm = 0.0923, lr_0 = 2.6110e-04
Loss = 4.7062e-02, PNorm = 40.3209, GNorm = 0.2285, lr_0 = 2.5859e-04
Loss = 7.0750e-02, PNorm = 40.3394, GNorm = 0.2896, lr_0 = 2.5610e-04
Loss = 3.6749e-02, PNorm = 40.3645, GNorm = 0.4426, lr_0 = 2.5363e-04
Loss = 5.5953e-02, PNorm = 40.3701, GNorm = 0.3020, lr_0 = 2.5119e-04
Loss = 4.2929e-02, PNorm = 40.3864, GNorm = 0.0622, lr_0 = 2.4877e-04
Loss = 3.9208e-02, PNorm = 40.3954, GNorm = 0.1816, lr_0 = 2.4638e-04
Loss = 3.2441e-02, PNorm = 40.4079, GNorm = 0.3519, lr_0 = 2.4400e-04
Validation auc = 0.852229
Epoch 19
Loss = 2.9791e-02, PNorm = 40.4239, GNorm = 0.1911, lr_0 = 2.4165e-04
Loss = 4.1723e-02, PNorm = 40.4351, GNorm = 0.2227, lr_0 = 2.3933e-04
Loss = 4.1299e-02, PNorm = 40.4440, GNorm = 0.1373, lr_0 = 2.3702e-04
Loss = 2.9101e-02, PNorm = 40.4591, GNorm = 0.2939, lr_0 = 2.3474e-04
Loss = 3.0003e-02, PNorm = 40.4737, GNorm = 0.2395, lr_0 = 2.3248e-04
Loss = 5.9526e-02, PNorm = 40.4822, GNorm = 0.1639, lr_0 = 2.3024e-04
Loss = 5.8505e-02, PNorm = 40.5014, GNorm = 0.7492, lr_0 = 2.2803e-04
Loss = 3.2770e-02, PNorm = 40.5182, GNorm = 0.2763, lr_0 = 2.2583e-04
Loss = 3.5322e-02, PNorm = 40.5241, GNorm = 0.1626, lr_0 = 2.2366e-04
Validation auc = 0.846944
Epoch 20
Loss = 3.2454e-02, PNorm = 40.5384, GNorm = 0.2769, lr_0 = 2.2129e-04
Loss = 3.4923e-02, PNorm = 40.5497, GNorm = 0.0852, lr_0 = 2.1916e-04
Loss = 4.7990e-02, PNorm = 40.5595, GNorm = 0.2219, lr_0 = 2.1705e-04
Loss = 2.3747e-02, PNorm = 40.5744, GNorm = 0.0667, lr_0 = 2.1496e-04
Loss = 4.2191e-02, PNorm = 40.5852, GNorm = 0.2044, lr_0 = 2.1289e-04
Loss = 5.1195e-02, PNorm = 40.5918, GNorm = 0.2445, lr_0 = 2.1084e-04
Loss = 2.9374e-02, PNorm = 40.6108, GNorm = 0.2287, lr_0 = 2.0881e-04
Loss = 4.1542e-02, PNorm = 40.6231, GNorm = 0.5456, lr_0 = 2.0680e-04
Validation auc = 0.859696
Epoch 21
Loss = 4.8236e-02, PNorm = 40.6186, GNorm = 0.4365, lr_0 = 2.0481e-04
Loss = 3.2607e-02, PNorm = 40.6401, GNorm = 0.1839, lr_0 = 2.0283e-04
Loss = 3.2220e-02, PNorm = 40.6503, GNorm = 0.1540, lr_0 = 2.0088e-04
Loss = 5.5045e-02, PNorm = 40.6510, GNorm = 0.2085, lr_0 = 1.9895e-04
Loss = 4.3278e-02, PNorm = 40.6633, GNorm = 0.1889, lr_0 = 1.9703e-04
Loss = 4.2143e-02, PNorm = 40.6797, GNorm = 0.1441, lr_0 = 1.9514e-04
Loss = 4.5070e-02, PNorm = 40.6911, GNorm = 0.2015, lr_0 = 1.9326e-04
Loss = 2.5915e-02, PNorm = 40.6990, GNorm = 0.2462, lr_0 = 1.9140e-04
Loss = 4.3472e-02, PNorm = 40.7089, GNorm = 0.5049, lr_0 = 1.8955e-04
Validation auc = 0.862858
Epoch 22
Loss = 1.3268e-02, PNorm = 40.7180, GNorm = 0.2022, lr_0 = 1.8773e-04
Loss = 5.3106e-02, PNorm = 40.7207, GNorm = 0.1757, lr_0 = 1.8592e-04
Loss = 2.0404e-02, PNorm = 40.7339, GNorm = 0.1286, lr_0 = 1.8413e-04
Loss = 2.6602e-02, PNorm = 40.7465, GNorm = 0.1041, lr_0 = 1.8236e-04
Loss = 5.0277e-02, PNorm = 40.7474, GNorm = 0.1844, lr_0 = 1.8060e-04
Loss = 3.0932e-02, PNorm = 40.7602, GNorm = 0.1904, lr_0 = 1.7886e-04
Loss = 5.5862e-02, PNorm = 40.7769, GNorm = 0.4925, lr_0 = 1.7714e-04
Loss = 4.8808e-02, PNorm = 40.7785, GNorm = 0.2446, lr_0 = 1.7544e-04
Validation auc = 0.852215
Epoch 23
Loss = 9.5908e-02, PNorm = 40.7930, GNorm = 0.4204, lr_0 = 1.7358e-04
Loss = 2.6971e-02, PNorm = 40.8041, GNorm = 0.4542, lr_0 = 1.7191e-04
Loss = 5.6389e-02, PNorm = 40.8047, GNorm = 0.1802, lr_0 = 1.7025e-04
Loss = 2.8966e-02, PNorm = 40.8174, GNorm = 0.1639, lr_0 = 1.6861e-04
Loss = 2.7753e-02, PNorm = 40.8272, GNorm = 0.0850, lr_0 = 1.6699e-04
Loss = 2.6668e-02, PNorm = 40.8378, GNorm = 0.2597, lr_0 = 1.6538e-04
Loss = 2.3394e-02, PNorm = 40.8501, GNorm = 0.4155, lr_0 = 1.6379e-04
Loss = 3.8630e-02, PNorm = 40.8522, GNorm = 0.2236, lr_0 = 1.6221e-04
Loss = 4.6272e-02, PNorm = 40.8619, GNorm = 0.1291, lr_0 = 1.6065e-04
Validation auc = 0.862411
Epoch 24
Loss = 5.3290e-02, PNorm = 40.8638, GNorm = 0.5149, lr_0 = 1.5910e-04
Loss = 2.7245e-02, PNorm = 40.8772, GNorm = 0.2539, lr_0 = 1.5757e-04
Loss = 4.3639e-02, PNorm = 40.8872, GNorm = 0.5139, lr_0 = 1.5605e-04
Loss = 3.0137e-02, PNorm = 40.8926, GNorm = 0.1764, lr_0 = 1.5455e-04
Loss = 3.8207e-02, PNorm = 40.9009, GNorm = 0.1176, lr_0 = 1.5306e-04
Loss = 2.3972e-02, PNorm = 40.9121, GNorm = 0.0903, lr_0 = 1.5159e-04
Loss = 3.9304e-02, PNorm = 40.9206, GNorm = 0.2739, lr_0 = 1.5013e-04
Loss = 3.5283e-02, PNorm = 40.9244, GNorm = 0.1575, lr_0 = 1.4869e-04
Loss = 3.5223e-02, PNorm = 40.9337, GNorm = 0.0533, lr_0 = 1.4725e-04
Validation auc = 0.866750
Epoch 25
Loss = 4.1490e-02, PNorm = 40.9379, GNorm = 0.3887, lr_0 = 1.4584e-04
Loss = 2.4827e-02, PNorm = 40.9468, GNorm = 0.1791, lr_0 = 1.4443e-04
Loss = 3.0520e-02, PNorm = 40.9564, GNorm = 0.5772, lr_0 = 1.4304e-04
Loss = 4.2883e-02, PNorm = 40.9599, GNorm = 0.2405, lr_0 = 1.4166e-04
Loss = 2.5504e-02, PNorm = 40.9708, GNorm = 0.2159, lr_0 = 1.4030e-04
Loss = 4.0622e-02, PNorm = 40.9745, GNorm = 0.3530, lr_0 = 1.3895e-04
Loss = 2.1883e-02, PNorm = 40.9796, GNorm = 0.1451, lr_0 = 1.3761e-04
Loss = 2.5473e-02, PNorm = 40.9852, GNorm = 0.1945, lr_0 = 1.3629e-04
Validation auc = 0.869529
Epoch 26
Loss = 3.2726e-02, PNorm = 40.9874, GNorm = 0.2943, lr_0 = 1.3484e-04
Loss = 3.2876e-02, PNorm = 40.9994, GNorm = 0.5557, lr_0 = 1.3355e-04
Loss = 1.7564e-02, PNorm = 41.0085, GNorm = 0.2989, lr_0 = 1.3226e-04
Loss = 2.7818e-02, PNorm = 41.0105, GNorm = 0.1469, lr_0 = 1.3099e-04
Loss = 4.6702e-02, PNorm = 41.0118, GNorm = 0.3512, lr_0 = 1.2973e-04
Loss = 3.1345e-02, PNorm = 41.0242, GNorm = 0.1810, lr_0 = 1.2848e-04
Loss = 2.9865e-02, PNorm = 41.0313, GNorm = 0.0951, lr_0 = 1.2724e-04
Loss = 5.2493e-02, PNorm = 41.0315, GNorm = 0.5703, lr_0 = 1.2601e-04
Loss = 2.1712e-02, PNorm = 41.0368, GNorm = 0.2756, lr_0 = 1.2480e-04
Validation auc = 0.864847
Epoch 27
Loss = 3.0326e-02, PNorm = 41.0400, GNorm = 0.1284, lr_0 = 1.2360e-04
Loss = 1.7206e-02, PNorm = 41.0477, GNorm = 0.1647, lr_0 = 1.2241e-04
Loss = 2.4425e-02, PNorm = 41.0562, GNorm = 0.3770, lr_0 = 1.2123e-04
Loss = 1.4378e-02, PNorm = 41.0630, GNorm = 0.1144, lr_0 = 1.2006e-04
Loss = 3.3032e-02, PNorm = 41.0669, GNorm = 0.1051, lr_0 = 1.1891e-04
Loss = 5.2268e-02, PNorm = 41.0712, GNorm = 0.6419, lr_0 = 1.1776e-04
Loss = 3.1649e-02, PNorm = 41.0794, GNorm = 0.3686, lr_0 = 1.1663e-04
Loss = 2.4917e-02, PNorm = 41.0889, GNorm = 0.1014, lr_0 = 1.1551e-04
Validation auc = 0.869581
Epoch 28
Loss = 6.9120e-02, PNorm = 41.0860, GNorm = 0.5960, lr_0 = 1.1428e-04
Loss = 2.4331e-02, PNorm = 41.0942, GNorm = 0.1889, lr_0 = 1.1318e-04
Loss = 3.5453e-02, PNorm = 41.1018, GNorm = 0.4049, lr_0 = 1.1209e-04
Loss = 2.3055e-02, PNorm = 41.1059, GNorm = 0.1485, lr_0 = 1.1101e-04
Loss = 2.0356e-02, PNorm = 41.1110, GNorm = 0.1741, lr_0 = 1.0995e-04
Loss = 2.9541e-02, PNorm = 41.1169, GNorm = 0.0658, lr_0 = 1.0889e-04
Loss = 3.2413e-02, PNorm = 41.1221, GNorm = 0.2650, lr_0 = 1.0784e-04
Loss = 3.4199e-02, PNorm = 41.1258, GNorm = 0.1310, lr_0 = 1.0680e-04
Loss = 2.5388e-02, PNorm = 41.1331, GNorm = 0.3048, lr_0 = 1.0577e-04
Validation auc = 0.860943
Epoch 29
Loss = 3.1942e-02, PNorm = 41.1392, GNorm = 0.3016, lr_0 = 1.0475e-04
Loss = 2.0622e-02, PNorm = 41.1423, GNorm = 0.4432, lr_0 = 1.0374e-04
Loss = 4.3709e-02, PNorm = 41.1447, GNorm = 0.2854, lr_0 = 1.0275e-04
Loss = 1.9342e-02, PNorm = 41.1507, GNorm = 0.2629, lr_0 = 1.0176e-04
Loss = 1.8400e-02, PNorm = 41.1577, GNorm = 0.0381, lr_0 = 1.0078e-04
Loss = 3.8881e-02, PNorm = 41.1569, GNorm = 0.1582, lr_0 = 1.0000e-04
Loss = 3.5268e-02, PNorm = 41.1627, GNorm = 0.2731, lr_0 = 1.0000e-04
Loss = 2.2471e-02, PNorm = 41.1706, GNorm = 0.1023, lr_0 = 1.0000e-04
Validation auc = 0.864400
Model 0 best validation auc = 0.873391 on epoch 17
Loading pretrained parameter "encoder.encoder.0.cached_zero_vector".
Loading pretrained parameter "encoder.encoder.0.W_i.weight".
Loading pretrained parameter "encoder.encoder.0.W_h.weight".
Loading pretrained parameter "encoder.encoder.0.W_o.weight".
Loading pretrained parameter "encoder.encoder.0.W_o.bias".
Loading pretrained parameter "ffn.1.weight".
Loading pretrained parameter "ffn.1.bias".
Moving model to cuda
Model 0 test auc = 0.833820
Ensemble test auc = 0.833820
Fold 2
Splitting data with seed 2
Total scaffolds = 3,467 | train scaffolds = 2,630 | val scaffolds = 419 | test scaffolds = 418
Label averages per scaffold, in decreasing order of scaffold frequency,capped at 10 scaffolds and 20 labels:
Scaffold 0
Task 0: count = 381 | target average = 0.018373
Task 1: count = 381 | target average = 0.013123


Scaffold 1
Task 0: count = 305 | target average = 0.009836
Task 1: count = 305 | target average = 0.016393


Scaffold 2
Task 0: count = 36 | target average = 0.000000
Task 1: count = 36 | target average = 0.000000


Scaffold 3
Task 0: count = 29 | target average = 0.000000
Task 1: count = 29 | target average = 0.000000


Scaffold 4
Task 0: count = 26 | target average = 0.000000
Task 1: count = 26 | target average = 0.000000


Scaffold 5
Task 0: count = 23 | target average = 0.000000
Task 1: count = 23 | target average = 0.000000


Scaffold 6
Task 0: count = 22 | target average = 0.090909
Task 1: count = 22 | target average = 0.090909


Scaffold 7
Task 0: count = 20 | target average = 0.000000
Task 1: count = 20 | target average = 0.000000


Scaffold 8
Task 0: count = 20 | target average = 0.000000
Task 1: count = 20 | target average = 0.000000


Scaffold 9
Task 0: count = 20 | target average = 0.050000
Task 1: count = 20 | target average = 0.000000


Class sizes
hit_inh 0: 97.83%, 1: 2.17%
hit_kill 0: 98.64%, 1: 1.36%
Total size = 5,353 | train size = 4,282 | val size = 535 | test size = 536
Building model 0
MoleculeModel(
  (sigmoid): Sigmoid()
  (encoder): MPN(
    (encoder): ModuleList(
      (0): MPNEncoder(
        (dropout_layer): Dropout(p=0.25, inplace=False)
        (act_func): ReLU()
        (W_i): Linear(in_features=147, out_features=500, bias=False)
        (W_h): Linear(in_features=500, out_features=500, bias=False)
        (W_o): Linear(in_features=633, out_features=500, bias=True)
      )
    )
  )
  (ffn): Sequential(
    (0): Dropout(p=0.25, inplace=False)
    (1): Linear(in_features=700, out_features=2, bias=True)
  )
)
Number of parameters = 641,902
Moving model to cuda
Epoch 0
Loss = 4.8332e-01, PNorm = 35.8529, GNorm = 1.1731, lr_0 = 1.5824e-04
Loss = 7.7047e-02, PNorm = 35.8698, GNorm = 0.2740, lr_0 = 2.1118e-04
Loss = 1.3915e-01, PNorm = 35.8765, GNorm = 0.7684, lr_0 = 2.6412e-04
Loss = 1.0985e-01, PNorm = 35.8757, GNorm = 0.2241, lr_0 = 3.1706e-04
Loss = 8.5484e-02, PNorm = 35.8780, GNorm = 0.3697, lr_0 = 3.7000e-04
Loss = 1.1005e-01, PNorm = 35.8827, GNorm = 0.2168, lr_0 = 4.2294e-04
Loss = 1.0060e-01, PNorm = 35.8898, GNorm = 0.4301, lr_0 = 4.7588e-04
Loss = 8.2962e-02, PNorm = 35.8954, GNorm = 0.2629, lr_0 = 5.2882e-04
Validation auc = 0.569624
Epoch 1
Loss = 7.1162e-02, PNorm = 35.9052, GNorm = 0.2956, lr_0 = 5.8706e-04
Loss = 8.3906e-02, PNorm = 35.9172, GNorm = 0.6703, lr_0 = 6.4000e-04
Loss = 4.9488e-02, PNorm = 35.9293, GNorm = 0.2299, lr_0 = 6.9294e-04
Loss = 1.2965e-01, PNorm = 35.9381, GNorm = 0.5661, lr_0 = 7.4588e-04
Loss = 8.2471e-02, PNorm = 35.9577, GNorm = 0.2860, lr_0 = 7.9882e-04
Loss = 1.0114e-01, PNorm = 35.9728, GNorm = 0.2441, lr_0 = 8.5176e-04
Loss = 1.0753e-01, PNorm = 35.9914, GNorm = 0.1344, lr_0 = 9.0471e-04
Loss = 1.2020e-01, PNorm = 36.0103, GNorm = 0.2436, lr_0 = 9.5765e-04
Loss = 6.4995e-02, PNorm = 36.0432, GNorm = 0.1043, lr_0 = 9.9807e-04
Validation auc = 0.829371
Epoch 2
Loss = 8.5594e-02, PNorm = 36.0566, GNorm = 0.2714, lr_0 = 9.8846e-04
Loss = 8.3470e-02, PNorm = 36.0872, GNorm = 0.4363, lr_0 = 9.7894e-04
Loss = 1.0208e-01, PNorm = 36.1103, GNorm = 0.1457, lr_0 = 9.6952e-04
Loss = 8.9494e-02, PNorm = 36.1405, GNorm = 0.4437, lr_0 = 9.6018e-04
Loss = 1.1388e-01, PNorm = 36.1696, GNorm = 0.2020, lr_0 = 9.5094e-04
Loss = 6.8420e-02, PNorm = 36.2237, GNorm = 0.1531, lr_0 = 9.4178e-04
Loss = 5.7507e-02, PNorm = 36.2485, GNorm = 0.1286, lr_0 = 9.3271e-04
Loss = 7.7086e-02, PNorm = 36.2751, GNorm = 0.1363, lr_0 = 9.2373e-04
Validation auc = 0.823782
Epoch 3
Loss = 7.8615e-02, PNorm = 36.3058, GNorm = 0.1787, lr_0 = 9.1395e-04
Loss = 1.0089e-01, PNorm = 36.3323, GNorm = 0.2253, lr_0 = 9.0515e-04
Loss = 8.8996e-02, PNorm = 36.3779, GNorm = 0.3229, lr_0 = 8.9644e-04
Loss = 3.4538e-02, PNorm = 36.4131, GNorm = 0.0914, lr_0 = 8.8781e-04
Loss = 9.1010e-02, PNorm = 36.4239, GNorm = 0.3005, lr_0 = 8.7926e-04
Loss = 8.0872e-02, PNorm = 36.4563, GNorm = 0.1093, lr_0 = 8.7080e-04
Loss = 1.0443e-01, PNorm = 36.4927, GNorm = 0.2529, lr_0 = 8.6241e-04
Loss = 8.6385e-02, PNorm = 36.5492, GNorm = 0.1282, lr_0 = 8.5411e-04
Loss = 7.8685e-02, PNorm = 36.5784, GNorm = 0.2541, lr_0 = 8.4588e-04
Validation auc = 0.869773
Epoch 4
Loss = 4.6412e-02, PNorm = 36.6224, GNorm = 0.1285, lr_0 = 8.3774e-04
Loss = 6.4237e-02, PNorm = 36.6543, GNorm = 0.1483, lr_0 = 8.2967e-04
Loss = 7.4598e-02, PNorm = 36.6770, GNorm = 0.1887, lr_0 = 8.2169e-04
Loss = 1.0171e-01, PNorm = 36.7064, GNorm = 0.1925, lr_0 = 8.1377e-04
Loss = 9.8616e-02, PNorm = 36.7444, GNorm = 0.1757, lr_0 = 8.0594e-04
Loss = 6.6965e-02, PNorm = 36.7912, GNorm = 0.1589, lr_0 = 7.9818e-04
Loss = 1.0213e-01, PNorm = 36.8160, GNorm = 0.2855, lr_0 = 7.9050e-04
Loss = 6.1524e-02, PNorm = 36.8722, GNorm = 0.1477, lr_0 = 7.8288e-04
Validation auc = 0.857692
Epoch 5
Loss = 1.1058e-01, PNorm = 36.9213, GNorm = 0.1474, lr_0 = 7.7535e-04
Loss = 9.0140e-02, PNorm = 36.9832, GNorm = 0.1463, lr_0 = 7.6788e-04
Loss = 7.2343e-02, PNorm = 37.0362, GNorm = 0.3151, lr_0 = 7.6049e-04
Loss = 8.3517e-02, PNorm = 37.0817, GNorm = 0.1843, lr_0 = 7.5317e-04
Loss = 5.0131e-02, PNorm = 37.1347, GNorm = 0.0864, lr_0 = 7.4591e-04
Loss = 7.0925e-02, PNorm = 37.1662, GNorm = 0.1777, lr_0 = 7.3873e-04
Loss = 9.3941e-02, PNorm = 37.1963, GNorm = 0.1335, lr_0 = 7.3162e-04
Loss = 6.5285e-02, PNorm = 37.2509, GNorm = 0.1332, lr_0 = 7.2458e-04
Loss = 6.4111e-02, PNorm = 37.2873, GNorm = 0.1650, lr_0 = 7.1760e-04
Validation auc = 0.830756
Epoch 6
Loss = 5.1567e-02, PNorm = 37.3371, GNorm = 0.1486, lr_0 = 7.1000e-04
Loss = 8.9260e-02, PNorm = 37.3743, GNorm = 0.1582, lr_0 = 7.0317e-04
Loss = 8.2381e-02, PNorm = 37.4234, GNorm = 0.2139, lr_0 = 6.9640e-04
Loss = 8.0299e-02, PNorm = 37.4969, GNorm = 0.2122, lr_0 = 6.8969e-04
Loss = 7.1000e-02, PNorm = 37.5566, GNorm = 0.1163, lr_0 = 6.8305e-04
Loss = 6.8661e-02, PNorm = 37.6145, GNorm = 0.1322, lr_0 = 6.7648e-04
Loss = 7.2789e-02, PNorm = 37.6719, GNorm = 0.4886, lr_0 = 6.6996e-04
Loss = 2.8711e-02, PNorm = 37.7268, GNorm = 0.1354, lr_0 = 6.6351e-04
Validation auc = 0.873466
Epoch 7
Loss = 8.1685e-02, PNorm = 37.7561, GNorm = 0.1341, lr_0 = 6.5712e-04
Loss = 6.4094e-02, PNorm = 37.8221, GNorm = 0.1994, lr_0 = 6.5080e-04
Loss = 8.1105e-02, PNorm = 37.8897, GNorm = 0.3463, lr_0 = 6.4453e-04
Loss = 6.8164e-02, PNorm = 37.9406, GNorm = 0.1308, lr_0 = 6.3833e-04
Loss = 6.8097e-02, PNorm = 37.9764, GNorm = 0.1464, lr_0 = 6.3218e-04
Loss = 4.6203e-02, PNorm = 38.0193, GNorm = 0.0848, lr_0 = 6.2609e-04
Loss = 7.6218e-02, PNorm = 38.0553, GNorm = 0.2860, lr_0 = 6.2006e-04
Loss = 7.3708e-02, PNorm = 38.1077, GNorm = 0.3503, lr_0 = 6.1409e-04
Loss = 4.7849e-02, PNorm = 38.1608, GNorm = 0.1356, lr_0 = 6.0818e-04
Validation auc = 0.884259
Epoch 8
Loss = 3.2261e-02, PNorm = 38.2057, GNorm = 0.2114, lr_0 = 6.0233e-04
Loss = 5.2360e-02, PNorm = 38.2464, GNorm = 0.2569, lr_0 = 5.9653e-04
Loss = 7.1297e-02, PNorm = 38.2750, GNorm = 0.1608, lr_0 = 5.9078e-04
Loss = 8.5446e-02, PNorm = 38.3156, GNorm = 0.3002, lr_0 = 5.8510e-04
Loss = 6.8470e-02, PNorm = 38.3761, GNorm = 0.3372, lr_0 = 5.7946e-04
Loss = 6.6996e-02, PNorm = 38.4121, GNorm = 0.2934, lr_0 = 5.7388e-04
Loss = 5.4736e-02, PNorm = 38.4475, GNorm = 0.1627, lr_0 = 5.6836e-04
Loss = 6.5211e-02, PNorm = 38.4812, GNorm = 0.2058, lr_0 = 5.6289e-04
Loss = 6.2783e-02, PNorm = 38.5265, GNorm = 0.1455, lr_0 = 5.5747e-04
Loss = 1.4507e-02, PNorm = 38.5316, GNorm = 0.1590, lr_0 = 5.5693e-04
Validation auc = 0.881781
Epoch 9
Loss = 4.7748e-02, PNorm = 38.5738, GNorm = 0.1299, lr_0 = 5.5156e-04
Loss = 7.8054e-02, PNorm = 38.5934, GNorm = 0.1731, lr_0 = 5.4625e-04
Loss = 6.0203e-02, PNorm = 38.6351, GNorm = 0.1531, lr_0 = 5.4100e-04
Loss = 3.2251e-02, PNorm = 38.6894, GNorm = 0.1576, lr_0 = 5.3579e-04
Loss = 9.1523e-02, PNorm = 38.7154, GNorm = 0.1590, lr_0 = 5.3063e-04
Loss = 4.6703e-02, PNorm = 38.7589, GNorm = 0.2113, lr_0 = 5.2552e-04
Loss = 6.4178e-02, PNorm = 38.7839, GNorm = 0.1410, lr_0 = 5.2046e-04
Loss = 4.7925e-02, PNorm = 38.8274, GNorm = 0.2083, lr_0 = 5.1545e-04
Validation auc = 0.886540
Epoch 10
Loss = 3.5733e-02, PNorm = 38.8647, GNorm = 0.1162, lr_0 = 5.1049e-04
Loss = 6.7052e-02, PNorm = 38.9128, GNorm = 0.1505, lr_0 = 5.0557e-04
Loss = 3.0792e-02, PNorm = 38.9550, GNorm = 0.0548, lr_0 = 5.0070e-04
Loss = 2.7809e-02, PNorm = 38.9679, GNorm = 0.2507, lr_0 = 4.9588e-04
Loss = 7.4334e-02, PNorm = 38.9897, GNorm = 0.1662, lr_0 = 4.9111e-04
Loss = 6.9184e-02, PNorm = 39.0175, GNorm = 0.1925, lr_0 = 4.8638e-04
Loss = 6.2365e-02, PNorm = 39.0556, GNorm = 0.1204, lr_0 = 4.8170e-04
Loss = 5.8700e-02, PNorm = 39.0880, GNorm = 0.4102, lr_0 = 4.7706e-04
Loss = 5.1597e-02, PNorm = 39.1155, GNorm = 0.2136, lr_0 = 4.7247e-04
Validation auc = 0.881943
Epoch 11
Loss = 8.2565e-02, PNorm = 39.1623, GNorm = 0.2262, lr_0 = 4.6792e-04
Loss = 5.0996e-02, PNorm = 39.2101, GNorm = 0.2278, lr_0 = 4.6341e-04
Loss = 3.3318e-02, PNorm = 39.2379, GNorm = 0.1033, lr_0 = 4.5895e-04
Loss = 4.8656e-02, PNorm = 39.2610, GNorm = 0.1462, lr_0 = 4.5453e-04
Loss = 8.0080e-02, PNorm = 39.2839, GNorm = 0.5242, lr_0 = 4.5015e-04
Loss = 5.5744e-02, PNorm = 39.3161, GNorm = 0.0849, lr_0 = 4.4582e-04
Loss = 5.1739e-02, PNorm = 39.3454, GNorm = 0.1643, lr_0 = 4.4153e-04
Loss = 4.9041e-02, PNorm = 39.3854, GNorm = 0.2490, lr_0 = 4.3728e-04
Validation auc = 0.895883
Epoch 12
Loss = 5.1822e-02, PNorm = 39.4148, GNorm = 0.1570, lr_0 = 4.3265e-04
Loss = 3.6831e-02, PNorm = 39.4527, GNorm = 0.1206, lr_0 = 4.2848e-04
Loss = 4.1712e-02, PNorm = 39.4887, GNorm = 0.2543, lr_0 = 4.2436e-04
Loss = 7.2739e-02, PNorm = 39.5094, GNorm = 0.8545, lr_0 = 4.2027e-04
Loss = 5.2440e-02, PNorm = 39.5220, GNorm = 0.4308, lr_0 = 4.1622e-04
Loss = 2.9493e-02, PNorm = 39.5546, GNorm = 0.2473, lr_0 = 4.1222e-04
Loss = 8.0138e-02, PNorm = 39.5619, GNorm = 0.1805, lr_0 = 4.0825e-04
Loss = 6.6853e-02, PNorm = 39.5943, GNorm = 0.2915, lr_0 = 4.0432e-04
Loss = 4.5914e-02, PNorm = 39.6449, GNorm = 0.1696, lr_0 = 4.0042e-04
Validation auc = 0.901260
Epoch 13
Loss = 2.6677e-02, PNorm = 39.6710, GNorm = 0.3062, lr_0 = 3.9657e-04
Loss = 6.3961e-02, PNorm = 39.6922, GNorm = 0.1979, lr_0 = 3.9275e-04
Loss = 1.5530e-02, PNorm = 39.7196, GNorm = 0.0942, lr_0 = 3.8897e-04
Loss = 5.5921e-02, PNorm = 39.7375, GNorm = 0.2327, lr_0 = 3.8522e-04
Loss = 5.8848e-02, PNorm = 39.7664, GNorm = 0.1896, lr_0 = 3.8152e-04
Loss = 5.6380e-02, PNorm = 39.7932, GNorm = 0.3488, lr_0 = 3.7784e-04
Loss = 6.0745e-02, PNorm = 39.8073, GNorm = 0.3680, lr_0 = 3.7420e-04
Loss = 4.1208e-02, PNorm = 39.8324, GNorm = 0.0932, lr_0 = 3.7060e-04
Validation auc = 0.928319
Epoch 14
Loss = 1.6306e-02, PNorm = 39.8517, GNorm = 0.1152, lr_0 = 3.6668e-04
Loss = 3.8211e-02, PNorm = 39.8797, GNorm = 0.1739, lr_0 = 3.6315e-04
Loss = 4.8822e-02, PNorm = 39.9080, GNorm = 0.2272, lr_0 = 3.5965e-04
Loss = 3.2768e-02, PNorm = 39.9355, GNorm = 0.0734, lr_0 = 3.5619e-04
Loss = 4.9104e-02, PNorm = 39.9596, GNorm = 0.1158, lr_0 = 3.5276e-04
Loss = 5.4545e-02, PNorm = 39.9824, GNorm = 0.4076, lr_0 = 3.4936e-04
Loss = 7.7841e-02, PNorm = 39.9789, GNorm = 0.2482, lr_0 = 3.4600e-04
Loss = 4.9964e-02, PNorm = 40.0021, GNorm = 0.1301, lr_0 = 3.4267e-04
Loss = 5.2781e-02, PNorm = 40.0248, GNorm = 0.1163, lr_0 = 3.3937e-04
Validation auc = 0.918828
Epoch 15
Loss = 5.3739e-02, PNorm = 40.0494, GNorm = 0.2334, lr_0 = 3.3610e-04
Loss = 6.2230e-02, PNorm = 40.0821, GNorm = 0.2102, lr_0 = 3.3287e-04
Loss = 2.8037e-02, PNorm = 40.1060, GNorm = 0.1743, lr_0 = 3.2966e-04
Loss = 3.4823e-02, PNorm = 40.1284, GNorm = 0.0553, lr_0 = 3.2649e-04
Loss = 6.5437e-02, PNorm = 40.1284, GNorm = 0.1570, lr_0 = 3.2334e-04
Loss = 4.1780e-02, PNorm = 40.1549, GNorm = 0.2059, lr_0 = 3.2023e-04
Loss = 5.1678e-02, PNorm = 40.1805, GNorm = 0.2050, lr_0 = 3.1715e-04
Loss = 2.5083e-02, PNorm = 40.2019, GNorm = 0.3992, lr_0 = 3.1409e-04
Loss = 6.2521e-02, PNorm = 40.2199, GNorm = 0.2031, lr_0 = 3.1107e-04
Validation auc = 0.890270
Epoch 16
Loss = 4.8709e-02, PNorm = 40.2524, GNorm = 0.4112, lr_0 = 3.0807e-04
Loss = 7.0100e-02, PNorm = 40.2664, GNorm = 0.2467, lr_0 = 3.0511e-04
Loss = 4.8791e-02, PNorm = 40.2906, GNorm = 0.2092, lr_0 = 3.0217e-04
Loss = 2.8657e-02, PNorm = 40.3147, GNorm = 0.0805, lr_0 = 2.9926e-04
Loss = 5.0489e-02, PNorm = 40.3280, GNorm = 0.3423, lr_0 = 2.9638e-04
Loss = 3.3607e-02, PNorm = 40.3494, GNorm = 0.1841, lr_0 = 2.9353e-04
Loss = 2.6938e-02, PNorm = 40.3704, GNorm = 0.1066, lr_0 = 2.9070e-04
Loss = 5.4028e-02, PNorm = 40.3790, GNorm = 0.1544, lr_0 = 2.8790e-04
Validation auc = 0.909920
Epoch 17
Loss = 4.6327e-02, PNorm = 40.3926, GNorm = 0.1855, lr_0 = 2.8485e-04
Loss = 5.3739e-02, PNorm = 40.4025, GNorm = 0.1535, lr_0 = 2.8211e-04
Loss = 3.4808e-02, PNorm = 40.4235, GNorm = 0.2318, lr_0 = 2.7939e-04
Loss = 5.2378e-02, PNorm = 40.4385, GNorm = 0.2655, lr_0 = 2.7670e-04
Loss = 4.7505e-02, PNorm = 40.4539, GNorm = 0.1537, lr_0 = 2.7404e-04
Loss = 4.0115e-02, PNorm = 40.4676, GNorm = 0.1039, lr_0 = 2.7140e-04
Loss = 3.2642e-02, PNorm = 40.4847, GNorm = 0.1772, lr_0 = 2.6879e-04
Loss = 3.6973e-02, PNorm = 40.5018, GNorm = 0.3098, lr_0 = 2.6620e-04
Loss = 2.6275e-02, PNorm = 40.5162, GNorm = 0.0699, lr_0 = 2.6364e-04
Validation auc = 0.916562
Epoch 18
Loss = 4.4888e-02, PNorm = 40.5260, GNorm = 0.1059, lr_0 = 2.6110e-04
Loss = 3.7717e-02, PNorm = 40.5347, GNorm = 0.1302, lr_0 = 2.5859e-04
Loss = 4.0913e-02, PNorm = 40.5535, GNorm = 0.2514, lr_0 = 2.5610e-04
Loss = 2.8706e-02, PNorm = 40.5709, GNorm = 0.1391, lr_0 = 2.5363e-04
Loss = 4.7499e-02, PNorm = 40.5847, GNorm = 0.1653, lr_0 = 2.5119e-04
Loss = 3.4794e-02, PNorm = 40.5949, GNorm = 0.0975, lr_0 = 2.4877e-04
Loss = 5.4631e-02, PNorm = 40.6129, GNorm = 0.3210, lr_0 = 2.4638e-04
Loss = 5.4361e-02, PNorm = 40.6312, GNorm = 0.4520, lr_0 = 2.4400e-04
Validation auc = 0.919684
Epoch 19
Loss = 2.9444e-02, PNorm = 40.6411, GNorm = 0.0999, lr_0 = 2.4165e-04
Loss = 2.8765e-02, PNorm = 40.6573, GNorm = 0.3744, lr_0 = 2.3933e-04
Loss = 4.5467e-02, PNorm = 40.6654, GNorm = 0.2524, lr_0 = 2.3702e-04
Loss = 4.3966e-02, PNorm = 40.6805, GNorm = 0.2702, lr_0 = 2.3474e-04
Loss = 3.6435e-02, PNorm = 40.6974, GNorm = 0.1069, lr_0 = 2.3248e-04
Loss = 6.5287e-02, PNorm = 40.7134, GNorm = 0.2705, lr_0 = 2.3024e-04
Loss = 4.2167e-02, PNorm = 40.7359, GNorm = 0.3348, lr_0 = 2.2803e-04
Loss = 2.2477e-02, PNorm = 40.7523, GNorm = 0.3253, lr_0 = 2.2583e-04
Loss = 1.7267e-02, PNorm = 40.7603, GNorm = 0.1686, lr_0 = 2.2366e-04
Validation auc = 0.916897
Epoch 20
Loss = 3.9913e-02, PNorm = 40.7661, GNorm = 0.2019, lr_0 = 2.2129e-04
Loss = 3.4383e-02, PNorm = 40.7816, GNorm = 0.3907, lr_0 = 2.1916e-04
Loss = 2.9826e-02, PNorm = 40.7873, GNorm = 0.3314, lr_0 = 2.1705e-04
Loss = 3.7627e-02, PNorm = 40.7980, GNorm = 0.2690, lr_0 = 2.1496e-04
Loss = 3.0831e-02, PNorm = 40.8111, GNorm = 0.2274, lr_0 = 2.1289e-04
Loss = 4.2824e-02, PNorm = 40.8200, GNorm = 0.4079, lr_0 = 2.1084e-04
Loss = 3.8228e-02, PNorm = 40.8328, GNorm = 0.3539, lr_0 = 2.0881e-04
Loss = 3.9220e-02, PNorm = 40.8449, GNorm = 0.0929, lr_0 = 2.0680e-04
Validation auc = 0.914356
Epoch 21
Loss = 5.2008e-02, PNorm = 40.8521, GNorm = 0.7460, lr_0 = 2.0481e-04
Loss = 4.2718e-02, PNorm = 40.8633, GNorm = 0.2140, lr_0 = 2.0283e-04
Loss = 3.5520e-02, PNorm = 40.8856, GNorm = 0.4447, lr_0 = 2.0088e-04
Loss = 3.4143e-02, PNorm = 40.8997, GNorm = 0.2537, lr_0 = 1.9895e-04
Loss = 4.6136e-02, PNorm = 40.9112, GNorm = 0.3035, lr_0 = 1.9703e-04
Loss = 3.4401e-02, PNorm = 40.9265, GNorm = 0.1834, lr_0 = 1.9514e-04
Loss = 1.9022e-02, PNorm = 40.9386, GNorm = 0.0444, lr_0 = 1.9326e-04
Loss = 4.6306e-02, PNorm = 40.9353, GNorm = 0.0724, lr_0 = 1.9140e-04
Loss = 4.0320e-02, PNorm = 40.9446, GNorm = 0.3236, lr_0 = 1.8955e-04
Validation auc = 0.923674
Epoch 22
Loss = 3.6532e-02, PNorm = 40.9573, GNorm = 0.0281, lr_0 = 1.8773e-04
Loss = 4.3915e-02, PNorm = 40.9626, GNorm = 0.1713, lr_0 = 1.8592e-04
Loss = 3.5045e-02, PNorm = 40.9761, GNorm = 0.2482, lr_0 = 1.8413e-04
Loss = 2.7611e-02, PNorm = 40.9915, GNorm = 0.0423, lr_0 = 1.8236e-04
Loss = 3.4398e-02, PNorm = 41.0000, GNorm = 0.3275, lr_0 = 1.8060e-04
Loss = 2.9700e-02, PNorm = 41.0091, GNorm = 0.3483, lr_0 = 1.7886e-04
Loss = 3.5112e-02, PNorm = 41.0196, GNorm = 0.3604, lr_0 = 1.7714e-04
Loss = 2.9073e-02, PNorm = 41.0242, GNorm = 0.0896, lr_0 = 1.7544e-04
Validation auc = 0.907542
Epoch 23
Loss = 3.2025e-02, PNorm = 41.0347, GNorm = 0.4074, lr_0 = 1.7358e-04
Loss = 3.8042e-02, PNorm = 41.0478, GNorm = 0.0247, lr_0 = 1.7191e-04
Loss = 3.2902e-02, PNorm = 41.0529, GNorm = 0.2337, lr_0 = 1.7025e-04
Loss = 3.4185e-02, PNorm = 41.0559, GNorm = 0.1924, lr_0 = 1.6861e-04
Loss = 2.6899e-02, PNorm = 41.0722, GNorm = 0.4893, lr_0 = 1.6699e-04
Loss = 1.4386e-02, PNorm = 41.0814, GNorm = 0.0365, lr_0 = 1.6538e-04
Loss = 2.8207e-02, PNorm = 41.0872, GNorm = 0.2917, lr_0 = 1.6379e-04
Loss = 3.6684e-02, PNorm = 41.0938, GNorm = 0.1182, lr_0 = 1.6221e-04
Loss = 4.5428e-02, PNorm = 41.1021, GNorm = 0.3290, lr_0 = 1.6065e-04
Validation auc = 0.907492
Epoch 24
Loss = 2.4472e-02, PNorm = 41.1161, GNorm = 0.4325, lr_0 = 1.5910e-04
Loss = 4.7092e-02, PNorm = 41.1235, GNorm = 0.4238, lr_0 = 1.5757e-04
Loss = 4.2565e-02, PNorm = 41.1291, GNorm = 0.4385, lr_0 = 1.5605e-04
Loss = 3.7434e-02, PNorm = 41.1471, GNorm = 0.2225, lr_0 = 1.5455e-04
Loss = 3.7359e-02, PNorm = 41.1552, GNorm = 0.4893, lr_0 = 1.5306e-04
Loss = 3.6385e-02, PNorm = 41.1565, GNorm = 0.2798, lr_0 = 1.5159e-04
Loss = 2.2862e-02, PNorm = 41.1701, GNorm = 0.0505, lr_0 = 1.5013e-04
Loss = 4.4008e-02, PNorm = 41.1714, GNorm = 0.0902, lr_0 = 1.4869e-04
Loss = 1.7645e-02, PNorm = 41.1740, GNorm = 0.1283, lr_0 = 1.4725e-04
Validation auc = 0.902003
Epoch 25
Loss = 1.8495e-02, PNorm = 41.1850, GNorm = 0.1307, lr_0 = 1.4584e-04
Loss = 4.4205e-02, PNorm = 41.1888, GNorm = 0.0682, lr_0 = 1.4443e-04
Loss = 2.5377e-02, PNorm = 41.1941, GNorm = 0.1947, lr_0 = 1.4304e-04
Loss = 3.5484e-02, PNorm = 41.2075, GNorm = 0.4157, lr_0 = 1.4166e-04
Loss = 2.1289e-02, PNorm = 41.2156, GNorm = 0.0932, lr_0 = 1.4030e-04
Loss = 2.4086e-02, PNorm = 41.2208, GNorm = 0.4510, lr_0 = 1.3895e-04
Loss = 3.1000e-02, PNorm = 41.2221, GNorm = 0.2200, lr_0 = 1.3761e-04
Loss = 3.1754e-02, PNorm = 41.2325, GNorm = 0.1294, lr_0 = 1.3629e-04
Validation auc = 0.915298
Epoch 26
Loss = 4.2603e-02, PNorm = 41.2371, GNorm = 0.1871, lr_0 = 1.3484e-04
Loss = 3.1126e-02, PNorm = 41.2448, GNorm = 0.4458, lr_0 = 1.3355e-04
Loss = 2.2654e-02, PNorm = 41.2500, GNorm = 0.2740, lr_0 = 1.3226e-04
Loss = 2.5142e-02, PNorm = 41.2553, GNorm = 0.0926, lr_0 = 1.3099e-04
Loss = 2.3657e-02, PNorm = 41.2644, GNorm = 0.0652, lr_0 = 1.2973e-04
Loss = 4.0221e-02, PNorm = 41.2701, GNorm = 0.1327, lr_0 = 1.2848e-04
Loss = 1.7598e-02, PNorm = 41.2782, GNorm = 0.1399, lr_0 = 1.2724e-04
Loss = 2.1186e-02, PNorm = 41.2836, GNorm = 0.5731, lr_0 = 1.2601e-04
Loss = 6.4934e-02, PNorm = 41.2830, GNorm = 0.3576, lr_0 = 1.2480e-04
Validation auc = 0.905782
Epoch 27
Loss = 1.7635e-02, PNorm = 41.2934, GNorm = 0.2241, lr_0 = 1.2360e-04
Loss = 3.3397e-02, PNorm = 41.3049, GNorm = 0.5418, lr_0 = 1.2241e-04
Loss = 3.2691e-02, PNorm = 41.3082, GNorm = 0.3992, lr_0 = 1.2123e-04
Loss = 2.9531e-02, PNorm = 41.3108, GNorm = 0.2655, lr_0 = 1.2006e-04
Loss = 1.7024e-02, PNorm = 41.3172, GNorm = 0.3488, lr_0 = 1.1891e-04
Loss = 4.6533e-02, PNorm = 41.3208, GNorm = 0.7617, lr_0 = 1.1776e-04
Loss = 2.5054e-02, PNorm = 41.3308, GNorm = 0.2241, lr_0 = 1.1663e-04
Loss = 4.2447e-02, PNorm = 41.3349, GNorm = 0.3040, lr_0 = 1.1551e-04
Validation auc = 0.904816
Epoch 28
Loss = 4.6855e-02, PNorm = 41.3368, GNorm = 0.2874, lr_0 = 1.1428e-04
Loss = 3.8674e-02, PNorm = 41.3422, GNorm = 0.2565, lr_0 = 1.1318e-04
Loss = 4.0762e-02, PNorm = 41.3456, GNorm = 0.2206, lr_0 = 1.1209e-04
Loss = 2.6374e-02, PNorm = 41.3537, GNorm = 0.1015, lr_0 = 1.1101e-04
Loss = 1.6986e-02, PNorm = 41.3626, GNorm = 0.0787, lr_0 = 1.0995e-04
Loss = 2.7864e-02, PNorm = 41.3659, GNorm = 0.3500, lr_0 = 1.0889e-04
Loss = 2.3845e-02, PNorm = 41.3717, GNorm = 0.2098, lr_0 = 1.0784e-04
Loss = 3.6488e-02, PNorm = 41.3755, GNorm = 0.1165, lr_0 = 1.0680e-04
Loss = 2.2163e-02, PNorm = 41.3828, GNorm = 0.5390, lr_0 = 1.0577e-04
Validation auc = 0.905683
Epoch 29
Loss = 2.2890e-02, PNorm = 41.3914, GNorm = 0.2723, lr_0 = 1.0475e-04
Loss = 8.6133e-03, PNorm = 41.3977, GNorm = 0.0202, lr_0 = 1.0374e-04
Loss = 3.0617e-02, PNorm = 41.3995, GNorm = 0.6215, lr_0 = 1.0275e-04
Loss = 5.1612e-02, PNorm = 41.3998, GNorm = 0.3912, lr_0 = 1.0176e-04
Loss = 3.5027e-02, PNorm = 41.4103, GNorm = 0.6209, lr_0 = 1.0078e-04
Loss = 2.6191e-02, PNorm = 41.4131, GNorm = 0.1266, lr_0 = 1.0000e-04
Loss = 3.3152e-02, PNorm = 41.4162, GNorm = 0.4390, lr_0 = 1.0000e-04
Loss = 2.3541e-02, PNorm = 41.4215, GNorm = 0.3475, lr_0 = 1.0000e-04
Validation auc = 0.897332
Model 0 best validation auc = 0.928319 on epoch 13
Loading pretrained parameter "encoder.encoder.0.cached_zero_vector".
Loading pretrained parameter "encoder.encoder.0.W_i.weight".
Loading pretrained parameter "encoder.encoder.0.W_h.weight".
Loading pretrained parameter "encoder.encoder.0.W_o.weight".
Loading pretrained parameter "encoder.encoder.0.W_o.bias".
Loading pretrained parameter "ffn.1.weight".
Loading pretrained parameter "ffn.1.bias".
Moving model to cuda
Model 0 test auc = 0.810765
Ensemble test auc = 0.810765
3-fold cross validation
	Seed 0 ==> test auc = 0.698941
	Seed 1 ==> test auc = 0.833820
	Seed 2 ==> test auc = 0.810765
Overall test auc = 0.781175 +/- 0.058905
Elapsed time = 0:13:15
