Command line
python /home/jackievaleri8/.conda/envs/chemprop/bin/chemprop_train --init_lr 0.001 --dropout 0.1 --hidden_size 1500 --ffn_num_layers 1 --depth 5 --save_dir round3finalval08162021_models/20 --data_path round3finalval08162021_TRAIN.csv --dataset_type classification --features_path round3finalval08162021_TRAINFTS.npz --no_features_scaling --num_folds 3 --ensemble_size 1 --split_type scaffold_balanced --split_sizes 0.8 0.1 0.1 --smiles_columns SMILES --ignore_columns Name --gpu 0
Args
{'activation': 'ReLU',
 'aggregation': 'mean',
 'aggregation_norm': 100,
 'atom_descriptor_scaling': True,
 'atom_descriptors': None,
 'atom_descriptors_path': None,
 'atom_descriptors_size': 0,
 'atom_features_size': 0,
 'atom_messages': False,
 'batch_size': 50,
 'bias': False,
 'bond_feature_scaling': True,
 'bond_features_path': None,
 'bond_features_size': 0,
 'cache_cutoff': 10000,
 'checkpoint_dir': None,
 'checkpoint_path': None,
 'checkpoint_paths': None,
 'class_balance': False,
 'config_path': None,
 'crossval_index_dir': None,
 'crossval_index_file': None,
 'crossval_index_sets': None,
 'cuda': True,
 'data_path': 'round3finalval08162021_TRAIN.csv',
 'dataset_type': 'classification',
 'depth': 5,
 'device': device(type='cuda', index=0),
 'dropout': 0.1,
 'empty_cache': False,
 'ensemble_size': 1,
 'epochs': 30,
 'explicit_h': False,
 'extra_metrics': [],
 'features_generator': None,
 'features_only': False,
 'features_path': ['round3finalval08162021_TRAINFTS.npz'],
 'features_scaling': False,
 'features_size': None,
 'ffn_hidden_size': 1500,
 'ffn_num_layers': 1,
 'final_lr': 0.0001,
 'folds_file': None,
 'gpu': 0,
 'grad_clip': None,
 'hidden_size': 1500,
 'ignore_columns': ['Name'],
 'init_lr': 0.001,
 'log_frequency': 10,
 'max_data_size': None,
 'max_lr': 0.001,
 'metric': 'auc',
 'metrics': ['auc'],
 'minimize_score': False,
 'mpn_shared': False,
 'multiclass_num_classes': 3,
 'no_atom_descriptor_scaling': False,
 'no_bond_features_scaling': False,
 'no_cache_mol': False,
 'no_cuda': False,
 'no_features_scaling': True,
 'num_folds': 3,
 'num_lrs': 1,
 'num_tasks': 2,
 'num_workers': 8,
 'number_of_molecules': 1,
 'overwrite_default_atom_features': False,
 'overwrite_default_bond_features': False,
 'pytorch_seed': 0,
 'quiet': False,
 'reaction': False,
 'reaction_mode': 'reac_diff',
 'resume_experiment': False,
 'save_dir': 'round3finalval08162021_models/20',
 'save_preds': False,
 'save_smiles_splits': False,
 'seed': 0,
 'separate_test_atom_descriptors_path': None,
 'separate_test_bond_features_path': None,
 'separate_test_features_path': None,
 'separate_test_path': None,
 'separate_val_atom_descriptors_path': None,
 'separate_val_bond_features_path': None,
 'separate_val_features_path': None,
 'separate_val_path': None,
 'show_individual_scores': False,
 'smiles_columns': ['SMILES'],
 'split_sizes': (0.8, 0.1, 0.1),
 'split_type': 'scaffold_balanced',
 'target_columns': None,
 'task_names': ['hit_inh', 'hit_kill'],
 'test': False,
 'test_fold_index': None,
 'train_data_size': None,
 'undirected': False,
 'use_input_features': True,
 'val_fold_index': None,
 'warmup_epochs': 2.0}
Loading data
Warning: 23 SMILES are invalid.
Number of tasks = 2
Fold 0
Splitting data with seed 0
Total scaffolds = 3,467 | train scaffolds = 2,650 | val scaffolds = 433 | test scaffolds = 384
Label averages per scaffold, in decreasing order of scaffold frequency,capped at 10 scaffolds and 20 labels:
Scaffold 0
Task 0: count = 381 | target average = 0.018373
Task 1: count = 381 | target average = 0.013123


Scaffold 1
Task 0: count = 305 | target average = 0.009836
Task 1: count = 305 | target average = 0.016393


Scaffold 2
Task 0: count = 36 | target average = 0.000000
Task 1: count = 36 | target average = 0.000000


Scaffold 3
Task 0: count = 29 | target average = 0.000000
Task 1: count = 29 | target average = 0.000000


Scaffold 4
Task 0: count = 26 | target average = 0.000000
Task 1: count = 26 | target average = 0.000000


Scaffold 5
Task 0: count = 23 | target average = 0.000000
Task 1: count = 23 | target average = 0.000000


Scaffold 6
Task 0: count = 22 | target average = 0.090909
Task 1: count = 22 | target average = 0.090909


Scaffold 7
Task 0: count = 20 | target average = 0.000000
Task 1: count = 20 | target average = 0.000000


Scaffold 8
Task 0: count = 20 | target average = 0.000000
Task 1: count = 20 | target average = 0.000000


Scaffold 9
Task 0: count = 20 | target average = 0.050000
Task 1: count = 20 | target average = 0.000000


Class sizes
hit_inh 0: 97.83%, 1: 2.17%
hit_kill 0: 98.64%, 1: 1.36%
Total size = 5,353 | train size = 4,282 | val size = 535 | test size = 536
Building model 0
MoleculeModel(
  (sigmoid): Sigmoid()
  (encoder): MPN(
    (encoder): ModuleList(
      (0): MPNEncoder(
        (dropout_layer): Dropout(p=0.1, inplace=False)
        (act_func): ReLU()
        (W_i): Linear(in_features=147, out_features=1500, bias=False)
        (W_h): Linear(in_features=1500, out_features=1500, bias=False)
        (W_o): Linear(in_features=1633, out_features=1500, bias=True)
      )
    )
  )
  (ffn): Sequential(
    (0): Dropout(p=0.1, inplace=False)
    (1): Linear(in_features=1700, out_features=2, bias=True)
  )
)
Number of parameters = 4,924,902
Moving model to cuda
Epoch 0
Loss = 2.8758e-01, PNorm = 58.2962, GNorm = 1.2042, lr_0 = 1.0000e-03
Loss = 8.7608e-02, PNorm = 58.6729, GNorm = 0.1446, lr_0 = 1.0000e-03
Loss = 9.2083e-02, PNorm = 58.8632, GNorm = 0.6361, lr_0 = 1.0000e-03
Loss = 1.0327e-01, PNorm = 58.9380, GNorm = 0.2004, lr_0 = 1.0000e-03
Loss = 9.3010e-02, PNorm = 59.0024, GNorm = 0.3648, lr_0 = 1.0000e-03
Loss = 5.9764e-02, PNorm = 59.0442, GNorm = 0.1362, lr_0 = 1.0000e-03
Loss = 6.4074e-02, PNorm = 59.0735, GNorm = 0.1333, lr_0 = 1.0000e-03
Loss = 6.5103e-02, PNorm = 59.1005, GNorm = 0.1078, lr_0 = 1.0000e-03
Validation auc = 0.607602
Epoch 1
Loss = 4.1348e-02, PNorm = 59.1564, GNorm = 0.1048, lr_0 = 1.0000e-03
Loss = 9.5678e-02, PNorm = 59.1748, GNorm = 0.1529, lr_0 = 1.0000e-03
Loss = 7.9728e-02, PNorm = 59.2363, GNorm = 0.1425, lr_0 = 1.0000e-03
Loss = 9.3151e-02, PNorm = 59.2945, GNorm = 0.1422, lr_0 = 1.0000e-03
Loss = 8.5645e-02, PNorm = 59.3631, GNorm = 0.1098, lr_0 = 1.0000e-03
Loss = 5.8983e-02, PNorm = 59.4340, GNorm = 0.1418, lr_0 = 1.0000e-03
Loss = 9.5097e-02, PNorm = 59.4868, GNorm = 0.1157, lr_0 = 1.0000e-03
Loss = 9.6346e-02, PNorm = 59.5237, GNorm = 0.1169, lr_0 = 1.0000e-03
Loss = 9.7703e-02, PNorm = 59.5847, GNorm = 0.1187, lr_0 = 9.9807e-04
Validation auc = 0.834634
Epoch 2
Loss = 6.7013e-02, PNorm = 59.6720, GNorm = 0.0509, lr_0 = 9.8846e-04
Loss = 6.5684e-02, PNorm = 59.7220, GNorm = 0.1474, lr_0 = 9.7894e-04
Loss = 6.8737e-02, PNorm = 59.8178, GNorm = 0.1253, lr_0 = 9.6952e-04
Loss = 7.7897e-02, PNorm = 59.8849, GNorm = 0.4323, lr_0 = 9.6018e-04
Loss = 7.1901e-02, PNorm = 59.9756, GNorm = 0.1155, lr_0 = 9.5094e-04
Loss = 8.7748e-02, PNorm = 60.0258, GNorm = 0.1540, lr_0 = 9.4178e-04
Loss = 1.3191e-01, PNorm = 60.1306, GNorm = 0.3859, lr_0 = 9.3271e-04
Loss = 6.1438e-02, PNorm = 60.2330, GNorm = 0.2092, lr_0 = 9.2373e-04
Validation auc = 0.846266
Epoch 3
Loss = 6.9477e-02, PNorm = 60.3263, GNorm = 0.1661, lr_0 = 9.1395e-04
Loss = 9.9823e-02, PNorm = 60.4333, GNorm = 0.2438, lr_0 = 9.0515e-04
Loss = 7.7610e-02, PNorm = 60.5797, GNorm = 0.3423, lr_0 = 8.9644e-04
Loss = 7.5953e-02, PNorm = 60.6918, GNorm = 0.1100, lr_0 = 8.8781e-04
Loss = 7.0643e-02, PNorm = 60.8171, GNorm = 0.2301, lr_0 = 8.7926e-04
Loss = 7.8547e-02, PNorm = 60.8980, GNorm = 0.1297, lr_0 = 8.7080e-04
Loss = 5.3535e-02, PNorm = 60.9861, GNorm = 0.0785, lr_0 = 8.6241e-04
Loss = 6.4190e-02, PNorm = 61.0669, GNorm = 0.1026, lr_0 = 8.5411e-04
Loss = 8.4661e-02, PNorm = 61.1318, GNorm = 0.1262, lr_0 = 8.4588e-04
Validation auc = 0.846598
Epoch 4
Loss = 6.4436e-02, PNorm = 61.2332, GNorm = 0.1218, lr_0 = 8.3774e-04
Loss = 5.7072e-02, PNorm = 61.3349, GNorm = 0.1113, lr_0 = 8.2967e-04
Loss = 7.8900e-02, PNorm = 61.4271, GNorm = 0.1602, lr_0 = 8.2169e-04
Loss = 8.2370e-02, PNorm = 61.5318, GNorm = 0.3481, lr_0 = 8.1377e-04
Loss = 9.5877e-02, PNorm = 61.6074, GNorm = 0.1226, lr_0 = 8.0594e-04
Loss = 5.1601e-02, PNorm = 61.7435, GNorm = 0.0667, lr_0 = 7.9818e-04
Loss = 6.2415e-02, PNorm = 61.8526, GNorm = 0.0759, lr_0 = 7.9050e-04
Loss = 5.9201e-02, PNorm = 61.9513, GNorm = 0.0691, lr_0 = 7.8288e-04
Validation auc = 0.912010
Epoch 5
Loss = 6.4583e-02, PNorm = 62.0356, GNorm = 0.1599, lr_0 = 7.7535e-04
Loss = 5.2290e-02, PNorm = 62.1301, GNorm = 0.1611, lr_0 = 7.6788e-04
Loss = 1.0256e-01, PNorm = 62.2212, GNorm = 0.3594, lr_0 = 7.6049e-04
Loss = 8.0424e-02, PNorm = 62.3785, GNorm = 0.1847, lr_0 = 7.5317e-04
Loss = 4.7254e-02, PNorm = 62.5121, GNorm = 0.1241, lr_0 = 7.4591e-04
Loss = 5.4191e-02, PNorm = 62.6126, GNorm = 0.3128, lr_0 = 7.3873e-04
Loss = 8.3804e-02, PNorm = 62.6496, GNorm = 0.1611, lr_0 = 7.3162e-04
Loss = 3.6694e-02, PNorm = 62.7219, GNorm = 0.0686, lr_0 = 7.2458e-04
Loss = 7.3978e-02, PNorm = 62.7837, GNorm = 0.2673, lr_0 = 7.1760e-04
Validation auc = 0.909311
Epoch 6
Loss = 4.3065e-02, PNorm = 62.9266, GNorm = 0.1913, lr_0 = 7.1000e-04
Loss = 7.0454e-02, PNorm = 62.9746, GNorm = 0.1036, lr_0 = 7.0317e-04
Loss = 5.3820e-02, PNorm = 63.0937, GNorm = 0.0620, lr_0 = 6.9640e-04
Loss = 5.4035e-02, PNorm = 63.1683, GNorm = 0.1008, lr_0 = 6.8969e-04
Loss = 6.0071e-02, PNorm = 63.2267, GNorm = 0.1213, lr_0 = 6.8305e-04
Loss = 7.0619e-02, PNorm = 63.2919, GNorm = 0.1200, lr_0 = 6.7648e-04
Loss = 5.8506e-02, PNorm = 63.3579, GNorm = 0.2526, lr_0 = 6.6996e-04
Loss = 6.1497e-02, PNorm = 63.4486, GNorm = 0.3054, lr_0 = 6.6351e-04
Validation auc = 0.931035
Epoch 7
Loss = 5.4348e-02, PNorm = 63.5594, GNorm = 0.4762, lr_0 = 6.5712e-04
Loss = 6.0751e-02, PNorm = 63.6749, GNorm = 0.3029, lr_0 = 6.5080e-04
Loss = 5.9130e-02, PNorm = 63.7944, GNorm = 0.1069, lr_0 = 6.4453e-04
Loss = 4.5832e-02, PNorm = 63.8982, GNorm = 0.1567, lr_0 = 6.3833e-04
Loss = 4.6172e-02, PNorm = 63.9545, GNorm = 0.1405, lr_0 = 6.3218e-04
Loss = 6.2328e-02, PNorm = 64.0057, GNorm = 0.2051, lr_0 = 6.2609e-04
Loss = 3.7414e-02, PNorm = 64.1048, GNorm = 0.2153, lr_0 = 6.2006e-04
Loss = 4.0260e-02, PNorm = 64.1663, GNorm = 0.1413, lr_0 = 6.1409e-04
Loss = 5.8319e-02, PNorm = 64.2515, GNorm = 0.3473, lr_0 = 6.0818e-04
Validation auc = 0.946938
Epoch 8
Loss = 3.9555e-02, PNorm = 64.2996, GNorm = 0.0875, lr_0 = 6.0233e-04
Loss = 4.8786e-02, PNorm = 64.3987, GNorm = 0.2092, lr_0 = 5.9653e-04
Loss = 5.6190e-02, PNorm = 64.4924, GNorm = 0.0856, lr_0 = 5.9078e-04
Loss = 4.4333e-02, PNorm = 64.5737, GNorm = 0.1809, lr_0 = 5.8510e-04
Loss = 5.3752e-02, PNorm = 64.6330, GNorm = 0.2310, lr_0 = 5.7946e-04
Loss = 4.3736e-02, PNorm = 64.7132, GNorm = 0.0594, lr_0 = 5.7388e-04
Loss = 3.1510e-02, PNorm = 64.7915, GNorm = 0.1544, lr_0 = 5.6836e-04
Loss = 7.6066e-02, PNorm = 64.8514, GNorm = 0.2228, lr_0 = 5.6289e-04
Loss = 5.9380e-02, PNorm = 64.9588, GNorm = 0.2470, lr_0 = 5.5747e-04
Loss = 8.4768e-03, PNorm = 64.9679, GNorm = 0.0849, lr_0 = 5.5693e-04
Validation auc = 0.918203
Epoch 9
Loss = 5.0734e-02, PNorm = 65.0625, GNorm = 0.2042, lr_0 = 5.5156e-04
Loss = 3.8232e-02, PNorm = 65.1806, GNorm = 0.0639, lr_0 = 5.4625e-04
Loss = 3.2145e-02, PNorm = 65.2340, GNorm = 0.0588, lr_0 = 5.4100e-04
Loss = 4.1314e-02, PNorm = 65.2811, GNorm = 0.3207, lr_0 = 5.3579e-04
Loss = 4.1852e-02, PNorm = 65.3446, GNorm = 0.1130, lr_0 = 5.3063e-04
Loss = 5.3518e-02, PNorm = 65.3755, GNorm = 0.1972, lr_0 = 5.2552e-04
Loss = 4.9018e-02, PNorm = 65.4523, GNorm = 0.1878, lr_0 = 5.2046e-04
Loss = 5.3864e-02, PNorm = 65.5034, GNorm = 0.3061, lr_0 = 5.1545e-04
Validation auc = 0.932005
Epoch 10
Loss = 2.9817e-02, PNorm = 65.5547, GNorm = 0.2213, lr_0 = 5.1049e-04
Loss = 3.9445e-02, PNorm = 65.6042, GNorm = 0.2214, lr_0 = 5.0557e-04
Loss = 5.1924e-02, PNorm = 65.6464, GNorm = 0.2048, lr_0 = 5.0070e-04
Loss = 4.8092e-02, PNorm = 65.7081, GNorm = 0.2249, lr_0 = 4.9588e-04
Loss = 3.1907e-02, PNorm = 65.7895, GNorm = 0.1158, lr_0 = 4.9111e-04
Loss = 3.3048e-02, PNorm = 65.8506, GNorm = 0.1720, lr_0 = 4.8638e-04
Loss = 6.4960e-02, PNorm = 65.9135, GNorm = 0.3194, lr_0 = 4.8170e-04
Loss = 2.5001e-02, PNorm = 66.0014, GNorm = 0.1131, lr_0 = 4.7706e-04
Loss = 4.3696e-02, PNorm = 66.0523, GNorm = 0.1432, lr_0 = 4.7247e-04
Validation auc = 0.943765
Epoch 11
Loss = 3.0329e-02, PNorm = 66.1415, GNorm = 0.1223, lr_0 = 4.6792e-04
Loss = 4.5696e-02, PNorm = 66.1938, GNorm = 0.3134, lr_0 = 4.6341e-04
Loss = 4.3531e-02, PNorm = 66.2626, GNorm = 0.2136, lr_0 = 4.5895e-04
Loss = 3.7667e-02, PNorm = 66.3119, GNorm = 0.0472, lr_0 = 4.5453e-04
Loss = 3.9076e-02, PNorm = 66.3632, GNorm = 0.1317, lr_0 = 4.5015e-04
Loss = 4.1331e-02, PNorm = 66.4329, GNorm = 0.2692, lr_0 = 4.4582e-04
Loss = 4.7788e-02, PNorm = 66.4849, GNorm = 0.1549, lr_0 = 4.4153e-04
Loss = 2.5498e-02, PNorm = 66.5613, GNorm = 0.1979, lr_0 = 4.3728e-04
Validation auc = 0.943295
Epoch 12
Loss = 1.5781e-02, PNorm = 66.6044, GNorm = 0.0462, lr_0 = 4.3265e-04
Loss = 3.7474e-02, PNorm = 66.6484, GNorm = 0.5328, lr_0 = 4.2848e-04
Loss = 3.9590e-02, PNorm = 66.7028, GNorm = 0.1295, lr_0 = 4.2436e-04
Loss = 4.1120e-02, PNorm = 66.7618, GNorm = 0.0392, lr_0 = 4.2027e-04
Loss = 1.7593e-02, PNorm = 66.8126, GNorm = 0.0765, lr_0 = 4.1622e-04
Loss = 3.5321e-02, PNorm = 66.8396, GNorm = 0.1165, lr_0 = 4.1222e-04
Loss = 3.8188e-02, PNorm = 66.8780, GNorm = 0.1275, lr_0 = 4.0825e-04
Loss = 4.5599e-02, PNorm = 66.9394, GNorm = 0.1196, lr_0 = 4.0432e-04
Loss = 4.5212e-02, PNorm = 66.9808, GNorm = 0.2129, lr_0 = 4.0042e-04
Validation auc = 0.949378
Epoch 13
Loss = 3.5738e-02, PNorm = 67.0332, GNorm = 0.1207, lr_0 = 3.9657e-04
Loss = 4.3249e-02, PNorm = 67.0829, GNorm = 0.0855, lr_0 = 3.9275e-04
Loss = 4.0125e-02, PNorm = 67.1467, GNorm = 0.0757, lr_0 = 3.8897e-04
Loss = 1.0626e-02, PNorm = 67.2418, GNorm = 0.0262, lr_0 = 3.8522e-04
Loss = 5.6229e-02, PNorm = 67.2476, GNorm = 0.3387, lr_0 = 3.8152e-04
Loss = 2.9575e-02, PNorm = 67.3073, GNorm = 0.1997, lr_0 = 3.7784e-04
Loss = 4.3574e-02, PNorm = 67.3320, GNorm = 0.2301, lr_0 = 3.7420e-04
Loss = 4.1686e-02, PNorm = 67.3711, GNorm = 0.1796, lr_0 = 3.7060e-04
Validation auc = 0.950782
Epoch 14
Loss = 2.5927e-02, PNorm = 67.4247, GNorm = 0.1377, lr_0 = 3.6668e-04
Loss = 3.5847e-02, PNorm = 67.4682, GNorm = 0.1445, lr_0 = 3.6315e-04
Loss = 2.8998e-02, PNorm = 67.5269, GNorm = 0.2311, lr_0 = 3.5965e-04
Loss = 3.0365e-02, PNorm = 67.5830, GNorm = 0.2967, lr_0 = 3.5619e-04
Loss = 1.3526e-02, PNorm = 67.6093, GNorm = 0.1474, lr_0 = 3.5276e-04
Loss = 3.0480e-02, PNorm = 67.6438, GNorm = 0.2482, lr_0 = 3.4936e-04
Loss = 4.9178e-02, PNorm = 67.6655, GNorm = 0.2497, lr_0 = 3.4600e-04
Loss = 2.7151e-02, PNorm = 67.7392, GNorm = 0.1001, lr_0 = 3.4267e-04
Loss = 3.4795e-02, PNorm = 67.7680, GNorm = 0.1595, lr_0 = 3.3937e-04
Validation auc = 0.954175
Epoch 15
Loss = 2.6744e-02, PNorm = 67.8208, GNorm = 0.2042, lr_0 = 3.3610e-04
Loss = 2.4789e-02, PNorm = 67.8959, GNorm = 0.1957, lr_0 = 3.3287e-04
Loss = 2.1229e-02, PNorm = 67.9222, GNorm = 0.1320, lr_0 = 3.2966e-04
Loss = 3.2124e-02, PNorm = 67.9363, GNorm = 0.2628, lr_0 = 3.2649e-04
Loss = 3.3442e-02, PNorm = 67.9907, GNorm = 0.1018, lr_0 = 3.2334e-04
Loss = 1.8404e-02, PNorm = 68.0399, GNorm = 0.1612, lr_0 = 3.2023e-04
Loss = 2.4274e-02, PNorm = 68.0668, GNorm = 0.0982, lr_0 = 3.1715e-04
Loss = 3.5594e-02, PNorm = 68.0967, GNorm = 0.1928, lr_0 = 3.1409e-04
Loss = 3.2382e-02, PNorm = 68.1563, GNorm = 0.1057, lr_0 = 3.1107e-04
Validation auc = 0.950984
Epoch 16
Loss = 2.6455e-02, PNorm = 68.2034, GNorm = 0.2505, lr_0 = 3.0807e-04
Loss = 3.7053e-02, PNorm = 68.2431, GNorm = 0.1913, lr_0 = 3.0511e-04
Loss = 1.6531e-02, PNorm = 68.3004, GNorm = 0.1065, lr_0 = 3.0217e-04
Loss = 3.4383e-02, PNorm = 68.3065, GNorm = 0.3031, lr_0 = 2.9926e-04
Loss = 2.4914e-02, PNorm = 68.3520, GNorm = 0.0763, lr_0 = 2.9638e-04
Loss = 3.2631e-02, PNorm = 68.3985, GNorm = 0.1927, lr_0 = 2.9353e-04
Loss = 2.5027e-02, PNorm = 68.4467, GNorm = 0.1851, lr_0 = 2.9070e-04
Loss = 1.8526e-02, PNorm = 68.4943, GNorm = 0.1309, lr_0 = 2.8790e-04
Validation auc = 0.933070
Epoch 17
Loss = 1.4690e-02, PNorm = 68.5200, GNorm = 0.1292, lr_0 = 2.8485e-04
Loss = 2.6756e-02, PNorm = 68.5566, GNorm = 0.1777, lr_0 = 2.8211e-04
Loss = 1.8246e-02, PNorm = 68.5804, GNorm = 0.1779, lr_0 = 2.7939e-04
Loss = 2.1591e-02, PNorm = 68.6293, GNorm = 0.0823, lr_0 = 2.7670e-04
Loss = 1.8537e-02, PNorm = 68.6620, GNorm = 0.1815, lr_0 = 2.7404e-04
Loss = 2.5491e-02, PNorm = 68.6877, GNorm = 0.1739, lr_0 = 2.7140e-04
Loss = 3.6788e-02, PNorm = 68.7263, GNorm = 0.2055, lr_0 = 2.6879e-04
Loss = 1.1525e-02, PNorm = 68.7769, GNorm = 0.1777, lr_0 = 2.6620e-04
Loss = 2.0796e-02, PNorm = 68.7955, GNorm = 0.1689, lr_0 = 2.6364e-04
Validation auc = 0.949006
Epoch 18
Loss = 2.8441e-02, PNorm = 68.8115, GNorm = 0.5219, lr_0 = 2.6110e-04
Loss = 2.4903e-02, PNorm = 68.8676, GNorm = 0.0515, lr_0 = 2.5859e-04
Loss = 1.9587e-02, PNorm = 68.9042, GNorm = 0.1343, lr_0 = 2.5610e-04
Loss = 7.5109e-03, PNorm = 68.9394, GNorm = 0.0769, lr_0 = 2.5363e-04
Loss = 1.5773e-02, PNorm = 68.9534, GNorm = 0.1671, lr_0 = 2.5119e-04
Loss = 2.2940e-02, PNorm = 68.9727, GNorm = 0.1003, lr_0 = 2.4877e-04
Loss = 2.4440e-02, PNorm = 69.0059, GNorm = 0.2478, lr_0 = 2.4638e-04
Loss = 2.7414e-02, PNorm = 69.0451, GNorm = 0.0433, lr_0 = 2.4400e-04
Validation auc = 0.941604
Epoch 19
Loss = 1.8854e-02, PNorm = 69.0653, GNorm = 0.1543, lr_0 = 2.4165e-04
Loss = 1.7749e-02, PNorm = 69.1043, GNorm = 0.0354, lr_0 = 2.3933e-04
Loss = 1.3968e-02, PNorm = 69.1392, GNorm = 0.0540, lr_0 = 2.3702e-04
Loss = 3.0110e-02, PNorm = 69.1547, GNorm = 0.2126, lr_0 = 2.3474e-04
Loss = 1.8127e-02, PNorm = 69.1916, GNorm = 0.2186, lr_0 = 2.3248e-04
Loss = 1.8731e-02, PNorm = 69.2372, GNorm = 0.1508, lr_0 = 2.3024e-04
Loss = 3.0084e-02, PNorm = 69.2602, GNorm = 0.3179, lr_0 = 2.2803e-04
Loss = 1.3402e-02, PNorm = 69.2881, GNorm = 0.0212, lr_0 = 2.2583e-04
Loss = 1.9170e-02, PNorm = 69.3144, GNorm = 0.1073, lr_0 = 2.2366e-04
Validation auc = 0.947785
Epoch 20
Loss = 1.3669e-02, PNorm = 69.3376, GNorm = 0.2006, lr_0 = 2.2129e-04
Loss = 1.7913e-02, PNorm = 69.3553, GNorm = 0.0889, lr_0 = 2.1916e-04
Loss = 1.2286e-02, PNorm = 69.3880, GNorm = 0.0430, lr_0 = 2.1705e-04
Loss = 2.0301e-02, PNorm = 69.4161, GNorm = 0.1157, lr_0 = 2.1496e-04
Loss = 7.8829e-03, PNorm = 69.4307, GNorm = 0.0288, lr_0 = 2.1289e-04
Loss = 1.3387e-02, PNorm = 69.4614, GNorm = 0.1670, lr_0 = 2.1084e-04
Loss = 3.0589e-02, PNorm = 69.4849, GNorm = 0.1776, lr_0 = 2.0881e-04
Loss = 2.8014e-02, PNorm = 69.5179, GNorm = 0.5034, lr_0 = 2.0680e-04
Validation auc = 0.941994
Epoch 21
Loss = 1.7064e-02, PNorm = 69.5530, GNorm = 0.1915, lr_0 = 2.0481e-04
Loss = 1.2838e-02, PNorm = 69.5764, GNorm = 0.0200, lr_0 = 2.0283e-04
Loss = 1.2972e-02, PNorm = 69.6097, GNorm = 0.0844, lr_0 = 2.0088e-04
Loss = 1.2009e-02, PNorm = 69.6383, GNorm = 0.1659, lr_0 = 1.9895e-04
Loss = 1.8272e-02, PNorm = 69.6638, GNorm = 0.2479, lr_0 = 1.9703e-04
Loss = 9.3445e-03, PNorm = 69.6928, GNorm = 0.0299, lr_0 = 1.9514e-04
Loss = 2.8164e-02, PNorm = 69.7163, GNorm = 0.5501, lr_0 = 1.9326e-04
Loss = 1.7281e-02, PNorm = 69.7225, GNorm = 0.1782, lr_0 = 1.9140e-04
Loss = 1.6011e-02, PNorm = 69.7555, GNorm = 0.1514, lr_0 = 1.8955e-04
Validation auc = 0.949446
Epoch 22
Loss = 1.6219e-02, PNorm = 69.7736, GNorm = 0.1253, lr_0 = 1.8773e-04
Loss = 9.8222e-03, PNorm = 69.7987, GNorm = 0.0470, lr_0 = 1.8592e-04
Loss = 1.6615e-02, PNorm = 69.8138, GNorm = 0.0888, lr_0 = 1.8413e-04
Loss = 1.4719e-02, PNorm = 69.8314, GNorm = 0.0771, lr_0 = 1.8236e-04
Loss = 1.5520e-02, PNorm = 69.8585, GNorm = 0.2776, lr_0 = 1.8060e-04
Loss = 1.9786e-02, PNorm = 69.8951, GNorm = 0.2386, lr_0 = 1.7886e-04
Loss = 8.4883e-03, PNorm = 69.9114, GNorm = 0.0159, lr_0 = 1.7714e-04
Loss = 1.3733e-02, PNorm = 69.9182, GNorm = 0.1640, lr_0 = 1.7544e-04
Validation auc = 0.945918
Epoch 23
Loss = 1.0401e-02, PNorm = 69.9370, GNorm = 0.1082, lr_0 = 1.7358e-04
Loss = 1.2253e-02, PNorm = 69.9660, GNorm = 0.0999, lr_0 = 1.7191e-04
Loss = 1.0227e-02, PNorm = 69.9804, GNorm = 0.0309, lr_0 = 1.7025e-04
Loss = 7.7800e-03, PNorm = 69.9915, GNorm = 0.1629, lr_0 = 1.6861e-04
Loss = 1.7037e-02, PNorm = 70.0093, GNorm = 0.0778, lr_0 = 1.6699e-04
Loss = 1.0550e-02, PNorm = 70.0204, GNorm = 0.0372, lr_0 = 1.6538e-04
Loss = 2.5708e-02, PNorm = 70.0568, GNorm = 0.0582, lr_0 = 1.6379e-04
Loss = 1.6761e-02, PNorm = 70.0649, GNorm = 0.3752, lr_0 = 1.6221e-04
Loss = 1.5999e-02, PNorm = 70.0903, GNorm = 0.1308, lr_0 = 1.6065e-04
Validation auc = 0.941803
Epoch 24
Loss = 1.0812e-02, PNorm = 70.1167, GNorm = 0.1455, lr_0 = 1.5910e-04
Loss = 1.0453e-02, PNorm = 70.1410, GNorm = 0.0242, lr_0 = 1.5757e-04
Loss = 1.0707e-02, PNorm = 70.1518, GNorm = 0.1232, lr_0 = 1.5605e-04
Loss = 1.0412e-02, PNorm = 70.1693, GNorm = 0.1645, lr_0 = 1.5455e-04
Loss = 1.7771e-02, PNorm = 70.1805, GNorm = 0.1639, lr_0 = 1.5306e-04
Loss = 1.3321e-02, PNorm = 70.1971, GNorm = 0.3009, lr_0 = 1.5159e-04
Loss = 1.1188e-02, PNorm = 70.2344, GNorm = 0.0548, lr_0 = 1.5013e-04
Loss = 1.0108e-02, PNorm = 70.2495, GNorm = 0.0159, lr_0 = 1.4869e-04
Loss = 1.2471e-02, PNorm = 70.2513, GNorm = 0.0703, lr_0 = 1.4725e-04
Validation auc = 0.945501
Epoch 25
Loss = 7.6368e-03, PNorm = 70.2614, GNorm = 0.2260, lr_0 = 1.4584e-04
Loss = 1.1538e-02, PNorm = 70.2755, GNorm = 0.0630, lr_0 = 1.4443e-04
Loss = 6.1725e-03, PNorm = 70.3024, GNorm = 0.0521, lr_0 = 1.4304e-04
Loss = 1.2023e-02, PNorm = 70.3152, GNorm = 0.0311, lr_0 = 1.4166e-04
Loss = 8.7652e-03, PNorm = 70.3308, GNorm = 0.1368, lr_0 = 1.4030e-04
Loss = 1.0146e-02, PNorm = 70.3396, GNorm = 0.0404, lr_0 = 1.3895e-04
Loss = 1.2554e-02, PNorm = 70.3525, GNorm = 0.0327, lr_0 = 1.3761e-04
Loss = 1.5825e-02, PNorm = 70.3673, GNorm = 0.2425, lr_0 = 1.3629e-04
Validation auc = 0.932990
Epoch 26
Loss = 9.7977e-03, PNorm = 70.3896, GNorm = 0.1488, lr_0 = 1.3484e-04
Loss = 8.3438e-03, PNorm = 70.4163, GNorm = 0.0371, lr_0 = 1.3355e-04
Loss = 1.6152e-02, PNorm = 70.4167, GNorm = 0.0558, lr_0 = 1.3226e-04
Loss = 1.2433e-02, PNorm = 70.4434, GNorm = 0.0504, lr_0 = 1.3099e-04
Loss = 1.3334e-02, PNorm = 70.4698, GNorm = 0.0402, lr_0 = 1.2973e-04
Loss = 1.0857e-02, PNorm = 70.4799, GNorm = 0.4873, lr_0 = 1.2848e-04
Loss = 8.6500e-03, PNorm = 70.4806, GNorm = 0.1349, lr_0 = 1.2724e-04
Loss = 6.5188e-03, PNorm = 70.5020, GNorm = 0.0203, lr_0 = 1.2601e-04
Loss = 7.1746e-03, PNorm = 70.5229, GNorm = 0.0879, lr_0 = 1.2480e-04
Validation auc = 0.940620
Epoch 27
Loss = 2.7102e-03, PNorm = 70.5279, GNorm = 0.0277, lr_0 = 1.2360e-04
Loss = 1.0032e-02, PNorm = 70.5286, GNorm = 0.2726, lr_0 = 1.2241e-04
Loss = 6.5428e-03, PNorm = 70.5414, GNorm = 0.0534, lr_0 = 1.2123e-04
Loss = 6.4157e-03, PNorm = 70.5564, GNorm = 0.2166, lr_0 = 1.2006e-04
Loss = 1.1269e-02, PNorm = 70.5725, GNorm = 0.3857, lr_0 = 1.1891e-04
Loss = 6.3899e-03, PNorm = 70.5771, GNorm = 0.0603, lr_0 = 1.1776e-04
Loss = 1.0387e-02, PNorm = 70.5891, GNorm = 0.0686, lr_0 = 1.1663e-04
Loss = 1.2275e-02, PNorm = 70.5956, GNorm = 0.3866, lr_0 = 1.1551e-04
Validation auc = 0.943246
Epoch 28
Loss = 1.5973e-02, PNorm = 70.6060, GNorm = 0.1814, lr_0 = 1.1428e-04
Loss = 5.1327e-03, PNorm = 70.6274, GNorm = 0.1638, lr_0 = 1.1318e-04
Loss = 6.8086e-03, PNorm = 70.6380, GNorm = 0.0595, lr_0 = 1.1209e-04
Loss = 1.1773e-02, PNorm = 70.6355, GNorm = 0.0348, lr_0 = 1.1101e-04
Loss = 6.0591e-03, PNorm = 70.6530, GNorm = 0.0188, lr_0 = 1.0995e-04
Loss = 6.6396e-03, PNorm = 70.6698, GNorm = 0.0040, lr_0 = 1.0889e-04
Loss = 6.3355e-03, PNorm = 70.6748, GNorm = 0.0540, lr_0 = 1.0784e-04
Loss = 7.0597e-03, PNorm = 70.6903, GNorm = 0.0453, lr_0 = 1.0680e-04
Loss = 1.2158e-02, PNorm = 70.6944, GNorm = 0.2690, lr_0 = 1.0577e-04
Validation auc = 0.938391
Epoch 29
Loss = 6.9845e-03, PNorm = 70.7009, GNorm = 0.2163, lr_0 = 1.0475e-04
Loss = 6.0615e-03, PNorm = 70.7144, GNorm = 0.0237, lr_0 = 1.0374e-04
Loss = 6.1519e-03, PNorm = 70.7225, GNorm = 0.0863, lr_0 = 1.0275e-04
Loss = 7.6058e-03, PNorm = 70.7293, GNorm = 0.1809, lr_0 = 1.0176e-04
Loss = 4.6326e-03, PNorm = 70.7405, GNorm = 0.1603, lr_0 = 1.0078e-04
Loss = 6.6276e-03, PNorm = 70.7481, GNorm = 0.0621, lr_0 = 1.0000e-04
Loss = 7.9443e-03, PNorm = 70.7615, GNorm = 0.0386, lr_0 = 1.0000e-04
Loss = 1.2356e-02, PNorm = 70.7648, GNorm = 0.2664, lr_0 = 1.0000e-04
Validation auc = 0.945706
Model 0 best validation auc = 0.954175 on epoch 14
Loading pretrained parameter "encoder.encoder.0.cached_zero_vector".
Loading pretrained parameter "encoder.encoder.0.W_i.weight".
Loading pretrained parameter "encoder.encoder.0.W_h.weight".
Loading pretrained parameter "encoder.encoder.0.W_o.weight".
Loading pretrained parameter "encoder.encoder.0.W_o.bias".
Loading pretrained parameter "ffn.1.weight".
Loading pretrained parameter "ffn.1.bias".
Moving model to cuda
Model 0 test auc = 0.735222
Ensemble test auc = 0.735222
Fold 1
Splitting data with seed 1
Total scaffolds = 3,467 | train scaffolds = 2,658 | val scaffolds = 399 | test scaffolds = 410
Label averages per scaffold, in decreasing order of scaffold frequency,capped at 10 scaffolds and 20 labels:
Scaffold 0
Task 0: count = 381 | target average = 0.018373
Task 1: count = 381 | target average = 0.013123


Scaffold 1
Task 0: count = 305 | target average = 0.009836
Task 1: count = 305 | target average = 0.016393


Scaffold 2
Task 0: count = 36 | target average = 0.000000
Task 1: count = 36 | target average = 0.000000


Scaffold 3
Task 0: count = 29 | target average = 0.000000
Task 1: count = 29 | target average = 0.000000


Scaffold 4
Task 0: count = 26 | target average = 0.000000
Task 1: count = 26 | target average = 0.000000


Scaffold 5
Task 0: count = 23 | target average = 0.000000
Task 1: count = 23 | target average = 0.000000


Scaffold 6
Task 0: count = 22 | target average = 0.090909
Task 1: count = 22 | target average = 0.090909


Scaffold 7
Task 0: count = 20 | target average = 0.050000
Task 1: count = 20 | target average = 0.000000


Scaffold 8
Task 0: count = 20 | target average = 0.000000
Task 1: count = 20 | target average = 0.000000


Scaffold 9
Task 0: count = 20 | target average = 0.000000
Task 1: count = 20 | target average = 0.000000


Class sizes
hit_inh 0: 97.83%, 1: 2.17%
hit_kill 0: 98.64%, 1: 1.36%
Total size = 5,353 | train size = 4,282 | val size = 535 | test size = 536
Building model 0
MoleculeModel(
  (sigmoid): Sigmoid()
  (encoder): MPN(
    (encoder): ModuleList(
      (0): MPNEncoder(
        (dropout_layer): Dropout(p=0.1, inplace=False)
        (act_func): ReLU()
        (W_i): Linear(in_features=147, out_features=1500, bias=False)
        (W_h): Linear(in_features=1500, out_features=1500, bias=False)
        (W_o): Linear(in_features=1633, out_features=1500, bias=True)
      )
    )
  )
  (ffn): Sequential(
    (0): Dropout(p=0.1, inplace=False)
    (1): Linear(in_features=1700, out_features=2, bias=True)
  )
)
Number of parameters = 4,924,902
Moving model to cuda
Epoch 0
Loss = 2.0861e-01, PNorm = 58.3123, GNorm = 0.2692, lr_0 = 1.0000e-03
Loss = 8.9882e-02, PNorm = 58.6928, GNorm = 0.1741, lr_0 = 1.0000e-03
Loss = 7.5109e-02, PNorm = 58.8793, GNorm = 0.5230, lr_0 = 1.0000e-03
Loss = 6.8149e-02, PNorm = 58.9687, GNorm = 0.1420, lr_0 = 1.0000e-03
Loss = 8.4402e-02, PNorm = 59.0208, GNorm = 0.1029, lr_0 = 1.0000e-03
Loss = 1.0682e-01, PNorm = 59.0600, GNorm = 0.1113, lr_0 = 1.0000e-03
Loss = 1.0276e-01, PNorm = 59.1062, GNorm = 0.1218, lr_0 = 1.0000e-03
Loss = 1.0094e-01, PNorm = 59.1481, GNorm = 0.1038, lr_0 = 1.0000e-03
Validation auc = 0.751290
Epoch 1
Loss = 4.8927e-02, PNorm = 59.2187, GNorm = 0.1181, lr_0 = 1.0000e-03
Loss = 9.5038e-02, PNorm = 59.2615, GNorm = 0.1106, lr_0 = 1.0000e-03
Loss = 9.8746e-02, PNorm = 59.3272, GNorm = 0.1411, lr_0 = 1.0000e-03
Loss = 8.1057e-02, PNorm = 59.3992, GNorm = 0.1039, lr_0 = 1.0000e-03
Loss = 6.9975e-02, PNorm = 59.4513, GNorm = 0.2158, lr_0 = 1.0000e-03
Loss = 6.4750e-02, PNorm = 59.5123, GNorm = 0.0831, lr_0 = 1.0000e-03
Loss = 8.3916e-02, PNorm = 59.5738, GNorm = 0.1842, lr_0 = 1.0000e-03
Loss = 8.4519e-02, PNorm = 59.6578, GNorm = 0.0935, lr_0 = 1.0000e-03
Loss = 1.0604e-01, PNorm = 59.7447, GNorm = 0.2765, lr_0 = 9.9807e-04
Validation auc = 0.841236
Epoch 2
Loss = 7.2538e-02, PNorm = 59.8295, GNorm = 0.0910, lr_0 = 9.8846e-04
Loss = 9.8542e-02, PNorm = 59.9318, GNorm = 0.1967, lr_0 = 9.7894e-04
Loss = 8.5429e-02, PNorm = 60.0690, GNorm = 0.1400, lr_0 = 9.6952e-04
Loss = 8.1643e-02, PNorm = 60.1710, GNorm = 0.1226, lr_0 = 9.6018e-04
Loss = 5.0847e-02, PNorm = 60.3058, GNorm = 0.0884, lr_0 = 9.5094e-04
Loss = 7.0547e-02, PNorm = 60.3644, GNorm = 0.1045, lr_0 = 9.4178e-04
Loss = 9.0510e-02, PNorm = 60.4662, GNorm = 0.1239, lr_0 = 9.3271e-04
Loss = 8.0490e-02, PNorm = 60.6062, GNorm = 0.2347, lr_0 = 9.2373e-04
Validation auc = 0.891819
Epoch 3
Loss = 1.2081e-01, PNorm = 60.7597, GNorm = 0.2392, lr_0 = 9.1395e-04
Loss = 9.0054e-02, PNorm = 60.9165, GNorm = 0.1926, lr_0 = 9.0515e-04
Loss = 5.0644e-02, PNorm = 61.0082, GNorm = 0.1385, lr_0 = 8.9644e-04
Loss = 6.9576e-02, PNorm = 61.0863, GNorm = 0.2406, lr_0 = 8.8781e-04
Loss = 7.6668e-02, PNorm = 61.1632, GNorm = 0.0797, lr_0 = 8.7926e-04
Loss = 7.7130e-02, PNorm = 61.2842, GNorm = 0.1496, lr_0 = 8.7080e-04
Loss = 7.3874e-02, PNorm = 61.3931, GNorm = 0.1267, lr_0 = 8.6241e-04
Loss = 1.0895e-01, PNorm = 61.5050, GNorm = 0.1264, lr_0 = 8.5411e-04
Loss = 6.9571e-02, PNorm = 61.6576, GNorm = 0.1349, lr_0 = 8.4588e-04
Validation auc = 0.831186
Epoch 4
Loss = 4.6195e-02, PNorm = 61.7670, GNorm = 0.0811, lr_0 = 8.3774e-04
Loss = 7.2222e-02, PNorm = 61.8743, GNorm = 0.2926, lr_0 = 8.2967e-04
Loss = 1.0343e-01, PNorm = 61.9511, GNorm = 0.0746, lr_0 = 8.2169e-04
Loss = 6.8705e-02, PNorm = 62.0597, GNorm = 0.1805, lr_0 = 8.1377e-04
Loss = 9.0768e-02, PNorm = 62.1556, GNorm = 0.1573, lr_0 = 8.0594e-04
Loss = 6.0955e-02, PNorm = 62.2911, GNorm = 0.3752, lr_0 = 7.9818e-04
Loss = 8.6606e-02, PNorm = 62.3543, GNorm = 0.1467, lr_0 = 7.9050e-04
Loss = 8.6563e-02, PNorm = 62.4576, GNorm = 0.1459, lr_0 = 7.8288e-04
Validation auc = 0.877433
Epoch 5
Loss = 5.7841e-02, PNorm = 62.5678, GNorm = 0.1423, lr_0 = 7.7535e-04
Loss = 6.8439e-02, PNorm = 62.6246, GNorm = 0.1146, lr_0 = 7.6788e-04
Loss = 5.8365e-02, PNorm = 62.7377, GNorm = 0.1180, lr_0 = 7.6049e-04
Loss = 4.9992e-02, PNorm = 62.8402, GNorm = 0.1898, lr_0 = 7.5317e-04
Loss = 7.3333e-02, PNorm = 62.9088, GNorm = 0.1074, lr_0 = 7.4591e-04
Loss = 7.6478e-02, PNorm = 63.0362, GNorm = 0.3256, lr_0 = 7.3873e-04
Loss = 8.5218e-02, PNorm = 63.1207, GNorm = 0.2765, lr_0 = 7.3162e-04
Loss = 6.2910e-02, PNorm = 63.2266, GNorm = 0.1222, lr_0 = 7.2458e-04
Loss = 7.9161e-02, PNorm = 63.2596, GNorm = 0.0943, lr_0 = 7.1760e-04
Validation auc = 0.851430
Epoch 6
Loss = 6.8118e-02, PNorm = 63.3587, GNorm = 0.1825, lr_0 = 7.1000e-04
Loss = 8.2793e-02, PNorm = 63.4978, GNorm = 0.2344, lr_0 = 7.0317e-04
Loss = 4.6351e-02, PNorm = 63.6363, GNorm = 0.2228, lr_0 = 6.9640e-04
Loss = 4.4540e-02, PNorm = 63.7350, GNorm = 0.2905, lr_0 = 6.8969e-04
Loss = 5.3231e-02, PNorm = 63.8162, GNorm = 0.0661, lr_0 = 6.8305e-04
Loss = 5.8636e-02, PNorm = 63.8818, GNorm = 0.1130, lr_0 = 6.7648e-04
Loss = 6.0817e-02, PNorm = 63.9809, GNorm = 0.2938, lr_0 = 6.6996e-04
Loss = 9.3138e-02, PNorm = 64.0566, GNorm = 0.2013, lr_0 = 6.6351e-04
Validation auc = 0.801290
Epoch 7
Loss = 2.3980e-02, PNorm = 64.1754, GNorm = 0.1136, lr_0 = 6.5712e-04
Loss = 4.4239e-02, PNorm = 64.3115, GNorm = 0.0842, lr_0 = 6.5080e-04
Loss = 7.2706e-02, PNorm = 64.4074, GNorm = 0.2698, lr_0 = 6.4453e-04
Loss = 7.9229e-02, PNorm = 64.5122, GNorm = 0.1361, lr_0 = 6.3833e-04
Loss = 6.2852e-02, PNorm = 64.6260, GNorm = 0.2774, lr_0 = 6.3218e-04
Loss = 4.7222e-02, PNorm = 64.7740, GNorm = 1.2281, lr_0 = 6.2609e-04
Loss = 5.6066e-02, PNorm = 64.8922, GNorm = 0.0961, lr_0 = 6.2006e-04
Loss = 5.4052e-02, PNorm = 65.0159, GNorm = 0.2434, lr_0 = 6.1409e-04
Loss = 5.8995e-02, PNorm = 65.0796, GNorm = 0.1746, lr_0 = 6.0818e-04
Validation auc = 0.880620
Epoch 8
Loss = 3.4430e-02, PNorm = 65.1617, GNorm = 0.0401, lr_0 = 6.0233e-04
Loss = 5.2278e-02, PNorm = 65.2179, GNorm = 0.2605, lr_0 = 5.9653e-04
Loss = 5.1900e-02, PNorm = 65.3059, GNorm = 0.1061, lr_0 = 5.9078e-04
Loss = 4.3956e-02, PNorm = 65.3806, GNorm = 0.0960, lr_0 = 5.8510e-04
Loss = 4.4390e-02, PNorm = 65.4567, GNorm = 0.0896, lr_0 = 5.7946e-04
Loss = 5.6597e-02, PNorm = 65.5165, GNorm = 0.1985, lr_0 = 5.7388e-04
Loss = 4.6900e-02, PNorm = 65.6258, GNorm = 0.1149, lr_0 = 5.6836e-04
Loss = 6.1386e-02, PNorm = 65.6992, GNorm = 0.1284, lr_0 = 5.6289e-04
Loss = 7.9942e-02, PNorm = 65.7733, GNorm = 0.3590, lr_0 = 5.5747e-04
Loss = 1.5339e-02, PNorm = 65.7840, GNorm = 0.1367, lr_0 = 5.5693e-04
Validation auc = 0.824775
Epoch 9
Loss = 3.0600e-02, PNorm = 65.8952, GNorm = 0.1244, lr_0 = 5.5156e-04
Loss = 5.8468e-02, PNorm = 65.9553, GNorm = 0.1332, lr_0 = 5.4625e-04
Loss = 6.3789e-02, PNorm = 66.0353, GNorm = 0.1327, lr_0 = 5.4100e-04
Loss = 5.4833e-02, PNorm = 66.1325, GNorm = 0.3775, lr_0 = 5.3579e-04
Loss = 5.5929e-02, PNorm = 66.1927, GNorm = 0.1963, lr_0 = 5.3063e-04
Loss = 4.0049e-02, PNorm = 66.2907, GNorm = 0.1120, lr_0 = 5.2552e-04
Loss = 4.1180e-02, PNorm = 66.3589, GNorm = 0.1662, lr_0 = 5.2046e-04
Loss = 5.5094e-02, PNorm = 66.4335, GNorm = 0.1774, lr_0 = 5.1545e-04
Validation auc = 0.832705
Epoch 10
Loss = 2.1131e-02, PNorm = 66.4986, GNorm = 0.1693, lr_0 = 5.1049e-04
Loss = 2.8685e-02, PNorm = 66.5502, GNorm = 0.0429, lr_0 = 5.0557e-04
Loss = 2.5556e-02, PNorm = 66.6130, GNorm = 0.1539, lr_0 = 5.0070e-04
Loss = 5.8254e-02, PNorm = 66.6690, GNorm = 0.1380, lr_0 = 4.9588e-04
Loss = 4.7131e-02, PNorm = 66.6998, GNorm = 0.3932, lr_0 = 4.9111e-04
Loss = 6.3889e-02, PNorm = 66.7640, GNorm = 0.3449, lr_0 = 4.8638e-04
Loss = 3.7566e-02, PNorm = 66.8589, GNorm = 0.1981, lr_0 = 4.8170e-04
Loss = 4.3240e-02, PNorm = 66.9245, GNorm = 0.1358, lr_0 = 4.7706e-04
Loss = 5.3241e-02, PNorm = 66.9667, GNorm = 0.1126, lr_0 = 4.7247e-04
Validation auc = 0.824686
Epoch 11
Loss = 3.0224e-02, PNorm = 67.0266, GNorm = 0.0332, lr_0 = 4.6792e-04
Loss = 1.7427e-02, PNorm = 67.0828, GNorm = 0.2003, lr_0 = 4.6341e-04
Loss = 3.5217e-02, PNorm = 67.1287, GNorm = 0.1655, lr_0 = 4.5895e-04
Loss = 5.2608e-02, PNorm = 67.1955, GNorm = 0.1141, lr_0 = 4.5453e-04
Loss = 4.1127e-02, PNorm = 67.2858, GNorm = 0.0655, lr_0 = 4.5015e-04
Loss = 3.2493e-02, PNorm = 67.3434, GNorm = 0.0906, lr_0 = 4.4582e-04
Loss = 5.6062e-02, PNorm = 67.3973, GNorm = 0.4109, lr_0 = 4.4153e-04
Loss = 3.2638e-02, PNorm = 67.4787, GNorm = 0.1890, lr_0 = 4.3728e-04
Validation auc = 0.812951
Epoch 12
Loss = 2.1870e-02, PNorm = 67.5200, GNorm = 0.1455, lr_0 = 4.3265e-04
Loss = 2.5750e-02, PNorm = 67.5990, GNorm = 0.1200, lr_0 = 4.2848e-04
Loss = 3.1826e-02, PNorm = 67.6558, GNorm = 0.3051, lr_0 = 4.2436e-04
Loss = 2.3471e-02, PNorm = 67.6908, GNorm = 0.1437, lr_0 = 4.2027e-04
Loss = 4.1692e-02, PNorm = 67.7295, GNorm = 0.3404, lr_0 = 4.1622e-04
Loss = 3.6536e-02, PNorm = 67.7874, GNorm = 0.1641, lr_0 = 4.1222e-04
Loss = 6.6811e-02, PNorm = 67.8403, GNorm = 0.5114, lr_0 = 4.0825e-04
Loss = 4.1938e-02, PNorm = 67.9454, GNorm = 0.3693, lr_0 = 4.0432e-04
Loss = 4.2032e-02, PNorm = 67.9989, GNorm = 0.4248, lr_0 = 4.0042e-04
Validation auc = 0.776224
Epoch 13
Loss = 3.7476e-02, PNorm = 68.0409, GNorm = 0.2329, lr_0 = 3.9657e-04
Loss = 2.4218e-02, PNorm = 68.0955, GNorm = 0.0162, lr_0 = 3.9275e-04
Loss = 2.6169e-02, PNorm = 68.1211, GNorm = 0.0983, lr_0 = 3.8897e-04
Loss = 3.0676e-02, PNorm = 68.1590, GNorm = 0.1907, lr_0 = 3.8522e-04
Loss = 3.7918e-02, PNorm = 68.1934, GNorm = 0.0771, lr_0 = 3.8152e-04
Loss = 2.6723e-02, PNorm = 68.2326, GNorm = 0.1744, lr_0 = 3.7784e-04
Loss = 4.9255e-02, PNorm = 68.2762, GNorm = 0.2535, lr_0 = 3.7420e-04
Loss = 3.3396e-02, PNorm = 68.3311, GNorm = 0.2264, lr_0 = 3.7060e-04
Validation auc = 0.808383
Epoch 14
Loss = 2.8725e-02, PNorm = 68.3844, GNorm = 0.1793, lr_0 = 3.6668e-04
Loss = 2.3435e-02, PNorm = 68.4459, GNorm = 0.3430, lr_0 = 3.6315e-04
Loss = 4.3398e-02, PNorm = 68.4849, GNorm = 0.1777, lr_0 = 3.5965e-04
Loss = 2.0516e-02, PNorm = 68.5618, GNorm = 0.1933, lr_0 = 3.5619e-04
Loss = 2.4703e-02, PNorm = 68.6097, GNorm = 0.2116, lr_0 = 3.5276e-04
Loss = 2.7019e-02, PNorm = 68.6499, GNorm = 0.1691, lr_0 = 3.4936e-04
Loss = 4.1723e-02, PNorm = 68.6866, GNorm = 0.2535, lr_0 = 3.4600e-04
Loss = 3.6957e-02, PNorm = 68.7387, GNorm = 0.1496, lr_0 = 3.4267e-04
Loss = 2.3216e-02, PNorm = 68.7711, GNorm = 0.1706, lr_0 = 3.3937e-04
Validation auc = 0.806531
Epoch 15
Loss = 3.8110e-02, PNorm = 68.8025, GNorm = 0.1299, lr_0 = 3.3610e-04
Loss = 2.2296e-02, PNorm = 68.8638, GNorm = 0.0321, lr_0 = 3.3287e-04
Loss = 4.1688e-02, PNorm = 68.8810, GNorm = 0.1585, lr_0 = 3.2966e-04
Loss = 2.2502e-02, PNorm = 68.9042, GNorm = 0.1226, lr_0 = 3.2649e-04
Loss = 1.8607e-02, PNorm = 68.9520, GNorm = 0.2140, lr_0 = 3.2334e-04
Loss = 2.4896e-02, PNorm = 68.9950, GNorm = 0.0506, lr_0 = 3.2023e-04
Loss = 2.7399e-02, PNorm = 69.0236, GNorm = 0.1702, lr_0 = 3.1715e-04
Loss = 2.6348e-02, PNorm = 69.0584, GNorm = 0.0534, lr_0 = 3.1409e-04
Loss = 3.2526e-02, PNorm = 69.1049, GNorm = 0.0857, lr_0 = 3.1107e-04
Validation auc = 0.807373
Epoch 16
Loss = 2.0882e-02, PNorm = 69.1544, GNorm = 0.0853, lr_0 = 3.0807e-04
Loss = 1.5771e-02, PNorm = 69.1914, GNorm = 0.0177, lr_0 = 3.0511e-04
Loss = 2.9985e-02, PNorm = 69.2063, GNorm = 0.1693, lr_0 = 3.0217e-04
Loss = 2.5429e-02, PNorm = 69.2481, GNorm = 0.1186, lr_0 = 2.9926e-04
Loss = 2.3645e-02, PNorm = 69.2751, GNorm = 0.0817, lr_0 = 2.9638e-04
Loss = 3.5781e-02, PNorm = 69.3233, GNorm = 0.1784, lr_0 = 2.9353e-04
Loss = 1.7360e-02, PNorm = 69.3727, GNorm = 0.1388, lr_0 = 2.9070e-04
Loss = 1.4362e-02, PNorm = 69.4084, GNorm = 0.5043, lr_0 = 2.8790e-04
Validation auc = 0.787669
Epoch 17
Loss = 1.4784e-02, PNorm = 69.4372, GNorm = 0.0156, lr_0 = 2.8485e-04
Loss = 2.4013e-02, PNorm = 69.4636, GNorm = 0.3747, lr_0 = 2.8211e-04
Loss = 3.3870e-02, PNorm = 69.4899, GNorm = 0.1637, lr_0 = 2.7939e-04
Loss = 2.7527e-02, PNorm = 69.5230, GNorm = 0.1017, lr_0 = 2.7670e-04
Loss = 1.2628e-02, PNorm = 69.5604, GNorm = 0.0279, lr_0 = 2.7404e-04
Loss = 1.5756e-02, PNorm = 69.5782, GNorm = 0.0959, lr_0 = 2.7140e-04
Loss = 2.4726e-02, PNorm = 69.5986, GNorm = 0.1893, lr_0 = 2.6879e-04
Loss = 1.6535e-02, PNorm = 69.6315, GNorm = 0.1644, lr_0 = 2.6620e-04
Loss = 2.4462e-02, PNorm = 69.6669, GNorm = 0.2896, lr_0 = 2.6364e-04
Validation auc = 0.773278
Epoch 18
Loss = 1.5345e-02, PNorm = 69.6948, GNorm = 0.0242, lr_0 = 2.6110e-04
Loss = 2.1797e-02, PNorm = 69.7131, GNorm = 0.2682, lr_0 = 2.5859e-04
Loss = 3.1154e-02, PNorm = 69.7615, GNorm = 0.1208, lr_0 = 2.5610e-04
Loss = 2.0210e-02, PNorm = 69.8165, GNorm = 0.3574, lr_0 = 2.5363e-04
Loss = 2.2291e-02, PNorm = 69.8457, GNorm = 0.4458, lr_0 = 2.5119e-04
Loss = 1.7936e-02, PNorm = 69.8882, GNorm = 0.0162, lr_0 = 2.4877e-04
Loss = 2.3921e-02, PNorm = 69.9105, GNorm = 0.0909, lr_0 = 2.4638e-04
Loss = 1.5262e-02, PNorm = 69.9545, GNorm = 0.4755, lr_0 = 2.4400e-04
Validation auc = 0.797930
Epoch 19
Loss = 2.2835e-02, PNorm = 69.9808, GNorm = 0.2459, lr_0 = 2.4165e-04
Loss = 1.9887e-02, PNorm = 70.0156, GNorm = 0.1850, lr_0 = 2.3933e-04
Loss = 1.8087e-02, PNorm = 70.0352, GNorm = 0.0714, lr_0 = 2.3702e-04
Loss = 9.7334e-03, PNorm = 70.0572, GNorm = 0.1955, lr_0 = 2.3474e-04
Loss = 9.1421e-03, PNorm = 70.0867, GNorm = 0.0989, lr_0 = 2.3248e-04
Loss = 2.3478e-02, PNorm = 70.1093, GNorm = 0.0864, lr_0 = 2.3024e-04
Loss = 2.3954e-02, PNorm = 70.1445, GNorm = 0.4358, lr_0 = 2.2803e-04
Loss = 1.1769e-02, PNorm = 70.1722, GNorm = 0.2605, lr_0 = 2.2583e-04
Loss = 1.8092e-02, PNorm = 70.1848, GNorm = 0.0469, lr_0 = 2.2366e-04
Validation auc = 0.792698
Epoch 20
Loss = 8.9096e-03, PNorm = 70.2198, GNorm = 0.0664, lr_0 = 2.2129e-04
Loss = 1.4542e-02, PNorm = 70.2497, GNorm = 0.0750, lr_0 = 2.1916e-04
Loss = 1.9704e-02, PNorm = 70.2735, GNorm = 0.1056, lr_0 = 2.1705e-04
Loss = 1.0352e-02, PNorm = 70.2968, GNorm = 0.2288, lr_0 = 2.1496e-04
Loss = 1.6829e-02, PNorm = 70.3217, GNorm = 0.0914, lr_0 = 2.1289e-04
Loss = 1.7905e-02, PNorm = 70.3359, GNorm = 0.1043, lr_0 = 2.1084e-04
Loss = 1.4239e-02, PNorm = 70.3703, GNorm = 0.2062, lr_0 = 2.0881e-04
Loss = 1.8726e-02, PNorm = 70.3990, GNorm = 0.4597, lr_0 = 2.0680e-04
Validation auc = 0.801470
Epoch 21
Loss = 1.7952e-02, PNorm = 70.4057, GNorm = 0.2887, lr_0 = 2.0481e-04
Loss = 1.5299e-02, PNorm = 70.4516, GNorm = 0.0830, lr_0 = 2.0283e-04
Loss = 1.1007e-02, PNorm = 70.4717, GNorm = 0.1248, lr_0 = 2.0088e-04
Loss = 1.5423e-02, PNorm = 70.4815, GNorm = 0.1018, lr_0 = 1.9895e-04
Loss = 1.1958e-02, PNorm = 70.5052, GNorm = 0.3242, lr_0 = 1.9703e-04
Loss = 1.6341e-02, PNorm = 70.5191, GNorm = 0.1003, lr_0 = 1.9514e-04
Loss = 1.4664e-02, PNorm = 70.5558, GNorm = 0.0561, lr_0 = 1.9326e-04
Loss = 1.4334e-02, PNorm = 70.5719, GNorm = 0.1138, lr_0 = 1.9140e-04
Loss = 1.1298e-02, PNorm = 70.5922, GNorm = 0.4664, lr_0 = 1.8955e-04
Validation auc = 0.805276
Epoch 22
Loss = 7.3418e-03, PNorm = 70.6128, GNorm = 0.2247, lr_0 = 1.8773e-04
Loss = 1.9068e-02, PNorm = 70.6198, GNorm = 0.0348, lr_0 = 1.8592e-04
Loss = 1.0742e-02, PNorm = 70.6514, GNorm = 0.1627, lr_0 = 1.8413e-04
Loss = 1.1645e-02, PNorm = 70.6845, GNorm = 0.0232, lr_0 = 1.8236e-04
Loss = 1.8286e-02, PNorm = 70.6816, GNorm = 0.1363, lr_0 = 1.8060e-04
Loss = 1.3407e-02, PNorm = 70.7090, GNorm = 0.1882, lr_0 = 1.7886e-04
Loss = 1.5496e-02, PNorm = 70.7410, GNorm = 0.2593, lr_0 = 1.7714e-04
Loss = 1.8897e-02, PNorm = 70.7493, GNorm = 0.1127, lr_0 = 1.7544e-04
Validation auc = 0.785854
Epoch 23
Loss = 9.4656e-03, PNorm = 70.7768, GNorm = 0.1702, lr_0 = 1.7358e-04
Loss = 7.5208e-03, PNorm = 70.8094, GNorm = 0.2423, lr_0 = 1.7191e-04
Loss = 1.6282e-02, PNorm = 70.8138, GNorm = 0.0941, lr_0 = 1.7025e-04
Loss = 6.7559e-03, PNorm = 70.8342, GNorm = 0.0401, lr_0 = 1.6861e-04
Loss = 7.4115e-03, PNorm = 70.8572, GNorm = 0.0527, lr_0 = 1.6699e-04
Loss = 5.9561e-03, PNorm = 70.8765, GNorm = 0.0776, lr_0 = 1.6538e-04
Loss = 1.0040e-02, PNorm = 70.8928, GNorm = 0.1361, lr_0 = 1.6379e-04
Loss = 1.4896e-02, PNorm = 70.8946, GNorm = 0.1214, lr_0 = 1.6221e-04
Loss = 1.5764e-02, PNorm = 70.9037, GNorm = 0.1430, lr_0 = 1.6065e-04
Validation auc = 0.775442
Epoch 24
Loss = 1.1167e-02, PNorm = 70.9250, GNorm = 0.1364, lr_0 = 1.5910e-04
Loss = 7.6097e-03, PNorm = 70.9479, GNorm = 0.0091, lr_0 = 1.5757e-04
Loss = 1.4734e-02, PNorm = 70.9598, GNorm = 0.0951, lr_0 = 1.5605e-04
Loss = 7.0404e-03, PNorm = 70.9690, GNorm = 0.0844, lr_0 = 1.5455e-04
Loss = 1.1218e-02, PNorm = 70.9839, GNorm = 0.0338, lr_0 = 1.5306e-04
Loss = 6.7634e-03, PNorm = 71.0019, GNorm = 0.0182, lr_0 = 1.5159e-04
Loss = 1.2216e-02, PNorm = 71.0163, GNorm = 0.2881, lr_0 = 1.5013e-04
Loss = 9.2498e-03, PNorm = 71.0213, GNorm = 0.0258, lr_0 = 1.4869e-04
Loss = 6.5663e-03, PNorm = 71.0404, GNorm = 0.0064, lr_0 = 1.4725e-04
Validation auc = 0.783216
Epoch 25
Loss = 1.0151e-02, PNorm = 71.0534, GNorm = 0.1547, lr_0 = 1.4584e-04
Loss = 6.2102e-03, PNorm = 71.0683, GNorm = 0.1656, lr_0 = 1.4443e-04
Loss = 5.0812e-03, PNorm = 71.0807, GNorm = 0.1812, lr_0 = 1.4304e-04
Loss = 9.3555e-03, PNorm = 71.0913, GNorm = 0.2152, lr_0 = 1.4166e-04
Loss = 7.3140e-03, PNorm = 71.1116, GNorm = 0.1512, lr_0 = 1.4030e-04
Loss = 4.9434e-03, PNorm = 71.1233, GNorm = 0.0770, lr_0 = 1.3895e-04
Loss = 1.1022e-02, PNorm = 71.1386, GNorm = 0.0116, lr_0 = 1.3761e-04
Loss = 7.7355e-03, PNorm = 71.1470, GNorm = 0.2789, lr_0 = 1.3629e-04
Validation auc = 0.779729
Epoch 26
Loss = 1.2775e-02, PNorm = 71.1505, GNorm = 0.1590, lr_0 = 1.3484e-04
Loss = 6.6973e-03, PNorm = 71.1655, GNorm = 0.2271, lr_0 = 1.3355e-04
Loss = 5.1431e-03, PNorm = 71.1763, GNorm = 0.0966, lr_0 = 1.3226e-04
Loss = 7.6765e-03, PNorm = 71.1856, GNorm = 0.0069, lr_0 = 1.3099e-04
Loss = 1.1967e-02, PNorm = 71.1847, GNorm = 0.0930, lr_0 = 1.2973e-04
Loss = 1.2098e-02, PNorm = 71.2054, GNorm = 0.1656, lr_0 = 1.2848e-04
Loss = 6.5559e-03, PNorm = 71.2219, GNorm = 0.0071, lr_0 = 1.2724e-04
Loss = 1.0888e-02, PNorm = 71.2235, GNorm = 0.0513, lr_0 = 1.2601e-04
Loss = 3.2486e-03, PNorm = 71.2305, GNorm = 0.1616, lr_0 = 1.2480e-04
Validation auc = 0.784977
Epoch 27
Loss = 3.8050e-03, PNorm = 71.2462, GNorm = 0.0303, lr_0 = 1.2360e-04
Loss = 2.3692e-03, PNorm = 71.2558, GNorm = 0.0085, lr_0 = 1.2241e-04
Loss = 4.3211e-03, PNorm = 71.2667, GNorm = 0.1512, lr_0 = 1.2123e-04
Loss = 4.4197e-03, PNorm = 71.2759, GNorm = 0.0117, lr_0 = 1.2006e-04
Loss = 3.3080e-03, PNorm = 71.2808, GNorm = 0.0399, lr_0 = 1.1891e-04
Loss = 7.8123e-03, PNorm = 71.2863, GNorm = 0.3374, lr_0 = 1.1776e-04
Loss = 8.9784e-03, PNorm = 71.2946, GNorm = 0.7071, lr_0 = 1.1663e-04
Loss = 1.1375e-02, PNorm = 71.3156, GNorm = 0.0072, lr_0 = 1.1551e-04
Validation auc = 0.766018
Epoch 28
Loss = 2.2652e-02, PNorm = 71.3135, GNorm = 0.5906, lr_0 = 1.1428e-04
Loss = 4.5795e-03, PNorm = 71.3336, GNorm = 0.0178, lr_0 = 1.1318e-04
Loss = 1.0098e-02, PNorm = 71.3459, GNorm = 0.3770, lr_0 = 1.1209e-04
Loss = 6.4687e-03, PNorm = 71.3604, GNorm = 0.1475, lr_0 = 1.1101e-04
Loss = 6.7859e-03, PNorm = 71.3668, GNorm = 0.0436, lr_0 = 1.0995e-04
Loss = 3.9593e-03, PNorm = 71.3764, GNorm = 0.0654, lr_0 = 1.0889e-04
Loss = 4.5645e-03, PNorm = 71.3838, GNorm = 0.0142, lr_0 = 1.0784e-04
Loss = 7.0036e-03, PNorm = 71.3873, GNorm = 0.0197, lr_0 = 1.0680e-04
Loss = 7.5009e-03, PNorm = 71.4028, GNorm = 0.1271, lr_0 = 1.0577e-04
Validation auc = 0.784588
Epoch 29
Loss = 5.6253e-03, PNorm = 71.4168, GNorm = 0.1808, lr_0 = 1.0475e-04
Loss = 8.6383e-03, PNorm = 71.4251, GNorm = 0.2886, lr_0 = 1.0374e-04
Loss = 5.2625e-03, PNorm = 71.4279, GNorm = 0.0345, lr_0 = 1.0275e-04
Loss = 2.6025e-03, PNorm = 71.4318, GNorm = 0.0982, lr_0 = 1.0176e-04
Loss = 4.5117e-03, PNorm = 71.4482, GNorm = 0.0011, lr_0 = 1.0078e-04
Loss = 6.0136e-03, PNorm = 71.4510, GNorm = 0.0282, lr_0 = 1.0000e-04
Loss = 7.5155e-03, PNorm = 71.4581, GNorm = 0.2475, lr_0 = 1.0000e-04
Loss = 5.1585e-03, PNorm = 71.4677, GNorm = 0.0312, lr_0 = 1.0000e-04
Validation auc = 0.787852
Model 0 best validation auc = 0.891819 on epoch 2
Loading pretrained parameter "encoder.encoder.0.cached_zero_vector".
Loading pretrained parameter "encoder.encoder.0.W_i.weight".
Loading pretrained parameter "encoder.encoder.0.W_h.weight".
Loading pretrained parameter "encoder.encoder.0.W_o.weight".
Loading pretrained parameter "encoder.encoder.0.W_o.bias".
Loading pretrained parameter "ffn.1.weight".
Loading pretrained parameter "ffn.1.bias".
Moving model to cuda
Model 0 test auc = 0.808085
Ensemble test auc = 0.808085
Fold 2
Splitting data with seed 2
Total scaffolds = 3,467 | train scaffolds = 2,630 | val scaffolds = 419 | test scaffolds = 418
Label averages per scaffold, in decreasing order of scaffold frequency,capped at 10 scaffolds and 20 labels:
Scaffold 0
Task 0: count = 381 | target average = 0.018373
Task 1: count = 381 | target average = 0.013123


Scaffold 1
Task 0: count = 305 | target average = 0.009836
Task 1: count = 305 | target average = 0.016393


Scaffold 2
Task 0: count = 36 | target average = 0.000000
Task 1: count = 36 | target average = 0.000000


Scaffold 3
Task 0: count = 29 | target average = 0.000000
Task 1: count = 29 | target average = 0.000000


Scaffold 4
Task 0: count = 26 | target average = 0.000000
Task 1: count = 26 | target average = 0.000000


Scaffold 5
Task 0: count = 23 | target average = 0.000000
Task 1: count = 23 | target average = 0.000000


Scaffold 6
Task 0: count = 22 | target average = 0.090909
Task 1: count = 22 | target average = 0.090909


Scaffold 7
Task 0: count = 20 | target average = 0.000000
Task 1: count = 20 | target average = 0.000000


Scaffold 8
Task 0: count = 20 | target average = 0.000000
Task 1: count = 20 | target average = 0.000000


Scaffold 9
Task 0: count = 20 | target average = 0.050000
Task 1: count = 20 | target average = 0.000000


Class sizes
hit_inh 0: 97.83%, 1: 2.17%
hit_kill 0: 98.64%, 1: 1.36%
Total size = 5,353 | train size = 4,282 | val size = 535 | test size = 536
Building model 0
MoleculeModel(
  (sigmoid): Sigmoid()
  (encoder): MPN(
    (encoder): ModuleList(
      (0): MPNEncoder(
        (dropout_layer): Dropout(p=0.1, inplace=False)
        (act_func): ReLU()
        (W_i): Linear(in_features=147, out_features=1500, bias=False)
        (W_h): Linear(in_features=1500, out_features=1500, bias=False)
        (W_o): Linear(in_features=1633, out_features=1500, bias=True)
      )
    )
  )
  (ffn): Sequential(
    (0): Dropout(p=0.1, inplace=False)
    (1): Linear(in_features=1700, out_features=2, bias=True)
  )
)
Number of parameters = 4,924,902
Moving model to cuda
Epoch 0
Loss = 2.7692e-01, PNorm = 58.2829, GNorm = 0.1790, lr_0 = 1.0000e-03
Loss = 7.0595e-02, PNorm = 58.6677, GNorm = 0.1398, lr_0 = 1.0000e-03
Loss = 9.3451e-02, PNorm = 58.8586, GNorm = 0.1049, lr_0 = 1.0000e-03
Loss = 8.8299e-02, PNorm = 58.9550, GNorm = 0.1064, lr_0 = 1.0000e-03
Loss = 7.6282e-02, PNorm = 59.0069, GNorm = 0.1183, lr_0 = 1.0000e-03
Loss = 9.8477e-02, PNorm = 59.0399, GNorm = 0.1305, lr_0 = 1.0000e-03
Loss = 9.3858e-02, PNorm = 59.0784, GNorm = 0.2067, lr_0 = 1.0000e-03
Loss = 7.3044e-02, PNorm = 59.1022, GNorm = 0.0994, lr_0 = 1.0000e-03
Validation auc = 0.779402
Epoch 1
Loss = 6.1266e-02, PNorm = 59.1371, GNorm = 0.1946, lr_0 = 1.0000e-03
Loss = 7.5456e-02, PNorm = 59.1939, GNorm = 0.3467, lr_0 = 1.0000e-03
Loss = 4.2407e-02, PNorm = 59.2217, GNorm = 0.1164, lr_0 = 1.0000e-03
Loss = 1.2269e-01, PNorm = 59.2362, GNorm = 0.3352, lr_0 = 1.0000e-03
Loss = 7.7822e-02, PNorm = 59.3028, GNorm = 0.1051, lr_0 = 1.0000e-03
Loss = 8.8753e-02, PNorm = 59.3602, GNorm = 0.0974, lr_0 = 1.0000e-03
Loss = 1.0339e-01, PNorm = 59.3896, GNorm = 0.0980, lr_0 = 1.0000e-03
Loss = 1.1398e-01, PNorm = 59.4697, GNorm = 0.2140, lr_0 = 1.0000e-03
Loss = 6.6584e-02, PNorm = 59.5544, GNorm = 0.1320, lr_0 = 9.9807e-04
Validation auc = 0.848820
Epoch 2
Loss = 8.3608e-02, PNorm = 59.6350, GNorm = 0.2694, lr_0 = 9.8846e-04
Loss = 7.3909e-02, PNorm = 59.7324, GNorm = 0.2458, lr_0 = 9.7894e-04
Loss = 1.0003e-01, PNorm = 59.7892, GNorm = 0.0977, lr_0 = 9.6952e-04
Loss = 7.9383e-02, PNorm = 59.8649, GNorm = 0.3072, lr_0 = 9.6018e-04
Loss = 1.0789e-01, PNorm = 59.9275, GNorm = 0.1663, lr_0 = 9.5094e-04
Loss = 6.6847e-02, PNorm = 60.0693, GNorm = 0.1179, lr_0 = 9.4178e-04
Loss = 5.5011e-02, PNorm = 60.1328, GNorm = 0.0811, lr_0 = 9.3271e-04
Loss = 7.0861e-02, PNorm = 60.2050, GNorm = 0.1114, lr_0 = 9.2373e-04
Validation auc = 0.855509
Epoch 3
Loss = 7.6097e-02, PNorm = 60.2807, GNorm = 0.1312, lr_0 = 9.1395e-04
Loss = 9.7216e-02, PNorm = 60.3610, GNorm = 0.1855, lr_0 = 9.0515e-04
Loss = 8.3264e-02, PNorm = 60.5001, GNorm = 0.2299, lr_0 = 8.9644e-04
Loss = 3.2600e-02, PNorm = 60.6241, GNorm = 0.0766, lr_0 = 8.8781e-04
Loss = 8.9250e-02, PNorm = 60.6287, GNorm = 0.2114, lr_0 = 8.7926e-04
Loss = 7.3495e-02, PNorm = 60.6968, GNorm = 0.0898, lr_0 = 8.7080e-04
Loss = 9.5677e-02, PNorm = 60.8168, GNorm = 0.2135, lr_0 = 8.6241e-04
Loss = 8.1764e-02, PNorm = 60.9349, GNorm = 0.0847, lr_0 = 8.5411e-04
Loss = 7.0326e-02, PNorm = 61.0172, GNorm = 0.1933, lr_0 = 8.4588e-04
Validation auc = 0.901899
Epoch 4
Loss = 4.3107e-02, PNorm = 61.1597, GNorm = 0.0833, lr_0 = 8.3774e-04
Loss = 5.5721e-02, PNorm = 61.2616, GNorm = 0.1138, lr_0 = 8.2967e-04
Loss = 6.9303e-02, PNorm = 61.3485, GNorm = 0.2110, lr_0 = 8.2169e-04
Loss = 9.1673e-02, PNorm = 61.4442, GNorm = 0.1439, lr_0 = 8.1377e-04
Loss = 9.4191e-02, PNorm = 61.5617, GNorm = 0.1739, lr_0 = 8.0594e-04
Loss = 6.1498e-02, PNorm = 61.7395, GNorm = 0.1496, lr_0 = 7.9818e-04
Loss = 9.3844e-02, PNorm = 61.8243, GNorm = 0.2294, lr_0 = 7.9050e-04
Loss = 5.3206e-02, PNorm = 61.9563, GNorm = 0.1520, lr_0 = 7.8288e-04
Validation auc = 0.895309
Epoch 5
Loss = 7.4176e-02, PNorm = 62.0743, GNorm = 0.1335, lr_0 = 7.7535e-04
Loss = 7.9953e-02, PNorm = 62.2327, GNorm = 0.1643, lr_0 = 7.6788e-04
Loss = 7.0024e-02, PNorm = 62.3581, GNorm = 0.2292, lr_0 = 7.6049e-04
Loss = 7.0071e-02, PNorm = 62.5449, GNorm = 0.1185, lr_0 = 7.5317e-04
Loss = 4.8431e-02, PNorm = 62.6873, GNorm = 0.1163, lr_0 = 7.4591e-04
Loss = 6.4512e-02, PNorm = 62.7913, GNorm = 0.1494, lr_0 = 7.3873e-04
Loss = 8.2373e-02, PNorm = 62.8893, GNorm = 0.1253, lr_0 = 7.3162e-04
Loss = 5.8049e-02, PNorm = 63.0262, GNorm = 0.0861, lr_0 = 7.2458e-04
Loss = 6.2366e-02, PNorm = 63.0959, GNorm = 0.1297, lr_0 = 7.1760e-04
Validation auc = 0.874072
Epoch 6
Loss = 4.4821e-02, PNorm = 63.1979, GNorm = 0.1169, lr_0 = 7.1000e-04
Loss = 8.0971e-02, PNorm = 63.2749, GNorm = 0.1076, lr_0 = 7.0317e-04
Loss = 7.1934e-02, PNorm = 63.4023, GNorm = 0.1508, lr_0 = 6.9640e-04
Loss = 6.8316e-02, PNorm = 63.5365, GNorm = 0.3070, lr_0 = 6.8969e-04
Loss = 5.9034e-02, PNorm = 63.6881, GNorm = 0.1016, lr_0 = 6.8305e-04
Loss = 5.9202e-02, PNorm = 63.7992, GNorm = 0.1271, lr_0 = 6.7648e-04
Loss = 5.5758e-02, PNorm = 63.9104, GNorm = 0.4816, lr_0 = 6.6996e-04
Loss = 2.2421e-02, PNorm = 64.0331, GNorm = 0.0571, lr_0 = 6.6351e-04
Validation auc = 0.904838
Epoch 7
Loss = 5.5019e-02, PNorm = 64.0734, GNorm = 0.1067, lr_0 = 6.5712e-04
Loss = 5.3465e-02, PNorm = 64.2143, GNorm = 0.2277, lr_0 = 6.5080e-04
Loss = 6.6356e-02, PNorm = 64.3496, GNorm = 0.1787, lr_0 = 6.4453e-04
Loss = 5.6535e-02, PNorm = 64.5184, GNorm = 0.1170, lr_0 = 6.3833e-04
Loss = 5.3240e-02, PNorm = 64.5990, GNorm = 0.1080, lr_0 = 6.3218e-04
Loss = 4.8628e-02, PNorm = 64.6901, GNorm = 0.0759, lr_0 = 6.2609e-04
Loss = 6.0098e-02, PNorm = 64.7649, GNorm = 0.1962, lr_0 = 6.2006e-04
Loss = 6.2524e-02, PNorm = 64.8552, GNorm = 0.3195, lr_0 = 6.1409e-04
Loss = 4.5799e-02, PNorm = 64.9609, GNorm = 0.0743, lr_0 = 6.0818e-04
Validation auc = 0.904542
Epoch 8
Loss = 3.1077e-02, PNorm = 65.0465, GNorm = 0.1855, lr_0 = 6.0233e-04
Loss = 4.1839e-02, PNorm = 65.1271, GNorm = 0.0862, lr_0 = 5.9653e-04
Loss = 5.3345e-02, PNorm = 65.1918, GNorm = 0.1456, lr_0 = 5.9078e-04
Loss = 6.4599e-02, PNorm = 65.2787, GNorm = 0.2229, lr_0 = 5.8510e-04
Loss = 5.3562e-02, PNorm = 65.3805, GNorm = 0.3013, lr_0 = 5.7946e-04
Loss = 5.6095e-02, PNorm = 65.4757, GNorm = 0.2191, lr_0 = 5.7388e-04
Loss = 5.1663e-02, PNorm = 65.5633, GNorm = 0.1848, lr_0 = 5.6836e-04
Loss = 5.3548e-02, PNorm = 65.6279, GNorm = 0.1522, lr_0 = 5.6289e-04
Loss = 5.1142e-02, PNorm = 65.7182, GNorm = 0.0907, lr_0 = 5.5747e-04
Loss = 6.3968e-03, PNorm = 65.7273, GNorm = 0.0648, lr_0 = 5.5693e-04
Validation auc = 0.930747
Epoch 9
Loss = 4.0545e-02, PNorm = 65.8193, GNorm = 0.0989, lr_0 = 5.5156e-04
Loss = 6.2786e-02, PNorm = 65.8653, GNorm = 0.1861, lr_0 = 5.4625e-04
Loss = 4.6560e-02, PNorm = 65.9655, GNorm = 0.0787, lr_0 = 5.4100e-04
Loss = 2.5286e-02, PNorm = 66.0611, GNorm = 0.1494, lr_0 = 5.3579e-04
Loss = 7.0902e-02, PNorm = 66.1157, GNorm = 0.2447, lr_0 = 5.3063e-04
Loss = 4.0674e-02, PNorm = 66.2538, GNorm = 0.2260, lr_0 = 5.2552e-04
Loss = 5.4648e-02, PNorm = 66.3277, GNorm = 0.1291, lr_0 = 5.2046e-04
Loss = 4.1084e-02, PNorm = 66.4208, GNorm = 0.2374, lr_0 = 5.1545e-04
Validation auc = 0.935134
Epoch 10
Loss = 3.1158e-02, PNorm = 66.4944, GNorm = 0.0446, lr_0 = 5.1049e-04
Loss = 5.0742e-02, PNorm = 66.5807, GNorm = 0.1281, lr_0 = 5.0557e-04
Loss = 2.4627e-02, PNorm = 66.6687, GNorm = 0.0518, lr_0 = 5.0070e-04
Loss = 1.7196e-02, PNorm = 66.7108, GNorm = 0.0895, lr_0 = 4.9588e-04
Loss = 5.9548e-02, PNorm = 66.7318, GNorm = 0.1418, lr_0 = 4.9111e-04
Loss = 5.9693e-02, PNorm = 66.7928, GNorm = 0.1189, lr_0 = 4.8638e-04
Loss = 4.6082e-02, PNorm = 66.8792, GNorm = 0.1429, lr_0 = 4.8170e-04
Loss = 4.3398e-02, PNorm = 66.9861, GNorm = 0.3534, lr_0 = 4.7706e-04
Loss = 3.2876e-02, PNorm = 67.0528, GNorm = 0.1295, lr_0 = 4.7247e-04
Validation auc = 0.918407
Epoch 11
Loss = 5.4743e-02, PNorm = 67.1602, GNorm = 0.1071, lr_0 = 4.6792e-04
Loss = 2.9510e-02, PNorm = 67.2592, GNorm = 0.1722, lr_0 = 4.6341e-04
Loss = 1.8535e-02, PNorm = 67.3251, GNorm = 0.1208, lr_0 = 4.5895e-04
Loss = 3.9329e-02, PNorm = 67.3810, GNorm = 0.0941, lr_0 = 4.5453e-04
Loss = 5.1828e-02, PNorm = 67.4289, GNorm = 0.3682, lr_0 = 4.5015e-04
Loss = 3.9872e-02, PNorm = 67.5049, GNorm = 0.0528, lr_0 = 4.4582e-04
Loss = 3.5755e-02, PNorm = 67.5453, GNorm = 0.1112, lr_0 = 4.4153e-04
Loss = 4.0437e-02, PNorm = 67.6309, GNorm = 0.2780, lr_0 = 4.3728e-04
Validation auc = 0.875375
Epoch 12
Loss = 3.7371e-02, PNorm = 67.6907, GNorm = 0.1056, lr_0 = 4.3265e-04
Loss = 2.4974e-02, PNorm = 67.7594, GNorm = 0.1043, lr_0 = 4.2848e-04
Loss = 2.6862e-02, PNorm = 67.8277, GNorm = 0.1835, lr_0 = 4.2436e-04
Loss = 5.4509e-02, PNorm = 67.8634, GNorm = 0.5521, lr_0 = 4.2027e-04
Loss = 3.5263e-02, PNorm = 67.9162, GNorm = 0.4654, lr_0 = 4.1622e-04
Loss = 2.2162e-02, PNorm = 68.0213, GNorm = 0.2734, lr_0 = 4.1222e-04
Loss = 6.9090e-02, PNorm = 68.0335, GNorm = 0.2326, lr_0 = 4.0825e-04
Loss = 4.3421e-02, PNorm = 68.1160, GNorm = 0.1904, lr_0 = 4.0432e-04
Loss = 2.9898e-02, PNorm = 68.2265, GNorm = 0.1591, lr_0 = 4.0042e-04
Validation auc = 0.935296
Epoch 13
Loss = 1.4618e-02, PNorm = 68.2644, GNorm = 0.2900, lr_0 = 3.9657e-04
Loss = 3.7499e-02, PNorm = 68.3144, GNorm = 0.1669, lr_0 = 3.9275e-04
Loss = 8.8779e-03, PNorm = 68.3792, GNorm = 0.0379, lr_0 = 3.8897e-04
Loss = 3.5644e-02, PNorm = 68.4095, GNorm = 0.1899, lr_0 = 3.8522e-04
Loss = 3.7963e-02, PNorm = 68.4782, GNorm = 0.1677, lr_0 = 3.8152e-04
Loss = 3.3677e-02, PNorm = 68.5434, GNorm = 0.3021, lr_0 = 3.7784e-04
Loss = 4.2459e-02, PNorm = 68.5769, GNorm = 0.2478, lr_0 = 3.7420e-04
Loss = 2.3334e-02, PNorm = 68.6485, GNorm = 0.0669, lr_0 = 3.7060e-04
Validation auc = 0.920588
Epoch 14
Loss = 6.6201e-03, PNorm = 68.6958, GNorm = 0.0527, lr_0 = 3.6668e-04
Loss = 1.9456e-02, PNorm = 68.7479, GNorm = 0.0980, lr_0 = 3.6315e-04
Loss = 2.5641e-02, PNorm = 68.8093, GNorm = 0.2689, lr_0 = 3.5965e-04
Loss = 2.3774e-02, PNorm = 68.8473, GNorm = 0.0333, lr_0 = 3.5619e-04
Loss = 2.4912e-02, PNorm = 68.9042, GNorm = 0.0371, lr_0 = 3.5276e-04
Loss = 3.4469e-02, PNorm = 68.9538, GNorm = 0.3534, lr_0 = 3.4936e-04
Loss = 5.0127e-02, PNorm = 68.9675, GNorm = 0.1902, lr_0 = 3.4600e-04
Loss = 2.2424e-02, PNorm = 69.0201, GNorm = 0.2371, lr_0 = 3.4267e-04
Loss = 5.0272e-02, PNorm = 69.0400, GNorm = 0.0628, lr_0 = 3.3937e-04
Validation auc = 0.915917
Epoch 15
Loss = 3.0726e-02, PNorm = 69.1021, GNorm = 0.2799, lr_0 = 3.3610e-04
Loss = 3.8202e-02, PNorm = 69.1555, GNorm = 0.1813, lr_0 = 3.3287e-04
Loss = 2.0096e-02, PNorm = 69.2125, GNorm = 0.0986, lr_0 = 3.2966e-04
Loss = 2.2050e-02, PNorm = 69.2683, GNorm = 0.0225, lr_0 = 3.2649e-04
Loss = 4.2695e-02, PNorm = 69.2692, GNorm = 0.1647, lr_0 = 3.2334e-04
Loss = 2.8723e-02, PNorm = 69.3356, GNorm = 0.0842, lr_0 = 3.2023e-04
Loss = 2.7060e-02, PNorm = 69.4064, GNorm = 0.2114, lr_0 = 3.1715e-04
Loss = 1.2548e-02, PNorm = 69.4479, GNorm = 0.1724, lr_0 = 3.1409e-04
Loss = 4.0935e-02, PNorm = 69.4571, GNorm = 0.1372, lr_0 = 3.1107e-04
Validation auc = 0.873554
Epoch 16
Loss = 2.0749e-02, PNorm = 69.5218, GNorm = 0.3174, lr_0 = 3.0807e-04
Loss = 3.8267e-02, PNorm = 69.5529, GNorm = 0.2386, lr_0 = 3.0511e-04
Loss = 2.9303e-02, PNorm = 69.6056, GNorm = 0.1309, lr_0 = 3.0217e-04
Loss = 1.2402e-02, PNorm = 69.6700, GNorm = 0.0523, lr_0 = 2.9926e-04
Loss = 2.8288e-02, PNorm = 69.6951, GNorm = 0.1305, lr_0 = 2.9638e-04
Loss = 1.6040e-02, PNorm = 69.7276, GNorm = 0.0632, lr_0 = 2.9353e-04
Loss = 1.6220e-02, PNorm = 69.7703, GNorm = 0.1744, lr_0 = 2.9070e-04
Loss = 3.0417e-02, PNorm = 69.8071, GNorm = 0.0979, lr_0 = 2.8790e-04
Validation auc = 0.896167
Epoch 17
Loss = 1.9646e-02, PNorm = 69.8347, GNorm = 0.0316, lr_0 = 2.8485e-04
Loss = 2.3888e-02, PNorm = 69.8643, GNorm = 0.1428, lr_0 = 2.8211e-04
Loss = 1.4601e-02, PNorm = 69.9330, GNorm = 0.2008, lr_0 = 2.7939e-04
Loss = 2.3830e-02, PNorm = 69.9567, GNorm = 0.1138, lr_0 = 2.7670e-04
Loss = 2.3678e-02, PNorm = 70.0028, GNorm = 0.0354, lr_0 = 2.7404e-04
Loss = 2.6289e-02, PNorm = 70.0391, GNorm = 0.0570, lr_0 = 2.7140e-04
Loss = 1.4579e-02, PNorm = 70.0659, GNorm = 0.1466, lr_0 = 2.6879e-04
Loss = 1.8788e-02, PNorm = 70.0969, GNorm = 0.0733, lr_0 = 2.6620e-04
Loss = 1.4800e-02, PNorm = 70.1277, GNorm = 0.0216, lr_0 = 2.6364e-04
Validation auc = 0.888508
Epoch 18
Loss = 1.4813e-02, PNorm = 70.1609, GNorm = 0.0445, lr_0 = 2.6110e-04
Loss = 1.5110e-02, PNorm = 70.2013, GNorm = 0.0367, lr_0 = 2.5859e-04
Loss = 1.0346e-02, PNorm = 70.2328, GNorm = 0.0453, lr_0 = 2.5610e-04
Loss = 1.0611e-02, PNorm = 70.2707, GNorm = 0.1350, lr_0 = 2.5363e-04
Loss = 2.4821e-02, PNorm = 70.2776, GNorm = 0.0437, lr_0 = 2.5119e-04
Loss = 2.0341e-02, PNorm = 70.3238, GNorm = 0.0165, lr_0 = 2.4877e-04
Loss = 3.4047e-02, PNorm = 70.3442, GNorm = 0.1705, lr_0 = 2.4638e-04
Loss = 2.0134e-02, PNorm = 70.3787, GNorm = 0.4335, lr_0 = 2.4400e-04
Validation auc = 0.898173
Epoch 19
Loss = 1.1218e-02, PNorm = 70.4201, GNorm = 0.0225, lr_0 = 2.4165e-04
Loss = 1.2318e-02, PNorm = 70.4506, GNorm = 0.1518, lr_0 = 2.3933e-04
Loss = 1.6922e-02, PNorm = 70.4750, GNorm = 0.0936, lr_0 = 2.3702e-04
Loss = 1.9554e-02, PNorm = 70.5007, GNorm = 0.0773, lr_0 = 2.3474e-04
Loss = 1.5405e-02, PNorm = 70.5272, GNorm = 0.0621, lr_0 = 2.3248e-04
Loss = 2.4960e-02, PNorm = 70.5675, GNorm = 0.1960, lr_0 = 2.3024e-04
Loss = 9.6852e-03, PNorm = 70.6166, GNorm = 0.0409, lr_0 = 2.2803e-04
Loss = 1.3202e-02, PNorm = 70.6418, GNorm = 0.0495, lr_0 = 2.2583e-04
Loss = 8.3301e-03, PNorm = 70.6663, GNorm = 0.3114, lr_0 = 2.2366e-04
Validation auc = 0.883429
Epoch 20
Loss = 1.5413e-02, PNorm = 70.6808, GNorm = 0.1673, lr_0 = 2.2129e-04
Loss = 1.2076e-02, PNorm = 70.7125, GNorm = 0.0534, lr_0 = 2.1916e-04
Loss = 1.0309e-02, PNorm = 70.7281, GNorm = 0.1729, lr_0 = 2.1705e-04
Loss = 1.1573e-02, PNorm = 70.7599, GNorm = 0.1303, lr_0 = 2.1496e-04
Loss = 8.1795e-03, PNorm = 70.7934, GNorm = 0.1775, lr_0 = 2.1289e-04
Loss = 1.4839e-02, PNorm = 70.8152, GNorm = 0.4251, lr_0 = 2.1084e-04
Loss = 1.2458e-02, PNorm = 70.8448, GNorm = 0.2742, lr_0 = 2.0881e-04
Loss = 1.8903e-02, PNorm = 70.8783, GNorm = 0.0279, lr_0 = 2.0680e-04
Validation auc = 0.865920
Epoch 21
Loss = 9.7798e-03, PNorm = 70.8901, GNorm = 0.2533, lr_0 = 2.0481e-04
Loss = 1.5014e-02, PNorm = 70.9076, GNorm = 0.4198, lr_0 = 2.0283e-04
Loss = 1.0980e-02, PNorm = 70.9362, GNorm = 0.3203, lr_0 = 2.0088e-04
Loss = 1.1275e-02, PNorm = 70.9693, GNorm = 0.3084, lr_0 = 1.9895e-04
Loss = 1.5398e-02, PNorm = 70.9867, GNorm = 0.2935, lr_0 = 1.9703e-04
Loss = 1.1058e-02, PNorm = 71.0320, GNorm = 0.2456, lr_0 = 1.9514e-04
Loss = 1.0167e-02, PNorm = 71.0578, GNorm = 0.0069, lr_0 = 1.9326e-04
Loss = 1.8585e-02, PNorm = 71.0467, GNorm = 0.1055, lr_0 = 1.9140e-04
Loss = 1.8971e-02, PNorm = 71.0757, GNorm = 0.4616, lr_0 = 1.8955e-04
Validation auc = 0.864397
Epoch 22
Loss = 1.2923e-02, PNorm = 71.0987, GNorm = 0.0495, lr_0 = 1.8773e-04
Loss = 9.6309e-03, PNorm = 71.1197, GNorm = 0.0315, lr_0 = 1.8592e-04
Loss = 1.5086e-02, PNorm = 71.1507, GNorm = 0.1681, lr_0 = 1.8413e-04
Loss = 9.5298e-03, PNorm = 71.1734, GNorm = 0.1042, lr_0 = 1.8236e-04
Loss = 1.0814e-02, PNorm = 71.1922, GNorm = 0.1492, lr_0 = 1.8060e-04
Loss = 8.7721e-03, PNorm = 71.2071, GNorm = 0.1274, lr_0 = 1.7886e-04
Loss = 7.4480e-03, PNorm = 71.2229, GNorm = 0.3930, lr_0 = 1.7714e-04
Loss = 9.1197e-03, PNorm = 71.2328, GNorm = 0.1039, lr_0 = 1.7544e-04
Validation auc = 0.868733
Epoch 23
Loss = 7.3832e-03, PNorm = 71.2601, GNorm = 0.1473, lr_0 = 1.7358e-04
Loss = 9.6820e-03, PNorm = 71.2749, GNorm = 0.0084, lr_0 = 1.7191e-04
Loss = 5.2780e-03, PNorm = 71.2842, GNorm = 0.1759, lr_0 = 1.7025e-04
Loss = 1.2641e-02, PNorm = 71.3013, GNorm = 0.3500, lr_0 = 1.6861e-04
Loss = 7.3302e-03, PNorm = 71.3243, GNorm = 0.4783, lr_0 = 1.6699e-04
Loss = 3.4230e-03, PNorm = 71.3394, GNorm = 0.0342, lr_0 = 1.6538e-04
Loss = 5.9400e-03, PNorm = 71.3524, GNorm = 0.2821, lr_0 = 1.6379e-04
Loss = 9.8343e-03, PNorm = 71.3678, GNorm = 0.0639, lr_0 = 1.6221e-04
Loss = 1.0588e-02, PNorm = 71.3815, GNorm = 0.1081, lr_0 = 1.6065e-04
Validation auc = 0.855203
Epoch 24
Loss = 1.1747e-02, PNorm = 71.3976, GNorm = 0.3691, lr_0 = 1.5910e-04
Loss = 1.4230e-02, PNorm = 71.4156, GNorm = 0.3751, lr_0 = 1.5757e-04
Loss = 1.1169e-02, PNorm = 71.4252, GNorm = 0.2917, lr_0 = 1.5605e-04
Loss = 9.2603e-03, PNorm = 71.4729, GNorm = 0.0275, lr_0 = 1.5455e-04
Loss = 8.4411e-03, PNorm = 71.4941, GNorm = 0.2557, lr_0 = 1.5306e-04
Loss = 8.8730e-03, PNorm = 71.4901, GNorm = 0.1710, lr_0 = 1.5159e-04
Loss = 8.3902e-03, PNorm = 71.5217, GNorm = 0.0267, lr_0 = 1.5013e-04
Loss = 1.2763e-02, PNorm = 71.5383, GNorm = 0.0320, lr_0 = 1.4869e-04
Loss = 1.0362e-02, PNorm = 71.5572, GNorm = 0.0443, lr_0 = 1.4725e-04
Validation auc = 0.847222
Epoch 25
Loss = 8.7362e-03, PNorm = 71.5752, GNorm = 0.0360, lr_0 = 1.4584e-04
Loss = 1.2179e-02, PNorm = 71.5768, GNorm = 0.0482, lr_0 = 1.4443e-04
Loss = 8.0958e-03, PNorm = 71.5937, GNorm = 0.0678, lr_0 = 1.4304e-04
Loss = 8.6811e-03, PNorm = 71.6158, GNorm = 0.2844, lr_0 = 1.4166e-04
Loss = 5.3943e-03, PNorm = 71.6296, GNorm = 0.1155, lr_0 = 1.4030e-04
Loss = 4.5441e-03, PNorm = 71.6454, GNorm = 0.2001, lr_0 = 1.3895e-04
Loss = 8.0848e-03, PNorm = 71.6536, GNorm = 0.0579, lr_0 = 1.3761e-04
Loss = 7.2685e-03, PNorm = 71.6694, GNorm = 0.0104, lr_0 = 1.3629e-04
Validation auc = 0.855920
Epoch 26
Loss = 8.0149e-03, PNorm = 71.6708, GNorm = 0.1371, lr_0 = 1.3484e-04
Loss = 1.4140e-02, PNorm = 71.7092, GNorm = 0.2293, lr_0 = 1.3355e-04
Loss = 9.4874e-03, PNorm = 71.7185, GNorm = 0.3608, lr_0 = 1.3226e-04
Loss = 4.3654e-03, PNorm = 71.7226, GNorm = 0.0143, lr_0 = 1.3099e-04
Loss = 7.7668e-03, PNorm = 71.7405, GNorm = 0.0179, lr_0 = 1.2973e-04
Loss = 9.1841e-03, PNorm = 71.7560, GNorm = 0.0206, lr_0 = 1.2848e-04
Loss = 5.2220e-03, PNorm = 71.7723, GNorm = 0.0044, lr_0 = 1.2724e-04
Loss = 4.5152e-03, PNorm = 71.7758, GNorm = 0.2510, lr_0 = 1.2601e-04
Loss = 2.0435e-02, PNorm = 71.7676, GNorm = 0.4570, lr_0 = 1.2480e-04
Validation auc = 0.821884
Epoch 27
Loss = 6.3658e-03, PNorm = 71.7891, GNorm = 0.0200, lr_0 = 1.2360e-04
Loss = 8.3152e-03, PNorm = 71.8143, GNorm = 0.3153, lr_0 = 1.2241e-04
Loss = 6.8627e-03, PNorm = 71.8243, GNorm = 0.5818, lr_0 = 1.2123e-04
Loss = 5.2176e-03, PNorm = 71.8232, GNorm = 0.0426, lr_0 = 1.2006e-04
Loss = 4.7936e-03, PNorm = 71.8380, GNorm = 0.0614, lr_0 = 1.1891e-04
Loss = 8.6583e-03, PNorm = 71.8410, GNorm = 0.0973, lr_0 = 1.1776e-04
Loss = 6.4080e-03, PNorm = 71.8544, GNorm = 0.0290, lr_0 = 1.1663e-04
Loss = 9.9399e-03, PNorm = 71.8649, GNorm = 0.1003, lr_0 = 1.1551e-04
Validation auc = 0.835897
Epoch 28
Loss = 9.1372e-03, PNorm = 71.8804, GNorm = 0.1322, lr_0 = 1.1428e-04
Loss = 7.2329e-03, PNorm = 71.8982, GNorm = 0.3195, lr_0 = 1.1318e-04
Loss = 6.5131e-03, PNorm = 71.9067, GNorm = 0.0961, lr_0 = 1.1209e-04
Loss = 3.7587e-03, PNorm = 71.9185, GNorm = 0.0247, lr_0 = 1.1101e-04
Loss = 1.6132e-03, PNorm = 71.9297, GNorm = 0.0164, lr_0 = 1.0995e-04
Loss = 4.7338e-03, PNorm = 71.9326, GNorm = 0.3491, lr_0 = 1.0889e-04
Loss = 3.6430e-03, PNorm = 71.9385, GNorm = 0.1402, lr_0 = 1.0784e-04
Loss = 5.8366e-03, PNorm = 71.9456, GNorm = 0.0249, lr_0 = 1.0680e-04
Loss = 3.8606e-03, PNorm = 71.9545, GNorm = 0.4657, lr_0 = 1.0577e-04
Validation auc = 0.834621
Epoch 29
Loss = 4.5064e-03, PNorm = 71.9669, GNorm = 0.1676, lr_0 = 1.0475e-04
Loss = 8.7400e-04, PNorm = 71.9754, GNorm = 0.0033, lr_0 = 1.0374e-04
Loss = 5.8471e-03, PNorm = 71.9820, GNorm = 0.3431, lr_0 = 1.0275e-04
Loss = 9.9264e-03, PNorm = 71.9796, GNorm = 0.1963, lr_0 = 1.0176e-04
Loss = 5.3233e-03, PNorm = 72.0031, GNorm = 0.0894, lr_0 = 1.0078e-04
Loss = 3.9559e-03, PNorm = 72.0208, GNorm = 0.1909, lr_0 = 1.0000e-04
Loss = 7.5267e-03, PNorm = 72.0273, GNorm = 0.1231, lr_0 = 1.0000e-04
Loss = 2.3436e-03, PNorm = 72.0337, GNorm = 0.0343, lr_0 = 1.0000e-04
Validation auc = 0.827063
Model 0 best validation auc = 0.935296 on epoch 12
Loading pretrained parameter "encoder.encoder.0.cached_zero_vector".
Loading pretrained parameter "encoder.encoder.0.W_i.weight".
Loading pretrained parameter "encoder.encoder.0.W_h.weight".
Loading pretrained parameter "encoder.encoder.0.W_o.weight".
Loading pretrained parameter "encoder.encoder.0.W_o.bias".
Loading pretrained parameter "ffn.1.weight".
Loading pretrained parameter "ffn.1.bias".
Moving model to cuda
Model 0 test auc = 0.788154
Ensemble test auc = 0.788154
3-fold cross validation
	Seed 0 ==> test auc = 0.735222
	Seed 1 ==> test auc = 0.808085
	Seed 2 ==> test auc = 0.788154
Overall test auc = 0.777154 +/- 0.030746
Elapsed time = 0:37:53
