Command line
python /home/jackievaleri8/.conda/envs/chemprop/bin/chemprop_train --init_lr 0.0001 --dropout 0.1 --hidden_size 300 --ffn_num_layers 1 --depth 5 --save_dir round3finalval08162021_models/74 --data_path round3finalval08162021_TRAIN.csv --dataset_type classification --features_path round3finalval08162021_TRAINFTS.npz --no_features_scaling --num_folds 3 --ensemble_size 1 --split_type scaffold_balanced --split_sizes 0.8 0.1 0.1 --smiles_columns SMILES --ignore_columns Name --gpu 0
Args
{'activation': 'ReLU',
 'aggregation': 'mean',
 'aggregation_norm': 100,
 'atom_descriptor_scaling': True,
 'atom_descriptors': None,
 'atom_descriptors_path': None,
 'atom_descriptors_size': 0,
 'atom_features_size': 0,
 'atom_messages': False,
 'batch_size': 50,
 'bias': False,
 'bond_feature_scaling': True,
 'bond_features_path': None,
 'bond_features_size': 0,
 'cache_cutoff': 10000,
 'checkpoint_dir': None,
 'checkpoint_path': None,
 'checkpoint_paths': None,
 'class_balance': False,
 'config_path': None,
 'crossval_index_dir': None,
 'crossval_index_file': None,
 'crossval_index_sets': None,
 'cuda': True,
 'data_path': 'round3finalval08162021_TRAIN.csv',
 'dataset_type': 'classification',
 'depth': 5,
 'device': device(type='cuda', index=0),
 'dropout': 0.1,
 'empty_cache': False,
 'ensemble_size': 1,
 'epochs': 30,
 'explicit_h': False,
 'extra_metrics': [],
 'features_generator': None,
 'features_only': False,
 'features_path': ['round3finalval08162021_TRAINFTS.npz'],
 'features_scaling': False,
 'features_size': None,
 'ffn_hidden_size': 300,
 'ffn_num_layers': 1,
 'final_lr': 0.0001,
 'folds_file': None,
 'gpu': 0,
 'grad_clip': None,
 'hidden_size': 300,
 'ignore_columns': ['Name'],
 'init_lr': 0.0001,
 'log_frequency': 10,
 'max_data_size': None,
 'max_lr': 0.001,
 'metric': 'auc',
 'metrics': ['auc'],
 'minimize_score': False,
 'mpn_shared': False,
 'multiclass_num_classes': 3,
 'no_atom_descriptor_scaling': False,
 'no_bond_features_scaling': False,
 'no_cache_mol': False,
 'no_cuda': False,
 'no_features_scaling': True,
 'num_folds': 3,
 'num_lrs': 1,
 'num_tasks': 2,
 'num_workers': 8,
 'number_of_molecules': 1,
 'overwrite_default_atom_features': False,
 'overwrite_default_bond_features': False,
 'pytorch_seed': 0,
 'quiet': False,
 'reaction': False,
 'reaction_mode': 'reac_diff',
 'resume_experiment': False,
 'save_dir': 'round3finalval08162021_models/74',
 'save_preds': False,
 'save_smiles_splits': False,
 'seed': 0,
 'separate_test_atom_descriptors_path': None,
 'separate_test_bond_features_path': None,
 'separate_test_features_path': None,
 'separate_test_path': None,
 'separate_val_atom_descriptors_path': None,
 'separate_val_bond_features_path': None,
 'separate_val_features_path': None,
 'separate_val_path': None,
 'show_individual_scores': False,
 'smiles_columns': ['SMILES'],
 'split_sizes': (0.8, 0.1, 0.1),
 'split_type': 'scaffold_balanced',
 'target_columns': None,
 'task_names': ['hit_inh', 'hit_kill'],
 'test': False,
 'test_fold_index': None,
 'train_data_size': None,
 'undirected': False,
 'use_input_features': True,
 'val_fold_index': None,
 'warmup_epochs': 2.0}
Loading data
Warning: 23 SMILES are invalid.
Number of tasks = 2
Fold 0
Splitting data with seed 0
Total scaffolds = 3,467 | train scaffolds = 2,650 | val scaffolds = 433 | test scaffolds = 384
Label averages per scaffold, in decreasing order of scaffold frequency,capped at 10 scaffolds and 20 labels:
Scaffold 0
Task 0: count = 381 | target average = 0.018373
Task 1: count = 381 | target average = 0.013123


Scaffold 1
Task 0: count = 305 | target average = 0.009836
Task 1: count = 305 | target average = 0.016393


Scaffold 2
Task 0: count = 36 | target average = 0.000000
Task 1: count = 36 | target average = 0.000000


Scaffold 3
Task 0: count = 29 | target average = 0.000000
Task 1: count = 29 | target average = 0.000000


Scaffold 4
Task 0: count = 26 | target average = 0.000000
Task 1: count = 26 | target average = 0.000000


Scaffold 5
Task 0: count = 23 | target average = 0.000000
Task 1: count = 23 | target average = 0.000000


Scaffold 6
Task 0: count = 22 | target average = 0.090909
Task 1: count = 22 | target average = 0.090909


Scaffold 7
Task 0: count = 20 | target average = 0.000000
Task 1: count = 20 | target average = 0.000000


Scaffold 8
Task 0: count = 20 | target average = 0.000000
Task 1: count = 20 | target average = 0.000000


Scaffold 9
Task 0: count = 20 | target average = 0.050000
Task 1: count = 20 | target average = 0.000000


Class sizes
hit_inh 0: 97.83%, 1: 2.17%
hit_kill 0: 98.64%, 1: 1.36%
Total size = 5,353 | train size = 4,282 | val size = 535 | test size = 536
Building model 0
MoleculeModel(
  (sigmoid): Sigmoid()
  (encoder): MPN(
    (encoder): ModuleList(
      (0): MPNEncoder(
        (dropout_layer): Dropout(p=0.1, inplace=False)
        (act_func): ReLU()
        (W_i): Linear(in_features=147, out_features=300, bias=False)
        (W_h): Linear(in_features=300, out_features=300, bias=False)
        (W_o): Linear(in_features=433, out_features=300, bias=True)
      )
    )
  )
  (ffn): Sequential(
    (0): Dropout(p=0.1, inplace=False)
    (1): Linear(in_features=500, out_features=2, bias=True)
  )
)
Number of parameters = 265,302
Moving model to cuda
Epoch 0
Loss = 3.3506e-01, PNorm = 29.2443, GNorm = 0.3601, lr_0 = 1.5824e-04
Loss = 1.2408e-01, PNorm = 29.2528, GNorm = 0.8047, lr_0 = 2.1118e-04
Loss = 1.1213e-01, PNorm = 29.2559, GNorm = 1.3942, lr_0 = 2.6412e-04
Loss = 1.2748e-01, PNorm = 29.2547, GNorm = 0.2385, lr_0 = 3.1706e-04
Loss = 1.0970e-01, PNorm = 29.2587, GNorm = 0.4617, lr_0 = 3.7000e-04
Loss = 6.7676e-02, PNorm = 29.2667, GNorm = 0.2395, lr_0 = 4.2294e-04
Loss = 7.5152e-02, PNorm = 29.2723, GNorm = 0.3610, lr_0 = 4.7588e-04
Loss = 7.1467e-02, PNorm = 29.2789, GNorm = 0.1630, lr_0 = 5.2882e-04
Validation auc = 0.359201
Epoch 1
Loss = 4.1216e-02, PNorm = 29.2967, GNorm = 0.1863, lr_0 = 5.8706e-04
Loss = 1.0574e-01, PNorm = 29.3032, GNorm = 0.3229, lr_0 = 6.4000e-04
Loss = 9.1202e-02, PNorm = 29.3236, GNorm = 0.2524, lr_0 = 6.9294e-04
Loss = 1.0185e-01, PNorm = 29.3344, GNorm = 0.3145, lr_0 = 7.4588e-04
Loss = 9.3226e-02, PNorm = 29.3583, GNorm = 0.1848, lr_0 = 7.9882e-04
Loss = 6.3605e-02, PNorm = 29.3833, GNorm = 0.2703, lr_0 = 8.5176e-04
Loss = 9.9978e-02, PNorm = 29.3977, GNorm = 0.1611, lr_0 = 9.0471e-04
Loss = 9.8738e-02, PNorm = 29.4115, GNorm = 0.1797, lr_0 = 9.5765e-04
Loss = 1.0921e-01, PNorm = 29.4422, GNorm = 0.1953, lr_0 = 9.9807e-04
Validation auc = 0.616618
Epoch 2
Loss = 7.1672e-02, PNorm = 29.4828, GNorm = 0.0740, lr_0 = 9.8846e-04
Loss = 6.8645e-02, PNorm = 29.4992, GNorm = 0.2006, lr_0 = 9.7894e-04
Loss = 7.4239e-02, PNorm = 29.5351, GNorm = 0.1571, lr_0 = 9.6952e-04
Loss = 8.2970e-02, PNorm = 29.5570, GNorm = 0.5649, lr_0 = 9.6018e-04
Loss = 7.5639e-02, PNorm = 29.5996, GNorm = 0.1641, lr_0 = 9.5094e-04
Loss = 8.9665e-02, PNorm = 29.6254, GNorm = 0.1708, lr_0 = 9.4178e-04
Loss = 1.4032e-01, PNorm = 29.6567, GNorm = 0.5144, lr_0 = 9.3271e-04
Loss = 6.5526e-02, PNorm = 29.6991, GNorm = 0.2805, lr_0 = 9.2373e-04
Validation auc = 0.712403
Epoch 3
Loss = 7.4058e-02, PNorm = 29.7271, GNorm = 0.1704, lr_0 = 9.1395e-04
Loss = 1.0117e-01, PNorm = 29.7569, GNorm = 0.2551, lr_0 = 9.0515e-04
Loss = 8.6065e-02, PNorm = 29.8002, GNorm = 0.5983, lr_0 = 8.9644e-04
Loss = 7.8580e-02, PNorm = 29.8387, GNorm = 0.1964, lr_0 = 8.8781e-04
Loss = 7.8860e-02, PNorm = 29.8741, GNorm = 0.3734, lr_0 = 8.7926e-04
Loss = 8.1429e-02, PNorm = 29.8978, GNorm = 0.1356, lr_0 = 8.7080e-04
Loss = 5.6625e-02, PNorm = 29.9495, GNorm = 0.1100, lr_0 = 8.6241e-04
Loss = 7.1467e-02, PNorm = 29.9860, GNorm = 0.1770, lr_0 = 8.5411e-04
Loss = 9.0221e-02, PNorm = 30.0192, GNorm = 0.1394, lr_0 = 8.4588e-04
Validation auc = 0.765722
Epoch 4
Loss = 6.7411e-02, PNorm = 30.0586, GNorm = 0.1579, lr_0 = 8.3774e-04
Loss = 6.1187e-02, PNorm = 30.1076, GNorm = 0.1410, lr_0 = 8.2967e-04
Loss = 8.9924e-02, PNorm = 30.1388, GNorm = 0.1864, lr_0 = 8.2169e-04
Loss = 9.0168e-02, PNorm = 30.1769, GNorm = 0.4407, lr_0 = 8.1377e-04
Loss = 9.8085e-02, PNorm = 30.2157, GNorm = 0.1507, lr_0 = 8.0594e-04
Loss = 5.8307e-02, PNorm = 30.2733, GNorm = 0.0992, lr_0 = 7.9818e-04
Loss = 6.6887e-02, PNorm = 30.3009, GNorm = 0.1467, lr_0 = 7.9050e-04
Loss = 6.5428e-02, PNorm = 30.3398, GNorm = 0.0991, lr_0 = 7.8288e-04
Validation auc = 0.820554
Epoch 5
Loss = 7.6709e-02, PNorm = 30.3766, GNorm = 0.1852, lr_0 = 7.7535e-04
Loss = 5.4127e-02, PNorm = 30.4184, GNorm = 0.1126, lr_0 = 7.6788e-04
Loss = 1.1415e-01, PNorm = 30.4478, GNorm = 0.4047, lr_0 = 7.6049e-04
Loss = 8.9724e-02, PNorm = 30.5098, GNorm = 0.2271, lr_0 = 7.5317e-04
Loss = 5.4862e-02, PNorm = 30.5727, GNorm = 0.1793, lr_0 = 7.4591e-04
Loss = 6.1000e-02, PNorm = 30.6255, GNorm = 0.3563, lr_0 = 7.3873e-04
Loss = 9.2679e-02, PNorm = 30.6285, GNorm = 0.1787, lr_0 = 7.3162e-04
Loss = 3.7642e-02, PNorm = 30.6650, GNorm = 0.0784, lr_0 = 7.2458e-04
Loss = 8.0289e-02, PNorm = 30.6855, GNorm = 0.1397, lr_0 = 7.1760e-04
Validation auc = 0.876580
Epoch 6
Loss = 3.8257e-02, PNorm = 30.7471, GNorm = 0.1487, lr_0 = 7.1000e-04
Loss = 6.6534e-02, PNorm = 30.7837, GNorm = 0.1173, lr_0 = 7.0317e-04
Loss = 6.2034e-02, PNorm = 30.8245, GNorm = 0.0877, lr_0 = 6.9640e-04
Loss = 6.0710e-02, PNorm = 30.8583, GNorm = 0.1258, lr_0 = 6.8969e-04
Loss = 6.3470e-02, PNorm = 30.8882, GNorm = 0.1845, lr_0 = 6.8305e-04
Loss = 7.1783e-02, PNorm = 30.9094, GNorm = 0.1271, lr_0 = 6.7648e-04
Loss = 6.9441e-02, PNorm = 30.9330, GNorm = 0.2506, lr_0 = 6.6996e-04
Loss = 6.7728e-02, PNorm = 30.9682, GNorm = 0.3482, lr_0 = 6.6351e-04
Validation auc = 0.908214
Epoch 7
Loss = 6.4705e-02, PNorm = 31.0117, GNorm = 0.2369, lr_0 = 6.5712e-04
Loss = 7.4245e-02, PNorm = 31.0468, GNorm = 0.3959, lr_0 = 6.5080e-04
Loss = 6.6798e-02, PNorm = 31.0984, GNorm = 0.1182, lr_0 = 6.4453e-04
Loss = 4.6398e-02, PNorm = 31.1506, GNorm = 0.2231, lr_0 = 6.3833e-04
Loss = 4.8565e-02, PNorm = 31.1863, GNorm = 0.2515, lr_0 = 6.3218e-04
Loss = 7.2493e-02, PNorm = 31.2052, GNorm = 0.2837, lr_0 = 6.2609e-04
Loss = 4.2966e-02, PNorm = 31.2426, GNorm = 0.2303, lr_0 = 6.2006e-04
Loss = 5.0038e-02, PNorm = 31.2679, GNorm = 0.1466, lr_0 = 6.1409e-04
Loss = 6.8090e-02, PNorm = 31.2943, GNorm = 0.3309, lr_0 = 6.0818e-04
Validation auc = 0.919155
Epoch 8
Loss = 4.1017e-02, PNorm = 31.3044, GNorm = 0.1128, lr_0 = 6.0233e-04
Loss = 6.5415e-02, PNorm = 31.3332, GNorm = 0.2690, lr_0 = 5.9653e-04
Loss = 6.2395e-02, PNorm = 31.3734, GNorm = 0.1183, lr_0 = 5.9078e-04
Loss = 4.5917e-02, PNorm = 31.4070, GNorm = 0.3062, lr_0 = 5.8510e-04
Loss = 6.0359e-02, PNorm = 31.4251, GNorm = 0.3395, lr_0 = 5.7946e-04
Loss = 5.4407e-02, PNorm = 31.4584, GNorm = 0.1521, lr_0 = 5.7388e-04
Loss = 3.7222e-02, PNorm = 31.4992, GNorm = 0.1442, lr_0 = 5.6836e-04
Loss = 9.0034e-02, PNorm = 31.5207, GNorm = 0.3094, lr_0 = 5.6289e-04
Loss = 7.7885e-02, PNorm = 31.5522, GNorm = 0.2460, lr_0 = 5.5747e-04
Loss = 1.4480e-02, PNorm = 31.5545, GNorm = 0.1496, lr_0 = 5.5693e-04
Validation auc = 0.902539
Epoch 9
Loss = 6.9992e-02, PNorm = 31.5842, GNorm = 0.2506, lr_0 = 5.5156e-04
Loss = 4.3102e-02, PNorm = 31.6391, GNorm = 0.0928, lr_0 = 5.4625e-04
Loss = 3.3595e-02, PNorm = 31.6711, GNorm = 0.0536, lr_0 = 5.4100e-04
Loss = 4.8714e-02, PNorm = 31.6833, GNorm = 0.3467, lr_0 = 5.3579e-04
Loss = 4.5325e-02, PNorm = 31.7043, GNorm = 0.1292, lr_0 = 5.3063e-04
Loss = 6.9605e-02, PNorm = 31.7097, GNorm = 0.2455, lr_0 = 5.2552e-04
Loss = 6.1060e-02, PNorm = 31.7482, GNorm = 0.1744, lr_0 = 5.2046e-04
Loss = 6.6484e-02, PNorm = 31.7764, GNorm = 0.3906, lr_0 = 5.1545e-04
Validation auc = 0.918482
Epoch 10
Loss = 4.9007e-02, PNorm = 31.8010, GNorm = 0.5584, lr_0 = 5.1049e-04
Loss = 4.5990e-02, PNorm = 31.8268, GNorm = 0.2021, lr_0 = 5.0557e-04
Loss = 5.9370e-02, PNorm = 31.8465, GNorm = 0.2078, lr_0 = 5.0070e-04
Loss = 6.2853e-02, PNorm = 31.8704, GNorm = 0.3435, lr_0 = 4.9588e-04
Loss = 4.5573e-02, PNorm = 31.8952, GNorm = 0.1849, lr_0 = 4.9111e-04
Loss = 4.2519e-02, PNorm = 31.9246, GNorm = 0.2156, lr_0 = 4.8638e-04
Loss = 7.6299e-02, PNorm = 31.9418, GNorm = 0.5047, lr_0 = 4.8170e-04
Loss = 3.9099e-02, PNorm = 31.9756, GNorm = 0.1511, lr_0 = 4.7706e-04
Loss = 5.3672e-02, PNorm = 31.9894, GNorm = 0.1362, lr_0 = 4.7247e-04
Validation auc = 0.964040
Epoch 11
Loss = 3.9025e-02, PNorm = 32.0170, GNorm = 0.1561, lr_0 = 4.6792e-04
Loss = 6.1226e-02, PNorm = 32.0274, GNorm = 0.3253, lr_0 = 4.6341e-04
Loss = 5.2565e-02, PNorm = 32.0483, GNorm = 0.4906, lr_0 = 4.5895e-04
Loss = 4.8575e-02, PNorm = 32.0695, GNorm = 0.1066, lr_0 = 4.5453e-04
Loss = 5.1952e-02, PNorm = 32.0896, GNorm = 0.1734, lr_0 = 4.5015e-04
Loss = 5.4195e-02, PNorm = 32.1133, GNorm = 0.3676, lr_0 = 4.4582e-04
Loss = 5.7115e-02, PNorm = 32.1306, GNorm = 0.1538, lr_0 = 4.4153e-04
Loss = 3.4121e-02, PNorm = 32.1504, GNorm = 0.2529, lr_0 = 4.3728e-04
Validation auc = 0.955012
Epoch 12
Loss = 3.1327e-02, PNorm = 32.1761, GNorm = 0.0670, lr_0 = 4.3265e-04
Loss = 4.7916e-02, PNorm = 32.1968, GNorm = 0.5937, lr_0 = 4.2848e-04
Loss = 4.5383e-02, PNorm = 32.2210, GNorm = 0.2157, lr_0 = 4.2436e-04
Loss = 6.4873e-02, PNorm = 32.2430, GNorm = 0.2155, lr_0 = 4.2027e-04
Loss = 2.6662e-02, PNorm = 32.2746, GNorm = 0.0818, lr_0 = 4.1622e-04
Loss = 5.1802e-02, PNorm = 32.2866, GNorm = 0.3546, lr_0 = 4.1222e-04
Loss = 4.9101e-02, PNorm = 32.2965, GNorm = 0.1479, lr_0 = 4.0825e-04
Loss = 5.6742e-02, PNorm = 32.3176, GNorm = 0.1415, lr_0 = 4.0432e-04
Loss = 5.0697e-02, PNorm = 32.3298, GNorm = 0.2314, lr_0 = 4.0042e-04
Validation auc = 0.955760
Epoch 13
Loss = 4.3099e-02, PNorm = 32.3424, GNorm = 0.1841, lr_0 = 3.9657e-04
Loss = 5.7993e-02, PNorm = 32.3651, GNorm = 0.1507, lr_0 = 3.9275e-04
Loss = 4.5829e-02, PNorm = 32.3864, GNorm = 0.2180, lr_0 = 3.8897e-04
Loss = 2.1543e-02, PNorm = 32.4198, GNorm = 0.0352, lr_0 = 3.8522e-04
Loss = 7.0557e-02, PNorm = 32.4224, GNorm = 0.2842, lr_0 = 3.8152e-04
Loss = 4.1077e-02, PNorm = 32.4440, GNorm = 0.2201, lr_0 = 3.7784e-04
Loss = 5.3794e-02, PNorm = 32.4549, GNorm = 0.4383, lr_0 = 3.7420e-04
Loss = 5.0317e-02, PNorm = 32.4669, GNorm = 0.2420, lr_0 = 3.7060e-04
Validation auc = 0.957868
Epoch 14
Loss = 3.8157e-02, PNorm = 32.4875, GNorm = 0.2545, lr_0 = 3.6668e-04
Loss = 4.9951e-02, PNorm = 32.4977, GNorm = 0.2223, lr_0 = 3.6315e-04
Loss = 4.6297e-02, PNorm = 32.5167, GNorm = 0.4522, lr_0 = 3.5965e-04
Loss = 4.2331e-02, PNorm = 32.5393, GNorm = 0.4411, lr_0 = 3.5619e-04
Loss = 2.0346e-02, PNorm = 32.5506, GNorm = 0.1258, lr_0 = 3.5276e-04
Loss = 4.4947e-02, PNorm = 32.5625, GNorm = 0.2956, lr_0 = 3.4936e-04
Loss = 6.6382e-02, PNorm = 32.5628, GNorm = 0.4200, lr_0 = 3.4600e-04
Loss = 3.6814e-02, PNorm = 32.5845, GNorm = 0.2075, lr_0 = 3.4267e-04
Loss = 5.3204e-02, PNorm = 32.6023, GNorm = 0.2464, lr_0 = 3.3937e-04
Validation auc = 0.971508
Epoch 15
Loss = 4.8454e-02, PNorm = 32.6179, GNorm = 0.2974, lr_0 = 3.3610e-04
Loss = 3.1099e-02, PNorm = 32.6425, GNorm = 0.1687, lr_0 = 3.3287e-04
Loss = 3.6522e-02, PNorm = 32.6551, GNorm = 0.2477, lr_0 = 3.2966e-04
Loss = 4.4058e-02, PNorm = 32.6643, GNorm = 0.2608, lr_0 = 3.2649e-04
Loss = 4.7070e-02, PNorm = 32.6801, GNorm = 0.3021, lr_0 = 3.2334e-04
Loss = 2.7238e-02, PNorm = 32.6970, GNorm = 0.1806, lr_0 = 3.2023e-04
Loss = 4.5907e-02, PNorm = 32.7066, GNorm = 0.2561, lr_0 = 3.1715e-04
Loss = 5.5211e-02, PNorm = 32.7209, GNorm = 0.2790, lr_0 = 3.1409e-04
Loss = 4.7633e-02, PNorm = 32.7346, GNorm = 0.2488, lr_0 = 3.1107e-04
Validation auc = 0.968642
Epoch 16
Loss = 3.7304e-02, PNorm = 32.7475, GNorm = 0.3775, lr_0 = 3.0807e-04
Loss = 5.7083e-02, PNorm = 32.7518, GNorm = 0.2149, lr_0 = 3.0511e-04
Loss = 2.3552e-02, PNorm = 32.7721, GNorm = 0.2430, lr_0 = 3.0217e-04
Loss = 4.8801e-02, PNorm = 32.7778, GNorm = 0.4381, lr_0 = 2.9926e-04
Loss = 3.7482e-02, PNorm = 32.7875, GNorm = 0.1185, lr_0 = 2.9638e-04
Loss = 4.5109e-02, PNorm = 32.8019, GNorm = 0.2765, lr_0 = 2.9353e-04
Loss = 3.7150e-02, PNorm = 32.8134, GNorm = 0.1649, lr_0 = 2.9070e-04
Loss = 2.6934e-02, PNorm = 32.8261, GNorm = 0.1707, lr_0 = 2.8790e-04
Validation auc = 0.942932
Epoch 17
Loss = 2.4420e-02, PNorm = 32.8406, GNorm = 0.1607, lr_0 = 2.8485e-04
Loss = 4.3975e-02, PNorm = 32.8526, GNorm = 0.3930, lr_0 = 2.8211e-04
Loss = 3.4619e-02, PNorm = 32.8618, GNorm = 0.3727, lr_0 = 2.7939e-04
Loss = 4.4541e-02, PNorm = 32.8765, GNorm = 0.1865, lr_0 = 2.7670e-04
Loss = 2.8916e-02, PNorm = 32.8870, GNorm = 0.3260, lr_0 = 2.7404e-04
Loss = 4.8378e-02, PNorm = 32.8931, GNorm = 0.1947, lr_0 = 2.7140e-04
Loss = 5.2338e-02, PNorm = 32.9028, GNorm = 0.2472, lr_0 = 2.6879e-04
Loss = 2.6138e-02, PNorm = 32.9187, GNorm = 0.2107, lr_0 = 2.6620e-04
Loss = 2.7512e-02, PNorm = 32.9289, GNorm = 0.3279, lr_0 = 2.6364e-04
Validation auc = 0.970410
Epoch 18
Loss = 5.0683e-02, PNorm = 32.9268, GNorm = 0.5828, lr_0 = 2.6110e-04
Loss = 4.0241e-02, PNorm = 32.9441, GNorm = 0.1571, lr_0 = 2.5859e-04
Loss = 3.4409e-02, PNorm = 32.9547, GNorm = 0.2949, lr_0 = 2.5610e-04
Loss = 1.6145e-02, PNorm = 32.9692, GNorm = 0.0916, lr_0 = 2.5363e-04
Loss = 2.7325e-02, PNorm = 32.9805, GNorm = 0.7631, lr_0 = 2.5119e-04
Loss = 4.3527e-02, PNorm = 32.9820, GNorm = 0.1759, lr_0 = 2.4877e-04
Loss = 4.2287e-02, PNorm = 32.9906, GNorm = 0.4379, lr_0 = 2.4638e-04
Loss = 4.1771e-02, PNorm = 33.0008, GNorm = 0.0564, lr_0 = 2.4400e-04
Validation auc = 0.969644
Epoch 19
Loss = 3.4277e-02, PNorm = 33.0065, GNorm = 0.2539, lr_0 = 2.4165e-04
Loss = 3.9245e-02, PNorm = 33.0187, GNorm = 0.0832, lr_0 = 2.3933e-04
Loss = 2.4777e-02, PNorm = 33.0317, GNorm = 0.0822, lr_0 = 2.3702e-04
Loss = 4.3059e-02, PNorm = 33.0361, GNorm = 0.4258, lr_0 = 2.3474e-04
Loss = 3.7886e-02, PNorm = 33.0430, GNorm = 0.2746, lr_0 = 2.3248e-04
Loss = 3.6344e-02, PNorm = 33.0588, GNorm = 0.2254, lr_0 = 2.3024e-04
Loss = 4.4576e-02, PNorm = 33.0661, GNorm = 0.4731, lr_0 = 2.2803e-04
Loss = 2.6055e-02, PNorm = 33.0750, GNorm = 0.1252, lr_0 = 2.2583e-04
Loss = 3.8180e-02, PNorm = 33.0871, GNorm = 0.2659, lr_0 = 2.2366e-04
Validation auc = 0.969484
Epoch 20
Loss = 2.0837e-02, PNorm = 33.0978, GNorm = 0.2493, lr_0 = 2.2129e-04
Loss = 3.7970e-02, PNorm = 33.1033, GNorm = 0.2843, lr_0 = 2.1916e-04
Loss = 2.9013e-02, PNorm = 33.1154, GNorm = 0.3870, lr_0 = 2.1705e-04
Loss = 3.3881e-02, PNorm = 33.1257, GNorm = 0.5809, lr_0 = 2.1496e-04
Loss = 1.8341e-02, PNorm = 33.1275, GNorm = 0.0558, lr_0 = 2.1289e-04
Loss = 3.3169e-02, PNorm = 33.1328, GNorm = 0.0739, lr_0 = 2.1084e-04
Loss = 4.8352e-02, PNorm = 33.1387, GNorm = 0.2476, lr_0 = 2.0881e-04
Loss = 5.1977e-02, PNorm = 33.1456, GNorm = 0.5830, lr_0 = 2.0680e-04
Validation auc = 0.955818
Epoch 21
Loss = 3.9521e-02, PNorm = 33.1552, GNorm = 0.1519, lr_0 = 2.0481e-04
Loss = 2.9284e-02, PNorm = 33.1644, GNorm = 0.1146, lr_0 = 2.0283e-04
Loss = 3.6484e-02, PNorm = 33.1746, GNorm = 0.2465, lr_0 = 2.0088e-04
Loss = 2.2609e-02, PNorm = 33.1877, GNorm = 0.1688, lr_0 = 1.9895e-04
Loss = 3.6226e-02, PNorm = 33.1943, GNorm = 0.1775, lr_0 = 1.9703e-04
Loss = 2.9367e-02, PNorm = 33.1995, GNorm = 0.2678, lr_0 = 1.9514e-04
Loss = 4.4939e-02, PNorm = 33.2075, GNorm = 0.5641, lr_0 = 1.9326e-04
Loss = 3.1474e-02, PNorm = 33.2134, GNorm = 0.3686, lr_0 = 1.9140e-04
Loss = 2.7770e-02, PNorm = 33.2226, GNorm = 0.2689, lr_0 = 1.8955e-04
Validation auc = 0.973201
Epoch 22
Loss = 3.0877e-02, PNorm = 33.2265, GNorm = 0.1153, lr_0 = 1.8773e-04
Loss = 2.4750e-02, PNorm = 33.2339, GNorm = 0.1108, lr_0 = 1.8592e-04
Loss = 3.6046e-02, PNorm = 33.2401, GNorm = 0.0942, lr_0 = 1.8413e-04
Loss = 3.3915e-02, PNorm = 33.2432, GNorm = 0.1261, lr_0 = 1.8236e-04
Loss = 3.7264e-02, PNorm = 33.2478, GNorm = 0.4810, lr_0 = 1.8060e-04
Loss = 3.8826e-02, PNorm = 33.2583, GNorm = 0.1810, lr_0 = 1.7886e-04
Loss = 2.1883e-02, PNorm = 33.2685, GNorm = 0.1145, lr_0 = 1.7714e-04
Loss = 2.5827e-02, PNorm = 33.2750, GNorm = 0.1577, lr_0 = 1.7544e-04
Validation auc = 0.964548
Epoch 23
Loss = 6.6730e-02, PNorm = 33.2815, GNorm = 0.3515, lr_0 = 1.7358e-04
Loss = 2.9290e-02, PNorm = 33.2914, GNorm = 0.2887, lr_0 = 1.7191e-04
Loss = 3.0794e-02, PNorm = 33.2965, GNorm = 0.1086, lr_0 = 1.7025e-04
Loss = 2.2935e-02, PNorm = 33.2990, GNorm = 0.2831, lr_0 = 1.6861e-04
Loss = 3.2102e-02, PNorm = 33.3066, GNorm = 0.3822, lr_0 = 1.6699e-04
Loss = 3.0127e-02, PNorm = 33.3109, GNorm = 0.2508, lr_0 = 1.6538e-04
Loss = 3.5854e-02, PNorm = 33.3185, GNorm = 0.1405, lr_0 = 1.6379e-04
Loss = 3.7525e-02, PNorm = 33.3210, GNorm = 0.5112, lr_0 = 1.6221e-04
Loss = 2.7369e-02, PNorm = 33.3279, GNorm = 0.1104, lr_0 = 1.6065e-04
Validation auc = 0.966868
Epoch 24
Loss = 2.7124e-02, PNorm = 33.3363, GNorm = 0.6139, lr_0 = 1.5910e-04
Loss = 2.6453e-02, PNorm = 33.3457, GNorm = 0.0627, lr_0 = 1.5757e-04
Loss = 2.4552e-02, PNorm = 33.3529, GNorm = 0.2787, lr_0 = 1.5605e-04
Loss = 2.3918e-02, PNorm = 33.3593, GNorm = 0.1764, lr_0 = 1.5455e-04
Loss = 4.4934e-02, PNorm = 33.3603, GNorm = 0.2159, lr_0 = 1.5306e-04
Loss = 3.7102e-02, PNorm = 33.3604, GNorm = 0.9353, lr_0 = 1.5159e-04
Loss = 3.5795e-02, PNorm = 33.3700, GNorm = 0.1514, lr_0 = 1.5013e-04
Loss = 2.1884e-02, PNorm = 33.3763, GNorm = 0.0356, lr_0 = 1.4869e-04
Loss = 2.6809e-02, PNorm = 33.3777, GNorm = 0.1404, lr_0 = 1.4725e-04
Validation auc = 0.966998
Epoch 25
Loss = 2.0690e-02, PNorm = 33.3815, GNorm = 0.3216, lr_0 = 1.4584e-04
Loss = 3.0115e-02, PNorm = 33.3871, GNorm = 0.3681, lr_0 = 1.4443e-04
Loss = 1.6591e-02, PNorm = 33.3985, GNorm = 0.0631, lr_0 = 1.4304e-04
Loss = 4.1961e-02, PNorm = 33.4035, GNorm = 0.3429, lr_0 = 1.4166e-04
Loss = 2.3753e-02, PNorm = 33.4103, GNorm = 0.6455, lr_0 = 1.4030e-04
Loss = 1.8334e-02, PNorm = 33.4144, GNorm = 0.1029, lr_0 = 1.3895e-04
Loss = 3.2257e-02, PNorm = 33.4159, GNorm = 0.1807, lr_0 = 1.3761e-04
Loss = 4.5879e-02, PNorm = 33.4181, GNorm = 0.5667, lr_0 = 1.3629e-04
Validation auc = 0.945652
Epoch 26
Loss = 3.6816e-02, PNorm = 33.4221, GNorm = 0.1715, lr_0 = 1.3484e-04
Loss = 2.2898e-02, PNorm = 33.4261, GNorm = 0.2738, lr_0 = 1.3355e-04
Loss = 3.3602e-02, PNorm = 33.4292, GNorm = 0.1850, lr_0 = 1.3226e-04
Loss = 3.3599e-02, PNorm = 33.4365, GNorm = 0.1469, lr_0 = 1.3099e-04
Loss = 3.6611e-02, PNorm = 33.4414, GNorm = 0.1925, lr_0 = 1.2973e-04
Loss = 2.8265e-02, PNorm = 33.4433, GNorm = 0.8498, lr_0 = 1.2848e-04
Loss = 2.4585e-02, PNorm = 33.4475, GNorm = 0.3870, lr_0 = 1.2724e-04
Loss = 2.2750e-02, PNorm = 33.4536, GNorm = 0.2662, lr_0 = 1.2601e-04
Loss = 1.4595e-02, PNorm = 33.4595, GNorm = 0.2452, lr_0 = 1.2480e-04
Validation auc = 0.964447
Epoch 27
Loss = 1.4602e-02, PNorm = 33.4633, GNorm = 0.3083, lr_0 = 1.2360e-04
Loss = 2.8695e-02, PNorm = 33.4662, GNorm = 0.5922, lr_0 = 1.2241e-04
Loss = 2.8102e-02, PNorm = 33.4725, GNorm = 0.3760, lr_0 = 1.2123e-04
Loss = 2.5595e-02, PNorm = 33.4786, GNorm = 0.6622, lr_0 = 1.2006e-04
Loss = 3.7288e-02, PNorm = 33.4814, GNorm = 0.7060, lr_0 = 1.1891e-04
Loss = 2.2275e-02, PNorm = 33.4850, GNorm = 0.3706, lr_0 = 1.1776e-04
Loss = 2.1689e-02, PNorm = 33.4912, GNorm = 0.1173, lr_0 = 1.1663e-04
Loss = 3.0811e-02, PNorm = 33.4920, GNorm = 0.7140, lr_0 = 1.1551e-04
Validation auc = 0.971637
Epoch 28
Loss = 3.9152e-02, PNorm = 33.4918, GNorm = 0.3039, lr_0 = 1.1428e-04
Loss = 2.7648e-02, PNorm = 33.4964, GNorm = 0.6920, lr_0 = 1.1318e-04
Loss = 2.0447e-02, PNorm = 33.5016, GNorm = 0.0959, lr_0 = 1.1209e-04
Loss = 3.6527e-02, PNorm = 33.5027, GNorm = 0.2736, lr_0 = 1.1101e-04
Loss = 1.2788e-02, PNorm = 33.5101, GNorm = 0.1077, lr_0 = 1.0995e-04
Loss = 2.4212e-02, PNorm = 33.5147, GNorm = 0.0282, lr_0 = 1.0889e-04
Loss = 2.6092e-02, PNorm = 33.5155, GNorm = 0.1318, lr_0 = 1.0784e-04
Loss = 2.1296e-02, PNorm = 33.5194, GNorm = 0.2910, lr_0 = 1.0680e-04
Loss = 4.2628e-02, PNorm = 33.5190, GNorm = 0.3583, lr_0 = 1.0577e-04
Validation auc = 0.963610
Epoch 29
Loss = 2.4889e-02, PNorm = 33.5240, GNorm = 0.2273, lr_0 = 1.0475e-04
Loss = 1.7705e-02, PNorm = 33.5303, GNorm = 0.4105, lr_0 = 1.0374e-04
Loss = 2.2691e-02, PNorm = 33.5327, GNorm = 0.0639, lr_0 = 1.0275e-04
Loss = 2.7844e-02, PNorm = 33.5340, GNorm = 0.3881, lr_0 = 1.0176e-04
Loss = 3.1956e-02, PNorm = 33.5384, GNorm = 0.6958, lr_0 = 1.0078e-04
Loss = 2.8529e-02, PNorm = 33.5396, GNorm = 0.3150, lr_0 = 1.0000e-04
Loss = 2.3982e-02, PNorm = 33.5425, GNorm = 0.1168, lr_0 = 1.0000e-04
Loss = 3.9141e-02, PNorm = 33.5436, GNorm = 0.5233, lr_0 = 1.0000e-04
Validation auc = 0.967348
Model 0 best validation auc = 0.973201 on epoch 21
Loading pretrained parameter "encoder.encoder.0.cached_zero_vector".
Loading pretrained parameter "encoder.encoder.0.W_i.weight".
Loading pretrained parameter "encoder.encoder.0.W_h.weight".
Loading pretrained parameter "encoder.encoder.0.W_o.weight".
Loading pretrained parameter "encoder.encoder.0.W_o.bias".
Loading pretrained parameter "ffn.1.weight".
Loading pretrained parameter "ffn.1.bias".
Moving model to cuda
Model 0 test auc = 0.713807
Ensemble test auc = 0.713807
Fold 1
Splitting data with seed 1
Total scaffolds = 3,467 | train scaffolds = 2,658 | val scaffolds = 399 | test scaffolds = 410
Label averages per scaffold, in decreasing order of scaffold frequency,capped at 10 scaffolds and 20 labels:
Scaffold 0
Task 0: count = 381 | target average = 0.018373
Task 1: count = 381 | target average = 0.013123


Scaffold 1
Task 0: count = 305 | target average = 0.009836
Task 1: count = 305 | target average = 0.016393


Scaffold 2
Task 0: count = 36 | target average = 0.000000
Task 1: count = 36 | target average = 0.000000


Scaffold 3
Task 0: count = 29 | target average = 0.000000
Task 1: count = 29 | target average = 0.000000


Scaffold 4
Task 0: count = 26 | target average = 0.000000
Task 1: count = 26 | target average = 0.000000


Scaffold 5
Task 0: count = 23 | target average = 0.000000
Task 1: count = 23 | target average = 0.000000


Scaffold 6
Task 0: count = 22 | target average = 0.090909
Task 1: count = 22 | target average = 0.090909


Scaffold 7
Task 0: count = 20 | target average = 0.050000
Task 1: count = 20 | target average = 0.000000


Scaffold 8
Task 0: count = 20 | target average = 0.000000
Task 1: count = 20 | target average = 0.000000


Scaffold 9
Task 0: count = 20 | target average = 0.000000
Task 1: count = 20 | target average = 0.000000


Class sizes
hit_inh 0: 97.83%, 1: 2.17%
hit_kill 0: 98.64%, 1: 1.36%
Total size = 5,353 | train size = 4,282 | val size = 535 | test size = 536
Building model 0
MoleculeModel(
  (sigmoid): Sigmoid()
  (encoder): MPN(
    (encoder): ModuleList(
      (0): MPNEncoder(
        (dropout_layer): Dropout(p=0.1, inplace=False)
        (act_func): ReLU()
        (W_i): Linear(in_features=147, out_features=300, bias=False)
        (W_h): Linear(in_features=300, out_features=300, bias=False)
        (W_o): Linear(in_features=433, out_features=300, bias=True)
      )
    )
  )
  (ffn): Sequential(
    (0): Dropout(p=0.1, inplace=False)
    (1): Linear(in_features=500, out_features=2, bias=True)
  )
)
Number of parameters = 265,302
Moving model to cuda
Epoch 0
Loss = 3.0051e-01, PNorm = 29.2444, GNorm = 1.1740, lr_0 = 1.5824e-04
Loss = 1.1492e-01, PNorm = 29.2530, GNorm = 0.7332, lr_0 = 2.1118e-04
Loss = 9.8366e-02, PNorm = 29.2568, GNorm = 1.3646, lr_0 = 2.6412e-04
Loss = 9.9270e-02, PNorm = 29.2566, GNorm = 0.3904, lr_0 = 3.1706e-04
Loss = 9.6650e-02, PNorm = 29.2586, GNorm = 0.1632, lr_0 = 3.7000e-04
Loss = 1.2492e-01, PNorm = 29.2612, GNorm = 0.2504, lr_0 = 4.2294e-04
Loss = 1.1756e-01, PNorm = 29.2706, GNorm = 0.1760, lr_0 = 4.7588e-04
Loss = 1.1259e-01, PNorm = 29.2764, GNorm = 0.1498, lr_0 = 5.2882e-04
Validation auc = 0.492047
Epoch 1
Loss = 5.5401e-02, PNorm = 29.2934, GNorm = 0.3743, lr_0 = 5.8706e-04
Loss = 1.0872e-01, PNorm = 29.3026, GNorm = 0.2044, lr_0 = 6.4000e-04
Loss = 1.1290e-01, PNorm = 29.3163, GNorm = 0.1816, lr_0 = 6.9294e-04
Loss = 8.5613e-02, PNorm = 29.3338, GNorm = 0.1144, lr_0 = 7.4588e-04
Loss = 6.9410e-02, PNorm = 29.3465, GNorm = 0.2633, lr_0 = 7.9882e-04
Loss = 6.7756e-02, PNorm = 29.3567, GNorm = 0.1278, lr_0 = 8.5176e-04
Loss = 8.9174e-02, PNorm = 29.3696, GNorm = 0.3105, lr_0 = 9.0471e-04
Loss = 9.0767e-02, PNorm = 29.3918, GNorm = 0.1532, lr_0 = 9.5765e-04
Loss = 1.1450e-01, PNorm = 29.4136, GNorm = 0.2816, lr_0 = 9.9807e-04
Validation auc = 0.700865
Epoch 2
Loss = 8.3870e-02, PNorm = 29.4402, GNorm = 0.1211, lr_0 = 9.8846e-04
Loss = 1.0539e-01, PNorm = 29.4704, GNorm = 0.2383, lr_0 = 9.7894e-04
Loss = 9.0698e-02, PNorm = 29.5117, GNorm = 0.2313, lr_0 = 9.6952e-04
Loss = 9.1260e-02, PNorm = 29.5347, GNorm = 0.1610, lr_0 = 9.6018e-04
Loss = 5.4204e-02, PNorm = 29.5686, GNorm = 0.1083, lr_0 = 9.5094e-04
Loss = 7.2008e-02, PNorm = 29.5896, GNorm = 0.1204, lr_0 = 9.4178e-04
Loss = 9.2829e-02, PNorm = 29.6112, GNorm = 0.1715, lr_0 = 9.3271e-04
Loss = 8.3020e-02, PNorm = 29.6479, GNorm = 0.3561, lr_0 = 9.2373e-04
Validation auc = 0.800140
Epoch 3
Loss = 1.1741e-01, PNorm = 29.6699, GNorm = 0.2327, lr_0 = 9.1395e-04
Loss = 9.7648e-02, PNorm = 29.7072, GNorm = 0.2789, lr_0 = 9.0515e-04
Loss = 5.1140e-02, PNorm = 29.7408, GNorm = 0.1531, lr_0 = 8.9644e-04
Loss = 6.9485e-02, PNorm = 29.7724, GNorm = 0.3156, lr_0 = 8.8781e-04
Loss = 7.9656e-02, PNorm = 29.7988, GNorm = 0.1005, lr_0 = 8.7926e-04
Loss = 7.8187e-02, PNorm = 29.8363, GNorm = 0.2696, lr_0 = 8.7080e-04
Loss = 8.2261e-02, PNorm = 29.8622, GNorm = 0.2532, lr_0 = 8.6241e-04
Loss = 1.1028e-01, PNorm = 29.8791, GNorm = 0.1499, lr_0 = 8.5411e-04
Loss = 7.3736e-02, PNorm = 29.9095, GNorm = 0.1240, lr_0 = 8.4588e-04
Validation auc = 0.753977
Epoch 4
Loss = 5.0569e-02, PNorm = 29.9377, GNorm = 0.1169, lr_0 = 8.3774e-04
Loss = 8.0122e-02, PNorm = 29.9686, GNorm = 0.4269, lr_0 = 8.2967e-04
Loss = 1.0286e-01, PNorm = 30.0071, GNorm = 0.1460, lr_0 = 8.2169e-04
Loss = 7.4139e-02, PNorm = 30.0510, GNorm = 0.2889, lr_0 = 8.1377e-04
Loss = 1.0141e-01, PNorm = 30.0652, GNorm = 0.2145, lr_0 = 8.0594e-04
Loss = 6.7458e-02, PNorm = 30.1068, GNorm = 0.2308, lr_0 = 7.9818e-04
Loss = 9.2877e-02, PNorm = 30.1278, GNorm = 0.0973, lr_0 = 7.9050e-04
Loss = 9.6178e-02, PNorm = 30.1476, GNorm = 0.1860, lr_0 = 7.8288e-04
Validation auc = 0.845288
Epoch 5
Loss = 5.7082e-02, PNorm = 30.1898, GNorm = 0.1516, lr_0 = 7.7535e-04
Loss = 7.6413e-02, PNorm = 30.2167, GNorm = 0.1183, lr_0 = 7.6788e-04
Loss = 6.2243e-02, PNorm = 30.2539, GNorm = 0.2069, lr_0 = 7.6049e-04
Loss = 5.8541e-02, PNorm = 30.2811, GNorm = 0.3079, lr_0 = 7.5317e-04
Loss = 8.2045e-02, PNorm = 30.2916, GNorm = 0.1158, lr_0 = 7.4591e-04
Loss = 8.4091e-02, PNorm = 30.3281, GNorm = 0.3071, lr_0 = 7.3873e-04
Loss = 9.2986e-02, PNorm = 30.3628, GNorm = 0.2942, lr_0 = 7.3162e-04
Loss = 7.7200e-02, PNorm = 30.4073, GNorm = 0.1181, lr_0 = 7.2458e-04
Loss = 7.9831e-02, PNorm = 30.4326, GNorm = 0.1427, lr_0 = 7.1760e-04
Validation auc = 0.858878
Epoch 6
Loss = 8.6957e-02, PNorm = 30.4660, GNorm = 0.1509, lr_0 = 7.1000e-04
Loss = 9.2961e-02, PNorm = 30.5059, GNorm = 0.1480, lr_0 = 7.0317e-04
Loss = 5.3231e-02, PNorm = 30.5503, GNorm = 0.1338, lr_0 = 6.9640e-04
Loss = 5.1540e-02, PNorm = 30.5855, GNorm = 0.2621, lr_0 = 6.8969e-04
Loss = 6.4246e-02, PNorm = 30.6129, GNorm = 0.1000, lr_0 = 6.8305e-04
Loss = 6.8227e-02, PNorm = 30.6420, GNorm = 0.1068, lr_0 = 6.7648e-04
Loss = 6.4267e-02, PNorm = 30.6794, GNorm = 0.3489, lr_0 = 6.6996e-04
Loss = 9.9342e-02, PNorm = 30.7081, GNorm = 0.2218, lr_0 = 6.6351e-04
Validation auc = 0.872909
Epoch 7
Loss = 3.5067e-02, PNorm = 30.7469, GNorm = 0.1281, lr_0 = 6.5712e-04
Loss = 5.7693e-02, PNorm = 30.7965, GNorm = 0.1277, lr_0 = 6.5080e-04
Loss = 8.4135e-02, PNorm = 30.8205, GNorm = 0.4890, lr_0 = 6.4453e-04
Loss = 9.8146e-02, PNorm = 30.8600, GNorm = 0.1192, lr_0 = 6.3833e-04
Loss = 7.2584e-02, PNorm = 30.9065, GNorm = 0.2275, lr_0 = 6.3218e-04
Loss = 5.5931e-02, PNorm = 30.9594, GNorm = 0.2761, lr_0 = 6.2609e-04
Loss = 6.3738e-02, PNorm = 31.0007, GNorm = 0.1689, lr_0 = 6.2006e-04
Loss = 6.2576e-02, PNorm = 31.0450, GNorm = 0.3216, lr_0 = 6.1409e-04
Loss = 6.4735e-02, PNorm = 31.0624, GNorm = 0.2911, lr_0 = 6.0818e-04
Validation auc = 0.873093
Epoch 8
Loss = 3.7251e-02, PNorm = 31.0970, GNorm = 0.0908, lr_0 = 6.0233e-04
Loss = 6.2721e-02, PNorm = 31.1266, GNorm = 0.2048, lr_0 = 5.9653e-04
Loss = 6.4597e-02, PNorm = 31.1498, GNorm = 0.1091, lr_0 = 5.9078e-04
Loss = 5.3062e-02, PNorm = 31.1729, GNorm = 0.1672, lr_0 = 5.8510e-04
Loss = 4.9600e-02, PNorm = 31.2071, GNorm = 0.0985, lr_0 = 5.7946e-04
Loss = 7.2451e-02, PNorm = 31.2312, GNorm = 0.1801, lr_0 = 5.7388e-04
Loss = 5.9217e-02, PNorm = 31.2686, GNorm = 0.1933, lr_0 = 5.6836e-04
Loss = 7.0748e-02, PNorm = 31.3031, GNorm = 0.1387, lr_0 = 5.6289e-04
Loss = 1.0011e-01, PNorm = 31.3248, GNorm = 0.3567, lr_0 = 5.5747e-04
Loss = 1.9003e-02, PNorm = 31.3282, GNorm = 0.1720, lr_0 = 5.5693e-04
Validation auc = 0.866523
Epoch 9
Loss = 4.2890e-02, PNorm = 31.3620, GNorm = 0.1088, lr_0 = 5.5156e-04
Loss = 7.0016e-02, PNorm = 31.3912, GNorm = 0.2303, lr_0 = 5.4625e-04
Loss = 7.9623e-02, PNorm = 31.4192, GNorm = 0.1507, lr_0 = 5.4100e-04
Loss = 6.2939e-02, PNorm = 31.4622, GNorm = 0.5640, lr_0 = 5.3579e-04
Loss = 7.0276e-02, PNorm = 31.4738, GNorm = 0.1698, lr_0 = 5.3063e-04
Loss = 5.1402e-02, PNorm = 31.5093, GNorm = 0.1185, lr_0 = 5.2552e-04
Loss = 4.8635e-02, PNorm = 31.5426, GNorm = 0.2279, lr_0 = 5.2046e-04
Loss = 7.3611e-02, PNorm = 31.5757, GNorm = 0.1804, lr_0 = 5.1545e-04
Validation auc = 0.868054
Epoch 10
Loss = 3.6903e-02, PNorm = 31.6117, GNorm = 0.1759, lr_0 = 5.1049e-04
Loss = 4.3281e-02, PNorm = 31.6563, GNorm = 0.0846, lr_0 = 5.0557e-04
Loss = 3.6219e-02, PNorm = 31.7008, GNorm = 0.2315, lr_0 = 5.0070e-04
Loss = 7.1536e-02, PNorm = 31.7264, GNorm = 0.4581, lr_0 = 4.9588e-04
Loss = 7.6793e-02, PNorm = 31.7386, GNorm = 0.5827, lr_0 = 4.9111e-04
Loss = 8.7399e-02, PNorm = 31.7636, GNorm = 0.3677, lr_0 = 4.8638e-04
Loss = 5.3794e-02, PNorm = 31.7915, GNorm = 0.1461, lr_0 = 4.8170e-04
Loss = 5.9137e-02, PNorm = 31.8144, GNorm = 0.1697, lr_0 = 4.7706e-04
Loss = 6.1763e-02, PNorm = 31.8397, GNorm = 0.1930, lr_0 = 4.7247e-04
Validation auc = 0.860893
Epoch 11
Loss = 4.5026e-02, PNorm = 31.8675, GNorm = 0.0487, lr_0 = 4.6792e-04
Loss = 2.3901e-02, PNorm = 31.8949, GNorm = 0.4773, lr_0 = 4.6341e-04
Loss = 4.5976e-02, PNorm = 31.9156, GNorm = 0.1816, lr_0 = 4.5895e-04
Loss = 7.4849e-02, PNorm = 31.9307, GNorm = 0.2050, lr_0 = 4.5453e-04
Loss = 5.8742e-02, PNorm = 31.9574, GNorm = 0.1216, lr_0 = 4.5015e-04
Loss = 4.0515e-02, PNorm = 31.9834, GNorm = 0.1101, lr_0 = 4.4582e-04
Loss = 8.0747e-02, PNorm = 32.0051, GNorm = 0.4438, lr_0 = 4.4153e-04
Loss = 3.5643e-02, PNorm = 32.0412, GNorm = 0.2134, lr_0 = 4.3728e-04
Validation auc = 0.878129
Epoch 12
Loss = 3.9595e-02, PNorm = 32.0650, GNorm = 0.4171, lr_0 = 4.3265e-04
Loss = 3.7673e-02, PNorm = 32.1074, GNorm = 0.2234, lr_0 = 4.2848e-04
Loss = 4.5719e-02, PNorm = 32.1281, GNorm = 0.2528, lr_0 = 4.2436e-04
Loss = 2.4663e-02, PNorm = 32.1498, GNorm = 0.1420, lr_0 = 4.2027e-04
Loss = 6.5599e-02, PNorm = 32.1637, GNorm = 0.6181, lr_0 = 4.1622e-04
Loss = 5.5767e-02, PNorm = 32.1798, GNorm = 0.2253, lr_0 = 4.1222e-04
Loss = 8.6402e-02, PNorm = 32.1996, GNorm = 0.4465, lr_0 = 4.0825e-04
Loss = 5.8259e-02, PNorm = 32.2391, GNorm = 0.3574, lr_0 = 4.0432e-04
Loss = 5.8354e-02, PNorm = 32.2613, GNorm = 0.5412, lr_0 = 4.0042e-04
Validation auc = 0.855720
Epoch 13
Loss = 4.2413e-02, PNorm = 32.2805, GNorm = 0.3857, lr_0 = 3.9657e-04
Loss = 3.5026e-02, PNorm = 32.3119, GNorm = 0.0282, lr_0 = 3.9275e-04
Loss = 4.5411e-02, PNorm = 32.3251, GNorm = 0.1990, lr_0 = 3.8897e-04
Loss = 4.2201e-02, PNorm = 32.3424, GNorm = 0.4549, lr_0 = 3.8522e-04
Loss = 4.9210e-02, PNorm = 32.3577, GNorm = 0.2526, lr_0 = 3.8152e-04
Loss = 4.6285e-02, PNorm = 32.3726, GNorm = 0.3504, lr_0 = 3.7784e-04
Loss = 6.5139e-02, PNorm = 32.3856, GNorm = 0.2733, lr_0 = 3.7420e-04
Loss = 5.1070e-02, PNorm = 32.4033, GNorm = 0.2705, lr_0 = 3.7060e-04
Validation auc = 0.870266
Epoch 14
Loss = 3.3279e-02, PNorm = 32.4242, GNorm = 0.1878, lr_0 = 3.6668e-04
Loss = 3.7024e-02, PNorm = 32.4535, GNorm = 0.1945, lr_0 = 3.6315e-04
Loss = 7.2358e-02, PNorm = 32.4781, GNorm = 0.3041, lr_0 = 3.5965e-04
Loss = 3.3335e-02, PNorm = 32.5080, GNorm = 0.3583, lr_0 = 3.5619e-04
Loss = 3.6810e-02, PNorm = 32.5249, GNorm = 0.1601, lr_0 = 3.5276e-04
Loss = 4.0192e-02, PNorm = 32.5437, GNorm = 0.2161, lr_0 = 3.4936e-04
Loss = 7.4823e-02, PNorm = 32.5502, GNorm = 0.3429, lr_0 = 3.4600e-04
Loss = 5.3145e-02, PNorm = 32.5731, GNorm = 0.4246, lr_0 = 3.4267e-04
Loss = 3.3958e-02, PNorm = 32.5912, GNorm = 0.2066, lr_0 = 3.3937e-04
Validation auc = 0.854957
Epoch 15
Loss = 6.7580e-02, PNorm = 32.6021, GNorm = 0.2143, lr_0 = 3.3610e-04
Loss = 3.3069e-02, PNorm = 32.6225, GNorm = 0.1068, lr_0 = 3.3287e-04
Loss = 5.8172e-02, PNorm = 32.6293, GNorm = 0.3840, lr_0 = 3.2966e-04
Loss = 4.4722e-02, PNorm = 32.6329, GNorm = 0.1456, lr_0 = 3.2649e-04
Loss = 3.1529e-02, PNorm = 32.6531, GNorm = 0.2933, lr_0 = 3.2334e-04
Loss = 4.2574e-02, PNorm = 32.6704, GNorm = 0.0847, lr_0 = 3.2023e-04
Loss = 4.9126e-02, PNorm = 32.6841, GNorm = 0.3953, lr_0 = 3.1715e-04
Loss = 4.7433e-02, PNorm = 32.7048, GNorm = 0.1516, lr_0 = 3.1409e-04
Loss = 4.5400e-02, PNorm = 32.7249, GNorm = 0.1801, lr_0 = 3.1107e-04
Validation auc = 0.870233
Epoch 16
Loss = 4.6336e-02, PNorm = 32.7400, GNorm = 0.2918, lr_0 = 3.0807e-04
Loss = 2.9099e-02, PNorm = 32.7566, GNorm = 0.1280, lr_0 = 3.0511e-04
Loss = 5.8713e-02, PNorm = 32.7608, GNorm = 0.2085, lr_0 = 3.0217e-04
Loss = 4.2573e-02, PNorm = 32.7795, GNorm = 0.1599, lr_0 = 2.9926e-04
Loss = 5.1141e-02, PNorm = 32.7944, GNorm = 0.1517, lr_0 = 2.9638e-04
Loss = 5.8200e-02, PNorm = 32.8140, GNorm = 0.3373, lr_0 = 2.9353e-04
Loss = 4.0054e-02, PNorm = 32.8382, GNorm = 0.7362, lr_0 = 2.9070e-04
Loss = 2.0748e-02, PNorm = 32.8521, GNorm = 0.1980, lr_0 = 2.8790e-04
Validation auc = 0.855710
Epoch 17
Loss = 3.4986e-02, PNorm = 32.8674, GNorm = 0.0733, lr_0 = 2.8485e-04
Loss = 4.8196e-02, PNorm = 32.8796, GNorm = 0.4555, lr_0 = 2.8211e-04
Loss = 5.0780e-02, PNorm = 32.8938, GNorm = 0.2441, lr_0 = 2.7939e-04
Loss = 4.0679e-02, PNorm = 32.9041, GNorm = 0.2671, lr_0 = 2.7670e-04
Loss = 2.7559e-02, PNorm = 32.9212, GNorm = 0.2271, lr_0 = 2.7404e-04
Loss = 2.8693e-02, PNorm = 32.9274, GNorm = 0.2051, lr_0 = 2.7140e-04
Loss = 4.7217e-02, PNorm = 32.9343, GNorm = 0.6118, lr_0 = 2.6879e-04
Loss = 3.8411e-02, PNorm = 32.9458, GNorm = 0.2783, lr_0 = 2.6620e-04
Loss = 4.5883e-02, PNorm = 32.9560, GNorm = 0.3792, lr_0 = 2.6364e-04
Validation auc = 0.862898
Epoch 18
Loss = 3.2208e-02, PNorm = 32.9697, GNorm = 0.0947, lr_0 = 2.6110e-04
Loss = 4.0619e-02, PNorm = 32.9795, GNorm = 0.3692, lr_0 = 2.5859e-04
Loss = 5.5836e-02, PNorm = 32.9937, GNorm = 0.3515, lr_0 = 2.5610e-04
Loss = 3.6709e-02, PNorm = 33.0130, GNorm = 0.5760, lr_0 = 2.5363e-04
Loss = 5.4374e-02, PNorm = 33.0166, GNorm = 0.5236, lr_0 = 2.5119e-04
Loss = 3.9347e-02, PNorm = 33.0336, GNorm = 0.0691, lr_0 = 2.4877e-04
Loss = 3.9954e-02, PNorm = 33.0395, GNorm = 0.1892, lr_0 = 2.4638e-04
Loss = 3.0604e-02, PNorm = 33.0484, GNorm = 0.3756, lr_0 = 2.4400e-04
Validation auc = 0.852563
Epoch 19
Loss = 3.1418e-02, PNorm = 33.0621, GNorm = 0.2013, lr_0 = 2.4165e-04
Loss = 3.3599e-02, PNorm = 33.0723, GNorm = 0.2450, lr_0 = 2.3933e-04
Loss = 3.7522e-02, PNorm = 33.0818, GNorm = 0.1021, lr_0 = 2.3702e-04
Loss = 2.6377e-02, PNorm = 33.0930, GNorm = 0.4506, lr_0 = 2.3474e-04
Loss = 2.4089e-02, PNorm = 33.1054, GNorm = 0.3578, lr_0 = 2.3248e-04
Loss = 6.0302e-02, PNorm = 33.1116, GNorm = 0.1707, lr_0 = 2.3024e-04
Loss = 4.9994e-02, PNorm = 33.1247, GNorm = 0.7322, lr_0 = 2.2803e-04
Loss = 2.7611e-02, PNorm = 33.1351, GNorm = 0.3001, lr_0 = 2.2583e-04
Loss = 3.1745e-02, PNorm = 33.1426, GNorm = 0.1750, lr_0 = 2.2366e-04
Validation auc = 0.850457
Epoch 20
Loss = 3.1863e-02, PNorm = 33.1544, GNorm = 0.2678, lr_0 = 2.2129e-04
Loss = 2.9933e-02, PNorm = 33.1624, GNorm = 0.0984, lr_0 = 2.1916e-04
Loss = 4.0061e-02, PNorm = 33.1717, GNorm = 0.2483, lr_0 = 2.1705e-04
Loss = 2.2741e-02, PNorm = 33.1822, GNorm = 0.1280, lr_0 = 2.1496e-04
Loss = 4.8304e-02, PNorm = 33.1894, GNorm = 0.3248, lr_0 = 2.1289e-04
Loss = 3.6948e-02, PNorm = 33.1978, GNorm = 0.3956, lr_0 = 2.1084e-04
Loss = 2.3739e-02, PNorm = 33.2099, GNorm = 0.2630, lr_0 = 2.0881e-04
Loss = 3.7126e-02, PNorm = 33.2177, GNorm = 0.5733, lr_0 = 2.0680e-04
Validation auc = 0.864462
Epoch 21
Loss = 3.4366e-02, PNorm = 33.2171, GNorm = 0.5456, lr_0 = 2.0481e-04
Loss = 3.6261e-02, PNorm = 33.2344, GNorm = 0.4463, lr_0 = 2.0283e-04
Loss = 2.9788e-02, PNorm = 33.2383, GNorm = 0.1338, lr_0 = 2.0088e-04
Loss = 5.1274e-02, PNorm = 33.2378, GNorm = 0.2250, lr_0 = 1.9895e-04
Loss = 3.5867e-02, PNorm = 33.2477, GNorm = 0.1935, lr_0 = 1.9703e-04
Loss = 4.1640e-02, PNorm = 33.2587, GNorm = 0.1889, lr_0 = 1.9514e-04
Loss = 3.3549e-02, PNorm = 33.2684, GNorm = 0.3358, lr_0 = 1.9326e-04
Loss = 2.4995e-02, PNorm = 33.2772, GNorm = 0.1887, lr_0 = 1.9140e-04
Loss = 3.5816e-02, PNorm = 33.2853, GNorm = 0.6306, lr_0 = 1.8955e-04
Validation auc = 0.850080
Epoch 22
Loss = 1.1888e-02, PNorm = 33.2942, GNorm = 0.3007, lr_0 = 1.8773e-04
Loss = 4.4690e-02, PNorm = 33.2978, GNorm = 0.2163, lr_0 = 1.8592e-04
Loss = 1.6927e-02, PNorm = 33.3081, GNorm = 0.1769, lr_0 = 1.8413e-04
Loss = 2.6943e-02, PNorm = 33.3160, GNorm = 0.1087, lr_0 = 1.8236e-04
Loss = 4.1495e-02, PNorm = 33.3152, GNorm = 0.4175, lr_0 = 1.8060e-04
Loss = 3.1738e-02, PNorm = 33.3266, GNorm = 0.1717, lr_0 = 1.7886e-04
Loss = 5.0357e-02, PNorm = 33.3367, GNorm = 0.4703, lr_0 = 1.7714e-04
Loss = 3.9651e-02, PNorm = 33.3410, GNorm = 0.2595, lr_0 = 1.7544e-04
Validation auc = 0.840158
Epoch 23
Loss = 6.3691e-02, PNorm = 33.3536, GNorm = 0.4606, lr_0 = 1.7358e-04
Loss = 2.9647e-02, PNorm = 33.3599, GNorm = 0.5819, lr_0 = 1.7191e-04
Loss = 5.3219e-02, PNorm = 33.3578, GNorm = 0.4079, lr_0 = 1.7025e-04
Loss = 2.0253e-02, PNorm = 33.3680, GNorm = 0.1225, lr_0 = 1.6861e-04
Loss = 2.6730e-02, PNorm = 33.3740, GNorm = 0.0776, lr_0 = 1.6699e-04
Loss = 2.0937e-02, PNorm = 33.3803, GNorm = 0.3652, lr_0 = 1.6538e-04
Loss = 2.3617e-02, PNorm = 33.3863, GNorm = 0.3751, lr_0 = 1.6379e-04
Loss = 3.6840e-02, PNorm = 33.3888, GNorm = 0.3373, lr_0 = 1.6221e-04
Loss = 3.9614e-02, PNorm = 33.3975, GNorm = 0.2093, lr_0 = 1.6065e-04
Validation auc = 0.848369
Epoch 24
Loss = 4.6701e-02, PNorm = 33.4024, GNorm = 0.2826, lr_0 = 1.5910e-04
Loss = 2.0354e-02, PNorm = 33.4133, GNorm = 0.1515, lr_0 = 1.5757e-04
Loss = 4.2381e-02, PNorm = 33.4170, GNorm = 0.4517, lr_0 = 1.5605e-04
Loss = 2.3775e-02, PNorm = 33.4224, GNorm = 0.1373, lr_0 = 1.5455e-04
Loss = 3.2932e-02, PNorm = 33.4291, GNorm = 0.1496, lr_0 = 1.5306e-04
Loss = 2.0663e-02, PNorm = 33.4370, GNorm = 0.1727, lr_0 = 1.5159e-04
Loss = 3.7044e-02, PNorm = 33.4437, GNorm = 0.3553, lr_0 = 1.5013e-04
Loss = 2.8741e-02, PNorm = 33.4454, GNorm = 0.1215, lr_0 = 1.4869e-04
Loss = 3.0055e-02, PNorm = 33.4528, GNorm = 0.2176, lr_0 = 1.4725e-04
Validation auc = 0.847521
Epoch 25
Loss = 3.8135e-02, PNorm = 33.4599, GNorm = 0.4892, lr_0 = 1.4584e-04
Loss = 2.2287e-02, PNorm = 33.4684, GNorm = 0.3170, lr_0 = 1.4443e-04
Loss = 3.0374e-02, PNorm = 33.4739, GNorm = 0.5708, lr_0 = 1.4304e-04
Loss = 4.0937e-02, PNorm = 33.4746, GNorm = 0.3778, lr_0 = 1.4166e-04
Loss = 2.0707e-02, PNorm = 33.4826, GNorm = 0.3062, lr_0 = 1.4030e-04
Loss = 3.3410e-02, PNorm = 33.4845, GNorm = 0.1598, lr_0 = 1.3895e-04
Loss = 2.1862e-02, PNorm = 33.4898, GNorm = 0.1947, lr_0 = 1.3761e-04
Loss = 2.4980e-02, PNorm = 33.4929, GNorm = 0.4724, lr_0 = 1.3629e-04
Validation auc = 0.844202
Epoch 26
Loss = 3.2091e-02, PNorm = 33.4953, GNorm = 0.3889, lr_0 = 1.3484e-04
Loss = 3.0131e-02, PNorm = 33.5059, GNorm = 0.7176, lr_0 = 1.3355e-04
Loss = 1.6088e-02, PNorm = 33.5118, GNorm = 0.2129, lr_0 = 1.3226e-04
Loss = 2.2627e-02, PNorm = 33.5143, GNorm = 0.0818, lr_0 = 1.3099e-04
Loss = 4.4336e-02, PNorm = 33.5162, GNorm = 0.2212, lr_0 = 1.2973e-04
Loss = 3.1760e-02, PNorm = 33.5245, GNorm = 0.2350, lr_0 = 1.2848e-04
Loss = 2.0382e-02, PNorm = 33.5307, GNorm = 0.0574, lr_0 = 1.2724e-04
Loss = 4.1425e-02, PNorm = 33.5319, GNorm = 0.3880, lr_0 = 1.2601e-04
Loss = 1.6864e-02, PNorm = 33.5352, GNorm = 0.2778, lr_0 = 1.2480e-04
Validation auc = 0.850232
Epoch 27
Loss = 2.4011e-02, PNorm = 33.5379, GNorm = 0.3216, lr_0 = 1.2360e-04
Loss = 1.3722e-02, PNorm = 33.5433, GNorm = 0.1414, lr_0 = 1.2241e-04
Loss = 2.1248e-02, PNorm = 33.5487, GNorm = 0.5844, lr_0 = 1.2123e-04
Loss = 1.2259e-02, PNorm = 33.5542, GNorm = 0.0498, lr_0 = 1.2006e-04
Loss = 2.7274e-02, PNorm = 33.5568, GNorm = 0.2235, lr_0 = 1.1891e-04
Loss = 3.8876e-02, PNorm = 33.5617, GNorm = 0.5346, lr_0 = 1.1776e-04
Loss = 2.5204e-02, PNorm = 33.5670, GNorm = 0.2865, lr_0 = 1.1663e-04
Loss = 2.5562e-02, PNorm = 33.5724, GNorm = 0.4844, lr_0 = 1.1551e-04
Validation auc = 0.840352
Epoch 28
Loss = 5.2989e-02, PNorm = 33.5727, GNorm = 0.2835, lr_0 = 1.1428e-04
Loss = 1.5515e-02, PNorm = 33.5762, GNorm = 0.1269, lr_0 = 1.1318e-04
Loss = 3.5389e-02, PNorm = 33.5819, GNorm = 0.4264, lr_0 = 1.1209e-04
Loss = 2.5826e-02, PNorm = 33.5858, GNorm = 0.0966, lr_0 = 1.1101e-04
Loss = 1.9777e-02, PNorm = 33.5885, GNorm = 0.0891, lr_0 = 1.0995e-04
Loss = 2.7730e-02, PNorm = 33.5910, GNorm = 0.0988, lr_0 = 1.0889e-04
Loss = 3.6374e-02, PNorm = 33.5938, GNorm = 0.2034, lr_0 = 1.0784e-04
Loss = 3.2991e-02, PNorm = 33.5967, GNorm = 0.1651, lr_0 = 1.0680e-04
Loss = 2.3077e-02, PNorm = 33.6019, GNorm = 0.3406, lr_0 = 1.0577e-04
Validation auc = 0.838790
Epoch 29
Loss = 3.4374e-02, PNorm = 33.6050, GNorm = 0.4300, lr_0 = 1.0475e-04
Loss = 2.2230e-02, PNorm = 33.6084, GNorm = 0.5616, lr_0 = 1.0374e-04
Loss = 3.1895e-02, PNorm = 33.6104, GNorm = 0.2414, lr_0 = 1.0275e-04
Loss = 1.6057e-02, PNorm = 33.6157, GNorm = 0.4929, lr_0 = 1.0176e-04
Loss = 2.0060e-02, PNorm = 33.6201, GNorm = 0.0752, lr_0 = 1.0078e-04
Loss = 3.2064e-02, PNorm = 33.6207, GNorm = 0.1796, lr_0 = 1.0000e-04
Loss = 3.5405e-02, PNorm = 33.6243, GNorm = 0.5288, lr_0 = 1.0000e-04
Loss = 1.8182e-02, PNorm = 33.6283, GNorm = 0.1075, lr_0 = 1.0000e-04
Validation auc = 0.843319
Model 0 best validation auc = 0.878129 on epoch 11
Loading pretrained parameter "encoder.encoder.0.cached_zero_vector".
Loading pretrained parameter "encoder.encoder.0.W_i.weight".
Loading pretrained parameter "encoder.encoder.0.W_h.weight".
Loading pretrained parameter "encoder.encoder.0.W_o.weight".
Loading pretrained parameter "encoder.encoder.0.W_o.bias".
Loading pretrained parameter "ffn.1.weight".
Loading pretrained parameter "ffn.1.bias".
Moving model to cuda
Model 0 test auc = 0.810814
Ensemble test auc = 0.810814
Fold 2
Splitting data with seed 2
Total scaffolds = 3,467 | train scaffolds = 2,630 | val scaffolds = 419 | test scaffolds = 418
Label averages per scaffold, in decreasing order of scaffold frequency,capped at 10 scaffolds and 20 labels:
Scaffold 0
Task 0: count = 381 | target average = 0.018373
Task 1: count = 381 | target average = 0.013123


Scaffold 1
Task 0: count = 305 | target average = 0.009836
Task 1: count = 305 | target average = 0.016393


Scaffold 2
Task 0: count = 36 | target average = 0.000000
Task 1: count = 36 | target average = 0.000000


Scaffold 3
Task 0: count = 29 | target average = 0.000000
Task 1: count = 29 | target average = 0.000000


Scaffold 4
Task 0: count = 26 | target average = 0.000000
Task 1: count = 26 | target average = 0.000000


Scaffold 5
Task 0: count = 23 | target average = 0.000000
Task 1: count = 23 | target average = 0.000000


Scaffold 6
Task 0: count = 22 | target average = 0.090909
Task 1: count = 22 | target average = 0.090909


Scaffold 7
Task 0: count = 20 | target average = 0.000000
Task 1: count = 20 | target average = 0.000000


Scaffold 8
Task 0: count = 20 | target average = 0.000000
Task 1: count = 20 | target average = 0.000000


Scaffold 9
Task 0: count = 20 | target average = 0.050000
Task 1: count = 20 | target average = 0.000000


Class sizes
hit_inh 0: 97.83%, 1: 2.17%
hit_kill 0: 98.64%, 1: 1.36%
Total size = 5,353 | train size = 4,282 | val size = 535 | test size = 536
Building model 0
MoleculeModel(
  (sigmoid): Sigmoid()
  (encoder): MPN(
    (encoder): ModuleList(
      (0): MPNEncoder(
        (dropout_layer): Dropout(p=0.1, inplace=False)
        (act_func): ReLU()
        (W_i): Linear(in_features=147, out_features=300, bias=False)
        (W_h): Linear(in_features=300, out_features=300, bias=False)
        (W_o): Linear(in_features=433, out_features=300, bias=True)
      )
    )
  )
  (ffn): Sequential(
    (0): Dropout(p=0.1, inplace=False)
    (1): Linear(in_features=500, out_features=2, bias=True)
  )
)
Number of parameters = 265,302
Moving model to cuda
Epoch 0
Loss = 2.9624e-01, PNorm = 29.2446, GNorm = 0.9855, lr_0 = 1.5824e-04
Loss = 8.1015e-02, PNorm = 29.2546, GNorm = 0.2929, lr_0 = 2.1118e-04
Loss = 1.4527e-01, PNorm = 29.2578, GNorm = 0.8069, lr_0 = 2.6412e-04
Loss = 1.1544e-01, PNorm = 29.2567, GNorm = 0.1916, lr_0 = 3.1706e-04
Loss = 9.1374e-02, PNorm = 29.2594, GNorm = 0.3820, lr_0 = 3.7000e-04
Loss = 1.1553e-01, PNorm = 29.2648, GNorm = 0.2428, lr_0 = 4.2294e-04
Loss = 1.0060e-01, PNorm = 29.2746, GNorm = 0.4316, lr_0 = 4.7588e-04
Loss = 8.1438e-02, PNorm = 29.2827, GNorm = 0.2259, lr_0 = 5.2882e-04
Validation auc = 0.460252
Epoch 1
Loss = 6.7180e-02, PNorm = 29.2964, GNorm = 0.2949, lr_0 = 5.8706e-04
Loss = 8.3206e-02, PNorm = 29.3082, GNorm = 0.7472, lr_0 = 6.4000e-04
Loss = 5.1000e-02, PNorm = 29.3223, GNorm = 0.2614, lr_0 = 6.9294e-04
Loss = 1.2851e-01, PNorm = 29.3327, GNorm = 0.5704, lr_0 = 7.4588e-04
Loss = 8.2638e-02, PNorm = 29.3542, GNorm = 0.3790, lr_0 = 7.9882e-04
Loss = 9.7512e-02, PNorm = 29.3676, GNorm = 0.2676, lr_0 = 8.5176e-04
Loss = 1.1460e-01, PNorm = 29.3830, GNorm = 0.1167, lr_0 = 9.0471e-04
Loss = 1.2066e-01, PNorm = 29.4013, GNorm = 0.2048, lr_0 = 9.5765e-04
Loss = 6.2691e-02, PNorm = 29.4436, GNorm = 0.0921, lr_0 = 9.9807e-04
Validation auc = 0.697292
Epoch 2
Loss = 9.0225e-02, PNorm = 29.4535, GNorm = 0.2752, lr_0 = 9.8846e-04
Loss = 8.1896e-02, PNorm = 29.4844, GNorm = 0.4532, lr_0 = 9.7894e-04
Loss = 1.0328e-01, PNorm = 29.4982, GNorm = 0.1172, lr_0 = 9.6952e-04
Loss = 8.4509e-02, PNorm = 29.5224, GNorm = 0.5012, lr_0 = 9.6018e-04
Loss = 1.1298e-01, PNorm = 29.5456, GNorm = 0.2164, lr_0 = 9.5094e-04
Loss = 6.9011e-02, PNorm = 29.5893, GNorm = 0.1394, lr_0 = 9.4178e-04
Loss = 5.5684e-02, PNorm = 29.6013, GNorm = 0.1182, lr_0 = 9.3271e-04
Loss = 7.7547e-02, PNorm = 29.6217, GNorm = 0.1351, lr_0 = 9.2373e-04
Validation auc = 0.781419
Epoch 3
Loss = 7.7452e-02, PNorm = 29.6512, GNorm = 0.1509, lr_0 = 9.1395e-04
Loss = 1.0193e-01, PNorm = 29.6671, GNorm = 0.2249, lr_0 = 9.0515e-04
Loss = 8.7492e-02, PNorm = 29.7016, GNorm = 0.3059, lr_0 = 8.9644e-04
Loss = 3.7365e-02, PNorm = 29.7337, GNorm = 0.0961, lr_0 = 8.8781e-04
Loss = 8.9978e-02, PNorm = 29.7473, GNorm = 0.3903, lr_0 = 8.7926e-04
Loss = 7.6768e-02, PNorm = 29.7740, GNorm = 0.1110, lr_0 = 8.7080e-04
Loss = 1.0555e-01, PNorm = 29.8087, GNorm = 0.3135, lr_0 = 8.6241e-04
Loss = 8.4482e-02, PNorm = 29.8607, GNorm = 0.1118, lr_0 = 8.5411e-04
Loss = 7.7314e-02, PNorm = 29.8756, GNorm = 0.2465, lr_0 = 8.4588e-04
Validation auc = 0.815554
Epoch 4
Loss = 4.7388e-02, PNorm = 29.9125, GNorm = 0.1407, lr_0 = 8.3774e-04
Loss = 6.1062e-02, PNorm = 29.9423, GNorm = 0.1416, lr_0 = 8.2967e-04
Loss = 7.2539e-02, PNorm = 29.9599, GNorm = 0.1891, lr_0 = 8.2169e-04
Loss = 9.7308e-02, PNorm = 29.9783, GNorm = 0.1790, lr_0 = 8.1377e-04
Loss = 9.5056e-02, PNorm = 30.0084, GNorm = 0.1644, lr_0 = 8.0594e-04
Loss = 6.1628e-02, PNorm = 30.0449, GNorm = 0.1421, lr_0 = 7.9818e-04
Loss = 9.9821e-02, PNorm = 30.0654, GNorm = 0.2783, lr_0 = 7.9050e-04
Loss = 5.8259e-02, PNorm = 30.1159, GNorm = 0.1536, lr_0 = 7.8288e-04
Validation auc = 0.800896
Epoch 5
Loss = 8.9506e-02, PNorm = 30.1630, GNorm = 0.1333, lr_0 = 7.7535e-04
Loss = 9.5548e-02, PNorm = 30.2061, GNorm = 0.1716, lr_0 = 7.6788e-04
Loss = 7.1975e-02, PNorm = 30.2511, GNorm = 0.3641, lr_0 = 7.6049e-04
Loss = 8.1635e-02, PNorm = 30.2826, GNorm = 0.2532, lr_0 = 7.5317e-04
Loss = 5.1625e-02, PNorm = 30.3296, GNorm = 0.1064, lr_0 = 7.4591e-04
Loss = 7.0283e-02, PNorm = 30.3598, GNorm = 0.1897, lr_0 = 7.3873e-04
Loss = 9.1661e-02, PNorm = 30.3798, GNorm = 0.1408, lr_0 = 7.3162e-04
Loss = 6.5545e-02, PNorm = 30.4191, GNorm = 0.1243, lr_0 = 7.2458e-04
Loss = 5.9714e-02, PNorm = 30.4526, GNorm = 0.1264, lr_0 = 7.1760e-04
Validation auc = 0.826928
Epoch 6
Loss = 4.7913e-02, PNorm = 30.5024, GNorm = 0.1965, lr_0 = 7.1000e-04
Loss = 8.9857e-02, PNorm = 30.5332, GNorm = 0.1358, lr_0 = 7.0317e-04
Loss = 7.9671e-02, PNorm = 30.5712, GNorm = 0.1469, lr_0 = 6.9640e-04
Loss = 7.5408e-02, PNorm = 30.6325, GNorm = 0.1976, lr_0 = 6.8969e-04
Loss = 6.7600e-02, PNorm = 30.6831, GNorm = 0.0950, lr_0 = 6.8305e-04
Loss = 6.4606e-02, PNorm = 30.7353, GNorm = 0.1547, lr_0 = 6.7648e-04
Loss = 7.1464e-02, PNorm = 30.7794, GNorm = 0.5361, lr_0 = 6.6996e-04
Loss = 2.5764e-02, PNorm = 30.8346, GNorm = 0.1063, lr_0 = 6.6351e-04
Validation auc = 0.855216
Epoch 7
Loss = 6.5633e-02, PNorm = 30.8518, GNorm = 0.1489, lr_0 = 6.5712e-04
Loss = 6.0963e-02, PNorm = 30.8933, GNorm = 0.1717, lr_0 = 6.5080e-04
Loss = 8.2451e-02, PNorm = 30.9520, GNorm = 0.1629, lr_0 = 6.4453e-04
Loss = 6.5043e-02, PNorm = 31.0088, GNorm = 0.1799, lr_0 = 6.3833e-04
Loss = 6.6662e-02, PNorm = 31.0343, GNorm = 0.1477, lr_0 = 6.3218e-04
Loss = 4.6664e-02, PNorm = 31.0768, GNorm = 0.1011, lr_0 = 6.2609e-04
Loss = 7.2474e-02, PNorm = 31.1017, GNorm = 0.2227, lr_0 = 6.2006e-04
Loss = 7.4391e-02, PNorm = 31.1405, GNorm = 0.3816, lr_0 = 6.1409e-04
Loss = 4.7550e-02, PNorm = 31.1801, GNorm = 0.1244, lr_0 = 6.0818e-04
Validation auc = 0.872674
Epoch 8
Loss = 3.3183e-02, PNorm = 31.2132, GNorm = 0.2057, lr_0 = 6.0233e-04
Loss = 4.9799e-02, PNorm = 31.2476, GNorm = 0.1662, lr_0 = 5.9653e-04
Loss = 6.4387e-02, PNorm = 31.2676, GNorm = 0.1452, lr_0 = 5.9078e-04
Loss = 7.8689e-02, PNorm = 31.3010, GNorm = 0.2506, lr_0 = 5.8510e-04
Loss = 6.9419e-02, PNorm = 31.3556, GNorm = 0.4563, lr_0 = 5.7946e-04
Loss = 6.2523e-02, PNorm = 31.3949, GNorm = 0.2751, lr_0 = 5.7388e-04
Loss = 5.5058e-02, PNorm = 31.4315, GNorm = 0.2201, lr_0 = 5.6836e-04
Loss = 6.2728e-02, PNorm = 31.4542, GNorm = 0.1742, lr_0 = 5.6289e-04
Loss = 6.1568e-02, PNorm = 31.4829, GNorm = 0.1094, lr_0 = 5.5747e-04
Loss = 1.4823e-02, PNorm = 31.4862, GNorm = 0.1730, lr_0 = 5.5693e-04
Validation auc = 0.876416
Epoch 9
Loss = 4.7197e-02, PNorm = 31.5220, GNorm = 0.1222, lr_0 = 5.5156e-04
Loss = 7.2366e-02, PNorm = 31.5381, GNorm = 0.1777, lr_0 = 5.4625e-04
Loss = 5.7835e-02, PNorm = 31.5684, GNorm = 0.1472, lr_0 = 5.4100e-04
Loss = 3.0826e-02, PNorm = 31.6121, GNorm = 0.1323, lr_0 = 5.3579e-04
Loss = 9.3233e-02, PNorm = 31.6391, GNorm = 0.1613, lr_0 = 5.3063e-04
Loss = 4.2902e-02, PNorm = 31.6846, GNorm = 0.2498, lr_0 = 5.2552e-04
Loss = 5.8467e-02, PNorm = 31.7135, GNorm = 0.1671, lr_0 = 5.2046e-04
Loss = 4.7052e-02, PNorm = 31.7507, GNorm = 0.2998, lr_0 = 5.1545e-04
Validation auc = 0.882934
Epoch 10
Loss = 3.8595e-02, PNorm = 31.7771, GNorm = 0.1226, lr_0 = 5.1049e-04
Loss = 6.0917e-02, PNorm = 31.8114, GNorm = 0.1497, lr_0 = 5.0557e-04
Loss = 2.8191e-02, PNorm = 31.8499, GNorm = 0.0644, lr_0 = 5.0070e-04
Loss = 2.3378e-02, PNorm = 31.8610, GNorm = 0.3694, lr_0 = 4.9588e-04
Loss = 7.5165e-02, PNorm = 31.8701, GNorm = 0.2211, lr_0 = 4.9111e-04
Loss = 6.6211e-02, PNorm = 31.8949, GNorm = 0.1646, lr_0 = 4.8638e-04
Loss = 6.1732e-02, PNorm = 31.9314, GNorm = 0.0978, lr_0 = 4.8170e-04
Loss = 5.4920e-02, PNorm = 31.9614, GNorm = 0.3859, lr_0 = 4.7706e-04
Loss = 5.5572e-02, PNorm = 31.9866, GNorm = 0.3138, lr_0 = 4.7247e-04
Validation auc = 0.867657
Epoch 11
Loss = 8.2273e-02, PNorm = 32.0173, GNorm = 0.4031, lr_0 = 4.6792e-04
Loss = 4.7551e-02, PNorm = 32.0593, GNorm = 0.2535, lr_0 = 4.6341e-04
Loss = 3.3274e-02, PNorm = 32.0833, GNorm = 0.0979, lr_0 = 4.5895e-04
Loss = 4.6250e-02, PNorm = 32.1030, GNorm = 0.1123, lr_0 = 4.5453e-04
Loss = 7.1328e-02, PNorm = 32.1203, GNorm = 0.4925, lr_0 = 4.5015e-04
Loss = 6.0217e-02, PNorm = 32.1508, GNorm = 0.0966, lr_0 = 4.4582e-04
Loss = 5.1784e-02, PNorm = 32.1722, GNorm = 0.1221, lr_0 = 4.4153e-04
Loss = 4.8025e-02, PNorm = 32.2052, GNorm = 0.2088, lr_0 = 4.3728e-04
Validation auc = 0.870954
Epoch 12
Loss = 4.9098e-02, PNorm = 32.2349, GNorm = 0.1881, lr_0 = 4.3265e-04
Loss = 3.3753e-02, PNorm = 32.2613, GNorm = 0.1426, lr_0 = 4.2848e-04
Loss = 4.1017e-02, PNorm = 32.2828, GNorm = 0.3140, lr_0 = 4.2436e-04
Loss = 6.8201e-02, PNorm = 32.2995, GNorm = 1.2744, lr_0 = 4.2027e-04
Loss = 5.3271e-02, PNorm = 32.3075, GNorm = 0.5441, lr_0 = 4.1622e-04
Loss = 2.7519e-02, PNorm = 32.3348, GNorm = 0.2432, lr_0 = 4.1222e-04
Loss = 7.8322e-02, PNorm = 32.3395, GNorm = 0.1732, lr_0 = 4.0825e-04
Loss = 6.0619e-02, PNorm = 32.3637, GNorm = 0.3221, lr_0 = 4.0432e-04
Loss = 4.0022e-02, PNorm = 32.4061, GNorm = 0.1754, lr_0 = 4.0042e-04
Validation auc = 0.915125
Epoch 13
Loss = 2.2422e-02, PNorm = 32.4233, GNorm = 0.2862, lr_0 = 3.9657e-04
Loss = 5.4217e-02, PNorm = 32.4380, GNorm = 0.2073, lr_0 = 3.9275e-04
Loss = 1.5776e-02, PNorm = 32.4667, GNorm = 0.0838, lr_0 = 3.8897e-04
Loss = 5.5928e-02, PNorm = 32.4773, GNorm = 0.2606, lr_0 = 3.8522e-04
Loss = 5.7830e-02, PNorm = 32.5028, GNorm = 0.2524, lr_0 = 3.8152e-04
Loss = 5.4501e-02, PNorm = 32.5231, GNorm = 0.2826, lr_0 = 3.7784e-04
Loss = 5.7612e-02, PNorm = 32.5316, GNorm = 0.2863, lr_0 = 3.7420e-04
Loss = 3.8257e-02, PNorm = 32.5514, GNorm = 0.1377, lr_0 = 3.7060e-04
Validation auc = 0.907417
Epoch 14
Loss = 1.6607e-02, PNorm = 32.5722, GNorm = 0.1358, lr_0 = 3.6668e-04
Loss = 3.8162e-02, PNorm = 32.5912, GNorm = 0.2319, lr_0 = 3.6315e-04
Loss = 4.6378e-02, PNorm = 32.6110, GNorm = 0.2330, lr_0 = 3.5965e-04
Loss = 3.4172e-02, PNorm = 32.6300, GNorm = 0.1018, lr_0 = 3.5619e-04
Loss = 4.3144e-02, PNorm = 32.6519, GNorm = 0.1227, lr_0 = 3.5276e-04
Loss = 5.1427e-02, PNorm = 32.6725, GNorm = 0.5402, lr_0 = 3.4936e-04
Loss = 7.2697e-02, PNorm = 32.6712, GNorm = 0.3381, lr_0 = 3.4600e-04
Loss = 4.6081e-02, PNorm = 32.6910, GNorm = 0.1356, lr_0 = 3.4267e-04
Loss = 5.1066e-02, PNorm = 32.7021, GNorm = 0.0937, lr_0 = 3.3937e-04
Validation auc = 0.904295
Epoch 15
Loss = 4.1264e-02, PNorm = 32.7139, GNorm = 0.2190, lr_0 = 3.3610e-04
Loss = 5.9489e-02, PNorm = 32.7347, GNorm = 0.2097, lr_0 = 3.3287e-04
Loss = 2.7865e-02, PNorm = 32.7552, GNorm = 0.1972, lr_0 = 3.2966e-04
Loss = 2.9542e-02, PNorm = 32.7778, GNorm = 0.0414, lr_0 = 3.2649e-04
Loss = 6.5070e-02, PNorm = 32.7783, GNorm = 0.1933, lr_0 = 3.2334e-04
Loss = 3.8631e-02, PNorm = 32.7957, GNorm = 0.3138, lr_0 = 3.2023e-04
Loss = 5.1364e-02, PNorm = 32.8149, GNorm = 0.1904, lr_0 = 3.1715e-04
Loss = 2.4209e-02, PNorm = 32.8308, GNorm = 0.3736, lr_0 = 3.1409e-04
Loss = 5.5245e-02, PNorm = 32.8380, GNorm = 0.2160, lr_0 = 3.1107e-04
Validation auc = 0.887482
Epoch 16
Loss = 4.4622e-02, PNorm = 32.8613, GNorm = 0.4303, lr_0 = 3.0807e-04
Loss = 6.1876e-02, PNorm = 32.8767, GNorm = 0.3453, lr_0 = 3.0511e-04
Loss = 4.3873e-02, PNorm = 32.8919, GNorm = 0.1680, lr_0 = 3.0217e-04
Loss = 2.5595e-02, PNorm = 32.9090, GNorm = 0.0814, lr_0 = 2.9926e-04
Loss = 5.0116e-02, PNorm = 32.9175, GNorm = 0.2715, lr_0 = 2.9638e-04
Loss = 3.2814e-02, PNorm = 32.9311, GNorm = 0.2371, lr_0 = 2.9353e-04
Loss = 2.5834e-02, PNorm = 32.9456, GNorm = 0.1930, lr_0 = 2.9070e-04
Loss = 4.8245e-02, PNorm = 32.9542, GNorm = 0.1461, lr_0 = 2.8790e-04
Validation auc = 0.890740
Epoch 17
Loss = 3.7439e-02, PNorm = 32.9650, GNorm = 0.1423, lr_0 = 2.8485e-04
Loss = 5.0528e-02, PNorm = 32.9718, GNorm = 0.1638, lr_0 = 2.8211e-04
Loss = 3.4817e-02, PNorm = 32.9897, GNorm = 0.3687, lr_0 = 2.7939e-04
Loss = 4.8236e-02, PNorm = 32.9968, GNorm = 0.2587, lr_0 = 2.7670e-04
Loss = 4.2982e-02, PNorm = 33.0093, GNorm = 0.1346, lr_0 = 2.7404e-04
Loss = 3.8648e-02, PNorm = 33.0202, GNorm = 0.1202, lr_0 = 2.7140e-04
Loss = 3.3475e-02, PNorm = 33.0302, GNorm = 0.1873, lr_0 = 2.6879e-04
Loss = 3.8660e-02, PNorm = 33.0439, GNorm = 0.2909, lr_0 = 2.6620e-04
Loss = 2.4127e-02, PNorm = 33.0589, GNorm = 0.0468, lr_0 = 2.6364e-04
Validation auc = 0.872290
Epoch 18
Loss = 3.9754e-02, PNorm = 33.0699, GNorm = 0.0730, lr_0 = 2.6110e-04
Loss = 3.4320e-02, PNorm = 33.0794, GNorm = 0.3219, lr_0 = 2.5859e-04
Loss = 3.4633e-02, PNorm = 33.0935, GNorm = 0.3105, lr_0 = 2.5610e-04
Loss = 3.2735e-02, PNorm = 33.1012, GNorm = 0.1816, lr_0 = 2.5363e-04
Loss = 4.9997e-02, PNorm = 33.1091, GNorm = 0.2397, lr_0 = 2.5119e-04
Loss = 3.4847e-02, PNorm = 33.1224, GNorm = 0.1790, lr_0 = 2.4877e-04
Loss = 5.2021e-02, PNorm = 33.1338, GNorm = 0.1972, lr_0 = 2.4638e-04
Loss = 4.8904e-02, PNorm = 33.1400, GNorm = 0.5534, lr_0 = 2.4400e-04
Validation auc = 0.877917
Epoch 19
Loss = 3.8909e-02, PNorm = 33.1494, GNorm = 0.0981, lr_0 = 2.4165e-04
Loss = 2.5354e-02, PNorm = 33.1599, GNorm = 0.3756, lr_0 = 2.3933e-04
Loss = 3.8634e-02, PNorm = 33.1675, GNorm = 0.2149, lr_0 = 2.3702e-04
Loss = 4.1359e-02, PNorm = 33.1770, GNorm = 0.1260, lr_0 = 2.3474e-04
Loss = 3.0369e-02, PNorm = 33.1865, GNorm = 0.1743, lr_0 = 2.3248e-04
Loss = 6.6684e-02, PNorm = 33.1968, GNorm = 0.4524, lr_0 = 2.3024e-04
Loss = 3.2082e-02, PNorm = 33.2148, GNorm = 0.2162, lr_0 = 2.2803e-04
Loss = 2.1838e-02, PNorm = 33.2270, GNorm = 0.4913, lr_0 = 2.2583e-04
Loss = 1.3409e-02, PNorm = 33.2346, GNorm = 0.1683, lr_0 = 2.2366e-04
Validation auc = 0.874161
Epoch 20
Loss = 4.3495e-02, PNorm = 33.2362, GNorm = 0.2205, lr_0 = 2.2129e-04
Loss = 3.0386e-02, PNorm = 33.2462, GNorm = 0.3980, lr_0 = 2.1916e-04
Loss = 3.4839e-02, PNorm = 33.2545, GNorm = 0.4044, lr_0 = 2.1705e-04
Loss = 2.9993e-02, PNorm = 33.2626, GNorm = 0.3320, lr_0 = 2.1496e-04
Loss = 2.4417e-02, PNorm = 33.2723, GNorm = 0.3032, lr_0 = 2.1289e-04
Loss = 3.8396e-02, PNorm = 33.2800, GNorm = 0.4775, lr_0 = 2.1084e-04
Loss = 3.7373e-02, PNorm = 33.2875, GNorm = 0.5951, lr_0 = 2.0881e-04
Loss = 3.5721e-02, PNorm = 33.2974, GNorm = 0.0745, lr_0 = 2.0680e-04
Validation auc = 0.859157
Epoch 21
Loss = 3.8363e-02, PNorm = 33.3036, GNorm = 0.5449, lr_0 = 2.0481e-04
Loss = 3.9174e-02, PNorm = 33.3092, GNorm = 0.2462, lr_0 = 2.0283e-04
Loss = 3.7735e-02, PNorm = 33.3225, GNorm = 0.8546, lr_0 = 2.0088e-04
Loss = 3.4030e-02, PNorm = 33.3325, GNorm = 0.3332, lr_0 = 1.9895e-04
Loss = 4.1536e-02, PNorm = 33.3415, GNorm = 0.4330, lr_0 = 1.9703e-04
Loss = 2.9337e-02, PNorm = 33.3540, GNorm = 0.2046, lr_0 = 1.9514e-04
Loss = 1.6790e-02, PNorm = 33.3643, GNorm = 0.0481, lr_0 = 1.9326e-04
Loss = 3.4681e-02, PNorm = 33.3655, GNorm = 0.0682, lr_0 = 1.9140e-04
Loss = 3.4633e-02, PNorm = 33.3727, GNorm = 0.4405, lr_0 = 1.8955e-04
Validation auc = 0.866913
Epoch 22
Loss = 3.6771e-02, PNorm = 33.3787, GNorm = 0.0555, lr_0 = 1.8773e-04
Loss = 3.7445e-02, PNorm = 33.3798, GNorm = 0.2028, lr_0 = 1.8592e-04
Loss = 3.3769e-02, PNorm = 33.3890, GNorm = 0.2728, lr_0 = 1.8413e-04
Loss = 2.3689e-02, PNorm = 33.3991, GNorm = 0.0754, lr_0 = 1.8236e-04
Loss = 3.3448e-02, PNorm = 33.4041, GNorm = 0.4399, lr_0 = 1.8060e-04
Loss = 3.1568e-02, PNorm = 33.4103, GNorm = 0.4389, lr_0 = 1.7886e-04
Loss = 3.1074e-02, PNorm = 33.4190, GNorm = 0.5416, lr_0 = 1.7714e-04
Loss = 2.7561e-02, PNorm = 33.4211, GNorm = 0.3169, lr_0 = 1.7544e-04
Validation auc = 0.858673
Epoch 23
Loss = 1.0190e-02, PNorm = 33.4334, GNorm = 0.1423, lr_0 = 1.7358e-04
Loss = 3.6482e-02, PNorm = 33.4383, GNorm = 0.0252, lr_0 = 1.7191e-04
Loss = 2.8771e-02, PNorm = 33.4393, GNorm = 0.2004, lr_0 = 1.7025e-04
Loss = 3.2318e-02, PNorm = 33.4428, GNorm = 0.2001, lr_0 = 1.6861e-04
Loss = 2.1280e-02, PNorm = 33.4540, GNorm = 0.2756, lr_0 = 1.6699e-04
Loss = 1.5684e-02, PNorm = 33.4616, GNorm = 0.0896, lr_0 = 1.6538e-04
Loss = 1.8824e-02, PNorm = 33.4695, GNorm = 0.2380, lr_0 = 1.6379e-04
Loss = 4.1104e-02, PNorm = 33.4734, GNorm = 0.0655, lr_0 = 1.6221e-04
Loss = 3.9137e-02, PNorm = 33.4768, GNorm = 0.5112, lr_0 = 1.6065e-04
Validation auc = 0.866194
Epoch 24
Loss = 1.9344e-02, PNorm = 33.4879, GNorm = 0.3824, lr_0 = 1.5910e-04
Loss = 4.8454e-02, PNorm = 33.4901, GNorm = 0.3313, lr_0 = 1.5757e-04
Loss = 4.4241e-02, PNorm = 33.4979, GNorm = 0.4803, lr_0 = 1.5605e-04
Loss = 3.8188e-02, PNorm = 33.5088, GNorm = 0.0600, lr_0 = 1.5455e-04
Loss = 3.4188e-02, PNorm = 33.5149, GNorm = 0.5941, lr_0 = 1.5306e-04
Loss = 3.5417e-02, PNorm = 33.5168, GNorm = 0.3947, lr_0 = 1.5159e-04
Loss = 1.6675e-02, PNorm = 33.5254, GNorm = 0.0588, lr_0 = 1.5013e-04
Loss = 4.2483e-02, PNorm = 33.5292, GNorm = 0.1206, lr_0 = 1.4869e-04
Loss = 1.9498e-02, PNorm = 33.5347, GNorm = 0.0692, lr_0 = 1.4725e-04
Validation auc = 0.852986
Epoch 25
Loss = 1.9442e-02, PNorm = 33.5447, GNorm = 0.1232, lr_0 = 1.4584e-04
Loss = 3.9068e-02, PNorm = 33.5479, GNorm = 0.1178, lr_0 = 1.4443e-04
Loss = 2.2560e-02, PNorm = 33.5513, GNorm = 0.1179, lr_0 = 1.4304e-04
Loss = 3.1725e-02, PNorm = 33.5621, GNorm = 0.5004, lr_0 = 1.4166e-04
Loss = 2.9719e-02, PNorm = 33.5690, GNorm = 0.0749, lr_0 = 1.4030e-04
Loss = 2.4536e-02, PNorm = 33.5714, GNorm = 0.5606, lr_0 = 1.3895e-04
Loss = 2.8662e-02, PNorm = 33.5720, GNorm = 0.2234, lr_0 = 1.3761e-04
Loss = 2.9651e-02, PNorm = 33.5793, GNorm = 0.1594, lr_0 = 1.3629e-04
Validation auc = 0.866876
Epoch 26
Loss = 3.5106e-02, PNorm = 33.5814, GNorm = 0.1396, lr_0 = 1.3484e-04
Loss = 3.0198e-02, PNorm = 33.5870, GNorm = 0.4588, lr_0 = 1.3355e-04
Loss = 2.1663e-02, PNorm = 33.5910, GNorm = 0.3474, lr_0 = 1.3226e-04
Loss = 2.2579e-02, PNorm = 33.5955, GNorm = 0.0672, lr_0 = 1.3099e-04
Loss = 2.5367e-02, PNorm = 33.6011, GNorm = 0.1451, lr_0 = 1.2973e-04
Loss = 3.9861e-02, PNorm = 33.6039, GNorm = 0.1429, lr_0 = 1.2848e-04
Loss = 1.6633e-02, PNorm = 33.6106, GNorm = 0.1813, lr_0 = 1.2724e-04
Loss = 1.5635e-02, PNorm = 33.6172, GNorm = 0.3871, lr_0 = 1.2601e-04
Loss = 6.1018e-02, PNorm = 33.6171, GNorm = 0.6121, lr_0 = 1.2480e-04
Validation auc = 0.860173
Epoch 27
Loss = 1.7236e-02, PNorm = 33.6236, GNorm = 0.1501, lr_0 = 1.2360e-04
Loss = 3.1097e-02, PNorm = 33.6320, GNorm = 0.7805, lr_0 = 1.2241e-04
Loss = 3.0153e-02, PNorm = 33.6357, GNorm = 0.4727, lr_0 = 1.2123e-04
Loss = 2.3384e-02, PNorm = 33.6388, GNorm = 0.4188, lr_0 = 1.2006e-04
Loss = 1.6873e-02, PNorm = 33.6430, GNorm = 0.5562, lr_0 = 1.1891e-04
Loss = 4.0244e-02, PNorm = 33.6434, GNorm = 0.7791, lr_0 = 1.1776e-04
Loss = 3.1092e-02, PNorm = 33.6520, GNorm = 0.3648, lr_0 = 1.1663e-04
Loss = 4.2569e-02, PNorm = 33.6537, GNorm = 0.3645, lr_0 = 1.1551e-04
Validation auc = 0.848401
Epoch 28
Loss = 5.6722e-02, PNorm = 33.6554, GNorm = 0.3961, lr_0 = 1.1428e-04
Loss = 3.4262e-02, PNorm = 33.6603, GNorm = 0.2660, lr_0 = 1.1318e-04
Loss = 3.0415e-02, PNorm = 33.6648, GNorm = 0.3280, lr_0 = 1.1209e-04
Loss = 2.6541e-02, PNorm = 33.6713, GNorm = 0.2005, lr_0 = 1.1101e-04
Loss = 1.3045e-02, PNorm = 33.6785, GNorm = 0.0958, lr_0 = 1.0995e-04
Loss = 2.5506e-02, PNorm = 33.6804, GNorm = 0.3460, lr_0 = 1.0889e-04
Loss = 1.9058e-02, PNorm = 33.6856, GNorm = 0.1240, lr_0 = 1.0784e-04
Loss = 3.7975e-02, PNorm = 33.6875, GNorm = 0.3515, lr_0 = 1.0680e-04
Loss = 2.0598e-02, PNorm = 33.6903, GNorm = 0.6003, lr_0 = 1.0577e-04
Validation auc = 0.853048
Epoch 29
Loss = 2.5760e-02, PNorm = 33.6967, GNorm = 0.3644, lr_0 = 1.0475e-04
Loss = 7.1639e-03, PNorm = 33.7018, GNorm = 0.0273, lr_0 = 1.0374e-04
Loss = 2.7555e-02, PNorm = 33.7036, GNorm = 0.7176, lr_0 = 1.0275e-04
Loss = 4.8109e-02, PNorm = 33.7022, GNorm = 0.4114, lr_0 = 1.0176e-04
Loss = 3.0445e-02, PNorm = 33.7069, GNorm = 0.5766, lr_0 = 1.0078e-04
Loss = 2.1752e-02, PNorm = 33.7105, GNorm = 0.3544, lr_0 = 1.0000e-04
Loss = 2.8667e-02, PNorm = 33.7144, GNorm = 0.6211, lr_0 = 1.0000e-04
Loss = 2.1018e-02, PNorm = 33.7195, GNorm = 0.1854, lr_0 = 1.0000e-04
Validation auc = 0.845514
Model 0 best validation auc = 0.915125 on epoch 12
Loading pretrained parameter "encoder.encoder.0.cached_zero_vector".
Loading pretrained parameter "encoder.encoder.0.W_i.weight".
Loading pretrained parameter "encoder.encoder.0.W_h.weight".
Loading pretrained parameter "encoder.encoder.0.W_o.weight".
Loading pretrained parameter "encoder.encoder.0.W_o.bias".
Loading pretrained parameter "ffn.1.weight".
Loading pretrained parameter "ffn.1.bias".
Moving model to cuda
Model 0 test auc = 0.789081
Ensemble test auc = 0.789081
3-fold cross validation
	Seed 0 ==> test auc = 0.713807
	Seed 1 ==> test auc = 0.810814
	Seed 2 ==> test auc = 0.789081
Overall test auc = 0.771234 +/- 0.041565
Elapsed time = 0:10:04
