Command line
python /home/jackievaleri8/.conda/envs/chemprop/bin/chemprop_train --init_lr 0.0001 --dropout 0.25 --hidden_size 1500 --ffn_num_layers 2 --depth 4 --save_dir round3finalval08162021_models/118 --data_path round3finalval08162021_TRAIN.csv --dataset_type classification --features_path round3finalval08162021_TRAINFTS.npz --no_features_scaling --num_folds 3 --ensemble_size 1 --split_type scaffold_balanced --split_sizes 0.8 0.1 0.1 --smiles_columns SMILES --ignore_columns Name --gpu 0
Args
{'activation': 'ReLU',
 'aggregation': 'mean',
 'aggregation_norm': 100,
 'atom_descriptor_scaling': True,
 'atom_descriptors': None,
 'atom_descriptors_path': None,
 'atom_descriptors_size': 0,
 'atom_features_size': 0,
 'atom_messages': False,
 'batch_size': 50,
 'bias': False,
 'bond_feature_scaling': True,
 'bond_features_path': None,
 'bond_features_size': 0,
 'cache_cutoff': 10000,
 'checkpoint_dir': None,
 'checkpoint_path': None,
 'checkpoint_paths': None,
 'class_balance': False,
 'config_path': None,
 'crossval_index_dir': None,
 'crossval_index_file': None,
 'crossval_index_sets': None,
 'cuda': True,
 'data_path': 'round3finalval08162021_TRAIN.csv',
 'dataset_type': 'classification',
 'depth': 4,
 'device': device(type='cuda', index=0),
 'dropout': 0.25,
 'empty_cache': False,
 'ensemble_size': 1,
 'epochs': 30,
 'explicit_h': False,
 'extra_metrics': [],
 'features_generator': None,
 'features_only': False,
 'features_path': ['round3finalval08162021_TRAINFTS.npz'],
 'features_scaling': False,
 'features_size': None,
 'ffn_hidden_size': 1500,
 'ffn_num_layers': 2,
 'final_lr': 0.0001,
 'folds_file': None,
 'gpu': 0,
 'grad_clip': None,
 'hidden_size': 1500,
 'ignore_columns': ['Name'],
 'init_lr': 0.0001,
 'log_frequency': 10,
 'max_data_size': None,
 'max_lr': 0.001,
 'metric': 'auc',
 'metrics': ['auc'],
 'minimize_score': False,
 'mpn_shared': False,
 'multiclass_num_classes': 3,
 'no_atom_descriptor_scaling': False,
 'no_bond_features_scaling': False,
 'no_cache_mol': False,
 'no_cuda': False,
 'no_features_scaling': True,
 'num_folds': 3,
 'num_lrs': 1,
 'num_tasks': 2,
 'num_workers': 8,
 'number_of_molecules': 1,
 'overwrite_default_atom_features': False,
 'overwrite_default_bond_features': False,
 'pytorch_seed': 0,
 'quiet': False,
 'reaction': False,
 'reaction_mode': 'reac_diff',
 'resume_experiment': False,
 'save_dir': 'round3finalval08162021_models/118',
 'save_preds': False,
 'save_smiles_splits': False,
 'seed': 0,
 'separate_test_atom_descriptors_path': None,
 'separate_test_bond_features_path': None,
 'separate_test_features_path': None,
 'separate_test_path': None,
 'separate_val_atom_descriptors_path': None,
 'separate_val_bond_features_path': None,
 'separate_val_features_path': None,
 'separate_val_path': None,
 'show_individual_scores': False,
 'smiles_columns': ['SMILES'],
 'split_sizes': (0.8, 0.1, 0.1),
 'split_type': 'scaffold_balanced',
 'target_columns': None,
 'task_names': ['hit_inh', 'hit_kill'],
 'test': False,
 'test_fold_index': None,
 'train_data_size': None,
 'undirected': False,
 'use_input_features': True,
 'val_fold_index': None,
 'warmup_epochs': 2.0}
Loading data
Warning: 23 SMILES are invalid.
Number of tasks = 2
Fold 0
Splitting data with seed 0
Total scaffolds = 3,467 | train scaffolds = 2,650 | val scaffolds = 433 | test scaffolds = 384
Label averages per scaffold, in decreasing order of scaffold frequency,capped at 10 scaffolds and 20 labels:
Scaffold 0
Task 0: count = 381 | target average = 0.018373
Task 1: count = 381 | target average = 0.013123


Scaffold 1
Task 0: count = 305 | target average = 0.009836
Task 1: count = 305 | target average = 0.016393


Scaffold 2
Task 0: count = 36 | target average = 0.000000
Task 1: count = 36 | target average = 0.000000


Scaffold 3
Task 0: count = 29 | target average = 0.000000
Task 1: count = 29 | target average = 0.000000


Scaffold 4
Task 0: count = 26 | target average = 0.000000
Task 1: count = 26 | target average = 0.000000


Scaffold 5
Task 0: count = 23 | target average = 0.000000
Task 1: count = 23 | target average = 0.000000


Scaffold 6
Task 0: count = 22 | target average = 0.090909
Task 1: count = 22 | target average = 0.090909


Scaffold 7
Task 0: count = 20 | target average = 0.000000
Task 1: count = 20 | target average = 0.000000


Scaffold 8
Task 0: count = 20 | target average = 0.000000
Task 1: count = 20 | target average = 0.000000


Scaffold 9
Task 0: count = 20 | target average = 0.050000
Task 1: count = 20 | target average = 0.000000


Class sizes
hit_inh 0: 97.83%, 1: 2.17%
hit_kill 0: 98.64%, 1: 1.36%
Total size = 5,353 | train size = 4,282 | val size = 535 | test size = 536
Building model 0
MoleculeModel(
  (sigmoid): Sigmoid()
  (encoder): MPN(
    (encoder): ModuleList(
      (0): MPNEncoder(
        (dropout_layer): Dropout(p=0.25, inplace=False)
        (act_func): ReLU()
        (W_i): Linear(in_features=147, out_features=1500, bias=False)
        (W_h): Linear(in_features=1500, out_features=1500, bias=False)
        (W_o): Linear(in_features=1633, out_features=1500, bias=True)
      )
    )
  )
  (ffn): Sequential(
    (0): Dropout(p=0.25, inplace=False)
    (1): Linear(in_features=1700, out_features=1500, bias=True)
    (2): ReLU()
    (3): Dropout(p=0.25, inplace=False)
    (4): Linear(in_features=1500, out_features=2, bias=True)
  )
)
Number of parameters = 7,476,002
Moving model to cuda
Epoch 0
Loss = 2.7483e-01, PNorm = 70.2099, GNorm = 1.8022, lr_0 = 1.5824e-04
Loss = 9.3516e-02, PNorm = 70.2214, GNorm = 0.2722, lr_0 = 2.1118e-04
Loss = 9.9285e-02, PNorm = 70.2387, GNorm = 0.8364, lr_0 = 2.6412e-04
Loss = 1.0040e-01, PNorm = 70.2508, GNorm = 0.2289, lr_0 = 3.1706e-04
Loss = 9.3157e-02, PNorm = 70.2716, GNorm = 0.5358, lr_0 = 3.7000e-04
Loss = 6.1671e-02, PNorm = 70.2909, GNorm = 0.2324, lr_0 = 4.2294e-04
Loss = 6.2847e-02, PNorm = 70.3112, GNorm = 0.2103, lr_0 = 4.7588e-04
Loss = 6.0496e-02, PNorm = 70.3383, GNorm = 0.1440, lr_0 = 5.2882e-04
Validation auc = 0.656818
Epoch 1
Loss = 4.1820e-02, PNorm = 70.3839, GNorm = 0.1396, lr_0 = 5.8706e-04
Loss = 9.2936e-02, PNorm = 70.4203, GNorm = 0.2698, lr_0 = 6.4000e-04
Loss = 8.2490e-02, PNorm = 70.4797, GNorm = 0.2008, lr_0 = 6.9294e-04
Loss = 9.3987e-02, PNorm = 70.5462, GNorm = 0.1950, lr_0 = 7.4588e-04
Loss = 9.0495e-02, PNorm = 70.6175, GNorm = 0.3220, lr_0 = 7.9882e-04
Loss = 7.1752e-02, PNorm = 70.7005, GNorm = 0.1412, lr_0 = 8.5176e-04
Loss = 8.9821e-02, PNorm = 70.7884, GNorm = 0.2019, lr_0 = 9.0471e-04
Loss = 9.0110e-02, PNorm = 70.8725, GNorm = 0.2061, lr_0 = 9.5765e-04
Loss = 9.2742e-02, PNorm = 70.9627, GNorm = 0.1790, lr_0 = 9.9807e-04
Validation auc = 0.870841
Epoch 2
Loss = 6.3552e-02, PNorm = 71.0513, GNorm = 0.0685, lr_0 = 9.8846e-04
Loss = 5.2672e-02, PNorm = 71.1375, GNorm = 0.1117, lr_0 = 9.7894e-04
Loss = 6.3481e-02, PNorm = 71.2164, GNorm = 0.2072, lr_0 = 9.6952e-04
Loss = 7.2636e-02, PNorm = 71.3109, GNorm = 0.6178, lr_0 = 9.6018e-04
Loss = 6.8834e-02, PNorm = 71.4166, GNorm = 0.2056, lr_0 = 9.5094e-04
Loss = 8.0942e-02, PNorm = 71.5043, GNorm = 0.2289, lr_0 = 9.4178e-04
Loss = 1.2958e-01, PNorm = 71.6051, GNorm = 0.5306, lr_0 = 9.3271e-04
Loss = 5.4844e-02, PNorm = 71.6935, GNorm = 0.2791, lr_0 = 9.2373e-04
Validation auc = 0.894824
Epoch 3
Loss = 6.0819e-02, PNorm = 71.7889, GNorm = 0.2808, lr_0 = 9.1395e-04
Loss = 8.1266e-02, PNorm = 71.8912, GNorm = 0.1782, lr_0 = 9.0515e-04
Loss = 7.0023e-02, PNorm = 72.0094, GNorm = 0.3551, lr_0 = 8.9644e-04
Loss = 7.3618e-02, PNorm = 72.1313, GNorm = 0.1002, lr_0 = 8.8781e-04
Loss = 6.7245e-02, PNorm = 72.2454, GNorm = 0.1913, lr_0 = 8.7926e-04
Loss = 9.2370e-02, PNorm = 72.3713, GNorm = 0.7884, lr_0 = 8.7080e-04
Loss = 4.6537e-02, PNorm = 72.4688, GNorm = 0.1220, lr_0 = 8.6241e-04
Loss = 5.9213e-02, PNorm = 72.5759, GNorm = 0.1060, lr_0 = 8.5411e-04
Loss = 7.3420e-02, PNorm = 72.6454, GNorm = 0.1831, lr_0 = 8.4588e-04
Validation auc = 0.898960
Epoch 4
Loss = 5.7069e-02, PNorm = 72.7214, GNorm = 0.0796, lr_0 = 8.3774e-04
Loss = 5.8056e-02, PNorm = 72.7618, GNorm = 0.1744, lr_0 = 8.2967e-04
Loss = 7.2631e-02, PNorm = 72.8205, GNorm = 0.1614, lr_0 = 8.2169e-04
Loss = 6.5493e-02, PNorm = 72.8669, GNorm = 0.3951, lr_0 = 8.1377e-04
Loss = 8.1257e-02, PNorm = 72.9255, GNorm = 0.2281, lr_0 = 8.0594e-04
Loss = 5.1119e-02, PNorm = 72.9893, GNorm = 0.0981, lr_0 = 7.9818e-04
Loss = 5.8146e-02, PNorm = 73.0427, GNorm = 0.1263, lr_0 = 7.9050e-04
Loss = 5.3494e-02, PNorm = 73.1017, GNorm = 0.1062, lr_0 = 7.8288e-04
Validation auc = 0.956972
Epoch 5
Loss = 4.8563e-02, PNorm = 73.1632, GNorm = 0.1946, lr_0 = 7.7535e-04
Loss = 4.2276e-02, PNorm = 73.2237, GNorm = 0.1944, lr_0 = 7.6788e-04
Loss = 8.4470e-02, PNorm = 73.3042, GNorm = 0.4064, lr_0 = 7.6049e-04
Loss = 8.6432e-02, PNorm = 73.4004, GNorm = 0.2444, lr_0 = 7.5317e-04
Loss = 4.2636e-02, PNorm = 73.5049, GNorm = 0.0785, lr_0 = 7.4591e-04
Loss = 5.8677e-02, PNorm = 73.5602, GNorm = 0.3420, lr_0 = 7.3873e-04
Loss = 6.6351e-02, PNorm = 73.6180, GNorm = 0.1411, lr_0 = 7.3162e-04
Loss = 3.0427e-02, PNorm = 73.6871, GNorm = 0.0499, lr_0 = 7.2458e-04
Loss = 6.6053e-02, PNorm = 73.7387, GNorm = 0.3091, lr_0 = 7.1760e-04
Validation auc = 0.962402
Epoch 6
Loss = 4.0331e-02, PNorm = 73.8377, GNorm = 0.2198, lr_0 = 7.1000e-04
Loss = 7.8539e-02, PNorm = 73.8717, GNorm = 0.1778, lr_0 = 7.0317e-04
Loss = 4.1504e-02, PNorm = 73.9536, GNorm = 0.0716, lr_0 = 6.9640e-04
Loss = 5.1693e-02, PNorm = 73.9962, GNorm = 0.1016, lr_0 = 6.8969e-04
Loss = 5.6651e-02, PNorm = 74.0438, GNorm = 0.2113, lr_0 = 6.8305e-04
Loss = 6.4211e-02, PNorm = 74.1008, GNorm = 0.1112, lr_0 = 6.7648e-04
Loss = 5.4574e-02, PNorm = 74.1438, GNorm = 0.1943, lr_0 = 6.6996e-04
Loss = 5.9207e-02, PNorm = 74.2062, GNorm = 0.3250, lr_0 = 6.6351e-04
Validation auc = 0.972603
Epoch 7
Loss = 6.5108e-02, PNorm = 74.2758, GNorm = 0.2280, lr_0 = 6.5712e-04
Loss = 6.1131e-02, PNorm = 74.3525, GNorm = 0.2244, lr_0 = 6.5080e-04
Loss = 4.7961e-02, PNorm = 74.4378, GNorm = 0.1003, lr_0 = 6.4453e-04
Loss = 4.5336e-02, PNorm = 74.5050, GNorm = 0.1726, lr_0 = 6.3833e-04
Loss = 3.5066e-02, PNorm = 74.5508, GNorm = 0.2316, lr_0 = 6.3218e-04
Loss = 6.5968e-02, PNorm = 74.5894, GNorm = 0.1232, lr_0 = 6.2609e-04
Loss = 3.7928e-02, PNorm = 74.6580, GNorm = 0.2525, lr_0 = 6.2006e-04
Loss = 3.5198e-02, PNorm = 74.7028, GNorm = 0.1228, lr_0 = 6.1409e-04
Loss = 5.6021e-02, PNorm = 74.7566, GNorm = 0.3024, lr_0 = 6.0818e-04
Validation auc = 0.977768
Epoch 8
Loss = 3.3721e-02, PNorm = 74.8025, GNorm = 0.0872, lr_0 = 6.0233e-04
Loss = 4.0257e-02, PNorm = 74.8739, GNorm = 0.1169, lr_0 = 5.9653e-04
Loss = 5.2854e-02, PNorm = 74.9345, GNorm = 0.1308, lr_0 = 5.9078e-04
Loss = 4.1741e-02, PNorm = 75.0021, GNorm = 0.1863, lr_0 = 5.8510e-04
Loss = 4.1976e-02, PNorm = 75.0542, GNorm = 0.1636, lr_0 = 5.7946e-04
Loss = 5.0968e-02, PNorm = 75.1236, GNorm = 0.0637, lr_0 = 5.7388e-04
Loss = 2.7698e-02, PNorm = 75.1716, GNorm = 0.1472, lr_0 = 5.6836e-04
Loss = 6.8081e-02, PNorm = 75.2106, GNorm = 0.2065, lr_0 = 5.6289e-04
Loss = 5.9078e-02, PNorm = 75.2995, GNorm = 0.4416, lr_0 = 5.5747e-04
Loss = 1.0390e-02, PNorm = 75.3060, GNorm = 0.1091, lr_0 = 5.5693e-04
Validation auc = 0.965308
Epoch 9
Loss = 4.8575e-02, PNorm = 75.3728, GNorm = 0.2344, lr_0 = 5.5156e-04
Loss = 3.8888e-02, PNorm = 75.4497, GNorm = 0.0322, lr_0 = 5.4625e-04
Loss = 2.9380e-02, PNorm = 75.4893, GNorm = 0.0364, lr_0 = 5.4100e-04
Loss = 3.5197e-02, PNorm = 75.5202, GNorm = 0.2146, lr_0 = 5.3579e-04
Loss = 3.5845e-02, PNorm = 75.5721, GNorm = 0.0943, lr_0 = 5.3063e-04
Loss = 5.0394e-02, PNorm = 75.5979, GNorm = 0.1957, lr_0 = 5.2552e-04
Loss = 4.8351e-02, PNorm = 75.6575, GNorm = 0.1508, lr_0 = 5.2046e-04
Loss = 4.4775e-02, PNorm = 75.6946, GNorm = 0.3014, lr_0 = 5.1545e-04
Validation auc = 0.969394
Epoch 10
Loss = 3.4866e-02, PNorm = 75.7399, GNorm = 0.8140, lr_0 = 5.1049e-04
Loss = 3.5437e-02, PNorm = 75.7923, GNorm = 0.2958, lr_0 = 5.0557e-04
Loss = 4.7632e-02, PNorm = 75.8507, GNorm = 0.4108, lr_0 = 5.0070e-04
Loss = 5.1337e-02, PNorm = 75.9131, GNorm = 0.4538, lr_0 = 4.9588e-04
Loss = 3.1525e-02, PNorm = 75.9679, GNorm = 0.1135, lr_0 = 4.9111e-04
Loss = 3.2932e-02, PNorm = 76.0202, GNorm = 0.2199, lr_0 = 4.8638e-04
Loss = 6.3523e-02, PNorm = 76.0724, GNorm = 0.3606, lr_0 = 4.8170e-04
Loss = 2.5318e-02, PNorm = 76.1478, GNorm = 0.1501, lr_0 = 4.7706e-04
Loss = 4.3618e-02, PNorm = 76.1799, GNorm = 0.1958, lr_0 = 4.7247e-04
Validation auc = 0.965963
Epoch 11
Loss = 2.9128e-02, PNorm = 76.2521, GNorm = 0.2228, lr_0 = 4.6792e-04
Loss = 5.3938e-02, PNorm = 76.2747, GNorm = 0.3012, lr_0 = 4.6341e-04
Loss = 3.8830e-02, PNorm = 76.3296, GNorm = 0.3493, lr_0 = 4.5895e-04
Loss = 4.0514e-02, PNorm = 76.3621, GNorm = 0.0688, lr_0 = 4.5453e-04
Loss = 4.0532e-02, PNorm = 76.4092, GNorm = 0.1751, lr_0 = 4.5015e-04
Loss = 3.6587e-02, PNorm = 76.4561, GNorm = 0.3212, lr_0 = 4.4582e-04
Loss = 5.3717e-02, PNorm = 76.5062, GNorm = 0.2062, lr_0 = 4.4153e-04
Loss = 2.4233e-02, PNorm = 76.5603, GNorm = 0.2952, lr_0 = 4.3728e-04
Validation auc = 0.971342
Epoch 12
Loss = 1.6706e-02, PNorm = 76.5920, GNorm = 0.0809, lr_0 = 4.3265e-04
Loss = 4.0528e-02, PNorm = 76.6266, GNorm = 0.5741, lr_0 = 4.2848e-04
Loss = 2.7458e-02, PNorm = 76.6616, GNorm = 0.2233, lr_0 = 4.2436e-04
Loss = 4.6916e-02, PNorm = 76.7082, GNorm = 0.0458, lr_0 = 4.2027e-04
Loss = 1.4613e-02, PNorm = 76.7420, GNorm = 0.1095, lr_0 = 4.1622e-04
Loss = 3.2120e-02, PNorm = 76.7600, GNorm = 0.2065, lr_0 = 4.1222e-04
Loss = 3.9082e-02, PNorm = 76.7943, GNorm = 0.1109, lr_0 = 4.0825e-04
Loss = 4.3660e-02, PNorm = 76.8366, GNorm = 0.0899, lr_0 = 4.0432e-04
Loss = 3.9967e-02, PNorm = 76.8718, GNorm = 0.1759, lr_0 = 4.0042e-04
Validation auc = 0.972761
Epoch 13
Loss = 3.0194e-02, PNorm = 76.9117, GNorm = 0.1325, lr_0 = 3.9657e-04
Loss = 3.2725e-02, PNorm = 76.9510, GNorm = 0.0585, lr_0 = 3.9275e-04
Loss = 3.8043e-02, PNorm = 76.9967, GNorm = 0.2610, lr_0 = 3.8897e-04
Loss = 9.1977e-03, PNorm = 77.0524, GNorm = 0.0662, lr_0 = 3.8522e-04
Loss = 6.2574e-02, PNorm = 77.0589, GNorm = 0.2616, lr_0 = 3.8152e-04
Loss = 3.4967e-02, PNorm = 77.1357, GNorm = 0.1846, lr_0 = 3.7784e-04
Loss = 4.5830e-02, PNorm = 77.1718, GNorm = 0.3051, lr_0 = 3.7420e-04
Loss = 4.0185e-02, PNorm = 77.2083, GNorm = 0.2328, lr_0 = 3.7060e-04
Validation auc = 0.973838
Epoch 14
Loss = 4.2372e-02, PNorm = 77.2591, GNorm = 0.3973, lr_0 = 3.6668e-04
Loss = 3.5675e-02, PNorm = 77.2819, GNorm = 0.2258, lr_0 = 3.6315e-04
Loss = 2.8634e-02, PNorm = 77.3226, GNorm = 0.2964, lr_0 = 3.5965e-04
Loss = 3.4412e-02, PNorm = 77.3644, GNorm = 0.3057, lr_0 = 3.5619e-04
Loss = 1.2344e-02, PNorm = 77.3963, GNorm = 0.1024, lr_0 = 3.5276e-04
Loss = 2.2804e-02, PNorm = 77.4274, GNorm = 0.2409, lr_0 = 3.4936e-04
Loss = 5.3822e-02, PNorm = 77.4390, GNorm = 0.3566, lr_0 = 3.4600e-04
Loss = 3.2158e-02, PNorm = 77.4712, GNorm = 0.1926, lr_0 = 3.4267e-04
Loss = 3.7509e-02, PNorm = 77.5000, GNorm = 0.1839, lr_0 = 3.3937e-04
Validation auc = 0.966755
Epoch 15
Loss = 1.6917e-02, PNorm = 77.5340, GNorm = 0.1314, lr_0 = 3.3610e-04
Loss = 2.5729e-02, PNorm = 77.5746, GNorm = 0.2458, lr_0 = 3.3287e-04
Loss = 1.9187e-02, PNorm = 77.6045, GNorm = 0.1305, lr_0 = 3.2966e-04
Loss = 2.9757e-02, PNorm = 77.6215, GNorm = 0.2554, lr_0 = 3.2649e-04
Loss = 3.2109e-02, PNorm = 77.6639, GNorm = 0.2004, lr_0 = 3.2334e-04
Loss = 2.0497e-02, PNorm = 77.6962, GNorm = 0.3369, lr_0 = 3.2023e-04
Loss = 2.4220e-02, PNorm = 77.7193, GNorm = 0.1163, lr_0 = 3.1715e-04
Loss = 3.8008e-02, PNorm = 77.7488, GNorm = 0.0755, lr_0 = 3.1409e-04
Loss = 3.9736e-02, PNorm = 77.7880, GNorm = 0.2612, lr_0 = 3.1107e-04
Validation auc = 0.970620
Epoch 16
Loss = 2.5494e-02, PNorm = 77.8233, GNorm = 0.2732, lr_0 = 3.0807e-04
Loss = 3.9349e-02, PNorm = 77.8384, GNorm = 0.1735, lr_0 = 3.0511e-04
Loss = 1.7808e-02, PNorm = 77.8811, GNorm = 0.0711, lr_0 = 3.0217e-04
Loss = 3.4130e-02, PNorm = 77.8984, GNorm = 0.3629, lr_0 = 2.9926e-04
Loss = 1.8654e-02, PNorm = 77.9189, GNorm = 0.0936, lr_0 = 2.9638e-04
Loss = 3.1641e-02, PNorm = 77.9517, GNorm = 0.3136, lr_0 = 2.9353e-04
Loss = 2.6806e-02, PNorm = 77.9794, GNorm = 0.0794, lr_0 = 2.9070e-04
Loss = 1.8824e-02, PNorm = 78.0001, GNorm = 0.0945, lr_0 = 2.8790e-04
Validation auc = 0.968858
Epoch 17
Loss = 1.8649e-02, PNorm = 78.0239, GNorm = 0.1256, lr_0 = 2.8485e-04
Loss = 2.9978e-02, PNorm = 78.0456, GNorm = 0.3550, lr_0 = 2.8211e-04
Loss = 1.9804e-02, PNorm = 78.0644, GNorm = 0.1559, lr_0 = 2.7939e-04
Loss = 2.5028e-02, PNorm = 78.0971, GNorm = 0.0441, lr_0 = 2.7670e-04
Loss = 2.1125e-02, PNorm = 78.1172, GNorm = 0.0619, lr_0 = 2.7404e-04
Loss = 2.5270e-02, PNorm = 78.1358, GNorm = 0.2798, lr_0 = 2.7140e-04
Loss = 3.3269e-02, PNorm = 78.1615, GNorm = 0.2946, lr_0 = 2.6879e-04
Loss = 1.7631e-02, PNorm = 78.1993, GNorm = 0.2716, lr_0 = 2.6620e-04
Loss = 2.2060e-02, PNorm = 78.2135, GNorm = 0.3725, lr_0 = 2.6364e-04
Validation auc = 0.970503
Epoch 18
Loss = 3.3579e-02, PNorm = 78.2426, GNorm = 0.6017, lr_0 = 2.6110e-04
Loss = 3.3790e-02, PNorm = 78.2948, GNorm = 0.0271, lr_0 = 2.5859e-04
Loss = 1.9469e-02, PNorm = 78.3117, GNorm = 0.1255, lr_0 = 2.5610e-04
Loss = 1.1447e-02, PNorm = 78.3394, GNorm = 0.0541, lr_0 = 2.5363e-04
Loss = 2.1823e-02, PNorm = 78.3600, GNorm = 0.6979, lr_0 = 2.5119e-04
Loss = 2.5850e-02, PNorm = 78.3673, GNorm = 0.1403, lr_0 = 2.4877e-04
Loss = 3.0900e-02, PNorm = 78.3937, GNorm = 0.1794, lr_0 = 2.4638e-04
Loss = 3.4054e-02, PNorm = 78.4128, GNorm = 0.0925, lr_0 = 2.4400e-04
Validation auc = 0.966857
Epoch 19
Loss = 1.9889e-02, PNorm = 78.4308, GNorm = 0.0976, lr_0 = 2.4165e-04
Loss = 2.2917e-02, PNorm = 78.4566, GNorm = 0.0730, lr_0 = 2.3933e-04
Loss = 1.4210e-02, PNorm = 78.4846, GNorm = 0.0604, lr_0 = 2.3702e-04
Loss = 3.1992e-02, PNorm = 78.4968, GNorm = 0.1650, lr_0 = 2.3474e-04
Loss = 1.9442e-02, PNorm = 78.5152, GNorm = 0.1245, lr_0 = 2.3248e-04
Loss = 1.8570e-02, PNorm = 78.5528, GNorm = 0.0789, lr_0 = 2.3024e-04
Loss = 3.1702e-02, PNorm = 78.5788, GNorm = 0.4831, lr_0 = 2.2803e-04
Loss = 1.4309e-02, PNorm = 78.6032, GNorm = 0.0804, lr_0 = 2.2583e-04
Loss = 2.1600e-02, PNorm = 78.6284, GNorm = 0.1526, lr_0 = 2.2366e-04
Validation auc = 0.965032
Epoch 20
Loss = 1.3554e-02, PNorm = 78.6465, GNorm = 0.4084, lr_0 = 2.2129e-04
Loss = 2.2228e-02, PNorm = 78.6605, GNorm = 0.1494, lr_0 = 2.1916e-04
Loss = 1.4750e-02, PNorm = 78.6818, GNorm = 0.1979, lr_0 = 2.1705e-04
Loss = 2.1279e-02, PNorm = 78.7074, GNorm = 0.3014, lr_0 = 2.1496e-04
Loss = 1.0358e-02, PNorm = 78.7220, GNorm = 0.0853, lr_0 = 2.1289e-04
Loss = 1.5727e-02, PNorm = 78.7481, GNorm = 0.0164, lr_0 = 2.1084e-04
Loss = 3.5183e-02, PNorm = 78.7572, GNorm = 0.3233, lr_0 = 2.0881e-04
Loss = 3.5987e-02, PNorm = 78.7710, GNorm = 0.5280, lr_0 = 2.0680e-04
Validation auc = 0.971915
Epoch 21
Loss = 2.0740e-02, PNorm = 78.7952, GNorm = 0.2007, lr_0 = 2.0481e-04
Loss = 1.4372e-02, PNorm = 78.8127, GNorm = 0.0548, lr_0 = 2.0283e-04
Loss = 1.5281e-02, PNorm = 78.8319, GNorm = 0.1452, lr_0 = 2.0088e-04
Loss = 1.5237e-02, PNorm = 78.8586, GNorm = 0.3132, lr_0 = 1.9895e-04
Loss = 1.9133e-02, PNorm = 78.8765, GNorm = 0.2357, lr_0 = 1.9703e-04
Loss = 1.5661e-02, PNorm = 78.8951, GNorm = 0.2984, lr_0 = 1.9514e-04
Loss = 2.8591e-02, PNorm = 78.9098, GNorm = 0.3636, lr_0 = 1.9326e-04
Loss = 1.8208e-02, PNorm = 78.9268, GNorm = 0.2945, lr_0 = 1.9140e-04
Loss = 1.7576e-02, PNorm = 78.9460, GNorm = 0.2116, lr_0 = 1.8955e-04
Validation auc = 0.964656
Epoch 22
Loss = 1.7307e-02, PNorm = 78.9563, GNorm = 0.0972, lr_0 = 1.8773e-04
Loss = 1.3252e-02, PNorm = 78.9725, GNorm = 0.0318, lr_0 = 1.8592e-04
Loss = 2.0896e-02, PNorm = 78.9911, GNorm = 0.0673, lr_0 = 1.8413e-04
Loss = 2.4317e-02, PNorm = 79.0029, GNorm = 0.0788, lr_0 = 1.8236e-04
Loss = 2.0097e-02, PNorm = 79.0188, GNorm = 0.2735, lr_0 = 1.8060e-04
Loss = 2.5083e-02, PNorm = 79.0453, GNorm = 0.0915, lr_0 = 1.7886e-04
Loss = 1.2284e-02, PNorm = 79.0622, GNorm = 0.0145, lr_0 = 1.7714e-04
Loss = 1.1504e-02, PNorm = 79.0740, GNorm = 0.0250, lr_0 = 1.7544e-04
Validation auc = 0.964618
Epoch 23
Loss = 2.9092e-02, PNorm = 79.0823, GNorm = 0.1984, lr_0 = 1.7358e-04
Loss = 1.4032e-02, PNorm = 79.1093, GNorm = 0.1089, lr_0 = 1.7191e-04
Loss = 2.3579e-02, PNorm = 79.1242, GNorm = 0.0392, lr_0 = 1.7025e-04
Loss = 1.1302e-02, PNorm = 79.1416, GNorm = 0.1870, lr_0 = 1.6861e-04
Loss = 2.0847e-02, PNorm = 79.1629, GNorm = 0.4479, lr_0 = 1.6699e-04
Loss = 1.5388e-02, PNorm = 79.1727, GNorm = 0.2553, lr_0 = 1.6538e-04
Loss = 1.8268e-02, PNorm = 79.1887, GNorm = 0.0187, lr_0 = 1.6379e-04
Loss = 1.7587e-02, PNorm = 79.1960, GNorm = 0.2856, lr_0 = 1.6221e-04
Loss = 1.7851e-02, PNorm = 79.2111, GNorm = 0.0545, lr_0 = 1.6065e-04
Validation auc = 0.960224
Epoch 24
Loss = 1.2011e-02, PNorm = 79.2268, GNorm = 0.1932, lr_0 = 1.5910e-04
Loss = 1.8403e-02, PNorm = 79.2454, GNorm = 0.0130, lr_0 = 1.5757e-04
Loss = 1.3234e-02, PNorm = 79.2593, GNorm = 0.1788, lr_0 = 1.5605e-04
Loss = 1.1783e-02, PNorm = 79.2697, GNorm = 0.1356, lr_0 = 1.5455e-04
Loss = 1.9211e-02, PNorm = 79.2758, GNorm = 0.2581, lr_0 = 1.5306e-04
Loss = 1.6848e-02, PNorm = 79.2835, GNorm = 0.3122, lr_0 = 1.5159e-04
Loss = 1.7056e-02, PNorm = 79.3118, GNorm = 0.0821, lr_0 = 1.5013e-04
Loss = 1.3595e-02, PNorm = 79.3260, GNorm = 0.0210, lr_0 = 1.4869e-04
Loss = 1.2145e-02, PNorm = 79.3332, GNorm = 0.0779, lr_0 = 1.4725e-04
Validation auc = 0.959908
Epoch 25
Loss = 1.3224e-02, PNorm = 79.3478, GNorm = 0.5014, lr_0 = 1.4584e-04
Loss = 1.7091e-02, PNorm = 79.3646, GNorm = 0.3942, lr_0 = 1.4443e-04
Loss = 8.5255e-03, PNorm = 79.3807, GNorm = 0.0749, lr_0 = 1.4304e-04
Loss = 1.9531e-02, PNorm = 79.3947, GNorm = 0.0235, lr_0 = 1.4166e-04
Loss = 8.2166e-03, PNorm = 79.4100, GNorm = 0.4008, lr_0 = 1.4030e-04
Loss = 1.4090e-02, PNorm = 79.4170, GNorm = 0.0824, lr_0 = 1.3895e-04
Loss = 1.5373e-02, PNorm = 79.4225, GNorm = 0.0655, lr_0 = 1.3761e-04
Loss = 2.2593e-02, PNorm = 79.4339, GNorm = 0.4354, lr_0 = 1.3629e-04
Validation auc = 0.946145
Epoch 26
Loss = 1.0330e-02, PNorm = 79.4537, GNorm = 0.0490, lr_0 = 1.3484e-04
Loss = 1.0665e-02, PNorm = 79.4681, GNorm = 0.0453, lr_0 = 1.3355e-04
Loss = 1.7655e-02, PNorm = 79.4733, GNorm = 0.0672, lr_0 = 1.3226e-04
Loss = 1.9026e-02, PNorm = 79.4929, GNorm = 0.0456, lr_0 = 1.3099e-04
Loss = 1.7279e-02, PNorm = 79.5166, GNorm = 0.0170, lr_0 = 1.2973e-04
Loss = 1.7113e-02, PNorm = 79.5273, GNorm = 0.5552, lr_0 = 1.2848e-04
Loss = 1.0814e-02, PNorm = 79.5331, GNorm = 0.3554, lr_0 = 1.2724e-04
Loss = 1.0437e-02, PNorm = 79.5487, GNorm = 0.1517, lr_0 = 1.2601e-04
Loss = 8.4999e-03, PNorm = 79.5606, GNorm = 0.1252, lr_0 = 1.2480e-04
Validation auc = 0.963827
Epoch 27
Loss = 4.9007e-03, PNorm = 79.5645, GNorm = 0.0782, lr_0 = 1.2360e-04
Loss = 1.3864e-02, PNorm = 79.5652, GNorm = 0.2562, lr_0 = 1.2241e-04
Loss = 8.9569e-03, PNorm = 79.5719, GNorm = 0.0628, lr_0 = 1.2123e-04
Loss = 9.5447e-03, PNorm = 79.5808, GNorm = 0.2381, lr_0 = 1.2006e-04
Loss = 1.6283e-02, PNorm = 79.5906, GNorm = 0.4778, lr_0 = 1.1891e-04
Loss = 8.9497e-03, PNorm = 79.5977, GNorm = 0.0392, lr_0 = 1.1776e-04
Loss = 1.5878e-02, PNorm = 79.6068, GNorm = 0.2333, lr_0 = 1.1663e-04
Loss = 1.6513e-02, PNorm = 79.6114, GNorm = 0.6105, lr_0 = 1.1551e-04
Validation auc = 0.965815
Epoch 28
Loss = 1.3770e-02, PNorm = 79.6213, GNorm = 0.2539, lr_0 = 1.1428e-04
Loss = 1.2701e-02, PNorm = 79.6417, GNorm = 0.4970, lr_0 = 1.1318e-04
Loss = 1.2571e-02, PNorm = 79.6506, GNorm = 0.1103, lr_0 = 1.1209e-04
Loss = 2.3215e-02, PNorm = 79.6552, GNorm = 0.0820, lr_0 = 1.1101e-04
Loss = 7.4505e-03, PNorm = 79.6686, GNorm = 0.0242, lr_0 = 1.0995e-04
Loss = 7.1984e-03, PNorm = 79.6776, GNorm = 0.0258, lr_0 = 1.0889e-04
Loss = 1.4498e-02, PNorm = 79.6782, GNorm = 0.1143, lr_0 = 1.0784e-04
Loss = 9.1223e-03, PNorm = 79.6892, GNorm = 0.1764, lr_0 = 1.0680e-04
Loss = 2.1150e-02, PNorm = 79.7000, GNorm = 0.1718, lr_0 = 1.0577e-04
Validation auc = 0.960143
Epoch 29
Loss = 1.1388e-02, PNorm = 79.7052, GNorm = 0.2154, lr_0 = 1.0475e-04
Loss = 7.4894e-03, PNorm = 79.7166, GNorm = 0.0173, lr_0 = 1.0374e-04
Loss = 1.0843e-02, PNorm = 79.7230, GNorm = 0.0617, lr_0 = 1.0275e-04
Loss = 1.6984e-02, PNorm = 79.7286, GNorm = 0.2316, lr_0 = 1.0176e-04
Loss = 1.2237e-02, PNorm = 79.7402, GNorm = 0.4796, lr_0 = 1.0078e-04
Loss = 9.9048e-03, PNorm = 79.7468, GNorm = 0.2265, lr_0 = 1.0000e-04
Loss = 1.1225e-02, PNorm = 79.7545, GNorm = 0.0563, lr_0 = 1.0000e-04
Loss = 1.8657e-02, PNorm = 79.7604, GNorm = 0.2280, lr_0 = 1.0000e-04
Validation auc = 0.966778
Model 0 best validation auc = 0.977768 on epoch 7
Loading pretrained parameter "encoder.encoder.0.cached_zero_vector".
Loading pretrained parameter "encoder.encoder.0.W_i.weight".
Loading pretrained parameter "encoder.encoder.0.W_h.weight".
Loading pretrained parameter "encoder.encoder.0.W_o.weight".
Loading pretrained parameter "encoder.encoder.0.W_o.bias".
Loading pretrained parameter "ffn.1.weight".
Loading pretrained parameter "ffn.1.bias".
Loading pretrained parameter "ffn.4.weight".
Loading pretrained parameter "ffn.4.bias".
Moving model to cuda
Model 0 test auc = 0.759926
Ensemble test auc = 0.759926
Fold 1
Splitting data with seed 1
Total scaffolds = 3,467 | train scaffolds = 2,658 | val scaffolds = 399 | test scaffolds = 410
Label averages per scaffold, in decreasing order of scaffold frequency,capped at 10 scaffolds and 20 labels:
Scaffold 0
Task 0: count = 381 | target average = 0.018373
Task 1: count = 381 | target average = 0.013123


Scaffold 1
Task 0: count = 305 | target average = 0.009836
Task 1: count = 305 | target average = 0.016393


Scaffold 2
Task 0: count = 36 | target average = 0.000000
Task 1: count = 36 | target average = 0.000000


Scaffold 3
Task 0: count = 29 | target average = 0.000000
Task 1: count = 29 | target average = 0.000000


Scaffold 4
Task 0: count = 26 | target average = 0.000000
Task 1: count = 26 | target average = 0.000000


Scaffold 5
Task 0: count = 23 | target average = 0.000000
Task 1: count = 23 | target average = 0.000000


Scaffold 6
Task 0: count = 22 | target average = 0.090909
Task 1: count = 22 | target average = 0.090909


Scaffold 7
Task 0: count = 20 | target average = 0.050000
Task 1: count = 20 | target average = 0.000000


Scaffold 8
Task 0: count = 20 | target average = 0.000000
Task 1: count = 20 | target average = 0.000000


Scaffold 9
Task 0: count = 20 | target average = 0.000000
Task 1: count = 20 | target average = 0.000000


Class sizes
hit_inh 0: 97.83%, 1: 2.17%
hit_kill 0: 98.64%, 1: 1.36%
Total size = 5,353 | train size = 4,282 | val size = 535 | test size = 536
Building model 0
MoleculeModel(
  (sigmoid): Sigmoid()
  (encoder): MPN(
    (encoder): ModuleList(
      (0): MPNEncoder(
        (dropout_layer): Dropout(p=0.25, inplace=False)
        (act_func): ReLU()
        (W_i): Linear(in_features=147, out_features=1500, bias=False)
        (W_h): Linear(in_features=1500, out_features=1500, bias=False)
        (W_o): Linear(in_features=1633, out_features=1500, bias=True)
      )
    )
  )
  (ffn): Sequential(
    (0): Dropout(p=0.25, inplace=False)
    (1): Linear(in_features=1700, out_features=1500, bias=True)
    (2): ReLU()
    (3): Dropout(p=0.25, inplace=False)
    (4): Linear(in_features=1500, out_features=2, bias=True)
  )
)
Number of parameters = 7,476,002
Moving model to cuda
Epoch 0
Loss = 2.0744e-01, PNorm = 70.2129, GNorm = 0.0186, lr_0 = 1.5824e-04
Loss = 1.2132e-01, PNorm = 70.2246, GNorm = 0.3669, lr_0 = 2.1118e-04
Loss = 7.9498e-02, PNorm = 70.2403, GNorm = 0.6400, lr_0 = 2.6412e-04
Loss = 7.0861e-02, PNorm = 70.2550, GNorm = 0.1554, lr_0 = 3.1706e-04
Loss = 8.5229e-02, PNorm = 70.2701, GNorm = 0.1855, lr_0 = 3.7000e-04
Loss = 1.0445e-01, PNorm = 70.2893, GNorm = 0.1686, lr_0 = 4.2294e-04
Loss = 1.0274e-01, PNorm = 70.3187, GNorm = 0.2411, lr_0 = 4.7588e-04
Loss = 1.0598e-01, PNorm = 70.3510, GNorm = 0.1873, lr_0 = 5.2882e-04
Validation auc = 0.841003
Epoch 1
Loss = 4.6231e-02, PNorm = 70.4045, GNorm = 0.2229, lr_0 = 5.8706e-04
Loss = 9.4292e-02, PNorm = 70.4475, GNorm = 0.2514, lr_0 = 6.4000e-04
Loss = 1.0491e-01, PNorm = 70.5053, GNorm = 0.5307, lr_0 = 6.9294e-04
Loss = 8.8801e-02, PNorm = 70.5844, GNorm = 0.2286, lr_0 = 7.4588e-04
Loss = 6.8265e-02, PNorm = 70.6573, GNorm = 0.2697, lr_0 = 7.9882e-04
Loss = 6.1898e-02, PNorm = 70.7178, GNorm = 0.1164, lr_0 = 8.5176e-04
Loss = 8.0054e-02, PNorm = 70.7795, GNorm = 0.1957, lr_0 = 9.0471e-04
Loss = 8.3010e-02, PNorm = 70.8502, GNorm = 0.1739, lr_0 = 9.5765e-04
Loss = 1.0240e-01, PNorm = 70.9410, GNorm = 0.2466, lr_0 = 9.9807e-04
Validation auc = 0.866662
Epoch 2
Loss = 7.4881e-02, PNorm = 71.0618, GNorm = 0.0464, lr_0 = 9.8846e-04
Loss = 8.9593e-02, PNorm = 71.1494, GNorm = 0.2404, lr_0 = 9.7894e-04
Loss = 7.8153e-02, PNorm = 71.2594, GNorm = 0.0762, lr_0 = 9.6952e-04
Loss = 7.7161e-02, PNorm = 71.3291, GNorm = 0.1771, lr_0 = 9.6018e-04
Loss = 4.9273e-02, PNorm = 71.4371, GNorm = 0.1516, lr_0 = 9.5094e-04
Loss = 6.8095e-02, PNorm = 71.4842, GNorm = 0.1489, lr_0 = 9.4178e-04
Loss = 8.6335e-02, PNorm = 71.5587, GNorm = 0.1474, lr_0 = 9.3271e-04
Loss = 7.3150e-02, PNorm = 71.6502, GNorm = 0.2453, lr_0 = 9.2373e-04
Validation auc = 0.899077
Epoch 3
Loss = 1.2897e-01, PNorm = 71.7526, GNorm = 0.3179, lr_0 = 9.1395e-04
Loss = 8.3234e-02, PNorm = 71.8571, GNorm = 0.2608, lr_0 = 9.0515e-04
Loss = 5.0404e-02, PNorm = 71.9842, GNorm = 0.1695, lr_0 = 8.9644e-04
Loss = 6.3762e-02, PNorm = 72.0467, GNorm = 0.2596, lr_0 = 8.8781e-04
Loss = 7.0559e-02, PNorm = 72.1204, GNorm = 0.1313, lr_0 = 8.7926e-04
Loss = 6.6477e-02, PNorm = 72.2036, GNorm = 0.1615, lr_0 = 8.7080e-04
Loss = 6.7413e-02, PNorm = 72.2836, GNorm = 0.2143, lr_0 = 8.6241e-04
Loss = 9.8451e-02, PNorm = 72.3590, GNorm = 0.1906, lr_0 = 8.5411e-04
Loss = 6.0930e-02, PNorm = 72.4259, GNorm = 0.1683, lr_0 = 8.4588e-04
Validation auc = 0.856858
Epoch 4
Loss = 3.5283e-02, PNorm = 72.5009, GNorm = 0.0734, lr_0 = 8.3774e-04
Loss = 6.5107e-02, PNorm = 72.5729, GNorm = 0.3874, lr_0 = 8.2967e-04
Loss = 9.4841e-02, PNorm = 72.6519, GNorm = 0.0990, lr_0 = 8.2169e-04
Loss = 5.5726e-02, PNorm = 72.7483, GNorm = 0.2055, lr_0 = 8.1377e-04
Loss = 7.7425e-02, PNorm = 72.8182, GNorm = 0.2301, lr_0 = 8.0594e-04
Loss = 5.7447e-02, PNorm = 72.8932, GNorm = 0.3450, lr_0 = 7.9818e-04
Loss = 8.2892e-02, PNorm = 72.9309, GNorm = 0.1574, lr_0 = 7.9050e-04
Loss = 7.5841e-02, PNorm = 72.9954, GNorm = 0.1204, lr_0 = 7.8288e-04
Validation auc = 0.870548
Epoch 5
Loss = 3.3321e-02, PNorm = 73.0717, GNorm = 0.2036, lr_0 = 7.7535e-04
Loss = 5.1883e-02, PNorm = 73.1050, GNorm = 0.1229, lr_0 = 7.6788e-04
Loss = 5.4310e-02, PNorm = 73.1750, GNorm = 0.0926, lr_0 = 7.6049e-04
Loss = 4.1526e-02, PNorm = 73.2370, GNorm = 0.2438, lr_0 = 7.5317e-04
Loss = 6.6213e-02, PNorm = 73.2679, GNorm = 0.1543, lr_0 = 7.4591e-04
Loss = 6.3166e-02, PNorm = 73.3562, GNorm = 0.4126, lr_0 = 7.3873e-04
Loss = 7.0387e-02, PNorm = 73.4290, GNorm = 0.3226, lr_0 = 7.3162e-04
Loss = 5.7533e-02, PNorm = 73.4919, GNorm = 0.1203, lr_0 = 7.2458e-04
Loss = 7.4354e-02, PNorm = 73.5399, GNorm = 0.1607, lr_0 = 7.1760e-04
Validation auc = 0.865660
Epoch 6
Loss = 5.1547e-02, PNorm = 73.6211, GNorm = 0.1730, lr_0 = 7.1000e-04
Loss = 8.4975e-02, PNorm = 73.6876, GNorm = 0.2868, lr_0 = 7.0317e-04
Loss = 4.1323e-02, PNorm = 73.7881, GNorm = 0.6822, lr_0 = 6.9640e-04
Loss = 4.5124e-02, PNorm = 73.8525, GNorm = 0.2422, lr_0 = 6.8969e-04
Loss = 5.0023e-02, PNorm = 73.9470, GNorm = 0.0522, lr_0 = 6.8305e-04
Loss = 6.8854e-02, PNorm = 73.9854, GNorm = 0.1453, lr_0 = 6.7648e-04
Loss = 5.5473e-02, PNorm = 74.0660, GNorm = 0.3861, lr_0 = 6.6996e-04
Loss = 8.1078e-02, PNorm = 74.1021, GNorm = 0.2217, lr_0 = 6.6351e-04
Validation auc = 0.855231
Epoch 7
Loss = 2.7646e-02, PNorm = 74.1822, GNorm = 0.1506, lr_0 = 6.5712e-04
Loss = 3.8576e-02, PNorm = 74.2602, GNorm = 0.0538, lr_0 = 6.5080e-04
Loss = 6.9938e-02, PNorm = 74.3221, GNorm = 0.3512, lr_0 = 6.4453e-04
Loss = 5.9208e-02, PNorm = 74.3882, GNorm = 0.1934, lr_0 = 6.3833e-04
Loss = 5.4351e-02, PNorm = 74.4460, GNorm = 0.1421, lr_0 = 6.3218e-04
Loss = 4.6676e-02, PNorm = 74.5296, GNorm = 1.0408, lr_0 = 6.2609e-04
Loss = 4.0664e-02, PNorm = 74.6086, GNorm = 0.0714, lr_0 = 6.2006e-04
Loss = 5.3752e-02, PNorm = 74.6706, GNorm = 0.3068, lr_0 = 6.1409e-04
Loss = 6.0869e-02, PNorm = 74.7201, GNorm = 0.1979, lr_0 = 6.0818e-04
Validation auc = 0.881825
Epoch 8
Loss = 2.9232e-02, PNorm = 74.7992, GNorm = 0.0437, lr_0 = 6.0233e-04
Loss = 4.9657e-02, PNorm = 74.8433, GNorm = 0.1731, lr_0 = 5.9653e-04
Loss = 4.1745e-02, PNorm = 74.9072, GNorm = 0.1128, lr_0 = 5.9078e-04
Loss = 4.3479e-02, PNorm = 74.9534, GNorm = 0.0885, lr_0 = 5.8510e-04
Loss = 4.1101e-02, PNorm = 75.0067, GNorm = 0.1387, lr_0 = 5.7946e-04
Loss = 4.9879e-02, PNorm = 75.0606, GNorm = 0.1363, lr_0 = 5.7388e-04
Loss = 4.5268e-02, PNorm = 75.1106, GNorm = 0.1853, lr_0 = 5.6836e-04
Loss = 6.2175e-02, PNorm = 75.1691, GNorm = 0.0853, lr_0 = 5.6289e-04
Loss = 8.2140e-02, PNorm = 75.2104, GNorm = 0.2279, lr_0 = 5.5747e-04
Loss = 1.8465e-02, PNorm = 75.2187, GNorm = 0.1594, lr_0 = 5.5693e-04
Validation auc = 0.854363
Epoch 9
Loss = 2.9791e-02, PNorm = 75.3084, GNorm = 0.1521, lr_0 = 5.5156e-04
Loss = 4.6089e-02, PNorm = 75.3551, GNorm = 0.0688, lr_0 = 5.4625e-04
Loss = 6.6502e-02, PNorm = 75.4146, GNorm = 0.1908, lr_0 = 5.4100e-04
Loss = 5.0934e-02, PNorm = 75.4838, GNorm = 0.6033, lr_0 = 5.3579e-04
Loss = 5.5734e-02, PNorm = 75.5085, GNorm = 0.1556, lr_0 = 5.3063e-04
Loss = 3.3311e-02, PNorm = 75.5812, GNorm = 0.1105, lr_0 = 5.2552e-04
Loss = 3.6072e-02, PNorm = 75.6246, GNorm = 0.1254, lr_0 = 5.2046e-04
Loss = 5.5132e-02, PNorm = 75.6758, GNorm = 0.1688, lr_0 = 5.1545e-04
Validation auc = 0.878439
Epoch 10
Loss = 2.0552e-02, PNorm = 75.7231, GNorm = 0.1647, lr_0 = 5.1049e-04
Loss = 3.0379e-02, PNorm = 75.7702, GNorm = 0.0492, lr_0 = 5.0557e-04
Loss = 3.9917e-02, PNorm = 75.8067, GNorm = 0.1494, lr_0 = 5.0070e-04
Loss = 5.3542e-02, PNorm = 75.8500, GNorm = 0.1942, lr_0 = 4.9588e-04
Loss = 4.7448e-02, PNorm = 75.8823, GNorm = 0.4202, lr_0 = 4.9111e-04
Loss = 5.9973e-02, PNorm = 75.9428, GNorm = 0.2391, lr_0 = 4.8638e-04
Loss = 3.4549e-02, PNorm = 76.0194, GNorm = 0.1762, lr_0 = 4.8170e-04
Loss = 3.3954e-02, PNorm = 76.0770, GNorm = 0.1546, lr_0 = 4.7706e-04
Loss = 5.9089e-02, PNorm = 76.1252, GNorm = 0.0776, lr_0 = 4.7247e-04
Validation auc = 0.873328
Epoch 11
Loss = 2.7185e-02, PNorm = 76.1807, GNorm = 0.0554, lr_0 = 4.6792e-04
Loss = 2.2766e-02, PNorm = 76.2262, GNorm = 0.3089, lr_0 = 4.6341e-04
Loss = 3.9424e-02, PNorm = 76.2551, GNorm = 0.1112, lr_0 = 4.5895e-04
Loss = 4.8504e-02, PNorm = 76.2987, GNorm = 0.1334, lr_0 = 4.5453e-04
Loss = 4.8451e-02, PNorm = 76.3514, GNorm = 0.0558, lr_0 = 4.5015e-04
Loss = 2.3621e-02, PNorm = 76.3895, GNorm = 0.0513, lr_0 = 4.4582e-04
Loss = 5.6242e-02, PNorm = 76.4271, GNorm = 0.3421, lr_0 = 4.4153e-04
Loss = 3.0258e-02, PNorm = 76.4973, GNorm = 0.0696, lr_0 = 4.3728e-04
Validation auc = 0.886412
Epoch 12
Loss = 2.6622e-02, PNorm = 76.5416, GNorm = 0.2331, lr_0 = 4.3265e-04
Loss = 3.3992e-02, PNorm = 76.6223, GNorm = 0.2284, lr_0 = 4.2848e-04
Loss = 3.4306e-02, PNorm = 76.6673, GNorm = 0.4034, lr_0 = 4.2436e-04
Loss = 2.2890e-02, PNorm = 76.6937, GNorm = 0.0665, lr_0 = 4.2027e-04
Loss = 3.7760e-02, PNorm = 76.7256, GNorm = 0.2120, lr_0 = 4.1622e-04
Loss = 3.7512e-02, PNorm = 76.7551, GNorm = 0.2285, lr_0 = 4.1222e-04
Loss = 6.4492e-02, PNorm = 76.7909, GNorm = 0.2467, lr_0 = 4.0825e-04
Loss = 4.7751e-02, PNorm = 76.8400, GNorm = 0.1619, lr_0 = 4.0432e-04
Loss = 4.7164e-02, PNorm = 76.8885, GNorm = 0.5365, lr_0 = 4.0042e-04
Validation auc = 0.887961
Epoch 13
Loss = 3.8990e-02, PNorm = 76.9213, GNorm = 0.2866, lr_0 = 3.9657e-04
Loss = 2.4489e-02, PNorm = 76.9757, GNorm = 0.0176, lr_0 = 3.9275e-04
Loss = 3.1498e-02, PNorm = 77.0058, GNorm = 0.1131, lr_0 = 3.8897e-04
Loss = 2.9235e-02, PNorm = 77.0412, GNorm = 0.1484, lr_0 = 3.8522e-04
Loss = 3.5253e-02, PNorm = 77.0761, GNorm = 0.2246, lr_0 = 3.8152e-04
Loss = 3.0380e-02, PNorm = 77.1019, GNorm = 0.1741, lr_0 = 3.7784e-04
Loss = 4.5297e-02, PNorm = 77.1391, GNorm = 0.2426, lr_0 = 3.7420e-04
Loss = 3.1326e-02, PNorm = 77.1895, GNorm = 0.1464, lr_0 = 3.7060e-04
Validation auc = 0.896006
Epoch 14
Loss = 2.0361e-02, PNorm = 77.2225, GNorm = 0.2052, lr_0 = 3.6668e-04
Loss = 1.9927e-02, PNorm = 77.2577, GNorm = 0.1400, lr_0 = 3.6315e-04
Loss = 5.2375e-02, PNorm = 77.2809, GNorm = 0.3619, lr_0 = 3.5965e-04
Loss = 2.4779e-02, PNorm = 77.3460, GNorm = 0.2904, lr_0 = 3.5619e-04
Loss = 2.6323e-02, PNorm = 77.3942, GNorm = 0.2599, lr_0 = 3.5276e-04
Loss = 2.1551e-02, PNorm = 77.4179, GNorm = 0.1899, lr_0 = 3.4936e-04
Loss = 5.9324e-02, PNorm = 77.4310, GNorm = 0.2850, lr_0 = 3.4600e-04
Loss = 3.0404e-02, PNorm = 77.4735, GNorm = 0.1790, lr_0 = 3.4267e-04
Loss = 2.4856e-02, PNorm = 77.5015, GNorm = 0.2293, lr_0 = 3.3937e-04
Validation auc = 0.836039
Epoch 15
Loss = 6.4115e-02, PNorm = 77.5129, GNorm = 0.1599, lr_0 = 3.3610e-04
Loss = 2.8158e-02, PNorm = 77.5574, GNorm = 0.1010, lr_0 = 3.3287e-04
Loss = 4.7467e-02, PNorm = 77.5813, GNorm = 0.2970, lr_0 = 3.2966e-04
Loss = 2.7779e-02, PNorm = 77.5960, GNorm = 0.1750, lr_0 = 3.2649e-04
Loss = 2.2396e-02, PNorm = 77.6331, GNorm = 0.2302, lr_0 = 3.2334e-04
Loss = 3.5457e-02, PNorm = 77.6668, GNorm = 0.0607, lr_0 = 3.2023e-04
Loss = 2.8615e-02, PNorm = 77.6905, GNorm = 0.1980, lr_0 = 3.1715e-04
Loss = 2.2018e-02, PNorm = 77.7227, GNorm = 0.2288, lr_0 = 3.1409e-04
Loss = 3.4842e-02, PNorm = 77.7593, GNorm = 0.0943, lr_0 = 3.1107e-04
Validation auc = 0.891101
Epoch 16
Loss = 2.2941e-02, PNorm = 77.8015, GNorm = 0.1056, lr_0 = 3.0807e-04
Loss = 1.8460e-02, PNorm = 77.8419, GNorm = 0.0463, lr_0 = 3.0511e-04
Loss = 3.4007e-02, PNorm = 77.8725, GNorm = 0.2055, lr_0 = 3.0217e-04
Loss = 2.2367e-02, PNorm = 77.9194, GNorm = 0.2417, lr_0 = 2.9926e-04
Loss = 3.0301e-02, PNorm = 77.9455, GNorm = 0.1530, lr_0 = 2.9638e-04
Loss = 4.7049e-02, PNorm = 77.9734, GNorm = 0.1828, lr_0 = 2.9353e-04
Loss = 2.2915e-02, PNorm = 78.0011, GNorm = 0.6008, lr_0 = 2.9070e-04
Loss = 1.8705e-02, PNorm = 78.0242, GNorm = 0.1889, lr_0 = 2.8790e-04
Validation auc = 0.871361
Epoch 17
Loss = 2.4096e-02, PNorm = 78.0529, GNorm = 0.0340, lr_0 = 2.8485e-04
Loss = 3.1614e-02, PNorm = 78.0740, GNorm = 0.2976, lr_0 = 2.8211e-04
Loss = 3.4957e-02, PNorm = 78.0972, GNorm = 0.3944, lr_0 = 2.7939e-04
Loss = 3.3874e-02, PNorm = 78.1198, GNorm = 0.1965, lr_0 = 2.7670e-04
Loss = 1.4785e-02, PNorm = 78.1491, GNorm = 0.0223, lr_0 = 2.7404e-04
Loss = 1.9375e-02, PNorm = 78.1652, GNorm = 0.1591, lr_0 = 2.7140e-04
Loss = 2.7117e-02, PNorm = 78.1831, GNorm = 0.1471, lr_0 = 2.6879e-04
Loss = 1.9435e-02, PNorm = 78.2154, GNorm = 0.1737, lr_0 = 2.6620e-04
Loss = 3.3069e-02, PNorm = 78.2444, GNorm = 0.2891, lr_0 = 2.6364e-04
Validation auc = 0.878261
Epoch 18
Loss = 1.8808e-02, PNorm = 78.2638, GNorm = 0.1325, lr_0 = 2.6110e-04
Loss = 2.5018e-02, PNorm = 78.2853, GNorm = 0.2512, lr_0 = 2.5859e-04
Loss = 3.8562e-02, PNorm = 78.3209, GNorm = 0.1966, lr_0 = 2.5610e-04
Loss = 2.7173e-02, PNorm = 78.3666, GNorm = 0.4733, lr_0 = 2.5363e-04
Loss = 3.1153e-02, PNorm = 78.3902, GNorm = 0.3036, lr_0 = 2.5119e-04
Loss = 1.5098e-02, PNorm = 78.4367, GNorm = 0.0231, lr_0 = 2.4877e-04
Loss = 2.1737e-02, PNorm = 78.4615, GNorm = 0.0953, lr_0 = 2.4638e-04
Loss = 1.2987e-02, PNorm = 78.4792, GNorm = 0.2597, lr_0 = 2.4400e-04
Validation auc = 0.874530
Epoch 19
Loss = 2.4963e-02, PNorm = 78.4930, GNorm = 0.2482, lr_0 = 2.4165e-04
Loss = 2.1285e-02, PNorm = 78.5061, GNorm = 0.1432, lr_0 = 2.3933e-04
Loss = 2.3124e-02, PNorm = 78.5226, GNorm = 0.0662, lr_0 = 2.3702e-04
Loss = 1.9098e-02, PNorm = 78.5461, GNorm = 0.2302, lr_0 = 2.3474e-04
Loss = 1.4264e-02, PNorm = 78.5686, GNorm = 0.2000, lr_0 = 2.3248e-04
Loss = 2.9429e-02, PNorm = 78.5921, GNorm = 0.0491, lr_0 = 2.3024e-04
Loss = 2.8344e-02, PNorm = 78.6253, GNorm = 0.3077, lr_0 = 2.2803e-04
Loss = 1.3970e-02, PNorm = 78.6572, GNorm = 0.4584, lr_0 = 2.2583e-04
Loss = 2.0277e-02, PNorm = 78.6632, GNorm = 0.1794, lr_0 = 2.2366e-04
Validation auc = 0.875515
Epoch 20
Loss = 1.6168e-02, PNorm = 78.6856, GNorm = 0.3065, lr_0 = 2.2129e-04
Loss = 1.9813e-02, PNorm = 78.7149, GNorm = 0.0808, lr_0 = 2.1916e-04
Loss = 2.7456e-02, PNorm = 78.7299, GNorm = 0.1454, lr_0 = 2.1705e-04
Loss = 1.2147e-02, PNorm = 78.7440, GNorm = 0.0971, lr_0 = 2.1496e-04
Loss = 2.0464e-02, PNorm = 78.7625, GNorm = 0.0646, lr_0 = 2.1289e-04
Loss = 2.6869e-02, PNorm = 78.7687, GNorm = 0.1375, lr_0 = 2.1084e-04
Loss = 1.7801e-02, PNorm = 78.7918, GNorm = 0.1017, lr_0 = 2.0881e-04
Loss = 2.0792e-02, PNorm = 78.8150, GNorm = 0.4338, lr_0 = 2.0680e-04
Validation auc = 0.869605
Epoch 21
Loss = 2.3260e-02, PNorm = 78.8269, GNorm = 0.3867, lr_0 = 2.0481e-04
Loss = 2.3799e-02, PNorm = 78.8651, GNorm = 0.1574, lr_0 = 2.0283e-04
Loss = 1.0013e-02, PNorm = 78.8888, GNorm = 0.0548, lr_0 = 2.0088e-04
Loss = 3.4171e-02, PNorm = 78.8882, GNorm = 0.3005, lr_0 = 1.9895e-04
Loss = 2.1990e-02, PNorm = 78.9020, GNorm = 0.1600, lr_0 = 1.9703e-04
Loss = 2.4093e-02, PNorm = 78.9235, GNorm = 0.0297, lr_0 = 1.9514e-04
Loss = 1.7468e-02, PNorm = 78.9478, GNorm = 0.0618, lr_0 = 1.9326e-04
Loss = 1.5164e-02, PNorm = 78.9625, GNorm = 0.0932, lr_0 = 1.9140e-04
Loss = 1.8657e-02, PNorm = 78.9777, GNorm = 0.5937, lr_0 = 1.8955e-04
Validation auc = 0.864569
Epoch 22
Loss = 6.0201e-03, PNorm = 78.9904, GNorm = 0.0700, lr_0 = 1.8773e-04
Loss = 2.9340e-02, PNorm = 78.9938, GNorm = 0.1284, lr_0 = 1.8592e-04
Loss = 1.3725e-02, PNorm = 79.0125, GNorm = 0.0944, lr_0 = 1.8413e-04
Loss = 1.7412e-02, PNorm = 79.0380, GNorm = 0.0438, lr_0 = 1.8236e-04
Loss = 1.8066e-02, PNorm = 79.0454, GNorm = 0.0886, lr_0 = 1.8060e-04
Loss = 1.0848e-02, PNorm = 79.0611, GNorm = 0.1353, lr_0 = 1.7886e-04
Loss = 2.8199e-02, PNorm = 79.0868, GNorm = 0.3504, lr_0 = 1.7714e-04
Loss = 2.3335e-02, PNorm = 79.1000, GNorm = 0.2418, lr_0 = 1.7544e-04
Validation auc = 0.870518
Epoch 23
Loss = 4.7818e-02, PNorm = 79.1210, GNorm = 0.3633, lr_0 = 1.7358e-04
Loss = 1.6485e-02, PNorm = 79.1394, GNorm = 0.4515, lr_0 = 1.7191e-04
Loss = 2.5984e-02, PNorm = 79.1473, GNorm = 0.5180, lr_0 = 1.7025e-04
Loss = 1.0874e-02, PNorm = 79.1673, GNorm = 0.1068, lr_0 = 1.6861e-04
Loss = 1.1947e-02, PNorm = 79.1918, GNorm = 0.0219, lr_0 = 1.6699e-04
Loss = 1.1617e-02, PNorm = 79.2077, GNorm = 0.1865, lr_0 = 1.6538e-04
Loss = 1.5492e-02, PNorm = 79.2166, GNorm = 0.2852, lr_0 = 1.6379e-04
Loss = 1.6673e-02, PNorm = 79.2247, GNorm = 0.1417, lr_0 = 1.6221e-04
Loss = 2.5652e-02, PNorm = 79.2409, GNorm = 0.2090, lr_0 = 1.6065e-04
Validation auc = 0.857604
Epoch 24
Loss = 2.8534e-02, PNorm = 79.2539, GNorm = 0.2556, lr_0 = 1.5910e-04
Loss = 1.6678e-02, PNorm = 79.2811, GNorm = 0.0887, lr_0 = 1.5757e-04
Loss = 1.9851e-02, PNorm = 79.3014, GNorm = 0.1458, lr_0 = 1.5605e-04
Loss = 1.1466e-02, PNorm = 79.3107, GNorm = 0.0448, lr_0 = 1.5455e-04
Loss = 2.1916e-02, PNorm = 79.3170, GNorm = 0.1604, lr_0 = 1.5306e-04
Loss = 1.0821e-02, PNorm = 79.3371, GNorm = 0.0326, lr_0 = 1.5159e-04
Loss = 3.2369e-02, PNorm = 79.3516, GNorm = 0.5218, lr_0 = 1.5013e-04
Loss = 1.2772e-02, PNorm = 79.3653, GNorm = 0.0174, lr_0 = 1.4869e-04
Loss = 1.2099e-02, PNorm = 79.3877, GNorm = 0.0164, lr_0 = 1.4725e-04
Validation auc = 0.872898
Epoch 25
Loss = 2.1233e-02, PNorm = 79.3973, GNorm = 0.1823, lr_0 = 1.4584e-04
Loss = 1.1127e-02, PNorm = 79.4101, GNorm = 0.1090, lr_0 = 1.4443e-04
Loss = 1.3454e-02, PNorm = 79.4242, GNorm = 0.3776, lr_0 = 1.4304e-04
Loss = 1.9897e-02, PNorm = 79.4321, GNorm = 0.3401, lr_0 = 1.4166e-04
Loss = 1.0369e-02, PNorm = 79.4500, GNorm = 0.2666, lr_0 = 1.4030e-04
Loss = 1.2700e-02, PNorm = 79.4612, GNorm = 0.6027, lr_0 = 1.3895e-04
Loss = 1.2637e-02, PNorm = 79.4665, GNorm = 0.0215, lr_0 = 1.3761e-04
Loss = 1.1463e-02, PNorm = 79.4736, GNorm = 0.1101, lr_0 = 1.3629e-04
Validation auc = 0.864242
Epoch 26
Loss = 1.5822e-02, PNorm = 79.4779, GNorm = 0.0483, lr_0 = 1.3484e-04
Loss = 1.8907e-02, PNorm = 79.4908, GNorm = 0.6276, lr_0 = 1.3355e-04
Loss = 4.2936e-03, PNorm = 79.5011, GNorm = 0.0779, lr_0 = 1.3226e-04
Loss = 1.3889e-02, PNorm = 79.5161, GNorm = 0.0230, lr_0 = 1.3099e-04
Loss = 2.4468e-02, PNorm = 79.5160, GNorm = 0.0684, lr_0 = 1.2973e-04
Loss = 1.5241e-02, PNorm = 79.5295, GNorm = 0.0922, lr_0 = 1.2848e-04
Loss = 1.5381e-02, PNorm = 79.5422, GNorm = 0.0110, lr_0 = 1.2724e-04
Loss = 2.5433e-02, PNorm = 79.5532, GNorm = 0.1519, lr_0 = 1.2601e-04
Loss = 8.2145e-03, PNorm = 79.5664, GNorm = 0.2421, lr_0 = 1.2480e-04
Validation auc = 0.860373
Epoch 27
Loss = 5.2447e-03, PNorm = 79.5796, GNorm = 0.0446, lr_0 = 1.2360e-04
Loss = 6.4308e-03, PNorm = 79.5875, GNorm = 0.0110, lr_0 = 1.2241e-04
Loss = 8.4271e-03, PNorm = 79.5927, GNorm = 0.2692, lr_0 = 1.2123e-04
Loss = 5.1361e-03, PNorm = 79.5981, GNorm = 0.1063, lr_0 = 1.2006e-04
Loss = 7.7008e-03, PNorm = 79.6029, GNorm = 0.0439, lr_0 = 1.1891e-04
Loss = 1.8790e-02, PNorm = 79.6077, GNorm = 0.4153, lr_0 = 1.1776e-04
Loss = 1.8566e-02, PNorm = 79.6181, GNorm = 0.3721, lr_0 = 1.1663e-04
Loss = 1.6983e-02, PNorm = 79.6320, GNorm = 0.0610, lr_0 = 1.1551e-04
Validation auc = 0.858468
Epoch 28
Loss = 3.0752e-02, PNorm = 79.6328, GNorm = 0.6315, lr_0 = 1.1428e-04
Loss = 8.5128e-03, PNorm = 79.6401, GNorm = 0.0571, lr_0 = 1.1318e-04
Loss = 1.6973e-02, PNorm = 79.6593, GNorm = 0.2106, lr_0 = 1.1209e-04
Loss = 9.2292e-03, PNorm = 79.6739, GNorm = 0.0730, lr_0 = 1.1101e-04
Loss = 9.3368e-03, PNorm = 79.6787, GNorm = 0.0121, lr_0 = 1.0995e-04
Loss = 1.0264e-02, PNorm = 79.6818, GNorm = 0.0959, lr_0 = 1.0889e-04
Loss = 1.3285e-02, PNorm = 79.6880, GNorm = 0.0264, lr_0 = 1.0784e-04
Loss = 1.5799e-02, PNorm = 79.6920, GNorm = 0.2215, lr_0 = 1.0680e-04
Loss = 1.0459e-02, PNorm = 79.7028, GNorm = 0.2023, lr_0 = 1.0577e-04
Validation auc = 0.858083
Epoch 29
Loss = 8.4246e-03, PNorm = 79.7134, GNorm = 0.3496, lr_0 = 1.0475e-04
Loss = 1.5288e-02, PNorm = 79.7162, GNorm = 1.1316, lr_0 = 1.0374e-04
Loss = 1.1607e-02, PNorm = 79.7202, GNorm = 0.1089, lr_0 = 1.0275e-04
Loss = 4.8377e-03, PNorm = 79.7294, GNorm = 0.1634, lr_0 = 1.0176e-04
Loss = 9.2572e-03, PNorm = 79.7355, GNorm = 0.0032, lr_0 = 1.0078e-04
Loss = 1.1103e-02, PNorm = 79.7370, GNorm = 0.1890, lr_0 = 1.0000e-04
Loss = 1.2442e-02, PNorm = 79.7422, GNorm = 0.0459, lr_0 = 1.0000e-04
Loss = 7.6261e-03, PNorm = 79.7496, GNorm = 0.1725, lr_0 = 1.0000e-04
Validation auc = 0.857652
Model 0 best validation auc = 0.899077 on epoch 2
Loading pretrained parameter "encoder.encoder.0.cached_zero_vector".
Loading pretrained parameter "encoder.encoder.0.W_i.weight".
Loading pretrained parameter "encoder.encoder.0.W_h.weight".
Loading pretrained parameter "encoder.encoder.0.W_o.weight".
Loading pretrained parameter "encoder.encoder.0.W_o.bias".
Loading pretrained parameter "ffn.1.weight".
Loading pretrained parameter "ffn.1.bias".
Loading pretrained parameter "ffn.4.weight".
Loading pretrained parameter "ffn.4.bias".
Moving model to cuda
Model 0 test auc = 0.892775
Ensemble test auc = 0.892775
Fold 2
Splitting data with seed 2
Total scaffolds = 3,467 | train scaffolds = 2,630 | val scaffolds = 419 | test scaffolds = 418
Label averages per scaffold, in decreasing order of scaffold frequency,capped at 10 scaffolds and 20 labels:
Scaffold 0
Task 0: count = 381 | target average = 0.018373
Task 1: count = 381 | target average = 0.013123


Scaffold 1
Task 0: count = 305 | target average = 0.009836
Task 1: count = 305 | target average = 0.016393


Scaffold 2
Task 0: count = 36 | target average = 0.000000
Task 1: count = 36 | target average = 0.000000


Scaffold 3
Task 0: count = 29 | target average = 0.000000
Task 1: count = 29 | target average = 0.000000


Scaffold 4
Task 0: count = 26 | target average = 0.000000
Task 1: count = 26 | target average = 0.000000


Scaffold 5
Task 0: count = 23 | target average = 0.000000
Task 1: count = 23 | target average = 0.000000


Scaffold 6
Task 0: count = 22 | target average = 0.090909
Task 1: count = 22 | target average = 0.090909


Scaffold 7
Task 0: count = 20 | target average = 0.000000
Task 1: count = 20 | target average = 0.000000


Scaffold 8
Task 0: count = 20 | target average = 0.000000
Task 1: count = 20 | target average = 0.000000


Scaffold 9
Task 0: count = 20 | target average = 0.050000
Task 1: count = 20 | target average = 0.000000


Class sizes
hit_inh 0: 97.83%, 1: 2.17%
hit_kill 0: 98.64%, 1: 1.36%
Total size = 5,353 | train size = 4,282 | val size = 535 | test size = 536
Building model 0
MoleculeModel(
  (sigmoid): Sigmoid()
  (encoder): MPN(
    (encoder): ModuleList(
      (0): MPNEncoder(
        (dropout_layer): Dropout(p=0.25, inplace=False)
        (act_func): ReLU()
        (W_i): Linear(in_features=147, out_features=1500, bias=False)
        (W_h): Linear(in_features=1500, out_features=1500, bias=False)
        (W_o): Linear(in_features=1633, out_features=1500, bias=True)
      )
    )
  )
  (ffn): Sequential(
    (0): Dropout(p=0.25, inplace=False)
    (1): Linear(in_features=1700, out_features=1500, bias=True)
    (2): ReLU()
    (3): Dropout(p=0.25, inplace=False)
    (4): Linear(in_features=1500, out_features=2, bias=True)
  )
)
Number of parameters = 7,476,002
Moving model to cuda
Epoch 0
Loss = 1.9810e-01, PNorm = 70.2120, GNorm = 0.2622, lr_0 = 1.5824e-04
Loss = 7.6686e-02, PNorm = 70.2274, GNorm = 0.2055, lr_0 = 2.1118e-04
Loss = 1.0619e-01, PNorm = 70.2404, GNorm = 0.2705, lr_0 = 2.6412e-04
Loss = 9.2275e-02, PNorm = 70.2561, GNorm = 0.2248, lr_0 = 3.1706e-04
Loss = 7.7957e-02, PNorm = 70.2717, GNorm = 0.1903, lr_0 = 3.7000e-04
Loss = 9.3136e-02, PNorm = 70.2944, GNorm = 0.1672, lr_0 = 4.2294e-04
Loss = 9.0952e-02, PNorm = 70.3201, GNorm = 0.2871, lr_0 = 4.7588e-04
Loss = 7.6159e-02, PNorm = 70.3571, GNorm = 0.3543, lr_0 = 5.2882e-04
Validation auc = 0.784814
Epoch 1
Loss = 5.7109e-02, PNorm = 70.4072, GNorm = 0.1006, lr_0 = 5.8706e-04
Loss = 7.9450e-02, PNorm = 70.4473, GNorm = 0.3181, lr_0 = 6.4000e-04
Loss = 4.5117e-02, PNorm = 70.5129, GNorm = 0.3164, lr_0 = 6.9294e-04
Loss = 1.2425e-01, PNorm = 70.5503, GNorm = 0.3483, lr_0 = 7.4588e-04
Loss = 7.2891e-02, PNorm = 70.6323, GNorm = 0.3260, lr_0 = 7.9882e-04
Loss = 8.3822e-02, PNorm = 70.6877, GNorm = 0.1797, lr_0 = 8.5176e-04
Loss = 9.5435e-02, PNorm = 70.7559, GNorm = 0.1843, lr_0 = 9.0471e-04
Loss = 1.1335e-01, PNorm = 70.8581, GNorm = 0.5747, lr_0 = 9.5765e-04
Loss = 6.2338e-02, PNorm = 70.9520, GNorm = 0.1360, lr_0 = 9.9807e-04
Validation auc = 0.846912
Epoch 2
Loss = 8.1712e-02, PNorm = 71.0741, GNorm = 0.3350, lr_0 = 9.8846e-04
Loss = 6.5330e-02, PNorm = 71.1836, GNorm = 0.3407, lr_0 = 9.7894e-04
Loss = 9.1201e-02, PNorm = 71.2823, GNorm = 0.2086, lr_0 = 9.6952e-04
Loss = 7.4052e-02, PNorm = 71.3486, GNorm = 0.2873, lr_0 = 9.6018e-04
Loss = 9.9549e-02, PNorm = 71.4209, GNorm = 0.1713, lr_0 = 9.5094e-04
Loss = 5.9910e-02, PNorm = 71.5166, GNorm = 0.1280, lr_0 = 9.4178e-04
Loss = 4.9681e-02, PNorm = 71.5717, GNorm = 0.1113, lr_0 = 9.3271e-04
Loss = 5.9529e-02, PNorm = 71.6424, GNorm = 0.1260, lr_0 = 9.2373e-04
Validation auc = 0.797438
Epoch 3
Loss = 8.0906e-02, PNorm = 71.7190, GNorm = 0.2000, lr_0 = 9.1395e-04
Loss = 7.8061e-02, PNorm = 71.8157, GNorm = 0.1873, lr_0 = 9.0515e-04
Loss = 7.2640e-02, PNorm = 71.9252, GNorm = 0.3204, lr_0 = 8.9644e-04
Loss = 2.7518e-02, PNorm = 72.0428, GNorm = 0.0395, lr_0 = 8.8781e-04
Loss = 7.8180e-02, PNorm = 72.0889, GNorm = 0.4499, lr_0 = 8.7926e-04
Loss = 6.2344e-02, PNorm = 72.1744, GNorm = 0.0605, lr_0 = 8.7080e-04
Loss = 8.1921e-02, PNorm = 72.2445, GNorm = 0.1329, lr_0 = 8.6241e-04
Loss = 7.1805e-02, PNorm = 72.3171, GNorm = 0.1177, lr_0 = 8.5411e-04
Loss = 5.7342e-02, PNorm = 72.3825, GNorm = 0.1646, lr_0 = 8.4588e-04
Validation auc = 0.836915
Epoch 4
Loss = 3.1533e-02, PNorm = 72.4718, GNorm = 0.0306, lr_0 = 8.3774e-04
Loss = 4.0333e-02, PNorm = 72.5215, GNorm = 0.1342, lr_0 = 8.2967e-04
Loss = 6.9389e-02, PNorm = 72.5620, GNorm = 0.2077, lr_0 = 8.2169e-04
Loss = 7.5670e-02, PNorm = 72.5966, GNorm = 0.1994, lr_0 = 8.1377e-04
Loss = 8.2380e-02, PNorm = 72.6623, GNorm = 0.2268, lr_0 = 8.0594e-04
Loss = 4.2067e-02, PNorm = 72.7423, GNorm = 0.2576, lr_0 = 7.9818e-04
Loss = 8.0738e-02, PNorm = 72.7822, GNorm = 0.2111, lr_0 = 7.9050e-04
Loss = 5.4067e-02, PNorm = 72.8733, GNorm = 0.3078, lr_0 = 7.8288e-04
Validation auc = 0.844363
Epoch 5
Loss = 8.1595e-02, PNorm = 72.9182, GNorm = 0.1845, lr_0 = 7.7535e-04
Loss = 5.8659e-02, PNorm = 73.0142, GNorm = 0.1363, lr_0 = 7.6788e-04
Loss = 5.8481e-02, PNorm = 73.0794, GNorm = 0.3519, lr_0 = 7.6049e-04
Loss = 5.6837e-02, PNorm = 73.1609, GNorm = 0.1315, lr_0 = 7.5317e-04
Loss = 4.2248e-02, PNorm = 73.2252, GNorm = 0.0981, lr_0 = 7.4591e-04
Loss = 6.2946e-02, PNorm = 73.2691, GNorm = 0.1834, lr_0 = 7.3873e-04
Loss = 6.9944e-02, PNorm = 73.3251, GNorm = 0.1350, lr_0 = 7.3162e-04
Loss = 4.7878e-02, PNorm = 73.4002, GNorm = 0.1466, lr_0 = 7.2458e-04
Loss = 5.4240e-02, PNorm = 73.4361, GNorm = 0.2107, lr_0 = 7.1760e-04
Validation auc = 0.874619
Epoch 6
Loss = 4.0981e-02, PNorm = 73.5049, GNorm = 0.0298, lr_0 = 7.1000e-04
Loss = 6.5871e-02, PNorm = 73.5451, GNorm = 0.1201, lr_0 = 7.0317e-04
Loss = 5.7133e-02, PNorm = 73.6149, GNorm = 0.3266, lr_0 = 6.9640e-04
Loss = 6.3578e-02, PNorm = 73.6815, GNorm = 0.3182, lr_0 = 6.8969e-04
Loss = 4.9583e-02, PNorm = 73.7637, GNorm = 0.0956, lr_0 = 6.8305e-04
Loss = 5.4456e-02, PNorm = 73.8168, GNorm = 0.1938, lr_0 = 6.7648e-04
Loss = 4.7693e-02, PNorm = 73.9091, GNorm = 0.5336, lr_0 = 6.6996e-04
Loss = 2.0695e-02, PNorm = 73.9855, GNorm = 0.0884, lr_0 = 6.6351e-04
Validation auc = 0.876318
Epoch 7
Loss = 2.9310e-02, PNorm = 74.0419, GNorm = 0.1150, lr_0 = 6.5712e-04
Loss = 4.3783e-02, PNorm = 74.1236, GNorm = 0.2310, lr_0 = 6.5080e-04
Loss = 5.9196e-02, PNorm = 74.2009, GNorm = 0.1875, lr_0 = 6.4453e-04
Loss = 5.9962e-02, PNorm = 74.2983, GNorm = 0.2213, lr_0 = 6.3833e-04
Loss = 4.3645e-02, PNorm = 74.3593, GNorm = 0.1791, lr_0 = 6.3218e-04
Loss = 3.5941e-02, PNorm = 74.4396, GNorm = 0.0597, lr_0 = 6.2609e-04
Loss = 5.7021e-02, PNorm = 74.4921, GNorm = 0.2728, lr_0 = 6.2006e-04
Loss = 5.0171e-02, PNorm = 74.5481, GNorm = 0.2591, lr_0 = 6.1409e-04
Loss = 4.4940e-02, PNorm = 74.6127, GNorm = 0.1265, lr_0 = 6.0818e-04
Validation auc = 0.881856
Epoch 8
Loss = 3.1217e-02, PNorm = 74.6661, GNorm = 0.2307, lr_0 = 6.0233e-04
Loss = 4.1383e-02, PNorm = 74.7263, GNorm = 0.1861, lr_0 = 5.9653e-04
Loss = 5.7000e-02, PNorm = 74.7723, GNorm = 0.2180, lr_0 = 5.9078e-04
Loss = 5.6502e-02, PNorm = 74.8245, GNorm = 0.3529, lr_0 = 5.8510e-04
Loss = 4.6016e-02, PNorm = 74.8939, GNorm = 0.1430, lr_0 = 5.7946e-04
Loss = 5.2051e-02, PNorm = 74.9618, GNorm = 0.2176, lr_0 = 5.7388e-04
Loss = 3.9134e-02, PNorm = 75.0181, GNorm = 0.2603, lr_0 = 5.6836e-04
Loss = 4.5424e-02, PNorm = 75.0665, GNorm = 0.2626, lr_0 = 5.6289e-04
Loss = 3.6114e-02, PNorm = 75.1200, GNorm = 0.1775, lr_0 = 5.5747e-04
Loss = 5.2336e-03, PNorm = 75.1257, GNorm = 0.0628, lr_0 = 5.5693e-04
Validation auc = 0.899041
Epoch 9
Loss = 4.2582e-02, PNorm = 75.1936, GNorm = 0.1077, lr_0 = 5.5156e-04
Loss = 5.8686e-02, PNorm = 75.2247, GNorm = 0.3304, lr_0 = 5.4625e-04
Loss = 4.5957e-02, PNorm = 75.2884, GNorm = 0.0619, lr_0 = 5.4100e-04
Loss = 2.5203e-02, PNorm = 75.3543, GNorm = 0.2658, lr_0 = 5.3579e-04
Loss = 5.6705e-02, PNorm = 75.4211, GNorm = 0.1050, lr_0 = 5.3063e-04
Loss = 3.2902e-02, PNorm = 75.4984, GNorm = 0.2278, lr_0 = 5.2552e-04
Loss = 4.6550e-02, PNorm = 75.5401, GNorm = 0.1543, lr_0 = 5.2046e-04
Loss = 4.4183e-02, PNorm = 75.6043, GNorm = 0.2758, lr_0 = 5.1545e-04
Validation auc = 0.889897
Epoch 10
Loss = 2.6983e-02, PNorm = 75.6552, GNorm = 0.0352, lr_0 = 5.1049e-04
Loss = 4.6433e-02, PNorm = 75.7178, GNorm = 0.1703, lr_0 = 5.0557e-04
Loss = 2.8547e-02, PNorm = 75.7801, GNorm = 0.1279, lr_0 = 5.0070e-04
Loss = 2.0524e-02, PNorm = 75.8164, GNorm = 0.3025, lr_0 = 4.9588e-04
Loss = 5.7493e-02, PNorm = 75.8400, GNorm = 0.4155, lr_0 = 4.9111e-04
Loss = 5.6302e-02, PNorm = 75.8816, GNorm = 0.1580, lr_0 = 4.8638e-04
Loss = 4.5827e-02, PNorm = 75.9332, GNorm = 0.1294, lr_0 = 4.8170e-04
Loss = 4.0972e-02, PNorm = 75.9833, GNorm = 0.4532, lr_0 = 4.7706e-04
Loss = 2.6979e-02, PNorm = 76.0235, GNorm = 0.1568, lr_0 = 4.7247e-04
Validation auc = 0.868821
Epoch 11
Loss = 6.6238e-02, PNorm = 76.1040, GNorm = 0.1922, lr_0 = 4.6792e-04
Loss = 3.2831e-02, PNorm = 76.1794, GNorm = 0.2700, lr_0 = 4.6341e-04
Loss = 1.9232e-02, PNorm = 76.2264, GNorm = 0.0661, lr_0 = 4.5895e-04
Loss = 3.8959e-02, PNorm = 76.2564, GNorm = 0.0319, lr_0 = 4.5453e-04
Loss = 4.5809e-02, PNorm = 76.2988, GNorm = 0.4529, lr_0 = 4.5015e-04
Loss = 5.5728e-02, PNorm = 76.3724, GNorm = 0.0276, lr_0 = 4.4582e-04
Loss = 3.6935e-02, PNorm = 76.4134, GNorm = 0.0746, lr_0 = 4.4153e-04
Loss = 4.4377e-02, PNorm = 76.4913, GNorm = 0.2434, lr_0 = 4.3728e-04
Validation auc = 0.866489
Epoch 12
Loss = 3.0628e-02, PNorm = 76.5313, GNorm = 0.1399, lr_0 = 4.3265e-04
Loss = 2.7186e-02, PNorm = 76.5804, GNorm = 0.1248, lr_0 = 4.2848e-04
Loss = 3.0943e-02, PNorm = 76.6238, GNorm = 0.1284, lr_0 = 4.2436e-04
Loss = 6.1488e-02, PNorm = 76.6608, GNorm = 0.7598, lr_0 = 4.2027e-04
Loss = 3.7502e-02, PNorm = 76.6982, GNorm = 0.5140, lr_0 = 4.1622e-04
Loss = 1.6597e-02, PNorm = 76.7729, GNorm = 0.2394, lr_0 = 4.1222e-04
Loss = 5.7512e-02, PNorm = 76.7755, GNorm = 0.2291, lr_0 = 4.0825e-04
Loss = 4.8795e-02, PNorm = 76.8198, GNorm = 0.2287, lr_0 = 4.0432e-04
Loss = 3.8395e-02, PNorm = 76.8961, GNorm = 0.1922, lr_0 = 4.0042e-04
Validation auc = 0.898371
Epoch 13
Loss = 9.2268e-03, PNorm = 76.9263, GNorm = 0.1404, lr_0 = 3.9657e-04
Loss = 4.1651e-02, PNorm = 76.9570, GNorm = 0.1591, lr_0 = 3.9275e-04
Loss = 7.8178e-03, PNorm = 77.0001, GNorm = 0.0493, lr_0 = 3.8897e-04
Loss = 3.9523e-02, PNorm = 77.0317, GNorm = 0.2139, lr_0 = 3.8522e-04
Loss = 3.7763e-02, PNorm = 77.0538, GNorm = 0.1878, lr_0 = 3.8152e-04
Loss = 3.2759e-02, PNorm = 77.0966, GNorm = 0.5279, lr_0 = 3.7784e-04
Loss = 3.9689e-02, PNorm = 77.1153, GNorm = 0.2440, lr_0 = 3.7420e-04
Loss = 2.5803e-02, PNorm = 77.1499, GNorm = 0.1187, lr_0 = 3.7060e-04
Validation auc = 0.879462
Epoch 14
Loss = 1.2467e-02, PNorm = 77.1876, GNorm = 0.1617, lr_0 = 3.6668e-04
Loss = 2.1361e-02, PNorm = 77.2170, GNorm = 0.1391, lr_0 = 3.6315e-04
Loss = 3.3688e-02, PNorm = 77.2525, GNorm = 0.3317, lr_0 = 3.5965e-04
Loss = 1.5586e-02, PNorm = 77.2788, GNorm = 0.0236, lr_0 = 3.5619e-04
Loss = 3.0309e-02, PNorm = 77.3061, GNorm = 0.1023, lr_0 = 3.5276e-04
Loss = 3.2550e-02, PNorm = 77.3499, GNorm = 0.3691, lr_0 = 3.4936e-04
Loss = 5.7693e-02, PNorm = 77.3630, GNorm = 0.1347, lr_0 = 3.4600e-04
Loss = 2.5731e-02, PNorm = 77.4128, GNorm = 0.0595, lr_0 = 3.4267e-04
Loss = 3.6917e-02, PNorm = 77.4492, GNorm = 0.0908, lr_0 = 3.3937e-04
Validation auc = 0.879970
Epoch 15
Loss = 3.6292e-02, PNorm = 77.4894, GNorm = 0.1996, lr_0 = 3.3610e-04
Loss = 3.3281e-02, PNorm = 77.5255, GNorm = 0.1150, lr_0 = 3.3287e-04
Loss = 2.2560e-02, PNorm = 77.5607, GNorm = 0.1321, lr_0 = 3.2966e-04
Loss = 2.4220e-02, PNorm = 77.5966, GNorm = 0.0357, lr_0 = 3.2649e-04
Loss = 4.1864e-02, PNorm = 77.6140, GNorm = 0.1046, lr_0 = 3.2334e-04
Loss = 2.4716e-02, PNorm = 77.6562, GNorm = 0.0798, lr_0 = 3.2023e-04
Loss = 3.0852e-02, PNorm = 77.7161, GNorm = 0.2379, lr_0 = 3.1715e-04
Loss = 1.3827e-02, PNorm = 77.7542, GNorm = 0.4292, lr_0 = 3.1409e-04
Loss = 4.1236e-02, PNorm = 77.7591, GNorm = 0.1052, lr_0 = 3.1107e-04
Validation auc = 0.863367
Epoch 16
Loss = 3.1755e-02, PNorm = 77.8075, GNorm = 0.5262, lr_0 = 3.0807e-04
Loss = 3.7078e-02, PNorm = 77.8427, GNorm = 0.3494, lr_0 = 3.0511e-04
Loss = 3.0978e-02, PNorm = 77.8668, GNorm = 0.2047, lr_0 = 3.0217e-04
Loss = 1.6727e-02, PNorm = 77.9102, GNorm = 0.0856, lr_0 = 2.9926e-04
Loss = 3.5549e-02, PNorm = 77.9357, GNorm = 0.2887, lr_0 = 2.9638e-04
Loss = 1.8068e-02, PNorm = 77.9640, GNorm = 0.0501, lr_0 = 2.9353e-04
Loss = 2.3855e-02, PNorm = 77.9839, GNorm = 0.1505, lr_0 = 2.9070e-04
Loss = 2.8071e-02, PNorm = 78.0032, GNorm = 0.0231, lr_0 = 2.8790e-04
Validation auc = 0.872438
Epoch 17
Loss = 2.6342e-02, PNorm = 78.0227, GNorm = 0.0155, lr_0 = 2.8485e-04
Loss = 2.8252e-02, PNorm = 78.0358, GNorm = 0.1367, lr_0 = 2.8211e-04
Loss = 2.1413e-02, PNorm = 78.0677, GNorm = 0.2829, lr_0 = 2.7939e-04
Loss = 3.4006e-02, PNorm = 78.0886, GNorm = 0.1272, lr_0 = 2.7670e-04
Loss = 2.3361e-02, PNorm = 78.1181, GNorm = 0.0974, lr_0 = 2.7404e-04
Loss = 2.2881e-02, PNorm = 78.1326, GNorm = 0.0289, lr_0 = 2.7140e-04
Loss = 1.8585e-02, PNorm = 78.1494, GNorm = 0.1883, lr_0 = 2.6879e-04
Loss = 2.1490e-02, PNorm = 78.1707, GNorm = 0.1407, lr_0 = 2.6620e-04
Loss = 2.2456e-02, PNorm = 78.2046, GNorm = 0.0250, lr_0 = 2.6364e-04
Validation auc = 0.830966
Epoch 18
Loss = 3.0049e-02, PNorm = 78.2180, GNorm = 0.0606, lr_0 = 2.6110e-04
Loss = 2.7632e-02, PNorm = 78.2442, GNorm = 0.0786, lr_0 = 2.5859e-04
Loss = 2.0936e-02, PNorm = 78.2763, GNorm = 0.0653, lr_0 = 2.5610e-04
Loss = 1.4020e-02, PNorm = 78.3022, GNorm = 0.0185, lr_0 = 2.5363e-04
Loss = 3.7158e-02, PNorm = 78.3110, GNorm = 0.1052, lr_0 = 2.5119e-04
Loss = 2.0231e-02, PNorm = 78.3402, GNorm = 0.0364, lr_0 = 2.4877e-04
Loss = 3.5646e-02, PNorm = 78.3632, GNorm = 0.1765, lr_0 = 2.4638e-04
Loss = 2.9553e-02, PNorm = 78.3896, GNorm = 0.4439, lr_0 = 2.4400e-04
Validation auc = 0.838350
Epoch 19
Loss = 6.3877e-03, PNorm = 78.4174, GNorm = 0.0637, lr_0 = 2.4165e-04
Loss = 1.8379e-02, PNorm = 78.4405, GNorm = 0.2364, lr_0 = 2.3933e-04
Loss = 2.6912e-02, PNorm = 78.4543, GNorm = 0.1519, lr_0 = 2.3702e-04
Loss = 2.2053e-02, PNorm = 78.4811, GNorm = 0.0943, lr_0 = 2.3474e-04
Loss = 2.5974e-02, PNorm = 78.5088, GNorm = 0.0818, lr_0 = 2.3248e-04
Loss = 3.9753e-02, PNorm = 78.5356, GNorm = 0.3131, lr_0 = 2.3024e-04
Loss = 2.2429e-02, PNorm = 78.5761, GNorm = 0.2471, lr_0 = 2.2803e-04
Loss = 1.2356e-02, PNorm = 78.6141, GNorm = 0.0635, lr_0 = 2.2583e-04
Loss = 7.9008e-03, PNorm = 78.6241, GNorm = 0.0452, lr_0 = 2.2366e-04
Validation auc = 0.861087
Epoch 20
Loss = 2.4291e-02, PNorm = 78.6252, GNorm = 0.2224, lr_0 = 2.2129e-04
Loss = 1.7463e-02, PNorm = 78.6447, GNorm = 0.1201, lr_0 = 2.1916e-04
Loss = 1.6958e-02, PNorm = 78.6608, GNorm = 0.3515, lr_0 = 2.1705e-04
Loss = 1.9804e-02, PNorm = 78.6811, GNorm = 0.2998, lr_0 = 2.1496e-04
Loss = 1.3457e-02, PNorm = 78.7127, GNorm = 0.2441, lr_0 = 2.1289e-04
Loss = 2.6365e-02, PNorm = 78.7308, GNorm = 0.5284, lr_0 = 2.1084e-04
Loss = 2.1270e-02, PNorm = 78.7436, GNorm = 0.2636, lr_0 = 2.0881e-04
Loss = 2.5949e-02, PNorm = 78.7568, GNorm = 0.0547, lr_0 = 2.0680e-04
Validation auc = 0.793918
Epoch 21
Loss = 1.2719e-02, PNorm = 78.7731, GNorm = 0.2301, lr_0 = 2.0481e-04
Loss = 2.3377e-02, PNorm = 78.7886, GNorm = 0.0842, lr_0 = 2.0283e-04
Loss = 2.1136e-02, PNorm = 78.8164, GNorm = 0.2308, lr_0 = 2.0088e-04
Loss = 1.5700e-02, PNorm = 78.8340, GNorm = 0.1857, lr_0 = 1.9895e-04
Loss = 2.4087e-02, PNorm = 78.8532, GNorm = 0.2300, lr_0 = 1.9703e-04
Loss = 1.1418e-02, PNorm = 78.8773, GNorm = 0.1056, lr_0 = 1.9514e-04
Loss = 1.6721e-02, PNorm = 78.8989, GNorm = 0.0167, lr_0 = 1.9326e-04
Loss = 3.2777e-02, PNorm = 78.9016, GNorm = 0.0214, lr_0 = 1.9140e-04
Loss = 2.7283e-02, PNorm = 78.9211, GNorm = 0.3494, lr_0 = 1.8955e-04
Validation auc = 0.839280
Epoch 22
Loss = 1.4755e-02, PNorm = 78.9496, GNorm = 0.0220, lr_0 = 1.8773e-04
Loss = 1.8409e-02, PNorm = 78.9586, GNorm = 0.0437, lr_0 = 1.8592e-04
Loss = 1.8454e-02, PNorm = 78.9713, GNorm = 0.1801, lr_0 = 1.8413e-04
Loss = 1.6366e-02, PNorm = 78.9963, GNorm = 0.1396, lr_0 = 1.8236e-04
Loss = 2.6641e-02, PNorm = 79.0104, GNorm = 0.2952, lr_0 = 1.8060e-04
Loss = 1.6694e-02, PNorm = 79.0205, GNorm = 0.1739, lr_0 = 1.7886e-04
Loss = 2.1217e-02, PNorm = 79.0374, GNorm = 0.3256, lr_0 = 1.7714e-04
Loss = 1.2219e-02, PNorm = 79.0515, GNorm = 0.1308, lr_0 = 1.7544e-04
Validation auc = 0.845959
Epoch 23
Loss = 1.8505e-02, PNorm = 79.0680, GNorm = 0.1982, lr_0 = 1.7358e-04
Loss = 2.0324e-02, PNorm = 79.0850, GNorm = 0.0066, lr_0 = 1.7191e-04
Loss = 1.2629e-02, PNorm = 79.1028, GNorm = 0.2136, lr_0 = 1.7025e-04
Loss = 2.3210e-02, PNorm = 79.1135, GNorm = 0.3093, lr_0 = 1.6861e-04
Loss = 1.3121e-02, PNorm = 79.1294, GNorm = 0.5958, lr_0 = 1.6699e-04
Loss = 1.0527e-02, PNorm = 79.1389, GNorm = 0.0830, lr_0 = 1.6538e-04
Loss = 1.6886e-02, PNorm = 79.1472, GNorm = 0.2969, lr_0 = 1.6379e-04
Loss = 1.4644e-02, PNorm = 79.1620, GNorm = 0.0291, lr_0 = 1.6221e-04
Loss = 2.4852e-02, PNorm = 79.1717, GNorm = 0.2548, lr_0 = 1.6065e-04
Validation auc = 0.839255
Epoch 24
Loss = 1.1163e-02, PNorm = 79.1828, GNorm = 0.3121, lr_0 = 1.5910e-04
Loss = 2.0158e-02, PNorm = 79.1963, GNorm = 0.3627, lr_0 = 1.5757e-04
Loss = 2.5833e-02, PNorm = 79.2011, GNorm = 0.6120, lr_0 = 1.5605e-04
Loss = 1.9347e-02, PNorm = 79.2278, GNorm = 0.1802, lr_0 = 1.5455e-04
Loss = 1.7823e-02, PNorm = 79.2502, GNorm = 0.3968, lr_0 = 1.5306e-04
Loss = 2.1159e-02, PNorm = 79.2552, GNorm = 0.1416, lr_0 = 1.5159e-04
Loss = 7.4954e-03, PNorm = 79.2665, GNorm = 0.0491, lr_0 = 1.5013e-04
Loss = 2.0775e-02, PNorm = 79.2752, GNorm = 0.1751, lr_0 = 1.4869e-04
Loss = 9.7297e-03, PNorm = 79.2912, GNorm = 0.0493, lr_0 = 1.4725e-04
Validation auc = 0.831239
Epoch 25
Loss = 1.3187e-02, PNorm = 79.3033, GNorm = 0.0284, lr_0 = 1.4584e-04
Loss = 2.1364e-02, PNorm = 79.3038, GNorm = 0.0365, lr_0 = 1.4443e-04
Loss = 1.2872e-02, PNorm = 79.3190, GNorm = 0.0293, lr_0 = 1.4304e-04
Loss = 1.8346e-02, PNorm = 79.3421, GNorm = 0.3272, lr_0 = 1.4166e-04
Loss = 9.7868e-03, PNorm = 79.3608, GNorm = 0.0063, lr_0 = 1.4030e-04
Loss = 8.7168e-03, PNorm = 79.3667, GNorm = 0.2221, lr_0 = 1.3895e-04
Loss = 2.0231e-02, PNorm = 79.3700, GNorm = 0.0522, lr_0 = 1.3761e-04
Loss = 1.7833e-02, PNorm = 79.3919, GNorm = 0.1357, lr_0 = 1.3629e-04
Validation auc = 0.817695
Epoch 26
Loss = 1.8136e-02, PNorm = 79.4017, GNorm = 0.0599, lr_0 = 1.3484e-04
Loss = 1.9194e-02, PNorm = 79.4166, GNorm = 0.1884, lr_0 = 1.3355e-04
Loss = 6.8674e-03, PNorm = 79.4277, GNorm = 0.1533, lr_0 = 1.3226e-04
Loss = 1.0840e-02, PNorm = 79.4324, GNorm = 0.0126, lr_0 = 1.3099e-04
Loss = 1.0538e-02, PNorm = 79.4412, GNorm = 0.0336, lr_0 = 1.2973e-04
Loss = 1.5250e-02, PNorm = 79.4506, GNorm = 0.0625, lr_0 = 1.2848e-04
Loss = 1.0823e-02, PNorm = 79.4640, GNorm = 0.0866, lr_0 = 1.2724e-04
Loss = 1.1663e-02, PNorm = 79.4800, GNorm = 0.4622, lr_0 = 1.2601e-04
Loss = 3.2470e-02, PNorm = 79.4768, GNorm = 0.2265, lr_0 = 1.2480e-04
Validation auc = 0.825972
Epoch 27
Loss = 1.0994e-02, PNorm = 79.4851, GNorm = 0.1151, lr_0 = 1.2360e-04
Loss = 2.4121e-02, PNorm = 79.5008, GNorm = 0.4289, lr_0 = 1.2241e-04
Loss = 9.9754e-03, PNorm = 79.5093, GNorm = 0.2215, lr_0 = 1.2123e-04
Loss = 9.1482e-03, PNorm = 79.5176, GNorm = 0.0999, lr_0 = 1.2006e-04
Loss = 6.1751e-03, PNorm = 79.5286, GNorm = 0.3147, lr_0 = 1.1891e-04
Loss = 2.1899e-02, PNorm = 79.5361, GNorm = 0.3673, lr_0 = 1.1776e-04
Loss = 1.0955e-02, PNorm = 79.5481, GNorm = 0.2248, lr_0 = 1.1663e-04
Loss = 2.6830e-02, PNorm = 79.5566, GNorm = 0.3286, lr_0 = 1.1551e-04
Validation auc = 0.815081
Epoch 28
Loss = 4.1526e-02, PNorm = 79.5707, GNorm = 0.2497, lr_0 = 1.1428e-04
Loss = 1.9871e-02, PNorm = 79.5770, GNorm = 0.2650, lr_0 = 1.1318e-04
Loss = 1.5427e-02, PNorm = 79.5888, GNorm = 0.1350, lr_0 = 1.1209e-04
Loss = 1.3435e-02, PNorm = 79.6042, GNorm = 0.1131, lr_0 = 1.1101e-04
Loss = 3.4383e-03, PNorm = 79.6189, GNorm = 0.1346, lr_0 = 1.0995e-04
Loss = 1.2976e-02, PNorm = 79.6242, GNorm = 0.3749, lr_0 = 1.0889e-04
Loss = 1.0137e-02, PNorm = 79.6267, GNorm = 0.1644, lr_0 = 1.0784e-04
Loss = 9.6171e-03, PNorm = 79.6348, GNorm = 0.0180, lr_0 = 1.0680e-04
Loss = 1.0544e-02, PNorm = 79.6438, GNorm = 0.4630, lr_0 = 1.0577e-04
Validation auc = 0.809047
Epoch 29
Loss = 1.1134e-02, PNorm = 79.6521, GNorm = 0.1011, lr_0 = 1.0475e-04
Loss = 3.7942e-03, PNorm = 79.6611, GNorm = 0.0156, lr_0 = 1.0374e-04
Loss = 1.3900e-02, PNorm = 79.6686, GNorm = 0.1165, lr_0 = 1.0275e-04
Loss = 2.2501e-02, PNorm = 79.6740, GNorm = 0.1211, lr_0 = 1.0176e-04
Loss = 1.1550e-02, PNorm = 79.6857, GNorm = 0.4165, lr_0 = 1.0078e-04
Loss = 7.8566e-03, PNorm = 79.6974, GNorm = 0.1800, lr_0 = 1.0000e-04
Loss = 1.8014e-02, PNorm = 79.7076, GNorm = 0.4715, lr_0 = 1.0000e-04
Loss = 6.0662e-03, PNorm = 79.7126, GNorm = 0.0578, lr_0 = 1.0000e-04
Validation auc = 0.790474
Model 0 best validation auc = 0.899041 on epoch 8
Loading pretrained parameter "encoder.encoder.0.cached_zero_vector".
Loading pretrained parameter "encoder.encoder.0.W_i.weight".
Loading pretrained parameter "encoder.encoder.0.W_h.weight".
Loading pretrained parameter "encoder.encoder.0.W_o.weight".
Loading pretrained parameter "encoder.encoder.0.W_o.bias".
Loading pretrained parameter "ffn.1.weight".
Loading pretrained parameter "ffn.1.bias".
Loading pretrained parameter "ffn.4.weight".
Loading pretrained parameter "ffn.4.bias".
Moving model to cuda
Model 0 test auc = 0.857987
Ensemble test auc = 0.857987
3-fold cross validation
	Seed 0 ==> test auc = 0.759926
	Seed 1 ==> test auc = 0.892775
	Seed 2 ==> test auc = 0.857987
Overall test auc = 0.836896 +/- 0.056248
Elapsed time = 0:28:10
