Command line
python /home/jackievaleri8/.conda/envs/chemprop/bin/chemprop_train --init_lr 0.001 --dropout 0.25 --hidden_size 300 --ffn_num_layers 2 --depth 3 --save_dir round3finalval08162021_models/27 --data_path round3finalval08162021_TRAIN.csv --dataset_type classification --features_path round3finalval08162021_TRAINFTS.npz --no_features_scaling --num_folds 3 --ensemble_size 1 --split_type scaffold_balanced --split_sizes 0.8 0.1 0.1 --smiles_columns SMILES --ignore_columns Name --gpu 0
Args
{'activation': 'ReLU',
 'aggregation': 'mean',
 'aggregation_norm': 100,
 'atom_descriptor_scaling': True,
 'atom_descriptors': None,
 'atom_descriptors_path': None,
 'atom_descriptors_size': 0,
 'atom_features_size': 0,
 'atom_messages': False,
 'batch_size': 50,
 'bias': False,
 'bond_feature_scaling': True,
 'bond_features_path': None,
 'bond_features_size': 0,
 'cache_cutoff': 10000,
 'checkpoint_dir': None,
 'checkpoint_path': None,
 'checkpoint_paths': None,
 'class_balance': False,
 'config_path': None,
 'crossval_index_dir': None,
 'crossval_index_file': None,
 'crossval_index_sets': None,
 'cuda': True,
 'data_path': 'round3finalval08162021_TRAIN.csv',
 'dataset_type': 'classification',
 'depth': 3,
 'device': device(type='cuda', index=0),
 'dropout': 0.25,
 'empty_cache': False,
 'ensemble_size': 1,
 'epochs': 30,
 'explicit_h': False,
 'extra_metrics': [],
 'features_generator': None,
 'features_only': False,
 'features_path': ['round3finalval08162021_TRAINFTS.npz'],
 'features_scaling': False,
 'features_size': None,
 'ffn_hidden_size': 300,
 'ffn_num_layers': 2,
 'final_lr': 0.0001,
 'folds_file': None,
 'gpu': 0,
 'grad_clip': None,
 'hidden_size': 300,
 'ignore_columns': ['Name'],
 'init_lr': 0.001,
 'log_frequency': 10,
 'max_data_size': None,
 'max_lr': 0.001,
 'metric': 'auc',
 'metrics': ['auc'],
 'minimize_score': False,
 'mpn_shared': False,
 'multiclass_num_classes': 3,
 'no_atom_descriptor_scaling': False,
 'no_bond_features_scaling': False,
 'no_cache_mol': False,
 'no_cuda': False,
 'no_features_scaling': True,
 'num_folds': 3,
 'num_lrs': 1,
 'num_tasks': 2,
 'num_workers': 8,
 'number_of_molecules': 1,
 'overwrite_default_atom_features': False,
 'overwrite_default_bond_features': False,
 'pytorch_seed': 0,
 'quiet': False,
 'reaction': False,
 'reaction_mode': 'reac_diff',
 'resume_experiment': False,
 'save_dir': 'round3finalval08162021_models/27',
 'save_preds': False,
 'save_smiles_splits': False,
 'seed': 0,
 'separate_test_atom_descriptors_path': None,
 'separate_test_bond_features_path': None,
 'separate_test_features_path': None,
 'separate_test_path': None,
 'separate_val_atom_descriptors_path': None,
 'separate_val_bond_features_path': None,
 'separate_val_features_path': None,
 'separate_val_path': None,
 'show_individual_scores': False,
 'smiles_columns': ['SMILES'],
 'split_sizes': (0.8, 0.1, 0.1),
 'split_type': 'scaffold_balanced',
 'target_columns': None,
 'task_names': ['hit_inh', 'hit_kill'],
 'test': False,
 'test_fold_index': None,
 'train_data_size': None,
 'undirected': False,
 'use_input_features': True,
 'val_fold_index': None,
 'warmup_epochs': 2.0}
Loading data
Warning: 23 SMILES are invalid.
Number of tasks = 2
Fold 0
Splitting data with seed 0
Total scaffolds = 3,467 | train scaffolds = 2,650 | val scaffolds = 433 | test scaffolds = 384
Label averages per scaffold, in decreasing order of scaffold frequency,capped at 10 scaffolds and 20 labels:
Scaffold 0
Task 0: count = 381 | target average = 0.018373
Task 1: count = 381 | target average = 0.013123


Scaffold 1
Task 0: count = 305 | target average = 0.009836
Task 1: count = 305 | target average = 0.016393


Scaffold 2
Task 0: count = 36 | target average = 0.000000
Task 1: count = 36 | target average = 0.000000


Scaffold 3
Task 0: count = 29 | target average = 0.000000
Task 1: count = 29 | target average = 0.000000


Scaffold 4
Task 0: count = 26 | target average = 0.000000
Task 1: count = 26 | target average = 0.000000


Scaffold 5
Task 0: count = 23 | target average = 0.000000
Task 1: count = 23 | target average = 0.000000


Scaffold 6
Task 0: count = 22 | target average = 0.090909
Task 1: count = 22 | target average = 0.090909


Scaffold 7
Task 0: count = 20 | target average = 0.000000
Task 1: count = 20 | target average = 0.000000


Scaffold 8
Task 0: count = 20 | target average = 0.000000
Task 1: count = 20 | target average = 0.000000


Scaffold 9
Task 0: count = 20 | target average = 0.050000
Task 1: count = 20 | target average = 0.000000


Class sizes
hit_inh 0: 97.83%, 1: 2.17%
hit_kill 0: 98.64%, 1: 1.36%
Total size = 5,353 | train size = 4,282 | val size = 535 | test size = 536
Building model 0
MoleculeModel(
  (sigmoid): Sigmoid()
  (encoder): MPN(
    (encoder): ModuleList(
      (0): MPNEncoder(
        (dropout_layer): Dropout(p=0.25, inplace=False)
        (act_func): ReLU()
        (W_i): Linear(in_features=147, out_features=300, bias=False)
        (W_h): Linear(in_features=300, out_features=300, bias=False)
        (W_o): Linear(in_features=433, out_features=300, bias=True)
      )
    )
  )
  (ffn): Sequential(
    (0): Dropout(p=0.25, inplace=False)
    (1): Linear(in_features=500, out_features=300, bias=True)
    (2): ReLU()
    (3): Dropout(p=0.25, inplace=False)
    (4): Linear(in_features=300, out_features=2, bias=True)
  )
)
Number of parameters = 415,202
Moving model to cuda
Epoch 0
Loss = 2.3274e-01, PNorm = 35.1679, GNorm = 0.9788, lr_0 = 1.0000e-03
Loss = 9.3682e-02, PNorm = 35.2116, GNorm = 0.2868, lr_0 = 1.0000e-03
Loss = 9.3477e-02, PNorm = 35.2465, GNorm = 0.6590, lr_0 = 1.0000e-03
Loss = 9.9175e-02, PNorm = 35.2658, GNorm = 0.1977, lr_0 = 1.0000e-03
Loss = 9.1891e-02, PNorm = 35.2934, GNorm = 0.3724, lr_0 = 1.0000e-03
Loss = 6.2577e-02, PNorm = 35.3205, GNorm = 0.2412, lr_0 = 1.0000e-03
Loss = 6.6083e-02, PNorm = 35.3404, GNorm = 0.2090, lr_0 = 1.0000e-03
Loss = 5.9859e-02, PNorm = 35.3636, GNorm = 0.1348, lr_0 = 1.0000e-03
Validation auc = 0.645775
Epoch 1
Loss = 3.7227e-02, PNorm = 35.4065, GNorm = 0.0832, lr_0 = 1.0000e-03
Loss = 9.4959e-02, PNorm = 35.4235, GNorm = 0.1898, lr_0 = 1.0000e-03
Loss = 7.6494e-02, PNorm = 35.4709, GNorm = 0.1106, lr_0 = 1.0000e-03
Loss = 9.5995e-02, PNorm = 35.4975, GNorm = 0.1788, lr_0 = 1.0000e-03
Loss = 7.7029e-02, PNorm = 35.5401, GNorm = 0.1114, lr_0 = 1.0000e-03
Loss = 5.5166e-02, PNorm = 35.5765, GNorm = 0.1671, lr_0 = 1.0000e-03
Loss = 8.9659e-02, PNorm = 35.6042, GNorm = 0.1745, lr_0 = 1.0000e-03
Loss = 9.1914e-02, PNorm = 35.6279, GNorm = 0.1720, lr_0 = 1.0000e-03
Loss = 9.4683e-02, PNorm = 35.6633, GNorm = 0.1869, lr_0 = 9.9807e-04
Validation auc = 0.834839
Epoch 2
Loss = 5.9001e-02, PNorm = 35.7118, GNorm = 0.0652, lr_0 = 9.8846e-04
Loss = 5.9355e-02, PNorm = 35.7380, GNorm = 0.1248, lr_0 = 9.7894e-04
Loss = 6.4525e-02, PNorm = 35.7751, GNorm = 0.1498, lr_0 = 9.6952e-04
Loss = 8.1128e-02, PNorm = 35.8124, GNorm = 0.4292, lr_0 = 9.6018e-04
Loss = 7.1224e-02, PNorm = 35.8759, GNorm = 0.1802, lr_0 = 9.5094e-04
Loss = 8.5670e-02, PNorm = 35.9119, GNorm = 0.1926, lr_0 = 9.4178e-04
Loss = 1.2487e-01, PNorm = 35.9598, GNorm = 0.3044, lr_0 = 9.3271e-04
Loss = 6.4532e-02, PNorm = 36.0188, GNorm = 0.3209, lr_0 = 9.2373e-04
Validation auc = 0.862855
Epoch 3
Loss = 5.8072e-02, PNorm = 36.0567, GNorm = 0.1791, lr_0 = 9.1395e-04
Loss = 9.1891e-02, PNorm = 36.1011, GNorm = 0.1760, lr_0 = 9.0515e-04
Loss = 7.1662e-02, PNorm = 36.1729, GNorm = 0.3627, lr_0 = 8.9644e-04
Loss = 6.9788e-02, PNorm = 36.2211, GNorm = 0.1346, lr_0 = 8.8781e-04
Loss = 7.4551e-02, PNorm = 36.2734, GNorm = 0.2842, lr_0 = 8.7926e-04
Loss = 7.7377e-02, PNorm = 36.3039, GNorm = 0.1421, lr_0 = 8.7080e-04
Loss = 5.4081e-02, PNorm = 36.3662, GNorm = 0.1123, lr_0 = 8.6241e-04
Loss = 5.8531e-02, PNorm = 36.3988, GNorm = 0.1007, lr_0 = 8.5411e-04
Loss = 7.4627e-02, PNorm = 36.4439, GNorm = 0.1370, lr_0 = 8.4588e-04
Validation auc = 0.896031
Epoch 4
Loss = 5.5233e-02, PNorm = 36.5135, GNorm = 0.0832, lr_0 = 8.3774e-04
Loss = 5.7241e-02, PNorm = 36.5481, GNorm = 0.1557, lr_0 = 8.2967e-04
Loss = 7.8640e-02, PNorm = 36.5881, GNorm = 0.1797, lr_0 = 8.2169e-04
Loss = 7.7593e-02, PNorm = 36.6507, GNorm = 0.3644, lr_0 = 8.1377e-04
Loss = 8.0933e-02, PNorm = 36.6772, GNorm = 0.1856, lr_0 = 8.0594e-04
Loss = 5.3260e-02, PNorm = 36.7560, GNorm = 0.0886, lr_0 = 7.9818e-04
Loss = 5.6041e-02, PNorm = 36.7968, GNorm = 0.0980, lr_0 = 7.9050e-04
Loss = 5.5083e-02, PNorm = 36.8498, GNorm = 0.0859, lr_0 = 7.8288e-04
Validation auc = 0.937540
Epoch 5
Loss = 5.9528e-02, PNorm = 36.8869, GNorm = 0.1573, lr_0 = 7.7535e-04
Loss = 4.4577e-02, PNorm = 36.9413, GNorm = 0.1284, lr_0 = 7.6788e-04
Loss = 9.1135e-02, PNorm = 36.9681, GNorm = 0.3021, lr_0 = 7.6049e-04
Loss = 8.0553e-02, PNorm = 37.0497, GNorm = 0.1987, lr_0 = 7.5317e-04
Loss = 4.5139e-02, PNorm = 37.1175, GNorm = 0.1365, lr_0 = 7.4591e-04
Loss = 5.2719e-02, PNorm = 37.1726, GNorm = 0.3458, lr_0 = 7.3873e-04
Loss = 8.0029e-02, PNorm = 37.1846, GNorm = 0.1796, lr_0 = 7.3162e-04
Loss = 3.6752e-02, PNorm = 37.2218, GNorm = 0.0724, lr_0 = 7.2458e-04
Loss = 7.3604e-02, PNorm = 37.2314, GNorm = 0.1766, lr_0 = 7.1760e-04
Validation auc = 0.936140
Epoch 6
Loss = 3.9242e-02, PNorm = 37.2923, GNorm = 0.2541, lr_0 = 7.1000e-04
Loss = 7.3080e-02, PNorm = 37.2986, GNorm = 0.1353, lr_0 = 7.0317e-04
Loss = 4.9947e-02, PNorm = 37.3344, GNorm = 0.0844, lr_0 = 6.9640e-04
Loss = 5.9703e-02, PNorm = 37.3626, GNorm = 0.1306, lr_0 = 6.8969e-04
Loss = 6.2236e-02, PNorm = 37.3801, GNorm = 0.1322, lr_0 = 6.8305e-04
Loss = 7.9247e-02, PNorm = 37.4167, GNorm = 0.1419, lr_0 = 6.7648e-04
Loss = 5.7667e-02, PNorm = 37.4481, GNorm = 0.1787, lr_0 = 6.6996e-04
Loss = 6.5820e-02, PNorm = 37.4704, GNorm = 0.2394, lr_0 = 6.6351e-04
Validation auc = 0.954919
Epoch 7
Loss = 3.9688e-02, PNorm = 37.5177, GNorm = 0.1193, lr_0 = 6.5712e-04
Loss = 6.2838e-02, PNorm = 37.5562, GNorm = 0.1162, lr_0 = 6.5080e-04
Loss = 5.1195e-02, PNorm = 37.6093, GNorm = 0.1050, lr_0 = 6.4453e-04
Loss = 4.9804e-02, PNorm = 37.6554, GNorm = 0.2299, lr_0 = 6.3833e-04
Loss = 3.9909e-02, PNorm = 37.6705, GNorm = 0.1584, lr_0 = 6.3218e-04
Loss = 6.6911e-02, PNorm = 37.6956, GNorm = 0.1356, lr_0 = 6.2609e-04
Loss = 4.3299e-02, PNorm = 37.7433, GNorm = 0.3541, lr_0 = 6.2006e-04
Loss = 4.7857e-02, PNorm = 37.7694, GNorm = 0.1752, lr_0 = 6.1409e-04
Loss = 6.1458e-02, PNorm = 37.7949, GNorm = 0.2031, lr_0 = 6.0818e-04
Validation auc = 0.962935
Epoch 8
Loss = 3.7690e-02, PNorm = 37.8255, GNorm = 0.1117, lr_0 = 6.0233e-04
Loss = 5.3407e-02, PNorm = 37.8658, GNorm = 0.1921, lr_0 = 5.9653e-04
Loss = 5.3413e-02, PNorm = 37.9014, GNorm = 0.0916, lr_0 = 5.9078e-04
Loss = 4.2911e-02, PNorm = 37.9428, GNorm = 0.1581, lr_0 = 5.8510e-04
Loss = 5.9966e-02, PNorm = 37.9651, GNorm = 0.1717, lr_0 = 5.7946e-04
Loss = 5.3067e-02, PNorm = 38.0035, GNorm = 0.0694, lr_0 = 5.7388e-04
Loss = 3.3264e-02, PNorm = 38.0366, GNorm = 0.1174, lr_0 = 5.6836e-04
Loss = 7.7994e-02, PNorm = 38.0607, GNorm = 0.1550, lr_0 = 5.6289e-04
Loss = 7.1948e-02, PNorm = 38.1116, GNorm = 0.2318, lr_0 = 5.5747e-04
Loss = 6.5790e-03, PNorm = 38.1152, GNorm = 0.0690, lr_0 = 5.5693e-04
Validation auc = 0.960275
Epoch 9
Loss = 5.5597e-02, PNorm = 38.1468, GNorm = 0.1797, lr_0 = 5.5156e-04
Loss = 4.3751e-02, PNorm = 38.2012, GNorm = 0.0829, lr_0 = 5.4625e-04
Loss = 3.6764e-02, PNorm = 38.2291, GNorm = 0.0434, lr_0 = 5.4100e-04
Loss = 4.1857e-02, PNorm = 38.2330, GNorm = 0.2548, lr_0 = 5.3579e-04
Loss = 4.0915e-02, PNorm = 38.2594, GNorm = 0.1235, lr_0 = 5.3063e-04
Loss = 6.9177e-02, PNorm = 38.2765, GNorm = 0.3222, lr_0 = 5.2552e-04
Loss = 6.0215e-02, PNorm = 38.3160, GNorm = 0.1654, lr_0 = 5.2046e-04
Loss = 5.8905e-02, PNorm = 38.3500, GNorm = 0.3376, lr_0 = 5.1545e-04
Validation auc = 0.964266
Epoch 10
Loss = 4.3745e-02, PNorm = 38.3593, GNorm = 0.1926, lr_0 = 5.1049e-04
Loss = 5.2992e-02, PNorm = 38.3940, GNorm = 0.2981, lr_0 = 5.0557e-04
Loss = 5.8202e-02, PNorm = 38.4051, GNorm = 0.2334, lr_0 = 5.0070e-04
Loss = 5.1675e-02, PNorm = 38.4314, GNorm = 0.3470, lr_0 = 4.9588e-04
Loss = 3.7713e-02, PNorm = 38.4467, GNorm = 0.1381, lr_0 = 4.9111e-04
Loss = 4.1276e-02, PNorm = 38.4703, GNorm = 0.1761, lr_0 = 4.8638e-04
Loss = 7.1222e-02, PNorm = 38.4906, GNorm = 0.2280, lr_0 = 4.8170e-04
Loss = 3.3618e-02, PNorm = 38.5304, GNorm = 0.1267, lr_0 = 4.7706e-04
Loss = 4.9605e-02, PNorm = 38.5443, GNorm = 0.1264, lr_0 = 4.7247e-04
Validation auc = 0.971632
Epoch 11
Loss = 3.8314e-02, PNorm = 38.5813, GNorm = 0.1944, lr_0 = 4.6792e-04
Loss = 4.7751e-02, PNorm = 38.5988, GNorm = 0.2361, lr_0 = 4.6341e-04
Loss = 4.8344e-02, PNorm = 38.6234, GNorm = 0.2824, lr_0 = 4.5895e-04
Loss = 4.6549e-02, PNorm = 38.6423, GNorm = 0.0866, lr_0 = 4.5453e-04
Loss = 4.1420e-02, PNorm = 38.6673, GNorm = 0.1311, lr_0 = 4.5015e-04
Loss = 5.8913e-02, PNorm = 38.6971, GNorm = 0.2597, lr_0 = 4.4582e-04
Loss = 5.9218e-02, PNorm = 38.7234, GNorm = 0.1530, lr_0 = 4.4153e-04
Loss = 3.5853e-02, PNorm = 38.7585, GNorm = 0.2602, lr_0 = 4.3728e-04
Validation auc = 0.967985
Epoch 12
Loss = 3.3820e-02, PNorm = 38.7751, GNorm = 0.1272, lr_0 = 4.3265e-04
Loss = 4.9628e-02, PNorm = 38.7832, GNorm = 0.4498, lr_0 = 4.2848e-04
Loss = 4.4106e-02, PNorm = 38.8117, GNorm = 0.1852, lr_0 = 4.2436e-04
Loss = 5.0718e-02, PNorm = 38.8398, GNorm = 0.1681, lr_0 = 4.2027e-04
Loss = 2.0413e-02, PNorm = 38.8636, GNorm = 0.0863, lr_0 = 4.1622e-04
Loss = 4.0138e-02, PNorm = 38.8858, GNorm = 0.2418, lr_0 = 4.1222e-04
Loss = 4.6481e-02, PNorm = 38.8960, GNorm = 0.1983, lr_0 = 4.0825e-04
Loss = 5.9287e-02, PNorm = 38.9209, GNorm = 0.1234, lr_0 = 4.0432e-04
Loss = 4.3736e-02, PNorm = 38.9338, GNorm = 0.2205, lr_0 = 4.0042e-04
Validation auc = 0.971623
Epoch 13
Loss = 4.1465e-02, PNorm = 38.9497, GNorm = 0.1294, lr_0 = 3.9657e-04
Loss = 4.9262e-02, PNorm = 38.9704, GNorm = 0.1382, lr_0 = 3.9275e-04
Loss = 4.9458e-02, PNorm = 38.9916, GNorm = 0.1672, lr_0 = 3.8897e-04
Loss = 1.7758e-02, PNorm = 39.0225, GNorm = 0.0660, lr_0 = 3.8522e-04
Loss = 6.7258e-02, PNorm = 39.0217, GNorm = 0.2860, lr_0 = 3.8152e-04
Loss = 3.7923e-02, PNorm = 39.0443, GNorm = 0.2490, lr_0 = 3.7784e-04
Loss = 5.3451e-02, PNorm = 39.0617, GNorm = 0.3323, lr_0 = 3.7420e-04
Loss = 4.5698e-02, PNorm = 39.0789, GNorm = 0.2275, lr_0 = 3.7060e-04
Validation auc = 0.970269
Epoch 14
Loss = 3.6698e-02, PNorm = 39.1025, GNorm = 0.3452, lr_0 = 3.6668e-04
Loss = 4.7061e-02, PNorm = 39.1109, GNorm = 0.1803, lr_0 = 3.6315e-04
Loss = 4.2237e-02, PNorm = 39.1335, GNorm = 0.2755, lr_0 = 3.5965e-04
Loss = 3.9627e-02, PNorm = 39.1514, GNorm = 0.2926, lr_0 = 3.5619e-04
Loss = 2.1712e-02, PNorm = 39.1640, GNorm = 0.1443, lr_0 = 3.5276e-04
Loss = 3.9607e-02, PNorm = 39.1768, GNorm = 0.1922, lr_0 = 3.4936e-04
Loss = 6.7527e-02, PNorm = 39.1749, GNorm = 0.4650, lr_0 = 3.4600e-04
Loss = 3.5942e-02, PNorm = 39.1944, GNorm = 0.2212, lr_0 = 3.4267e-04
Loss = 4.9319e-02, PNorm = 39.2119, GNorm = 0.1893, lr_0 = 3.3937e-04
Validation auc = 0.972965
Epoch 15
Loss = 4.6124e-02, PNorm = 39.2289, GNorm = 0.2362, lr_0 = 3.3610e-04
Loss = 3.0856e-02, PNorm = 39.2624, GNorm = 0.2363, lr_0 = 3.3287e-04
Loss = 3.2007e-02, PNorm = 39.2739, GNorm = 0.1404, lr_0 = 3.2966e-04
Loss = 4.7076e-02, PNorm = 39.2738, GNorm = 0.2499, lr_0 = 3.2649e-04
Loss = 5.3217e-02, PNorm = 39.2941, GNorm = 0.2507, lr_0 = 3.2334e-04
Loss = 2.2316e-02, PNorm = 39.3132, GNorm = 0.1316, lr_0 = 3.2023e-04
Loss = 3.9460e-02, PNorm = 39.3200, GNorm = 0.1160, lr_0 = 3.1715e-04
Loss = 4.9721e-02, PNorm = 39.3300, GNorm = 0.2520, lr_0 = 3.1409e-04
Loss = 5.0381e-02, PNorm = 39.3556, GNorm = 0.1718, lr_0 = 3.1107e-04
Validation auc = 0.969548
Epoch 16
Loss = 3.0177e-02, PNorm = 39.3767, GNorm = 0.3920, lr_0 = 3.0807e-04
Loss = 5.2894e-02, PNorm = 39.3776, GNorm = 0.1563, lr_0 = 3.0511e-04
Loss = 2.4039e-02, PNorm = 39.3956, GNorm = 0.1315, lr_0 = 3.0217e-04
Loss = 5.5654e-02, PNorm = 39.4004, GNorm = 0.4997, lr_0 = 2.9926e-04
Loss = 3.2699e-02, PNorm = 39.4049, GNorm = 0.1173, lr_0 = 2.9638e-04
Loss = 5.2255e-02, PNorm = 39.4231, GNorm = 0.3017, lr_0 = 2.9353e-04
Loss = 3.5118e-02, PNorm = 39.4391, GNorm = 0.0973, lr_0 = 2.9070e-04
Loss = 3.0357e-02, PNorm = 39.4518, GNorm = 0.1203, lr_0 = 2.8790e-04
Validation auc = 0.968961
Epoch 17
Loss = 2.1529e-02, PNorm = 39.4622, GNorm = 0.1249, lr_0 = 2.8485e-04
Loss = 3.9920e-02, PNorm = 39.4758, GNorm = 0.2597, lr_0 = 2.8211e-04
Loss = 2.9782e-02, PNorm = 39.4854, GNorm = 0.1802, lr_0 = 2.7939e-04
Loss = 4.7964e-02, PNorm = 39.5002, GNorm = 0.1981, lr_0 = 2.7670e-04
Loss = 2.8473e-02, PNorm = 39.5157, GNorm = 0.1464, lr_0 = 2.7404e-04
Loss = 4.4655e-02, PNorm = 39.5230, GNorm = 0.1639, lr_0 = 2.7140e-04
Loss = 5.6591e-02, PNorm = 39.5364, GNorm = 0.2471, lr_0 = 2.6879e-04
Loss = 3.0233e-02, PNorm = 39.5585, GNorm = 0.1482, lr_0 = 2.6620e-04
Loss = 3.2986e-02, PNorm = 39.5721, GNorm = 0.2794, lr_0 = 2.6364e-04
Validation auc = 0.965702
Epoch 18
Loss = 4.8373e-02, PNorm = 39.5705, GNorm = 0.3115, lr_0 = 2.6110e-04
Loss = 3.8107e-02, PNorm = 39.5874, GNorm = 0.3738, lr_0 = 2.5859e-04
Loss = 3.0330e-02, PNorm = 39.6048, GNorm = 0.1577, lr_0 = 2.5610e-04
Loss = 1.5005e-02, PNorm = 39.6208, GNorm = 0.0646, lr_0 = 2.5363e-04
Loss = 2.7363e-02, PNorm = 39.6295, GNorm = 0.4216, lr_0 = 2.5119e-04
Loss = 4.4441e-02, PNorm = 39.6283, GNorm = 0.0875, lr_0 = 2.4877e-04
Loss = 3.9618e-02, PNorm = 39.6398, GNorm = 0.2277, lr_0 = 2.4638e-04
Loss = 4.4205e-02, PNorm = 39.6516, GNorm = 0.1361, lr_0 = 2.4400e-04
Validation auc = 0.968325
Epoch 19
Loss = 4.0089e-02, PNorm = 39.6564, GNorm = 0.1915, lr_0 = 2.4165e-04
Loss = 4.2393e-02, PNorm = 39.6678, GNorm = 0.1701, lr_0 = 2.3933e-04
Loss = 2.8612e-02, PNorm = 39.6867, GNorm = 0.0570, lr_0 = 2.3702e-04
Loss = 4.9914e-02, PNorm = 39.6907, GNorm = 0.4683, lr_0 = 2.3474e-04
Loss = 4.0089e-02, PNorm = 39.6975, GNorm = 0.1722, lr_0 = 2.3248e-04
Loss = 3.8831e-02, PNorm = 39.7224, GNorm = 0.2278, lr_0 = 2.3024e-04
Loss = 4.2812e-02, PNorm = 39.7397, GNorm = 0.5342, lr_0 = 2.2803e-04
Loss = 2.6346e-02, PNorm = 39.7467, GNorm = 0.1692, lr_0 = 2.2583e-04
Loss = 3.4140e-02, PNorm = 39.7554, GNorm = 0.3039, lr_0 = 2.2366e-04
Validation auc = 0.966595
Epoch 20
Loss = 3.0170e-02, PNorm = 39.7650, GNorm = 0.1599, lr_0 = 2.2129e-04
Loss = 5.0440e-02, PNorm = 39.7707, GNorm = 0.1752, lr_0 = 2.1916e-04
Loss = 2.5415e-02, PNorm = 39.7839, GNorm = 0.2910, lr_0 = 2.1705e-04
Loss = 3.3825e-02, PNorm = 39.7988, GNorm = 0.1824, lr_0 = 2.1496e-04
Loss = 2.5538e-02, PNorm = 39.8003, GNorm = 0.0929, lr_0 = 2.1289e-04
Loss = 2.7536e-02, PNorm = 39.8038, GNorm = 0.1653, lr_0 = 2.1084e-04
Loss = 4.7193e-02, PNorm = 39.8103, GNorm = 0.1636, lr_0 = 2.0881e-04
Loss = 5.5470e-02, PNorm = 39.8233, GNorm = 0.3329, lr_0 = 2.0680e-04
Validation auc = 0.961689
Epoch 21
Loss = 4.8987e-02, PNorm = 39.8342, GNorm = 0.2326, lr_0 = 2.0481e-04
Loss = 3.7067e-02, PNorm = 39.8411, GNorm = 0.1326, lr_0 = 2.0283e-04
Loss = 3.4929e-02, PNorm = 39.8454, GNorm = 0.3325, lr_0 = 2.0088e-04
Loss = 2.4459e-02, PNorm = 39.8550, GNorm = 0.1021, lr_0 = 1.9895e-04
Loss = 3.2887e-02, PNorm = 39.8664, GNorm = 0.1390, lr_0 = 1.9703e-04
Loss = 3.3386e-02, PNorm = 39.8754, GNorm = 0.1128, lr_0 = 1.9514e-04
Loss = 4.9300e-02, PNorm = 39.8811, GNorm = 0.4245, lr_0 = 1.9326e-04
Loss = 3.5500e-02, PNorm = 39.8855, GNorm = 0.1164, lr_0 = 1.9140e-04
Loss = 2.6976e-02, PNorm = 39.9064, GNorm = 0.1920, lr_0 = 1.8955e-04
Validation auc = 0.964766
Epoch 22
Loss = 2.4426e-02, PNorm = 39.9101, GNorm = 0.0657, lr_0 = 1.8773e-04
Loss = 2.5319e-02, PNorm = 39.9126, GNorm = 0.1625, lr_0 = 1.8592e-04
Loss = 3.7249e-02, PNorm = 39.9239, GNorm = 0.1264, lr_0 = 1.8413e-04
Loss = 3.7201e-02, PNorm = 39.9296, GNorm = 0.1035, lr_0 = 1.8236e-04
Loss = 4.4770e-02, PNorm = 39.9298, GNorm = 0.3580, lr_0 = 1.8060e-04
Loss = 4.5454e-02, PNorm = 39.9416, GNorm = 0.1610, lr_0 = 1.7886e-04
Loss = 2.0072e-02, PNorm = 39.9596, GNorm = 0.0967, lr_0 = 1.7714e-04
Loss = 3.4005e-02, PNorm = 39.9633, GNorm = 0.0521, lr_0 = 1.7544e-04
Validation auc = 0.967492
Epoch 23
Loss = 8.3888e-02, PNorm = 39.9685, GNorm = 0.2552, lr_0 = 1.7358e-04
Loss = 2.2863e-02, PNorm = 39.9815, GNorm = 0.0956, lr_0 = 1.7191e-04
Loss = 3.2087e-02, PNorm = 39.9877, GNorm = 0.0804, lr_0 = 1.7025e-04
Loss = 3.2019e-02, PNorm = 39.9895, GNorm = 0.2245, lr_0 = 1.6861e-04
Loss = 3.4429e-02, PNorm = 39.9988, GNorm = 0.3079, lr_0 = 1.6699e-04
Loss = 2.4355e-02, PNorm = 40.0038, GNorm = 0.0587, lr_0 = 1.6538e-04
Loss = 2.8643e-02, PNorm = 40.0130, GNorm = 0.1011, lr_0 = 1.6379e-04
Loss = 3.8945e-02, PNorm = 40.0158, GNorm = 0.2124, lr_0 = 1.6221e-04
Loss = 3.3230e-02, PNorm = 40.0226, GNorm = 0.1415, lr_0 = 1.6065e-04
Validation auc = 0.965643
Epoch 24
Loss = 4.1462e-02, PNorm = 40.0347, GNorm = 0.4122, lr_0 = 1.5910e-04
Loss = 2.7153e-02, PNorm = 40.0439, GNorm = 0.0725, lr_0 = 1.5757e-04
Loss = 2.5404e-02, PNorm = 40.0511, GNorm = 0.2887, lr_0 = 1.5605e-04
Loss = 2.8048e-02, PNorm = 40.0560, GNorm = 0.1568, lr_0 = 1.5455e-04
Loss = 4.1038e-02, PNorm = 40.0572, GNorm = 0.1114, lr_0 = 1.5306e-04
Loss = 3.9612e-02, PNorm = 40.0558, GNorm = 0.3302, lr_0 = 1.5159e-04
Loss = 3.9356e-02, PNorm = 40.0718, GNorm = 0.2386, lr_0 = 1.5013e-04
Loss = 2.3821e-02, PNorm = 40.0877, GNorm = 0.0555, lr_0 = 1.4869e-04
Loss = 3.7370e-02, PNorm = 40.0883, GNorm = 0.0615, lr_0 = 1.4725e-04
Validation auc = 0.963062
Epoch 25
Loss = 3.0139e-02, PNorm = 40.0883, GNorm = 0.4342, lr_0 = 1.4584e-04
Loss = 3.8992e-02, PNorm = 40.0903, GNorm = 0.2288, lr_0 = 1.4443e-04
Loss = 1.9602e-02, PNorm = 40.1048, GNorm = 0.0475, lr_0 = 1.4304e-04
Loss = 3.4765e-02, PNorm = 40.1139, GNorm = 0.1456, lr_0 = 1.4166e-04
Loss = 3.2608e-02, PNorm = 40.1202, GNorm = 0.7600, lr_0 = 1.4030e-04
Loss = 1.8202e-02, PNorm = 40.1223, GNorm = 0.1180, lr_0 = 1.3895e-04
Loss = 3.2509e-02, PNorm = 40.1258, GNorm = 0.1307, lr_0 = 1.3761e-04
Loss = 4.0467e-02, PNorm = 40.1290, GNorm = 0.5521, lr_0 = 1.3629e-04
Validation auc = 0.963779
Epoch 26
Loss = 3.5421e-02, PNorm = 40.1350, GNorm = 0.1777, lr_0 = 1.3484e-04
Loss = 2.9987e-02, PNorm = 40.1452, GNorm = 0.4089, lr_0 = 1.3355e-04
Loss = 4.2047e-02, PNorm = 40.1488, GNorm = 0.1507, lr_0 = 1.3226e-04
Loss = 3.9238e-02, PNorm = 40.1573, GNorm = 0.0633, lr_0 = 1.3099e-04
Loss = 4.1122e-02, PNorm = 40.1629, GNorm = 0.1337, lr_0 = 1.2973e-04
Loss = 3.0119e-02, PNorm = 40.1652, GNorm = 0.6689, lr_0 = 1.2848e-04
Loss = 3.7461e-02, PNorm = 40.1693, GNorm = 0.2453, lr_0 = 1.2724e-04
Loss = 2.8875e-02, PNorm = 40.1774, GNorm = 0.2319, lr_0 = 1.2601e-04
Loss = 1.8680e-02, PNorm = 40.1838, GNorm = 0.2852, lr_0 = 1.2480e-04
Validation auc = 0.961183
Epoch 27
Loss = 1.2669e-02, PNorm = 40.1853, GNorm = 0.2670, lr_0 = 1.2360e-04
Loss = 3.5417e-02, PNorm = 40.1866, GNorm = 0.3310, lr_0 = 1.2241e-04
Loss = 3.7421e-02, PNorm = 40.1962, GNorm = 0.2915, lr_0 = 1.2123e-04
Loss = 3.8572e-02, PNorm = 40.2062, GNorm = 0.3801, lr_0 = 1.2006e-04
Loss = 3.9895e-02, PNorm = 40.2090, GNorm = 0.3330, lr_0 = 1.1891e-04
Loss = 2.4322e-02, PNorm = 40.2146, GNorm = 0.2540, lr_0 = 1.1776e-04
Loss = 1.9727e-02, PNorm = 40.2239, GNorm = 0.1123, lr_0 = 1.1663e-04
Loss = 3.2281e-02, PNorm = 40.2268, GNorm = 0.9564, lr_0 = 1.1551e-04
Validation auc = 0.967071
Epoch 28
Loss = 4.0495e-02, PNorm = 40.2260, GNorm = 0.2291, lr_0 = 1.1428e-04
Loss = 2.8793e-02, PNorm = 40.2336, GNorm = 0.4553, lr_0 = 1.1318e-04
Loss = 1.9908e-02, PNorm = 40.2409, GNorm = 0.1440, lr_0 = 1.1209e-04
Loss = 4.3455e-02, PNorm = 40.2415, GNorm = 0.1544, lr_0 = 1.1101e-04
Loss = 1.5947e-02, PNorm = 40.2473, GNorm = 0.1016, lr_0 = 1.0995e-04
Loss = 2.8218e-02, PNorm = 40.2510, GNorm = 0.0739, lr_0 = 1.0889e-04
Loss = 3.2685e-02, PNorm = 40.2530, GNorm = 0.0775, lr_0 = 1.0784e-04
Loss = 1.7049e-02, PNorm = 40.2577, GNorm = 0.1558, lr_0 = 1.0680e-04
Loss = 4.9921e-02, PNorm = 40.2558, GNorm = 0.2594, lr_0 = 1.0577e-04
Validation auc = 0.967723
Epoch 29
Loss = 3.5403e-02, PNorm = 40.2589, GNorm = 0.2477, lr_0 = 1.0475e-04
Loss = 2.4485e-02, PNorm = 40.2705, GNorm = 0.2121, lr_0 = 1.0374e-04
Loss = 2.3369e-02, PNorm = 40.2792, GNorm = 0.2342, lr_0 = 1.0275e-04
Loss = 3.1880e-02, PNorm = 40.2807, GNorm = 0.3042, lr_0 = 1.0176e-04
Loss = 2.7715e-02, PNorm = 40.2838, GNorm = 0.3257, lr_0 = 1.0078e-04
Loss = 4.0493e-02, PNorm = 40.2865, GNorm = 0.2273, lr_0 = 1.0000e-04
Loss = 2.7955e-02, PNorm = 40.2915, GNorm = 0.2270, lr_0 = 1.0000e-04
Loss = 3.8063e-02, PNorm = 40.2947, GNorm = 0.4883, lr_0 = 1.0000e-04
Validation auc = 0.967022
Model 0 best validation auc = 0.972965 on epoch 14
Loading pretrained parameter "encoder.encoder.0.cached_zero_vector".
Loading pretrained parameter "encoder.encoder.0.W_i.weight".
Loading pretrained parameter "encoder.encoder.0.W_h.weight".
Loading pretrained parameter "encoder.encoder.0.W_o.weight".
Loading pretrained parameter "encoder.encoder.0.W_o.bias".
Loading pretrained parameter "ffn.1.weight".
Loading pretrained parameter "ffn.1.bias".
Loading pretrained parameter "ffn.4.weight".
Loading pretrained parameter "ffn.4.bias".
Moving model to cuda
Model 0 test auc = 0.792407
Ensemble test auc = 0.792407
Fold 1
Splitting data with seed 1
Total scaffolds = 3,467 | train scaffolds = 2,658 | val scaffolds = 399 | test scaffolds = 410
Label averages per scaffold, in decreasing order of scaffold frequency,capped at 10 scaffolds and 20 labels:
Scaffold 0
Task 0: count = 381 | target average = 0.018373
Task 1: count = 381 | target average = 0.013123


Scaffold 1
Task 0: count = 305 | target average = 0.009836
Task 1: count = 305 | target average = 0.016393


Scaffold 2
Task 0: count = 36 | target average = 0.000000
Task 1: count = 36 | target average = 0.000000


Scaffold 3
Task 0: count = 29 | target average = 0.000000
Task 1: count = 29 | target average = 0.000000


Scaffold 4
Task 0: count = 26 | target average = 0.000000
Task 1: count = 26 | target average = 0.000000


Scaffold 5
Task 0: count = 23 | target average = 0.000000
Task 1: count = 23 | target average = 0.000000


Scaffold 6
Task 0: count = 22 | target average = 0.090909
Task 1: count = 22 | target average = 0.090909


Scaffold 7
Task 0: count = 20 | target average = 0.050000
Task 1: count = 20 | target average = 0.000000


Scaffold 8
Task 0: count = 20 | target average = 0.000000
Task 1: count = 20 | target average = 0.000000


Scaffold 9
Task 0: count = 20 | target average = 0.000000
Task 1: count = 20 | target average = 0.000000


Class sizes
hit_inh 0: 97.83%, 1: 2.17%
hit_kill 0: 98.64%, 1: 1.36%
Total size = 5,353 | train size = 4,282 | val size = 535 | test size = 536
Building model 0
MoleculeModel(
  (sigmoid): Sigmoid()
  (encoder): MPN(
    (encoder): ModuleList(
      (0): MPNEncoder(
        (dropout_layer): Dropout(p=0.25, inplace=False)
        (act_func): ReLU()
        (W_i): Linear(in_features=147, out_features=300, bias=False)
        (W_h): Linear(in_features=300, out_features=300, bias=False)
        (W_o): Linear(in_features=433, out_features=300, bias=True)
      )
    )
  )
  (ffn): Sequential(
    (0): Dropout(p=0.25, inplace=False)
    (1): Linear(in_features=500, out_features=300, bias=True)
    (2): ReLU()
    (3): Dropout(p=0.25, inplace=False)
    (4): Linear(in_features=300, out_features=2, bias=True)
  )
)
Number of parameters = 415,202
Moving model to cuda
Epoch 0
Loss = 1.7336e-01, PNorm = 35.1785, GNorm = 0.0224, lr_0 = 1.0000e-03
Loss = 1.0941e-01, PNorm = 35.2137, GNorm = 0.2529, lr_0 = 1.0000e-03
Loss = 8.4374e-02, PNorm = 35.2517, GNorm = 0.5823, lr_0 = 1.0000e-03
Loss = 7.8600e-02, PNorm = 35.2746, GNorm = 0.1449, lr_0 = 1.0000e-03
Loss = 8.9258e-02, PNorm = 35.2984, GNorm = 0.1536, lr_0 = 1.0000e-03
Loss = 1.0923e-01, PNorm = 35.3138, GNorm = 0.1598, lr_0 = 1.0000e-03
Loss = 1.0516e-01, PNorm = 35.3481, GNorm = 0.1810, lr_0 = 1.0000e-03
Loss = 1.0342e-01, PNorm = 35.3741, GNorm = 0.1526, lr_0 = 1.0000e-03
Validation auc = 0.814382
Epoch 1
Loss = 5.2872e-02, PNorm = 35.4166, GNorm = 0.1950, lr_0 = 1.0000e-03
Loss = 9.2023e-02, PNorm = 35.4375, GNorm = 0.1525, lr_0 = 1.0000e-03
Loss = 9.3460e-02, PNorm = 35.4781, GNorm = 0.1533, lr_0 = 1.0000e-03
Loss = 7.7576e-02, PNorm = 35.5145, GNorm = 0.1527, lr_0 = 1.0000e-03
Loss = 7.0391e-02, PNorm = 35.5454, GNorm = 0.2352, lr_0 = 1.0000e-03
Loss = 6.4212e-02, PNorm = 35.5706, GNorm = 0.1323, lr_0 = 1.0000e-03
Loss = 8.2104e-02, PNorm = 35.5977, GNorm = 0.1594, lr_0 = 1.0000e-03
Loss = 8.2065e-02, PNorm = 35.6401, GNorm = 0.1355, lr_0 = 1.0000e-03
Loss = 1.0256e-01, PNorm = 35.6763, GNorm = 0.3164, lr_0 = 9.9807e-04
Validation auc = 0.858447
Epoch 2
Loss = 7.2633e-02, PNorm = 35.7369, GNorm = 0.1066, lr_0 = 9.8846e-04
Loss = 8.9538e-02, PNorm = 35.7739, GNorm = 0.2692, lr_0 = 9.7894e-04
Loss = 7.6757e-02, PNorm = 35.8345, GNorm = 0.1296, lr_0 = 9.6952e-04
Loss = 7.4568e-02, PNorm = 35.8788, GNorm = 0.2329, lr_0 = 9.6018e-04
Loss = 4.6748e-02, PNorm = 35.9124, GNorm = 0.1250, lr_0 = 9.5094e-04
Loss = 6.1861e-02, PNorm = 35.9429, GNorm = 0.1494, lr_0 = 9.4178e-04
Loss = 8.4468e-02, PNorm = 35.9661, GNorm = 0.1507, lr_0 = 9.3271e-04
Loss = 7.3266e-02, PNorm = 36.0185, GNorm = 0.2491, lr_0 = 9.2373e-04
Validation auc = 0.883227
Epoch 3
Loss = 1.1957e-01, PNorm = 36.0627, GNorm = 0.2301, lr_0 = 9.1395e-04
Loss = 8.7509e-02, PNorm = 36.1223, GNorm = 0.2230, lr_0 = 9.0515e-04
Loss = 4.6861e-02, PNorm = 36.1678, GNorm = 0.1692, lr_0 = 8.9644e-04
Loss = 6.6244e-02, PNorm = 36.2051, GNorm = 0.3165, lr_0 = 8.8781e-04
Loss = 5.9579e-02, PNorm = 36.2415, GNorm = 0.1327, lr_0 = 8.7926e-04
Loss = 6.8592e-02, PNorm = 36.2891, GNorm = 0.1348, lr_0 = 8.7080e-04
Loss = 6.7563e-02, PNorm = 36.3418, GNorm = 0.1393, lr_0 = 8.6241e-04
Loss = 9.6173e-02, PNorm = 36.3938, GNorm = 0.1740, lr_0 = 8.5411e-04
Loss = 6.6140e-02, PNorm = 36.4605, GNorm = 0.1583, lr_0 = 8.4588e-04
Validation auc = 0.840723
Epoch 4
Loss = 3.5423e-02, PNorm = 36.5128, GNorm = 0.0715, lr_0 = 8.3774e-04
Loss = 6.7648e-02, PNorm = 36.5629, GNorm = 0.3157, lr_0 = 8.2967e-04
Loss = 8.4880e-02, PNorm = 36.6177, GNorm = 0.2037, lr_0 = 8.2169e-04
Loss = 6.1568e-02, PNorm = 36.7002, GNorm = 0.2986, lr_0 = 8.1377e-04
Loss = 7.7199e-02, PNorm = 36.7314, GNorm = 0.1938, lr_0 = 8.0594e-04
Loss = 5.5934e-02, PNorm = 36.8160, GNorm = 0.3308, lr_0 = 7.9818e-04
Loss = 8.2614e-02, PNorm = 36.8495, GNorm = 0.1426, lr_0 = 7.9050e-04
Loss = 8.2010e-02, PNorm = 36.8943, GNorm = 0.1440, lr_0 = 7.8288e-04
Validation auc = 0.866693
Epoch 5
Loss = 5.4324e-02, PNorm = 36.9697, GNorm = 0.1672, lr_0 = 7.7535e-04
Loss = 6.1258e-02, PNorm = 37.0099, GNorm = 0.1258, lr_0 = 7.6788e-04
Loss = 5.4186e-02, PNorm = 37.0618, GNorm = 0.1684, lr_0 = 7.6049e-04
Loss = 4.3559e-02, PNorm = 37.1263, GNorm = 0.2359, lr_0 = 7.5317e-04
Loss = 7.1076e-02, PNorm = 37.1447, GNorm = 0.1457, lr_0 = 7.4591e-04
Loss = 6.7874e-02, PNorm = 37.1984, GNorm = 0.3796, lr_0 = 7.3873e-04
Loss = 7.1458e-02, PNorm = 37.2446, GNorm = 0.3026, lr_0 = 7.3162e-04
Loss = 6.5488e-02, PNorm = 37.3014, GNorm = 0.1185, lr_0 = 7.2458e-04
Loss = 6.7319e-02, PNorm = 37.3383, GNorm = 0.1365, lr_0 = 7.1760e-04
Validation auc = 0.880893
Epoch 6
Loss = 6.6036e-02, PNorm = 37.4020, GNorm = 0.2031, lr_0 = 7.1000e-04
Loss = 7.7069e-02, PNorm = 37.4483, GNorm = 0.2080, lr_0 = 7.0317e-04
Loss = 4.7764e-02, PNorm = 37.5093, GNorm = 0.1626, lr_0 = 6.9640e-04
Loss = 4.5769e-02, PNorm = 37.5553, GNorm = 0.1988, lr_0 = 6.8969e-04
Loss = 5.2095e-02, PNorm = 37.5984, GNorm = 0.0632, lr_0 = 6.8305e-04
Loss = 6.2645e-02, PNorm = 37.6374, GNorm = 0.1820, lr_0 = 6.7648e-04
Loss = 6.0072e-02, PNorm = 37.6613, GNorm = 0.2939, lr_0 = 6.6996e-04
Loss = 8.4516e-02, PNorm = 37.6985, GNorm = 0.2090, lr_0 = 6.6351e-04
Validation auc = 0.870902
Epoch 7
Loss = 1.2014e-02, PNorm = 37.7634, GNorm = 0.0687, lr_0 = 6.5712e-04
Loss = 5.1452e-02, PNorm = 37.8217, GNorm = 0.0852, lr_0 = 6.5080e-04
Loss = 7.4088e-02, PNorm = 37.8515, GNorm = 0.3771, lr_0 = 6.4453e-04
Loss = 7.8101e-02, PNorm = 37.8995, GNorm = 0.1889, lr_0 = 6.3833e-04
Loss = 6.4984e-02, PNorm = 37.9490, GNorm = 0.1310, lr_0 = 6.3218e-04
Loss = 4.9666e-02, PNorm = 38.0073, GNorm = 0.6395, lr_0 = 6.2609e-04
Loss = 4.0604e-02, PNorm = 38.0437, GNorm = 0.1058, lr_0 = 6.2006e-04
Loss = 5.8464e-02, PNorm = 38.0826, GNorm = 0.3797, lr_0 = 6.1409e-04
Loss = 5.9490e-02, PNorm = 38.1020, GNorm = 0.1733, lr_0 = 6.0818e-04
Validation auc = 0.866707
Epoch 8
Loss = 2.4382e-02, PNorm = 38.1580, GNorm = 0.0770, lr_0 = 6.0233e-04
Loss = 4.5121e-02, PNorm = 38.1817, GNorm = 0.0968, lr_0 = 5.9653e-04
Loss = 5.3327e-02, PNorm = 38.2036, GNorm = 0.1089, lr_0 = 5.9078e-04
Loss = 4.4230e-02, PNorm = 38.2210, GNorm = 0.0869, lr_0 = 5.8510e-04
Loss = 4.3642e-02, PNorm = 38.2511, GNorm = 0.1077, lr_0 = 5.7946e-04
Loss = 6.2242e-02, PNorm = 38.2756, GNorm = 0.1871, lr_0 = 5.7388e-04
Loss = 4.5883e-02, PNorm = 38.3179, GNorm = 0.1270, lr_0 = 5.6836e-04
Loss = 6.8019e-02, PNorm = 38.3637, GNorm = 0.1301, lr_0 = 5.6289e-04
Loss = 7.4248e-02, PNorm = 38.3993, GNorm = 0.3085, lr_0 = 5.5747e-04
Loss = 1.6453e-02, PNorm = 38.4036, GNorm = 0.1407, lr_0 = 5.5693e-04
Validation auc = 0.817665
Epoch 9
Loss = 3.4390e-02, PNorm = 38.4584, GNorm = 0.1582, lr_0 = 5.5156e-04
Loss = 5.8946e-02, PNorm = 38.4867, GNorm = 0.1612, lr_0 = 5.4625e-04
Loss = 5.9341e-02, PNorm = 38.5325, GNorm = 0.1177, lr_0 = 5.4100e-04
Loss = 5.6979e-02, PNorm = 38.5648, GNorm = 0.6919, lr_0 = 5.3579e-04
Loss = 6.3962e-02, PNorm = 38.5892, GNorm = 0.0734, lr_0 = 5.3063e-04
Loss = 3.7552e-02, PNorm = 38.6330, GNorm = 0.1264, lr_0 = 5.2552e-04
Loss = 4.9687e-02, PNorm = 38.6414, GNorm = 0.1627, lr_0 = 5.2046e-04
Loss = 6.3718e-02, PNorm = 38.6707, GNorm = 0.1540, lr_0 = 5.1545e-04
Validation auc = 0.887053
Epoch 10
Loss = 2.8987e-02, PNorm = 38.7028, GNorm = 0.1850, lr_0 = 5.1049e-04
Loss = 4.0352e-02, PNorm = 38.7331, GNorm = 0.1116, lr_0 = 5.0557e-04
Loss = 3.2312e-02, PNorm = 38.7651, GNorm = 0.1421, lr_0 = 5.0070e-04
Loss = 4.8881e-02, PNorm = 38.7976, GNorm = 0.1974, lr_0 = 4.9588e-04
Loss = 5.6177e-02, PNorm = 38.8147, GNorm = 0.5016, lr_0 = 4.9111e-04
Loss = 7.1214e-02, PNorm = 38.8530, GNorm = 0.2826, lr_0 = 4.8638e-04
Loss = 4.0650e-02, PNorm = 38.8784, GNorm = 0.1800, lr_0 = 4.8170e-04
Loss = 4.6811e-02, PNorm = 38.8887, GNorm = 0.1586, lr_0 = 4.7706e-04
Loss = 5.4718e-02, PNorm = 38.9088, GNorm = 0.1786, lr_0 = 4.7247e-04
Validation auc = 0.861128
Epoch 11
Loss = 3.5326e-02, PNorm = 38.9348, GNorm = 0.0816, lr_0 = 4.6792e-04
Loss = 1.9677e-02, PNorm = 38.9611, GNorm = 0.2145, lr_0 = 4.6341e-04
Loss = 4.6200e-02, PNorm = 38.9652, GNorm = 0.1782, lr_0 = 4.5895e-04
Loss = 6.6854e-02, PNorm = 38.9858, GNorm = 0.3561, lr_0 = 4.5453e-04
Loss = 5.3367e-02, PNorm = 39.0236, GNorm = 0.0438, lr_0 = 4.5015e-04
Loss = 2.8266e-02, PNorm = 39.0379, GNorm = 0.0506, lr_0 = 4.4582e-04
Loss = 6.6400e-02, PNorm = 39.0419, GNorm = 0.2702, lr_0 = 4.4153e-04
Loss = 4.2158e-02, PNorm = 39.0952, GNorm = 0.1426, lr_0 = 4.3728e-04
Validation auc = 0.880488
Epoch 12
Loss = 2.0198e-02, PNorm = 39.1243, GNorm = 0.1089, lr_0 = 4.3265e-04
Loss = 3.3069e-02, PNorm = 39.1604, GNorm = 0.3048, lr_0 = 4.2848e-04
Loss = 4.6148e-02, PNorm = 39.1899, GNorm = 0.3161, lr_0 = 4.2436e-04
Loss = 2.2359e-02, PNorm = 39.2146, GNorm = 0.0958, lr_0 = 4.2027e-04
Loss = 6.1265e-02, PNorm = 39.2253, GNorm = 0.1704, lr_0 = 4.1622e-04
Loss = 4.2014e-02, PNorm = 39.2455, GNorm = 0.1917, lr_0 = 4.1222e-04
Loss = 7.5200e-02, PNorm = 39.2502, GNorm = 0.2715, lr_0 = 4.0825e-04
Loss = 4.7826e-02, PNorm = 39.2803, GNorm = 0.1551, lr_0 = 4.0432e-04
Loss = 6.3723e-02, PNorm = 39.3135, GNorm = 0.5821, lr_0 = 4.0042e-04
Validation auc = 0.864705
Epoch 13
Loss = 3.2611e-02, PNorm = 39.3220, GNorm = 0.2326, lr_0 = 3.9657e-04
Loss = 2.4923e-02, PNorm = 39.3531, GNorm = 0.0483, lr_0 = 3.9275e-04
Loss = 4.5986e-02, PNorm = 39.3654, GNorm = 0.1922, lr_0 = 3.8897e-04
Loss = 4.1254e-02, PNorm = 39.3763, GNorm = 0.1647, lr_0 = 3.8522e-04
Loss = 4.3615e-02, PNorm = 39.3997, GNorm = 0.2635, lr_0 = 3.8152e-04
Loss = 4.1765e-02, PNorm = 39.4162, GNorm = 0.2095, lr_0 = 3.7784e-04
Loss = 5.4212e-02, PNorm = 39.4305, GNorm = 0.3038, lr_0 = 3.7420e-04
Loss = 4.5277e-02, PNorm = 39.4532, GNorm = 0.2097, lr_0 = 3.7060e-04
Validation auc = 0.850619
Epoch 14
Loss = 4.3444e-02, PNorm = 39.4821, GNorm = 0.1651, lr_0 = 3.6668e-04
Loss = 3.3882e-02, PNorm = 39.5041, GNorm = 0.1023, lr_0 = 3.6315e-04
Loss = 7.2350e-02, PNorm = 39.5152, GNorm = 0.2926, lr_0 = 3.5965e-04
Loss = 3.1516e-02, PNorm = 39.5592, GNorm = 0.2851, lr_0 = 3.5619e-04
Loss = 3.2352e-02, PNorm = 39.5853, GNorm = 0.2030, lr_0 = 3.5276e-04
Loss = 3.6294e-02, PNorm = 39.5912, GNorm = 0.2317, lr_0 = 3.4936e-04
Loss = 7.3469e-02, PNorm = 39.6027, GNorm = 0.1869, lr_0 = 3.4600e-04
Loss = 3.9304e-02, PNorm = 39.6289, GNorm = 0.1961, lr_0 = 3.4267e-04
Loss = 2.8621e-02, PNorm = 39.6473, GNorm = 0.2048, lr_0 = 3.3937e-04
Validation auc = 0.875731
Epoch 15
Loss = 6.4284e-02, PNorm = 39.6560, GNorm = 0.1359, lr_0 = 3.3610e-04
Loss = 3.4824e-02, PNorm = 39.6676, GNorm = 0.1068, lr_0 = 3.3287e-04
Loss = 4.7899e-02, PNorm = 39.6724, GNorm = 0.2870, lr_0 = 3.2966e-04
Loss = 4.0306e-02, PNorm = 39.6797, GNorm = 0.1696, lr_0 = 3.2649e-04
Loss = 2.5170e-02, PNorm = 39.6986, GNorm = 0.2323, lr_0 = 3.2334e-04
Loss = 4.8445e-02, PNorm = 39.7175, GNorm = 0.1181, lr_0 = 3.2023e-04
Loss = 4.6775e-02, PNorm = 39.7269, GNorm = 0.1843, lr_0 = 3.1715e-04
Loss = 3.9590e-02, PNorm = 39.7459, GNorm = 0.2183, lr_0 = 3.1409e-04
Loss = 3.9495e-02, PNorm = 39.7650, GNorm = 0.1195, lr_0 = 3.1107e-04
Validation auc = 0.869118
Epoch 16
Loss = 4.6083e-02, PNorm = 39.7835, GNorm = 0.1493, lr_0 = 3.0807e-04
Loss = 2.7942e-02, PNorm = 39.8023, GNorm = 0.1072, lr_0 = 3.0511e-04
Loss = 4.8273e-02, PNorm = 39.8068, GNorm = 0.1464, lr_0 = 3.0217e-04
Loss = 3.4118e-02, PNorm = 39.8249, GNorm = 0.1508, lr_0 = 2.9926e-04
Loss = 4.7221e-02, PNorm = 39.8358, GNorm = 0.1332, lr_0 = 2.9638e-04
Loss = 5.3224e-02, PNorm = 39.8490, GNorm = 0.1253, lr_0 = 2.9353e-04
Loss = 3.6411e-02, PNorm = 39.8717, GNorm = 0.6579, lr_0 = 2.9070e-04
Loss = 2.1428e-02, PNorm = 39.8867, GNorm = 0.1290, lr_0 = 2.8790e-04
Validation auc = 0.857347
Epoch 17
Loss = 4.7927e-02, PNorm = 39.8996, GNorm = 0.1035, lr_0 = 2.8485e-04
Loss = 4.0168e-02, PNorm = 39.9068, GNorm = 0.2913, lr_0 = 2.8211e-04
Loss = 4.5587e-02, PNorm = 39.9185, GNorm = 0.0842, lr_0 = 2.7939e-04
Loss = 4.2765e-02, PNorm = 39.9290, GNorm = 0.2151, lr_0 = 2.7670e-04
Loss = 2.5569e-02, PNorm = 39.9497, GNorm = 0.0639, lr_0 = 2.7404e-04
Loss = 2.4579e-02, PNorm = 39.9562, GNorm = 0.1262, lr_0 = 2.7140e-04
Loss = 4.1952e-02, PNorm = 39.9566, GNorm = 0.5149, lr_0 = 2.6879e-04
Loss = 3.9306e-02, PNorm = 39.9706, GNorm = 0.1237, lr_0 = 2.6620e-04
Loss = 4.5873e-02, PNorm = 39.9825, GNorm = 0.2651, lr_0 = 2.6364e-04
Validation auc = 0.873593
Epoch 18
Loss = 3.5029e-02, PNorm = 39.9973, GNorm = 0.0612, lr_0 = 2.6110e-04
Loss = 3.7779e-02, PNorm = 40.0095, GNorm = 0.1868, lr_0 = 2.5859e-04
Loss = 5.3157e-02, PNorm = 40.0136, GNorm = 0.2372, lr_0 = 2.5610e-04
Loss = 4.4890e-02, PNorm = 40.0386, GNorm = 0.4117, lr_0 = 2.5363e-04
Loss = 5.2716e-02, PNorm = 40.0472, GNorm = 0.2081, lr_0 = 2.5119e-04
Loss = 2.3287e-02, PNorm = 40.0613, GNorm = 0.1020, lr_0 = 2.4877e-04
Loss = 3.5641e-02, PNorm = 40.0779, GNorm = 0.1180, lr_0 = 2.4638e-04
Loss = 3.1656e-02, PNorm = 40.0901, GNorm = 0.2667, lr_0 = 2.4400e-04
Validation auc = 0.867890
Epoch 19
Loss = 2.4269e-02, PNorm = 40.1037, GNorm = 0.1898, lr_0 = 2.4165e-04
Loss = 4.2806e-02, PNorm = 40.1076, GNorm = 0.3146, lr_0 = 2.3933e-04
Loss = 3.7344e-02, PNorm = 40.1128, GNorm = 0.0812, lr_0 = 2.3702e-04
Loss = 3.2807e-02, PNorm = 40.1274, GNorm = 0.1532, lr_0 = 2.3474e-04
Loss = 2.7312e-02, PNorm = 40.1468, GNorm = 0.2227, lr_0 = 2.3248e-04
Loss = 6.0010e-02, PNorm = 40.1488, GNorm = 0.2249, lr_0 = 2.3024e-04
Loss = 5.2729e-02, PNorm = 40.1550, GNorm = 0.3401, lr_0 = 2.2803e-04
Loss = 3.2422e-02, PNorm = 40.1718, GNorm = 0.2878, lr_0 = 2.2583e-04
Loss = 2.9590e-02, PNorm = 40.1773, GNorm = 0.0673, lr_0 = 2.2366e-04
Validation auc = 0.873883
Epoch 20
Loss = 3.0178e-02, PNorm = 40.1910, GNorm = 0.2207, lr_0 = 2.2129e-04
Loss = 3.5656e-02, PNorm = 40.2041, GNorm = 0.1316, lr_0 = 2.1916e-04
Loss = 3.5350e-02, PNorm = 40.2154, GNorm = 0.0649, lr_0 = 2.1705e-04
Loss = 2.5830e-02, PNorm = 40.2233, GNorm = 0.2589, lr_0 = 2.1496e-04
Loss = 3.5098e-02, PNorm = 40.2257, GNorm = 0.1487, lr_0 = 2.1289e-04
Loss = 3.6203e-02, PNorm = 40.2299, GNorm = 0.2630, lr_0 = 2.1084e-04
Loss = 2.4181e-02, PNorm = 40.2464, GNorm = 0.2259, lr_0 = 2.0881e-04
Loss = 3.2076e-02, PNorm = 40.2573, GNorm = 0.2653, lr_0 = 2.0680e-04
Validation auc = 0.879772
Epoch 21
Loss = 3.1590e-02, PNorm = 40.2561, GNorm = 0.2774, lr_0 = 2.0481e-04
Loss = 2.9955e-02, PNorm = 40.2757, GNorm = 0.1339, lr_0 = 2.0283e-04
Loss = 1.9465e-02, PNorm = 40.2889, GNorm = 0.0552, lr_0 = 2.0088e-04
Loss = 5.4517e-02, PNorm = 40.2879, GNorm = 0.2501, lr_0 = 1.9895e-04
Loss = 3.7410e-02, PNorm = 40.2993, GNorm = 0.1592, lr_0 = 1.9703e-04
Loss = 3.7441e-02, PNorm = 40.3108, GNorm = 0.1522, lr_0 = 1.9514e-04
Loss = 3.9900e-02, PNorm = 40.3230, GNorm = 0.1650, lr_0 = 1.9326e-04
Loss = 2.4516e-02, PNorm = 40.3329, GNorm = 0.1628, lr_0 = 1.9140e-04
Loss = 4.0985e-02, PNorm = 40.3419, GNorm = 0.5912, lr_0 = 1.8955e-04
Validation auc = 0.867593
Epoch 22
Loss = 9.6508e-03, PNorm = 40.3469, GNorm = 0.1323, lr_0 = 1.8773e-04
Loss = 4.5569e-02, PNorm = 40.3461, GNorm = 0.1658, lr_0 = 1.8592e-04
Loss = 2.0652e-02, PNorm = 40.3555, GNorm = 0.1269, lr_0 = 1.8413e-04
Loss = 2.5932e-02, PNorm = 40.3703, GNorm = 0.1048, lr_0 = 1.8236e-04
Loss = 4.8157e-02, PNorm = 40.3723, GNorm = 0.1653, lr_0 = 1.8060e-04
Loss = 2.4030e-02, PNorm = 40.3801, GNorm = 0.2447, lr_0 = 1.7886e-04
Loss = 5.5747e-02, PNorm = 40.3944, GNorm = 0.3861, lr_0 = 1.7714e-04
Loss = 4.0853e-02, PNorm = 40.3980, GNorm = 0.3133, lr_0 = 1.7544e-04
Validation auc = 0.869483
Epoch 23
Loss = 4.8134e-02, PNorm = 40.4096, GNorm = 0.2683, lr_0 = 1.7358e-04
Loss = 2.6033e-02, PNorm = 40.4211, GNorm = 0.4485, lr_0 = 1.7191e-04
Loss = 5.3844e-02, PNorm = 40.4190, GNorm = 0.0883, lr_0 = 1.7025e-04
Loss = 1.9999e-02, PNorm = 40.4312, GNorm = 0.2067, lr_0 = 1.6861e-04
Loss = 3.1642e-02, PNorm = 40.4416, GNorm = 0.0727, lr_0 = 1.6699e-04
Loss = 2.8294e-02, PNorm = 40.4520, GNorm = 0.1906, lr_0 = 1.6538e-04
Loss = 1.8645e-02, PNorm = 40.4624, GNorm = 0.3423, lr_0 = 1.6379e-04
Loss = 3.3711e-02, PNorm = 40.4670, GNorm = 0.1558, lr_0 = 1.6221e-04
Loss = 3.8124e-02, PNorm = 40.4755, GNorm = 0.1424, lr_0 = 1.6065e-04
Validation auc = 0.866982
Epoch 24
Loss = 5.3757e-02, PNorm = 40.4751, GNorm = 0.2425, lr_0 = 1.5910e-04
Loss = 2.8272e-02, PNorm = 40.4871, GNorm = 0.1598, lr_0 = 1.5757e-04
Loss = 4.4377e-02, PNorm = 40.4968, GNorm = 0.2145, lr_0 = 1.5605e-04
Loss = 2.7035e-02, PNorm = 40.5004, GNorm = 0.2127, lr_0 = 1.5455e-04
Loss = 3.7017e-02, PNorm = 40.5040, GNorm = 0.2147, lr_0 = 1.5306e-04
Loss = 2.4636e-02, PNorm = 40.5140, GNorm = 0.1769, lr_0 = 1.5159e-04
Loss = 3.7856e-02, PNorm = 40.5203, GNorm = 0.2227, lr_0 = 1.5013e-04
Loss = 2.7017e-02, PNorm = 40.5175, GNorm = 0.0494, lr_0 = 1.4869e-04
Loss = 3.2120e-02, PNorm = 40.5278, GNorm = 0.1013, lr_0 = 1.4725e-04
Validation auc = 0.879550
Epoch 25
Loss = 3.6284e-02, PNorm = 40.5338, GNorm = 0.4249, lr_0 = 1.4584e-04
Loss = 2.6536e-02, PNorm = 40.5414, GNorm = 0.2053, lr_0 = 1.4443e-04
Loss = 3.2381e-02, PNorm = 40.5525, GNorm = 0.4734, lr_0 = 1.4304e-04
Loss = 4.5475e-02, PNorm = 40.5567, GNorm = 0.1905, lr_0 = 1.4166e-04
Loss = 2.1537e-02, PNorm = 40.5690, GNorm = 0.2205, lr_0 = 1.4030e-04
Loss = 3.1052e-02, PNorm = 40.5762, GNorm = 0.3395, lr_0 = 1.3895e-04
Loss = 1.9225e-02, PNorm = 40.5836, GNorm = 0.0792, lr_0 = 1.3761e-04
Loss = 2.7627e-02, PNorm = 40.5851, GNorm = 0.1577, lr_0 = 1.3629e-04
Validation auc = 0.872339
Epoch 26
Loss = 3.2428e-02, PNorm = 40.5874, GNorm = 0.2201, lr_0 = 1.3484e-04
Loss = 3.2191e-02, PNorm = 40.5964, GNorm = 0.2788, lr_0 = 1.3355e-04
Loss = 1.8299e-02, PNorm = 40.6058, GNorm = 0.0864, lr_0 = 1.3226e-04
Loss = 2.4686e-02, PNorm = 40.6104, GNorm = 0.0918, lr_0 = 1.3099e-04
Loss = 4.5925e-02, PNorm = 40.6063, GNorm = 0.2602, lr_0 = 1.2973e-04
Loss = 3.5539e-02, PNorm = 40.6141, GNorm = 0.2412, lr_0 = 1.2848e-04
Loss = 2.3562e-02, PNorm = 40.6277, GNorm = 0.1132, lr_0 = 1.2724e-04
Loss = 4.4214e-02, PNorm = 40.6334, GNorm = 0.6396, lr_0 = 1.2601e-04
Loss = 2.0437e-02, PNorm = 40.6350, GNorm = 0.2227, lr_0 = 1.2480e-04
Validation auc = 0.880903
Epoch 27
Loss = 3.3742e-02, PNorm = 40.6380, GNorm = 0.1831, lr_0 = 1.2360e-04
Loss = 2.1978e-02, PNorm = 40.6460, GNorm = 0.1493, lr_0 = 1.2241e-04
Loss = 2.2250e-02, PNorm = 40.6547, GNorm = 0.2067, lr_0 = 1.2123e-04
Loss = 1.2966e-02, PNorm = 40.6665, GNorm = 0.0570, lr_0 = 1.2006e-04
Loss = 3.1235e-02, PNorm = 40.6687, GNorm = 0.0803, lr_0 = 1.1891e-04
Loss = 4.1274e-02, PNorm = 40.6649, GNorm = 0.4423, lr_0 = 1.1776e-04
Loss = 3.3556e-02, PNorm = 40.6699, GNorm = 0.2683, lr_0 = 1.1663e-04
Loss = 2.0437e-02, PNorm = 40.6783, GNorm = 0.1452, lr_0 = 1.1551e-04
Validation auc = 0.873522
Epoch 28
Loss = 6.5419e-02, PNorm = 40.6804, GNorm = 0.1980, lr_0 = 1.1428e-04
Loss = 2.4599e-02, PNorm = 40.6825, GNorm = 0.2230, lr_0 = 1.1318e-04
Loss = 3.6806e-02, PNorm = 40.6875, GNorm = 0.3459, lr_0 = 1.1209e-04
Loss = 2.5902e-02, PNorm = 40.6930, GNorm = 0.0552, lr_0 = 1.1101e-04
Loss = 1.9321e-02, PNorm = 40.6973, GNorm = 0.0847, lr_0 = 1.0995e-04
Loss = 3.7186e-02, PNorm = 40.7019, GNorm = 0.0461, lr_0 = 1.0889e-04
Loss = 3.0696e-02, PNorm = 40.7032, GNorm = 0.0875, lr_0 = 1.0784e-04
Loss = 3.2789e-02, PNorm = 40.7070, GNorm = 0.1635, lr_0 = 1.0680e-04
Loss = 2.2653e-02, PNorm = 40.7149, GNorm = 0.1385, lr_0 = 1.0577e-04
Validation auc = 0.871882
Epoch 29
Loss = 3.5276e-02, PNorm = 40.7227, GNorm = 0.4781, lr_0 = 1.0475e-04
Loss = 2.3213e-02, PNorm = 40.7253, GNorm = 0.3768, lr_0 = 1.0374e-04
Loss = 3.1839e-02, PNorm = 40.7279, GNorm = 0.1956, lr_0 = 1.0275e-04
Loss = 2.0153e-02, PNorm = 40.7350, GNorm = 0.1694, lr_0 = 1.0176e-04
Loss = 2.2456e-02, PNorm = 40.7401, GNorm = 0.0508, lr_0 = 1.0078e-04
Loss = 3.0985e-02, PNorm = 40.7423, GNorm = 0.0722, lr_0 = 1.0000e-04
Loss = 4.1938e-02, PNorm = 40.7426, GNorm = 0.3521, lr_0 = 1.0000e-04
Loss = 2.8881e-02, PNorm = 40.7475, GNorm = 0.4142, lr_0 = 1.0000e-04
Validation auc = 0.875975
Model 0 best validation auc = 0.887053 on epoch 9
Loading pretrained parameter "encoder.encoder.0.cached_zero_vector".
Loading pretrained parameter "encoder.encoder.0.W_i.weight".
Loading pretrained parameter "encoder.encoder.0.W_h.weight".
Loading pretrained parameter "encoder.encoder.0.W_o.weight".
Loading pretrained parameter "encoder.encoder.0.W_o.bias".
Loading pretrained parameter "ffn.1.weight".
Loading pretrained parameter "ffn.1.bias".
Loading pretrained parameter "ffn.4.weight".
Loading pretrained parameter "ffn.4.bias".
Moving model to cuda
Model 0 test auc = 0.873051
Ensemble test auc = 0.873051
Fold 2
Splitting data with seed 2
Total scaffolds = 3,467 | train scaffolds = 2,630 | val scaffolds = 419 | test scaffolds = 418
Label averages per scaffold, in decreasing order of scaffold frequency,capped at 10 scaffolds and 20 labels:
Scaffold 0
Task 0: count = 381 | target average = 0.018373
Task 1: count = 381 | target average = 0.013123


Scaffold 1
Task 0: count = 305 | target average = 0.009836
Task 1: count = 305 | target average = 0.016393


Scaffold 2
Task 0: count = 36 | target average = 0.000000
Task 1: count = 36 | target average = 0.000000


Scaffold 3
Task 0: count = 29 | target average = 0.000000
Task 1: count = 29 | target average = 0.000000


Scaffold 4
Task 0: count = 26 | target average = 0.000000
Task 1: count = 26 | target average = 0.000000


Scaffold 5
Task 0: count = 23 | target average = 0.000000
Task 1: count = 23 | target average = 0.000000


Scaffold 6
Task 0: count = 22 | target average = 0.090909
Task 1: count = 22 | target average = 0.090909


Scaffold 7
Task 0: count = 20 | target average = 0.000000
Task 1: count = 20 | target average = 0.000000


Scaffold 8
Task 0: count = 20 | target average = 0.000000
Task 1: count = 20 | target average = 0.000000


Scaffold 9
Task 0: count = 20 | target average = 0.050000
Task 1: count = 20 | target average = 0.000000


Class sizes
hit_inh 0: 97.83%, 1: 2.17%
hit_kill 0: 98.64%, 1: 1.36%
Total size = 5,353 | train size = 4,282 | val size = 535 | test size = 536
Building model 0
MoleculeModel(
  (sigmoid): Sigmoid()
  (encoder): MPN(
    (encoder): ModuleList(
      (0): MPNEncoder(
        (dropout_layer): Dropout(p=0.25, inplace=False)
        (act_func): ReLU()
        (W_i): Linear(in_features=147, out_features=300, bias=False)
        (W_h): Linear(in_features=300, out_features=300, bias=False)
        (W_o): Linear(in_features=433, out_features=300, bias=True)
      )
    )
  )
  (ffn): Sequential(
    (0): Dropout(p=0.25, inplace=False)
    (1): Linear(in_features=500, out_features=300, bias=True)
    (2): ReLU()
    (3): Dropout(p=0.25, inplace=False)
    (4): Linear(in_features=300, out_features=2, bias=True)
  )
)
Number of parameters = 415,202
Moving model to cuda
Epoch 0
Loss = 1.7654e-01, PNorm = 35.1792, GNorm = 0.2248, lr_0 = 1.0000e-03
Loss = 6.3885e-02, PNorm = 35.2248, GNorm = 0.1726, lr_0 = 1.0000e-03
Loss = 1.0064e-01, PNorm = 35.2522, GNorm = 0.2170, lr_0 = 1.0000e-03
Loss = 9.3928e-02, PNorm = 35.2743, GNorm = 0.1872, lr_0 = 1.0000e-03
Loss = 7.8303e-02, PNorm = 35.2964, GNorm = 0.1382, lr_0 = 1.0000e-03
Loss = 9.7547e-02, PNorm = 35.3173, GNorm = 0.1877, lr_0 = 1.0000e-03
Loss = 9.1845e-02, PNorm = 35.3563, GNorm = 0.3841, lr_0 = 1.0000e-03
Loss = 7.4962e-02, PNorm = 35.3721, GNorm = 0.1667, lr_0 = 1.0000e-03
Validation auc = 0.784986
Epoch 1
Loss = 6.1235e-02, PNorm = 35.4092, GNorm = 0.1721, lr_0 = 1.0000e-03
Loss = 7.3054e-02, PNorm = 35.4452, GNorm = 0.3865, lr_0 = 1.0000e-03
Loss = 3.7632e-02, PNorm = 35.4662, GNorm = 0.1642, lr_0 = 1.0000e-03
Loss = 1.1425e-01, PNorm = 35.4842, GNorm = 0.4048, lr_0 = 1.0000e-03
Loss = 7.3988e-02, PNorm = 35.5284, GNorm = 0.1851, lr_0 = 1.0000e-03
Loss = 8.1522e-02, PNorm = 35.5524, GNorm = 0.1063, lr_0 = 1.0000e-03
Loss = 1.0171e-01, PNorm = 35.5748, GNorm = 0.1496, lr_0 = 1.0000e-03
Loss = 1.0986e-01, PNorm = 35.6072, GNorm = 0.2752, lr_0 = 1.0000e-03
Loss = 5.4694e-02, PNorm = 35.6600, GNorm = 0.0678, lr_0 = 9.9807e-04
Validation auc = 0.807634
Epoch 2
Loss = 7.9058e-02, PNorm = 35.6847, GNorm = 0.2354, lr_0 = 9.8846e-04
Loss = 6.6335e-02, PNorm = 35.7320, GNorm = 0.3471, lr_0 = 9.7894e-04
Loss = 9.5571e-02, PNorm = 35.7526, GNorm = 0.1780, lr_0 = 9.6952e-04
Loss = 7.6766e-02, PNorm = 35.7966, GNorm = 0.3241, lr_0 = 9.6018e-04
Loss = 9.9441e-02, PNorm = 35.8197, GNorm = 0.1703, lr_0 = 9.5094e-04
Loss = 6.2507e-02, PNorm = 35.8792, GNorm = 0.1037, lr_0 = 9.4178e-04
Loss = 4.7963e-02, PNorm = 35.9168, GNorm = 0.0492, lr_0 = 9.3271e-04
Loss = 6.3241e-02, PNorm = 35.9282, GNorm = 0.1248, lr_0 = 9.2373e-04
Validation auc = 0.795873
Epoch 3
Loss = 8.6210e-02, PNorm = 35.9573, GNorm = 0.1689, lr_0 = 9.1395e-04
Loss = 8.7960e-02, PNorm = 36.0035, GNorm = 0.1315, lr_0 = 9.0515e-04
Loss = 7.9762e-02, PNorm = 36.0656, GNorm = 0.3037, lr_0 = 8.9644e-04
Loss = 2.6887e-02, PNorm = 36.1223, GNorm = 0.0666, lr_0 = 8.8781e-04
Loss = 8.4211e-02, PNorm = 36.1322, GNorm = 0.2520, lr_0 = 8.7926e-04
Loss = 7.0343e-02, PNorm = 36.1786, GNorm = 0.0934, lr_0 = 8.7080e-04
Loss = 8.6508e-02, PNorm = 36.2089, GNorm = 0.1472, lr_0 = 8.6241e-04
Loss = 6.1093e-02, PNorm = 36.2578, GNorm = 0.1107, lr_0 = 8.5411e-04
Loss = 6.2273e-02, PNorm = 36.2914, GNorm = 0.1636, lr_0 = 8.4588e-04
Validation auc = 0.851842
Epoch 4
Loss = 3.9182e-02, PNorm = 36.3299, GNorm = 0.0584, lr_0 = 8.3774e-04
Loss = 4.9416e-02, PNorm = 36.3575, GNorm = 0.1366, lr_0 = 8.2967e-04
Loss = 5.9011e-02, PNorm = 36.3855, GNorm = 0.1791, lr_0 = 8.2169e-04
Loss = 8.5767e-02, PNorm = 36.4090, GNorm = 0.1759, lr_0 = 8.1377e-04
Loss = 8.8254e-02, PNorm = 36.4568, GNorm = 0.1279, lr_0 = 8.0594e-04
Loss = 5.0773e-02, PNorm = 36.5223, GNorm = 0.2069, lr_0 = 7.9818e-04
Loss = 8.4218e-02, PNorm = 36.5543, GNorm = 0.2657, lr_0 = 7.9050e-04
Loss = 4.9258e-02, PNorm = 36.6148, GNorm = 0.1722, lr_0 = 7.8288e-04
Validation auc = 0.870504
Epoch 5
Loss = 7.4018e-02, PNorm = 36.6594, GNorm = 0.1621, lr_0 = 7.7535e-04
Loss = 6.9898e-02, PNorm = 36.7289, GNorm = 0.1697, lr_0 = 7.6788e-04
Loss = 6.3798e-02, PNorm = 36.7914, GNorm = 0.3391, lr_0 = 7.6049e-04
Loss = 7.4190e-02, PNorm = 36.8188, GNorm = 0.2485, lr_0 = 7.5317e-04
Loss = 3.8506e-02, PNorm = 36.8778, GNorm = 0.0538, lr_0 = 7.4591e-04
Loss = 6.7382e-02, PNorm = 36.8958, GNorm = 0.1030, lr_0 = 7.3873e-04
Loss = 6.9392e-02, PNorm = 36.9122, GNorm = 0.0934, lr_0 = 7.3162e-04
Loss = 5.5368e-02, PNorm = 36.9560, GNorm = 0.0662, lr_0 = 7.2458e-04
Loss = 5.7377e-02, PNorm = 36.9768, GNorm = 0.1376, lr_0 = 7.1760e-04
Validation auc = 0.860689
Epoch 6
Loss = 4.7431e-02, PNorm = 36.9974, GNorm = 0.0968, lr_0 = 7.1000e-04
Loss = 7.5635e-02, PNorm = 37.0200, GNorm = 0.1255, lr_0 = 7.0317e-04
Loss = 7.0248e-02, PNorm = 37.0493, GNorm = 0.1673, lr_0 = 6.9640e-04
Loss = 6.3519e-02, PNorm = 37.1007, GNorm = 0.1309, lr_0 = 6.8969e-04
Loss = 5.6675e-02, PNorm = 37.1496, GNorm = 0.0970, lr_0 = 6.8305e-04
Loss = 5.1673e-02, PNorm = 37.1805, GNorm = 0.1203, lr_0 = 6.7648e-04
Loss = 5.7576e-02, PNorm = 37.2331, GNorm = 0.5006, lr_0 = 6.6996e-04
Loss = 2.4241e-02, PNorm = 37.2732, GNorm = 0.0597, lr_0 = 6.6351e-04
Validation auc = 0.863056
Epoch 7
Loss = 3.1928e-02, PNorm = 37.2915, GNorm = 0.1078, lr_0 = 6.5712e-04
Loss = 5.2136e-02, PNorm = 37.3440, GNorm = 0.2307, lr_0 = 6.5080e-04
Loss = 7.4507e-02, PNorm = 37.3861, GNorm = 0.1806, lr_0 = 6.4453e-04
Loss = 5.9256e-02, PNorm = 37.4475, GNorm = 0.1223, lr_0 = 6.3833e-04
Loss = 5.2506e-02, PNorm = 37.4732, GNorm = 0.0823, lr_0 = 6.3218e-04
Loss = 4.3541e-02, PNorm = 37.5087, GNorm = 0.1480, lr_0 = 6.2609e-04
Loss = 5.6823e-02, PNorm = 37.5416, GNorm = 0.1732, lr_0 = 6.2006e-04
Loss = 6.2063e-02, PNorm = 37.5766, GNorm = 0.3508, lr_0 = 6.1409e-04
Loss = 5.0147e-02, PNorm = 37.6232, GNorm = 0.1263, lr_0 = 6.0818e-04
Validation auc = 0.897181
Epoch 8
Loss = 2.4990e-02, PNorm = 37.6660, GNorm = 0.0818, lr_0 = 6.0233e-04
Loss = 4.7328e-02, PNorm = 37.6836, GNorm = 0.0748, lr_0 = 5.9653e-04
Loss = 6.4177e-02, PNorm = 37.7092, GNorm = 0.2069, lr_0 = 5.9078e-04
Loss = 6.7236e-02, PNorm = 37.7394, GNorm = 0.3211, lr_0 = 5.8510e-04
Loss = 5.1547e-02, PNorm = 37.7754, GNorm = 0.1113, lr_0 = 5.7946e-04
Loss = 4.9074e-02, PNorm = 37.8204, GNorm = 0.2534, lr_0 = 5.7388e-04
Loss = 4.7098e-02, PNorm = 37.8592, GNorm = 0.1865, lr_0 = 5.6836e-04
Loss = 6.9791e-02, PNorm = 37.8800, GNorm = 0.2564, lr_0 = 5.6289e-04
Loss = 4.4473e-02, PNorm = 37.9189, GNorm = 0.1157, lr_0 = 5.5747e-04
Loss = 1.3988e-02, PNorm = 37.9231, GNorm = 0.1177, lr_0 = 5.5693e-04
Validation auc = 0.896933
Epoch 9
Loss = 4.7617e-02, PNorm = 37.9656, GNorm = 0.1352, lr_0 = 5.5156e-04
Loss = 7.5579e-02, PNorm = 37.9870, GNorm = 0.1818, lr_0 = 5.4625e-04
Loss = 5.0259e-02, PNorm = 38.0265, GNorm = 0.0927, lr_0 = 5.4100e-04
Loss = 2.6619e-02, PNorm = 38.0637, GNorm = 0.0741, lr_0 = 5.3579e-04
Loss = 7.3405e-02, PNorm = 38.0701, GNorm = 0.2062, lr_0 = 5.3063e-04
Loss = 4.4256e-02, PNorm = 38.1266, GNorm = 0.1767, lr_0 = 5.2552e-04
Loss = 5.2993e-02, PNorm = 38.1445, GNorm = 0.1235, lr_0 = 5.2046e-04
Loss = 4.6949e-02, PNorm = 38.1691, GNorm = 0.1781, lr_0 = 5.1545e-04
Validation auc = 0.895831
Epoch 10
Loss = 2.4084e-02, PNorm = 38.2127, GNorm = 0.0443, lr_0 = 5.1049e-04
Loss = 6.2421e-02, PNorm = 38.2430, GNorm = 0.1459, lr_0 = 5.0557e-04
Loss = 3.0267e-02, PNorm = 38.2938, GNorm = 0.0855, lr_0 = 5.0070e-04
Loss = 2.2028e-02, PNorm = 38.3143, GNorm = 0.2008, lr_0 = 4.9588e-04
Loss = 6.4372e-02, PNorm = 38.3019, GNorm = 0.2078, lr_0 = 4.9111e-04
Loss = 6.6274e-02, PNorm = 38.3330, GNorm = 0.1444, lr_0 = 4.8638e-04
Loss = 5.5015e-02, PNorm = 38.3692, GNorm = 0.0855, lr_0 = 4.8170e-04
Loss = 4.7114e-02, PNorm = 38.4076, GNorm = 0.3900, lr_0 = 4.7706e-04
Loss = 4.0376e-02, PNorm = 38.4287, GNorm = 0.1581, lr_0 = 4.7247e-04
Validation auc = 0.896327
Epoch 11
Loss = 6.6219e-02, PNorm = 38.4669, GNorm = 0.2067, lr_0 = 4.6792e-04
Loss = 4.3648e-02, PNorm = 38.5214, GNorm = 0.1870, lr_0 = 4.6341e-04
Loss = 3.0521e-02, PNorm = 38.5437, GNorm = 0.0828, lr_0 = 4.5895e-04
Loss = 4.4426e-02, PNorm = 38.5683, GNorm = 0.0304, lr_0 = 4.5453e-04
Loss = 6.6866e-02, PNorm = 38.5837, GNorm = 0.1905, lr_0 = 4.5015e-04
Loss = 4.8954e-02, PNorm = 38.6271, GNorm = 0.0338, lr_0 = 4.4582e-04
Loss = 4.6085e-02, PNorm = 38.6438, GNorm = 0.0939, lr_0 = 4.4153e-04
Loss = 5.1305e-02, PNorm = 38.6642, GNorm = 0.1857, lr_0 = 4.3728e-04
Validation auc = 0.891580
Epoch 12
Loss = 4.0393e-02, PNorm = 38.6915, GNorm = 0.1579, lr_0 = 4.3265e-04
Loss = 2.8974e-02, PNorm = 38.7146, GNorm = 0.0976, lr_0 = 4.2848e-04
Loss = 3.6264e-02, PNorm = 38.7430, GNorm = 0.1437, lr_0 = 4.2436e-04
Loss = 7.4526e-02, PNorm = 38.7611, GNorm = 0.7445, lr_0 = 4.2027e-04
Loss = 5.0308e-02, PNorm = 38.7648, GNorm = 0.5963, lr_0 = 4.1622e-04
Loss = 3.1693e-02, PNorm = 38.8028, GNorm = 0.1592, lr_0 = 4.1222e-04
Loss = 6.8257e-02, PNorm = 38.8050, GNorm = 0.1729, lr_0 = 4.0825e-04
Loss = 5.8001e-02, PNorm = 38.8168, GNorm = 0.2339, lr_0 = 4.0432e-04
Loss = 3.5912e-02, PNorm = 38.8734, GNorm = 0.1364, lr_0 = 4.0042e-04
Validation auc = 0.890986
Epoch 13
Loss = 2.3901e-02, PNorm = 38.8965, GNorm = 0.2179, lr_0 = 3.9657e-04
Loss = 5.3574e-02, PNorm = 38.9054, GNorm = 0.1008, lr_0 = 3.9275e-04
Loss = 1.9479e-02, PNorm = 38.9368, GNorm = 0.0862, lr_0 = 3.8897e-04
Loss = 4.9857e-02, PNorm = 38.9596, GNorm = 0.1816, lr_0 = 3.8522e-04
Loss = 5.1285e-02, PNorm = 38.9776, GNorm = 0.1397, lr_0 = 3.8152e-04
Loss = 5.2578e-02, PNorm = 39.0052, GNorm = 0.3434, lr_0 = 3.7784e-04
Loss = 6.3411e-02, PNorm = 39.0071, GNorm = 0.3016, lr_0 = 3.7420e-04
Loss = 4.1523e-02, PNorm = 39.0274, GNorm = 0.1085, lr_0 = 3.7060e-04
Validation auc = 0.915432
Epoch 14
Loss = 1.2007e-02, PNorm = 39.0561, GNorm = 0.0954, lr_0 = 3.6668e-04
Loss = 3.3707e-02, PNorm = 39.0729, GNorm = 0.1710, lr_0 = 3.6315e-04
Loss = 4.5760e-02, PNorm = 39.0908, GNorm = 0.1955, lr_0 = 3.5965e-04
Loss = 3.1320e-02, PNorm = 39.1079, GNorm = 0.0663, lr_0 = 3.5619e-04
Loss = 4.0454e-02, PNorm = 39.1298, GNorm = 0.1091, lr_0 = 3.5276e-04
Loss = 4.2849e-02, PNorm = 39.1515, GNorm = 0.3613, lr_0 = 3.4936e-04
Loss = 7.9858e-02, PNorm = 39.1492, GNorm = 0.2022, lr_0 = 3.4600e-04
Loss = 4.6380e-02, PNorm = 39.1702, GNorm = 0.1303, lr_0 = 3.4267e-04
Loss = 4.5621e-02, PNorm = 39.1944, GNorm = 0.0952, lr_0 = 3.3937e-04
Validation auc = 0.903920
Epoch 15
Loss = 4.5532e-02, PNorm = 39.2075, GNorm = 0.1714, lr_0 = 3.3610e-04
Loss = 5.5961e-02, PNorm = 39.2297, GNorm = 0.1361, lr_0 = 3.3287e-04
Loss = 3.0861e-02, PNorm = 39.2472, GNorm = 0.1509, lr_0 = 3.2966e-04
Loss = 3.3280e-02, PNorm = 39.2745, GNorm = 0.0396, lr_0 = 3.2649e-04
Loss = 5.6079e-02, PNorm = 39.2705, GNorm = 0.0934, lr_0 = 3.2334e-04
Loss = 3.6227e-02, PNorm = 39.2809, GNorm = 0.1496, lr_0 = 3.2023e-04
Loss = 5.4252e-02, PNorm = 39.3019, GNorm = 0.1688, lr_0 = 3.1715e-04
Loss = 2.5866e-02, PNorm = 39.3237, GNorm = 0.1588, lr_0 = 3.1409e-04
Loss = 5.8151e-02, PNorm = 39.3288, GNorm = 0.1473, lr_0 = 3.1107e-04
Validation auc = 0.883178
Epoch 16
Loss = 4.6431e-02, PNorm = 39.3532, GNorm = 0.1721, lr_0 = 3.0807e-04
Loss = 5.1449e-02, PNorm = 39.3697, GNorm = 0.2256, lr_0 = 3.0511e-04
Loss = 3.9104e-02, PNorm = 39.3810, GNorm = 0.1276, lr_0 = 3.0217e-04
Loss = 2.4675e-02, PNorm = 39.4071, GNorm = 0.1162, lr_0 = 2.9926e-04
Loss = 5.0500e-02, PNorm = 39.4183, GNorm = 0.2404, lr_0 = 2.9638e-04
Loss = 3.3903e-02, PNorm = 39.4301, GNorm = 0.2579, lr_0 = 2.9353e-04
Loss = 3.2566e-02, PNorm = 39.4510, GNorm = 0.2271, lr_0 = 2.9070e-04
Loss = 5.4684e-02, PNorm = 39.4683, GNorm = 0.0710, lr_0 = 2.8790e-04
Validation auc = 0.892856
Epoch 17
Loss = 4.9185e-02, PNorm = 39.4734, GNorm = 0.0681, lr_0 = 2.8485e-04
Loss = 4.6981e-02, PNorm = 39.4882, GNorm = 0.1546, lr_0 = 2.8211e-04
Loss = 3.1329e-02, PNorm = 39.5126, GNorm = 0.2366, lr_0 = 2.7939e-04
Loss = 5.0614e-02, PNorm = 39.5214, GNorm = 0.1945, lr_0 = 2.7670e-04
Loss = 3.7667e-02, PNorm = 39.5349, GNorm = 0.0959, lr_0 = 2.7404e-04
Loss = 3.6861e-02, PNorm = 39.5421, GNorm = 0.0940, lr_0 = 2.7140e-04
Loss = 3.9766e-02, PNorm = 39.5538, GNorm = 0.1713, lr_0 = 2.6879e-04
Loss = 3.6772e-02, PNorm = 39.5706, GNorm = 0.1748, lr_0 = 2.6620e-04
Loss = 3.1392e-02, PNorm = 39.5787, GNorm = 0.0527, lr_0 = 2.6364e-04
Validation auc = 0.894690
Epoch 18
Loss = 4.5751e-02, PNorm = 39.5811, GNorm = 0.1169, lr_0 = 2.6110e-04
Loss = 4.0598e-02, PNorm = 39.5935, GNorm = 0.1505, lr_0 = 2.5859e-04
Loss = 3.2449e-02, PNorm = 39.6160, GNorm = 0.2355, lr_0 = 2.5610e-04
Loss = 2.9044e-02, PNorm = 39.6279, GNorm = 0.0899, lr_0 = 2.5363e-04
Loss = 4.5706e-02, PNorm = 39.6310, GNorm = 0.2605, lr_0 = 2.5119e-04
Loss = 3.8481e-02, PNorm = 39.6401, GNorm = 0.0886, lr_0 = 2.4877e-04
Loss = 5.6233e-02, PNorm = 39.6507, GNorm = 0.2081, lr_0 = 2.4638e-04
Loss = 5.5110e-02, PNorm = 39.6608, GNorm = 0.3911, lr_0 = 2.4400e-04
Validation auc = 0.897156
Epoch 19
Loss = 2.8060e-02, PNorm = 39.6760, GNorm = 0.0668, lr_0 = 2.4165e-04
Loss = 2.6568e-02, PNorm = 39.6891, GNorm = 0.2954, lr_0 = 2.3933e-04
Loss = 4.3721e-02, PNorm = 39.6923, GNorm = 0.1654, lr_0 = 2.3702e-04
Loss = 4.2154e-02, PNorm = 39.7043, GNorm = 0.2201, lr_0 = 2.3474e-04
Loss = 3.7253e-02, PNorm = 39.7216, GNorm = 0.0834, lr_0 = 2.3248e-04
Loss = 7.0119e-02, PNorm = 39.7263, GNorm = 0.1892, lr_0 = 2.3024e-04
Loss = 4.2562e-02, PNorm = 39.7466, GNorm = 0.2265, lr_0 = 2.2803e-04
Loss = 2.2327e-02, PNorm = 39.7711, GNorm = 0.3106, lr_0 = 2.2583e-04
Loss = 1.1518e-02, PNorm = 39.7783, GNorm = 0.0585, lr_0 = 2.2366e-04
Validation auc = 0.892125
Epoch 20
Loss = 4.3816e-02, PNorm = 39.7743, GNorm = 0.2113, lr_0 = 2.2129e-04
Loss = 3.1791e-02, PNorm = 39.7782, GNorm = 0.1905, lr_0 = 2.1916e-04
Loss = 3.3505e-02, PNorm = 39.7904, GNorm = 0.2477, lr_0 = 2.1705e-04
Loss = 3.9782e-02, PNorm = 39.8036, GNorm = 0.2329, lr_0 = 2.1496e-04
Loss = 2.4394e-02, PNorm = 39.8165, GNorm = 0.1711, lr_0 = 2.1289e-04
Loss = 3.9825e-02, PNorm = 39.8248, GNorm = 0.4083, lr_0 = 2.1084e-04
Loss = 3.8683e-02, PNorm = 39.8286, GNorm = 0.2099, lr_0 = 2.0881e-04
Loss = 3.6953e-02, PNorm = 39.8389, GNorm = 0.0504, lr_0 = 2.0680e-04
Validation auc = 0.889177
Epoch 21
Loss = 5.0005e-02, PNorm = 39.8477, GNorm = 0.4070, lr_0 = 2.0481e-04
Loss = 5.6213e-02, PNorm = 39.8494, GNorm = 0.1373, lr_0 = 2.0283e-04
Loss = 3.7574e-02, PNorm = 39.8637, GNorm = 0.1694, lr_0 = 2.0088e-04
Loss = 3.9791e-02, PNorm = 39.8862, GNorm = 0.1769, lr_0 = 1.9895e-04
Loss = 4.0690e-02, PNorm = 39.8980, GNorm = 0.1235, lr_0 = 1.9703e-04
Loss = 2.3726e-02, PNorm = 39.9067, GNorm = 0.0951, lr_0 = 1.9514e-04
Loss = 1.7760e-02, PNorm = 39.9171, GNorm = 0.0321, lr_0 = 1.9326e-04
Loss = 3.8503e-02, PNorm = 39.9167, GNorm = 0.0403, lr_0 = 1.9140e-04
Loss = 3.6688e-02, PNorm = 39.9161, GNorm = 0.2506, lr_0 = 1.8955e-04
Validation auc = 0.888694
Epoch 22
Loss = 4.0978e-02, PNorm = 39.9258, GNorm = 0.0715, lr_0 = 1.8773e-04
Loss = 4.3623e-02, PNorm = 39.9332, GNorm = 0.0655, lr_0 = 1.8592e-04
Loss = 3.7204e-02, PNorm = 39.9409, GNorm = 0.3018, lr_0 = 1.8413e-04
Loss = 3.3436e-02, PNorm = 39.9514, GNorm = 0.0959, lr_0 = 1.8236e-04
Loss = 3.6536e-02, PNorm = 39.9639, GNorm = 0.3084, lr_0 = 1.8060e-04
Loss = 3.6551e-02, PNorm = 39.9676, GNorm = 0.1444, lr_0 = 1.7886e-04
Loss = 3.4420e-02, PNorm = 39.9761, GNorm = 0.2782, lr_0 = 1.7714e-04
Loss = 3.4117e-02, PNorm = 39.9815, GNorm = 0.1131, lr_0 = 1.7544e-04
Validation auc = 0.887913
Epoch 23
Loss = 3.0758e-02, PNorm = 39.9924, GNorm = 0.2451, lr_0 = 1.7358e-04
Loss = 4.1773e-02, PNorm = 40.0066, GNorm = 0.0305, lr_0 = 1.7191e-04
Loss = 4.3355e-02, PNorm = 40.0126, GNorm = 0.2461, lr_0 = 1.7025e-04
Loss = 4.1386e-02, PNorm = 40.0081, GNorm = 0.2083, lr_0 = 1.6861e-04
Loss = 2.7463e-02, PNorm = 40.0218, GNorm = 0.2372, lr_0 = 1.6699e-04
Loss = 1.4791e-02, PNorm = 40.0361, GNorm = 0.0385, lr_0 = 1.6538e-04
Loss = 2.3471e-02, PNorm = 40.0390, GNorm = 0.1962, lr_0 = 1.6379e-04
Loss = 3.7481e-02, PNorm = 40.0410, GNorm = 0.0944, lr_0 = 1.6221e-04
Loss = 4.3240e-02, PNorm = 40.0449, GNorm = 0.2085, lr_0 = 1.6065e-04
Validation auc = 0.890725
Epoch 24
Loss = 2.6489e-02, PNorm = 40.0559, GNorm = 0.1990, lr_0 = 1.5910e-04
Loss = 5.0278e-02, PNorm = 40.0668, GNorm = 0.3806, lr_0 = 1.5757e-04
Loss = 4.1095e-02, PNorm = 40.0695, GNorm = 0.2587, lr_0 = 1.5605e-04
Loss = 4.7897e-02, PNorm = 40.0791, GNorm = 0.0893, lr_0 = 1.5455e-04
Loss = 3.2283e-02, PNorm = 40.0934, GNorm = 0.2871, lr_0 = 1.5306e-04
Loss = 3.3320e-02, PNorm = 40.0995, GNorm = 0.2370, lr_0 = 1.5159e-04
Loss = 1.7868e-02, PNorm = 40.1035, GNorm = 0.1143, lr_0 = 1.5013e-04
Loss = 4.4430e-02, PNorm = 40.1051, GNorm = 0.1218, lr_0 = 1.4869e-04
Loss = 2.0530e-02, PNorm = 40.1132, GNorm = 0.0849, lr_0 = 1.4725e-04
Validation auc = 0.878211
Epoch 25
Loss = 2.1609e-02, PNorm = 40.1222, GNorm = 0.1174, lr_0 = 1.4584e-04
Loss = 4.5366e-02, PNorm = 40.1185, GNorm = 0.1483, lr_0 = 1.4443e-04
Loss = 2.5184e-02, PNorm = 40.1231, GNorm = 0.0694, lr_0 = 1.4304e-04
Loss = 3.1017e-02, PNorm = 40.1361, GNorm = 0.2435, lr_0 = 1.4166e-04
Loss = 2.4127e-02, PNorm = 40.1464, GNorm = 0.0808, lr_0 = 1.4030e-04
Loss = 2.2743e-02, PNorm = 40.1535, GNorm = 0.1621, lr_0 = 1.3895e-04
Loss = 3.5054e-02, PNorm = 40.1531, GNorm = 0.1200, lr_0 = 1.3761e-04
Loss = 3.0590e-02, PNorm = 40.1564, GNorm = 0.1267, lr_0 = 1.3629e-04
Validation auc = 0.876848
Epoch 26
Loss = 4.1943e-02, PNorm = 40.1625, GNorm = 0.1656, lr_0 = 1.3484e-04
Loss = 3.8916e-02, PNorm = 40.1734, GNorm = 0.1789, lr_0 = 1.3355e-04
Loss = 2.9425e-02, PNorm = 40.1808, GNorm = 0.3020, lr_0 = 1.3226e-04
Loss = 3.2298e-02, PNorm = 40.1823, GNorm = 0.0351, lr_0 = 1.3099e-04
Loss = 3.3895e-02, PNorm = 40.1848, GNorm = 0.0595, lr_0 = 1.2973e-04
Loss = 4.9401e-02, PNorm = 40.1885, GNorm = 0.0706, lr_0 = 1.2848e-04
Loss = 1.8522e-02, PNorm = 40.1977, GNorm = 0.2422, lr_0 = 1.2724e-04
Loss = 2.2987e-02, PNorm = 40.2070, GNorm = 0.2951, lr_0 = 1.2601e-04
Loss = 5.6386e-02, PNorm = 40.2059, GNorm = 0.2857, lr_0 = 1.2480e-04
Validation auc = 0.882040
Epoch 27
Loss = 2.1279e-02, PNorm = 40.2113, GNorm = 0.1420, lr_0 = 1.2360e-04
Loss = 3.1715e-02, PNorm = 40.2219, GNorm = 0.4140, lr_0 = 1.2241e-04
Loss = 3.6703e-02, PNorm = 40.2295, GNorm = 0.4251, lr_0 = 1.2123e-04
Loss = 2.9785e-02, PNorm = 40.2313, GNorm = 0.2601, lr_0 = 1.2006e-04
Loss = 2.0344e-02, PNorm = 40.2336, GNorm = 0.2826, lr_0 = 1.1891e-04
Loss = 4.4877e-02, PNorm = 40.2371, GNorm = 0.3174, lr_0 = 1.1776e-04
Loss = 2.6895e-02, PNorm = 40.2487, GNorm = 0.2603, lr_0 = 1.1663e-04
Loss = 4.7547e-02, PNorm = 40.2519, GNorm = 0.1665, lr_0 = 1.1551e-04
Validation auc = 0.880144
Epoch 28
Loss = 6.3959e-02, PNorm = 40.2502, GNorm = 0.2051, lr_0 = 1.1428e-04
Loss = 3.7433e-02, PNorm = 40.2536, GNorm = 0.2370, lr_0 = 1.1318e-04
Loss = 3.7232e-02, PNorm = 40.2591, GNorm = 0.1304, lr_0 = 1.1209e-04
Loss = 2.5255e-02, PNorm = 40.2708, GNorm = 0.0755, lr_0 = 1.1101e-04
Loss = 1.4783e-02, PNorm = 40.2819, GNorm = 0.1033, lr_0 = 1.0995e-04
Loss = 2.1525e-02, PNorm = 40.2870, GNorm = 0.2724, lr_0 = 1.0889e-04
Loss = 2.0484e-02, PNorm = 40.2917, GNorm = 0.1823, lr_0 = 1.0784e-04
Loss = 4.9937e-02, PNorm = 40.2902, GNorm = 0.1919, lr_0 = 1.0680e-04
Loss = 2.7038e-02, PNorm = 40.2932, GNorm = 0.3963, lr_0 = 1.0577e-04
Validation auc = 0.877109
Epoch 29
Loss = 2.7458e-02, PNorm = 40.2998, GNorm = 0.2051, lr_0 = 1.0475e-04
Loss = 1.2263e-02, PNorm = 40.3087, GNorm = 0.0684, lr_0 = 1.0374e-04
Loss = 2.9676e-02, PNorm = 40.3143, GNorm = 0.3709, lr_0 = 1.0275e-04
Loss = 5.1738e-02, PNorm = 40.3112, GNorm = 0.2756, lr_0 = 1.0176e-04
Loss = 3.0390e-02, PNorm = 40.3129, GNorm = 0.2982, lr_0 = 1.0078e-04
Loss = 3.2913e-02, PNorm = 40.3169, GNorm = 0.2898, lr_0 = 1.0000e-04
Loss = 3.5636e-02, PNorm = 40.3230, GNorm = 0.4032, lr_0 = 1.0000e-04
Loss = 2.0533e-02, PNorm = 40.3313, GNorm = 0.1050, lr_0 = 1.0000e-04
Validation auc = 0.875572
Model 0 best validation auc = 0.915432 on epoch 13
Loading pretrained parameter "encoder.encoder.0.cached_zero_vector".
Loading pretrained parameter "encoder.encoder.0.W_i.weight".
Loading pretrained parameter "encoder.encoder.0.W_h.weight".
Loading pretrained parameter "encoder.encoder.0.W_o.weight".
Loading pretrained parameter "encoder.encoder.0.W_o.bias".
Loading pretrained parameter "ffn.1.weight".
Loading pretrained parameter "ffn.1.bias".
Loading pretrained parameter "ffn.4.weight".
Loading pretrained parameter "ffn.4.bias".
Moving model to cuda
Model 0 test auc = 0.841978
Ensemble test auc = 0.841978
3-fold cross validation
	Seed 0 ==> test auc = 0.792407
	Seed 1 ==> test auc = 0.873051
	Seed 2 ==> test auc = 0.841978
Overall test auc = 0.835812 +/- 0.033210
Elapsed time = 0:10:56
