Command line
python /home/jackievaleri8/.conda/envs/chemprop/bin/chemprop_train --init_lr 0.001 --dropout 0.25 --hidden_size 1500 --ffn_num_layers 2 --depth 5 --save_dir round3finalval08162021_models/47 --data_path round3finalval08162021_TRAIN.csv --dataset_type classification --features_path round3finalval08162021_TRAINFTS.npz --no_features_scaling --num_folds 3 --ensemble_size 1 --split_type scaffold_balanced --split_sizes 0.8 0.1 0.1 --smiles_columns SMILES --ignore_columns Name --gpu 0
Args
{'activation': 'ReLU',
 'aggregation': 'mean',
 'aggregation_norm': 100,
 'atom_descriptor_scaling': True,
 'atom_descriptors': None,
 'atom_descriptors_path': None,
 'atom_descriptors_size': 0,
 'atom_features_size': 0,
 'atom_messages': False,
 'batch_size': 50,
 'bias': False,
 'bond_feature_scaling': True,
 'bond_features_path': None,
 'bond_features_size': 0,
 'cache_cutoff': 10000,
 'checkpoint_dir': None,
 'checkpoint_path': None,
 'checkpoint_paths': None,
 'class_balance': False,
 'config_path': None,
 'crossval_index_dir': None,
 'crossval_index_file': None,
 'crossval_index_sets': None,
 'cuda': True,
 'data_path': 'round3finalval08162021_TRAIN.csv',
 'dataset_type': 'classification',
 'depth': 5,
 'device': device(type='cuda', index=0),
 'dropout': 0.25,
 'empty_cache': False,
 'ensemble_size': 1,
 'epochs': 30,
 'explicit_h': False,
 'extra_metrics': [],
 'features_generator': None,
 'features_only': False,
 'features_path': ['round3finalval08162021_TRAINFTS.npz'],
 'features_scaling': False,
 'features_size': None,
 'ffn_hidden_size': 1500,
 'ffn_num_layers': 2,
 'final_lr': 0.0001,
 'folds_file': None,
 'gpu': 0,
 'grad_clip': None,
 'hidden_size': 1500,
 'ignore_columns': ['Name'],
 'init_lr': 0.001,
 'log_frequency': 10,
 'max_data_size': None,
 'max_lr': 0.001,
 'metric': 'auc',
 'metrics': ['auc'],
 'minimize_score': False,
 'mpn_shared': False,
 'multiclass_num_classes': 3,
 'no_atom_descriptor_scaling': False,
 'no_bond_features_scaling': False,
 'no_cache_mol': False,
 'no_cuda': False,
 'no_features_scaling': True,
 'num_folds': 3,
 'num_lrs': 1,
 'num_tasks': 2,
 'num_workers': 8,
 'number_of_molecules': 1,
 'overwrite_default_atom_features': False,
 'overwrite_default_bond_features': False,
 'pytorch_seed': 0,
 'quiet': False,
 'reaction': False,
 'reaction_mode': 'reac_diff',
 'resume_experiment': False,
 'save_dir': 'round3finalval08162021_models/47',
 'save_preds': False,
 'save_smiles_splits': False,
 'seed': 0,
 'separate_test_atom_descriptors_path': None,
 'separate_test_bond_features_path': None,
 'separate_test_features_path': None,
 'separate_test_path': None,
 'separate_val_atom_descriptors_path': None,
 'separate_val_bond_features_path': None,
 'separate_val_features_path': None,
 'separate_val_path': None,
 'show_individual_scores': False,
 'smiles_columns': ['SMILES'],
 'split_sizes': (0.8, 0.1, 0.1),
 'split_type': 'scaffold_balanced',
 'target_columns': None,
 'task_names': ['hit_inh', 'hit_kill'],
 'test': False,
 'test_fold_index': None,
 'train_data_size': None,
 'undirected': False,
 'use_input_features': True,
 'val_fold_index': None,
 'warmup_epochs': 2.0}
Loading data
Warning: 23 SMILES are invalid.
Number of tasks = 2
Fold 0
Splitting data with seed 0
Total scaffolds = 3,467 | train scaffolds = 2,650 | val scaffolds = 433 | test scaffolds = 384
Label averages per scaffold, in decreasing order of scaffold frequency,capped at 10 scaffolds and 20 labels:
Scaffold 0
Task 0: count = 381 | target average = 0.018373
Task 1: count = 381 | target average = 0.013123


Scaffold 1
Task 0: count = 305 | target average = 0.009836
Task 1: count = 305 | target average = 0.016393


Scaffold 2
Task 0: count = 36 | target average = 0.000000
Task 1: count = 36 | target average = 0.000000


Scaffold 3
Task 0: count = 29 | target average = 0.000000
Task 1: count = 29 | target average = 0.000000


Scaffold 4
Task 0: count = 26 | target average = 0.000000
Task 1: count = 26 | target average = 0.000000


Scaffold 5
Task 0: count = 23 | target average = 0.000000
Task 1: count = 23 | target average = 0.000000


Scaffold 6
Task 0: count = 22 | target average = 0.090909
Task 1: count = 22 | target average = 0.090909


Scaffold 7
Task 0: count = 20 | target average = 0.000000
Task 1: count = 20 | target average = 0.000000


Scaffold 8
Task 0: count = 20 | target average = 0.000000
Task 1: count = 20 | target average = 0.000000


Scaffold 9
Task 0: count = 20 | target average = 0.050000
Task 1: count = 20 | target average = 0.000000


Class sizes
hit_inh 0: 97.83%, 1: 2.17%
hit_kill 0: 98.64%, 1: 1.36%
Total size = 5,353 | train size = 4,282 | val size = 535 | test size = 536
Building model 0
MoleculeModel(
  (sigmoid): Sigmoid()
  (encoder): MPN(
    (encoder): ModuleList(
      (0): MPNEncoder(
        (dropout_layer): Dropout(p=0.25, inplace=False)
        (act_func): ReLU()
        (W_i): Linear(in_features=147, out_features=1500, bias=False)
        (W_h): Linear(in_features=1500, out_features=1500, bias=False)
        (W_o): Linear(in_features=1633, out_features=1500, bias=True)
      )
    )
  )
  (ffn): Sequential(
    (0): Dropout(p=0.25, inplace=False)
    (1): Linear(in_features=1700, out_features=1500, bias=True)
    (2): ReLU()
    (3): Dropout(p=0.25, inplace=False)
    (4): Linear(in_features=1500, out_features=2, bias=True)
  )
)
Number of parameters = 7,476,002
Moving model to cuda
Epoch 0
Loss = 3.2095e-01, PNorm = 70.8873, GNorm = 0.5382, lr_0 = 1.0000e-03
Loss = 8.6959e-02, PNorm = 71.3724, GNorm = 0.1912, lr_0 = 1.0000e-03
Loss = 9.6223e-02, PNorm = 71.6194, GNorm = 0.6250, lr_0 = 1.0000e-03
Loss = 9.6325e-02, PNorm = 71.7298, GNorm = 0.2281, lr_0 = 1.0000e-03
Loss = 8.4651e-02, PNorm = 71.8128, GNorm = 0.3534, lr_0 = 1.0000e-03
Loss = 6.3149e-02, PNorm = 71.8643, GNorm = 0.1818, lr_0 = 1.0000e-03
Loss = 6.0388e-02, PNorm = 71.9064, GNorm = 0.1763, lr_0 = 1.0000e-03
Loss = 5.9357e-02, PNorm = 71.9514, GNorm = 0.1271, lr_0 = 1.0000e-03
Validation auc = 0.691341
Epoch 1
Loss = 3.5380e-02, PNorm = 72.0297, GNorm = 0.0748, lr_0 = 1.0000e-03
Loss = 8.1983e-02, PNorm = 72.0718, GNorm = 0.1818, lr_0 = 1.0000e-03
Loss = 6.9037e-02, PNorm = 72.1454, GNorm = 0.1312, lr_0 = 1.0000e-03
Loss = 8.9576e-02, PNorm = 72.2109, GNorm = 0.2195, lr_0 = 1.0000e-03
Loss = 8.1694e-02, PNorm = 72.2908, GNorm = 0.1036, lr_0 = 1.0000e-03
Loss = 4.8445e-02, PNorm = 72.3628, GNorm = 0.1529, lr_0 = 1.0000e-03
Loss = 8.1711e-02, PNorm = 72.4132, GNorm = 0.1769, lr_0 = 1.0000e-03
Loss = 9.0673e-02, PNorm = 72.4628, GNorm = 0.1745, lr_0 = 1.0000e-03
Loss = 8.6333e-02, PNorm = 72.5323, GNorm = 0.1643, lr_0 = 9.9807e-04
Validation auc = 0.868620
Epoch 2
Loss = 5.7315e-02, PNorm = 72.6193, GNorm = 0.0504, lr_0 = 9.8846e-04
Loss = 5.4229e-02, PNorm = 72.6849, GNorm = 0.1124, lr_0 = 9.7894e-04
Loss = 5.5284e-02, PNorm = 72.7673, GNorm = 0.1725, lr_0 = 9.6952e-04
Loss = 6.8981e-02, PNorm = 72.8629, GNorm = 0.5679, lr_0 = 9.6018e-04
Loss = 5.9525e-02, PNorm = 72.9730, GNorm = 0.1688, lr_0 = 9.5094e-04
Loss = 7.6972e-02, PNorm = 73.0311, GNorm = 0.2084, lr_0 = 9.4178e-04
Loss = 1.1698e-01, PNorm = 73.1027, GNorm = 0.3456, lr_0 = 9.3271e-04
Loss = 5.3983e-02, PNorm = 73.1950, GNorm = 0.2800, lr_0 = 9.2373e-04
Validation auc = 0.902585
Epoch 3
Loss = 6.3916e-02, PNorm = 73.2944, GNorm = 0.2577, lr_0 = 9.1395e-04
Loss = 8.2081e-02, PNorm = 73.3765, GNorm = 0.2350, lr_0 = 9.0515e-04
Loss = 5.6996e-02, PNorm = 73.4926, GNorm = 0.2897, lr_0 = 8.9644e-04
Loss = 6.6332e-02, PNorm = 73.5862, GNorm = 0.1330, lr_0 = 8.8781e-04
Loss = 6.7406e-02, PNorm = 73.6822, GNorm = 0.2367, lr_0 = 8.7926e-04
Loss = 6.9000e-02, PNorm = 73.7569, GNorm = 0.1852, lr_0 = 8.7080e-04
Loss = 4.7874e-02, PNorm = 73.8347, GNorm = 0.0967, lr_0 = 8.6241e-04
Loss = 5.5202e-02, PNorm = 73.8938, GNorm = 0.1110, lr_0 = 8.5411e-04
Loss = 6.0070e-02, PNorm = 73.9619, GNorm = 0.1161, lr_0 = 8.4588e-04
Validation auc = 0.907786
Epoch 4
Loss = 5.9421e-02, PNorm = 74.0530, GNorm = 0.1141, lr_0 = 8.3774e-04
Loss = 5.4599e-02, PNorm = 74.1128, GNorm = 0.1433, lr_0 = 8.2967e-04
Loss = 6.3008e-02, PNorm = 74.1737, GNorm = 0.1672, lr_0 = 8.2169e-04
Loss = 6.4413e-02, PNorm = 74.2411, GNorm = 0.3508, lr_0 = 8.1377e-04
Loss = 8.4996e-02, PNorm = 74.2799, GNorm = 0.1405, lr_0 = 8.0594e-04
Loss = 5.1523e-02, PNorm = 74.3550, GNorm = 0.1236, lr_0 = 7.9818e-04
Loss = 6.3001e-02, PNorm = 74.4149, GNorm = 0.1220, lr_0 = 7.9050e-04
Loss = 4.7646e-02, PNorm = 74.4843, GNorm = 0.0528, lr_0 = 7.8288e-04
Validation auc = 0.959107
Epoch 5
Loss = 4.9460e-02, PNorm = 74.5475, GNorm = 0.1833, lr_0 = 7.7535e-04
Loss = 4.5442e-02, PNorm = 74.6190, GNorm = 0.2308, lr_0 = 7.6788e-04
Loss = 8.3955e-02, PNorm = 74.6935, GNorm = 0.3493, lr_0 = 7.6049e-04
Loss = 7.3413e-02, PNorm = 74.8206, GNorm = 0.2045, lr_0 = 7.5317e-04
Loss = 4.5756e-02, PNorm = 74.9264, GNorm = 0.2196, lr_0 = 7.4591e-04
Loss = 5.8333e-02, PNorm = 75.0061, GNorm = 0.4052, lr_0 = 7.3873e-04
Loss = 7.6719e-02, PNorm = 75.0300, GNorm = 0.1482, lr_0 = 7.3162e-04
Loss = 3.3295e-02, PNorm = 75.0840, GNorm = 0.0497, lr_0 = 7.2458e-04
Loss = 6.5596e-02, PNorm = 75.1146, GNorm = 0.1619, lr_0 = 7.1760e-04
Validation auc = 0.952906
Epoch 6
Loss = 3.7103e-02, PNorm = 75.1998, GNorm = 0.2151, lr_0 = 7.1000e-04
Loss = 6.2937e-02, PNorm = 75.2393, GNorm = 0.1193, lr_0 = 7.0317e-04
Loss = 4.0112e-02, PNorm = 75.3045, GNorm = 0.0675, lr_0 = 6.9640e-04
Loss = 5.1121e-02, PNorm = 75.3435, GNorm = 0.1067, lr_0 = 6.8969e-04
Loss = 5.7108e-02, PNorm = 75.4067, GNorm = 0.1216, lr_0 = 6.8305e-04
Loss = 6.8119e-02, PNorm = 75.4798, GNorm = 0.1767, lr_0 = 6.7648e-04
Loss = 5.2461e-02, PNorm = 75.5431, GNorm = 0.2626, lr_0 = 6.6996e-04
Loss = 5.9151e-02, PNorm = 75.6159, GNorm = 0.3700, lr_0 = 6.6351e-04
Validation auc = 0.964449
Epoch 7
Loss = 3.0551e-02, PNorm = 75.6989, GNorm = 0.1421, lr_0 = 6.5712e-04
Loss = 6.4055e-02, PNorm = 75.7570, GNorm = 0.2664, lr_0 = 6.5080e-04
Loss = 4.4202e-02, PNorm = 75.8562, GNorm = 0.1191, lr_0 = 6.4453e-04
Loss = 4.3648e-02, PNorm = 75.9287, GNorm = 0.2461, lr_0 = 6.3833e-04
Loss = 4.5462e-02, PNorm = 75.9691, GNorm = 0.2699, lr_0 = 6.3218e-04
Loss = 5.9298e-02, PNorm = 76.0182, GNorm = 0.2323, lr_0 = 6.2609e-04
Loss = 3.5663e-02, PNorm = 76.1021, GNorm = 0.2239, lr_0 = 6.2006e-04
Loss = 3.3904e-02, PNorm = 76.1663, GNorm = 0.1606, lr_0 = 6.1409e-04
Loss = 5.2539e-02, PNorm = 76.2125, GNorm = 0.3238, lr_0 = 6.0818e-04
Validation auc = 0.970061
Epoch 8
Loss = 3.5367e-02, PNorm = 76.2435, GNorm = 0.1154, lr_0 = 6.0233e-04
Loss = 3.7351e-02, PNorm = 76.3088, GNorm = 0.1389, lr_0 = 5.9653e-04
Loss = 5.8229e-02, PNorm = 76.3642, GNorm = 0.0901, lr_0 = 5.9078e-04
Loss = 3.8889e-02, PNorm = 76.4332, GNorm = 0.1427, lr_0 = 5.8510e-04
Loss = 4.0519e-02, PNorm = 76.4729, GNorm = 0.2654, lr_0 = 5.7946e-04
Loss = 5.0643e-02, PNorm = 76.5284, GNorm = 0.1174, lr_0 = 5.7388e-04
Loss = 2.4615e-02, PNorm = 76.5783, GNorm = 0.1078, lr_0 = 5.6836e-04
Loss = 6.6255e-02, PNorm = 76.6054, GNorm = 0.4584, lr_0 = 5.6289e-04
Loss = 5.5697e-02, PNorm = 76.6655, GNorm = 0.3138, lr_0 = 5.5747e-04
Loss = 1.2929e-02, PNorm = 76.6705, GNorm = 0.1154, lr_0 = 5.5693e-04
Validation auc = 0.962087
Epoch 9
Loss = 5.2360e-02, PNorm = 76.7516, GNorm = 0.1414, lr_0 = 5.5156e-04
Loss = 3.3226e-02, PNorm = 76.8353, GNorm = 0.0442, lr_0 = 5.4625e-04
Loss = 3.1642e-02, PNorm = 76.8589, GNorm = 0.0911, lr_0 = 5.4100e-04
Loss = 3.9671e-02, PNorm = 76.8995, GNorm = 0.3050, lr_0 = 5.3579e-04
Loss = 3.4713e-02, PNorm = 76.9423, GNorm = 0.1124, lr_0 = 5.3063e-04
Loss = 4.5156e-02, PNorm = 76.9730, GNorm = 0.2330, lr_0 = 5.2552e-04
Loss = 4.4664e-02, PNorm = 77.0178, GNorm = 0.1790, lr_0 = 5.2046e-04
Loss = 3.9100e-02, PNorm = 77.0500, GNorm = 0.2599, lr_0 = 5.1545e-04
Validation auc = 0.968019
Epoch 10
Loss = 3.7511e-02, PNorm = 77.0952, GNorm = 0.5917, lr_0 = 5.1049e-04
Loss = 3.3558e-02, PNorm = 77.1429, GNorm = 0.2705, lr_0 = 5.0557e-04
Loss = 5.6357e-02, PNorm = 77.1841, GNorm = 0.3148, lr_0 = 5.0070e-04
Loss = 4.7773e-02, PNorm = 77.2252, GNorm = 0.3513, lr_0 = 4.9588e-04
Loss = 2.5150e-02, PNorm = 77.2725, GNorm = 0.0653, lr_0 = 4.9111e-04
Loss = 2.9569e-02, PNorm = 77.3178, GNorm = 0.1857, lr_0 = 4.8638e-04
Loss = 5.8990e-02, PNorm = 77.3666, GNorm = 0.2460, lr_0 = 4.8170e-04
Loss = 2.5339e-02, PNorm = 77.4362, GNorm = 0.0777, lr_0 = 4.7706e-04
Loss = 4.0464e-02, PNorm = 77.4680, GNorm = 0.4159, lr_0 = 4.7247e-04
Validation auc = 0.962003
Epoch 11
Loss = 2.4139e-02, PNorm = 77.5303, GNorm = 0.2417, lr_0 = 4.6792e-04
Loss = 5.0916e-02, PNorm = 77.5442, GNorm = 0.2891, lr_0 = 4.6341e-04
Loss = 3.9886e-02, PNorm = 77.5940, GNorm = 0.2568, lr_0 = 4.5895e-04
Loss = 3.9367e-02, PNorm = 77.6265, GNorm = 0.0770, lr_0 = 4.5453e-04
Loss = 4.4630e-02, PNorm = 77.6637, GNorm = 0.1629, lr_0 = 4.5015e-04
Loss = 4.2667e-02, PNorm = 77.7119, GNorm = 0.3193, lr_0 = 4.4582e-04
Loss = 4.6589e-02, PNorm = 77.7468, GNorm = 0.1400, lr_0 = 4.4153e-04
Loss = 2.8252e-02, PNorm = 77.8145, GNorm = 0.2235, lr_0 = 4.3728e-04
Validation auc = 0.956409
Epoch 12
Loss = 2.9544e-02, PNorm = 77.8426, GNorm = 0.0698, lr_0 = 4.3265e-04
Loss = 3.2363e-02, PNorm = 77.8696, GNorm = 0.3685, lr_0 = 4.2848e-04
Loss = 2.7958e-02, PNorm = 77.9036, GNorm = 0.3558, lr_0 = 4.2436e-04
Loss = 3.6238e-02, PNorm = 77.9678, GNorm = 0.0460, lr_0 = 4.2027e-04
Loss = 1.5907e-02, PNorm = 78.0011, GNorm = 0.0667, lr_0 = 4.1622e-04
Loss = 3.2441e-02, PNorm = 78.0067, GNorm = 0.1201, lr_0 = 4.1222e-04
Loss = 4.4538e-02, PNorm = 78.0258, GNorm = 0.1562, lr_0 = 4.0825e-04
Loss = 4.4018e-02, PNorm = 78.0591, GNorm = 0.1047, lr_0 = 4.0432e-04
Loss = 4.7080e-02, PNorm = 78.0789, GNorm = 0.3255, lr_0 = 4.0042e-04
Validation auc = 0.964622
Epoch 13
Loss = 2.8012e-02, PNorm = 78.1260, GNorm = 0.1650, lr_0 = 3.9657e-04
Loss = 4.5193e-02, PNorm = 78.1603, GNorm = 0.1064, lr_0 = 3.9275e-04
Loss = 3.2229e-02, PNorm = 78.2114, GNorm = 0.1356, lr_0 = 3.8897e-04
Loss = 8.7207e-03, PNorm = 78.2626, GNorm = 0.0258, lr_0 = 3.8522e-04
Loss = 5.3470e-02, PNorm = 78.2669, GNorm = 0.3422, lr_0 = 3.8152e-04
Loss = 3.1012e-02, PNorm = 78.3185, GNorm = 0.2842, lr_0 = 3.7784e-04
Loss = 4.5407e-02, PNorm = 78.3458, GNorm = 0.2066, lr_0 = 3.7420e-04
Loss = 3.4686e-02, PNorm = 78.3820, GNorm = 0.2349, lr_0 = 3.7060e-04
Validation auc = 0.964501
Epoch 14
Loss = 2.4829e-02, PNorm = 78.4287, GNorm = 0.2922, lr_0 = 3.6668e-04
Loss = 3.6598e-02, PNorm = 78.4529, GNorm = 0.2589, lr_0 = 3.6315e-04
Loss = 2.8826e-02, PNorm = 78.4921, GNorm = 0.3590, lr_0 = 3.5965e-04
Loss = 2.9803e-02, PNorm = 78.5399, GNorm = 0.3246, lr_0 = 3.5619e-04
Loss = 1.4867e-02, PNorm = 78.5629, GNorm = 0.0917, lr_0 = 3.5276e-04
Loss = 3.1125e-02, PNorm = 78.5896, GNorm = 0.2264, lr_0 = 3.4936e-04
Loss = 5.1154e-02, PNorm = 78.5987, GNorm = 0.3136, lr_0 = 3.4600e-04
Loss = 2.7079e-02, PNorm = 78.6467, GNorm = 0.1634, lr_0 = 3.4267e-04
Loss = 3.7218e-02, PNorm = 78.6715, GNorm = 0.1938, lr_0 = 3.3937e-04
Validation auc = 0.963789
Epoch 15
Loss = 2.9710e-02, PNorm = 78.7224, GNorm = 0.2935, lr_0 = 3.3610e-04
Loss = 2.7563e-02, PNorm = 78.7777, GNorm = 0.2593, lr_0 = 3.3287e-04
Loss = 2.1211e-02, PNorm = 78.7903, GNorm = 0.1485, lr_0 = 3.2966e-04
Loss = 3.0683e-02, PNorm = 78.7939, GNorm = 0.2501, lr_0 = 3.2649e-04
Loss = 3.4425e-02, PNorm = 78.8308, GNorm = 0.1930, lr_0 = 3.2334e-04
Loss = 1.6157e-02, PNorm = 78.8763, GNorm = 0.2166, lr_0 = 3.2023e-04
Loss = 2.5509e-02, PNorm = 78.9009, GNorm = 0.0480, lr_0 = 3.1715e-04
Loss = 3.7418e-02, PNorm = 78.9177, GNorm = 0.1479, lr_0 = 3.1409e-04
Loss = 4.0911e-02, PNorm = 78.9625, GNorm = 0.1536, lr_0 = 3.1107e-04
Validation auc = 0.958737
Epoch 16
Loss = 2.0498e-02, PNorm = 79.0022, GNorm = 0.2833, lr_0 = 3.0807e-04
Loss = 3.3882e-02, PNorm = 79.0155, GNorm = 0.0934, lr_0 = 3.0511e-04
Loss = 1.7274e-02, PNorm = 79.0533, GNorm = 0.1870, lr_0 = 3.0217e-04
Loss = 4.0225e-02, PNorm = 79.0675, GNorm = 0.5108, lr_0 = 2.9926e-04
Loss = 2.1123e-02, PNorm = 79.0831, GNorm = 0.1165, lr_0 = 2.9638e-04
Loss = 3.0706e-02, PNorm = 79.1203, GNorm = 0.3594, lr_0 = 2.9353e-04
Loss = 2.4564e-02, PNorm = 79.1485, GNorm = 0.1676, lr_0 = 2.9070e-04
Loss = 1.7961e-02, PNorm = 79.1700, GNorm = 0.0768, lr_0 = 2.8790e-04
Validation auc = 0.958688
Epoch 17
Loss = 1.4312e-02, PNorm = 79.1925, GNorm = 0.1698, lr_0 = 2.8485e-04
Loss = 2.7175e-02, PNorm = 79.2102, GNorm = 0.1773, lr_0 = 2.8211e-04
Loss = 2.0168e-02, PNorm = 79.2315, GNorm = 0.3360, lr_0 = 2.7939e-04
Loss = 2.6962e-02, PNorm = 79.2683, GNorm = 0.1116, lr_0 = 2.7670e-04
Loss = 1.7085e-02, PNorm = 79.3018, GNorm = 0.2736, lr_0 = 2.7404e-04
Loss = 2.1903e-02, PNorm = 79.3113, GNorm = 0.2392, lr_0 = 2.7140e-04
Loss = 4.5055e-02, PNorm = 79.3388, GNorm = 0.2615, lr_0 = 2.6879e-04
Loss = 1.5270e-02, PNorm = 79.3778, GNorm = 0.3755, lr_0 = 2.6620e-04
Loss = 2.1508e-02, PNorm = 79.3831, GNorm = 0.1297, lr_0 = 2.6364e-04
Validation auc = 0.954410
Epoch 18
Loss = 3.2615e-02, PNorm = 79.4023, GNorm = 0.3971, lr_0 = 2.6110e-04
Loss = 2.2873e-02, PNorm = 79.4398, GNorm = 0.0902, lr_0 = 2.5859e-04
Loss = 1.9398e-02, PNorm = 79.4513, GNorm = 0.1075, lr_0 = 2.5610e-04
Loss = 8.8343e-03, PNorm = 79.4706, GNorm = 0.0539, lr_0 = 2.5363e-04
Loss = 1.5713e-02, PNorm = 79.4881, GNorm = 0.8175, lr_0 = 2.5119e-04
Loss = 3.0344e-02, PNorm = 79.4864, GNorm = 0.1851, lr_0 = 2.4877e-04
Loss = 2.5009e-02, PNorm = 79.5168, GNorm = 0.2182, lr_0 = 2.4638e-04
Loss = 3.1199e-02, PNorm = 79.5468, GNorm = 0.0450, lr_0 = 2.4400e-04
Validation auc = 0.948419
Epoch 19
Loss = 2.3052e-02, PNorm = 79.5725, GNorm = 0.2290, lr_0 = 2.4165e-04
Loss = 2.1447e-02, PNorm = 79.5954, GNorm = 0.0620, lr_0 = 2.3933e-04
Loss = 1.4392e-02, PNorm = 79.6150, GNorm = 0.0422, lr_0 = 2.3702e-04
Loss = 2.0202e-02, PNorm = 79.6247, GNorm = 0.1100, lr_0 = 2.3474e-04
Loss = 2.2368e-02, PNorm = 79.6506, GNorm = 0.1670, lr_0 = 2.3248e-04
Loss = 2.4110e-02, PNorm = 79.6882, GNorm = 0.3285, lr_0 = 2.3024e-04
Loss = 3.5324e-02, PNorm = 79.7107, GNorm = 0.3623, lr_0 = 2.2803e-04
Loss = 1.1005e-02, PNorm = 79.7415, GNorm = 0.0677, lr_0 = 2.2583e-04
Loss = 2.1185e-02, PNorm = 79.7640, GNorm = 0.1539, lr_0 = 2.2366e-04
Validation auc = 0.939894
Epoch 20
Loss = 1.3733e-02, PNorm = 79.7780, GNorm = 0.2205, lr_0 = 2.2129e-04
Loss = 1.7626e-02, PNorm = 79.7811, GNorm = 0.1639, lr_0 = 2.1916e-04
Loss = 1.4809e-02, PNorm = 79.8089, GNorm = 0.0737, lr_0 = 2.1705e-04
Loss = 1.8915e-02, PNorm = 79.8333, GNorm = 0.1666, lr_0 = 2.1496e-04
Loss = 1.0784e-02, PNorm = 79.8428, GNorm = 0.0676, lr_0 = 2.1289e-04
Loss = 2.2624e-02, PNorm = 79.8615, GNorm = 0.0287, lr_0 = 2.1084e-04
Loss = 3.4370e-02, PNorm = 79.8623, GNorm = 0.0816, lr_0 = 2.0881e-04
Loss = 3.9460e-02, PNorm = 79.8822, GNorm = 0.5027, lr_0 = 2.0680e-04
Validation auc = 0.929603
Epoch 21
Loss = 1.1545e-02, PNorm = 79.9005, GNorm = 0.0884, lr_0 = 2.0481e-04
Loss = 1.8664e-02, PNorm = 79.9185, GNorm = 0.1580, lr_0 = 2.0283e-04
Loss = 1.5757e-02, PNorm = 79.9477, GNorm = 0.2282, lr_0 = 2.0088e-04
Loss = 1.1058e-02, PNorm = 79.9653, GNorm = 0.1338, lr_0 = 1.9895e-04
Loss = 1.2830e-02, PNorm = 79.9801, GNorm = 0.0801, lr_0 = 1.9703e-04
Loss = 1.4792e-02, PNorm = 79.9953, GNorm = 0.0459, lr_0 = 1.9514e-04
Loss = 3.1121e-02, PNorm = 80.0041, GNorm = 0.3736, lr_0 = 1.9326e-04
Loss = 1.6202e-02, PNorm = 80.0113, GNorm = 0.3232, lr_0 = 1.9140e-04
Loss = 1.3281e-02, PNorm = 80.0352, GNorm = 0.1037, lr_0 = 1.8955e-04
Validation auc = 0.942615
Epoch 22
Loss = 1.8941e-02, PNorm = 80.0520, GNorm = 0.1469, lr_0 = 1.8773e-04
Loss = 9.1949e-03, PNorm = 80.0626, GNorm = 0.0361, lr_0 = 1.8592e-04
Loss = 1.3330e-02, PNorm = 80.0768, GNorm = 0.1505, lr_0 = 1.8413e-04
Loss = 1.9123e-02, PNorm = 80.0869, GNorm = 0.0963, lr_0 = 1.8236e-04
Loss = 1.6162e-02, PNorm = 80.1050, GNorm = 0.2028, lr_0 = 1.8060e-04
Loss = 2.5972e-02, PNorm = 80.1280, GNorm = 0.1764, lr_0 = 1.7886e-04
Loss = 1.1315e-02, PNorm = 80.1431, GNorm = 0.0243, lr_0 = 1.7714e-04
Loss = 2.0540e-02, PNorm = 80.1625, GNorm = 0.0615, lr_0 = 1.7544e-04
Validation auc = 0.944645
Epoch 23
Loss = 3.9037e-02, PNorm = 80.1790, GNorm = 0.2263, lr_0 = 1.7358e-04
Loss = 1.5563e-02, PNorm = 80.1987, GNorm = 0.3915, lr_0 = 1.7191e-04
Loss = 2.1237e-02, PNorm = 80.2010, GNorm = 0.0748, lr_0 = 1.7025e-04
Loss = 1.1014e-02, PNorm = 80.2132, GNorm = 0.2673, lr_0 = 1.6861e-04
Loss = 1.6864e-02, PNorm = 80.2304, GNorm = 0.1651, lr_0 = 1.6699e-04
Loss = 1.1269e-02, PNorm = 80.2366, GNorm = 0.0125, lr_0 = 1.6538e-04
Loss = 1.7213e-02, PNorm = 80.2454, GNorm = 0.0597, lr_0 = 1.6379e-04
Loss = 1.7353e-02, PNorm = 80.2569, GNorm = 0.3310, lr_0 = 1.6221e-04
Loss = 1.6194e-02, PNorm = 80.2734, GNorm = 0.0642, lr_0 = 1.6065e-04
Validation auc = 0.936130
Epoch 24
Loss = 1.4503e-02, PNorm = 80.2875, GNorm = 0.3659, lr_0 = 1.5910e-04
Loss = 1.5310e-02, PNorm = 80.2959, GNorm = 0.0125, lr_0 = 1.5757e-04
Loss = 1.3712e-02, PNorm = 80.2994, GNorm = 0.2211, lr_0 = 1.5605e-04
Loss = 1.0812e-02, PNorm = 80.3069, GNorm = 0.2057, lr_0 = 1.5455e-04
Loss = 2.1473e-02, PNorm = 80.3187, GNorm = 0.2002, lr_0 = 1.5306e-04
Loss = 1.3562e-02, PNorm = 80.3246, GNorm = 0.4225, lr_0 = 1.5159e-04
Loss = 1.6780e-02, PNorm = 80.3479, GNorm = 0.1099, lr_0 = 1.5013e-04
Loss = 1.0191e-02, PNorm = 80.3609, GNorm = 0.0051, lr_0 = 1.4869e-04
Loss = 1.1855e-02, PNorm = 80.3621, GNorm = 0.2128, lr_0 = 1.4725e-04
Validation auc = 0.933310
Epoch 25
Loss = 7.3880e-03, PNorm = 80.3669, GNorm = 0.1637, lr_0 = 1.4584e-04
Loss = 1.4266e-02, PNorm = 80.3759, GNorm = 0.1517, lr_0 = 1.4443e-04
Loss = 4.9858e-03, PNorm = 80.3888, GNorm = 0.0649, lr_0 = 1.4304e-04
Loss = 1.8270e-02, PNorm = 80.4001, GNorm = 0.0681, lr_0 = 1.4166e-04
Loss = 8.1149e-03, PNorm = 80.4089, GNorm = 0.2117, lr_0 = 1.4030e-04
Loss = 1.4558e-02, PNorm = 80.4128, GNorm = 0.0250, lr_0 = 1.3895e-04
Loss = 1.1638e-02, PNorm = 80.4211, GNorm = 0.0244, lr_0 = 1.3761e-04
Loss = 1.3927e-02, PNorm = 80.4374, GNorm = 0.4887, lr_0 = 1.3629e-04
Validation auc = 0.935692
Epoch 26
Loss = 1.0262e-02, PNorm = 80.4465, GNorm = 0.3252, lr_0 = 1.3484e-04
Loss = 5.4708e-03, PNorm = 80.4604, GNorm = 0.0494, lr_0 = 1.3355e-04
Loss = 1.9230e-02, PNorm = 80.4602, GNorm = 0.0646, lr_0 = 1.3226e-04
Loss = 1.8452e-02, PNorm = 80.4783, GNorm = 0.0501, lr_0 = 1.3099e-04
Loss = 2.0285e-02, PNorm = 80.4955, GNorm = 0.2816, lr_0 = 1.2973e-04
Loss = 1.7374e-02, PNorm = 80.5036, GNorm = 0.7126, lr_0 = 1.2848e-04
Loss = 1.0455e-02, PNorm = 80.5098, GNorm = 0.1815, lr_0 = 1.2724e-04
Loss = 1.0055e-02, PNorm = 80.5255, GNorm = 0.0661, lr_0 = 1.2601e-04
Loss = 1.3141e-02, PNorm = 80.5363, GNorm = 0.2374, lr_0 = 1.2480e-04
Validation auc = 0.936041
Epoch 27
Loss = 7.7744e-03, PNorm = 80.5378, GNorm = 0.1431, lr_0 = 1.2360e-04
Loss = 1.2437e-02, PNorm = 80.5528, GNorm = 0.4680, lr_0 = 1.2241e-04
Loss = 1.5298e-02, PNorm = 80.5674, GNorm = 0.5288, lr_0 = 1.2123e-04
Loss = 1.0487e-02, PNorm = 80.5754, GNorm = 0.2278, lr_0 = 1.2006e-04
Loss = 1.7232e-02, PNorm = 80.5900, GNorm = 0.5936, lr_0 = 1.1891e-04
Loss = 9.0657e-03, PNorm = 80.5971, GNorm = 0.1239, lr_0 = 1.1776e-04
Loss = 1.2368e-02, PNorm = 80.6076, GNorm = 0.0440, lr_0 = 1.1663e-04
Loss = 1.4342e-02, PNorm = 80.6100, GNorm = 0.5216, lr_0 = 1.1551e-04
Validation auc = 0.941973
Epoch 28
Loss = 1.4261e-02, PNorm = 80.6165, GNorm = 0.1208, lr_0 = 1.1428e-04
Loss = 1.3746e-02, PNorm = 80.6304, GNorm = 0.5501, lr_0 = 1.1318e-04
Loss = 1.2569e-02, PNorm = 80.6369, GNorm = 0.0583, lr_0 = 1.1209e-04
Loss = 1.8636e-02, PNorm = 80.6368, GNorm = 0.2348, lr_0 = 1.1101e-04
Loss = 6.1260e-03, PNorm = 80.6471, GNorm = 0.0659, lr_0 = 1.0995e-04
Loss = 8.5586e-03, PNorm = 80.6573, GNorm = 0.1476, lr_0 = 1.0889e-04
Loss = 1.4811e-02, PNorm = 80.6637, GNorm = 0.0594, lr_0 = 1.0784e-04
Loss = 1.4422e-02, PNorm = 80.6695, GNorm = 0.2099, lr_0 = 1.0680e-04
Loss = 1.2948e-02, PNorm = 80.6753, GNorm = 0.2892, lr_0 = 1.0577e-04
Validation auc = 0.934887
Epoch 29
Loss = 1.0301e-02, PNorm = 80.6799, GNorm = 0.3020, lr_0 = 1.0475e-04
Loss = 8.3671e-03, PNorm = 80.6911, GNorm = 0.4863, lr_0 = 1.0374e-04
Loss = 9.7826e-03, PNorm = 80.7010, GNorm = 0.0156, lr_0 = 1.0275e-04
Loss = 8.6554e-03, PNorm = 80.7058, GNorm = 0.0330, lr_0 = 1.0176e-04
Loss = 9.3269e-03, PNorm = 80.7116, GNorm = 0.4144, lr_0 = 1.0078e-04
Loss = 1.1036e-02, PNorm = 80.7165, GNorm = 0.0876, lr_0 = 1.0000e-04
Loss = 1.2489e-02, PNorm = 80.7238, GNorm = 0.0535, lr_0 = 1.0000e-04
Loss = 1.9355e-02, PNorm = 80.7245, GNorm = 0.3239, lr_0 = 1.0000e-04
Validation auc = 0.946404
Model 0 best validation auc = 0.970061 on epoch 7
Loading pretrained parameter "encoder.encoder.0.cached_zero_vector".
Loading pretrained parameter "encoder.encoder.0.W_i.weight".
Loading pretrained parameter "encoder.encoder.0.W_h.weight".
Loading pretrained parameter "encoder.encoder.0.W_o.weight".
Loading pretrained parameter "encoder.encoder.0.W_o.bias".
Loading pretrained parameter "ffn.1.weight".
Loading pretrained parameter "ffn.1.bias".
Loading pretrained parameter "ffn.4.weight".
Loading pretrained parameter "ffn.4.bias".
Moving model to cuda
Model 0 test auc = 0.769219
Ensemble test auc = 0.769219
Fold 1
Splitting data with seed 1
Total scaffolds = 3,467 | train scaffolds = 2,658 | val scaffolds = 399 | test scaffolds = 410
Label averages per scaffold, in decreasing order of scaffold frequency,capped at 10 scaffolds and 20 labels:
Scaffold 0
Task 0: count = 381 | target average = 0.018373
Task 1: count = 381 | target average = 0.013123


Scaffold 1
Task 0: count = 305 | target average = 0.009836
Task 1: count = 305 | target average = 0.016393


Scaffold 2
Task 0: count = 36 | target average = 0.000000
Task 1: count = 36 | target average = 0.000000


Scaffold 3
Task 0: count = 29 | target average = 0.000000
Task 1: count = 29 | target average = 0.000000


Scaffold 4
Task 0: count = 26 | target average = 0.000000
Task 1: count = 26 | target average = 0.000000


Scaffold 5
Task 0: count = 23 | target average = 0.000000
Task 1: count = 23 | target average = 0.000000


Scaffold 6
Task 0: count = 22 | target average = 0.090909
Task 1: count = 22 | target average = 0.090909


Scaffold 7
Task 0: count = 20 | target average = 0.050000
Task 1: count = 20 | target average = 0.000000


Scaffold 8
Task 0: count = 20 | target average = 0.000000
Task 1: count = 20 | target average = 0.000000


Scaffold 9
Task 0: count = 20 | target average = 0.000000
Task 1: count = 20 | target average = 0.000000


Class sizes
hit_inh 0: 97.83%, 1: 2.17%
hit_kill 0: 98.64%, 1: 1.36%
Total size = 5,353 | train size = 4,282 | val size = 535 | test size = 536
Building model 0
MoleculeModel(
  (sigmoid): Sigmoid()
  (encoder): MPN(
    (encoder): ModuleList(
      (0): MPNEncoder(
        (dropout_layer): Dropout(p=0.25, inplace=False)
        (act_func): ReLU()
        (W_i): Linear(in_features=147, out_features=1500, bias=False)
        (W_h): Linear(in_features=1500, out_features=1500, bias=False)
        (W_o): Linear(in_features=1633, out_features=1500, bias=True)
      )
    )
  )
  (ffn): Sequential(
    (0): Dropout(p=0.25, inplace=False)
    (1): Linear(in_features=1700, out_features=1500, bias=True)
    (2): ReLU()
    (3): Dropout(p=0.25, inplace=False)
    (4): Linear(in_features=1500, out_features=2, bias=True)
  )
)
Number of parameters = 7,476,002
Moving model to cuda
Epoch 0
Loss = 2.2566e-01, PNorm = 70.8998, GNorm = 0.0871, lr_0 = 1.0000e-03
Loss = 9.2304e-02, PNorm = 71.3865, GNorm = 0.2159, lr_0 = 1.0000e-03
Loss = 7.8258e-02, PNorm = 71.6342, GNorm = 0.5886, lr_0 = 1.0000e-03
Loss = 6.9406e-02, PNorm = 71.7612, GNorm = 0.1331, lr_0 = 1.0000e-03
Loss = 9.1771e-02, PNorm = 71.8398, GNorm = 0.1403, lr_0 = 1.0000e-03
Loss = 9.9570e-02, PNorm = 71.9057, GNorm = 0.1287, lr_0 = 1.0000e-03
Loss = 9.1888e-02, PNorm = 71.9784, GNorm = 0.1780, lr_0 = 1.0000e-03
Loss = 1.0187e-01, PNorm = 72.0389, GNorm = 0.1393, lr_0 = 1.0000e-03
Validation auc = 0.834949
Epoch 1
Loss = 4.1853e-02, PNorm = 72.1309, GNorm = 0.1622, lr_0 = 1.0000e-03
Loss = 9.1188e-02, PNorm = 72.1771, GNorm = 0.1543, lr_0 = 1.0000e-03
Loss = 9.4560e-02, PNorm = 72.2467, GNorm = 0.2000, lr_0 = 1.0000e-03
Loss = 7.7686e-02, PNorm = 72.3235, GNorm = 0.1808, lr_0 = 1.0000e-03
Loss = 6.1510e-02, PNorm = 72.3739, GNorm = 0.1833, lr_0 = 1.0000e-03
Loss = 5.7190e-02, PNorm = 72.4289, GNorm = 0.0973, lr_0 = 1.0000e-03
Loss = 8.0722e-02, PNorm = 72.4839, GNorm = 0.1512, lr_0 = 1.0000e-03
Loss = 7.6107e-02, PNorm = 72.5505, GNorm = 0.1127, lr_0 = 1.0000e-03
Loss = 9.4345e-02, PNorm = 72.6166, GNorm = 0.2558, lr_0 = 9.9807e-04
Validation auc = 0.864905
Epoch 2
Loss = 6.2611e-02, PNorm = 72.7092, GNorm = 0.0775, lr_0 = 9.8846e-04
Loss = 8.3312e-02, PNorm = 72.7838, GNorm = 0.1945, lr_0 = 9.7894e-04
Loss = 7.3062e-02, PNorm = 72.8987, GNorm = 0.0603, lr_0 = 9.6952e-04
Loss = 6.5386e-02, PNorm = 72.9720, GNorm = 0.1806, lr_0 = 9.6018e-04
Loss = 5.2405e-02, PNorm = 73.0782, GNorm = 0.1200, lr_0 = 9.5094e-04
Loss = 6.4960e-02, PNorm = 73.1418, GNorm = 0.1179, lr_0 = 9.4178e-04
Loss = 8.2735e-02, PNorm = 73.2367, GNorm = 0.1460, lr_0 = 9.3271e-04
Loss = 6.9219e-02, PNorm = 73.3506, GNorm = 0.2479, lr_0 = 9.2373e-04
Validation auc = 0.856066
Epoch 3
Loss = 1.2113e-01, PNorm = 73.4814, GNorm = 0.2721, lr_0 = 9.1395e-04
Loss = 7.6604e-02, PNorm = 73.5945, GNorm = 0.2120, lr_0 = 9.0515e-04
Loss = 4.7489e-02, PNorm = 73.7123, GNorm = 0.1603, lr_0 = 8.9644e-04
Loss = 6.0463e-02, PNorm = 73.7688, GNorm = 0.2630, lr_0 = 8.8781e-04
Loss = 5.7437e-02, PNorm = 73.8478, GNorm = 0.1234, lr_0 = 8.7926e-04
Loss = 6.1975e-02, PNorm = 73.9456, GNorm = 0.1195, lr_0 = 8.7080e-04
Loss = 6.5768e-02, PNorm = 74.0263, GNorm = 0.2381, lr_0 = 8.6241e-04
Loss = 8.4537e-02, PNorm = 74.1624, GNorm = 0.2259, lr_0 = 8.5411e-04
Loss = 5.8611e-02, PNorm = 74.2669, GNorm = 0.1499, lr_0 = 8.4588e-04
Validation auc = 0.834301
Epoch 4
Loss = 2.8741e-02, PNorm = 74.3673, GNorm = 0.0651, lr_0 = 8.3774e-04
Loss = 7.1481e-02, PNorm = 74.4406, GNorm = 0.4423, lr_0 = 8.2967e-04
Loss = 7.7999e-02, PNorm = 74.5445, GNorm = 0.1514, lr_0 = 8.2169e-04
Loss = 5.5519e-02, PNorm = 74.6248, GNorm = 0.2441, lr_0 = 8.1377e-04
Loss = 6.9520e-02, PNorm = 74.6972, GNorm = 0.1442, lr_0 = 8.0594e-04
Loss = 5.0983e-02, PNorm = 74.8018, GNorm = 0.3790, lr_0 = 7.9818e-04
Loss = 8.0768e-02, PNorm = 74.8459, GNorm = 0.1732, lr_0 = 7.9050e-04
Loss = 7.1684e-02, PNorm = 74.9464, GNorm = 0.0882, lr_0 = 7.8288e-04
Validation auc = 0.852266
Epoch 5
Loss = 4.0964e-02, PNorm = 75.0354, GNorm = 0.1765, lr_0 = 7.7535e-04
Loss = 4.7671e-02, PNorm = 75.0910, GNorm = 0.1087, lr_0 = 7.6788e-04
Loss = 4.3768e-02, PNorm = 75.1678, GNorm = 0.1331, lr_0 = 7.6049e-04
Loss = 3.9235e-02, PNorm = 75.2659, GNorm = 0.1906, lr_0 = 7.5317e-04
Loss = 6.4733e-02, PNorm = 75.3181, GNorm = 0.1537, lr_0 = 7.4591e-04
Loss = 6.3302e-02, PNorm = 75.4232, GNorm = 0.3643, lr_0 = 7.3873e-04
Loss = 7.6788e-02, PNorm = 75.5354, GNorm = 0.4557, lr_0 = 7.3162e-04
Loss = 5.4133e-02, PNorm = 75.6346, GNorm = 0.1082, lr_0 = 7.2458e-04
Loss = 6.7700e-02, PNorm = 75.6875, GNorm = 0.1467, lr_0 = 7.1760e-04
Validation auc = 0.854673
Epoch 6
Loss = 6.3678e-02, PNorm = 75.7848, GNorm = 0.1452, lr_0 = 7.1000e-04
Loss = 7.0613e-02, PNorm = 75.8551, GNorm = 0.2299, lr_0 = 7.0317e-04
Loss = 3.1207e-02, PNorm = 75.9633, GNorm = 0.2721, lr_0 = 6.9640e-04
Loss = 4.5945e-02, PNorm = 76.0198, GNorm = 0.2272, lr_0 = 6.8969e-04
Loss = 4.9480e-02, PNorm = 76.1262, GNorm = 0.0435, lr_0 = 6.8305e-04
Loss = 7.9574e-02, PNorm = 76.1575, GNorm = 0.1264, lr_0 = 6.7648e-04
Loss = 5.7307e-02, PNorm = 76.2949, GNorm = 0.4920, lr_0 = 6.6996e-04
Loss = 7.5512e-02, PNorm = 76.3540, GNorm = 0.2980, lr_0 = 6.6351e-04
Validation auc = 0.845220
Epoch 7
Loss = 1.1330e-02, PNorm = 76.4494, GNorm = 0.0729, lr_0 = 6.5712e-04
Loss = 4.5312e-02, PNorm = 76.5202, GNorm = 0.0500, lr_0 = 6.5080e-04
Loss = 6.5285e-02, PNorm = 76.5736, GNorm = 0.3307, lr_0 = 6.4453e-04
Loss = 6.6870e-02, PNorm = 76.6677, GNorm = 0.2466, lr_0 = 6.3833e-04
Loss = 5.6347e-02, PNorm = 76.7291, GNorm = 0.1545, lr_0 = 6.3218e-04
Loss = 3.7711e-02, PNorm = 76.8442, GNorm = 0.4859, lr_0 = 6.2609e-04
Loss = 4.8613e-02, PNorm = 76.9012, GNorm = 0.1032, lr_0 = 6.2006e-04
Loss = 5.2841e-02, PNorm = 76.9771, GNorm = 0.3502, lr_0 = 6.1409e-04
Loss = 5.8834e-02, PNorm = 77.0125, GNorm = 0.1398, lr_0 = 6.0818e-04
Validation auc = 0.872065
Epoch 8
Loss = 2.4537e-02, PNorm = 77.0961, GNorm = 0.0715, lr_0 = 6.0233e-04
Loss = 4.0384e-02, PNorm = 77.1417, GNorm = 0.1258, lr_0 = 5.9653e-04
Loss = 4.1071e-02, PNorm = 77.1984, GNorm = 0.0996, lr_0 = 5.9078e-04
Loss = 3.5939e-02, PNorm = 77.2389, GNorm = 0.0822, lr_0 = 5.8510e-04
Loss = 4.8744e-02, PNorm = 77.2910, GNorm = 0.0735, lr_0 = 5.7946e-04
Loss = 4.7891e-02, PNorm = 77.3338, GNorm = 0.1535, lr_0 = 5.7388e-04
Loss = 4.4263e-02, PNorm = 77.3744, GNorm = 0.1158, lr_0 = 5.6836e-04
Loss = 5.6447e-02, PNorm = 77.4414, GNorm = 0.1296, lr_0 = 5.6289e-04
Loss = 7.7389e-02, PNorm = 77.4723, GNorm = 0.1646, lr_0 = 5.5747e-04
Loss = 2.8471e-02, PNorm = 77.4816, GNorm = 0.2076, lr_0 = 5.5693e-04
Validation auc = 0.817558
Epoch 9
Loss = 3.2048e-02, PNorm = 77.5957, GNorm = 0.3148, lr_0 = 5.5156e-04
Loss = 4.8908e-02, PNorm = 77.6439, GNorm = 0.0832, lr_0 = 5.4625e-04
Loss = 5.1207e-02, PNorm = 77.7101, GNorm = 0.1230, lr_0 = 5.4100e-04
Loss = 4.8711e-02, PNorm = 77.7666, GNorm = 0.4228, lr_0 = 5.3579e-04
Loss = 5.3273e-02, PNorm = 77.8030, GNorm = 0.1175, lr_0 = 5.3063e-04
Loss = 2.8053e-02, PNorm = 77.8831, GNorm = 0.1253, lr_0 = 5.2552e-04
Loss = 3.3243e-02, PNorm = 77.9208, GNorm = 0.1032, lr_0 = 5.2046e-04
Loss = 4.9267e-02, PNorm = 77.9643, GNorm = 0.1375, lr_0 = 5.1545e-04
Validation auc = 0.853996
Epoch 10
Loss = 1.7328e-02, PNorm = 78.0218, GNorm = 0.1893, lr_0 = 5.1049e-04
Loss = 2.0466e-02, PNorm = 78.0674, GNorm = 0.0746, lr_0 = 5.0557e-04
Loss = 2.8951e-02, PNorm = 78.0993, GNorm = 0.1673, lr_0 = 5.0070e-04
Loss = 5.5062e-02, PNorm = 78.1472, GNorm = 0.1695, lr_0 = 4.9588e-04
Loss = 5.2683e-02, PNorm = 78.1662, GNorm = 0.6126, lr_0 = 4.9111e-04
Loss = 5.8045e-02, PNorm = 78.2170, GNorm = 0.2798, lr_0 = 4.8638e-04
Loss = 3.9904e-02, PNorm = 78.2973, GNorm = 0.1784, lr_0 = 4.8170e-04
Loss = 3.5440e-02, PNorm = 78.3452, GNorm = 0.0764, lr_0 = 4.7706e-04
Loss = 5.1530e-02, PNorm = 78.3910, GNorm = 0.0987, lr_0 = 4.7247e-04
Validation auc = 0.824797
Epoch 11
Loss = 2.4147e-02, PNorm = 78.4529, GNorm = 0.0729, lr_0 = 4.6792e-04
Loss = 1.7792e-02, PNorm = 78.5024, GNorm = 0.1825, lr_0 = 4.6341e-04
Loss = 3.8462e-02, PNorm = 78.5201, GNorm = 0.1339, lr_0 = 4.5895e-04
Loss = 4.9761e-02, PNorm = 78.5780, GNorm = 0.2136, lr_0 = 4.5453e-04
Loss = 4.1156e-02, PNorm = 78.6492, GNorm = 0.0553, lr_0 = 4.5015e-04
Loss = 2.6966e-02, PNorm = 78.6753, GNorm = 0.0560, lr_0 = 4.4582e-04
Loss = 5.7615e-02, PNorm = 78.6855, GNorm = 0.2925, lr_0 = 4.4153e-04
Loss = 3.2208e-02, PNorm = 78.7541, GNorm = 0.2076, lr_0 = 4.3728e-04
Validation auc = 0.862446
Epoch 12
Loss = 2.6823e-02, PNorm = 78.8119, GNorm = 0.1608, lr_0 = 4.3265e-04
Loss = 2.4834e-02, PNorm = 78.8677, GNorm = 0.1970, lr_0 = 4.2848e-04
Loss = 3.4543e-02, PNorm = 78.9173, GNorm = 0.3863, lr_0 = 4.2436e-04
Loss = 2.2123e-02, PNorm = 78.9455, GNorm = 0.0801, lr_0 = 4.2027e-04
Loss = 4.5021e-02, PNorm = 78.9710, GNorm = 0.1786, lr_0 = 4.1622e-04
Loss = 3.4541e-02, PNorm = 79.0063, GNorm = 0.2361, lr_0 = 4.1222e-04
Loss = 6.2524e-02, PNorm = 79.0262, GNorm = 0.3514, lr_0 = 4.0825e-04
Loss = 4.0658e-02, PNorm = 79.0913, GNorm = 0.2272, lr_0 = 4.0432e-04
Loss = 4.5192e-02, PNorm = 79.1292, GNorm = 0.4946, lr_0 = 4.0042e-04
Validation auc = 0.851488
Epoch 13
Loss = 4.2253e-02, PNorm = 79.1788, GNorm = 0.1693, lr_0 = 3.9657e-04
Loss = 2.1721e-02, PNorm = 79.2489, GNorm = 0.0619, lr_0 = 3.9275e-04
Loss = 3.0746e-02, PNorm = 79.2839, GNorm = 0.1350, lr_0 = 3.8897e-04
Loss = 3.2921e-02, PNorm = 79.3302, GNorm = 0.2146, lr_0 = 3.8522e-04
Loss = 3.5170e-02, PNorm = 79.3753, GNorm = 0.2049, lr_0 = 3.8152e-04
Loss = 3.1337e-02, PNorm = 79.4069, GNorm = 0.2846, lr_0 = 3.7784e-04
Loss = 4.3808e-02, PNorm = 79.4414, GNorm = 0.2872, lr_0 = 3.7420e-04
Loss = 3.5288e-02, PNorm = 79.4811, GNorm = 0.1968, lr_0 = 3.7060e-04
Validation auc = 0.856801
Epoch 14
Loss = 2.5299e-02, PNorm = 79.5203, GNorm = 0.1573, lr_0 = 3.6668e-04
Loss = 1.9802e-02, PNorm = 79.5660, GNorm = 0.5622, lr_0 = 3.6315e-04
Loss = 5.5775e-02, PNorm = 79.5734, GNorm = 0.2588, lr_0 = 3.5965e-04
Loss = 2.1748e-02, PNorm = 79.6505, GNorm = 0.1695, lr_0 = 3.5619e-04
Loss = 2.1065e-02, PNorm = 79.7059, GNorm = 0.1686, lr_0 = 3.5276e-04
Loss = 1.9985e-02, PNorm = 79.7328, GNorm = 0.1373, lr_0 = 3.4936e-04
Loss = 5.0637e-02, PNorm = 79.7549, GNorm = 0.2399, lr_0 = 3.4600e-04
Loss = 3.0762e-02, PNorm = 79.8036, GNorm = 0.1902, lr_0 = 3.4267e-04
Loss = 2.8471e-02, PNorm = 79.8394, GNorm = 0.2113, lr_0 = 3.3937e-04
Validation auc = 0.866422
Epoch 15
Loss = 4.8931e-02, PNorm = 79.8578, GNorm = 0.1337, lr_0 = 3.3610e-04
Loss = 2.1901e-02, PNorm = 79.8868, GNorm = 0.1009, lr_0 = 3.3287e-04
Loss = 3.4265e-02, PNorm = 79.9070, GNorm = 0.1711, lr_0 = 3.2966e-04
Loss = 2.5171e-02, PNorm = 79.9330, GNorm = 0.3140, lr_0 = 3.2649e-04
Loss = 1.7168e-02, PNorm = 79.9684, GNorm = 0.1613, lr_0 = 3.2334e-04
Loss = 3.4277e-02, PNorm = 79.9981, GNorm = 0.0772, lr_0 = 3.2023e-04
Loss = 2.5962e-02, PNorm = 80.0362, GNorm = 0.1998, lr_0 = 3.1715e-04
Loss = 2.5443e-02, PNorm = 80.0779, GNorm = 0.1567, lr_0 = 3.1409e-04
Loss = 3.8207e-02, PNorm = 80.1056, GNorm = 0.0793, lr_0 = 3.1107e-04
Validation auc = 0.848957
Epoch 16
Loss = 3.0032e-02, PNorm = 80.1562, GNorm = 0.2078, lr_0 = 3.0807e-04
Loss = 2.1884e-02, PNorm = 80.1898, GNorm = 0.0394, lr_0 = 3.0511e-04
Loss = 2.7569e-02, PNorm = 80.2109, GNorm = 0.1812, lr_0 = 3.0217e-04
Loss = 2.1939e-02, PNorm = 80.2503, GNorm = 0.0816, lr_0 = 2.9926e-04
Loss = 2.9540e-02, PNorm = 80.2698, GNorm = 0.1003, lr_0 = 2.9638e-04
Loss = 4.3532e-02, PNorm = 80.2988, GNorm = 0.1304, lr_0 = 2.9353e-04
Loss = 1.6532e-02, PNorm = 80.3371, GNorm = 0.3767, lr_0 = 2.9070e-04
Loss = 1.6599e-02, PNorm = 80.3730, GNorm = 0.1849, lr_0 = 2.8790e-04
Validation auc = 0.836767
Epoch 17
Loss = 1.7405e-02, PNorm = 80.4117, GNorm = 0.0325, lr_0 = 2.8485e-04
Loss = 2.9949e-02, PNorm = 80.4287, GNorm = 0.2993, lr_0 = 2.8211e-04
Loss = 3.0653e-02, PNorm = 80.4398, GNorm = 0.1736, lr_0 = 2.7939e-04
Loss = 3.8013e-02, PNorm = 80.4734, GNorm = 0.1675, lr_0 = 2.7670e-04
Loss = 1.8059e-02, PNorm = 80.5046, GNorm = 0.0529, lr_0 = 2.7404e-04
Loss = 1.7194e-02, PNorm = 80.5112, GNorm = 0.1752, lr_0 = 2.7140e-04
Loss = 2.6303e-02, PNorm = 80.5273, GNorm = 0.1935, lr_0 = 2.6879e-04
Loss = 1.8655e-02, PNorm = 80.5574, GNorm = 0.2263, lr_0 = 2.6620e-04
Loss = 3.4892e-02, PNorm = 80.5961, GNorm = 0.2358, lr_0 = 2.6364e-04
Validation auc = 0.840458
Epoch 18
Loss = 2.1926e-02, PNorm = 80.6201, GNorm = 0.2424, lr_0 = 2.6110e-04
Loss = 2.5259e-02, PNorm = 80.6317, GNorm = 0.1785, lr_0 = 2.5859e-04
Loss = 3.2883e-02, PNorm = 80.6525, GNorm = 0.1787, lr_0 = 2.5610e-04
Loss = 2.7343e-02, PNorm = 80.7079, GNorm = 0.1192, lr_0 = 2.5363e-04
Loss = 3.4527e-02, PNorm = 80.7348, GNorm = 0.1337, lr_0 = 2.5119e-04
Loss = 1.1569e-02, PNorm = 80.7715, GNorm = 0.0266, lr_0 = 2.4877e-04
Loss = 2.6282e-02, PNorm = 80.7965, GNorm = 0.1256, lr_0 = 2.4638e-04
Loss = 1.3957e-02, PNorm = 80.8159, GNorm = 0.4013, lr_0 = 2.4400e-04
Validation auc = 0.848242
Epoch 19
Loss = 2.3975e-02, PNorm = 80.8320, GNorm = 0.2545, lr_0 = 2.4165e-04
Loss = 2.2186e-02, PNorm = 80.8426, GNorm = 0.1082, lr_0 = 2.3933e-04
Loss = 2.1819e-02, PNorm = 80.8599, GNorm = 0.1030, lr_0 = 2.3702e-04
Loss = 1.5139e-02, PNorm = 80.8846, GNorm = 0.1841, lr_0 = 2.3474e-04
Loss = 1.6025e-02, PNorm = 80.9088, GNorm = 0.1048, lr_0 = 2.3248e-04
Loss = 3.5648e-02, PNorm = 80.9253, GNorm = 0.1160, lr_0 = 2.3024e-04
Loss = 3.4358e-02, PNorm = 80.9546, GNorm = 0.3464, lr_0 = 2.2803e-04
Loss = 1.6371e-02, PNorm = 80.9828, GNorm = 0.4005, lr_0 = 2.2583e-04
Loss = 1.8109e-02, PNorm = 80.9901, GNorm = 0.0843, lr_0 = 2.2366e-04
Validation auc = 0.843514
Epoch 20
Loss = 1.7401e-02, PNorm = 81.0101, GNorm = 0.2267, lr_0 = 2.2129e-04
Loss = 1.8726e-02, PNorm = 81.0376, GNorm = 0.0867, lr_0 = 2.1916e-04
Loss = 2.3435e-02, PNorm = 81.0566, GNorm = 0.1628, lr_0 = 2.1705e-04
Loss = 1.4541e-02, PNorm = 81.0711, GNorm = 0.0975, lr_0 = 2.1496e-04
Loss = 2.4466e-02, PNorm = 81.0944, GNorm = 0.1232, lr_0 = 2.1289e-04
Loss = 2.2412e-02, PNorm = 81.1051, GNorm = 0.2824, lr_0 = 2.1084e-04
Loss = 1.3989e-02, PNorm = 81.1280, GNorm = 0.1514, lr_0 = 2.0881e-04
Loss = 2.4486e-02, PNorm = 81.1422, GNorm = 0.2959, lr_0 = 2.0680e-04
Validation auc = 0.843279
Epoch 21
Loss = 1.8712e-02, PNorm = 81.1498, GNorm = 0.1896, lr_0 = 2.0481e-04
Loss = 2.8998e-02, PNorm = 81.1851, GNorm = 0.1346, lr_0 = 2.0283e-04
Loss = 1.1489e-02, PNorm = 81.2060, GNorm = 0.0796, lr_0 = 2.0088e-04
Loss = 2.5730e-02, PNorm = 81.2090, GNorm = 0.1268, lr_0 = 1.9895e-04
Loss = 2.0839e-02, PNorm = 81.2268, GNorm = 0.0585, lr_0 = 1.9703e-04
Loss = 2.0052e-02, PNorm = 81.2426, GNorm = 0.2249, lr_0 = 1.9514e-04
Loss = 2.5340e-02, PNorm = 81.2787, GNorm = 0.1097, lr_0 = 1.9326e-04
Loss = 1.6373e-02, PNorm = 81.2933, GNorm = 0.0972, lr_0 = 1.9140e-04
Loss = 1.8503e-02, PNorm = 81.3047, GNorm = 0.5288, lr_0 = 1.8955e-04
Validation auc = 0.845024
Epoch 22
Loss = 1.0239e-02, PNorm = 81.3201, GNorm = 0.1785, lr_0 = 1.8773e-04
Loss = 2.7314e-02, PNorm = 81.3301, GNorm = 0.0894, lr_0 = 1.8592e-04
Loss = 8.7646e-03, PNorm = 81.3417, GNorm = 0.0871, lr_0 = 1.8413e-04
Loss = 1.9693e-02, PNorm = 81.3680, GNorm = 0.0143, lr_0 = 1.8236e-04
Loss = 2.5538e-02, PNorm = 81.3691, GNorm = 0.0565, lr_0 = 1.8060e-04
Loss = 1.3342e-02, PNorm = 81.3808, GNorm = 0.0942, lr_0 = 1.7886e-04
Loss = 2.0839e-02, PNorm = 81.4126, GNorm = 0.2679, lr_0 = 1.7714e-04
Loss = 2.3421e-02, PNorm = 81.4177, GNorm = 0.1578, lr_0 = 1.7544e-04
Validation auc = 0.832382
Epoch 23
Loss = 1.3699e-02, PNorm = 81.4365, GNorm = 0.1449, lr_0 = 1.7358e-04
Loss = 1.4948e-02, PNorm = 81.4557, GNorm = 0.2092, lr_0 = 1.7191e-04
Loss = 1.7804e-02, PNorm = 81.4713, GNorm = 0.0253, lr_0 = 1.7025e-04
Loss = 9.6130e-03, PNorm = 81.4833, GNorm = 0.0425, lr_0 = 1.6861e-04
Loss = 1.2311e-02, PNorm = 81.4967, GNorm = 0.0159, lr_0 = 1.6699e-04
Loss = 8.4309e-03, PNorm = 81.5119, GNorm = 0.0974, lr_0 = 1.6538e-04
Loss = 1.6816e-02, PNorm = 81.5259, GNorm = 0.2369, lr_0 = 1.6379e-04
Loss = 2.1338e-02, PNorm = 81.5252, GNorm = 0.2236, lr_0 = 1.6221e-04
Loss = 2.7067e-02, PNorm = 81.5415, GNorm = 0.2050, lr_0 = 1.6065e-04
Validation auc = 0.835970
Epoch 24
Loss = 3.0331e-02, PNorm = 81.5686, GNorm = 0.4057, lr_0 = 1.5910e-04
Loss = 1.8373e-02, PNorm = 81.5798, GNorm = 0.0829, lr_0 = 1.5757e-04
Loss = 2.4969e-02, PNorm = 81.5932, GNorm = 0.2209, lr_0 = 1.5605e-04
Loss = 1.3260e-02, PNorm = 81.6048, GNorm = 0.1168, lr_0 = 1.5455e-04
Loss = 1.1598e-02, PNorm = 81.6159, GNorm = 0.0499, lr_0 = 1.5306e-04
Loss = 1.4572e-02, PNorm = 81.6299, GNorm = 0.1146, lr_0 = 1.5159e-04
Loss = 1.8718e-02, PNorm = 81.6438, GNorm = 0.3581, lr_0 = 1.5013e-04
Loss = 9.3529e-03, PNorm = 81.6542, GNorm = 0.0267, lr_0 = 1.4869e-04
Loss = 1.3326e-02, PNorm = 81.6680, GNorm = 0.0058, lr_0 = 1.4725e-04
Validation auc = 0.842696
Epoch 25
Loss = 1.6269e-02, PNorm = 81.6716, GNorm = 0.3682, lr_0 = 1.4584e-04
Loss = 1.2966e-02, PNorm = 81.6825, GNorm = 0.1007, lr_0 = 1.4443e-04
Loss = 1.4543e-02, PNorm = 81.6933, GNorm = 0.3176, lr_0 = 1.4304e-04
Loss = 2.0272e-02, PNorm = 81.7080, GNorm = 0.1969, lr_0 = 1.4166e-04
Loss = 8.2897e-03, PNorm = 81.7268, GNorm = 0.1299, lr_0 = 1.4030e-04
Loss = 9.3916e-03, PNorm = 81.7416, GNorm = 0.1726, lr_0 = 1.3895e-04
Loss = 1.6722e-02, PNorm = 81.7530, GNorm = 0.0036, lr_0 = 1.3761e-04
Loss = 2.0615e-02, PNorm = 81.7555, GNorm = 0.3420, lr_0 = 1.3629e-04
Validation auc = 0.819584
Epoch 26
Loss = 2.0520e-02, PNorm = 81.7608, GNorm = 0.0986, lr_0 = 1.3484e-04
Loss = 1.5955e-02, PNorm = 81.7779, GNorm = 0.1089, lr_0 = 1.3355e-04
Loss = 4.4699e-03, PNorm = 81.7964, GNorm = 0.3163, lr_0 = 1.3226e-04
Loss = 1.2898e-02, PNorm = 81.8004, GNorm = 0.1050, lr_0 = 1.3099e-04
Loss = 1.8755e-02, PNorm = 81.7997, GNorm = 0.1012, lr_0 = 1.2973e-04
Loss = 1.5220e-02, PNorm = 81.8094, GNorm = 0.3763, lr_0 = 1.2848e-04
Loss = 1.2270e-02, PNorm = 81.8216, GNorm = 0.0793, lr_0 = 1.2724e-04
Loss = 1.7686e-02, PNorm = 81.8318, GNorm = 0.0778, lr_0 = 1.2601e-04
Loss = 7.8270e-03, PNorm = 81.8399, GNorm = 0.3670, lr_0 = 1.2480e-04
Validation auc = 0.833891
Epoch 27
Loss = 9.9886e-03, PNorm = 81.8504, GNorm = 0.0095, lr_0 = 1.2360e-04
Loss = 5.7761e-03, PNorm = 81.8632, GNorm = 0.0516, lr_0 = 1.2241e-04
Loss = 6.2186e-03, PNorm = 81.8718, GNorm = 0.1376, lr_0 = 1.2123e-04
Loss = 7.2973e-03, PNorm = 81.8761, GNorm = 0.0782, lr_0 = 1.2006e-04
Loss = 8.4127e-03, PNorm = 81.8797, GNorm = 0.0342, lr_0 = 1.1891e-04
Loss = 2.2029e-02, PNorm = 81.8870, GNorm = 0.6544, lr_0 = 1.1776e-04
Loss = 1.3819e-02, PNorm = 81.8928, GNorm = 0.3415, lr_0 = 1.1663e-04
Loss = 1.6841e-02, PNorm = 81.9080, GNorm = 0.0392, lr_0 = 1.1551e-04
Validation auc = 0.818843
Epoch 28
Loss = 1.6230e-02, PNorm = 81.9094, GNorm = 0.0993, lr_0 = 1.1428e-04
Loss = 6.0711e-03, PNorm = 81.9208, GNorm = 0.1237, lr_0 = 1.1318e-04
Loss = 1.5598e-02, PNorm = 81.9385, GNorm = 0.3644, lr_0 = 1.1209e-04
Loss = 1.4104e-02, PNorm = 81.9498, GNorm = 0.1556, lr_0 = 1.1101e-04
Loss = 7.4932e-03, PNorm = 81.9557, GNorm = 0.0307, lr_0 = 1.0995e-04
Loss = 1.1631e-02, PNorm = 81.9645, GNorm = 0.0565, lr_0 = 1.0889e-04
Loss = 1.3854e-02, PNorm = 81.9732, GNorm = 0.0796, lr_0 = 1.0784e-04
Loss = 1.4193e-02, PNorm = 81.9842, GNorm = 0.0928, lr_0 = 1.0680e-04
Loss = 1.1154e-02, PNorm = 81.9971, GNorm = 0.3591, lr_0 = 1.0577e-04
Validation auc = 0.821148
Epoch 29
Loss = 8.2398e-03, PNorm = 82.0120, GNorm = 0.2369, lr_0 = 1.0475e-04
Loss = 2.0205e-02, PNorm = 82.0144, GNorm = 0.4577, lr_0 = 1.0374e-04
Loss = 1.0718e-02, PNorm = 82.0187, GNorm = 0.0965, lr_0 = 1.0275e-04
Loss = 5.3361e-03, PNorm = 82.0268, GNorm = 0.4612, lr_0 = 1.0176e-04
Loss = 1.0291e-02, PNorm = 82.0395, GNorm = 0.0023, lr_0 = 1.0078e-04
Loss = 1.4647e-02, PNorm = 82.0394, GNorm = 0.0594, lr_0 = 1.0000e-04
Loss = 1.4820e-02, PNorm = 82.0470, GNorm = 0.0540, lr_0 = 1.0000e-04
Loss = 7.8910e-03, PNorm = 82.0678, GNorm = 0.0670, lr_0 = 1.0000e-04
Validation auc = 0.819899
Model 0 best validation auc = 0.872065 on epoch 7
Loading pretrained parameter "encoder.encoder.0.cached_zero_vector".
Loading pretrained parameter "encoder.encoder.0.W_i.weight".
Loading pretrained parameter "encoder.encoder.0.W_h.weight".
Loading pretrained parameter "encoder.encoder.0.W_o.weight".
Loading pretrained parameter "encoder.encoder.0.W_o.bias".
Loading pretrained parameter "ffn.1.weight".
Loading pretrained parameter "ffn.1.bias".
Loading pretrained parameter "ffn.4.weight".
Loading pretrained parameter "ffn.4.bias".
Moving model to cuda
Model 0 test auc = 0.848238
Ensemble test auc = 0.848238
Fold 2
Splitting data with seed 2
Total scaffolds = 3,467 | train scaffolds = 2,630 | val scaffolds = 419 | test scaffolds = 418
Label averages per scaffold, in decreasing order of scaffold frequency,capped at 10 scaffolds and 20 labels:
Scaffold 0
Task 0: count = 381 | target average = 0.018373
Task 1: count = 381 | target average = 0.013123


Scaffold 1
Task 0: count = 305 | target average = 0.009836
Task 1: count = 305 | target average = 0.016393


Scaffold 2
Task 0: count = 36 | target average = 0.000000
Task 1: count = 36 | target average = 0.000000


Scaffold 3
Task 0: count = 29 | target average = 0.000000
Task 1: count = 29 | target average = 0.000000


Scaffold 4
Task 0: count = 26 | target average = 0.000000
Task 1: count = 26 | target average = 0.000000


Scaffold 5
Task 0: count = 23 | target average = 0.000000
Task 1: count = 23 | target average = 0.000000


Scaffold 6
Task 0: count = 22 | target average = 0.090909
Task 1: count = 22 | target average = 0.090909


Scaffold 7
Task 0: count = 20 | target average = 0.000000
Task 1: count = 20 | target average = 0.000000


Scaffold 8
Task 0: count = 20 | target average = 0.000000
Task 1: count = 20 | target average = 0.000000


Scaffold 9
Task 0: count = 20 | target average = 0.050000
Task 1: count = 20 | target average = 0.000000


Class sizes
hit_inh 0: 97.83%, 1: 2.17%
hit_kill 0: 98.64%, 1: 1.36%
Total size = 5,353 | train size = 4,282 | val size = 535 | test size = 536
Building model 0
MoleculeModel(
  (sigmoid): Sigmoid()
  (encoder): MPN(
    (encoder): ModuleList(
      (0): MPNEncoder(
        (dropout_layer): Dropout(p=0.25, inplace=False)
        (act_func): ReLU()
        (W_i): Linear(in_features=147, out_features=1500, bias=False)
        (W_h): Linear(in_features=1500, out_features=1500, bias=False)
        (W_o): Linear(in_features=1633, out_features=1500, bias=True)
      )
    )
  )
  (ffn): Sequential(
    (0): Dropout(p=0.25, inplace=False)
    (1): Linear(in_features=1700, out_features=1500, bias=True)
    (2): ReLU()
    (3): Dropout(p=0.25, inplace=False)
    (4): Linear(in_features=1500, out_features=2, bias=True)
  )
)
Number of parameters = 7,476,002
Moving model to cuda
Epoch 0
Loss = 3.1658e-01, PNorm = 70.8749, GNorm = 0.2801, lr_0 = 1.0000e-03
Loss = 7.1299e-02, PNorm = 71.3507, GNorm = 0.1730, lr_0 = 1.0000e-03
Loss = 1.0291e-01, PNorm = 71.5812, GNorm = 0.1662, lr_0 = 1.0000e-03
Loss = 9.1072e-02, PNorm = 71.7050, GNorm = 0.1758, lr_0 = 1.0000e-03
Loss = 7.2748e-02, PNorm = 71.7772, GNorm = 0.0993, lr_0 = 1.0000e-03
Loss = 9.5699e-02, PNorm = 71.8237, GNorm = 0.1946, lr_0 = 1.0000e-03
Loss = 9.1028e-02, PNorm = 71.8843, GNorm = 0.2687, lr_0 = 1.0000e-03
Loss = 6.7760e-02, PNorm = 71.9254, GNorm = 0.1395, lr_0 = 1.0000e-03
Validation auc = 0.792544
Epoch 1
Loss = 5.9027e-02, PNorm = 71.9823, GNorm = 0.1899, lr_0 = 1.0000e-03
Loss = 6.8276e-02, PNorm = 72.0427, GNorm = 0.3696, lr_0 = 1.0000e-03
Loss = 3.7625e-02, PNorm = 72.0754, GNorm = 0.1573, lr_0 = 1.0000e-03
Loss = 1.0629e-01, PNorm = 72.1118, GNorm = 0.3907, lr_0 = 1.0000e-03
Loss = 6.5343e-02, PNorm = 72.1754, GNorm = 0.1374, lr_0 = 1.0000e-03
Loss = 8.1193e-02, PNorm = 72.2180, GNorm = 0.0896, lr_0 = 1.0000e-03
Loss = 9.3295e-02, PNorm = 72.2646, GNorm = 0.1427, lr_0 = 1.0000e-03
Loss = 1.0871e-01, PNorm = 72.3290, GNorm = 0.3297, lr_0 = 1.0000e-03
Loss = 6.1333e-02, PNorm = 72.4049, GNorm = 0.0722, lr_0 = 9.9807e-04
Validation auc = 0.821040
Epoch 2
Loss = 7.1977e-02, PNorm = 72.4681, GNorm = 0.2336, lr_0 = 9.8846e-04
Loss = 6.1121e-02, PNorm = 72.5580, GNorm = 0.3082, lr_0 = 9.7894e-04
Loss = 8.6498e-02, PNorm = 72.6259, GNorm = 0.1558, lr_0 = 9.6952e-04
Loss = 7.2645e-02, PNorm = 72.7052, GNorm = 0.3163, lr_0 = 9.6018e-04
Loss = 9.3692e-02, PNorm = 72.7609, GNorm = 0.2051, lr_0 = 9.5094e-04
Loss = 5.9209e-02, PNorm = 72.8888, GNorm = 0.1070, lr_0 = 9.4178e-04
Loss = 4.7042e-02, PNorm = 72.9674, GNorm = 0.0670, lr_0 = 9.3271e-04
Loss = 5.9955e-02, PNorm = 73.0134, GNorm = 0.1211, lr_0 = 9.2373e-04
Validation auc = 0.829241
Epoch 3
Loss = 7.4919e-02, PNorm = 73.1000, GNorm = 0.1804, lr_0 = 9.1395e-04
Loss = 7.6312e-02, PNorm = 73.1901, GNorm = 0.1155, lr_0 = 9.0515e-04
Loss = 7.0363e-02, PNorm = 73.3169, GNorm = 0.2170, lr_0 = 8.9644e-04
Loss = 2.5597e-02, PNorm = 73.4693, GNorm = 0.0310, lr_0 = 8.8781e-04
Loss = 8.6477e-02, PNorm = 73.4741, GNorm = 0.4190, lr_0 = 8.7926e-04
Loss = 6.2125e-02, PNorm = 73.5563, GNorm = 0.0478, lr_0 = 8.7080e-04
Loss = 9.2948e-02, PNorm = 73.6113, GNorm = 0.0964, lr_0 = 8.6241e-04
Loss = 5.5303e-02, PNorm = 73.6866, GNorm = 0.0959, lr_0 = 8.5411e-04
Loss = 6.3759e-02, PNorm = 73.7559, GNorm = 0.1813, lr_0 = 8.4588e-04
Validation auc = 0.846105
Epoch 4
Loss = 3.6413e-02, PNorm = 73.8187, GNorm = 0.0584, lr_0 = 8.3774e-04
Loss = 4.1842e-02, PNorm = 73.8743, GNorm = 0.1401, lr_0 = 8.2967e-04
Loss = 6.6558e-02, PNorm = 73.9129, GNorm = 0.1489, lr_0 = 8.2169e-04
Loss = 7.8124e-02, PNorm = 73.9513, GNorm = 0.1690, lr_0 = 8.1377e-04
Loss = 8.3288e-02, PNorm = 74.0321, GNorm = 0.1305, lr_0 = 8.0594e-04
Loss = 4.8230e-02, PNorm = 74.1456, GNorm = 0.1992, lr_0 = 7.9818e-04
Loss = 7.5327e-02, PNorm = 74.2171, GNorm = 0.1489, lr_0 = 7.9050e-04
Loss = 4.4926e-02, PNorm = 74.3269, GNorm = 0.1657, lr_0 = 7.8288e-04
Validation auc = 0.875286
Epoch 5
Loss = 7.0723e-02, PNorm = 74.4025, GNorm = 0.1513, lr_0 = 7.7535e-04
Loss = 6.4343e-02, PNorm = 74.5405, GNorm = 0.1631, lr_0 = 7.6788e-04
Loss = 5.0767e-02, PNorm = 74.6291, GNorm = 0.3098, lr_0 = 7.6049e-04
Loss = 6.7580e-02, PNorm = 74.6998, GNorm = 0.2061, lr_0 = 7.5317e-04
Loss = 3.6358e-02, PNorm = 74.7812, GNorm = 0.0581, lr_0 = 7.4591e-04
Loss = 6.8795e-02, PNorm = 74.8083, GNorm = 0.1354, lr_0 = 7.3873e-04
Loss = 6.6635e-02, PNorm = 74.8420, GNorm = 0.1026, lr_0 = 7.3162e-04
Loss = 4.8722e-02, PNorm = 74.9221, GNorm = 0.0632, lr_0 = 7.2458e-04
Loss = 6.9501e-02, PNorm = 74.9564, GNorm = 0.1365, lr_0 = 7.1760e-04
Validation auc = 0.851099
Epoch 6
Loss = 4.6629e-02, PNorm = 75.0619, GNorm = 0.0944, lr_0 = 7.1000e-04
Loss = 6.7823e-02, PNorm = 75.1379, GNorm = 0.1199, lr_0 = 7.0317e-04
Loss = 6.6179e-02, PNorm = 75.2030, GNorm = 0.2113, lr_0 = 6.9640e-04
Loss = 6.7020e-02, PNorm = 75.3015, GNorm = 0.1270, lr_0 = 6.8969e-04
Loss = 5.1321e-02, PNorm = 75.3705, GNorm = 0.1139, lr_0 = 6.8305e-04
Loss = 5.0265e-02, PNorm = 75.4482, GNorm = 0.0881, lr_0 = 6.7648e-04
Loss = 5.3054e-02, PNorm = 75.5234, GNorm = 0.4172, lr_0 = 6.6996e-04
Loss = 2.4295e-02, PNorm = 75.5962, GNorm = 0.1652, lr_0 = 6.6351e-04
Validation auc = 0.867494
Epoch 7
Loss = 3.4743e-02, PNorm = 75.6424, GNorm = 0.1056, lr_0 = 6.5712e-04
Loss = 4.4821e-02, PNorm = 75.7379, GNorm = 0.2659, lr_0 = 6.5080e-04
Loss = 6.4904e-02, PNorm = 75.8288, GNorm = 0.1677, lr_0 = 6.4453e-04
Loss = 4.8271e-02, PNorm = 75.9443, GNorm = 0.1931, lr_0 = 6.3833e-04
Loss = 5.2342e-02, PNorm = 75.9943, GNorm = 0.0901, lr_0 = 6.3218e-04
Loss = 5.5011e-02, PNorm = 76.0696, GNorm = 0.1024, lr_0 = 6.2609e-04
Loss = 5.4915e-02, PNorm = 76.1373, GNorm = 0.1358, lr_0 = 6.2006e-04
Loss = 5.8611e-02, PNorm = 76.1942, GNorm = 0.2936, lr_0 = 6.1409e-04
Loss = 4.9338e-02, PNorm = 76.2655, GNorm = 0.1055, lr_0 = 6.0818e-04
Validation auc = 0.902546
Epoch 8
Loss = 2.7884e-02, PNorm = 76.3204, GNorm = 0.0969, lr_0 = 6.0233e-04
Loss = 4.4131e-02, PNorm = 76.3399, GNorm = 0.1209, lr_0 = 5.9653e-04
Loss = 5.5962e-02, PNorm = 76.3963, GNorm = 0.1479, lr_0 = 5.9078e-04
Loss = 6.8079e-02, PNorm = 76.4549, GNorm = 0.2807, lr_0 = 5.8510e-04
Loss = 4.7201e-02, PNorm = 76.5423, GNorm = 0.1274, lr_0 = 5.7946e-04
Loss = 5.6651e-02, PNorm = 76.6230, GNorm = 0.2975, lr_0 = 5.7388e-04
Loss = 4.9135e-02, PNorm = 76.6937, GNorm = 0.2166, lr_0 = 5.6836e-04
Loss = 6.0628e-02, PNorm = 76.7463, GNorm = 0.2097, lr_0 = 5.6289e-04
Loss = 4.0528e-02, PNorm = 76.8187, GNorm = 0.1035, lr_0 = 5.5747e-04
Loss = 8.3370e-03, PNorm = 76.8264, GNorm = 0.0810, lr_0 = 5.5693e-04
Validation auc = 0.905582
Epoch 9
Loss = 4.3389e-02, PNorm = 76.9003, GNorm = 0.0910, lr_0 = 5.5156e-04
Loss = 5.5280e-02, PNorm = 76.9520, GNorm = 0.1956, lr_0 = 5.4625e-04
Loss = 4.1296e-02, PNorm = 77.0426, GNorm = 0.0770, lr_0 = 5.4100e-04
Loss = 2.9136e-02, PNorm = 77.1149, GNorm = 0.1199, lr_0 = 5.3579e-04
Loss = 6.4278e-02, PNorm = 77.1600, GNorm = 0.1871, lr_0 = 5.3063e-04
Loss = 4.0266e-02, PNorm = 77.2620, GNorm = 0.1588, lr_0 = 5.2552e-04
Loss = 5.7161e-02, PNorm = 77.2825, GNorm = 0.1272, lr_0 = 5.2046e-04
Loss = 4.1694e-02, PNorm = 77.3354, GNorm = 0.2142, lr_0 = 5.1545e-04
Validation auc = 0.889140
Epoch 10
Loss = 3.1119e-02, PNorm = 77.3991, GNorm = 0.0288, lr_0 = 5.1049e-04
Loss = 5.5515e-02, PNorm = 77.4603, GNorm = 0.1547, lr_0 = 5.0557e-04
Loss = 2.7579e-02, PNorm = 77.5409, GNorm = 0.0722, lr_0 = 5.0070e-04
Loss = 1.7565e-02, PNorm = 77.5820, GNorm = 0.1927, lr_0 = 4.9588e-04
Loss = 5.6270e-02, PNorm = 77.5922, GNorm = 0.2288, lr_0 = 4.9111e-04
Loss = 6.6009e-02, PNorm = 77.6537, GNorm = 0.1268, lr_0 = 4.8638e-04
Loss = 3.8836e-02, PNorm = 77.7214, GNorm = 0.1816, lr_0 = 4.8170e-04
Loss = 4.5869e-02, PNorm = 77.8041, GNorm = 0.4082, lr_0 = 4.7706e-04
Loss = 2.4977e-02, PNorm = 77.8388, GNorm = 0.2700, lr_0 = 4.7247e-04
Validation auc = 0.906660
Epoch 11
Loss = 6.1303e-02, PNorm = 77.9104, GNorm = 0.1989, lr_0 = 4.6792e-04
Loss = 4.3309e-02, PNorm = 78.0080, GNorm = 0.1806, lr_0 = 4.6341e-04
Loss = 2.7997e-02, PNorm = 78.0630, GNorm = 0.1517, lr_0 = 4.5895e-04
Loss = 4.5816e-02, PNorm = 78.1121, GNorm = 0.0382, lr_0 = 4.5453e-04
Loss = 5.3581e-02, PNorm = 78.1610, GNorm = 0.1913, lr_0 = 4.5015e-04
Loss = 5.3757e-02, PNorm = 78.2276, GNorm = 0.0595, lr_0 = 4.4582e-04
Loss = 3.9943e-02, PNorm = 78.2670, GNorm = 0.1330, lr_0 = 4.4153e-04
Loss = 4.8032e-02, PNorm = 78.3250, GNorm = 0.1689, lr_0 = 4.3728e-04
Validation auc = 0.873304
Epoch 12
Loss = 3.0801e-02, PNorm = 78.3832, GNorm = 0.2073, lr_0 = 4.3265e-04
Loss = 2.9020e-02, PNorm = 78.4165, GNorm = 0.1326, lr_0 = 4.2848e-04
Loss = 2.9117e-02, PNorm = 78.4777, GNorm = 0.1698, lr_0 = 4.2436e-04
Loss = 6.9249e-02, PNorm = 78.5144, GNorm = 0.6278, lr_0 = 4.2027e-04
Loss = 4.1794e-02, PNorm = 78.5438, GNorm = 0.4894, lr_0 = 4.1622e-04
Loss = 2.3995e-02, PNorm = 78.6296, GNorm = 0.1789, lr_0 = 4.1222e-04
Loss = 4.8360e-02, PNorm = 78.6495, GNorm = 0.2076, lr_0 = 4.0825e-04
Loss = 4.6161e-02, PNorm = 78.6684, GNorm = 0.1808, lr_0 = 4.0432e-04
Loss = 4.4197e-02, PNorm = 78.7446, GNorm = 0.1782, lr_0 = 4.0042e-04
Validation auc = 0.905954
Epoch 13
Loss = 1.0398e-02, PNorm = 78.7963, GNorm = 0.1294, lr_0 = 3.9657e-04
Loss = 4.5370e-02, PNorm = 78.8364, GNorm = 0.1241, lr_0 = 3.9275e-04
Loss = 1.0687e-02, PNorm = 78.8945, GNorm = 0.0679, lr_0 = 3.8897e-04
Loss = 4.0833e-02, PNorm = 78.9500, GNorm = 0.2493, lr_0 = 3.8522e-04
Loss = 4.1932e-02, PNorm = 78.9949, GNorm = 0.2579, lr_0 = 3.8152e-04
Loss = 3.2594e-02, PNorm = 79.0544, GNorm = 0.3693, lr_0 = 3.7784e-04
Loss = 4.8130e-02, PNorm = 79.0841, GNorm = 0.3338, lr_0 = 3.7420e-04
Loss = 2.7687e-02, PNorm = 79.1460, GNorm = 0.1298, lr_0 = 3.7060e-04
Validation auc = 0.904068
Epoch 14
Loss = 1.6687e-02, PNorm = 79.1871, GNorm = 0.1437, lr_0 = 3.6668e-04
Loss = 3.0102e-02, PNorm = 79.2359, GNorm = 0.1135, lr_0 = 3.6315e-04
Loss = 3.3245e-02, PNorm = 79.2922, GNorm = 0.2118, lr_0 = 3.5965e-04
Loss = 2.3835e-02, PNorm = 79.3247, GNorm = 0.0443, lr_0 = 3.5619e-04
Loss = 3.4204e-02, PNorm = 79.3639, GNorm = 0.1297, lr_0 = 3.5276e-04
Loss = 3.8217e-02, PNorm = 79.4217, GNorm = 0.4748, lr_0 = 3.4936e-04
Loss = 5.9374e-02, PNorm = 79.4345, GNorm = 0.2309, lr_0 = 3.4600e-04
Loss = 3.1890e-02, PNorm = 79.4929, GNorm = 0.0820, lr_0 = 3.4267e-04
Loss = 3.7131e-02, PNorm = 79.5339, GNorm = 0.0551, lr_0 = 3.3937e-04
Validation auc = 0.918567
Epoch 15
Loss = 3.3326e-02, PNorm = 79.5913, GNorm = 0.1198, lr_0 = 3.3610e-04
Loss = 3.8366e-02, PNorm = 79.6456, GNorm = 0.1059, lr_0 = 3.3287e-04
Loss = 2.6651e-02, PNorm = 79.6909, GNorm = 0.1408, lr_0 = 3.2966e-04
Loss = 2.4188e-02, PNorm = 79.7365, GNorm = 0.0149, lr_0 = 3.2649e-04
Loss = 3.9398e-02, PNorm = 79.7464, GNorm = 0.0646, lr_0 = 3.2334e-04
Loss = 2.8201e-02, PNorm = 79.7802, GNorm = 0.1048, lr_0 = 3.2023e-04
Loss = 3.4746e-02, PNorm = 79.8269, GNorm = 0.2117, lr_0 = 3.1715e-04
Loss = 2.2346e-02, PNorm = 79.8670, GNorm = 0.2151, lr_0 = 3.1409e-04
Loss = 3.4607e-02, PNorm = 79.8958, GNorm = 0.0703, lr_0 = 3.1107e-04
Validation auc = 0.893501
Epoch 16
Loss = 2.8197e-02, PNorm = 79.9490, GNorm = 0.1558, lr_0 = 3.0807e-04
Loss = 4.8468e-02, PNorm = 79.9933, GNorm = 0.3289, lr_0 = 3.0511e-04
Loss = 3.0666e-02, PNorm = 80.0297, GNorm = 0.1133, lr_0 = 3.0217e-04
Loss = 1.5149e-02, PNorm = 80.0763, GNorm = 0.0463, lr_0 = 2.9926e-04
Loss = 3.7108e-02, PNorm = 80.0890, GNorm = 0.2162, lr_0 = 2.9638e-04
Loss = 2.0101e-02, PNorm = 80.1222, GNorm = 0.0649, lr_0 = 2.9353e-04
Loss = 2.6641e-02, PNorm = 80.1581, GNorm = 0.1622, lr_0 = 2.9070e-04
Loss = 3.1953e-02, PNorm = 80.1898, GNorm = 0.1750, lr_0 = 2.8790e-04
Validation auc = 0.906722
Epoch 17
Loss = 2.9718e-02, PNorm = 80.2171, GNorm = 0.0345, lr_0 = 2.8485e-04
Loss = 3.1185e-02, PNorm = 80.2487, GNorm = 0.1097, lr_0 = 2.8211e-04
Loss = 2.3249e-02, PNorm = 80.2862, GNorm = 0.3463, lr_0 = 2.7939e-04
Loss = 2.5657e-02, PNorm = 80.3161, GNorm = 0.1090, lr_0 = 2.7670e-04
Loss = 2.8271e-02, PNorm = 80.3480, GNorm = 0.1615, lr_0 = 2.7404e-04
Loss = 2.5524e-02, PNorm = 80.3697, GNorm = 0.1681, lr_0 = 2.7140e-04
Loss = 2.0472e-02, PNorm = 80.4050, GNorm = 0.2232, lr_0 = 2.6879e-04
Loss = 2.2022e-02, PNorm = 80.4286, GNorm = 0.2795, lr_0 = 2.6620e-04
Loss = 2.0136e-02, PNorm = 80.4658, GNorm = 0.0213, lr_0 = 2.6364e-04
Validation auc = 0.868646
Epoch 18
Loss = 1.9265e-02, PNorm = 80.4950, GNorm = 0.0622, lr_0 = 2.6110e-04
Loss = 2.9911e-02, PNorm = 80.5175, GNorm = 0.0958, lr_0 = 2.5859e-04
Loss = 1.6941e-02, PNorm = 80.5537, GNorm = 0.1279, lr_0 = 2.5610e-04
Loss = 1.0203e-02, PNorm = 80.5911, GNorm = 0.0331, lr_0 = 2.5363e-04
Loss = 2.9262e-02, PNorm = 80.5992, GNorm = 0.0761, lr_0 = 2.5119e-04
Loss = 1.7702e-02, PNorm = 80.6255, GNorm = 0.0232, lr_0 = 2.4877e-04
Loss = 4.5496e-02, PNorm = 80.6406, GNorm = 0.1624, lr_0 = 2.4638e-04
Loss = 3.2110e-02, PNorm = 80.6773, GNorm = 0.5936, lr_0 = 2.4400e-04
Validation auc = 0.880751
Epoch 19
Loss = 1.6629e-02, PNorm = 80.7097, GNorm = 0.0485, lr_0 = 2.4165e-04
Loss = 1.7037e-02, PNorm = 80.7371, GNorm = 0.2384, lr_0 = 2.3933e-04
Loss = 2.1482e-02, PNorm = 80.7619, GNorm = 0.2158, lr_0 = 2.3702e-04
Loss = 2.3386e-02, PNorm = 80.7859, GNorm = 0.1461, lr_0 = 2.3474e-04
Loss = 2.4631e-02, PNorm = 80.8265, GNorm = 0.1662, lr_0 = 2.3248e-04
Loss = 4.0951e-02, PNorm = 80.8528, GNorm = 0.2773, lr_0 = 2.3024e-04
Loss = 1.8046e-02, PNorm = 80.9133, GNorm = 0.1941, lr_0 = 2.2803e-04
Loss = 1.7708e-02, PNorm = 80.9511, GNorm = 0.0505, lr_0 = 2.2583e-04
Loss = 7.6874e-03, PNorm = 80.9642, GNorm = 0.0847, lr_0 = 2.2366e-04
Validation auc = 0.882982
Epoch 20
Loss = 1.5831e-02, PNorm = 80.9689, GNorm = 0.1671, lr_0 = 2.2129e-04
Loss = 1.8803e-02, PNorm = 80.9880, GNorm = 0.1336, lr_0 = 2.1916e-04
Loss = 1.5526e-02, PNorm = 81.0077, GNorm = 0.3047, lr_0 = 2.1705e-04
Loss = 1.7362e-02, PNorm = 81.0412, GNorm = 0.2640, lr_0 = 2.1496e-04
Loss = 1.4874e-02, PNorm = 81.0682, GNorm = 0.3037, lr_0 = 2.1289e-04
Loss = 2.7360e-02, PNorm = 81.0843, GNorm = 0.4814, lr_0 = 2.1084e-04
Loss = 2.2218e-02, PNorm = 81.1114, GNorm = 0.2330, lr_0 = 2.0881e-04
Loss = 3.5617e-02, PNorm = 81.1345, GNorm = 0.0173, lr_0 = 2.0680e-04
Validation auc = 0.861645
Epoch 21
Loss = 1.8520e-02, PNorm = 81.1433, GNorm = 0.2839, lr_0 = 2.0481e-04
Loss = 3.1195e-02, PNorm = 81.1514, GNorm = 0.2577, lr_0 = 2.0283e-04
Loss = 2.4926e-02, PNorm = 81.1880, GNorm = 0.1896, lr_0 = 2.0088e-04
Loss = 1.6562e-02, PNorm = 81.2263, GNorm = 0.1811, lr_0 = 1.9895e-04
Loss = 2.3190e-02, PNorm = 81.2444, GNorm = 0.1667, lr_0 = 1.9703e-04
Loss = 1.7007e-02, PNorm = 81.2700, GNorm = 0.1525, lr_0 = 1.9514e-04
Loss = 1.2565e-02, PNorm = 81.2924, GNorm = 0.0138, lr_0 = 1.9326e-04
Loss = 3.0572e-02, PNorm = 81.2859, GNorm = 0.0681, lr_0 = 1.9140e-04
Loss = 2.7324e-02, PNorm = 81.2970, GNorm = 0.2018, lr_0 = 1.8955e-04
Validation auc = 0.878757
Epoch 22
Loss = 1.3626e-02, PNorm = 81.3283, GNorm = 0.0367, lr_0 = 1.8773e-04
Loss = 2.0404e-02, PNorm = 81.3487, GNorm = 0.0544, lr_0 = 1.8592e-04
Loss = 1.6587e-02, PNorm = 81.3652, GNorm = 0.2189, lr_0 = 1.8413e-04
Loss = 1.8269e-02, PNorm = 81.3811, GNorm = 0.1184, lr_0 = 1.8236e-04
Loss = 2.0803e-02, PNorm = 81.4024, GNorm = 0.2690, lr_0 = 1.8060e-04
Loss = 1.6909e-02, PNorm = 81.4165, GNorm = 0.2415, lr_0 = 1.7886e-04
Loss = 1.8957e-02, PNorm = 81.4362, GNorm = 0.3619, lr_0 = 1.7714e-04
Loss = 1.2115e-02, PNorm = 81.4542, GNorm = 0.0378, lr_0 = 1.7544e-04
Validation auc = 0.850643
Epoch 23
Loss = 3.0273e-02, PNorm = 81.4740, GNorm = 0.2768, lr_0 = 1.7358e-04
Loss = 1.7546e-02, PNorm = 81.4910, GNorm = 0.0038, lr_0 = 1.7191e-04
Loss = 1.3205e-02, PNorm = 81.5059, GNorm = 0.1436, lr_0 = 1.7025e-04
Loss = 1.7859e-02, PNorm = 81.5174, GNorm = 0.1982, lr_0 = 1.6861e-04
Loss = 9.6744e-03, PNorm = 81.5406, GNorm = 0.2633, lr_0 = 1.6699e-04
Loss = 1.0353e-02, PNorm = 81.5532, GNorm = 0.0333, lr_0 = 1.6538e-04
Loss = 1.7464e-02, PNorm = 81.5650, GNorm = 0.2747, lr_0 = 1.6379e-04
Loss = 1.5274e-02, PNorm = 81.5836, GNorm = 0.0347, lr_0 = 1.6221e-04
Loss = 2.4317e-02, PNorm = 81.5932, GNorm = 0.3359, lr_0 = 1.6065e-04
Validation auc = 0.859106
Epoch 24
Loss = 1.0414e-02, PNorm = 81.6082, GNorm = 0.2837, lr_0 = 1.5910e-04
Loss = 1.6131e-02, PNorm = 81.6229, GNorm = 0.1790, lr_0 = 1.5757e-04
Loss = 2.5481e-02, PNorm = 81.6324, GNorm = 0.8201, lr_0 = 1.5605e-04
Loss = 1.6524e-02, PNorm = 81.6541, GNorm = 0.0248, lr_0 = 1.5455e-04
Loss = 2.0439e-02, PNorm = 81.6682, GNorm = 0.3594, lr_0 = 1.5306e-04
Loss = 2.2116e-02, PNorm = 81.6689, GNorm = 0.2936, lr_0 = 1.5159e-04
Loss = 9.9381e-03, PNorm = 81.6944, GNorm = 0.0727, lr_0 = 1.5013e-04
Loss = 1.6347e-02, PNorm = 81.7102, GNorm = 0.0341, lr_0 = 1.4869e-04
Loss = 1.2345e-02, PNorm = 81.7227, GNorm = 0.1498, lr_0 = 1.4725e-04
Validation auc = 0.867012
Epoch 25
Loss = 1.8520e-02, PNorm = 81.7323, GNorm = 0.0881, lr_0 = 1.4584e-04
Loss = 2.0970e-02, PNorm = 81.7316, GNorm = 0.0319, lr_0 = 1.4443e-04
Loss = 1.4845e-02, PNorm = 81.7485, GNorm = 0.0704, lr_0 = 1.4304e-04
Loss = 2.6175e-02, PNorm = 81.7750, GNorm = 0.2995, lr_0 = 1.4166e-04
Loss = 9.6054e-03, PNorm = 81.7916, GNorm = 0.0230, lr_0 = 1.4030e-04
Loss = 1.1453e-02, PNorm = 81.7992, GNorm = 0.1274, lr_0 = 1.3895e-04
Loss = 1.7357e-02, PNorm = 81.8027, GNorm = 0.0320, lr_0 = 1.3761e-04
Loss = 1.7411e-02, PNorm = 81.8161, GNorm = 0.0761, lr_0 = 1.3629e-04
Validation auc = 0.868053
Epoch 26
Loss = 1.5099e-02, PNorm = 81.8246, GNorm = 0.1186, lr_0 = 1.3484e-04
Loss = 2.1247e-02, PNorm = 81.8384, GNorm = 0.1556, lr_0 = 1.3355e-04
Loss = 8.6317e-03, PNorm = 81.8518, GNorm = 0.1233, lr_0 = 1.3226e-04
Loss = 6.3976e-03, PNorm = 81.8617, GNorm = 0.0056, lr_0 = 1.3099e-04
Loss = 1.2889e-02, PNorm = 81.8698, GNorm = 0.0695, lr_0 = 1.2973e-04
Loss = 2.1246e-02, PNorm = 81.8714, GNorm = 0.0938, lr_0 = 1.2848e-04
Loss = 1.4460e-02, PNorm = 81.8877, GNorm = 0.3309, lr_0 = 1.2724e-04
Loss = 1.2406e-02, PNorm = 81.9122, GNorm = 0.9154, lr_0 = 1.2601e-04
Loss = 3.2518e-02, PNorm = 81.9098, GNorm = 0.2161, lr_0 = 1.2480e-04
Validation auc = 0.881124
Epoch 27
Loss = 9.2743e-03, PNorm = 81.9161, GNorm = 0.0686, lr_0 = 1.2360e-04
Loss = 2.6583e-02, PNorm = 81.9324, GNorm = 0.3200, lr_0 = 1.2241e-04
Loss = 1.1748e-02, PNorm = 81.9445, GNorm = 0.3620, lr_0 = 1.2123e-04
Loss = 1.0094e-02, PNorm = 81.9549, GNorm = 0.1101, lr_0 = 1.2006e-04
Loss = 5.1716e-03, PNorm = 81.9660, GNorm = 0.0524, lr_0 = 1.1891e-04
Loss = 1.9313e-02, PNorm = 81.9765, GNorm = 0.1877, lr_0 = 1.1776e-04
Loss = 1.2890e-02, PNorm = 81.9925, GNorm = 0.0425, lr_0 = 1.1663e-04
Loss = 2.5688e-02, PNorm = 81.9998, GNorm = 0.3399, lr_0 = 1.1551e-04
Validation auc = 0.868523
Epoch 28
Loss = 2.7109e-02, PNorm = 82.0068, GNorm = 0.1455, lr_0 = 1.1428e-04
Loss = 2.0043e-02, PNorm = 82.0135, GNorm = 0.3218, lr_0 = 1.1318e-04
Loss = 1.0720e-02, PNorm = 82.0213, GNorm = 0.1199, lr_0 = 1.1209e-04
Loss = 1.2607e-02, PNorm = 82.0302, GNorm = 0.1453, lr_0 = 1.1101e-04
Loss = 5.3751e-03, PNorm = 82.0430, GNorm = 0.1138, lr_0 = 1.0995e-04
Loss = 1.1065e-02, PNorm = 82.0522, GNorm = 0.2383, lr_0 = 1.0889e-04
Loss = 6.6637e-03, PNorm = 82.0606, GNorm = 0.1940, lr_0 = 1.0784e-04
Loss = 1.3132e-02, PNorm = 82.0682, GNorm = 0.0130, lr_0 = 1.0680e-04
Loss = 7.2638e-03, PNorm = 82.0758, GNorm = 0.2964, lr_0 = 1.0577e-04
Validation auc = 0.847422
Epoch 29
Loss = 1.2771e-02, PNorm = 82.0891, GNorm = 0.0346, lr_0 = 1.0475e-04
Loss = 3.0354e-03, PNorm = 82.0980, GNorm = 0.0085, lr_0 = 1.0374e-04
Loss = 1.1194e-02, PNorm = 82.1040, GNorm = 0.6700, lr_0 = 1.0275e-04
Loss = 1.8705e-02, PNorm = 82.1069, GNorm = 0.2055, lr_0 = 1.0176e-04
Loss = 1.1308e-02, PNorm = 82.1170, GNorm = 0.4078, lr_0 = 1.0078e-04
Loss = 1.1976e-02, PNorm = 82.1271, GNorm = 0.2716, lr_0 = 1.0000e-04
Loss = 1.1863e-02, PNorm = 82.1410, GNorm = 0.5442, lr_0 = 1.0000e-04
Loss = 4.9452e-03, PNorm = 82.1517, GNorm = 0.1243, lr_0 = 1.0000e-04
Validation auc = 0.832392
Model 0 best validation auc = 0.918567 on epoch 14
Loading pretrained parameter "encoder.encoder.0.cached_zero_vector".
Loading pretrained parameter "encoder.encoder.0.W_i.weight".
Loading pretrained parameter "encoder.encoder.0.W_h.weight".
Loading pretrained parameter "encoder.encoder.0.W_o.weight".
Loading pretrained parameter "encoder.encoder.0.W_o.bias".
Loading pretrained parameter "ffn.1.weight".
Loading pretrained parameter "ffn.1.bias".
Loading pretrained parameter "ffn.4.weight".
Loading pretrained parameter "ffn.4.bias".
Moving model to cuda
Model 0 test auc = 0.839658
Ensemble test auc = 0.839658
3-fold cross validation
	Seed 0 ==> test auc = 0.769219
	Seed 1 ==> test auc = 0.848238
	Seed 2 ==> test auc = 0.839658
Overall test auc = 0.819038 +/- 0.035401
Elapsed time = 0:26:28
