Command line
python /home/jackievaleri8/.conda/envs/chemprop/bin/chemprop_train --init_lr 0.0001 --dropout 0.25 --hidden_size 1000 --ffn_num_layers 1 --depth 3 --save_dir round3finalval08162021_models/108 --data_path round3finalval08162021_TRAIN.csv --dataset_type classification --features_path round3finalval08162021_TRAINFTS.npz --no_features_scaling --num_folds 3 --ensemble_size 1 --split_type scaffold_balanced --split_sizes 0.8 0.1 0.1 --smiles_columns SMILES --ignore_columns Name --gpu 0
Args
{'activation': 'ReLU',
 'aggregation': 'mean',
 'aggregation_norm': 100,
 'atom_descriptor_scaling': True,
 'atom_descriptors': None,
 'atom_descriptors_path': None,
 'atom_descriptors_size': 0,
 'atom_features_size': 0,
 'atom_messages': False,
 'batch_size': 50,
 'bias': False,
 'bond_feature_scaling': True,
 'bond_features_path': None,
 'bond_features_size': 0,
 'cache_cutoff': 10000,
 'checkpoint_dir': None,
 'checkpoint_path': None,
 'checkpoint_paths': None,
 'class_balance': False,
 'config_path': None,
 'crossval_index_dir': None,
 'crossval_index_file': None,
 'crossval_index_sets': None,
 'cuda': True,
 'data_path': 'round3finalval08162021_TRAIN.csv',
 'dataset_type': 'classification',
 'depth': 3,
 'device': device(type='cuda', index=0),
 'dropout': 0.25,
 'empty_cache': False,
 'ensemble_size': 1,
 'epochs': 30,
 'explicit_h': False,
 'extra_metrics': [],
 'features_generator': None,
 'features_only': False,
 'features_path': ['round3finalval08162021_TRAINFTS.npz'],
 'features_scaling': False,
 'features_size': None,
 'ffn_hidden_size': 1000,
 'ffn_num_layers': 1,
 'final_lr': 0.0001,
 'folds_file': None,
 'gpu': 0,
 'grad_clip': None,
 'hidden_size': 1000,
 'ignore_columns': ['Name'],
 'init_lr': 0.0001,
 'log_frequency': 10,
 'max_data_size': None,
 'max_lr': 0.001,
 'metric': 'auc',
 'metrics': ['auc'],
 'minimize_score': False,
 'mpn_shared': False,
 'multiclass_num_classes': 3,
 'no_atom_descriptor_scaling': False,
 'no_bond_features_scaling': False,
 'no_cache_mol': False,
 'no_cuda': False,
 'no_features_scaling': True,
 'num_folds': 3,
 'num_lrs': 1,
 'num_tasks': 2,
 'num_workers': 8,
 'number_of_molecules': 1,
 'overwrite_default_atom_features': False,
 'overwrite_default_bond_features': False,
 'pytorch_seed': 0,
 'quiet': False,
 'reaction': False,
 'reaction_mode': 'reac_diff',
 'resume_experiment': False,
 'save_dir': 'round3finalval08162021_models/108',
 'save_preds': False,
 'save_smiles_splits': False,
 'seed': 0,
 'separate_test_atom_descriptors_path': None,
 'separate_test_bond_features_path': None,
 'separate_test_features_path': None,
 'separate_test_path': None,
 'separate_val_atom_descriptors_path': None,
 'separate_val_bond_features_path': None,
 'separate_val_features_path': None,
 'separate_val_path': None,
 'show_individual_scores': False,
 'smiles_columns': ['SMILES'],
 'split_sizes': (0.8, 0.1, 0.1),
 'split_type': 'scaffold_balanced',
 'target_columns': None,
 'task_names': ['hit_inh', 'hit_kill'],
 'test': False,
 'test_fold_index': None,
 'train_data_size': None,
 'undirected': False,
 'use_input_features': True,
 'val_fold_index': None,
 'warmup_epochs': 2.0}
Loading data
Warning: 23 SMILES are invalid.
Number of tasks = 2
Fold 0
Splitting data with seed 0
Total scaffolds = 3,467 | train scaffolds = 2,650 | val scaffolds = 433 | test scaffolds = 384
Label averages per scaffold, in decreasing order of scaffold frequency,capped at 10 scaffolds and 20 labels:
Scaffold 0
Task 0: count = 381 | target average = 0.018373
Task 1: count = 381 | target average = 0.013123


Scaffold 1
Task 0: count = 305 | target average = 0.009836
Task 1: count = 305 | target average = 0.016393


Scaffold 2
Task 0: count = 36 | target average = 0.000000
Task 1: count = 36 | target average = 0.000000


Scaffold 3
Task 0: count = 29 | target average = 0.000000
Task 1: count = 29 | target average = 0.000000


Scaffold 4
Task 0: count = 26 | target average = 0.000000
Task 1: count = 26 | target average = 0.000000


Scaffold 5
Task 0: count = 23 | target average = 0.000000
Task 1: count = 23 | target average = 0.000000


Scaffold 6
Task 0: count = 22 | target average = 0.090909
Task 1: count = 22 | target average = 0.090909


Scaffold 7
Task 0: count = 20 | target average = 0.000000
Task 1: count = 20 | target average = 0.000000


Scaffold 8
Task 0: count = 20 | target average = 0.000000
Task 1: count = 20 | target average = 0.000000


Scaffold 9
Task 0: count = 20 | target average = 0.050000
Task 1: count = 20 | target average = 0.000000


Class sizes
hit_inh 0: 97.83%, 1: 2.17%
hit_kill 0: 98.64%, 1: 1.36%
Total size = 5,353 | train size = 4,282 | val size = 535 | test size = 536
Building model 0
MoleculeModel(
  (sigmoid): Sigmoid()
  (encoder): MPN(
    (encoder): ModuleList(
      (0): MPNEncoder(
        (dropout_layer): Dropout(p=0.25, inplace=False)
        (act_func): ReLU()
        (W_i): Linear(in_features=147, out_features=1000, bias=False)
        (W_h): Linear(in_features=1000, out_features=1000, bias=False)
        (W_o): Linear(in_features=1133, out_features=1000, bias=True)
      )
    )
  )
  (ffn): Sequential(
    (0): Dropout(p=0.25, inplace=False)
    (1): Linear(in_features=1200, out_features=2, bias=True)
  )
)
Number of parameters = 2,283,402
Moving model to cuda
Epoch 0
Loss = 3.3146e-01, PNorm = 48.2128, GNorm = 0.9440, lr_0 = 1.5824e-04
Loss = 1.1524e-01, PNorm = 48.2297, GNorm = 0.5602, lr_0 = 2.1118e-04
Loss = 1.0188e-01, PNorm = 48.2366, GNorm = 0.6950, lr_0 = 2.6412e-04
Loss = 1.1117e-01, PNorm = 48.2412, GNorm = 0.2404, lr_0 = 3.1706e-04
Loss = 9.8911e-02, PNorm = 48.2510, GNorm = 0.4467, lr_0 = 3.7000e-04
Loss = 6.1639e-02, PNorm = 48.2609, GNorm = 0.2176, lr_0 = 4.2294e-04
Loss = 7.2766e-02, PNorm = 48.2687, GNorm = 0.2624, lr_0 = 4.7588e-04
Loss = 6.7711e-02, PNorm = 48.2782, GNorm = 0.1602, lr_0 = 5.2882e-04
Validation auc = 0.441947
Epoch 1
Loss = 4.0267e-02, PNorm = 48.3010, GNorm = 0.1328, lr_0 = 5.8706e-04
Loss = 1.0127e-01, PNorm = 48.3124, GNorm = 0.2775, lr_0 = 6.4000e-04
Loss = 9.0263e-02, PNorm = 48.3408, GNorm = 0.1694, lr_0 = 6.9294e-04
Loss = 1.0248e-01, PNorm = 48.3614, GNorm = 0.2835, lr_0 = 7.4588e-04
Loss = 9.3691e-02, PNorm = 48.3972, GNorm = 0.2146, lr_0 = 7.9882e-04
Loss = 6.8674e-02, PNorm = 48.4454, GNorm = 0.1630, lr_0 = 8.5176e-04
Loss = 9.8893e-02, PNorm = 48.4797, GNorm = 0.1662, lr_0 = 9.0471e-04
Loss = 1.0215e-01, PNorm = 48.5259, GNorm = 0.1786, lr_0 = 9.5765e-04
Loss = 1.0962e-01, PNorm = 48.5893, GNorm = 0.1789, lr_0 = 9.9807e-04
Validation auc = 0.770315
Epoch 2
Loss = 7.5844e-02, PNorm = 48.6642, GNorm = 0.0844, lr_0 = 9.8846e-04
Loss = 6.7400e-02, PNorm = 48.7289, GNorm = 0.1566, lr_0 = 9.7894e-04
Loss = 7.8003e-02, PNorm = 48.8021, GNorm = 0.1615, lr_0 = 9.6952e-04
Loss = 8.6780e-02, PNorm = 48.8802, GNorm = 0.5910, lr_0 = 9.6018e-04
Loss = 7.5422e-02, PNorm = 48.9677, GNorm = 0.1772, lr_0 = 9.5094e-04
Loss = 9.4863e-02, PNorm = 49.0305, GNorm = 0.1895, lr_0 = 9.4178e-04
Loss = 1.3448e-01, PNorm = 49.1391, GNorm = 0.4715, lr_0 = 9.3271e-04
Loss = 6.3932e-02, PNorm = 49.2419, GNorm = 0.2798, lr_0 = 9.2373e-04
Validation auc = 0.836883
Epoch 3
Loss = 8.0067e-02, PNorm = 49.3546, GNorm = 0.4009, lr_0 = 9.1395e-04
Loss = 1.0459e-01, PNorm = 49.4791, GNorm = 0.1518, lr_0 = 9.0515e-04
Loss = 8.4262e-02, PNorm = 49.6031, GNorm = 0.4022, lr_0 = 8.9644e-04
Loss = 8.0866e-02, PNorm = 49.7354, GNorm = 0.1224, lr_0 = 8.8781e-04
Loss = 7.8529e-02, PNorm = 49.8584, GNorm = 0.2965, lr_0 = 8.7926e-04
Loss = 8.3599e-02, PNorm = 49.9430, GNorm = 0.1559, lr_0 = 8.7080e-04
Loss = 5.3996e-02, PNorm = 50.0391, GNorm = 0.1083, lr_0 = 8.6241e-04
Loss = 7.2849e-02, PNorm = 50.1029, GNorm = 0.1478, lr_0 = 8.5411e-04
Loss = 8.7218e-02, PNorm = 50.1868, GNorm = 0.1490, lr_0 = 8.4588e-04
Validation auc = 0.855330
Epoch 4
Loss = 6.3300e-02, PNorm = 50.2860, GNorm = 0.1321, lr_0 = 8.3774e-04
Loss = 5.8553e-02, PNorm = 50.3837, GNorm = 0.1911, lr_0 = 8.2967e-04
Loss = 8.9371e-02, PNorm = 50.4782, GNorm = 0.1836, lr_0 = 8.2169e-04
Loss = 8.9792e-02, PNorm = 50.5833, GNorm = 0.3710, lr_0 = 8.1377e-04
Loss = 1.0062e-01, PNorm = 50.6255, GNorm = 0.1606, lr_0 = 8.0594e-04
Loss = 5.5652e-02, PNorm = 50.7078, GNorm = 0.0845, lr_0 = 7.9818e-04
Loss = 6.4263e-02, PNorm = 50.7884, GNorm = 0.1128, lr_0 = 7.9050e-04
Loss = 6.4979e-02, PNorm = 50.8798, GNorm = 0.0844, lr_0 = 7.8288e-04
Validation auc = 0.906889
Epoch 5
Loss = 6.1082e-02, PNorm = 50.9698, GNorm = 0.1328, lr_0 = 7.7535e-04
Loss = 5.2798e-02, PNorm = 51.0529, GNorm = 0.1650, lr_0 = 7.6788e-04
Loss = 1.1261e-01, PNorm = 51.1270, GNorm = 0.3440, lr_0 = 7.6049e-04
Loss = 8.8037e-02, PNorm = 51.2728, GNorm = 0.2241, lr_0 = 7.5317e-04
Loss = 5.3768e-02, PNorm = 51.4123, GNorm = 0.1702, lr_0 = 7.4591e-04
Loss = 6.2507e-02, PNorm = 51.5128, GNorm = 0.3016, lr_0 = 7.3873e-04
Loss = 8.8315e-02, PNorm = 51.5799, GNorm = 0.2265, lr_0 = 7.3162e-04
Loss = 4.0829e-02, PNorm = 51.6369, GNorm = 0.0589, lr_0 = 7.2458e-04
Loss = 7.9548e-02, PNorm = 51.6862, GNorm = 0.2228, lr_0 = 7.1760e-04
Validation auc = 0.915771
Epoch 6
Loss = 4.1851e-02, PNorm = 51.8017, GNorm = 0.3443, lr_0 = 7.1000e-04
Loss = 7.4188e-02, PNorm = 51.8479, GNorm = 0.1207, lr_0 = 7.0317e-04
Loss = 6.1068e-02, PNorm = 51.9414, GNorm = 0.1016, lr_0 = 6.9640e-04
Loss = 5.7120e-02, PNorm = 51.9919, GNorm = 0.1188, lr_0 = 6.8969e-04
Loss = 6.1829e-02, PNorm = 52.0528, GNorm = 0.1184, lr_0 = 6.8305e-04
Loss = 8.0822e-02, PNorm = 52.1039, GNorm = 0.2035, lr_0 = 6.7648e-04
Loss = 6.7015e-02, PNorm = 52.1650, GNorm = 0.1726, lr_0 = 6.6996e-04
Loss = 7.1460e-02, PNorm = 52.2367, GNorm = 0.3087, lr_0 = 6.6351e-04
Validation auc = 0.936635
Epoch 7
Loss = 7.2602e-02, PNorm = 52.3406, GNorm = 0.2969, lr_0 = 6.5712e-04
Loss = 7.3173e-02, PNorm = 52.4190, GNorm = 0.3427, lr_0 = 6.5080e-04
Loss = 6.4767e-02, PNorm = 52.5218, GNorm = 0.1043, lr_0 = 6.4453e-04
Loss = 4.8109e-02, PNorm = 52.6075, GNorm = 0.1075, lr_0 = 6.3833e-04
Loss = 4.8146e-02, PNorm = 52.6725, GNorm = 0.2323, lr_0 = 6.3218e-04
Loss = 7.3402e-02, PNorm = 52.7255, GNorm = 0.2381, lr_0 = 6.2609e-04
Loss = 4.0462e-02, PNorm = 52.8086, GNorm = 0.2000, lr_0 = 6.2006e-04
Loss = 4.7170e-02, PNorm = 52.8684, GNorm = 0.1484, lr_0 = 6.1409e-04
Loss = 6.9643e-02, PNorm = 52.9294, GNorm = 0.2799, lr_0 = 6.0818e-04
Validation auc = 0.956002
Epoch 8
Loss = 3.9782e-02, PNorm = 52.9665, GNorm = 0.0966, lr_0 = 6.0233e-04
Loss = 6.2014e-02, PNorm = 53.0335, GNorm = 0.2522, lr_0 = 5.9653e-04
Loss = 6.0302e-02, PNorm = 53.1056, GNorm = 0.0918, lr_0 = 5.9078e-04
Loss = 4.7544e-02, PNorm = 53.1833, GNorm = 0.1551, lr_0 = 5.8510e-04
Loss = 6.3564e-02, PNorm = 53.2313, GNorm = 0.1887, lr_0 = 5.7946e-04
Loss = 5.4441e-02, PNorm = 53.2975, GNorm = 0.0706, lr_0 = 5.7388e-04
Loss = 3.4725e-02, PNorm = 53.3582, GNorm = 0.1127, lr_0 = 5.6836e-04
Loss = 8.4863e-02, PNorm = 53.4012, GNorm = 0.3610, lr_0 = 5.6289e-04
Loss = 7.5822e-02, PNorm = 53.4652, GNorm = 0.2777, lr_0 = 5.5747e-04
Loss = 1.3531e-02, PNorm = 53.4697, GNorm = 0.1294, lr_0 = 5.5693e-04
Validation auc = 0.943107
Epoch 9
Loss = 6.3997e-02, PNorm = 53.5489, GNorm = 0.2693, lr_0 = 5.5156e-04
Loss = 4.0977e-02, PNorm = 53.6474, GNorm = 0.0686, lr_0 = 5.4625e-04
Loss = 3.7187e-02, PNorm = 53.6920, GNorm = 0.0876, lr_0 = 5.4100e-04
Loss = 4.3183e-02, PNorm = 53.7230, GNorm = 0.3289, lr_0 = 5.3579e-04
Loss = 4.4979e-02, PNorm = 53.7724, GNorm = 0.1617, lr_0 = 5.3063e-04
Loss = 6.3446e-02, PNorm = 53.8034, GNorm = 0.1649, lr_0 = 5.2552e-04
Loss = 6.1401e-02, PNorm = 53.8896, GNorm = 0.1879, lr_0 = 5.2046e-04
Loss = 6.5158e-02, PNorm = 53.9299, GNorm = 0.2882, lr_0 = 5.1545e-04
Validation auc = 0.946982
Epoch 10
Loss = 4.9921e-02, PNorm = 53.9709, GNorm = 0.5596, lr_0 = 5.1049e-04
Loss = 4.7799e-02, PNorm = 54.0190, GNorm = 0.2345, lr_0 = 5.0557e-04
Loss = 6.0633e-02, PNorm = 54.0577, GNorm = 0.2341, lr_0 = 5.0070e-04
Loss = 5.0280e-02, PNorm = 54.1062, GNorm = 0.2735, lr_0 = 4.9588e-04
Loss = 4.4888e-02, PNorm = 54.1649, GNorm = 0.1563, lr_0 = 4.9111e-04
Loss = 4.8672e-02, PNorm = 54.2281, GNorm = 0.1843, lr_0 = 4.8638e-04
Loss = 7.7640e-02, PNorm = 54.2839, GNorm = 0.3741, lr_0 = 4.8170e-04
Loss = 3.4970e-02, PNorm = 54.3567, GNorm = 0.1529, lr_0 = 4.7706e-04
Loss = 5.1208e-02, PNorm = 54.4001, GNorm = 0.1269, lr_0 = 4.7247e-04
Validation auc = 0.960866
Epoch 11
Loss = 3.8061e-02, PNorm = 54.4728, GNorm = 0.1635, lr_0 = 4.6792e-04
Loss = 6.4672e-02, PNorm = 54.5218, GNorm = 0.2928, lr_0 = 4.6341e-04
Loss = 5.0940e-02, PNorm = 54.5739, GNorm = 0.3203, lr_0 = 4.5895e-04
Loss = 4.7006e-02, PNorm = 54.6119, GNorm = 0.0854, lr_0 = 4.5453e-04
Loss = 5.1913e-02, PNorm = 54.6642, GNorm = 0.1775, lr_0 = 4.5015e-04
Loss = 5.5696e-02, PNorm = 54.7248, GNorm = 0.2574, lr_0 = 4.4582e-04
Loss = 5.7337e-02, PNorm = 54.7747, GNorm = 0.0723, lr_0 = 4.4153e-04
Loss = 3.5445e-02, PNorm = 54.8174, GNorm = 0.1858, lr_0 = 4.3728e-04
Validation auc = 0.948111
Epoch 12
Loss = 2.5266e-02, PNorm = 54.8580, GNorm = 0.0655, lr_0 = 4.3265e-04
Loss = 4.9530e-02, PNorm = 54.8974, GNorm = 0.4684, lr_0 = 4.2848e-04
Loss = 4.7299e-02, PNorm = 54.9522, GNorm = 0.2233, lr_0 = 4.2436e-04
Loss = 5.8780e-02, PNorm = 55.0156, GNorm = 0.1263, lr_0 = 4.2027e-04
Loss = 2.3288e-02, PNorm = 55.0754, GNorm = 0.0729, lr_0 = 4.1622e-04
Loss = 4.6614e-02, PNorm = 55.1084, GNorm = 0.1881, lr_0 = 4.1222e-04
Loss = 5.0719e-02, PNorm = 55.1505, GNorm = 0.1902, lr_0 = 4.0825e-04
Loss = 6.0851e-02, PNorm = 55.1949, GNorm = 0.1146, lr_0 = 4.0432e-04
Loss = 4.9965e-02, PNorm = 55.2212, GNorm = 0.2119, lr_0 = 4.0042e-04
Validation auc = 0.962769
Epoch 13
Loss = 3.7106e-02, PNorm = 55.2616, GNorm = 0.1252, lr_0 = 3.9657e-04
Loss = 6.2432e-02, PNorm = 55.2983, GNorm = 0.1562, lr_0 = 3.9275e-04
Loss = 5.0123e-02, PNorm = 55.3555, GNorm = 0.1652, lr_0 = 3.8897e-04
Loss = 1.3372e-02, PNorm = 55.4286, GNorm = 0.0354, lr_0 = 3.8522e-04
Loss = 7.2970e-02, PNorm = 55.4390, GNorm = 0.2267, lr_0 = 3.8152e-04
Loss = 3.7088e-02, PNorm = 55.4931, GNorm = 0.1781, lr_0 = 3.7784e-04
Loss = 6.0627e-02, PNorm = 55.5199, GNorm = 0.3576, lr_0 = 3.7420e-04
Loss = 4.9017e-02, PNorm = 55.5522, GNorm = 0.2207, lr_0 = 3.7060e-04
Validation auc = 0.962263
Epoch 14
Loss = 4.2998e-02, PNorm = 55.6026, GNorm = 0.2269, lr_0 = 3.6668e-04
Loss = 5.0747e-02, PNorm = 55.6349, GNorm = 0.2289, lr_0 = 3.6315e-04
Loss = 4.0184e-02, PNorm = 55.6785, GNorm = 0.3308, lr_0 = 3.5965e-04
Loss = 4.4501e-02, PNorm = 55.7183, GNorm = 0.3264, lr_0 = 3.5619e-04
Loss = 2.2700e-02, PNorm = 55.7439, GNorm = 0.0978, lr_0 = 3.5276e-04
Loss = 3.8330e-02, PNorm = 55.7767, GNorm = 0.2563, lr_0 = 3.4936e-04
Loss = 6.9259e-02, PNorm = 55.7899, GNorm = 0.3459, lr_0 = 3.4600e-04
Loss = 3.3776e-02, PNorm = 55.8451, GNorm = 0.1333, lr_0 = 3.4267e-04
Loss = 5.3206e-02, PNorm = 55.8805, GNorm = 0.1343, lr_0 = 3.3937e-04
Validation auc = 0.965649
Epoch 15
Loss = 4.6432e-02, PNorm = 55.9170, GNorm = 0.3116, lr_0 = 3.3610e-04
Loss = 3.1188e-02, PNorm = 55.9736, GNorm = 0.1758, lr_0 = 3.3287e-04
Loss = 3.9289e-02, PNorm = 55.9998, GNorm = 0.1543, lr_0 = 3.2966e-04
Loss = 4.6387e-02, PNorm = 56.0125, GNorm = 0.2436, lr_0 = 3.2649e-04
Loss = 4.6383e-02, PNorm = 56.0538, GNorm = 0.1928, lr_0 = 3.2334e-04
Loss = 2.6283e-02, PNorm = 56.0898, GNorm = 0.1781, lr_0 = 3.2023e-04
Loss = 4.3092e-02, PNorm = 56.1145, GNorm = 0.1571, lr_0 = 3.1715e-04
Loss = 5.4294e-02, PNorm = 56.1499, GNorm = 0.1877, lr_0 = 3.1409e-04
Loss = 4.5219e-02, PNorm = 56.1909, GNorm = 0.2086, lr_0 = 3.1107e-04
Validation auc = 0.966548
Epoch 16
Loss = 4.0857e-02, PNorm = 56.2311, GNorm = 0.2132, lr_0 = 3.0807e-04
Loss = 5.4349e-02, PNorm = 56.2599, GNorm = 0.1504, lr_0 = 3.0511e-04
Loss = 1.9911e-02, PNorm = 56.2956, GNorm = 0.0862, lr_0 = 3.0217e-04
Loss = 4.5249e-02, PNorm = 56.3042, GNorm = 0.3892, lr_0 = 2.9926e-04
Loss = 3.3118e-02, PNorm = 56.3255, GNorm = 0.0827, lr_0 = 2.9638e-04
Loss = 4.6424e-02, PNorm = 56.3604, GNorm = 0.2464, lr_0 = 2.9353e-04
Loss = 3.2751e-02, PNorm = 56.3998, GNorm = 0.1131, lr_0 = 2.9070e-04
Loss = 2.4750e-02, PNorm = 56.4303, GNorm = 0.1284, lr_0 = 2.8790e-04
Validation auc = 0.955981
Epoch 17
Loss = 2.0664e-02, PNorm = 56.4559, GNorm = 0.1130, lr_0 = 2.8485e-04
Loss = 4.3530e-02, PNorm = 56.4925, GNorm = 0.3690, lr_0 = 2.8211e-04
Loss = 3.1805e-02, PNorm = 56.5189, GNorm = 0.2371, lr_0 = 2.7939e-04
Loss = 4.2819e-02, PNorm = 56.5540, GNorm = 0.1036, lr_0 = 2.7670e-04
Loss = 3.1152e-02, PNorm = 56.5759, GNorm = 0.2034, lr_0 = 2.7404e-04
Loss = 4.3669e-02, PNorm = 56.5948, GNorm = 0.1683, lr_0 = 2.7140e-04
Loss = 5.2459e-02, PNorm = 56.6221, GNorm = 0.2018, lr_0 = 2.6879e-04
Loss = 2.3904e-02, PNorm = 56.6631, GNorm = 0.1624, lr_0 = 2.6620e-04
Loss = 3.0296e-02, PNorm = 56.6835, GNorm = 0.3052, lr_0 = 2.6364e-04
Validation auc = 0.967990
Epoch 18
Loss = 4.6834e-02, PNorm = 56.6811, GNorm = 0.3890, lr_0 = 2.6110e-04
Loss = 3.6110e-02, PNorm = 56.7202, GNorm = 0.2243, lr_0 = 2.5859e-04
Loss = 4.0488e-02, PNorm = 56.7464, GNorm = 0.2722, lr_0 = 2.5610e-04
Loss = 1.1945e-02, PNorm = 56.7727, GNorm = 0.1075, lr_0 = 2.5363e-04
Loss = 2.8238e-02, PNorm = 56.7953, GNorm = 0.4023, lr_0 = 2.5119e-04
Loss = 4.6263e-02, PNorm = 56.8062, GNorm = 0.0879, lr_0 = 2.4877e-04
Loss = 3.8653e-02, PNorm = 56.8408, GNorm = 0.2002, lr_0 = 2.4638e-04
Loss = 4.3840e-02, PNorm = 56.8637, GNorm = 0.1553, lr_0 = 2.4400e-04
Validation auc = 0.962524
Epoch 19
Loss = 3.2834e-02, PNorm = 56.8844, GNorm = 0.1897, lr_0 = 2.4165e-04
Loss = 3.4695e-02, PNorm = 56.9170, GNorm = 0.0701, lr_0 = 2.3933e-04
Loss = 2.5392e-02, PNorm = 56.9411, GNorm = 0.0572, lr_0 = 2.3702e-04
Loss = 3.8672e-02, PNorm = 56.9511, GNorm = 0.2351, lr_0 = 2.3474e-04
Loss = 4.0050e-02, PNorm = 56.9744, GNorm = 0.1742, lr_0 = 2.3248e-04
Loss = 3.6118e-02, PNorm = 57.0067, GNorm = 0.2034, lr_0 = 2.3024e-04
Loss = 4.2946e-02, PNorm = 57.0289, GNorm = 0.3407, lr_0 = 2.2803e-04
Loss = 2.5839e-02, PNorm = 57.0539, GNorm = 0.1022, lr_0 = 2.2583e-04
Loss = 3.3941e-02, PNorm = 57.0773, GNorm = 0.1436, lr_0 = 2.2366e-04
Validation auc = 0.967905
Epoch 20
Loss = 2.4830e-02, PNorm = 57.0971, GNorm = 0.1905, lr_0 = 2.2129e-04
Loss = 3.7105e-02, PNorm = 57.1105, GNorm = 0.1313, lr_0 = 2.1916e-04
Loss = 2.3806e-02, PNorm = 57.1407, GNorm = 0.1811, lr_0 = 2.1705e-04
Loss = 3.1694e-02, PNorm = 57.1639, GNorm = 0.3528, lr_0 = 2.1496e-04
Loss = 1.9434e-02, PNorm = 57.1774, GNorm = 0.0963, lr_0 = 2.1289e-04
Loss = 2.6684e-02, PNorm = 57.2004, GNorm = 0.0837, lr_0 = 2.1084e-04
Loss = 4.7234e-02, PNorm = 57.2205, GNorm = 0.2204, lr_0 = 2.0881e-04
Loss = 5.4631e-02, PNorm = 57.2314, GNorm = 0.2935, lr_0 = 2.0680e-04
Validation auc = 0.956472
Epoch 21
Loss = 4.2879e-02, PNorm = 57.2608, GNorm = 0.1328, lr_0 = 2.0481e-04
Loss = 3.3065e-02, PNorm = 57.2870, GNorm = 0.0821, lr_0 = 2.0283e-04
Loss = 2.8556e-02, PNorm = 57.3048, GNorm = 0.2082, lr_0 = 2.0088e-04
Loss = 2.3147e-02, PNorm = 57.3289, GNorm = 0.1569, lr_0 = 1.9895e-04
Loss = 2.9287e-02, PNorm = 57.3531, GNorm = 0.1344, lr_0 = 1.9703e-04
Loss = 2.9527e-02, PNorm = 57.3686, GNorm = 0.0474, lr_0 = 1.9514e-04
Loss = 4.2023e-02, PNorm = 57.3798, GNorm = 0.6120, lr_0 = 1.9326e-04
Loss = 3.6796e-02, PNorm = 57.3973, GNorm = 0.2684, lr_0 = 1.9140e-04
Loss = 2.8834e-02, PNorm = 57.4316, GNorm = 0.1160, lr_0 = 1.8955e-04
Validation auc = 0.964669
Epoch 22
Loss = 2.8965e-02, PNorm = 57.4385, GNorm = 0.1235, lr_0 = 1.8773e-04
Loss = 2.9017e-02, PNorm = 57.4579, GNorm = 0.1291, lr_0 = 1.8592e-04
Loss = 2.9981e-02, PNorm = 57.4788, GNorm = 0.0814, lr_0 = 1.8413e-04
Loss = 3.3261e-02, PNorm = 57.4952, GNorm = 0.1374, lr_0 = 1.8236e-04
Loss = 3.6284e-02, PNorm = 57.5146, GNorm = 0.4434, lr_0 = 1.8060e-04
Loss = 3.8584e-02, PNorm = 57.5402, GNorm = 0.1868, lr_0 = 1.7886e-04
Loss = 1.9292e-02, PNorm = 57.5585, GNorm = 0.0536, lr_0 = 1.7714e-04
Loss = 3.1479e-02, PNorm = 57.5702, GNorm = 0.2701, lr_0 = 1.7544e-04
Validation auc = 0.962960
Epoch 23
Loss = 5.8500e-02, PNorm = 57.5883, GNorm = 0.2045, lr_0 = 1.7358e-04
Loss = 2.1750e-02, PNorm = 57.6108, GNorm = 0.1690, lr_0 = 1.7191e-04
Loss = 3.2095e-02, PNorm = 57.6252, GNorm = 0.1428, lr_0 = 1.7025e-04
Loss = 2.2656e-02, PNorm = 57.6370, GNorm = 0.1323, lr_0 = 1.6861e-04
Loss = 3.1331e-02, PNorm = 57.6561, GNorm = 0.2346, lr_0 = 1.6699e-04
Loss = 2.7358e-02, PNorm = 57.6665, GNorm = 0.0797, lr_0 = 1.6538e-04
Loss = 3.0362e-02, PNorm = 57.6863, GNorm = 0.0557, lr_0 = 1.6379e-04
Loss = 3.3720e-02, PNorm = 57.6939, GNorm = 0.3012, lr_0 = 1.6221e-04
Loss = 2.9844e-02, PNorm = 57.7113, GNorm = 0.2117, lr_0 = 1.6065e-04
Validation auc = 0.963527
Epoch 24
Loss = 2.5760e-02, PNorm = 57.7328, GNorm = 0.3714, lr_0 = 1.5910e-04
Loss = 2.5646e-02, PNorm = 57.7529, GNorm = 0.0604, lr_0 = 1.5757e-04
Loss = 2.0333e-02, PNorm = 57.7634, GNorm = 0.1521, lr_0 = 1.5605e-04
Loss = 2.5621e-02, PNorm = 57.7847, GNorm = 0.1304, lr_0 = 1.5455e-04
Loss = 4.1507e-02, PNorm = 57.7922, GNorm = 0.1482, lr_0 = 1.5306e-04
Loss = 3.8876e-02, PNorm = 57.8000, GNorm = 0.5556, lr_0 = 1.5159e-04
Loss = 3.3629e-02, PNorm = 57.8307, GNorm = 0.2482, lr_0 = 1.5013e-04
Loss = 2.4718e-02, PNorm = 57.8517, GNorm = 0.0391, lr_0 = 1.4869e-04
Loss = 3.7661e-02, PNorm = 57.8531, GNorm = 0.1224, lr_0 = 1.4725e-04
Validation auc = 0.970607
Epoch 25
Loss = 2.2174e-02, PNorm = 57.8627, GNorm = 0.2572, lr_0 = 1.4584e-04
Loss = 2.9504e-02, PNorm = 57.8830, GNorm = 0.1643, lr_0 = 1.4443e-04
Loss = 1.6008e-02, PNorm = 57.9076, GNorm = 0.0935, lr_0 = 1.4304e-04
Loss = 2.7534e-02, PNorm = 57.9240, GNorm = 0.1635, lr_0 = 1.4166e-04
Loss = 2.5351e-02, PNorm = 57.9394, GNorm = 0.5850, lr_0 = 1.4030e-04
Loss = 1.9206e-02, PNorm = 57.9419, GNorm = 0.0868, lr_0 = 1.3895e-04
Loss = 3.1174e-02, PNorm = 57.9453, GNorm = 0.2713, lr_0 = 1.3761e-04
Loss = 4.0314e-02, PNorm = 57.9555, GNorm = 0.3211, lr_0 = 1.3629e-04
Validation auc = 0.961063
Epoch 26
Loss = 2.1859e-02, PNorm = 57.9720, GNorm = 0.1805, lr_0 = 1.3484e-04
Loss = 2.4452e-02, PNorm = 57.9899, GNorm = 0.2992, lr_0 = 1.3355e-04
Loss = 3.4967e-02, PNorm = 58.0039, GNorm = 0.1527, lr_0 = 1.3226e-04
Loss = 3.6646e-02, PNorm = 58.0210, GNorm = 0.0729, lr_0 = 1.3099e-04
Loss = 3.9336e-02, PNorm = 58.0330, GNorm = 0.1082, lr_0 = 1.2973e-04
Loss = 2.4814e-02, PNorm = 58.0399, GNorm = 0.5143, lr_0 = 1.2848e-04
Loss = 2.4943e-02, PNorm = 58.0504, GNorm = 0.2055, lr_0 = 1.2724e-04
Loss = 2.5496e-02, PNorm = 58.0634, GNorm = 0.2170, lr_0 = 1.2601e-04
Loss = 1.2547e-02, PNorm = 58.0742, GNorm = 0.1524, lr_0 = 1.2480e-04
Validation auc = 0.965352
Epoch 27
Loss = 1.2720e-02, PNorm = 58.0797, GNorm = 0.0872, lr_0 = 1.2360e-04
Loss = 2.7449e-02, PNorm = 58.0896, GNorm = 0.3530, lr_0 = 1.2241e-04
Loss = 2.4509e-02, PNorm = 58.1054, GNorm = 0.2488, lr_0 = 1.2123e-04
Loss = 3.1002e-02, PNorm = 58.1192, GNorm = 0.5504, lr_0 = 1.2006e-04
Loss = 2.9870e-02, PNorm = 58.1299, GNorm = 0.3330, lr_0 = 1.1891e-04
Loss = 2.2001e-02, PNorm = 58.1412, GNorm = 0.1921, lr_0 = 1.1776e-04
Loss = 2.0393e-02, PNorm = 58.1561, GNorm = 0.0930, lr_0 = 1.1663e-04
Loss = 3.3582e-02, PNorm = 58.1601, GNorm = 0.6320, lr_0 = 1.1551e-04
Validation auc = 0.965337
Epoch 28
Loss = 3.1348e-02, PNorm = 58.1641, GNorm = 0.1916, lr_0 = 1.1428e-04
Loss = 2.7543e-02, PNorm = 58.1807, GNorm = 0.3860, lr_0 = 1.1318e-04
Loss = 2.0115e-02, PNorm = 58.1935, GNorm = 0.0489, lr_0 = 1.1209e-04
Loss = 3.9604e-02, PNorm = 58.1928, GNorm = 0.1187, lr_0 = 1.1101e-04
Loss = 1.3758e-02, PNorm = 58.2089, GNorm = 0.1194, lr_0 = 1.0995e-04
Loss = 2.0213e-02, PNorm = 58.2233, GNorm = 0.0193, lr_0 = 1.0889e-04
Loss = 2.5536e-02, PNorm = 58.2279, GNorm = 0.1132, lr_0 = 1.0784e-04
Loss = 1.5387e-02, PNorm = 58.2368, GNorm = 0.1667, lr_0 = 1.0680e-04
Loss = 4.8404e-02, PNorm = 58.2357, GNorm = 0.1860, lr_0 = 1.0577e-04
Validation auc = 0.965152
Epoch 29
Loss = 2.5957e-02, PNorm = 58.2472, GNorm = 0.2239, lr_0 = 1.0475e-04
Loss = 1.5552e-02, PNorm = 58.2645, GNorm = 0.0964, lr_0 = 1.0374e-04
Loss = 2.3730e-02, PNorm = 58.2720, GNorm = 0.0437, lr_0 = 1.0275e-04
Loss = 2.6505e-02, PNorm = 58.2755, GNorm = 0.2929, lr_0 = 1.0176e-04
Loss = 2.2255e-02, PNorm = 58.2891, GNorm = 0.3432, lr_0 = 1.0078e-04
Loss = 2.5285e-02, PNorm = 58.2993, GNorm = 0.2230, lr_0 = 1.0000e-04
Loss = 2.4993e-02, PNorm = 58.3043, GNorm = 0.0500, lr_0 = 1.0000e-04
Loss = 3.3030e-02, PNorm = 58.3058, GNorm = 0.2728, lr_0 = 1.0000e-04
Validation auc = 0.962921
Model 0 best validation auc = 0.970607 on epoch 24
Loading pretrained parameter "encoder.encoder.0.cached_zero_vector".
Loading pretrained parameter "encoder.encoder.0.W_i.weight".
Loading pretrained parameter "encoder.encoder.0.W_h.weight".
Loading pretrained parameter "encoder.encoder.0.W_o.weight".
Loading pretrained parameter "encoder.encoder.0.W_o.bias".
Loading pretrained parameter "ffn.1.weight".
Loading pretrained parameter "ffn.1.bias".
Moving model to cuda
Model 0 test auc = 0.778045
Ensemble test auc = 0.778045
Fold 1
Splitting data with seed 1
Total scaffolds = 3,467 | train scaffolds = 2,658 | val scaffolds = 399 | test scaffolds = 410
Label averages per scaffold, in decreasing order of scaffold frequency,capped at 10 scaffolds and 20 labels:
Scaffold 0
Task 0: count = 381 | target average = 0.018373
Task 1: count = 381 | target average = 0.013123


Scaffold 1
Task 0: count = 305 | target average = 0.009836
Task 1: count = 305 | target average = 0.016393


Scaffold 2
Task 0: count = 36 | target average = 0.000000
Task 1: count = 36 | target average = 0.000000


Scaffold 3
Task 0: count = 29 | target average = 0.000000
Task 1: count = 29 | target average = 0.000000


Scaffold 4
Task 0: count = 26 | target average = 0.000000
Task 1: count = 26 | target average = 0.000000


Scaffold 5
Task 0: count = 23 | target average = 0.000000
Task 1: count = 23 | target average = 0.000000


Scaffold 6
Task 0: count = 22 | target average = 0.090909
Task 1: count = 22 | target average = 0.090909


Scaffold 7
Task 0: count = 20 | target average = 0.050000
Task 1: count = 20 | target average = 0.000000


Scaffold 8
Task 0: count = 20 | target average = 0.000000
Task 1: count = 20 | target average = 0.000000


Scaffold 9
Task 0: count = 20 | target average = 0.000000
Task 1: count = 20 | target average = 0.000000


Class sizes
hit_inh 0: 97.83%, 1: 2.17%
hit_kill 0: 98.64%, 1: 1.36%
Total size = 5,353 | train size = 4,282 | val size = 535 | test size = 536
Building model 0
MoleculeModel(
  (sigmoid): Sigmoid()
  (encoder): MPN(
    (encoder): ModuleList(
      (0): MPNEncoder(
        (dropout_layer): Dropout(p=0.25, inplace=False)
        (act_func): ReLU()
        (W_i): Linear(in_features=147, out_features=1000, bias=False)
        (W_h): Linear(in_features=1000, out_features=1000, bias=False)
        (W_o): Linear(in_features=1133, out_features=1000, bias=True)
      )
    )
  )
  (ffn): Sequential(
    (0): Dropout(p=0.25, inplace=False)
    (1): Linear(in_features=1200, out_features=2, bias=True)
  )
)
Number of parameters = 2,283,402
Moving model to cuda
Epoch 0
Loss = 3.0438e-01, PNorm = 48.2130, GNorm = 0.1895, lr_0 = 1.5824e-04
Loss = 1.1237e-01, PNorm = 48.2308, GNorm = 0.5671, lr_0 = 2.1118e-04
Loss = 8.5721e-02, PNorm = 48.2384, GNorm = 0.7366, lr_0 = 2.6412e-04
Loss = 8.0017e-02, PNorm = 48.2427, GNorm = 0.2656, lr_0 = 3.1706e-04
Loss = 8.7668e-02, PNorm = 48.2499, GNorm = 0.1236, lr_0 = 3.7000e-04
Loss = 1.1576e-01, PNorm = 48.2557, GNorm = 0.2367, lr_0 = 4.2294e-04
Loss = 1.0837e-01, PNorm = 48.2696, GNorm = 0.1681, lr_0 = 4.7588e-04
Loss = 1.0782e-01, PNorm = 48.2780, GNorm = 0.1487, lr_0 = 5.2882e-04
Validation auc = 0.546682
Epoch 1
Loss = 5.3943e-02, PNorm = 48.3012, GNorm = 0.2614, lr_0 = 5.8706e-04
Loss = 1.0887e-01, PNorm = 48.3171, GNorm = 0.1850, lr_0 = 6.4000e-04
Loss = 1.1279e-01, PNorm = 48.3466, GNorm = 0.2173, lr_0 = 6.9294e-04
Loss = 8.9524e-02, PNorm = 48.3840, GNorm = 0.1463, lr_0 = 7.4588e-04
Loss = 7.1197e-02, PNorm = 48.4131, GNorm = 0.2189, lr_0 = 7.9882e-04
Loss = 6.8016e-02, PNorm = 48.4428, GNorm = 0.1123, lr_0 = 8.5176e-04
Loss = 8.5640e-02, PNorm = 48.4714, GNorm = 0.2664, lr_0 = 9.0471e-04
Loss = 9.3438e-02, PNorm = 48.5123, GNorm = 0.1685, lr_0 = 9.5765e-04
Loss = 1.2281e-01, PNorm = 48.5644, GNorm = 0.3257, lr_0 = 9.9807e-04
Validation auc = 0.765226
Epoch 2
Loss = 8.5283e-02, PNorm = 48.6507, GNorm = 0.0565, lr_0 = 9.8846e-04
Loss = 1.0554e-01, PNorm = 48.7322, GNorm = 0.2451, lr_0 = 9.7894e-04
Loss = 8.9652e-02, PNorm = 48.8307, GNorm = 0.1604, lr_0 = 9.6952e-04
Loss = 9.0419e-02, PNorm = 48.8946, GNorm = 0.1444, lr_0 = 9.6018e-04
Loss = 5.3375e-02, PNorm = 48.9942, GNorm = 0.1428, lr_0 = 9.5094e-04
Loss = 7.9118e-02, PNorm = 49.0336, GNorm = 0.1295, lr_0 = 9.4178e-04
Loss = 9.3408e-02, PNorm = 49.1012, GNorm = 0.1586, lr_0 = 9.3271e-04
Loss = 8.3787e-02, PNorm = 49.1784, GNorm = 0.2880, lr_0 = 9.2373e-04
Validation auc = 0.836157
Epoch 3
Loss = 1.1801e-01, PNorm = 49.2822, GNorm = 0.2454, lr_0 = 9.1395e-04
Loss = 9.9281e-02, PNorm = 49.3889, GNorm = 0.2300, lr_0 = 9.0515e-04
Loss = 5.7138e-02, PNorm = 49.4893, GNorm = 0.1681, lr_0 = 8.9644e-04
Loss = 7.9862e-02, PNorm = 49.5585, GNorm = 0.3365, lr_0 = 8.8781e-04
Loss = 7.6377e-02, PNorm = 49.6235, GNorm = 0.1156, lr_0 = 8.7926e-04
Loss = 8.0817e-02, PNorm = 49.7255, GNorm = 0.2021, lr_0 = 8.7080e-04
Loss = 7.9808e-02, PNorm = 49.8130, GNorm = 0.2174, lr_0 = 8.6241e-04
Loss = 1.1533e-01, PNorm = 49.9006, GNorm = 0.1655, lr_0 = 8.5411e-04
Loss = 7.1406e-02, PNorm = 50.0187, GNorm = 0.1537, lr_0 = 8.4588e-04
Validation auc = 0.743273
Epoch 4
Loss = 4.8299e-02, PNorm = 50.1175, GNorm = 0.0900, lr_0 = 8.3774e-04
Loss = 7.7209e-02, PNorm = 50.1996, GNorm = 0.3944, lr_0 = 8.2967e-04
Loss = 1.0174e-01, PNorm = 50.3070, GNorm = 0.1303, lr_0 = 8.2169e-04
Loss = 7.3757e-02, PNorm = 50.3911, GNorm = 0.2481, lr_0 = 8.1377e-04
Loss = 9.7373e-02, PNorm = 50.4481, GNorm = 0.1884, lr_0 = 8.0594e-04
Loss = 6.2398e-02, PNorm = 50.5674, GNorm = 0.2397, lr_0 = 7.9818e-04
Loss = 9.4731e-02, PNorm = 50.6296, GNorm = 0.1407, lr_0 = 7.9050e-04
Loss = 9.2136e-02, PNorm = 50.7056, GNorm = 0.1829, lr_0 = 7.8288e-04
Validation auc = 0.850506
Epoch 5
Loss = 6.0688e-02, PNorm = 50.7976, GNorm = 0.1986, lr_0 = 7.7535e-04
Loss = 7.2774e-02, PNorm = 50.8463, GNorm = 0.1319, lr_0 = 7.6788e-04
Loss = 6.1033e-02, PNorm = 50.9519, GNorm = 0.1323, lr_0 = 7.6049e-04
Loss = 5.6787e-02, PNorm = 51.0288, GNorm = 0.2693, lr_0 = 7.5317e-04
Loss = 8.0871e-02, PNorm = 51.0594, GNorm = 0.1228, lr_0 = 7.4591e-04
Loss = 7.9660e-02, PNorm = 51.1597, GNorm = 0.3227, lr_0 = 7.3873e-04
Loss = 8.9297e-02, PNorm = 51.2383, GNorm = 0.3072, lr_0 = 7.3162e-04
Loss = 7.0151e-02, PNorm = 51.3275, GNorm = 0.1264, lr_0 = 7.2458e-04
Loss = 7.9530e-02, PNorm = 51.3637, GNorm = 0.1434, lr_0 = 7.1760e-04
Validation auc = 0.797034
Epoch 6
Loss = 7.8642e-02, PNorm = 51.4534, GNorm = 0.1744, lr_0 = 7.1000e-04
Loss = 8.8509e-02, PNorm = 51.5562, GNorm = 0.2797, lr_0 = 7.0317e-04
Loss = 5.3485e-02, PNorm = 51.6383, GNorm = 0.1863, lr_0 = 6.9640e-04
Loss = 4.7495e-02, PNorm = 51.7017, GNorm = 0.2512, lr_0 = 6.8969e-04
Loss = 5.6873e-02, PNorm = 51.7680, GNorm = 0.0668, lr_0 = 6.8305e-04
Loss = 6.9348e-02, PNorm = 51.8151, GNorm = 0.1306, lr_0 = 6.7648e-04
Loss = 6.6428e-02, PNorm = 51.8984, GNorm = 0.3537, lr_0 = 6.6996e-04
Loss = 1.0125e-01, PNorm = 51.9486, GNorm = 0.2105, lr_0 = 6.6351e-04
Validation auc = 0.787541
Epoch 7
Loss = 2.8044e-02, PNorm = 52.0434, GNorm = 0.1127, lr_0 = 6.5712e-04
Loss = 5.0904e-02, PNorm = 52.1554, GNorm = 0.0989, lr_0 = 6.5080e-04
Loss = 9.0258e-02, PNorm = 52.1901, GNorm = 0.4736, lr_0 = 6.4453e-04
Loss = 9.7585e-02, PNorm = 52.2558, GNorm = 0.2058, lr_0 = 6.3833e-04
Loss = 6.9332e-02, PNorm = 52.3438, GNorm = 0.2323, lr_0 = 6.3218e-04
Loss = 5.5504e-02, PNorm = 52.4383, GNorm = 0.3945, lr_0 = 6.2609e-04
Loss = 5.7137e-02, PNorm = 52.5195, GNorm = 0.1232, lr_0 = 6.2006e-04
Loss = 5.8747e-02, PNorm = 52.5914, GNorm = 0.3382, lr_0 = 6.1409e-04
Loss = 6.1934e-02, PNorm = 52.6253, GNorm = 0.2119, lr_0 = 6.0818e-04
Validation auc = 0.855707
Epoch 8
Loss = 3.8070e-02, PNorm = 52.7080, GNorm = 0.0647, lr_0 = 6.0233e-04
Loss = 6.3190e-02, PNorm = 52.7735, GNorm = 0.1904, lr_0 = 5.9653e-04
Loss = 6.1050e-02, PNorm = 52.8449, GNorm = 0.1061, lr_0 = 5.9078e-04
Loss = 5.5177e-02, PNorm = 52.8947, GNorm = 0.1176, lr_0 = 5.8510e-04
Loss = 4.3702e-02, PNorm = 52.9600, GNorm = 0.1087, lr_0 = 5.7946e-04
Loss = 6.5066e-02, PNorm = 53.0076, GNorm = 0.1632, lr_0 = 5.7388e-04
Loss = 5.7124e-02, PNorm = 53.0653, GNorm = 0.1865, lr_0 = 5.6836e-04
Loss = 7.0294e-02, PNorm = 53.1250, GNorm = 0.1314, lr_0 = 5.6289e-04
Loss = 9.8781e-02, PNorm = 53.1490, GNorm = 0.3410, lr_0 = 5.5747e-04
Loss = 1.9530e-02, PNorm = 53.1511, GNorm = 0.1806, lr_0 = 5.5693e-04
Validation auc = 0.798402
Epoch 9
Loss = 3.7938e-02, PNorm = 53.2196, GNorm = 0.1580, lr_0 = 5.5156e-04
Loss = 6.3287e-02, PNorm = 53.2864, GNorm = 0.1837, lr_0 = 5.4625e-04
Loss = 7.3630e-02, PNorm = 53.3489, GNorm = 0.1401, lr_0 = 5.4100e-04
Loss = 6.3913e-02, PNorm = 53.3945, GNorm = 0.4171, lr_0 = 5.3579e-04
Loss = 6.4695e-02, PNorm = 53.4299, GNorm = 0.1390, lr_0 = 5.3063e-04
Loss = 4.7082e-02, PNorm = 53.4914, GNorm = 0.0975, lr_0 = 5.2552e-04
Loss = 5.1481e-02, PNorm = 53.5438, GNorm = 0.1120, lr_0 = 5.2046e-04
Loss = 7.3292e-02, PNorm = 53.5994, GNorm = 0.1367, lr_0 = 5.1545e-04
Validation auc = 0.866813
Epoch 10
Loss = 3.2780e-02, PNorm = 53.6578, GNorm = 0.1531, lr_0 = 5.1049e-04
Loss = 3.8355e-02, PNorm = 53.7273, GNorm = 0.0748, lr_0 = 5.0557e-04
Loss = 3.4944e-02, PNorm = 53.7923, GNorm = 0.1650, lr_0 = 5.0070e-04
Loss = 7.4265e-02, PNorm = 53.8464, GNorm = 0.2013, lr_0 = 4.9588e-04
Loss = 6.6219e-02, PNorm = 53.8828, GNorm = 0.3480, lr_0 = 4.9111e-04
Loss = 7.8533e-02, PNorm = 53.9362, GNorm = 0.2790, lr_0 = 4.8638e-04
Loss = 4.5746e-02, PNorm = 54.0030, GNorm = 0.1686, lr_0 = 4.8170e-04
Loss = 5.7103e-02, PNorm = 54.0463, GNorm = 0.1463, lr_0 = 4.7706e-04
Loss = 6.4005e-02, PNorm = 54.0886, GNorm = 0.1362, lr_0 = 4.7247e-04
Validation auc = 0.832588
Epoch 11
Loss = 4.4479e-02, PNorm = 54.1367, GNorm = 0.0461, lr_0 = 4.6792e-04
Loss = 2.1795e-02, PNorm = 54.1889, GNorm = 0.2445, lr_0 = 4.6341e-04
Loss = 4.2527e-02, PNorm = 54.2287, GNorm = 0.1344, lr_0 = 4.5895e-04
Loss = 6.9507e-02, PNorm = 54.2706, GNorm = 0.1317, lr_0 = 4.5453e-04
Loss = 5.8126e-02, PNorm = 54.3393, GNorm = 0.1312, lr_0 = 4.5015e-04
Loss = 4.0412e-02, PNorm = 54.3885, GNorm = 0.0787, lr_0 = 4.4582e-04
Loss = 7.8084e-02, PNorm = 54.4376, GNorm = 0.2554, lr_0 = 4.4153e-04
Loss = 3.8223e-02, PNorm = 54.5098, GNorm = 0.1768, lr_0 = 4.3728e-04
Validation auc = 0.868346
Epoch 12
Loss = 3.2053e-02, PNorm = 54.5600, GNorm = 0.2780, lr_0 = 4.3265e-04
Loss = 3.7941e-02, PNorm = 54.6598, GNorm = 0.2405, lr_0 = 4.2848e-04
Loss = 4.5767e-02, PNorm = 54.7055, GNorm = 0.3361, lr_0 = 4.2436e-04
Loss = 2.6363e-02, PNorm = 54.7451, GNorm = 0.1007, lr_0 = 4.2027e-04
Loss = 5.5198e-02, PNorm = 54.7874, GNorm = 0.2557, lr_0 = 4.1622e-04
Loss = 5.0363e-02, PNorm = 54.8425, GNorm = 0.1882, lr_0 = 4.1222e-04
Loss = 9.0852e-02, PNorm = 54.8864, GNorm = 0.4302, lr_0 = 4.0825e-04
Loss = 5.3893e-02, PNorm = 54.9651, GNorm = 0.1682, lr_0 = 4.0432e-04
Loss = 6.0361e-02, PNorm = 55.0023, GNorm = 0.4029, lr_0 = 4.0042e-04
Validation auc = 0.822054
Epoch 13
Loss = 4.4756e-02, PNorm = 55.0371, GNorm = 0.2966, lr_0 = 3.9657e-04
Loss = 3.2984e-02, PNorm = 55.0919, GNorm = 0.0425, lr_0 = 3.9275e-04
Loss = 4.3955e-02, PNorm = 55.1332, GNorm = 0.2120, lr_0 = 3.8897e-04
Loss = 4.2329e-02, PNorm = 55.1816, GNorm = 0.1996, lr_0 = 3.8522e-04
Loss = 4.7814e-02, PNorm = 55.2200, GNorm = 0.1436, lr_0 = 3.8152e-04
Loss = 4.6626e-02, PNorm = 55.2555, GNorm = 0.1593, lr_0 = 3.7784e-04
Loss = 6.5927e-02, PNorm = 55.2874, GNorm = 0.2289, lr_0 = 3.7420e-04
Loss = 4.7743e-02, PNorm = 55.3230, GNorm = 0.1225, lr_0 = 3.7060e-04
Validation auc = 0.859673
Epoch 14
Loss = 3.3227e-02, PNorm = 55.3730, GNorm = 0.1319, lr_0 = 3.6668e-04
Loss = 3.5329e-02, PNorm = 55.4279, GNorm = 0.1704, lr_0 = 3.6315e-04
Loss = 7.0310e-02, PNorm = 55.4720, GNorm = 0.2138, lr_0 = 3.5965e-04
Loss = 2.8408e-02, PNorm = 55.5539, GNorm = 0.1827, lr_0 = 3.5619e-04
Loss = 3.6661e-02, PNorm = 55.5940, GNorm = 0.1535, lr_0 = 3.5276e-04
Loss = 3.0371e-02, PNorm = 55.6412, GNorm = 0.1620, lr_0 = 3.4936e-04
Loss = 7.5846e-02, PNorm = 55.6668, GNorm = 0.1892, lr_0 = 3.4600e-04
Loss = 5.0520e-02, PNorm = 55.7022, GNorm = 0.2594, lr_0 = 3.4267e-04
Loss = 3.4717e-02, PNorm = 55.7435, GNorm = 0.1601, lr_0 = 3.3937e-04
Validation auc = 0.881727
Epoch 15
Loss = 6.3887e-02, PNorm = 55.7696, GNorm = 0.1660, lr_0 = 3.3610e-04
Loss = 2.9838e-02, PNorm = 55.8067, GNorm = 0.1119, lr_0 = 3.3287e-04
Loss = 4.8759e-02, PNorm = 55.8262, GNorm = 0.1887, lr_0 = 3.2966e-04
Loss = 4.2142e-02, PNorm = 55.8460, GNorm = 0.1590, lr_0 = 3.2649e-04
Loss = 2.8393e-02, PNorm = 55.8887, GNorm = 0.1983, lr_0 = 3.2334e-04
Loss = 4.3238e-02, PNorm = 55.9205, GNorm = 0.0630, lr_0 = 3.2023e-04
Loss = 4.7766e-02, PNorm = 55.9455, GNorm = 0.1983, lr_0 = 3.1715e-04
Loss = 4.2602e-02, PNorm = 55.9836, GNorm = 0.2005, lr_0 = 3.1409e-04
Loss = 4.1758e-02, PNorm = 56.0341, GNorm = 0.1052, lr_0 = 3.1107e-04
Validation auc = 0.884025
Epoch 16
Loss = 4.8895e-02, PNorm = 56.0712, GNorm = 0.1440, lr_0 = 3.0807e-04
Loss = 2.8864e-02, PNorm = 56.1090, GNorm = 0.0874, lr_0 = 3.0511e-04
Loss = 5.1358e-02, PNorm = 56.1333, GNorm = 0.2054, lr_0 = 3.0217e-04
Loss = 3.7314e-02, PNorm = 56.1731, GNorm = 0.1434, lr_0 = 2.9926e-04
Loss = 4.7550e-02, PNorm = 56.1905, GNorm = 0.1368, lr_0 = 2.9638e-04
Loss = 5.9693e-02, PNorm = 56.2273, GNorm = 0.1742, lr_0 = 2.9353e-04
Loss = 3.5120e-02, PNorm = 56.2780, GNorm = 0.5159, lr_0 = 2.9070e-04
Loss = 1.8573e-02, PNorm = 56.3076, GNorm = 0.2429, lr_0 = 2.8790e-04
Validation auc = 0.889231
Epoch 17
Loss = 3.3784e-02, PNorm = 56.3405, GNorm = 0.0745, lr_0 = 2.8485e-04
Loss = 4.9095e-02, PNorm = 56.3631, GNorm = 0.3140, lr_0 = 2.8211e-04
Loss = 4.4800e-02, PNorm = 56.3951, GNorm = 0.1413, lr_0 = 2.7939e-04
Loss = 4.5060e-02, PNorm = 56.4260, GNorm = 0.1923, lr_0 = 2.7670e-04
Loss = 3.1281e-02, PNorm = 56.4609, GNorm = 0.1680, lr_0 = 2.7404e-04
Loss = 3.0235e-02, PNorm = 56.4813, GNorm = 0.1436, lr_0 = 2.7140e-04
Loss = 4.1788e-02, PNorm = 56.5073, GNorm = 0.4715, lr_0 = 2.6879e-04
Loss = 3.3023e-02, PNorm = 56.5410, GNorm = 0.1688, lr_0 = 2.6620e-04
Loss = 4.6332e-02, PNorm = 56.5596, GNorm = 0.2767, lr_0 = 2.6364e-04
Validation auc = 0.883841
Epoch 18
Loss = 2.6734e-02, PNorm = 56.5946, GNorm = 0.0633, lr_0 = 2.6110e-04
Loss = 4.5329e-02, PNorm = 56.6166, GNorm = 0.3318, lr_0 = 2.5859e-04
Loss = 5.6657e-02, PNorm = 56.6482, GNorm = 0.2274, lr_0 = 2.5610e-04
Loss = 3.7466e-02, PNorm = 56.6916, GNorm = 0.4826, lr_0 = 2.5363e-04
Loss = 5.3634e-02, PNorm = 56.7084, GNorm = 0.3857, lr_0 = 2.5119e-04
Loss = 3.3391e-02, PNorm = 56.7540, GNorm = 0.0654, lr_0 = 2.4877e-04
Loss = 3.4170e-02, PNorm = 56.7733, GNorm = 0.1384, lr_0 = 2.4638e-04
Loss = 2.7772e-02, PNorm = 56.7938, GNorm = 0.3382, lr_0 = 2.4400e-04
Validation auc = 0.868833
Epoch 19
Loss = 3.0017e-02, PNorm = 56.8212, GNorm = 0.1871, lr_0 = 2.4165e-04
Loss = 3.6162e-02, PNorm = 56.8466, GNorm = 0.2519, lr_0 = 2.3933e-04
Loss = 3.2978e-02, PNorm = 56.8594, GNorm = 0.0970, lr_0 = 2.3702e-04
Loss = 2.7642e-02, PNorm = 56.8881, GNorm = 0.2030, lr_0 = 2.3474e-04
Loss = 2.3251e-02, PNorm = 56.9191, GNorm = 0.2146, lr_0 = 2.3248e-04
Loss = 6.2366e-02, PNorm = 56.9266, GNorm = 0.1557, lr_0 = 2.3024e-04
Loss = 5.1176e-02, PNorm = 56.9530, GNorm = 0.6237, lr_0 = 2.2803e-04
Loss = 2.8719e-02, PNorm = 56.9899, GNorm = 0.3028, lr_0 = 2.2583e-04
Loss = 3.0200e-02, PNorm = 57.0058, GNorm = 0.0824, lr_0 = 2.2366e-04
Validation auc = 0.875162
Epoch 20
Loss = 3.0397e-02, PNorm = 57.0329, GNorm = 0.3320, lr_0 = 2.2129e-04
Loss = 3.3504e-02, PNorm = 57.0611, GNorm = 0.0784, lr_0 = 2.1916e-04
Loss = 4.2474e-02, PNorm = 57.0801, GNorm = 0.2044, lr_0 = 2.1705e-04
Loss = 2.0630e-02, PNorm = 57.1062, GNorm = 0.1520, lr_0 = 2.1496e-04
Loss = 4.2428e-02, PNorm = 57.1215, GNorm = 0.1584, lr_0 = 2.1289e-04
Loss = 3.9139e-02, PNorm = 57.1373, GNorm = 0.1615, lr_0 = 2.1084e-04
Loss = 2.4926e-02, PNorm = 57.1672, GNorm = 0.2127, lr_0 = 2.0881e-04
Loss = 3.0636e-02, PNorm = 57.1861, GNorm = 0.4785, lr_0 = 2.0680e-04
Validation auc = 0.878406
Epoch 21
Loss = 3.3720e-02, PNorm = 57.1887, GNorm = 0.2920, lr_0 = 2.0481e-04
Loss = 2.7262e-02, PNorm = 57.2293, GNorm = 0.2685, lr_0 = 2.0283e-04
Loss = 2.6664e-02, PNorm = 57.2469, GNorm = 0.0817, lr_0 = 2.0088e-04
Loss = 4.6764e-02, PNorm = 57.2525, GNorm = 0.1931, lr_0 = 1.9895e-04
Loss = 3.4574e-02, PNorm = 57.2781, GNorm = 0.1245, lr_0 = 1.9703e-04
Loss = 3.9704e-02, PNorm = 57.3009, GNorm = 0.1156, lr_0 = 1.9514e-04
Loss = 4.0961e-02, PNorm = 57.3238, GNorm = 0.1169, lr_0 = 1.9326e-04
Loss = 2.1668e-02, PNorm = 57.3460, GNorm = 0.1546, lr_0 = 1.9140e-04
Loss = 3.6114e-02, PNorm = 57.3642, GNorm = 0.6034, lr_0 = 1.8955e-04
Validation auc = 0.894318
Epoch 22
Loss = 1.0311e-02, PNorm = 57.3817, GNorm = 0.1675, lr_0 = 1.8773e-04
Loss = 4.4416e-02, PNorm = 57.3902, GNorm = 0.1621, lr_0 = 1.8592e-04
Loss = 1.7128e-02, PNorm = 57.4162, GNorm = 0.0983, lr_0 = 1.8413e-04
Loss = 2.4684e-02, PNorm = 57.4338, GNorm = 0.2052, lr_0 = 1.8236e-04
Loss = 4.1048e-02, PNorm = 57.4345, GNorm = 0.2334, lr_0 = 1.8060e-04
Loss = 2.9244e-02, PNorm = 57.4610, GNorm = 0.2285, lr_0 = 1.7886e-04
Loss = 5.3473e-02, PNorm = 57.4931, GNorm = 0.3729, lr_0 = 1.7714e-04
Loss = 4.3780e-02, PNorm = 57.4956, GNorm = 0.1817, lr_0 = 1.7544e-04
Validation auc = 0.885895
Epoch 23
Loss = 5.3795e-02, PNorm = 57.5331, GNorm = 0.2840, lr_0 = 1.7358e-04
Loss = 2.5080e-02, PNorm = 57.5586, GNorm = 0.2759, lr_0 = 1.7191e-04
Loss = 4.9710e-02, PNorm = 57.5626, GNorm = 0.1296, lr_0 = 1.7025e-04
Loss = 1.9091e-02, PNorm = 57.5868, GNorm = 0.1404, lr_0 = 1.6861e-04
Loss = 2.5341e-02, PNorm = 57.6043, GNorm = 0.0737, lr_0 = 1.6699e-04
Loss = 2.4785e-02, PNorm = 57.6225, GNorm = 0.3447, lr_0 = 1.6538e-04
Loss = 1.8859e-02, PNorm = 57.6387, GNorm = 0.2618, lr_0 = 1.6379e-04
Loss = 2.5680e-02, PNorm = 57.6476, GNorm = 0.1931, lr_0 = 1.6221e-04
Loss = 4.3366e-02, PNorm = 57.6623, GNorm = 0.1544, lr_0 = 1.6065e-04
Validation auc = 0.884457
Epoch 24
Loss = 4.8640e-02, PNorm = 57.6664, GNorm = 0.1964, lr_0 = 1.5910e-04
Loss = 2.2028e-02, PNorm = 57.6938, GNorm = 0.0962, lr_0 = 1.5757e-04
Loss = 4.0458e-02, PNorm = 57.7074, GNorm = 0.3295, lr_0 = 1.5605e-04
Loss = 2.3904e-02, PNorm = 57.7213, GNorm = 0.0976, lr_0 = 1.5455e-04
Loss = 3.0130e-02, PNorm = 57.7347, GNorm = 0.0647, lr_0 = 1.5306e-04
Loss = 1.7531e-02, PNorm = 57.7507, GNorm = 0.0978, lr_0 = 1.5159e-04
Loss = 3.2615e-02, PNorm = 57.7655, GNorm = 0.1898, lr_0 = 1.5013e-04
Loss = 2.9582e-02, PNorm = 57.7736, GNorm = 0.1515, lr_0 = 1.4869e-04
Loss = 2.5110e-02, PNorm = 57.7986, GNorm = 0.0631, lr_0 = 1.4725e-04
Validation auc = 0.870548
Epoch 25
Loss = 3.6384e-02, PNorm = 57.8135, GNorm = 0.2954, lr_0 = 1.4584e-04
Loss = 1.8262e-02, PNorm = 57.8338, GNorm = 0.1523, lr_0 = 1.4443e-04
Loss = 2.6029e-02, PNorm = 57.8496, GNorm = 0.4674, lr_0 = 1.4304e-04
Loss = 3.6845e-02, PNorm = 57.8572, GNorm = 0.2138, lr_0 = 1.4166e-04
Loss = 2.3152e-02, PNorm = 57.8817, GNorm = 0.1915, lr_0 = 1.4030e-04
Loss = 2.7148e-02, PNorm = 57.8916, GNorm = 0.1732, lr_0 = 1.3895e-04
Loss = 1.9879e-02, PNorm = 57.9044, GNorm = 0.0417, lr_0 = 1.3761e-04
Loss = 2.7129e-02, PNorm = 57.9122, GNorm = 0.2661, lr_0 = 1.3629e-04
Validation auc = 0.891581
Epoch 26
Loss = 2.5933e-02, PNorm = 57.9212, GNorm = 0.2133, lr_0 = 1.3484e-04
Loss = 2.5110e-02, PNorm = 57.9524, GNorm = 0.3781, lr_0 = 1.3355e-04
Loss = 1.0277e-02, PNorm = 57.9734, GNorm = 0.1191, lr_0 = 1.3226e-04
Loss = 2.5593e-02, PNorm = 57.9790, GNorm = 0.1434, lr_0 = 1.3099e-04
Loss = 4.0934e-02, PNorm = 57.9844, GNorm = 0.3720, lr_0 = 1.2973e-04
Loss = 2.5278e-02, PNorm = 58.0066, GNorm = 0.1196, lr_0 = 1.2848e-04
Loss = 2.0771e-02, PNorm = 58.0193, GNorm = 0.0564, lr_0 = 1.2724e-04
Loss = 3.7607e-02, PNorm = 58.0243, GNorm = 0.3186, lr_0 = 1.2601e-04
Loss = 1.6287e-02, PNorm = 58.0369, GNorm = 0.3025, lr_0 = 1.2480e-04
Validation auc = 0.894263
Epoch 27
Loss = 2.5981e-02, PNorm = 58.0469, GNorm = 0.0951, lr_0 = 1.2360e-04
Loss = 1.2804e-02, PNorm = 58.0608, GNorm = 0.0701, lr_0 = 1.2241e-04
Loss = 1.6079e-02, PNorm = 58.0770, GNorm = 0.3632, lr_0 = 1.2123e-04
Loss = 1.0669e-02, PNorm = 58.0869, GNorm = 0.0947, lr_0 = 1.2006e-04
Loss = 2.1170e-02, PNorm = 58.0927, GNorm = 0.0926, lr_0 = 1.1891e-04
Loss = 4.1000e-02, PNorm = 58.1032, GNorm = 0.4766, lr_0 = 1.1776e-04
Loss = 2.6196e-02, PNorm = 58.1208, GNorm = 0.3774, lr_0 = 1.1663e-04
Loss = 2.6504e-02, PNorm = 58.1400, GNorm = 0.5943, lr_0 = 1.1551e-04
Validation auc = 0.893100
Epoch 28
Loss = 4.3002e-02, PNorm = 58.1386, GNorm = 0.4223, lr_0 = 1.1428e-04
Loss = 1.9245e-02, PNorm = 58.1536, GNorm = 0.0961, lr_0 = 1.1318e-04
Loss = 3.3806e-02, PNorm = 58.1716, GNorm = 0.3754, lr_0 = 1.1209e-04
Loss = 1.9761e-02, PNorm = 58.1810, GNorm = 0.1019, lr_0 = 1.1101e-04
Loss = 1.7873e-02, PNorm = 58.1915, GNorm = 0.1462, lr_0 = 1.0995e-04
Loss = 2.6584e-02, PNorm = 58.2019, GNorm = 0.0727, lr_0 = 1.0889e-04
Loss = 3.1957e-02, PNorm = 58.2121, GNorm = 0.2115, lr_0 = 1.0784e-04
Loss = 2.7595e-02, PNorm = 58.2197, GNorm = 0.1063, lr_0 = 1.0680e-04
Loss = 2.0613e-02, PNorm = 58.2316, GNorm = 0.2789, lr_0 = 1.0577e-04
Validation auc = 0.896261
Epoch 29
Loss = 2.5132e-02, PNorm = 58.2406, GNorm = 0.3634, lr_0 = 1.0475e-04
Loss = 2.1929e-02, PNorm = 58.2460, GNorm = 0.4695, lr_0 = 1.0374e-04
Loss = 2.8866e-02, PNorm = 58.2535, GNorm = 0.2883, lr_0 = 1.0275e-04
Loss = 1.6094e-02, PNorm = 58.2658, GNorm = 0.4062, lr_0 = 1.0176e-04
Loss = 1.8920e-02, PNorm = 58.2786, GNorm = 0.0402, lr_0 = 1.0078e-04
Loss = 2.8164e-02, PNorm = 58.2836, GNorm = 0.1435, lr_0 = 1.0000e-04
Loss = 3.1425e-02, PNorm = 58.2939, GNorm = 0.3280, lr_0 = 1.0000e-04
Loss = 2.2275e-02, PNorm = 58.3041, GNorm = 0.0996, lr_0 = 1.0000e-04
Validation auc = 0.889813
Model 0 best validation auc = 0.896261 on epoch 28
Loading pretrained parameter "encoder.encoder.0.cached_zero_vector".
Loading pretrained parameter "encoder.encoder.0.W_i.weight".
Loading pretrained parameter "encoder.encoder.0.W_h.weight".
Loading pretrained parameter "encoder.encoder.0.W_o.weight".
Loading pretrained parameter "encoder.encoder.0.W_o.bias".
Loading pretrained parameter "ffn.1.weight".
Loading pretrained parameter "ffn.1.bias".
Moving model to cuda
Model 0 test auc = 0.813653
Ensemble test auc = 0.813653
Fold 2
Splitting data with seed 2
Total scaffolds = 3,467 | train scaffolds = 2,630 | val scaffolds = 419 | test scaffolds = 418
Label averages per scaffold, in decreasing order of scaffold frequency,capped at 10 scaffolds and 20 labels:
Scaffold 0
Task 0: count = 381 | target average = 0.018373
Task 1: count = 381 | target average = 0.013123


Scaffold 1
Task 0: count = 305 | target average = 0.009836
Task 1: count = 305 | target average = 0.016393


Scaffold 2
Task 0: count = 36 | target average = 0.000000
Task 1: count = 36 | target average = 0.000000


Scaffold 3
Task 0: count = 29 | target average = 0.000000
Task 1: count = 29 | target average = 0.000000


Scaffold 4
Task 0: count = 26 | target average = 0.000000
Task 1: count = 26 | target average = 0.000000


Scaffold 5
Task 0: count = 23 | target average = 0.000000
Task 1: count = 23 | target average = 0.000000


Scaffold 6
Task 0: count = 22 | target average = 0.090909
Task 1: count = 22 | target average = 0.090909


Scaffold 7
Task 0: count = 20 | target average = 0.000000
Task 1: count = 20 | target average = 0.000000


Scaffold 8
Task 0: count = 20 | target average = 0.000000
Task 1: count = 20 | target average = 0.000000


Scaffold 9
Task 0: count = 20 | target average = 0.050000
Task 1: count = 20 | target average = 0.000000


Class sizes
hit_inh 0: 97.83%, 1: 2.17%
hit_kill 0: 98.64%, 1: 1.36%
Total size = 5,353 | train size = 4,282 | val size = 535 | test size = 536
Building model 0
MoleculeModel(
  (sigmoid): Sigmoid()
  (encoder): MPN(
    (encoder): ModuleList(
      (0): MPNEncoder(
        (dropout_layer): Dropout(p=0.25, inplace=False)
        (act_func): ReLU()
        (W_i): Linear(in_features=147, out_features=1000, bias=False)
        (W_h): Linear(in_features=1000, out_features=1000, bias=False)
        (W_o): Linear(in_features=1133, out_features=1000, bias=True)
      )
    )
  )
  (ffn): Sequential(
    (0): Dropout(p=0.25, inplace=False)
    (1): Linear(in_features=1200, out_features=2, bias=True)
  )
)
Number of parameters = 2,283,402
Moving model to cuda
Epoch 0
Loss = 2.8771e-01, PNorm = 48.2135, GNorm = 0.1586, lr_0 = 1.5824e-04
Loss = 7.6087e-02, PNorm = 48.2343, GNorm = 0.2941, lr_0 = 2.1118e-04
Loss = 1.3717e-01, PNorm = 48.2397, GNorm = 0.3871, lr_0 = 2.6412e-04
Loss = 1.0109e-01, PNorm = 48.2434, GNorm = 0.1591, lr_0 = 3.1706e-04
Loss = 8.3090e-02, PNorm = 48.2526, GNorm = 0.2367, lr_0 = 3.7000e-04
Loss = 1.0873e-01, PNorm = 48.2607, GNorm = 0.1798, lr_0 = 4.2294e-04
Loss = 9.6509e-02, PNorm = 48.2730, GNorm = 0.3452, lr_0 = 4.7588e-04
Loss = 7.7910e-02, PNorm = 48.2819, GNorm = 0.1825, lr_0 = 5.2882e-04
Validation auc = 0.662906
Epoch 1
Loss = 6.9192e-02, PNorm = 48.2978, GNorm = 0.2507, lr_0 = 5.8706e-04
Loss = 8.1623e-02, PNorm = 48.3136, GNorm = 0.5578, lr_0 = 6.4000e-04
Loss = 5.1261e-02, PNorm = 48.3329, GNorm = 0.2085, lr_0 = 6.9294e-04
Loss = 1.2909e-01, PNorm = 48.3488, GNorm = 0.4402, lr_0 = 7.4588e-04
Loss = 8.4530e-02, PNorm = 48.3871, GNorm = 0.3631, lr_0 = 7.9882e-04
Loss = 1.0047e-01, PNorm = 48.4114, GNorm = 0.3035, lr_0 = 8.5176e-04
Loss = 1.1082e-01, PNorm = 48.4441, GNorm = 0.1463, lr_0 = 9.0471e-04
Loss = 1.2210e-01, PNorm = 48.4822, GNorm = 0.2189, lr_0 = 9.5765e-04
Loss = 6.7144e-02, PNorm = 48.5410, GNorm = 0.1271, lr_0 = 9.9807e-04
Validation auc = 0.877146
Epoch 2
Loss = 9.0644e-02, PNorm = 48.5920, GNorm = 0.3200, lr_0 = 9.8846e-04
Loss = 8.6108e-02, PNorm = 48.6590, GNorm = 0.3821, lr_0 = 9.7894e-04
Loss = 1.0659e-01, PNorm = 48.7128, GNorm = 0.1253, lr_0 = 9.6952e-04
Loss = 8.6897e-02, PNorm = 48.7700, GNorm = 0.3496, lr_0 = 9.6018e-04
Loss = 1.1551e-01, PNorm = 48.8221, GNorm = 0.1544, lr_0 = 9.5094e-04
Loss = 6.9694e-02, PNorm = 48.9069, GNorm = 0.1519, lr_0 = 9.4178e-04
Loss = 5.6925e-02, PNorm = 48.9523, GNorm = 0.1485, lr_0 = 9.3271e-04
Loss = 7.4994e-02, PNorm = 49.0183, GNorm = 0.1168, lr_0 = 9.2373e-04
Validation auc = 0.884405
Epoch 3
Loss = 8.6762e-02, PNorm = 49.0683, GNorm = 0.1355, lr_0 = 9.1395e-04
Loss = 1.0109e-01, PNorm = 49.1346, GNorm = 0.2116, lr_0 = 9.0515e-04
Loss = 8.9213e-02, PNorm = 49.2227, GNorm = 0.3583, lr_0 = 8.9644e-04
Loss = 3.4691e-02, PNorm = 49.2998, GNorm = 0.0870, lr_0 = 8.8781e-04
Loss = 9.5125e-02, PNorm = 49.3266, GNorm = 0.3435, lr_0 = 8.7926e-04
Loss = 7.6969e-02, PNorm = 49.4002, GNorm = 0.0748, lr_0 = 8.7080e-04
Loss = 1.0912e-01, PNorm = 49.4703, GNorm = 0.2503, lr_0 = 8.6241e-04
Loss = 8.0817e-02, PNorm = 49.5654, GNorm = 0.1175, lr_0 = 8.5411e-04
Loss = 7.8559e-02, PNorm = 49.6192, GNorm = 0.2392, lr_0 = 8.4588e-04
Validation auc = 0.891765
Epoch 4
Loss = 4.6802e-02, PNorm = 49.7150, GNorm = 0.1041, lr_0 = 8.3774e-04
Loss = 6.1760e-02, PNorm = 49.7891, GNorm = 0.1468, lr_0 = 8.2967e-04
Loss = 7.3235e-02, PNorm = 49.8587, GNorm = 0.2009, lr_0 = 8.2169e-04
Loss = 9.8574e-02, PNorm = 49.9380, GNorm = 0.1665, lr_0 = 8.1377e-04
Loss = 9.3807e-02, PNorm = 50.0447, GNorm = 0.2089, lr_0 = 8.0594e-04
Loss = 6.4614e-02, PNorm = 50.1643, GNorm = 0.1896, lr_0 = 7.9818e-04
Loss = 9.7735e-02, PNorm = 50.2386, GNorm = 0.2450, lr_0 = 7.9050e-04
Loss = 6.0636e-02, PNorm = 50.3818, GNorm = 0.2748, lr_0 = 7.8288e-04
Validation auc = 0.893451
Epoch 5
Loss = 9.8500e-02, PNorm = 50.4702, GNorm = 0.1320, lr_0 = 7.7535e-04
Loss = 8.7586e-02, PNorm = 50.6061, GNorm = 0.1767, lr_0 = 7.6788e-04
Loss = 7.2772e-02, PNorm = 50.7100, GNorm = 0.2822, lr_0 = 7.6049e-04
Loss = 7.9918e-02, PNorm = 50.8344, GNorm = 0.1210, lr_0 = 7.5317e-04
Loss = 5.4544e-02, PNorm = 50.9344, GNorm = 0.1138, lr_0 = 7.4591e-04
Loss = 6.4552e-02, PNorm = 51.0091, GNorm = 0.1617, lr_0 = 7.3873e-04
Loss = 8.9580e-02, PNorm = 51.0814, GNorm = 0.1343, lr_0 = 7.3162e-04
Loss = 6.5928e-02, PNorm = 51.1909, GNorm = 0.1041, lr_0 = 7.2458e-04
Loss = 6.3302e-02, PNorm = 51.2452, GNorm = 0.1255, lr_0 = 7.1760e-04
Validation auc = 0.889647
Epoch 6
Loss = 4.6410e-02, PNorm = 51.3217, GNorm = 0.1521, lr_0 = 7.1000e-04
Loss = 8.6753e-02, PNorm = 51.3679, GNorm = 0.2240, lr_0 = 7.0317e-04
Loss = 8.5926e-02, PNorm = 51.4462, GNorm = 0.2329, lr_0 = 6.9640e-04
Loss = 7.5506e-02, PNorm = 51.5626, GNorm = 0.3007, lr_0 = 6.8969e-04
Loss = 6.6966e-02, PNorm = 51.6727, GNorm = 0.0792, lr_0 = 6.8305e-04
Loss = 6.4961e-02, PNorm = 51.7507, GNorm = 0.1675, lr_0 = 6.7648e-04
Loss = 6.5403e-02, PNorm = 51.8334, GNorm = 0.4931, lr_0 = 6.6996e-04
Loss = 2.6826e-02, PNorm = 51.9260, GNorm = 0.1028, lr_0 = 6.6351e-04
Validation auc = 0.868523
Epoch 7
Loss = 7.8198e-02, PNorm = 51.9577, GNorm = 0.1275, lr_0 = 6.5712e-04
Loss = 6.6391e-02, PNorm = 52.0364, GNorm = 0.2159, lr_0 = 6.5080e-04
Loss = 7.9662e-02, PNorm = 52.1227, GNorm = 0.1736, lr_0 = 6.4453e-04
Loss = 6.4471e-02, PNorm = 52.2245, GNorm = 0.1706, lr_0 = 6.3833e-04
Loss = 6.5498e-02, PNorm = 52.2680, GNorm = 0.1656, lr_0 = 6.3218e-04
Loss = 4.5674e-02, PNorm = 52.3402, GNorm = 0.0920, lr_0 = 6.2609e-04
Loss = 7.1174e-02, PNorm = 52.3990, GNorm = 0.1906, lr_0 = 6.2006e-04
Loss = 6.9455e-02, PNorm = 52.4811, GNorm = 0.3147, lr_0 = 6.1409e-04
Loss = 4.6556e-02, PNorm = 52.5670, GNorm = 0.0701, lr_0 = 6.0818e-04
Validation auc = 0.874507
Epoch 8
Loss = 3.5934e-02, PNorm = 52.6157, GNorm = 0.2461, lr_0 = 6.0233e-04
Loss = 4.7541e-02, PNorm = 52.6907, GNorm = 0.1648, lr_0 = 5.9653e-04
Loss = 6.5672e-02, PNorm = 52.7351, GNorm = 0.2048, lr_0 = 5.9078e-04
Loss = 7.8522e-02, PNorm = 52.8045, GNorm = 0.3488, lr_0 = 5.8510e-04
Loss = 6.2548e-02, PNorm = 52.8963, GNorm = 0.2041, lr_0 = 5.7946e-04
Loss = 6.0292e-02, PNorm = 52.9601, GNorm = 0.3031, lr_0 = 5.7388e-04
Loss = 5.1526e-02, PNorm = 53.0159, GNorm = 0.1555, lr_0 = 5.6836e-04
Loss = 6.2991e-02, PNorm = 53.0627, GNorm = 0.1573, lr_0 = 5.6289e-04
Loss = 6.0947e-02, PNorm = 53.1231, GNorm = 0.1150, lr_0 = 5.5747e-04
Loss = 1.4460e-02, PNorm = 53.1299, GNorm = 0.1467, lr_0 = 5.5693e-04
Validation auc = 0.884631
Epoch 9
Loss = 4.6444e-02, PNorm = 53.1969, GNorm = 0.1146, lr_0 = 5.5156e-04
Loss = 7.4156e-02, PNorm = 53.2356, GNorm = 0.1581, lr_0 = 5.4625e-04
Loss = 5.9483e-02, PNorm = 53.3002, GNorm = 0.1013, lr_0 = 5.4100e-04
Loss = 3.1684e-02, PNorm = 53.3712, GNorm = 0.1203, lr_0 = 5.3579e-04
Loss = 7.8994e-02, PNorm = 53.4365, GNorm = 0.1892, lr_0 = 5.3063e-04
Loss = 4.3794e-02, PNorm = 53.5291, GNorm = 0.2075, lr_0 = 5.2552e-04
Loss = 6.5957e-02, PNorm = 53.5543, GNorm = 0.1415, lr_0 = 5.2046e-04
Loss = 5.1137e-02, PNorm = 53.6179, GNorm = 0.1765, lr_0 = 5.1545e-04
Validation auc = 0.869614
Epoch 10
Loss = 3.2607e-02, PNorm = 53.6682, GNorm = 0.0642, lr_0 = 5.1049e-04
Loss = 6.4595e-02, PNorm = 53.7314, GNorm = 0.1223, lr_0 = 5.0557e-04
Loss = 3.1242e-02, PNorm = 53.8077, GNorm = 0.0451, lr_0 = 5.0070e-04
Loss = 2.4279e-02, PNorm = 53.8325, GNorm = 0.1949, lr_0 = 4.9588e-04
Loss = 7.6715e-02, PNorm = 53.8634, GNorm = 0.1715, lr_0 = 4.9111e-04
Loss = 7.2957e-02, PNorm = 53.9125, GNorm = 0.1391, lr_0 = 4.8638e-04
Loss = 5.9124e-02, PNorm = 53.9764, GNorm = 0.1521, lr_0 = 4.8170e-04
Loss = 5.9912e-02, PNorm = 54.0515, GNorm = 0.3553, lr_0 = 4.7706e-04
Loss = 4.1814e-02, PNorm = 54.1118, GNorm = 0.2248, lr_0 = 4.7247e-04
Validation auc = 0.868263
Epoch 11
Loss = 8.2520e-02, PNorm = 54.2024, GNorm = 0.2631, lr_0 = 4.6792e-04
Loss = 4.7240e-02, PNorm = 54.3060, GNorm = 0.2079, lr_0 = 4.6341e-04
Loss = 2.9461e-02, PNorm = 54.3529, GNorm = 0.0880, lr_0 = 4.5895e-04
Loss = 4.5625e-02, PNorm = 54.3854, GNorm = 0.0792, lr_0 = 4.5453e-04
Loss = 7.5661e-02, PNorm = 54.4214, GNorm = 0.3788, lr_0 = 4.5015e-04
Loss = 4.7833e-02, PNorm = 54.4767, GNorm = 0.0677, lr_0 = 4.4582e-04
Loss = 5.0369e-02, PNorm = 54.5242, GNorm = 0.1364, lr_0 = 4.4153e-04
Loss = 5.2706e-02, PNorm = 54.5894, GNorm = 0.2253, lr_0 = 4.3728e-04
Validation auc = 0.870888
Epoch 12
Loss = 3.8657e-02, PNorm = 54.6395, GNorm = 0.1465, lr_0 = 4.3265e-04
Loss = 3.5613e-02, PNorm = 54.6923, GNorm = 0.1300, lr_0 = 4.2848e-04
Loss = 4.2919e-02, PNorm = 54.7421, GNorm = 0.2196, lr_0 = 4.2436e-04
Loss = 7.0538e-02, PNorm = 54.7731, GNorm = 0.7408, lr_0 = 4.2027e-04
Loss = 4.5808e-02, PNorm = 54.7879, GNorm = 0.5342, lr_0 = 4.1622e-04
Loss = 2.8569e-02, PNorm = 54.8501, GNorm = 0.2344, lr_0 = 4.1222e-04
Loss = 8.2992e-02, PNorm = 54.8643, GNorm = 0.1895, lr_0 = 4.0825e-04
Loss = 6.1416e-02, PNorm = 54.9231, GNorm = 0.2801, lr_0 = 4.0432e-04
Loss = 4.8002e-02, PNorm = 55.0137, GNorm = 0.1705, lr_0 = 4.0042e-04
Validation auc = 0.887370
Epoch 13
Loss = 2.4760e-02, PNorm = 55.0594, GNorm = 0.2249, lr_0 = 3.9657e-04
Loss = 5.6987e-02, PNorm = 55.0974, GNorm = 0.1654, lr_0 = 3.9275e-04
Loss = 1.2443e-02, PNorm = 55.1522, GNorm = 0.0649, lr_0 = 3.8897e-04
Loss = 5.8207e-02, PNorm = 55.1721, GNorm = 0.2687, lr_0 = 3.8522e-04
Loss = 5.3959e-02, PNorm = 55.2257, GNorm = 0.1384, lr_0 = 3.8152e-04
Loss = 5.0422e-02, PNorm = 55.2839, GNorm = 0.3355, lr_0 = 3.7784e-04
Loss = 6.1327e-02, PNorm = 55.3120, GNorm = 0.3211, lr_0 = 3.7420e-04
Loss = 3.9546e-02, PNorm = 55.3697, GNorm = 0.1023, lr_0 = 3.7060e-04
Validation auc = 0.906906
Epoch 14
Loss = 1.5372e-02, PNorm = 55.4100, GNorm = 0.0997, lr_0 = 3.6668e-04
Loss = 3.4612e-02, PNorm = 55.4556, GNorm = 0.1578, lr_0 = 3.6315e-04
Loss = 4.6365e-02, PNorm = 55.5002, GNorm = 0.2288, lr_0 = 3.5965e-04
Loss = 3.6020e-02, PNorm = 55.5346, GNorm = 0.0718, lr_0 = 3.5619e-04
Loss = 3.8465e-02, PNorm = 55.5867, GNorm = 0.0698, lr_0 = 3.5276e-04
Loss = 4.8109e-02, PNorm = 55.6317, GNorm = 0.3383, lr_0 = 3.4936e-04
Loss = 7.2357e-02, PNorm = 55.6525, GNorm = 0.2198, lr_0 = 3.4600e-04
Loss = 3.5628e-02, PNorm = 55.7077, GNorm = 0.0760, lr_0 = 3.4267e-04
Loss = 4.8265e-02, PNorm = 55.7460, GNorm = 0.0771, lr_0 = 3.3937e-04
Validation auc = 0.898408
Epoch 15
Loss = 4.5828e-02, PNorm = 55.7837, GNorm = 0.2711, lr_0 = 3.3610e-04
Loss = 5.9437e-02, PNorm = 55.8321, GNorm = 0.1939, lr_0 = 3.3287e-04
Loss = 2.7947e-02, PNorm = 55.8795, GNorm = 0.1978, lr_0 = 3.2966e-04
Loss = 3.3713e-02, PNorm = 55.9176, GNorm = 0.0574, lr_0 = 3.2649e-04
Loss = 5.3108e-02, PNorm = 55.9227, GNorm = 0.2555, lr_0 = 3.2334e-04
Loss = 3.4346e-02, PNorm = 55.9764, GNorm = 0.1267, lr_0 = 3.2023e-04
Loss = 4.7721e-02, PNorm = 56.0160, GNorm = 0.1986, lr_0 = 3.1715e-04
Loss = 2.1588e-02, PNorm = 56.0511, GNorm = 0.2128, lr_0 = 3.1409e-04
Loss = 5.1751e-02, PNorm = 56.0859, GNorm = 0.1689, lr_0 = 3.1107e-04
Validation auc = 0.877108
Epoch 16
Loss = 3.9207e-02, PNorm = 56.1402, GNorm = 0.3137, lr_0 = 3.0807e-04
Loss = 5.9424e-02, PNorm = 56.1782, GNorm = 0.2247, lr_0 = 3.0511e-04
Loss = 4.3653e-02, PNorm = 56.2231, GNorm = 0.1323, lr_0 = 3.0217e-04
Loss = 2.1241e-02, PNorm = 56.2698, GNorm = 0.0564, lr_0 = 2.9926e-04
Loss = 4.6854e-02, PNorm = 56.2917, GNorm = 0.2328, lr_0 = 2.9638e-04
Loss = 3.2021e-02, PNorm = 56.3229, GNorm = 0.1121, lr_0 = 2.9353e-04
Loss = 2.4890e-02, PNorm = 56.3590, GNorm = 0.0658, lr_0 = 2.9070e-04
Loss = 4.8920e-02, PNorm = 56.3805, GNorm = 0.0710, lr_0 = 2.8790e-04
Validation auc = 0.894716
Epoch 17
Loss = 3.8700e-02, PNorm = 56.4106, GNorm = 0.1087, lr_0 = 2.8485e-04
Loss = 4.7058e-02, PNorm = 56.4360, GNorm = 0.1365, lr_0 = 2.8211e-04
Loss = 2.8123e-02, PNorm = 56.4794, GNorm = 0.3303, lr_0 = 2.7939e-04
Loss = 4.3049e-02, PNorm = 56.5045, GNorm = 0.1665, lr_0 = 2.7670e-04
Loss = 3.6959e-02, PNorm = 56.5429, GNorm = 0.1944, lr_0 = 2.7404e-04
Loss = 3.7152e-02, PNorm = 56.5696, GNorm = 0.1043, lr_0 = 2.7140e-04
Loss = 3.0589e-02, PNorm = 56.5976, GNorm = 0.1687, lr_0 = 2.6879e-04
Loss = 3.2336e-02, PNorm = 56.6346, GNorm = 0.1163, lr_0 = 2.6620e-04
Loss = 2.9199e-02, PNorm = 56.6613, GNorm = 0.0431, lr_0 = 2.6364e-04
Validation auc = 0.889103
Epoch 18
Loss = 4.0294e-02, PNorm = 56.6816, GNorm = 0.1325, lr_0 = 2.6110e-04
Loss = 3.3496e-02, PNorm = 56.7136, GNorm = 0.1020, lr_0 = 2.5859e-04
Loss = 3.2187e-02, PNorm = 56.7535, GNorm = 0.1911, lr_0 = 2.5610e-04
Loss = 2.6546e-02, PNorm = 56.7863, GNorm = 0.0790, lr_0 = 2.5363e-04
Loss = 3.6907e-02, PNorm = 56.8121, GNorm = 0.1606, lr_0 = 2.5119e-04
Loss = 2.9376e-02, PNorm = 56.8497, GNorm = 0.1142, lr_0 = 2.4877e-04
Loss = 4.5118e-02, PNorm = 56.8761, GNorm = 0.2001, lr_0 = 2.4638e-04
Loss = 4.5564e-02, PNorm = 56.8996, GNorm = 0.4595, lr_0 = 2.4400e-04
Validation auc = 0.883404
Epoch 19
Loss = 1.8164e-02, PNorm = 56.9275, GNorm = 0.0708, lr_0 = 2.4165e-04
Loss = 2.9200e-02, PNorm = 56.9568, GNorm = 0.3385, lr_0 = 2.3933e-04
Loss = 3.6182e-02, PNorm = 56.9726, GNorm = 0.2623, lr_0 = 2.3702e-04
Loss = 4.7825e-02, PNorm = 57.0013, GNorm = 0.0876, lr_0 = 2.3474e-04
Loss = 2.6768e-02, PNorm = 57.0267, GNorm = 0.0772, lr_0 = 2.3248e-04
Loss = 5.8898e-02, PNorm = 57.0555, GNorm = 0.2702, lr_0 = 2.3024e-04
Loss = 3.1802e-02, PNorm = 57.0919, GNorm = 0.2385, lr_0 = 2.2803e-04
Loss = 2.2290e-02, PNorm = 57.1245, GNorm = 0.2326, lr_0 = 2.2583e-04
Loss = 1.7786e-02, PNorm = 57.1343, GNorm = 0.0704, lr_0 = 2.2366e-04
Validation auc = 0.896971
Epoch 20
Loss = 4.0529e-02, PNorm = 57.1400, GNorm = 0.1726, lr_0 = 2.2129e-04
Loss = 2.9904e-02, PNorm = 57.1687, GNorm = 0.3436, lr_0 = 2.1916e-04
Loss = 3.0548e-02, PNorm = 57.1827, GNorm = 0.2798, lr_0 = 2.1705e-04
Loss = 2.8925e-02, PNorm = 57.2092, GNorm = 0.3014, lr_0 = 2.1496e-04
Loss = 2.4005e-02, PNorm = 57.2310, GNorm = 0.2464, lr_0 = 2.1289e-04
Loss = 3.7161e-02, PNorm = 57.2416, GNorm = 0.3698, lr_0 = 2.1084e-04
Loss = 3.1278e-02, PNorm = 57.2581, GNorm = 0.3101, lr_0 = 2.0881e-04
Loss = 3.1387e-02, PNorm = 57.2844, GNorm = 0.0624, lr_0 = 2.0680e-04
Validation auc = 0.882536
Epoch 21
Loss = 4.6280e-02, PNorm = 57.3018, GNorm = 0.6561, lr_0 = 2.0481e-04
Loss = 3.7405e-02, PNorm = 57.3201, GNorm = 0.2148, lr_0 = 2.0283e-04
Loss = 3.1062e-02, PNorm = 57.3645, GNorm = 0.3871, lr_0 = 2.0088e-04
Loss = 2.7945e-02, PNorm = 57.3875, GNorm = 0.1906, lr_0 = 1.9895e-04
Loss = 3.9824e-02, PNorm = 57.4085, GNorm = 0.2477, lr_0 = 1.9703e-04
Loss = 2.3957e-02, PNorm = 57.4368, GNorm = 0.1505, lr_0 = 1.9514e-04
Loss = 1.7352e-02, PNorm = 57.4607, GNorm = 0.0264, lr_0 = 1.9326e-04
Loss = 3.5422e-02, PNorm = 57.4636, GNorm = 0.0662, lr_0 = 1.9140e-04
Loss = 2.9965e-02, PNorm = 57.4800, GNorm = 0.3095, lr_0 = 1.8955e-04
Validation auc = 0.886711
Epoch 22
Loss = 3.2999e-02, PNorm = 57.5008, GNorm = 0.0681, lr_0 = 1.8773e-04
Loss = 3.7439e-02, PNorm = 57.5108, GNorm = 0.1188, lr_0 = 1.8592e-04
Loss = 3.3295e-02, PNorm = 57.5344, GNorm = 0.2003, lr_0 = 1.8413e-04
Loss = 2.4704e-02, PNorm = 57.5574, GNorm = 0.0462, lr_0 = 1.8236e-04
Loss = 3.1463e-02, PNorm = 57.5684, GNorm = 0.2633, lr_0 = 1.8060e-04
Loss = 2.8883e-02, PNorm = 57.5844, GNorm = 0.4342, lr_0 = 1.7886e-04
Loss = 2.9225e-02, PNorm = 57.6040, GNorm = 0.3359, lr_0 = 1.7714e-04
Loss = 1.9443e-02, PNorm = 57.6088, GNorm = 0.1797, lr_0 = 1.7544e-04
Validation auc = 0.875375
Epoch 23
Loss = 2.6678e-02, PNorm = 57.6295, GNorm = 0.2835, lr_0 = 1.7358e-04
Loss = 3.0642e-02, PNorm = 57.6518, GNorm = 0.0157, lr_0 = 1.7191e-04
Loss = 2.5799e-02, PNorm = 57.6644, GNorm = 0.1760, lr_0 = 1.7025e-04
Loss = 3.6368e-02, PNorm = 57.6780, GNorm = 0.1717, lr_0 = 1.6861e-04
Loss = 2.4940e-02, PNorm = 57.7130, GNorm = 0.3995, lr_0 = 1.6699e-04
Loss = 1.6352e-02, PNorm = 57.7293, GNorm = 0.0772, lr_0 = 1.6538e-04
Loss = 2.2992e-02, PNorm = 57.7398, GNorm = 0.3180, lr_0 = 1.6379e-04
Loss = 2.7549e-02, PNorm = 57.7549, GNorm = 0.0788, lr_0 = 1.6221e-04
Loss = 3.5418e-02, PNorm = 57.7634, GNorm = 0.2486, lr_0 = 1.6065e-04
Validation auc = 0.857209
Epoch 24
Loss = 1.8717e-02, PNorm = 57.7821, GNorm = 0.2391, lr_0 = 1.5910e-04
Loss = 3.9795e-02, PNorm = 57.7934, GNorm = 0.3941, lr_0 = 1.5757e-04
Loss = 3.5784e-02, PNorm = 57.8071, GNorm = 0.4222, lr_0 = 1.5605e-04
Loss = 3.2276e-02, PNorm = 57.8459, GNorm = 0.3020, lr_0 = 1.5455e-04
Loss = 3.2299e-02, PNorm = 57.8615, GNorm = 0.5015, lr_0 = 1.5306e-04
Loss = 3.2112e-02, PNorm = 57.8670, GNorm = 0.1947, lr_0 = 1.5159e-04
Loss = 1.6289e-02, PNorm = 57.8883, GNorm = 0.0590, lr_0 = 1.5013e-04
Loss = 3.9715e-02, PNorm = 57.8978, GNorm = 0.0467, lr_0 = 1.4869e-04
Loss = 1.7291e-02, PNorm = 57.9083, GNorm = 0.1204, lr_0 = 1.4725e-04
Validation auc = 0.855238
Epoch 25
Loss = 1.4866e-02, PNorm = 57.9266, GNorm = 0.0748, lr_0 = 1.4584e-04
Loss = 3.7521e-02, PNorm = 57.9307, GNorm = 0.0652, lr_0 = 1.4443e-04
Loss = 2.1632e-02, PNorm = 57.9379, GNorm = 0.1432, lr_0 = 1.4304e-04
Loss = 3.4683e-02, PNorm = 57.9610, GNorm = 0.4226, lr_0 = 1.4166e-04
Loss = 2.4046e-02, PNorm = 57.9758, GNorm = 0.0347, lr_0 = 1.4030e-04
Loss = 1.7885e-02, PNorm = 57.9845, GNorm = 0.2868, lr_0 = 1.3895e-04
Loss = 2.8501e-02, PNorm = 57.9915, GNorm = 0.2028, lr_0 = 1.3761e-04
Loss = 2.3511e-02, PNorm = 58.0097, GNorm = 0.0692, lr_0 = 1.3629e-04
Validation auc = 0.872202
Epoch 26
Loss = 2.6520e-02, PNorm = 58.0192, GNorm = 0.1751, lr_0 = 1.3484e-04
Loss = 2.6301e-02, PNorm = 58.0364, GNorm = 0.3368, lr_0 = 1.3355e-04
Loss = 1.9161e-02, PNorm = 58.0453, GNorm = 0.2536, lr_0 = 1.3226e-04
Loss = 1.9165e-02, PNorm = 58.0546, GNorm = 0.0272, lr_0 = 1.3099e-04
Loss = 2.2025e-02, PNorm = 58.0655, GNorm = 0.0467, lr_0 = 1.2973e-04
Loss = 3.3030e-02, PNorm = 58.0771, GNorm = 0.0810, lr_0 = 1.2848e-04
Loss = 1.5271e-02, PNorm = 58.0984, GNorm = 0.1923, lr_0 = 1.2724e-04
Loss = 2.1164e-02, PNorm = 58.1128, GNorm = 0.7819, lr_0 = 1.2601e-04
Loss = 5.7476e-02, PNorm = 58.1120, GNorm = 0.2835, lr_0 = 1.2480e-04
Validation auc = 0.857370
Epoch 27
Loss = 1.6306e-02, PNorm = 58.1271, GNorm = 0.0791, lr_0 = 1.2360e-04
Loss = 3.2903e-02, PNorm = 58.1442, GNorm = 0.4461, lr_0 = 1.2241e-04
Loss = 2.3552e-02, PNorm = 58.1518, GNorm = 0.3936, lr_0 = 1.2123e-04
Loss = 1.9831e-02, PNorm = 58.1598, GNorm = 0.3020, lr_0 = 1.2006e-04
Loss = 1.1975e-02, PNorm = 58.1696, GNorm = 0.1995, lr_0 = 1.1891e-04
Loss = 3.7839e-02, PNorm = 58.1733, GNorm = 0.4837, lr_0 = 1.1776e-04
Loss = 2.2227e-02, PNorm = 58.1901, GNorm = 0.1960, lr_0 = 1.1663e-04
Loss = 3.7871e-02, PNorm = 58.1997, GNorm = 0.1950, lr_0 = 1.1551e-04
Validation auc = 0.859130
Epoch 28
Loss = 4.0206e-02, PNorm = 58.2034, GNorm = 0.1460, lr_0 = 1.1428e-04
Loss = 3.0105e-02, PNorm = 58.2170, GNorm = 0.1855, lr_0 = 1.1318e-04
Loss = 2.9247e-02, PNorm = 58.2260, GNorm = 0.2153, lr_0 = 1.1209e-04
Loss = 2.1662e-02, PNorm = 58.2395, GNorm = 0.0606, lr_0 = 1.1101e-04
Loss = 1.3593e-02, PNorm = 58.2505, GNorm = 0.0447, lr_0 = 1.0995e-04
Loss = 2.1228e-02, PNorm = 58.2560, GNorm = 0.2522, lr_0 = 1.0889e-04
Loss = 1.9641e-02, PNorm = 58.2681, GNorm = 0.2489, lr_0 = 1.0784e-04
Loss = 3.1899e-02, PNorm = 58.2774, GNorm = 0.0314, lr_0 = 1.0680e-04
Loss = 1.5099e-02, PNorm = 58.2864, GNorm = 0.4704, lr_0 = 1.0577e-04
Validation auc = 0.859031
Epoch 29
Loss = 1.9376e-02, PNorm = 58.3000, GNorm = 0.1414, lr_0 = 1.0475e-04
Loss = 7.7524e-03, PNorm = 58.3142, GNorm = 0.0161, lr_0 = 1.0374e-04
Loss = 2.1975e-02, PNorm = 58.3213, GNorm = 0.3445, lr_0 = 1.0275e-04
Loss = 3.7080e-02, PNorm = 58.3233, GNorm = 0.2608, lr_0 = 1.0176e-04
Loss = 2.4740e-02, PNorm = 58.3407, GNorm = 0.2921, lr_0 = 1.0078e-04
Loss = 1.9400e-02, PNorm = 58.3518, GNorm = 0.1912, lr_0 = 1.0000e-04
Loss = 2.8904e-02, PNorm = 58.3600, GNorm = 0.3557, lr_0 = 1.0000e-04
Loss = 1.6658e-02, PNorm = 58.3678, GNorm = 0.0474, lr_0 = 1.0000e-04
Validation auc = 0.844720
Model 0 best validation auc = 0.906906 on epoch 13
Loading pretrained parameter "encoder.encoder.0.cached_zero_vector".
Loading pretrained parameter "encoder.encoder.0.W_i.weight".
Loading pretrained parameter "encoder.encoder.0.W_h.weight".
Loading pretrained parameter "encoder.encoder.0.W_o.weight".
Loading pretrained parameter "encoder.encoder.0.W_o.bias".
Loading pretrained parameter "ffn.1.weight".
Loading pretrained parameter "ffn.1.bias".
Moving model to cuda
Model 0 test auc = 0.776986
Ensemble test auc = 0.776986
3-fold cross validation
	Seed 0 ==> test auc = 0.778045
	Seed 1 ==> test auc = 0.813653
	Seed 2 ==> test auc = 0.776986
Overall test auc = 0.789562 +/- 0.017041
Elapsed time = 0:16:30
