Command line
python /home/jackievaleri8/.conda/envs/chemprop/bin/chemprop_train --init_lr 0.0001 --dropout 0.1 --hidden_size 1000 --ffn_num_layers 2 --depth 3 --save_dir round3finalval08162021_models/87 --data_path round3finalval08162021_TRAIN.csv --dataset_type classification --features_path round3finalval08162021_TRAINFTS.npz --no_features_scaling --num_folds 3 --ensemble_size 1 --split_type scaffold_balanced --split_sizes 0.8 0.1 0.1 --smiles_columns SMILES --ignore_columns Name --gpu 0
Args
{'activation': 'ReLU',
 'aggregation': 'mean',
 'aggregation_norm': 100,
 'atom_descriptor_scaling': True,
 'atom_descriptors': None,
 'atom_descriptors_path': None,
 'atom_descriptors_size': 0,
 'atom_features_size': 0,
 'atom_messages': False,
 'batch_size': 50,
 'bias': False,
 'bond_feature_scaling': True,
 'bond_features_path': None,
 'bond_features_size': 0,
 'cache_cutoff': 10000,
 'checkpoint_dir': None,
 'checkpoint_path': None,
 'checkpoint_paths': None,
 'class_balance': False,
 'config_path': None,
 'crossval_index_dir': None,
 'crossval_index_file': None,
 'crossval_index_sets': None,
 'cuda': True,
 'data_path': 'round3finalval08162021_TRAIN.csv',
 'dataset_type': 'classification',
 'depth': 3,
 'device': device(type='cuda', index=0),
 'dropout': 0.1,
 'empty_cache': False,
 'ensemble_size': 1,
 'epochs': 30,
 'explicit_h': False,
 'extra_metrics': [],
 'features_generator': None,
 'features_only': False,
 'features_path': ['round3finalval08162021_TRAINFTS.npz'],
 'features_scaling': False,
 'features_size': None,
 'ffn_hidden_size': 1000,
 'ffn_num_layers': 2,
 'final_lr': 0.0001,
 'folds_file': None,
 'gpu': 0,
 'grad_clip': None,
 'hidden_size': 1000,
 'ignore_columns': ['Name'],
 'init_lr': 0.0001,
 'log_frequency': 10,
 'max_data_size': None,
 'max_lr': 0.001,
 'metric': 'auc',
 'metrics': ['auc'],
 'minimize_score': False,
 'mpn_shared': False,
 'multiclass_num_classes': 3,
 'no_atom_descriptor_scaling': False,
 'no_bond_features_scaling': False,
 'no_cache_mol': False,
 'no_cuda': False,
 'no_features_scaling': True,
 'num_folds': 3,
 'num_lrs': 1,
 'num_tasks': 2,
 'num_workers': 8,
 'number_of_molecules': 1,
 'overwrite_default_atom_features': False,
 'overwrite_default_bond_features': False,
 'pytorch_seed': 0,
 'quiet': False,
 'reaction': False,
 'reaction_mode': 'reac_diff',
 'resume_experiment': False,
 'save_dir': 'round3finalval08162021_models/87',
 'save_preds': False,
 'save_smiles_splits': False,
 'seed': 0,
 'separate_test_atom_descriptors_path': None,
 'separate_test_bond_features_path': None,
 'separate_test_features_path': None,
 'separate_test_path': None,
 'separate_val_atom_descriptors_path': None,
 'separate_val_bond_features_path': None,
 'separate_val_features_path': None,
 'separate_val_path': None,
 'show_individual_scores': False,
 'smiles_columns': ['SMILES'],
 'split_sizes': (0.8, 0.1, 0.1),
 'split_type': 'scaffold_balanced',
 'target_columns': None,
 'task_names': ['hit_inh', 'hit_kill'],
 'test': False,
 'test_fold_index': None,
 'train_data_size': None,
 'undirected': False,
 'use_input_features': True,
 'val_fold_index': None,
 'warmup_epochs': 2.0}
Loading data
Warning: 23 SMILES are invalid.
Number of tasks = 2
Fold 0
Splitting data with seed 0
Total scaffolds = 3,467 | train scaffolds = 2,650 | val scaffolds = 433 | test scaffolds = 384
Label averages per scaffold, in decreasing order of scaffold frequency,capped at 10 scaffolds and 20 labels:
Scaffold 0
Task 0: count = 381 | target average = 0.018373
Task 1: count = 381 | target average = 0.013123


Scaffold 1
Task 0: count = 305 | target average = 0.009836
Task 1: count = 305 | target average = 0.016393


Scaffold 2
Task 0: count = 36 | target average = 0.000000
Task 1: count = 36 | target average = 0.000000


Scaffold 3
Task 0: count = 29 | target average = 0.000000
Task 1: count = 29 | target average = 0.000000


Scaffold 4
Task 0: count = 26 | target average = 0.000000
Task 1: count = 26 | target average = 0.000000


Scaffold 5
Task 0: count = 23 | target average = 0.000000
Task 1: count = 23 | target average = 0.000000


Scaffold 6
Task 0: count = 22 | target average = 0.090909
Task 1: count = 22 | target average = 0.090909


Scaffold 7
Task 0: count = 20 | target average = 0.000000
Task 1: count = 20 | target average = 0.000000


Scaffold 8
Task 0: count = 20 | target average = 0.000000
Task 1: count = 20 | target average = 0.000000


Scaffold 9
Task 0: count = 20 | target average = 0.050000
Task 1: count = 20 | target average = 0.000000


Class sizes
hit_inh 0: 97.83%, 1: 2.17%
hit_kill 0: 98.64%, 1: 1.36%
Total size = 5,353 | train size = 4,282 | val size = 535 | test size = 536
Building model 0
MoleculeModel(
  (sigmoid): Sigmoid()
  (encoder): MPN(
    (encoder): ModuleList(
      (0): MPNEncoder(
        (dropout_layer): Dropout(p=0.1, inplace=False)
        (act_func): ReLU()
        (W_i): Linear(in_features=147, out_features=1000, bias=False)
        (W_h): Linear(in_features=1000, out_features=1000, bias=False)
        (W_o): Linear(in_features=1133, out_features=1000, bias=True)
      )
    )
  )
  (ffn): Sequential(
    (0): Dropout(p=0.1, inplace=False)
    (1): Linear(in_features=1200, out_features=1000, bias=True)
    (2): ReLU()
    (3): Dropout(p=0.1, inplace=False)
    (4): Linear(in_features=1000, out_features=2, bias=True)
  )
)
Number of parameters = 3,484,002
Moving model to cuda
Epoch 0
Loss = 2.8172e-01, PNorm = 58.4700, GNorm = 1.1841, lr_0 = 1.5824e-04
Loss = 1.0769e-01, PNorm = 58.4805, GNorm = 0.3924, lr_0 = 2.1118e-04
Loss = 9.7367e-02, PNorm = 58.4876, GNorm = 0.5854, lr_0 = 2.6412e-04
Loss = 1.0152e-01, PNorm = 58.4957, GNorm = 0.2772, lr_0 = 3.1706e-04
Loss = 9.2268e-02, PNorm = 58.5094, GNorm = 0.4216, lr_0 = 3.7000e-04
Loss = 6.0670e-02, PNorm = 58.5231, GNorm = 0.2265, lr_0 = 4.2294e-04
Loss = 6.5307e-02, PNorm = 58.5340, GNorm = 0.1683, lr_0 = 4.7588e-04
Loss = 6.4757e-02, PNorm = 58.5530, GNorm = 0.1211, lr_0 = 5.2882e-04
Validation auc = 0.604747
Epoch 1
Loss = 4.0643e-02, PNorm = 58.5917, GNorm = 0.1311, lr_0 = 5.8706e-04
Loss = 9.7959e-02, PNorm = 58.6144, GNorm = 0.2684, lr_0 = 6.4000e-04
Loss = 8.2847e-02, PNorm = 58.6687, GNorm = 0.1698, lr_0 = 6.9294e-04
Loss = 9.2752e-02, PNorm = 58.7219, GNorm = 0.2148, lr_0 = 7.4588e-04
Loss = 8.6562e-02, PNorm = 58.7835, GNorm = 0.2660, lr_0 = 7.9882e-04
Loss = 7.0119e-02, PNorm = 58.8548, GNorm = 0.1198, lr_0 = 8.5176e-04
Loss = 9.1735e-02, PNorm = 58.9236, GNorm = 0.1497, lr_0 = 9.0471e-04
Loss = 9.1178e-02, PNorm = 58.9873, GNorm = 0.1490, lr_0 = 9.5765e-04
Loss = 9.0009e-02, PNorm = 59.0608, GNorm = 0.1491, lr_0 = 9.9807e-04
Validation auc = 0.869404
Epoch 2
Loss = 6.0330e-02, PNorm = 59.1338, GNorm = 0.0751, lr_0 = 9.8846e-04
Loss = 5.2965e-02, PNorm = 59.2092, GNorm = 0.0891, lr_0 = 9.7894e-04
Loss = 6.1034e-02, PNorm = 59.2797, GNorm = 0.1609, lr_0 = 9.6952e-04
Loss = 7.3280e-02, PNorm = 59.3675, GNorm = 0.5230, lr_0 = 9.6018e-04
Loss = 6.2175e-02, PNorm = 59.4787, GNorm = 0.1803, lr_0 = 9.5094e-04
Loss = 7.8674e-02, PNorm = 59.5511, GNorm = 0.1862, lr_0 = 9.4178e-04
Loss = 1.1510e-01, PNorm = 59.6420, GNorm = 0.3342, lr_0 = 9.3271e-04
Loss = 5.0880e-02, PNorm = 59.7281, GNorm = 0.2065, lr_0 = 9.2373e-04
Validation auc = 0.892093
Epoch 3
Loss = 5.9246e-02, PNorm = 59.8130, GNorm = 0.2038, lr_0 = 9.1395e-04
Loss = 7.4483e-02, PNorm = 59.9152, GNorm = 0.1488, lr_0 = 9.0515e-04
Loss = 6.4754e-02, PNorm = 60.0378, GNorm = 0.4768, lr_0 = 8.9644e-04
Loss = 6.5025e-02, PNorm = 60.1359, GNorm = 0.0740, lr_0 = 8.8781e-04
Loss = 6.8350e-02, PNorm = 60.2279, GNorm = 0.1833, lr_0 = 8.7926e-04
Loss = 6.7005e-02, PNorm = 60.3394, GNorm = 0.1525, lr_0 = 8.7080e-04
Loss = 4.5375e-02, PNorm = 60.4044, GNorm = 0.0844, lr_0 = 8.6241e-04
Loss = 5.3760e-02, PNorm = 60.4594, GNorm = 0.0886, lr_0 = 8.5411e-04
Loss = 6.1836e-02, PNorm = 60.5245, GNorm = 0.1342, lr_0 = 8.4588e-04
Validation auc = 0.931545
Epoch 4
Loss = 5.6384e-02, PNorm = 60.6150, GNorm = 0.0870, lr_0 = 8.3774e-04
Loss = 4.6815e-02, PNorm = 60.6842, GNorm = 0.1370, lr_0 = 8.2967e-04
Loss = 6.5958e-02, PNorm = 60.7686, GNorm = 0.1423, lr_0 = 8.2169e-04
Loss = 6.2159e-02, PNorm = 60.8478, GNorm = 0.2230, lr_0 = 8.1377e-04
Loss = 7.2768e-02, PNorm = 60.9124, GNorm = 0.1667, lr_0 = 8.0594e-04
Loss = 5.1133e-02, PNorm = 60.9997, GNorm = 0.0802, lr_0 = 7.9818e-04
Loss = 5.2193e-02, PNorm = 61.0953, GNorm = 0.0654, lr_0 = 7.9050e-04
Loss = 5.0801e-02, PNorm = 61.1716, GNorm = 0.0750, lr_0 = 7.8288e-04
Validation auc = 0.957403
Epoch 5
Loss = 4.0109e-02, PNorm = 61.2488, GNorm = 0.1288, lr_0 = 7.7535e-04
Loss = 4.0773e-02, PNorm = 61.3228, GNorm = 0.1332, lr_0 = 7.6788e-04
Loss = 7.9046e-02, PNorm = 61.4125, GNorm = 0.3240, lr_0 = 7.6049e-04
Loss = 7.1333e-02, PNorm = 61.5319, GNorm = 0.1623, lr_0 = 7.5317e-04
Loss = 3.8009e-02, PNorm = 61.6357, GNorm = 0.1183, lr_0 = 7.4591e-04
Loss = 5.3030e-02, PNorm = 61.7097, GNorm = 0.3179, lr_0 = 7.3873e-04
Loss = 6.1694e-02, PNorm = 61.7596, GNorm = 0.1203, lr_0 = 7.3162e-04
Loss = 2.9819e-02, PNorm = 61.8146, GNorm = 0.0436, lr_0 = 7.2458e-04
Loss = 6.2221e-02, PNorm = 61.8476, GNorm = 0.2153, lr_0 = 7.1760e-04
Validation auc = 0.964069
Epoch 6
Loss = 3.5269e-02, PNorm = 61.9366, GNorm = 0.2305, lr_0 = 7.1000e-04
Loss = 6.4718e-02, PNorm = 61.9689, GNorm = 0.1475, lr_0 = 7.0317e-04
Loss = 3.7335e-02, PNorm = 62.0503, GNorm = 0.0697, lr_0 = 6.9640e-04
Loss = 4.8212e-02, PNorm = 62.0870, GNorm = 0.0811, lr_0 = 6.8969e-04
Loss = 4.8609e-02, PNorm = 62.1330, GNorm = 0.1638, lr_0 = 6.8305e-04
Loss = 6.0643e-02, PNorm = 62.1965, GNorm = 0.1547, lr_0 = 6.7648e-04
Loss = 4.9842e-02, PNorm = 62.2425, GNorm = 0.2507, lr_0 = 6.6996e-04
Loss = 5.1461e-02, PNorm = 62.3022, GNorm = 0.1754, lr_0 = 6.6351e-04
Validation auc = 0.971930
Epoch 7
Loss = 5.5703e-02, PNorm = 62.3879, GNorm = 0.2138, lr_0 = 6.5712e-04
Loss = 5.6855e-02, PNorm = 62.4776, GNorm = 0.1829, lr_0 = 6.5080e-04
Loss = 3.9774e-02, PNorm = 62.5682, GNorm = 0.1096, lr_0 = 6.4453e-04
Loss = 4.0865e-02, PNorm = 62.6285, GNorm = 0.1864, lr_0 = 6.3833e-04
Loss = 3.8296e-02, PNorm = 62.6514, GNorm = 0.1820, lr_0 = 6.3218e-04
Loss = 5.4012e-02, PNorm = 62.6908, GNorm = 0.0971, lr_0 = 6.2609e-04
Loss = 3.3093e-02, PNorm = 62.7558, GNorm = 0.2506, lr_0 = 6.2006e-04
Loss = 3.3256e-02, PNorm = 62.7992, GNorm = 0.1180, lr_0 = 6.1409e-04
Loss = 5.0231e-02, PNorm = 62.8397, GNorm = 0.2242, lr_0 = 6.0818e-04
Validation auc = 0.977228
Epoch 8
Loss = 2.9402e-02, PNorm = 62.8888, GNorm = 0.0793, lr_0 = 6.0233e-04
Loss = 3.5474e-02, PNorm = 62.9612, GNorm = 0.1567, lr_0 = 5.9653e-04
Loss = 4.9496e-02, PNorm = 63.0149, GNorm = 0.0966, lr_0 = 5.9078e-04
Loss = 3.2416e-02, PNorm = 63.0821, GNorm = 0.1000, lr_0 = 5.8510e-04
Loss = 3.9983e-02, PNorm = 63.1247, GNorm = 0.1313, lr_0 = 5.7946e-04
Loss = 4.4566e-02, PNorm = 63.1741, GNorm = 0.1038, lr_0 = 5.7388e-04
Loss = 2.6123e-02, PNorm = 63.2073, GNorm = 0.1452, lr_0 = 5.6836e-04
Loss = 5.8734e-02, PNorm = 63.2546, GNorm = 0.2239, lr_0 = 5.6289e-04
Loss = 5.2529e-02, PNorm = 63.3251, GNorm = 0.1785, lr_0 = 5.5747e-04
Loss = 6.1667e-03, PNorm = 63.3313, GNorm = 0.0592, lr_0 = 5.5693e-04
Validation auc = 0.962561
Epoch 9
Loss = 4.4232e-02, PNorm = 63.4031, GNorm = 0.2092, lr_0 = 5.5156e-04
Loss = 3.2290e-02, PNorm = 63.4841, GNorm = 0.0399, lr_0 = 5.4625e-04
Loss = 2.9559e-02, PNorm = 63.5171, GNorm = 0.0322, lr_0 = 5.4100e-04
Loss = 3.5322e-02, PNorm = 63.5455, GNorm = 0.1872, lr_0 = 5.3579e-04
Loss = 3.2531e-02, PNorm = 63.5949, GNorm = 0.0858, lr_0 = 5.3063e-04
Loss = 4.9110e-02, PNorm = 63.6318, GNorm = 0.2043, lr_0 = 5.2552e-04
Loss = 4.4245e-02, PNorm = 63.6980, GNorm = 0.1501, lr_0 = 5.2046e-04
Loss = 4.0215e-02, PNorm = 63.7383, GNorm = 0.2223, lr_0 = 5.1545e-04
Validation auc = 0.967484
Epoch 10
Loss = 2.0433e-02, PNorm = 63.8052, GNorm = 0.1934, lr_0 = 5.1049e-04
Loss = 3.3781e-02, PNorm = 63.8653, GNorm = 0.1837, lr_0 = 5.0557e-04
Loss = 4.7885e-02, PNorm = 63.9326, GNorm = 0.3086, lr_0 = 5.0070e-04
Loss = 4.4559e-02, PNorm = 63.9853, GNorm = 0.2319, lr_0 = 4.9588e-04
Loss = 2.7314e-02, PNorm = 64.0426, GNorm = 0.0506, lr_0 = 4.9111e-04
Loss = 2.7815e-02, PNorm = 64.0808, GNorm = 0.1169, lr_0 = 4.8638e-04
Loss = 5.4399e-02, PNorm = 64.1403, GNorm = 0.2701, lr_0 = 4.8170e-04
Loss = 1.9230e-02, PNorm = 64.2175, GNorm = 0.0756, lr_0 = 4.7706e-04
Loss = 3.5068e-02, PNorm = 64.2501, GNorm = 0.2077, lr_0 = 4.7247e-04
Validation auc = 0.969198
Epoch 11
Loss = 2.2688e-02, PNorm = 64.3197, GNorm = 0.1657, lr_0 = 4.6792e-04
Loss = 4.2542e-02, PNorm = 64.3397, GNorm = 0.2794, lr_0 = 4.6341e-04
Loss = 3.0180e-02, PNorm = 64.3997, GNorm = 0.2056, lr_0 = 4.5895e-04
Loss = 3.6680e-02, PNorm = 64.4393, GNorm = 0.0706, lr_0 = 4.5453e-04
Loss = 3.3211e-02, PNorm = 64.4994, GNorm = 0.1240, lr_0 = 4.5015e-04
Loss = 3.6938e-02, PNorm = 64.5451, GNorm = 0.2757, lr_0 = 4.4582e-04
Loss = 4.5447e-02, PNorm = 64.5920, GNorm = 0.0900, lr_0 = 4.4153e-04
Loss = 2.7383e-02, PNorm = 64.6540, GNorm = 0.2119, lr_0 = 4.3728e-04
Validation auc = 0.964012
Epoch 12
Loss = 1.7619e-02, PNorm = 64.6928, GNorm = 0.0793, lr_0 = 4.3265e-04
Loss = 4.0034e-02, PNorm = 64.7277, GNorm = 0.5685, lr_0 = 4.2848e-04
Loss = 2.5841e-02, PNorm = 64.7707, GNorm = 0.1718, lr_0 = 4.2436e-04
Loss = 3.8767e-02, PNorm = 64.8352, GNorm = 0.0823, lr_0 = 4.2027e-04
Loss = 1.4894e-02, PNorm = 64.8807, GNorm = 0.0768, lr_0 = 4.1622e-04
Loss = 2.8561e-02, PNorm = 64.9117, GNorm = 0.1655, lr_0 = 4.1222e-04
Loss = 3.1719e-02, PNorm = 64.9476, GNorm = 0.0587, lr_0 = 4.0825e-04
Loss = 4.6396e-02, PNorm = 65.0008, GNorm = 0.0444, lr_0 = 4.0432e-04
Loss = 4.2055e-02, PNorm = 65.0423, GNorm = 0.1742, lr_0 = 4.0042e-04
Validation auc = 0.959803
Epoch 13
Loss = 2.9179e-02, PNorm = 65.0941, GNorm = 0.0993, lr_0 = 3.9657e-04
Loss = 3.2600e-02, PNorm = 65.1470, GNorm = 0.1169, lr_0 = 3.9275e-04
Loss = 3.1766e-02, PNorm = 65.2111, GNorm = 0.0862, lr_0 = 3.8897e-04
Loss = 9.3647e-03, PNorm = 65.2621, GNorm = 0.0348, lr_0 = 3.8522e-04
Loss = 4.6221e-02, PNorm = 65.2705, GNorm = 0.1914, lr_0 = 3.8152e-04
Loss = 2.1645e-02, PNorm = 65.3380, GNorm = 0.0674, lr_0 = 3.7784e-04
Loss = 4.2675e-02, PNorm = 65.3633, GNorm = 0.1575, lr_0 = 3.7420e-04
Loss = 4.0972e-02, PNorm = 65.4072, GNorm = 0.1978, lr_0 = 3.7060e-04
Validation auc = 0.960081
Epoch 14
Loss = 1.8033e-02, PNorm = 65.4542, GNorm = 0.1506, lr_0 = 3.6668e-04
Loss = 2.9260e-02, PNorm = 65.4827, GNorm = 0.1962, lr_0 = 3.6315e-04
Loss = 2.6394e-02, PNorm = 65.5343, GNorm = 0.2506, lr_0 = 3.5965e-04
Loss = 3.1819e-02, PNorm = 65.5725, GNorm = 0.2430, lr_0 = 3.5619e-04
Loss = 1.5927e-02, PNorm = 65.5978, GNorm = 0.1790, lr_0 = 3.5276e-04
Loss = 2.1930e-02, PNorm = 65.6386, GNorm = 0.1671, lr_0 = 3.4936e-04
Loss = 4.0732e-02, PNorm = 65.6516, GNorm = 0.3087, lr_0 = 3.4600e-04
Loss = 2.7627e-02, PNorm = 65.6988, GNorm = 0.1421, lr_0 = 3.4267e-04
Loss = 2.9847e-02, PNorm = 65.7382, GNorm = 0.2102, lr_0 = 3.3937e-04
Validation auc = 0.963751
Epoch 15
Loss = 2.5988e-02, PNorm = 65.7807, GNorm = 0.2545, lr_0 = 3.3610e-04
Loss = 2.2258e-02, PNorm = 65.8388, GNorm = 0.2374, lr_0 = 3.3287e-04
Loss = 2.4874e-02, PNorm = 65.8513, GNorm = 0.1041, lr_0 = 3.2966e-04
Loss = 3.0573e-02, PNorm = 65.8597, GNorm = 0.2189, lr_0 = 3.2649e-04
Loss = 2.8112e-02, PNorm = 65.9214, GNorm = 0.2227, lr_0 = 3.2334e-04
Loss = 1.4868e-02, PNorm = 65.9512, GNorm = 0.1350, lr_0 = 3.2023e-04
Loss = 2.4193e-02, PNorm = 65.9715, GNorm = 0.0768, lr_0 = 3.1715e-04
Loss = 2.9855e-02, PNorm = 66.0070, GNorm = 0.1260, lr_0 = 3.1409e-04
Loss = 3.5335e-02, PNorm = 66.0586, GNorm = 0.0871, lr_0 = 3.1107e-04
Validation auc = 0.957479
Epoch 16
Loss = 2.1995e-02, PNorm = 66.0916, GNorm = 0.2151, lr_0 = 3.0807e-04
Loss = 3.0582e-02, PNorm = 66.1197, GNorm = 0.1310, lr_0 = 3.0511e-04
Loss = 1.7323e-02, PNorm = 66.1694, GNorm = 0.1278, lr_0 = 3.0217e-04
Loss = 3.2038e-02, PNorm = 66.1894, GNorm = 0.3424, lr_0 = 2.9926e-04
Loss = 1.9601e-02, PNorm = 66.2197, GNorm = 0.0701, lr_0 = 2.9638e-04
Loss = 2.9089e-02, PNorm = 66.2693, GNorm = 0.2148, lr_0 = 2.9353e-04
Loss = 2.2840e-02, PNorm = 66.3066, GNorm = 0.0744, lr_0 = 2.9070e-04
Loss = 1.8254e-02, PNorm = 66.3353, GNorm = 0.1586, lr_0 = 2.8790e-04
Validation auc = 0.950076
Epoch 17
Loss = 1.6081e-02, PNorm = 66.3695, GNorm = 0.1323, lr_0 = 2.8485e-04
Loss = 2.4580e-02, PNorm = 66.3907, GNorm = 0.1262, lr_0 = 2.8211e-04
Loss = 1.8580e-02, PNorm = 66.4096, GNorm = 0.2928, lr_0 = 2.7939e-04
Loss = 2.6648e-02, PNorm = 66.4584, GNorm = 0.0483, lr_0 = 2.7670e-04
Loss = 1.4969e-02, PNorm = 66.4888, GNorm = 0.0597, lr_0 = 2.7404e-04
Loss = 2.2197e-02, PNorm = 66.5039, GNorm = 0.1739, lr_0 = 2.7140e-04
Loss = 3.6758e-02, PNorm = 66.5374, GNorm = 0.2291, lr_0 = 2.6879e-04
Loss = 1.5800e-02, PNorm = 66.5778, GNorm = 0.1907, lr_0 = 2.6620e-04
Loss = 2.2824e-02, PNorm = 66.5979, GNorm = 0.1121, lr_0 = 2.6364e-04
Validation auc = 0.964727
Epoch 18
Loss = 2.8013e-02, PNorm = 66.6284, GNorm = 0.3187, lr_0 = 2.6110e-04
Loss = 2.6199e-02, PNorm = 66.6771, GNorm = 0.1092, lr_0 = 2.5859e-04
Loss = 1.5524e-02, PNorm = 66.6961, GNorm = 0.1131, lr_0 = 2.5610e-04
Loss = 6.9618e-03, PNorm = 66.7135, GNorm = 0.0920, lr_0 = 2.5363e-04
Loss = 1.3320e-02, PNorm = 66.7298, GNorm = 0.2763, lr_0 = 2.5119e-04
Loss = 2.0437e-02, PNorm = 66.7311, GNorm = 0.1097, lr_0 = 2.4877e-04
Loss = 2.1856e-02, PNorm = 66.7710, GNorm = 0.2312, lr_0 = 2.4638e-04
Loss = 2.6206e-02, PNorm = 66.8062, GNorm = 0.0827, lr_0 = 2.4400e-04
Validation auc = 0.959222
Epoch 19
Loss = 1.7518e-02, PNorm = 66.8305, GNorm = 0.1221, lr_0 = 2.4165e-04
Loss = 1.9758e-02, PNorm = 66.8745, GNorm = 0.0503, lr_0 = 2.3933e-04
Loss = 1.2076e-02, PNorm = 66.9085, GNorm = 0.0420, lr_0 = 2.3702e-04
Loss = 1.8889e-02, PNorm = 66.9262, GNorm = 0.0905, lr_0 = 2.3474e-04
Loss = 2.1115e-02, PNorm = 66.9458, GNorm = 0.1934, lr_0 = 2.3248e-04
Loss = 1.9667e-02, PNorm = 66.9916, GNorm = 0.1220, lr_0 = 2.3024e-04
Loss = 3.1132e-02, PNorm = 67.0214, GNorm = 0.4777, lr_0 = 2.2803e-04
Loss = 1.5895e-02, PNorm = 67.0444, GNorm = 0.0617, lr_0 = 2.2583e-04
Loss = 1.6985e-02, PNorm = 67.0721, GNorm = 0.1264, lr_0 = 2.2366e-04
Validation auc = 0.959806
Epoch 20
Loss = 1.4965e-02, PNorm = 67.0996, GNorm = 0.1089, lr_0 = 2.2129e-04
Loss = 1.8007e-02, PNorm = 67.1211, GNorm = 0.0681, lr_0 = 2.1916e-04
Loss = 1.8329e-02, PNorm = 67.1329, GNorm = 0.0998, lr_0 = 2.1705e-04
Loss = 1.5731e-02, PNorm = 67.1719, GNorm = 0.0158, lr_0 = 2.1496e-04
Loss = 8.4103e-03, PNorm = 67.1937, GNorm = 0.0175, lr_0 = 2.1289e-04
Loss = 1.0384e-02, PNorm = 67.2146, GNorm = 0.0120, lr_0 = 2.1084e-04
Loss = 1.9424e-02, PNorm = 67.2245, GNorm = 0.0635, lr_0 = 2.0881e-04
Loss = 3.3929e-02, PNorm = 67.2546, GNorm = 0.3248, lr_0 = 2.0680e-04
Validation auc = 0.941357
Epoch 21
Loss = 1.2658e-02, PNorm = 67.2820, GNorm = 0.0422, lr_0 = 2.0481e-04
Loss = 1.6889e-02, PNorm = 67.3039, GNorm = 0.0651, lr_0 = 2.0283e-04
Loss = 1.2709e-02, PNorm = 67.3326, GNorm = 0.1558, lr_0 = 2.0088e-04
Loss = 1.3460e-02, PNorm = 67.3662, GNorm = 0.2767, lr_0 = 1.9895e-04
Loss = 1.2855e-02, PNorm = 67.3902, GNorm = 0.0543, lr_0 = 1.9703e-04
Loss = 1.6230e-02, PNorm = 67.4101, GNorm = 0.0616, lr_0 = 1.9514e-04
Loss = 3.4216e-02, PNorm = 67.4302, GNorm = 0.6741, lr_0 = 1.9326e-04
Loss = 1.6485e-02, PNorm = 67.4458, GNorm = 0.2061, lr_0 = 1.9140e-04
Loss = 1.7013e-02, PNorm = 67.4700, GNorm = 0.1331, lr_0 = 1.8955e-04
Validation auc = 0.960049
Epoch 22
Loss = 1.3965e-02, PNorm = 67.4845, GNorm = 0.0550, lr_0 = 1.8773e-04
Loss = 1.1750e-02, PNorm = 67.5025, GNorm = 0.0830, lr_0 = 1.8592e-04
Loss = 1.8692e-02, PNorm = 67.5211, GNorm = 0.0429, lr_0 = 1.8413e-04
Loss = 1.7033e-02, PNorm = 67.5429, GNorm = 0.0309, lr_0 = 1.8236e-04
Loss = 1.8020e-02, PNorm = 67.5648, GNorm = 0.2075, lr_0 = 1.8060e-04
Loss = 2.9408e-02, PNorm = 67.5948, GNorm = 0.1322, lr_0 = 1.7886e-04
Loss = 1.0994e-02, PNorm = 67.6209, GNorm = 0.0132, lr_0 = 1.7714e-04
Loss = 1.1145e-02, PNorm = 67.6393, GNorm = 0.0174, lr_0 = 1.7544e-04
Validation auc = 0.956295
Epoch 23
Loss = 3.1630e-02, PNorm = 67.6503, GNorm = 0.1548, lr_0 = 1.7358e-04
Loss = 1.0957e-02, PNorm = 67.6728, GNorm = 0.1915, lr_0 = 1.7191e-04
Loss = 1.3734e-02, PNorm = 67.6928, GNorm = 0.0489, lr_0 = 1.7025e-04
Loss = 1.1997e-02, PNorm = 67.7091, GNorm = 0.1615, lr_0 = 1.6861e-04
Loss = 1.9454e-02, PNorm = 67.7297, GNorm = 0.2101, lr_0 = 1.6699e-04
Loss = 1.2038e-02, PNorm = 67.7391, GNorm = 0.0372, lr_0 = 1.6538e-04
Loss = 2.0908e-02, PNorm = 67.7577, GNorm = 0.0459, lr_0 = 1.6379e-04
Loss = 1.2212e-02, PNorm = 67.7665, GNorm = 0.1303, lr_0 = 1.6221e-04
Loss = 1.0657e-02, PNorm = 67.7885, GNorm = 0.0456, lr_0 = 1.6065e-04
Validation auc = 0.944935
Epoch 24
Loss = 1.0641e-02, PNorm = 67.8044, GNorm = 0.0793, lr_0 = 1.5910e-04
Loss = 1.6364e-02, PNorm = 67.8201, GNorm = 0.0679, lr_0 = 1.5757e-04
Loss = 1.3533e-02, PNorm = 67.8453, GNorm = 0.2129, lr_0 = 1.5605e-04
Loss = 8.9596e-03, PNorm = 67.8630, GNorm = 0.1244, lr_0 = 1.5455e-04
Loss = 1.6960e-02, PNorm = 67.8696, GNorm = 0.1274, lr_0 = 1.5306e-04
Loss = 2.4100e-02, PNorm = 67.8825, GNorm = 0.5413, lr_0 = 1.5159e-04
Loss = 1.7667e-02, PNorm = 67.9228, GNorm = 0.0701, lr_0 = 1.5013e-04
Loss = 1.4919e-02, PNorm = 67.9384, GNorm = 0.0079, lr_0 = 1.4869e-04
Loss = 1.6218e-02, PNorm = 67.9355, GNorm = 0.1014, lr_0 = 1.4725e-04
Validation auc = 0.958064
Epoch 25
Loss = 1.2665e-02, PNorm = 67.9437, GNorm = 0.2266, lr_0 = 1.4584e-04
Loss = 1.3328e-02, PNorm = 67.9623, GNorm = 0.0601, lr_0 = 1.4443e-04
Loss = 7.0017e-03, PNorm = 67.9868, GNorm = 0.0170, lr_0 = 1.4304e-04
Loss = 1.6999e-02, PNorm = 68.0003, GNorm = 0.0085, lr_0 = 1.4166e-04
Loss = 1.1910e-02, PNorm = 68.0172, GNorm = 0.1391, lr_0 = 1.4030e-04
Loss = 8.3329e-03, PNorm = 68.0306, GNorm = 0.0223, lr_0 = 1.3895e-04
Loss = 1.1247e-02, PNorm = 68.0363, GNorm = 0.0687, lr_0 = 1.3761e-04
Loss = 1.4323e-02, PNorm = 68.0547, GNorm = 0.0431, lr_0 = 1.3629e-04
Validation auc = 0.942315
Epoch 26
Loss = 7.4574e-03, PNorm = 68.0746, GNorm = 0.0344, lr_0 = 1.3484e-04
Loss = 5.3588e-03, PNorm = 68.0856, GNorm = 0.0522, lr_0 = 1.3355e-04
Loss = 1.6490e-02, PNorm = 68.0901, GNorm = 0.0655, lr_0 = 1.3226e-04
Loss = 1.7583e-02, PNorm = 68.1123, GNorm = 0.0668, lr_0 = 1.3099e-04
Loss = 1.5762e-02, PNorm = 68.1278, GNorm = 0.1316, lr_0 = 1.2973e-04
Loss = 1.5986e-02, PNorm = 68.1397, GNorm = 0.5529, lr_0 = 1.2848e-04
Loss = 1.0949e-02, PNorm = 68.1534, GNorm = 0.1646, lr_0 = 1.2724e-04
Loss = 1.0406e-02, PNorm = 68.1774, GNorm = 0.2463, lr_0 = 1.2601e-04
Loss = 1.0967e-02, PNorm = 68.1936, GNorm = 0.0301, lr_0 = 1.2480e-04
Validation auc = 0.943713
Epoch 27
Loss = 4.1088e-03, PNorm = 68.1987, GNorm = 0.1994, lr_0 = 1.2360e-04
Loss = 1.1224e-02, PNorm = 68.2043, GNorm = 0.2615, lr_0 = 1.2241e-04
Loss = 1.1427e-02, PNorm = 68.2210, GNorm = 0.1319, lr_0 = 1.2123e-04
Loss = 1.1700e-02, PNorm = 68.2369, GNorm = 0.2709, lr_0 = 1.2006e-04
Loss = 1.4144e-02, PNorm = 68.2498, GNorm = 0.4013, lr_0 = 1.1891e-04
Loss = 7.0955e-03, PNorm = 68.2649, GNorm = 0.1758, lr_0 = 1.1776e-04
Loss = 1.1666e-02, PNorm = 68.2831, GNorm = 0.0232, lr_0 = 1.1663e-04
Loss = 1.4597e-02, PNorm = 68.2830, GNorm = 0.3747, lr_0 = 1.1551e-04
Validation auc = 0.961182
Epoch 28
Loss = 1.6762e-02, PNorm = 68.2882, GNorm = 0.1421, lr_0 = 1.1428e-04
Loss = 9.5556e-03, PNorm = 68.3066, GNorm = 0.2373, lr_0 = 1.1318e-04
Loss = 1.0459e-02, PNorm = 68.3185, GNorm = 0.0546, lr_0 = 1.1209e-04
Loss = 1.3363e-02, PNorm = 68.3231, GNorm = 0.0648, lr_0 = 1.1101e-04
Loss = 9.5364e-03, PNorm = 68.3412, GNorm = 0.0822, lr_0 = 1.0995e-04
Loss = 8.2949e-03, PNorm = 68.3559, GNorm = 0.0031, lr_0 = 1.0889e-04
Loss = 1.1846e-02, PNorm = 68.3595, GNorm = 0.0434, lr_0 = 1.0784e-04
Loss = 8.9364e-03, PNorm = 68.3680, GNorm = 0.0575, lr_0 = 1.0680e-04
Loss = 1.7285e-02, PNorm = 68.3739, GNorm = 0.1738, lr_0 = 1.0577e-04
Validation auc = 0.960155
Epoch 29
Loss = 1.1524e-02, PNorm = 68.3829, GNorm = 0.2511, lr_0 = 1.0475e-04
Loss = 6.3033e-03, PNorm = 68.4003, GNorm = 0.0100, lr_0 = 1.0374e-04
Loss = 8.9443e-03, PNorm = 68.4079, GNorm = 0.0417, lr_0 = 1.0275e-04
Loss = 8.6839e-03, PNorm = 68.4109, GNorm = 0.0961, lr_0 = 1.0176e-04
Loss = 8.8561e-03, PNorm = 68.4203, GNorm = 0.2421, lr_0 = 1.0078e-04
Loss = 1.2758e-02, PNorm = 68.4321, GNorm = 0.2016, lr_0 = 1.0000e-04
Loss = 1.1888e-02, PNorm = 68.4450, GNorm = 0.0401, lr_0 = 1.0000e-04
Loss = 1.5985e-02, PNorm = 68.4487, GNorm = 0.3279, lr_0 = 1.0000e-04
Validation auc = 0.962700
Model 0 best validation auc = 0.977228 on epoch 7
Loading pretrained parameter "encoder.encoder.0.cached_zero_vector".
Loading pretrained parameter "encoder.encoder.0.W_i.weight".
Loading pretrained parameter "encoder.encoder.0.W_h.weight".
Loading pretrained parameter "encoder.encoder.0.W_o.weight".
Loading pretrained parameter "encoder.encoder.0.W_o.bias".
Loading pretrained parameter "ffn.1.weight".
Loading pretrained parameter "ffn.1.bias".
Loading pretrained parameter "ffn.4.weight".
Loading pretrained parameter "ffn.4.bias".
Moving model to cuda
Model 0 test auc = 0.801106
Ensemble test auc = 0.801106
Fold 1
Splitting data with seed 1
Total scaffolds = 3,467 | train scaffolds = 2,658 | val scaffolds = 399 | test scaffolds = 410
Label averages per scaffold, in decreasing order of scaffold frequency,capped at 10 scaffolds and 20 labels:
Scaffold 0
Task 0: count = 381 | target average = 0.018373
Task 1: count = 381 | target average = 0.013123


Scaffold 1
Task 0: count = 305 | target average = 0.009836
Task 1: count = 305 | target average = 0.016393


Scaffold 2
Task 0: count = 36 | target average = 0.000000
Task 1: count = 36 | target average = 0.000000


Scaffold 3
Task 0: count = 29 | target average = 0.000000
Task 1: count = 29 | target average = 0.000000


Scaffold 4
Task 0: count = 26 | target average = 0.000000
Task 1: count = 26 | target average = 0.000000


Scaffold 5
Task 0: count = 23 | target average = 0.000000
Task 1: count = 23 | target average = 0.000000


Scaffold 6
Task 0: count = 22 | target average = 0.090909
Task 1: count = 22 | target average = 0.090909


Scaffold 7
Task 0: count = 20 | target average = 0.050000
Task 1: count = 20 | target average = 0.000000


Scaffold 8
Task 0: count = 20 | target average = 0.000000
Task 1: count = 20 | target average = 0.000000


Scaffold 9
Task 0: count = 20 | target average = 0.000000
Task 1: count = 20 | target average = 0.000000


Class sizes
hit_inh 0: 97.83%, 1: 2.17%
hit_kill 0: 98.64%, 1: 1.36%
Total size = 5,353 | train size = 4,282 | val size = 535 | test size = 536
Building model 0
MoleculeModel(
  (sigmoid): Sigmoid()
  (encoder): MPN(
    (encoder): ModuleList(
      (0): MPNEncoder(
        (dropout_layer): Dropout(p=0.1, inplace=False)
        (act_func): ReLU()
        (W_i): Linear(in_features=147, out_features=1000, bias=False)
        (W_h): Linear(in_features=1000, out_features=1000, bias=False)
        (W_o): Linear(in_features=1133, out_features=1000, bias=True)
      )
    )
  )
  (ffn): Sequential(
    (0): Dropout(p=0.1, inplace=False)
    (1): Linear(in_features=1200, out_features=1000, bias=True)
    (2): ReLU()
    (3): Dropout(p=0.1, inplace=False)
    (4): Linear(in_features=1000, out_features=2, bias=True)
  )
)
Number of parameters = 3,484,002
Moving model to cuda
Epoch 0
Loss = 2.3207e-01, PNorm = 58.4716, GNorm = 0.0617, lr_0 = 1.5824e-04
Loss = 1.1510e-01, PNorm = 58.4843, GNorm = 0.4596, lr_0 = 2.1118e-04
Loss = 8.2089e-02, PNorm = 58.4912, GNorm = 0.5578, lr_0 = 2.6412e-04
Loss = 7.3667e-02, PNorm = 58.4992, GNorm = 0.1847, lr_0 = 3.1706e-04
Loss = 8.9416e-02, PNorm = 58.5095, GNorm = 0.1284, lr_0 = 3.7000e-04
Loss = 1.1001e-01, PNorm = 58.5216, GNorm = 0.1405, lr_0 = 4.2294e-04
Loss = 1.0118e-01, PNorm = 58.5435, GNorm = 0.1738, lr_0 = 4.7588e-04
Loss = 1.0401e-01, PNorm = 58.5663, GNorm = 0.1402, lr_0 = 5.2882e-04
Validation auc = 0.835527
Epoch 1
Loss = 4.8653e-02, PNorm = 58.6080, GNorm = 0.1920, lr_0 = 5.8706e-04
Loss = 9.4230e-02, PNorm = 58.6415, GNorm = 0.2211, lr_0 = 6.4000e-04
Loss = 1.0391e-01, PNorm = 58.6885, GNorm = 0.4552, lr_0 = 6.9294e-04
Loss = 8.9906e-02, PNorm = 58.7596, GNorm = 0.1820, lr_0 = 7.4588e-04
Loss = 6.5262e-02, PNorm = 58.8163, GNorm = 0.2120, lr_0 = 7.9882e-04
Loss = 6.2336e-02, PNorm = 58.8715, GNorm = 0.0932, lr_0 = 8.5176e-04
Loss = 7.8187e-02, PNorm = 58.9260, GNorm = 0.1784, lr_0 = 9.0471e-04
Loss = 8.2893e-02, PNorm = 58.9898, GNorm = 0.1412, lr_0 = 9.5765e-04
Loss = 1.0212e-01, PNorm = 59.0655, GNorm = 0.2366, lr_0 = 9.9807e-04
Validation auc = 0.879498
Epoch 2
Loss = 7.1783e-02, PNorm = 59.1829, GNorm = 0.0524, lr_0 = 9.8846e-04
Loss = 8.9021e-02, PNorm = 59.2702, GNorm = 0.1820, lr_0 = 9.7894e-04
Loss = 7.0180e-02, PNorm = 59.4065, GNorm = 0.0578, lr_0 = 9.6952e-04
Loss = 7.4283e-02, PNorm = 59.4780, GNorm = 0.1327, lr_0 = 9.6018e-04
Loss = 4.9164e-02, PNorm = 59.5998, GNorm = 0.1583, lr_0 = 9.5094e-04
Loss = 6.5437e-02, PNorm = 59.6491, GNorm = 0.1003, lr_0 = 9.4178e-04
Loss = 7.9174e-02, PNorm = 59.7173, GNorm = 0.1257, lr_0 = 9.3271e-04
Loss = 7.3926e-02, PNorm = 59.8008, GNorm = 0.2293, lr_0 = 9.2373e-04
Validation auc = 0.888884
Epoch 3
Loss = 1.1253e-01, PNorm = 59.9056, GNorm = 0.2417, lr_0 = 9.1395e-04
Loss = 7.5873e-02, PNorm = 59.9994, GNorm = 0.1662, lr_0 = 9.0515e-04
Loss = 4.5445e-02, PNorm = 60.1187, GNorm = 0.1531, lr_0 = 8.9644e-04
Loss = 6.5215e-02, PNorm = 60.1686, GNorm = 0.2145, lr_0 = 8.8781e-04
Loss = 6.0117e-02, PNorm = 60.2496, GNorm = 0.1097, lr_0 = 8.7926e-04
Loss = 6.1391e-02, PNorm = 60.3388, GNorm = 0.1072, lr_0 = 8.7080e-04
Loss = 5.9165e-02, PNorm = 60.4397, GNorm = 0.1257, lr_0 = 8.6241e-04
Loss = 8.9231e-02, PNorm = 60.5426, GNorm = 0.1357, lr_0 = 8.5411e-04
Loss = 5.7019e-02, PNorm = 60.6437, GNorm = 0.1294, lr_0 = 8.4588e-04
Validation auc = 0.864211
Epoch 4
Loss = 2.8816e-02, PNorm = 60.7374, GNorm = 0.0750, lr_0 = 8.3774e-04
Loss = 6.7759e-02, PNorm = 60.8161, GNorm = 0.3545, lr_0 = 8.2967e-04
Loss = 8.0590e-02, PNorm = 60.8782, GNorm = 0.1364, lr_0 = 8.2169e-04
Loss = 5.3366e-02, PNorm = 60.9588, GNorm = 0.1829, lr_0 = 8.1377e-04
Loss = 6.6901e-02, PNorm = 61.0247, GNorm = 0.1997, lr_0 = 8.0594e-04
Loss = 4.2922e-02, PNorm = 61.1041, GNorm = 0.3066, lr_0 = 7.9818e-04
Loss = 7.6310e-02, PNorm = 61.1552, GNorm = 0.1689, lr_0 = 7.9050e-04
Loss = 7.0863e-02, PNorm = 61.2144, GNorm = 0.1029, lr_0 = 7.8288e-04
Validation auc = 0.859666
Epoch 5
Loss = 3.3306e-02, PNorm = 61.2857, GNorm = 0.1281, lr_0 = 7.7535e-04
Loss = 5.1016e-02, PNorm = 61.3309, GNorm = 0.1123, lr_0 = 7.6788e-04
Loss = 4.8433e-02, PNorm = 61.4037, GNorm = 0.1658, lr_0 = 7.6049e-04
Loss = 4.3412e-02, PNorm = 61.4824, GNorm = 0.2230, lr_0 = 7.5317e-04
Loss = 6.5213e-02, PNorm = 61.5243, GNorm = 0.1302, lr_0 = 7.4591e-04
Loss = 6.0044e-02, PNorm = 61.6175, GNorm = 0.3293, lr_0 = 7.3873e-04
Loss = 6.7721e-02, PNorm = 61.6842, GNorm = 0.2902, lr_0 = 7.3162e-04
Loss = 5.4565e-02, PNorm = 61.7479, GNorm = 0.0854, lr_0 = 7.2458e-04
Loss = 5.5794e-02, PNorm = 61.7979, GNorm = 0.1044, lr_0 = 7.1760e-04
Validation auc = 0.872488
Epoch 6
Loss = 5.1736e-02, PNorm = 61.8793, GNorm = 0.1187, lr_0 = 7.1000e-04
Loss = 6.7469e-02, PNorm = 61.9565, GNorm = 0.2065, lr_0 = 7.0317e-04
Loss = 3.0395e-02, PNorm = 62.0378, GNorm = 0.1492, lr_0 = 6.9640e-04
Loss = 3.9113e-02, PNorm = 62.0941, GNorm = 0.2030, lr_0 = 6.8969e-04
Loss = 5.5614e-02, PNorm = 62.1775, GNorm = 0.0406, lr_0 = 6.8305e-04
Loss = 5.8670e-02, PNorm = 62.2017, GNorm = 0.1072, lr_0 = 6.7648e-04
Loss = 4.3539e-02, PNorm = 62.2499, GNorm = 0.2216, lr_0 = 6.6996e-04
Loss = 6.2789e-02, PNorm = 62.2957, GNorm = 0.1574, lr_0 = 6.6351e-04
Validation auc = 0.878908
Epoch 7
Loss = 1.3828e-02, PNorm = 62.3794, GNorm = 0.0762, lr_0 = 6.5712e-04
Loss = 3.2424e-02, PNorm = 62.4636, GNorm = 0.0537, lr_0 = 6.5080e-04
Loss = 5.7492e-02, PNorm = 62.5161, GNorm = 0.2720, lr_0 = 6.4453e-04
Loss = 5.0876e-02, PNorm = 62.5862, GNorm = 0.1958, lr_0 = 6.3833e-04
Loss = 5.0521e-02, PNorm = 62.6502, GNorm = 0.0867, lr_0 = 6.3218e-04
Loss = 4.3192e-02, PNorm = 62.7473, GNorm = 0.2953, lr_0 = 6.2609e-04
Loss = 4.1057e-02, PNorm = 62.8232, GNorm = 0.1221, lr_0 = 6.2006e-04
Loss = 4.7780e-02, PNorm = 62.8950, GNorm = 0.2951, lr_0 = 6.1409e-04
Loss = 5.2340e-02, PNorm = 62.9344, GNorm = 0.1354, lr_0 = 6.0818e-04
Validation auc = 0.876985
Epoch 8
Loss = 2.6532e-02, PNorm = 63.0186, GNorm = 0.0351, lr_0 = 6.0233e-04
Loss = 4.5944e-02, PNorm = 63.0378, GNorm = 0.1899, lr_0 = 5.9653e-04
Loss = 3.8540e-02, PNorm = 63.0935, GNorm = 0.0962, lr_0 = 5.9078e-04
Loss = 3.7043e-02, PNorm = 63.1339, GNorm = 0.0507, lr_0 = 5.8510e-04
Loss = 3.9077e-02, PNorm = 63.1900, GNorm = 0.0884, lr_0 = 5.7946e-04
Loss = 4.3452e-02, PNorm = 63.2368, GNorm = 0.1270, lr_0 = 5.7388e-04
Loss = 3.9561e-02, PNorm = 63.2930, GNorm = 0.0788, lr_0 = 5.6836e-04
Loss = 5.9250e-02, PNorm = 63.3516, GNorm = 0.0800, lr_0 = 5.6289e-04
Loss = 6.8064e-02, PNorm = 63.3979, GNorm = 0.1686, lr_0 = 5.5747e-04
Loss = 1.7815e-02, PNorm = 63.4045, GNorm = 0.1253, lr_0 = 5.5693e-04
Validation auc = 0.858885
Epoch 9
Loss = 2.7541e-02, PNorm = 63.5022, GNorm = 0.1226, lr_0 = 5.5156e-04
Loss = 4.3006e-02, PNorm = 63.5514, GNorm = 0.0668, lr_0 = 5.4625e-04
Loss = 5.7488e-02, PNorm = 63.6239, GNorm = 0.1741, lr_0 = 5.4100e-04
Loss = 4.7761e-02, PNorm = 63.6926, GNorm = 0.2589, lr_0 = 5.3579e-04
Loss = 5.7203e-02, PNorm = 63.7267, GNorm = 0.1010, lr_0 = 5.3063e-04
Loss = 2.8665e-02, PNorm = 63.8133, GNorm = 0.0874, lr_0 = 5.2552e-04
Loss = 3.0368e-02, PNorm = 63.8576, GNorm = 0.1239, lr_0 = 5.2046e-04
Loss = 4.5522e-02, PNorm = 63.9011, GNorm = 0.0879, lr_0 = 5.1545e-04
Validation auc = 0.869569
Epoch 10
Loss = 2.0465e-02, PNorm = 63.9503, GNorm = 0.1095, lr_0 = 5.1049e-04
Loss = 2.1453e-02, PNorm = 64.0144, GNorm = 0.0455, lr_0 = 5.0557e-04
Loss = 3.3513e-02, PNorm = 64.0407, GNorm = 0.1483, lr_0 = 5.0070e-04
Loss = 4.8210e-02, PNorm = 64.0954, GNorm = 0.1265, lr_0 = 4.9588e-04
Loss = 4.5901e-02, PNorm = 64.1206, GNorm = 0.3109, lr_0 = 4.9111e-04
Loss = 5.2522e-02, PNorm = 64.1799, GNorm = 0.2669, lr_0 = 4.8638e-04
Loss = 3.6485e-02, PNorm = 64.2392, GNorm = 0.1566, lr_0 = 4.8170e-04
Loss = 3.4999e-02, PNorm = 64.2728, GNorm = 0.1397, lr_0 = 4.7706e-04
Loss = 4.0300e-02, PNorm = 64.3256, GNorm = 0.0776, lr_0 = 4.7247e-04
Validation auc = 0.857301
Epoch 11
Loss = 2.9849e-02, PNorm = 64.3647, GNorm = 0.0559, lr_0 = 4.6792e-04
Loss = 2.1310e-02, PNorm = 64.4133, GNorm = 0.1692, lr_0 = 4.6341e-04
Loss = 3.0917e-02, PNorm = 64.4556, GNorm = 0.1283, lr_0 = 4.5895e-04
Loss = 5.0990e-02, PNorm = 64.4939, GNorm = 0.2095, lr_0 = 4.5453e-04
Loss = 3.7853e-02, PNorm = 64.5621, GNorm = 0.0366, lr_0 = 4.5015e-04
Loss = 2.4280e-02, PNorm = 64.5875, GNorm = 0.0437, lr_0 = 4.4582e-04
Loss = 5.2619e-02, PNorm = 64.6064, GNorm = 0.2308, lr_0 = 4.4153e-04
Loss = 3.4359e-02, PNorm = 64.6894, GNorm = 0.0960, lr_0 = 4.3728e-04
Validation auc = 0.866327
Epoch 12
Loss = 2.6454e-02, PNorm = 64.7376, GNorm = 0.1369, lr_0 = 4.3265e-04
Loss = 2.3347e-02, PNorm = 64.8119, GNorm = 0.1073, lr_0 = 4.2848e-04
Loss = 2.8223e-02, PNorm = 64.8743, GNorm = 0.2639, lr_0 = 4.2436e-04
Loss = 1.9274e-02, PNorm = 64.9006, GNorm = 0.0558, lr_0 = 4.2027e-04
Loss = 3.8139e-02, PNorm = 64.9256, GNorm = 0.1227, lr_0 = 4.1622e-04
Loss = 2.6650e-02, PNorm = 64.9646, GNorm = 0.0778, lr_0 = 4.1222e-04
Loss = 5.4776e-02, PNorm = 64.9926, GNorm = 0.2660, lr_0 = 4.0825e-04
Loss = 4.3547e-02, PNorm = 65.0638, GNorm = 0.1213, lr_0 = 4.0432e-04
Loss = 4.2204e-02, PNorm = 65.1069, GNorm = 0.3187, lr_0 = 4.0042e-04
Validation auc = 0.868003
Epoch 13
Loss = 3.2314e-02, PNorm = 65.1522, GNorm = 0.2028, lr_0 = 3.9657e-04
Loss = 2.5065e-02, PNorm = 65.2054, GNorm = 0.0144, lr_0 = 3.9275e-04
Loss = 3.1285e-02, PNorm = 65.2212, GNorm = 0.0957, lr_0 = 3.8897e-04
Loss = 2.3689e-02, PNorm = 65.2473, GNorm = 0.0965, lr_0 = 3.8522e-04
Loss = 3.2429e-02, PNorm = 65.2918, GNorm = 0.1195, lr_0 = 3.8152e-04
Loss = 2.5536e-02, PNorm = 65.3219, GNorm = 0.2126, lr_0 = 3.7784e-04
Loss = 4.4673e-02, PNorm = 65.3413, GNorm = 0.1517, lr_0 = 3.7420e-04
Loss = 3.1918e-02, PNorm = 65.3941, GNorm = 0.2097, lr_0 = 3.7060e-04
Validation auc = 0.867826
Epoch 14
Loss = 2.6500e-02, PNorm = 65.4439, GNorm = 0.1827, lr_0 = 3.6668e-04
Loss = 2.2291e-02, PNorm = 65.4920, GNorm = 0.1073, lr_0 = 3.6315e-04
Loss = 5.0355e-02, PNorm = 65.5409, GNorm = 0.2561, lr_0 = 3.5965e-04
Loss = 2.1247e-02, PNorm = 65.6456, GNorm = 0.1607, lr_0 = 3.5619e-04
Loss = 3.1361e-02, PNorm = 65.6819, GNorm = 0.1677, lr_0 = 3.5276e-04
Loss = 2.1850e-02, PNorm = 65.7200, GNorm = 0.0677, lr_0 = 3.4936e-04
Loss = 4.1741e-02, PNorm = 65.7488, GNorm = 0.1402, lr_0 = 3.4600e-04
Loss = 2.9735e-02, PNorm = 65.7977, GNorm = 0.1440, lr_0 = 3.4267e-04
Loss = 2.7094e-02, PNorm = 65.8435, GNorm = 0.2087, lr_0 = 3.3937e-04
Validation auc = 0.849030
Epoch 15
Loss = 6.1840e-02, PNorm = 65.8549, GNorm = 0.1660, lr_0 = 3.3610e-04
Loss = 2.5236e-02, PNorm = 65.9105, GNorm = 0.0996, lr_0 = 3.3287e-04
Loss = 4.3235e-02, PNorm = 65.9439, GNorm = 0.1427, lr_0 = 3.2966e-04
Loss = 2.0360e-02, PNorm = 65.9612, GNorm = 0.0839, lr_0 = 3.2649e-04
Loss = 1.8421e-02, PNorm = 65.9984, GNorm = 0.1533, lr_0 = 3.2334e-04
Loss = 3.2631e-02, PNorm = 66.0393, GNorm = 0.0508, lr_0 = 3.2023e-04
Loss = 2.8657e-02, PNorm = 66.0597, GNorm = 0.1599, lr_0 = 3.1715e-04
Loss = 2.4924e-02, PNorm = 66.0979, GNorm = 0.1817, lr_0 = 3.1409e-04
Loss = 2.9276e-02, PNorm = 66.1478, GNorm = 0.0732, lr_0 = 3.1107e-04
Validation auc = 0.871068
Epoch 16
Loss = 2.9565e-02, PNorm = 66.1842, GNorm = 0.1582, lr_0 = 3.0807e-04
Loss = 1.6103e-02, PNorm = 66.2385, GNorm = 0.0175, lr_0 = 3.0511e-04
Loss = 3.1656e-02, PNorm = 66.2503, GNorm = 0.1806, lr_0 = 3.0217e-04
Loss = 2.5727e-02, PNorm = 66.2906, GNorm = 0.1537, lr_0 = 2.9926e-04
Loss = 2.7409e-02, PNorm = 66.3239, GNorm = 0.0646, lr_0 = 2.9638e-04
Loss = 3.8347e-02, PNorm = 66.3643, GNorm = 0.0735, lr_0 = 2.9353e-04
Loss = 1.7801e-02, PNorm = 66.4074, GNorm = 0.3535, lr_0 = 2.9070e-04
Loss = 1.3528e-02, PNorm = 66.4329, GNorm = 0.2188, lr_0 = 2.8790e-04
Validation auc = 0.861609
Epoch 17
Loss = 2.1455e-02, PNorm = 66.4721, GNorm = 0.0131, lr_0 = 2.8485e-04
Loss = 2.3497e-02, PNorm = 66.4970, GNorm = 0.2574, lr_0 = 2.8211e-04
Loss = 2.9218e-02, PNorm = 66.5166, GNorm = 0.0821, lr_0 = 2.7939e-04
Loss = 2.7688e-02, PNorm = 66.5448, GNorm = 0.1334, lr_0 = 2.7670e-04
Loss = 1.7457e-02, PNorm = 66.5856, GNorm = 0.0185, lr_0 = 2.7404e-04
Loss = 2.4163e-02, PNorm = 66.6010, GNorm = 0.0844, lr_0 = 2.7140e-04
Loss = 3.1817e-02, PNorm = 66.6067, GNorm = 0.2927, lr_0 = 2.6879e-04
Loss = 2.1423e-02, PNorm = 66.6528, GNorm = 0.0783, lr_0 = 2.6620e-04
Loss = 2.7420e-02, PNorm = 66.6829, GNorm = 0.1567, lr_0 = 2.6364e-04
Validation auc = 0.859368
Epoch 18
Loss = 1.5817e-02, PNorm = 66.7210, GNorm = 0.0433, lr_0 = 2.6110e-04
Loss = 2.8812e-02, PNorm = 66.7447, GNorm = 0.1995, lr_0 = 2.5859e-04
Loss = 3.3696e-02, PNorm = 66.7756, GNorm = 0.1683, lr_0 = 2.5610e-04
Loss = 2.5223e-02, PNorm = 66.8376, GNorm = 0.4304, lr_0 = 2.5363e-04
Loss = 3.2025e-02, PNorm = 66.8587, GNorm = 0.2298, lr_0 = 2.5119e-04
Loss = 1.2212e-02, PNorm = 66.9071, GNorm = 0.0458, lr_0 = 2.4877e-04
Loss = 1.7009e-02, PNorm = 66.9384, GNorm = 0.0436, lr_0 = 2.4638e-04
Loss = 1.6234e-02, PNorm = 66.9455, GNorm = 0.1577, lr_0 = 2.4400e-04
Validation auc = 0.863711
Epoch 19
Loss = 2.1273e-02, PNorm = 66.9604, GNorm = 0.1883, lr_0 = 2.4165e-04
Loss = 2.2230e-02, PNorm = 66.9709, GNorm = 0.1396, lr_0 = 2.3933e-04
Loss = 1.9828e-02, PNorm = 66.9967, GNorm = 0.0826, lr_0 = 2.3702e-04
Loss = 1.6207e-02, PNorm = 67.0229, GNorm = 0.0681, lr_0 = 2.3474e-04
Loss = 1.4931e-02, PNorm = 67.0482, GNorm = 0.3190, lr_0 = 2.3248e-04
Loss = 2.6730e-02, PNorm = 67.0755, GNorm = 0.1082, lr_0 = 2.3024e-04
Loss = 3.0516e-02, PNorm = 67.1144, GNorm = 0.3147, lr_0 = 2.2803e-04
Loss = 1.0677e-02, PNorm = 67.1494, GNorm = 0.2153, lr_0 = 2.2583e-04
Loss = 1.8290e-02, PNorm = 67.1515, GNorm = 0.0609, lr_0 = 2.2366e-04
Validation auc = 0.864705
Epoch 20
Loss = 1.6579e-02, PNorm = 67.1821, GNorm = 0.2590, lr_0 = 2.2129e-04
Loss = 2.0945e-02, PNorm = 67.2067, GNorm = 0.0593, lr_0 = 2.1916e-04
Loss = 1.6106e-02, PNorm = 67.2224, GNorm = 0.0648, lr_0 = 2.1705e-04
Loss = 1.2824e-02, PNorm = 67.2417, GNorm = 0.0688, lr_0 = 2.1496e-04
Loss = 2.8020e-02, PNorm = 67.2597, GNorm = 0.1035, lr_0 = 2.1289e-04
Loss = 1.9655e-02, PNorm = 67.2690, GNorm = 0.1548, lr_0 = 2.1084e-04
Loss = 1.2464e-02, PNorm = 67.2932, GNorm = 0.0461, lr_0 = 2.0881e-04
Loss = 2.2313e-02, PNorm = 67.3215, GNorm = 0.3197, lr_0 = 2.0680e-04
Validation auc = 0.866628
Epoch 21
Loss = 7.3647e-03, PNorm = 67.3329, GNorm = 0.1098, lr_0 = 2.0481e-04
Loss = 1.8245e-02, PNorm = 67.3694, GNorm = 0.0820, lr_0 = 2.0283e-04
Loss = 1.0326e-02, PNorm = 67.3853, GNorm = 0.0447, lr_0 = 2.0088e-04
Loss = 2.4482e-02, PNorm = 67.3953, GNorm = 0.1787, lr_0 = 1.9895e-04
Loss = 1.4216e-02, PNorm = 67.4187, GNorm = 0.0663, lr_0 = 1.9703e-04
Loss = 2.2037e-02, PNorm = 67.4333, GNorm = 0.1900, lr_0 = 1.9514e-04
Loss = 2.0896e-02, PNorm = 67.4594, GNorm = 0.1004, lr_0 = 1.9326e-04
Loss = 1.0708e-02, PNorm = 67.4902, GNorm = 0.0932, lr_0 = 1.9140e-04
Loss = 1.9514e-02, PNorm = 67.5132, GNorm = 0.3856, lr_0 = 1.8955e-04
Validation auc = 0.865944
Epoch 22
Loss = 4.4493e-03, PNorm = 67.5383, GNorm = 0.0488, lr_0 = 1.8773e-04
Loss = 2.4884e-02, PNorm = 67.5467, GNorm = 0.1545, lr_0 = 1.8592e-04
Loss = 6.5282e-03, PNorm = 67.5693, GNorm = 0.0815, lr_0 = 1.8413e-04
Loss = 1.7474e-02, PNorm = 67.6009, GNorm = 0.0295, lr_0 = 1.8236e-04
Loss = 2.4644e-02, PNorm = 67.6120, GNorm = 0.2212, lr_0 = 1.8060e-04
Loss = 1.0278e-02, PNorm = 67.6398, GNorm = 0.0336, lr_0 = 1.7886e-04
Loss = 2.8051e-02, PNorm = 67.6720, GNorm = 0.4202, lr_0 = 1.7714e-04
Loss = 1.7033e-02, PNorm = 67.6814, GNorm = 0.1417, lr_0 = 1.7544e-04
Validation auc = 0.851883
Epoch 23
Loss = 1.3677e-02, PNorm = 67.7156, GNorm = 0.1248, lr_0 = 1.7358e-04
Loss = 1.1986e-02, PNorm = 67.7372, GNorm = 0.2673, lr_0 = 1.7191e-04
Loss = 1.8038e-02, PNorm = 67.7402, GNorm = 0.1041, lr_0 = 1.7025e-04
Loss = 1.0255e-02, PNorm = 67.7819, GNorm = 0.0311, lr_0 = 1.6861e-04
Loss = 1.4774e-02, PNorm = 67.7973, GNorm = 0.0341, lr_0 = 1.6699e-04
Loss = 9.5182e-03, PNorm = 67.8118, GNorm = 0.0582, lr_0 = 1.6538e-04
Loss = 1.4035e-02, PNorm = 67.8406, GNorm = 0.1860, lr_0 = 1.6379e-04
Loss = 1.3922e-02, PNorm = 67.8465, GNorm = 0.1047, lr_0 = 1.6221e-04
Loss = 1.6626e-02, PNorm = 67.8591, GNorm = 0.1304, lr_0 = 1.6065e-04
Validation auc = 0.849968
Epoch 24
Loss = 2.7805e-02, PNorm = 67.8724, GNorm = 0.3102, lr_0 = 1.5910e-04
Loss = 1.5428e-02, PNorm = 67.9026, GNorm = 0.0311, lr_0 = 1.5757e-04
Loss = 2.1545e-02, PNorm = 67.9269, GNorm = 0.0326, lr_0 = 1.5605e-04
Loss = 7.6316e-03, PNorm = 67.9416, GNorm = 0.0198, lr_0 = 1.5455e-04
Loss = 1.4220e-02, PNorm = 67.9505, GNorm = 0.0586, lr_0 = 1.5306e-04
Loss = 8.0320e-03, PNorm = 67.9679, GNorm = 0.1624, lr_0 = 1.5159e-04
Loss = 1.1673e-02, PNorm = 67.9840, GNorm = 0.0749, lr_0 = 1.5013e-04
Loss = 1.1556e-02, PNorm = 67.9857, GNorm = 0.0028, lr_0 = 1.4869e-04
Loss = 9.3805e-03, PNorm = 67.9949, GNorm = 0.0408, lr_0 = 1.4725e-04
Validation auc = 0.858708
Epoch 25
Loss = 1.6780e-02, PNorm = 68.0092, GNorm = 0.0970, lr_0 = 1.4584e-04
Loss = 8.7328e-03, PNorm = 68.0327, GNorm = 0.1375, lr_0 = 1.4443e-04
Loss = 1.4210e-02, PNorm = 68.0504, GNorm = 0.4410, lr_0 = 1.4304e-04
Loss = 1.7113e-02, PNorm = 68.0615, GNorm = 0.1991, lr_0 = 1.4166e-04
Loss = 1.2381e-02, PNorm = 68.0886, GNorm = 0.2744, lr_0 = 1.4030e-04
Loss = 8.7505e-03, PNorm = 68.1156, GNorm = 0.2382, lr_0 = 1.3895e-04
Loss = 1.1361e-02, PNorm = 68.1286, GNorm = 0.0083, lr_0 = 1.3761e-04
Loss = 9.4563e-03, PNorm = 68.1295, GNorm = 0.2052, lr_0 = 1.3629e-04
Validation auc = 0.843045
Epoch 26
Loss = 9.5547e-03, PNorm = 68.1316, GNorm = 0.0589, lr_0 = 1.3484e-04
Loss = 1.5164e-02, PNorm = 68.1537, GNorm = 0.1454, lr_0 = 1.3355e-04
Loss = 7.2818e-03, PNorm = 68.1699, GNorm = 0.0282, lr_0 = 1.3226e-04
Loss = 8.1304e-03, PNorm = 68.1791, GNorm = 0.0067, lr_0 = 1.3099e-04
Loss = 1.5587e-02, PNorm = 68.1796, GNorm = 0.2020, lr_0 = 1.2973e-04
Loss = 1.2059e-02, PNorm = 68.1939, GNorm = 0.1029, lr_0 = 1.2848e-04
Loss = 8.1988e-03, PNorm = 68.2096, GNorm = 0.0100, lr_0 = 1.2724e-04
Loss = 1.7007e-02, PNorm = 68.2197, GNorm = 0.1114, lr_0 = 1.2601e-04
Loss = 5.7978e-03, PNorm = 68.2327, GNorm = 0.1206, lr_0 = 1.2480e-04
Validation auc = 0.866137
Epoch 27
Loss = 1.0746e-02, PNorm = 68.2546, GNorm = 0.0659, lr_0 = 1.2360e-04
Loss = 5.3888e-03, PNorm = 68.2709, GNorm = 0.0184, lr_0 = 1.2241e-04
Loss = 5.0168e-03, PNorm = 68.2800, GNorm = 0.2131, lr_0 = 1.2123e-04
Loss = 5.7867e-03, PNorm = 68.2823, GNorm = 0.0517, lr_0 = 1.2006e-04
Loss = 6.7131e-03, PNorm = 68.2896, GNorm = 0.0532, lr_0 = 1.1891e-04
Loss = 2.0432e-02, PNorm = 68.3026, GNorm = 0.3331, lr_0 = 1.1776e-04
Loss = 1.3736e-02, PNorm = 68.3195, GNorm = 0.3560, lr_0 = 1.1663e-04
Loss = 1.9301e-02, PNorm = 68.3357, GNorm = 0.0653, lr_0 = 1.1551e-04
Validation auc = 0.855543
Epoch 28
Loss = 2.2670e-02, PNorm = 68.3376, GNorm = 0.2629, lr_0 = 1.1428e-04
Loss = 7.2815e-03, PNorm = 68.3538, GNorm = 0.1202, lr_0 = 1.1318e-04
Loss = 1.3776e-02, PNorm = 68.3800, GNorm = 0.2684, lr_0 = 1.1209e-04
Loss = 1.2121e-02, PNorm = 68.3957, GNorm = 0.4264, lr_0 = 1.1101e-04
Loss = 1.0634e-02, PNorm = 68.3958, GNorm = 0.0249, lr_0 = 1.0995e-04
Loss = 8.1016e-03, PNorm = 68.4094, GNorm = 0.0425, lr_0 = 1.0889e-04
Loss = 1.0891e-02, PNorm = 68.4229, GNorm = 0.0273, lr_0 = 1.0784e-04
Loss = 9.6524e-03, PNorm = 68.4315, GNorm = 0.1760, lr_0 = 1.0680e-04
Loss = 1.1020e-02, PNorm = 68.4487, GNorm = 0.1497, lr_0 = 1.0577e-04
Validation auc = 0.845261
Epoch 29
Loss = 6.7506e-03, PNorm = 68.4611, GNorm = 0.4352, lr_0 = 1.0475e-04
Loss = 1.0277e-02, PNorm = 68.4638, GNorm = 0.3117, lr_0 = 1.0374e-04
Loss = 1.0266e-02, PNorm = 68.4665, GNorm = 0.0627, lr_0 = 1.0275e-04
Loss = 5.3461e-03, PNorm = 68.4753, GNorm = 0.1202, lr_0 = 1.0176e-04
Loss = 6.7589e-03, PNorm = 68.4879, GNorm = 0.0055, lr_0 = 1.0078e-04
Loss = 1.2785e-02, PNorm = 68.4946, GNorm = 0.0532, lr_0 = 1.0000e-04
Loss = 9.8440e-03, PNorm = 68.5042, GNorm = 0.0796, lr_0 = 1.0000e-04
Loss = 6.4684e-03, PNorm = 68.5158, GNorm = 0.0249, lr_0 = 1.0000e-04
Validation auc = 0.848016
Model 0 best validation auc = 0.888884 on epoch 2
Loading pretrained parameter "encoder.encoder.0.cached_zero_vector".
Loading pretrained parameter "encoder.encoder.0.W_i.weight".
Loading pretrained parameter "encoder.encoder.0.W_h.weight".
Loading pretrained parameter "encoder.encoder.0.W_o.weight".
Loading pretrained parameter "encoder.encoder.0.W_o.bias".
Loading pretrained parameter "ffn.1.weight".
Loading pretrained parameter "ffn.1.bias".
Loading pretrained parameter "ffn.4.weight".
Loading pretrained parameter "ffn.4.bias".
Moving model to cuda
Model 0 test auc = 0.900689
Ensemble test auc = 0.900689
Fold 2
Splitting data with seed 2
Total scaffolds = 3,467 | train scaffolds = 2,630 | val scaffolds = 419 | test scaffolds = 418
Label averages per scaffold, in decreasing order of scaffold frequency,capped at 10 scaffolds and 20 labels:
Scaffold 0
Task 0: count = 381 | target average = 0.018373
Task 1: count = 381 | target average = 0.013123


Scaffold 1
Task 0: count = 305 | target average = 0.009836
Task 1: count = 305 | target average = 0.016393


Scaffold 2
Task 0: count = 36 | target average = 0.000000
Task 1: count = 36 | target average = 0.000000


Scaffold 3
Task 0: count = 29 | target average = 0.000000
Task 1: count = 29 | target average = 0.000000


Scaffold 4
Task 0: count = 26 | target average = 0.000000
Task 1: count = 26 | target average = 0.000000


Scaffold 5
Task 0: count = 23 | target average = 0.000000
Task 1: count = 23 | target average = 0.000000


Scaffold 6
Task 0: count = 22 | target average = 0.090909
Task 1: count = 22 | target average = 0.090909


Scaffold 7
Task 0: count = 20 | target average = 0.000000
Task 1: count = 20 | target average = 0.000000


Scaffold 8
Task 0: count = 20 | target average = 0.000000
Task 1: count = 20 | target average = 0.000000


Scaffold 9
Task 0: count = 20 | target average = 0.050000
Task 1: count = 20 | target average = 0.000000


Class sizes
hit_inh 0: 97.83%, 1: 2.17%
hit_kill 0: 98.64%, 1: 1.36%
Total size = 5,353 | train size = 4,282 | val size = 535 | test size = 536
Building model 0
MoleculeModel(
  (sigmoid): Sigmoid()
  (encoder): MPN(
    (encoder): ModuleList(
      (0): MPNEncoder(
        (dropout_layer): Dropout(p=0.1, inplace=False)
        (act_func): ReLU()
        (W_i): Linear(in_features=147, out_features=1000, bias=False)
        (W_h): Linear(in_features=1000, out_features=1000, bias=False)
        (W_o): Linear(in_features=1133, out_features=1000, bias=True)
      )
    )
  )
  (ffn): Sequential(
    (0): Dropout(p=0.1, inplace=False)
    (1): Linear(in_features=1200, out_features=1000, bias=True)
    (2): ReLU()
    (3): Dropout(p=0.1, inplace=False)
    (4): Linear(in_features=1000, out_features=2, bias=True)
  )
)
Number of parameters = 3,484,002
Moving model to cuda
Epoch 0
Loss = 2.2896e-01, PNorm = 58.4716, GNorm = 0.1803, lr_0 = 1.5824e-04
Loss = 8.1077e-02, PNorm = 58.4876, GNorm = 0.2741, lr_0 = 2.1118e-04
Loss = 1.2073e-01, PNorm = 58.4919, GNorm = 0.3076, lr_0 = 2.6412e-04
Loss = 9.6256e-02, PNorm = 58.5002, GNorm = 0.1804, lr_0 = 3.1706e-04
Loss = 7.9055e-02, PNorm = 58.5118, GNorm = 0.1470, lr_0 = 3.7000e-04
Loss = 9.8355e-02, PNorm = 58.5248, GNorm = 0.2166, lr_0 = 4.2294e-04
Loss = 9.3917e-02, PNorm = 58.5451, GNorm = 0.3183, lr_0 = 4.7588e-04
Loss = 7.8005e-02, PNorm = 58.5642, GNorm = 0.1521, lr_0 = 5.2882e-04
Validation auc = 0.783240
Epoch 1
Loss = 6.1498e-02, PNorm = 58.5955, GNorm = 0.1903, lr_0 = 5.8706e-04
Loss = 7.4106e-02, PNorm = 58.6225, GNorm = 0.3966, lr_0 = 6.4000e-04
Loss = 4.6088e-02, PNorm = 58.6630, GNorm = 0.2003, lr_0 = 6.9294e-04
Loss = 1.1993e-01, PNorm = 58.6889, GNorm = 0.3119, lr_0 = 7.4588e-04
Loss = 7.4617e-02, PNorm = 58.7626, GNorm = 0.2728, lr_0 = 7.9882e-04
Loss = 8.3025e-02, PNorm = 58.8097, GNorm = 0.2202, lr_0 = 8.5176e-04
Loss = 9.3269e-02, PNorm = 58.8724, GNorm = 0.1324, lr_0 = 9.0471e-04
Loss = 1.1062e-01, PNorm = 58.9555, GNorm = 0.3865, lr_0 = 9.5765e-04
Loss = 6.1441e-02, PNorm = 59.0297, GNorm = 0.2122, lr_0 = 9.9807e-04
Validation auc = 0.833926
Epoch 2
Loss = 7.5524e-02, PNorm = 59.1287, GNorm = 0.3422, lr_0 = 9.8846e-04
Loss = 6.3314e-02, PNorm = 59.2216, GNorm = 0.3086, lr_0 = 9.7894e-04
Loss = 8.2893e-02, PNorm = 59.3059, GNorm = 0.1277, lr_0 = 9.6952e-04
Loss = 7.1948e-02, PNorm = 59.3714, GNorm = 0.2304, lr_0 = 9.6018e-04
Loss = 9.2430e-02, PNorm = 59.4487, GNorm = 0.1565, lr_0 = 9.5094e-04
Loss = 5.6790e-02, PNorm = 59.5544, GNorm = 0.1144, lr_0 = 9.4178e-04
Loss = 4.4973e-02, PNorm = 59.6236, GNorm = 0.1054, lr_0 = 9.3271e-04
Loss = 6.2342e-02, PNorm = 59.7133, GNorm = 0.1008, lr_0 = 9.2373e-04
Validation auc = 0.797116
Epoch 3
Loss = 7.1183e-02, PNorm = 59.7846, GNorm = 0.1506, lr_0 = 9.1395e-04
Loss = 7.4055e-02, PNorm = 59.8832, GNorm = 0.1064, lr_0 = 9.0515e-04
Loss = 6.7906e-02, PNorm = 59.9997, GNorm = 0.2040, lr_0 = 8.9644e-04
Loss = 3.2754e-02, PNorm = 60.1027, GNorm = 0.0732, lr_0 = 8.8781e-04
Loss = 7.6678e-02, PNorm = 60.1420, GNorm = 0.3927, lr_0 = 8.7926e-04
Loss = 6.5437e-02, PNorm = 60.2230, GNorm = 0.0317, lr_0 = 8.7080e-04
Loss = 8.1151e-02, PNorm = 60.2867, GNorm = 0.1832, lr_0 = 8.6241e-04
Loss = 5.8053e-02, PNorm = 60.3623, GNorm = 0.0844, lr_0 = 8.5411e-04
Loss = 5.1955e-02, PNorm = 60.4165, GNorm = 0.1328, lr_0 = 8.4588e-04
Validation auc = 0.856912
Epoch 4
Loss = 3.3656e-02, PNorm = 60.4898, GNorm = 0.0736, lr_0 = 8.3774e-04
Loss = 3.8268e-02, PNorm = 60.5408, GNorm = 0.0919, lr_0 = 8.2967e-04
Loss = 6.5052e-02, PNorm = 60.5950, GNorm = 0.1388, lr_0 = 8.2169e-04
Loss = 7.2225e-02, PNorm = 60.6378, GNorm = 0.1705, lr_0 = 8.1377e-04
Loss = 8.2737e-02, PNorm = 60.7171, GNorm = 0.1613, lr_0 = 8.0594e-04
Loss = 4.3860e-02, PNorm = 60.8101, GNorm = 0.1670, lr_0 = 7.9818e-04
Loss = 6.7960e-02, PNorm = 60.8724, GNorm = 0.1862, lr_0 = 7.9050e-04
Loss = 4.1070e-02, PNorm = 60.9694, GNorm = 0.2296, lr_0 = 7.8288e-04
Validation auc = 0.851053
Epoch 5
Loss = 7.3231e-02, PNorm = 61.0332, GNorm = 0.1334, lr_0 = 7.7535e-04
Loss = 5.6220e-02, PNorm = 61.1359, GNorm = 0.1363, lr_0 = 7.6788e-04
Loss = 4.6050e-02, PNorm = 61.2209, GNorm = 0.2386, lr_0 = 7.6049e-04
Loss = 5.6682e-02, PNorm = 61.2959, GNorm = 0.1432, lr_0 = 7.5317e-04
Loss = 3.5127e-02, PNorm = 61.3561, GNorm = 0.0636, lr_0 = 7.4591e-04
Loss = 5.1926e-02, PNorm = 61.3946, GNorm = 0.1914, lr_0 = 7.3873e-04
Loss = 6.2991e-02, PNorm = 61.4448, GNorm = 0.0699, lr_0 = 7.3162e-04
Loss = 4.1803e-02, PNorm = 61.5099, GNorm = 0.0494, lr_0 = 7.2458e-04
Loss = 5.4104e-02, PNorm = 61.5523, GNorm = 0.1105, lr_0 = 7.1760e-04
Validation auc = 0.847360
Epoch 6
Loss = 4.3044e-02, PNorm = 61.6156, GNorm = 0.0334, lr_0 = 7.1000e-04
Loss = 5.9377e-02, PNorm = 61.6538, GNorm = 0.0774, lr_0 = 7.0317e-04
Loss = 5.1960e-02, PNorm = 61.7175, GNorm = 0.1596, lr_0 = 6.9640e-04
Loss = 6.1293e-02, PNorm = 61.7846, GNorm = 0.0977, lr_0 = 6.8969e-04
Loss = 4.8606e-02, PNorm = 61.8468, GNorm = 0.1753, lr_0 = 6.8305e-04
Loss = 4.2079e-02, PNorm = 61.9025, GNorm = 0.0970, lr_0 = 6.7648e-04
Loss = 4.4128e-02, PNorm = 61.9719, GNorm = 0.3833, lr_0 = 6.6996e-04
Loss = 1.8123e-02, PNorm = 62.0499, GNorm = 0.1369, lr_0 = 6.6351e-04
Validation auc = 0.847634
Epoch 7
Loss = 2.9142e-02, PNorm = 62.1067, GNorm = 0.1372, lr_0 = 6.5712e-04
Loss = 3.9360e-02, PNorm = 62.2115, GNorm = 0.2187, lr_0 = 6.5080e-04
Loss = 5.4997e-02, PNorm = 62.2910, GNorm = 0.1424, lr_0 = 6.4453e-04
Loss = 4.7799e-02, PNorm = 62.3846, GNorm = 0.1084, lr_0 = 6.3833e-04
Loss = 3.7302e-02, PNorm = 62.4229, GNorm = 0.0877, lr_0 = 6.3218e-04
Loss = 3.9013e-02, PNorm = 62.4845, GNorm = 0.1247, lr_0 = 6.2609e-04
Loss = 5.2476e-02, PNorm = 62.5330, GNorm = 0.1930, lr_0 = 6.2006e-04
Loss = 4.5753e-02, PNorm = 62.5863, GNorm = 0.2335, lr_0 = 6.1409e-04
Loss = 4.3594e-02, PNorm = 62.6333, GNorm = 0.1259, lr_0 = 6.0818e-04
Validation auc = 0.850904
Epoch 8
Loss = 2.8594e-02, PNorm = 62.6736, GNorm = 0.0754, lr_0 = 6.0233e-04
Loss = 4.3317e-02, PNorm = 62.7041, GNorm = 0.1209, lr_0 = 5.9653e-04
Loss = 4.6297e-02, PNorm = 62.7625, GNorm = 0.1578, lr_0 = 5.9078e-04
Loss = 5.4287e-02, PNorm = 62.8038, GNorm = 0.1913, lr_0 = 5.8510e-04
Loss = 4.3200e-02, PNorm = 62.8728, GNorm = 0.0984, lr_0 = 5.7946e-04
Loss = 4.3135e-02, PNorm = 62.9632, GNorm = 0.1429, lr_0 = 5.7388e-04
Loss = 4.3585e-02, PNorm = 63.0177, GNorm = 0.1766, lr_0 = 5.6836e-04
Loss = 5.2134e-02, PNorm = 63.0746, GNorm = 0.2561, lr_0 = 5.6289e-04
Loss = 3.3408e-02, PNorm = 63.1313, GNorm = 0.1322, lr_0 = 5.5747e-04
Loss = 7.4327e-03, PNorm = 63.1372, GNorm = 0.0728, lr_0 = 5.5693e-04
Validation auc = 0.890516
Epoch 9
Loss = 3.8583e-02, PNorm = 63.1950, GNorm = 0.1509, lr_0 = 5.5156e-04
Loss = 5.4185e-02, PNorm = 63.2263, GNorm = 0.2122, lr_0 = 5.4625e-04
Loss = 4.4616e-02, PNorm = 63.3133, GNorm = 0.0710, lr_0 = 5.4100e-04
Loss = 2.6983e-02, PNorm = 63.3715, GNorm = 0.1551, lr_0 = 5.3579e-04
Loss = 4.8790e-02, PNorm = 63.4226, GNorm = 0.1206, lr_0 = 5.3063e-04
Loss = 2.9967e-02, PNorm = 63.5026, GNorm = 0.1439, lr_0 = 5.2552e-04
Loss = 4.3070e-02, PNorm = 63.5272, GNorm = 0.1324, lr_0 = 5.2046e-04
Loss = 3.6470e-02, PNorm = 63.5783, GNorm = 0.2193, lr_0 = 5.1545e-04
Validation auc = 0.888745
Epoch 10
Loss = 2.0732e-02, PNorm = 63.6216, GNorm = 0.0177, lr_0 = 5.1049e-04
Loss = 4.8425e-02, PNorm = 63.6813, GNorm = 0.1443, lr_0 = 5.0557e-04
Loss = 2.3118e-02, PNorm = 63.7431, GNorm = 0.0691, lr_0 = 5.0070e-04
Loss = 1.5571e-02, PNorm = 63.7772, GNorm = 0.1462, lr_0 = 4.9588e-04
Loss = 5.1696e-02, PNorm = 63.7953, GNorm = 0.1735, lr_0 = 4.9111e-04
Loss = 4.7750e-02, PNorm = 63.8390, GNorm = 0.1083, lr_0 = 4.8638e-04
Loss = 4.5621e-02, PNorm = 63.8949, GNorm = 0.1097, lr_0 = 4.8170e-04
Loss = 3.7588e-02, PNorm = 63.9603, GNorm = 0.3177, lr_0 = 4.7706e-04
Loss = 2.5185e-02, PNorm = 63.9932, GNorm = 0.1709, lr_0 = 4.7247e-04
Validation auc = 0.864992
Epoch 11
Loss = 5.0056e-02, PNorm = 64.0773, GNorm = 0.1105, lr_0 = 4.6792e-04
Loss = 3.1021e-02, PNorm = 64.1478, GNorm = 0.1518, lr_0 = 4.6341e-04
Loss = 2.0624e-02, PNorm = 64.1743, GNorm = 0.0611, lr_0 = 4.5895e-04
Loss = 3.2248e-02, PNorm = 64.2066, GNorm = 0.0415, lr_0 = 4.5453e-04
Loss = 4.2476e-02, PNorm = 64.2382, GNorm = 0.1525, lr_0 = 4.5015e-04
Loss = 3.7690e-02, PNorm = 64.2986, GNorm = 0.0491, lr_0 = 4.4582e-04
Loss = 3.3501e-02, PNorm = 64.3393, GNorm = 0.0587, lr_0 = 4.4153e-04
Loss = 4.1687e-02, PNorm = 64.3972, GNorm = 0.1931, lr_0 = 4.3728e-04
Validation auc = 0.860134
Epoch 12
Loss = 2.4896e-02, PNorm = 64.4372, GNorm = 0.0923, lr_0 = 4.3265e-04
Loss = 2.1368e-02, PNorm = 64.4843, GNorm = 0.0899, lr_0 = 4.2848e-04
Loss = 2.8831e-02, PNorm = 64.5420, GNorm = 0.1126, lr_0 = 4.2436e-04
Loss = 5.6724e-02, PNorm = 64.5742, GNorm = 0.5013, lr_0 = 4.2027e-04
Loss = 4.2912e-02, PNorm = 64.6160, GNorm = 0.5705, lr_0 = 4.1622e-04
Loss = 1.7578e-02, PNorm = 64.6944, GNorm = 0.1641, lr_0 = 4.1222e-04
Loss = 5.8487e-02, PNorm = 64.7015, GNorm = 0.1615, lr_0 = 4.0825e-04
Loss = 4.0168e-02, PNorm = 64.7436, GNorm = 0.1663, lr_0 = 4.0432e-04
Loss = 3.9070e-02, PNorm = 64.8163, GNorm = 0.1392, lr_0 = 4.0042e-04
Validation auc = 0.861549
Epoch 13
Loss = 1.1746e-02, PNorm = 64.8526, GNorm = 0.1649, lr_0 = 3.9657e-04
Loss = 3.1954e-02, PNorm = 64.8922, GNorm = 0.0755, lr_0 = 3.9275e-04
Loss = 1.0414e-02, PNorm = 64.9279, GNorm = 0.0413, lr_0 = 3.8897e-04
Loss = 3.7082e-02, PNorm = 64.9576, GNorm = 0.1307, lr_0 = 3.8522e-04
Loss = 3.6886e-02, PNorm = 65.0092, GNorm = 0.1888, lr_0 = 3.8152e-04
Loss = 3.2105e-02, PNorm = 65.0609, GNorm = 0.2868, lr_0 = 3.7784e-04
Loss = 4.2249e-02, PNorm = 65.0773, GNorm = 0.3058, lr_0 = 3.7420e-04
Loss = 2.7335e-02, PNorm = 65.1279, GNorm = 0.0558, lr_0 = 3.7060e-04
Validation auc = 0.879949
Epoch 14
Loss = 1.6716e-02, PNorm = 65.1737, GNorm = 0.1508, lr_0 = 3.6668e-04
Loss = 2.1513e-02, PNorm = 65.2077, GNorm = 0.1074, lr_0 = 3.6315e-04
Loss = 2.9387e-02, PNorm = 65.2524, GNorm = 0.1757, lr_0 = 3.5965e-04
Loss = 2.5511e-02, PNorm = 65.2901, GNorm = 0.0563, lr_0 = 3.5619e-04
Loss = 2.5300e-02, PNorm = 65.3440, GNorm = 0.0597, lr_0 = 3.5276e-04
Loss = 2.8957e-02, PNorm = 65.3929, GNorm = 0.3800, lr_0 = 3.4936e-04
Loss = 6.0349e-02, PNorm = 65.3959, GNorm = 0.1594, lr_0 = 3.4600e-04
Loss = 2.6926e-02, PNorm = 65.4594, GNorm = 0.0380, lr_0 = 3.4267e-04
Loss = 3.9375e-02, PNorm = 65.4942, GNorm = 0.0475, lr_0 = 3.3937e-04
Validation auc = 0.865884
Epoch 15
Loss = 3.4170e-02, PNorm = 65.5425, GNorm = 0.1443, lr_0 = 3.3610e-04
Loss = 3.8281e-02, PNorm = 65.5831, GNorm = 0.0491, lr_0 = 3.3287e-04
Loss = 2.4055e-02, PNorm = 65.6224, GNorm = 0.1335, lr_0 = 3.2966e-04
Loss = 2.5640e-02, PNorm = 65.6642, GNorm = 0.0163, lr_0 = 3.2649e-04
Loss = 3.7133e-02, PNorm = 65.6776, GNorm = 0.0511, lr_0 = 3.2334e-04
Loss = 2.9013e-02, PNorm = 65.7088, GNorm = 0.0588, lr_0 = 3.2023e-04
Loss = 2.6490e-02, PNorm = 65.7700, GNorm = 0.1288, lr_0 = 3.1715e-04
Loss = 1.0909e-02, PNorm = 65.8132, GNorm = 0.0432, lr_0 = 3.1409e-04
Loss = 3.7636e-02, PNorm = 65.8222, GNorm = 0.0641, lr_0 = 3.1107e-04
Validation auc = 0.864236
Epoch 16
Loss = 3.0363e-02, PNorm = 65.8599, GNorm = 0.1145, lr_0 = 3.0807e-04
Loss = 2.9818e-02, PNorm = 65.9110, GNorm = 0.1828, lr_0 = 3.0511e-04
Loss = 2.3843e-02, PNorm = 65.9495, GNorm = 0.1071, lr_0 = 3.0217e-04
Loss = 1.4692e-02, PNorm = 65.9962, GNorm = 0.0398, lr_0 = 2.9926e-04
Loss = 3.1541e-02, PNorm = 66.0255, GNorm = 0.1060, lr_0 = 2.9638e-04
Loss = 1.9369e-02, PNorm = 66.0610, GNorm = 0.0752, lr_0 = 2.9353e-04
Loss = 2.3965e-02, PNorm = 66.0993, GNorm = 0.1785, lr_0 = 2.9070e-04
Loss = 3.3563e-02, PNorm = 66.1334, GNorm = 0.0561, lr_0 = 2.8790e-04
Validation auc = 0.871113
Epoch 17
Loss = 2.4531e-02, PNorm = 66.1571, GNorm = 0.0274, lr_0 = 2.8485e-04
Loss = 2.9229e-02, PNorm = 66.1900, GNorm = 0.0668, lr_0 = 2.8211e-04
Loss = 1.9119e-02, PNorm = 66.2371, GNorm = 0.1976, lr_0 = 2.7939e-04
Loss = 2.9576e-02, PNorm = 66.2692, GNorm = 0.0959, lr_0 = 2.7670e-04
Loss = 2.2534e-02, PNorm = 66.3017, GNorm = 0.0419, lr_0 = 2.7404e-04
Loss = 2.6101e-02, PNorm = 66.3269, GNorm = 0.0519, lr_0 = 2.7140e-04
Loss = 1.8674e-02, PNorm = 66.3613, GNorm = 0.1582, lr_0 = 2.6879e-04
Loss = 2.1482e-02, PNorm = 66.3951, GNorm = 0.0382, lr_0 = 2.6620e-04
Loss = 1.6073e-02, PNorm = 66.4243, GNorm = 0.0138, lr_0 = 2.6364e-04
Validation auc = 0.861808
Epoch 18
Loss = 2.0433e-02, PNorm = 66.4446, GNorm = 0.0631, lr_0 = 2.6110e-04
Loss = 2.3689e-02, PNorm = 66.4781, GNorm = 0.1105, lr_0 = 2.5859e-04
Loss = 1.7290e-02, PNorm = 66.5171, GNorm = 0.0505, lr_0 = 2.5610e-04
Loss = 9.5823e-03, PNorm = 66.5528, GNorm = 0.0602, lr_0 = 2.5363e-04
Loss = 2.8095e-02, PNorm = 66.5647, GNorm = 0.0965, lr_0 = 2.5119e-04
Loss = 2.2107e-02, PNorm = 66.5945, GNorm = 0.0461, lr_0 = 2.4877e-04
Loss = 2.8844e-02, PNorm = 66.6402, GNorm = 0.1013, lr_0 = 2.4638e-04
Loss = 3.0951e-02, PNorm = 66.6780, GNorm = 0.3695, lr_0 = 2.4400e-04
Validation auc = 0.866715
Epoch 19
Loss = 9.2972e-03, PNorm = 66.7128, GNorm = 0.0442, lr_0 = 2.4165e-04
Loss = 2.0116e-02, PNorm = 66.7375, GNorm = 0.2636, lr_0 = 2.3933e-04
Loss = 2.4398e-02, PNorm = 66.7610, GNorm = 0.1721, lr_0 = 2.3702e-04
Loss = 2.5252e-02, PNorm = 66.7993, GNorm = 0.1181, lr_0 = 2.3474e-04
Loss = 2.1869e-02, PNorm = 66.8332, GNorm = 0.1252, lr_0 = 2.3248e-04
Loss = 3.5183e-02, PNorm = 66.8792, GNorm = 0.2069, lr_0 = 2.3024e-04
Loss = 1.6108e-02, PNorm = 66.9368, GNorm = 0.1505, lr_0 = 2.2803e-04
Loss = 1.4186e-02, PNorm = 66.9714, GNorm = 0.0928, lr_0 = 2.2583e-04
Loss = 9.8963e-03, PNorm = 66.9816, GNorm = 0.1070, lr_0 = 2.2366e-04
Validation auc = 0.868152
Epoch 20
Loss = 1.7241e-02, PNorm = 66.9857, GNorm = 0.1281, lr_0 = 2.2129e-04
Loss = 2.0924e-02, PNorm = 67.0012, GNorm = 0.1176, lr_0 = 2.1916e-04
Loss = 1.5770e-02, PNorm = 67.0234, GNorm = 0.1772, lr_0 = 2.1705e-04
Loss = 1.5082e-02, PNorm = 67.0531, GNorm = 0.1330, lr_0 = 2.1496e-04
Loss = 8.9600e-03, PNorm = 67.0826, GNorm = 0.1232, lr_0 = 2.1289e-04
Loss = 2.6814e-02, PNorm = 67.1073, GNorm = 0.3440, lr_0 = 2.1084e-04
Loss = 2.0057e-02, PNorm = 67.1376, GNorm = 0.1856, lr_0 = 2.0881e-04
Loss = 2.5469e-02, PNorm = 67.1626, GNorm = 0.0217, lr_0 = 2.0680e-04
Validation auc = 0.854448
Epoch 21
Loss = 1.5464e-02, PNorm = 67.1754, GNorm = 0.2645, lr_0 = 2.0481e-04
Loss = 2.2428e-02, PNorm = 67.1900, GNorm = 0.0666, lr_0 = 2.0283e-04
Loss = 1.8284e-02, PNorm = 67.2231, GNorm = 0.2478, lr_0 = 2.0088e-04
Loss = 1.1858e-02, PNorm = 67.2489, GNorm = 0.2188, lr_0 = 1.9895e-04
Loss = 2.0995e-02, PNorm = 67.2671, GNorm = 0.2482, lr_0 = 1.9703e-04
Loss = 1.4857e-02, PNorm = 67.3086, GNorm = 0.1528, lr_0 = 1.9514e-04
Loss = 8.6014e-03, PNorm = 67.3367, GNorm = 0.0086, lr_0 = 1.9326e-04
Loss = 2.2942e-02, PNorm = 67.3338, GNorm = 0.0637, lr_0 = 1.9140e-04
Loss = 2.0079e-02, PNorm = 67.3527, GNorm = 0.2080, lr_0 = 1.8955e-04
Validation auc = 0.858190
Epoch 22
Loss = 1.4419e-02, PNorm = 67.3865, GNorm = 0.0414, lr_0 = 1.8773e-04
Loss = 1.7920e-02, PNorm = 67.4141, GNorm = 0.0407, lr_0 = 1.8592e-04
Loss = 1.6768e-02, PNorm = 67.4425, GNorm = 0.2207, lr_0 = 1.8413e-04
Loss = 1.8382e-02, PNorm = 67.4688, GNorm = 0.0697, lr_0 = 1.8236e-04
Loss = 1.6017e-02, PNorm = 67.4926, GNorm = 0.2524, lr_0 = 1.8060e-04
Loss = 1.7176e-02, PNorm = 67.5108, GNorm = 0.1668, lr_0 = 1.7886e-04
Loss = 1.4412e-02, PNorm = 67.5343, GNorm = 0.3082, lr_0 = 1.7714e-04
Loss = 1.0660e-02, PNorm = 67.5527, GNorm = 0.0420, lr_0 = 1.7544e-04
Validation auc = 0.857583
Epoch 23
Loss = 2.3994e-02, PNorm = 67.5780, GNorm = 0.2105, lr_0 = 1.7358e-04
Loss = 1.7371e-02, PNorm = 67.6014, GNorm = 0.0053, lr_0 = 1.7191e-04
Loss = 1.1859e-02, PNorm = 67.6226, GNorm = 0.0896, lr_0 = 1.7025e-04
Loss = 1.4740e-02, PNorm = 67.6422, GNorm = 0.1235, lr_0 = 1.6861e-04
Loss = 1.4047e-02, PNorm = 67.6648, GNorm = 0.5730, lr_0 = 1.6699e-04
Loss = 4.4360e-03, PNorm = 67.6767, GNorm = 0.0162, lr_0 = 1.6538e-04
Loss = 1.1302e-02, PNorm = 67.6854, GNorm = 0.1389, lr_0 = 1.6379e-04
Loss = 1.0558e-02, PNorm = 67.7037, GNorm = 0.0144, lr_0 = 1.6221e-04
Loss = 2.2264e-02, PNorm = 67.7153, GNorm = 0.2277, lr_0 = 1.6065e-04
Validation auc = 0.847856
Epoch 24
Loss = 1.4896e-02, PNorm = 67.7398, GNorm = 0.1768, lr_0 = 1.5910e-04
Loss = 2.2217e-02, PNorm = 67.7632, GNorm = 0.1993, lr_0 = 1.5757e-04
Loss = 1.9739e-02, PNorm = 67.7825, GNorm = 0.4079, lr_0 = 1.5605e-04
Loss = 1.9191e-02, PNorm = 67.8195, GNorm = 0.0779, lr_0 = 1.5455e-04
Loss = 1.8150e-02, PNorm = 67.8425, GNorm = 0.6009, lr_0 = 1.5306e-04
Loss = 1.6618e-02, PNorm = 67.8471, GNorm = 0.1145, lr_0 = 1.5159e-04
Loss = 8.3588e-03, PNorm = 67.8763, GNorm = 0.0809, lr_0 = 1.5013e-04
Loss = 1.4838e-02, PNorm = 67.8960, GNorm = 0.0223, lr_0 = 1.4869e-04
Loss = 9.9354e-03, PNorm = 67.9112, GNorm = 0.0359, lr_0 = 1.4725e-04
Validation auc = 0.841414
Epoch 25
Loss = 7.5424e-03, PNorm = 67.9234, GNorm = 0.0075, lr_0 = 1.4584e-04
Loss = 1.8668e-02, PNorm = 67.9239, GNorm = 0.0303, lr_0 = 1.4443e-04
Loss = 1.2451e-02, PNorm = 67.9392, GNorm = 0.0716, lr_0 = 1.4304e-04
Loss = 2.2277e-02, PNorm = 67.9727, GNorm = 0.3680, lr_0 = 1.4166e-04
Loss = 9.7572e-03, PNorm = 67.9919, GNorm = 0.0054, lr_0 = 1.4030e-04
Loss = 4.9614e-03, PNorm = 68.0002, GNorm = 0.0474, lr_0 = 1.3895e-04
Loss = 1.9941e-02, PNorm = 68.0025, GNorm = 0.0635, lr_0 = 1.3761e-04
Loss = 1.5523e-02, PNorm = 68.0223, GNorm = 0.0349, lr_0 = 1.3629e-04
Validation auc = 0.861710
Epoch 26
Loss = 1.2424e-02, PNorm = 68.0389, GNorm = 0.0937, lr_0 = 1.3484e-04
Loss = 1.7199e-02, PNorm = 68.0644, GNorm = 0.1790, lr_0 = 1.3355e-04
Loss = 8.4941e-03, PNorm = 68.0789, GNorm = 0.2019, lr_0 = 1.3226e-04
Loss = 1.1048e-02, PNorm = 68.0830, GNorm = 0.0174, lr_0 = 1.3099e-04
Loss = 9.8897e-03, PNorm = 68.0981, GNorm = 0.0166, lr_0 = 1.2973e-04
Loss = 1.5457e-02, PNorm = 68.1136, GNorm = 0.0248, lr_0 = 1.2848e-04
Loss = 7.7653e-03, PNorm = 68.1288, GNorm = 0.0921, lr_0 = 1.2724e-04
Loss = 1.0860e-02, PNorm = 68.1423, GNorm = 0.3808, lr_0 = 1.2601e-04
Loss = 2.4501e-02, PNorm = 68.1456, GNorm = 0.1648, lr_0 = 1.2480e-04
Validation auc = 0.853557
Epoch 27
Loss = 7.1790e-03, PNorm = 68.1641, GNorm = 0.0614, lr_0 = 1.2360e-04
Loss = 2.0445e-02, PNorm = 68.1824, GNorm = 0.4888, lr_0 = 1.2241e-04
Loss = 9.0906e-03, PNorm = 68.1958, GNorm = 0.1251, lr_0 = 1.2123e-04
Loss = 7.8818e-03, PNorm = 68.2122, GNorm = 0.1156, lr_0 = 1.2006e-04
Loss = 4.2472e-03, PNorm = 68.2245, GNorm = 0.1442, lr_0 = 1.1891e-04
Loss = 1.8165e-02, PNorm = 68.2270, GNorm = 0.1809, lr_0 = 1.1776e-04
Loss = 1.3400e-02, PNorm = 68.2479, GNorm = 0.1132, lr_0 = 1.1663e-04
Loss = 2.3368e-02, PNorm = 68.2597, GNorm = 0.2323, lr_0 = 1.1551e-04
Validation auc = 0.859058
Epoch 28
Loss = 2.4339e-02, PNorm = 68.2698, GNorm = 0.0587, lr_0 = 1.1428e-04
Loss = 1.5978e-02, PNorm = 68.2877, GNorm = 0.2250, lr_0 = 1.1318e-04
Loss = 1.0994e-02, PNorm = 68.3016, GNorm = 0.0986, lr_0 = 1.1209e-04
Loss = 7.9649e-03, PNorm = 68.3159, GNorm = 0.0896, lr_0 = 1.1101e-04
Loss = 5.4460e-03, PNorm = 68.3256, GNorm = 0.0690, lr_0 = 1.0995e-04
Loss = 7.9547e-03, PNorm = 68.3319, GNorm = 0.2902, lr_0 = 1.0889e-04
Loss = 9.3073e-03, PNorm = 68.3417, GNorm = 0.1286, lr_0 = 1.0784e-04
Loss = 1.3109e-02, PNorm = 68.3507, GNorm = 0.0086, lr_0 = 1.0680e-04
Loss = 8.6718e-03, PNorm = 68.3600, GNorm = 0.2205, lr_0 = 1.0577e-04
Validation auc = 0.846519
Epoch 29
Loss = 7.5884e-03, PNorm = 68.3791, GNorm = 0.1614, lr_0 = 1.0475e-04
Loss = 3.7795e-03, PNorm = 68.3912, GNorm = 0.0087, lr_0 = 1.0374e-04
Loss = 1.2956e-02, PNorm = 68.3954, GNorm = 0.1978, lr_0 = 1.0275e-04
Loss = 2.1172e-02, PNorm = 68.3982, GNorm = 0.0848, lr_0 = 1.0176e-04
Loss = 1.3495e-02, PNorm = 68.4178, GNorm = 0.2134, lr_0 = 1.0078e-04
Loss = 9.9633e-03, PNorm = 68.4297, GNorm = 0.1514, lr_0 = 1.0000e-04
Loss = 1.1266e-02, PNorm = 68.4422, GNorm = 0.0578, lr_0 = 1.0000e-04
Loss = 4.7429e-03, PNorm = 68.4558, GNorm = 0.0153, lr_0 = 1.0000e-04
Validation auc = 0.850682
Model 0 best validation auc = 0.890516 on epoch 8
Loading pretrained parameter "encoder.encoder.0.cached_zero_vector".
Loading pretrained parameter "encoder.encoder.0.W_i.weight".
Loading pretrained parameter "encoder.encoder.0.W_h.weight".
Loading pretrained parameter "encoder.encoder.0.W_o.weight".
Loading pretrained parameter "encoder.encoder.0.W_o.bias".
Loading pretrained parameter "ffn.1.weight".
Loading pretrained parameter "ffn.1.bias".
Loading pretrained parameter "ffn.4.weight".
Loading pretrained parameter "ffn.4.bias".
Moving model to cuda
Model 0 test auc = 0.835052
Ensemble test auc = 0.835052
3-fold cross validation
	Seed 0 ==> test auc = 0.801106
	Seed 1 ==> test auc = 0.900689
	Seed 2 ==> test auc = 0.835052
Overall test auc = 0.845616 +/- 0.041335
Elapsed time = 0:13:35
