Command line
python /home/jackievaleri8/.conda/envs/chemprop/bin/chemprop_train --init_lr 0.001 --dropout 0.25 --hidden_size 300 --ffn_num_layers 2 --depth 5 --save_dir round3finalval08162021_models/29 --data_path round3finalval08162021_TRAIN.csv --dataset_type classification --features_path round3finalval08162021_TRAINFTS.npz --no_features_scaling --num_folds 3 --ensemble_size 1 --split_type scaffold_balanced --split_sizes 0.8 0.1 0.1 --smiles_columns SMILES --ignore_columns Name --gpu 0
Args
{'activation': 'ReLU',
 'aggregation': 'mean',
 'aggregation_norm': 100,
 'atom_descriptor_scaling': True,
 'atom_descriptors': None,
 'atom_descriptors_path': None,
 'atom_descriptors_size': 0,
 'atom_features_size': 0,
 'atom_messages': False,
 'batch_size': 50,
 'bias': False,
 'bond_feature_scaling': True,
 'bond_features_path': None,
 'bond_features_size': 0,
 'cache_cutoff': 10000,
 'checkpoint_dir': None,
 'checkpoint_path': None,
 'checkpoint_paths': None,
 'class_balance': False,
 'config_path': None,
 'crossval_index_dir': None,
 'crossval_index_file': None,
 'crossval_index_sets': None,
 'cuda': True,
 'data_path': 'round3finalval08162021_TRAIN.csv',
 'dataset_type': 'classification',
 'depth': 5,
 'device': device(type='cuda', index=0),
 'dropout': 0.25,
 'empty_cache': False,
 'ensemble_size': 1,
 'epochs': 30,
 'explicit_h': False,
 'extra_metrics': [],
 'features_generator': None,
 'features_only': False,
 'features_path': ['round3finalval08162021_TRAINFTS.npz'],
 'features_scaling': False,
 'features_size': None,
 'ffn_hidden_size': 300,
 'ffn_num_layers': 2,
 'final_lr': 0.0001,
 'folds_file': None,
 'gpu': 0,
 'grad_clip': None,
 'hidden_size': 300,
 'ignore_columns': ['Name'],
 'init_lr': 0.001,
 'log_frequency': 10,
 'max_data_size': None,
 'max_lr': 0.001,
 'metric': 'auc',
 'metrics': ['auc'],
 'minimize_score': False,
 'mpn_shared': False,
 'multiclass_num_classes': 3,
 'no_atom_descriptor_scaling': False,
 'no_bond_features_scaling': False,
 'no_cache_mol': False,
 'no_cuda': False,
 'no_features_scaling': True,
 'num_folds': 3,
 'num_lrs': 1,
 'num_tasks': 2,
 'num_workers': 8,
 'number_of_molecules': 1,
 'overwrite_default_atom_features': False,
 'overwrite_default_bond_features': False,
 'pytorch_seed': 0,
 'quiet': False,
 'reaction': False,
 'reaction_mode': 'reac_diff',
 'resume_experiment': False,
 'save_dir': 'round3finalval08162021_models/29',
 'save_preds': False,
 'save_smiles_splits': False,
 'seed': 0,
 'separate_test_atom_descriptors_path': None,
 'separate_test_bond_features_path': None,
 'separate_test_features_path': None,
 'separate_test_path': None,
 'separate_val_atom_descriptors_path': None,
 'separate_val_bond_features_path': None,
 'separate_val_features_path': None,
 'separate_val_path': None,
 'show_individual_scores': False,
 'smiles_columns': ['SMILES'],
 'split_sizes': (0.8, 0.1, 0.1),
 'split_type': 'scaffold_balanced',
 'target_columns': None,
 'task_names': ['hit_inh', 'hit_kill'],
 'test': False,
 'test_fold_index': None,
 'train_data_size': None,
 'undirected': False,
 'use_input_features': True,
 'val_fold_index': None,
 'warmup_epochs': 2.0}
Loading data
Warning: 23 SMILES are invalid.
Number of tasks = 2
Fold 0
Splitting data with seed 0
Total scaffolds = 3,467 | train scaffolds = 2,650 | val scaffolds = 433 | test scaffolds = 384
Label averages per scaffold, in decreasing order of scaffold frequency,capped at 10 scaffolds and 20 labels:
Scaffold 0
Task 0: count = 381 | target average = 0.018373
Task 1: count = 381 | target average = 0.013123


Scaffold 1
Task 0: count = 305 | target average = 0.009836
Task 1: count = 305 | target average = 0.016393


Scaffold 2
Task 0: count = 36 | target average = 0.000000
Task 1: count = 36 | target average = 0.000000


Scaffold 3
Task 0: count = 29 | target average = 0.000000
Task 1: count = 29 | target average = 0.000000


Scaffold 4
Task 0: count = 26 | target average = 0.000000
Task 1: count = 26 | target average = 0.000000


Scaffold 5
Task 0: count = 23 | target average = 0.000000
Task 1: count = 23 | target average = 0.000000


Scaffold 6
Task 0: count = 22 | target average = 0.090909
Task 1: count = 22 | target average = 0.090909


Scaffold 7
Task 0: count = 20 | target average = 0.000000
Task 1: count = 20 | target average = 0.000000


Scaffold 8
Task 0: count = 20 | target average = 0.000000
Task 1: count = 20 | target average = 0.000000


Scaffold 9
Task 0: count = 20 | target average = 0.050000
Task 1: count = 20 | target average = 0.000000


Class sizes
hit_inh 0: 97.83%, 1: 2.17%
hit_kill 0: 98.64%, 1: 1.36%
Total size = 5,353 | train size = 4,282 | val size = 535 | test size = 536
Building model 0
MoleculeModel(
  (sigmoid): Sigmoid()
  (encoder): MPN(
    (encoder): ModuleList(
      (0): MPNEncoder(
        (dropout_layer): Dropout(p=0.25, inplace=False)
        (act_func): ReLU()
        (W_i): Linear(in_features=147, out_features=300, bias=False)
        (W_h): Linear(in_features=300, out_features=300, bias=False)
        (W_o): Linear(in_features=433, out_features=300, bias=True)
      )
    )
  )
  (ffn): Sequential(
    (0): Dropout(p=0.25, inplace=False)
    (1): Linear(in_features=500, out_features=300, bias=True)
    (2): ReLU()
    (3): Dropout(p=0.25, inplace=False)
    (4): Linear(in_features=300, out_features=2, bias=True)
  )
)
Number of parameters = 415,202
Moving model to cuda
Epoch 0
Loss = 2.2750e-01, PNorm = 35.1654, GNorm = 0.9549, lr_0 = 1.0000e-03
Loss = 9.5103e-02, PNorm = 35.2178, GNorm = 0.2846, lr_0 = 1.0000e-03
Loss = 9.3902e-02, PNorm = 35.2550, GNorm = 0.8016, lr_0 = 1.0000e-03
Loss = 9.9022e-02, PNorm = 35.2764, GNorm = 0.2003, lr_0 = 1.0000e-03
Loss = 9.2360e-02, PNorm = 35.3047, GNorm = 0.4814, lr_0 = 1.0000e-03
Loss = 6.1984e-02, PNorm = 35.3285, GNorm = 0.1999, lr_0 = 1.0000e-03
Loss = 6.5070e-02, PNorm = 35.3476, GNorm = 0.2107, lr_0 = 1.0000e-03
Loss = 6.0079e-02, PNorm = 35.3634, GNorm = 0.1473, lr_0 = 1.0000e-03
Validation auc = 0.728846
Epoch 1
Loss = 3.5769e-02, PNorm = 35.3963, GNorm = 0.1032, lr_0 = 1.0000e-03
Loss = 9.6709e-02, PNorm = 35.4072, GNorm = 0.1725, lr_0 = 1.0000e-03
Loss = 7.3567e-02, PNorm = 35.4416, GNorm = 0.1159, lr_0 = 1.0000e-03
Loss = 9.2907e-02, PNorm = 35.4656, GNorm = 0.2005, lr_0 = 1.0000e-03
Loss = 8.7923e-02, PNorm = 35.5058, GNorm = 0.1410, lr_0 = 1.0000e-03
Loss = 5.6390e-02, PNorm = 35.5410, GNorm = 0.1715, lr_0 = 1.0000e-03
Loss = 9.2443e-02, PNorm = 35.5606, GNorm = 0.1628, lr_0 = 1.0000e-03
Loss = 9.5368e-02, PNorm = 35.5790, GNorm = 0.1716, lr_0 = 1.0000e-03
Loss = 9.4006e-02, PNorm = 35.6118, GNorm = 0.1718, lr_0 = 9.9807e-04
Validation auc = 0.837968
Epoch 2
Loss = 6.0712e-02, PNorm = 35.6569, GNorm = 0.0652, lr_0 = 9.8846e-04
Loss = 5.9198e-02, PNorm = 35.6809, GNorm = 0.1242, lr_0 = 9.7894e-04
Loss = 6.2587e-02, PNorm = 35.7127, GNorm = 0.1808, lr_0 = 9.6952e-04
Loss = 7.8957e-02, PNorm = 35.7376, GNorm = 0.4906, lr_0 = 9.6018e-04
Loss = 6.6985e-02, PNorm = 35.7729, GNorm = 0.1683, lr_0 = 9.5094e-04
Loss = 7.7834e-02, PNorm = 35.8055, GNorm = 0.2087, lr_0 = 9.4178e-04
Loss = 1.2237e-01, PNorm = 35.8470, GNorm = 0.2830, lr_0 = 9.3271e-04
Loss = 5.4743e-02, PNorm = 35.8993, GNorm = 0.2556, lr_0 = 9.2373e-04
Validation auc = 0.873282
Epoch 3
Loss = 6.6951e-02, PNorm = 35.9266, GNorm = 0.1905, lr_0 = 9.1395e-04
Loss = 9.0950e-02, PNorm = 35.9656, GNorm = 0.1941, lr_0 = 9.0515e-04
Loss = 6.7841e-02, PNorm = 36.0171, GNorm = 0.2621, lr_0 = 8.9644e-04
Loss = 7.8862e-02, PNorm = 36.0485, GNorm = 0.1636, lr_0 = 8.8781e-04
Loss = 6.8288e-02, PNorm = 36.0953, GNorm = 0.2897, lr_0 = 8.7926e-04
Loss = 7.7277e-02, PNorm = 36.1166, GNorm = 0.1524, lr_0 = 8.7080e-04
Loss = 5.0698e-02, PNorm = 36.1683, GNorm = 0.1273, lr_0 = 8.6241e-04
Loss = 5.7305e-02, PNorm = 36.1961, GNorm = 0.1134, lr_0 = 8.5411e-04
Loss = 7.8866e-02, PNorm = 36.2265, GNorm = 0.1299, lr_0 = 8.4588e-04
Validation auc = 0.894904
Epoch 4
Loss = 6.3867e-02, PNorm = 36.2736, GNorm = 0.1061, lr_0 = 8.3774e-04
Loss = 5.9315e-02, PNorm = 36.3086, GNorm = 0.1581, lr_0 = 8.2967e-04
Loss = 7.6791e-02, PNorm = 36.3402, GNorm = 0.1553, lr_0 = 8.2169e-04
Loss = 7.6416e-02, PNorm = 36.3829, GNorm = 0.3904, lr_0 = 8.1377e-04
Loss = 8.1522e-02, PNorm = 36.4077, GNorm = 0.1612, lr_0 = 8.0594e-04
Loss = 5.3405e-02, PNorm = 36.4659, GNorm = 0.0758, lr_0 = 7.9818e-04
Loss = 5.5312e-02, PNorm = 36.4930, GNorm = 0.0956, lr_0 = 7.9050e-04
Loss = 5.3842e-02, PNorm = 36.5220, GNorm = 0.0678, lr_0 = 7.8288e-04
Validation auc = 0.939509
Epoch 5
Loss = 5.7145e-02, PNorm = 36.5498, GNorm = 0.1507, lr_0 = 7.7535e-04
Loss = 4.7029e-02, PNorm = 36.5946, GNorm = 0.1418, lr_0 = 7.6788e-04
Loss = 1.0979e-01, PNorm = 36.6169, GNorm = 0.3511, lr_0 = 7.6049e-04
Loss = 7.9350e-02, PNorm = 36.6788, GNorm = 0.1486, lr_0 = 7.5317e-04
Loss = 4.4563e-02, PNorm = 36.7262, GNorm = 0.0911, lr_0 = 7.4591e-04
Loss = 6.0230e-02, PNorm = 36.7625, GNorm = 0.3126, lr_0 = 7.3873e-04
Loss = 7.8145e-02, PNorm = 36.7814, GNorm = 0.1530, lr_0 = 7.3162e-04
Loss = 3.5894e-02, PNorm = 36.8222, GNorm = 0.0864, lr_0 = 7.2458e-04
Loss = 6.4495e-02, PNorm = 36.8446, GNorm = 0.1427, lr_0 = 7.1760e-04
Validation auc = 0.934934
Epoch 6
Loss = 3.9861e-02, PNorm = 36.9069, GNorm = 0.2405, lr_0 = 7.1000e-04
Loss = 7.5333e-02, PNorm = 36.9206, GNorm = 0.1489, lr_0 = 7.0317e-04
Loss = 4.9665e-02, PNorm = 36.9701, GNorm = 0.0901, lr_0 = 6.9640e-04
Loss = 5.2471e-02, PNorm = 36.9930, GNorm = 0.1240, lr_0 = 6.8969e-04
Loss = 6.0120e-02, PNorm = 37.0077, GNorm = 0.1722, lr_0 = 6.8305e-04
Loss = 6.9956e-02, PNorm = 37.0453, GNorm = 0.1180, lr_0 = 6.7648e-04
Loss = 5.8492e-02, PNorm = 37.0768, GNorm = 0.1232, lr_0 = 6.6996e-04
Loss = 6.4543e-02, PNorm = 37.1023, GNorm = 0.2214, lr_0 = 6.6351e-04
Validation auc = 0.958397
Epoch 7
Loss = 6.6774e-02, PNorm = 37.1447, GNorm = 0.2056, lr_0 = 6.5712e-04
Loss = 7.2541e-02, PNorm = 37.1777, GNorm = 0.1426, lr_0 = 6.5080e-04
Loss = 5.2060e-02, PNorm = 37.2263, GNorm = 0.1121, lr_0 = 6.4453e-04
Loss = 4.7140e-02, PNorm = 37.2724, GNorm = 0.2602, lr_0 = 6.3833e-04
Loss = 4.8440e-02, PNorm = 37.2934, GNorm = 0.2408, lr_0 = 6.3218e-04
Loss = 5.6535e-02, PNorm = 37.3232, GNorm = 0.3609, lr_0 = 6.2609e-04
Loss = 3.9495e-02, PNorm = 37.3659, GNorm = 0.2685, lr_0 = 6.2006e-04
Loss = 4.3866e-02, PNorm = 37.3924, GNorm = 0.1739, lr_0 = 6.1409e-04
Loss = 6.2635e-02, PNorm = 37.4278, GNorm = 0.2850, lr_0 = 6.0818e-04
Validation auc = 0.971098
Epoch 8
Loss = 3.5310e-02, PNorm = 37.4506, GNorm = 0.1002, lr_0 = 6.0233e-04
Loss = 5.4025e-02, PNorm = 37.4863, GNorm = 0.3190, lr_0 = 5.9653e-04
Loss = 6.1620e-02, PNorm = 37.5199, GNorm = 0.0784, lr_0 = 5.9078e-04
Loss = 4.3297e-02, PNorm = 37.5552, GNorm = 0.1288, lr_0 = 5.8510e-04
Loss = 5.8073e-02, PNorm = 37.5779, GNorm = 0.1716, lr_0 = 5.7946e-04
Loss = 4.5495e-02, PNorm = 37.6128, GNorm = 0.0625, lr_0 = 5.7388e-04
Loss = 2.9055e-02, PNorm = 37.6402, GNorm = 0.1147, lr_0 = 5.6836e-04
Loss = 7.5087e-02, PNorm = 37.6612, GNorm = 0.2750, lr_0 = 5.6289e-04
Loss = 6.8104e-02, PNorm = 37.6874, GNorm = 0.2742, lr_0 = 5.5747e-04
Loss = 8.6971e-03, PNorm = 37.6893, GNorm = 0.0915, lr_0 = 5.5693e-04
Validation auc = 0.957160
Epoch 9
Loss = 6.0124e-02, PNorm = 37.7109, GNorm = 0.1779, lr_0 = 5.5156e-04
Loss = 4.1867e-02, PNorm = 37.7517, GNorm = 0.0469, lr_0 = 5.4625e-04
Loss = 2.7314e-02, PNorm = 37.7717, GNorm = 0.0364, lr_0 = 5.4100e-04
Loss = 4.1887e-02, PNorm = 37.7769, GNorm = 0.1767, lr_0 = 5.3579e-04
Loss = 3.9408e-02, PNorm = 37.7969, GNorm = 0.1190, lr_0 = 5.3063e-04
Loss = 6.1749e-02, PNorm = 37.8125, GNorm = 0.2861, lr_0 = 5.2552e-04
Loss = 4.9326e-02, PNorm = 37.8411, GNorm = 0.1810, lr_0 = 5.2046e-04
Loss = 4.9600e-02, PNorm = 37.8653, GNorm = 0.2246, lr_0 = 5.1545e-04
Validation auc = 0.938816
Epoch 10
Loss = 6.3587e-02, PNorm = 37.8948, GNorm = 1.0692, lr_0 = 5.1049e-04
Loss = 4.5267e-02, PNorm = 37.9158, GNorm = 0.2039, lr_0 = 5.0557e-04
Loss = 5.6050e-02, PNorm = 37.9397, GNorm = 0.2733, lr_0 = 5.0070e-04
Loss = 5.6004e-02, PNorm = 37.9626, GNorm = 0.3126, lr_0 = 4.9588e-04
Loss = 4.1238e-02, PNorm = 37.9837, GNorm = 0.0930, lr_0 = 4.9111e-04
Loss = 3.9575e-02, PNorm = 38.0086, GNorm = 0.2035, lr_0 = 4.8638e-04
Loss = 7.5842e-02, PNorm = 38.0230, GNorm = 0.2680, lr_0 = 4.8170e-04
Loss = 2.8946e-02, PNorm = 38.0543, GNorm = 0.1569, lr_0 = 4.7706e-04
Loss = 4.8517e-02, PNorm = 38.0620, GNorm = 0.1774, lr_0 = 4.7247e-04
Validation auc = 0.972445
Epoch 11
Loss = 4.1475e-02, PNorm = 38.0917, GNorm = 0.1862, lr_0 = 4.6792e-04
Loss = 5.0457e-02, PNorm = 38.1008, GNorm = 0.2712, lr_0 = 4.6341e-04
Loss = 4.4907e-02, PNorm = 38.1198, GNorm = 0.4304, lr_0 = 4.5895e-04
Loss = 4.5719e-02, PNorm = 38.1327, GNorm = 0.0931, lr_0 = 4.5453e-04
Loss = 4.6385e-02, PNorm = 38.1500, GNorm = 0.1179, lr_0 = 4.5015e-04
Loss = 5.1581e-02, PNorm = 38.1753, GNorm = 0.2486, lr_0 = 4.4582e-04
Loss = 6.1867e-02, PNorm = 38.1923, GNorm = 0.2332, lr_0 = 4.4153e-04
Loss = 3.0289e-02, PNorm = 38.2173, GNorm = 0.2709, lr_0 = 4.3728e-04
Validation auc = 0.971785
Epoch 12
Loss = 2.6579e-02, PNorm = 38.2368, GNorm = 0.0711, lr_0 = 4.3265e-04
Loss = 4.7087e-02, PNorm = 38.2530, GNorm = 0.5094, lr_0 = 4.2848e-04
Loss = 4.2018e-02, PNorm = 38.2687, GNorm = 0.3877, lr_0 = 4.2436e-04
Loss = 5.5978e-02, PNorm = 38.2934, GNorm = 0.1030, lr_0 = 4.2027e-04
Loss = 2.3713e-02, PNorm = 38.3183, GNorm = 0.0811, lr_0 = 4.1622e-04
Loss = 4.6033e-02, PNorm = 38.3339, GNorm = 0.2043, lr_0 = 4.1222e-04
Loss = 4.8202e-02, PNorm = 38.3349, GNorm = 0.1522, lr_0 = 4.0825e-04
Loss = 5.4802e-02, PNorm = 38.3565, GNorm = 0.0898, lr_0 = 4.0432e-04
Loss = 5.3333e-02, PNorm = 38.3634, GNorm = 0.2806, lr_0 = 4.0042e-04
Validation auc = 0.975669
Epoch 13
Loss = 4.4794e-02, PNorm = 38.3823, GNorm = 0.1254, lr_0 = 3.9657e-04
Loss = 5.0874e-02, PNorm = 38.4043, GNorm = 0.0729, lr_0 = 3.9275e-04
Loss = 4.3066e-02, PNorm = 38.4221, GNorm = 0.1705, lr_0 = 3.8897e-04
Loss = 1.3909e-02, PNorm = 38.4492, GNorm = 0.0498, lr_0 = 3.8522e-04
Loss = 6.3652e-02, PNorm = 38.4484, GNorm = 0.2656, lr_0 = 3.8152e-04
Loss = 2.6906e-02, PNorm = 38.4651, GNorm = 0.1463, lr_0 = 3.7784e-04
Loss = 5.4197e-02, PNorm = 38.4765, GNorm = 0.3279, lr_0 = 3.7420e-04
Loss = 4.5743e-02, PNorm = 38.4900, GNorm = 0.2329, lr_0 = 3.7060e-04
Validation auc = 0.972360
Epoch 14
Loss = 3.1158e-02, PNorm = 38.5105, GNorm = 0.2571, lr_0 = 3.6668e-04
Loss = 4.2481e-02, PNorm = 38.5199, GNorm = 0.1767, lr_0 = 3.6315e-04
Loss = 3.8741e-02, PNorm = 38.5366, GNorm = 0.2999, lr_0 = 3.5965e-04
Loss = 3.8612e-02, PNorm = 38.5585, GNorm = 0.2890, lr_0 = 3.5619e-04
Loss = 1.9379e-02, PNorm = 38.5749, GNorm = 0.1811, lr_0 = 3.5276e-04
Loss = 4.3613e-02, PNorm = 38.5863, GNorm = 0.3474, lr_0 = 3.4936e-04
Loss = 6.3443e-02, PNorm = 38.5848, GNorm = 0.3478, lr_0 = 3.4600e-04
Loss = 4.2851e-02, PNorm = 38.6022, GNorm = 0.2641, lr_0 = 3.4267e-04
Loss = 4.7391e-02, PNorm = 38.6185, GNorm = 0.2752, lr_0 = 3.3937e-04
Validation auc = 0.974345
Epoch 15
Loss = 3.9816e-02, PNorm = 38.6318, GNorm = 0.2958, lr_0 = 3.3610e-04
Loss = 2.9957e-02, PNorm = 38.6541, GNorm = 0.2302, lr_0 = 3.3287e-04
Loss = 3.3842e-02, PNorm = 38.6587, GNorm = 0.1577, lr_0 = 3.2966e-04
Loss = 4.4396e-02, PNorm = 38.6626, GNorm = 0.2726, lr_0 = 3.2649e-04
Loss = 4.7430e-02, PNorm = 38.6822, GNorm = 0.1850, lr_0 = 3.2334e-04
Loss = 2.3166e-02, PNorm = 38.7022, GNorm = 0.1683, lr_0 = 3.2023e-04
Loss = 4.5291e-02, PNorm = 38.7064, GNorm = 0.1565, lr_0 = 3.1715e-04
Loss = 4.7179e-02, PNorm = 38.7175, GNorm = 0.2045, lr_0 = 3.1409e-04
Loss = 4.5862e-02, PNorm = 38.7368, GNorm = 0.1007, lr_0 = 3.1107e-04
Validation auc = 0.970024
Epoch 16
Loss = 3.4332e-02, PNorm = 38.7506, GNorm = 0.2907, lr_0 = 3.0807e-04
Loss = 5.3558e-02, PNorm = 38.7555, GNorm = 0.1316, lr_0 = 3.0511e-04
Loss = 2.0223e-02, PNorm = 38.7749, GNorm = 0.1428, lr_0 = 3.0217e-04
Loss = 5.0494e-02, PNorm = 38.7809, GNorm = 0.3997, lr_0 = 2.9926e-04
Loss = 3.1851e-02, PNorm = 38.7943, GNorm = 0.1026, lr_0 = 2.9638e-04
Loss = 4.0789e-02, PNorm = 38.8144, GNorm = 0.2389, lr_0 = 2.9353e-04
Loss = 3.7748e-02, PNorm = 38.8202, GNorm = 0.1630, lr_0 = 2.9070e-04
Loss = 2.4601e-02, PNorm = 38.8321, GNorm = 0.0997, lr_0 = 2.8790e-04
Validation auc = 0.960574
Epoch 17
Loss = 1.5071e-02, PNorm = 38.8417, GNorm = 0.1411, lr_0 = 2.8485e-04
Loss = 3.6572e-02, PNorm = 38.8540, GNorm = 0.2548, lr_0 = 2.8211e-04
Loss = 3.0078e-02, PNorm = 38.8563, GNorm = 0.2428, lr_0 = 2.7939e-04
Loss = 4.7876e-02, PNorm = 38.8655, GNorm = 0.1737, lr_0 = 2.7670e-04
Loss = 2.5062e-02, PNorm = 38.8798, GNorm = 0.1939, lr_0 = 2.7404e-04
Loss = 4.2218e-02, PNorm = 38.8823, GNorm = 0.1927, lr_0 = 2.7140e-04
Loss = 5.1265e-02, PNorm = 38.8973, GNorm = 0.3396, lr_0 = 2.6879e-04
Loss = 2.6118e-02, PNorm = 38.9175, GNorm = 0.1805, lr_0 = 2.6620e-04
Loss = 2.5601e-02, PNorm = 38.9235, GNorm = 0.1570, lr_0 = 2.6364e-04
Validation auc = 0.967045
Epoch 18
Loss = 4.7348e-02, PNorm = 38.9269, GNorm = 0.2994, lr_0 = 2.6110e-04
Loss = 4.2105e-02, PNorm = 38.9401, GNorm = 0.3250, lr_0 = 2.5859e-04
Loss = 2.8420e-02, PNorm = 38.9527, GNorm = 0.2762, lr_0 = 2.5610e-04
Loss = 1.7645e-02, PNorm = 38.9660, GNorm = 0.0517, lr_0 = 2.5363e-04
Loss = 2.4262e-02, PNorm = 38.9784, GNorm = 0.4151, lr_0 = 2.5119e-04
Loss = 3.8212e-02, PNorm = 38.9774, GNorm = 0.1309, lr_0 = 2.4877e-04
Loss = 4.0727e-02, PNorm = 38.9872, GNorm = 0.2363, lr_0 = 2.4638e-04
Loss = 4.6809e-02, PNorm = 38.9976, GNorm = 0.0903, lr_0 = 2.4400e-04
Validation auc = 0.970746
Epoch 19
Loss = 3.8223e-02, PNorm = 39.0017, GNorm = 0.1677, lr_0 = 2.4165e-04
Loss = 3.3845e-02, PNorm = 39.0118, GNorm = 0.0712, lr_0 = 2.3933e-04
Loss = 2.1950e-02, PNorm = 39.0219, GNorm = 0.0954, lr_0 = 2.3702e-04
Loss = 3.9351e-02, PNorm = 39.0217, GNorm = 0.5931, lr_0 = 2.3474e-04
Loss = 3.1618e-02, PNorm = 39.0261, GNorm = 0.2060, lr_0 = 2.3248e-04
Loss = 3.2528e-02, PNorm = 39.0439, GNorm = 0.2805, lr_0 = 2.3024e-04
Loss = 4.5862e-02, PNorm = 39.0517, GNorm = 0.3322, lr_0 = 2.2803e-04
Loss = 2.6055e-02, PNorm = 39.0579, GNorm = 0.2020, lr_0 = 2.2583e-04
Loss = 4.0354e-02, PNorm = 39.0671, GNorm = 0.3365, lr_0 = 2.2366e-04
Validation auc = 0.967251
Epoch 20
Loss = 1.8499e-02, PNorm = 39.0815, GNorm = 0.2499, lr_0 = 2.2129e-04
Loss = 3.6061e-02, PNorm = 39.0857, GNorm = 0.1855, lr_0 = 2.1916e-04
Loss = 2.9046e-02, PNorm = 39.0926, GNorm = 0.2604, lr_0 = 2.1705e-04
Loss = 3.4403e-02, PNorm = 39.1036, GNorm = 0.2371, lr_0 = 2.1496e-04
Loss = 1.6027e-02, PNorm = 39.1071, GNorm = 0.0285, lr_0 = 2.1289e-04
Loss = 2.2867e-02, PNorm = 39.1114, GNorm = 0.0593, lr_0 = 2.1084e-04
Loss = 4.1990e-02, PNorm = 39.1159, GNorm = 0.3024, lr_0 = 2.0881e-04
Loss = 5.8154e-02, PNorm = 39.1261, GNorm = 0.5329, lr_0 = 2.0680e-04
Validation auc = 0.953521
Epoch 21
Loss = 1.7613e-02, PNorm = 39.1359, GNorm = 0.0955, lr_0 = 2.0481e-04
Loss = 3.1858e-02, PNorm = 39.1397, GNorm = 0.1001, lr_0 = 2.0283e-04
Loss = 3.3954e-02, PNorm = 39.1426, GNorm = 0.1688, lr_0 = 2.0088e-04
Loss = 2.7953e-02, PNorm = 39.1541, GNorm = 0.1484, lr_0 = 1.9895e-04
Loss = 2.8242e-02, PNorm = 39.1651, GNorm = 0.1189, lr_0 = 1.9703e-04
Loss = 2.7789e-02, PNorm = 39.1733, GNorm = 0.2087, lr_0 = 1.9514e-04
Loss = 4.5246e-02, PNorm = 39.1777, GNorm = 0.8480, lr_0 = 1.9326e-04
Loss = 3.0357e-02, PNorm = 39.1810, GNorm = 0.1543, lr_0 = 1.9140e-04
Loss = 2.5359e-02, PNorm = 39.1932, GNorm = 0.2098, lr_0 = 1.8955e-04
Validation auc = 0.956197
Epoch 22
Loss = 2.2485e-02, PNorm = 39.1986, GNorm = 0.1074, lr_0 = 1.8773e-04
Loss = 2.2298e-02, PNorm = 39.2031, GNorm = 0.0909, lr_0 = 1.8592e-04
Loss = 2.7585e-02, PNorm = 39.2071, GNorm = 0.0735, lr_0 = 1.8413e-04
Loss = 3.2502e-02, PNorm = 39.2106, GNorm = 0.1354, lr_0 = 1.8236e-04
Loss = 3.4218e-02, PNorm = 39.2134, GNorm = 0.3298, lr_0 = 1.8060e-04
Loss = 4.3553e-02, PNorm = 39.2254, GNorm = 0.1672, lr_0 = 1.7886e-04
Loss = 1.8067e-02, PNorm = 39.2350, GNorm = 0.0764, lr_0 = 1.7714e-04
Loss = 3.3090e-02, PNorm = 39.2344, GNorm = 0.1755, lr_0 = 1.7544e-04
Validation auc = 0.964061
Epoch 23
Loss = 1.2940e-01, PNorm = 39.2359, GNorm = 0.4184, lr_0 = 1.7358e-04
Loss = 2.4052e-02, PNorm = 39.2475, GNorm = 0.1530, lr_0 = 1.7191e-04
Loss = 3.0459e-02, PNorm = 39.2510, GNorm = 0.0790, lr_0 = 1.7025e-04
Loss = 2.2552e-02, PNorm = 39.2535, GNorm = 0.2608, lr_0 = 1.6861e-04
Loss = 3.4390e-02, PNorm = 39.2627, GNorm = 0.2119, lr_0 = 1.6699e-04
Loss = 2.8983e-02, PNorm = 39.2666, GNorm = 0.0733, lr_0 = 1.6538e-04
Loss = 2.9972e-02, PNorm = 39.2715, GNorm = 0.1524, lr_0 = 1.6379e-04
Loss = 2.8741e-02, PNorm = 39.2729, GNorm = 0.2257, lr_0 = 1.6221e-04
Loss = 2.5348e-02, PNorm = 39.2791, GNorm = 0.0930, lr_0 = 1.6065e-04
Validation auc = 0.959419
Epoch 24
Loss = 3.0297e-02, PNorm = 39.2860, GNorm = 0.4975, lr_0 = 1.5910e-04
Loss = 2.4872e-02, PNorm = 39.2907, GNorm = 0.0391, lr_0 = 1.5757e-04
Loss = 2.3443e-02, PNorm = 39.2934, GNorm = 0.5574, lr_0 = 1.5605e-04
Loss = 2.5461e-02, PNorm = 39.2961, GNorm = 0.2173, lr_0 = 1.5455e-04
Loss = 3.9661e-02, PNorm = 39.2969, GNorm = 0.1366, lr_0 = 1.5306e-04
Loss = 3.5163e-02, PNorm = 39.2965, GNorm = 0.3930, lr_0 = 1.5159e-04
Loss = 3.4837e-02, PNorm = 39.3068, GNorm = 0.3212, lr_0 = 1.5013e-04
Loss = 2.2159e-02, PNorm = 39.3167, GNorm = 0.0595, lr_0 = 1.4869e-04
Loss = 2.8115e-02, PNorm = 39.3187, GNorm = 0.1117, lr_0 = 1.4725e-04
Validation auc = 0.957544
Epoch 25
Loss = 2.6707e-02, PNorm = 39.3226, GNorm = 0.3111, lr_0 = 1.4584e-04
Loss = 3.1510e-02, PNorm = 39.3295, GNorm = 0.2403, lr_0 = 1.4443e-04
Loss = 1.9522e-02, PNorm = 39.3410, GNorm = 0.0903, lr_0 = 1.4304e-04
Loss = 3.0334e-02, PNorm = 39.3454, GNorm = 0.4182, lr_0 = 1.4166e-04
Loss = 2.7015e-02, PNorm = 39.3473, GNorm = 0.6930, lr_0 = 1.4030e-04
Loss = 2.2573e-02, PNorm = 39.3476, GNorm = 0.0981, lr_0 = 1.3895e-04
Loss = 2.5914e-02, PNorm = 39.3517, GNorm = 0.1776, lr_0 = 1.3761e-04
Loss = 3.1709e-02, PNorm = 39.3599, GNorm = 0.4254, lr_0 = 1.3629e-04
Validation auc = 0.950094
Epoch 26
Loss = 3.4762e-02, PNorm = 39.3606, GNorm = 0.1828, lr_0 = 1.3484e-04
Loss = 2.0742e-02, PNorm = 39.3646, GNorm = 0.2487, lr_0 = 1.3355e-04
Loss = 3.6902e-02, PNorm = 39.3686, GNorm = 0.1047, lr_0 = 1.3226e-04
Loss = 3.8528e-02, PNorm = 39.3748, GNorm = 0.0810, lr_0 = 1.3099e-04
Loss = 3.4771e-02, PNorm = 39.3783, GNorm = 0.3171, lr_0 = 1.2973e-04
Loss = 3.0454e-02, PNorm = 39.3794, GNorm = 0.8128, lr_0 = 1.2848e-04
Loss = 2.3806e-02, PNorm = 39.3838, GNorm = 0.1817, lr_0 = 1.2724e-04
Loss = 2.6107e-02, PNorm = 39.3880, GNorm = 0.3366, lr_0 = 1.2601e-04
Loss = 1.9771e-02, PNorm = 39.3914, GNorm = 0.1748, lr_0 = 1.2480e-04
Validation auc = 0.963403
Epoch 27
Loss = 1.3544e-02, PNorm = 39.3928, GNorm = 0.0911, lr_0 = 1.2360e-04
Loss = 3.2310e-02, PNorm = 39.3973, GNorm = 0.5086, lr_0 = 1.2241e-04
Loss = 3.0261e-02, PNorm = 39.4028, GNorm = 0.3065, lr_0 = 1.2123e-04
Loss = 2.9236e-02, PNorm = 39.4062, GNorm = 0.4833, lr_0 = 1.2006e-04
Loss = 3.1670e-02, PNorm = 39.4078, GNorm = 0.3254, lr_0 = 1.1891e-04
Loss = 2.0905e-02, PNorm = 39.4107, GNorm = 0.1739, lr_0 = 1.1776e-04
Loss = 2.1265e-02, PNorm = 39.4177, GNorm = 0.0914, lr_0 = 1.1663e-04
Loss = 2.7973e-02, PNorm = 39.4189, GNorm = 0.4243, lr_0 = 1.1551e-04
Validation auc = 0.961674
Epoch 28
Loss = 2.8448e-02, PNorm = 39.4177, GNorm = 0.1841, lr_0 = 1.1428e-04
Loss = 2.7855e-02, PNorm = 39.4231, GNorm = 0.5759, lr_0 = 1.1318e-04
Loss = 2.3044e-02, PNorm = 39.4270, GNorm = 0.1236, lr_0 = 1.1209e-04
Loss = 3.9737e-02, PNorm = 39.4266, GNorm = 0.3724, lr_0 = 1.1101e-04
Loss = 1.3051e-02, PNorm = 39.4311, GNorm = 0.0931, lr_0 = 1.0995e-04
Loss = 2.4795e-02, PNorm = 39.4354, GNorm = 0.0588, lr_0 = 1.0889e-04
Loss = 2.6607e-02, PNorm = 39.4347, GNorm = 0.1162, lr_0 = 1.0784e-04
Loss = 1.8036e-02, PNorm = 39.4393, GNorm = 0.1784, lr_0 = 1.0680e-04
Loss = 3.4998e-02, PNorm = 39.4420, GNorm = 0.1590, lr_0 = 1.0577e-04
Validation auc = 0.961293
Epoch 29
Loss = 2.8006e-02, PNorm = 39.4433, GNorm = 0.2716, lr_0 = 1.0475e-04
Loss = 1.5755e-02, PNorm = 39.4496, GNorm = 0.1609, lr_0 = 1.0374e-04
Loss = 1.7785e-02, PNorm = 39.4533, GNorm = 0.0239, lr_0 = 1.0275e-04
Loss = 2.6166e-02, PNorm = 39.4527, GNorm = 0.2341, lr_0 = 1.0176e-04
Loss = 2.6378e-02, PNorm = 39.4559, GNorm = 0.6382, lr_0 = 1.0078e-04
Loss = 2.5447e-02, PNorm = 39.4586, GNorm = 0.2175, lr_0 = 1.0000e-04
Loss = 1.9978e-02, PNorm = 39.4618, GNorm = 0.0831, lr_0 = 1.0000e-04
Loss = 4.0917e-02, PNorm = 39.4625, GNorm = 0.4734, lr_0 = 1.0000e-04
Validation auc = 0.961052
Model 0 best validation auc = 0.975669 on epoch 12
Loading pretrained parameter "encoder.encoder.0.cached_zero_vector".
Loading pretrained parameter "encoder.encoder.0.W_i.weight".
Loading pretrained parameter "encoder.encoder.0.W_h.weight".
Loading pretrained parameter "encoder.encoder.0.W_o.weight".
Loading pretrained parameter "encoder.encoder.0.W_o.bias".
Loading pretrained parameter "ffn.1.weight".
Loading pretrained parameter "ffn.1.bias".
Loading pretrained parameter "ffn.4.weight".
Loading pretrained parameter "ffn.4.bias".
Moving model to cuda
Model 0 test auc = 0.796460
Ensemble test auc = 0.796460
Fold 1
Splitting data with seed 1
Total scaffolds = 3,467 | train scaffolds = 2,658 | val scaffolds = 399 | test scaffolds = 410
Label averages per scaffold, in decreasing order of scaffold frequency,capped at 10 scaffolds and 20 labels:
Scaffold 0
Task 0: count = 381 | target average = 0.018373
Task 1: count = 381 | target average = 0.013123


Scaffold 1
Task 0: count = 305 | target average = 0.009836
Task 1: count = 305 | target average = 0.016393


Scaffold 2
Task 0: count = 36 | target average = 0.000000
Task 1: count = 36 | target average = 0.000000


Scaffold 3
Task 0: count = 29 | target average = 0.000000
Task 1: count = 29 | target average = 0.000000


Scaffold 4
Task 0: count = 26 | target average = 0.000000
Task 1: count = 26 | target average = 0.000000


Scaffold 5
Task 0: count = 23 | target average = 0.000000
Task 1: count = 23 | target average = 0.000000


Scaffold 6
Task 0: count = 22 | target average = 0.090909
Task 1: count = 22 | target average = 0.090909


Scaffold 7
Task 0: count = 20 | target average = 0.050000
Task 1: count = 20 | target average = 0.000000


Scaffold 8
Task 0: count = 20 | target average = 0.000000
Task 1: count = 20 | target average = 0.000000


Scaffold 9
Task 0: count = 20 | target average = 0.000000
Task 1: count = 20 | target average = 0.000000


Class sizes
hit_inh 0: 97.83%, 1: 2.17%
hit_kill 0: 98.64%, 1: 1.36%
Total size = 5,353 | train size = 4,282 | val size = 535 | test size = 536
Building model 0
MoleculeModel(
  (sigmoid): Sigmoid()
  (encoder): MPN(
    (encoder): ModuleList(
      (0): MPNEncoder(
        (dropout_layer): Dropout(p=0.25, inplace=False)
        (act_func): ReLU()
        (W_i): Linear(in_features=147, out_features=300, bias=False)
        (W_h): Linear(in_features=300, out_features=300, bias=False)
        (W_o): Linear(in_features=433, out_features=300, bias=True)
      )
    )
  )
  (ffn): Sequential(
    (0): Dropout(p=0.25, inplace=False)
    (1): Linear(in_features=500, out_features=300, bias=True)
    (2): ReLU()
    (3): Dropout(p=0.25, inplace=False)
    (4): Linear(in_features=300, out_features=2, bias=True)
  )
)
Number of parameters = 415,202
Moving model to cuda
Epoch 0
Loss = 1.7515e-01, PNorm = 35.1672, GNorm = 0.0746, lr_0 = 1.0000e-03
Loss = 9.7143e-02, PNorm = 35.2162, GNorm = 0.2086, lr_0 = 1.0000e-03
Loss = 7.9505e-02, PNorm = 35.2584, GNorm = 0.6895, lr_0 = 1.0000e-03
Loss = 7.6894e-02, PNorm = 35.2780, GNorm = 0.1843, lr_0 = 1.0000e-03
Loss = 8.0818e-02, PNorm = 35.3046, GNorm = 0.1443, lr_0 = 1.0000e-03
Loss = 1.1544e-01, PNorm = 35.3174, GNorm = 0.1826, lr_0 = 1.0000e-03
Loss = 1.0144e-01, PNorm = 35.3514, GNorm = 0.1786, lr_0 = 1.0000e-03
Loss = 1.0736e-01, PNorm = 35.3754, GNorm = 0.1567, lr_0 = 1.0000e-03
Validation auc = 0.780399
Epoch 1
Loss = 4.7542e-02, PNorm = 35.4176, GNorm = 0.1873, lr_0 = 1.0000e-03
Loss = 9.3286e-02, PNorm = 35.4343, GNorm = 0.1704, lr_0 = 1.0000e-03
Loss = 9.1742e-02, PNorm = 35.4690, GNorm = 0.1706, lr_0 = 1.0000e-03
Loss = 7.5368e-02, PNorm = 35.5040, GNorm = 0.1599, lr_0 = 1.0000e-03
Loss = 6.9244e-02, PNorm = 35.5293, GNorm = 0.2370, lr_0 = 1.0000e-03
Loss = 6.1667e-02, PNorm = 35.5534, GNorm = 0.1253, lr_0 = 1.0000e-03
Loss = 7.4602e-02, PNorm = 35.5799, GNorm = 0.1465, lr_0 = 1.0000e-03
Loss = 7.6602e-02, PNorm = 35.6144, GNorm = 0.1273, lr_0 = 1.0000e-03
Loss = 1.0026e-01, PNorm = 35.6430, GNorm = 0.3232, lr_0 = 9.9807e-04
Validation auc = 0.842772
Epoch 2
Loss = 7.6123e-02, PNorm = 35.6987, GNorm = 0.0829, lr_0 = 9.8846e-04
Loss = 9.5939e-02, PNorm = 35.7309, GNorm = 0.2903, lr_0 = 9.7894e-04
Loss = 8.0790e-02, PNorm = 35.7788, GNorm = 0.1594, lr_0 = 9.6952e-04
Loss = 7.6500e-02, PNorm = 35.8256, GNorm = 0.2055, lr_0 = 9.6018e-04
Loss = 4.7688e-02, PNorm = 35.8497, GNorm = 0.1285, lr_0 = 9.5094e-04
Loss = 6.0912e-02, PNorm = 35.8749, GNorm = 0.1149, lr_0 = 9.4178e-04
Loss = 8.0150e-02, PNorm = 35.8953, GNorm = 0.1738, lr_0 = 9.3271e-04
Loss = 7.1401e-02, PNorm = 35.9367, GNorm = 0.2381, lr_0 = 9.2373e-04
Validation auc = 0.864416
Epoch 3
Loss = 1.0738e-01, PNorm = 35.9709, GNorm = 0.2269, lr_0 = 9.1395e-04
Loss = 8.4285e-02, PNorm = 36.0140, GNorm = 0.2072, lr_0 = 9.0515e-04
Loss = 4.5256e-02, PNorm = 36.0519, GNorm = 0.1637, lr_0 = 8.9644e-04
Loss = 6.2112e-02, PNorm = 36.0811, GNorm = 0.3002, lr_0 = 8.8781e-04
Loss = 6.0992e-02, PNorm = 36.1101, GNorm = 0.1037, lr_0 = 8.7926e-04
Loss = 7.1212e-02, PNorm = 36.1509, GNorm = 0.1870, lr_0 = 8.7080e-04
Loss = 6.4746e-02, PNorm = 36.1914, GNorm = 0.1530, lr_0 = 8.6241e-04
Loss = 9.0431e-02, PNorm = 36.2272, GNorm = 0.1761, lr_0 = 8.5411e-04
Loss = 6.1328e-02, PNorm = 36.2697, GNorm = 0.1536, lr_0 = 8.4588e-04
Validation auc = 0.825742
Epoch 4
Loss = 3.3181e-02, PNorm = 36.3043, GNorm = 0.0761, lr_0 = 8.3774e-04
Loss = 6.3547e-02, PNorm = 36.3358, GNorm = 0.3085, lr_0 = 8.2967e-04
Loss = 9.3957e-02, PNorm = 36.3694, GNorm = 0.2358, lr_0 = 8.2169e-04
Loss = 6.4751e-02, PNorm = 36.4263, GNorm = 0.3237, lr_0 = 8.1377e-04
Loss = 7.4539e-02, PNorm = 36.4452, GNorm = 0.1735, lr_0 = 8.0594e-04
Loss = 5.4266e-02, PNorm = 36.4998, GNorm = 0.3124, lr_0 = 7.9818e-04
Loss = 8.6680e-02, PNorm = 36.5193, GNorm = 0.1830, lr_0 = 7.9050e-04
Loss = 8.2931e-02, PNorm = 36.5554, GNorm = 0.1332, lr_0 = 7.8288e-04
Validation auc = 0.858027
Epoch 5
Loss = 4.0534e-02, PNorm = 36.6078, GNorm = 0.1664, lr_0 = 7.7535e-04
Loss = 7.0681e-02, PNorm = 36.6270, GNorm = 0.1327, lr_0 = 7.6788e-04
Loss = 4.9990e-02, PNorm = 36.6645, GNorm = 0.1610, lr_0 = 7.6049e-04
Loss = 4.6538e-02, PNorm = 36.7057, GNorm = 0.2227, lr_0 = 7.5317e-04
Loss = 7.1413e-02, PNorm = 36.7165, GNorm = 0.1518, lr_0 = 7.4591e-04
Loss = 6.7394e-02, PNorm = 36.7589, GNorm = 0.3644, lr_0 = 7.3873e-04
Loss = 7.1022e-02, PNorm = 36.7953, GNorm = 0.2717, lr_0 = 7.3162e-04
Loss = 6.6753e-02, PNorm = 36.8409, GNorm = 0.1186, lr_0 = 7.2458e-04
Loss = 7.1777e-02, PNorm = 36.8694, GNorm = 0.1354, lr_0 = 7.1760e-04
Validation auc = 0.863801
Epoch 6
Loss = 6.5095e-02, PNorm = 36.9165, GNorm = 0.1792, lr_0 = 7.1000e-04
Loss = 8.3416e-02, PNorm = 36.9546, GNorm = 0.2189, lr_0 = 7.0317e-04
Loss = 4.4211e-02, PNorm = 37.0062, GNorm = 0.1712, lr_0 = 6.9640e-04
Loss = 4.7075e-02, PNorm = 37.0432, GNorm = 0.2702, lr_0 = 6.8969e-04
Loss = 5.4305e-02, PNorm = 37.0699, GNorm = 0.0621, lr_0 = 6.8305e-04
Loss = 5.6604e-02, PNorm = 37.0995, GNorm = 0.1466, lr_0 = 6.7648e-04
Loss = 4.7526e-02, PNorm = 37.1253, GNorm = 0.2699, lr_0 = 6.6996e-04
Loss = 7.9384e-02, PNorm = 37.1531, GNorm = 0.2732, lr_0 = 6.6351e-04
Validation auc = 0.834671
Epoch 7
Loss = 1.8921e-02, PNorm = 37.2060, GNorm = 0.1105, lr_0 = 6.5712e-04
Loss = 4.3979e-02, PNorm = 37.2590, GNorm = 0.1810, lr_0 = 6.5080e-04
Loss = 6.4443e-02, PNorm = 37.2976, GNorm = 0.4556, lr_0 = 6.4453e-04
Loss = 7.2494e-02, PNorm = 37.3334, GNorm = 0.2633, lr_0 = 6.3833e-04
Loss = 5.4092e-02, PNorm = 37.3787, GNorm = 0.1262, lr_0 = 6.3218e-04
Loss = 4.9424e-02, PNorm = 37.4286, GNorm = 0.7258, lr_0 = 6.2609e-04
Loss = 4.8560e-02, PNorm = 37.4665, GNorm = 0.1180, lr_0 = 6.2006e-04
Loss = 5.3540e-02, PNorm = 37.5090, GNorm = 0.3379, lr_0 = 6.1409e-04
Loss = 5.5237e-02, PNorm = 37.5176, GNorm = 0.2081, lr_0 = 6.0818e-04
Validation auc = 0.872925
Epoch 8
Loss = 3.0820e-02, PNorm = 37.5510, GNorm = 0.0640, lr_0 = 6.0233e-04
Loss = 4.4232e-02, PNorm = 37.5683, GNorm = 0.0973, lr_0 = 5.9653e-04
Loss = 5.4989e-02, PNorm = 37.5855, GNorm = 0.1420, lr_0 = 5.9078e-04
Loss = 4.8380e-02, PNorm = 37.6072, GNorm = 0.0848, lr_0 = 5.8510e-04
Loss = 4.1717e-02, PNorm = 37.6314, GNorm = 0.1159, lr_0 = 5.7946e-04
Loss = 5.4166e-02, PNorm = 37.6570, GNorm = 0.1490, lr_0 = 5.7388e-04
Loss = 5.6133e-02, PNorm = 37.6873, GNorm = 0.1474, lr_0 = 5.6836e-04
Loss = 4.9254e-02, PNorm = 37.7313, GNorm = 0.1176, lr_0 = 5.6289e-04
Loss = 8.6162e-02, PNorm = 37.7482, GNorm = 0.2847, lr_0 = 5.5747e-04
Loss = 2.2602e-02, PNorm = 37.7521, GNorm = 0.1882, lr_0 = 5.5693e-04
Validation auc = 0.855451
Epoch 9
Loss = 3.6682e-02, PNorm = 37.8004, GNorm = 0.1907, lr_0 = 5.5156e-04
Loss = 5.6925e-02, PNorm = 37.8246, GNorm = 0.1124, lr_0 = 5.4625e-04
Loss = 6.6466e-02, PNorm = 37.8616, GNorm = 0.1557, lr_0 = 5.4100e-04
Loss = 5.6862e-02, PNorm = 37.9012, GNorm = 0.3133, lr_0 = 5.3579e-04
Loss = 7.4944e-02, PNorm = 37.9135, GNorm = 0.1568, lr_0 = 5.3063e-04
Loss = 3.7731e-02, PNorm = 37.9538, GNorm = 0.0876, lr_0 = 5.2552e-04
Loss = 4.6314e-02, PNorm = 37.9741, GNorm = 0.1393, lr_0 = 5.2046e-04
Loss = 6.4586e-02, PNorm = 38.0053, GNorm = 0.1839, lr_0 = 5.1545e-04
Validation auc = 0.874686
Epoch 10
Loss = 2.8652e-02, PNorm = 38.0385, GNorm = 0.1824, lr_0 = 5.1049e-04
Loss = 2.9215e-02, PNorm = 38.0709, GNorm = 0.0696, lr_0 = 5.0557e-04
Loss = 3.4228e-02, PNorm = 38.0979, GNorm = 0.1338, lr_0 = 5.0070e-04
Loss = 5.7798e-02, PNorm = 38.1219, GNorm = 0.2381, lr_0 = 4.9588e-04
Loss = 5.5966e-02, PNorm = 38.1376, GNorm = 0.5254, lr_0 = 4.9111e-04
Loss = 7.1843e-02, PNorm = 38.1630, GNorm = 0.2984, lr_0 = 4.8638e-04
Loss = 5.0023e-02, PNorm = 38.1894, GNorm = 0.2145, lr_0 = 4.8170e-04
Loss = 4.2316e-02, PNorm = 38.2116, GNorm = 0.1671, lr_0 = 4.7706e-04
Loss = 5.2136e-02, PNorm = 38.2335, GNorm = 0.1617, lr_0 = 4.7247e-04
Validation auc = 0.858092
Epoch 11
Loss = 3.8071e-02, PNorm = 38.2600, GNorm = 0.0643, lr_0 = 4.6792e-04
Loss = 2.0405e-02, PNorm = 38.2914, GNorm = 0.1781, lr_0 = 4.6341e-04
Loss = 4.7419e-02, PNorm = 38.3059, GNorm = 0.1199, lr_0 = 4.5895e-04
Loss = 5.8187e-02, PNorm = 38.3231, GNorm = 0.2414, lr_0 = 4.5453e-04
Loss = 5.8298e-02, PNorm = 38.3463, GNorm = 0.0942, lr_0 = 4.5015e-04
Loss = 3.0557e-02, PNorm = 38.3640, GNorm = 0.0607, lr_0 = 4.4582e-04
Loss = 7.3961e-02, PNorm = 38.3721, GNorm = 0.3007, lr_0 = 4.4153e-04
Loss = 3.5312e-02, PNorm = 38.4077, GNorm = 0.1364, lr_0 = 4.3728e-04
Validation auc = 0.879696
Epoch 12
Loss = 2.9069e-02, PNorm = 38.4290, GNorm = 0.1791, lr_0 = 4.3265e-04
Loss = 3.0079e-02, PNorm = 38.4607, GNorm = 0.1601, lr_0 = 4.2848e-04
Loss = 4.6880e-02, PNorm = 38.4908, GNorm = 0.3799, lr_0 = 4.2436e-04
Loss = 2.1451e-02, PNorm = 38.5061, GNorm = 0.1195, lr_0 = 4.2027e-04
Loss = 5.3647e-02, PNorm = 38.5168, GNorm = 0.2756, lr_0 = 4.1622e-04
Loss = 4.3053e-02, PNorm = 38.5284, GNorm = 0.2837, lr_0 = 4.1222e-04
Loss = 7.6163e-02, PNorm = 38.5397, GNorm = 0.2736, lr_0 = 4.0825e-04
Loss = 5.0169e-02, PNorm = 38.5724, GNorm = 0.1677, lr_0 = 4.0432e-04
Loss = 5.3739e-02, PNorm = 38.6036, GNorm = 0.5163, lr_0 = 4.0042e-04
Validation auc = 0.867145
Epoch 13
Loss = 3.5333e-02, PNorm = 38.6204, GNorm = 0.3026, lr_0 = 3.9657e-04
Loss = 2.9947e-02, PNorm = 38.6541, GNorm = 0.0420, lr_0 = 3.9275e-04
Loss = 4.6647e-02, PNorm = 38.6632, GNorm = 0.1925, lr_0 = 3.8897e-04
Loss = 4.1864e-02, PNorm = 38.6760, GNorm = 0.2565, lr_0 = 3.8522e-04
Loss = 4.3542e-02, PNorm = 38.6949, GNorm = 0.2502, lr_0 = 3.8152e-04
Loss = 3.7476e-02, PNorm = 38.7138, GNorm = 0.2685, lr_0 = 3.7784e-04
Loss = 5.8420e-02, PNorm = 38.7249, GNorm = 0.3855, lr_0 = 3.7420e-04
Loss = 4.6738e-02, PNorm = 38.7401, GNorm = 0.1853, lr_0 = 3.7060e-04
Validation auc = 0.848170
Epoch 14
Loss = 3.3627e-02, PNorm = 38.7624, GNorm = 0.1708, lr_0 = 3.6668e-04
Loss = 3.8728e-02, PNorm = 38.7849, GNorm = 0.1967, lr_0 = 3.6315e-04
Loss = 7.2509e-02, PNorm = 38.7904, GNorm = 0.2971, lr_0 = 3.5965e-04
Loss = 3.4355e-02, PNorm = 38.8280, GNorm = 0.2193, lr_0 = 3.5619e-04
Loss = 3.2831e-02, PNorm = 38.8528, GNorm = 0.1918, lr_0 = 3.5276e-04
Loss = 2.8880e-02, PNorm = 38.8621, GNorm = 0.0820, lr_0 = 3.4936e-04
Loss = 7.4419e-02, PNorm = 38.8647, GNorm = 0.3976, lr_0 = 3.4600e-04
Loss = 5.1036e-02, PNorm = 38.8879, GNorm = 0.1827, lr_0 = 3.4267e-04
Loss = 3.0992e-02, PNorm = 38.9136, GNorm = 0.2127, lr_0 = 3.3937e-04
Validation auc = 0.874873
Epoch 15
Loss = 5.1217e-02, PNorm = 38.9276, GNorm = 0.1550, lr_0 = 3.3610e-04
Loss = 3.4045e-02, PNorm = 38.9350, GNorm = 0.1348, lr_0 = 3.3287e-04
Loss = 4.7511e-02, PNorm = 38.9439, GNorm = 0.2648, lr_0 = 3.2966e-04
Loss = 4.0498e-02, PNorm = 38.9558, GNorm = 0.2292, lr_0 = 3.2649e-04
Loss = 2.3868e-02, PNorm = 38.9708, GNorm = 0.2821, lr_0 = 3.2334e-04
Loss = 4.1753e-02, PNorm = 38.9807, GNorm = 0.0882, lr_0 = 3.2023e-04
Loss = 4.6311e-02, PNorm = 38.9876, GNorm = 0.2603, lr_0 = 3.1715e-04
Loss = 3.4682e-02, PNorm = 39.0051, GNorm = 0.1546, lr_0 = 3.1409e-04
Loss = 4.1902e-02, PNorm = 39.0253, GNorm = 0.1330, lr_0 = 3.1107e-04
Validation auc = 0.867795
Epoch 16
Loss = 3.7611e-02, PNorm = 39.0396, GNorm = 0.1283, lr_0 = 3.0807e-04
Loss = 2.9369e-02, PNorm = 39.0547, GNorm = 0.1138, lr_0 = 3.0511e-04
Loss = 4.8896e-02, PNorm = 39.0584, GNorm = 0.1780, lr_0 = 3.0217e-04
Loss = 3.4146e-02, PNorm = 39.0738, GNorm = 0.1966, lr_0 = 2.9926e-04
Loss = 4.8031e-02, PNorm = 39.0865, GNorm = 0.1692, lr_0 = 2.9638e-04
Loss = 5.3927e-02, PNorm = 39.0998, GNorm = 0.2115, lr_0 = 2.9353e-04
Loss = 3.5991e-02, PNorm = 39.1193, GNorm = 0.9405, lr_0 = 2.9070e-04
Loss = 1.9573e-02, PNorm = 39.1305, GNorm = 0.1768, lr_0 = 2.8790e-04
Validation auc = 0.859290
Epoch 17
Loss = 3.2511e-02, PNorm = 39.1466, GNorm = 0.0692, lr_0 = 2.8485e-04
Loss = 4.0000e-02, PNorm = 39.1540, GNorm = 0.2088, lr_0 = 2.8211e-04
Loss = 3.9067e-02, PNorm = 39.1671, GNorm = 0.1116, lr_0 = 2.7939e-04
Loss = 3.1567e-02, PNorm = 39.1819, GNorm = 0.1541, lr_0 = 2.7670e-04
Loss = 3.3419e-02, PNorm = 39.1946, GNorm = 0.4316, lr_0 = 2.7404e-04
Loss = 2.0757e-02, PNorm = 39.2007, GNorm = 0.2294, lr_0 = 2.7140e-04
Loss = 3.8452e-02, PNorm = 39.2088, GNorm = 0.3158, lr_0 = 2.6879e-04
Loss = 3.9616e-02, PNorm = 39.2199, GNorm = 0.2219, lr_0 = 2.6620e-04
Loss = 4.1290e-02, PNorm = 39.2282, GNorm = 0.4779, lr_0 = 2.6364e-04
Validation auc = 0.866994
Epoch 18
Loss = 2.6666e-02, PNorm = 39.2403, GNorm = 0.0804, lr_0 = 2.6110e-04
Loss = 3.6738e-02, PNorm = 39.2482, GNorm = 0.2316, lr_0 = 2.5859e-04
Loss = 5.7795e-02, PNorm = 39.2509, GNorm = 0.3302, lr_0 = 2.5610e-04
Loss = 4.4277e-02, PNorm = 39.2725, GNorm = 0.4495, lr_0 = 2.5363e-04
Loss = 5.2042e-02, PNorm = 39.2743, GNorm = 0.2206, lr_0 = 2.5119e-04
Loss = 2.9587e-02, PNorm = 39.2853, GNorm = 0.1446, lr_0 = 2.4877e-04
Loss = 3.0067e-02, PNorm = 39.2986, GNorm = 0.1833, lr_0 = 2.4638e-04
Loss = 2.4241e-02, PNorm = 39.3090, GNorm = 0.3117, lr_0 = 2.4400e-04
Validation auc = 0.859683
Epoch 19
Loss = 2.1507e-02, PNorm = 39.3212, GNorm = 0.2064, lr_0 = 2.4165e-04
Loss = 2.9881e-02, PNorm = 39.3249, GNorm = 0.1465, lr_0 = 2.3933e-04
Loss = 4.2389e-02, PNorm = 39.3314, GNorm = 0.0459, lr_0 = 2.3702e-04
Loss = 2.5260e-02, PNorm = 39.3395, GNorm = 0.1670, lr_0 = 2.3474e-04
Loss = 2.5086e-02, PNorm = 39.3526, GNorm = 0.2465, lr_0 = 2.3248e-04
Loss = 5.5334e-02, PNorm = 39.3544, GNorm = 0.1522, lr_0 = 2.3024e-04
Loss = 3.6934e-02, PNorm = 39.3659, GNorm = 0.2629, lr_0 = 2.2803e-04
Loss = 2.5641e-02, PNorm = 39.3803, GNorm = 0.2859, lr_0 = 2.2583e-04
Loss = 2.5642e-02, PNorm = 39.3844, GNorm = 0.1015, lr_0 = 2.2366e-04
Validation auc = 0.868346
Epoch 20
Loss = 2.9189e-02, PNorm = 39.3954, GNorm = 0.3180, lr_0 = 2.2129e-04
Loss = 2.7632e-02, PNorm = 39.4074, GNorm = 0.0581, lr_0 = 2.1916e-04
Loss = 4.4967e-02, PNorm = 39.4113, GNorm = 0.0662, lr_0 = 2.1705e-04
Loss = 1.9429e-02, PNorm = 39.4186, GNorm = 0.0985, lr_0 = 2.1496e-04
Loss = 3.6827e-02, PNorm = 39.4286, GNorm = 0.0601, lr_0 = 2.1289e-04
Loss = 2.9641e-02, PNorm = 39.4342, GNorm = 0.1762, lr_0 = 2.1084e-04
Loss = 2.1382e-02, PNorm = 39.4458, GNorm = 0.2016, lr_0 = 2.0881e-04
Loss = 3.9938e-02, PNorm = 39.4522, GNorm = 0.9100, lr_0 = 2.0680e-04
Validation auc = 0.869684
Epoch 21
Loss = 3.3367e-02, PNorm = 39.4495, GNorm = 0.4551, lr_0 = 2.0481e-04
Loss = 2.6402e-02, PNorm = 39.4665, GNorm = 0.2608, lr_0 = 2.0283e-04
Loss = 2.2667e-02, PNorm = 39.4754, GNorm = 0.0609, lr_0 = 2.0088e-04
Loss = 5.1856e-02, PNorm = 39.4742, GNorm = 0.2080, lr_0 = 1.9895e-04
Loss = 3.4314e-02, PNorm = 39.4853, GNorm = 0.1667, lr_0 = 1.9703e-04
Loss = 3.5574e-02, PNorm = 39.4954, GNorm = 0.3094, lr_0 = 1.9514e-04
Loss = 3.0468e-02, PNorm = 39.5041, GNorm = 0.1012, lr_0 = 1.9326e-04
Loss = 2.2744e-02, PNorm = 39.5138, GNorm = 0.1447, lr_0 = 1.9140e-04
Loss = 4.1415e-02, PNorm = 39.5201, GNorm = 0.8735, lr_0 = 1.8955e-04
Validation auc = 0.868410
Epoch 22
Loss = 1.4783e-02, PNorm = 39.5257, GNorm = 0.4027, lr_0 = 1.8773e-04
Loss = 4.2106e-02, PNorm = 39.5277, GNorm = 0.1436, lr_0 = 1.8592e-04
Loss = 2.0667e-02, PNorm = 39.5352, GNorm = 0.1717, lr_0 = 1.8413e-04
Loss = 2.6153e-02, PNorm = 39.5483, GNorm = 0.1447, lr_0 = 1.8236e-04
Loss = 4.9938e-02, PNorm = 39.5493, GNorm = 0.1965, lr_0 = 1.8060e-04
Loss = 2.1474e-02, PNorm = 39.5532, GNorm = 0.1007, lr_0 = 1.7886e-04
Loss = 5.8564e-02, PNorm = 39.5622, GNorm = 0.3464, lr_0 = 1.7714e-04
Loss = 3.2480e-02, PNorm = 39.5675, GNorm = 0.2198, lr_0 = 1.7544e-04
Validation auc = 0.852166
Epoch 23
Loss = 6.3642e-02, PNorm = 39.5751, GNorm = 0.3152, lr_0 = 1.7358e-04
Loss = 2.6252e-02, PNorm = 39.5845, GNorm = 0.6686, lr_0 = 1.7191e-04
Loss = 4.7547e-02, PNorm = 39.5837, GNorm = 0.1167, lr_0 = 1.7025e-04
Loss = 2.0959e-02, PNorm = 39.5929, GNorm = 0.1892, lr_0 = 1.6861e-04
Loss = 2.2889e-02, PNorm = 39.6024, GNorm = 0.0414, lr_0 = 1.6699e-04
Loss = 1.9882e-02, PNorm = 39.6108, GNorm = 0.1287, lr_0 = 1.6538e-04
Loss = 2.1991e-02, PNorm = 39.6186, GNorm = 0.1817, lr_0 = 1.6379e-04
Loss = 3.3135e-02, PNorm = 39.6199, GNorm = 0.2402, lr_0 = 1.6221e-04
Loss = 3.7464e-02, PNorm = 39.6232, GNorm = 0.1697, lr_0 = 1.6065e-04
Validation auc = 0.876863
Epoch 24
Loss = 4.9420e-02, PNorm = 39.6240, GNorm = 0.4623, lr_0 = 1.5910e-04
Loss = 2.4298e-02, PNorm = 39.6352, GNorm = 0.1566, lr_0 = 1.5757e-04
Loss = 3.8834e-02, PNorm = 39.6471, GNorm = 0.2554, lr_0 = 1.5605e-04
Loss = 2.8005e-02, PNorm = 39.6516, GNorm = 0.2215, lr_0 = 1.5455e-04
Loss = 2.8684e-02, PNorm = 39.6539, GNorm = 0.1900, lr_0 = 1.5306e-04
Loss = 2.0668e-02, PNorm = 39.6596, GNorm = 0.1121, lr_0 = 1.5159e-04
Loss = 2.9806e-02, PNorm = 39.6655, GNorm = 0.2370, lr_0 = 1.5013e-04
Loss = 1.9860e-02, PNorm = 39.6706, GNorm = 0.1330, lr_0 = 1.4869e-04
Loss = 3.2571e-02, PNorm = 39.6756, GNorm = 0.0452, lr_0 = 1.4725e-04
Validation auc = 0.856698
Epoch 25
Loss = 2.6407e-02, PNorm = 39.6779, GNorm = 0.2220, lr_0 = 1.4584e-04
Loss = 2.0518e-02, PNorm = 39.6859, GNorm = 0.1766, lr_0 = 1.4443e-04
Loss = 2.5463e-02, PNorm = 39.6940, GNorm = 0.5263, lr_0 = 1.4304e-04
Loss = 4.3997e-02, PNorm = 39.6947, GNorm = 0.1989, lr_0 = 1.4166e-04
Loss = 2.0545e-02, PNorm = 39.7016, GNorm = 0.1930, lr_0 = 1.4030e-04
Loss = 3.1433e-02, PNorm = 39.7069, GNorm = 0.1661, lr_0 = 1.3895e-04
Loss = 1.9213e-02, PNorm = 39.7121, GNorm = 0.0744, lr_0 = 1.3761e-04
Loss = 2.3272e-02, PNorm = 39.7156, GNorm = 0.2344, lr_0 = 1.3629e-04
Validation auc = 0.847764
Epoch 26
Loss = 3.2745e-02, PNorm = 39.7167, GNorm = 0.3836, lr_0 = 1.3484e-04
Loss = 3.1851e-02, PNorm = 39.7250, GNorm = 0.3501, lr_0 = 1.3355e-04
Loss = 1.9283e-02, PNorm = 39.7314, GNorm = 0.1153, lr_0 = 1.3226e-04
Loss = 2.2809e-02, PNorm = 39.7356, GNorm = 0.0445, lr_0 = 1.3099e-04
Loss = 3.1556e-02, PNorm = 39.7344, GNorm = 0.1728, lr_0 = 1.2973e-04
Loss = 2.7061e-02, PNorm = 39.7395, GNorm = 0.2405, lr_0 = 1.2848e-04
Loss = 2.6218e-02, PNorm = 39.7485, GNorm = 0.1697, lr_0 = 1.2724e-04
Loss = 4.2033e-02, PNorm = 39.7506, GNorm = 0.3455, lr_0 = 1.2601e-04
Loss = 1.9160e-02, PNorm = 39.7544, GNorm = 0.3435, lr_0 = 1.2480e-04
Validation auc = 0.861895
Epoch 27
Loss = 2.4092e-02, PNorm = 39.7604, GNorm = 0.2444, lr_0 = 1.2360e-04
Loss = 1.4428e-02, PNorm = 39.7661, GNorm = 0.0455, lr_0 = 1.2241e-04
Loss = 1.7681e-02, PNorm = 39.7693, GNorm = 0.2937, lr_0 = 1.2123e-04
Loss = 1.1056e-02, PNorm = 39.7728, GNorm = 0.1100, lr_0 = 1.2006e-04
Loss = 2.1965e-02, PNorm = 39.7750, GNorm = 0.0780, lr_0 = 1.1891e-04
Loss = 4.1978e-02, PNorm = 39.7759, GNorm = 0.9543, lr_0 = 1.1776e-04
Loss = 3.3097e-02, PNorm = 39.7783, GNorm = 0.2934, lr_0 = 1.1663e-04
Loss = 3.0155e-02, PNorm = 39.7846, GNorm = 0.1772, lr_0 = 1.1551e-04
Validation auc = 0.865047
Epoch 28
Loss = 5.9463e-02, PNorm = 39.7868, GNorm = 0.3259, lr_0 = 1.1428e-04
Loss = 2.2148e-02, PNorm = 39.7911, GNorm = 0.2247, lr_0 = 1.1318e-04
Loss = 3.5227e-02, PNorm = 39.7964, GNorm = 0.5749, lr_0 = 1.1209e-04
Loss = 2.6453e-02, PNorm = 39.7979, GNorm = 0.2000, lr_0 = 1.1101e-04
Loss = 2.6109e-02, PNorm = 39.8026, GNorm = 0.1356, lr_0 = 1.0995e-04
Loss = 3.0135e-02, PNorm = 39.8084, GNorm = 0.2099, lr_0 = 1.0889e-04
Loss = 3.2903e-02, PNorm = 39.8115, GNorm = 0.1221, lr_0 = 1.0784e-04
Loss = 2.8615e-02, PNorm = 39.8170, GNorm = 0.1962, lr_0 = 1.0680e-04
Loss = 2.3885e-02, PNorm = 39.8225, GNorm = 0.3127, lr_0 = 1.0577e-04
Validation auc = 0.869225
Epoch 29
Loss = 3.1908e-02, PNorm = 39.8269, GNorm = 0.1389, lr_0 = 1.0475e-04
Loss = 2.1848e-02, PNorm = 39.8306, GNorm = 0.5228, lr_0 = 1.0374e-04
Loss = 3.8317e-02, PNorm = 39.8308, GNorm = 0.3101, lr_0 = 1.0275e-04
Loss = 1.9247e-02, PNorm = 39.8355, GNorm = 0.2205, lr_0 = 1.0176e-04
Loss = 1.9115e-02, PNorm = 39.8396, GNorm = 0.0576, lr_0 = 1.0078e-04
Loss = 2.5836e-02, PNorm = 39.8402, GNorm = 0.1533, lr_0 = 1.0000e-04
Loss = 3.6340e-02, PNorm = 39.8402, GNorm = 0.1722, lr_0 = 1.0000e-04
Loss = 2.2425e-02, PNorm = 39.8458, GNorm = 0.2506, lr_0 = 1.0000e-04
Validation auc = 0.867360
Model 0 best validation auc = 0.879696 on epoch 11
Loading pretrained parameter "encoder.encoder.0.cached_zero_vector".
Loading pretrained parameter "encoder.encoder.0.W_i.weight".
Loading pretrained parameter "encoder.encoder.0.W_h.weight".
Loading pretrained parameter "encoder.encoder.0.W_o.weight".
Loading pretrained parameter "encoder.encoder.0.W_o.bias".
Loading pretrained parameter "ffn.1.weight".
Loading pretrained parameter "ffn.1.bias".
Loading pretrained parameter "ffn.4.weight".
Loading pretrained parameter "ffn.4.bias".
Moving model to cuda
Model 0 test auc = 0.874427
Ensemble test auc = 0.874427
Fold 2
Splitting data with seed 2
Total scaffolds = 3,467 | train scaffolds = 2,630 | val scaffolds = 419 | test scaffolds = 418
Label averages per scaffold, in decreasing order of scaffold frequency,capped at 10 scaffolds and 20 labels:
Scaffold 0
Task 0: count = 381 | target average = 0.018373
Task 1: count = 381 | target average = 0.013123


Scaffold 1
Task 0: count = 305 | target average = 0.009836
Task 1: count = 305 | target average = 0.016393


Scaffold 2
Task 0: count = 36 | target average = 0.000000
Task 1: count = 36 | target average = 0.000000


Scaffold 3
Task 0: count = 29 | target average = 0.000000
Task 1: count = 29 | target average = 0.000000


Scaffold 4
Task 0: count = 26 | target average = 0.000000
Task 1: count = 26 | target average = 0.000000


Scaffold 5
Task 0: count = 23 | target average = 0.000000
Task 1: count = 23 | target average = 0.000000


Scaffold 6
Task 0: count = 22 | target average = 0.090909
Task 1: count = 22 | target average = 0.090909


Scaffold 7
Task 0: count = 20 | target average = 0.000000
Task 1: count = 20 | target average = 0.000000


Scaffold 8
Task 0: count = 20 | target average = 0.000000
Task 1: count = 20 | target average = 0.000000


Scaffold 9
Task 0: count = 20 | target average = 0.050000
Task 1: count = 20 | target average = 0.000000


Class sizes
hit_inh 0: 97.83%, 1: 2.17%
hit_kill 0: 98.64%, 1: 1.36%
Total size = 5,353 | train size = 4,282 | val size = 535 | test size = 536
Building model 0
MoleculeModel(
  (sigmoid): Sigmoid()
  (encoder): MPN(
    (encoder): ModuleList(
      (0): MPNEncoder(
        (dropout_layer): Dropout(p=0.25, inplace=False)
        (act_func): ReLU()
        (W_i): Linear(in_features=147, out_features=300, bias=False)
        (W_h): Linear(in_features=300, out_features=300, bias=False)
        (W_o): Linear(in_features=433, out_features=300, bias=True)
      )
    )
  )
  (ffn): Sequential(
    (0): Dropout(p=0.25, inplace=False)
    (1): Linear(in_features=500, out_features=300, bias=True)
    (2): ReLU()
    (3): Dropout(p=0.25, inplace=False)
    (4): Linear(in_features=300, out_features=2, bias=True)
  )
)
Number of parameters = 415,202
Moving model to cuda
Epoch 0
Loss = 1.9860e-01, PNorm = 35.1698, GNorm = 0.4096, lr_0 = 1.0000e-03
Loss = 6.4006e-02, PNorm = 35.2218, GNorm = 0.1589, lr_0 = 1.0000e-03
Loss = 9.5295e-02, PNorm = 35.2504, GNorm = 0.1893, lr_0 = 1.0000e-03
Loss = 9.3509e-02, PNorm = 35.2768, GNorm = 0.1739, lr_0 = 1.0000e-03
Loss = 7.4568e-02, PNorm = 35.2980, GNorm = 0.1399, lr_0 = 1.0000e-03
Loss = 9.3631e-02, PNorm = 35.3185, GNorm = 0.1704, lr_0 = 1.0000e-03
Loss = 9.1426e-02, PNorm = 35.3503, GNorm = 0.3013, lr_0 = 1.0000e-03
Loss = 7.4331e-02, PNorm = 35.3720, GNorm = 0.1739, lr_0 = 1.0000e-03
Validation auc = 0.787092
Epoch 1
Loss = 5.3972e-02, PNorm = 35.4065, GNorm = 0.1798, lr_0 = 1.0000e-03
Loss = 7.2914e-02, PNorm = 35.4362, GNorm = 0.4247, lr_0 = 1.0000e-03
Loss = 3.7914e-02, PNorm = 35.4584, GNorm = 0.1865, lr_0 = 1.0000e-03
Loss = 1.0808e-01, PNorm = 35.4797, GNorm = 0.4216, lr_0 = 1.0000e-03
Loss = 6.9249e-02, PNorm = 35.5207, GNorm = 0.2151, lr_0 = 1.0000e-03
Loss = 8.1512e-02, PNorm = 35.5452, GNorm = 0.1303, lr_0 = 1.0000e-03
Loss = 9.2413e-02, PNorm = 35.5724, GNorm = 0.1583, lr_0 = 1.0000e-03
Loss = 1.0889e-01, PNorm = 35.5995, GNorm = 0.2577, lr_0 = 1.0000e-03
Loss = 5.1112e-02, PNorm = 35.6531, GNorm = 0.0647, lr_0 = 9.9807e-04
Validation auc = 0.812292
Epoch 2
Loss = 8.0899e-02, PNorm = 35.6690, GNorm = 0.2767, lr_0 = 9.8846e-04
Loss = 6.2533e-02, PNorm = 35.7113, GNorm = 0.2457, lr_0 = 9.7894e-04
Loss = 8.8996e-02, PNorm = 35.7369, GNorm = 0.1555, lr_0 = 9.6952e-04
Loss = 7.6004e-02, PNorm = 35.7709, GNorm = 0.3038, lr_0 = 9.6018e-04
Loss = 9.9144e-02, PNorm = 35.7921, GNorm = 0.1958, lr_0 = 9.5094e-04
Loss = 6.0631e-02, PNorm = 35.8441, GNorm = 0.1085, lr_0 = 9.4178e-04
Loss = 5.0997e-02, PNorm = 35.8748, GNorm = 0.0578, lr_0 = 9.3271e-04
Loss = 6.0972e-02, PNorm = 35.8871, GNorm = 0.1263, lr_0 = 9.2373e-04
Validation auc = 0.802318
Epoch 3
Loss = 7.3840e-02, PNorm = 35.9151, GNorm = 0.1730, lr_0 = 9.1395e-04
Loss = 8.3323e-02, PNorm = 35.9436, GNorm = 0.1386, lr_0 = 9.0515e-04
Loss = 8.0070e-02, PNorm = 35.9859, GNorm = 0.2612, lr_0 = 8.9644e-04
Loss = 2.6764e-02, PNorm = 36.0277, GNorm = 0.0451, lr_0 = 8.8781e-04
Loss = 8.0602e-02, PNorm = 36.0351, GNorm = 0.2307, lr_0 = 8.7926e-04
Loss = 5.8629e-02, PNorm = 36.0785, GNorm = 0.0645, lr_0 = 8.7080e-04
Loss = 9.4089e-02, PNorm = 36.1007, GNorm = 0.1423, lr_0 = 8.6241e-04
Loss = 6.5028e-02, PNorm = 36.1394, GNorm = 0.1172, lr_0 = 8.5411e-04
Loss = 5.9512e-02, PNorm = 36.1690, GNorm = 0.1997, lr_0 = 8.4588e-04
Validation auc = 0.831288
Epoch 4
Loss = 3.5956e-02, PNorm = 36.1966, GNorm = 0.0719, lr_0 = 8.3774e-04
Loss = 4.4335e-02, PNorm = 36.2230, GNorm = 0.1444, lr_0 = 8.2967e-04
Loss = 6.0212e-02, PNorm = 36.2456, GNorm = 0.2004, lr_0 = 8.2169e-04
Loss = 8.1101e-02, PNorm = 36.2654, GNorm = 0.2016, lr_0 = 8.1377e-04
Loss = 9.9775e-02, PNorm = 36.3008, GNorm = 0.1369, lr_0 = 8.0594e-04
Loss = 5.5966e-02, PNorm = 36.3479, GNorm = 0.1991, lr_0 = 7.9818e-04
Loss = 8.3025e-02, PNorm = 36.3696, GNorm = 0.2357, lr_0 = 7.9050e-04
Loss = 4.8998e-02, PNorm = 36.4194, GNorm = 0.1547, lr_0 = 7.8288e-04
Validation auc = 0.845464
Epoch 5
Loss = 7.6885e-02, PNorm = 36.4512, GNorm = 0.1522, lr_0 = 7.7535e-04
Loss = 7.4114e-02, PNorm = 36.4927, GNorm = 0.1764, lr_0 = 7.6788e-04
Loss = 6.0419e-02, PNorm = 36.5432, GNorm = 0.3383, lr_0 = 7.6049e-04
Loss = 6.9156e-02, PNorm = 36.5708, GNorm = 0.1516, lr_0 = 7.5317e-04
Loss = 4.3320e-02, PNorm = 36.6190, GNorm = 0.0943, lr_0 = 7.4591e-04
Loss = 6.8392e-02, PNorm = 36.6380, GNorm = 0.0754, lr_0 = 7.3873e-04
Loss = 7.1442e-02, PNorm = 36.6536, GNorm = 0.1099, lr_0 = 7.3162e-04
Loss = 5.8167e-02, PNorm = 36.6955, GNorm = 0.0650, lr_0 = 7.2458e-04
Loss = 5.6856e-02, PNorm = 36.7216, GNorm = 0.1572, lr_0 = 7.1760e-04
Validation auc = 0.872896
Epoch 6
Loss = 4.4807e-02, PNorm = 36.7482, GNorm = 0.0800, lr_0 = 7.1000e-04
Loss = 7.9618e-02, PNorm = 36.7711, GNorm = 0.1150, lr_0 = 7.0317e-04
Loss = 7.6409e-02, PNorm = 36.8017, GNorm = 0.1953, lr_0 = 6.9640e-04
Loss = 6.1347e-02, PNorm = 36.8519, GNorm = 0.1800, lr_0 = 6.8969e-04
Loss = 5.3415e-02, PNorm = 36.8982, GNorm = 0.1417, lr_0 = 6.8305e-04
Loss = 5.2135e-02, PNorm = 36.9295, GNorm = 0.1520, lr_0 = 6.7648e-04
Loss = 5.1837e-02, PNorm = 36.9742, GNorm = 0.4741, lr_0 = 6.6996e-04
Loss = 2.1690e-02, PNorm = 37.0091, GNorm = 0.1191, lr_0 = 6.6351e-04
Validation auc = 0.864917
Epoch 7
Loss = 3.4431e-02, PNorm = 37.0290, GNorm = 0.1141, lr_0 = 6.5712e-04
Loss = 5.0586e-02, PNorm = 37.0690, GNorm = 0.1989, lr_0 = 6.5080e-04
Loss = 6.7856e-02, PNorm = 37.1120, GNorm = 0.2052, lr_0 = 6.4453e-04
Loss = 5.9763e-02, PNorm = 37.1571, GNorm = 0.1207, lr_0 = 6.3833e-04
Loss = 5.9611e-02, PNorm = 37.1822, GNorm = 0.1339, lr_0 = 6.3218e-04
Loss = 4.4191e-02, PNorm = 37.2167, GNorm = 0.1768, lr_0 = 6.2609e-04
Loss = 6.4197e-02, PNorm = 37.2373, GNorm = 0.2147, lr_0 = 6.2006e-04
Loss = 5.7482e-02, PNorm = 37.2647, GNorm = 0.2288, lr_0 = 6.1409e-04
Loss = 4.8155e-02, PNorm = 37.2978, GNorm = 0.1280, lr_0 = 6.0818e-04
Validation auc = 0.896885
Epoch 8
Loss = 2.7717e-02, PNorm = 37.3248, GNorm = 0.1429, lr_0 = 6.0233e-04
Loss = 4.5551e-02, PNorm = 37.3441, GNorm = 0.1105, lr_0 = 5.9653e-04
Loss = 6.0836e-02, PNorm = 37.3677, GNorm = 0.1836, lr_0 = 5.9078e-04
Loss = 7.1738e-02, PNorm = 37.3909, GNorm = 0.1844, lr_0 = 5.8510e-04
Loss = 5.2075e-02, PNorm = 37.4309, GNorm = 0.1402, lr_0 = 5.7946e-04
Loss = 5.6778e-02, PNorm = 37.4602, GNorm = 0.2744, lr_0 = 5.7388e-04
Loss = 4.5382e-02, PNorm = 37.4917, GNorm = 0.1286, lr_0 = 5.6836e-04
Loss = 5.6243e-02, PNorm = 37.5179, GNorm = 0.3213, lr_0 = 5.6289e-04
Loss = 5.6672e-02, PNorm = 37.5392, GNorm = 0.2108, lr_0 = 5.5747e-04
Loss = 1.8863e-02, PNorm = 37.5428, GNorm = 0.1902, lr_0 = 5.5693e-04
Validation auc = 0.888782
Epoch 9
Loss = 4.7167e-02, PNorm = 37.5795, GNorm = 0.1765, lr_0 = 5.5156e-04
Loss = 6.3065e-02, PNorm = 37.5942, GNorm = 0.1976, lr_0 = 5.4625e-04
Loss = 5.4771e-02, PNorm = 37.6290, GNorm = 0.1077, lr_0 = 5.4100e-04
Loss = 2.7441e-02, PNorm = 37.6630, GNorm = 0.1956, lr_0 = 5.3579e-04
Loss = 7.8267e-02, PNorm = 37.6734, GNorm = 0.2162, lr_0 = 5.3063e-04
Loss = 4.2405e-02, PNorm = 37.7231, GNorm = 0.2208, lr_0 = 5.2552e-04
Loss = 5.5913e-02, PNorm = 37.7373, GNorm = 0.1785, lr_0 = 5.2046e-04
Loss = 4.9807e-02, PNorm = 37.7620, GNorm = 0.2265, lr_0 = 5.1545e-04
Validation auc = 0.898905
Epoch 10
Loss = 3.0177e-02, PNorm = 37.8050, GNorm = 0.0654, lr_0 = 5.1049e-04
Loss = 6.3768e-02, PNorm = 37.8329, GNorm = 0.1686, lr_0 = 5.0557e-04
Loss = 2.4040e-02, PNorm = 37.8711, GNorm = 0.0772, lr_0 = 5.0070e-04
Loss = 1.8428e-02, PNorm = 37.8900, GNorm = 0.2817, lr_0 = 4.9588e-04
Loss = 6.4056e-02, PNorm = 37.8878, GNorm = 0.3206, lr_0 = 4.9111e-04
Loss = 7.7671e-02, PNorm = 37.9092, GNorm = 0.1392, lr_0 = 4.8638e-04
Loss = 5.1872e-02, PNorm = 37.9312, GNorm = 0.1172, lr_0 = 4.8170e-04
Loss = 4.6684e-02, PNorm = 37.9602, GNorm = 0.3856, lr_0 = 4.7706e-04
Loss = 3.8273e-02, PNorm = 37.9715, GNorm = 0.1996, lr_0 = 4.7247e-04
Validation auc = 0.908681
Epoch 11
Loss = 7.4148e-02, PNorm = 37.9898, GNorm = 0.2635, lr_0 = 4.6792e-04
Loss = 4.9862e-02, PNorm = 38.0312, GNorm = 0.1751, lr_0 = 4.6341e-04
Loss = 2.8628e-02, PNorm = 38.0541, GNorm = 0.1000, lr_0 = 4.5895e-04
Loss = 4.4687e-02, PNorm = 38.0722, GNorm = 0.0558, lr_0 = 4.5453e-04
Loss = 6.7368e-02, PNorm = 38.0836, GNorm = 0.3579, lr_0 = 4.5015e-04
Loss = 5.0515e-02, PNorm = 38.1097, GNorm = 0.0952, lr_0 = 4.4582e-04
Loss = 4.5980e-02, PNorm = 38.1307, GNorm = 0.1347, lr_0 = 4.4153e-04
Loss = 4.1254e-02, PNorm = 38.1541, GNorm = 0.2001, lr_0 = 4.3728e-04
Validation auc = 0.908346
Epoch 12
Loss = 3.7933e-02, PNorm = 38.1760, GNorm = 0.2615, lr_0 = 4.3265e-04
Loss = 3.4305e-02, PNorm = 38.1893, GNorm = 0.1244, lr_0 = 4.2848e-04
Loss = 3.6147e-02, PNorm = 38.2136, GNorm = 0.2012, lr_0 = 4.2436e-04
Loss = 7.4408e-02, PNorm = 38.2273, GNorm = 0.8016, lr_0 = 4.2027e-04
Loss = 5.3651e-02, PNorm = 38.2354, GNorm = 0.6759, lr_0 = 4.1622e-04
Loss = 2.4943e-02, PNorm = 38.2638, GNorm = 0.1847, lr_0 = 4.1222e-04
Loss = 6.4398e-02, PNorm = 38.2661, GNorm = 0.1895, lr_0 = 4.0825e-04
Loss = 5.2239e-02, PNorm = 38.2749, GNorm = 0.2000, lr_0 = 4.0432e-04
Loss = 4.4252e-02, PNorm = 38.3132, GNorm = 0.1929, lr_0 = 4.0042e-04
Validation auc = 0.916326
Epoch 13
Loss = 1.8070e-02, PNorm = 38.3332, GNorm = 0.1818, lr_0 = 3.9657e-04
Loss = 5.0976e-02, PNorm = 38.3484, GNorm = 0.2335, lr_0 = 3.9275e-04
Loss = 1.4384e-02, PNorm = 38.3696, GNorm = 0.0946, lr_0 = 3.8897e-04
Loss = 4.6706e-02, PNorm = 38.3866, GNorm = 0.1767, lr_0 = 3.8522e-04
Loss = 5.8842e-02, PNorm = 38.3983, GNorm = 0.2899, lr_0 = 3.8152e-04
Loss = 5.2127e-02, PNorm = 38.4255, GNorm = 0.4039, lr_0 = 3.7784e-04
Loss = 6.3807e-02, PNorm = 38.4278, GNorm = 0.3273, lr_0 = 3.7420e-04
Loss = 3.4322e-02, PNorm = 38.4391, GNorm = 0.0980, lr_0 = 3.7060e-04
Validation auc = 0.926783
Epoch 14
Loss = 2.0986e-02, PNorm = 38.4608, GNorm = 0.1431, lr_0 = 3.6668e-04
Loss = 3.2961e-02, PNorm = 38.4811, GNorm = 0.1257, lr_0 = 3.6315e-04
Loss = 4.1697e-02, PNorm = 38.5019, GNorm = 0.1857, lr_0 = 3.5965e-04
Loss = 3.0028e-02, PNorm = 38.5159, GNorm = 0.0907, lr_0 = 3.5619e-04
Loss = 4.1925e-02, PNorm = 38.5282, GNorm = 0.1161, lr_0 = 3.5276e-04
Loss = 4.6247e-02, PNorm = 38.5466, GNorm = 0.3329, lr_0 = 3.4936e-04
Loss = 7.4057e-02, PNorm = 38.5503, GNorm = 0.1611, lr_0 = 3.4600e-04
Loss = 4.7244e-02, PNorm = 38.5684, GNorm = 0.1449, lr_0 = 3.4267e-04
Loss = 4.4668e-02, PNorm = 38.5951, GNorm = 0.0657, lr_0 = 3.3937e-04
Validation auc = 0.925408
Epoch 15
Loss = 4.0746e-02, PNorm = 38.6112, GNorm = 0.1621, lr_0 = 3.3610e-04
Loss = 5.7731e-02, PNorm = 38.6286, GNorm = 0.1821, lr_0 = 3.3287e-04
Loss = 3.2210e-02, PNorm = 38.6482, GNorm = 0.0977, lr_0 = 3.2966e-04
Loss = 3.0518e-02, PNorm = 38.6709, GNorm = 0.0213, lr_0 = 3.2649e-04
Loss = 6.0464e-02, PNorm = 38.6716, GNorm = 0.0736, lr_0 = 3.2334e-04
Loss = 3.9958e-02, PNorm = 38.6796, GNorm = 0.1582, lr_0 = 3.2023e-04
Loss = 4.6053e-02, PNorm = 38.7042, GNorm = 0.2357, lr_0 = 3.1715e-04
Loss = 2.6306e-02, PNorm = 38.7227, GNorm = 0.2783, lr_0 = 3.1409e-04
Loss = 5.4348e-02, PNorm = 38.7271, GNorm = 0.1342, lr_0 = 3.1107e-04
Validation auc = 0.902523
Epoch 16
Loss = 4.3842e-02, PNorm = 38.7465, GNorm = 0.2127, lr_0 = 3.0807e-04
Loss = 5.7120e-02, PNorm = 38.7606, GNorm = 0.4128, lr_0 = 3.0511e-04
Loss = 4.5105e-02, PNorm = 38.7681, GNorm = 0.2117, lr_0 = 3.0217e-04
Loss = 2.4641e-02, PNorm = 38.7849, GNorm = 0.0715, lr_0 = 2.9926e-04
Loss = 4.8461e-02, PNorm = 38.7920, GNorm = 0.1627, lr_0 = 2.9638e-04
Loss = 3.0249e-02, PNorm = 38.8014, GNorm = 0.1523, lr_0 = 2.9353e-04
Loss = 2.9150e-02, PNorm = 38.8178, GNorm = 0.1402, lr_0 = 2.9070e-04
Loss = 5.6831e-02, PNorm = 38.8307, GNorm = 0.1272, lr_0 = 2.8790e-04
Validation auc = 0.912758
Epoch 17
Loss = 4.6038e-02, PNorm = 38.8417, GNorm = 0.0695, lr_0 = 2.8485e-04
Loss = 4.2469e-02, PNorm = 38.8491, GNorm = 0.1985, lr_0 = 2.8211e-04
Loss = 3.3394e-02, PNorm = 38.8660, GNorm = 0.1900, lr_0 = 2.7939e-04
Loss = 4.8685e-02, PNorm = 38.8734, GNorm = 0.2171, lr_0 = 2.7670e-04
Loss = 4.8906e-02, PNorm = 38.8905, GNorm = 0.1927, lr_0 = 2.7404e-04
Loss = 3.1472e-02, PNorm = 38.9066, GNorm = 0.1405, lr_0 = 2.7140e-04
Loss = 3.6161e-02, PNorm = 38.9224, GNorm = 0.2348, lr_0 = 2.6879e-04
Loss = 3.6566e-02, PNorm = 38.9312, GNorm = 0.3888, lr_0 = 2.6620e-04
Loss = 2.5266e-02, PNorm = 38.9414, GNorm = 0.0491, lr_0 = 2.6364e-04
Validation auc = 0.914963
Epoch 18
Loss = 4.0105e-02, PNorm = 38.9491, GNorm = 0.1118, lr_0 = 2.6110e-04
Loss = 3.6070e-02, PNorm = 38.9592, GNorm = 0.1833, lr_0 = 2.5859e-04
Loss = 3.1338e-02, PNorm = 38.9787, GNorm = 0.1946, lr_0 = 2.5610e-04
Loss = 2.2670e-02, PNorm = 38.9874, GNorm = 0.0801, lr_0 = 2.5363e-04
Loss = 4.2549e-02, PNorm = 38.9899, GNorm = 0.2111, lr_0 = 2.5119e-04
Loss = 3.5834e-02, PNorm = 39.0006, GNorm = 0.1167, lr_0 = 2.4877e-04
Loss = 4.3002e-02, PNorm = 39.0157, GNorm = 0.1081, lr_0 = 2.4638e-04
Loss = 5.5502e-02, PNorm = 39.0220, GNorm = 0.5450, lr_0 = 2.4400e-04
Validation auc = 0.915111
Epoch 19
Loss = 3.0038e-02, PNorm = 39.0305, GNorm = 0.1321, lr_0 = 2.4165e-04
Loss = 2.7685e-02, PNorm = 39.0420, GNorm = 0.2724, lr_0 = 2.3933e-04
Loss = 4.2534e-02, PNorm = 39.0460, GNorm = 0.1907, lr_0 = 2.3702e-04
Loss = 3.6079e-02, PNorm = 39.0550, GNorm = 0.1071, lr_0 = 2.3474e-04
Loss = 3.2325e-02, PNorm = 39.0636, GNorm = 0.1404, lr_0 = 2.3248e-04
Loss = 5.8976e-02, PNorm = 39.0695, GNorm = 0.2920, lr_0 = 2.3024e-04
Loss = 3.5237e-02, PNorm = 39.0863, GNorm = 0.2774, lr_0 = 2.2803e-04
Loss = 1.5949e-02, PNorm = 39.1010, GNorm = 0.1405, lr_0 = 2.2583e-04
Loss = 1.6619e-02, PNorm = 39.1062, GNorm = 0.0559, lr_0 = 2.2366e-04
Validation auc = 0.912522
Epoch 20
Loss = 3.4254e-02, PNorm = 39.1066, GNorm = 0.1695, lr_0 = 2.2129e-04
Loss = 2.7774e-02, PNorm = 39.1122, GNorm = 0.3955, lr_0 = 2.1916e-04
Loss = 3.3643e-02, PNorm = 39.1192, GNorm = 0.2628, lr_0 = 2.1705e-04
Loss = 3.4204e-02, PNorm = 39.1305, GNorm = 0.2235, lr_0 = 2.1496e-04
Loss = 2.4100e-02, PNorm = 39.1434, GNorm = 0.2821, lr_0 = 2.1289e-04
Loss = 3.6229e-02, PNorm = 39.1481, GNorm = 0.3380, lr_0 = 2.1084e-04
Loss = 3.4129e-02, PNorm = 39.1534, GNorm = 0.4882, lr_0 = 2.0881e-04
Loss = 4.0619e-02, PNorm = 39.1607, GNorm = 0.1475, lr_0 = 2.0680e-04
Validation auc = 0.896798
Epoch 21
Loss = 3.3547e-02, PNorm = 39.1693, GNorm = 0.3692, lr_0 = 2.0481e-04
Loss = 4.2337e-02, PNorm = 39.1738, GNorm = 0.2742, lr_0 = 2.0283e-04
Loss = 3.1922e-02, PNorm = 39.1841, GNorm = 0.1650, lr_0 = 2.0088e-04
Loss = 2.7718e-02, PNorm = 39.1947, GNorm = 0.1697, lr_0 = 1.9895e-04
Loss = 3.8414e-02, PNorm = 39.2000, GNorm = 0.2366, lr_0 = 1.9703e-04
Loss = 2.0396e-02, PNorm = 39.2078, GNorm = 0.1313, lr_0 = 1.9514e-04
Loss = 1.6101e-02, PNorm = 39.2202, GNorm = 0.1626, lr_0 = 1.9326e-04
Loss = 4.4782e-02, PNorm = 39.2206, GNorm = 0.0352, lr_0 = 1.9140e-04
Loss = 4.2594e-02, PNorm = 39.2239, GNorm = 0.2726, lr_0 = 1.8955e-04
Validation auc = 0.912113
Epoch 22
Loss = 3.6519e-02, PNorm = 39.2326, GNorm = 0.0573, lr_0 = 1.8773e-04
Loss = 4.0793e-02, PNorm = 39.2359, GNorm = 0.1151, lr_0 = 1.8592e-04
Loss = 3.6616e-02, PNorm = 39.2425, GNorm = 0.2403, lr_0 = 1.8413e-04
Loss = 3.1443e-02, PNorm = 39.2517, GNorm = 0.0866, lr_0 = 1.8236e-04
Loss = 2.9827e-02, PNorm = 39.2585, GNorm = 0.4038, lr_0 = 1.8060e-04
Loss = 3.4920e-02, PNorm = 39.2619, GNorm = 0.2729, lr_0 = 1.7886e-04
Loss = 3.6575e-02, PNorm = 39.2688, GNorm = 0.3664, lr_0 = 1.7714e-04
Loss = 3.1704e-02, PNorm = 39.2733, GNorm = 0.1289, lr_0 = 1.7544e-04
Validation auc = 0.897344
Epoch 23
Loss = 4.0493e-02, PNorm = 39.2850, GNorm = 0.2422, lr_0 = 1.7358e-04
Loss = 3.9190e-02, PNorm = 39.2906, GNorm = 0.0307, lr_0 = 1.7191e-04
Loss = 3.2120e-02, PNorm = 39.2905, GNorm = 0.1813, lr_0 = 1.7025e-04
Loss = 3.2193e-02, PNorm = 39.2917, GNorm = 0.2573, lr_0 = 1.6861e-04
Loss = 2.3555e-02, PNorm = 39.3017, GNorm = 0.4158, lr_0 = 1.6699e-04
Loss = 1.7083e-02, PNorm = 39.3101, GNorm = 0.0566, lr_0 = 1.6538e-04
Loss = 2.6978e-02, PNorm = 39.3142, GNorm = 0.2911, lr_0 = 1.6379e-04
Loss = 4.4983e-02, PNorm = 39.3187, GNorm = 0.1024, lr_0 = 1.6221e-04
Loss = 5.0092e-02, PNorm = 39.3279, GNorm = 0.2829, lr_0 = 1.6065e-04
Validation auc = 0.909635
Epoch 24
Loss = 2.5118e-02, PNorm = 39.3403, GNorm = 0.3143, lr_0 = 1.5910e-04
Loss = 4.9416e-02, PNorm = 39.3459, GNorm = 0.2896, lr_0 = 1.5757e-04
Loss = 3.9934e-02, PNorm = 39.3463, GNorm = 0.4799, lr_0 = 1.5605e-04
Loss = 4.0448e-02, PNorm = 39.3536, GNorm = 0.0958, lr_0 = 1.5455e-04
Loss = 3.4572e-02, PNorm = 39.3631, GNorm = 0.4755, lr_0 = 1.5306e-04
Loss = 3.6142e-02, PNorm = 39.3649, GNorm = 0.3055, lr_0 = 1.5159e-04
Loss = 1.5392e-02, PNorm = 39.3700, GNorm = 0.0799, lr_0 = 1.5013e-04
Loss = 3.3760e-02, PNorm = 39.3743, GNorm = 0.1358, lr_0 = 1.4869e-04
Loss = 1.8257e-02, PNorm = 39.3818, GNorm = 0.1130, lr_0 = 1.4725e-04
Validation auc = 0.905174
Epoch 25
Loss = 2.1599e-02, PNorm = 39.3883, GNorm = 0.0729, lr_0 = 1.4584e-04
Loss = 4.3506e-02, PNorm = 39.3878, GNorm = 0.2045, lr_0 = 1.4443e-04
Loss = 2.3314e-02, PNorm = 39.3935, GNorm = 0.0686, lr_0 = 1.4304e-04
Loss = 3.9908e-02, PNorm = 39.4020, GNorm = 0.3483, lr_0 = 1.4166e-04
Loss = 2.3861e-02, PNorm = 39.4065, GNorm = 0.1273, lr_0 = 1.4030e-04
Loss = 1.9503e-02, PNorm = 39.4109, GNorm = 0.2262, lr_0 = 1.3895e-04
Loss = 3.5040e-02, PNorm = 39.4142, GNorm = 0.2358, lr_0 = 1.3761e-04
Loss = 3.1289e-02, PNorm = 39.4201, GNorm = 0.1269, lr_0 = 1.3629e-04
Validation auc = 0.911382
Epoch 26
Loss = 3.2447e-02, PNorm = 39.4214, GNorm = 0.2352, lr_0 = 1.3484e-04
Loss = 2.6874e-02, PNorm = 39.4296, GNorm = 0.1642, lr_0 = 1.3355e-04
Loss = 2.0580e-02, PNorm = 39.4353, GNorm = 0.1836, lr_0 = 1.3226e-04
Loss = 2.5942e-02, PNorm = 39.4363, GNorm = 0.0243, lr_0 = 1.3099e-04
Loss = 2.8197e-02, PNorm = 39.4401, GNorm = 0.1251, lr_0 = 1.2973e-04
Loss = 4.5034e-02, PNorm = 39.4432, GNorm = 0.1016, lr_0 = 1.2848e-04
Loss = 1.4851e-02, PNorm = 39.4485, GNorm = 0.1251, lr_0 = 1.2724e-04
Loss = 2.3545e-02, PNorm = 39.4533, GNorm = 0.4378, lr_0 = 1.2601e-04
Loss = 5.8206e-02, PNorm = 39.4525, GNorm = 0.4639, lr_0 = 1.2480e-04
Validation auc = 0.905323
Epoch 27
Loss = 1.9116e-02, PNorm = 39.4604, GNorm = 0.2636, lr_0 = 1.2360e-04
Loss = 3.4458e-02, PNorm = 39.4710, GNorm = 0.6843, lr_0 = 1.2241e-04
Loss = 3.0961e-02, PNorm = 39.4747, GNorm = 0.4134, lr_0 = 1.2123e-04
Loss = 2.8153e-02, PNorm = 39.4765, GNorm = 0.2318, lr_0 = 1.2006e-04
Loss = 1.6719e-02, PNorm = 39.4797, GNorm = 0.4415, lr_0 = 1.1891e-04
Loss = 4.1583e-02, PNorm = 39.4820, GNorm = 0.3338, lr_0 = 1.1776e-04
Loss = 2.8106e-02, PNorm = 39.4908, GNorm = 0.2126, lr_0 = 1.1663e-04
Loss = 3.3453e-02, PNorm = 39.4955, GNorm = 0.1813, lr_0 = 1.1551e-04
Validation auc = 0.899364
Epoch 28
Loss = 5.4361e-02, PNorm = 39.4956, GNorm = 0.2741, lr_0 = 1.1428e-04
Loss = 3.4923e-02, PNorm = 39.4970, GNorm = 0.1890, lr_0 = 1.1318e-04
Loss = 3.4504e-02, PNorm = 39.5011, GNorm = 0.1388, lr_0 = 1.1209e-04
Loss = 2.7772e-02, PNorm = 39.5080, GNorm = 0.1612, lr_0 = 1.1101e-04
Loss = 1.4749e-02, PNorm = 39.5151, GNorm = 0.0862, lr_0 = 1.0995e-04
Loss = 2.4397e-02, PNorm = 39.5177, GNorm = 0.3683, lr_0 = 1.0889e-04
Loss = 2.3979e-02, PNorm = 39.5204, GNorm = 0.1826, lr_0 = 1.0784e-04
Loss = 4.3311e-02, PNorm = 39.5208, GNorm = 0.2472, lr_0 = 1.0680e-04
Loss = 2.1415e-02, PNorm = 39.5254, GNorm = 0.8238, lr_0 = 1.0577e-04
Validation auc = 0.892549
Epoch 29
Loss = 2.3480e-02, PNorm = 39.5314, GNorm = 0.2756, lr_0 = 1.0475e-04
Loss = 6.4984e-03, PNorm = 39.5366, GNorm = 0.0315, lr_0 = 1.0374e-04
Loss = 3.1712e-02, PNorm = 39.5378, GNorm = 0.7926, lr_0 = 1.0275e-04
Loss = 4.6121e-02, PNorm = 39.5347, GNorm = 0.4850, lr_0 = 1.0176e-04
Loss = 2.4658e-02, PNorm = 39.5371, GNorm = 0.3774, lr_0 = 1.0078e-04
Loss = 2.4052e-02, PNorm = 39.5419, GNorm = 0.2516, lr_0 = 1.0000e-04
Loss = 3.3761e-02, PNorm = 39.5463, GNorm = 0.5296, lr_0 = 1.0000e-04
Loss = 2.1563e-02, PNorm = 39.5505, GNorm = 0.1461, lr_0 = 1.0000e-04
Validation auc = 0.902560
Model 0 best validation auc = 0.926783 on epoch 13
Loading pretrained parameter "encoder.encoder.0.cached_zero_vector".
Loading pretrained parameter "encoder.encoder.0.W_i.weight".
Loading pretrained parameter "encoder.encoder.0.W_h.weight".
Loading pretrained parameter "encoder.encoder.0.W_o.weight".
Loading pretrained parameter "encoder.encoder.0.W_o.bias".
Loading pretrained parameter "ffn.1.weight".
Loading pretrained parameter "ffn.1.bias".
Loading pretrained parameter "ffn.4.weight".
Loading pretrained parameter "ffn.4.bias".
Moving model to cuda
Model 0 test auc = 0.859799
Ensemble test auc = 0.859799
3-fold cross validation
	Seed 0 ==> test auc = 0.796460
	Seed 1 ==> test auc = 0.874427
	Seed 2 ==> test auc = 0.859799
Overall test auc = 0.843562 +/- 0.033837
Elapsed time = 0:14:15
