Command line
python /home/jackievaleri8/.conda/envs/chemprop/bin/chemprop_train --init_lr 0.001 --dropout 0.25 --hidden_size 1000 --ffn_num_layers 2 --depth 4 --save_dir round3finalval08162021_models/40 --data_path round3finalval08162021_TRAIN.csv --dataset_type classification --features_path round3finalval08162021_TRAINFTS.npz --no_features_scaling --num_folds 3 --ensemble_size 1 --split_type scaffold_balanced --split_sizes 0.8 0.1 0.1 --smiles_columns SMILES --ignore_columns Name --gpu 0
Args
{'activation': 'ReLU',
 'aggregation': 'mean',
 'aggregation_norm': 100,
 'atom_descriptor_scaling': True,
 'atom_descriptors': None,
 'atom_descriptors_path': None,
 'atom_descriptors_size': 0,
 'atom_features_size': 0,
 'atom_messages': False,
 'batch_size': 50,
 'bias': False,
 'bond_feature_scaling': True,
 'bond_features_path': None,
 'bond_features_size': 0,
 'cache_cutoff': 10000,
 'checkpoint_dir': None,
 'checkpoint_path': None,
 'checkpoint_paths': None,
 'class_balance': False,
 'config_path': None,
 'crossval_index_dir': None,
 'crossval_index_file': None,
 'crossval_index_sets': None,
 'cuda': True,
 'data_path': 'round3finalval08162021_TRAIN.csv',
 'dataset_type': 'classification',
 'depth': 4,
 'device': device(type='cuda', index=0),
 'dropout': 0.25,
 'empty_cache': False,
 'ensemble_size': 1,
 'epochs': 30,
 'explicit_h': False,
 'extra_metrics': [],
 'features_generator': None,
 'features_only': False,
 'features_path': ['round3finalval08162021_TRAINFTS.npz'],
 'features_scaling': False,
 'features_size': None,
 'ffn_hidden_size': 1000,
 'ffn_num_layers': 2,
 'final_lr': 0.0001,
 'folds_file': None,
 'gpu': 0,
 'grad_clip': None,
 'hidden_size': 1000,
 'ignore_columns': ['Name'],
 'init_lr': 0.001,
 'log_frequency': 10,
 'max_data_size': None,
 'max_lr': 0.001,
 'metric': 'auc',
 'metrics': ['auc'],
 'minimize_score': False,
 'mpn_shared': False,
 'multiclass_num_classes': 3,
 'no_atom_descriptor_scaling': False,
 'no_bond_features_scaling': False,
 'no_cache_mol': False,
 'no_cuda': False,
 'no_features_scaling': True,
 'num_folds': 3,
 'num_lrs': 1,
 'num_tasks': 2,
 'num_workers': 8,
 'number_of_molecules': 1,
 'overwrite_default_atom_features': False,
 'overwrite_default_bond_features': False,
 'pytorch_seed': 0,
 'quiet': False,
 'reaction': False,
 'reaction_mode': 'reac_diff',
 'resume_experiment': False,
 'save_dir': 'round3finalval08162021_models/40',
 'save_preds': False,
 'save_smiles_splits': False,
 'seed': 0,
 'separate_test_atom_descriptors_path': None,
 'separate_test_bond_features_path': None,
 'separate_test_features_path': None,
 'separate_test_path': None,
 'separate_val_atom_descriptors_path': None,
 'separate_val_bond_features_path': None,
 'separate_val_features_path': None,
 'separate_val_path': None,
 'show_individual_scores': False,
 'smiles_columns': ['SMILES'],
 'split_sizes': (0.8, 0.1, 0.1),
 'split_type': 'scaffold_balanced',
 'target_columns': None,
 'task_names': ['hit_inh', 'hit_kill'],
 'test': False,
 'test_fold_index': None,
 'train_data_size': None,
 'undirected': False,
 'use_input_features': True,
 'val_fold_index': None,
 'warmup_epochs': 2.0}
Loading data
Warning: 23 SMILES are invalid.
Number of tasks = 2
Fold 0
Splitting data with seed 0
Total scaffolds = 3,467 | train scaffolds = 2,650 | val scaffolds = 433 | test scaffolds = 384
Label averages per scaffold, in decreasing order of scaffold frequency,capped at 10 scaffolds and 20 labels:
Scaffold 0
Task 0: count = 381 | target average = 0.018373
Task 1: count = 381 | target average = 0.013123


Scaffold 1
Task 0: count = 305 | target average = 0.009836
Task 1: count = 305 | target average = 0.016393


Scaffold 2
Task 0: count = 36 | target average = 0.000000
Task 1: count = 36 | target average = 0.000000


Scaffold 3
Task 0: count = 29 | target average = 0.000000
Task 1: count = 29 | target average = 0.000000


Scaffold 4
Task 0: count = 26 | target average = 0.000000
Task 1: count = 26 | target average = 0.000000


Scaffold 5
Task 0: count = 23 | target average = 0.000000
Task 1: count = 23 | target average = 0.000000


Scaffold 6
Task 0: count = 22 | target average = 0.090909
Task 1: count = 22 | target average = 0.090909


Scaffold 7
Task 0: count = 20 | target average = 0.000000
Task 1: count = 20 | target average = 0.000000


Scaffold 8
Task 0: count = 20 | target average = 0.000000
Task 1: count = 20 | target average = 0.000000


Scaffold 9
Task 0: count = 20 | target average = 0.050000
Task 1: count = 20 | target average = 0.000000


Class sizes
hit_inh 0: 97.83%, 1: 2.17%
hit_kill 0: 98.64%, 1: 1.36%
Total size = 5,353 | train size = 4,282 | val size = 535 | test size = 536
Building model 0
MoleculeModel(
  (sigmoid): Sigmoid()
  (encoder): MPN(
    (encoder): ModuleList(
      (0): MPNEncoder(
        (dropout_layer): Dropout(p=0.25, inplace=False)
        (act_func): ReLU()
        (W_i): Linear(in_features=147, out_features=1000, bias=False)
        (W_h): Linear(in_features=1000, out_features=1000, bias=False)
        (W_o): Linear(in_features=1133, out_features=1000, bias=True)
      )
    )
  )
  (ffn): Sequential(
    (0): Dropout(p=0.25, inplace=False)
    (1): Linear(in_features=1200, out_features=1000, bias=True)
    (2): ReLU()
    (3): Dropout(p=0.25, inplace=False)
    (4): Linear(in_features=1000, out_features=2, bias=True)
  )
)
Number of parameters = 3,484,002
Moving model to cuda
Epoch 0
Loss = 2.5758e-01, PNorm = 58.8226, GNorm = 0.5212, lr_0 = 1.0000e-03
Loss = 9.5541e-02, PNorm = 59.0901, GNorm = 0.2171, lr_0 = 1.0000e-03
Loss = 9.7814e-02, PNorm = 59.2357, GNorm = 0.6507, lr_0 = 1.0000e-03
Loss = 1.0074e-01, PNorm = 59.3042, GNorm = 0.2244, lr_0 = 1.0000e-03
Loss = 8.4406e-02, PNorm = 59.3696, GNorm = 0.3491, lr_0 = 1.0000e-03
Loss = 5.8204e-02, PNorm = 59.4108, GNorm = 0.1566, lr_0 = 1.0000e-03
Loss = 6.3245e-02, PNorm = 59.4427, GNorm = 0.1677, lr_0 = 1.0000e-03
Loss = 6.2042e-02, PNorm = 59.4819, GNorm = 0.1271, lr_0 = 1.0000e-03
Validation auc = 0.692456
Epoch 1
Loss = 3.4563e-02, PNorm = 59.5490, GNorm = 0.0944, lr_0 = 1.0000e-03
Loss = 9.0174e-02, PNorm = 59.5804, GNorm = 0.1793, lr_0 = 1.0000e-03
Loss = 7.2019e-02, PNorm = 59.6470, GNorm = 0.1016, lr_0 = 1.0000e-03
Loss = 8.9479e-02, PNorm = 59.6960, GNorm = 0.2010, lr_0 = 1.0000e-03
Loss = 8.2411e-02, PNorm = 59.7680, GNorm = 0.0946, lr_0 = 1.0000e-03
Loss = 4.9313e-02, PNorm = 59.8316, GNorm = 0.1596, lr_0 = 1.0000e-03
Loss = 9.1259e-02, PNorm = 59.8744, GNorm = 0.1678, lr_0 = 1.0000e-03
Loss = 8.7160e-02, PNorm = 59.9186, GNorm = 0.1726, lr_0 = 1.0000e-03
Loss = 8.6970e-02, PNorm = 59.9695, GNorm = 0.1802, lr_0 = 9.9807e-04
Validation auc = 0.856025
Epoch 2
Loss = 5.7536e-02, PNorm = 60.0384, GNorm = 0.0516, lr_0 = 9.8846e-04
Loss = 5.7057e-02, PNorm = 60.0821, GNorm = 0.1301, lr_0 = 9.7894e-04
Loss = 6.1798e-02, PNorm = 60.1498, GNorm = 0.1700, lr_0 = 9.6952e-04
Loss = 6.9106e-02, PNorm = 60.2207, GNorm = 0.4464, lr_0 = 9.6018e-04
Loss = 6.4140e-02, PNorm = 60.3250, GNorm = 0.1668, lr_0 = 9.5094e-04
Loss = 7.9845e-02, PNorm = 60.3820, GNorm = 0.1942, lr_0 = 9.4178e-04
Loss = 1.1240e-01, PNorm = 60.4668, GNorm = 0.3142, lr_0 = 9.3271e-04
Loss = 5.9126e-02, PNorm = 60.5515, GNorm = 0.2109, lr_0 = 9.2373e-04
Validation auc = 0.877811
Epoch 3
Loss = 6.1305e-02, PNorm = 60.6250, GNorm = 0.2123, lr_0 = 9.1395e-04
Loss = 8.1390e-02, PNorm = 60.7126, GNorm = 0.1886, lr_0 = 9.0515e-04
Loss = 6.3592e-02, PNorm = 60.8344, GNorm = 0.3262, lr_0 = 8.9644e-04
Loss = 7.0604e-02, PNorm = 60.9247, GNorm = 0.1307, lr_0 = 8.8781e-04
Loss = 6.9901e-02, PNorm = 61.0292, GNorm = 0.2464, lr_0 = 8.7926e-04
Loss = 7.2370e-02, PNorm = 61.1209, GNorm = 0.1488, lr_0 = 8.7080e-04
Loss = 4.6152e-02, PNorm = 61.2088, GNorm = 0.1109, lr_0 = 8.6241e-04
Loss = 5.7065e-02, PNorm = 61.2618, GNorm = 0.1290, lr_0 = 8.5411e-04
Loss = 7.0892e-02, PNorm = 61.3372, GNorm = 0.1020, lr_0 = 8.4588e-04
Validation auc = 0.903063
Epoch 4
Loss = 5.6726e-02, PNorm = 61.4318, GNorm = 0.1005, lr_0 = 8.3774e-04
Loss = 5.2319e-02, PNorm = 61.4943, GNorm = 0.1615, lr_0 = 8.2967e-04
Loss = 6.6435e-02, PNorm = 61.5766, GNorm = 0.1451, lr_0 = 8.2169e-04
Loss = 6.8256e-02, PNorm = 61.6556, GNorm = 0.2953, lr_0 = 8.1377e-04
Loss = 7.7462e-02, PNorm = 61.7072, GNorm = 0.1482, lr_0 = 8.0594e-04
Loss = 5.1174e-02, PNorm = 61.7973, GNorm = 0.0807, lr_0 = 7.9818e-04
Loss = 5.2904e-02, PNorm = 61.9084, GNorm = 0.1038, lr_0 = 7.9050e-04
Loss = 5.6185e-02, PNorm = 61.9769, GNorm = 0.0799, lr_0 = 7.8288e-04
Validation auc = 0.950385
Epoch 5
Loss = 5.6480e-02, PNorm = 62.0451, GNorm = 0.2045, lr_0 = 7.7535e-04
Loss = 4.4850e-02, PNorm = 62.1082, GNorm = 0.1802, lr_0 = 7.6788e-04
Loss = 9.3603e-02, PNorm = 62.1667, GNorm = 0.3143, lr_0 = 7.6049e-04
Loss = 7.4607e-02, PNorm = 62.2824, GNorm = 0.2325, lr_0 = 7.5317e-04
Loss = 4.4812e-02, PNorm = 62.3734, GNorm = 0.1497, lr_0 = 7.4591e-04
Loss = 5.4632e-02, PNorm = 62.4609, GNorm = 0.3493, lr_0 = 7.3873e-04
Loss = 7.3705e-02, PNorm = 62.4873, GNorm = 0.1729, lr_0 = 7.3162e-04
Loss = 3.7520e-02, PNorm = 62.5483, GNorm = 0.0520, lr_0 = 7.2458e-04
Loss = 6.8485e-02, PNorm = 62.5791, GNorm = 0.1774, lr_0 = 7.1760e-04
Validation auc = 0.952844
Epoch 6
Loss = 3.7569e-02, PNorm = 62.6748, GNorm = 0.1922, lr_0 = 7.1000e-04
Loss = 6.4026e-02, PNorm = 62.7103, GNorm = 0.0834, lr_0 = 7.0317e-04
Loss = 4.1874e-02, PNorm = 62.7907, GNorm = 0.0823, lr_0 = 6.9640e-04
Loss = 5.2837e-02, PNorm = 62.8269, GNorm = 0.0883, lr_0 = 6.8969e-04
Loss = 6.2874e-02, PNorm = 62.8821, GNorm = 0.2174, lr_0 = 6.8305e-04
Loss = 6.7406e-02, PNorm = 62.9582, GNorm = 0.1385, lr_0 = 6.7648e-04
Loss = 5.0828e-02, PNorm = 63.0194, GNorm = 0.2128, lr_0 = 6.6996e-04
Loss = 5.7042e-02, PNorm = 63.0875, GNorm = 0.1921, lr_0 = 6.6351e-04
Validation auc = 0.962801
Epoch 7
Loss = 4.1354e-02, PNorm = 63.1704, GNorm = 0.3994, lr_0 = 6.5712e-04
Loss = 5.2384e-02, PNorm = 63.2531, GNorm = 0.2664, lr_0 = 6.5080e-04
Loss = 4.7945e-02, PNorm = 63.3485, GNorm = 0.1221, lr_0 = 6.4453e-04
Loss = 4.6821e-02, PNorm = 63.4273, GNorm = 0.2207, lr_0 = 6.3833e-04
Loss = 4.1659e-02, PNorm = 63.4727, GNorm = 0.2371, lr_0 = 6.3218e-04
Loss = 5.9847e-02, PNorm = 63.5229, GNorm = 0.1140, lr_0 = 6.2609e-04
Loss = 3.6061e-02, PNorm = 63.6013, GNorm = 0.2834, lr_0 = 6.2006e-04
Loss = 3.4159e-02, PNorm = 63.6493, GNorm = 0.1087, lr_0 = 6.1409e-04
Loss = 5.5496e-02, PNorm = 63.6955, GNorm = 0.3240, lr_0 = 6.0818e-04
Validation auc = 0.963839
Epoch 8
Loss = 3.2879e-02, PNorm = 63.7400, GNorm = 0.0960, lr_0 = 6.0233e-04
Loss = 4.5428e-02, PNorm = 63.8084, GNorm = 0.2213, lr_0 = 5.9653e-04
Loss = 4.4999e-02, PNorm = 63.8765, GNorm = 0.0686, lr_0 = 5.9078e-04
Loss = 4.6046e-02, PNorm = 63.9237, GNorm = 0.2248, lr_0 = 5.8510e-04
Loss = 4.2969e-02, PNorm = 63.9803, GNorm = 0.3246, lr_0 = 5.7946e-04
Loss = 4.9587e-02, PNorm = 64.0276, GNorm = 0.0871, lr_0 = 5.7388e-04
Loss = 2.6586e-02, PNorm = 64.0702, GNorm = 0.1030, lr_0 = 5.6836e-04
Loss = 6.7823e-02, PNorm = 64.1087, GNorm = 0.2027, lr_0 = 5.6289e-04
Loss = 5.9620e-02, PNorm = 64.1854, GNorm = 0.2397, lr_0 = 5.5747e-04
Loss = 1.5768e-02, PNorm = 64.1923, GNorm = 0.1702, lr_0 = 5.5693e-04
Validation auc = 0.953939
Epoch 9
Loss = 4.1529e-02, PNorm = 64.2547, GNorm = 0.2062, lr_0 = 5.5156e-04
Loss = 3.6910e-02, PNorm = 64.3302, GNorm = 0.0655, lr_0 = 5.4625e-04
Loss = 3.0531e-02, PNorm = 64.3626, GNorm = 0.0693, lr_0 = 5.4100e-04
Loss = 4.0372e-02, PNorm = 64.3980, GNorm = 0.3149, lr_0 = 5.3579e-04
Loss = 3.8091e-02, PNorm = 64.4407, GNorm = 0.1471, lr_0 = 5.3063e-04
Loss = 4.7518e-02, PNorm = 64.4765, GNorm = 0.2562, lr_0 = 5.2552e-04
Loss = 4.4223e-02, PNorm = 64.5265, GNorm = 0.1595, lr_0 = 5.2046e-04
Loss = 4.8038e-02, PNorm = 64.5689, GNorm = 0.3432, lr_0 = 5.1545e-04
Validation auc = 0.962947
Epoch 10
Loss = 3.4814e-02, PNorm = 64.6194, GNorm = 0.4210, lr_0 = 5.1049e-04
Loss = 3.1793e-02, PNorm = 64.6600, GNorm = 0.1983, lr_0 = 5.0557e-04
Loss = 4.9050e-02, PNorm = 64.7105, GNorm = 0.3580, lr_0 = 5.0070e-04
Loss = 4.8232e-02, PNorm = 64.7524, GNorm = 0.3494, lr_0 = 4.9588e-04
Loss = 3.9533e-02, PNorm = 64.7967, GNorm = 0.1644, lr_0 = 4.9111e-04
Loss = 3.0703e-02, PNorm = 64.8418, GNorm = 0.1523, lr_0 = 4.8638e-04
Loss = 6.0924e-02, PNorm = 64.8800, GNorm = 0.2116, lr_0 = 4.8170e-04
Loss = 2.3734e-02, PNorm = 64.9540, GNorm = 0.0957, lr_0 = 4.7706e-04
Loss = 4.0896e-02, PNorm = 64.9819, GNorm = 0.2652, lr_0 = 4.7247e-04
Validation auc = 0.964032
Epoch 11
Loss = 2.6796e-02, PNorm = 65.0563, GNorm = 0.1766, lr_0 = 4.6792e-04
Loss = 5.1193e-02, PNorm = 65.0698, GNorm = 0.3544, lr_0 = 4.6341e-04
Loss = 3.4527e-02, PNorm = 65.1223, GNorm = 0.1018, lr_0 = 4.5895e-04
Loss = 4.2500e-02, PNorm = 65.1546, GNorm = 0.0937, lr_0 = 4.5453e-04
Loss = 3.6644e-02, PNorm = 65.1955, GNorm = 0.1592, lr_0 = 4.5015e-04
Loss = 3.5074e-02, PNorm = 65.2396, GNorm = 0.3187, lr_0 = 4.4582e-04
Loss = 5.0649e-02, PNorm = 65.2855, GNorm = 0.1186, lr_0 = 4.4153e-04
Loss = 2.7734e-02, PNorm = 65.3462, GNorm = 0.2366, lr_0 = 4.3728e-04
Validation auc = 0.972123
Epoch 12
Loss = 1.5161e-02, PNorm = 65.3683, GNorm = 0.0512, lr_0 = 4.3265e-04
Loss = 3.4630e-02, PNorm = 65.4004, GNorm = 0.6087, lr_0 = 4.2848e-04
Loss = 2.4466e-02, PNorm = 65.4277, GNorm = 0.2104, lr_0 = 4.2436e-04
Loss = 4.2021e-02, PNorm = 65.4664, GNorm = 0.1073, lr_0 = 4.2027e-04
Loss = 1.7988e-02, PNorm = 65.5015, GNorm = 0.0511, lr_0 = 4.1622e-04
Loss = 3.5910e-02, PNorm = 65.5162, GNorm = 0.1497, lr_0 = 4.1222e-04
Loss = 3.7389e-02, PNorm = 65.5561, GNorm = 0.1173, lr_0 = 4.0825e-04
Loss = 4.9981e-02, PNorm = 65.6101, GNorm = 0.1095, lr_0 = 4.0432e-04
Loss = 4.4960e-02, PNorm = 65.6355, GNorm = 0.1715, lr_0 = 4.0042e-04
Validation auc = 0.974510
Epoch 13
Loss = 3.5770e-02, PNorm = 65.6673, GNorm = 0.1450, lr_0 = 3.9657e-04
Loss = 3.5147e-02, PNorm = 65.7070, GNorm = 0.0381, lr_0 = 3.9275e-04
Loss = 3.5476e-02, PNorm = 65.7377, GNorm = 0.1803, lr_0 = 3.8897e-04
Loss = 1.4826e-02, PNorm = 65.7959, GNorm = 0.0588, lr_0 = 3.8522e-04
Loss = 5.3716e-02, PNorm = 65.8020, GNorm = 0.3013, lr_0 = 3.8152e-04
Loss = 2.3835e-02, PNorm = 65.8383, GNorm = 0.2187, lr_0 = 3.7784e-04
Loss = 4.7511e-02, PNorm = 65.8652, GNorm = 0.2247, lr_0 = 3.7420e-04
Loss = 4.1640e-02, PNorm = 65.9029, GNorm = 0.3287, lr_0 = 3.7060e-04
Validation auc = 0.968429
Epoch 14
Loss = 2.8861e-02, PNorm = 65.9389, GNorm = 0.1630, lr_0 = 3.6668e-04
Loss = 3.2780e-02, PNorm = 65.9761, GNorm = 0.4075, lr_0 = 3.6315e-04
Loss = 2.3830e-02, PNorm = 66.0169, GNorm = 0.2893, lr_0 = 3.5965e-04
Loss = 3.5271e-02, PNorm = 66.0518, GNorm = 0.3321, lr_0 = 3.5619e-04
Loss = 1.4324e-02, PNorm = 66.0807, GNorm = 0.1562, lr_0 = 3.5276e-04
Loss = 2.6332e-02, PNorm = 66.1167, GNorm = 0.3139, lr_0 = 3.4936e-04
Loss = 5.0776e-02, PNorm = 66.1296, GNorm = 0.3438, lr_0 = 3.4600e-04
Loss = 2.8493e-02, PNorm = 66.1674, GNorm = 0.1552, lr_0 = 3.4267e-04
Loss = 3.4032e-02, PNorm = 66.2002, GNorm = 0.1466, lr_0 = 3.3937e-04
Validation auc = 0.973221
Epoch 15
Loss = 3.1195e-02, PNorm = 66.2347, GNorm = 0.2733, lr_0 = 3.3610e-04
Loss = 2.5768e-02, PNorm = 66.2758, GNorm = 0.3339, lr_0 = 3.3287e-04
Loss = 2.9981e-02, PNorm = 66.2881, GNorm = 0.1031, lr_0 = 3.2966e-04
Loss = 3.1617e-02, PNorm = 66.2924, GNorm = 0.2438, lr_0 = 3.2649e-04
Loss = 3.4522e-02, PNorm = 66.3392, GNorm = 0.1369, lr_0 = 3.2334e-04
Loss = 2.6815e-02, PNorm = 66.3577, GNorm = 0.2406, lr_0 = 3.2023e-04
Loss = 2.5973e-02, PNorm = 66.3785, GNorm = 0.0811, lr_0 = 3.1715e-04
Loss = 3.5584e-02, PNorm = 66.3995, GNorm = 0.1366, lr_0 = 3.1409e-04
Loss = 4.3855e-02, PNorm = 66.4307, GNorm = 0.2503, lr_0 = 3.1107e-04
Validation auc = 0.972534
Epoch 16
Loss = 2.6727e-02, PNorm = 66.4557, GNorm = 0.2704, lr_0 = 3.0807e-04
Loss = 4.1709e-02, PNorm = 66.4707, GNorm = 0.1226, lr_0 = 3.0511e-04
Loss = 1.8726e-02, PNorm = 66.5128, GNorm = 0.3222, lr_0 = 3.0217e-04
Loss = 4.5735e-02, PNorm = 66.5185, GNorm = 0.4081, lr_0 = 2.9926e-04
Loss = 2.7655e-02, PNorm = 66.5543, GNorm = 0.0730, lr_0 = 2.9638e-04
Loss = 4.0534e-02, PNorm = 66.6005, GNorm = 0.2683, lr_0 = 2.9353e-04
Loss = 2.7480e-02, PNorm = 66.6247, GNorm = 0.0957, lr_0 = 2.9070e-04
Loss = 2.2103e-02, PNorm = 66.6474, GNorm = 0.1144, lr_0 = 2.8790e-04
Validation auc = 0.972579
Epoch 17
Loss = 1.5485e-02, PNorm = 66.6681, GNorm = 0.1053, lr_0 = 2.8485e-04
Loss = 3.3291e-02, PNorm = 66.6932, GNorm = 0.2945, lr_0 = 2.8211e-04
Loss = 2.1741e-02, PNorm = 66.7052, GNorm = 0.2123, lr_0 = 2.7939e-04
Loss = 2.6297e-02, PNorm = 66.7349, GNorm = 0.1489, lr_0 = 2.7670e-04
Loss = 2.0312e-02, PNorm = 66.7552, GNorm = 0.1084, lr_0 = 2.7404e-04
Loss = 2.8177e-02, PNorm = 66.7627, GNorm = 0.1631, lr_0 = 2.7140e-04
Loss = 3.7628e-02, PNorm = 66.7892, GNorm = 0.2186, lr_0 = 2.6879e-04
Loss = 1.6853e-02, PNorm = 66.8244, GNorm = 0.2127, lr_0 = 2.6620e-04
Loss = 2.1747e-02, PNorm = 66.8380, GNorm = 0.1231, lr_0 = 2.6364e-04
Validation auc = 0.972728
Epoch 18
Loss = 4.0061e-02, PNorm = 66.8494, GNorm = 0.4474, lr_0 = 2.6110e-04
Loss = 2.7016e-02, PNorm = 66.8893, GNorm = 0.1941, lr_0 = 2.5859e-04
Loss = 2.2327e-02, PNorm = 66.9073, GNorm = 0.1265, lr_0 = 2.5610e-04
Loss = 8.8109e-03, PNorm = 66.9219, GNorm = 0.1028, lr_0 = 2.5363e-04
Loss = 1.8323e-02, PNorm = 66.9375, GNorm = 1.0609, lr_0 = 2.5119e-04
Loss = 3.0049e-02, PNorm = 66.9470, GNorm = 0.1104, lr_0 = 2.4877e-04
Loss = 3.2482e-02, PNorm = 66.9685, GNorm = 0.1758, lr_0 = 2.4638e-04
Loss = 3.3202e-02, PNorm = 66.9906, GNorm = 0.1128, lr_0 = 2.4400e-04
Validation auc = 0.973070
Epoch 19
Loss = 2.5878e-02, PNorm = 67.0161, GNorm = 0.3047, lr_0 = 2.4165e-04
Loss = 2.5560e-02, PNorm = 67.0368, GNorm = 0.0325, lr_0 = 2.3933e-04
Loss = 1.8194e-02, PNorm = 67.0594, GNorm = 0.0390, lr_0 = 2.3702e-04
Loss = 2.6410e-02, PNorm = 67.0694, GNorm = 0.3048, lr_0 = 2.3474e-04
Loss = 2.4294e-02, PNorm = 67.0795, GNorm = 0.1057, lr_0 = 2.3248e-04
Loss = 2.0199e-02, PNorm = 67.1050, GNorm = 0.1095, lr_0 = 2.3024e-04
Loss = 3.5340e-02, PNorm = 67.1177, GNorm = 0.5767, lr_0 = 2.2803e-04
Loss = 1.6304e-02, PNorm = 67.1356, GNorm = 0.1517, lr_0 = 2.2583e-04
Loss = 2.1016e-02, PNorm = 67.1583, GNorm = 0.2184, lr_0 = 2.2366e-04
Validation auc = 0.972223
Epoch 20
Loss = 1.4416e-02, PNorm = 67.1717, GNorm = 0.3205, lr_0 = 2.2129e-04
Loss = 2.7949e-02, PNorm = 67.1798, GNorm = 0.1594, lr_0 = 2.1916e-04
Loss = 1.9360e-02, PNorm = 67.1991, GNorm = 0.1138, lr_0 = 2.1705e-04
Loss = 2.1099e-02, PNorm = 67.2239, GNorm = 0.2374, lr_0 = 2.1496e-04
Loss = 1.4123e-02, PNorm = 67.2396, GNorm = 0.0726, lr_0 = 2.1289e-04
Loss = 2.4146e-02, PNorm = 67.2500, GNorm = 0.0525, lr_0 = 2.1084e-04
Loss = 3.3568e-02, PNorm = 67.2539, GNorm = 0.1252, lr_0 = 2.0881e-04
Loss = 3.9089e-02, PNorm = 67.2738, GNorm = 0.4996, lr_0 = 2.0680e-04
Validation auc = 0.972108
Epoch 21
Loss = 1.6839e-02, PNorm = 67.2920, GNorm = 0.0792, lr_0 = 2.0481e-04
Loss = 2.6012e-02, PNorm = 67.3042, GNorm = 0.0194, lr_0 = 2.0283e-04
Loss = 1.7250e-02, PNorm = 67.3187, GNorm = 0.1283, lr_0 = 2.0088e-04
Loss = 1.8277e-02, PNorm = 67.3395, GNorm = 0.2365, lr_0 = 1.9895e-04
Loss = 2.4740e-02, PNorm = 67.3541, GNorm = 0.3206, lr_0 = 1.9703e-04
Loss = 1.9997e-02, PNorm = 67.3734, GNorm = 0.0574, lr_0 = 1.9514e-04
Loss = 3.1310e-02, PNorm = 67.3860, GNorm = 0.5377, lr_0 = 1.9326e-04
Loss = 2.9136e-02, PNorm = 67.3930, GNorm = 0.2970, lr_0 = 1.9140e-04
Loss = 2.1564e-02, PNorm = 67.4195, GNorm = 0.1226, lr_0 = 1.8955e-04
Validation auc = 0.969110
Epoch 22
Loss = 1.9167e-02, PNorm = 67.4268, GNorm = 0.1066, lr_0 = 1.8773e-04
Loss = 1.5066e-02, PNorm = 67.4350, GNorm = 0.1052, lr_0 = 1.8592e-04
Loss = 2.2674e-02, PNorm = 67.4469, GNorm = 0.2220, lr_0 = 1.8413e-04
Loss = 2.1810e-02, PNorm = 67.4632, GNorm = 0.0367, lr_0 = 1.8236e-04
Loss = 2.8198e-02, PNorm = 67.4727, GNorm = 0.2955, lr_0 = 1.8060e-04
Loss = 2.9120e-02, PNorm = 67.4955, GNorm = 0.1113, lr_0 = 1.7886e-04
Loss = 1.0960e-02, PNorm = 67.5162, GNorm = 0.0159, lr_0 = 1.7714e-04
Loss = 1.8483e-02, PNorm = 67.5248, GNorm = 0.0140, lr_0 = 1.7544e-04
Validation auc = 0.972154
Epoch 23
Loss = 3.8251e-02, PNorm = 67.5341, GNorm = 0.2125, lr_0 = 1.7358e-04
Loss = 2.3373e-02, PNorm = 67.5517, GNorm = 0.3118, lr_0 = 1.7191e-04
Loss = 1.7906e-02, PNorm = 67.5664, GNorm = 0.0587, lr_0 = 1.7025e-04
Loss = 1.5494e-02, PNorm = 67.5751, GNorm = 0.2636, lr_0 = 1.6861e-04
Loss = 2.0629e-02, PNorm = 67.5912, GNorm = 0.1765, lr_0 = 1.6699e-04
Loss = 1.5537e-02, PNorm = 67.6038, GNorm = 0.0812, lr_0 = 1.6538e-04
Loss = 2.3460e-02, PNorm = 67.6157, GNorm = 0.1569, lr_0 = 1.6379e-04
Loss = 2.5891e-02, PNorm = 67.6209, GNorm = 0.2919, lr_0 = 1.6221e-04
Loss = 1.7807e-02, PNorm = 67.6362, GNorm = 0.2961, lr_0 = 1.6065e-04
Validation auc = 0.971763
Epoch 24
Loss = 2.1325e-02, PNorm = 67.6471, GNorm = 0.3339, lr_0 = 1.5910e-04
Loss = 1.7878e-02, PNorm = 67.6586, GNorm = 0.0283, lr_0 = 1.5757e-04
Loss = 1.5482e-02, PNorm = 67.6750, GNorm = 0.4667, lr_0 = 1.5605e-04
Loss = 1.4862e-02, PNorm = 67.6829, GNorm = 0.0797, lr_0 = 1.5455e-04
Loss = 2.4112e-02, PNorm = 67.6881, GNorm = 0.1721, lr_0 = 1.5306e-04
Loss = 2.1958e-02, PNorm = 67.6932, GNorm = 0.6255, lr_0 = 1.5159e-04
Loss = 1.7778e-02, PNorm = 67.7206, GNorm = 0.0876, lr_0 = 1.5013e-04
Loss = 1.7126e-02, PNorm = 67.7333, GNorm = 0.0121, lr_0 = 1.4869e-04
Loss = 1.3910e-02, PNorm = 67.7363, GNorm = 0.2654, lr_0 = 1.4725e-04
Validation auc = 0.975135
Epoch 25
Loss = 1.5190e-02, PNorm = 67.7419, GNorm = 0.5249, lr_0 = 1.4584e-04
Loss = 1.6083e-02, PNorm = 67.7447, GNorm = 0.2053, lr_0 = 1.4443e-04
Loss = 1.2560e-02, PNorm = 67.7645, GNorm = 0.3133, lr_0 = 1.4304e-04
Loss = 2.2489e-02, PNorm = 67.7822, GNorm = 0.1493, lr_0 = 1.4166e-04
Loss = 1.4215e-02, PNorm = 67.7857, GNorm = 0.0587, lr_0 = 1.4030e-04
Loss = 1.5724e-02, PNorm = 67.7950, GNorm = 0.0811, lr_0 = 1.3895e-04
Loss = 1.6368e-02, PNorm = 67.8012, GNorm = 0.0691, lr_0 = 1.3761e-04
Loss = 2.2227e-02, PNorm = 67.8096, GNorm = 0.2512, lr_0 = 1.3629e-04
Validation auc = 0.976154
Epoch 26
Loss = 1.4029e-02, PNorm = 67.8190, GNorm = 0.1363, lr_0 = 1.3484e-04
Loss = 1.4422e-02, PNorm = 67.8327, GNorm = 0.1544, lr_0 = 1.3355e-04
Loss = 1.9600e-02, PNorm = 67.8374, GNorm = 0.1657, lr_0 = 1.3226e-04
Loss = 2.3796e-02, PNorm = 67.8530, GNorm = 0.0948, lr_0 = 1.3099e-04
Loss = 2.7066e-02, PNorm = 67.8669, GNorm = 0.0458, lr_0 = 1.2973e-04
Loss = 1.8991e-02, PNorm = 67.8740, GNorm = 0.6205, lr_0 = 1.2848e-04
Loss = 1.3212e-02, PNorm = 67.8782, GNorm = 0.2652, lr_0 = 1.2724e-04
Loss = 1.3416e-02, PNorm = 67.8924, GNorm = 0.1366, lr_0 = 1.2601e-04
Loss = 1.0208e-02, PNorm = 67.9031, GNorm = 0.1186, lr_0 = 1.2480e-04
Validation auc = 0.973101
Epoch 27
Loss = 5.4530e-03, PNorm = 67.9074, GNorm = 0.1544, lr_0 = 1.2360e-04
Loss = 1.1650e-02, PNorm = 67.9114, GNorm = 0.3070, lr_0 = 1.2241e-04
Loss = 2.1011e-02, PNorm = 67.9179, GNorm = 0.3477, lr_0 = 1.2123e-04
Loss = 1.2433e-02, PNorm = 67.9309, GNorm = 0.3247, lr_0 = 1.2006e-04
Loss = 2.2823e-02, PNorm = 67.9383, GNorm = 0.4281, lr_0 = 1.1891e-04
Loss = 1.2277e-02, PNorm = 67.9446, GNorm = 0.0987, lr_0 = 1.1776e-04
Loss = 1.6811e-02, PNorm = 67.9550, GNorm = 0.2053, lr_0 = 1.1663e-04
Loss = 2.3803e-02, PNorm = 67.9593, GNorm = 0.7518, lr_0 = 1.1551e-04
Validation auc = 0.975501
Epoch 28
Loss = 2.2440e-02, PNorm = 67.9629, GNorm = 0.2305, lr_0 = 1.1428e-04
Loss = 1.9033e-02, PNorm = 67.9801, GNorm = 0.5623, lr_0 = 1.1318e-04
Loss = 1.3306e-02, PNorm = 67.9917, GNorm = 0.1115, lr_0 = 1.1209e-04
Loss = 2.2836e-02, PNorm = 67.9914, GNorm = 0.0911, lr_0 = 1.1101e-04
Loss = 7.3708e-03, PNorm = 68.0001, GNorm = 0.0127, lr_0 = 1.0995e-04
Loss = 1.4604e-02, PNorm = 68.0068, GNorm = 0.0087, lr_0 = 1.0889e-04
Loss = 1.3792e-02, PNorm = 68.0094, GNorm = 0.0619, lr_0 = 1.0784e-04
Loss = 1.3013e-02, PNorm = 68.0196, GNorm = 0.0384, lr_0 = 1.0680e-04
Loss = 2.2921e-02, PNorm = 68.0293, GNorm = 0.1441, lr_0 = 1.0577e-04
Validation auc = 0.973903
Epoch 29
Loss = 1.5750e-02, PNorm = 68.0329, GNorm = 0.2412, lr_0 = 1.0475e-04
Loss = 9.0813e-03, PNorm = 68.0416, GNorm = 0.0710, lr_0 = 1.0374e-04
Loss = 1.1075e-02, PNorm = 68.0498, GNorm = 0.0566, lr_0 = 1.0275e-04
Loss = 1.8340e-02, PNorm = 68.0533, GNorm = 0.2710, lr_0 = 1.0176e-04
Loss = 1.3121e-02, PNorm = 68.0623, GNorm = 1.1546, lr_0 = 1.0078e-04
Loss = 1.7136e-02, PNorm = 68.0692, GNorm = 0.3085, lr_0 = 1.0000e-04
Loss = 1.1456e-02, PNorm = 68.0789, GNorm = 0.0708, lr_0 = 1.0000e-04
Loss = 2.2480e-02, PNorm = 68.0821, GNorm = 0.3347, lr_0 = 1.0000e-04
Validation auc = 0.975611
Model 0 best validation auc = 0.976154 on epoch 25
Loading pretrained parameter "encoder.encoder.0.cached_zero_vector".
Loading pretrained parameter "encoder.encoder.0.W_i.weight".
Loading pretrained parameter "encoder.encoder.0.W_h.weight".
Loading pretrained parameter "encoder.encoder.0.W_o.weight".
Loading pretrained parameter "encoder.encoder.0.W_o.bias".
Loading pretrained parameter "ffn.1.weight".
Loading pretrained parameter "ffn.1.bias".
Loading pretrained parameter "ffn.4.weight".
Loading pretrained parameter "ffn.4.bias".
Moving model to cuda
Model 0 test auc = 0.789933
Ensemble test auc = 0.789933
Fold 1
Splitting data with seed 1
Total scaffolds = 3,467 | train scaffolds = 2,658 | val scaffolds = 399 | test scaffolds = 410
Label averages per scaffold, in decreasing order of scaffold frequency,capped at 10 scaffolds and 20 labels:
Scaffold 0
Task 0: count = 381 | target average = 0.018373
Task 1: count = 381 | target average = 0.013123


Scaffold 1
Task 0: count = 305 | target average = 0.009836
Task 1: count = 305 | target average = 0.016393


Scaffold 2
Task 0: count = 36 | target average = 0.000000
Task 1: count = 36 | target average = 0.000000


Scaffold 3
Task 0: count = 29 | target average = 0.000000
Task 1: count = 29 | target average = 0.000000


Scaffold 4
Task 0: count = 26 | target average = 0.000000
Task 1: count = 26 | target average = 0.000000


Scaffold 5
Task 0: count = 23 | target average = 0.000000
Task 1: count = 23 | target average = 0.000000


Scaffold 6
Task 0: count = 22 | target average = 0.090909
Task 1: count = 22 | target average = 0.090909


Scaffold 7
Task 0: count = 20 | target average = 0.050000
Task 1: count = 20 | target average = 0.000000


Scaffold 8
Task 0: count = 20 | target average = 0.000000
Task 1: count = 20 | target average = 0.000000


Scaffold 9
Task 0: count = 20 | target average = 0.000000
Task 1: count = 20 | target average = 0.000000


Class sizes
hit_inh 0: 97.83%, 1: 2.17%
hit_kill 0: 98.64%, 1: 1.36%
Total size = 5,353 | train size = 4,282 | val size = 535 | test size = 536
Building model 0
MoleculeModel(
  (sigmoid): Sigmoid()
  (encoder): MPN(
    (encoder): ModuleList(
      (0): MPNEncoder(
        (dropout_layer): Dropout(p=0.25, inplace=False)
        (act_func): ReLU()
        (W_i): Linear(in_features=147, out_features=1000, bias=False)
        (W_h): Linear(in_features=1000, out_features=1000, bias=False)
        (W_o): Linear(in_features=1133, out_features=1000, bias=True)
      )
    )
  )
  (ffn): Sequential(
    (0): Dropout(p=0.25, inplace=False)
    (1): Linear(in_features=1200, out_features=1000, bias=True)
    (2): ReLU()
    (3): Dropout(p=0.25, inplace=False)
    (4): Linear(in_features=1000, out_features=2, bias=True)
  )
)
Number of parameters = 3,484,002
Moving model to cuda
Epoch 0
Loss = 2.0204e-01, PNorm = 58.8358, GNorm = 0.0699, lr_0 = 1.0000e-03
Loss = 9.7772e-02, PNorm = 59.1131, GNorm = 0.2257, lr_0 = 1.0000e-03
Loss = 8.0364e-02, PNorm = 59.2650, GNorm = 0.6519, lr_0 = 1.0000e-03
Loss = 7.2327e-02, PNorm = 59.3484, GNorm = 0.1500, lr_0 = 1.0000e-03
Loss = 8.6006e-02, PNorm = 59.4070, GNorm = 0.1242, lr_0 = 1.0000e-03
Loss = 9.9669e-02, PNorm = 59.4598, GNorm = 0.1251, lr_0 = 1.0000e-03
Loss = 9.5859e-02, PNorm = 59.5214, GNorm = 0.1810, lr_0 = 1.0000e-03
Loss = 1.0238e-01, PNorm = 59.5767, GNorm = 0.1340, lr_0 = 1.0000e-03
Validation auc = 0.865566
Epoch 1
Loss = 4.3242e-02, PNorm = 59.6549, GNorm = 0.1642, lr_0 = 1.0000e-03
Loss = 9.0053e-02, PNorm = 59.6949, GNorm = 0.1690, lr_0 = 1.0000e-03
Loss = 9.3206e-02, PNorm = 59.7564, GNorm = 0.1886, lr_0 = 1.0000e-03
Loss = 7.7300e-02, PNorm = 59.8311, GNorm = 0.1700, lr_0 = 1.0000e-03
Loss = 6.1783e-02, PNorm = 59.8796, GNorm = 0.2311, lr_0 = 1.0000e-03
Loss = 5.9213e-02, PNorm = 59.9318, GNorm = 0.1083, lr_0 = 1.0000e-03
Loss = 7.5823e-02, PNorm = 59.9837, GNorm = 0.1476, lr_0 = 1.0000e-03
Loss = 7.9691e-02, PNorm = 60.0534, GNorm = 0.1162, lr_0 = 1.0000e-03
Loss = 9.1872e-02, PNorm = 60.1265, GNorm = 0.2653, lr_0 = 9.9807e-04
Validation auc = 0.889330
Epoch 2
Loss = 6.7376e-02, PNorm = 60.2218, GNorm = 0.0685, lr_0 = 9.8846e-04
Loss = 8.5404e-02, PNorm = 60.2973, GNorm = 0.2332, lr_0 = 9.7894e-04
Loss = 6.4204e-02, PNorm = 60.4174, GNorm = 0.0717, lr_0 = 9.6952e-04
Loss = 7.6823e-02, PNorm = 60.4762, GNorm = 0.1630, lr_0 = 9.6018e-04
Loss = 4.6208e-02, PNorm = 60.5803, GNorm = 0.1209, lr_0 = 9.5094e-04
Loss = 6.0631e-02, PNorm = 60.6269, GNorm = 0.1108, lr_0 = 9.4178e-04
Loss = 7.4640e-02, PNorm = 60.7000, GNorm = 0.1717, lr_0 = 9.3271e-04
Loss = 7.1992e-02, PNorm = 60.8013, GNorm = 0.2859, lr_0 = 9.2373e-04
Validation auc = 0.886763
Epoch 3
Loss = 1.1568e-01, PNorm = 60.9089, GNorm = 0.2748, lr_0 = 9.1395e-04
Loss = 8.0812e-02, PNorm = 61.0248, GNorm = 0.2256, lr_0 = 9.0515e-04
Loss = 4.5950e-02, PNorm = 61.1468, GNorm = 0.1549, lr_0 = 8.9644e-04
Loss = 6.6040e-02, PNorm = 61.2068, GNorm = 0.2815, lr_0 = 8.8781e-04
Loss = 6.3643e-02, PNorm = 61.2772, GNorm = 0.1815, lr_0 = 8.7926e-04
Loss = 6.2909e-02, PNorm = 61.3671, GNorm = 0.1210, lr_0 = 8.7080e-04
Loss = 6.5150e-02, PNorm = 61.4574, GNorm = 0.1727, lr_0 = 8.6241e-04
Loss = 8.9623e-02, PNorm = 61.5499, GNorm = 0.2040, lr_0 = 8.5411e-04
Loss = 5.3224e-02, PNorm = 61.6390, GNorm = 0.1446, lr_0 = 8.4588e-04
Validation auc = 0.844494
Epoch 4
Loss = 3.3255e-02, PNorm = 61.7158, GNorm = 0.0825, lr_0 = 8.3774e-04
Loss = 6.1081e-02, PNorm = 61.7890, GNorm = 0.4170, lr_0 = 8.2967e-04
Loss = 8.2735e-02, PNorm = 61.8974, GNorm = 0.1126, lr_0 = 8.2169e-04
Loss = 5.9905e-02, PNorm = 61.9528, GNorm = 0.2319, lr_0 = 8.1377e-04
Loss = 6.9888e-02, PNorm = 62.0192, GNorm = 0.1742, lr_0 = 8.0594e-04
Loss = 4.2537e-02, PNorm = 62.1151, GNorm = 0.3429, lr_0 = 7.9818e-04
Loss = 8.0251e-02, PNorm = 62.1621, GNorm = 0.2798, lr_0 = 7.9050e-04
Loss = 8.7393e-02, PNorm = 62.2380, GNorm = 0.1081, lr_0 = 7.8288e-04
Validation auc = 0.854329
Epoch 5
Loss = 5.2170e-02, PNorm = 62.3294, GNorm = 0.1659, lr_0 = 7.7535e-04
Loss = 5.6585e-02, PNorm = 62.3903, GNorm = 0.1314, lr_0 = 7.6788e-04
Loss = 5.0979e-02, PNorm = 62.4634, GNorm = 0.1254, lr_0 = 7.6049e-04
Loss = 4.0777e-02, PNorm = 62.5381, GNorm = 0.2373, lr_0 = 7.5317e-04
Loss = 6.6463e-02, PNorm = 62.5809, GNorm = 0.1492, lr_0 = 7.4591e-04
Loss = 5.7733e-02, PNorm = 62.6649, GNorm = 0.3870, lr_0 = 7.3873e-04
Loss = 6.4583e-02, PNorm = 62.7447, GNorm = 0.3774, lr_0 = 7.3162e-04
Loss = 5.5756e-02, PNorm = 62.8220, GNorm = 0.1602, lr_0 = 7.2458e-04
Loss = 7.0893e-02, PNorm = 62.8424, GNorm = 0.1504, lr_0 = 7.1760e-04
Validation auc = 0.836251
Epoch 6
Loss = 5.7615e-02, PNorm = 62.9446, GNorm = 0.2082, lr_0 = 7.1000e-04
Loss = 7.1802e-02, PNorm = 63.0110, GNorm = 0.2288, lr_0 = 7.0317e-04
Loss = 3.6169e-02, PNorm = 63.0997, GNorm = 0.1949, lr_0 = 6.9640e-04
Loss = 3.7483e-02, PNorm = 63.1561, GNorm = 0.3034, lr_0 = 6.8969e-04
Loss = 4.7491e-02, PNorm = 63.2385, GNorm = 0.0491, lr_0 = 6.8305e-04
Loss = 6.0168e-02, PNorm = 63.2627, GNorm = 0.1294, lr_0 = 6.7648e-04
Loss = 4.8375e-02, PNorm = 63.3352, GNorm = 0.2504, lr_0 = 6.6996e-04
Loss = 7.6271e-02, PNorm = 63.3865, GNorm = 0.1688, lr_0 = 6.6351e-04
Validation auc = 0.863116
Epoch 7
Loss = 1.9724e-02, PNorm = 63.4826, GNorm = 0.1221, lr_0 = 6.5712e-04
Loss = 3.5424e-02, PNorm = 63.5751, GNorm = 0.0556, lr_0 = 6.5080e-04
Loss = 6.8761e-02, PNorm = 63.6092, GNorm = 0.3732, lr_0 = 6.4453e-04
Loss = 5.7462e-02, PNorm = 63.6743, GNorm = 0.1527, lr_0 = 6.3833e-04
Loss = 5.3899e-02, PNorm = 63.7346, GNorm = 0.1279, lr_0 = 6.3218e-04
Loss = 4.0389e-02, PNorm = 63.8287, GNorm = 0.2689, lr_0 = 6.2609e-04
Loss = 3.9803e-02, PNorm = 63.8819, GNorm = 0.0367, lr_0 = 6.2006e-04
Loss = 5.5254e-02, PNorm = 63.9404, GNorm = 0.4000, lr_0 = 6.1409e-04
Loss = 5.4282e-02, PNorm = 63.9728, GNorm = 0.1815, lr_0 = 6.0818e-04
Validation auc = 0.859523
Epoch 8
Loss = 3.3875e-02, PNorm = 64.0508, GNorm = 0.0753, lr_0 = 6.0233e-04
Loss = 4.1483e-02, PNorm = 64.0889, GNorm = 0.1621, lr_0 = 5.9653e-04
Loss = 4.4245e-02, PNorm = 64.1455, GNorm = 0.1030, lr_0 = 5.9078e-04
Loss = 4.4042e-02, PNorm = 64.1734, GNorm = 0.0952, lr_0 = 5.8510e-04
Loss = 3.3187e-02, PNorm = 64.2373, GNorm = 0.0978, lr_0 = 5.7946e-04
Loss = 4.9795e-02, PNorm = 64.2836, GNorm = 0.1670, lr_0 = 5.7388e-04
Loss = 3.9971e-02, PNorm = 64.3430, GNorm = 0.1191, lr_0 = 5.6836e-04
Loss = 5.3452e-02, PNorm = 64.4206, GNorm = 0.1101, lr_0 = 5.6289e-04
Loss = 7.7024e-02, PNorm = 64.4436, GNorm = 0.1808, lr_0 = 5.5747e-04
Loss = 2.0786e-02, PNorm = 64.4518, GNorm = 0.1562, lr_0 = 5.5693e-04
Validation auc = 0.730543
Epoch 9
Loss = 2.7842e-02, PNorm = 64.5372, GNorm = 0.4012, lr_0 = 5.5156e-04
Loss = 5.5041e-02, PNorm = 64.5893, GNorm = 0.1107, lr_0 = 5.4625e-04
Loss = 5.9444e-02, PNorm = 64.6609, GNorm = 0.1059, lr_0 = 5.4100e-04
Loss = 5.1604e-02, PNorm = 64.7247, GNorm = 0.3957, lr_0 = 5.3579e-04
Loss = 6.1612e-02, PNorm = 64.7644, GNorm = 0.1494, lr_0 = 5.3063e-04
Loss = 3.2075e-02, PNorm = 64.8465, GNorm = 0.1236, lr_0 = 5.2552e-04
Loss = 3.1699e-02, PNorm = 64.8877, GNorm = 0.1387, lr_0 = 5.2046e-04
Loss = 4.9268e-02, PNorm = 64.9414, GNorm = 0.0994, lr_0 = 5.1545e-04
Validation auc = 0.872846
Epoch 10
Loss = 2.0137e-02, PNorm = 64.9829, GNorm = 0.1306, lr_0 = 5.1049e-04
Loss = 2.6366e-02, PNorm = 65.0368, GNorm = 0.0871, lr_0 = 5.0557e-04
Loss = 3.2515e-02, PNorm = 65.0667, GNorm = 0.1031, lr_0 = 5.0070e-04
Loss = 4.1785e-02, PNorm = 65.1167, GNorm = 0.1783, lr_0 = 4.9588e-04
Loss = 5.3134e-02, PNorm = 65.1510, GNorm = 0.5957, lr_0 = 4.9111e-04
Loss = 5.5854e-02, PNorm = 65.2208, GNorm = 0.3445, lr_0 = 4.8638e-04
Loss = 3.5381e-02, PNorm = 65.3152, GNorm = 0.2428, lr_0 = 4.8170e-04
Loss = 4.8360e-02, PNorm = 65.3383, GNorm = 0.1484, lr_0 = 4.7706e-04
Loss = 4.3608e-02, PNorm = 65.3969, GNorm = 0.1057, lr_0 = 4.7247e-04
Validation auc = 0.873922
Epoch 11
Loss = 3.2002e-02, PNorm = 65.4375, GNorm = 0.0564, lr_0 = 4.6792e-04
Loss = 1.9730e-02, PNorm = 65.4715, GNorm = 0.1171, lr_0 = 4.6341e-04
Loss = 3.0101e-02, PNorm = 65.5018, GNorm = 0.1446, lr_0 = 4.5895e-04
Loss = 5.0774e-02, PNorm = 65.5344, GNorm = 0.2877, lr_0 = 4.5453e-04
Loss = 5.0833e-02, PNorm = 65.5988, GNorm = 0.1589, lr_0 = 4.5015e-04
Loss = 3.0241e-02, PNorm = 65.6333, GNorm = 0.0825, lr_0 = 4.4582e-04
Loss = 5.6939e-02, PNorm = 65.6646, GNorm = 0.3869, lr_0 = 4.4153e-04
Loss = 3.1873e-02, PNorm = 65.7230, GNorm = 0.1899, lr_0 = 4.3728e-04
Validation auc = 0.890970
Epoch 12
Loss = 2.2358e-02, PNorm = 65.7692, GNorm = 0.1155, lr_0 = 4.3265e-04
Loss = 1.8589e-02, PNorm = 65.8161, GNorm = 0.1235, lr_0 = 4.2848e-04
Loss = 3.6065e-02, PNorm = 65.8618, GNorm = 0.3872, lr_0 = 4.2436e-04
Loss = 2.0797e-02, PNorm = 65.8864, GNorm = 0.0715, lr_0 = 4.2027e-04
Loss = 3.7661e-02, PNorm = 65.9081, GNorm = 0.1147, lr_0 = 4.1622e-04
Loss = 2.9547e-02, PNorm = 65.9423, GNorm = 0.1508, lr_0 = 4.1222e-04
Loss = 6.4920e-02, PNorm = 65.9632, GNorm = 0.2622, lr_0 = 4.0825e-04
Loss = 4.2133e-02, PNorm = 66.0311, GNorm = 0.1716, lr_0 = 4.0432e-04
Loss = 4.3666e-02, PNorm = 66.0749, GNorm = 0.3838, lr_0 = 4.0042e-04
Validation auc = 0.861057
Epoch 13
Loss = 3.8696e-02, PNorm = 66.1077, GNorm = 0.2686, lr_0 = 3.9657e-04
Loss = 2.0860e-02, PNorm = 66.1611, GNorm = 0.0327, lr_0 = 3.9275e-04
Loss = 3.4028e-02, PNorm = 66.1862, GNorm = 0.2788, lr_0 = 3.8897e-04
Loss = 3.1527e-02, PNorm = 66.2151, GNorm = 0.1645, lr_0 = 3.8522e-04
Loss = 3.7549e-02, PNorm = 66.2609, GNorm = 0.1001, lr_0 = 3.8152e-04
Loss = 3.0764e-02, PNorm = 66.2944, GNorm = 0.2824, lr_0 = 3.7784e-04
Loss = 4.3269e-02, PNorm = 66.3207, GNorm = 0.3281, lr_0 = 3.7420e-04
Loss = 3.0661e-02, PNorm = 66.3662, GNorm = 0.1657, lr_0 = 3.7060e-04
Validation auc = 0.870424
Epoch 14
Loss = 2.0932e-02, PNorm = 66.3936, GNorm = 0.1939, lr_0 = 3.6668e-04
Loss = 2.1127e-02, PNorm = 66.4292, GNorm = 0.4757, lr_0 = 3.6315e-04
Loss = 4.6167e-02, PNorm = 66.4513, GNorm = 0.2674, lr_0 = 3.5965e-04
Loss = 2.2806e-02, PNorm = 66.5041, GNorm = 0.2636, lr_0 = 3.5619e-04
Loss = 2.6707e-02, PNorm = 66.5424, GNorm = 0.2808, lr_0 = 3.5276e-04
Loss = 1.9429e-02, PNorm = 66.5583, GNorm = 0.0922, lr_0 = 3.4936e-04
Loss = 5.2840e-02, PNorm = 66.5744, GNorm = 0.1836, lr_0 = 3.4600e-04
Loss = 3.1612e-02, PNorm = 66.6183, GNorm = 0.1803, lr_0 = 3.4267e-04
Loss = 2.7139e-02, PNorm = 66.6537, GNorm = 0.2469, lr_0 = 3.3937e-04
Validation auc = 0.857456
Epoch 15
Loss = 5.4060e-02, PNorm = 66.6716, GNorm = 0.1128, lr_0 = 3.3610e-04
Loss = 2.9122e-02, PNorm = 66.6997, GNorm = 0.1266, lr_0 = 3.3287e-04
Loss = 3.9979e-02, PNorm = 66.7207, GNorm = 0.2591, lr_0 = 3.2966e-04
Loss = 2.6316e-02, PNorm = 66.7389, GNorm = 0.1448, lr_0 = 3.2649e-04
Loss = 2.1720e-02, PNorm = 66.7773, GNorm = 0.2420, lr_0 = 3.2334e-04
Loss = 3.4016e-02, PNorm = 66.8004, GNorm = 0.0633, lr_0 = 3.2023e-04
Loss = 2.7533e-02, PNorm = 66.8281, GNorm = 0.2179, lr_0 = 3.1715e-04
Loss = 2.4203e-02, PNorm = 66.8527, GNorm = 0.1306, lr_0 = 3.1409e-04
Loss = 3.9874e-02, PNorm = 66.8774, GNorm = 0.0791, lr_0 = 3.1107e-04
Validation auc = 0.872279
Epoch 16
Loss = 2.5781e-02, PNorm = 66.9087, GNorm = 0.0749, lr_0 = 3.0807e-04
Loss = 2.0714e-02, PNorm = 66.9331, GNorm = 0.0644, lr_0 = 3.0511e-04
Loss = 2.8560e-02, PNorm = 66.9529, GNorm = 0.1600, lr_0 = 3.0217e-04
Loss = 2.8646e-02, PNorm = 66.9726, GNorm = 0.2342, lr_0 = 2.9926e-04
Loss = 2.5174e-02, PNorm = 66.9907, GNorm = 0.1057, lr_0 = 2.9638e-04
Loss = 4.6279e-02, PNorm = 67.0216, GNorm = 0.4034, lr_0 = 2.9353e-04
Loss = 1.9914e-02, PNorm = 67.0499, GNorm = 0.3266, lr_0 = 2.9070e-04
Loss = 1.5084e-02, PNorm = 67.0747, GNorm = 0.2787, lr_0 = 2.8790e-04
Validation auc = 0.870684
Epoch 17
Loss = 2.1249e-02, PNorm = 67.0993, GNorm = 0.0449, lr_0 = 2.8485e-04
Loss = 2.9707e-02, PNorm = 67.1114, GNorm = 0.2788, lr_0 = 2.8211e-04
Loss = 2.5646e-02, PNorm = 67.1273, GNorm = 0.1768, lr_0 = 2.7939e-04
Loss = 3.3867e-02, PNorm = 67.1529, GNorm = 0.0699, lr_0 = 2.7670e-04
Loss = 1.8475e-02, PNorm = 67.1734, GNorm = 0.0466, lr_0 = 2.7404e-04
Loss = 1.4857e-02, PNorm = 67.1856, GNorm = 0.2211, lr_0 = 2.7140e-04
Loss = 2.3069e-02, PNorm = 67.1943, GNorm = 0.1567, lr_0 = 2.6879e-04
Loss = 2.1431e-02, PNorm = 67.2277, GNorm = 0.1387, lr_0 = 2.6620e-04
Loss = 3.4416e-02, PNorm = 67.2629, GNorm = 0.4186, lr_0 = 2.6364e-04
Validation auc = 0.851673
Epoch 18
Loss = 1.6136e-02, PNorm = 67.2899, GNorm = 0.0517, lr_0 = 2.6110e-04
Loss = 2.3636e-02, PNorm = 67.3038, GNorm = 0.4156, lr_0 = 2.5859e-04
Loss = 3.5115e-02, PNorm = 67.3147, GNorm = 0.1712, lr_0 = 2.5610e-04
Loss = 2.6897e-02, PNorm = 67.3672, GNorm = 0.1822, lr_0 = 2.5363e-04
Loss = 3.8025e-02, PNorm = 67.3780, GNorm = 0.1791, lr_0 = 2.5119e-04
Loss = 2.3811e-02, PNorm = 67.3953, GNorm = 0.1597, lr_0 = 2.4877e-04
Loss = 2.4452e-02, PNorm = 67.4266, GNorm = 0.0741, lr_0 = 2.4638e-04
Loss = 1.8347e-02, PNorm = 67.4499, GNorm = 0.2830, lr_0 = 2.4400e-04
Validation auc = 0.869231
Epoch 19
Loss = 3.4033e-02, PNorm = 67.4620, GNorm = 0.2543, lr_0 = 2.4165e-04
Loss = 2.6960e-02, PNorm = 67.4644, GNorm = 0.1495, lr_0 = 2.3933e-04
Loss = 2.4567e-02, PNorm = 67.4827, GNorm = 0.1207, lr_0 = 2.3702e-04
Loss = 2.1531e-02, PNorm = 67.5049, GNorm = 0.1093, lr_0 = 2.3474e-04
Loss = 2.0360e-02, PNorm = 67.5277, GNorm = 0.3569, lr_0 = 2.3248e-04
Loss = 3.0676e-02, PNorm = 67.5406, GNorm = 0.0437, lr_0 = 2.3024e-04
Loss = 3.7176e-02, PNorm = 67.5623, GNorm = 0.2811, lr_0 = 2.2803e-04
Loss = 1.6200e-02, PNorm = 67.5950, GNorm = 0.2959, lr_0 = 2.2583e-04
Loss = 1.8316e-02, PNorm = 67.6083, GNorm = 0.0340, lr_0 = 2.2366e-04
Validation auc = 0.862931
Epoch 20
Loss = 1.5369e-02, PNorm = 67.6244, GNorm = 0.1318, lr_0 = 2.2129e-04
Loss = 1.8084e-02, PNorm = 67.6455, GNorm = 0.0896, lr_0 = 2.1916e-04
Loss = 2.3580e-02, PNorm = 67.6566, GNorm = 0.0461, lr_0 = 2.1705e-04
Loss = 1.4665e-02, PNorm = 67.6636, GNorm = 0.0944, lr_0 = 2.1496e-04
Loss = 2.4995e-02, PNorm = 67.6771, GNorm = 0.0600, lr_0 = 2.1289e-04
Loss = 2.2259e-02, PNorm = 67.6828, GNorm = 0.1304, lr_0 = 2.1084e-04
Loss = 1.1655e-02, PNorm = 67.7042, GNorm = 0.1191, lr_0 = 2.0881e-04
Loss = 2.1948e-02, PNorm = 67.7236, GNorm = 0.3227, lr_0 = 2.0680e-04
Validation auc = 0.872952
Epoch 21
Loss = 1.1474e-02, PNorm = 67.7277, GNorm = 0.1205, lr_0 = 2.0481e-04
Loss = 2.3882e-02, PNorm = 67.7613, GNorm = 0.1602, lr_0 = 2.0283e-04
Loss = 1.0634e-02, PNorm = 67.7831, GNorm = 0.0654, lr_0 = 2.0088e-04
Loss = 3.3313e-02, PNorm = 67.7857, GNorm = 0.3590, lr_0 = 1.9895e-04
Loss = 2.1827e-02, PNorm = 67.7966, GNorm = 0.1622, lr_0 = 1.9703e-04
Loss = 2.3967e-02, PNorm = 67.8147, GNorm = 0.1608, lr_0 = 1.9514e-04
Loss = 1.9780e-02, PNorm = 67.8478, GNorm = 0.1027, lr_0 = 1.9326e-04
Loss = 1.5671e-02, PNorm = 67.8597, GNorm = 0.1179, lr_0 = 1.9140e-04
Loss = 2.3615e-02, PNorm = 67.8730, GNorm = 0.9083, lr_0 = 1.8955e-04
Validation auc = 0.855293
Epoch 22
Loss = 8.3733e-03, PNorm = 67.8921, GNorm = 0.1281, lr_0 = 1.8773e-04
Loss = 3.5565e-02, PNorm = 67.8944, GNorm = 0.1737, lr_0 = 1.8592e-04
Loss = 1.2657e-02, PNorm = 67.9135, GNorm = 0.1022, lr_0 = 1.8413e-04
Loss = 1.7371e-02, PNorm = 67.9450, GNorm = 0.1248, lr_0 = 1.8236e-04
Loss = 2.7269e-02, PNorm = 67.9563, GNorm = 0.1323, lr_0 = 1.8060e-04
Loss = 1.1871e-02, PNorm = 67.9682, GNorm = 0.0622, lr_0 = 1.7886e-04
Loss = 2.9238e-02, PNorm = 67.9893, GNorm = 0.3064, lr_0 = 1.7714e-04
Loss = 1.9196e-02, PNorm = 68.0008, GNorm = 0.2259, lr_0 = 1.7544e-04
Validation auc = 0.845917
Epoch 23
Loss = 3.0626e-02, PNorm = 68.0170, GNorm = 0.3245, lr_0 = 1.7358e-04
Loss = 1.8778e-02, PNorm = 68.0376, GNorm = 0.3676, lr_0 = 1.7191e-04
Loss = 3.1545e-02, PNorm = 68.0372, GNorm = 0.3122, lr_0 = 1.7025e-04
Loss = 1.0462e-02, PNorm = 68.0622, GNorm = 0.1126, lr_0 = 1.6861e-04
Loss = 1.0152e-02, PNorm = 68.0887, GNorm = 0.0145, lr_0 = 1.6699e-04
Loss = 1.3583e-02, PNorm = 68.1020, GNorm = 0.2510, lr_0 = 1.6538e-04
Loss = 1.9488e-02, PNorm = 68.1038, GNorm = 0.3288, lr_0 = 1.6379e-04
Loss = 1.9142e-02, PNorm = 68.1175, GNorm = 0.2144, lr_0 = 1.6221e-04
Loss = 2.1637e-02, PNorm = 68.1360, GNorm = 0.1169, lr_0 = 1.6065e-04
Validation auc = 0.851878
Epoch 24
Loss = 3.1448e-02, PNorm = 68.1410, GNorm = 0.2413, lr_0 = 1.5910e-04
Loss = 1.4007e-02, PNorm = 68.1571, GNorm = 0.0494, lr_0 = 1.5757e-04
Loss = 2.1450e-02, PNorm = 68.1769, GNorm = 0.0980, lr_0 = 1.5605e-04
Loss = 1.1100e-02, PNorm = 68.1876, GNorm = 0.0510, lr_0 = 1.5455e-04
Loss = 2.2263e-02, PNorm = 68.1922, GNorm = 0.1698, lr_0 = 1.5306e-04
Loss = 8.7706e-03, PNorm = 68.2064, GNorm = 0.0321, lr_0 = 1.5159e-04
Loss = 2.0138e-02, PNorm = 68.2197, GNorm = 0.2419, lr_0 = 1.5013e-04
Loss = 1.6510e-02, PNorm = 68.2276, GNorm = 0.0773, lr_0 = 1.4869e-04
Loss = 1.1487e-02, PNorm = 68.2411, GNorm = 0.0158, lr_0 = 1.4725e-04
Validation auc = 0.861053
Epoch 25
Loss = 2.3760e-02, PNorm = 68.2476, GNorm = 0.4650, lr_0 = 1.4584e-04
Loss = 1.5130e-02, PNorm = 68.2623, GNorm = 0.1454, lr_0 = 1.4443e-04
Loss = 1.8748e-02, PNorm = 68.2825, GNorm = 0.4135, lr_0 = 1.4304e-04
Loss = 1.9604e-02, PNorm = 68.2869, GNorm = 0.0984, lr_0 = 1.4166e-04
Loss = 9.5862e-03, PNorm = 68.2978, GNorm = 0.2217, lr_0 = 1.4030e-04
Loss = 1.3891e-02, PNorm = 68.3103, GNorm = 0.2533, lr_0 = 1.3895e-04
Loss = 1.4153e-02, PNorm = 68.3218, GNorm = 0.0152, lr_0 = 1.3761e-04
Loss = 1.7340e-02, PNorm = 68.3231, GNorm = 0.4938, lr_0 = 1.3629e-04
Validation auc = 0.851521
Epoch 26
Loss = 1.2649e-02, PNorm = 68.3213, GNorm = 0.3093, lr_0 = 1.3484e-04
Loss = 1.5400e-02, PNorm = 68.3344, GNorm = 0.1722, lr_0 = 1.3355e-04
Loss = 5.5467e-03, PNorm = 68.3510, GNorm = 0.1288, lr_0 = 1.3226e-04
Loss = 1.2729e-02, PNorm = 68.3615, GNorm = 0.0100, lr_0 = 1.3099e-04
Loss = 2.8946e-02, PNorm = 68.3529, GNorm = 0.0718, lr_0 = 1.2973e-04
Loss = 1.7062e-02, PNorm = 68.3636, GNorm = 0.2171, lr_0 = 1.2848e-04
Loss = 1.5047e-02, PNorm = 68.3816, GNorm = 0.1100, lr_0 = 1.2724e-04
Loss = 2.7120e-02, PNorm = 68.3906, GNorm = 0.0508, lr_0 = 1.2601e-04
Loss = 1.0409e-02, PNorm = 68.3962, GNorm = 0.4310, lr_0 = 1.2480e-04
Validation auc = 0.859745
Epoch 27
Loss = 1.0006e-02, PNorm = 68.4034, GNorm = 0.0465, lr_0 = 1.2360e-04
Loss = 6.7886e-03, PNorm = 68.4154, GNorm = 0.0608, lr_0 = 1.2241e-04
Loss = 8.5564e-03, PNorm = 68.4260, GNorm = 0.2573, lr_0 = 1.2123e-04
Loss = 4.9998e-03, PNorm = 68.4334, GNorm = 0.0176, lr_0 = 1.2006e-04
Loss = 1.4958e-02, PNorm = 68.4363, GNorm = 0.1451, lr_0 = 1.1891e-04
Loss = 2.3366e-02, PNorm = 68.4376, GNorm = 0.5335, lr_0 = 1.1776e-04
Loss = 1.4455e-02, PNorm = 68.4453, GNorm = 0.3001, lr_0 = 1.1663e-04
Loss = 1.2337e-02, PNorm = 68.4597, GNorm = 0.0403, lr_0 = 1.1551e-04
Validation auc = 0.853074
Epoch 28
Loss = 2.1685e-02, PNorm = 68.4624, GNorm = 0.1833, lr_0 = 1.1428e-04
Loss = 7.9283e-03, PNorm = 68.4699, GNorm = 0.0192, lr_0 = 1.1318e-04
Loss = 2.2518e-02, PNorm = 68.4862, GNorm = 0.7325, lr_0 = 1.1209e-04
Loss = 1.2176e-02, PNorm = 68.5010, GNorm = 0.0995, lr_0 = 1.1101e-04
Loss = 1.4397e-02, PNorm = 68.5046, GNorm = 0.0688, lr_0 = 1.0995e-04
Loss = 1.9299e-02, PNorm = 68.5019, GNorm = 0.0672, lr_0 = 1.0889e-04
Loss = 1.5116e-02, PNorm = 68.5129, GNorm = 0.1036, lr_0 = 1.0784e-04
Loss = 1.5079e-02, PNorm = 68.5221, GNorm = 0.0811, lr_0 = 1.0680e-04
Loss = 1.2872e-02, PNorm = 68.5343, GNorm = 0.1146, lr_0 = 1.0577e-04
Validation auc = 0.850610
Epoch 29
Loss = 1.2487e-02, PNorm = 68.5449, GNorm = 0.4230, lr_0 = 1.0475e-04
Loss = 2.1440e-02, PNorm = 68.5497, GNorm = 1.1034, lr_0 = 1.0374e-04
Loss = 1.7030e-02, PNorm = 68.5479, GNorm = 0.1594, lr_0 = 1.0275e-04
Loss = 6.7288e-03, PNorm = 68.5559, GNorm = 0.0805, lr_0 = 1.0176e-04
Loss = 1.2573e-02, PNorm = 68.5672, GNorm = 0.0179, lr_0 = 1.0078e-04
Loss = 1.6289e-02, PNorm = 68.5701, GNorm = 0.1352, lr_0 = 1.0000e-04
Loss = 1.6818e-02, PNorm = 68.5749, GNorm = 0.2024, lr_0 = 1.0000e-04
Loss = 1.1197e-02, PNorm = 68.5822, GNorm = 0.0870, lr_0 = 1.0000e-04
Validation auc = 0.853635
Model 0 best validation auc = 0.890970 on epoch 11
Loading pretrained parameter "encoder.encoder.0.cached_zero_vector".
Loading pretrained parameter "encoder.encoder.0.W_i.weight".
Loading pretrained parameter "encoder.encoder.0.W_h.weight".
Loading pretrained parameter "encoder.encoder.0.W_o.weight".
Loading pretrained parameter "encoder.encoder.0.W_o.bias".
Loading pretrained parameter "ffn.1.weight".
Loading pretrained parameter "ffn.1.bias".
Loading pretrained parameter "ffn.4.weight".
Loading pretrained parameter "ffn.4.bias".
Moving model to cuda
Model 0 test auc = 0.847663
Ensemble test auc = 0.847663
Fold 2
Splitting data with seed 2
Total scaffolds = 3,467 | train scaffolds = 2,630 | val scaffolds = 419 | test scaffolds = 418
Label averages per scaffold, in decreasing order of scaffold frequency,capped at 10 scaffolds and 20 labels:
Scaffold 0
Task 0: count = 381 | target average = 0.018373
Task 1: count = 381 | target average = 0.013123


Scaffold 1
Task 0: count = 305 | target average = 0.009836
Task 1: count = 305 | target average = 0.016393


Scaffold 2
Task 0: count = 36 | target average = 0.000000
Task 1: count = 36 | target average = 0.000000


Scaffold 3
Task 0: count = 29 | target average = 0.000000
Task 1: count = 29 | target average = 0.000000


Scaffold 4
Task 0: count = 26 | target average = 0.000000
Task 1: count = 26 | target average = 0.000000


Scaffold 5
Task 0: count = 23 | target average = 0.000000
Task 1: count = 23 | target average = 0.000000


Scaffold 6
Task 0: count = 22 | target average = 0.090909
Task 1: count = 22 | target average = 0.090909


Scaffold 7
Task 0: count = 20 | target average = 0.000000
Task 1: count = 20 | target average = 0.000000


Scaffold 8
Task 0: count = 20 | target average = 0.000000
Task 1: count = 20 | target average = 0.000000


Scaffold 9
Task 0: count = 20 | target average = 0.050000
Task 1: count = 20 | target average = 0.000000


Class sizes
hit_inh 0: 97.83%, 1: 2.17%
hit_kill 0: 98.64%, 1: 1.36%
Total size = 5,353 | train size = 4,282 | val size = 535 | test size = 536
Building model 0
MoleculeModel(
  (sigmoid): Sigmoid()
  (encoder): MPN(
    (encoder): ModuleList(
      (0): MPNEncoder(
        (dropout_layer): Dropout(p=0.25, inplace=False)
        (act_func): ReLU()
        (W_i): Linear(in_features=147, out_features=1000, bias=False)
        (W_h): Linear(in_features=1000, out_features=1000, bias=False)
        (W_o): Linear(in_features=1133, out_features=1000, bias=True)
      )
    )
  )
  (ffn): Sequential(
    (0): Dropout(p=0.25, inplace=False)
    (1): Linear(in_features=1200, out_features=1000, bias=True)
    (2): ReLU()
    (3): Dropout(p=0.25, inplace=False)
    (4): Linear(in_features=1000, out_features=2, bias=True)
  )
)
Number of parameters = 3,484,002
Moving model to cuda
Epoch 0
Loss = 2.5842e-01, PNorm = 58.8068, GNorm = 0.4441, lr_0 = 1.0000e-03
Loss = 6.5169e-02, PNorm = 59.0753, GNorm = 0.1583, lr_0 = 1.0000e-03
Loss = 9.8434e-02, PNorm = 59.2078, GNorm = 0.1704, lr_0 = 1.0000e-03
Loss = 9.3941e-02, PNorm = 59.2862, GNorm = 0.1674, lr_0 = 1.0000e-03
Loss = 7.4217e-02, PNorm = 59.3394, GNorm = 0.0960, lr_0 = 1.0000e-03
Loss = 9.0800e-02, PNorm = 59.3811, GNorm = 0.1644, lr_0 = 1.0000e-03
Loss = 9.1000e-02, PNorm = 59.4354, GNorm = 0.2708, lr_0 = 1.0000e-03
Loss = 7.2821e-02, PNorm = 59.4745, GNorm = 0.1414, lr_0 = 1.0000e-03
Validation auc = 0.790151
Epoch 1
Loss = 5.8048e-02, PNorm = 59.5311, GNorm = 0.1494, lr_0 = 1.0000e-03
Loss = 6.9632e-02, PNorm = 59.5880, GNorm = 0.3897, lr_0 = 1.0000e-03
Loss = 3.8478e-02, PNorm = 59.6210, GNorm = 0.1599, lr_0 = 1.0000e-03
Loss = 1.1594e-01, PNorm = 59.6550, GNorm = 0.3730, lr_0 = 1.0000e-03
Loss = 6.7031e-02, PNorm = 59.7244, GNorm = 0.1597, lr_0 = 1.0000e-03
Loss = 7.6939e-02, PNorm = 59.7661, GNorm = 0.1227, lr_0 = 1.0000e-03
Loss = 9.5734e-02, PNorm = 59.8150, GNorm = 0.1505, lr_0 = 1.0000e-03
Loss = 1.0624e-01, PNorm = 59.8713, GNorm = 0.2286, lr_0 = 1.0000e-03
Loss = 5.7935e-02, PNorm = 59.9514, GNorm = 0.0512, lr_0 = 9.9807e-04
Validation auc = 0.852326
Epoch 2
Loss = 7.4261e-02, PNorm = 59.9903, GNorm = 0.2118, lr_0 = 9.8846e-04
Loss = 6.3837e-02, PNorm = 60.0624, GNorm = 0.2851, lr_0 = 9.7894e-04
Loss = 8.3256e-02, PNorm = 60.1215, GNorm = 0.1377, lr_0 = 9.6952e-04
Loss = 7.0792e-02, PNorm = 60.1934, GNorm = 0.3094, lr_0 = 9.6018e-04
Loss = 9.3100e-02, PNorm = 60.2492, GNorm = 0.2366, lr_0 = 9.5094e-04
Loss = 6.3683e-02, PNorm = 60.3610, GNorm = 0.1156, lr_0 = 9.4178e-04
Loss = 4.9166e-02, PNorm = 60.4172, GNorm = 0.0663, lr_0 = 9.3271e-04
Loss = 6.0628e-02, PNorm = 60.4698, GNorm = 0.1224, lr_0 = 9.2373e-04
Validation auc = 0.823072
Epoch 3
Loss = 7.2352e-02, PNorm = 60.5477, GNorm = 0.1810, lr_0 = 9.1395e-04
Loss = 7.8191e-02, PNorm = 60.6394, GNorm = 0.1293, lr_0 = 9.0515e-04
Loss = 6.9891e-02, PNorm = 60.7619, GNorm = 0.3021, lr_0 = 8.9644e-04
Loss = 2.4643e-02, PNorm = 60.8815, GNorm = 0.0582, lr_0 = 8.8781e-04
Loss = 8.1699e-02, PNorm = 60.9017, GNorm = 0.3687, lr_0 = 8.7926e-04
Loss = 6.8351e-02, PNorm = 60.9952, GNorm = 0.0423, lr_0 = 8.7080e-04
Loss = 8.7963e-02, PNorm = 61.0488, GNorm = 0.1256, lr_0 = 8.6241e-04
Loss = 5.5946e-02, PNorm = 61.1301, GNorm = 0.0878, lr_0 = 8.5411e-04
Loss = 5.9560e-02, PNorm = 61.1907, GNorm = 0.1905, lr_0 = 8.4588e-04
Validation auc = 0.871110
Epoch 4
Loss = 3.8754e-02, PNorm = 61.2558, GNorm = 0.0562, lr_0 = 8.3774e-04
Loss = 4.4394e-02, PNorm = 61.3106, GNorm = 0.1037, lr_0 = 8.2967e-04
Loss = 6.4104e-02, PNorm = 61.3610, GNorm = 0.1633, lr_0 = 8.2169e-04
Loss = 7.8731e-02, PNorm = 61.4050, GNorm = 0.1837, lr_0 = 8.1377e-04
Loss = 8.9675e-02, PNorm = 61.4776, GNorm = 0.1651, lr_0 = 8.0594e-04
Loss = 5.4756e-02, PNorm = 61.5715, GNorm = 0.1937, lr_0 = 7.9818e-04
Loss = 6.8061e-02, PNorm = 61.6277, GNorm = 0.2042, lr_0 = 7.9050e-04
Loss = 4.2479e-02, PNorm = 61.7167, GNorm = 0.1834, lr_0 = 7.8288e-04
Validation auc = 0.878187
Epoch 5
Loss = 6.5806e-02, PNorm = 61.7838, GNorm = 0.1589, lr_0 = 7.7535e-04
Loss = 7.0378e-02, PNorm = 61.9145, GNorm = 0.1467, lr_0 = 7.6788e-04
Loss = 5.5533e-02, PNorm = 62.0121, GNorm = 0.2563, lr_0 = 7.6049e-04
Loss = 5.4949e-02, PNorm = 62.1182, GNorm = 0.0961, lr_0 = 7.5317e-04
Loss = 4.1012e-02, PNorm = 62.2019, GNorm = 0.0847, lr_0 = 7.4591e-04
Loss = 5.7907e-02, PNorm = 62.2545, GNorm = 0.2453, lr_0 = 7.3873e-04
Loss = 6.9925e-02, PNorm = 62.3148, GNorm = 0.1198, lr_0 = 7.3162e-04
Loss = 4.9737e-02, PNorm = 62.3956, GNorm = 0.0495, lr_0 = 7.2458e-04
Loss = 5.3792e-02, PNorm = 62.4378, GNorm = 0.1544, lr_0 = 7.1760e-04
Validation auc = 0.885212
Epoch 6
Loss = 5.0352e-02, PNorm = 62.5150, GNorm = 0.0437, lr_0 = 7.1000e-04
Loss = 6.7934e-02, PNorm = 62.5587, GNorm = 0.1791, lr_0 = 7.0317e-04
Loss = 6.0591e-02, PNorm = 62.6377, GNorm = 0.2289, lr_0 = 6.9640e-04
Loss = 5.5655e-02, PNorm = 62.7140, GNorm = 0.1169, lr_0 = 6.8969e-04
Loss = 5.2524e-02, PNorm = 62.7886, GNorm = 0.1203, lr_0 = 6.8305e-04
Loss = 5.4542e-02, PNorm = 62.8510, GNorm = 0.1108, lr_0 = 6.7648e-04
Loss = 4.7599e-02, PNorm = 62.9295, GNorm = 0.4053, lr_0 = 6.6996e-04
Loss = 1.7545e-02, PNorm = 63.0303, GNorm = 0.0338, lr_0 = 6.6351e-04
Validation auc = 0.882598
Epoch 7
Loss = 4.0672e-02, PNorm = 63.0741, GNorm = 0.1803, lr_0 = 6.5712e-04
Loss = 4.5341e-02, PNorm = 63.1918, GNorm = 0.2253, lr_0 = 6.5080e-04
Loss = 6.6020e-02, PNorm = 63.2504, GNorm = 0.1768, lr_0 = 6.4453e-04
Loss = 5.3258e-02, PNorm = 63.3429, GNorm = 0.1593, lr_0 = 6.3833e-04
Loss = 4.9836e-02, PNorm = 63.3721, GNorm = 0.0984, lr_0 = 6.3218e-04
Loss = 3.9343e-02, PNorm = 63.4415, GNorm = 0.1022, lr_0 = 6.2609e-04
Loss = 5.7919e-02, PNorm = 63.4873, GNorm = 0.1337, lr_0 = 6.2006e-04
Loss = 5.1351e-02, PNorm = 63.5427, GNorm = 0.3315, lr_0 = 6.1409e-04
Loss = 4.1286e-02, PNorm = 63.6130, GNorm = 0.0987, lr_0 = 6.0818e-04
Validation auc = 0.910316
Epoch 8
Loss = 3.3307e-02, PNorm = 63.6503, GNorm = 0.1480, lr_0 = 6.0233e-04
Loss = 4.2605e-02, PNorm = 63.6867, GNorm = 0.0967, lr_0 = 5.9653e-04
Loss = 5.5724e-02, PNorm = 63.7349, GNorm = 0.1804, lr_0 = 5.9078e-04
Loss = 7.1073e-02, PNorm = 63.7794, GNorm = 0.1982, lr_0 = 5.8510e-04
Loss = 4.8727e-02, PNorm = 63.8597, GNorm = 0.1381, lr_0 = 5.7946e-04
Loss = 4.7574e-02, PNorm = 63.9326, GNorm = 0.1697, lr_0 = 5.7388e-04
Loss = 4.8429e-02, PNorm = 63.9900, GNorm = 0.2056, lr_0 = 5.6836e-04
Loss = 5.3066e-02, PNorm = 64.0350, GNorm = 0.1901, lr_0 = 5.6289e-04
Loss = 4.3309e-02, PNorm = 64.0955, GNorm = 0.2033, lr_0 = 5.5747e-04
Loss = 8.6017e-03, PNorm = 64.1038, GNorm = 0.0856, lr_0 = 5.5693e-04
Validation auc = 0.915273
Epoch 9
Loss = 4.2176e-02, PNorm = 64.1833, GNorm = 0.0714, lr_0 = 5.5156e-04
Loss = 5.9857e-02, PNorm = 64.2196, GNorm = 0.1429, lr_0 = 5.4625e-04
Loss = 4.7767e-02, PNorm = 64.3038, GNorm = 0.1545, lr_0 = 5.4100e-04
Loss = 2.6823e-02, PNorm = 64.3860, GNorm = 0.1599, lr_0 = 5.3579e-04
Loss = 7.7540e-02, PNorm = 64.4098, GNorm = 0.2066, lr_0 = 5.3063e-04
Loss = 3.7298e-02, PNorm = 64.5032, GNorm = 0.1992, lr_0 = 5.2552e-04
Loss = 5.0746e-02, PNorm = 64.5406, GNorm = 0.1283, lr_0 = 5.2046e-04
Loss = 3.9297e-02, PNorm = 64.5988, GNorm = 0.1746, lr_0 = 5.1545e-04
Validation auc = 0.906673
Epoch 10
Loss = 3.0485e-02, PNorm = 64.6528, GNorm = 0.0354, lr_0 = 5.1049e-04
Loss = 5.2974e-02, PNorm = 64.7130, GNorm = 0.1354, lr_0 = 5.0557e-04
Loss = 2.5469e-02, PNorm = 64.7861, GNorm = 0.1284, lr_0 = 5.0070e-04
Loss = 1.9069e-02, PNorm = 64.8162, GNorm = 0.2283, lr_0 = 4.9588e-04
Loss = 5.3164e-02, PNorm = 64.8198, GNorm = 0.2085, lr_0 = 4.9111e-04
Loss = 5.6105e-02, PNorm = 64.8852, GNorm = 0.1416, lr_0 = 4.8638e-04
Loss = 4.0487e-02, PNorm = 64.9331, GNorm = 0.1776, lr_0 = 4.8170e-04
Loss = 4.2011e-02, PNorm = 65.0102, GNorm = 0.3705, lr_0 = 4.7706e-04
Loss = 2.8291e-02, PNorm = 65.0387, GNorm = 0.1915, lr_0 = 4.7247e-04
Validation auc = 0.921418
Epoch 11
Loss = 6.1057e-02, PNorm = 65.1171, GNorm = 0.1194, lr_0 = 4.6792e-04
Loss = 3.4425e-02, PNorm = 65.2178, GNorm = 0.1594, lr_0 = 4.6341e-04
Loss = 2.0433e-02, PNorm = 65.2643, GNorm = 0.1002, lr_0 = 4.5895e-04
Loss = 3.0547e-02, PNorm = 65.3065, GNorm = 0.0576, lr_0 = 4.5453e-04
Loss = 5.3766e-02, PNorm = 65.3383, GNorm = 0.2689, lr_0 = 4.5015e-04
Loss = 4.5288e-02, PNorm = 65.3998, GNorm = 0.0522, lr_0 = 4.4582e-04
Loss = 3.5120e-02, PNorm = 65.4354, GNorm = 0.2552, lr_0 = 4.4153e-04
Loss = 4.2742e-02, PNorm = 65.4913, GNorm = 0.2905, lr_0 = 4.3728e-04
Validation auc = 0.887131
Epoch 12
Loss = 2.8631e-02, PNorm = 65.5371, GNorm = 0.1051, lr_0 = 4.3265e-04
Loss = 2.4134e-02, PNorm = 65.5783, GNorm = 0.1555, lr_0 = 4.2848e-04
Loss = 2.8807e-02, PNorm = 65.6305, GNorm = 0.1816, lr_0 = 4.2436e-04
Loss = 6.4529e-02, PNorm = 65.6667, GNorm = 0.5808, lr_0 = 4.2027e-04
Loss = 3.8750e-02, PNorm = 65.6987, GNorm = 0.4562, lr_0 = 4.1622e-04
Loss = 2.4737e-02, PNorm = 65.7606, GNorm = 0.2230, lr_0 = 4.1222e-04
Loss = 6.0900e-02, PNorm = 65.7639, GNorm = 0.2228, lr_0 = 4.0825e-04
Loss = 4.8188e-02, PNorm = 65.8087, GNorm = 0.1846, lr_0 = 4.0432e-04
Loss = 3.3080e-02, PNorm = 65.8899, GNorm = 0.1944, lr_0 = 4.0042e-04
Validation auc = 0.922992
Epoch 13
Loss = 1.1678e-02, PNorm = 65.9222, GNorm = 0.1452, lr_0 = 3.9657e-04
Loss = 3.9527e-02, PNorm = 65.9618, GNorm = 0.0853, lr_0 = 3.9275e-04
Loss = 8.9316e-03, PNorm = 66.0093, GNorm = 0.0490, lr_0 = 3.8897e-04
Loss = 4.3892e-02, PNorm = 66.0299, GNorm = 0.1856, lr_0 = 3.8522e-04
Loss = 3.8153e-02, PNorm = 66.0701, GNorm = 0.1376, lr_0 = 3.8152e-04
Loss = 3.6134e-02, PNorm = 66.1095, GNorm = 0.3516, lr_0 = 3.7784e-04
Loss = 4.7361e-02, PNorm = 66.1339, GNorm = 0.2807, lr_0 = 3.7420e-04
Loss = 2.4407e-02, PNorm = 66.1697, GNorm = 0.0661, lr_0 = 3.7060e-04
Validation auc = 0.928418
Epoch 14
Loss = 1.3833e-02, PNorm = 66.1973, GNorm = 0.1561, lr_0 = 3.6668e-04
Loss = 2.2491e-02, PNorm = 66.2253, GNorm = 0.0900, lr_0 = 3.6315e-04
Loss = 3.2146e-02, PNorm = 66.2610, GNorm = 0.4156, lr_0 = 3.5965e-04
Loss = 2.5082e-02, PNorm = 66.2812, GNorm = 0.0974, lr_0 = 3.5619e-04
Loss = 3.1022e-02, PNorm = 66.3173, GNorm = 0.1441, lr_0 = 3.5276e-04
Loss = 3.3207e-02, PNorm = 66.3625, GNorm = 0.4090, lr_0 = 3.4936e-04
Loss = 6.5409e-02, PNorm = 66.3682, GNorm = 0.2286, lr_0 = 3.4600e-04
Loss = 3.2652e-02, PNorm = 66.4171, GNorm = 0.1480, lr_0 = 3.4267e-04
Loss = 4.1639e-02, PNorm = 66.4532, GNorm = 0.0457, lr_0 = 3.3937e-04
Validation auc = 0.917043
Epoch 15
Loss = 3.2784e-02, PNorm = 66.4984, GNorm = 0.1656, lr_0 = 3.3610e-04
Loss = 3.5174e-02, PNorm = 66.5395, GNorm = 0.1190, lr_0 = 3.3287e-04
Loss = 2.1662e-02, PNorm = 66.5760, GNorm = 0.1009, lr_0 = 3.2966e-04
Loss = 2.3435e-02, PNorm = 66.6183, GNorm = 0.0314, lr_0 = 3.2649e-04
Loss = 4.8292e-02, PNorm = 66.6159, GNorm = 0.1646, lr_0 = 3.2334e-04
Loss = 2.4115e-02, PNorm = 66.6588, GNorm = 0.0839, lr_0 = 3.2023e-04
Loss = 3.6115e-02, PNorm = 66.7070, GNorm = 0.3096, lr_0 = 3.1715e-04
Loss = 1.0108e-02, PNorm = 66.7449, GNorm = 0.1250, lr_0 = 3.1409e-04
Loss = 4.6947e-02, PNorm = 66.7484, GNorm = 0.1144, lr_0 = 3.1107e-04
Validation auc = 0.887318
Epoch 16
Loss = 2.9878e-02, PNorm = 66.8004, GNorm = 0.1870, lr_0 = 3.0807e-04
Loss = 4.6661e-02, PNorm = 66.8225, GNorm = 0.2512, lr_0 = 3.0511e-04
Loss = 3.2589e-02, PNorm = 66.8542, GNorm = 0.1604, lr_0 = 3.0217e-04
Loss = 2.1361e-02, PNorm = 66.9017, GNorm = 0.0728, lr_0 = 2.9926e-04
Loss = 3.9603e-02, PNorm = 66.9193, GNorm = 0.2764, lr_0 = 2.9638e-04
Loss = 2.7189e-02, PNorm = 66.9376, GNorm = 0.1822, lr_0 = 2.9353e-04
Loss = 2.4160e-02, PNorm = 66.9681, GNorm = 0.1307, lr_0 = 2.9070e-04
Loss = 3.4918e-02, PNorm = 67.0037, GNorm = 0.0555, lr_0 = 2.8790e-04
Validation auc = 0.917602
Epoch 17
Loss = 2.6499e-02, PNorm = 67.0243, GNorm = 0.0779, lr_0 = 2.8485e-04
Loss = 2.9153e-02, PNorm = 67.0552, GNorm = 0.1550, lr_0 = 2.8211e-04
Loss = 2.2069e-02, PNorm = 67.1007, GNorm = 0.2788, lr_0 = 2.7939e-04
Loss = 3.5749e-02, PNorm = 67.1171, GNorm = 0.0981, lr_0 = 2.7670e-04
Loss = 3.5678e-02, PNorm = 67.1433, GNorm = 0.0775, lr_0 = 2.7404e-04
Loss = 3.1320e-02, PNorm = 67.1672, GNorm = 0.0805, lr_0 = 2.7140e-04
Loss = 2.2941e-02, PNorm = 67.1987, GNorm = 0.1483, lr_0 = 2.6879e-04
Loss = 2.4943e-02, PNorm = 67.2232, GNorm = 0.0780, lr_0 = 2.6620e-04
Loss = 2.4627e-02, PNorm = 67.2565, GNorm = 0.0185, lr_0 = 2.6364e-04
Validation auc = 0.899747
Epoch 18
Loss = 2.8340e-02, PNorm = 67.2691, GNorm = 0.0501, lr_0 = 2.6110e-04
Loss = 2.9184e-02, PNorm = 67.2869, GNorm = 0.1192, lr_0 = 2.5859e-04
Loss = 2.2911e-02, PNorm = 67.3250, GNorm = 0.1657, lr_0 = 2.5610e-04
Loss = 1.2659e-02, PNorm = 67.3496, GNorm = 0.0272, lr_0 = 2.5363e-04
Loss = 2.7316e-02, PNorm = 67.3568, GNorm = 0.0603, lr_0 = 2.5119e-04
Loss = 2.1343e-02, PNorm = 67.3893, GNorm = 0.0474, lr_0 = 2.4877e-04
Loss = 3.8800e-02, PNorm = 67.4109, GNorm = 0.1597, lr_0 = 2.4638e-04
Loss = 3.3986e-02, PNorm = 67.4316, GNorm = 0.6985, lr_0 = 2.4400e-04
Validation auc = 0.898966
Epoch 19
Loss = 1.5710e-02, PNorm = 67.4545, GNorm = 0.2447, lr_0 = 2.4165e-04
Loss = 1.6950e-02, PNorm = 67.4800, GNorm = 0.3688, lr_0 = 2.3933e-04
Loss = 2.6080e-02, PNorm = 67.4899, GNorm = 0.4020, lr_0 = 2.3702e-04
Loss = 2.5919e-02, PNorm = 67.5112, GNorm = 0.1409, lr_0 = 2.3474e-04
Loss = 2.5439e-02, PNorm = 67.5258, GNorm = 0.1477, lr_0 = 2.3248e-04
Loss = 4.1658e-02, PNorm = 67.5565, GNorm = 0.3094, lr_0 = 2.3024e-04
Loss = 1.9436e-02, PNorm = 67.6048, GNorm = 0.2944, lr_0 = 2.2803e-04
Loss = 1.4213e-02, PNorm = 67.6432, GNorm = 0.1382, lr_0 = 2.2583e-04
Loss = 1.1949e-02, PNorm = 67.6457, GNorm = 0.0688, lr_0 = 2.2366e-04
Validation auc = 0.900020
Epoch 20
Loss = 1.7458e-02, PNorm = 67.6476, GNorm = 0.1582, lr_0 = 2.2129e-04
Loss = 2.2671e-02, PNorm = 67.6726, GNorm = 0.2068, lr_0 = 2.1916e-04
Loss = 1.9307e-02, PNorm = 67.6825, GNorm = 0.3377, lr_0 = 2.1705e-04
Loss = 1.7742e-02, PNorm = 67.7020, GNorm = 0.1704, lr_0 = 2.1496e-04
Loss = 9.5128e-03, PNorm = 67.7282, GNorm = 0.2429, lr_0 = 2.1289e-04
Loss = 2.8557e-02, PNorm = 67.7439, GNorm = 0.5084, lr_0 = 2.1084e-04
Loss = 2.3250e-02, PNorm = 67.7530, GNorm = 0.3686, lr_0 = 2.0881e-04
Loss = 2.8671e-02, PNorm = 67.7642, GNorm = 0.0968, lr_0 = 2.0680e-04
Validation auc = 0.872413
Epoch 21
Loss = 3.2871e-02, PNorm = 67.7819, GNorm = 0.6064, lr_0 = 2.0481e-04
Loss = 2.3532e-02, PNorm = 67.7882, GNorm = 0.0951, lr_0 = 2.0283e-04
Loss = 2.5019e-02, PNorm = 67.8204, GNorm = 0.3329, lr_0 = 2.0088e-04
Loss = 2.0203e-02, PNorm = 67.8506, GNorm = 0.4020, lr_0 = 1.9895e-04
Loss = 2.0487e-02, PNorm = 67.8675, GNorm = 0.0586, lr_0 = 1.9703e-04
Loss = 1.6189e-02, PNorm = 67.8859, GNorm = 0.1701, lr_0 = 1.9514e-04
Loss = 9.8825e-03, PNorm = 67.9154, GNorm = 0.0220, lr_0 = 1.9326e-04
Loss = 2.5327e-02, PNorm = 67.9158, GNorm = 0.0326, lr_0 = 1.9140e-04
Loss = 2.2196e-02, PNorm = 67.9262, GNorm = 0.3105, lr_0 = 1.8955e-04
Validation auc = 0.875809
Epoch 22
Loss = 1.3612e-02, PNorm = 67.9514, GNorm = 0.0653, lr_0 = 1.8773e-04
Loss = 1.8975e-02, PNorm = 67.9633, GNorm = 0.1411, lr_0 = 1.8592e-04
Loss = 1.9905e-02, PNorm = 67.9787, GNorm = 0.2392, lr_0 = 1.8413e-04
Loss = 2.1608e-02, PNorm = 68.0040, GNorm = 0.0797, lr_0 = 1.8236e-04
Loss = 1.5006e-02, PNorm = 68.0220, GNorm = 0.3501, lr_0 = 1.8060e-04
Loss = 1.9626e-02, PNorm = 68.0325, GNorm = 0.2971, lr_0 = 1.7886e-04
Loss = 2.2604e-02, PNorm = 68.0489, GNorm = 0.3859, lr_0 = 1.7714e-04
Loss = 1.6511e-02, PNorm = 68.0593, GNorm = 0.1499, lr_0 = 1.7544e-04
Validation auc = 0.896948
Epoch 23
Loss = 2.5367e-02, PNorm = 68.0865, GNorm = 0.2725, lr_0 = 1.7358e-04
Loss = 1.9884e-02, PNorm = 68.1047, GNorm = 0.0035, lr_0 = 1.7191e-04
Loss = 1.3731e-02, PNorm = 68.1133, GNorm = 0.2039, lr_0 = 1.7025e-04
Loss = 2.3041e-02, PNorm = 68.1218, GNorm = 0.2843, lr_0 = 1.6861e-04
Loss = 9.9130e-03, PNorm = 68.1492, GNorm = 0.2332, lr_0 = 1.6699e-04
Loss = 8.1331e-03, PNorm = 68.1565, GNorm = 0.0150, lr_0 = 1.6538e-04
Loss = 1.0479e-02, PNorm = 68.1614, GNorm = 0.2206, lr_0 = 1.6379e-04
Loss = 1.6190e-02, PNorm = 68.1704, GNorm = 0.2395, lr_0 = 1.6221e-04
Loss = 1.9233e-02, PNorm = 68.1773, GNorm = 0.2302, lr_0 = 1.6065e-04
Validation auc = 0.895251
Epoch 24
Loss = 1.0709e-02, PNorm = 68.1909, GNorm = 0.3216, lr_0 = 1.5910e-04
Loss = 2.5780e-02, PNorm = 68.2064, GNorm = 0.2448, lr_0 = 1.5757e-04
Loss = 2.6079e-02, PNorm = 68.2138, GNorm = 0.4296, lr_0 = 1.5605e-04
Loss = 2.2361e-02, PNorm = 68.2492, GNorm = 0.2534, lr_0 = 1.5455e-04
Loss = 1.7477e-02, PNorm = 68.2678, GNorm = 0.1084, lr_0 = 1.5306e-04
Loss = 2.1023e-02, PNorm = 68.2711, GNorm = 0.3154, lr_0 = 1.5159e-04
Loss = 9.9499e-03, PNorm = 68.2901, GNorm = 0.0650, lr_0 = 1.5013e-04
Loss = 2.1689e-02, PNorm = 68.2968, GNorm = 0.1900, lr_0 = 1.4869e-04
Loss = 1.2105e-02, PNorm = 68.3086, GNorm = 0.1549, lr_0 = 1.4725e-04
Validation auc = 0.878287
Epoch 25
Loss = 1.1108e-02, PNorm = 68.3220, GNorm = 0.0101, lr_0 = 1.4584e-04
Loss = 1.7118e-02, PNorm = 68.3223, GNorm = 0.0340, lr_0 = 1.4443e-04
Loss = 9.4821e-03, PNorm = 68.3298, GNorm = 0.0413, lr_0 = 1.4304e-04
Loss = 1.5351e-02, PNorm = 68.3516, GNorm = 0.3467, lr_0 = 1.4166e-04
Loss = 1.0904e-02, PNorm = 68.3671, GNorm = 0.0592, lr_0 = 1.4030e-04
Loss = 1.0763e-02, PNorm = 68.3713, GNorm = 0.3221, lr_0 = 1.3895e-04
Loss = 1.7981e-02, PNorm = 68.3722, GNorm = 0.1012, lr_0 = 1.3761e-04
Loss = 1.9790e-02, PNorm = 68.3903, GNorm = 0.1995, lr_0 = 1.3629e-04
Validation auc = 0.863233
Epoch 26
Loss = 1.9119e-02, PNorm = 68.3967, GNorm = 0.2546, lr_0 = 1.3484e-04
Loss = 2.6371e-02, PNorm = 68.4212, GNorm = 0.2498, lr_0 = 1.3355e-04
Loss = 1.1255e-02, PNorm = 68.4361, GNorm = 0.1507, lr_0 = 1.3226e-04
Loss = 1.1018e-02, PNorm = 68.4380, GNorm = 0.0148, lr_0 = 1.3099e-04
Loss = 9.2074e-03, PNorm = 68.4472, GNorm = 0.0292, lr_0 = 1.2973e-04
Loss = 2.0403e-02, PNorm = 68.4561, GNorm = 0.0621, lr_0 = 1.2848e-04
Loss = 7.8185e-03, PNorm = 68.4722, GNorm = 0.3549, lr_0 = 1.2724e-04
Loss = 1.0533e-02, PNorm = 68.4841, GNorm = 0.6606, lr_0 = 1.2601e-04
Loss = 3.1606e-02, PNorm = 68.4758, GNorm = 0.2726, lr_0 = 1.2480e-04
Validation auc = 0.879551
Epoch 27
Loss = 1.0720e-02, PNorm = 68.4866, GNorm = 0.1134, lr_0 = 1.2360e-04
Loss = 1.8656e-02, PNorm = 68.5069, GNorm = 0.3954, lr_0 = 1.2241e-04
Loss = 1.0965e-02, PNorm = 68.5154, GNorm = 0.5191, lr_0 = 1.2123e-04
Loss = 1.2249e-02, PNorm = 68.5155, GNorm = 0.1235, lr_0 = 1.2006e-04
Loss = 6.4493e-03, PNorm = 68.5254, GNorm = 0.1205, lr_0 = 1.1891e-04
Loss = 2.2952e-02, PNorm = 68.5322, GNorm = 0.4155, lr_0 = 1.1776e-04
Loss = 1.0237e-02, PNorm = 68.5396, GNorm = 0.2558, lr_0 = 1.1663e-04
Loss = 2.3241e-02, PNorm = 68.5424, GNorm = 0.2908, lr_0 = 1.1551e-04
Validation auc = 0.870183
Epoch 28
Loss = 3.0742e-02, PNorm = 68.5564, GNorm = 0.1527, lr_0 = 1.1428e-04
Loss = 1.6225e-02, PNorm = 68.5711, GNorm = 0.3251, lr_0 = 1.1318e-04
Loss = 1.5258e-02, PNorm = 68.5758, GNorm = 0.2724, lr_0 = 1.1209e-04
Loss = 1.3456e-02, PNorm = 68.5881, GNorm = 0.0929, lr_0 = 1.1101e-04
Loss = 4.4625e-03, PNorm = 68.6019, GNorm = 0.0876, lr_0 = 1.0995e-04
Loss = 1.4405e-02, PNorm = 68.6017, GNorm = 0.5249, lr_0 = 1.0889e-04
Loss = 1.1448e-02, PNorm = 68.6021, GNorm = 0.3276, lr_0 = 1.0784e-04
Loss = 1.4862e-02, PNorm = 68.6062, GNorm = 0.0789, lr_0 = 1.0680e-04
Loss = 1.1276e-02, PNorm = 68.6150, GNorm = 0.6648, lr_0 = 1.0577e-04
Validation auc = 0.887778
Epoch 29
Loss = 1.2163e-02, PNorm = 68.6300, GNorm = 0.2390, lr_0 = 1.0475e-04
Loss = 2.6194e-03, PNorm = 68.6377, GNorm = 0.0418, lr_0 = 1.0374e-04
Loss = 1.1037e-02, PNorm = 68.6404, GNorm = 0.1932, lr_0 = 1.0275e-04
Loss = 1.9524e-02, PNorm = 68.6369, GNorm = 0.2153, lr_0 = 1.0176e-04
Loss = 1.3549e-02, PNorm = 68.6483, GNorm = 0.2841, lr_0 = 1.0078e-04
Loss = 1.0174e-02, PNorm = 68.6625, GNorm = 0.3472, lr_0 = 1.0000e-04
Loss = 1.3964e-02, PNorm = 68.6742, GNorm = 0.3410, lr_0 = 1.0000e-04
Loss = 7.9405e-03, PNorm = 68.6812, GNorm = 0.1014, lr_0 = 1.0000e-04
Validation auc = 0.861857
Model 0 best validation auc = 0.928418 on epoch 13
Loading pretrained parameter "encoder.encoder.0.cached_zero_vector".
Loading pretrained parameter "encoder.encoder.0.W_i.weight".
Loading pretrained parameter "encoder.encoder.0.W_h.weight".
Loading pretrained parameter "encoder.encoder.0.W_o.weight".
Loading pretrained parameter "encoder.encoder.0.W_o.bias".
Loading pretrained parameter "ffn.1.weight".
Loading pretrained parameter "ffn.1.bias".
Loading pretrained parameter "ffn.4.weight".
Loading pretrained parameter "ffn.4.bias".
Moving model to cuda
Model 0 test auc = 0.882996
Ensemble test auc = 0.882996
3-fold cross validation
	Seed 0 ==> test auc = 0.789933
	Seed 1 ==> test auc = 0.847663
	Seed 2 ==> test auc = 0.882996
Overall test auc = 0.840198 +/- 0.038358
Elapsed time = 0:22:59
