Command line
python train.py --ffn_num_layers 4 --hidden_size 1000 --dropout 0.2 --save_dir ../../../ian_stat_phase_ML/models/ffn_hyperopt_for_pub/31 --data_path ../../../ian_stat_phase_ML/data/round3finalval08162021_FULL_for_sklearn.csv --num_folds 3 --dataset_type classification --features_generator morgan --no_features_scaling --split_type scaffold_balanced --split_sizes 0.8 0.1 0.1 --smiles_columns SMILES --target_columns hit_inh hit_kill --depth 0 --features_only
Args
{'activation': 'ReLU',
 'aggregation': 'mean',
 'aggregation_norm': 100,
 'atom_descriptors': None,
 'atom_descriptors_path': None,
 'atom_descriptors_size': 0,
 'atom_features_size': 0,
 'atom_messages': False,
 'batch_size': 50,
 'bias': False,
 'cache_cutoff': 10000,
 'checkpoint_dir': None,
 'checkpoint_path': None,
 'checkpoint_paths': None,
 'class_balance': False,
 'config_path': None,
 'crossval_index_dir': None,
 'crossval_index_file': None,
 'crossval_index_sets': None,
 'cuda': False,
 'data_path': '../../../ian_stat_phase_ML/data/round3finalval08162021_FULL_for_sklearn.csv',
 'dataset_type': 'classification',
 'depth': 0,
 'device': device(type='cpu'),
 'dropout': 0.2,
 'ensemble_size': 1,
 'epochs': 30,
 'extra_metrics': [],
 'features_generator': ['morgan'],
 'features_only': True,
 'features_path': None,
 'features_scaling': False,
 'features_size': None,
 'ffn_hidden_size': 1000,
 'ffn_num_layers': 4,
 'final_lr': 0.0001,
 'folds_file': None,
 'gpu': None,
 'grad_clip': None,
 'hidden_size': 1000,
 'ignore_columns': None,
 'init_lr': 0.0001,
 'log_frequency': 10,
 'max_data_size': None,
 'max_lr': 0.001,
 'metric': 'auc',
 'metrics': ['auc'],
 'minimize_score': False,
 'mpn_shared': False,
 'multiclass_num_classes': 3,
 'no_cache_mol': False,
 'no_cuda': False,
 'no_features_scaling': True,
 'num_folds': 3,
 'num_lrs': 1,
 'num_tasks': 2,
 'num_workers': 8,
 'number_of_molecules': 1,
 'pytorch_seed': 0,
 'quiet': False,
 'save_dir': '../../../ian_stat_phase_ML/models/ffn_hyperopt_for_pub/31',
 'save_preds': False,
 'save_smiles_splits': False,
 'seed': 0,
 'separate_test_features_path': None,
 'separate_test_path': None,
 'separate_val_features_path': None,
 'separate_val_path': None,
 'show_individual_scores': False,
 'smiles_columns': ['SMILES'],
 'split_sizes': (0.8, 0.1, 0.1),
 'split_type': 'scaffold_balanced',
 'target_columns': ['hit_inh', 'hit_kill'],
 'task_names': ['hit_inh', 'hit_kill'],
 'test': False,
 'test_fold_index': None,
 'train_data_size': None,
 'undirected': False,
 'use_input_features': True,
 'val_fold_index': None,
 'warmup_epochs': 2.0}
Loading data
Warning: 7 SMILES are invalid.
Number of tasks = 2
Fold 0
Splitting data with seed 0
Total scaffolds = 4,180 | train scaffolds = 3,209 | val scaffolds = 497 | test scaffolds = 474
Label averages per scaffold, in decreasing order of scaffold frequency,capped at 10 scaffolds and 20 labels:
Scaffold 0
Task 0: count = 468 | target average = 0.019231
Task 1: count = 468 | target average = 0.014957


Scaffold 1
Task 0: count = 383 | target average = 0.007833
Task 1: count = 383 | target average = 0.013055


Scaffold 2
Task 0: count = 44 | target average = 0.000000
Task 1: count = 44 | target average = 0.000000


Scaffold 3
Task 0: count = 35 | target average = 0.000000
Task 1: count = 35 | target average = 0.000000


Scaffold 4
Task 0: count = 34 | target average = 0.000000
Task 1: count = 34 | target average = 0.000000


Scaffold 5
Task 0: count = 30 | target average = 0.000000
Task 1: count = 30 | target average = 0.000000


Scaffold 6
Task 0: count = 28 | target average = 0.000000
Task 1: count = 28 | target average = 0.000000


Scaffold 7
Task 0: count = 27 | target average = 0.074074
Task 1: count = 27 | target average = 0.074074


Scaffold 8
Task 0: count = 25 | target average = 0.040000
Task 1: count = 25 | target average = 0.000000


Scaffold 9
Task 0: count = 23 | target average = 0.000000
Task 1: count = 23 | target average = 0.000000


Class sizes
hit_inh 0: 97.79%, 1: 2.21%
hit_kill 0: 98.75%, 1: 1.25%
Total size = 6,708 | train size = 5,366 | val size = 670 | test size = 672
Building model 0
MoleculeModel(
  (sigmoid): Sigmoid()
  (encoder): MPN()
  (ffn): Sequential(
    (0): Dropout(p=0.2, inplace=False)
    (1): Linear(in_features=2048, out_features=1000, bias=True)
    (2): ReLU()
    (3): Dropout(p=0.2, inplace=False)
    (4): Linear(in_features=1000, out_features=1000, bias=True)
    (5): ReLU()
    (6): Dropout(p=0.2, inplace=False)
    (7): Linear(in_features=1000, out_features=1000, bias=True)
    (8): ReLU()
    (9): Dropout(p=0.2, inplace=False)
    (10): Linear(in_features=1000, out_features=2, bias=True)
  )
)
Number of parameters = 4,053,002
Epoch 0
Loss = 4.4741e-01, PNorm = 57.8828, GNorm = 0.6194, lr_0 = 1.4626e-04
Loss = 1.0963e-01, PNorm = 57.9367, GNorm = 0.1605, lr_0 = 1.8832e-04
Loss = 1.2653e-01, PNorm = 57.9641, GNorm = 0.2250, lr_0 = 2.3037e-04
Loss = 9.4047e-02, PNorm = 57.9636, GNorm = 0.1055, lr_0 = 2.7243e-04
Loss = 1.2712e-01, PNorm = 57.9661, GNorm = 0.3717, lr_0 = 3.1449e-04
Loss = 7.4152e-02, PNorm = 57.9911, GNorm = 0.3130, lr_0 = 3.5654e-04
Loss = 7.9687e-02, PNorm = 58.0358, GNorm = 0.0911, lr_0 = 3.9860e-04
Loss = 1.1193e-01, PNorm = 58.0719, GNorm = 0.2193, lr_0 = 4.4065e-04
Loss = 5.4055e-02, PNorm = 58.1511, GNorm = 0.0667, lr_0 = 4.8271e-04
Loss = 7.3128e-02, PNorm = 58.2152, GNorm = 0.0827, lr_0 = 5.2477e-04
Validation auc = 0.903635
Epoch 1
Loss = 4.9581e-02, PNorm = 58.3037, GNorm = 0.2086, lr_0 = 5.7103e-04
Loss = 6.8057e-02, PNorm = 58.4119, GNorm = 0.0743, lr_0 = 6.1308e-04
Loss = 4.5186e-02, PNorm = 58.5341, GNorm = 0.2582, lr_0 = 6.5514e-04
Loss = 5.9029e-02, PNorm = 58.6448, GNorm = 0.2290, lr_0 = 6.9720e-04
Loss = 3.2529e-02, PNorm = 58.7897, GNorm = 0.0998, lr_0 = 7.3925e-04
Loss = 6.0175e-02, PNorm = 58.9555, GNorm = 0.0935, lr_0 = 7.8131e-04
Loss = 9.3596e-02, PNorm = 59.1501, GNorm = 0.6358, lr_0 = 8.2336e-04
Loss = 3.0214e-02, PNorm = 59.4321, GNorm = 0.0348, lr_0 = 8.6542e-04
Loss = 8.0995e-02, PNorm = 59.6033, GNorm = 0.1417, lr_0 = 9.0748e-04
Loss = 9.0485e-02, PNorm = 59.9108, GNorm = 0.2700, lr_0 = 9.4953e-04
Loss = 5.6501e-02, PNorm = 60.2044, GNorm = 0.1000, lr_0 = 9.9159e-04
Validation auc = 0.897379
Epoch 2
Loss = 4.0474e-02, PNorm = 60.4597, GNorm = 0.1859, lr_0 = 9.9311e-04
Loss = 3.2873e-02, PNorm = 60.7323, GNorm = 0.0235, lr_0 = 9.8550e-04
Loss = 3.2706e-02, PNorm = 60.8935, GNorm = 0.0321, lr_0 = 9.7796e-04
Loss = 4.1542e-02, PNorm = 61.0483, GNorm = 0.1165, lr_0 = 9.7047e-04
Loss = 5.6600e-02, PNorm = 61.2575, GNorm = 0.3936, lr_0 = 9.6304e-04
Loss = 3.5389e-02, PNorm = 61.4770, GNorm = 0.2353, lr_0 = 9.5567e-04
Loss = 2.0739e-02, PNorm = 61.6734, GNorm = 0.3192, lr_0 = 9.4835e-04
Loss = 2.4903e-02, PNorm = 61.8295, GNorm = 0.2493, lr_0 = 9.4109e-04
Loss = 3.7005e-02, PNorm = 61.9977, GNorm = 0.1806, lr_0 = 9.3389e-04
Loss = 4.3161e-02, PNorm = 62.1577, GNorm = 0.2516, lr_0 = 9.2674e-04
Loss = 4.9396e-02, PNorm = 62.3008, GNorm = 0.0824, lr_0 = 9.1964e-04
Validation auc = 0.865699
Epoch 3
Loss = 2.3666e-02, PNorm = 62.5383, GNorm = 0.0222, lr_0 = 9.1190e-04
Loss = 1.5994e-02, PNorm = 62.7152, GNorm = 0.0286, lr_0 = 9.0492e-04
Loss = 3.0068e-02, PNorm = 62.8332, GNorm = 0.0509, lr_0 = 8.9799e-04
Loss = 2.3614e-02, PNorm = 62.9978, GNorm = 0.1607, lr_0 = 8.9111e-04
Loss = 1.8088e-02, PNorm = 63.1269, GNorm = 0.0323, lr_0 = 8.8429e-04
Loss = 2.1101e-02, PNorm = 63.2179, GNorm = 0.2459, lr_0 = 8.7752e-04
Loss = 1.6983e-02, PNorm = 63.3107, GNorm = 0.1050, lr_0 = 8.7080e-04
Loss = 3.5046e-02, PNorm = 63.3621, GNorm = 0.1038, lr_0 = 8.6414e-04
Loss = 2.6508e-02, PNorm = 63.4400, GNorm = 0.0776, lr_0 = 8.5752e-04
Loss = 1.9781e-02, PNorm = 63.5667, GNorm = 0.1543, lr_0 = 8.5095e-04
Validation auc = 0.872039
Epoch 4
Loss = 1.4034e-02, PNorm = 63.6685, GNorm = 0.1516, lr_0 = 8.4444e-04
Loss = 1.5271e-02, PNorm = 63.7492, GNorm = 0.0868, lr_0 = 8.3797e-04
Loss = 6.9451e-03, PNorm = 63.8079, GNorm = 0.1256, lr_0 = 8.3156e-04
Loss = 2.9520e-02, PNorm = 63.8489, GNorm = 0.0689, lr_0 = 8.2519e-04
Loss = 1.2860e-02, PNorm = 63.9238, GNorm = 0.1090, lr_0 = 8.1888e-04
Loss = 1.5350e-02, PNorm = 64.0025, GNorm = 0.1586, lr_0 = 8.1261e-04
Loss = 1.4209e-02, PNorm = 64.0943, GNorm = 0.0099, lr_0 = 8.0638e-04
Loss = 1.0025e-02, PNorm = 64.1591, GNorm = 0.4268, lr_0 = 8.0021e-04
Loss = 1.7708e-02, PNorm = 64.2091, GNorm = 0.1408, lr_0 = 7.9408e-04
Loss = 1.2983e-02, PNorm = 64.2739, GNorm = 0.0600, lr_0 = 7.8800e-04
Loss = 7.6419e-03, PNorm = 64.3362, GNorm = 0.3561, lr_0 = 7.8197e-04
Validation auc = 0.876209
Epoch 5
Loss = 3.7543e-03, PNorm = 64.3868, GNorm = 0.0347, lr_0 = 7.7539e-04
Loss = 8.9765e-03, PNorm = 64.4264, GNorm = 0.0358, lr_0 = 7.6945e-04
Loss = 1.0618e-02, PNorm = 64.4593, GNorm = 0.0229, lr_0 = 7.6356e-04
Loss = 6.9912e-03, PNorm = 64.4940, GNorm = 0.0234, lr_0 = 7.5772e-04
Loss = 1.5981e-02, PNorm = 64.5255, GNorm = 0.0539, lr_0 = 7.5191e-04
Loss = 1.7312e-02, PNorm = 64.5630, GNorm = 0.0123, lr_0 = 7.4616e-04
Loss = 4.3053e-03, PNorm = 64.6019, GNorm = 0.1510, lr_0 = 7.4044e-04
Loss = 1.0926e-02, PNorm = 64.6418, GNorm = 0.1238, lr_0 = 7.3478e-04
Loss = 7.5241e-03, PNorm = 64.6844, GNorm = 0.2331, lr_0 = 7.2915e-04
Loss = 1.3333e-02, PNorm = 64.7329, GNorm = 0.1514, lr_0 = 7.2357e-04
Loss = 6.4978e-03, PNorm = 64.7995, GNorm = 0.0433, lr_0 = 7.1803e-04
Validation auc = 0.875724
Epoch 6
Loss = 8.8934e-03, PNorm = 64.8665, GNorm = 0.0094, lr_0 = 7.1198e-04
Loss = 9.4699e-03, PNorm = 64.9124, GNorm = 0.3263, lr_0 = 7.0653e-04
Loss = 5.3832e-03, PNorm = 64.9610, GNorm = 0.0024, lr_0 = 7.0112e-04
Loss = 2.8046e-03, PNorm = 64.9998, GNorm = 0.0029, lr_0 = 6.9576e-04
Loss = 1.0367e-02, PNorm = 65.0232, GNorm = 0.0277, lr_0 = 6.9043e-04
Loss = 7.2313e-03, PNorm = 65.0528, GNorm = 0.0135, lr_0 = 6.8514e-04
Loss = 9.9552e-03, PNorm = 65.0894, GNorm = 0.0046, lr_0 = 6.7990e-04
Loss = 7.1323e-03, PNorm = 65.1142, GNorm = 0.0607, lr_0 = 6.7469e-04
Loss = 3.2852e-03, PNorm = 65.1455, GNorm = 0.0483, lr_0 = 6.6953e-04
Loss = 4.6237e-03, PNorm = 65.1759, GNorm = 0.0901, lr_0 = 6.6440e-04
Loss = 7.7099e-03, PNorm = 65.2121, GNorm = 0.2947, lr_0 = 6.5931e-04
Validation auc = 0.878955
Epoch 7
Loss = 4.0117e-04, PNorm = 65.2407, GNorm = 0.0264, lr_0 = 6.5427e-04
Loss = 6.4718e-03, PNorm = 65.2592, GNorm = 0.0003, lr_0 = 6.4926e-04
Loss = 3.1023e-03, PNorm = 65.2728, GNorm = 0.3187, lr_0 = 6.4429e-04
Loss = 2.9888e-03, PNorm = 65.2856, GNorm = 0.1403, lr_0 = 6.3935e-04
Loss = 3.6786e-03, PNorm = 65.3089, GNorm = 0.0405, lr_0 = 6.3446e-04
Loss = 3.5475e-03, PNorm = 65.3340, GNorm = 0.0219, lr_0 = 6.2960e-04
Loss = 2.8230e-04, PNorm = 65.3513, GNorm = 0.0000, lr_0 = 6.2478e-04
Loss = 3.3227e-03, PNorm = 65.3628, GNorm = 0.1837, lr_0 = 6.2000e-04
Loss = 1.5607e-02, PNorm = 65.3839, GNorm = 0.2920, lr_0 = 6.1525e-04
Loss = 5.8464e-03, PNorm = 65.3973, GNorm = 0.0468, lr_0 = 6.1054e-04
Validation auc = 0.879896
Epoch 8
Loss = 1.0099e-02, PNorm = 65.4334, GNorm = 0.0219, lr_0 = 6.0540e-04
Loss = 1.6616e-03, PNorm = 65.4741, GNorm = 0.0117, lr_0 = 6.0077e-04
Loss = 5.7738e-03, PNorm = 65.4965, GNorm = 0.0001, lr_0 = 5.9617e-04
Loss = 7.8105e-03, PNorm = 65.5180, GNorm = 0.0586, lr_0 = 5.9160e-04
Loss = 5.7655e-03, PNorm = 65.5383, GNorm = 0.0110, lr_0 = 5.8707e-04
Loss = 1.2768e-03, PNorm = 65.5492, GNorm = 0.0138, lr_0 = 5.8258e-04
Loss = 1.3846e-03, PNorm = 65.5623, GNorm = 0.0280, lr_0 = 5.7812e-04
Loss = 3.7732e-03, PNorm = 65.5759, GNorm = 0.2616, lr_0 = 5.7369e-04
Loss = 6.0708e-03, PNorm = 65.5873, GNorm = 0.0563, lr_0 = 5.6930e-04
Loss = 4.9747e-03, PNorm = 65.5998, GNorm = 0.1282, lr_0 = 5.6494e-04
Loss = 7.1205e-03, PNorm = 65.6126, GNorm = 0.0034, lr_0 = 5.6062e-04
Validation auc = 0.879959
Epoch 9
Loss = 1.3548e-03, PNorm = 65.6312, GNorm = 0.0093, lr_0 = 5.5590e-04
Loss = 1.6607e-03, PNorm = 65.6473, GNorm = 0.0939, lr_0 = 5.5164e-04
Loss = 5.3046e-03, PNorm = 65.6683, GNorm = 0.0117, lr_0 = 5.4742e-04
Loss = 1.3787e-03, PNorm = 65.6889, GNorm = 0.0221, lr_0 = 5.4323e-04
Loss = 7.7876e-04, PNorm = 65.7022, GNorm = 0.0008, lr_0 = 5.3907e-04
Loss = 5.8548e-04, PNorm = 65.7111, GNorm = 0.0018, lr_0 = 5.3494e-04
Loss = 2.4505e-04, PNorm = 65.7180, GNorm = 0.0018, lr_0 = 5.3084e-04
Loss = 1.3823e-02, PNorm = 65.7164, GNorm = 0.1095, lr_0 = 5.2678e-04
Loss = 8.5889e-04, PNorm = 65.7280, GNorm = 0.1429, lr_0 = 5.2275e-04
Loss = 1.2732e-03, PNorm = 65.7406, GNorm = 0.0121, lr_0 = 5.1874e-04
Loss = 2.3772e-03, PNorm = 65.7522, GNorm = 0.1498, lr_0 = 5.1477e-04
Validation auc = 0.880706
Epoch 10
Loss = 1.0353e-03, PNorm = 65.7631, GNorm = 0.0002, lr_0 = 5.1083e-04
Loss = 3.8269e-03, PNorm = 65.7724, GNorm = 0.0629, lr_0 = 5.0692e-04
Loss = 3.2225e-03, PNorm = 65.7841, GNorm = 0.0026, lr_0 = 5.0304e-04
Loss = 5.1441e-04, PNorm = 65.7961, GNorm = 0.0130, lr_0 = 4.9919e-04
Loss = 1.0862e-03, PNorm = 65.8062, GNorm = 0.0124, lr_0 = 4.9537e-04
Loss = 3.3085e-04, PNorm = 65.8154, GNorm = 0.0001, lr_0 = 4.9157e-04
Loss = 1.3548e-03, PNorm = 65.8234, GNorm = 0.0003, lr_0 = 4.8781e-04
Loss = 1.1577e-03, PNorm = 65.8292, GNorm = 0.0012, lr_0 = 4.8408e-04
Loss = 1.6695e-04, PNorm = 65.8331, GNorm = 0.0027, lr_0 = 4.8037e-04
Loss = 7.5285e-05, PNorm = 65.8358, GNorm = 0.0006, lr_0 = 4.7669e-04
Loss = 9.3034e-03, PNorm = 65.8378, GNorm = 0.0000, lr_0 = 4.7304e-04
Loss = 2.3651e-04, PNorm = 65.8382, GNorm = 0.0100, lr_0 = 4.7268e-04
Validation auc = 0.877148
Epoch 11
Loss = 2.8015e-04, PNorm = 65.8468, GNorm = 0.0004, lr_0 = 4.6906e-04
Loss = 1.3824e-03, PNorm = 65.8559, GNorm = 0.0024, lr_0 = 4.6547e-04
Loss = 3.4999e-03, PNorm = 65.8633, GNorm = 0.0076, lr_0 = 4.6191e-04
Loss = 1.7689e-04, PNorm = 65.8707, GNorm = 0.0000, lr_0 = 4.5837e-04
Loss = 3.7409e-04, PNorm = 65.8760, GNorm = 0.0275, lr_0 = 4.5486e-04
Loss = 1.6928e-03, PNorm = 65.8813, GNorm = 0.0011, lr_0 = 4.5138e-04
Loss = 3.3712e-05, PNorm = 65.8851, GNorm = 0.0047, lr_0 = 4.4792e-04
Loss = 7.3505e-04, PNorm = 65.8908, GNorm = 0.0288, lr_0 = 4.4449e-04
Loss = 6.4336e-04, PNorm = 65.8984, GNorm = 0.0027, lr_0 = 4.4109e-04
Loss = 3.6341e-03, PNorm = 65.9034, GNorm = 0.0362, lr_0 = 4.3771e-04
Validation auc = 0.876424
Epoch 12
Loss = 2.0488e-02, PNorm = 65.9055, GNorm = 0.0001, lr_0 = 4.3403e-04
Loss = 1.7932e-03, PNorm = 65.9091, GNorm = 0.0020, lr_0 = 4.3070e-04
Loss = 1.0912e-03, PNorm = 65.9164, GNorm = 0.0003, lr_0 = 4.2741e-04
Loss = 1.1580e-03, PNorm = 65.9297, GNorm = 0.0003, lr_0 = 4.2413e-04
Loss = 4.5817e-03, PNorm = 65.9395, GNorm = 0.0000, lr_0 = 4.2089e-04
Loss = 3.0181e-03, PNorm = 65.9505, GNorm = 0.0072, lr_0 = 4.1766e-04
Loss = 3.6189e-03, PNorm = 65.9660, GNorm = 0.0133, lr_0 = 4.1447e-04
Loss = 3.1488e-03, PNorm = 65.9768, GNorm = 0.3534, lr_0 = 4.1129e-04
Loss = 2.6761e-03, PNorm = 65.9869, GNorm = 0.0066, lr_0 = 4.0814e-04
Loss = 1.6332e-02, PNorm = 65.9956, GNorm = 0.9390, lr_0 = 4.0502e-04
Loss = 9.1100e-03, PNorm = 66.0033, GNorm = 0.1073, lr_0 = 4.0192e-04
Validation auc = 0.876178
Epoch 13
Loss = 1.3609e-04, PNorm = 66.0156, GNorm = 0.0044, lr_0 = 3.9884e-04
Loss = 1.7588e-03, PNorm = 66.0297, GNorm = 0.0076, lr_0 = 3.9579e-04
Loss = 9.7193e-03, PNorm = 66.0441, GNorm = 0.0071, lr_0 = 3.9276e-04
Loss = 6.7959e-03, PNorm = 66.0600, GNorm = 0.2985, lr_0 = 3.8975e-04
Loss = 7.4818e-04, PNorm = 66.0709, GNorm = 0.0371, lr_0 = 3.8677e-04
Loss = 6.4922e-04, PNorm = 66.0782, GNorm = 0.0039, lr_0 = 3.8381e-04
Loss = 8.3134e-04, PNorm = 66.0864, GNorm = 0.0001, lr_0 = 3.8087e-04
Loss = 7.9749e-03, PNorm = 66.0907, GNorm = 0.1622, lr_0 = 3.7795e-04
Loss = 5.4092e-03, PNorm = 66.0987, GNorm = 0.0172, lr_0 = 3.7506e-04
Loss = 1.1907e-03, PNorm = 66.1121, GNorm = 0.0270, lr_0 = 3.7219e-04
Loss = 4.7675e-04, PNorm = 66.1239, GNorm = 0.0018, lr_0 = 3.6934e-04
Validation auc = 0.875452
Epoch 14
Loss = 5.1241e-04, PNorm = 66.1317, GNorm = 0.0009, lr_0 = 3.6623e-04
Loss = 5.5172e-03, PNorm = 66.1416, GNorm = 0.0012, lr_0 = 3.6342e-04
Loss = 1.4884e-03, PNorm = 66.1497, GNorm = 0.0008, lr_0 = 3.6064e-04
Loss = 2.9162e-03, PNorm = 66.1550, GNorm = 0.0842, lr_0 = 3.5788e-04
Loss = 6.0647e-04, PNorm = 66.1622, GNorm = 0.0003, lr_0 = 3.5514e-04
Loss = 1.4778e-03, PNorm = 66.1683, GNorm = 0.0094, lr_0 = 3.5242e-04
Loss = 5.7922e-04, PNorm = 66.1726, GNorm = 0.0011, lr_0 = 3.4972e-04
Loss = 1.5206e-03, PNorm = 66.1770, GNorm = 0.0032, lr_0 = 3.4705e-04
Loss = 4.8872e-04, PNorm = 66.1827, GNorm = 0.0112, lr_0 = 3.4439e-04
Loss = 3.2207e-04, PNorm = 66.1891, GNorm = 0.0019, lr_0 = 3.4175e-04
Validation auc = 0.875488
Epoch 15
Loss = 9.4056e-04, PNorm = 66.1936, GNorm = 0.0146, lr_0 = 3.3888e-04
Loss = 5.9407e-03, PNorm = 66.1962, GNorm = 0.0031, lr_0 = 3.3628e-04
Loss = 5.2060e-04, PNorm = 66.1995, GNorm = 0.0528, lr_0 = 3.3371e-04
Loss = 7.6282e-04, PNorm = 66.2040, GNorm = 0.0021, lr_0 = 3.3115e-04
Loss = 3.0212e-03, PNorm = 66.2073, GNorm = 0.0025, lr_0 = 3.2862e-04
Loss = 2.8790e-03, PNorm = 66.2091, GNorm = 0.0008, lr_0 = 3.2610e-04
Loss = 1.1427e-03, PNorm = 66.2120, GNorm = 0.0003, lr_0 = 3.2360e-04
Loss = 4.3657e-04, PNorm = 66.2157, GNorm = 0.0048, lr_0 = 3.2113e-04
Loss = 7.4105e-04, PNorm = 66.2218, GNorm = 0.0021, lr_0 = 3.1867e-04
Loss = 9.4777e-04, PNorm = 66.2271, GNorm = 0.0000, lr_0 = 3.1623e-04
Loss = 3.5916e-05, PNorm = 66.2306, GNorm = 0.0040, lr_0 = 3.1381e-04
Validation auc = 0.877661
Epoch 16
Loss = 2.2314e-05, PNorm = 66.2323, GNorm = 0.0011, lr_0 = 3.1140e-04
Loss = 4.5869e-05, PNorm = 66.2332, GNorm = 0.0035, lr_0 = 3.0902e-04
Loss = 1.7152e-04, PNorm = 66.2346, GNorm = 0.0000, lr_0 = 3.0665e-04
Loss = 1.4553e-04, PNorm = 66.2361, GNorm = 0.0097, lr_0 = 3.0431e-04
Loss = 3.1238e-04, PNorm = 66.2375, GNorm = 0.0025, lr_0 = 3.0198e-04
Loss = 2.8094e-03, PNorm = 66.2401, GNorm = 0.0013, lr_0 = 2.9966e-04
Loss = 2.8051e-03, PNorm = 66.2471, GNorm = 0.0000, lr_0 = 2.9737e-04
Loss = 2.5095e-03, PNorm = 66.2532, GNorm = 0.3178, lr_0 = 2.9509e-04
Loss = 1.6067e-03, PNorm = 66.2624, GNorm = 0.0233, lr_0 = 2.9283e-04
Loss = 5.6000e-03, PNorm = 66.2670, GNorm = 0.0050, lr_0 = 2.9059e-04
Loss = 9.8322e-04, PNorm = 66.2684, GNorm = 0.0003, lr_0 = 2.8837e-04
Validation auc = 0.874722
Epoch 17
Loss = 7.5025e-03, PNorm = 66.2717, GNorm = 0.0000, lr_0 = 2.8594e-04
Loss = 1.1843e-03, PNorm = 66.2746, GNorm = 0.0084, lr_0 = 2.8375e-04
Loss = 1.9358e-04, PNorm = 66.2768, GNorm = 0.0141, lr_0 = 2.8158e-04
Loss = 3.4188e-05, PNorm = 66.2784, GNorm = 0.0000, lr_0 = 2.7942e-04
Loss = 4.1274e-03, PNorm = 66.2771, GNorm = 0.0005, lr_0 = 2.7728e-04
Loss = 2.3932e-04, PNorm = 66.2801, GNorm = 0.0039, lr_0 = 2.7516e-04
Loss = 1.0900e-04, PNorm = 66.2836, GNorm = 0.0044, lr_0 = 2.7305e-04
Loss = 3.2456e-04, PNorm = 66.2865, GNorm = 0.0036, lr_0 = 2.7096e-04
Loss = 2.0461e-04, PNorm = 66.2895, GNorm = 0.0004, lr_0 = 2.6889e-04
Loss = 3.9961e-03, PNorm = 66.2913, GNorm = 0.0104, lr_0 = 2.6683e-04
Loss = 1.1101e-03, PNorm = 66.2941, GNorm = 0.0050, lr_0 = 2.6479e-04
Validation auc = 0.871911
Epoch 18
Loss = 2.2547e-04, PNorm = 66.2977, GNorm = 0.0212, lr_0 = 2.6256e-04
Loss = 6.6571e-05, PNorm = 66.3003, GNorm = 0.0000, lr_0 = 2.6055e-04
Loss = 8.4255e-05, PNorm = 66.3018, GNorm = 0.0002, lr_0 = 2.5855e-04
Loss = 1.1779e-03, PNorm = 66.3031, GNorm = 0.0001, lr_0 = 2.5657e-04
Loss = 2.1336e-03, PNorm = 66.3038, GNorm = 0.4603, lr_0 = 2.5461e-04
Loss = 6.4295e-04, PNorm = 66.3047, GNorm = 0.0016, lr_0 = 2.5266e-04
Loss = 4.3391e-03, PNorm = 66.3069, GNorm = 0.0000, lr_0 = 2.5073e-04
Loss = 1.6486e-03, PNorm = 66.3116, GNorm = 0.0013, lr_0 = 2.4881e-04
Loss = 1.9062e-03, PNorm = 66.3164, GNorm = 0.0015, lr_0 = 2.4690e-04
Loss = 1.6381e-03, PNorm = 66.3197, GNorm = 0.2513, lr_0 = 2.4501e-04
Validation auc = 0.874874
Epoch 19
Loss = 8.5428e-06, PNorm = 66.3245, GNorm = 0.0003, lr_0 = 2.4314e-04
Loss = 9.1186e-04, PNorm = 66.3296, GNorm = 0.0016, lr_0 = 2.4127e-04
Loss = 2.4144e-03, PNorm = 66.3328, GNorm = 0.0009, lr_0 = 2.3943e-04
Loss = 1.1475e-03, PNorm = 66.3349, GNorm = 0.0004, lr_0 = 2.3759e-04
Loss = 1.1206e-02, PNorm = 66.3345, GNorm = 0.0003, lr_0 = 2.3577e-04
Loss = 9.9685e-05, PNorm = 66.3367, GNorm = 0.0019, lr_0 = 2.3397e-04
Loss = 4.5109e-04, PNorm = 66.3411, GNorm = 0.0447, lr_0 = 2.3218e-04
Loss = 3.9972e-03, PNorm = 66.3456, GNorm = 0.0053, lr_0 = 2.3040e-04
Loss = 3.5849e-03, PNorm = 66.3517, GNorm = 0.0071, lr_0 = 2.2864e-04
Loss = 1.6382e-03, PNorm = 66.3580, GNorm = 0.0017, lr_0 = 2.2689e-04
Loss = 1.0069e-03, PNorm = 66.3635, GNorm = 0.0004, lr_0 = 2.2515e-04
Validation auc = 0.876694
Epoch 20
Loss = 4.8212e-04, PNorm = 66.3674, GNorm = 0.0006, lr_0 = 2.2325e-04
Loss = 1.0291e-04, PNorm = 66.3699, GNorm = 0.0001, lr_0 = 2.2154e-04
Loss = 1.1603e-03, PNorm = 66.3719, GNorm = 0.0039, lr_0 = 2.1985e-04
Loss = 1.6434e-03, PNorm = 66.3744, GNorm = 0.0024, lr_0 = 2.1816e-04
Loss = 1.0743e-03, PNorm = 66.3769, GNorm = 0.0000, lr_0 = 2.1649e-04
Loss = 2.5869e-03, PNorm = 66.3784, GNorm = 0.2488, lr_0 = 2.1484e-04
Loss = 4.1723e-04, PNorm = 66.3799, GNorm = 0.0025, lr_0 = 2.1319e-04
Loss = 2.7750e-04, PNorm = 66.3826, GNorm = 0.0015, lr_0 = 2.1156e-04
Loss = 9.0724e-05, PNorm = 66.3841, GNorm = 0.0234, lr_0 = 2.0994e-04
Loss = 2.8012e-04, PNorm = 66.3854, GNorm = 0.0002, lr_0 = 2.0833e-04
Loss = 1.8159e-04, PNorm = 66.3864, GNorm = 0.0077, lr_0 = 2.0674e-04
Validation auc = 0.877047
Epoch 21
Loss = 2.1653e-05, PNorm = 66.3873, GNorm = 0.0001, lr_0 = 2.0500e-04
Loss = 1.5573e-04, PNorm = 66.3881, GNorm = 0.0026, lr_0 = 2.0343e-04
Loss = 3.6370e-04, PNorm = 66.3891, GNorm = 0.0009, lr_0 = 2.0187e-04
Loss = 2.4591e-04, PNorm = 66.3910, GNorm = 0.0001, lr_0 = 2.0033e-04
Loss = 1.2400e-04, PNorm = 66.3931, GNorm = 0.0007, lr_0 = 1.9879e-04
Loss = 5.3677e-04, PNorm = 66.3944, GNorm = 0.0007, lr_0 = 1.9727e-04
Loss = 1.2539e-03, PNorm = 66.3970, GNorm = 0.0001, lr_0 = 1.9576e-04
Loss = 4.0670e-03, PNorm = 66.3990, GNorm = 0.0015, lr_0 = 1.9426e-04
Loss = 4.0409e-04, PNorm = 66.4012, GNorm = 0.0010, lr_0 = 1.9277e-04
Loss = 5.4451e-04, PNorm = 66.4029, GNorm = 0.0000, lr_0 = 1.9130e-04
Loss = 1.3204e-03, PNorm = 66.4045, GNorm = 0.0003, lr_0 = 1.8983e-04
Validation auc = 0.877667
Epoch 22
Loss = 2.0705e-04, PNorm = 66.4059, GNorm = 0.0009, lr_0 = 1.8838e-04
Loss = 1.1682e-03, PNorm = 66.4076, GNorm = 0.0003, lr_0 = 1.8694e-04
Loss = 1.9777e-03, PNorm = 66.4093, GNorm = 0.0003, lr_0 = 1.8551e-04
Loss = 1.9350e-05, PNorm = 66.4102, GNorm = 0.0003, lr_0 = 1.8409e-04
Loss = 6.6924e-05, PNorm = 66.4113, GNorm = 0.0002, lr_0 = 1.8268e-04
Loss = 2.1876e-03, PNorm = 66.4127, GNorm = 0.0028, lr_0 = 1.8128e-04
Loss = 5.7374e-04, PNorm = 66.4155, GNorm = 0.0012, lr_0 = 1.7989e-04
Loss = 1.5142e-03, PNorm = 66.4184, GNorm = 0.0251, lr_0 = 1.7851e-04
Loss = 2.5216e-04, PNorm = 66.4206, GNorm = 0.0000, lr_0 = 1.7715e-04
Loss = 5.7393e-04, PNorm = 66.4220, GNorm = 0.0001, lr_0 = 1.7579e-04
Validation auc = 0.876088
Epoch 23
Loss = 6.4734e-06, PNorm = 66.4232, GNorm = 0.0000, lr_0 = 1.7431e-04
Loss = 4.7625e-05, PNorm = 66.4243, GNorm = 0.0001, lr_0 = 1.7298e-04
Loss = 4.5717e-05, PNorm = 66.4253, GNorm = 0.0000, lr_0 = 1.7165e-04
Loss = 1.2911e-04, PNorm = 66.4260, GNorm = 0.0000, lr_0 = 1.7034e-04
Loss = 2.5920e-03, PNorm = 66.4264, GNorm = 0.0001, lr_0 = 1.6903e-04
Loss = 8.5552e-04, PNorm = 66.4272, GNorm = 0.0009, lr_0 = 1.6774e-04
Loss = 9.0529e-04, PNorm = 66.4288, GNorm = 0.0000, lr_0 = 1.6645e-04
Loss = 4.6172e-05, PNorm = 66.4301, GNorm = 0.0000, lr_0 = 1.6518e-04
Loss = 7.3159e-05, PNorm = 66.4311, GNorm = 0.0073, lr_0 = 1.6392e-04
Loss = 5.3306e-05, PNorm = 66.4318, GNorm = 0.0000, lr_0 = 1.6266e-04
Loss = 6.5929e-05, PNorm = 66.4325, GNorm = 0.0002, lr_0 = 1.6142e-04
Validation auc = 0.876811
Epoch 24
Loss = 2.5539e-03, PNorm = 66.4338, GNorm = 0.0024, lr_0 = 1.6006e-04
Loss = 1.4124e-03, PNorm = 66.4348, GNorm = 0.0007, lr_0 = 1.5883e-04
Loss = 1.7278e-04, PNorm = 66.4361, GNorm = 0.0002, lr_0 = 1.5761e-04
Loss = 3.6911e-04, PNorm = 66.4374, GNorm = 0.0024, lr_0 = 1.5641e-04
Loss = 2.8289e-03, PNorm = 66.4391, GNorm = 0.0004, lr_0 = 1.5521e-04
Loss = 2.4219e-03, PNorm = 66.4416, GNorm = 0.0002, lr_0 = 1.5402e-04
Loss = 3.8532e-03, PNorm = 66.4442, GNorm = 0.2019, lr_0 = 1.5284e-04
Loss = 1.0050e-04, PNorm = 66.4451, GNorm = 0.0023, lr_0 = 1.5167e-04
Loss = 1.3407e-03, PNorm = 66.4459, GNorm = 0.0010, lr_0 = 1.5051e-04
Loss = 9.4552e-04, PNorm = 66.4468, GNorm = 0.0054, lr_0 = 1.4936e-04
Loss = 1.5149e-04, PNorm = 66.4483, GNorm = 0.0045, lr_0 = 1.4822e-04
Validation auc = 0.876001
Epoch 25
Loss = 5.4885e-05, PNorm = 66.4492, GNorm = 0.0000, lr_0 = 1.4708e-04
Loss = 8.1732e-04, PNorm = 66.4494, GNorm = 0.0010, lr_0 = 1.4595e-04
Loss = 1.2706e-04, PNorm = 66.4501, GNorm = 0.0002, lr_0 = 1.4484e-04
Loss = 8.3179e-04, PNorm = 66.4518, GNorm = 0.0002, lr_0 = 1.4373e-04
Loss = 2.1164e-04, PNorm = 66.4530, GNorm = 0.0000, lr_0 = 1.4263e-04
Loss = 8.1989e-04, PNorm = 66.4541, GNorm = 0.0002, lr_0 = 1.4154e-04
Loss = 5.4206e-04, PNorm = 66.4557, GNorm = 0.0198, lr_0 = 1.4045e-04
Loss = 6.9469e-05, PNorm = 66.4569, GNorm = 0.0016, lr_0 = 1.3938e-04
Loss = 2.4446e-04, PNorm = 66.4580, GNorm = 0.0446, lr_0 = 1.3831e-04
Loss = 1.6849e-04, PNorm = 66.4590, GNorm = 0.0017, lr_0 = 1.3725e-04
Loss = 3.5639e-03, PNorm = 66.4605, GNorm = 0.0000, lr_0 = 1.3620e-04
Loss = 1.4207e-05, PNorm = 66.4606, GNorm = 0.0006, lr_0 = 1.3610e-04
Validation auc = 0.876018
Epoch 26
Loss = 3.7508e-04, PNorm = 66.4621, GNorm = 0.0157, lr_0 = 1.3505e-04
Loss = 2.9928e-03, PNorm = 66.4640, GNorm = 0.0041, lr_0 = 1.3402e-04
Loss = 2.1998e-03, PNorm = 66.4654, GNorm = 0.0042, lr_0 = 1.3299e-04
Loss = 1.2963e-03, PNorm = 66.4663, GNorm = 0.0112, lr_0 = 1.3198e-04
Loss = 4.0942e-05, PNorm = 66.4670, GNorm = 0.0008, lr_0 = 1.3097e-04
Loss = 2.2980e-05, PNorm = 66.4674, GNorm = 0.0000, lr_0 = 1.2996e-04
Loss = 3.3920e-05, PNorm = 66.4678, GNorm = 0.0000, lr_0 = 1.2897e-04
Loss = 2.0220e-04, PNorm = 66.4682, GNorm = 0.0002, lr_0 = 1.2798e-04
Loss = 2.5825e-05, PNorm = 66.4688, GNorm = 0.0009, lr_0 = 1.2700e-04
Loss = 8.4561e-04, PNorm = 66.4690, GNorm = 0.0212, lr_0 = 1.2603e-04
Validation auc = 0.874009
Epoch 27
Loss = 5.5648e-04, PNorm = 66.4696, GNorm = 0.0007, lr_0 = 1.2497e-04
Loss = 1.1909e-04, PNorm = 66.4709, GNorm = 0.0381, lr_0 = 1.2401e-04
Loss = 1.3487e-04, PNorm = 66.4724, GNorm = 0.0172, lr_0 = 1.2306e-04
Loss = 3.9971e-05, PNorm = 66.4733, GNorm = 0.0014, lr_0 = 1.2212e-04
Loss = 6.9919e-05, PNorm = 66.4741, GNorm = 0.0061, lr_0 = 1.2118e-04
Loss = 1.0953e-03, PNorm = 66.4747, GNorm = 0.0001, lr_0 = 1.2026e-04
Loss = 1.5504e-04, PNorm = 66.4753, GNorm = 0.0001, lr_0 = 1.1934e-04
Loss = 7.7260e-04, PNorm = 66.4759, GNorm = 0.0002, lr_0 = 1.1842e-04
Loss = 1.5399e-04, PNorm = 66.4765, GNorm = 0.0000, lr_0 = 1.1752e-04
Loss = 1.0002e-04, PNorm = 66.4772, GNorm = 0.0000, lr_0 = 1.1662e-04
Loss = 5.7219e-04, PNorm = 66.4794, GNorm = 0.0005, lr_0 = 1.1572e-04
Validation auc = 0.872324
Epoch 28
Loss = 7.2771e-05, PNorm = 66.4805, GNorm = 0.0145, lr_0 = 1.1475e-04
Loss = 6.8921e-05, PNorm = 66.4817, GNorm = 0.0000, lr_0 = 1.1387e-04
Loss = 1.1049e-03, PNorm = 66.4825, GNorm = 0.0002, lr_0 = 1.1300e-04
Loss = 2.3524e-05, PNorm = 66.4830, GNorm = 0.0010, lr_0 = 1.1213e-04
Loss = 1.6687e-05, PNorm = 66.4835, GNorm = 0.0002, lr_0 = 1.1127e-04
Loss = 7.4017e-04, PNorm = 66.4841, GNorm = 0.0069, lr_0 = 1.1042e-04
Loss = 4.8713e-04, PNorm = 66.4853, GNorm = 0.0000, lr_0 = 1.0958e-04
Loss = 4.8276e-05, PNorm = 66.4861, GNorm = 0.0017, lr_0 = 1.0874e-04
Loss = 1.4393e-04, PNorm = 66.4868, GNorm = 0.0078, lr_0 = 1.0791e-04
Loss = 9.2990e-04, PNorm = 66.4872, GNorm = 0.0018, lr_0 = 1.0708e-04
Loss = 2.9865e-03, PNorm = 66.4870, GNorm = 0.0003, lr_0 = 1.0626e-04
Validation auc = 0.872896
Epoch 29
Loss = 8.0371e-04, PNorm = 66.4879, GNorm = 0.0005, lr_0 = 1.0545e-04
Loss = 9.9964e-04, PNorm = 66.4897, GNorm = 0.0001, lr_0 = 1.0464e-04
Loss = 1.8571e-05, PNorm = 66.4909, GNorm = 0.0001, lr_0 = 1.0384e-04
Loss = 2.5388e-05, PNorm = 66.4916, GNorm = 0.0000, lr_0 = 1.0304e-04
Loss = 6.0866e-05, PNorm = 66.4921, GNorm = 0.0001, lr_0 = 1.0225e-04
Loss = 8.1422e-04, PNorm = 66.4926, GNorm = 0.0000, lr_0 = 1.0147e-04
Loss = 1.5931e-04, PNorm = 66.4934, GNorm = 0.0019, lr_0 = 1.0069e-04
Loss = 4.9715e-04, PNorm = 66.4942, GNorm = 0.0018, lr_0 = 1.0000e-04
Loss = 7.0117e-05, PNorm = 66.4950, GNorm = 0.0011, lr_0 = 1.0000e-04
Loss = 5.5524e-04, PNorm = 66.4959, GNorm = 0.0000, lr_0 = 1.0000e-04
Validation auc = 0.873897
Model 0 best validation auc = 0.903635 on epoch 0
Loading pretrained parameter "ffn.1.weight".
Loading pretrained parameter "ffn.1.bias".
Loading pretrained parameter "ffn.4.weight".
Loading pretrained parameter "ffn.4.bias".
Loading pretrained parameter "ffn.7.weight".
Loading pretrained parameter "ffn.7.bias".
Loading pretrained parameter "ffn.10.weight".
Loading pretrained parameter "ffn.10.bias".
Model 0 test auc = 0.524265
Ensemble test auc = 0.524265
Fold 1
Splitting data with seed 1
Total scaffolds = 4,180 | train scaffolds = 3,198 | val scaffolds = 502 | test scaffolds = 480
Label averages per scaffold, in decreasing order of scaffold frequency,capped at 10 scaffolds and 20 labels:
Scaffold 0
Task 0: count = 468 | target average = 0.019231
Task 1: count = 468 | target average = 0.014957


Scaffold 1
Task 0: count = 383 | target average = 0.007833
Task 1: count = 383 | target average = 0.013055


Scaffold 2
Task 0: count = 44 | target average = 0.000000
Task 1: count = 44 | target average = 0.000000


Scaffold 3
Task 0: count = 35 | target average = 0.000000
Task 1: count = 35 | target average = 0.000000


Scaffold 4
Task 0: count = 34 | target average = 0.000000
Task 1: count = 34 | target average = 0.000000


Scaffold 5
Task 0: count = 30 | target average = 0.000000
Task 1: count = 30 | target average = 0.000000


Scaffold 6
Task 0: count = 28 | target average = 0.000000
Task 1: count = 28 | target average = 0.000000


Scaffold 7
Task 0: count = 27 | target average = 0.074074
Task 1: count = 27 | target average = 0.074074


Scaffold 8
Task 0: count = 25 | target average = 0.040000
Task 1: count = 25 | target average = 0.000000


Scaffold 9
Task 0: count = 23 | target average = 0.000000
Task 1: count = 23 | target average = 0.000000


Class sizes
hit_inh 0: 97.79%, 1: 2.21%
hit_kill 0: 98.75%, 1: 1.25%
Total size = 6,708 | train size = 5,366 | val size = 670 | test size = 672
Building model 0
MoleculeModel(
  (sigmoid): Sigmoid()
  (encoder): MPN()
  (ffn): Sequential(
    (0): Dropout(p=0.2, inplace=False)
    (1): Linear(in_features=2048, out_features=1000, bias=True)
    (2): ReLU()
    (3): Dropout(p=0.2, inplace=False)
    (4): Linear(in_features=1000, out_features=1000, bias=True)
    (5): ReLU()
    (6): Dropout(p=0.2, inplace=False)
    (7): Linear(in_features=1000, out_features=1000, bias=True)
    (8): ReLU()
    (9): Dropout(p=0.2, inplace=False)
    (10): Linear(in_features=1000, out_features=2, bias=True)
  )
)
Number of parameters = 4,053,002
Epoch 0
Loss = 4.3884e-01, PNorm = 57.8837, GNorm = 0.6344, lr_0 = 1.4626e-04
Loss = 1.2178e-01, PNorm = 57.9389, GNorm = 0.3500, lr_0 = 1.8832e-04
Loss = 1.2498e-01, PNorm = 57.9661, GNorm = 0.3218, lr_0 = 2.3037e-04
Loss = 1.3998e-01, PNorm = 57.9605, GNorm = 0.4708, lr_0 = 2.7243e-04
Loss = 9.4310e-02, PNorm = 57.9621, GNorm = 0.1750, lr_0 = 3.1449e-04
Loss = 1.0755e-01, PNorm = 57.9942, GNorm = 0.2160, lr_0 = 3.5654e-04
Loss = 1.2213e-01, PNorm = 58.0296, GNorm = 0.2747, lr_0 = 3.9860e-04
Loss = 8.5446e-02, PNorm = 58.0855, GNorm = 0.1240, lr_0 = 4.4065e-04
Loss = 7.4835e-02, PNorm = 58.1605, GNorm = 0.1099, lr_0 = 4.8271e-04
Loss = 5.2455e-02, PNorm = 58.2338, GNorm = 0.1068, lr_0 = 5.2477e-04
Validation auc = 0.797031
Epoch 1
Loss = 2.4062e-02, PNorm = 58.3053, GNorm = 0.1010, lr_0 = 5.7103e-04
Loss = 5.9251e-02, PNorm = 58.3900, GNorm = 0.1853, lr_0 = 6.1308e-04
Loss = 6.9344e-02, PNorm = 58.4860, GNorm = 0.2714, lr_0 = 6.5514e-04
Loss = 5.6889e-02, PNorm = 58.6146, GNorm = 0.2110, lr_0 = 6.9720e-04
Loss = 3.7594e-02, PNorm = 58.7829, GNorm = 0.3625, lr_0 = 7.3925e-04
Loss = 9.6965e-02, PNorm = 58.8975, GNorm = 0.2862, lr_0 = 7.8131e-04
Loss = 7.3096e-02, PNorm = 59.1758, GNorm = 0.5063, lr_0 = 8.2336e-04
Loss = 4.8320e-02, PNorm = 59.3963, GNorm = 0.4978, lr_0 = 8.6542e-04
Loss = 4.6427e-02, PNorm = 59.6222, GNorm = 0.1080, lr_0 = 9.0748e-04
Loss = 8.2174e-02, PNorm = 59.8196, GNorm = 0.1959, lr_0 = 9.4953e-04
Loss = 8.9677e-02, PNorm = 60.1083, GNorm = 0.1769, lr_0 = 9.9159e-04
Validation auc = 0.795546
Epoch 2
Loss = 2.4622e-02, PNorm = 60.4723, GNorm = 0.0199, lr_0 = 9.9311e-04
Loss = 2.1324e-02, PNorm = 60.7056, GNorm = 0.0775, lr_0 = 9.8550e-04
Loss = 1.1931e-02, PNorm = 60.8546, GNorm = 0.2566, lr_0 = 9.7796e-04
Loss = 3.6043e-02, PNorm = 60.9783, GNorm = 0.2297, lr_0 = 9.7047e-04
Loss = 3.2789e-02, PNorm = 61.1070, GNorm = 0.2639, lr_0 = 9.6304e-04
Loss = 3.5066e-02, PNorm = 61.2362, GNorm = 0.3718, lr_0 = 9.5567e-04
Loss = 4.2847e-02, PNorm = 61.4273, GNorm = 0.0437, lr_0 = 9.4835e-04
Loss = 1.8780e-02, PNorm = 61.6374, GNorm = 0.3743, lr_0 = 9.4109e-04
Loss = 5.2948e-02, PNorm = 61.7544, GNorm = 0.3889, lr_0 = 9.3389e-04
Loss = 6.1994e-02, PNorm = 61.9592, GNorm = 0.2262, lr_0 = 9.2674e-04
Loss = 4.2546e-02, PNorm = 62.2332, GNorm = 0.2895, lr_0 = 9.1964e-04
Validation auc = 0.771748
Epoch 3
Loss = 2.6638e-02, PNorm = 62.4131, GNorm = 0.1145, lr_0 = 9.1190e-04
Loss = 2.4191e-02, PNorm = 62.6243, GNorm = 0.0888, lr_0 = 9.0492e-04
Loss = 2.4687e-02, PNorm = 62.7593, GNorm = 0.3132, lr_0 = 8.9799e-04
Loss = 1.2251e-02, PNorm = 62.8445, GNorm = 0.2383, lr_0 = 8.9111e-04
Loss = 1.1874e-02, PNorm = 62.9238, GNorm = 0.2462, lr_0 = 8.8429e-04
Loss = 3.3791e-02, PNorm = 62.9896, GNorm = 0.4524, lr_0 = 8.7752e-04
Loss = 2.1327e-02, PNorm = 63.0776, GNorm = 0.0268, lr_0 = 8.7080e-04
Loss = 3.6736e-02, PNorm = 63.1808, GNorm = 0.3708, lr_0 = 8.6414e-04
Loss = 9.7974e-03, PNorm = 63.2531, GNorm = 0.0575, lr_0 = 8.5752e-04
Loss = 2.7210e-02, PNorm = 63.3379, GNorm = 0.2256, lr_0 = 8.5095e-04
Validation auc = 0.779767
Epoch 4
Loss = 2.8966e-03, PNorm = 63.4540, GNorm = 0.0499, lr_0 = 8.4444e-04
Loss = 2.7219e-02, PNorm = 63.5492, GNorm = 0.2583, lr_0 = 8.3797e-04
Loss = 4.0840e-03, PNorm = 63.6174, GNorm = 0.0164, lr_0 = 8.3156e-04
Loss = 9.3278e-03, PNorm = 63.6604, GNorm = 0.0488, lr_0 = 8.2519e-04
Loss = 8.1967e-03, PNorm = 63.7076, GNorm = 0.4167, lr_0 = 8.1888e-04
Loss = 1.7508e-02, PNorm = 63.7693, GNorm = 0.4436, lr_0 = 8.1261e-04
Loss = 3.0278e-02, PNorm = 63.8348, GNorm = 0.2834, lr_0 = 8.0638e-04
Loss = 1.1503e-02, PNorm = 63.9154, GNorm = 0.0346, lr_0 = 8.0021e-04
Loss = 6.0276e-03, PNorm = 63.9908, GNorm = 0.0110, lr_0 = 7.9408e-04
Loss = 1.1877e-02, PNorm = 64.0398, GNorm = 0.3309, lr_0 = 7.8800e-04
Loss = 1.1770e-02, PNorm = 64.0833, GNorm = 0.0172, lr_0 = 7.8197e-04
Validation auc = 0.766661
Epoch 5
Loss = 2.4135e-03, PNorm = 64.1258, GNorm = 0.0016, lr_0 = 7.7539e-04
Loss = 4.5828e-03, PNorm = 64.1673, GNorm = 0.0413, lr_0 = 7.6945e-04
Loss = 2.6254e-03, PNorm = 64.2022, GNorm = 0.0005, lr_0 = 7.6356e-04
Loss = 5.9571e-03, PNorm = 64.2305, GNorm = 0.0061, lr_0 = 7.5772e-04
Loss = 4.4697e-03, PNorm = 64.2613, GNorm = 0.0009, lr_0 = 7.5191e-04
Loss = 1.0141e-02, PNorm = 64.2833, GNorm = 0.2672, lr_0 = 7.4616e-04
Loss = 8.7716e-03, PNorm = 64.3168, GNorm = 0.0246, lr_0 = 7.4044e-04
Loss = 3.6436e-03, PNorm = 64.3522, GNorm = 0.0571, lr_0 = 7.3478e-04
Loss = 5.2159e-03, PNorm = 64.3849, GNorm = 0.0076, lr_0 = 7.2915e-04
Loss = 5.8606e-03, PNorm = 64.4099, GNorm = 0.1041, lr_0 = 7.2357e-04
Loss = 9.6224e-03, PNorm = 64.4499, GNorm = 0.0194, lr_0 = 7.1803e-04
Validation auc = 0.766877
Epoch 6
Loss = 3.8403e-03, PNorm = 64.5028, GNorm = 0.2210, lr_0 = 7.1198e-04
Loss = 6.5774e-04, PNorm = 64.5354, GNorm = 0.0013, lr_0 = 7.0653e-04
Loss = 1.4175e-02, PNorm = 64.5555, GNorm = 0.2356, lr_0 = 7.0112e-04
Loss = 2.2970e-03, PNorm = 64.5826, GNorm = 0.0241, lr_0 = 6.9576e-04
Loss = 6.9901e-03, PNorm = 64.6124, GNorm = 0.1103, lr_0 = 6.9043e-04
Loss = 1.5567e-03, PNorm = 64.6468, GNorm = 0.0192, lr_0 = 6.8514e-04
Loss = 1.3815e-02, PNorm = 64.6605, GNorm = 0.0786, lr_0 = 6.7990e-04
Loss = 7.9579e-03, PNorm = 64.6846, GNorm = 0.0085, lr_0 = 6.7469e-04
Loss = 1.1745e-02, PNorm = 64.7077, GNorm = 0.0010, lr_0 = 6.6953e-04
Loss = 9.1252e-03, PNorm = 64.7296, GNorm = 0.0564, lr_0 = 6.6440e-04
Loss = 3.5581e-03, PNorm = 64.7546, GNorm = 0.0005, lr_0 = 6.5931e-04
Validation auc = 0.779172
Epoch 7
Loss = 9.4572e-04, PNorm = 64.7837, GNorm = 0.1568, lr_0 = 6.5427e-04
Loss = 5.5101e-03, PNorm = 64.8089, GNorm = 0.0201, lr_0 = 6.4926e-04
Loss = 4.3861e-03, PNorm = 64.8362, GNorm = 0.1251, lr_0 = 6.4429e-04
Loss = 1.4353e-02, PNorm = 64.8644, GNorm = 0.3371, lr_0 = 6.3935e-04
Loss = 1.3774e-02, PNorm = 64.8787, GNorm = 0.1058, lr_0 = 6.3446e-04
Loss = 3.6256e-03, PNorm = 64.9020, GNorm = 0.0107, lr_0 = 6.2960e-04
Loss = 2.4858e-03, PNorm = 64.9339, GNorm = 0.0029, lr_0 = 6.2478e-04
Loss = 4.2022e-03, PNorm = 64.9584, GNorm = 0.0101, lr_0 = 6.2000e-04
Loss = 3.9939e-03, PNorm = 64.9768, GNorm = 0.0434, lr_0 = 6.1525e-04
Loss = 2.3877e-02, PNorm = 64.9864, GNorm = 0.6508, lr_0 = 6.1054e-04
Validation auc = 0.766761
Epoch 8
Loss = 5.4432e-03, PNorm = 65.0217, GNorm = 0.0106, lr_0 = 6.0540e-04
Loss = 6.3796e-03, PNorm = 65.0623, GNorm = 0.0386, lr_0 = 6.0077e-04
Loss = 2.2516e-03, PNorm = 65.0978, GNorm = 0.0011, lr_0 = 5.9617e-04
Loss = 3.7742e-04, PNorm = 65.1185, GNorm = 0.0473, lr_0 = 5.9160e-04
Loss = 2.8497e-03, PNorm = 65.1315, GNorm = 0.0520, lr_0 = 5.8707e-04
Loss = 1.6201e-02, PNorm = 65.1432, GNorm = 0.0046, lr_0 = 5.8258e-04
Loss = 7.4034e-04, PNorm = 65.1536, GNorm = 0.0108, lr_0 = 5.7812e-04
Loss = 3.3032e-03, PNorm = 65.1700, GNorm = 0.0716, lr_0 = 5.7369e-04
Loss = 2.6092e-03, PNorm = 65.1962, GNorm = 0.0080, lr_0 = 5.6930e-04
Loss = 3.9356e-03, PNorm = 65.2204, GNorm = 0.1557, lr_0 = 5.6494e-04
Loss = 5.4905e-03, PNorm = 65.2376, GNorm = 0.0002, lr_0 = 5.6062e-04
Validation auc = 0.764400
Epoch 9
Loss = 1.0822e-03, PNorm = 65.2563, GNorm = 0.0689, lr_0 = 5.5590e-04
Loss = 2.0392e-03, PNorm = 65.2805, GNorm = 0.0022, lr_0 = 5.5164e-04
Loss = 5.3004e-03, PNorm = 65.3026, GNorm = 0.0238, lr_0 = 5.4742e-04
Loss = 9.7515e-04, PNorm = 65.3221, GNorm = 0.0185, lr_0 = 5.4323e-04
Loss = 1.5723e-04, PNorm = 65.3331, GNorm = 0.0001, lr_0 = 5.3907e-04
Loss = 8.9680e-04, PNorm = 65.3390, GNorm = 0.0144, lr_0 = 5.3494e-04
Loss = 6.1403e-03, PNorm = 65.3444, GNorm = 0.0004, lr_0 = 5.3084e-04
Loss = 1.9431e-03, PNorm = 65.3486, GNorm = 0.0010, lr_0 = 5.2678e-04
Loss = 1.8283e-03, PNorm = 65.3577, GNorm = 0.0003, lr_0 = 5.2275e-04
Loss = 7.2078e-03, PNorm = 65.3643, GNorm = 0.0385, lr_0 = 5.1874e-04
Loss = 2.2815e-03, PNorm = 65.3807, GNorm = 0.0048, lr_0 = 5.1477e-04
Validation auc = 0.769958
Epoch 10
Loss = 5.0925e-03, PNorm = 65.3879, GNorm = 0.0299, lr_0 = 5.1083e-04
Loss = 4.9415e-04, PNorm = 65.4009, GNorm = 0.0082, lr_0 = 5.0692e-04
Loss = 2.5948e-03, PNorm = 65.4130, GNorm = 0.0130, lr_0 = 5.0304e-04
Loss = 3.2118e-03, PNorm = 65.4235, GNorm = 0.0979, lr_0 = 4.9919e-04
Loss = 1.9977e-03, PNorm = 65.4326, GNorm = 0.2351, lr_0 = 4.9537e-04
Loss = 9.0486e-04, PNorm = 65.4427, GNorm = 0.0006, lr_0 = 4.9157e-04
Loss = 5.0956e-03, PNorm = 65.4580, GNorm = 0.5939, lr_0 = 4.8781e-04
Loss = 1.2283e-03, PNorm = 65.4777, GNorm = 0.0044, lr_0 = 4.8408e-04
Loss = 1.8381e-03, PNorm = 65.4924, GNorm = 0.0145, lr_0 = 4.8037e-04
Loss = 2.7328e-03, PNorm = 65.5013, GNorm = 0.0064, lr_0 = 4.7669e-04
Loss = 6.7647e-03, PNorm = 65.5062, GNorm = 0.0084, lr_0 = 4.7304e-04
Loss = 1.5674e-04, PNorm = 65.5068, GNorm = 0.0046, lr_0 = 4.7268e-04
Validation auc = 0.764990
Epoch 11
Loss = 1.9050e-03, PNorm = 65.5171, GNorm = 0.0085, lr_0 = 4.6906e-04
Loss = 7.9347e-03, PNorm = 65.5258, GNorm = 0.5203, lr_0 = 4.6547e-04
Loss = 1.4516e-03, PNorm = 65.5358, GNorm = 0.0006, lr_0 = 4.6191e-04
Loss = 5.9886e-04, PNorm = 65.5501, GNorm = 0.0011, lr_0 = 4.5837e-04
Loss = 1.2723e-02, PNorm = 65.5595, GNorm = 0.0344, lr_0 = 4.5486e-04
Loss = 2.7212e-04, PNorm = 65.5670, GNorm = 0.0018, lr_0 = 4.5138e-04
Loss = 1.7932e-03, PNorm = 65.5758, GNorm = 0.0002, lr_0 = 4.4792e-04
Loss = 9.1051e-04, PNorm = 65.5881, GNorm = 0.0011, lr_0 = 4.4449e-04
Loss = 5.6309e-03, PNorm = 65.5936, GNorm = 0.0023, lr_0 = 4.4109e-04
Loss = 5.2471e-03, PNorm = 65.6039, GNorm = 0.1114, lr_0 = 4.3771e-04
Validation auc = 0.774915
Epoch 12
Loss = 1.2558e-03, PNorm = 65.6131, GNorm = 0.0180, lr_0 = 4.3403e-04
Loss = 1.3271e-03, PNorm = 65.6183, GNorm = 0.0004, lr_0 = 4.3070e-04
Loss = 3.2988e-03, PNorm = 65.6242, GNorm = 0.0517, lr_0 = 4.2741e-04
Loss = 1.2201e-03, PNorm = 65.6329, GNorm = 0.0007, lr_0 = 4.2413e-04
Loss = 2.1752e-03, PNorm = 65.6399, GNorm = 0.0108, lr_0 = 4.2089e-04
Loss = 1.2190e-03, PNorm = 65.6461, GNorm = 0.0036, lr_0 = 4.1766e-04
Loss = 4.2604e-03, PNorm = 65.6528, GNorm = 0.0346, lr_0 = 4.1447e-04
Loss = 2.3271e-03, PNorm = 65.6611, GNorm = 0.0025, lr_0 = 4.1129e-04
Loss = 2.5995e-04, PNorm = 65.6669, GNorm = 0.0188, lr_0 = 4.0814e-04
Loss = 1.5348e-03, PNorm = 65.6719, GNorm = 0.0000, lr_0 = 4.0502e-04
Loss = 3.4430e-03, PNorm = 65.6797, GNorm = 0.0175, lr_0 = 4.0192e-04
Validation auc = 0.775400
Epoch 13
Loss = 2.5671e-03, PNorm = 65.6919, GNorm = 0.0029, lr_0 = 3.9884e-04
Loss = 4.3296e-03, PNorm = 65.7052, GNorm = 0.0004, lr_0 = 3.9579e-04
Loss = 1.2832e-03, PNorm = 65.7151, GNorm = 0.0002, lr_0 = 3.9276e-04
Loss = 1.6802e-03, PNorm = 65.7227, GNorm = 0.1664, lr_0 = 3.8975e-04
Loss = 5.5473e-04, PNorm = 65.7330, GNorm = 0.0347, lr_0 = 3.8677e-04
Loss = 4.0481e-03, PNorm = 65.7383, GNorm = 0.2029, lr_0 = 3.8381e-04
Loss = 8.2190e-04, PNorm = 65.7442, GNorm = 0.0002, lr_0 = 3.8087e-04
Loss = 3.7881e-03, PNorm = 65.7509, GNorm = 0.0785, lr_0 = 3.7795e-04
Loss = 1.3221e-03, PNorm = 65.7578, GNorm = 0.0040, lr_0 = 3.7506e-04
Loss = 1.8769e-04, PNorm = 65.7633, GNorm = 0.0000, lr_0 = 3.7219e-04
Loss = 1.7360e-03, PNorm = 65.7671, GNorm = 0.0002, lr_0 = 3.6934e-04
Validation auc = 0.775474
Epoch 14
Loss = 1.0480e-03, PNorm = 65.7712, GNorm = 0.0001, lr_0 = 3.6623e-04
Loss = 2.7356e-04, PNorm = 65.7742, GNorm = 0.0046, lr_0 = 3.6342e-04
Loss = 8.6413e-04, PNorm = 65.7773, GNorm = 0.0021, lr_0 = 3.6064e-04
Loss = 6.0125e-04, PNorm = 65.7827, GNorm = 0.0023, lr_0 = 3.5788e-04
Loss = 3.3074e-03, PNorm = 65.7904, GNorm = 0.0075, lr_0 = 3.5514e-04
Loss = 3.1467e-04, PNorm = 65.7969, GNorm = 0.0002, lr_0 = 3.5242e-04
Loss = 3.3913e-03, PNorm = 65.8037, GNorm = 0.0030, lr_0 = 3.4972e-04
Loss = 3.4548e-03, PNorm = 65.8102, GNorm = 0.0275, lr_0 = 3.4705e-04
Loss = 2.1834e-03, PNorm = 65.8152, GNorm = 0.0045, lr_0 = 3.4439e-04
Loss = 1.7442e-03, PNorm = 65.8202, GNorm = 0.0938, lr_0 = 3.4175e-04
Validation auc = 0.774781
Epoch 15
Loss = 4.5767e-04, PNorm = 65.8255, GNorm = 0.0101, lr_0 = 3.3888e-04
Loss = 2.4607e-04, PNorm = 65.8288, GNorm = 0.0010, lr_0 = 3.3628e-04
Loss = 6.1639e-05, PNorm = 65.8310, GNorm = 0.0003, lr_0 = 3.3371e-04
Loss = 1.3305e-05, PNorm = 65.8322, GNorm = 0.0001, lr_0 = 3.3115e-04
Loss = 2.7128e-03, PNorm = 65.8321, GNorm = 0.0001, lr_0 = 3.2862e-04
Loss = 1.1526e-03, PNorm = 65.8344, GNorm = 0.2319, lr_0 = 3.2610e-04
Loss = 3.7333e-03, PNorm = 65.8381, GNorm = 0.0007, lr_0 = 3.2360e-04
Loss = 8.1130e-04, PNorm = 65.8411, GNorm = 0.0114, lr_0 = 3.2113e-04
Loss = 4.7344e-03, PNorm = 65.8423, GNorm = 0.0000, lr_0 = 3.1867e-04
Loss = 3.3543e-03, PNorm = 65.8434, GNorm = 0.0001, lr_0 = 3.1623e-04
Loss = 1.3693e-03, PNorm = 65.8476, GNorm = 0.0406, lr_0 = 3.1381e-04
Validation auc = 0.775266
Epoch 16
Loss = 7.3808e-06, PNorm = 65.8519, GNorm = 0.0000, lr_0 = 3.1140e-04
Loss = 1.9322e-03, PNorm = 65.8603, GNorm = 0.0000, lr_0 = 3.0902e-04
Loss = 1.1467e-03, PNorm = 65.8687, GNorm = 0.0002, lr_0 = 3.0665e-04
Loss = 1.7534e-03, PNorm = 65.8728, GNorm = 0.1356, lr_0 = 3.0431e-04
Loss = 6.4362e-04, PNorm = 65.8758, GNorm = 0.0427, lr_0 = 3.0198e-04
Loss = 4.1499e-03, PNorm = 65.8778, GNorm = 0.1652, lr_0 = 2.9966e-04
Loss = 3.7479e-04, PNorm = 65.8815, GNorm = 0.0014, lr_0 = 2.9737e-04
Loss = 7.0292e-04, PNorm = 65.8858, GNorm = 0.0041, lr_0 = 2.9509e-04
Loss = 2.4237e-04, PNorm = 65.8887, GNorm = 0.0002, lr_0 = 2.9283e-04
Loss = 3.0655e-04, PNorm = 65.8907, GNorm = 0.0755, lr_0 = 2.9059e-04
Loss = 9.7774e-04, PNorm = 65.8927, GNorm = 0.0478, lr_0 = 2.8837e-04
Validation auc = 0.771537
Epoch 17
Loss = 3.7817e-04, PNorm = 65.8956, GNorm = 0.0004, lr_0 = 2.8594e-04
Loss = 4.6149e-05, PNorm = 65.8974, GNorm = 0.0004, lr_0 = 2.8375e-04
Loss = 1.2062e-03, PNorm = 65.8999, GNorm = 0.0004, lr_0 = 2.8158e-04
Loss = 2.1830e-04, PNorm = 65.9025, GNorm = 0.0070, lr_0 = 2.7942e-04
Loss = 4.1061e-03, PNorm = 65.9024, GNorm = 0.0004, lr_0 = 2.7728e-04
Loss = 5.4704e-04, PNorm = 65.9037, GNorm = 0.0004, lr_0 = 2.7516e-04
Loss = 1.5326e-03, PNorm = 65.9055, GNorm = 0.0828, lr_0 = 2.7305e-04
Loss = 3.7140e-05, PNorm = 65.9072, GNorm = 0.0000, lr_0 = 2.7096e-04
Loss = 7.4605e-05, PNorm = 65.9083, GNorm = 0.0000, lr_0 = 2.6889e-04
Loss = 2.0829e-05, PNorm = 65.9090, GNorm = 0.0001, lr_0 = 2.6683e-04
Loss = 1.1642e-04, PNorm = 65.9100, GNorm = 0.0010, lr_0 = 2.6479e-04
Validation auc = 0.771230
Epoch 18
Loss = 5.2402e-04, PNorm = 65.9115, GNorm = 0.0002, lr_0 = 2.6256e-04
Loss = 1.0022e-03, PNorm = 65.9128, GNorm = 0.0018, lr_0 = 2.6055e-04
Loss = 4.1366e-04, PNorm = 65.9148, GNorm = 0.0016, lr_0 = 2.5855e-04
Loss = 4.4227e-03, PNorm = 65.9177, GNorm = 0.0022, lr_0 = 2.5657e-04
Loss = 1.4284e-03, PNorm = 65.9183, GNorm = 0.0001, lr_0 = 2.5461e-04
Loss = 9.0703e-04, PNorm = 65.9196, GNorm = 0.0000, lr_0 = 2.5266e-04
Loss = 1.0849e-03, PNorm = 65.9229, GNorm = 0.0012, lr_0 = 2.5073e-04
Loss = 2.5788e-04, PNorm = 65.9254, GNorm = 0.0053, lr_0 = 2.4881e-04
Loss = 1.6317e-03, PNorm = 65.9270, GNorm = 0.0000, lr_0 = 2.4690e-04
Loss = 2.3100e-04, PNorm = 65.9286, GNorm = 0.0000, lr_0 = 2.4501e-04
Validation auc = 0.772738
Epoch 19
Loss = 5.7101e-07, PNorm = 65.9303, GNorm = 0.0000, lr_0 = 2.4314e-04
Loss = 3.3112e-04, PNorm = 65.9334, GNorm = 0.0006, lr_0 = 2.4127e-04
Loss = 2.1711e-04, PNorm = 65.9359, GNorm = 0.0057, lr_0 = 2.3943e-04
Loss = 5.6629e-03, PNorm = 65.9377, GNorm = 0.1773, lr_0 = 2.3759e-04
Loss = 4.9756e-04, PNorm = 65.9394, GNorm = 0.0229, lr_0 = 2.3577e-04
Loss = 3.0425e-03, PNorm = 65.9426, GNorm = 0.0000, lr_0 = 2.3397e-04
Loss = 2.9265e-05, PNorm = 65.9466, GNorm = 0.0001, lr_0 = 2.3218e-04
Loss = 1.1924e-03, PNorm = 65.9487, GNorm = 0.0000, lr_0 = 2.3040e-04
Loss = 4.5535e-05, PNorm = 65.9499, GNorm = 0.0001, lr_0 = 2.2864e-04
Loss = 1.1091e-04, PNorm = 65.9508, GNorm = 0.0151, lr_0 = 2.2689e-04
Loss = 4.8860e-04, PNorm = 65.9519, GNorm = 0.0002, lr_0 = 2.2515e-04
Validation auc = 0.772455
Epoch 20
Loss = 8.9727e-06, PNorm = 65.9529, GNorm = 0.0000, lr_0 = 2.2325e-04
Loss = 1.5874e-03, PNorm = 65.9539, GNorm = 0.0006, lr_0 = 2.2154e-04
Loss = 9.4657e-05, PNorm = 65.9554, GNorm = 0.0009, lr_0 = 2.1985e-04
Loss = 9.4106e-04, PNorm = 65.9571, GNorm = 0.0000, lr_0 = 2.1816e-04
Loss = 1.9811e-04, PNorm = 65.9592, GNorm = 0.0027, lr_0 = 2.1649e-04
Loss = 1.7859e-04, PNorm = 65.9606, GNorm = 0.0000, lr_0 = 2.1484e-04
Loss = 3.1358e-03, PNorm = 65.9617, GNorm = 0.0224, lr_0 = 2.1319e-04
Loss = 9.6520e-04, PNorm = 65.9640, GNorm = 0.0014, lr_0 = 2.1156e-04
Loss = 8.9597e-06, PNorm = 65.9666, GNorm = 0.0000, lr_0 = 2.0994e-04
Loss = 2.4329e-04, PNorm = 65.9680, GNorm = 0.0391, lr_0 = 2.0833e-04
Loss = 1.3128e-03, PNorm = 65.9691, GNorm = 0.0001, lr_0 = 2.0674e-04
Validation auc = 0.771911
Epoch 21
Loss = 1.3027e-04, PNorm = 65.9701, GNorm = 0.0002, lr_0 = 2.0500e-04
Loss = 7.9504e-04, PNorm = 65.9705, GNorm = 0.0037, lr_0 = 2.0343e-04
Loss = 6.8049e-04, PNorm = 65.9732, GNorm = 0.0000, lr_0 = 2.0187e-04
Loss = 1.1469e-03, PNorm = 65.9769, GNorm = 0.0000, lr_0 = 2.0033e-04
Loss = 3.8849e-04, PNorm = 65.9798, GNorm = 0.0000, lr_0 = 1.9879e-04
Loss = 5.7757e-04, PNorm = 65.9815, GNorm = 0.0022, lr_0 = 1.9727e-04
Loss = 1.8569e-04, PNorm = 65.9826, GNorm = 0.0507, lr_0 = 1.9576e-04
Loss = 3.7302e-04, PNorm = 65.9839, GNorm = 0.0009, lr_0 = 1.9426e-04
Loss = 4.0265e-03, PNorm = 65.9844, GNorm = 0.0001, lr_0 = 1.9277e-04
Loss = 6.0144e-05, PNorm = 65.9845, GNorm = 0.0170, lr_0 = 1.9130e-04
Loss = 4.7502e-05, PNorm = 65.9851, GNorm = 0.0077, lr_0 = 1.8983e-04
Validation auc = 0.770409
Epoch 22
Loss = 8.3816e-05, PNorm = 65.9860, GNorm = 0.0007, lr_0 = 1.8838e-04
Loss = 5.5844e-03, PNorm = 65.9863, GNorm = 0.4659, lr_0 = 1.8694e-04
Loss = 7.5163e-04, PNorm = 65.9862, GNorm = 0.0007, lr_0 = 1.8551e-04
Loss = 6.1682e-05, PNorm = 65.9873, GNorm = 0.0235, lr_0 = 1.8409e-04
Loss = 3.2346e-05, PNorm = 65.9886, GNorm = 0.0015, lr_0 = 1.8268e-04
Loss = 3.8948e-05, PNorm = 65.9894, GNorm = 0.0000, lr_0 = 1.8128e-04
Loss = 1.7926e-03, PNorm = 65.9917, GNorm = 0.0282, lr_0 = 1.7989e-04
Loss = 4.1462e-05, PNorm = 65.9937, GNorm = 0.0002, lr_0 = 1.7851e-04
Loss = 1.5926e-03, PNorm = 65.9942, GNorm = 0.0009, lr_0 = 1.7715e-04
Loss = 3.2377e-03, PNorm = 65.9937, GNorm = 0.0009, lr_0 = 1.7579e-04
Validation auc = 0.769978
Epoch 23
Loss = 1.1549e-05, PNorm = 65.9943, GNorm = 0.0001, lr_0 = 1.7431e-04
Loss = 6.3437e-03, PNorm = 65.9936, GNorm = 0.0542, lr_0 = 1.7298e-04
Loss = 1.5259e-04, PNorm = 65.9950, GNorm = 0.0024, lr_0 = 1.7165e-04
Loss = 1.0325e-04, PNorm = 65.9968, GNorm = 0.0003, lr_0 = 1.7034e-04
Loss = 6.4714e-03, PNorm = 66.0026, GNorm = 0.0000, lr_0 = 1.6903e-04
Loss = 4.3121e-05, PNorm = 66.0073, GNorm = 0.0005, lr_0 = 1.6774e-04
Loss = 3.7564e-03, PNorm = 66.0094, GNorm = 0.0000, lr_0 = 1.6645e-04
Loss = 1.1490e-03, PNorm = 66.0109, GNorm = 0.0003, lr_0 = 1.6518e-04
Loss = 7.8446e-04, PNorm = 66.0117, GNorm = 0.0013, lr_0 = 1.6392e-04
Loss = 3.7996e-03, PNorm = 66.0130, GNorm = 0.0006, lr_0 = 1.6266e-04
Loss = 1.3250e-05, PNorm = 66.0139, GNorm = 0.0000, lr_0 = 1.6142e-04
Validation auc = 0.771893
Epoch 24
Loss = 1.9857e-03, PNorm = 66.0148, GNorm = 0.0001, lr_0 = 1.6006e-04
Loss = 8.4731e-05, PNorm = 66.0157, GNorm = 0.0002, lr_0 = 1.5883e-04
Loss = 1.6092e-03, PNorm = 66.0157, GNorm = 0.0158, lr_0 = 1.5761e-04
Loss = 9.5811e-04, PNorm = 66.0165, GNorm = 0.0000, lr_0 = 1.5641e-04
Loss = 4.9448e-04, PNorm = 66.0180, GNorm = 0.0010, lr_0 = 1.5521e-04
Loss = 3.9654e-04, PNorm = 66.0199, GNorm = 0.0030, lr_0 = 1.5402e-04
Loss = 8.3191e-04, PNorm = 66.0211, GNorm = 0.0003, lr_0 = 1.5284e-04
Loss = 2.5372e-04, PNorm = 66.0223, GNorm = 0.0000, lr_0 = 1.5167e-04
Loss = 3.1425e-03, PNorm = 66.0234, GNorm = 0.1343, lr_0 = 1.5051e-04
Loss = 6.3870e-05, PNorm = 66.0240, GNorm = 0.0004, lr_0 = 1.4936e-04
Loss = 4.2290e-05, PNorm = 66.0246, GNorm = 0.0000, lr_0 = 1.4822e-04
Validation auc = 0.771919
Epoch 25
Loss = 1.3991e-03, PNorm = 66.0252, GNorm = 0.0000, lr_0 = 1.4708e-04
Loss = 2.0689e-04, PNorm = 66.0259, GNorm = 0.0003, lr_0 = 1.4595e-04
Loss = 4.9489e-03, PNorm = 66.0261, GNorm = 0.0000, lr_0 = 1.4484e-04
Loss = 1.0230e-03, PNorm = 66.0264, GNorm = 0.6439, lr_0 = 1.4373e-04
Loss = 3.4133e-03, PNorm = 66.0260, GNorm = 0.0000, lr_0 = 1.4263e-04
Loss = 1.2668e-04, PNorm = 66.0263, GNorm = 0.0014, lr_0 = 1.4154e-04
Loss = 1.3085e-04, PNorm = 66.0276, GNorm = 0.0045, lr_0 = 1.4045e-04
Loss = 1.2689e-03, PNorm = 66.0284, GNorm = 0.0002, lr_0 = 1.3938e-04
Loss = 1.7740e-03, PNorm = 66.0287, GNorm = 0.0013, lr_0 = 1.3831e-04
Loss = 2.2035e-05, PNorm = 66.0291, GNorm = 0.0027, lr_0 = 1.3725e-04
Loss = 2.3136e-05, PNorm = 66.0294, GNorm = 0.0006, lr_0 = 1.3620e-04
Loss = 6.8838e-06, PNorm = 66.0295, GNorm = 0.0002, lr_0 = 1.3610e-04
Validation auc = 0.771295
Epoch 26
Loss = 8.2989e-04, PNorm = 66.0300, GNorm = 0.1137, lr_0 = 1.3505e-04
Loss = 1.0672e-03, PNorm = 66.0312, GNorm = 0.0077, lr_0 = 1.3402e-04
Loss = 4.1808e-03, PNorm = 66.0323, GNorm = 0.0004, lr_0 = 1.3299e-04
Loss = 7.6169e-05, PNorm = 66.0331, GNorm = 0.0000, lr_0 = 1.3198e-04
Loss = 4.4079e-05, PNorm = 66.0338, GNorm = 0.0003, lr_0 = 1.3097e-04
Loss = 1.0390e-04, PNorm = 66.0345, GNorm = 0.0003, lr_0 = 1.2996e-04
Loss = 1.2649e-05, PNorm = 66.0350, GNorm = 0.0025, lr_0 = 1.2897e-04
Loss = 8.7329e-04, PNorm = 66.0355, GNorm = 0.0005, lr_0 = 1.2798e-04
Loss = 3.6170e-04, PNorm = 66.0369, GNorm = 0.0006, lr_0 = 1.2700e-04
Loss = 4.8076e-04, PNorm = 66.0378, GNorm = 0.0008, lr_0 = 1.2603e-04
Validation auc = 0.771468
Epoch 27
Loss = 8.5035e-06, PNorm = 66.0384, GNorm = 0.0000, lr_0 = 1.2497e-04
Loss = 1.3774e-03, PNorm = 66.0381, GNorm = 0.0000, lr_0 = 1.2401e-04
Loss = 5.6300e-04, PNorm = 66.0382, GNorm = 0.0459, lr_0 = 1.2306e-04
Loss = 2.8884e-03, PNorm = 66.0385, GNorm = 0.0130, lr_0 = 1.2212e-04
Loss = 1.0857e-02, PNorm = 66.0374, GNorm = 0.0017, lr_0 = 1.2118e-04
Loss = 1.1858e-04, PNorm = 66.0383, GNorm = 0.0013, lr_0 = 1.2026e-04
Loss = 1.7437e-03, PNorm = 66.0391, GNorm = 0.0001, lr_0 = 1.1934e-04
Loss = 1.4498e-03, PNorm = 66.0396, GNorm = 0.0029, lr_0 = 1.1842e-04
Loss = 1.4164e-04, PNorm = 66.0405, GNorm = 0.0013, lr_0 = 1.1752e-04
Loss = 4.7700e-05, PNorm = 66.0412, GNorm = 0.0102, lr_0 = 1.1662e-04
Loss = 9.3502e-04, PNorm = 66.0423, GNorm = 0.0001, lr_0 = 1.1572e-04
Validation auc = 0.770158
Epoch 28
Loss = 6.4815e-05, PNorm = 66.0430, GNorm = 0.0003, lr_0 = 1.1475e-04
Loss = 9.6785e-05, PNorm = 66.0436, GNorm = 0.0189, lr_0 = 1.1387e-04
Loss = 4.1322e-04, PNorm = 66.0449, GNorm = 0.0000, lr_0 = 1.1300e-04
Loss = 2.3889e-03, PNorm = 66.0455, GNorm = 0.0180, lr_0 = 1.1213e-04
Loss = 2.0427e-03, PNorm = 66.0459, GNorm = 0.0009, lr_0 = 1.1127e-04
Loss = 3.6717e-04, PNorm = 66.0467, GNorm = 0.0046, lr_0 = 1.1042e-04
Loss = 7.9851e-05, PNorm = 66.0477, GNorm = 0.0000, lr_0 = 1.0958e-04
Loss = 1.0928e-03, PNorm = 66.0482, GNorm = 0.0000, lr_0 = 1.0874e-04
Loss = 7.5724e-04, PNorm = 66.0486, GNorm = 0.0005, lr_0 = 1.0791e-04
Loss = 3.0879e-04, PNorm = 66.0494, GNorm = 0.0001, lr_0 = 1.0708e-04
Loss = 6.3456e-05, PNorm = 66.0501, GNorm = 0.0018, lr_0 = 1.0626e-04
Validation auc = 0.770474
Epoch 29
Loss = 7.8576e-05, PNorm = 66.0505, GNorm = 0.0084, lr_0 = 1.0545e-04
Loss = 6.4337e-05, PNorm = 66.0512, GNorm = 0.0010, lr_0 = 1.0464e-04
Loss = 1.6177e-03, PNorm = 66.0519, GNorm = 0.0003, lr_0 = 1.0384e-04
Loss = 4.5826e-04, PNorm = 66.0524, GNorm = 0.0004, lr_0 = 1.0304e-04
Loss = 3.9952e-03, PNorm = 66.0526, GNorm = 0.0084, lr_0 = 1.0225e-04
Loss = 9.3829e-04, PNorm = 66.0528, GNorm = 0.0005, lr_0 = 1.0147e-04
Loss = 6.7636e-05, PNorm = 66.0531, GNorm = 0.0293, lr_0 = 1.0069e-04
Loss = 8.7283e-06, PNorm = 66.0534, GNorm = 0.0000, lr_0 = 1.0000e-04
Loss = 7.0380e-04, PNorm = 66.0538, GNorm = 0.0000, lr_0 = 1.0000e-04
Loss = 8.7967e-04, PNorm = 66.0544, GNorm = 0.0001, lr_0 = 1.0000e-04
Validation auc = 0.770642
Model 0 best validation auc = 0.797031 on epoch 0
Loading pretrained parameter "ffn.1.weight".
Loading pretrained parameter "ffn.1.bias".
Loading pretrained parameter "ffn.4.weight".
Loading pretrained parameter "ffn.4.bias".
Loading pretrained parameter "ffn.7.weight".
Loading pretrained parameter "ffn.7.bias".
Loading pretrained parameter "ffn.10.weight".
Loading pretrained parameter "ffn.10.bias".
Model 0 test auc = 0.695127
Ensemble test auc = 0.695127
Fold 2
Splitting data with seed 2
Total scaffolds = 4,180 | train scaffolds = 3,157 | val scaffolds = 507 | test scaffolds = 516
Label averages per scaffold, in decreasing order of scaffold frequency,capped at 10 scaffolds and 20 labels:
Scaffold 0
Task 0: count = 468 | target average = 0.019231
Task 1: count = 468 | target average = 0.014957


Scaffold 1
Task 0: count = 383 | target average = 0.007833
Task 1: count = 383 | target average = 0.013055


Scaffold 2
Task 0: count = 44 | target average = 0.000000
Task 1: count = 44 | target average = 0.000000


Scaffold 3
Task 0: count = 35 | target average = 0.000000
Task 1: count = 35 | target average = 0.000000


Scaffold 4
Task 0: count = 34 | target average = 0.000000
Task 1: count = 34 | target average = 0.000000


Scaffold 5
Task 0: count = 30 | target average = 0.000000
Task 1: count = 30 | target average = 0.000000


Scaffold 6
Task 0: count = 28 | target average = 0.000000
Task 1: count = 28 | target average = 0.000000


Scaffold 7
Task 0: count = 27 | target average = 0.074074
Task 1: count = 27 | target average = 0.074074


Scaffold 8
Task 0: count = 25 | target average = 0.040000
Task 1: count = 25 | target average = 0.000000


Scaffold 9
Task 0: count = 23 | target average = 0.000000
Task 1: count = 23 | target average = 0.000000


Class sizes
hit_inh 0: 97.79%, 1: 2.21%
hit_kill 0: 98.75%, 1: 1.25%
Total size = 6,708 | train size = 5,366 | val size = 670 | test size = 672
Building model 0
MoleculeModel(
  (sigmoid): Sigmoid()
  (encoder): MPN()
  (ffn): Sequential(
    (0): Dropout(p=0.2, inplace=False)
    (1): Linear(in_features=2048, out_features=1000, bias=True)
    (2): ReLU()
    (3): Dropout(p=0.2, inplace=False)
    (4): Linear(in_features=1000, out_features=1000, bias=True)
    (5): ReLU()
    (6): Dropout(p=0.2, inplace=False)
    (7): Linear(in_features=1000, out_features=1000, bias=True)
    (8): ReLU()
    (9): Dropout(p=0.2, inplace=False)
    (10): Linear(in_features=1000, out_features=2, bias=True)
  )
)
Number of parameters = 4,053,002
Epoch 0
Loss = 4.4191e-01, PNorm = 57.8835, GNorm = 0.6530, lr_0 = 1.4626e-04
Loss = 1.0071e-01, PNorm = 57.9385, GNorm = 0.0813, lr_0 = 1.8832e-04
Loss = 1.2511e-01, PNorm = 57.9649, GNorm = 0.0330, lr_0 = 2.3037e-04
Loss = 5.2484e-02, PNorm = 57.9719, GNorm = 0.0676, lr_0 = 2.7243e-04
Loss = 7.5861e-02, PNorm = 57.9737, GNorm = 0.2304, lr_0 = 3.1449e-04
Loss = 1.2110e-01, PNorm = 57.9708, GNorm = 0.2436, lr_0 = 3.5654e-04
Loss = 8.8001e-02, PNorm = 58.0151, GNorm = 0.1949, lr_0 = 3.9860e-04
Loss = 7.8190e-02, PNorm = 58.0774, GNorm = 0.1349, lr_0 = 4.4065e-04
Loss = 1.0510e-01, PNorm = 58.1274, GNorm = 0.1843, lr_0 = 4.8271e-04
Loss = 1.1984e-01, PNorm = 58.2231, GNorm = 0.2963, lr_0 = 5.2477e-04
Validation auc = 0.648992
Epoch 1
Loss = 3.2261e-02, PNorm = 58.3602, GNorm = 0.1031, lr_0 = 5.7103e-04
Loss = 5.0942e-02, PNorm = 58.4699, GNorm = 0.2220, lr_0 = 6.1308e-04
Loss = 5.2696e-02, PNorm = 58.5768, GNorm = 0.0924, lr_0 = 6.5514e-04
Loss = 4.6206e-02, PNorm = 58.7054, GNorm = 0.4420, lr_0 = 6.9720e-04
Loss = 6.0422e-02, PNorm = 58.8364, GNorm = 0.2275, lr_0 = 7.3925e-04
Loss = 5.0572e-02, PNorm = 59.0164, GNorm = 0.1996, lr_0 = 7.8131e-04
Loss = 4.3646e-02, PNorm = 59.1963, GNorm = 0.1642, lr_0 = 8.2336e-04
Loss = 2.4140e-02, PNorm = 59.3693, GNorm = 0.1860, lr_0 = 8.6542e-04
Loss = 6.5937e-02, PNorm = 59.5151, GNorm = 0.1437, lr_0 = 9.0748e-04
Loss = 8.2139e-02, PNorm = 59.7698, GNorm = 0.2546, lr_0 = 9.4953e-04
Loss = 6.8402e-02, PNorm = 60.0750, GNorm = 0.2366, lr_0 = 9.9159e-04
Validation auc = 0.697809
Epoch 2
Loss = 3.5945e-02, PNorm = 60.4200, GNorm = 0.0729, lr_0 = 9.9311e-04
Loss = 3.6942e-02, PNorm = 60.6757, GNorm = 0.2046, lr_0 = 9.8550e-04
Loss = 3.4099e-02, PNorm = 60.9156, GNorm = 0.1019, lr_0 = 9.7796e-04
Loss = 5.4617e-02, PNorm = 61.0667, GNorm = 0.1389, lr_0 = 9.7047e-04
Loss = 3.1538e-02, PNorm = 61.2645, GNorm = 0.2616, lr_0 = 9.6304e-04
Loss = 2.0352e-02, PNorm = 61.4281, GNorm = 0.1098, lr_0 = 9.5567e-04
Loss = 3.6419e-02, PNorm = 61.5408, GNorm = 0.0807, lr_0 = 9.4835e-04
Loss = 3.4384e-02, PNorm = 61.7010, GNorm = 0.1813, lr_0 = 9.4109e-04
Loss = 3.1407e-02, PNorm = 61.8388, GNorm = 0.0617, lr_0 = 9.3389e-04
Loss = 5.0675e-02, PNorm = 61.9806, GNorm = 0.2520, lr_0 = 9.2674e-04
Loss = 2.8640e-02, PNorm = 62.2057, GNorm = 0.1152, lr_0 = 9.1964e-04
Validation auc = 0.699248
Epoch 3
Loss = 2.0668e-02, PNorm = 62.3982, GNorm = 0.1328, lr_0 = 9.1190e-04
Loss = 4.7821e-03, PNorm = 62.5042, GNorm = 0.0035, lr_0 = 9.0492e-04
Loss = 1.0446e-02, PNorm = 62.5923, GNorm = 0.0183, lr_0 = 8.9799e-04
Loss = 1.2376e-02, PNorm = 62.6733, GNorm = 0.2133, lr_0 = 8.9111e-04
Loss = 1.3229e-02, PNorm = 62.7407, GNorm = 0.1853, lr_0 = 8.8429e-04
Loss = 2.5057e-02, PNorm = 62.8093, GNorm = 0.0110, lr_0 = 8.7752e-04
Loss = 1.1399e-02, PNorm = 62.9030, GNorm = 0.2361, lr_0 = 8.7080e-04
Loss = 2.5517e-02, PNorm = 62.9728, GNorm = 0.0006, lr_0 = 8.6414e-04
Loss = 3.7290e-02, PNorm = 63.0163, GNorm = 0.1397, lr_0 = 8.5752e-04
Loss = 2.6606e-02, PNorm = 63.1051, GNorm = 0.2056, lr_0 = 8.5095e-04
Validation auc = 0.684529
Epoch 4
Loss = 8.9669e-04, PNorm = 63.1818, GNorm = 0.0151, lr_0 = 8.4444e-04
Loss = 8.9505e-03, PNorm = 63.2510, GNorm = 0.1007, lr_0 = 8.3797e-04
Loss = 1.0093e-02, PNorm = 63.3109, GNorm = 0.2568, lr_0 = 8.3156e-04
Loss = 8.8506e-03, PNorm = 63.3748, GNorm = 0.1287, lr_0 = 8.2519e-04
Loss = 1.1748e-02, PNorm = 63.4333, GNorm = 0.2919, lr_0 = 8.1888e-04
Loss = 2.1564e-03, PNorm = 63.4933, GNorm = 0.0131, lr_0 = 8.1261e-04
Loss = 2.1175e-02, PNorm = 63.5382, GNorm = 0.6487, lr_0 = 8.0638e-04
Loss = 6.6263e-03, PNorm = 63.6129, GNorm = 0.0191, lr_0 = 8.0021e-04
Loss = 1.0297e-02, PNorm = 63.6808, GNorm = 0.5566, lr_0 = 7.9408e-04
Loss = 2.0686e-02, PNorm = 63.7382, GNorm = 0.1613, lr_0 = 7.8800e-04
Loss = 9.4701e-03, PNorm = 63.8190, GNorm = 0.0652, lr_0 = 7.8197e-04
Validation auc = 0.679642
Epoch 5
Loss = 4.6591e-03, PNorm = 63.9025, GNorm = 0.0611, lr_0 = 7.7539e-04
Loss = 9.1759e-03, PNorm = 63.9642, GNorm = 0.0025, lr_0 = 7.6945e-04
Loss = 9.9139e-03, PNorm = 64.0199, GNorm = 0.2117, lr_0 = 7.6356e-04
Loss = 7.8181e-03, PNorm = 64.0875, GNorm = 0.2239, lr_0 = 7.5772e-04
Loss = 1.1652e-02, PNorm = 64.1497, GNorm = 0.0269, lr_0 = 7.5191e-04
Loss = 4.4697e-03, PNorm = 64.2013, GNorm = 0.0003, lr_0 = 7.4616e-04
Loss = 8.1289e-03, PNorm = 64.2375, GNorm = 0.2176, lr_0 = 7.4044e-04
Loss = 1.6854e-02, PNorm = 64.2627, GNorm = 0.3611, lr_0 = 7.3478e-04
Loss = 2.2352e-02, PNorm = 64.3048, GNorm = 0.0039, lr_0 = 7.2915e-04
Loss = 1.1025e-02, PNorm = 64.3759, GNorm = 0.1162, lr_0 = 7.2357e-04
Loss = 9.6739e-03, PNorm = 64.4365, GNorm = 0.2468, lr_0 = 7.1803e-04
Validation auc = 0.683538
Epoch 6
Loss = 9.9241e-03, PNorm = 64.4731, GNorm = 0.1418, lr_0 = 7.1198e-04
Loss = 5.8250e-03, PNorm = 64.5036, GNorm = 0.0123, lr_0 = 7.0653e-04
Loss = 1.2820e-03, PNorm = 64.5368, GNorm = 0.0198, lr_0 = 7.0112e-04
Loss = 5.2424e-03, PNorm = 64.5653, GNorm = 0.0013, lr_0 = 6.9576e-04
Loss = 1.3644e-02, PNorm = 64.5941, GNorm = 0.5290, lr_0 = 6.9043e-04
Loss = 2.9734e-03, PNorm = 64.6156, GNorm = 0.0029, lr_0 = 6.8514e-04
Loss = 5.4505e-03, PNorm = 64.6432, GNorm = 0.4256, lr_0 = 6.7990e-04
Loss = 5.3527e-03, PNorm = 64.6653, GNorm = 0.1420, lr_0 = 6.7469e-04
Loss = 1.1751e-03, PNorm = 64.6858, GNorm = 0.0258, lr_0 = 6.6953e-04
Loss = 1.9812e-02, PNorm = 64.7047, GNorm = 0.5775, lr_0 = 6.6440e-04
Loss = 1.2658e-02, PNorm = 64.7374, GNorm = 0.0034, lr_0 = 6.5931e-04
Validation auc = 0.681008
Epoch 7
Loss = 1.3670e-03, PNorm = 64.7786, GNorm = 0.0443, lr_0 = 6.5427e-04
Loss = 1.6887e-03, PNorm = 64.8131, GNorm = 0.0532, lr_0 = 6.4926e-04
Loss = 3.0774e-03, PNorm = 64.8375, GNorm = 0.0226, lr_0 = 6.4429e-04
Loss = 1.2285e-03, PNorm = 64.8573, GNorm = 0.1674, lr_0 = 6.3935e-04
Loss = 4.3582e-04, PNorm = 64.8760, GNorm = 0.0032, lr_0 = 6.3446e-04
Loss = 1.0713e-02, PNorm = 64.8902, GNorm = 0.0211, lr_0 = 6.2960e-04
Loss = 1.5158e-02, PNorm = 64.9000, GNorm = 0.0051, lr_0 = 6.2478e-04
Loss = 8.0801e-03, PNorm = 64.9224, GNorm = 0.2131, lr_0 = 6.2000e-04
Loss = 9.4072e-03, PNorm = 64.9655, GNorm = 0.0690, lr_0 = 6.1525e-04
Loss = 1.4104e-02, PNorm = 64.9998, GNorm = 0.0151, lr_0 = 6.1054e-04
Validation auc = 0.677526
Epoch 8
Loss = 7.0410e-03, PNorm = 65.0333, GNorm = 0.3889, lr_0 = 6.0540e-04
Loss = 2.7449e-03, PNorm = 65.0624, GNorm = 0.1019, lr_0 = 6.0077e-04
Loss = 7.7708e-03, PNorm = 65.0873, GNorm = 0.0141, lr_0 = 5.9617e-04
Loss = 1.0616e-03, PNorm = 65.1033, GNorm = 0.0212, lr_0 = 5.9160e-04
Loss = 1.4258e-03, PNorm = 65.1171, GNorm = 0.0004, lr_0 = 5.8707e-04
Loss = 2.9082e-03, PNorm = 65.1279, GNorm = 0.0987, lr_0 = 5.8258e-04
Loss = 9.1624e-04, PNorm = 65.1377, GNorm = 0.0509, lr_0 = 5.7812e-04
Loss = 1.3348e-03, PNorm = 65.1478, GNorm = 0.0214, lr_0 = 5.7369e-04
Loss = 3.8658e-03, PNorm = 65.1557, GNorm = 0.2327, lr_0 = 5.6930e-04
Loss = 2.0454e-03, PNorm = 65.1711, GNorm = 0.0017, lr_0 = 5.6494e-04
Loss = 2.9655e-03, PNorm = 65.1877, GNorm = 0.0296, lr_0 = 5.6062e-04
Validation auc = 0.677692
Epoch 9
Loss = 8.3670e-04, PNorm = 65.1962, GNorm = 0.0522, lr_0 = 5.5590e-04
Loss = 7.5005e-04, PNorm = 65.2063, GNorm = 0.0006, lr_0 = 5.5164e-04
Loss = 9.3388e-04, PNorm = 65.2127, GNorm = 0.1328, lr_0 = 5.4742e-04
Loss = 1.1633e-03, PNorm = 65.2177, GNorm = 0.0000, lr_0 = 5.4323e-04
Loss = 2.1379e-03, PNorm = 65.2214, GNorm = 0.3275, lr_0 = 5.3907e-04
Loss = 3.6228e-03, PNorm = 65.2268, GNorm = 0.0057, lr_0 = 5.3494e-04
Loss = 4.4243e-03, PNorm = 65.2332, GNorm = 0.1966, lr_0 = 5.3084e-04
Loss = 3.5943e-03, PNorm = 65.2466, GNorm = 0.0936, lr_0 = 5.2678e-04
Loss = 7.1549e-03, PNorm = 65.2629, GNorm = 0.0007, lr_0 = 5.2275e-04
Loss = 1.1155e-03, PNorm = 65.2724, GNorm = 0.0016, lr_0 = 5.1874e-04
Loss = 8.1818e-03, PNorm = 65.2797, GNorm = 0.1303, lr_0 = 5.1477e-04
Validation auc = 0.675691
Epoch 10
Loss = 2.0368e-04, PNorm = 65.2903, GNorm = 0.0087, lr_0 = 5.1083e-04
Loss = 1.8600e-03, PNorm = 65.3036, GNorm = 0.0031, lr_0 = 5.0692e-04
Loss = 5.8358e-03, PNorm = 65.3146, GNorm = 0.0817, lr_0 = 5.0304e-04
Loss = 2.2295e-03, PNorm = 65.3253, GNorm = 0.0019, lr_0 = 4.9919e-04
Loss = 2.7350e-03, PNorm = 65.3372, GNorm = 0.0007, lr_0 = 4.9537e-04
Loss = 1.0303e-03, PNorm = 65.3519, GNorm = 0.0005, lr_0 = 4.9157e-04
Loss = 5.3594e-04, PNorm = 65.3617, GNorm = 0.0063, lr_0 = 4.8781e-04
Loss = 4.9975e-04, PNorm = 65.3684, GNorm = 0.0029, lr_0 = 4.8408e-04
Loss = 1.1490e-03, PNorm = 65.3765, GNorm = 0.0372, lr_0 = 4.8037e-04
Loss = 3.9588e-04, PNorm = 65.3845, GNorm = 0.0003, lr_0 = 4.7669e-04
Loss = 3.1716e-03, PNorm = 65.3914, GNorm = 0.0042, lr_0 = 4.7304e-04
Loss = 1.6108e-05, PNorm = 65.3922, GNorm = 0.0007, lr_0 = 4.7268e-04
Validation auc = 0.677884
Epoch 11
Loss = 2.3487e-03, PNorm = 65.4007, GNorm = 0.1264, lr_0 = 4.6906e-04
Loss = 2.1150e-03, PNorm = 65.4118, GNorm = 0.0002, lr_0 = 4.6547e-04
Loss = 8.1356e-04, PNorm = 65.4227, GNorm = 0.0005, lr_0 = 4.6191e-04
Loss = 5.5387e-05, PNorm = 65.4301, GNorm = 0.0083, lr_0 = 4.5837e-04
Loss = 4.7458e-05, PNorm = 65.4343, GNorm = 0.0001, lr_0 = 4.5486e-04
Loss = 3.5968e-04, PNorm = 65.4386, GNorm = 0.0216, lr_0 = 4.5138e-04
Loss = 2.1933e-03, PNorm = 65.4427, GNorm = 0.0001, lr_0 = 4.4792e-04
Loss = 5.6777e-04, PNorm = 65.4471, GNorm = 0.0452, lr_0 = 4.4449e-04
Loss = 2.3398e-04, PNorm = 65.4528, GNorm = 0.0000, lr_0 = 4.4109e-04
Loss = 6.6387e-03, PNorm = 65.4640, GNorm = 0.1268, lr_0 = 4.3771e-04
Validation auc = 0.674363
Epoch 12
Loss = 4.2831e-04, PNorm = 65.4769, GNorm = 0.0002, lr_0 = 4.3403e-04
Loss = 6.4081e-03, PNorm = 65.4939, GNorm = 0.0002, lr_0 = 4.3070e-04
Loss = 1.5753e-03, PNorm = 65.5087, GNorm = 0.0815, lr_0 = 4.2741e-04
Loss = 6.9231e-05, PNorm = 65.5165, GNorm = 0.0002, lr_0 = 4.2413e-04
Loss = 2.6035e-04, PNorm = 65.5203, GNorm = 0.0000, lr_0 = 4.2089e-04
Loss = 5.6132e-03, PNorm = 65.5215, GNorm = 0.0011, lr_0 = 4.1766e-04
Loss = 2.3839e-03, PNorm = 65.5228, GNorm = 0.0034, lr_0 = 4.1447e-04
Loss = 1.2023e-03, PNorm = 65.5272, GNorm = 0.0002, lr_0 = 4.1129e-04
Loss = 1.2523e-03, PNorm = 65.5363, GNorm = 0.1618, lr_0 = 4.0814e-04
Loss = 2.2656e-03, PNorm = 65.5437, GNorm = 0.0544, lr_0 = 4.0502e-04
Loss = 3.3870e-04, PNorm = 65.5523, GNorm = 0.0112, lr_0 = 4.0192e-04
Validation auc = 0.686012
Epoch 13
Loss = 2.1029e-03, PNorm = 65.5600, GNorm = 0.0003, lr_0 = 3.9884e-04
Loss = 4.4840e-03, PNorm = 65.5673, GNorm = 0.2805, lr_0 = 3.9579e-04
Loss = 6.1703e-05, PNorm = 65.5697, GNorm = 0.0012, lr_0 = 3.9276e-04
Loss = 3.8701e-03, PNorm = 65.5703, GNorm = 0.0003, lr_0 = 3.8975e-04
Loss = 9.4631e-04, PNorm = 65.5739, GNorm = 0.0646, lr_0 = 3.8677e-04
Loss = 4.2068e-04, PNorm = 65.5793, GNorm = 0.0029, lr_0 = 3.8381e-04
Loss = 1.2302e-03, PNorm = 65.5840, GNorm = 0.0003, lr_0 = 3.8087e-04
Loss = 8.4685e-04, PNorm = 65.5878, GNorm = 0.0186, lr_0 = 3.7795e-04
Loss = 3.8345e-03, PNorm = 65.5915, GNorm = 0.0012, lr_0 = 3.7506e-04
Loss = 1.3716e-04, PNorm = 65.5935, GNorm = 0.0000, lr_0 = 3.7219e-04
Loss = 2.1189e-03, PNorm = 65.5990, GNorm = 0.0825, lr_0 = 3.6934e-04
Validation auc = 0.686191
Epoch 14
Loss = 1.2159e-03, PNorm = 65.6072, GNorm = 0.0019, lr_0 = 3.6623e-04
Loss = 4.9242e-03, PNorm = 65.6108, GNorm = 0.0020, lr_0 = 3.6342e-04
Loss = 8.2599e-04, PNorm = 65.6162, GNorm = 0.1205, lr_0 = 3.6064e-04
Loss = 5.5723e-04, PNorm = 65.6226, GNorm = 0.0747, lr_0 = 3.5788e-04
Loss = 2.1198e-03, PNorm = 65.6280, GNorm = 0.0176, lr_0 = 3.5514e-04
Loss = 8.3961e-04, PNorm = 65.6341, GNorm = 0.0493, lr_0 = 3.5242e-04
Loss = 1.3950e-04, PNorm = 65.6390, GNorm = 0.0004, lr_0 = 3.4972e-04
Loss = 4.2422e-03, PNorm = 65.6407, GNorm = 0.0008, lr_0 = 3.4705e-04
Loss = 3.2983e-03, PNorm = 65.6437, GNorm = 0.0000, lr_0 = 3.4439e-04
Loss = 1.4343e-03, PNorm = 65.6475, GNorm = 0.0019, lr_0 = 3.4175e-04
Validation auc = 0.691132
Epoch 15
Loss = 3.3672e-06, PNorm = 65.6509, GNorm = 0.0001, lr_0 = 3.3888e-04
Loss = 6.0655e-04, PNorm = 65.6530, GNorm = 0.0931, lr_0 = 3.3628e-04
Loss = 3.5681e-03, PNorm = 65.6539, GNorm = 0.0014, lr_0 = 3.3371e-04
Loss = 2.0642e-03, PNorm = 65.6554, GNorm = 0.0004, lr_0 = 3.3115e-04
Loss = 2.3555e-03, PNorm = 65.6581, GNorm = 0.0027, lr_0 = 3.2862e-04
Loss = 2.1056e-03, PNorm = 65.6618, GNorm = 0.0009, lr_0 = 3.2610e-04
Loss = 1.9382e-03, PNorm = 65.6650, GNorm = 0.0001, lr_0 = 3.2360e-04
Loss = 7.4426e-04, PNorm = 65.6700, GNorm = 0.0407, lr_0 = 3.2113e-04
Loss = 1.4170e-03, PNorm = 65.6789, GNorm = 0.0000, lr_0 = 3.1867e-04
Loss = 1.5059e-03, PNorm = 65.6847, GNorm = 0.0003, lr_0 = 3.1623e-04
Loss = 9.9877e-06, PNorm = 65.6901, GNorm = 0.0007, lr_0 = 3.1381e-04
Validation auc = 0.689328
Epoch 16
Loss = 4.1959e-03, PNorm = 65.6923, GNorm = 0.0001, lr_0 = 3.1140e-04
Loss = 2.1943e-04, PNorm = 65.6939, GNorm = 0.0002, lr_0 = 3.0902e-04
Loss = 2.8997e-04, PNorm = 65.6959, GNorm = 0.0544, lr_0 = 3.0665e-04
Loss = 3.3125e-04, PNorm = 65.6979, GNorm = 0.0010, lr_0 = 3.0431e-04
Loss = 4.0235e-05, PNorm = 65.6994, GNorm = 0.0003, lr_0 = 3.0198e-04
Loss = 2.4780e-03, PNorm = 65.6995, GNorm = 0.0021, lr_0 = 2.9966e-04
Loss = 7.9688e-05, PNorm = 65.7006, GNorm = 0.0000, lr_0 = 2.9737e-04
Loss = 2.4229e-03, PNorm = 65.7037, GNorm = 0.1026, lr_0 = 2.9509e-04
Loss = 4.0801e-04, PNorm = 65.7088, GNorm = 0.0000, lr_0 = 2.9283e-04
Loss = 2.6568e-03, PNorm = 65.7116, GNorm = 0.0049, lr_0 = 2.9059e-04
Loss = 1.1206e-04, PNorm = 65.7132, GNorm = 0.0000, lr_0 = 2.8837e-04
Validation auc = 0.688382
Epoch 17
Loss = 2.6290e-03, PNorm = 65.7137, GNorm = 0.0075, lr_0 = 2.8594e-04
Loss = 7.7747e-04, PNorm = 65.7156, GNorm = 0.0008, lr_0 = 2.8375e-04
Loss = 4.8774e-03, PNorm = 65.7180, GNorm = 0.0028, lr_0 = 2.8158e-04
Loss = 5.3523e-05, PNorm = 65.7219, GNorm = 0.0002, lr_0 = 2.7942e-04
Loss = 2.3587e-03, PNorm = 65.7240, GNorm = 0.6395, lr_0 = 2.7728e-04
Loss = 1.0830e-04, PNorm = 65.7255, GNorm = 0.0001, lr_0 = 2.7516e-04
Loss = 1.5045e-03, PNorm = 65.7290, GNorm = 0.0087, lr_0 = 2.7305e-04
Loss = 1.0099e-04, PNorm = 65.7322, GNorm = 0.0001, lr_0 = 2.7096e-04
Loss = 7.7476e-04, PNorm = 65.7342, GNorm = 0.0006, lr_0 = 2.6889e-04
Loss = 1.3233e-03, PNorm = 65.7359, GNorm = 0.0009, lr_0 = 2.6683e-04
Loss = 3.0296e-03, PNorm = 65.7375, GNorm = 0.1757, lr_0 = 2.6479e-04
Validation auc = 0.689880
Epoch 18
Loss = 4.0073e-04, PNorm = 65.7412, GNorm = 0.0052, lr_0 = 2.6256e-04
Loss = 3.2969e-04, PNorm = 65.7445, GNorm = 0.0000, lr_0 = 2.6055e-04
Loss = 3.4370e-03, PNorm = 65.7468, GNorm = 0.0001, lr_0 = 2.5855e-04
Loss = 7.7729e-04, PNorm = 65.7499, GNorm = 0.0010, lr_0 = 2.5657e-04
Loss = 1.1575e-03, PNorm = 65.7535, GNorm = 0.0000, lr_0 = 2.5461e-04
Loss = 6.2929e-05, PNorm = 65.7556, GNorm = 0.0154, lr_0 = 2.5266e-04
Loss = 1.4071e-04, PNorm = 65.7571, GNorm = 0.0076, lr_0 = 2.5073e-04
Loss = 8.0737e-05, PNorm = 65.7584, GNorm = 0.0000, lr_0 = 2.4881e-04
Loss = 2.6079e-03, PNorm = 65.7590, GNorm = 0.0001, lr_0 = 2.4690e-04
Loss = 2.6229e-03, PNorm = 65.7600, GNorm = 0.0093, lr_0 = 2.4501e-04
Validation auc = 0.690344
Epoch 19
Loss = 2.4036e-05, PNorm = 65.7615, GNorm = 0.0016, lr_0 = 2.4314e-04
Loss = 6.6430e-05, PNorm = 65.7626, GNorm = 0.0007, lr_0 = 2.4127e-04
Loss = 1.3307e-03, PNorm = 65.7635, GNorm = 0.0000, lr_0 = 2.3943e-04
Loss = 8.4058e-05, PNorm = 65.7646, GNorm = 0.0055, lr_0 = 2.3759e-04
Loss = 1.2021e-03, PNorm = 65.7681, GNorm = 0.0032, lr_0 = 2.3577e-04
Loss = 1.5177e-04, PNorm = 65.7708, GNorm = 0.0071, lr_0 = 2.3397e-04
Loss = 3.4837e-04, PNorm = 65.7727, GNorm = 0.0000, lr_0 = 2.3218e-04
Loss = 3.7076e-03, PNorm = 65.7725, GNorm = 0.0009, lr_0 = 2.3040e-04
Loss = 2.7648e-03, PNorm = 65.7734, GNorm = 0.0629, lr_0 = 2.2864e-04
Loss = 7.5037e-04, PNorm = 65.7769, GNorm = 0.0003, lr_0 = 2.2689e-04
Loss = 3.6889e-05, PNorm = 65.7797, GNorm = 0.0004, lr_0 = 2.2515e-04
Validation auc = 0.691034
Epoch 20
Loss = 5.2130e-05, PNorm = 65.7810, GNorm = 0.0013, lr_0 = 2.2325e-04
Loss = 2.3708e-03, PNorm = 65.7830, GNorm = 0.0001, lr_0 = 2.2154e-04
Loss = 5.2183e-04, PNorm = 65.7862, GNorm = 0.0002, lr_0 = 2.1985e-04
Loss = 1.5151e-03, PNorm = 65.7889, GNorm = 0.0001, lr_0 = 2.1816e-04
Loss = 4.5489e-04, PNorm = 65.7931, GNorm = 0.0035, lr_0 = 2.1649e-04
Loss = 5.5218e-03, PNorm = 65.7975, GNorm = 0.0007, lr_0 = 2.1484e-04
Loss = 7.4487e-05, PNorm = 65.8012, GNorm = 0.0001, lr_0 = 2.1319e-04
Loss = 1.1841e-03, PNorm = 65.8041, GNorm = 0.1461, lr_0 = 2.1156e-04
Loss = 1.7703e-04, PNorm = 65.8075, GNorm = 0.0013, lr_0 = 2.0994e-04
Loss = 3.8731e-03, PNorm = 65.8092, GNorm = 0.0000, lr_0 = 2.0833e-04
Loss = 2.4072e-05, PNorm = 65.8102, GNorm = 0.0006, lr_0 = 2.0674e-04
Validation auc = 0.687832
Epoch 21
Loss = 8.7830e-05, PNorm = 65.8111, GNorm = 0.0004, lr_0 = 2.0500e-04
Loss = 4.6468e-04, PNorm = 65.8134, GNorm = 0.0001, lr_0 = 2.0343e-04
Loss = 3.7212e-03, PNorm = 65.8148, GNorm = 0.0073, lr_0 = 2.0187e-04
Loss = 1.6615e-03, PNorm = 65.8163, GNorm = 0.3105, lr_0 = 2.0033e-04
Loss = 1.8546e-04, PNorm = 65.8186, GNorm = 0.0000, lr_0 = 1.9879e-04
Loss = 1.1324e-03, PNorm = 65.8203, GNorm = 0.0001, lr_0 = 1.9727e-04
Loss = 1.6154e-03, PNorm = 65.8227, GNorm = 0.2054, lr_0 = 1.9576e-04
Loss = 1.6623e-04, PNorm = 65.8265, GNorm = 0.0001, lr_0 = 1.9426e-04
Loss = 9.6448e-03, PNorm = 65.8267, GNorm = 0.0051, lr_0 = 1.9277e-04
Loss = 4.7622e-05, PNorm = 65.8285, GNorm = 0.0010, lr_0 = 1.9130e-04
Loss = 1.0904e-03, PNorm = 65.8298, GNorm = 0.0018, lr_0 = 1.8983e-04
Validation auc = 0.685913
Epoch 22
Loss = 1.5819e-03, PNorm = 65.8307, GNorm = 0.0005, lr_0 = 1.8838e-04
Loss = 2.6968e-04, PNorm = 65.8316, GNorm = 0.0013, lr_0 = 1.8694e-04
Loss = 2.9671e-05, PNorm = 65.8322, GNorm = 0.0002, lr_0 = 1.8551e-04
Loss = 3.0945e-05, PNorm = 65.8327, GNorm = 0.0023, lr_0 = 1.8409e-04
Loss = 1.4083e-03, PNorm = 65.8331, GNorm = 0.0574, lr_0 = 1.8268e-04
Loss = 2.4296e-05, PNorm = 65.8337, GNorm = 0.0000, lr_0 = 1.8128e-04
Loss = 2.3635e-04, PNorm = 65.8346, GNorm = 0.0123, lr_0 = 1.7989e-04
Loss = 9.6688e-04, PNorm = 65.8354, GNorm = 0.0811, lr_0 = 1.7851e-04
Loss = 3.8527e-03, PNorm = 65.8361, GNorm = 0.0001, lr_0 = 1.7715e-04
Loss = 5.7730e-04, PNorm = 65.8369, GNorm = 0.0000, lr_0 = 1.7579e-04
Validation auc = 0.684876
Epoch 23
Loss = 5.0394e-03, PNorm = 65.8380, GNorm = 0.0583, lr_0 = 1.7431e-04
Loss = 4.1061e-03, PNorm = 65.8384, GNorm = 0.0000, lr_0 = 1.7298e-04
Loss = 7.7270e-04, PNorm = 65.8400, GNorm = 0.0008, lr_0 = 1.7165e-04
Loss = 1.2981e-03, PNorm = 65.8409, GNorm = 0.0127, lr_0 = 1.7034e-04
Loss = 3.3970e-04, PNorm = 65.8421, GNorm = 0.0000, lr_0 = 1.6903e-04
Loss = 5.6192e-04, PNorm = 65.8437, GNorm = 0.0002, lr_0 = 1.6774e-04
Loss = 1.8266e-04, PNorm = 65.8453, GNorm = 0.0009, lr_0 = 1.6645e-04
Loss = 3.0475e-03, PNorm = 65.8454, GNorm = 0.0012, lr_0 = 1.6518e-04
Loss = 1.5315e-03, PNorm = 65.8488, GNorm = 0.0065, lr_0 = 1.6392e-04
Loss = 3.9658e-04, PNorm = 65.8520, GNorm = 0.0000, lr_0 = 1.6266e-04
Loss = 2.7673e-03, PNorm = 65.8537, GNorm = 0.0012, lr_0 = 1.6142e-04
Validation auc = 0.681449
Epoch 24
Loss = 3.9155e-03, PNorm = 65.8551, GNorm = 0.0016, lr_0 = 1.6006e-04
Loss = 1.5189e-03, PNorm = 65.8557, GNorm = 0.0001, lr_0 = 1.5883e-04
Loss = 2.6247e-04, PNorm = 65.8566, GNorm = 0.0000, lr_0 = 1.5761e-04
Loss = 6.3809e-04, PNorm = 65.8575, GNorm = 0.0031, lr_0 = 1.5641e-04
Loss = 5.0861e-04, PNorm = 65.8588, GNorm = 0.0001, lr_0 = 1.5521e-04
Loss = 1.3237e-04, PNorm = 65.8600, GNorm = 0.0000, lr_0 = 1.5402e-04
Loss = 1.3788e-03, PNorm = 65.8612, GNorm = 0.0014, lr_0 = 1.5284e-04
Loss = 6.7313e-05, PNorm = 65.8633, GNorm = 0.0006, lr_0 = 1.5167e-04
Loss = 1.1561e-03, PNorm = 65.8643, GNorm = 0.0094, lr_0 = 1.5051e-04
Loss = 1.6983e-03, PNorm = 65.8644, GNorm = 0.0002, lr_0 = 1.4936e-04
Loss = 6.1933e-03, PNorm = 65.8647, GNorm = 0.0216, lr_0 = 1.4822e-04
Validation auc = 0.681858
Epoch 25
Loss = 6.2900e-04, PNorm = 65.8663, GNorm = 0.0000, lr_0 = 1.4708e-04
Loss = 1.0194e-03, PNorm = 65.8674, GNorm = 0.0042, lr_0 = 1.4595e-04
Loss = 3.9584e-04, PNorm = 65.8685, GNorm = 0.0000, lr_0 = 1.4484e-04
Loss = 1.1269e-03, PNorm = 65.8696, GNorm = 0.0026, lr_0 = 1.4373e-04
Loss = 1.4488e-03, PNorm = 65.8700, GNorm = 0.0007, lr_0 = 1.4263e-04
Loss = 1.1385e-04, PNorm = 65.8705, GNorm = 0.0000, lr_0 = 1.4154e-04
Loss = 9.9819e-04, PNorm = 65.8715, GNorm = 0.1102, lr_0 = 1.4045e-04
Loss = 2.4362e-03, PNorm = 65.8731, GNorm = 0.0000, lr_0 = 1.3938e-04
Loss = 5.0546e-05, PNorm = 65.8759, GNorm = 0.0040, lr_0 = 1.3831e-04
Loss = 9.6995e-04, PNorm = 65.8775, GNorm = 0.0396, lr_0 = 1.3725e-04
Loss = 3.7494e-03, PNorm = 65.8784, GNorm = 0.0004, lr_0 = 1.3620e-04
Loss = 8.5682e-08, PNorm = 65.8784, GNorm = 0.0000, lr_0 = 1.3610e-04
Validation auc = 0.678120
Epoch 26
Loss = 7.5582e-04, PNorm = 65.8794, GNorm = 0.0000, lr_0 = 1.3505e-04
Loss = 8.2713e-05, PNorm = 65.8803, GNorm = 0.0163, lr_0 = 1.3402e-04
Loss = 9.5025e-05, PNorm = 65.8815, GNorm = 0.0010, lr_0 = 1.3299e-04
Loss = 1.3234e-04, PNorm = 65.8826, GNorm = 0.0312, lr_0 = 1.3198e-04
Loss = 3.1159e-04, PNorm = 65.8838, GNorm = 0.0003, lr_0 = 1.3097e-04
Loss = 1.7363e-04, PNorm = 65.8849, GNorm = 0.0014, lr_0 = 1.2996e-04
Loss = 1.6505e-04, PNorm = 65.8865, GNorm = 0.0000, lr_0 = 1.2897e-04
Loss = 3.2615e-03, PNorm = 65.8877, GNorm = 0.0007, lr_0 = 1.2798e-04
Loss = 2.9573e-05, PNorm = 65.8886, GNorm = 0.0002, lr_0 = 1.2700e-04
Loss = 1.1156e-03, PNorm = 65.8901, GNorm = 0.0000, lr_0 = 1.2603e-04
Validation auc = 0.675730
Epoch 27
Loss = 6.3546e-04, PNorm = 65.8919, GNorm = 0.0090, lr_0 = 1.2497e-04
Loss = 7.9216e-05, PNorm = 65.8932, GNorm = 0.0000, lr_0 = 1.2401e-04
Loss = 2.0393e-03, PNorm = 65.8940, GNorm = 0.0004, lr_0 = 1.2306e-04
Loss = 2.6001e-05, PNorm = 65.8944, GNorm = 0.0030, lr_0 = 1.2212e-04
Loss = 1.1632e-03, PNorm = 65.8950, GNorm = 0.0166, lr_0 = 1.2118e-04
Loss = 8.2910e-04, PNorm = 65.8961, GNorm = 0.0000, lr_0 = 1.2026e-04
Loss = 4.5158e-05, PNorm = 65.8969, GNorm = 0.0073, lr_0 = 1.1934e-04
Loss = 1.5338e-03, PNorm = 65.8985, GNorm = 0.0002, lr_0 = 1.1842e-04
Loss = 6.6905e-03, PNorm = 65.9001, GNorm = 0.0002, lr_0 = 1.1752e-04
Loss = 1.2041e-03, PNorm = 65.8999, GNorm = 0.0004, lr_0 = 1.1662e-04
Loss = 3.2837e-03, PNorm = 65.9014, GNorm = 0.0002, lr_0 = 1.1572e-04
Validation auc = 0.674405
Epoch 28
Loss = 8.8253e-05, PNorm = 65.9027, GNorm = 0.0097, lr_0 = 1.1475e-04
Loss = 6.6925e-04, PNorm = 65.9036, GNorm = 0.0008, lr_0 = 1.1387e-04
Loss = 9.8980e-04, PNorm = 65.9042, GNorm = 0.0396, lr_0 = 1.1300e-04
Loss = 3.6452e-05, PNorm = 65.9047, GNorm = 0.0002, lr_0 = 1.1213e-04
Loss = 1.0084e-03, PNorm = 65.9051, GNorm = 0.0374, lr_0 = 1.1127e-04
Loss = 7.9354e-05, PNorm = 65.9060, GNorm = 0.0187, lr_0 = 1.1042e-04
Loss = 8.6692e-05, PNorm = 65.9071, GNorm = 0.0002, lr_0 = 1.0958e-04
Loss = 1.3788e-03, PNorm = 65.9079, GNorm = 0.0168, lr_0 = 1.0874e-04
Loss = 1.8673e-04, PNorm = 65.9087, GNorm = 0.0360, lr_0 = 1.0791e-04
Loss = 1.2064e-03, PNorm = 65.9102, GNorm = 0.0003, lr_0 = 1.0708e-04
Loss = 3.2848e-03, PNorm = 65.9111, GNorm = 0.1607, lr_0 = 1.0626e-04
Validation auc = 0.674965
Epoch 29
Loss = 8.5649e-03, PNorm = 65.9121, GNorm = 0.0029, lr_0 = 1.0545e-04
Loss = 2.9367e-04, PNorm = 65.9134, GNorm = 0.0003, lr_0 = 1.0464e-04
Loss = 1.1462e-04, PNorm = 65.9141, GNorm = 0.0002, lr_0 = 1.0384e-04
Loss = 7.4466e-04, PNorm = 65.9148, GNorm = 0.0145, lr_0 = 1.0304e-04
Loss = 8.3096e-04, PNorm = 65.9158, GNorm = 0.0707, lr_0 = 1.0225e-04
Loss = 1.0295e-05, PNorm = 65.9164, GNorm = 0.0000, lr_0 = 1.0147e-04
Loss = 1.6151e-03, PNorm = 65.9167, GNorm = 0.0013, lr_0 = 1.0069e-04
Loss = 2.9949e-05, PNorm = 65.9171, GNorm = 0.0000, lr_0 = 1.0000e-04
Loss = 2.3607e-03, PNorm = 65.9176, GNorm = 0.0459, lr_0 = 1.0000e-04
Loss = 2.6910e-05, PNorm = 65.9183, GNorm = 0.0002, lr_0 = 1.0000e-04
Validation auc = 0.675784
Model 0 best validation auc = 0.699248 on epoch 2
Loading pretrained parameter "ffn.1.weight".
Loading pretrained parameter "ffn.1.bias".
Loading pretrained parameter "ffn.4.weight".
Loading pretrained parameter "ffn.4.bias".
Loading pretrained parameter "ffn.7.weight".
Loading pretrained parameter "ffn.7.bias".
Loading pretrained parameter "ffn.10.weight".
Loading pretrained parameter "ffn.10.bias".
Model 0 test auc = 0.721486
Ensemble test auc = 0.721486
3-fold cross validation
	Seed 0 ==> test auc = 0.524265
	Seed 1 ==> test auc = 0.695127
	Seed 2 ==> test auc = 0.721486
Overall test auc = 0.646959 +/- 0.087423
Elapsed time = 0:13:14
