Command line
python train.py --ffn_num_layers 4 --hidden_size 1500 --dropout 0.1 --save_dir ../../../ian_stat_phase_ML/models/ffn_hyperopt_for_pub/33 --data_path ../../../ian_stat_phase_ML/data/round3finalval08162021_FULL_for_sklearn.csv --num_folds 3 --dataset_type classification --features_generator morgan --no_features_scaling --split_type scaffold_balanced --split_sizes 0.8 0.1 0.1 --smiles_columns SMILES --target_columns hit_inh hit_kill --depth 0 --features_only
Args
{'activation': 'ReLU',
 'aggregation': 'mean',
 'aggregation_norm': 100,
 'atom_descriptors': None,
 'atom_descriptors_path': None,
 'atom_descriptors_size': 0,
 'atom_features_size': 0,
 'atom_messages': False,
 'batch_size': 50,
 'bias': False,
 'cache_cutoff': 10000,
 'checkpoint_dir': None,
 'checkpoint_path': None,
 'checkpoint_paths': None,
 'class_balance': False,
 'config_path': None,
 'crossval_index_dir': None,
 'crossval_index_file': None,
 'crossval_index_sets': None,
 'cuda': False,
 'data_path': '../../../ian_stat_phase_ML/data/round3finalval08162021_FULL_for_sklearn.csv',
 'dataset_type': 'classification',
 'depth': 0,
 'device': device(type='cpu'),
 'dropout': 0.1,
 'ensemble_size': 1,
 'epochs': 30,
 'extra_metrics': [],
 'features_generator': ['morgan'],
 'features_only': True,
 'features_path': None,
 'features_scaling': False,
 'features_size': None,
 'ffn_hidden_size': 1500,
 'ffn_num_layers': 4,
 'final_lr': 0.0001,
 'folds_file': None,
 'gpu': None,
 'grad_clip': None,
 'hidden_size': 1500,
 'ignore_columns': None,
 'init_lr': 0.0001,
 'log_frequency': 10,
 'max_data_size': None,
 'max_lr': 0.001,
 'metric': 'auc',
 'metrics': ['auc'],
 'minimize_score': False,
 'mpn_shared': False,
 'multiclass_num_classes': 3,
 'no_cache_mol': False,
 'no_cuda': False,
 'no_features_scaling': True,
 'num_folds': 3,
 'num_lrs': 1,
 'num_tasks': 2,
 'num_workers': 8,
 'number_of_molecules': 1,
 'pytorch_seed': 0,
 'quiet': False,
 'save_dir': '../../../ian_stat_phase_ML/models/ffn_hyperopt_for_pub/33',
 'save_preds': False,
 'save_smiles_splits': False,
 'seed': 0,
 'separate_test_features_path': None,
 'separate_test_path': None,
 'separate_val_features_path': None,
 'separate_val_path': None,
 'show_individual_scores': False,
 'smiles_columns': ['SMILES'],
 'split_sizes': (0.8, 0.1, 0.1),
 'split_type': 'scaffold_balanced',
 'target_columns': ['hit_inh', 'hit_kill'],
 'task_names': ['hit_inh', 'hit_kill'],
 'test': False,
 'test_fold_index': None,
 'train_data_size': None,
 'undirected': False,
 'use_input_features': True,
 'val_fold_index': None,
 'warmup_epochs': 2.0}
Loading data
Warning: 7 SMILES are invalid.
Number of tasks = 2
Fold 0
Splitting data with seed 0
Total scaffolds = 4,180 | train scaffolds = 3,209 | val scaffolds = 497 | test scaffolds = 474
Label averages per scaffold, in decreasing order of scaffold frequency,capped at 10 scaffolds and 20 labels:
Scaffold 0
Task 0: count = 468 | target average = 0.019231
Task 1: count = 468 | target average = 0.014957


Scaffold 1
Task 0: count = 383 | target average = 0.007833
Task 1: count = 383 | target average = 0.013055


Scaffold 2
Task 0: count = 44 | target average = 0.000000
Task 1: count = 44 | target average = 0.000000


Scaffold 3
Task 0: count = 35 | target average = 0.000000
Task 1: count = 35 | target average = 0.000000


Scaffold 4
Task 0: count = 34 | target average = 0.000000
Task 1: count = 34 | target average = 0.000000


Scaffold 5
Task 0: count = 30 | target average = 0.000000
Task 1: count = 30 | target average = 0.000000


Scaffold 6
Task 0: count = 28 | target average = 0.000000
Task 1: count = 28 | target average = 0.000000


Scaffold 7
Task 0: count = 27 | target average = 0.074074
Task 1: count = 27 | target average = 0.074074


Scaffold 8
Task 0: count = 25 | target average = 0.040000
Task 1: count = 25 | target average = 0.000000


Scaffold 9
Task 0: count = 23 | target average = 0.000000
Task 1: count = 23 | target average = 0.000000


Class sizes
hit_inh 0: 97.79%, 1: 2.21%
hit_kill 0: 98.75%, 1: 1.25%
Total size = 6,708 | train size = 5,366 | val size = 670 | test size = 672
Building model 0
MoleculeModel(
  (sigmoid): Sigmoid()
  (encoder): MPN()
  (ffn): Sequential(
    (0): Dropout(p=0.1, inplace=False)
    (1): Linear(in_features=2048, out_features=1500, bias=True)
    (2): ReLU()
    (3): Dropout(p=0.1, inplace=False)
    (4): Linear(in_features=1500, out_features=1500, bias=True)
    (5): ReLU()
    (6): Dropout(p=0.1, inplace=False)
    (7): Linear(in_features=1500, out_features=1500, bias=True)
    (8): ReLU()
    (9): Dropout(p=0.1, inplace=False)
    (10): Linear(in_features=1500, out_features=2, bias=True)
  )
)
Number of parameters = 7,579,502
Epoch 0
Loss = 3.5207e-01, PNorm = 68.8830, GNorm = 0.2891, lr_0 = 1.4626e-04
Loss = 9.4367e-02, PNorm = 68.9395, GNorm = 0.1788, lr_0 = 1.8832e-04
Loss = 1.3103e-01, PNorm = 68.9509, GNorm = 0.1254, lr_0 = 2.3037e-04
Loss = 8.9395e-02, PNorm = 68.9597, GNorm = 0.2441, lr_0 = 2.7243e-04
Loss = 1.2452e-01, PNorm = 68.9898, GNorm = 0.3952, lr_0 = 3.1449e-04
Loss = 6.9249e-02, PNorm = 69.0370, GNorm = 0.3254, lr_0 = 3.5654e-04
Loss = 7.1527e-02, PNorm = 69.1011, GNorm = 0.0870, lr_0 = 3.9860e-04
Loss = 1.0557e-01, PNorm = 69.1671, GNorm = 0.2116, lr_0 = 4.4065e-04
Loss = 5.9320e-02, PNorm = 69.2973, GNorm = 0.0456, lr_0 = 4.8271e-04
Loss = 6.6062e-02, PNorm = 69.3879, GNorm = 0.1324, lr_0 = 5.2477e-04
Validation auc = 0.887559
Epoch 1
Loss = 3.4464e-02, PNorm = 69.5569, GNorm = 0.1368, lr_0 = 5.7103e-04
Loss = 5.7152e-02, PNorm = 69.7131, GNorm = 0.0739, lr_0 = 6.1308e-04
Loss = 3.7225e-02, PNorm = 69.8821, GNorm = 0.2866, lr_0 = 6.5514e-04
Loss = 4.9026e-02, PNorm = 70.0248, GNorm = 0.2627, lr_0 = 6.9720e-04
Loss = 3.3779e-02, PNorm = 70.1991, GNorm = 0.1651, lr_0 = 7.3925e-04
Loss = 5.1088e-02, PNorm = 70.4119, GNorm = 0.0586, lr_0 = 7.8131e-04
Loss = 8.9851e-02, PNorm = 70.6539, GNorm = 0.4676, lr_0 = 8.2336e-04
Loss = 3.2272e-02, PNorm = 71.0172, GNorm = 0.0383, lr_0 = 8.6542e-04
Loss = 7.3150e-02, PNorm = 71.2477, GNorm = 0.1718, lr_0 = 9.0748e-04
Loss = 7.4224e-02, PNorm = 71.6547, GNorm = 0.2304, lr_0 = 9.4953e-04
Loss = 5.9517e-02, PNorm = 71.9721, GNorm = 0.1582, lr_0 = 9.9159e-04
Validation auc = 0.881837
Epoch 2
Loss = 3.2720e-02, PNorm = 72.3289, GNorm = 0.1031, lr_0 = 9.9311e-04
Loss = 1.8080e-02, PNorm = 72.6447, GNorm = 0.0239, lr_0 = 9.8550e-04
Loss = 2.3156e-02, PNorm = 72.8133, GNorm = 0.0737, lr_0 = 9.7796e-04
Loss = 3.2416e-02, PNorm = 72.9659, GNorm = 0.1409, lr_0 = 9.7047e-04
Loss = 3.3609e-02, PNorm = 73.1952, GNorm = 0.1828, lr_0 = 9.6304e-04
Loss = 2.7834e-02, PNorm = 73.3790, GNorm = 0.1811, lr_0 = 9.5567e-04
Loss = 1.6053e-02, PNorm = 73.5453, GNorm = 0.1357, lr_0 = 9.4835e-04
Loss = 2.2575e-02, PNorm = 73.7069, GNorm = 0.2613, lr_0 = 9.4109e-04
Loss = 3.4717e-02, PNorm = 73.8915, GNorm = 0.0695, lr_0 = 9.3389e-04
Loss = 2.8525e-02, PNorm = 74.0753, GNorm = 0.1666, lr_0 = 9.2674e-04
Loss = 2.6860e-02, PNorm = 74.2403, GNorm = 0.1009, lr_0 = 9.1964e-04
Validation auc = 0.861293
Epoch 3
Loss = 1.4996e-02, PNorm = 74.4327, GNorm = 0.0306, lr_0 = 9.1190e-04
Loss = 1.7063e-02, PNorm = 74.5741, GNorm = 0.0392, lr_0 = 9.0492e-04
Loss = 2.2200e-02, PNorm = 74.6768, GNorm = 0.0218, lr_0 = 8.9799e-04
Loss = 1.6260e-02, PNorm = 74.7881, GNorm = 0.0491, lr_0 = 8.9111e-04
Loss = 8.1316e-03, PNorm = 74.8817, GNorm = 0.0339, lr_0 = 8.8429e-04
Loss = 2.3184e-02, PNorm = 74.9887, GNorm = 0.5885, lr_0 = 8.7752e-04
Loss = 1.4694e-02, PNorm = 75.1711, GNorm = 0.3728, lr_0 = 8.7080e-04
Loss = 2.3650e-02, PNorm = 75.2885, GNorm = 0.0028, lr_0 = 8.6414e-04
Loss = 3.5504e-02, PNorm = 75.3933, GNorm = 0.1078, lr_0 = 8.5752e-04
Loss = 1.2323e-02, PNorm = 75.5619, GNorm = 0.0103, lr_0 = 8.5095e-04
Validation auc = 0.864297
Epoch 4
Loss = 4.8964e-03, PNorm = 75.6787, GNorm = 0.0361, lr_0 = 8.4444e-04
Loss = 8.7167e-03, PNorm = 75.7712, GNorm = 0.0186, lr_0 = 8.3797e-04
Loss = 2.0234e-03, PNorm = 75.8298, GNorm = 0.0221, lr_0 = 8.3156e-04
Loss = 1.6633e-02, PNorm = 75.8676, GNorm = 0.0033, lr_0 = 8.2519e-04
Loss = 1.8026e-02, PNorm = 75.9054, GNorm = 0.1989, lr_0 = 8.1888e-04
Loss = 1.6825e-02, PNorm = 75.9538, GNorm = 0.2668, lr_0 = 8.1261e-04
Loss = 9.7576e-03, PNorm = 76.0333, GNorm = 0.0149, lr_0 = 8.0638e-04
Loss = 1.5279e-02, PNorm = 76.1144, GNorm = 0.2309, lr_0 = 8.0021e-04
Loss = 1.3645e-02, PNorm = 76.1852, GNorm = 0.1411, lr_0 = 7.9408e-04
Loss = 7.4769e-03, PNorm = 76.2369, GNorm = 0.0331, lr_0 = 7.8800e-04
Loss = 1.6605e-02, PNorm = 76.2768, GNorm = 0.0963, lr_0 = 7.8197e-04
Validation auc = 0.860840
Epoch 5
Loss = 5.7456e-03, PNorm = 76.3432, GNorm = 0.0241, lr_0 = 7.7539e-04
Loss = 1.0225e-02, PNorm = 76.3960, GNorm = 0.0045, lr_0 = 7.6945e-04
Loss = 4.2663e-03, PNorm = 76.4399, GNorm = 0.0158, lr_0 = 7.6356e-04
Loss = 1.0374e-03, PNorm = 76.4716, GNorm = 0.0437, lr_0 = 7.5772e-04
Loss = 1.2566e-02, PNorm = 76.4931, GNorm = 0.0004, lr_0 = 7.5191e-04
Loss = 9.6213e-03, PNorm = 76.5152, GNorm = 0.0072, lr_0 = 7.4616e-04
Loss = 6.7586e-03, PNorm = 76.5494, GNorm = 0.1167, lr_0 = 7.4044e-04
Loss = 5.5991e-03, PNorm = 76.5862, GNorm = 0.1543, lr_0 = 7.3478e-04
Loss = 3.7845e-03, PNorm = 76.6217, GNorm = 0.1591, lr_0 = 7.2915e-04
Loss = 4.9523e-03, PNorm = 76.6582, GNorm = 0.0014, lr_0 = 7.2357e-04
Loss = 4.8418e-03, PNorm = 76.6943, GNorm = 0.0800, lr_0 = 7.1803e-04
Validation auc = 0.869298
Epoch 6
Loss = 1.4509e-02, PNorm = 76.7407, GNorm = 0.0017, lr_0 = 7.1198e-04
Loss = 5.9423e-03, PNorm = 76.7799, GNorm = 0.0023, lr_0 = 7.0653e-04
Loss = 3.3447e-03, PNorm = 76.8064, GNorm = 0.0010, lr_0 = 7.0112e-04
Loss = 2.8833e-03, PNorm = 76.8284, GNorm = 0.0833, lr_0 = 6.9576e-04
Loss = 5.8530e-03, PNorm = 76.8457, GNorm = 0.0034, lr_0 = 6.9043e-04
Loss = 9.7099e-03, PNorm = 76.8769, GNorm = 0.5543, lr_0 = 6.8514e-04
Loss = 9.0172e-03, PNorm = 76.9378, GNorm = 0.0332, lr_0 = 6.7990e-04
Loss = 2.0548e-03, PNorm = 76.9779, GNorm = 0.0114, lr_0 = 6.7469e-04
Loss = 5.2381e-03, PNorm = 77.0073, GNorm = 0.0078, lr_0 = 6.6953e-04
Loss = 5.7149e-03, PNorm = 77.0353, GNorm = 0.1090, lr_0 = 6.6440e-04
Loss = 9.6815e-03, PNorm = 77.0495, GNorm = 0.1902, lr_0 = 6.5931e-04
Validation auc = 0.867130
Epoch 7
Loss = 6.0120e-04, PNorm = 77.0725, GNorm = 0.0024, lr_0 = 6.5427e-04
Loss = 1.8615e-03, PNorm = 77.0942, GNorm = 0.0016, lr_0 = 6.4926e-04
Loss = 2.9470e-03, PNorm = 77.1099, GNorm = 0.0543, lr_0 = 6.4429e-04
Loss = 1.1860e-03, PNorm = 77.1258, GNorm = 0.0184, lr_0 = 6.3935e-04
Loss = 3.0386e-04, PNorm = 77.1398, GNorm = 0.0066, lr_0 = 6.3446e-04
Loss = 6.4651e-03, PNorm = 77.1452, GNorm = 0.0016, lr_0 = 6.2960e-04
Loss = 2.0124e-03, PNorm = 77.1500, GNorm = 0.0002, lr_0 = 6.2478e-04
Loss = 2.6644e-03, PNorm = 77.1620, GNorm = 0.0053, lr_0 = 6.2000e-04
Loss = 6.9896e-03, PNorm = 77.1747, GNorm = 0.2465, lr_0 = 6.1525e-04
Loss = 3.5046e-02, PNorm = 77.1520, GNorm = 0.1126, lr_0 = 6.1054e-04
Validation auc = 0.855424
Epoch 8
Loss = 6.7432e-03, PNorm = 77.1718, GNorm = 0.0056, lr_0 = 6.0540e-04
Loss = 1.5469e-03, PNorm = 77.2099, GNorm = 0.0325, lr_0 = 6.0077e-04
Loss = 4.2922e-03, PNorm = 77.2427, GNorm = 0.0010, lr_0 = 5.9617e-04
Loss = 2.5446e-03, PNorm = 77.2688, GNorm = 0.0005, lr_0 = 5.9160e-04
Loss = 5.4260e-03, PNorm = 77.2848, GNorm = 0.0044, lr_0 = 5.8707e-04
Loss = 2.4588e-03, PNorm = 77.2989, GNorm = 0.0071, lr_0 = 5.8258e-04
Loss = 6.4740e-04, PNorm = 77.3170, GNorm = 0.0030, lr_0 = 5.7812e-04
Loss = 6.5909e-04, PNorm = 77.3315, GNorm = 0.0027, lr_0 = 5.7369e-04
Loss = 2.7274e-03, PNorm = 77.3434, GNorm = 0.0186, lr_0 = 5.6930e-04
Loss = 3.1152e-03, PNorm = 77.3560, GNorm = 0.0027, lr_0 = 5.6494e-04
Loss = 3.4848e-03, PNorm = 77.3650, GNorm = 0.0019, lr_0 = 5.6062e-04
Validation auc = 0.870614
Epoch 9
Loss = 4.5907e-03, PNorm = 77.3800, GNorm = 0.0348, lr_0 = 5.5590e-04
Loss = 9.2015e-04, PNorm = 77.3945, GNorm = 0.0139, lr_0 = 5.5164e-04
Loss = 1.8329e-03, PNorm = 77.4152, GNorm = 0.0803, lr_0 = 5.4742e-04
Loss = 5.4325e-04, PNorm = 77.4326, GNorm = 0.0736, lr_0 = 5.4323e-04
Loss = 3.1029e-03, PNorm = 77.4416, GNorm = 0.0005, lr_0 = 5.3907e-04
Loss = 5.7461e-04, PNorm = 77.4553, GNorm = 0.0020, lr_0 = 5.3494e-04
Loss = 4.4921e-04, PNorm = 77.4698, GNorm = 0.0001, lr_0 = 5.3084e-04
Loss = 7.4969e-03, PNorm = 77.4781, GNorm = 0.0674, lr_0 = 5.2678e-04
Loss = 1.2033e-03, PNorm = 77.4915, GNorm = 0.1472, lr_0 = 5.2275e-04
Loss = 1.0884e-03, PNorm = 77.5064, GNorm = 0.0069, lr_0 = 5.1874e-04
Loss = 2.6400e-03, PNorm = 77.5156, GNorm = 0.2911, lr_0 = 5.1477e-04
Validation auc = 0.869919
Epoch 10
Loss = 1.9557e-03, PNorm = 77.5236, GNorm = 0.0035, lr_0 = 5.1083e-04
Loss = 1.6282e-03, PNorm = 77.5308, GNorm = 0.0025, lr_0 = 5.0692e-04
Loss = 4.9278e-03, PNorm = 77.5365, GNorm = 0.0587, lr_0 = 5.0304e-04
Loss = 1.6359e-03, PNorm = 77.5429, GNorm = 0.0032, lr_0 = 4.9919e-04
Loss = 6.7712e-04, PNorm = 77.5577, GNorm = 0.0006, lr_0 = 4.9537e-04
Loss = 4.2318e-04, PNorm = 77.5706, GNorm = 0.0015, lr_0 = 4.9157e-04
Loss = 9.4454e-04, PNorm = 77.5818, GNorm = 0.0003, lr_0 = 4.8781e-04
Loss = 5.0335e-03, PNorm = 77.5900, GNorm = 0.3226, lr_0 = 4.8408e-04
Loss = 3.7684e-04, PNorm = 77.6034, GNorm = 0.0001, lr_0 = 4.8037e-04
Loss = 3.5706e-05, PNorm = 77.6140, GNorm = 0.0001, lr_0 = 4.7669e-04
Loss = 1.7314e-03, PNorm = 77.6194, GNorm = 0.0000, lr_0 = 4.7304e-04
Loss = 1.8602e-04, PNorm = 77.6199, GNorm = 0.0050, lr_0 = 4.7268e-04
Validation auc = 0.873149
Epoch 11
Loss = 1.0779e-03, PNorm = 77.6253, GNorm = 0.0000, lr_0 = 4.6906e-04
Loss = 1.7739e-03, PNorm = 77.6300, GNorm = 0.0044, lr_0 = 4.6547e-04
Loss = 4.6605e-04, PNorm = 77.6338, GNorm = 0.0066, lr_0 = 4.6191e-04
Loss = 1.3457e-04, PNorm = 77.6374, GNorm = 0.0001, lr_0 = 4.5837e-04
Loss = 4.0669e-04, PNorm = 77.6426, GNorm = 0.0230, lr_0 = 4.5486e-04
Loss = 5.3392e-04, PNorm = 77.6472, GNorm = 0.0002, lr_0 = 4.5138e-04
Loss = 1.3842e-05, PNorm = 77.6499, GNorm = 0.0014, lr_0 = 4.4792e-04
Loss = 2.2169e-03, PNorm = 77.6520, GNorm = 0.0002, lr_0 = 4.4449e-04
Loss = 3.0037e-04, PNorm = 77.6567, GNorm = 0.0008, lr_0 = 4.4109e-04
Loss = 4.4357e-03, PNorm = 77.6577, GNorm = 0.0064, lr_0 = 4.3771e-04
Validation auc = 0.874189
Epoch 12
Loss = 3.7495e-03, PNorm = 77.6594, GNorm = 0.0044, lr_0 = 4.3403e-04
Loss = 1.2290e-03, PNorm = 77.6611, GNorm = 0.0002, lr_0 = 4.3070e-04
Loss = 2.0909e-05, PNorm = 77.6623, GNorm = 0.0006, lr_0 = 4.2741e-04
Loss = 5.9153e-05, PNorm = 77.6634, GNorm = 0.0002, lr_0 = 4.2413e-04
Loss = 3.2038e-04, PNorm = 77.6650, GNorm = 0.0002, lr_0 = 4.2089e-04
Loss = 1.2166e-03, PNorm = 77.6676, GNorm = 0.0006, lr_0 = 4.1766e-04
Loss = 3.1772e-05, PNorm = 77.6703, GNorm = 0.0024, lr_0 = 4.1447e-04
Loss = 4.2149e-04, PNorm = 77.6724, GNorm = 0.0002, lr_0 = 4.1129e-04
Loss = 1.6673e-04, PNorm = 77.6751, GNorm = 0.0006, lr_0 = 4.0814e-04
Loss = 4.2919e-03, PNorm = 77.6758, GNorm = 0.0003, lr_0 = 4.0502e-04
Loss = 9.6495e-05, PNorm = 77.6765, GNorm = 0.0001, lr_0 = 4.0192e-04
Validation auc = 0.874977
Epoch 13
Loss = 4.8070e-05, PNorm = 77.6776, GNorm = 0.0001, lr_0 = 3.9884e-04
Loss = 5.0645e-05, PNorm = 77.6791, GNorm = 0.0031, lr_0 = 3.9579e-04
Loss = 1.2710e-04, PNorm = 77.6809, GNorm = 0.0085, lr_0 = 3.9276e-04
Loss = 4.2236e-03, PNorm = 77.6833, GNorm = 0.1583, lr_0 = 3.8975e-04
Loss = 4.0676e-05, PNorm = 77.6861, GNorm = 0.0022, lr_0 = 3.8677e-04
Loss = 1.1806e-05, PNorm = 77.6880, GNorm = 0.0001, lr_0 = 3.8381e-04
Loss = 1.3555e-05, PNorm = 77.6891, GNorm = 0.0000, lr_0 = 3.8087e-04
Loss = 3.9852e-04, PNorm = 77.6911, GNorm = 0.0187, lr_0 = 3.7795e-04
Loss = 1.2472e-03, PNorm = 77.6938, GNorm = 0.0008, lr_0 = 3.7506e-04
Loss = 1.2112e-04, PNorm = 77.6963, GNorm = 0.0002, lr_0 = 3.7219e-04
Loss = 1.5485e-04, PNorm = 77.6997, GNorm = 0.0000, lr_0 = 3.6934e-04
Validation auc = 0.874077
Epoch 14
Loss = 1.0676e-04, PNorm = 77.7027, GNorm = 0.0000, lr_0 = 3.6623e-04
Loss = 1.9519e-03, PNorm = 77.7073, GNorm = 0.0002, lr_0 = 3.6342e-04
Loss = 4.0295e-04, PNorm = 77.7099, GNorm = 0.0000, lr_0 = 3.6064e-04
Loss = 3.5912e-04, PNorm = 77.7123, GNorm = 0.0468, lr_0 = 3.5788e-04
Loss = 3.5990e-04, PNorm = 77.7159, GNorm = 0.0001, lr_0 = 3.5514e-04
Loss = 1.3864e-03, PNorm = 77.7188, GNorm = 0.0000, lr_0 = 3.5242e-04
Loss = 1.8507e-05, PNorm = 77.7205, GNorm = 0.0001, lr_0 = 3.4972e-04
Loss = 1.1969e-03, PNorm = 77.7219, GNorm = 0.0001, lr_0 = 3.4705e-04
Loss = 1.4071e-03, PNorm = 77.7286, GNorm = 0.0032, lr_0 = 3.4439e-04
Loss = 1.9897e-04, PNorm = 77.7361, GNorm = 0.0002, lr_0 = 3.4175e-04
Validation auc = 0.874247
Epoch 15
Loss = 2.2538e-05, PNorm = 77.7419, GNorm = 0.0004, lr_0 = 3.3888e-04
Loss = 3.1212e-05, PNorm = 77.7450, GNorm = 0.0000, lr_0 = 3.3628e-04
Loss = 2.1352e-04, PNorm = 77.7469, GNorm = 0.0003, lr_0 = 3.3371e-04
Loss = 1.0001e-03, PNorm = 77.7489, GNorm = 0.0000, lr_0 = 3.3115e-04
Loss = 2.2534e-03, PNorm = 77.7504, GNorm = 0.0003, lr_0 = 3.2862e-04
Loss = 2.2079e-03, PNorm = 77.7499, GNorm = 0.0000, lr_0 = 3.2610e-04
Loss = 1.2338e-03, PNorm = 77.7516, GNorm = 0.0000, lr_0 = 3.2360e-04
Loss = 5.2326e-06, PNorm = 77.7528, GNorm = 0.0001, lr_0 = 3.2113e-04
Loss = 1.8946e-03, PNorm = 77.7539, GNorm = 0.0001, lr_0 = 3.1867e-04
Loss = 3.8708e-06, PNorm = 77.7550, GNorm = 0.0000, lr_0 = 3.1623e-04
Loss = 1.1991e-05, PNorm = 77.7556, GNorm = 0.0000, lr_0 = 3.1381e-04
Validation auc = 0.871678
Epoch 16
Loss = 4.2344e-06, PNorm = 77.7564, GNorm = 0.0003, lr_0 = 3.1140e-04
Loss = 5.3314e-05, PNorm = 77.7573, GNorm = 0.0005, lr_0 = 3.0902e-04
Loss = 4.6541e-05, PNorm = 77.7599, GNorm = 0.0000, lr_0 = 3.0665e-04
Loss = 1.6929e-04, PNorm = 77.7613, GNorm = 0.0218, lr_0 = 3.0431e-04
Loss = 2.4322e-04, PNorm = 77.7626, GNorm = 0.0042, lr_0 = 3.0198e-04
Loss = 2.2883e-04, PNorm = 77.7651, GNorm = 0.0001, lr_0 = 2.9966e-04
Loss = 1.9865e-04, PNorm = 77.7687, GNorm = 0.0000, lr_0 = 2.9737e-04
Loss = 2.0614e-03, PNorm = 77.7737, GNorm = 0.0282, lr_0 = 2.9509e-04
Loss = 4.5726e-05, PNorm = 77.7775, GNorm = 0.0040, lr_0 = 2.9283e-04
Loss = 2.9709e-03, PNorm = 77.7806, GNorm = 0.0000, lr_0 = 2.9059e-04
Loss = 3.1710e-04, PNorm = 77.7823, GNorm = 0.0001, lr_0 = 2.8837e-04
Validation auc = 0.874078
Epoch 17
Loss = 4.2670e-03, PNorm = 77.7842, GNorm = 0.0000, lr_0 = 2.8594e-04
Loss = 1.1407e-03, PNorm = 77.7862, GNorm = 0.0001, lr_0 = 2.8375e-04
Loss = 6.6711e-05, PNorm = 77.7879, GNorm = 0.0000, lr_0 = 2.8158e-04
Loss = 2.0922e-05, PNorm = 77.7893, GNorm = 0.0000, lr_0 = 2.7942e-04
Loss = 3.5777e-05, PNorm = 77.7903, GNorm = 0.0000, lr_0 = 2.7728e-04
Loss = 2.5031e-05, PNorm = 77.7910, GNorm = 0.0004, lr_0 = 2.7516e-04
Loss = 7.4893e-06, PNorm = 77.7915, GNorm = 0.0013, lr_0 = 2.7305e-04
Loss = 2.3219e-04, PNorm = 77.7921, GNorm = 0.0002, lr_0 = 2.7096e-04
Loss = 1.0633e-05, PNorm = 77.7926, GNorm = 0.0000, lr_0 = 2.6889e-04
Loss = 7.8683e-04, PNorm = 77.7962, GNorm = 0.0051, lr_0 = 2.6683e-04
Loss = 1.4556e-03, PNorm = 77.8006, GNorm = 0.0000, lr_0 = 2.6479e-04
Validation auc = 0.873868
Epoch 18
Loss = 2.6481e-05, PNorm = 77.8042, GNorm = 0.0008, lr_0 = 2.6256e-04
Loss = 6.3325e-06, PNorm = 77.8056, GNorm = 0.0000, lr_0 = 2.6055e-04
Loss = 6.4779e-05, PNorm = 77.8067, GNorm = 0.0000, lr_0 = 2.5855e-04
Loss = 1.5728e-03, PNorm = 77.8080, GNorm = 0.0001, lr_0 = 2.5657e-04
Loss = 8.2470e-05, PNorm = 77.8090, GNorm = 0.0130, lr_0 = 2.5461e-04
Loss = 8.4908e-04, PNorm = 77.8107, GNorm = 0.0000, lr_0 = 2.5266e-04
Loss = 2.9525e-03, PNorm = 77.8138, GNorm = 0.0000, lr_0 = 2.5073e-04
Loss = 1.4932e-05, PNorm = 77.8153, GNorm = 0.0001, lr_0 = 2.4881e-04
Loss = 2.9738e-05, PNorm = 77.8162, GNorm = 0.0072, lr_0 = 2.4690e-04
Loss = 1.2963e-03, PNorm = 77.8164, GNorm = 0.4211, lr_0 = 2.4501e-04
Validation auc = 0.874087
Epoch 19
Loss = 5.1617e-07, PNorm = 77.8158, GNorm = 0.0000, lr_0 = 2.4314e-04
Loss = 5.9276e-05, PNorm = 77.8170, GNorm = 0.0001, lr_0 = 2.4127e-04
Loss = 2.1310e-03, PNorm = 77.8178, GNorm = 0.0004, lr_0 = 2.3943e-04
Loss = 7.3623e-04, PNorm = 77.8211, GNorm = 0.0000, lr_0 = 2.3759e-04
Loss = 4.9677e-05, PNorm = 77.8236, GNorm = 0.0000, lr_0 = 2.3577e-04
Loss = 5.7249e-06, PNorm = 77.8249, GNorm = 0.0000, lr_0 = 2.3397e-04
Loss = 6.0428e-05, PNorm = 77.8255, GNorm = 0.0012, lr_0 = 2.3218e-04
Loss = 1.9588e-03, PNorm = 77.8256, GNorm = 0.0001, lr_0 = 2.3040e-04
Loss = 1.4231e-05, PNorm = 77.8260, GNorm = 0.0000, lr_0 = 2.2864e-04
Loss = 1.1576e-04, PNorm = 77.8268, GNorm = 0.0000, lr_0 = 2.2689e-04
Loss = 8.8566e-04, PNorm = 77.8280, GNorm = 0.0000, lr_0 = 2.2515e-04
Validation auc = 0.872238
Epoch 20
Loss = 2.6371e-06, PNorm = 77.8291, GNorm = 0.0000, lr_0 = 2.2325e-04
Loss = 1.1428e-05, PNorm = 77.8296, GNorm = 0.0015, lr_0 = 2.2154e-04
Loss = 2.3191e-03, PNorm = 77.8292, GNorm = 0.0000, lr_0 = 2.1985e-04
Loss = 1.2930e-03, PNorm = 77.8300, GNorm = 0.0001, lr_0 = 2.1816e-04
Loss = 8.5221e-04, PNorm = 77.8315, GNorm = 0.0000, lr_0 = 2.1649e-04
Loss = 1.1516e-03, PNorm = 77.8331, GNorm = 0.1429, lr_0 = 2.1484e-04
Loss = 3.2735e-06, PNorm = 77.8348, GNorm = 0.0002, lr_0 = 2.1319e-04
Loss = 3.8527e-05, PNorm = 77.8358, GNorm = 0.0000, lr_0 = 2.1156e-04
Loss = 6.3024e-06, PNorm = 77.8365, GNorm = 0.0001, lr_0 = 2.0994e-04
Loss = 8.7249e-06, PNorm = 77.8369, GNorm = 0.0000, lr_0 = 2.0833e-04
Loss = 1.1881e-04, PNorm = 77.8373, GNorm = 0.0004, lr_0 = 2.0674e-04
Validation auc = 0.871895
Epoch 21
Loss = 4.3896e-06, PNorm = 77.8377, GNorm = 0.0000, lr_0 = 2.0500e-04
Loss = 6.4637e-05, PNorm = 77.8382, GNorm = 0.0001, lr_0 = 2.0343e-04
Loss = 6.8536e-04, PNorm = 77.8397, GNorm = 0.0001, lr_0 = 2.0187e-04
Loss = 4.8921e-06, PNorm = 77.8431, GNorm = 0.0011, lr_0 = 2.0033e-04
Loss = 1.3020e-05, PNorm = 77.8448, GNorm = 0.0009, lr_0 = 1.9879e-04
Loss = 7.0771e-04, PNorm = 77.8459, GNorm = 0.0000, lr_0 = 1.9727e-04
Loss = 9.7526e-06, PNorm = 77.8466, GNorm = 0.0000, lr_0 = 1.9576e-04
Loss = 2.2567e-03, PNorm = 77.8464, GNorm = 0.0000, lr_0 = 1.9426e-04
Loss = 9.0570e-05, PNorm = 77.8476, GNorm = 0.0024, lr_0 = 1.9277e-04
Loss = 8.8849e-04, PNorm = 77.8481, GNorm = 0.0000, lr_0 = 1.9130e-04
Loss = 1.0537e-03, PNorm = 77.8483, GNorm = 0.0000, lr_0 = 1.8983e-04
Validation auc = 0.871955
Epoch 22
Loss = 1.4480e-05, PNorm = 77.8490, GNorm = 0.0000, lr_0 = 1.8838e-04
Loss = 1.2705e-04, PNorm = 77.8497, GNorm = 0.0000, lr_0 = 1.8694e-04
Loss = 2.2726e-03, PNorm = 77.8498, GNorm = 0.0002, lr_0 = 1.8551e-04
Loss = 5.2679e-06, PNorm = 77.8499, GNorm = 0.0000, lr_0 = 1.8409e-04
Loss = 6.2193e-05, PNorm = 77.8504, GNorm = 0.0000, lr_0 = 1.8268e-04
Loss = 5.9322e-04, PNorm = 77.8535, GNorm = 0.0039, lr_0 = 1.8128e-04
Loss = 6.3775e-04, PNorm = 77.8576, GNorm = 0.0000, lr_0 = 1.7989e-04
Loss = 1.1901e-03, PNorm = 77.8601, GNorm = 0.0027, lr_0 = 1.7851e-04
Loss = 7.1411e-06, PNorm = 77.8614, GNorm = 0.0000, lr_0 = 1.7715e-04
Loss = 8.5387e-06, PNorm = 77.8620, GNorm = 0.0000, lr_0 = 1.7579e-04
Validation auc = 0.868558
Epoch 23
Loss = 7.7778e-07, PNorm = 77.8628, GNorm = 0.0000, lr_0 = 1.7431e-04
Loss = 8.5588e-07, PNorm = 77.8637, GNorm = 0.0001, lr_0 = 1.7298e-04
Loss = 1.7528e-05, PNorm = 77.8644, GNorm = 0.0000, lr_0 = 1.7165e-04
Loss = 3.4418e-05, PNorm = 77.8648, GNorm = 0.0000, lr_0 = 1.7034e-04
Loss = 2.3575e-03, PNorm = 77.8646, GNorm = 0.0010, lr_0 = 1.6903e-04
Loss = 1.2296e-04, PNorm = 77.8651, GNorm = 0.0000, lr_0 = 1.6774e-04
Loss = 1.2416e-03, PNorm = 77.8664, GNorm = 0.0000, lr_0 = 1.6645e-04
Loss = 3.8185e-05, PNorm = 77.8680, GNorm = 0.0000, lr_0 = 1.6518e-04
Loss = 3.4282e-06, PNorm = 77.8686, GNorm = 0.0000, lr_0 = 1.6392e-04
Loss = 8.3835e-06, PNorm = 77.8689, GNorm = 0.0000, lr_0 = 1.6266e-04
Loss = 3.5669e-06, PNorm = 77.8691, GNorm = 0.0000, lr_0 = 1.6142e-04
Validation auc = 0.869247
Epoch 24
Loss = 5.8575e-05, PNorm = 77.8698, GNorm = 0.0003, lr_0 = 1.6006e-04
Loss = 3.7528e-04, PNorm = 77.8700, GNorm = 0.0001, lr_0 = 1.5883e-04
Loss = 2.0143e-06, PNorm = 77.8703, GNorm = 0.0000, lr_0 = 1.5761e-04
Loss = 1.9583e-06, PNorm = 77.8704, GNorm = 0.0003, lr_0 = 1.5641e-04
Loss = 3.7544e-06, PNorm = 77.8706, GNorm = 0.0001, lr_0 = 1.5521e-04
Loss = 8.7940e-04, PNorm = 77.8719, GNorm = 0.0000, lr_0 = 1.5402e-04
Loss = 2.3288e-03, PNorm = 77.8724, GNorm = 0.0478, lr_0 = 1.5284e-04
Loss = 1.9693e-06, PNorm = 77.8720, GNorm = 0.0000, lr_0 = 1.5167e-04
Loss = 9.4810e-04, PNorm = 77.8722, GNorm = 0.0000, lr_0 = 1.5051e-04
Loss = 2.5096e-04, PNorm = 77.8723, GNorm = 0.1274, lr_0 = 1.4936e-04
Loss = 9.9614e-06, PNorm = 77.8721, GNorm = 0.0000, lr_0 = 1.4822e-04
Validation auc = 0.869895
Epoch 25
Loss = 4.1871e-06, PNorm = 77.8722, GNorm = 0.0000, lr_0 = 1.4708e-04
Loss = 1.9624e-06, PNorm = 77.8723, GNorm = 0.0000, lr_0 = 1.4595e-04
Loss = 8.1987e-06, PNorm = 77.8726, GNorm = 0.0000, lr_0 = 1.4484e-04
Loss = 8.4422e-04, PNorm = 77.8731, GNorm = 0.0002, lr_0 = 1.4373e-04
Loss = 3.2685e-04, PNorm = 77.8737, GNorm = 0.0000, lr_0 = 1.4263e-04
Loss = 6.7867e-04, PNorm = 77.8748, GNorm = 0.0000, lr_0 = 1.4154e-04
Loss = 4.0263e-04, PNorm = 77.8753, GNorm = 0.0000, lr_0 = 1.4045e-04
Loss = 7.9958e-06, PNorm = 77.8758, GNorm = 0.0000, lr_0 = 1.3938e-04
Loss = 7.2021e-06, PNorm = 77.8762, GNorm = 0.0002, lr_0 = 1.3831e-04
Loss = 1.6195e-05, PNorm = 77.8765, GNorm = 0.0000, lr_0 = 1.3725e-04
Loss = 2.7005e-03, PNorm = 77.8780, GNorm = 0.0000, lr_0 = 1.3620e-04
Loss = 3.0920e-07, PNorm = 77.8781, GNorm = 0.0000, lr_0 = 1.3610e-04
Validation auc = 0.870106
Epoch 26
Loss = 1.0842e-04, PNorm = 77.8787, GNorm = 0.0013, lr_0 = 1.3505e-04
Loss = 6.4156e-04, PNorm = 77.8794, GNorm = 0.0000, lr_0 = 1.3402e-04
Loss = 2.8127e-03, PNorm = 77.8793, GNorm = 0.0000, lr_0 = 1.3299e-04
Loss = 7.3509e-04, PNorm = 77.8795, GNorm = 0.0029, lr_0 = 1.3198e-04
Loss = 4.2219e-05, PNorm = 77.8804, GNorm = 0.0003, lr_0 = 1.3097e-04
Loss = 1.9391e-06, PNorm = 77.8808, GNorm = 0.0001, lr_0 = 1.2996e-04
Loss = 1.0098e-05, PNorm = 77.8811, GNorm = 0.0011, lr_0 = 1.2897e-04
Loss = 6.2271e-06, PNorm = 77.8813, GNorm = 0.0000, lr_0 = 1.2798e-04
Loss = 8.1765e-06, PNorm = 77.8816, GNorm = 0.0000, lr_0 = 1.2700e-04
Loss = 9.8018e-05, PNorm = 77.8818, GNorm = 0.0001, lr_0 = 1.2603e-04
Validation auc = 0.870013
Epoch 27
Loss = 6.8890e-06, PNorm = 77.8820, GNorm = 0.0000, lr_0 = 1.2497e-04
Loss = 3.2005e-05, PNorm = 77.8824, GNorm = 0.0000, lr_0 = 1.2401e-04
Loss = 7.1979e-06, PNorm = 77.8826, GNorm = 0.0001, lr_0 = 1.2306e-04
Loss = 2.6038e-06, PNorm = 77.8827, GNorm = 0.0000, lr_0 = 1.2212e-04
Loss = 1.1429e-04, PNorm = 77.8832, GNorm = 0.0004, lr_0 = 1.2118e-04
Loss = 7.5627e-04, PNorm = 77.8847, GNorm = 0.0017, lr_0 = 1.2026e-04
Loss = 8.7655e-04, PNorm = 77.8840, GNorm = 0.0004, lr_0 = 1.1934e-04
Loss = 7.2987e-04, PNorm = 77.8848, GNorm = 0.0000, lr_0 = 1.1842e-04
Loss = 7.9367e-05, PNorm = 77.8858, GNorm = 0.0000, lr_0 = 1.1752e-04
Loss = 6.0534e-06, PNorm = 77.8869, GNorm = 0.0000, lr_0 = 1.1662e-04
Loss = 3.5801e-05, PNorm = 77.8875, GNorm = 0.0002, lr_0 = 1.1572e-04
Validation auc = 0.868978
Epoch 28
Loss = 9.7947e-06, PNorm = 77.8869, GNorm = 0.0013, lr_0 = 1.1475e-04
Loss = 8.4196e-07, PNorm = 77.8868, GNorm = 0.0000, lr_0 = 1.1387e-04
Loss = 6.8828e-04, PNorm = 77.8872, GNorm = 0.0001, lr_0 = 1.1300e-04
Loss = 6.2624e-06, PNorm = 77.8874, GNorm = 0.0005, lr_0 = 1.1213e-04
Loss = 3.0929e-06, PNorm = 77.8876, GNorm = 0.0000, lr_0 = 1.1127e-04
Loss = 7.8567e-04, PNorm = 77.8879, GNorm = 0.0007, lr_0 = 1.1042e-04
Loss = 2.5835e-05, PNorm = 77.8883, GNorm = 0.0000, lr_0 = 1.0958e-04
Loss = 2.7219e-05, PNorm = 77.8889, GNorm = 0.0001, lr_0 = 1.0874e-04
Loss = 4.4132e-05, PNorm = 77.8894, GNorm = 0.0113, lr_0 = 1.0791e-04
Loss = 2.0485e-05, PNorm = 77.8900, GNorm = 0.0000, lr_0 = 1.0708e-04
Loss = 2.9720e-03, PNorm = 77.8897, GNorm = 0.0016, lr_0 = 1.0626e-04
Validation auc = 0.869231
Epoch 29
Loss = 3.5292e-06, PNorm = 77.8899, GNorm = 0.0000, lr_0 = 1.0545e-04
Loss = 8.4618e-04, PNorm = 77.8904, GNorm = 0.0000, lr_0 = 1.0464e-04
Loss = 5.3857e-06, PNorm = 77.8907, GNorm = 0.0000, lr_0 = 1.0384e-04
Loss = 1.1349e-04, PNorm = 77.8919, GNorm = 0.0000, lr_0 = 1.0304e-04
Loss = 6.6859e-06, PNorm = 77.8929, GNorm = 0.0000, lr_0 = 1.0225e-04
Loss = 2.7519e-04, PNorm = 77.8945, GNorm = 0.0006, lr_0 = 1.0147e-04
Loss = 8.8829e-06, PNorm = 77.8959, GNorm = 0.0000, lr_0 = 1.0069e-04
Loss = 7.3295e-04, PNorm = 77.8966, GNorm = 0.0000, lr_0 = 1.0000e-04
Loss = 3.1534e-06, PNorm = 77.8970, GNorm = 0.0000, lr_0 = 1.0000e-04
Loss = 1.8135e-04, PNorm = 77.8987, GNorm = 0.0000, lr_0 = 1.0000e-04
Validation auc = 0.870535
Model 0 best validation auc = 0.887559 on epoch 0
Loading pretrained parameter "ffn.1.weight".
Loading pretrained parameter "ffn.1.bias".
Loading pretrained parameter "ffn.4.weight".
Loading pretrained parameter "ffn.4.bias".
Loading pretrained parameter "ffn.7.weight".
Loading pretrained parameter "ffn.7.bias".
Loading pretrained parameter "ffn.10.weight".
Loading pretrained parameter "ffn.10.bias".
Model 0 test auc = 0.584239
Ensemble test auc = 0.584239
Fold 1
Splitting data with seed 1
Total scaffolds = 4,180 | train scaffolds = 3,198 | val scaffolds = 502 | test scaffolds = 480
Label averages per scaffold, in decreasing order of scaffold frequency,capped at 10 scaffolds and 20 labels:
Scaffold 0
Task 0: count = 468 | target average = 0.019231
Task 1: count = 468 | target average = 0.014957


Scaffold 1
Task 0: count = 383 | target average = 0.007833
Task 1: count = 383 | target average = 0.013055


Scaffold 2
Task 0: count = 44 | target average = 0.000000
Task 1: count = 44 | target average = 0.000000


Scaffold 3
Task 0: count = 35 | target average = 0.000000
Task 1: count = 35 | target average = 0.000000


Scaffold 4
Task 0: count = 34 | target average = 0.000000
Task 1: count = 34 | target average = 0.000000


Scaffold 5
Task 0: count = 30 | target average = 0.000000
Task 1: count = 30 | target average = 0.000000


Scaffold 6
Task 0: count = 28 | target average = 0.000000
Task 1: count = 28 | target average = 0.000000


Scaffold 7
Task 0: count = 27 | target average = 0.074074
Task 1: count = 27 | target average = 0.074074


Scaffold 8
Task 0: count = 25 | target average = 0.040000
Task 1: count = 25 | target average = 0.000000


Scaffold 9
Task 0: count = 23 | target average = 0.000000
Task 1: count = 23 | target average = 0.000000


Class sizes
hit_inh 0: 97.79%, 1: 2.21%
hit_kill 0: 98.75%, 1: 1.25%
Total size = 6,708 | train size = 5,366 | val size = 670 | test size = 672
Building model 0
MoleculeModel(
  (sigmoid): Sigmoid()
  (encoder): MPN()
  (ffn): Sequential(
    (0): Dropout(p=0.1, inplace=False)
    (1): Linear(in_features=2048, out_features=1500, bias=True)
    (2): ReLU()
    (3): Dropout(p=0.1, inplace=False)
    (4): Linear(in_features=1500, out_features=1500, bias=True)
    (5): ReLU()
    (6): Dropout(p=0.1, inplace=False)
    (7): Linear(in_features=1500, out_features=1500, bias=True)
    (8): ReLU()
    (9): Dropout(p=0.1, inplace=False)
    (10): Linear(in_features=1500, out_features=2, bias=True)
  )
)
Number of parameters = 7,579,502
Epoch 0
Loss = 3.4162e-01, PNorm = 68.8842, GNorm = 0.2922, lr_0 = 1.4626e-04
Loss = 1.1543e-01, PNorm = 68.9445, GNorm = 0.4368, lr_0 = 1.8832e-04
Loss = 1.2777e-01, PNorm = 68.9535, GNorm = 0.2566, lr_0 = 2.3037e-04
Loss = 1.2401e-01, PNorm = 68.9511, GNorm = 0.2756, lr_0 = 2.7243e-04
Loss = 9.6039e-02, PNorm = 68.9934, GNorm = 0.1618, lr_0 = 3.1449e-04
Loss = 1.1178e-01, PNorm = 69.0474, GNorm = 0.2934, lr_0 = 3.5654e-04
Loss = 1.1174e-01, PNorm = 69.0931, GNorm = 0.1819, lr_0 = 3.9860e-04
Loss = 8.2103e-02, PNorm = 69.1985, GNorm = 0.0750, lr_0 = 4.4065e-04
Loss = 7.4687e-02, PNorm = 69.3015, GNorm = 0.1616, lr_0 = 4.8271e-04
Loss = 4.9903e-02, PNorm = 69.4157, GNorm = 0.1042, lr_0 = 5.2477e-04
Validation auc = 0.806321
Epoch 1
Loss = 2.4238e-02, PNorm = 69.5377, GNorm = 0.1019, lr_0 = 5.7103e-04
Loss = 5.2689e-02, PNorm = 69.6831, GNorm = 0.1204, lr_0 = 6.1308e-04
Loss = 6.6031e-02, PNorm = 69.8186, GNorm = 0.2839, lr_0 = 6.5514e-04
Loss = 5.5574e-02, PNorm = 70.0192, GNorm = 0.2154, lr_0 = 6.9720e-04
Loss = 2.8312e-02, PNorm = 70.2466, GNorm = 0.4010, lr_0 = 7.3925e-04
Loss = 7.5544e-02, PNorm = 70.4002, GNorm = 0.2545, lr_0 = 7.8131e-04
Loss = 7.5118e-02, PNorm = 70.7452, GNorm = 0.3003, lr_0 = 8.2336e-04
Loss = 4.1882e-02, PNorm = 71.0368, GNorm = 0.3233, lr_0 = 8.6542e-04
Loss = 4.1896e-02, PNorm = 71.3224, GNorm = 0.0947, lr_0 = 9.0748e-04
Loss = 6.1961e-02, PNorm = 71.5685, GNorm = 0.1334, lr_0 = 9.4953e-04
Loss = 7.2040e-02, PNorm = 71.8763, GNorm = 0.1477, lr_0 = 9.9159e-04
Validation auc = 0.755053
Epoch 2
Loss = 2.4087e-02, PNorm = 72.3301, GNorm = 0.0205, lr_0 = 9.9311e-04
Loss = 2.2133e-02, PNorm = 72.6466, GNorm = 0.0734, lr_0 = 9.8550e-04
Loss = 1.5733e-02, PNorm = 72.8666, GNorm = 0.4492, lr_0 = 9.7796e-04
Loss = 2.2692e-02, PNorm = 73.0441, GNorm = 0.2559, lr_0 = 9.7047e-04
Loss = 2.7125e-02, PNorm = 73.2015, GNorm = 0.3167, lr_0 = 9.6304e-04
Loss = 3.2795e-02, PNorm = 73.3360, GNorm = 0.1426, lr_0 = 9.5567e-04
Loss = 2.4646e-02, PNorm = 73.5364, GNorm = 0.0193, lr_0 = 9.4835e-04
Loss = 1.8449e-02, PNorm = 73.7490, GNorm = 0.4465, lr_0 = 9.4109e-04
Loss = 2.2548e-02, PNorm = 73.8802, GNorm = 0.1177, lr_0 = 9.3389e-04
Loss = 4.2117e-02, PNorm = 74.0360, GNorm = 0.2681, lr_0 = 9.2674e-04
Loss = 3.9195e-02, PNorm = 74.2946, GNorm = 0.1708, lr_0 = 9.1964e-04
Validation auc = 0.751877
Epoch 3
Loss = 1.7526e-02, PNorm = 74.4801, GNorm = 0.1302, lr_0 = 9.1190e-04
Loss = 1.6852e-02, PNorm = 74.6971, GNorm = 0.0791, lr_0 = 9.0492e-04
Loss = 2.1874e-02, PNorm = 74.8259, GNorm = 0.0350, lr_0 = 8.9799e-04
Loss = 6.4549e-03, PNorm = 74.9196, GNorm = 0.0972, lr_0 = 8.9111e-04
Loss = 9.4945e-03, PNorm = 74.9909, GNorm = 0.0672, lr_0 = 8.8429e-04
Loss = 2.8894e-02, PNorm = 75.0471, GNorm = 0.1999, lr_0 = 8.7752e-04
Loss = 1.3184e-02, PNorm = 75.1243, GNorm = 0.0140, lr_0 = 8.7080e-04
Loss = 3.1017e-02, PNorm = 75.2524, GNorm = 0.5180, lr_0 = 8.6414e-04
Loss = 1.0409e-02, PNorm = 75.3481, GNorm = 0.0347, lr_0 = 8.5752e-04
Loss = 2.4510e-02, PNorm = 75.4570, GNorm = 0.3740, lr_0 = 8.5095e-04
Validation auc = 0.781070
Epoch 4
Loss = 8.4425e-05, PNorm = 75.5640, GNorm = 0.0017, lr_0 = 8.4444e-04
Loss = 2.3945e-02, PNorm = 75.6437, GNorm = 0.1899, lr_0 = 8.3797e-04
Loss = 3.4475e-03, PNorm = 75.7087, GNorm = 0.0042, lr_0 = 8.3156e-04
Loss = 1.2900e-02, PNorm = 75.7555, GNorm = 0.0204, lr_0 = 8.2519e-04
Loss = 1.0941e-02, PNorm = 75.7930, GNorm = 0.0123, lr_0 = 8.1888e-04
Loss = 4.6793e-03, PNorm = 75.8468, GNorm = 0.0985, lr_0 = 8.1261e-04
Loss = 1.0925e-02, PNorm = 75.8963, GNorm = 0.1196, lr_0 = 8.0638e-04
Loss = 5.6606e-03, PNorm = 75.9447, GNorm = 0.0077, lr_0 = 8.0021e-04
Loss = 8.4998e-03, PNorm = 75.9955, GNorm = 0.1677, lr_0 = 7.9408e-04
Loss = 5.7560e-03, PNorm = 76.0403, GNorm = 0.0272, lr_0 = 7.8800e-04
Loss = 5.0666e-03, PNorm = 76.0817, GNorm = 0.0026, lr_0 = 7.8197e-04
Validation auc = 0.789918
Epoch 5
Loss = 2.6650e-03, PNorm = 76.1235, GNorm = 0.0007, lr_0 = 7.7539e-04
Loss = 5.0803e-04, PNorm = 76.1553, GNorm = 0.0222, lr_0 = 7.6945e-04
Loss = 3.6720e-04, PNorm = 76.1758, GNorm = 0.0003, lr_0 = 7.6356e-04
Loss = 6.3884e-03, PNorm = 76.1870, GNorm = 0.0001, lr_0 = 7.5772e-04
Loss = 2.4293e-03, PNorm = 76.1997, GNorm = 0.0000, lr_0 = 7.5191e-04
Loss = 9.8400e-04, PNorm = 76.2127, GNorm = 0.2060, lr_0 = 7.4616e-04
Loss = 9.4841e-03, PNorm = 76.2227, GNorm = 0.0002, lr_0 = 7.4044e-04
Loss = 5.2427e-04, PNorm = 76.2414, GNorm = 0.0021, lr_0 = 7.3478e-04
Loss = 9.3411e-03, PNorm = 76.2547, GNorm = 0.0001, lr_0 = 7.2915e-04
Loss = 2.4222e-03, PNorm = 76.2776, GNorm = 0.0492, lr_0 = 7.2357e-04
Loss = 3.6418e-03, PNorm = 76.3063, GNorm = 0.0019, lr_0 = 7.1803e-04
Validation auc = 0.789391
Epoch 6
Loss = 3.5243e-03, PNorm = 76.3336, GNorm = 0.0202, lr_0 = 7.1198e-04
Loss = 7.9298e-05, PNorm = 76.3551, GNorm = 0.0002, lr_0 = 7.0653e-04
Loss = 1.0606e-02, PNorm = 76.3667, GNorm = 0.2871, lr_0 = 7.0112e-04
Loss = 1.7754e-03, PNorm = 76.3981, GNorm = 0.0039, lr_0 = 6.9576e-04
Loss = 3.7291e-03, PNorm = 76.4283, GNorm = 0.3209, lr_0 = 6.9043e-04
Loss = 1.7814e-04, PNorm = 76.4437, GNorm = 0.0043, lr_0 = 6.8514e-04
Loss = 1.0681e-02, PNorm = 76.4592, GNorm = 0.0652, lr_0 = 6.7990e-04
Loss = 4.1160e-03, PNorm = 76.4741, GNorm = 0.0985, lr_0 = 6.7469e-04
Loss = 2.9586e-04, PNorm = 76.4876, GNorm = 0.0009, lr_0 = 6.6953e-04
Loss = 2.1002e-03, PNorm = 76.4992, GNorm = 0.0230, lr_0 = 6.6440e-04
Loss = 2.2220e-03, PNorm = 76.5129, GNorm = 0.0001, lr_0 = 6.5931e-04
Validation auc = 0.793250
Epoch 7
Loss = 5.1583e-04, PNorm = 76.5390, GNorm = 0.0002, lr_0 = 6.5427e-04
Loss = 1.7764e-03, PNorm = 76.5735, GNorm = 0.0127, lr_0 = 6.4926e-04
Loss = 3.3427e-03, PNorm = 76.5998, GNorm = 0.0000, lr_0 = 6.4429e-04
Loss = 9.4666e-04, PNorm = 76.6232, GNorm = 0.2259, lr_0 = 6.3935e-04
Loss = 1.8740e-02, PNorm = 76.6464, GNorm = 0.7719, lr_0 = 6.3446e-04
Loss = 7.5520e-03, PNorm = 76.6817, GNorm = 0.0218, lr_0 = 6.2960e-04
Loss = 7.6396e-03, PNorm = 76.7301, GNorm = 0.0006, lr_0 = 6.2478e-04
Loss = 1.1735e-03, PNorm = 76.7681, GNorm = 0.0020, lr_0 = 6.2000e-04
Loss = 1.0796e-02, PNorm = 76.7800, GNorm = 0.0781, lr_0 = 6.1525e-04
Loss = 1.9039e-02, PNorm = 76.7897, GNorm = 0.0936, lr_0 = 6.1054e-04
Validation auc = 0.786798
Epoch 8
Loss = 5.1161e-03, PNorm = 76.8509, GNorm = 0.0050, lr_0 = 6.0540e-04
Loss = 6.8116e-03, PNorm = 76.8980, GNorm = 0.0080, lr_0 = 6.0077e-04
Loss = 2.4915e-03, PNorm = 76.9379, GNorm = 0.0452, lr_0 = 5.9617e-04
Loss = 1.9480e-03, PNorm = 76.9707, GNorm = 0.0003, lr_0 = 5.9160e-04
Loss = 2.2269e-03, PNorm = 76.9916, GNorm = 0.0695, lr_0 = 5.8707e-04
Loss = 2.6152e-03, PNorm = 77.0070, GNorm = 0.0000, lr_0 = 5.8258e-04
Loss = 8.0718e-04, PNorm = 77.0216, GNorm = 0.0062, lr_0 = 5.7812e-04
Loss = 9.8960e-04, PNorm = 77.0364, GNorm = 0.0245, lr_0 = 5.7369e-04
Loss = 3.6413e-03, PNorm = 77.0492, GNorm = 0.0004, lr_0 = 5.6930e-04
Loss = 1.9851e-03, PNorm = 77.0629, GNorm = 0.0267, lr_0 = 5.6494e-04
Loss = 1.0283e-02, PNorm = 77.0660, GNorm = 0.0000, lr_0 = 5.6062e-04
Validation auc = 0.778776
Epoch 9
Loss = 3.8019e-04, PNorm = 77.0756, GNorm = 0.0208, lr_0 = 5.5590e-04
Loss = 4.7038e-04, PNorm = 77.0870, GNorm = 0.0053, lr_0 = 5.5164e-04
Loss = 2.1887e-03, PNorm = 77.1016, GNorm = 0.0005, lr_0 = 5.4742e-04
Loss = 3.6343e-03, PNorm = 77.1217, GNorm = 0.0003, lr_0 = 5.4323e-04
Loss = 7.2565e-03, PNorm = 77.1423, GNorm = 0.0002, lr_0 = 5.3907e-04
Loss = 8.5741e-03, PNorm = 77.1485, GNorm = 0.0326, lr_0 = 5.3494e-04
Loss = 5.5145e-03, PNorm = 77.1682, GNorm = 0.0032, lr_0 = 5.3084e-04
Loss = 1.0075e-03, PNorm = 77.1936, GNorm = 0.0019, lr_0 = 5.2678e-04
Loss = 2.3383e-03, PNorm = 77.2227, GNorm = 0.0025, lr_0 = 5.2275e-04
Loss = 1.6305e-03, PNorm = 77.2490, GNorm = 0.0428, lr_0 = 5.1874e-04
Loss = 8.3557e-04, PNorm = 77.2655, GNorm = 0.0244, lr_0 = 5.1477e-04
Validation auc = 0.772268
Epoch 10
Loss = 6.6388e-04, PNorm = 77.2751, GNorm = 0.0003, lr_0 = 5.1083e-04
Loss = 8.7241e-05, PNorm = 77.2804, GNorm = 0.0013, lr_0 = 5.0692e-04
Loss = 3.7036e-04, PNorm = 77.2855, GNorm = 0.0029, lr_0 = 5.0304e-04
Loss = 2.3593e-04, PNorm = 77.2902, GNorm = 0.0018, lr_0 = 4.9919e-04
Loss = 1.5213e-04, PNorm = 77.2935, GNorm = 0.0157, lr_0 = 4.9537e-04
Loss = 1.0445e-02, PNorm = 77.2948, GNorm = 0.0044, lr_0 = 4.9157e-04
Loss = 2.9433e-04, PNorm = 77.3035, GNorm = 0.0012, lr_0 = 4.8781e-04
Loss = 2.8337e-04, PNorm = 77.3102, GNorm = 0.0049, lr_0 = 4.8408e-04
Loss = 2.1944e-03, PNorm = 77.3144, GNorm = 0.0022, lr_0 = 4.8037e-04
Loss = 1.2274e-03, PNorm = 77.3172, GNorm = 0.0007, lr_0 = 4.7669e-04
Loss = 5.1010e-03, PNorm = 77.3190, GNorm = 0.0057, lr_0 = 4.7304e-04
Loss = 7.2581e-05, PNorm = 77.3193, GNorm = 0.0016, lr_0 = 4.7268e-04
Validation auc = 0.778158
Epoch 11
Loss = 2.4935e-04, PNorm = 77.3223, GNorm = 0.0203, lr_0 = 4.6906e-04
Loss = 9.4789e-04, PNorm = 77.3262, GNorm = 0.0028, lr_0 = 4.6547e-04
Loss = 1.3390e-04, PNorm = 77.3297, GNorm = 0.0000, lr_0 = 4.6191e-04
Loss = 1.4041e-04, PNorm = 77.3342, GNorm = 0.0006, lr_0 = 4.5837e-04
Loss = 1.5282e-03, PNorm = 77.3395, GNorm = 0.0006, lr_0 = 4.5486e-04
Loss = 5.8080e-05, PNorm = 77.3439, GNorm = 0.0003, lr_0 = 4.5138e-04
Loss = 2.1574e-03, PNorm = 77.3448, GNorm = 0.0000, lr_0 = 4.4792e-04
Loss = 1.1466e-03, PNorm = 77.3489, GNorm = 0.0000, lr_0 = 4.4449e-04
Loss = 7.6500e-04, PNorm = 77.3539, GNorm = 0.0001, lr_0 = 4.4109e-04
Loss = 1.4783e-03, PNorm = 77.3582, GNorm = 0.0028, lr_0 = 4.3771e-04
Validation auc = 0.776626
Epoch 12
Loss = 1.4117e-03, PNorm = 77.3592, GNorm = 0.0655, lr_0 = 4.3403e-04
Loss = 1.6703e-04, PNorm = 77.3610, GNorm = 0.0004, lr_0 = 4.3070e-04
Loss = 9.9693e-04, PNorm = 77.3647, GNorm = 0.0016, lr_0 = 4.2741e-04
Loss = 8.7760e-04, PNorm = 77.3671, GNorm = 0.0011, lr_0 = 4.2413e-04
Loss = 1.2449e-03, PNorm = 77.3705, GNorm = 0.0000, lr_0 = 4.2089e-04
Loss = 3.9079e-04, PNorm = 77.3739, GNorm = 0.0006, lr_0 = 4.1766e-04
Loss = 1.8996e-03, PNorm = 77.3771, GNorm = 0.0001, lr_0 = 4.1447e-04
Loss = 1.7572e-03, PNorm = 77.3793, GNorm = 0.0247, lr_0 = 4.1129e-04
Loss = 1.5328e-04, PNorm = 77.3836, GNorm = 0.0023, lr_0 = 4.0814e-04
Loss = 1.6594e-04, PNorm = 77.3888, GNorm = 0.0000, lr_0 = 4.0502e-04
Loss = 2.9152e-04, PNorm = 77.3935, GNorm = 0.0029, lr_0 = 4.0192e-04
Validation auc = 0.774632
Epoch 13
Loss = 1.1956e-03, PNorm = 77.3976, GNorm = 0.0009, lr_0 = 3.9884e-04
Loss = 1.6630e-03, PNorm = 77.4008, GNorm = 0.0001, lr_0 = 3.9579e-04
Loss = 2.3449e-04, PNorm = 77.4046, GNorm = 0.0000, lr_0 = 3.9276e-04
Loss = 1.4263e-03, PNorm = 77.4084, GNorm = 0.0001, lr_0 = 3.8975e-04
Loss = 1.2098e-04, PNorm = 77.4107, GNorm = 0.0169, lr_0 = 3.8677e-04
Loss = 2.0483e-03, PNorm = 77.4121, GNorm = 0.3715, lr_0 = 3.8381e-04
Loss = 2.4454e-04, PNorm = 77.4121, GNorm = 0.0001, lr_0 = 3.8087e-04
Loss = 2.4045e-03, PNorm = 77.4142, GNorm = 0.0005, lr_0 = 3.7795e-04
Loss = 2.7115e-04, PNorm = 77.4174, GNorm = 0.0007, lr_0 = 3.7506e-04
Loss = 1.6124e-05, PNorm = 77.4201, GNorm = 0.0000, lr_0 = 3.7219e-04
Loss = 3.9385e-05, PNorm = 77.4226, GNorm = 0.0000, lr_0 = 3.6934e-04
Validation auc = 0.775354
Epoch 14
Loss = 3.7202e-04, PNorm = 77.4250, GNorm = 0.0000, lr_0 = 3.6623e-04
Loss = 3.8977e-05, PNorm = 77.4268, GNorm = 0.0003, lr_0 = 3.6342e-04
Loss = 5.4550e-04, PNorm = 77.4290, GNorm = 0.0005, lr_0 = 3.6064e-04
Loss = 1.3883e-04, PNorm = 77.4317, GNorm = 0.0054, lr_0 = 3.5788e-04
Loss = 1.9762e-05, PNorm = 77.4337, GNorm = 0.0001, lr_0 = 3.5514e-04
Loss = 1.5321e-05, PNorm = 77.4349, GNorm = 0.0006, lr_0 = 3.5242e-04
Loss = 8.5938e-04, PNorm = 77.4385, GNorm = 0.0034, lr_0 = 3.4972e-04
Loss = 4.1489e-03, PNorm = 77.4407, GNorm = 0.0004, lr_0 = 3.4705e-04
Loss = 1.0981e-03, PNorm = 77.4422, GNorm = 0.0036, lr_0 = 3.4439e-04
Loss = 1.1749e-04, PNorm = 77.4456, GNorm = 0.0000, lr_0 = 3.4175e-04
Validation auc = 0.775127
Epoch 15
Loss = 2.3188e-05, PNorm = 77.4493, GNorm = 0.0005, lr_0 = 3.3888e-04
Loss = 6.4871e-05, PNorm = 77.4521, GNorm = 0.0085, lr_0 = 3.3628e-04
Loss = 2.8114e-05, PNorm = 77.4540, GNorm = 0.0003, lr_0 = 3.3371e-04
Loss = 1.0339e-05, PNorm = 77.4551, GNorm = 0.0002, lr_0 = 3.3115e-04
Loss = 1.5677e-03, PNorm = 77.4551, GNorm = 0.0005, lr_0 = 3.2862e-04
Loss = 1.3661e-04, PNorm = 77.4572, GNorm = 0.0001, lr_0 = 3.2610e-04
Loss = 1.9511e-03, PNorm = 77.4586, GNorm = 0.0005, lr_0 = 3.2360e-04
Loss = 4.9133e-05, PNorm = 77.4595, GNorm = 0.0129, lr_0 = 3.2113e-04
Loss = 1.9056e-04, PNorm = 77.4607, GNorm = 0.0002, lr_0 = 3.1867e-04
Loss = 2.7107e-03, PNorm = 77.4604, GNorm = 0.0002, lr_0 = 3.1623e-04
Loss = 1.5838e-03, PNorm = 77.4637, GNorm = 0.0062, lr_0 = 3.1381e-04
Validation auc = 0.774753
Epoch 16
Loss = 2.6266e-07, PNorm = 77.4668, GNorm = 0.0000, lr_0 = 3.1140e-04
Loss = 3.2410e-05, PNorm = 77.4688, GNorm = 0.0000, lr_0 = 3.0902e-04
Loss = 7.8513e-04, PNorm = 77.4707, GNorm = 0.0005, lr_0 = 3.0665e-04
Loss = 1.0377e-03, PNorm = 77.4727, GNorm = 0.0542, lr_0 = 3.0431e-04
Loss = 2.3099e-02, PNorm = 77.4678, GNorm = 0.0000, lr_0 = 3.0198e-04
Loss = 1.5417e-03, PNorm = 77.4740, GNorm = 0.0025, lr_0 = 2.9966e-04
Loss = 5.8973e-05, PNorm = 77.4781, GNorm = 0.0002, lr_0 = 2.9737e-04
Loss = 1.5703e-03, PNorm = 77.4798, GNorm = 0.0028, lr_0 = 2.9509e-04
Loss = 1.7575e-04, PNorm = 77.4815, GNorm = 0.0018, lr_0 = 2.9283e-04
Loss = 8.5912e-04, PNorm = 77.4839, GNorm = 0.0703, lr_0 = 2.9059e-04
Loss = 1.6140e-03, PNorm = 77.4871, GNorm = 0.0171, lr_0 = 2.8837e-04
Validation auc = 0.773495
Epoch 17
Loss = 1.1347e-04, PNorm = 77.4902, GNorm = 0.0021, lr_0 = 2.8594e-04
Loss = 5.2072e-05, PNorm = 77.4919, GNorm = 0.0006, lr_0 = 2.8375e-04
Loss = 1.0528e-03, PNorm = 77.4935, GNorm = 0.0030, lr_0 = 2.8158e-04
Loss = 2.7620e-03, PNorm = 77.4950, GNorm = 0.0014, lr_0 = 2.7942e-04
Loss = 1.7352e-03, PNorm = 77.4957, GNorm = 0.0008, lr_0 = 2.7728e-04
Loss = 1.3053e-03, PNorm = 77.4975, GNorm = 0.0001, lr_0 = 2.7516e-04
Loss = 1.9231e-03, PNorm = 77.4990, GNorm = 0.0405, lr_0 = 2.7305e-04
Loss = 1.2808e-04, PNorm = 77.5019, GNorm = 0.0000, lr_0 = 2.7096e-04
Loss = 1.4437e-04, PNorm = 77.5052, GNorm = 0.0022, lr_0 = 2.6889e-04
Loss = 1.7638e-05, PNorm = 77.5070, GNorm = 0.0000, lr_0 = 2.6683e-04
Loss = 1.1587e-04, PNorm = 77.5084, GNorm = 0.0006, lr_0 = 2.6479e-04
Validation auc = 0.774179
Epoch 18
Loss = 1.3628e-03, PNorm = 77.5100, GNorm = 0.0004, lr_0 = 2.6256e-04
Loss = 6.3762e-04, PNorm = 77.5117, GNorm = 0.0000, lr_0 = 2.6055e-04
Loss = 6.0523e-05, PNorm = 77.5135, GNorm = 0.0000, lr_0 = 2.5855e-04
Loss = 1.6452e-03, PNorm = 77.5149, GNorm = 0.0004, lr_0 = 2.5657e-04
Loss = 1.0606e-03, PNorm = 77.5155, GNorm = 0.0000, lr_0 = 2.5461e-04
Loss = 1.2618e-03, PNorm = 77.5159, GNorm = 0.0000, lr_0 = 2.5266e-04
Loss = 2.1663e-05, PNorm = 77.5168, GNorm = 0.0001, lr_0 = 2.5073e-04
Loss = 3.1223e-04, PNorm = 77.5184, GNorm = 0.0042, lr_0 = 2.4881e-04
Loss = 8.6487e-04, PNorm = 77.5196, GNorm = 0.0000, lr_0 = 2.4690e-04
Loss = 3.8574e-05, PNorm = 77.5206, GNorm = 0.0000, lr_0 = 2.4501e-04
Validation auc = 0.774460
Epoch 19
Loss = 5.5409e-04, PNorm = 77.5220, GNorm = 0.0304, lr_0 = 2.4314e-04
Loss = 8.0604e-05, PNorm = 77.5249, GNorm = 0.0000, lr_0 = 2.4127e-04
Loss = 4.4699e-05, PNorm = 77.5266, GNorm = 0.0003, lr_0 = 2.3943e-04
Loss = 3.5803e-03, PNorm = 77.5277, GNorm = 0.0453, lr_0 = 2.3759e-04
Loss = 9.8835e-04, PNorm = 77.5311, GNorm = 0.0000, lr_0 = 2.3577e-04
Loss = 1.3685e-04, PNorm = 77.5345, GNorm = 0.0000, lr_0 = 2.3397e-04
Loss = 3.5049e-05, PNorm = 77.5365, GNorm = 0.0003, lr_0 = 2.3218e-04
Loss = 1.2885e-05, PNorm = 77.5375, GNorm = 0.0003, lr_0 = 2.3040e-04
Loss = 1.9016e-04, PNorm = 77.5385, GNorm = 0.0000, lr_0 = 2.2864e-04
Loss = 1.5478e-04, PNorm = 77.5395, GNorm = 0.0159, lr_0 = 2.2689e-04
Loss = 1.0710e-03, PNorm = 77.5410, GNorm = 0.0001, lr_0 = 2.2515e-04
Validation auc = 0.773463
Epoch 20
Loss = 1.9146e-06, PNorm = 77.5423, GNorm = 0.0000, lr_0 = 2.2325e-04
Loss = 1.2144e-03, PNorm = 77.5437, GNorm = 0.0101, lr_0 = 2.2154e-04
Loss = 8.8188e-05, PNorm = 77.5454, GNorm = 0.0044, lr_0 = 2.1985e-04
Loss = 1.6462e-03, PNorm = 77.5474, GNorm = 0.0006, lr_0 = 2.1816e-04
Loss = 6.0929e-05, PNorm = 77.5494, GNorm = 0.0000, lr_0 = 2.1649e-04
Loss = 3.7094e-05, PNorm = 77.5506, GNorm = 0.0000, lr_0 = 2.1484e-04
Loss = 2.4458e-03, PNorm = 77.5505, GNorm = 0.0010, lr_0 = 2.1319e-04
Loss = 7.0991e-06, PNorm = 77.5511, GNorm = 0.0007, lr_0 = 2.1156e-04
Loss = 3.8341e-05, PNorm = 77.5519, GNorm = 0.0000, lr_0 = 2.0994e-04
Loss = 1.5682e-04, PNorm = 77.5527, GNorm = 0.0152, lr_0 = 2.0833e-04
Loss = 1.0726e-03, PNorm = 77.5536, GNorm = 0.0015, lr_0 = 2.0674e-04
Validation auc = 0.773796
Epoch 21
Loss = 5.1360e-04, PNorm = 77.5570, GNorm = 0.0001, lr_0 = 2.0500e-04
Loss = 3.7738e-05, PNorm = 77.5606, GNorm = 0.0011, lr_0 = 2.0343e-04
Loss = 9.5207e-06, PNorm = 77.5623, GNorm = 0.0000, lr_0 = 2.0187e-04
Loss = 6.7075e-04, PNorm = 77.5637, GNorm = 0.0000, lr_0 = 2.0033e-04
Loss = 8.6983e-04, PNorm = 77.5650, GNorm = 0.0000, lr_0 = 1.9879e-04
Loss = 1.0533e-03, PNorm = 77.5660, GNorm = 0.0000, lr_0 = 1.9727e-04
Loss = 6.2430e-05, PNorm = 77.5668, GNorm = 0.0099, lr_0 = 1.9576e-04
Loss = 5.4929e-05, PNorm = 77.5677, GNorm = 0.0000, lr_0 = 1.9426e-04
Loss = 3.3077e-03, PNorm = 77.5680, GNorm = 0.0000, lr_0 = 1.9277e-04
Loss = 2.0992e-04, PNorm = 77.5679, GNorm = 0.0571, lr_0 = 1.9130e-04
Loss = 6.9462e-06, PNorm = 77.5686, GNorm = 0.0002, lr_0 = 1.8983e-04
Validation auc = 0.772756
Epoch 22
Loss = 3.8061e-05, PNorm = 77.5692, GNorm = 0.0005, lr_0 = 1.8838e-04
Loss = 8.0300e-06, PNorm = 77.5696, GNorm = 0.0003, lr_0 = 1.8694e-04
Loss = 1.0627e-03, PNorm = 77.5707, GNorm = 0.0000, lr_0 = 1.8551e-04
Loss = 5.8303e-06, PNorm = 77.5715, GNorm = 0.0000, lr_0 = 1.8409e-04
Loss = 2.2632e-05, PNorm = 77.5722, GNorm = 0.0020, lr_0 = 1.8268e-04
Loss = 3.1764e-05, PNorm = 77.5727, GNorm = 0.0002, lr_0 = 1.8128e-04
Loss = 1.9663e-03, PNorm = 77.5742, GNorm = 0.0162, lr_0 = 1.7989e-04
Loss = 1.0929e-05, PNorm = 77.5758, GNorm = 0.0000, lr_0 = 1.7851e-04
Loss = 7.3545e-04, PNorm = 77.5765, GNorm = 0.0000, lr_0 = 1.7715e-04
Loss = 1.3882e-03, PNorm = 77.5774, GNorm = 0.0000, lr_0 = 1.7579e-04
Validation auc = 0.772533
Epoch 23
Loss = 6.7782e-05, PNorm = 77.5782, GNorm = 0.0009, lr_0 = 1.7431e-04
Loss = 1.6358e-04, PNorm = 77.5790, GNorm = 0.0178, lr_0 = 1.7298e-04
Loss = 1.7194e-05, PNorm = 77.5798, GNorm = 0.0011, lr_0 = 1.7165e-04
Loss = 3.5786e-06, PNorm = 77.5802, GNorm = 0.0003, lr_0 = 1.7034e-04
Loss = 1.6148e-05, PNorm = 77.5808, GNorm = 0.0000, lr_0 = 1.6903e-04
Loss = 2.9491e-04, PNorm = 77.5828, GNorm = 0.0096, lr_0 = 1.6774e-04
Loss = 1.4924e-03, PNorm = 77.5838, GNorm = 0.0000, lr_0 = 1.6645e-04
Loss = 8.2308e-05, PNorm = 77.5848, GNorm = 0.0000, lr_0 = 1.6518e-04
Loss = 1.3378e-03, PNorm = 77.5855, GNorm = 0.0000, lr_0 = 1.6392e-04
Loss = 2.5308e-03, PNorm = 77.5865, GNorm = 0.0095, lr_0 = 1.6266e-04
Loss = 1.1846e-06, PNorm = 77.5877, GNorm = 0.0000, lr_0 = 1.6142e-04
Validation auc = 0.772667
Epoch 24
Loss = 1.2394e-03, PNorm = 77.5884, GNorm = 0.0000, lr_0 = 1.6006e-04
Loss = 3.2188e-05, PNorm = 77.5889, GNorm = 0.0005, lr_0 = 1.5883e-04
Loss = 7.6122e-05, PNorm = 77.5895, GNorm = 0.0012, lr_0 = 1.5761e-04
Loss = 8.9718e-04, PNorm = 77.5900, GNorm = 0.0000, lr_0 = 1.5641e-04
Loss = 2.4815e-05, PNorm = 77.5908, GNorm = 0.0002, lr_0 = 1.5521e-04
Loss = 2.7859e-05, PNorm = 77.5915, GNorm = 0.0000, lr_0 = 1.5402e-04
Loss = 1.0868e-03, PNorm = 77.5916, GNorm = 0.0010, lr_0 = 1.5284e-04
Loss = 6.9622e-06, PNorm = 77.5917, GNorm = 0.0000, lr_0 = 1.5167e-04
Loss = 3.4079e-03, PNorm = 77.5921, GNorm = 0.0906, lr_0 = 1.5051e-04
Loss = 5.4675e-05, PNorm = 77.5930, GNorm = 0.0002, lr_0 = 1.4936e-04
Loss = 1.2185e-05, PNorm = 77.5935, GNorm = 0.0001, lr_0 = 1.4822e-04
Validation auc = 0.772570
Epoch 25
Loss = 1.1557e-03, PNorm = 77.5940, GNorm = 0.0000, lr_0 = 1.4708e-04
Loss = 6.7426e-06, PNorm = 77.5943, GNorm = 0.0000, lr_0 = 1.4595e-04
Loss = 2.4324e-05, PNorm = 77.5947, GNorm = 0.0000, lr_0 = 1.4484e-04
Loss = 1.5353e-06, PNorm = 77.5949, GNorm = 0.0001, lr_0 = 1.4373e-04
Loss = 2.3527e-03, PNorm = 77.5948, GNorm = 0.0000, lr_0 = 1.4263e-04
Loss = 6.0522e-06, PNorm = 77.5942, GNorm = 0.0003, lr_0 = 1.4154e-04
Loss = 2.1129e-05, PNorm = 77.5944, GNorm = 0.0000, lr_0 = 1.4045e-04
Loss = 1.1267e-03, PNorm = 77.5948, GNorm = 0.0029, lr_0 = 1.3938e-04
Loss = 1.7341e-03, PNorm = 77.5959, GNorm = 0.0000, lr_0 = 1.3831e-04
Loss = 3.0529e-05, PNorm = 77.5966, GNorm = 0.0000, lr_0 = 1.3725e-04
Loss = 7.9609e-06, PNorm = 77.5970, GNorm = 0.0012, lr_0 = 1.3620e-04
Loss = 1.5118e-04, PNorm = 77.5970, GNorm = 0.0026, lr_0 = 1.3610e-04
Validation auc = 0.772763
Epoch 26
Loss = 7.2137e-04, PNorm = 77.5975, GNorm = 0.0532, lr_0 = 1.3505e-04
Loss = 6.2977e-04, PNorm = 77.5984, GNorm = 0.0002, lr_0 = 1.3402e-04
Loss = 3.1709e-03, PNorm = 77.5987, GNorm = 0.0000, lr_0 = 1.3299e-04
Loss = 6.6358e-06, PNorm = 77.5990, GNorm = 0.0001, lr_0 = 1.3198e-04
Loss = 8.1773e-06, PNorm = 77.5993, GNorm = 0.0001, lr_0 = 1.3097e-04
Loss = 1.8013e-05, PNorm = 77.5996, GNorm = 0.0000, lr_0 = 1.2996e-04
Loss = 1.4307e-06, PNorm = 77.5997, GNorm = 0.0003, lr_0 = 1.2897e-04
Loss = 1.4358e-03, PNorm = 77.6009, GNorm = 0.0008, lr_0 = 1.2798e-04
Loss = 1.9522e-05, PNorm = 77.6031, GNorm = 0.0000, lr_0 = 1.2700e-04
Loss = 5.1703e-06, PNorm = 77.6041, GNorm = 0.0000, lr_0 = 1.2603e-04
Validation auc = 0.771850
Epoch 27
Loss = 8.0665e-08, PNorm = 77.6046, GNorm = 0.0000, lr_0 = 1.2497e-04
Loss = 6.1211e-05, PNorm = 77.6050, GNorm = 0.0000, lr_0 = 1.2401e-04
Loss = 1.0432e-03, PNorm = 77.6053, GNorm = 0.0522, lr_0 = 1.2306e-04
Loss = 2.0213e-03, PNorm = 77.6054, GNorm = 0.0004, lr_0 = 1.2212e-04
Loss = 4.0192e-05, PNorm = 77.6054, GNorm = 0.0000, lr_0 = 1.2118e-04
Loss = 1.2693e-05, PNorm = 77.6057, GNorm = 0.0009, lr_0 = 1.2026e-04
Loss = 1.0033e-03, PNorm = 77.6066, GNorm = 0.0001, lr_0 = 1.1934e-04
Loss = 7.3817e-04, PNorm = 77.6075, GNorm = 0.0000, lr_0 = 1.1842e-04
Loss = 9.2743e-06, PNorm = 77.6082, GNorm = 0.0002, lr_0 = 1.1752e-04
Loss = 2.8301e-06, PNorm = 77.6086, GNorm = 0.0000, lr_0 = 1.1662e-04
Loss = 7.3148e-04, PNorm = 77.6089, GNorm = 0.0000, lr_0 = 1.1572e-04
Validation auc = 0.772239
Epoch 28
Loss = 8.1984e-06, PNorm = 77.6092, GNorm = 0.0004, lr_0 = 1.1475e-04
Loss = 1.0973e-05, PNorm = 77.6094, GNorm = 0.0000, lr_0 = 1.1387e-04
Loss = 4.4988e-06, PNorm = 77.6096, GNorm = 0.0000, lr_0 = 1.1300e-04
Loss = 2.2629e-03, PNorm = 77.6095, GNorm = 0.0164, lr_0 = 1.1213e-04
Loss = 1.4953e-03, PNorm = 77.6097, GNorm = 0.0001, lr_0 = 1.1127e-04
Loss = 9.7893e-06, PNorm = 77.6101, GNorm = 0.0001, lr_0 = 1.1042e-04
Loss = 5.0566e-05, PNorm = 77.6105, GNorm = 0.0000, lr_0 = 1.0958e-04
Loss = 8.7511e-04, PNorm = 77.6107, GNorm = 0.0000, lr_0 = 1.0874e-04
Loss = 9.9238e-04, PNorm = 77.6112, GNorm = 0.0002, lr_0 = 1.0791e-04
Loss = 2.7811e-03, PNorm = 77.6186, GNorm = 0.0000, lr_0 = 1.0708e-04
Loss = 1.0169e-04, PNorm = 77.6231, GNorm = 0.0006, lr_0 = 1.0626e-04
Validation auc = 0.774444
Epoch 29
Loss = 1.1379e-04, PNorm = 77.6251, GNorm = 0.0223, lr_0 = 1.0545e-04
Loss = 2.0455e-05, PNorm = 77.6262, GNorm = 0.0026, lr_0 = 1.0464e-04
Loss = 5.7485e-05, PNorm = 77.6268, GNorm = 0.0000, lr_0 = 1.0384e-04
Loss = 1.4033e-04, PNorm = 77.6275, GNorm = 0.0003, lr_0 = 1.0304e-04
Loss = 3.0438e-03, PNorm = 77.6280, GNorm = 0.0000, lr_0 = 1.0225e-04
Loss = 8.5382e-04, PNorm = 77.6282, GNorm = 0.0003, lr_0 = 1.0147e-04
Loss = 9.1055e-06, PNorm = 77.6285, GNorm = 0.0001, lr_0 = 1.0069e-04
Loss = 1.8516e-06, PNorm = 77.6286, GNorm = 0.0001, lr_0 = 1.0000e-04
Loss = 9.7259e-04, PNorm = 77.6284, GNorm = 0.0000, lr_0 = 1.0000e-04
Loss = 7.2264e-04, PNorm = 77.6285, GNorm = 0.0045, lr_0 = 1.0000e-04
Validation auc = 0.771737
Model 0 best validation auc = 0.806321 on epoch 0
Loading pretrained parameter "ffn.1.weight".
Loading pretrained parameter "ffn.1.bias".
Loading pretrained parameter "ffn.4.weight".
Loading pretrained parameter "ffn.4.bias".
Loading pretrained parameter "ffn.7.weight".
Loading pretrained parameter "ffn.7.bias".
Loading pretrained parameter "ffn.10.weight".
Loading pretrained parameter "ffn.10.bias".
Model 0 test auc = 0.691295
Ensemble test auc = 0.691295
Fold 2
Splitting data with seed 2
Total scaffolds = 4,180 | train scaffolds = 3,157 | val scaffolds = 507 | test scaffolds = 516
Label averages per scaffold, in decreasing order of scaffold frequency,capped at 10 scaffolds and 20 labels:
Scaffold 0
Task 0: count = 468 | target average = 0.019231
Task 1: count = 468 | target average = 0.014957


Scaffold 1
Task 0: count = 383 | target average = 0.007833
Task 1: count = 383 | target average = 0.013055


Scaffold 2
Task 0: count = 44 | target average = 0.000000
Task 1: count = 44 | target average = 0.000000


Scaffold 3
Task 0: count = 35 | target average = 0.000000
Task 1: count = 35 | target average = 0.000000


Scaffold 4
Task 0: count = 34 | target average = 0.000000
Task 1: count = 34 | target average = 0.000000


Scaffold 5
Task 0: count = 30 | target average = 0.000000
Task 1: count = 30 | target average = 0.000000


Scaffold 6
Task 0: count = 28 | target average = 0.000000
Task 1: count = 28 | target average = 0.000000


Scaffold 7
Task 0: count = 27 | target average = 0.074074
Task 1: count = 27 | target average = 0.074074


Scaffold 8
Task 0: count = 25 | target average = 0.040000
Task 1: count = 25 | target average = 0.000000


Scaffold 9
Task 0: count = 23 | target average = 0.000000
Task 1: count = 23 | target average = 0.000000


Class sizes
hit_inh 0: 97.79%, 1: 2.21%
hit_kill 0: 98.75%, 1: 1.25%
Total size = 6,708 | train size = 5,366 | val size = 670 | test size = 672
Building model 0
MoleculeModel(
  (sigmoid): Sigmoid()
  (encoder): MPN()
  (ffn): Sequential(
    (0): Dropout(p=0.1, inplace=False)
    (1): Linear(in_features=2048, out_features=1500, bias=True)
    (2): ReLU()
    (3): Dropout(p=0.1, inplace=False)
    (4): Linear(in_features=1500, out_features=1500, bias=True)
    (5): ReLU()
    (6): Dropout(p=0.1, inplace=False)
    (7): Linear(in_features=1500, out_features=1500, bias=True)
    (8): ReLU()
    (9): Dropout(p=0.1, inplace=False)
    (10): Linear(in_features=1500, out_features=2, bias=True)
  )
)
Number of parameters = 7,579,502
Epoch 0
Loss = 3.3769e-01, PNorm = 68.8845, GNorm = 0.3191, lr_0 = 1.4626e-04
Loss = 8.9621e-02, PNorm = 68.9465, GNorm = 0.0151, lr_0 = 1.8832e-04
Loss = 1.5242e-01, PNorm = 68.9553, GNorm = 0.0714, lr_0 = 2.3037e-04
Loss = 5.6279e-02, PNorm = 68.9643, GNorm = 0.1686, lr_0 = 2.7243e-04
Loss = 7.1184e-02, PNorm = 68.9876, GNorm = 0.1983, lr_0 = 3.1449e-04
Loss = 1.1316e-01, PNorm = 69.0022, GNorm = 0.2432, lr_0 = 3.5654e-04
Loss = 8.5744e-02, PNorm = 69.0854, GNorm = 0.1988, lr_0 = 3.9860e-04
Loss = 6.7248e-02, PNorm = 69.1808, GNorm = 0.1274, lr_0 = 4.4065e-04
Loss = 9.6773e-02, PNorm = 69.2667, GNorm = 0.1488, lr_0 = 4.8271e-04
Loss = 1.0645e-01, PNorm = 69.4303, GNorm = 0.3040, lr_0 = 5.2477e-04
Validation auc = 0.658198
Epoch 1
Loss = 3.5514e-02, PNorm = 69.6134, GNorm = 0.0767, lr_0 = 5.7103e-04
Loss = 4.4165e-02, PNorm = 69.7817, GNorm = 0.0899, lr_0 = 6.1308e-04
Loss = 4.2398e-02, PNorm = 69.9346, GNorm = 0.0627, lr_0 = 6.5514e-04
Loss = 4.3484e-02, PNorm = 70.0921, GNorm = 0.4228, lr_0 = 6.9720e-04
Loss = 5.9037e-02, PNorm = 70.2555, GNorm = 0.0958, lr_0 = 7.3925e-04
Loss = 5.1955e-02, PNorm = 70.4726, GNorm = 0.1160, lr_0 = 7.8131e-04
Loss = 3.9884e-02, PNorm = 70.6811, GNorm = 0.1249, lr_0 = 8.2336e-04
Loss = 1.4541e-02, PNorm = 70.8972, GNorm = 0.1239, lr_0 = 8.6542e-04
Loss = 6.1724e-02, PNorm = 71.0940, GNorm = 0.3428, lr_0 = 9.0748e-04
Loss = 5.9251e-02, PNorm = 71.4099, GNorm = 0.1823, lr_0 = 9.4953e-04
Loss = 7.3286e-02, PNorm = 71.7742, GNorm = 0.1813, lr_0 = 9.9159e-04
Validation auc = 0.657189
Epoch 2
Loss = 2.7419e-02, PNorm = 72.2021, GNorm = 0.0558, lr_0 = 9.9311e-04
Loss = 3.1253e-02, PNorm = 72.5061, GNorm = 0.3132, lr_0 = 9.8550e-04
Loss = 2.8148e-02, PNorm = 72.8133, GNorm = 0.2766, lr_0 = 9.7796e-04
Loss = 5.8365e-02, PNorm = 72.9817, GNorm = 0.1443, lr_0 = 9.7047e-04
Loss = 2.9017e-02, PNorm = 73.2744, GNorm = 0.2550, lr_0 = 9.6304e-04
Loss = 1.5299e-02, PNorm = 73.4888, GNorm = 0.1156, lr_0 = 9.5567e-04
Loss = 2.2908e-02, PNorm = 73.5992, GNorm = 0.0609, lr_0 = 9.4835e-04
Loss = 2.6148e-02, PNorm = 73.7200, GNorm = 0.1373, lr_0 = 9.4109e-04
Loss = 2.2560e-02, PNorm = 73.8387, GNorm = 0.0659, lr_0 = 9.3389e-04
Loss = 2.1837e-02, PNorm = 73.9790, GNorm = 0.0486, lr_0 = 9.2674e-04
Loss = 2.5960e-02, PNorm = 74.1226, GNorm = 0.0621, lr_0 = 9.1964e-04
Validation auc = 0.698791
Epoch 3
Loss = 1.3579e-02, PNorm = 74.2993, GNorm = 0.0941, lr_0 = 9.1190e-04
Loss = 3.1059e-03, PNorm = 74.3980, GNorm = 0.0000, lr_0 = 9.0492e-04
Loss = 1.3792e-02, PNorm = 74.4572, GNorm = 0.0059, lr_0 = 8.9799e-04
Loss = 1.1625e-02, PNorm = 74.5253, GNorm = 0.2151, lr_0 = 8.9111e-04
Loss = 9.8567e-03, PNorm = 74.6063, GNorm = 0.4501, lr_0 = 8.8429e-04
Loss = 1.7581e-02, PNorm = 74.6695, GNorm = 0.0265, lr_0 = 8.7752e-04
Loss = 7.8724e-03, PNorm = 74.7668, GNorm = 0.0587, lr_0 = 8.7080e-04
Loss = 1.9296e-02, PNorm = 74.8681, GNorm = 0.0004, lr_0 = 8.6414e-04
Loss = 1.5647e-02, PNorm = 74.9576, GNorm = 0.1573, lr_0 = 8.5752e-04
Loss = 2.3991e-02, PNorm = 75.0588, GNorm = 0.1621, lr_0 = 8.5095e-04
Validation auc = 0.692361
Epoch 4
Loss = 4.4638e-04, PNorm = 75.1245, GNorm = 0.0083, lr_0 = 8.4444e-04
Loss = 1.1251e-02, PNorm = 75.1795, GNorm = 0.0791, lr_0 = 8.3797e-04
Loss = 1.5558e-02, PNorm = 75.2202, GNorm = 0.0931, lr_0 = 8.3156e-04
Loss = 1.3834e-02, PNorm = 75.3025, GNorm = 0.1062, lr_0 = 8.2519e-04
Loss = 7.1127e-03, PNorm = 75.4000, GNorm = 0.0514, lr_0 = 8.1888e-04
Loss = 2.1937e-03, PNorm = 75.4753, GNorm = 0.0428, lr_0 = 8.1261e-04
Loss = 2.4142e-02, PNorm = 75.5072, GNorm = 0.1796, lr_0 = 8.0638e-04
Loss = 7.8775e-03, PNorm = 75.5642, GNorm = 0.0266, lr_0 = 8.0021e-04
Loss = 1.3407e-02, PNorm = 75.6356, GNorm = 0.0668, lr_0 = 7.9408e-04
Loss = 1.4230e-02, PNorm = 75.6715, GNorm = 0.0041, lr_0 = 7.8800e-04
Loss = 1.3574e-02, PNorm = 75.7319, GNorm = 0.1750, lr_0 = 7.8197e-04
Validation auc = 0.704513
Epoch 5
Loss = 2.7358e-03, PNorm = 75.8393, GNorm = 0.0233, lr_0 = 7.7539e-04
Loss = 3.1448e-03, PNorm = 75.9146, GNorm = 0.0063, lr_0 = 7.6945e-04
Loss = 4.5874e-03, PNorm = 75.9645, GNorm = 0.0704, lr_0 = 7.6356e-04
Loss = 4.3152e-04, PNorm = 76.0010, GNorm = 0.0019, lr_0 = 7.5772e-04
Loss = 6.2509e-03, PNorm = 76.0351, GNorm = 0.1225, lr_0 = 7.5191e-04
Loss = 5.4966e-03, PNorm = 76.0685, GNorm = 0.0007, lr_0 = 7.4616e-04
Loss = 2.4465e-03, PNorm = 76.0964, GNorm = 0.2376, lr_0 = 7.4044e-04
Loss = 4.1406e-03, PNorm = 76.1268, GNorm = 0.0001, lr_0 = 7.3478e-04
Loss = 1.1432e-02, PNorm = 76.1498, GNorm = 0.0002, lr_0 = 7.2915e-04
Loss = 6.5310e-03, PNorm = 76.1893, GNorm = 0.1455, lr_0 = 7.2357e-04
Loss = 1.4132e-02, PNorm = 76.2276, GNorm = 0.2023, lr_0 = 7.1803e-04
Validation auc = 0.692449
Epoch 6
Loss = 7.1422e-03, PNorm = 76.2604, GNorm = 0.0016, lr_0 = 7.1198e-04
Loss = 2.4782e-03, PNorm = 76.2835, GNorm = 0.0605, lr_0 = 7.0653e-04
Loss = 1.9739e-03, PNorm = 76.3082, GNorm = 0.0634, lr_0 = 7.0112e-04
Loss = 9.7557e-03, PNorm = 76.3257, GNorm = 0.0002, lr_0 = 6.9576e-04
Loss = 2.8760e-03, PNorm = 76.3533, GNorm = 0.1090, lr_0 = 6.9043e-04
Loss = 1.0206e-03, PNorm = 76.3756, GNorm = 0.0142, lr_0 = 6.8514e-04
Loss = 1.5785e-03, PNorm = 76.3960, GNorm = 0.0077, lr_0 = 6.7990e-04
Loss = 4.9288e-03, PNorm = 76.4121, GNorm = 0.1295, lr_0 = 6.7469e-04
Loss = 1.5262e-03, PNorm = 76.4267, GNorm = 0.1178, lr_0 = 6.6953e-04
Loss = 1.5504e-02, PNorm = 76.4339, GNorm = 0.0259, lr_0 = 6.6440e-04
Loss = 1.4359e-02, PNorm = 76.4519, GNorm = 0.0012, lr_0 = 6.5931e-04
Validation auc = 0.701303
Epoch 7
Loss = 9.4137e-04, PNorm = 76.4822, GNorm = 0.0066, lr_0 = 6.5427e-04
Loss = 2.4236e-03, PNorm = 76.5137, GNorm = 0.0348, lr_0 = 6.4926e-04
Loss = 3.9869e-03, PNorm = 76.5362, GNorm = 0.0006, lr_0 = 6.4429e-04
Loss = 1.7097e-03, PNorm = 76.5490, GNorm = 0.0003, lr_0 = 6.3935e-04
Loss = 1.9316e-04, PNorm = 76.5587, GNorm = 0.0188, lr_0 = 6.3446e-04
Loss = 5.8471e-03, PNorm = 76.5799, GNorm = 0.0455, lr_0 = 6.2960e-04
Loss = 3.8271e-03, PNorm = 76.6073, GNorm = 0.0019, lr_0 = 6.2478e-04
Loss = 5.0224e-03, PNorm = 76.6205, GNorm = 0.0938, lr_0 = 6.2000e-04
Loss = 1.4288e-03, PNorm = 76.6353, GNorm = 0.0342, lr_0 = 6.1525e-04
Loss = 3.7849e-03, PNorm = 76.6502, GNorm = 0.0040, lr_0 = 6.1054e-04
Validation auc = 0.693271
Epoch 8
Loss = 4.2963e-04, PNorm = 76.6682, GNorm = 0.0107, lr_0 = 6.0540e-04
Loss = 9.0308e-03, PNorm = 76.6789, GNorm = 0.0764, lr_0 = 6.0077e-04
Loss = 6.0171e-04, PNorm = 76.6985, GNorm = 0.0064, lr_0 = 5.9617e-04
Loss = 1.1457e-03, PNorm = 76.7116, GNorm = 0.0117, lr_0 = 5.9160e-04
Loss = 2.2797e-03, PNorm = 76.7241, GNorm = 0.0001, lr_0 = 5.8707e-04
Loss = 2.5085e-03, PNorm = 76.7328, GNorm = 0.0260, lr_0 = 5.8258e-04
Loss = 3.7870e-04, PNorm = 76.7416, GNorm = 0.0071, lr_0 = 5.7812e-04
Loss = 1.9370e-03, PNorm = 76.7473, GNorm = 0.0068, lr_0 = 5.7369e-04
Loss = 9.7125e-04, PNorm = 76.7556, GNorm = 0.0123, lr_0 = 5.6930e-04
Loss = 2.4765e-03, PNorm = 76.7697, GNorm = 0.0227, lr_0 = 5.6494e-04
Loss = 9.6561e-03, PNorm = 76.7731, GNorm = 0.0075, lr_0 = 5.6062e-04
Validation auc = 0.691047
Epoch 9
Loss = 1.1503e-03, PNorm = 76.7704, GNorm = 0.0082, lr_0 = 5.5590e-04
Loss = 8.6874e-04, PNorm = 76.7857, GNorm = 0.0011, lr_0 = 5.5164e-04
Loss = 1.9914e-03, PNorm = 76.8039, GNorm = 0.0268, lr_0 = 5.4742e-04
Loss = 6.3675e-04, PNorm = 76.8246, GNorm = 0.0000, lr_0 = 5.4323e-04
Loss = 1.9650e-03, PNorm = 76.8351, GNorm = 0.0001, lr_0 = 5.3907e-04
Loss = 4.6072e-04, PNorm = 76.8418, GNorm = 0.0018, lr_0 = 5.3494e-04
Loss = 3.0671e-03, PNorm = 76.8469, GNorm = 0.0300, lr_0 = 5.3084e-04
Loss = 5.4956e-04, PNorm = 76.8550, GNorm = 0.0647, lr_0 = 5.2678e-04
Loss = 4.2409e-03, PNorm = 76.8662, GNorm = 0.0008, lr_0 = 5.2275e-04
Loss = 6.7331e-04, PNorm = 76.8758, GNorm = 0.0051, lr_0 = 5.1874e-04
Loss = 7.0167e-03, PNorm = 76.8836, GNorm = 0.2711, lr_0 = 5.1477e-04
Validation auc = 0.685758
Epoch 10
Loss = 2.0572e-03, PNorm = 76.8882, GNorm = 0.3162, lr_0 = 5.1083e-04
Loss = 2.1220e-05, PNorm = 76.8953, GNorm = 0.0003, lr_0 = 5.0692e-04
Loss = 2.8095e-03, PNorm = 76.9036, GNorm = 0.0051, lr_0 = 5.0304e-04
Loss = 1.9197e-03, PNorm = 76.9153, GNorm = 0.0001, lr_0 = 4.9919e-04
Loss = 2.0954e-03, PNorm = 76.9286, GNorm = 0.0004, lr_0 = 4.9537e-04
Loss = 6.6263e-04, PNorm = 76.9396, GNorm = 0.0002, lr_0 = 4.9157e-04
Loss = 2.2082e-03, PNorm = 76.9488, GNorm = 0.0001, lr_0 = 4.8781e-04
Loss = 9.4983e-05, PNorm = 76.9586, GNorm = 0.0015, lr_0 = 4.8408e-04
Loss = 1.4144e-03, PNorm = 76.9667, GNorm = 0.0509, lr_0 = 4.8037e-04
Loss = 6.4513e-05, PNorm = 76.9742, GNorm = 0.0000, lr_0 = 4.7669e-04
Loss = 5.7132e-04, PNorm = 76.9813, GNorm = 0.0001, lr_0 = 4.7304e-04
Loss = 8.0466e-07, PNorm = 76.9819, GNorm = 0.0000, lr_0 = 4.7268e-04
Validation auc = 0.690450
Epoch 11
Loss = 1.0451e-03, PNorm = 76.9896, GNorm = 0.0021, lr_0 = 4.6906e-04
Loss = 1.2608e-03, PNorm = 76.9929, GNorm = 0.0000, lr_0 = 4.6547e-04
Loss = 7.0092e-04, PNorm = 76.9954, GNorm = 0.0009, lr_0 = 4.6191e-04
Loss = 2.0403e-05, PNorm = 76.9993, GNorm = 0.0000, lr_0 = 4.5837e-04
Loss = 9.0658e-06, PNorm = 77.0014, GNorm = 0.0001, lr_0 = 4.5486e-04
Loss = 6.4965e-05, PNorm = 77.0032, GNorm = 0.0002, lr_0 = 4.5138e-04
Loss = 1.1484e-03, PNorm = 77.0036, GNorm = 0.0001, lr_0 = 4.4792e-04
Loss = 1.3954e-03, PNorm = 77.0048, GNorm = 0.1225, lr_0 = 4.4449e-04
Loss = 2.8742e-05, PNorm = 77.0065, GNorm = 0.0000, lr_0 = 4.4109e-04
Loss = 1.4483e-04, PNorm = 77.0085, GNorm = 0.0004, lr_0 = 4.3771e-04
Validation auc = 0.690505
Epoch 12
Loss = 9.5058e-06, PNorm = 77.0061, GNorm = 0.0000, lr_0 = 4.3403e-04
Loss = 2.1330e-03, PNorm = 77.0068, GNorm = 0.0000, lr_0 = 4.3070e-04
Loss = 1.3592e-03, PNorm = 77.0101, GNorm = 0.0503, lr_0 = 4.2741e-04
Loss = 2.1193e-05, PNorm = 77.0124, GNorm = 0.0000, lr_0 = 4.2413e-04
Loss = 2.7036e-05, PNorm = 77.0141, GNorm = 0.0000, lr_0 = 4.2089e-04
Loss = 2.9617e-03, PNorm = 77.0170, GNorm = 0.0001, lr_0 = 4.1766e-04
Loss = 3.6205e-04, PNorm = 77.0202, GNorm = 0.0061, lr_0 = 4.1447e-04
Loss = 3.9900e-04, PNorm = 77.0236, GNorm = 0.0000, lr_0 = 4.1129e-04
Loss = 2.1849e-04, PNorm = 77.0278, GNorm = 0.0249, lr_0 = 4.0814e-04
Loss = 1.0698e-03, PNorm = 77.0302, GNorm = 0.0008, lr_0 = 4.0502e-04
Loss = 2.1823e-05, PNorm = 77.0315, GNorm = 0.0012, lr_0 = 4.0192e-04
Validation auc = 0.690409
Epoch 13
Loss = 8.2513e-05, PNorm = 77.0307, GNorm = 0.0000, lr_0 = 3.9884e-04
Loss = 2.1218e-03, PNorm = 77.0327, GNorm = 0.0684, lr_0 = 3.9579e-04
Loss = 6.8532e-06, PNorm = 77.0344, GNorm = 0.0000, lr_0 = 3.9276e-04
Loss = 1.1121e-03, PNorm = 77.0381, GNorm = 0.0003, lr_0 = 3.8975e-04
Loss = 3.2924e-03, PNorm = 77.0432, GNorm = 0.0349, lr_0 = 3.8677e-04
Loss = 6.5796e-05, PNorm = 77.0514, GNorm = 0.0000, lr_0 = 3.8381e-04
Loss = 4.5403e-05, PNorm = 77.0565, GNorm = 0.0000, lr_0 = 3.8087e-04
Loss = 1.7487e-04, PNorm = 77.0595, GNorm = 0.0007, lr_0 = 3.7795e-04
Loss = 2.6278e-03, PNorm = 77.0616, GNorm = 0.0014, lr_0 = 3.7506e-04
Loss = 2.7061e-05, PNorm = 77.0636, GNorm = 0.0000, lr_0 = 3.7219e-04
Loss = 2.3632e-03, PNorm = 77.0670, GNorm = 0.0882, lr_0 = 3.6934e-04
Validation auc = 0.688913
Epoch 14
Loss = 2.3516e-04, PNorm = 77.0703, GNorm = 0.0006, lr_0 = 3.6623e-04
Loss = 5.7137e-04, PNorm = 77.0730, GNorm = 0.0000, lr_0 = 3.6342e-04
Loss = 1.5269e-04, PNorm = 77.0758, GNorm = 0.0001, lr_0 = 3.6064e-04
Loss = 1.6479e-04, PNorm = 77.0787, GNorm = 0.0188, lr_0 = 3.5788e-04
Loss = 8.7251e-04, PNorm = 77.0807, GNorm = 0.0000, lr_0 = 3.5514e-04
Loss = 1.0257e-03, PNorm = 77.0833, GNorm = 0.0002, lr_0 = 3.5242e-04
Loss = 3.3266e-06, PNorm = 77.0849, GNorm = 0.0003, lr_0 = 3.4972e-04
Loss = 1.9337e-03, PNorm = 77.0852, GNorm = 0.0002, lr_0 = 3.4705e-04
Loss = 1.8354e-03, PNorm = 77.0873, GNorm = 0.0000, lr_0 = 3.4439e-04
Loss = 1.8763e-03, PNorm = 77.0901, GNorm = 0.0003, lr_0 = 3.4175e-04
Validation auc = 0.687660
Epoch 15
Loss = 2.0681e-06, PNorm = 77.0967, GNorm = 0.0001, lr_0 = 3.3888e-04
Loss = 1.1164e-03, PNorm = 77.0997, GNorm = 0.1208, lr_0 = 3.3628e-04
Loss = 3.3223e-03, PNorm = 77.0998, GNorm = 0.0000, lr_0 = 3.3371e-04
Loss = 1.2470e-03, PNorm = 77.1029, GNorm = 0.0000, lr_0 = 3.3115e-04
Loss = 1.3686e-03, PNorm = 77.1048, GNorm = 0.0001, lr_0 = 3.2862e-04
Loss = 1.2298e-03, PNorm = 77.1069, GNorm = 0.0000, lr_0 = 3.2610e-04
Loss = 2.3392e-04, PNorm = 77.1092, GNorm = 0.0000, lr_0 = 3.2360e-04
Loss = 4.2574e-05, PNorm = 77.1111, GNorm = 0.0119, lr_0 = 3.2113e-04
Loss = 8.6625e-04, PNorm = 77.1128, GNorm = 0.0000, lr_0 = 3.1867e-04
Loss = 1.1727e-05, PNorm = 77.1144, GNorm = 0.0000, lr_0 = 3.1623e-04
Loss = 2.2244e-07, PNorm = 77.1152, GNorm = 0.0000, lr_0 = 3.1381e-04
Validation auc = 0.689239
Epoch 16
Loss = 1.0192e-05, PNorm = 77.1157, GNorm = 0.0006, lr_0 = 3.1140e-04
Loss = 1.3831e-05, PNorm = 77.1164, GNorm = 0.0001, lr_0 = 3.0902e-04
Loss = 3.3418e-05, PNorm = 77.1172, GNorm = 0.0046, lr_0 = 3.0665e-04
Loss = 5.2600e-04, PNorm = 77.1184, GNorm = 0.0003, lr_0 = 3.0431e-04
Loss = 2.7652e-05, PNorm = 77.1197, GNorm = 0.0000, lr_0 = 3.0198e-04
Loss = 1.4845e-03, PNorm = 77.1196, GNorm = 0.0000, lr_0 = 2.9966e-04
Loss = 3.7767e-05, PNorm = 77.1202, GNorm = 0.0000, lr_0 = 2.9737e-04
Loss = 2.3372e-03, PNorm = 77.1217, GNorm = 0.0007, lr_0 = 2.9509e-04
Loss = 5.8863e-05, PNorm = 77.1239, GNorm = 0.0000, lr_0 = 2.9283e-04
Loss = 8.0958e-04, PNorm = 77.1249, GNorm = 0.0001, lr_0 = 2.9059e-04
Loss = 5.8576e-06, PNorm = 77.1254, GNorm = 0.0000, lr_0 = 2.8837e-04
Validation auc = 0.688679
Epoch 17
Loss = 1.0447e-03, PNorm = 77.1247, GNorm = 0.0337, lr_0 = 2.8594e-04
Loss = 1.1534e-03, PNorm = 77.1278, GNorm = 0.0010, lr_0 = 2.8375e-04
Loss = 1.8991e-04, PNorm = 77.1344, GNorm = 0.0000, lr_0 = 2.8158e-04
Loss = 1.7872e-03, PNorm = 77.1420, GNorm = 0.0000, lr_0 = 2.7942e-04
Loss = 2.6568e-05, PNorm = 77.1482, GNorm = 0.0009, lr_0 = 2.7728e-04
Loss = 3.8154e-04, PNorm = 77.1505, GNorm = 0.0000, lr_0 = 2.7516e-04
Loss = 2.0823e-04, PNorm = 77.1523, GNorm = 0.0007, lr_0 = 2.7305e-04
Loss = 1.5274e-05, PNorm = 77.1539, GNorm = 0.0001, lr_0 = 2.7096e-04
Loss = 1.4272e-03, PNorm = 77.1551, GNorm = 0.0009, lr_0 = 2.6889e-04
Loss = 1.0862e-03, PNorm = 77.1592, GNorm = 0.0001, lr_0 = 2.6683e-04
Loss = 3.1390e-03, PNorm = 77.1617, GNorm = 0.1223, lr_0 = 2.6479e-04
Validation auc = 0.687093
Epoch 18
Loss = 1.0200e-04, PNorm = 77.1636, GNorm = 0.0071, lr_0 = 2.6256e-04
Loss = 9.5454e-06, PNorm = 77.1651, GNorm = 0.0000, lr_0 = 2.6055e-04
Loss = 2.0420e-03, PNorm = 77.1664, GNorm = 0.0011, lr_0 = 2.5855e-04
Loss = 9.4140e-05, PNorm = 77.1670, GNorm = 0.0285, lr_0 = 2.5657e-04
Loss = 4.2628e-04, PNorm = 77.1683, GNorm = 0.0000, lr_0 = 2.5461e-04
Loss = 4.4704e-06, PNorm = 77.1689, GNorm = 0.0000, lr_0 = 2.5266e-04
Loss = 1.0344e-04, PNorm = 77.1697, GNorm = 0.0006, lr_0 = 2.5073e-04
Loss = 2.0981e-05, PNorm = 77.1706, GNorm = 0.0000, lr_0 = 2.4881e-04
Loss = 4.4907e-03, PNorm = 77.1692, GNorm = 0.0014, lr_0 = 2.4690e-04
Loss = 2.4725e-03, PNorm = 77.1708, GNorm = 0.0005, lr_0 = 2.4501e-04
Validation auc = 0.686403
Epoch 19
Loss = 1.5466e-05, PNorm = 77.1738, GNorm = 0.0006, lr_0 = 2.4314e-04
Loss = 1.0937e-05, PNorm = 77.1757, GNorm = 0.0009, lr_0 = 2.4127e-04
Loss = 1.6075e-03, PNorm = 77.1795, GNorm = 0.0000, lr_0 = 2.3943e-04
Loss = 7.4014e-05, PNorm = 77.1836, GNorm = 0.0001, lr_0 = 2.3759e-04
Loss = 2.9683e-03, PNorm = 77.1861, GNorm = 0.0004, lr_0 = 2.3577e-04
Loss = 2.6385e-05, PNorm = 77.1894, GNorm = 0.0017, lr_0 = 2.3397e-04
Loss = 6.5127e-04, PNorm = 77.1914, GNorm = 0.0001, lr_0 = 2.3218e-04
Loss = 5.5342e-05, PNorm = 77.1932, GNorm = 0.0000, lr_0 = 2.3040e-04
Loss = 1.5878e-03, PNorm = 77.1940, GNorm = 0.0000, lr_0 = 2.2864e-04
Loss = 7.9560e-05, PNorm = 77.1951, GNorm = 0.0002, lr_0 = 2.2689e-04
Loss = 2.3766e-06, PNorm = 77.1963, GNorm = 0.0005, lr_0 = 2.2515e-04
Validation auc = 0.687202
Epoch 20
Loss = 2.6596e-06, PNorm = 77.1975, GNorm = 0.0004, lr_0 = 2.2325e-04
Loss = 1.5122e-03, PNorm = 77.1994, GNorm = 0.0000, lr_0 = 2.2154e-04
Loss = 2.1737e-05, PNorm = 77.2007, GNorm = 0.0002, lr_0 = 2.1985e-04
Loss = 1.0466e-03, PNorm = 77.2022, GNorm = 0.1184, lr_0 = 2.1816e-04
Loss = 1.1939e-04, PNorm = 77.2052, GNorm = 0.0000, lr_0 = 2.1649e-04
Loss = 9.8660e-04, PNorm = 77.2075, GNorm = 0.0067, lr_0 = 2.1484e-04
Loss = 4.4589e-06, PNorm = 77.2088, GNorm = 0.0000, lr_0 = 2.1319e-04
Loss = 1.3432e-03, PNorm = 77.2096, GNorm = 0.0000, lr_0 = 2.1156e-04
Loss = 1.2893e-05, PNorm = 77.2103, GNorm = 0.0001, lr_0 = 2.0994e-04
Loss = 2.5902e-03, PNorm = 77.2107, GNorm = 0.0000, lr_0 = 2.0833e-04
Loss = 4.0270e-05, PNorm = 77.2108, GNorm = 0.0000, lr_0 = 2.0674e-04
Validation auc = 0.686805
Epoch 21
Loss = 9.9891e-05, PNorm = 77.2116, GNorm = 0.0000, lr_0 = 2.0500e-04
Loss = 4.4050e-04, PNorm = 77.2129, GNorm = 0.0000, lr_0 = 2.0343e-04
Loss = 3.6663e-03, PNorm = 77.2137, GNorm = 0.0000, lr_0 = 2.0187e-04
Loss = 3.4506e-05, PNorm = 77.2142, GNorm = 0.0051, lr_0 = 2.0033e-04
Loss = 8.0828e-05, PNorm = 77.2154, GNorm = 0.0000, lr_0 = 1.9879e-04
Loss = 7.1442e-04, PNorm = 77.2169, GNorm = 0.0000, lr_0 = 1.9727e-04
Loss = 9.3228e-04, PNorm = 77.2179, GNorm = 0.0000, lr_0 = 1.9576e-04
Loss = 1.3963e-05, PNorm = 77.2185, GNorm = 0.0000, lr_0 = 1.9426e-04
Loss = 1.0215e-04, PNorm = 77.2192, GNorm = 0.0000, lr_0 = 1.9277e-04
Loss = 5.8713e-06, PNorm = 77.2197, GNorm = 0.0001, lr_0 = 1.9130e-04
Loss = 3.8134e-04, PNorm = 77.2201, GNorm = 0.0011, lr_0 = 1.8983e-04
Validation auc = 0.686805
Epoch 22
Loss = 9.1033e-05, PNorm = 77.2206, GNorm = 0.0001, lr_0 = 1.8838e-04
Loss = 7.6066e-05, PNorm = 77.2217, GNorm = 0.0003, lr_0 = 1.8694e-04
Loss = 1.7834e-03, PNorm = 77.2266, GNorm = 0.0004, lr_0 = 1.8551e-04
Loss = 5.1658e-06, PNorm = 77.2300, GNorm = 0.0002, lr_0 = 1.8409e-04
Loss = 9.1841e-04, PNorm = 77.2316, GNorm = 0.0299, lr_0 = 1.8268e-04
Loss = 4.3563e-06, PNorm = 77.2328, GNorm = 0.0001, lr_0 = 1.8128e-04
Loss = 2.8672e-05, PNorm = 77.2334, GNorm = 0.0000, lr_0 = 1.7989e-04
Loss = 6.3864e-04, PNorm = 77.2340, GNorm = 0.0414, lr_0 = 1.7851e-04
Loss = 3.8359e-03, PNorm = 77.2345, GNorm = 0.0000, lr_0 = 1.7715e-04
Loss = 7.5681e-04, PNorm = 77.2353, GNorm = 0.0000, lr_0 = 1.7579e-04
Validation auc = 0.686800
Epoch 23
Loss = 4.6449e-03, PNorm = 77.2340, GNorm = 0.0492, lr_0 = 1.7431e-04
Loss = 3.3995e-03, PNorm = 77.2343, GNorm = 0.0000, lr_0 = 1.7298e-04
Loss = 7.3749e-04, PNorm = 77.2348, GNorm = 0.0000, lr_0 = 1.7165e-04
Loss = 1.0165e-03, PNorm = 77.2353, GNorm = 0.0289, lr_0 = 1.7034e-04
Loss = 2.5340e-05, PNorm = 77.2364, GNorm = 0.0000, lr_0 = 1.6903e-04
Loss = 3.6444e-05, PNorm = 77.2372, GNorm = 0.0001, lr_0 = 1.6774e-04
Loss = 3.0421e-04, PNorm = 77.2376, GNorm = 0.0000, lr_0 = 1.6645e-04
Loss = 8.3853e-05, PNorm = 77.2380, GNorm = 0.0011, lr_0 = 1.6518e-04
Loss = 2.5141e-05, PNorm = 77.2389, GNorm = 0.0035, lr_0 = 1.6392e-04
Loss = 4.3346e-04, PNorm = 77.2403, GNorm = 0.0000, lr_0 = 1.6266e-04
Loss = 1.2904e-03, PNorm = 77.2397, GNorm = 0.0006, lr_0 = 1.6142e-04
Validation auc = 0.687772
Epoch 24
Loss = 4.9879e-03, PNorm = 77.2396, GNorm = 0.0008, lr_0 = 1.6006e-04
Loss = 6.4389e-04, PNorm = 77.2402, GNorm = 0.0000, lr_0 = 1.5883e-04
Loss = 3.8913e-06, PNorm = 77.2407, GNorm = 0.0000, lr_0 = 1.5761e-04
Loss = 7.7605e-04, PNorm = 77.2413, GNorm = 0.0005, lr_0 = 1.5641e-04
Loss = 1.2525e-05, PNorm = 77.2420, GNorm = 0.0001, lr_0 = 1.5521e-04
Loss = 6.0961e-04, PNorm = 77.2435, GNorm = 0.0002, lr_0 = 1.5402e-04
Loss = 8.5386e-04, PNorm = 77.2446, GNorm = 0.0012, lr_0 = 1.5284e-04
Loss = 3.4852e-06, PNorm = 77.2454, GNorm = 0.0000, lr_0 = 1.5167e-04
Loss = 4.5271e-04, PNorm = 77.2463, GNorm = 0.0076, lr_0 = 1.5051e-04
Loss = 1.0005e-03, PNorm = 77.2474, GNorm = 0.0000, lr_0 = 1.4936e-04
Loss = 1.2565e-05, PNorm = 77.2481, GNorm = 0.0002, lr_0 = 1.4822e-04
Validation auc = 0.688290
Epoch 25
Loss = 1.0646e-03, PNorm = 77.2484, GNorm = 0.0000, lr_0 = 1.4708e-04
Loss = 1.0174e-03, PNorm = 77.2484, GNorm = 0.0011, lr_0 = 1.4595e-04
Loss = 6.9400e-06, PNorm = 77.2485, GNorm = 0.0000, lr_0 = 1.4484e-04
Loss = 6.9685e-04, PNorm = 77.2492, GNorm = 0.0001, lr_0 = 1.4373e-04
Loss = 1.8745e-05, PNorm = 77.2501, GNorm = 0.0004, lr_0 = 1.4263e-04
Loss = 7.2575e-06, PNorm = 77.2505, GNorm = 0.0000, lr_0 = 1.4154e-04
Loss = 2.0265e-03, PNorm = 77.2510, GNorm = 0.2002, lr_0 = 1.4045e-04
Loss = 1.8879e-05, PNorm = 77.2524, GNorm = 0.0000, lr_0 = 1.3938e-04
Loss = 8.6832e-06, PNorm = 77.2533, GNorm = 0.0001, lr_0 = 1.3831e-04
Loss = 8.2737e-04, PNorm = 77.2539, GNorm = 0.0284, lr_0 = 1.3725e-04
Loss = 2.5790e-03, PNorm = 77.2537, GNorm = 0.0001, lr_0 = 1.3620e-04
Loss = 5.2154e-08, PNorm = 77.2537, GNorm = 0.0000, lr_0 = 1.3610e-04
Validation auc = 0.688086
Epoch 26
Loss = 9.7558e-04, PNorm = 77.2540, GNorm = 0.0000, lr_0 = 1.3505e-04
Loss = 2.2953e-06, PNorm = 77.2542, GNorm = 0.0001, lr_0 = 1.3402e-04
Loss = 5.0222e-05, PNorm = 77.2546, GNorm = 0.0028, lr_0 = 1.3299e-04
Loss = 3.9717e-06, PNorm = 77.2551, GNorm = 0.0011, lr_0 = 1.3198e-04
Loss = 3.5079e-05, PNorm = 77.2554, GNorm = 0.0000, lr_0 = 1.3097e-04
Loss = 1.8324e-03, PNorm = 77.2542, GNorm = 0.0003, lr_0 = 1.2996e-04
Loss = 9.5301e-05, PNorm = 77.2542, GNorm = 0.0000, lr_0 = 1.2897e-04
Loss = 4.2334e-03, PNorm = 77.2540, GNorm = 0.0000, lr_0 = 1.2798e-04
Loss = 6.1751e-06, PNorm = 77.2542, GNorm = 0.0000, lr_0 = 1.2700e-04
Loss = 8.4211e-04, PNorm = 77.2543, GNorm = 0.0001, lr_0 = 1.2603e-04
Validation auc = 0.688591
Epoch 27
Loss = 2.1630e-03, PNorm = 77.2545, GNorm = 0.0114, lr_0 = 1.2497e-04
Loss = 5.1094e-06, PNorm = 77.2550, GNorm = 0.0000, lr_0 = 1.2401e-04
Loss = 1.8619e-03, PNorm = 77.2552, GNorm = 0.0000, lr_0 = 1.2306e-04
Loss = 2.7618e-05, PNorm = 77.2554, GNorm = 0.0000, lr_0 = 1.2212e-04
Loss = 8.4262e-04, PNorm = 77.2559, GNorm = 0.0012, lr_0 = 1.2118e-04
Loss = 1.8449e-05, PNorm = 77.2565, GNorm = 0.0000, lr_0 = 1.2026e-04
Loss = 6.2787e-06, PNorm = 77.2571, GNorm = 0.0000, lr_0 = 1.1934e-04
Loss = 1.2909e-03, PNorm = 77.2579, GNorm = 0.0005, lr_0 = 1.1842e-04
Loss = 5.3463e-04, PNorm = 77.2589, GNorm = 0.0019, lr_0 = 1.1752e-04
Loss = 9.3270e-04, PNorm = 77.2597, GNorm = 0.0017, lr_0 = 1.1662e-04
Loss = 1.4934e-06, PNorm = 77.2602, GNorm = 0.0000, lr_0 = 1.1572e-04
Validation auc = 0.688687
Epoch 28
Loss = 1.7605e-04, PNorm = 77.2608, GNorm = 0.0000, lr_0 = 1.1475e-04
Loss = 5.4207e-04, PNorm = 77.2615, GNorm = 0.0000, lr_0 = 1.1387e-04
Loss = 6.2966e-04, PNorm = 77.2619, GNorm = 0.0303, lr_0 = 1.1300e-04
Loss = 1.8835e-05, PNorm = 77.2624, GNorm = 0.0047, lr_0 = 1.1213e-04
Loss = 8.9233e-04, PNorm = 77.2639, GNorm = 0.0436, lr_0 = 1.1127e-04
Loss = 5.6544e-06, PNorm = 77.2652, GNorm = 0.0008, lr_0 = 1.1042e-04
Loss = 1.7067e-06, PNorm = 77.2658, GNorm = 0.0001, lr_0 = 1.0958e-04
Loss = 8.6131e-04, PNorm = 77.2661, GNorm = 0.0060, lr_0 = 1.0874e-04
Loss = 1.1681e-05, PNorm = 77.2665, GNorm = 0.0003, lr_0 = 1.0791e-04
Loss = 1.0819e-05, PNorm = 77.2668, GNorm = 0.0001, lr_0 = 1.0708e-04
Loss = 4.0489e-03, PNorm = 77.2663, GNorm = 0.0028, lr_0 = 1.0626e-04
Validation auc = 0.690196
Epoch 29
Loss = 9.7106e-06, PNorm = 77.2660, GNorm = 0.0000, lr_0 = 1.0545e-04
Loss = 1.7452e-05, PNorm = 77.2662, GNorm = 0.0001, lr_0 = 1.0464e-04
Loss = 3.5512e-04, PNorm = 77.2663, GNorm = 0.0002, lr_0 = 1.0384e-04
Loss = 2.0050e-05, PNorm = 77.2666, GNorm = 0.0024, lr_0 = 1.0304e-04
Loss = 9.6146e-04, PNorm = 77.2671, GNorm = 0.0871, lr_0 = 1.0225e-04
Loss = 3.6502e-04, PNorm = 77.2683, GNorm = 0.0001, lr_0 = 1.0147e-04
Loss = 7.9232e-04, PNorm = 77.2689, GNorm = 0.0001, lr_0 = 1.0069e-04
Loss = 7.2214e-06, PNorm = 77.2692, GNorm = 0.0000, lr_0 = 1.0000e-04
Loss = 1.8730e-03, PNorm = 77.2706, GNorm = 0.0008, lr_0 = 1.0000e-04
Loss = 7.4217e-06, PNorm = 77.2715, GNorm = 0.0001, lr_0 = 1.0000e-04
Validation auc = 0.689670
Model 0 best validation auc = 0.704513 on epoch 4
Loading pretrained parameter "ffn.1.weight".
Loading pretrained parameter "ffn.1.bias".
Loading pretrained parameter "ffn.4.weight".
Loading pretrained parameter "ffn.4.bias".
Loading pretrained parameter "ffn.7.weight".
Loading pretrained parameter "ffn.7.bias".
Loading pretrained parameter "ffn.10.weight".
Loading pretrained parameter "ffn.10.bias".
Model 0 test auc = 0.725742
Ensemble test auc = 0.725742
3-fold cross validation
	Seed 0 ==> test auc = 0.584239
	Seed 1 ==> test auc = 0.691295
	Seed 2 ==> test auc = 0.725742
Overall test auc = 0.667092 +/- 0.060250
Elapsed time = 0:15:28
