Command line
python /home/jackievaleri8/.conda/envs/chemprop/bin/chemprop_train --init_lr 0.001 --dropout 0.25 --hidden_size 500 --ffn_num_layers 1 --depth 4 --save_dir round3finalval08162021_models/31 --data_path round3finalval08162021_TRAIN.csv --dataset_type classification --features_path round3finalval08162021_TRAINFTS.npz --no_features_scaling --num_folds 3 --ensemble_size 1 --split_type scaffold_balanced --split_sizes 0.8 0.1 0.1 --smiles_columns SMILES --ignore_columns Name --gpu 0
Args
{'activation': 'ReLU',
 'aggregation': 'mean',
 'aggregation_norm': 100,
 'atom_descriptor_scaling': True,
 'atom_descriptors': None,
 'atom_descriptors_path': None,
 'atom_descriptors_size': 0,
 'atom_features_size': 0,
 'atom_messages': False,
 'batch_size': 50,
 'bias': False,
 'bond_feature_scaling': True,
 'bond_features_path': None,
 'bond_features_size': 0,
 'cache_cutoff': 10000,
 'checkpoint_dir': None,
 'checkpoint_path': None,
 'checkpoint_paths': None,
 'class_balance': False,
 'config_path': None,
 'crossval_index_dir': None,
 'crossval_index_file': None,
 'crossval_index_sets': None,
 'cuda': True,
 'data_path': 'round3finalval08162021_TRAIN.csv',
 'dataset_type': 'classification',
 'depth': 4,
 'device': device(type='cuda', index=0),
 'dropout': 0.25,
 'empty_cache': False,
 'ensemble_size': 1,
 'epochs': 30,
 'explicit_h': False,
 'extra_metrics': [],
 'features_generator': None,
 'features_only': False,
 'features_path': ['round3finalval08162021_TRAINFTS.npz'],
 'features_scaling': False,
 'features_size': None,
 'ffn_hidden_size': 500,
 'ffn_num_layers': 1,
 'final_lr': 0.0001,
 'folds_file': None,
 'gpu': 0,
 'grad_clip': None,
 'hidden_size': 500,
 'ignore_columns': ['Name'],
 'init_lr': 0.001,
 'log_frequency': 10,
 'max_data_size': None,
 'max_lr': 0.001,
 'metric': 'auc',
 'metrics': ['auc'],
 'minimize_score': False,
 'mpn_shared': False,
 'multiclass_num_classes': 3,
 'no_atom_descriptor_scaling': False,
 'no_bond_features_scaling': False,
 'no_cache_mol': False,
 'no_cuda': False,
 'no_features_scaling': True,
 'num_folds': 3,
 'num_lrs': 1,
 'num_tasks': 2,
 'num_workers': 8,
 'number_of_molecules': 1,
 'overwrite_default_atom_features': False,
 'overwrite_default_bond_features': False,
 'pytorch_seed': 0,
 'quiet': False,
 'reaction': False,
 'reaction_mode': 'reac_diff',
 'resume_experiment': False,
 'save_dir': 'round3finalval08162021_models/31',
 'save_preds': False,
 'save_smiles_splits': False,
 'seed': 0,
 'separate_test_atom_descriptors_path': None,
 'separate_test_bond_features_path': None,
 'separate_test_features_path': None,
 'separate_test_path': None,
 'separate_val_atom_descriptors_path': None,
 'separate_val_bond_features_path': None,
 'separate_val_features_path': None,
 'separate_val_path': None,
 'show_individual_scores': False,
 'smiles_columns': ['SMILES'],
 'split_sizes': (0.8, 0.1, 0.1),
 'split_type': 'scaffold_balanced',
 'target_columns': None,
 'task_names': ['hit_inh', 'hit_kill'],
 'test': False,
 'test_fold_index': None,
 'train_data_size': None,
 'undirected': False,
 'use_input_features': True,
 'val_fold_index': None,
 'warmup_epochs': 2.0}
Loading data
Warning: 23 SMILES are invalid.
Number of tasks = 2
Fold 0
Splitting data with seed 0
Total scaffolds = 3,467 | train scaffolds = 2,650 | val scaffolds = 433 | test scaffolds = 384
Label averages per scaffold, in decreasing order of scaffold frequency,capped at 10 scaffolds and 20 labels:
Scaffold 0
Task 0: count = 381 | target average = 0.018373
Task 1: count = 381 | target average = 0.013123


Scaffold 1
Task 0: count = 305 | target average = 0.009836
Task 1: count = 305 | target average = 0.016393


Scaffold 2
Task 0: count = 36 | target average = 0.000000
Task 1: count = 36 | target average = 0.000000


Scaffold 3
Task 0: count = 29 | target average = 0.000000
Task 1: count = 29 | target average = 0.000000


Scaffold 4
Task 0: count = 26 | target average = 0.000000
Task 1: count = 26 | target average = 0.000000


Scaffold 5
Task 0: count = 23 | target average = 0.000000
Task 1: count = 23 | target average = 0.000000


Scaffold 6
Task 0: count = 22 | target average = 0.090909
Task 1: count = 22 | target average = 0.090909


Scaffold 7
Task 0: count = 20 | target average = 0.000000
Task 1: count = 20 | target average = 0.000000


Scaffold 8
Task 0: count = 20 | target average = 0.000000
Task 1: count = 20 | target average = 0.000000


Scaffold 9
Task 0: count = 20 | target average = 0.050000
Task 1: count = 20 | target average = 0.000000


Class sizes
hit_inh 0: 97.83%, 1: 2.17%
hit_kill 0: 98.64%, 1: 1.36%
Total size = 5,353 | train size = 4,282 | val size = 535 | test size = 536
Building model 0
MoleculeModel(
  (sigmoid): Sigmoid()
  (encoder): MPN(
    (encoder): ModuleList(
      (0): MPNEncoder(
        (dropout_layer): Dropout(p=0.25, inplace=False)
        (act_func): ReLU()
        (W_i): Linear(in_features=147, out_features=500, bias=False)
        (W_h): Linear(in_features=500, out_features=500, bias=False)
        (W_o): Linear(in_features=633, out_features=500, bias=True)
      )
    )
  )
  (ffn): Sequential(
    (0): Dropout(p=0.25, inplace=False)
    (1): Linear(in_features=700, out_features=2, bias=True)
  )
)
Number of parameters = 641,902
Moving model to cuda
Epoch 0
Loss = 2.5695e-01, PNorm = 35.9540, GNorm = 0.8399, lr_0 = 1.0000e-03
Loss = 9.8807e-02, PNorm = 36.0338, GNorm = 0.2741, lr_0 = 1.0000e-03
Loss = 9.2207e-02, PNorm = 36.0820, GNorm = 0.7839, lr_0 = 1.0000e-03
Loss = 1.0359e-01, PNorm = 36.1038, GNorm = 0.2425, lr_0 = 1.0000e-03
Loss = 1.0005e-01, PNorm = 36.1313, GNorm = 0.5173, lr_0 = 1.0000e-03
Loss = 5.9478e-02, PNorm = 36.1515, GNorm = 0.1745, lr_0 = 1.0000e-03
Loss = 6.6919e-02, PNorm = 36.1680, GNorm = 0.2089, lr_0 = 1.0000e-03
Loss = 6.7268e-02, PNorm = 36.1855, GNorm = 0.1370, lr_0 = 1.0000e-03
Validation auc = 0.569497
Epoch 1
Loss = 3.7866e-02, PNorm = 36.2184, GNorm = 0.1031, lr_0 = 1.0000e-03
Loss = 9.6258e-02, PNorm = 36.2289, GNorm = 0.1901, lr_0 = 1.0000e-03
Loss = 8.3108e-02, PNorm = 36.2628, GNorm = 0.1577, lr_0 = 1.0000e-03
Loss = 9.5694e-02, PNorm = 36.2883, GNorm = 0.1785, lr_0 = 1.0000e-03
Loss = 8.7076e-02, PNorm = 36.3246, GNorm = 0.1187, lr_0 = 1.0000e-03
Loss = 6.0465e-02, PNorm = 36.3600, GNorm = 0.1827, lr_0 = 1.0000e-03
Loss = 9.3971e-02, PNorm = 36.3854, GNorm = 0.1337, lr_0 = 1.0000e-03
Loss = 9.9383e-02, PNorm = 36.4028, GNorm = 0.1385, lr_0 = 1.0000e-03
Loss = 1.0175e-01, PNorm = 36.4431, GNorm = 0.1396, lr_0 = 9.9807e-04
Validation auc = 0.797022
Epoch 2
Loss = 7.0305e-02, PNorm = 36.5033, GNorm = 0.0626, lr_0 = 9.8846e-04
Loss = 6.6954e-02, PNorm = 36.5297, GNorm = 0.1527, lr_0 = 9.7894e-04
Loss = 6.9843e-02, PNorm = 36.5801, GNorm = 0.1372, lr_0 = 9.6952e-04
Loss = 8.3218e-02, PNorm = 36.6140, GNorm = 0.4413, lr_0 = 9.6018e-04
Loss = 7.3036e-02, PNorm = 36.6613, GNorm = 0.1415, lr_0 = 9.5094e-04
Loss = 9.1402e-02, PNorm = 36.7001, GNorm = 0.1625, lr_0 = 9.4178e-04
Loss = 1.3336e-01, PNorm = 36.7509, GNorm = 0.3102, lr_0 = 9.3271e-04
Loss = 6.4293e-02, PNorm = 36.8264, GNorm = 0.2718, lr_0 = 9.2373e-04
Validation auc = 0.821867
Epoch 3
Loss = 7.4972e-02, PNorm = 36.8631, GNorm = 0.1580, lr_0 = 9.1395e-04
Loss = 1.0074e-01, PNorm = 36.9173, GNorm = 0.1752, lr_0 = 9.0515e-04
Loss = 8.0530e-02, PNorm = 37.0002, GNorm = 0.4288, lr_0 = 8.9644e-04
Loss = 8.0548e-02, PNorm = 37.0616, GNorm = 0.1373, lr_0 = 8.8781e-04
Loss = 7.4166e-02, PNorm = 37.1323, GNorm = 0.3199, lr_0 = 8.7926e-04
Loss = 8.4027e-02, PNorm = 37.1801, GNorm = 0.1396, lr_0 = 8.7080e-04
Loss = 5.5735e-02, PNorm = 37.2596, GNorm = 0.1028, lr_0 = 8.6241e-04
Loss = 6.6126e-02, PNorm = 37.3057, GNorm = 0.1255, lr_0 = 8.5411e-04
Loss = 8.3361e-02, PNorm = 37.3598, GNorm = 0.1324, lr_0 = 8.4588e-04
Validation auc = 0.844792
Epoch 4
Loss = 6.6701e-02, PNorm = 37.4310, GNorm = 0.1240, lr_0 = 8.3774e-04
Loss = 5.9265e-02, PNorm = 37.4960, GNorm = 0.1286, lr_0 = 8.2967e-04
Loss = 8.2466e-02, PNorm = 37.5551, GNorm = 0.1840, lr_0 = 8.2169e-04
Loss = 8.8318e-02, PNorm = 37.6256, GNorm = 0.3893, lr_0 = 8.1377e-04
Loss = 1.0118e-01, PNorm = 37.6613, GNorm = 0.1539, lr_0 = 8.0594e-04
Loss = 5.3201e-02, PNorm = 37.7310, GNorm = 0.0911, lr_0 = 7.9818e-04
Loss = 6.0892e-02, PNorm = 37.7871, GNorm = 0.1198, lr_0 = 7.9050e-04
Loss = 5.7849e-02, PNorm = 37.8490, GNorm = 0.0709, lr_0 = 7.8288e-04
Validation auc = 0.894877
Epoch 5
Loss = 7.2942e-02, PNorm = 37.9026, GNorm = 0.2147, lr_0 = 7.7535e-04
Loss = 5.5093e-02, PNorm = 37.9521, GNorm = 0.1624, lr_0 = 7.6788e-04
Loss = 1.0795e-01, PNorm = 38.0065, GNorm = 0.3598, lr_0 = 7.6049e-04
Loss = 8.4329e-02, PNorm = 38.1073, GNorm = 0.2104, lr_0 = 7.5317e-04
Loss = 5.2573e-02, PNorm = 38.2048, GNorm = 0.1497, lr_0 = 7.4591e-04
Loss = 6.1904e-02, PNorm = 38.2807, GNorm = 0.3521, lr_0 = 7.3873e-04
Loss = 8.7859e-02, PNorm = 38.3004, GNorm = 0.1999, lr_0 = 7.3162e-04
Loss = 3.7245e-02, PNorm = 38.3409, GNorm = 0.0693, lr_0 = 7.2458e-04
Loss = 7.3320e-02, PNorm = 38.3803, GNorm = 0.1329, lr_0 = 7.1760e-04
Validation auc = 0.910854
Epoch 6
Loss = 3.9182e-02, PNorm = 38.4556, GNorm = 0.2200, lr_0 = 7.1000e-04
Loss = 7.1731e-02, PNorm = 38.4849, GNorm = 0.1373, lr_0 = 7.0317e-04
Loss = 5.6976e-02, PNorm = 38.5455, GNorm = 0.0920, lr_0 = 6.9640e-04
Loss = 5.6363e-02, PNorm = 38.5912, GNorm = 0.1158, lr_0 = 6.8969e-04
Loss = 5.9983e-02, PNorm = 38.6396, GNorm = 0.2269, lr_0 = 6.8305e-04
Loss = 7.4538e-02, PNorm = 38.6835, GNorm = 0.1161, lr_0 = 6.7648e-04
Loss = 6.5233e-02, PNorm = 38.7194, GNorm = 0.2497, lr_0 = 6.6996e-04
Loss = 6.7272e-02, PNorm = 38.7603, GNorm = 0.4124, lr_0 = 6.6351e-04
Validation auc = 0.941434
Epoch 7
Loss = 6.0682e-02, PNorm = 38.8123, GNorm = 0.2715, lr_0 = 6.5712e-04
Loss = 7.2593e-02, PNorm = 38.8555, GNorm = 0.3145, lr_0 = 6.5080e-04
Loss = 6.3583e-02, PNorm = 38.9216, GNorm = 0.1128, lr_0 = 6.4453e-04
Loss = 4.5039e-02, PNorm = 38.9823, GNorm = 0.1939, lr_0 = 6.3833e-04
Loss = 4.8856e-02, PNorm = 39.0149, GNorm = 0.1721, lr_0 = 6.3218e-04
Loss = 7.0465e-02, PNorm = 39.0422, GNorm = 0.3420, lr_0 = 6.2609e-04
Loss = 4.0055e-02, PNorm = 39.0929, GNorm = 0.1883, lr_0 = 6.2006e-04
Loss = 4.6857e-02, PNorm = 39.1298, GNorm = 0.1574, lr_0 = 6.1409e-04
Loss = 6.4621e-02, PNorm = 39.1746, GNorm = 0.2774, lr_0 = 6.0818e-04
Validation auc = 0.949297
Epoch 8
Loss = 4.2261e-02, PNorm = 39.1839, GNorm = 0.1002, lr_0 = 6.0233e-04
Loss = 5.7579e-02, PNorm = 39.2297, GNorm = 0.1426, lr_0 = 5.9653e-04
Loss = 5.6311e-02, PNorm = 39.2768, GNorm = 0.0985, lr_0 = 5.9078e-04
Loss = 4.2638e-02, PNorm = 39.3298, GNorm = 0.1941, lr_0 = 5.8510e-04
Loss = 6.3111e-02, PNorm = 39.3538, GNorm = 0.2551, lr_0 = 5.7946e-04
Loss = 5.4144e-02, PNorm = 39.3975, GNorm = 0.0640, lr_0 = 5.7388e-04
Loss = 3.2508e-02, PNorm = 39.4393, GNorm = 0.1381, lr_0 = 5.6836e-04
Loss = 8.1956e-02, PNorm = 39.4707, GNorm = 0.2648, lr_0 = 5.6289e-04
Loss = 7.5874e-02, PNorm = 39.5145, GNorm = 0.2901, lr_0 = 5.5747e-04
Loss = 1.3771e-02, PNorm = 39.5172, GNorm = 0.1547, lr_0 = 5.5693e-04
Validation auc = 0.946269
Epoch 9
Loss = 6.3337e-02, PNorm = 39.5565, GNorm = 0.2889, lr_0 = 5.5156e-04
Loss = 4.3692e-02, PNorm = 39.6223, GNorm = 0.0775, lr_0 = 5.4625e-04
Loss = 3.2735e-02, PNorm = 39.6548, GNorm = 0.0616, lr_0 = 5.4100e-04
Loss = 4.6772e-02, PNorm = 39.6699, GNorm = 0.4147, lr_0 = 5.3579e-04
Loss = 4.6824e-02, PNorm = 39.6928, GNorm = 0.1360, lr_0 = 5.3063e-04
Loss = 7.0314e-02, PNorm = 39.7005, GNorm = 0.2219, lr_0 = 5.2552e-04
Loss = 5.7672e-02, PNorm = 39.7479, GNorm = 0.1802, lr_0 = 5.2046e-04
Loss = 6.5475e-02, PNorm = 39.7820, GNorm = 0.2922, lr_0 = 5.1545e-04
Validation auc = 0.934723
Epoch 10
Loss = 5.0065e-02, PNorm = 39.8121, GNorm = 0.5914, lr_0 = 5.1049e-04
Loss = 4.6312e-02, PNorm = 39.8452, GNorm = 0.2165, lr_0 = 5.0557e-04
Loss = 5.8443e-02, PNorm = 39.8742, GNorm = 0.2431, lr_0 = 5.0070e-04
Loss = 5.6485e-02, PNorm = 39.9001, GNorm = 0.3483, lr_0 = 4.9588e-04
Loss = 4.3463e-02, PNorm = 39.9228, GNorm = 0.1855, lr_0 = 4.9111e-04
Loss = 4.2107e-02, PNorm = 39.9523, GNorm = 0.1880, lr_0 = 4.8638e-04
Loss = 7.6103e-02, PNorm = 39.9705, GNorm = 0.2488, lr_0 = 4.8170e-04
Loss = 3.5507e-02, PNorm = 40.0202, GNorm = 0.1377, lr_0 = 4.7706e-04
Loss = 5.0802e-02, PNorm = 40.0478, GNorm = 0.0934, lr_0 = 4.7247e-04
Validation auc = 0.952733
Epoch 11
Loss = 3.8434e-02, PNorm = 40.0861, GNorm = 0.1224, lr_0 = 4.6792e-04
Loss = 6.1231e-02, PNorm = 40.1029, GNorm = 0.2954, lr_0 = 4.6341e-04
Loss = 5.2342e-02, PNorm = 40.1281, GNorm = 0.4636, lr_0 = 4.5895e-04
Loss = 4.5388e-02, PNorm = 40.1541, GNorm = 0.1054, lr_0 = 4.5453e-04
Loss = 4.8307e-02, PNorm = 40.1864, GNorm = 0.1345, lr_0 = 4.5015e-04
Loss = 5.4584e-02, PNorm = 40.2205, GNorm = 0.2975, lr_0 = 4.4582e-04
Loss = 5.9113e-02, PNorm = 40.2526, GNorm = 0.1068, lr_0 = 4.4153e-04
Loss = 3.5002e-02, PNorm = 40.2803, GNorm = 0.3398, lr_0 = 4.3728e-04
Validation auc = 0.943600
Epoch 12
Loss = 3.3972e-02, PNorm = 40.3021, GNorm = 0.0856, lr_0 = 4.3265e-04
Loss = 5.3545e-02, PNorm = 40.3144, GNorm = 0.6447, lr_0 = 4.2848e-04
Loss = 5.1481e-02, PNorm = 40.3388, GNorm = 0.1733, lr_0 = 4.2436e-04
Loss = 6.1170e-02, PNorm = 40.3755, GNorm = 0.1125, lr_0 = 4.2027e-04
Loss = 2.2942e-02, PNorm = 40.4174, GNorm = 0.0664, lr_0 = 4.1622e-04
Loss = 4.7518e-02, PNorm = 40.4421, GNorm = 0.2834, lr_0 = 4.1222e-04
Loss = 4.7349e-02, PNorm = 40.4603, GNorm = 0.1590, lr_0 = 4.0825e-04
Loss = 5.7788e-02, PNorm = 40.4885, GNorm = 0.1091, lr_0 = 4.0432e-04
Loss = 5.2803e-02, PNorm = 40.5034, GNorm = 0.2683, lr_0 = 4.0042e-04
Validation auc = 0.955221
Epoch 13
Loss = 4.5580e-02, PNorm = 40.5183, GNorm = 0.1278, lr_0 = 3.9657e-04
Loss = 5.9323e-02, PNorm = 40.5430, GNorm = 0.1262, lr_0 = 3.9275e-04
Loss = 5.0696e-02, PNorm = 40.5726, GNorm = 0.1369, lr_0 = 3.8897e-04
Loss = 1.9753e-02, PNorm = 40.6176, GNorm = 0.0542, lr_0 = 3.8522e-04
Loss = 6.8495e-02, PNorm = 40.6225, GNorm = 0.2517, lr_0 = 3.8152e-04
Loss = 4.1552e-02, PNorm = 40.6512, GNorm = 0.1858, lr_0 = 3.7784e-04
Loss = 5.8826e-02, PNorm = 40.6602, GNorm = 0.4665, lr_0 = 3.7420e-04
Loss = 5.5195e-02, PNorm = 40.6708, GNorm = 0.2015, lr_0 = 3.7060e-04
Validation auc = 0.955982
Epoch 14
Loss = 4.7211e-02, PNorm = 40.6977, GNorm = 0.2867, lr_0 = 3.6668e-04
Loss = 4.9833e-02, PNorm = 40.7156, GNorm = 0.1866, lr_0 = 3.6315e-04
Loss = 4.0435e-02, PNorm = 40.7452, GNorm = 0.3361, lr_0 = 3.5965e-04
Loss = 4.3938e-02, PNorm = 40.7771, GNorm = 0.4114, lr_0 = 3.5619e-04
Loss = 2.3366e-02, PNorm = 40.7941, GNorm = 0.1570, lr_0 = 3.5276e-04
Loss = 4.3725e-02, PNorm = 40.8124, GNorm = 0.2787, lr_0 = 3.4936e-04
Loss = 6.9138e-02, PNorm = 40.8183, GNorm = 0.3554, lr_0 = 3.4600e-04
Loss = 3.8582e-02, PNorm = 40.8445, GNorm = 0.2025, lr_0 = 3.4267e-04
Loss = 5.0173e-02, PNorm = 40.8632, GNorm = 0.1587, lr_0 = 3.3937e-04
Validation auc = 0.960511
Epoch 15
Loss = 5.1958e-02, PNorm = 40.8818, GNorm = 0.3644, lr_0 = 3.3610e-04
Loss = 3.5166e-02, PNorm = 40.9175, GNorm = 0.1817, lr_0 = 3.3287e-04
Loss = 3.5674e-02, PNorm = 40.9298, GNorm = 0.2324, lr_0 = 3.2966e-04
Loss = 4.9748e-02, PNorm = 40.9299, GNorm = 0.2824, lr_0 = 3.2649e-04
Loss = 5.1862e-02, PNorm = 40.9555, GNorm = 0.1723, lr_0 = 3.2334e-04
Loss = 2.9069e-02, PNorm = 40.9841, GNorm = 0.1851, lr_0 = 3.2023e-04
Loss = 4.6802e-02, PNorm = 40.9995, GNorm = 0.2286, lr_0 = 3.1715e-04
Loss = 5.2462e-02, PNorm = 41.0181, GNorm = 0.2399, lr_0 = 3.1409e-04
Loss = 4.4837e-02, PNorm = 41.0432, GNorm = 0.1959, lr_0 = 3.1107e-04
Validation auc = 0.965568
Epoch 16
Loss = 3.9745e-02, PNorm = 41.0641, GNorm = 0.2637, lr_0 = 3.0807e-04
Loss = 5.8746e-02, PNorm = 41.0754, GNorm = 0.2281, lr_0 = 3.0511e-04
Loss = 2.0439e-02, PNorm = 41.1034, GNorm = 0.1697, lr_0 = 3.0217e-04
Loss = 4.5125e-02, PNorm = 41.1043, GNorm = 0.3592, lr_0 = 2.9926e-04
Loss = 3.7146e-02, PNorm = 41.1176, GNorm = 0.0902, lr_0 = 2.9638e-04
Loss = 4.8519e-02, PNorm = 41.1396, GNorm = 0.1848, lr_0 = 2.9353e-04
Loss = 3.9536e-02, PNorm = 41.1552, GNorm = 0.1354, lr_0 = 2.9070e-04
Loss = 2.9143e-02, PNorm = 41.1720, GNorm = 0.1666, lr_0 = 2.8790e-04
Validation auc = 0.951748
Epoch 17
Loss = 2.0931e-02, PNorm = 41.1905, GNorm = 0.1614, lr_0 = 2.8485e-04
Loss = 4.4670e-02, PNorm = 41.2089, GNorm = 0.3173, lr_0 = 2.8211e-04
Loss = 3.0819e-02, PNorm = 41.2271, GNorm = 0.2038, lr_0 = 2.7939e-04
Loss = 4.4510e-02, PNorm = 41.2466, GNorm = 0.1321, lr_0 = 2.7670e-04
Loss = 3.5203e-02, PNorm = 41.2568, GNorm = 0.4029, lr_0 = 2.7404e-04
Loss = 4.8023e-02, PNorm = 41.2619, GNorm = 0.1758, lr_0 = 2.7140e-04
Loss = 6.0185e-02, PNorm = 41.2783, GNorm = 0.2766, lr_0 = 2.6879e-04
Loss = 3.1208e-02, PNorm = 41.3024, GNorm = 0.1716, lr_0 = 2.6620e-04
Loss = 3.0313e-02, PNorm = 41.3127, GNorm = 0.3572, lr_0 = 2.6364e-04
Validation auc = 0.962344
Epoch 18
Loss = 4.9483e-02, PNorm = 41.3108, GNorm = 0.4798, lr_0 = 2.6110e-04
Loss = 4.1424e-02, PNorm = 41.3345, GNorm = 0.2566, lr_0 = 2.5859e-04
Loss = 3.7200e-02, PNorm = 41.3484, GNorm = 0.3392, lr_0 = 2.5610e-04
Loss = 1.8114e-02, PNorm = 41.3626, GNorm = 0.0915, lr_0 = 2.5363e-04
Loss = 2.9036e-02, PNorm = 41.3810, GNorm = 0.6969, lr_0 = 2.5119e-04
Loss = 4.7876e-02, PNorm = 41.3855, GNorm = 0.1543, lr_0 = 2.4877e-04
Loss = 4.3966e-02, PNorm = 41.4000, GNorm = 0.2127, lr_0 = 2.4638e-04
Loss = 4.8086e-02, PNorm = 41.4148, GNorm = 0.1070, lr_0 = 2.4400e-04
Validation auc = 0.955130
Epoch 19
Loss = 3.1015e-02, PNorm = 41.4266, GNorm = 0.2155, lr_0 = 2.4165e-04
Loss = 4.1893e-02, PNorm = 41.4447, GNorm = 0.0882, lr_0 = 2.3933e-04
Loss = 2.4661e-02, PNorm = 41.4647, GNorm = 0.0948, lr_0 = 2.3702e-04
Loss = 4.6422e-02, PNorm = 41.4689, GNorm = 0.2814, lr_0 = 2.3474e-04
Loss = 3.8519e-02, PNorm = 41.4761, GNorm = 0.4364, lr_0 = 2.3248e-04
Loss = 3.8231e-02, PNorm = 41.5034, GNorm = 0.1564, lr_0 = 2.3024e-04
Loss = 4.8634e-02, PNorm = 41.5126, GNorm = 0.3940, lr_0 = 2.2803e-04
Loss = 2.7973e-02, PNorm = 41.5213, GNorm = 0.1216, lr_0 = 2.2583e-04
Loss = 3.8178e-02, PNorm = 41.5364, GNorm = 0.1760, lr_0 = 2.2366e-04
Validation auc = 0.963633
Epoch 20
Loss = 2.6435e-02, PNorm = 41.5512, GNorm = 0.2954, lr_0 = 2.2129e-04
Loss = 4.2323e-02, PNorm = 41.5534, GNorm = 0.1236, lr_0 = 2.1916e-04
Loss = 2.8180e-02, PNorm = 41.5686, GNorm = 0.5869, lr_0 = 2.1705e-04
Loss = 3.4449e-02, PNorm = 41.5905, GNorm = 0.3225, lr_0 = 2.1496e-04
Loss = 2.4738e-02, PNorm = 41.5920, GNorm = 0.0809, lr_0 = 2.1289e-04
Loss = 3.3215e-02, PNorm = 41.6021, GNorm = 0.0998, lr_0 = 2.1084e-04
Loss = 4.9017e-02, PNorm = 41.6152, GNorm = 0.1646, lr_0 = 2.0881e-04
Loss = 4.9781e-02, PNorm = 41.6238, GNorm = 0.3660, lr_0 = 2.0680e-04
Validation auc = 0.957021
Epoch 21
Loss = 5.2601e-02, PNorm = 41.6389, GNorm = 0.1872, lr_0 = 2.0481e-04
Loss = 3.3158e-02, PNorm = 41.6497, GNorm = 0.0856, lr_0 = 2.0283e-04
Loss = 3.3643e-02, PNorm = 41.6580, GNorm = 0.1496, lr_0 = 2.0088e-04
Loss = 2.6103e-02, PNorm = 41.6743, GNorm = 0.1602, lr_0 = 1.9895e-04
Loss = 3.5122e-02, PNorm = 41.6829, GNorm = 0.2263, lr_0 = 1.9703e-04
Loss = 2.9330e-02, PNorm = 41.6943, GNorm = 0.1149, lr_0 = 1.9514e-04
Loss = 5.0608e-02, PNorm = 41.7049, GNorm = 0.7526, lr_0 = 1.9326e-04
Loss = 3.5568e-02, PNorm = 41.7125, GNorm = 0.3679, lr_0 = 1.9140e-04
Loss = 2.8459e-02, PNorm = 41.7326, GNorm = 0.1939, lr_0 = 1.8955e-04
Validation auc = 0.967182
Epoch 22
Loss = 3.5988e-02, PNorm = 41.7330, GNorm = 0.1717, lr_0 = 1.8773e-04
Loss = 2.8395e-02, PNorm = 41.7384, GNorm = 0.2045, lr_0 = 1.8592e-04
Loss = 3.8542e-02, PNorm = 41.7491, GNorm = 0.1449, lr_0 = 1.8413e-04
Loss = 3.6190e-02, PNorm = 41.7584, GNorm = 0.1092, lr_0 = 1.8236e-04
Loss = 4.3412e-02, PNorm = 41.7645, GNorm = 0.4899, lr_0 = 1.8060e-04
Loss = 4.2409e-02, PNorm = 41.7802, GNorm = 0.2734, lr_0 = 1.7886e-04
Loss = 1.9602e-02, PNorm = 41.7933, GNorm = 0.1298, lr_0 = 1.7714e-04
Loss = 3.2749e-02, PNorm = 41.7985, GNorm = 0.0960, lr_0 = 1.7544e-04
Validation auc = 0.962442
Epoch 23
Loss = 7.5940e-02, PNorm = 41.8052, GNorm = 0.3261, lr_0 = 1.7358e-04
Loss = 2.8856e-02, PNorm = 41.8202, GNorm = 0.1944, lr_0 = 1.7191e-04
Loss = 3.5275e-02, PNorm = 41.8277, GNorm = 0.1114, lr_0 = 1.7025e-04
Loss = 2.3937e-02, PNorm = 41.8319, GNorm = 0.2064, lr_0 = 1.6861e-04
Loss = 3.0476e-02, PNorm = 41.8436, GNorm = 0.2257, lr_0 = 1.6699e-04
Loss = 2.9166e-02, PNorm = 41.8506, GNorm = 0.0590, lr_0 = 1.6538e-04
Loss = 3.4725e-02, PNorm = 41.8622, GNorm = 0.0631, lr_0 = 1.6379e-04
Loss = 3.8538e-02, PNorm = 41.8660, GNorm = 0.4249, lr_0 = 1.6221e-04
Loss = 3.1069e-02, PNorm = 41.8764, GNorm = 0.1749, lr_0 = 1.6065e-04
Validation auc = 0.965619
Epoch 24
Loss = 3.0253e-02, PNorm = 41.8853, GNorm = 0.5296, lr_0 = 1.5910e-04
Loss = 3.3017e-02, PNorm = 41.8963, GNorm = 0.0785, lr_0 = 1.5757e-04
Loss = 2.1917e-02, PNorm = 41.9052, GNorm = 0.2607, lr_0 = 1.5605e-04
Loss = 2.1772e-02, PNorm = 41.9139, GNorm = 0.2743, lr_0 = 1.5455e-04
Loss = 5.2937e-02, PNorm = 41.9130, GNorm = 0.2975, lr_0 = 1.5306e-04
Loss = 4.2032e-02, PNorm = 41.9144, GNorm = 0.9602, lr_0 = 1.5159e-04
Loss = 4.0691e-02, PNorm = 41.9353, GNorm = 0.0878, lr_0 = 1.5013e-04
Loss = 2.5742e-02, PNorm = 41.9435, GNorm = 0.0472, lr_0 = 1.4869e-04
Loss = 3.3832e-02, PNorm = 41.9444, GNorm = 0.1124, lr_0 = 1.4725e-04
Validation auc = 0.967879
Epoch 25
Loss = 2.5302e-02, PNorm = 41.9494, GNorm = 0.2394, lr_0 = 1.4584e-04
Loss = 3.6283e-02, PNorm = 41.9570, GNorm = 0.1905, lr_0 = 1.4443e-04
Loss = 2.2387e-02, PNorm = 41.9728, GNorm = 0.2095, lr_0 = 1.4304e-04
Loss = 3.3094e-02, PNorm = 41.9833, GNorm = 0.1579, lr_0 = 1.4166e-04
Loss = 2.6550e-02, PNorm = 41.9908, GNorm = 0.7377, lr_0 = 1.4030e-04
Loss = 2.0815e-02, PNorm = 41.9926, GNorm = 0.1255, lr_0 = 1.3895e-04
Loss = 3.5748e-02, PNorm = 41.9954, GNorm = 0.1230, lr_0 = 1.3761e-04
Loss = 4.4987e-02, PNorm = 41.9973, GNorm = 0.4499, lr_0 = 1.3629e-04
Validation auc = 0.959973
Epoch 26
Loss = 2.8329e-02, PNorm = 42.0062, GNorm = 0.1779, lr_0 = 1.3484e-04
Loss = 2.3960e-02, PNorm = 42.0176, GNorm = 0.2219, lr_0 = 1.3355e-04
Loss = 4.0175e-02, PNorm = 42.0239, GNorm = 0.1973, lr_0 = 1.3226e-04
Loss = 3.8587e-02, PNorm = 42.0342, GNorm = 0.2302, lr_0 = 1.3099e-04
Loss = 3.7811e-02, PNorm = 42.0404, GNorm = 0.1456, lr_0 = 1.2973e-04
Loss = 3.3095e-02, PNorm = 42.0426, GNorm = 0.5955, lr_0 = 1.2848e-04
Loss = 2.5095e-02, PNorm = 42.0460, GNorm = 0.4346, lr_0 = 1.2724e-04
Loss = 2.8720e-02, PNorm = 42.0535, GNorm = 0.1775, lr_0 = 1.2601e-04
Loss = 1.6120e-02, PNorm = 42.0602, GNorm = 0.2540, lr_0 = 1.2480e-04
Validation auc = 0.969858
Epoch 27
Loss = 1.4500e-02, PNorm = 42.0658, GNorm = 0.2986, lr_0 = 1.2360e-04
Loss = 3.2725e-02, PNorm = 42.0707, GNorm = 0.4669, lr_0 = 1.2241e-04
Loss = 2.8034e-02, PNorm = 42.0814, GNorm = 0.1939, lr_0 = 1.2123e-04
Loss = 2.6503e-02, PNorm = 42.0913, GNorm = 0.6247, lr_0 = 1.2006e-04
Loss = 3.6794e-02, PNorm = 42.0953, GNorm = 0.4407, lr_0 = 1.1891e-04
Loss = 2.3901e-02, PNorm = 42.0995, GNorm = 0.3714, lr_0 = 1.1776e-04
Loss = 2.1205e-02, PNorm = 42.1086, GNorm = 0.1142, lr_0 = 1.1663e-04
Loss = 3.8102e-02, PNorm = 42.1100, GNorm = 0.7151, lr_0 = 1.1551e-04
Validation auc = 0.971146
Epoch 28
Loss = 4.2243e-02, PNorm = 42.1115, GNorm = 0.2895, lr_0 = 1.1428e-04
Loss = 3.2275e-02, PNorm = 42.1201, GNorm = 0.4563, lr_0 = 1.1318e-04
Loss = 2.1063e-02, PNorm = 42.1255, GNorm = 0.0696, lr_0 = 1.1209e-04
Loss = 3.8162e-02, PNorm = 42.1249, GNorm = 0.1896, lr_0 = 1.1101e-04
Loss = 1.6906e-02, PNorm = 42.1352, GNorm = 0.2428, lr_0 = 1.0995e-04
Loss = 2.3531e-02, PNorm = 42.1416, GNorm = 0.0202, lr_0 = 1.0889e-04
Loss = 2.9237e-02, PNorm = 42.1396, GNorm = 0.0934, lr_0 = 1.0784e-04
Loss = 1.9055e-02, PNorm = 42.1448, GNorm = 0.2395, lr_0 = 1.0680e-04
Loss = 4.4154e-02, PNorm = 42.1438, GNorm = 0.2806, lr_0 = 1.0577e-04
Validation auc = 0.969298
Epoch 29
Loss = 2.7237e-02, PNorm = 42.1495, GNorm = 0.2541, lr_0 = 1.0475e-04
Loss = 1.7769e-02, PNorm = 42.1597, GNorm = 0.1772, lr_0 = 1.0374e-04
Loss = 2.3537e-02, PNorm = 42.1650, GNorm = 0.0480, lr_0 = 1.0275e-04
Loss = 2.6453e-02, PNorm = 42.1664, GNorm = 0.3491, lr_0 = 1.0176e-04
Loss = 3.1270e-02, PNorm = 42.1751, GNorm = 0.6175, lr_0 = 1.0078e-04
Loss = 2.7876e-02, PNorm = 42.1778, GNorm = 0.2521, lr_0 = 1.0000e-04
Loss = 2.3166e-02, PNorm = 42.1813, GNorm = 0.0991, lr_0 = 1.0000e-04
Loss = 4.0089e-02, PNorm = 42.1817, GNorm = 0.4239, lr_0 = 1.0000e-04
Validation auc = 0.971913
Model 0 best validation auc = 0.971913 on epoch 29
Loading pretrained parameter "encoder.encoder.0.cached_zero_vector".
Loading pretrained parameter "encoder.encoder.0.W_i.weight".
Loading pretrained parameter "encoder.encoder.0.W_h.weight".
Loading pretrained parameter "encoder.encoder.0.W_o.weight".
Loading pretrained parameter "encoder.encoder.0.W_o.bias".
Loading pretrained parameter "ffn.1.weight".
Loading pretrained parameter "ffn.1.bias".
Moving model to cuda
Model 0 test auc = 0.772190
Ensemble test auc = 0.772190
Fold 1
Splitting data with seed 1
Total scaffolds = 3,467 | train scaffolds = 2,658 | val scaffolds = 399 | test scaffolds = 410
Label averages per scaffold, in decreasing order of scaffold frequency,capped at 10 scaffolds and 20 labels:
Scaffold 0
Task 0: count = 381 | target average = 0.018373
Task 1: count = 381 | target average = 0.013123


Scaffold 1
Task 0: count = 305 | target average = 0.009836
Task 1: count = 305 | target average = 0.016393


Scaffold 2
Task 0: count = 36 | target average = 0.000000
Task 1: count = 36 | target average = 0.000000


Scaffold 3
Task 0: count = 29 | target average = 0.000000
Task 1: count = 29 | target average = 0.000000


Scaffold 4
Task 0: count = 26 | target average = 0.000000
Task 1: count = 26 | target average = 0.000000


Scaffold 5
Task 0: count = 23 | target average = 0.000000
Task 1: count = 23 | target average = 0.000000


Scaffold 6
Task 0: count = 22 | target average = 0.090909
Task 1: count = 22 | target average = 0.090909


Scaffold 7
Task 0: count = 20 | target average = 0.050000
Task 1: count = 20 | target average = 0.000000


Scaffold 8
Task 0: count = 20 | target average = 0.000000
Task 1: count = 20 | target average = 0.000000


Scaffold 9
Task 0: count = 20 | target average = 0.000000
Task 1: count = 20 | target average = 0.000000


Class sizes
hit_inh 0: 97.83%, 1: 2.17%
hit_kill 0: 98.64%, 1: 1.36%
Total size = 5,353 | train size = 4,282 | val size = 535 | test size = 536
Building model 0
MoleculeModel(
  (sigmoid): Sigmoid()
  (encoder): MPN(
    (encoder): ModuleList(
      (0): MPNEncoder(
        (dropout_layer): Dropout(p=0.25, inplace=False)
        (act_func): ReLU()
        (W_i): Linear(in_features=147, out_features=500, bias=False)
        (W_h): Linear(in_features=500, out_features=500, bias=False)
        (W_o): Linear(in_features=633, out_features=500, bias=True)
      )
    )
  )
  (ffn): Sequential(
    (0): Dropout(p=0.25, inplace=False)
    (1): Linear(in_features=700, out_features=2, bias=True)
  )
)
Number of parameters = 641,902
Moving model to cuda
Epoch 0
Loss = 2.1464e-01, PNorm = 35.9653, GNorm = 0.0435, lr_0 = 1.0000e-03
Loss = 9.4947e-02, PNorm = 36.0434, GNorm = 0.1747, lr_0 = 1.0000e-03
Loss = 7.9086e-02, PNorm = 36.0986, GNorm = 0.7535, lr_0 = 1.0000e-03
Loss = 7.8148e-02, PNorm = 36.1204, GNorm = 0.2310, lr_0 = 1.0000e-03
Loss = 8.9040e-02, PNorm = 36.1459, GNorm = 0.1186, lr_0 = 1.0000e-03
Loss = 1.1492e-01, PNorm = 36.1596, GNorm = 0.1658, lr_0 = 1.0000e-03
Loss = 1.0582e-01, PNorm = 36.1893, GNorm = 0.1532, lr_0 = 1.0000e-03
Loss = 1.0267e-01, PNorm = 36.2076, GNorm = 0.1252, lr_0 = 1.0000e-03
Validation auc = 0.661490
Epoch 1
Loss = 5.3356e-02, PNorm = 36.2475, GNorm = 0.1900, lr_0 = 1.0000e-03
Loss = 1.0118e-01, PNorm = 36.2665, GNorm = 0.1619, lr_0 = 1.0000e-03
Loss = 9.9852e-02, PNorm = 36.3058, GNorm = 0.1422, lr_0 = 1.0000e-03
Loss = 8.0064e-02, PNorm = 36.3368, GNorm = 0.1140, lr_0 = 1.0000e-03
Loss = 7.1149e-02, PNorm = 36.3607, GNorm = 0.2240, lr_0 = 1.0000e-03
Loss = 6.5072e-02, PNorm = 36.3858, GNorm = 0.1005, lr_0 = 1.0000e-03
Loss = 8.8206e-02, PNorm = 36.4103, GNorm = 0.1833, lr_0 = 1.0000e-03
Loss = 8.4929e-02, PNorm = 36.4479, GNorm = 0.1109, lr_0 = 1.0000e-03
Loss = 1.1085e-01, PNorm = 36.4813, GNorm = 0.2858, lr_0 = 9.9807e-04
Validation auc = 0.820371
Epoch 2
Loss = 8.0170e-02, PNorm = 36.5223, GNorm = 0.1147, lr_0 = 9.8846e-04
Loss = 1.0159e-01, PNorm = 36.5642, GNorm = 0.2327, lr_0 = 9.7894e-04
Loss = 8.5439e-02, PNorm = 36.6240, GNorm = 0.1868, lr_0 = 9.6952e-04
Loss = 8.6841e-02, PNorm = 36.6770, GNorm = 0.1599, lr_0 = 9.6018e-04
Loss = 4.9320e-02, PNorm = 36.7307, GNorm = 0.1208, lr_0 = 9.5094e-04
Loss = 6.8746e-02, PNorm = 36.7682, GNorm = 0.1135, lr_0 = 9.4178e-04
Loss = 9.1684e-02, PNorm = 36.7990, GNorm = 0.1422, lr_0 = 9.3271e-04
Loss = 8.2019e-02, PNorm = 36.8588, GNorm = 0.2605, lr_0 = 9.2373e-04
Validation auc = 0.862981
Epoch 3
Loss = 1.1876e-01, PNorm = 36.9129, GNorm = 0.1849, lr_0 = 9.1395e-04
Loss = 9.4449e-02, PNorm = 36.9947, GNorm = 0.2345, lr_0 = 9.0515e-04
Loss = 5.1754e-02, PNorm = 37.0657, GNorm = 0.1603, lr_0 = 8.9644e-04
Loss = 7.5085e-02, PNorm = 37.1171, GNorm = 0.3204, lr_0 = 8.8781e-04
Loss = 7.4475e-02, PNorm = 37.1631, GNorm = 0.1012, lr_0 = 8.7926e-04
Loss = 7.5521e-02, PNorm = 37.2360, GNorm = 0.2004, lr_0 = 8.7080e-04
Loss = 7.5646e-02, PNorm = 37.3057, GNorm = 0.1668, lr_0 = 8.6241e-04
Loss = 1.0765e-01, PNorm = 37.3450, GNorm = 0.1766, lr_0 = 8.5411e-04
Loss = 6.9497e-02, PNorm = 37.4172, GNorm = 0.1382, lr_0 = 8.4588e-04
Validation auc = 0.792129
Epoch 4
Loss = 4.7480e-02, PNorm = 37.4861, GNorm = 0.0866, lr_0 = 8.3774e-04
Loss = 7.3445e-02, PNorm = 37.5481, GNorm = 0.4719, lr_0 = 8.2967e-04
Loss = 1.0298e-01, PNorm = 37.6126, GNorm = 0.1598, lr_0 = 8.2169e-04
Loss = 7.4842e-02, PNorm = 37.6900, GNorm = 0.2562, lr_0 = 8.1377e-04
Loss = 9.5518e-02, PNorm = 37.7315, GNorm = 0.1863, lr_0 = 8.0594e-04
Loss = 6.4713e-02, PNorm = 37.8258, GNorm = 0.2352, lr_0 = 7.9818e-04
Loss = 8.9042e-02, PNorm = 37.8756, GNorm = 0.1188, lr_0 = 7.9050e-04
Loss = 9.4187e-02, PNorm = 37.9137, GNorm = 0.1723, lr_0 = 7.8288e-04
Validation auc = 0.868267
Epoch 5
Loss = 6.2864e-02, PNorm = 37.9757, GNorm = 0.1505, lr_0 = 7.7535e-04
Loss = 7.1955e-02, PNorm = 38.0153, GNorm = 0.1272, lr_0 = 7.6788e-04
Loss = 6.2566e-02, PNorm = 38.0630, GNorm = 0.2084, lr_0 = 7.6049e-04
Loss = 5.1704e-02, PNorm = 38.1168, GNorm = 0.2209, lr_0 = 7.5317e-04
Loss = 8.0945e-02, PNorm = 38.1348, GNorm = 0.1174, lr_0 = 7.4591e-04
Loss = 7.8914e-02, PNorm = 38.1998, GNorm = 0.2783, lr_0 = 7.3873e-04
Loss = 8.8706e-02, PNorm = 38.2559, GNorm = 0.3359, lr_0 = 7.3162e-04
Loss = 7.2602e-02, PNorm = 38.3252, GNorm = 0.1149, lr_0 = 7.2458e-04
Loss = 7.9476e-02, PNorm = 38.3529, GNorm = 0.1355, lr_0 = 7.1760e-04
Validation auc = 0.871798
Epoch 6
Loss = 7.9042e-02, PNorm = 38.3983, GNorm = 0.1358, lr_0 = 7.1000e-04
Loss = 8.6001e-02, PNorm = 38.4630, GNorm = 0.1685, lr_0 = 7.0317e-04
Loss = 5.2692e-02, PNorm = 38.5311, GNorm = 0.1281, lr_0 = 6.9640e-04
Loss = 4.7335e-02, PNorm = 38.5840, GNorm = 0.3485, lr_0 = 6.8969e-04
Loss = 5.7948e-02, PNorm = 38.6362, GNorm = 0.0767, lr_0 = 6.8305e-04
Loss = 6.6617e-02, PNorm = 38.6767, GNorm = 0.1171, lr_0 = 6.7648e-04
Loss = 6.3528e-02, PNorm = 38.7179, GNorm = 0.3200, lr_0 = 6.6996e-04
Loss = 9.5797e-02, PNorm = 38.7504, GNorm = 0.1583, lr_0 = 6.6351e-04
Validation auc = 0.844950
Epoch 7
Loss = 2.6117e-02, PNorm = 38.8101, GNorm = 0.0982, lr_0 = 6.5712e-04
Loss = 5.1645e-02, PNorm = 38.8851, GNorm = 0.1019, lr_0 = 6.5080e-04
Loss = 8.3877e-02, PNorm = 38.9244, GNorm = 0.4311, lr_0 = 6.4453e-04
Loss = 8.9603e-02, PNorm = 38.9813, GNorm = 0.1258, lr_0 = 6.3833e-04
Loss = 6.1010e-02, PNorm = 39.0358, GNorm = 0.1528, lr_0 = 6.3218e-04
Loss = 5.5539e-02, PNorm = 39.0931, GNorm = 0.3813, lr_0 = 6.2609e-04
Loss = 6.1287e-02, PNorm = 39.1430, GNorm = 0.1381, lr_0 = 6.2006e-04
Loss = 5.9455e-02, PNorm = 39.1973, GNorm = 0.3042, lr_0 = 6.1409e-04
Loss = 6.2673e-02, PNorm = 39.2247, GNorm = 0.2106, lr_0 = 6.0818e-04
Validation auc = 0.881879
Epoch 8
Loss = 3.7456e-02, PNorm = 39.2856, GNorm = 0.0780, lr_0 = 6.0233e-04
Loss = 6.5055e-02, PNorm = 39.3107, GNorm = 0.1922, lr_0 = 5.9653e-04
Loss = 5.9581e-02, PNorm = 39.3491, GNorm = 0.1139, lr_0 = 5.9078e-04
Loss = 5.3844e-02, PNorm = 39.3675, GNorm = 0.1099, lr_0 = 5.8510e-04
Loss = 4.7333e-02, PNorm = 39.4092, GNorm = 0.1250, lr_0 = 5.7946e-04
Loss = 6.0586e-02, PNorm = 39.4529, GNorm = 0.1977, lr_0 = 5.7388e-04
Loss = 5.6296e-02, PNorm = 39.5056, GNorm = 0.2038, lr_0 = 5.6836e-04
Loss = 6.4770e-02, PNorm = 39.5467, GNorm = 0.1344, lr_0 = 5.6289e-04
Loss = 9.2961e-02, PNorm = 39.5692, GNorm = 0.2714, lr_0 = 5.5747e-04
Loss = 2.2051e-02, PNorm = 39.5746, GNorm = 0.1765, lr_0 = 5.5693e-04
Validation auc = 0.818205
Epoch 9
Loss = 4.0461e-02, PNorm = 39.6344, GNorm = 0.1800, lr_0 = 5.5156e-04
Loss = 6.7081e-02, PNorm = 39.6779, GNorm = 0.1597, lr_0 = 5.4625e-04
Loss = 7.4031e-02, PNorm = 39.7209, GNorm = 0.1646, lr_0 = 5.4100e-04
Loss = 6.3584e-02, PNorm = 39.7701, GNorm = 0.6085, lr_0 = 5.3579e-04
Loss = 7.2046e-02, PNorm = 39.7813, GNorm = 0.1650, lr_0 = 5.3063e-04
Loss = 5.1055e-02, PNorm = 39.8300, GNorm = 0.1163, lr_0 = 5.2552e-04
Loss = 4.9994e-02, PNorm = 39.8702, GNorm = 0.1161, lr_0 = 5.2046e-04
Loss = 7.1492e-02, PNorm = 39.9191, GNorm = 0.1781, lr_0 = 5.1545e-04
Validation auc = 0.863137
Epoch 10
Loss = 3.5177e-02, PNorm = 39.9796, GNorm = 0.1818, lr_0 = 5.1049e-04
Loss = 3.7181e-02, PNorm = 40.0296, GNorm = 0.0759, lr_0 = 5.0557e-04
Loss = 3.6179e-02, PNorm = 40.0673, GNorm = 0.1821, lr_0 = 5.0070e-04
Loss = 6.3671e-02, PNorm = 40.0955, GNorm = 0.2496, lr_0 = 4.9588e-04
Loss = 7.0868e-02, PNorm = 40.1085, GNorm = 0.4642, lr_0 = 4.9111e-04
Loss = 7.7107e-02, PNorm = 40.1302, GNorm = 0.2867, lr_0 = 4.8638e-04
Loss = 4.7910e-02, PNorm = 40.1751, GNorm = 0.1836, lr_0 = 4.8170e-04
Loss = 5.4591e-02, PNorm = 40.1967, GNorm = 0.1203, lr_0 = 4.7706e-04
Loss = 6.1490e-02, PNorm = 40.2189, GNorm = 0.1795, lr_0 = 4.7247e-04
Validation auc = 0.836791
Epoch 11
Loss = 4.5489e-02, PNorm = 40.2464, GNorm = 0.0550, lr_0 = 4.6792e-04
Loss = 2.2872e-02, PNorm = 40.2779, GNorm = 0.2806, lr_0 = 4.6341e-04
Loss = 4.6758e-02, PNorm = 40.2944, GNorm = 0.1982, lr_0 = 4.5895e-04
Loss = 6.9134e-02, PNorm = 40.3167, GNorm = 0.1728, lr_0 = 4.5453e-04
Loss = 5.8009e-02, PNorm = 40.3514, GNorm = 0.0862, lr_0 = 4.5015e-04
Loss = 4.2797e-02, PNorm = 40.3778, GNorm = 0.1071, lr_0 = 4.4582e-04
Loss = 7.5605e-02, PNorm = 40.4037, GNorm = 0.3336, lr_0 = 4.4153e-04
Loss = 3.8231e-02, PNorm = 40.4517, GNorm = 0.2333, lr_0 = 4.3728e-04
Validation auc = 0.868105
Epoch 12
Loss = 2.8098e-02, PNorm = 40.4744, GNorm = 0.1808, lr_0 = 4.3265e-04
Loss = 3.5657e-02, PNorm = 40.5281, GNorm = 0.1375, lr_0 = 4.2848e-04
Loss = 5.2523e-02, PNorm = 40.5654, GNorm = 1.2291, lr_0 = 4.2436e-04
Loss = 2.4487e-02, PNorm = 40.5757, GNorm = 0.1192, lr_0 = 4.2027e-04
Loss = 5.8987e-02, PNorm = 40.5962, GNorm = 0.3634, lr_0 = 4.1622e-04
Loss = 5.8677e-02, PNorm = 40.6208, GNorm = 0.2353, lr_0 = 4.1222e-04
Loss = 9.3061e-02, PNorm = 40.6421, GNorm = 0.2900, lr_0 = 4.0825e-04
Loss = 5.5726e-02, PNorm = 40.6818, GNorm = 0.1591, lr_0 = 4.0432e-04
Loss = 6.5233e-02, PNorm = 40.7047, GNorm = 0.4858, lr_0 = 4.0042e-04
Validation auc = 0.836439
Epoch 13
Loss = 4.4132e-02, PNorm = 40.7119, GNorm = 0.3141, lr_0 = 3.9657e-04
Loss = 3.6011e-02, PNorm = 40.7516, GNorm = 0.0534, lr_0 = 3.9275e-04
Loss = 5.0309e-02, PNorm = 40.7759, GNorm = 0.2693, lr_0 = 3.8897e-04
Loss = 3.8519e-02, PNorm = 40.7930, GNorm = 0.1987, lr_0 = 3.8522e-04
Loss = 4.8195e-02, PNorm = 40.8161, GNorm = 0.1436, lr_0 = 3.8152e-04
Loss = 4.4585e-02, PNorm = 40.8463, GNorm = 0.2341, lr_0 = 3.7784e-04
Loss = 6.9875e-02, PNorm = 40.8602, GNorm = 0.2651, lr_0 = 3.7420e-04
Loss = 5.5398e-02, PNorm = 40.8784, GNorm = 0.2169, lr_0 = 3.7060e-04
Validation auc = 0.860168
Epoch 14
Loss = 3.1265e-02, PNorm = 40.8977, GNorm = 0.1438, lr_0 = 3.6668e-04
Loss = 3.5705e-02, PNorm = 40.9334, GNorm = 0.2347, lr_0 = 3.6315e-04
Loss = 7.5080e-02, PNorm = 40.9540, GNorm = 0.2041, lr_0 = 3.5965e-04
Loss = 3.5518e-02, PNorm = 41.0045, GNorm = 0.2279, lr_0 = 3.5619e-04
Loss = 4.1832e-02, PNorm = 41.0296, GNorm = 0.1922, lr_0 = 3.5276e-04
Loss = 4.0419e-02, PNorm = 41.0449, GNorm = 0.1246, lr_0 = 3.4936e-04
Loss = 7.6088e-02, PNorm = 41.0567, GNorm = 0.2199, lr_0 = 3.4600e-04
Loss = 5.0788e-02, PNorm = 41.0851, GNorm = 0.1796, lr_0 = 3.4267e-04
Loss = 3.1044e-02, PNorm = 41.1158, GNorm = 0.2009, lr_0 = 3.3937e-04
Validation auc = 0.876611
Epoch 15
Loss = 6.6945e-02, PNorm = 41.1292, GNorm = 0.1541, lr_0 = 3.3610e-04
Loss = 3.4723e-02, PNorm = 41.1510, GNorm = 0.1118, lr_0 = 3.3287e-04
Loss = 5.2738e-02, PNorm = 41.1655, GNorm = 0.2823, lr_0 = 3.2966e-04
Loss = 5.0277e-02, PNorm = 41.1702, GNorm = 0.1409, lr_0 = 3.2649e-04
Loss = 3.1769e-02, PNorm = 41.1917, GNorm = 0.1928, lr_0 = 3.2334e-04
Loss = 4.4384e-02, PNorm = 41.2130, GNorm = 0.0731, lr_0 = 3.2023e-04
Loss = 4.9778e-02, PNorm = 41.2272, GNorm = 0.2928, lr_0 = 3.1715e-04
Loss = 4.6765e-02, PNorm = 41.2513, GNorm = 0.2058, lr_0 = 3.1409e-04
Loss = 4.5461e-02, PNorm = 41.2853, GNorm = 0.1565, lr_0 = 3.1107e-04
Validation auc = 0.865843
Epoch 16
Loss = 5.1043e-02, PNorm = 41.3009, GNorm = 0.1174, lr_0 = 3.0807e-04
Loss = 3.6425e-02, PNorm = 41.3142, GNorm = 0.1274, lr_0 = 3.0511e-04
Loss = 5.3959e-02, PNorm = 41.3248, GNorm = 0.1486, lr_0 = 3.0217e-04
Loss = 4.3031e-02, PNorm = 41.3524, GNorm = 0.1688, lr_0 = 2.9926e-04
Loss = 5.0480e-02, PNorm = 41.3718, GNorm = 0.1292, lr_0 = 2.9638e-04
Loss = 5.9908e-02, PNorm = 41.3937, GNorm = 0.1391, lr_0 = 2.9353e-04
Loss = 4.1667e-02, PNorm = 41.4308, GNorm = 0.5698, lr_0 = 2.9070e-04
Loss = 2.0395e-02, PNorm = 41.4466, GNorm = 0.1732, lr_0 = 2.8790e-04
Validation auc = 0.853951
Epoch 17
Loss = 4.2334e-02, PNorm = 41.4648, GNorm = 0.0808, lr_0 = 2.8485e-04
Loss = 4.2762e-02, PNorm = 41.4766, GNorm = 0.2874, lr_0 = 2.8211e-04
Loss = 5.1974e-02, PNorm = 41.4934, GNorm = 0.1035, lr_0 = 2.7939e-04
Loss = 4.5242e-02, PNorm = 41.5080, GNorm = 0.2118, lr_0 = 2.7670e-04
Loss = 3.0297e-02, PNorm = 41.5291, GNorm = 0.1740, lr_0 = 2.7404e-04
Loss = 3.0924e-02, PNorm = 41.5378, GNorm = 0.3037, lr_0 = 2.7140e-04
Loss = 4.3832e-02, PNorm = 41.5479, GNorm = 0.4205, lr_0 = 2.6879e-04
Loss = 4.3898e-02, PNorm = 41.5668, GNorm = 0.2885, lr_0 = 2.6620e-04
Loss = 5.2688e-02, PNorm = 41.5820, GNorm = 0.2006, lr_0 = 2.6364e-04
Validation auc = 0.867212
Epoch 18
Loss = 3.6796e-02, PNorm = 41.6019, GNorm = 0.0734, lr_0 = 2.6110e-04
Loss = 4.3023e-02, PNorm = 41.6167, GNorm = 0.5241, lr_0 = 2.5859e-04
Loss = 6.1015e-02, PNorm = 41.6325, GNorm = 0.3657, lr_0 = 2.5610e-04
Loss = 3.5876e-02, PNorm = 41.6640, GNorm = 0.4912, lr_0 = 2.5363e-04
Loss = 5.5846e-02, PNorm = 41.6707, GNorm = 0.2718, lr_0 = 2.5119e-04
Loss = 3.6523e-02, PNorm = 41.6888, GNorm = 0.1128, lr_0 = 2.4877e-04
Loss = 3.7499e-02, PNorm = 41.7032, GNorm = 0.1628, lr_0 = 2.4638e-04
Loss = 2.8929e-02, PNorm = 41.7187, GNorm = 0.3276, lr_0 = 2.4400e-04
Validation auc = 0.849227
Epoch 19
Loss = 2.9195e-02, PNorm = 41.7385, GNorm = 0.1986, lr_0 = 2.4165e-04
Loss = 3.8389e-02, PNorm = 41.7494, GNorm = 0.1887, lr_0 = 2.3933e-04
Loss = 4.2582e-02, PNorm = 41.7570, GNorm = 0.1597, lr_0 = 2.3702e-04
Loss = 3.0463e-02, PNorm = 41.7719, GNorm = 0.3873, lr_0 = 2.3474e-04
Loss = 2.7602e-02, PNorm = 41.7904, GNorm = 0.2595, lr_0 = 2.3248e-04
Loss = 5.8496e-02, PNorm = 41.7959, GNorm = 0.1981, lr_0 = 2.3024e-04
Loss = 5.4521e-02, PNorm = 41.8092, GNorm = 0.5576, lr_0 = 2.2803e-04
Loss = 3.2238e-02, PNorm = 41.8297, GNorm = 0.2815, lr_0 = 2.2583e-04
Loss = 3.3477e-02, PNorm = 41.8347, GNorm = 0.1156, lr_0 = 2.2366e-04
Validation auc = 0.844523
Epoch 20
Loss = 3.1897e-02, PNorm = 41.8552, GNorm = 0.2489, lr_0 = 2.2129e-04
Loss = 3.2612e-02, PNorm = 41.8691, GNorm = 0.1114, lr_0 = 2.1916e-04
Loss = 4.4848e-02, PNorm = 41.8793, GNorm = 0.2145, lr_0 = 2.1705e-04
Loss = 2.2366e-02, PNorm = 41.8969, GNorm = 0.1182, lr_0 = 2.1496e-04
Loss = 4.0392e-02, PNorm = 41.9071, GNorm = 0.2154, lr_0 = 2.1289e-04
Loss = 4.3896e-02, PNorm = 41.9152, GNorm = 0.2169, lr_0 = 2.1084e-04
Loss = 2.6806e-02, PNorm = 41.9363, GNorm = 0.2363, lr_0 = 2.0881e-04
Loss = 3.8076e-02, PNorm = 41.9508, GNorm = 0.5655, lr_0 = 2.0680e-04
Validation auc = 0.856544
Epoch 21
Loss = 4.4009e-02, PNorm = 41.9437, GNorm = 0.4132, lr_0 = 2.0481e-04
Loss = 3.2796e-02, PNorm = 41.9716, GNorm = 0.2397, lr_0 = 2.0283e-04
Loss = 2.8269e-02, PNorm = 41.9851, GNorm = 0.1134, lr_0 = 2.0088e-04
Loss = 5.0825e-02, PNorm = 41.9838, GNorm = 0.2172, lr_0 = 1.9895e-04
Loss = 4.0165e-02, PNorm = 41.9955, GNorm = 0.1818, lr_0 = 1.9703e-04
Loss = 4.2815e-02, PNorm = 42.0153, GNorm = 0.2180, lr_0 = 1.9514e-04
Loss = 4.2696e-02, PNorm = 42.0334, GNorm = 0.2203, lr_0 = 1.9326e-04
Loss = 2.6505e-02, PNorm = 42.0408, GNorm = 0.2391, lr_0 = 1.9140e-04
Loss = 4.0609e-02, PNorm = 42.0509, GNorm = 0.5723, lr_0 = 1.8955e-04
Validation auc = 0.857025
Epoch 22
Loss = 1.4341e-02, PNorm = 42.0608, GNorm = 0.2475, lr_0 = 1.8773e-04
Loss = 5.0849e-02, PNorm = 42.0649, GNorm = 0.1715, lr_0 = 1.8592e-04
Loss = 1.8453e-02, PNorm = 42.0800, GNorm = 0.1576, lr_0 = 1.8413e-04
Loss = 2.2328e-02, PNorm = 42.0967, GNorm = 0.1065, lr_0 = 1.8236e-04
Loss = 4.7975e-02, PNorm = 42.0974, GNorm = 0.1579, lr_0 = 1.8060e-04
Loss = 2.9127e-02, PNorm = 42.1077, GNorm = 0.1845, lr_0 = 1.7886e-04
Loss = 5.0966e-02, PNorm = 42.1290, GNorm = 0.4856, lr_0 = 1.7714e-04
Loss = 5.1555e-02, PNorm = 42.1245, GNorm = 0.2431, lr_0 = 1.7544e-04
Validation auc = 0.849123
Epoch 23
Loss = 9.4692e-02, PNorm = 42.1426, GNorm = 0.4941, lr_0 = 1.7358e-04
Loss = 2.5553e-02, PNorm = 42.1596, GNorm = 0.4617, lr_0 = 1.7191e-04
Loss = 5.4553e-02, PNorm = 42.1579, GNorm = 0.1780, lr_0 = 1.7025e-04
Loss = 2.5439e-02, PNorm = 42.1700, GNorm = 0.1225, lr_0 = 1.6861e-04
Loss = 2.6749e-02, PNorm = 42.1777, GNorm = 0.0938, lr_0 = 1.6699e-04
Loss = 2.4809e-02, PNorm = 42.1878, GNorm = 0.2832, lr_0 = 1.6538e-04
Loss = 2.2859e-02, PNorm = 42.2007, GNorm = 0.4671, lr_0 = 1.6379e-04
Loss = 3.7869e-02, PNorm = 42.2011, GNorm = 0.2230, lr_0 = 1.6221e-04
Loss = 4.1684e-02, PNorm = 42.2138, GNorm = 0.1526, lr_0 = 1.6065e-04
Validation auc = 0.856479
Epoch 24
Loss = 5.5814e-02, PNorm = 42.2173, GNorm = 0.6880, lr_0 = 1.5910e-04
Loss = 2.5147e-02, PNorm = 42.2293, GNorm = 0.2368, lr_0 = 1.5757e-04
Loss = 4.4145e-02, PNorm = 42.2394, GNorm = 0.4924, lr_0 = 1.5605e-04
Loss = 2.9554e-02, PNorm = 42.2440, GNorm = 0.1168, lr_0 = 1.5455e-04
Loss = 3.5606e-02, PNorm = 42.2487, GNorm = 0.0946, lr_0 = 1.5306e-04
Loss = 2.2377e-02, PNorm = 42.2615, GNorm = 0.0877, lr_0 = 1.5159e-04
Loss = 3.7899e-02, PNorm = 42.2731, GNorm = 0.2750, lr_0 = 1.5013e-04
Loss = 3.0342e-02, PNorm = 42.2773, GNorm = 0.1320, lr_0 = 1.4869e-04
Loss = 2.9509e-02, PNorm = 42.2884, GNorm = 0.0389, lr_0 = 1.4725e-04
Validation auc = 0.858222
Epoch 25
Loss = 3.8022e-02, PNorm = 42.2942, GNorm = 0.3504, lr_0 = 1.4584e-04
Loss = 2.2460e-02, PNorm = 42.3057, GNorm = 0.2331, lr_0 = 1.4443e-04
Loss = 2.8670e-02, PNorm = 42.3159, GNorm = 0.5440, lr_0 = 1.4304e-04
Loss = 4.2910e-02, PNorm = 42.3177, GNorm = 0.2395, lr_0 = 1.4166e-04
Loss = 2.3931e-02, PNorm = 42.3322, GNorm = 0.2796, lr_0 = 1.4030e-04
Loss = 3.7845e-02, PNorm = 42.3356, GNorm = 0.2918, lr_0 = 1.3895e-04
Loss = 2.2985e-02, PNorm = 42.3432, GNorm = 0.0994, lr_0 = 1.3761e-04
Loss = 2.6165e-02, PNorm = 42.3478, GNorm = 0.2044, lr_0 = 1.3629e-04
Validation auc = 0.856286
Epoch 26
Loss = 3.1451e-02, PNorm = 42.3507, GNorm = 0.2833, lr_0 = 1.3484e-04
Loss = 3.0534e-02, PNorm = 42.3625, GNorm = 0.6502, lr_0 = 1.3355e-04
Loss = 1.4831e-02, PNorm = 42.3718, GNorm = 0.1750, lr_0 = 1.3226e-04
Loss = 2.6761e-02, PNorm = 42.3756, GNorm = 0.0862, lr_0 = 1.3099e-04
Loss = 4.2292e-02, PNorm = 42.3751, GNorm = 0.1996, lr_0 = 1.2973e-04
Loss = 3.0009e-02, PNorm = 42.3896, GNorm = 0.2582, lr_0 = 1.2848e-04
Loss = 2.9459e-02, PNorm = 42.4004, GNorm = 0.0740, lr_0 = 1.2724e-04
Loss = 4.8242e-02, PNorm = 42.4016, GNorm = 0.7884, lr_0 = 1.2601e-04
Loss = 2.0047e-02, PNorm = 42.4069, GNorm = 0.3301, lr_0 = 1.2480e-04
Validation auc = 0.860784
Epoch 27
Loss = 2.8818e-02, PNorm = 42.4085, GNorm = 0.0941, lr_0 = 1.2360e-04
Loss = 1.7412e-02, PNorm = 42.4163, GNorm = 0.1341, lr_0 = 1.2241e-04
Loss = 2.0437e-02, PNorm = 42.4258, GNorm = 0.3682, lr_0 = 1.2123e-04
Loss = 1.4453e-02, PNorm = 42.4352, GNorm = 0.1118, lr_0 = 1.2006e-04
Loss = 2.8196e-02, PNorm = 42.4385, GNorm = 0.0974, lr_0 = 1.1891e-04
Loss = 4.7026e-02, PNorm = 42.4371, GNorm = 0.6109, lr_0 = 1.1776e-04
Loss = 3.1084e-02, PNorm = 42.4440, GNorm = 0.4113, lr_0 = 1.1663e-04
Loss = 2.4326e-02, PNorm = 42.4546, GNorm = 0.2103, lr_0 = 1.1551e-04
Validation auc = 0.856379
Epoch 28
Loss = 6.1099e-02, PNorm = 42.4499, GNorm = 0.5330, lr_0 = 1.1428e-04
Loss = 2.0115e-02, PNorm = 42.4581, GNorm = 0.1402, lr_0 = 1.1318e-04
Loss = 3.2250e-02, PNorm = 42.4680, GNorm = 0.4235, lr_0 = 1.1209e-04
Loss = 2.8162e-02, PNorm = 42.4711, GNorm = 0.2039, lr_0 = 1.1101e-04
Loss = 2.1478e-02, PNorm = 42.4792, GNorm = 0.1442, lr_0 = 1.0995e-04
Loss = 2.8332e-02, PNorm = 42.4884, GNorm = 0.0556, lr_0 = 1.0889e-04
Loss = 3.1830e-02, PNorm = 42.4936, GNorm = 0.3332, lr_0 = 1.0784e-04
Loss = 3.2175e-02, PNorm = 42.4956, GNorm = 0.0891, lr_0 = 1.0680e-04
Loss = 2.7170e-02, PNorm = 42.5038, GNorm = 0.3936, lr_0 = 1.0577e-04
Validation auc = 0.857180
Epoch 29
Loss = 3.1051e-02, PNorm = 42.5099, GNorm = 0.3364, lr_0 = 1.0475e-04
Loss = 1.8597e-02, PNorm = 42.5148, GNorm = 0.3089, lr_0 = 1.0374e-04
Loss = 3.9852e-02, PNorm = 42.5172, GNorm = 0.2912, lr_0 = 1.0275e-04
Loss = 2.0382e-02, PNorm = 42.5237, GNorm = 0.2663, lr_0 = 1.0176e-04
Loss = 1.8599e-02, PNorm = 42.5314, GNorm = 0.0408, lr_0 = 1.0078e-04
Loss = 3.4725e-02, PNorm = 42.5312, GNorm = 0.1332, lr_0 = 1.0000e-04
Loss = 3.0221e-02, PNorm = 42.5358, GNorm = 0.2516, lr_0 = 1.0000e-04
Loss = 2.3231e-02, PNorm = 42.5415, GNorm = 0.1203, lr_0 = 1.0000e-04
Validation auc = 0.851016
Model 0 best validation auc = 0.881879 on epoch 7
Loading pretrained parameter "encoder.encoder.0.cached_zero_vector".
Loading pretrained parameter "encoder.encoder.0.W_i.weight".
Loading pretrained parameter "encoder.encoder.0.W_h.weight".
Loading pretrained parameter "encoder.encoder.0.W_o.weight".
Loading pretrained parameter "encoder.encoder.0.W_o.bias".
Loading pretrained parameter "ffn.1.weight".
Loading pretrained parameter "ffn.1.bias".
Moving model to cuda
Model 0 test auc = 0.869636
Ensemble test auc = 0.869636
Fold 2
Splitting data with seed 2
Total scaffolds = 3,467 | train scaffolds = 2,630 | val scaffolds = 419 | test scaffolds = 418
Label averages per scaffold, in decreasing order of scaffold frequency,capped at 10 scaffolds and 20 labels:
Scaffold 0
Task 0: count = 381 | target average = 0.018373
Task 1: count = 381 | target average = 0.013123


Scaffold 1
Task 0: count = 305 | target average = 0.009836
Task 1: count = 305 | target average = 0.016393


Scaffold 2
Task 0: count = 36 | target average = 0.000000
Task 1: count = 36 | target average = 0.000000


Scaffold 3
Task 0: count = 29 | target average = 0.000000
Task 1: count = 29 | target average = 0.000000


Scaffold 4
Task 0: count = 26 | target average = 0.000000
Task 1: count = 26 | target average = 0.000000


Scaffold 5
Task 0: count = 23 | target average = 0.000000
Task 1: count = 23 | target average = 0.000000


Scaffold 6
Task 0: count = 22 | target average = 0.090909
Task 1: count = 22 | target average = 0.090909


Scaffold 7
Task 0: count = 20 | target average = 0.000000
Task 1: count = 20 | target average = 0.000000


Scaffold 8
Task 0: count = 20 | target average = 0.000000
Task 1: count = 20 | target average = 0.000000


Scaffold 9
Task 0: count = 20 | target average = 0.050000
Task 1: count = 20 | target average = 0.000000


Class sizes
hit_inh 0: 97.83%, 1: 2.17%
hit_kill 0: 98.64%, 1: 1.36%
Total size = 5,353 | train size = 4,282 | val size = 535 | test size = 536
Building model 0
MoleculeModel(
  (sigmoid): Sigmoid()
  (encoder): MPN(
    (encoder): ModuleList(
      (0): MPNEncoder(
        (dropout_layer): Dropout(p=0.25, inplace=False)
        (act_func): ReLU()
        (W_i): Linear(in_features=147, out_features=500, bias=False)
        (W_h): Linear(in_features=500, out_features=500, bias=False)
        (W_o): Linear(in_features=633, out_features=500, bias=True)
      )
    )
  )
  (ffn): Sequential(
    (0): Dropout(p=0.25, inplace=False)
    (1): Linear(in_features=700, out_features=2, bias=True)
  )
)
Number of parameters = 641,902
Moving model to cuda
Epoch 0
Loss = 2.2650e-01, PNorm = 35.9625, GNorm = 0.4100, lr_0 = 1.0000e-03
Loss = 6.2005e-02, PNorm = 36.0414, GNorm = 0.1274, lr_0 = 1.0000e-03
Loss = 9.6550e-02, PNorm = 36.0833, GNorm = 0.1823, lr_0 = 1.0000e-03
Loss = 8.8217e-02, PNorm = 36.1121, GNorm = 0.1417, lr_0 = 1.0000e-03
Loss = 7.8896e-02, PNorm = 36.1316, GNorm = 0.1918, lr_0 = 1.0000e-03
Loss = 9.8674e-02, PNorm = 36.1531, GNorm = 0.1793, lr_0 = 1.0000e-03
Loss = 9.7620e-02, PNorm = 36.1764, GNorm = 0.3264, lr_0 = 1.0000e-03
Loss = 8.0650e-02, PNorm = 36.1917, GNorm = 0.1673, lr_0 = 1.0000e-03
Validation auc = 0.706974
Epoch 1
Loss = 6.6098e-02, PNorm = 36.2156, GNorm = 0.2230, lr_0 = 1.0000e-03
Loss = 7.7740e-02, PNorm = 36.2458, GNorm = 0.5408, lr_0 = 1.0000e-03
Loss = 4.3485e-02, PNorm = 36.2677, GNorm = 0.1476, lr_0 = 1.0000e-03
Loss = 1.2712e-01, PNorm = 36.2816, GNorm = 0.4116, lr_0 = 1.0000e-03
Loss = 7.7272e-02, PNorm = 36.3165, GNorm = 0.1395, lr_0 = 1.0000e-03
Loss = 9.2491e-02, PNorm = 36.3455, GNorm = 0.1120, lr_0 = 1.0000e-03
Loss = 1.0285e-01, PNorm = 36.3621, GNorm = 0.1206, lr_0 = 1.0000e-03
Loss = 1.1396e-01, PNorm = 36.3923, GNorm = 0.2409, lr_0 = 1.0000e-03
Loss = 6.0784e-02, PNorm = 36.4465, GNorm = 0.1024, lr_0 = 9.9807e-04
Validation auc = 0.856467
Epoch 2
Loss = 8.1817e-02, PNorm = 36.4692, GNorm = 0.2693, lr_0 = 9.8846e-04
Loss = 7.5761e-02, PNorm = 36.5091, GNorm = 0.2587, lr_0 = 9.7894e-04
Loss = 9.5907e-02, PNorm = 36.5369, GNorm = 0.1150, lr_0 = 9.6952e-04
Loss = 8.3379e-02, PNorm = 36.5738, GNorm = 0.3126, lr_0 = 9.6018e-04
Loss = 1.0990e-01, PNorm = 36.6166, GNorm = 0.1688, lr_0 = 9.5094e-04
Loss = 6.6153e-02, PNorm = 36.6939, GNorm = 0.1202, lr_0 = 9.4178e-04
Loss = 5.5395e-02, PNorm = 36.7350, GNorm = 0.0906, lr_0 = 9.3271e-04
Loss = 7.1723e-02, PNorm = 36.7750, GNorm = 0.1179, lr_0 = 9.2373e-04
Validation auc = 0.835253
Epoch 3
Loss = 7.7197e-02, PNorm = 36.8228, GNorm = 0.1699, lr_0 = 9.1395e-04
Loss = 9.5941e-02, PNorm = 36.8712, GNorm = 0.1806, lr_0 = 9.0515e-04
Loss = 8.5466e-02, PNorm = 36.9610, GNorm = 0.2746, lr_0 = 8.9644e-04
Loss = 3.2957e-02, PNorm = 37.0325, GNorm = 0.1041, lr_0 = 8.8781e-04
Loss = 8.8321e-02, PNorm = 37.0365, GNorm = 0.2171, lr_0 = 8.7926e-04
Loss = 7.7095e-02, PNorm = 37.0629, GNorm = 0.1135, lr_0 = 8.7080e-04
Loss = 9.8619e-02, PNorm = 37.1087, GNorm = 0.2436, lr_0 = 8.6241e-04
Loss = 8.2248e-02, PNorm = 37.1767, GNorm = 0.1153, lr_0 = 8.5411e-04
Loss = 7.4694e-02, PNorm = 37.2100, GNorm = 0.2494, lr_0 = 8.4588e-04
Validation auc = 0.860194
Epoch 4
Loss = 4.4281e-02, PNorm = 37.2605, GNorm = 0.1301, lr_0 = 8.3774e-04
Loss = 6.0106e-02, PNorm = 37.3072, GNorm = 0.1376, lr_0 = 8.2967e-04
Loss = 7.3257e-02, PNorm = 37.3342, GNorm = 0.1844, lr_0 = 8.2169e-04
Loss = 9.7762e-02, PNorm = 37.3630, GNorm = 0.1816, lr_0 = 8.1377e-04
Loss = 9.5225e-02, PNorm = 37.4070, GNorm = 0.1353, lr_0 = 8.0594e-04
Loss = 6.4157e-02, PNorm = 37.4660, GNorm = 0.1369, lr_0 = 7.9818e-04
Loss = 9.7344e-02, PNorm = 37.5011, GNorm = 0.2781, lr_0 = 7.9050e-04
Loss = 5.6248e-02, PNorm = 37.5731, GNorm = 0.1397, lr_0 = 7.8288e-04
Validation auc = 0.853268
Epoch 5
Loss = 1.0143e-01, PNorm = 37.6363, GNorm = 0.1343, lr_0 = 7.7535e-04
Loss = 8.6187e-02, PNorm = 37.7222, GNorm = 0.1401, lr_0 = 7.6788e-04
Loss = 7.0205e-02, PNorm = 37.7785, GNorm = 0.2696, lr_0 = 7.6049e-04
Loss = 7.7241e-02, PNorm = 37.8309, GNorm = 0.1486, lr_0 = 7.5317e-04
Loss = 5.0433e-02, PNorm = 37.8858, GNorm = 0.0915, lr_0 = 7.4591e-04
Loss = 6.8364e-02, PNorm = 37.9219, GNorm = 0.1568, lr_0 = 7.3873e-04
Loss = 9.0220e-02, PNorm = 37.9597, GNorm = 0.1305, lr_0 = 7.3162e-04
Loss = 6.3159e-02, PNorm = 38.0234, GNorm = 0.1134, lr_0 = 7.2458e-04
Loss = 6.3931e-02, PNorm = 38.0567, GNorm = 0.1382, lr_0 = 7.1760e-04
Validation auc = 0.839565
Epoch 6
Loss = 4.9884e-02, PNorm = 38.0983, GNorm = 0.1299, lr_0 = 7.1000e-04
Loss = 8.6386e-02, PNorm = 38.1357, GNorm = 0.1274, lr_0 = 7.0317e-04
Loss = 7.7393e-02, PNorm = 38.1878, GNorm = 0.1637, lr_0 = 6.9640e-04
Loss = 7.7427e-02, PNorm = 38.2581, GNorm = 0.2133, lr_0 = 6.8969e-04
Loss = 6.6387e-02, PNorm = 38.3247, GNorm = 0.0960, lr_0 = 6.8305e-04
Loss = 6.3097e-02, PNorm = 38.3921, GNorm = 0.1155, lr_0 = 6.7648e-04
Loss = 6.7825e-02, PNorm = 38.4477, GNorm = 0.4747, lr_0 = 6.6996e-04
Loss = 2.7780e-02, PNorm = 38.5224, GNorm = 0.1096, lr_0 = 6.6351e-04
Validation auc = 0.886896
Epoch 7
Loss = 7.7733e-02, PNorm = 38.5480, GNorm = 0.1375, lr_0 = 6.5712e-04
Loss = 6.2875e-02, PNorm = 38.6107, GNorm = 0.2011, lr_0 = 6.5080e-04
Loss = 7.6625e-02, PNorm = 38.6768, GNorm = 0.2218, lr_0 = 6.4453e-04
Loss = 6.4580e-02, PNorm = 38.7442, GNorm = 0.1363, lr_0 = 6.3833e-04
Loss = 6.6948e-02, PNorm = 38.7704, GNorm = 0.1151, lr_0 = 6.3218e-04
Loss = 4.7010e-02, PNorm = 38.8106, GNorm = 0.1062, lr_0 = 6.2609e-04
Loss = 7.1023e-02, PNorm = 38.8489, GNorm = 0.2369, lr_0 = 6.2006e-04
Loss = 7.1844e-02, PNorm = 38.8955, GNorm = 0.3075, lr_0 = 6.1409e-04
Loss = 4.7809e-02, PNorm = 38.9473, GNorm = 0.1378, lr_0 = 6.0818e-04
Validation auc = 0.885238
Epoch 8
Loss = 3.0415e-02, PNorm = 39.0050, GNorm = 0.1348, lr_0 = 6.0233e-04
Loss = 5.1880e-02, PNorm = 39.0503, GNorm = 0.1956, lr_0 = 5.9653e-04
Loss = 6.8663e-02, PNorm = 39.0814, GNorm = 0.1363, lr_0 = 5.9078e-04
Loss = 8.3300e-02, PNorm = 39.1206, GNorm = 0.3343, lr_0 = 5.8510e-04
Loss = 6.6577e-02, PNorm = 39.1917, GNorm = 0.2923, lr_0 = 5.7946e-04
Loss = 6.2447e-02, PNorm = 39.2337, GNorm = 0.2650, lr_0 = 5.7388e-04
Loss = 4.9852e-02, PNorm = 39.2773, GNorm = 0.1740, lr_0 = 5.6836e-04
Loss = 6.5460e-02, PNorm = 39.3103, GNorm = 0.2102, lr_0 = 5.6289e-04
Loss = 5.9637e-02, PNorm = 39.3496, GNorm = 0.1813, lr_0 = 5.5747e-04
Loss = 1.4331e-02, PNorm = 39.3546, GNorm = 0.1549, lr_0 = 5.5693e-04
Validation auc = 0.879823
Epoch 9
Loss = 4.7425e-02, PNorm = 39.3965, GNorm = 0.1258, lr_0 = 5.5156e-04
Loss = 7.6397e-02, PNorm = 39.4131, GNorm = 0.1479, lr_0 = 5.4625e-04
Loss = 5.7763e-02, PNorm = 39.4556, GNorm = 0.1498, lr_0 = 5.4100e-04
Loss = 3.2008e-02, PNorm = 39.5127, GNorm = 0.1456, lr_0 = 5.3579e-04
Loss = 8.5764e-02, PNorm = 39.5452, GNorm = 0.2386, lr_0 = 5.3063e-04
Loss = 4.5201e-02, PNorm = 39.6084, GNorm = 0.1993, lr_0 = 5.2552e-04
Loss = 6.4479e-02, PNorm = 39.6271, GNorm = 0.1331, lr_0 = 5.2046e-04
Loss = 4.8385e-02, PNorm = 39.6719, GNorm = 0.1997, lr_0 = 5.1545e-04
Validation auc = 0.877408
Epoch 10
Loss = 3.4396e-02, PNorm = 39.7109, GNorm = 0.0929, lr_0 = 5.1049e-04
Loss = 6.6379e-02, PNorm = 39.7613, GNorm = 0.1442, lr_0 = 5.0557e-04
Loss = 3.0336e-02, PNorm = 39.8225, GNorm = 0.0756, lr_0 = 5.0070e-04
Loss = 2.7594e-02, PNorm = 39.8392, GNorm = 0.2991, lr_0 = 4.9588e-04
Loss = 7.5499e-02, PNorm = 39.8526, GNorm = 0.2224, lr_0 = 4.9111e-04
Loss = 6.6556e-02, PNorm = 39.8898, GNorm = 0.1274, lr_0 = 4.8638e-04
Loss = 6.1321e-02, PNorm = 39.9299, GNorm = 0.1269, lr_0 = 4.8170e-04
Loss = 5.7127e-02, PNorm = 39.9712, GNorm = 0.4583, lr_0 = 4.7706e-04
Loss = 4.6844e-02, PNorm = 39.9918, GNorm = 0.1755, lr_0 = 4.7247e-04
Validation auc = 0.877854
Epoch 11
Loss = 8.0906e-02, PNorm = 40.0319, GNorm = 0.1939, lr_0 = 4.6792e-04
Loss = 4.6857e-02, PNorm = 40.0883, GNorm = 0.2024, lr_0 = 4.6341e-04
Loss = 3.1259e-02, PNorm = 40.1231, GNorm = 0.1038, lr_0 = 4.5895e-04
Loss = 5.1648e-02, PNorm = 40.1468, GNorm = 0.1266, lr_0 = 4.5453e-04
Loss = 7.8180e-02, PNorm = 40.1657, GNorm = 0.5263, lr_0 = 4.5015e-04
Loss = 5.4367e-02, PNorm = 40.1977, GNorm = 0.0868, lr_0 = 4.4582e-04
Loss = 5.0959e-02, PNorm = 40.2267, GNorm = 0.1432, lr_0 = 4.4153e-04
Loss = 5.1217e-02, PNorm = 40.2709, GNorm = 0.2213, lr_0 = 4.3728e-04
Validation auc = 0.894025
Epoch 12
Loss = 4.6971e-02, PNorm = 40.3066, GNorm = 0.1873, lr_0 = 4.3265e-04
Loss = 3.4342e-02, PNorm = 40.3419, GNorm = 0.1388, lr_0 = 4.2848e-04
Loss = 4.2146e-02, PNorm = 40.3760, GNorm = 0.2757, lr_0 = 4.2436e-04
Loss = 6.9308e-02, PNorm = 40.3993, GNorm = 0.8501, lr_0 = 4.2027e-04
Loss = 5.0429e-02, PNorm = 40.4156, GNorm = 0.4767, lr_0 = 4.1622e-04
Loss = 2.9502e-02, PNorm = 40.4523, GNorm = 0.2550, lr_0 = 4.1222e-04
Loss = 7.6830e-02, PNorm = 40.4550, GNorm = 0.1592, lr_0 = 4.0825e-04
Loss = 6.4160e-02, PNorm = 40.4827, GNorm = 0.2798, lr_0 = 4.0432e-04
Loss = 4.3550e-02, PNorm = 40.5404, GNorm = 0.1656, lr_0 = 4.0042e-04
Validation auc = 0.909661
Epoch 13
Loss = 2.4472e-02, PNorm = 40.5678, GNorm = 0.2541, lr_0 = 3.9657e-04
Loss = 6.1555e-02, PNorm = 40.5859, GNorm = 0.1629, lr_0 = 3.9275e-04
Loss = 1.5158e-02, PNorm = 40.6158, GNorm = 0.0928, lr_0 = 3.8897e-04
Loss = 5.5201e-02, PNorm = 40.6331, GNorm = 0.2639, lr_0 = 3.8522e-04
Loss = 5.4074e-02, PNorm = 40.6650, GNorm = 0.2012, lr_0 = 3.8152e-04
Loss = 5.7343e-02, PNorm = 40.6950, GNorm = 0.3494, lr_0 = 3.7784e-04
Loss = 6.4087e-02, PNorm = 40.7138, GNorm = 0.4812, lr_0 = 3.7420e-04
Loss = 3.9114e-02, PNorm = 40.7470, GNorm = 0.0791, lr_0 = 3.7060e-04
Validation auc = 0.939148
Epoch 14
Loss = 1.7279e-02, PNorm = 40.7673, GNorm = 0.1148, lr_0 = 3.6668e-04
Loss = 3.7969e-02, PNorm = 40.8015, GNorm = 0.2015, lr_0 = 3.6315e-04
Loss = 4.8834e-02, PNorm = 40.8314, GNorm = 0.2343, lr_0 = 3.5965e-04
Loss = 3.0927e-02, PNorm = 40.8581, GNorm = 0.0682, lr_0 = 3.5619e-04
Loss = 4.8119e-02, PNorm = 40.8818, GNorm = 0.1226, lr_0 = 3.5276e-04
Loss = 5.0426e-02, PNorm = 40.9104, GNorm = 0.4122, lr_0 = 3.4936e-04
Loss = 7.4148e-02, PNorm = 40.9149, GNorm = 0.1857, lr_0 = 3.4600e-04
Loss = 4.9505e-02, PNorm = 40.9517, GNorm = 0.1752, lr_0 = 3.4267e-04
Loss = 5.4949e-02, PNorm = 40.9779, GNorm = 0.1425, lr_0 = 3.3937e-04
Validation auc = 0.918605
Epoch 15
Loss = 4.9189e-02, PNorm = 41.0039, GNorm = 0.2395, lr_0 = 3.3610e-04
Loss = 6.1920e-02, PNorm = 41.0389, GNorm = 0.1857, lr_0 = 3.3287e-04
Loss = 2.7859e-02, PNorm = 41.0685, GNorm = 0.1396, lr_0 = 3.2966e-04
Loss = 3.5594e-02, PNorm = 41.1002, GNorm = 0.0531, lr_0 = 3.2649e-04
Loss = 6.4765e-02, PNorm = 41.1019, GNorm = 0.1587, lr_0 = 3.2334e-04
Loss = 4.1557e-02, PNorm = 41.1280, GNorm = 0.2603, lr_0 = 3.2023e-04
Loss = 5.1681e-02, PNorm = 41.1569, GNorm = 0.2017, lr_0 = 3.1715e-04
Loss = 2.5467e-02, PNorm = 41.1773, GNorm = 0.4251, lr_0 = 3.1409e-04
Loss = 5.8752e-02, PNorm = 41.1888, GNorm = 0.2037, lr_0 = 3.1107e-04
Validation auc = 0.896539
Epoch 16
Loss = 4.3089e-02, PNorm = 41.2224, GNorm = 0.3582, lr_0 = 3.0807e-04
Loss = 6.8532e-02, PNorm = 41.2398, GNorm = 0.2459, lr_0 = 3.0511e-04
Loss = 4.6594e-02, PNorm = 41.2671, GNorm = 0.1641, lr_0 = 3.0217e-04
Loss = 2.8063e-02, PNorm = 41.2946, GNorm = 0.0513, lr_0 = 2.9926e-04
Loss = 4.7338e-02, PNorm = 41.3097, GNorm = 0.2371, lr_0 = 2.9638e-04
Loss = 3.1037e-02, PNorm = 41.3338, GNorm = 0.1795, lr_0 = 2.9353e-04
Loss = 2.5879e-02, PNorm = 41.3577, GNorm = 0.1241, lr_0 = 2.9070e-04
Loss = 5.1362e-02, PNorm = 41.3694, GNorm = 0.1185, lr_0 = 2.8790e-04
Validation auc = 0.910032
Epoch 17
Loss = 4.3749e-02, PNorm = 41.3846, GNorm = 0.1867, lr_0 = 2.8485e-04
Loss = 4.8848e-02, PNorm = 41.3972, GNorm = 0.1361, lr_0 = 2.8211e-04
Loss = 3.3825e-02, PNorm = 41.4224, GNorm = 0.2792, lr_0 = 2.7939e-04
Loss = 4.8646e-02, PNorm = 41.4389, GNorm = 0.2509, lr_0 = 2.7670e-04
Loss = 4.5137e-02, PNorm = 41.4586, GNorm = 0.1913, lr_0 = 2.7404e-04
Loss = 4.0265e-02, PNorm = 41.4769, GNorm = 0.0891, lr_0 = 2.7140e-04
Loss = 3.2912e-02, PNorm = 41.4981, GNorm = 0.1695, lr_0 = 2.6879e-04
Loss = 3.6868e-02, PNorm = 41.5193, GNorm = 0.3022, lr_0 = 2.6620e-04
Loss = 2.5399e-02, PNorm = 41.5377, GNorm = 0.0412, lr_0 = 2.6364e-04
Validation auc = 0.908236
Epoch 18
Loss = 4.1629e-02, PNorm = 41.5517, GNorm = 0.1162, lr_0 = 2.6110e-04
Loss = 3.5377e-02, PNorm = 41.5607, GNorm = 0.1388, lr_0 = 2.5859e-04
Loss = 3.9776e-02, PNorm = 41.5838, GNorm = 0.2342, lr_0 = 2.5610e-04
Loss = 2.8658e-02, PNorm = 41.5995, GNorm = 0.1166, lr_0 = 2.5363e-04
Loss = 4.3022e-02, PNorm = 41.6150, GNorm = 0.1873, lr_0 = 2.5119e-04
Loss = 3.3418e-02, PNorm = 41.6317, GNorm = 0.1092, lr_0 = 2.4877e-04
Loss = 5.1117e-02, PNorm = 41.6537, GNorm = 0.2295, lr_0 = 2.4638e-04
Loss = 4.8550e-02, PNorm = 41.6706, GNorm = 0.4708, lr_0 = 2.4400e-04
Validation auc = 0.908372
Epoch 19
Loss = 2.6280e-02, PNorm = 41.6856, GNorm = 0.1124, lr_0 = 2.4165e-04
Loss = 2.6999e-02, PNorm = 41.7082, GNorm = 0.4548, lr_0 = 2.3933e-04
Loss = 4.5111e-02, PNorm = 41.7162, GNorm = 0.2805, lr_0 = 2.3702e-04
Loss = 3.9247e-02, PNorm = 41.7303, GNorm = 0.1988, lr_0 = 2.3474e-04
Loss = 3.4852e-02, PNorm = 41.7513, GNorm = 0.1350, lr_0 = 2.3248e-04
Loss = 6.4526e-02, PNorm = 41.7684, GNorm = 0.3259, lr_0 = 2.3024e-04
Loss = 3.8187e-02, PNorm = 41.7955, GNorm = 0.3251, lr_0 = 2.2803e-04
Loss = 2.2195e-02, PNorm = 41.8167, GNorm = 0.2426, lr_0 = 2.2583e-04
Loss = 1.6348e-02, PNorm = 41.8223, GNorm = 0.1443, lr_0 = 2.2366e-04
Validation auc = 0.910726
Epoch 20
Loss = 3.7238e-02, PNorm = 41.8272, GNorm = 0.2188, lr_0 = 2.2129e-04
Loss = 3.4040e-02, PNorm = 41.8434, GNorm = 0.4321, lr_0 = 2.1916e-04
Loss = 2.8048e-02, PNorm = 41.8503, GNorm = 0.2993, lr_0 = 2.1705e-04
Loss = 3.4117e-02, PNorm = 41.8665, GNorm = 0.2744, lr_0 = 2.1496e-04
Loss = 2.8449e-02, PNorm = 41.8817, GNorm = 0.2629, lr_0 = 2.1289e-04
Loss = 3.9274e-02, PNorm = 41.8884, GNorm = 0.4426, lr_0 = 2.1084e-04
Loss = 3.3962e-02, PNorm = 41.8985, GNorm = 0.4143, lr_0 = 2.0881e-04
Loss = 3.6294e-02, PNorm = 41.9146, GNorm = 0.1114, lr_0 = 2.0680e-04
Validation auc = 0.903205
Epoch 21
Loss = 3.5036e-02, PNorm = 41.9224, GNorm = 0.6508, lr_0 = 2.0481e-04
Loss = 3.8208e-02, PNorm = 41.9364, GNorm = 0.2125, lr_0 = 2.0283e-04
Loss = 3.3228e-02, PNorm = 41.9585, GNorm = 0.5185, lr_0 = 2.0088e-04
Loss = 3.0017e-02, PNorm = 41.9731, GNorm = 0.3153, lr_0 = 1.9895e-04
Loss = 4.5794e-02, PNorm = 41.9789, GNorm = 0.3583, lr_0 = 1.9703e-04
Loss = 3.1528e-02, PNorm = 41.9966, GNorm = 0.1874, lr_0 = 1.9514e-04
Loss = 1.8528e-02, PNorm = 42.0134, GNorm = 0.0697, lr_0 = 1.9326e-04
Loss = 4.4500e-02, PNorm = 42.0087, GNorm = 0.0744, lr_0 = 1.9140e-04
Loss = 3.9071e-02, PNorm = 42.0237, GNorm = 0.3591, lr_0 = 1.8955e-04
Validation auc = 0.917900
Epoch 22
Loss = 3.3096e-02, PNorm = 42.0398, GNorm = 0.0266, lr_0 = 1.8773e-04
Loss = 4.2187e-02, PNorm = 42.0436, GNorm = 0.1302, lr_0 = 1.8592e-04
Loss = 3.5439e-02, PNorm = 42.0558, GNorm = 0.3458, lr_0 = 1.8413e-04
Loss = 2.5681e-02, PNorm = 42.0735, GNorm = 0.0685, lr_0 = 1.8236e-04
Loss = 3.2940e-02, PNorm = 42.0796, GNorm = 0.3084, lr_0 = 1.8060e-04
Loss = 3.0354e-02, PNorm = 42.0886, GNorm = 0.4545, lr_0 = 1.7886e-04
Loss = 3.3858e-02, PNorm = 42.1028, GNorm = 0.4094, lr_0 = 1.7714e-04
Loss = 2.6671e-02, PNorm = 42.1065, GNorm = 0.0781, lr_0 = 1.7544e-04
Validation auc = 0.900107
Epoch 23
Loss = 2.2327e-02, PNorm = 42.1150, GNorm = 0.3632, lr_0 = 1.7358e-04
Loss = 3.6157e-02, PNorm = 42.1276, GNorm = 0.0333, lr_0 = 1.7191e-04
Loss = 3.2868e-02, PNorm = 42.1313, GNorm = 0.2166, lr_0 = 1.7025e-04
Loss = 3.1512e-02, PNorm = 42.1332, GNorm = 0.1776, lr_0 = 1.6861e-04
Loss = 2.4826e-02, PNorm = 42.1531, GNorm = 0.5229, lr_0 = 1.6699e-04
Loss = 1.2249e-02, PNorm = 42.1650, GNorm = 0.0371, lr_0 = 1.6538e-04
Loss = 3.0419e-02, PNorm = 42.1682, GNorm = 0.2661, lr_0 = 1.6379e-04
Loss = 3.5099e-02, PNorm = 42.1729, GNorm = 0.0906, lr_0 = 1.6221e-04
Loss = 4.2354e-02, PNorm = 42.1849, GNorm = 0.2946, lr_0 = 1.6065e-04
Validation auc = 0.902981
Epoch 24
Loss = 2.1818e-02, PNorm = 42.2053, GNorm = 0.2244, lr_0 = 1.5910e-04
Loss = 4.5495e-02, PNorm = 42.2116, GNorm = 0.3542, lr_0 = 1.5757e-04
Loss = 4.1931e-02, PNorm = 42.2166, GNorm = 0.4273, lr_0 = 1.5605e-04
Loss = 3.8089e-02, PNorm = 42.2386, GNorm = 0.2150, lr_0 = 1.5455e-04
Loss = 3.4622e-02, PNorm = 42.2480, GNorm = 0.5329, lr_0 = 1.5306e-04
Loss = 3.7818e-02, PNorm = 42.2484, GNorm = 0.3929, lr_0 = 1.5159e-04
Loss = 1.8508e-02, PNorm = 42.2621, GNorm = 0.0560, lr_0 = 1.5013e-04
Loss = 3.9147e-02, PNorm = 42.2647, GNorm = 0.0714, lr_0 = 1.4869e-04
Loss = 1.7585e-02, PNorm = 42.2680, GNorm = 0.1130, lr_0 = 1.4725e-04
Validation auc = 0.895771
Epoch 25
Loss = 1.7622e-02, PNorm = 42.2805, GNorm = 0.1458, lr_0 = 1.4584e-04
Loss = 4.2505e-02, PNorm = 42.2824, GNorm = 0.0824, lr_0 = 1.4443e-04
Loss = 2.3467e-02, PNorm = 42.2876, GNorm = 0.1457, lr_0 = 1.4304e-04
Loss = 3.9165e-02, PNorm = 42.3056, GNorm = 0.4833, lr_0 = 1.4166e-04
Loss = 2.0761e-02, PNorm = 42.3171, GNorm = 0.0925, lr_0 = 1.4030e-04
Loss = 2.3326e-02, PNorm = 42.3202, GNorm = 0.4304, lr_0 = 1.3895e-04
Loss = 3.2116e-02, PNorm = 42.3202, GNorm = 0.2239, lr_0 = 1.3761e-04
Loss = 2.9522e-02, PNorm = 42.3293, GNorm = 0.1540, lr_0 = 1.3629e-04
Validation auc = 0.906884
Epoch 26
Loss = 3.5755e-02, PNorm = 42.3351, GNorm = 0.1815, lr_0 = 1.3484e-04
Loss = 2.9153e-02, PNorm = 42.3468, GNorm = 0.4527, lr_0 = 1.3355e-04
Loss = 2.2972e-02, PNorm = 42.3523, GNorm = 0.2577, lr_0 = 1.3226e-04
Loss = 2.4018e-02, PNorm = 42.3557, GNorm = 0.0910, lr_0 = 1.3099e-04
Loss = 2.4344e-02, PNorm = 42.3656, GNorm = 0.0940, lr_0 = 1.2973e-04
Loss = 3.5586e-02, PNorm = 42.3694, GNorm = 0.1769, lr_0 = 1.2848e-04
Loss = 1.5971e-02, PNorm = 42.3808, GNorm = 0.2101, lr_0 = 1.2724e-04
Loss = 1.6575e-02, PNorm = 42.3901, GNorm = 0.4613, lr_0 = 1.2601e-04
Loss = 6.3342e-02, PNorm = 42.3889, GNorm = 0.3633, lr_0 = 1.2480e-04
Validation auc = 0.901061
Epoch 27
Loss = 1.8701e-02, PNorm = 42.3970, GNorm = 0.2260, lr_0 = 1.2360e-04
Loss = 3.4005e-02, PNorm = 42.4101, GNorm = 0.5438, lr_0 = 1.2241e-04
Loss = 2.8490e-02, PNorm = 42.4151, GNorm = 0.5102, lr_0 = 1.2123e-04
Loss = 2.5839e-02, PNorm = 42.4164, GNorm = 0.4362, lr_0 = 1.2006e-04
Loss = 1.5718e-02, PNorm = 42.4227, GNorm = 0.3811, lr_0 = 1.1891e-04
Loss = 3.9962e-02, PNorm = 42.4242, GNorm = 0.5849, lr_0 = 1.1776e-04
Loss = 2.4352e-02, PNorm = 42.4367, GNorm = 0.2461, lr_0 = 1.1663e-04
Loss = 3.9260e-02, PNorm = 42.4426, GNorm = 0.2263, lr_0 = 1.1551e-04
Validation auc = 0.887382
Epoch 28
Loss = 4.3115e-02, PNorm = 42.4445, GNorm = 0.3308, lr_0 = 1.1428e-04
Loss = 3.3834e-02, PNorm = 42.4517, GNorm = 0.2639, lr_0 = 1.1318e-04
Loss = 3.5226e-02, PNorm = 42.4568, GNorm = 0.1697, lr_0 = 1.1209e-04
Loss = 2.3419e-02, PNorm = 42.4669, GNorm = 0.1111, lr_0 = 1.1101e-04
Loss = 1.5763e-02, PNorm = 42.4754, GNorm = 0.0685, lr_0 = 1.0995e-04
Loss = 2.2877e-02, PNorm = 42.4782, GNorm = 0.3592, lr_0 = 1.0889e-04
Loss = 2.4159e-02, PNorm = 42.4845, GNorm = 0.2601, lr_0 = 1.0784e-04
Loss = 3.6549e-02, PNorm = 42.4847, GNorm = 0.1794, lr_0 = 1.0680e-04
Loss = 2.0794e-02, PNorm = 42.4910, GNorm = 0.7642, lr_0 = 1.0577e-04
Validation auc = 0.897381
Epoch 29
Loss = 2.1888e-02, PNorm = 42.4997, GNorm = 0.2137, lr_0 = 1.0475e-04
Loss = 9.1289e-03, PNorm = 42.5072, GNorm = 0.0214, lr_0 = 1.0374e-04
Loss = 2.6869e-02, PNorm = 42.5088, GNorm = 0.5395, lr_0 = 1.0275e-04
Loss = 4.8371e-02, PNorm = 42.5049, GNorm = 0.3579, lr_0 = 1.0176e-04
Loss = 3.0653e-02, PNorm = 42.5151, GNorm = 0.3468, lr_0 = 1.0078e-04
Loss = 2.4525e-02, PNorm = 42.5208, GNorm = 0.1864, lr_0 = 1.0000e-04
Loss = 3.2317e-02, PNorm = 42.5245, GNorm = 0.4120, lr_0 = 1.0000e-04
Loss = 2.1451e-02, PNorm = 42.5301, GNorm = 0.4639, lr_0 = 1.0000e-04
Validation auc = 0.880939
Model 0 best validation auc = 0.939148 on epoch 13
Loading pretrained parameter "encoder.encoder.0.cached_zero_vector".
Loading pretrained parameter "encoder.encoder.0.W_i.weight".
Loading pretrained parameter "encoder.encoder.0.W_h.weight".
Loading pretrained parameter "encoder.encoder.0.W_o.weight".
Loading pretrained parameter "encoder.encoder.0.W_o.bias".
Loading pretrained parameter "ffn.1.weight".
Loading pretrained parameter "ffn.1.bias".
Moving model to cuda
Model 0 test auc = 0.817635
Ensemble test auc = 0.817635
3-fold cross validation
	Seed 0 ==> test auc = 0.772190
	Seed 1 ==> test auc = 0.869636
	Seed 2 ==> test auc = 0.817635
Overall test auc = 0.819820 +/- 0.039812
Elapsed time = 0:14:36
