Command line
python /home/jackievaleri8/.conda/envs/chemprop/bin/chemprop_train --init_lr 0.001 --dropout 0.25 --hidden_size 1500 --ffn_num_layers 1 --depth 4 --save_dir round3finalval08162021_models/43 --data_path round3finalval08162021_TRAIN.csv --dataset_type classification --features_path round3finalval08162021_TRAINFTS.npz --no_features_scaling --num_folds 3 --ensemble_size 1 --split_type scaffold_balanced --split_sizes 0.8 0.1 0.1 --smiles_columns SMILES --ignore_columns Name --gpu 0
Args
{'activation': 'ReLU',
 'aggregation': 'mean',
 'aggregation_norm': 100,
 'atom_descriptor_scaling': True,
 'atom_descriptors': None,
 'atom_descriptors_path': None,
 'atom_descriptors_size': 0,
 'atom_features_size': 0,
 'atom_messages': False,
 'batch_size': 50,
 'bias': False,
 'bond_feature_scaling': True,
 'bond_features_path': None,
 'bond_features_size': 0,
 'cache_cutoff': 10000,
 'checkpoint_dir': None,
 'checkpoint_path': None,
 'checkpoint_paths': None,
 'class_balance': False,
 'config_path': None,
 'crossval_index_dir': None,
 'crossval_index_file': None,
 'crossval_index_sets': None,
 'cuda': True,
 'data_path': 'round3finalval08162021_TRAIN.csv',
 'dataset_type': 'classification',
 'depth': 4,
 'device': device(type='cuda', index=0),
 'dropout': 0.25,
 'empty_cache': False,
 'ensemble_size': 1,
 'epochs': 30,
 'explicit_h': False,
 'extra_metrics': [],
 'features_generator': None,
 'features_only': False,
 'features_path': ['round3finalval08162021_TRAINFTS.npz'],
 'features_scaling': False,
 'features_size': None,
 'ffn_hidden_size': 1500,
 'ffn_num_layers': 1,
 'final_lr': 0.0001,
 'folds_file': None,
 'gpu': 0,
 'grad_clip': None,
 'hidden_size': 1500,
 'ignore_columns': ['Name'],
 'init_lr': 0.001,
 'log_frequency': 10,
 'max_data_size': None,
 'max_lr': 0.001,
 'metric': 'auc',
 'metrics': ['auc'],
 'minimize_score': False,
 'mpn_shared': False,
 'multiclass_num_classes': 3,
 'no_atom_descriptor_scaling': False,
 'no_bond_features_scaling': False,
 'no_cache_mol': False,
 'no_cuda': False,
 'no_features_scaling': True,
 'num_folds': 3,
 'num_lrs': 1,
 'num_tasks': 2,
 'num_workers': 8,
 'number_of_molecules': 1,
 'overwrite_default_atom_features': False,
 'overwrite_default_bond_features': False,
 'pytorch_seed': 0,
 'quiet': False,
 'reaction': False,
 'reaction_mode': 'reac_diff',
 'resume_experiment': False,
 'save_dir': 'round3finalval08162021_models/43',
 'save_preds': False,
 'save_smiles_splits': False,
 'seed': 0,
 'separate_test_atom_descriptors_path': None,
 'separate_test_bond_features_path': None,
 'separate_test_features_path': None,
 'separate_test_path': None,
 'separate_val_atom_descriptors_path': None,
 'separate_val_bond_features_path': None,
 'separate_val_features_path': None,
 'separate_val_path': None,
 'show_individual_scores': False,
 'smiles_columns': ['SMILES'],
 'split_sizes': (0.8, 0.1, 0.1),
 'split_type': 'scaffold_balanced',
 'target_columns': None,
 'task_names': ['hit_inh', 'hit_kill'],
 'test': False,
 'test_fold_index': None,
 'train_data_size': None,
 'undirected': False,
 'use_input_features': True,
 'val_fold_index': None,
 'warmup_epochs': 2.0}
Loading data
Warning: 23 SMILES are invalid.
Number of tasks = 2
Fold 0
Splitting data with seed 0
Total scaffolds = 3,467 | train scaffolds = 2,650 | val scaffolds = 433 | test scaffolds = 384
Label averages per scaffold, in decreasing order of scaffold frequency,capped at 10 scaffolds and 20 labels:
Scaffold 0
Task 0: count = 381 | target average = 0.018373
Task 1: count = 381 | target average = 0.013123


Scaffold 1
Task 0: count = 305 | target average = 0.009836
Task 1: count = 305 | target average = 0.016393


Scaffold 2
Task 0: count = 36 | target average = 0.000000
Task 1: count = 36 | target average = 0.000000


Scaffold 3
Task 0: count = 29 | target average = 0.000000
Task 1: count = 29 | target average = 0.000000


Scaffold 4
Task 0: count = 26 | target average = 0.000000
Task 1: count = 26 | target average = 0.000000


Scaffold 5
Task 0: count = 23 | target average = 0.000000
Task 1: count = 23 | target average = 0.000000


Scaffold 6
Task 0: count = 22 | target average = 0.090909
Task 1: count = 22 | target average = 0.090909


Scaffold 7
Task 0: count = 20 | target average = 0.000000
Task 1: count = 20 | target average = 0.000000


Scaffold 8
Task 0: count = 20 | target average = 0.000000
Task 1: count = 20 | target average = 0.000000


Scaffold 9
Task 0: count = 20 | target average = 0.050000
Task 1: count = 20 | target average = 0.000000


Class sizes
hit_inh 0: 97.83%, 1: 2.17%
hit_kill 0: 98.64%, 1: 1.36%
Total size = 5,353 | train size = 4,282 | val size = 535 | test size = 536
Building model 0
MoleculeModel(
  (sigmoid): Sigmoid()
  (encoder): MPN(
    (encoder): ModuleList(
      (0): MPNEncoder(
        (dropout_layer): Dropout(p=0.25, inplace=False)
        (act_func): ReLU()
        (W_i): Linear(in_features=147, out_features=1500, bias=False)
        (W_h): Linear(in_features=1500, out_features=1500, bias=False)
        (W_o): Linear(in_features=1633, out_features=1500, bias=True)
      )
    )
  )
  (ffn): Sequential(
    (0): Dropout(p=0.25, inplace=False)
    (1): Linear(in_features=1700, out_features=2, bias=True)
  )
)
Number of parameters = 4,924,902
Moving model to cuda
Epoch 0
Loss = 2.8469e-01, PNorm = 58.3078, GNorm = 0.7747, lr_0 = 1.0000e-03
Loss = 8.8648e-02, PNorm = 58.6858, GNorm = 0.1855, lr_0 = 1.0000e-03
Loss = 9.3835e-02, PNorm = 58.8763, GNorm = 0.6473, lr_0 = 1.0000e-03
Loss = 1.0244e-01, PNorm = 58.9544, GNorm = 0.1900, lr_0 = 1.0000e-03
Loss = 9.3676e-02, PNorm = 59.0151, GNorm = 0.3697, lr_0 = 1.0000e-03
Loss = 5.8506e-02, PNorm = 59.0551, GNorm = 0.1572, lr_0 = 1.0000e-03
Loss = 6.4887e-02, PNorm = 59.0819, GNorm = 0.1629, lr_0 = 1.0000e-03
Loss = 6.6379e-02, PNorm = 59.1111, GNorm = 0.1195, lr_0 = 1.0000e-03
Validation auc = 0.605977
Epoch 1
Loss = 4.4060e-02, PNorm = 59.1629, GNorm = 0.1174, lr_0 = 1.0000e-03
Loss = 9.3209e-02, PNorm = 59.1919, GNorm = 0.1643, lr_0 = 1.0000e-03
Loss = 7.9807e-02, PNorm = 59.2520, GNorm = 0.1340, lr_0 = 1.0000e-03
Loss = 9.6068e-02, PNorm = 59.2969, GNorm = 0.1633, lr_0 = 1.0000e-03
Loss = 8.8702e-02, PNorm = 59.3688, GNorm = 0.1045, lr_0 = 1.0000e-03
Loss = 6.2220e-02, PNorm = 59.4292, GNorm = 0.1873, lr_0 = 1.0000e-03
Loss = 9.4165e-02, PNorm = 59.4896, GNorm = 0.1448, lr_0 = 1.0000e-03
Loss = 9.7279e-02, PNorm = 59.5259, GNorm = 0.1309, lr_0 = 1.0000e-03
Loss = 9.8556e-02, PNorm = 59.5835, GNorm = 0.1283, lr_0 = 9.9807e-04
Validation auc = 0.823936
Epoch 2
Loss = 7.1112e-02, PNorm = 59.6556, GNorm = 0.0800, lr_0 = 9.8846e-04
Loss = 6.5731e-02, PNorm = 59.7054, GNorm = 0.1364, lr_0 = 9.7894e-04
Loss = 7.1284e-02, PNorm = 59.7915, GNorm = 0.1420, lr_0 = 9.6952e-04
Loss = 7.9829e-02, PNorm = 59.8645, GNorm = 0.4856, lr_0 = 9.6018e-04
Loss = 7.1245e-02, PNorm = 59.9608, GNorm = 0.1490, lr_0 = 9.5094e-04
Loss = 9.2941e-02, PNorm = 60.0093, GNorm = 0.1593, lr_0 = 9.4178e-04
Loss = 1.3167e-01, PNorm = 60.0922, GNorm = 0.2952, lr_0 = 9.3271e-04
Loss = 6.5257e-02, PNorm = 60.1879, GNorm = 0.2656, lr_0 = 9.2373e-04
Validation auc = 0.835946
Epoch 3
Loss = 7.0736e-02, PNorm = 60.2458, GNorm = 0.1524, lr_0 = 9.1395e-04
Loss = 9.8036e-02, PNorm = 60.3287, GNorm = 0.1789, lr_0 = 9.0515e-04
Loss = 7.9865e-02, PNorm = 60.4289, GNorm = 0.3573, lr_0 = 8.9644e-04
Loss = 7.6268e-02, PNorm = 60.5164, GNorm = 0.1049, lr_0 = 8.8781e-04
Loss = 7.3114e-02, PNorm = 60.6157, GNorm = 0.2610, lr_0 = 8.7926e-04
Loss = 8.2457e-02, PNorm = 60.6759, GNorm = 0.1531, lr_0 = 8.7080e-04
Loss = 5.4651e-02, PNorm = 60.7723, GNorm = 0.1003, lr_0 = 8.6241e-04
Loss = 6.5162e-02, PNorm = 60.8468, GNorm = 0.1231, lr_0 = 8.5411e-04
Loss = 8.4732e-02, PNorm = 60.9145, GNorm = 0.1152, lr_0 = 8.4588e-04
Validation auc = 0.837891
Epoch 4
Loss = 6.3436e-02, PNorm = 61.0032, GNorm = 0.1295, lr_0 = 8.3774e-04
Loss = 5.7962e-02, PNorm = 61.0982, GNorm = 0.1194, lr_0 = 8.2967e-04
Loss = 8.3309e-02, PNorm = 61.1788, GNorm = 0.1733, lr_0 = 8.2169e-04
Loss = 8.1025e-02, PNorm = 61.2762, GNorm = 0.3438, lr_0 = 8.1377e-04
Loss = 9.5404e-02, PNorm = 61.3590, GNorm = 0.1466, lr_0 = 8.0594e-04
Loss = 5.3453e-02, PNorm = 61.4961, GNorm = 0.0915, lr_0 = 7.9818e-04
Loss = 5.9390e-02, PNorm = 61.6107, GNorm = 0.0946, lr_0 = 7.9050e-04
Loss = 5.8238e-02, PNorm = 61.7280, GNorm = 0.0645, lr_0 = 7.8288e-04
Validation auc = 0.899174
Epoch 5
Loss = 6.3643e-02, PNorm = 61.7998, GNorm = 0.1811, lr_0 = 7.7535e-04
Loss = 5.2088e-02, PNorm = 61.8706, GNorm = 0.1354, lr_0 = 7.6788e-04
Loss = 1.0335e-01, PNorm = 61.9506, GNorm = 0.3466, lr_0 = 7.6049e-04
Loss = 8.1345e-02, PNorm = 62.0912, GNorm = 0.2432, lr_0 = 7.5317e-04
Loss = 4.8405e-02, PNorm = 62.2173, GNorm = 0.1530, lr_0 = 7.4591e-04
Loss = 5.5129e-02, PNorm = 62.3231, GNorm = 0.3172, lr_0 = 7.3873e-04
Loss = 8.4462e-02, PNorm = 62.3661, GNorm = 0.1471, lr_0 = 7.3162e-04
Loss = 3.7409e-02, PNorm = 62.4517, GNorm = 0.0600, lr_0 = 7.2458e-04
Loss = 7.3672e-02, PNorm = 62.5024, GNorm = 0.1422, lr_0 = 7.1760e-04
Validation auc = 0.902049
Epoch 6
Loss = 3.7727e-02, PNorm = 62.6175, GNorm = 0.2005, lr_0 = 7.1000e-04
Loss = 7.3714e-02, PNorm = 62.6615, GNorm = 0.1315, lr_0 = 7.0317e-04
Loss = 5.5071e-02, PNorm = 62.7543, GNorm = 0.0810, lr_0 = 6.9640e-04
Loss = 5.2747e-02, PNorm = 62.8251, GNorm = 0.1088, lr_0 = 6.8969e-04
Loss = 6.1047e-02, PNorm = 62.8930, GNorm = 0.2042, lr_0 = 6.8305e-04
Loss = 7.0710e-02, PNorm = 62.9606, GNorm = 0.1183, lr_0 = 6.7648e-04
Loss = 6.1722e-02, PNorm = 63.0192, GNorm = 0.1796, lr_0 = 6.6996e-04
Loss = 6.3034e-02, PNorm = 63.1033, GNorm = 0.2424, lr_0 = 6.6351e-04
Validation auc = 0.925582
Epoch 7
Loss = 3.5585e-02, PNorm = 63.2083, GNorm = 0.1936, lr_0 = 6.5712e-04
Loss = 6.4044e-02, PNorm = 63.2887, GNorm = 0.2523, lr_0 = 6.5080e-04
Loss = 5.8938e-02, PNorm = 63.4196, GNorm = 0.0972, lr_0 = 6.4453e-04
Loss = 4.8567e-02, PNorm = 63.5038, GNorm = 0.1511, lr_0 = 6.3833e-04
Loss = 4.5002e-02, PNorm = 63.5535, GNorm = 0.1470, lr_0 = 6.3218e-04
Loss = 6.4730e-02, PNorm = 63.6005, GNorm = 0.1640, lr_0 = 6.2609e-04
Loss = 3.9916e-02, PNorm = 63.6999, GNorm = 0.2454, lr_0 = 6.2006e-04
Loss = 4.3420e-02, PNorm = 63.7684, GNorm = 0.1352, lr_0 = 6.1409e-04
Loss = 5.9045e-02, PNorm = 63.8316, GNorm = 0.3230, lr_0 = 6.0818e-04
Validation auc = 0.924994
Epoch 8
Loss = 4.5084e-02, PNorm = 63.8548, GNorm = 0.0966, lr_0 = 6.0233e-04
Loss = 5.1180e-02, PNorm = 63.9288, GNorm = 0.1354, lr_0 = 5.9653e-04
Loss = 5.3441e-02, PNorm = 64.0024, GNorm = 0.1284, lr_0 = 5.9078e-04
Loss = 4.7270e-02, PNorm = 64.0829, GNorm = 0.2295, lr_0 = 5.8510e-04
Loss = 5.6659e-02, PNorm = 64.1430, GNorm = 0.2630, lr_0 = 5.7946e-04
Loss = 4.8723e-02, PNorm = 64.2186, GNorm = 0.0668, lr_0 = 5.7388e-04
Loss = 3.2613e-02, PNorm = 64.2835, GNorm = 0.0890, lr_0 = 5.6836e-04
Loss = 7.9554e-02, PNorm = 64.3273, GNorm = 0.2629, lr_0 = 5.6289e-04
Loss = 6.4207e-02, PNorm = 64.4085, GNorm = 0.2108, lr_0 = 5.5747e-04
Loss = 1.8032e-02, PNorm = 64.4161, GNorm = 0.1855, lr_0 = 5.5693e-04
Validation auc = 0.930025
Epoch 9
Loss = 5.5457e-02, PNorm = 64.5164, GNorm = 0.2706, lr_0 = 5.5156e-04
Loss = 3.8112e-02, PNorm = 64.6273, GNorm = 0.0627, lr_0 = 5.4625e-04
Loss = 2.7841e-02, PNorm = 64.6826, GNorm = 0.1066, lr_0 = 5.4100e-04
Loss = 4.3590e-02, PNorm = 64.7243, GNorm = 0.3718, lr_0 = 5.3579e-04
Loss = 4.4750e-02, PNorm = 64.7660, GNorm = 0.1285, lr_0 = 5.3063e-04
Loss = 6.1808e-02, PNorm = 64.8018, GNorm = 0.2367, lr_0 = 5.2552e-04
Loss = 5.4156e-02, PNorm = 64.8861, GNorm = 0.1349, lr_0 = 5.2046e-04
Loss = 5.7995e-02, PNorm = 64.9584, GNorm = 0.3849, lr_0 = 5.1545e-04
Validation auc = 0.933035
Epoch 10
Loss = 4.1767e-02, PNorm = 65.0076, GNorm = 0.4362, lr_0 = 5.1049e-04
Loss = 4.1942e-02, PNorm = 65.0755, GNorm = 0.2193, lr_0 = 5.0557e-04
Loss = 5.2400e-02, PNorm = 65.1309, GNorm = 0.2435, lr_0 = 5.0070e-04
Loss = 5.3352e-02, PNorm = 65.1856, GNorm = 0.3352, lr_0 = 4.9588e-04
Loss = 3.8556e-02, PNorm = 65.2546, GNorm = 0.1327, lr_0 = 4.9111e-04
Loss = 3.7717e-02, PNorm = 65.3289, GNorm = 0.1565, lr_0 = 4.8638e-04
Loss = 6.9679e-02, PNorm = 65.3828, GNorm = 0.2962, lr_0 = 4.8170e-04
Loss = 2.9755e-02, PNorm = 65.4797, GNorm = 0.0868, lr_0 = 4.7706e-04
Loss = 5.2774e-02, PNorm = 65.5182, GNorm = 0.0960, lr_0 = 4.7247e-04
Validation auc = 0.955380
Epoch 11
Loss = 3.2645e-02, PNorm = 65.5893, GNorm = 0.1465, lr_0 = 4.6792e-04
Loss = 4.8661e-02, PNorm = 65.6310, GNorm = 0.2416, lr_0 = 4.6341e-04
Loss = 4.3764e-02, PNorm = 65.6806, GNorm = 0.3866, lr_0 = 4.5895e-04
Loss = 3.7468e-02, PNorm = 65.7315, GNorm = 0.0797, lr_0 = 4.5453e-04
Loss = 4.3657e-02, PNorm = 65.7853, GNorm = 0.1443, lr_0 = 4.5015e-04
Loss = 4.7873e-02, PNorm = 65.8497, GNorm = 0.2838, lr_0 = 4.4582e-04
Loss = 4.9093e-02, PNorm = 65.9262, GNorm = 0.1239, lr_0 = 4.4153e-04
Loss = 3.1959e-02, PNorm = 66.0083, GNorm = 0.2654, lr_0 = 4.3728e-04
Validation auc = 0.941364
Epoch 12
Loss = 2.3890e-02, PNorm = 66.0669, GNorm = 0.0652, lr_0 = 4.3265e-04
Loss = 4.5595e-02, PNorm = 66.1113, GNorm = 0.5736, lr_0 = 4.2848e-04
Loss = 3.7889e-02, PNorm = 66.1474, GNorm = 0.1783, lr_0 = 4.2436e-04
Loss = 4.6582e-02, PNorm = 66.2014, GNorm = 0.0987, lr_0 = 4.2027e-04
Loss = 1.9399e-02, PNorm = 66.2585, GNorm = 0.0497, lr_0 = 4.1622e-04
Loss = 3.9627e-02, PNorm = 66.2813, GNorm = 0.1765, lr_0 = 4.1222e-04
Loss = 4.0247e-02, PNorm = 66.3220, GNorm = 0.1537, lr_0 = 4.0825e-04
Loss = 4.7060e-02, PNorm = 66.3831, GNorm = 0.0648, lr_0 = 4.0432e-04
Loss = 5.0909e-02, PNorm = 66.4087, GNorm = 0.3333, lr_0 = 4.0042e-04
Validation auc = 0.947179
Epoch 13
Loss = 3.6972e-02, PNorm = 66.4527, GNorm = 0.1492, lr_0 = 3.9657e-04
Loss = 4.5015e-02, PNorm = 66.5006, GNorm = 0.1256, lr_0 = 3.9275e-04
Loss = 4.3263e-02, PNorm = 66.5615, GNorm = 0.0854, lr_0 = 3.8897e-04
Loss = 1.1427e-02, PNorm = 66.6384, GNorm = 0.0393, lr_0 = 3.8522e-04
Loss = 5.9561e-02, PNorm = 66.6525, GNorm = 0.3241, lr_0 = 3.8152e-04
Loss = 3.5404e-02, PNorm = 66.7126, GNorm = 0.2182, lr_0 = 3.7784e-04
Loss = 5.0513e-02, PNorm = 66.7423, GNorm = 0.2815, lr_0 = 3.7420e-04
Loss = 4.3022e-02, PNorm = 66.7750, GNorm = 0.1942, lr_0 = 3.7060e-04
Validation auc = 0.954093
Epoch 14
Loss = 3.3918e-02, PNorm = 66.8339, GNorm = 0.2637, lr_0 = 3.6668e-04
Loss = 3.9549e-02, PNorm = 66.8739, GNorm = 0.2707, lr_0 = 3.6315e-04
Loss = 3.2171e-02, PNorm = 66.9232, GNorm = 0.2684, lr_0 = 3.5965e-04
Loss = 4.1174e-02, PNorm = 66.9728, GNorm = 0.3738, lr_0 = 3.5619e-04
Loss = 1.8221e-02, PNorm = 66.9971, GNorm = 0.0735, lr_0 = 3.5276e-04
Loss = 3.2876e-02, PNorm = 67.0316, GNorm = 0.3044, lr_0 = 3.4936e-04
Loss = 5.4686e-02, PNorm = 67.0554, GNorm = 0.3432, lr_0 = 3.4600e-04
Loss = 3.0943e-02, PNorm = 67.1077, GNorm = 0.1564, lr_0 = 3.4267e-04
Loss = 3.8980e-02, PNorm = 67.1572, GNorm = 0.1366, lr_0 = 3.3937e-04
Validation auc = 0.955220
Epoch 15
Loss = 2.9160e-02, PNorm = 67.2069, GNorm = 0.2657, lr_0 = 3.3610e-04
Loss = 2.4590e-02, PNorm = 67.2736, GNorm = 0.2319, lr_0 = 3.3287e-04
Loss = 3.0483e-02, PNorm = 67.3010, GNorm = 0.1703, lr_0 = 3.2966e-04
Loss = 3.6141e-02, PNorm = 67.3029, GNorm = 0.2565, lr_0 = 3.2649e-04
Loss = 3.7852e-02, PNorm = 67.3605, GNorm = 0.1840, lr_0 = 3.2334e-04
Loss = 1.9495e-02, PNorm = 67.4101, GNorm = 0.1388, lr_0 = 3.2023e-04
Loss = 3.2217e-02, PNorm = 67.4398, GNorm = 0.1352, lr_0 = 3.1715e-04
Loss = 4.4470e-02, PNorm = 67.4618, GNorm = 0.1489, lr_0 = 3.1409e-04
Loss = 3.7875e-02, PNorm = 67.5109, GNorm = 0.0821, lr_0 = 3.1107e-04
Validation auc = 0.958106
Epoch 16
Loss = 3.3622e-02, PNorm = 67.5515, GNorm = 0.2623, lr_0 = 3.0807e-04
Loss = 4.2499e-02, PNorm = 67.5810, GNorm = 0.1530, lr_0 = 3.0511e-04
Loss = 1.6507e-02, PNorm = 67.6321, GNorm = 0.0941, lr_0 = 3.0217e-04
Loss = 3.5688e-02, PNorm = 67.6475, GNorm = 0.3260, lr_0 = 2.9926e-04
Loss = 2.4623e-02, PNorm = 67.6794, GNorm = 0.1094, lr_0 = 2.9638e-04
Loss = 3.8903e-02, PNorm = 67.7110, GNorm = 0.2652, lr_0 = 2.9353e-04
Loss = 2.9412e-02, PNorm = 67.7449, GNorm = 0.1386, lr_0 = 2.9070e-04
Loss = 1.8743e-02, PNorm = 67.7859, GNorm = 0.1079, lr_0 = 2.8790e-04
Validation auc = 0.949088
Epoch 17
Loss = 1.8670e-02, PNorm = 67.8148, GNorm = 0.1468, lr_0 = 2.8485e-04
Loss = 3.7255e-02, PNorm = 67.8558, GNorm = 0.3219, lr_0 = 2.8211e-04
Loss = 2.5462e-02, PNorm = 67.8972, GNorm = 0.2513, lr_0 = 2.7939e-04
Loss = 3.3562e-02, PNorm = 67.9523, GNorm = 0.1997, lr_0 = 2.7670e-04
Loss = 2.2041e-02, PNorm = 67.9780, GNorm = 0.2250, lr_0 = 2.7404e-04
Loss = 3.4097e-02, PNorm = 67.9952, GNorm = 0.1389, lr_0 = 2.7140e-04
Loss = 4.1671e-02, PNorm = 68.0268, GNorm = 0.2150, lr_0 = 2.6879e-04
Loss = 1.6750e-02, PNorm = 68.0714, GNorm = 0.2005, lr_0 = 2.6620e-04
Loss = 2.1091e-02, PNorm = 68.0926, GNorm = 0.1947, lr_0 = 2.6364e-04
Validation auc = 0.964931
Epoch 18
Loss = 3.8752e-02, PNorm = 68.1082, GNorm = 0.6496, lr_0 = 2.6110e-04
Loss = 3.5970e-02, PNorm = 68.1621, GNorm = 0.0645, lr_0 = 2.5859e-04
Loss = 3.0617e-02, PNorm = 68.1880, GNorm = 0.1814, lr_0 = 2.5610e-04
Loss = 1.0375e-02, PNorm = 68.2233, GNorm = 0.0958, lr_0 = 2.5363e-04
Loss = 2.1279e-02, PNorm = 68.2453, GNorm = 0.3372, lr_0 = 2.5119e-04
Loss = 3.2148e-02, PNorm = 68.2597, GNorm = 0.1729, lr_0 = 2.4877e-04
Loss = 2.7042e-02, PNorm = 68.2948, GNorm = 0.2361, lr_0 = 2.4638e-04
Loss = 2.9296e-02, PNorm = 68.3259, GNorm = 0.0423, lr_0 = 2.4400e-04
Validation auc = 0.947764
Epoch 19
Loss = 1.6825e-02, PNorm = 68.3500, GNorm = 0.1008, lr_0 = 2.4165e-04
Loss = 2.5935e-02, PNorm = 68.3799, GNorm = 0.1016, lr_0 = 2.3933e-04
Loss = 2.2525e-02, PNorm = 68.4109, GNorm = 0.0463, lr_0 = 2.3702e-04
Loss = 3.4446e-02, PNorm = 68.4273, GNorm = 0.2421, lr_0 = 2.3474e-04
Loss = 2.7386e-02, PNorm = 68.4546, GNorm = 0.2732, lr_0 = 2.3248e-04
Loss = 2.6934e-02, PNorm = 68.4986, GNorm = 0.1554, lr_0 = 2.3024e-04
Loss = 3.4825e-02, PNorm = 68.5212, GNorm = 0.4538, lr_0 = 2.2803e-04
Loss = 1.7925e-02, PNorm = 68.5451, GNorm = 0.0514, lr_0 = 2.2583e-04
Loss = 2.4160e-02, PNorm = 68.5741, GNorm = 0.1419, lr_0 = 2.2366e-04
Validation auc = 0.952102
Epoch 20
Loss = 1.5320e-02, PNorm = 68.5981, GNorm = 0.2173, lr_0 = 2.2129e-04
Loss = 2.5423e-02, PNorm = 68.6113, GNorm = 0.0786, lr_0 = 2.1916e-04
Loss = 1.6481e-02, PNorm = 68.6367, GNorm = 0.1302, lr_0 = 2.1705e-04
Loss = 2.2418e-02, PNorm = 68.6691, GNorm = 0.1455, lr_0 = 2.1496e-04
Loss = 1.2257e-02, PNorm = 68.6861, GNorm = 0.0447, lr_0 = 2.1289e-04
Loss = 1.9343e-02, PNorm = 68.7087, GNorm = 0.0554, lr_0 = 2.1084e-04
Loss = 3.5817e-02, PNorm = 68.7265, GNorm = 0.1854, lr_0 = 2.0881e-04
Loss = 3.5889e-02, PNorm = 68.7398, GNorm = 0.5081, lr_0 = 2.0680e-04
Validation auc = 0.954514
Epoch 21
Loss = 2.7664e-02, PNorm = 68.7691, GNorm = 0.2172, lr_0 = 2.0481e-04
Loss = 2.0578e-02, PNorm = 68.7995, GNorm = 0.0586, lr_0 = 2.0283e-04
Loss = 1.9619e-02, PNorm = 68.8263, GNorm = 0.1696, lr_0 = 2.0088e-04
Loss = 1.5375e-02, PNorm = 68.8493, GNorm = 0.2397, lr_0 = 1.9895e-04
Loss = 2.3208e-02, PNorm = 68.8741, GNorm = 0.3579, lr_0 = 1.9703e-04
Loss = 1.9244e-02, PNorm = 68.8990, GNorm = 0.0660, lr_0 = 1.9514e-04
Loss = 3.5315e-02, PNorm = 68.9068, GNorm = 0.4468, lr_0 = 1.9326e-04
Loss = 2.6340e-02, PNorm = 68.9261, GNorm = 0.2347, lr_0 = 1.9140e-04
Loss = 1.6601e-02, PNorm = 68.9619, GNorm = 0.1095, lr_0 = 1.8955e-04
Validation auc = 0.951466
Epoch 22
Loss = 1.9756e-02, PNorm = 68.9725, GNorm = 0.0533, lr_0 = 1.8773e-04
Loss = 1.5996e-02, PNorm = 68.9900, GNorm = 0.0810, lr_0 = 1.8592e-04
Loss = 2.5009e-02, PNorm = 69.0112, GNorm = 0.0930, lr_0 = 1.8413e-04
Loss = 2.2365e-02, PNorm = 69.0284, GNorm = 0.1346, lr_0 = 1.8236e-04
Loss = 2.3455e-02, PNorm = 69.0499, GNorm = 0.3891, lr_0 = 1.8060e-04
Loss = 2.9739e-02, PNorm = 69.0805, GNorm = 0.3030, lr_0 = 1.7886e-04
Loss = 1.1748e-02, PNorm = 69.0991, GNorm = 0.0676, lr_0 = 1.7714e-04
Loss = 1.8880e-02, PNorm = 69.1140, GNorm = 0.0971, lr_0 = 1.7544e-04
Validation auc = 0.952771
Epoch 23
Loss = 3.7801e-02, PNorm = 69.1343, GNorm = 0.3273, lr_0 = 1.7358e-04
Loss = 1.2694e-02, PNorm = 69.1638, GNorm = 0.1979, lr_0 = 1.7191e-04
Loss = 2.2134e-02, PNorm = 69.1776, GNorm = 0.1139, lr_0 = 1.7025e-04
Loss = 1.1269e-02, PNorm = 69.1946, GNorm = 0.1490, lr_0 = 1.6861e-04
Loss = 2.2314e-02, PNorm = 69.2140, GNorm = 0.1339, lr_0 = 1.6699e-04
Loss = 1.6801e-02, PNorm = 69.2191, GNorm = 0.0244, lr_0 = 1.6538e-04
Loss = 2.7062e-02, PNorm = 69.2402, GNorm = 0.0230, lr_0 = 1.6379e-04
Loss = 2.2780e-02, PNorm = 69.2474, GNorm = 0.3169, lr_0 = 1.6221e-04
Loss = 1.9653e-02, PNorm = 69.2674, GNorm = 0.0890, lr_0 = 1.6065e-04
Validation auc = 0.941957
Epoch 24
Loss = 1.5309e-02, PNorm = 69.2838, GNorm = 0.2596, lr_0 = 1.5910e-04
Loss = 1.8887e-02, PNorm = 69.3020, GNorm = 0.0511, lr_0 = 1.5757e-04
Loss = 1.2610e-02, PNorm = 69.3183, GNorm = 0.2434, lr_0 = 1.5605e-04
Loss = 1.5689e-02, PNorm = 69.3337, GNorm = 0.2347, lr_0 = 1.5455e-04
Loss = 3.1281e-02, PNorm = 69.3424, GNorm = 0.1951, lr_0 = 1.5306e-04
Loss = 2.2163e-02, PNorm = 69.3495, GNorm = 0.4462, lr_0 = 1.5159e-04
Loss = 1.8473e-02, PNorm = 69.3831, GNorm = 0.0993, lr_0 = 1.5013e-04
Loss = 1.8222e-02, PNorm = 69.3997, GNorm = 0.0130, lr_0 = 1.4869e-04
Loss = 1.9412e-02, PNorm = 69.3986, GNorm = 0.1121, lr_0 = 1.4725e-04
Validation auc = 0.955240
Epoch 25
Loss = 1.1990e-02, PNorm = 69.4086, GNorm = 0.2555, lr_0 = 1.4584e-04
Loss = 1.7016e-02, PNorm = 69.4222, GNorm = 0.0430, lr_0 = 1.4443e-04
Loss = 8.7571e-03, PNorm = 69.4441, GNorm = 0.0483, lr_0 = 1.4304e-04
Loss = 1.6426e-02, PNorm = 69.4604, GNorm = 0.1799, lr_0 = 1.4166e-04
Loss = 1.6778e-02, PNorm = 69.4701, GNorm = 0.5514, lr_0 = 1.4030e-04
Loss = 1.4564e-02, PNorm = 69.4755, GNorm = 0.1578, lr_0 = 1.3895e-04
Loss = 1.7654e-02, PNorm = 69.4827, GNorm = 0.0767, lr_0 = 1.3761e-04
Loss = 2.3087e-02, PNorm = 69.4913, GNorm = 0.3777, lr_0 = 1.3629e-04
Validation auc = 0.939782
Epoch 26
Loss = 1.4915e-02, PNorm = 69.5069, GNorm = 0.1079, lr_0 = 1.3484e-04
Loss = 9.8802e-03, PNorm = 69.5255, GNorm = 0.1578, lr_0 = 1.3355e-04
Loss = 2.0207e-02, PNorm = 69.5346, GNorm = 0.1932, lr_0 = 1.3226e-04
Loss = 1.6310e-02, PNorm = 69.5596, GNorm = 0.0610, lr_0 = 1.3099e-04
Loss = 1.9965e-02, PNorm = 69.5754, GNorm = 0.1323, lr_0 = 1.2973e-04
Loss = 1.9630e-02, PNorm = 69.5881, GNorm = 0.5421, lr_0 = 1.2848e-04
Loss = 1.4061e-02, PNorm = 69.5951, GNorm = 0.1852, lr_0 = 1.2724e-04
Loss = 1.3318e-02, PNorm = 69.6071, GNorm = 0.1451, lr_0 = 1.2601e-04
Loss = 8.4381e-03, PNorm = 69.6248, GNorm = 0.1545, lr_0 = 1.2480e-04
Validation auc = 0.951668
Epoch 27
Loss = 6.6327e-03, PNorm = 69.6299, GNorm = 0.1000, lr_0 = 1.2360e-04
Loss = 1.5241e-02, PNorm = 69.6312, GNorm = 0.2366, lr_0 = 1.2241e-04
Loss = 1.3082e-02, PNorm = 69.6500, GNorm = 0.1901, lr_0 = 1.2123e-04
Loss = 1.2809e-02, PNorm = 69.6675, GNorm = 0.2799, lr_0 = 1.2006e-04
Loss = 1.6503e-02, PNorm = 69.6817, GNorm = 0.4086, lr_0 = 1.1891e-04
Loss = 1.0958e-02, PNorm = 69.6920, GNorm = 0.0608, lr_0 = 1.1776e-04
Loss = 1.4771e-02, PNorm = 69.7022, GNorm = 0.1078, lr_0 = 1.1663e-04
Loss = 1.8239e-02, PNorm = 69.7062, GNorm = 0.4139, lr_0 = 1.1551e-04
Validation auc = 0.958408
Epoch 28
Loss = 1.8302e-02, PNorm = 69.7147, GNorm = 0.1312, lr_0 = 1.1428e-04
Loss = 1.0979e-02, PNorm = 69.7286, GNorm = 0.2985, lr_0 = 1.1318e-04
Loss = 1.3064e-02, PNorm = 69.7406, GNorm = 0.0287, lr_0 = 1.1209e-04
Loss = 2.4773e-02, PNorm = 69.7397, GNorm = 0.1097, lr_0 = 1.1101e-04
Loss = 9.4707e-03, PNorm = 69.7602, GNorm = 0.0622, lr_0 = 1.0995e-04
Loss = 1.0886e-02, PNorm = 69.7736, GNorm = 0.0075, lr_0 = 1.0889e-04
Loss = 1.6384e-02, PNorm = 69.7733, GNorm = 0.0936, lr_0 = 1.0784e-04
Loss = 1.2024e-02, PNorm = 69.7868, GNorm = 0.1051, lr_0 = 1.0680e-04
Loss = 2.2154e-02, PNorm = 69.7912, GNorm = 0.1808, lr_0 = 1.0577e-04
Validation auc = 0.952290
Epoch 29
Loss = 1.4223e-02, PNorm = 69.8002, GNorm = 0.2408, lr_0 = 1.0475e-04
Loss = 1.0094e-02, PNorm = 69.8163, GNorm = 0.0529, lr_0 = 1.0374e-04
Loss = 1.5036e-02, PNorm = 69.8233, GNorm = 0.0185, lr_0 = 1.0275e-04
Loss = 1.3115e-02, PNorm = 69.8263, GNorm = 0.1453, lr_0 = 1.0176e-04
Loss = 1.0868e-02, PNorm = 69.8389, GNorm = 0.3705, lr_0 = 1.0078e-04
Loss = 2.1996e-02, PNorm = 69.8491, GNorm = 0.2773, lr_0 = 1.0000e-04
Loss = 1.4622e-02, PNorm = 69.8586, GNorm = 0.0414, lr_0 = 1.0000e-04
Loss = 2.4598e-02, PNorm = 69.8614, GNorm = 0.2961, lr_0 = 1.0000e-04
Validation auc = 0.956714
Model 0 best validation auc = 0.964931 on epoch 17
Loading pretrained parameter "encoder.encoder.0.cached_zero_vector".
Loading pretrained parameter "encoder.encoder.0.W_i.weight".
Loading pretrained parameter "encoder.encoder.0.W_h.weight".
Loading pretrained parameter "encoder.encoder.0.W_o.weight".
Loading pretrained parameter "encoder.encoder.0.W_o.bias".
Loading pretrained parameter "ffn.1.weight".
Loading pretrained parameter "ffn.1.bias".
Moving model to cuda
Model 0 test auc = 0.724744
Ensemble test auc = 0.724744
Fold 1
Splitting data with seed 1
Total scaffolds = 3,467 | train scaffolds = 2,658 | val scaffolds = 399 | test scaffolds = 410
Label averages per scaffold, in decreasing order of scaffold frequency,capped at 10 scaffolds and 20 labels:
Scaffold 0
Task 0: count = 381 | target average = 0.018373
Task 1: count = 381 | target average = 0.013123


Scaffold 1
Task 0: count = 305 | target average = 0.009836
Task 1: count = 305 | target average = 0.016393


Scaffold 2
Task 0: count = 36 | target average = 0.000000
Task 1: count = 36 | target average = 0.000000


Scaffold 3
Task 0: count = 29 | target average = 0.000000
Task 1: count = 29 | target average = 0.000000


Scaffold 4
Task 0: count = 26 | target average = 0.000000
Task 1: count = 26 | target average = 0.000000


Scaffold 5
Task 0: count = 23 | target average = 0.000000
Task 1: count = 23 | target average = 0.000000


Scaffold 6
Task 0: count = 22 | target average = 0.090909
Task 1: count = 22 | target average = 0.090909


Scaffold 7
Task 0: count = 20 | target average = 0.050000
Task 1: count = 20 | target average = 0.000000


Scaffold 8
Task 0: count = 20 | target average = 0.000000
Task 1: count = 20 | target average = 0.000000


Scaffold 9
Task 0: count = 20 | target average = 0.000000
Task 1: count = 20 | target average = 0.000000


Class sizes
hit_inh 0: 97.83%, 1: 2.17%
hit_kill 0: 98.64%, 1: 1.36%
Total size = 5,353 | train size = 4,282 | val size = 535 | test size = 536
Building model 0
MoleculeModel(
  (sigmoid): Sigmoid()
  (encoder): MPN(
    (encoder): ModuleList(
      (0): MPNEncoder(
        (dropout_layer): Dropout(p=0.25, inplace=False)
        (act_func): ReLU()
        (W_i): Linear(in_features=147, out_features=1500, bias=False)
        (W_h): Linear(in_features=1500, out_features=1500, bias=False)
        (W_o): Linear(in_features=1633, out_features=1500, bias=True)
      )
    )
  )
  (ffn): Sequential(
    (0): Dropout(p=0.25, inplace=False)
    (1): Linear(in_features=1700, out_features=2, bias=True)
  )
)
Number of parameters = 4,924,902
Moving model to cuda
Epoch 0
Loss = 2.1710e-01, PNorm = 58.3275, GNorm = 0.2605, lr_0 = 1.0000e-03
Loss = 8.9096e-02, PNorm = 58.7218, GNorm = 0.2057, lr_0 = 1.0000e-03
Loss = 7.5760e-02, PNorm = 58.9133, GNorm = 0.6182, lr_0 = 1.0000e-03
Loss = 6.9151e-02, PNorm = 59.0032, GNorm = 0.1667, lr_0 = 1.0000e-03
Loss = 8.4980e-02, PNorm = 59.0586, GNorm = 0.1250, lr_0 = 1.0000e-03
Loss = 1.1047e-01, PNorm = 59.0990, GNorm = 0.1307, lr_0 = 1.0000e-03
Loss = 1.0304e-01, PNorm = 59.1498, GNorm = 0.1390, lr_0 = 1.0000e-03
Loss = 1.0203e-01, PNorm = 59.1933, GNorm = 0.1212, lr_0 = 1.0000e-03
Validation auc = 0.729949
Epoch 1
Loss = 5.0669e-02, PNorm = 59.2565, GNorm = 0.1439, lr_0 = 1.0000e-03
Loss = 9.5090e-02, PNorm = 59.2938, GNorm = 0.1312, lr_0 = 1.0000e-03
Loss = 9.8541e-02, PNorm = 59.3514, GNorm = 0.1387, lr_0 = 1.0000e-03
Loss = 7.9315e-02, PNorm = 59.4102, GNorm = 0.1133, lr_0 = 1.0000e-03
Loss = 7.0704e-02, PNorm = 59.4541, GNorm = 0.2395, lr_0 = 1.0000e-03
Loss = 6.3493e-02, PNorm = 59.4984, GNorm = 0.0994, lr_0 = 1.0000e-03
Loss = 8.4154e-02, PNorm = 59.5505, GNorm = 0.1609, lr_0 = 1.0000e-03
Loss = 8.7614e-02, PNorm = 59.6185, GNorm = 0.1179, lr_0 = 1.0000e-03
Loss = 1.0760e-01, PNorm = 59.6932, GNorm = 0.2724, lr_0 = 9.9807e-04
Validation auc = 0.867949
Epoch 2
Loss = 7.4590e-02, PNorm = 59.7704, GNorm = 0.0802, lr_0 = 9.8846e-04
Loss = 9.8184e-02, PNorm = 59.8405, GNorm = 0.2247, lr_0 = 9.7894e-04
Loss = 8.5120e-02, PNorm = 59.9469, GNorm = 0.1406, lr_0 = 9.6952e-04
Loss = 8.1946e-02, PNorm = 60.0280, GNorm = 0.1478, lr_0 = 9.6018e-04
Loss = 5.0360e-02, PNorm = 60.1213, GNorm = 0.1006, lr_0 = 9.5094e-04
Loss = 6.9868e-02, PNorm = 60.1756, GNorm = 0.1248, lr_0 = 9.4178e-04
Loss = 8.9172e-02, PNorm = 60.2376, GNorm = 0.1471, lr_0 = 9.3271e-04
Loss = 7.6917e-02, PNorm = 60.3432, GNorm = 0.2605, lr_0 = 9.2373e-04
Validation auc = 0.895817
Epoch 3
Loss = 1.1736e-01, PNorm = 60.4404, GNorm = 0.1735, lr_0 = 9.1395e-04
Loss = 9.3853e-02, PNorm = 60.5763, GNorm = 0.2498, lr_0 = 9.0515e-04
Loss = 5.1287e-02, PNorm = 60.6613, GNorm = 0.1193, lr_0 = 8.9644e-04
Loss = 7.0796e-02, PNorm = 60.7495, GNorm = 0.2903, lr_0 = 8.8781e-04
Loss = 7.5665e-02, PNorm = 60.8365, GNorm = 0.0934, lr_0 = 8.7926e-04
Loss = 7.4806e-02, PNorm = 60.9567, GNorm = 0.2887, lr_0 = 8.7080e-04
Loss = 7.3841e-02, PNorm = 61.0502, GNorm = 0.1459, lr_0 = 8.6241e-04
Loss = 1.0774e-01, PNorm = 61.1520, GNorm = 0.1748, lr_0 = 8.5411e-04
Loss = 7.2237e-02, PNorm = 61.3008, GNorm = 0.1351, lr_0 = 8.4588e-04
Validation auc = 0.806356
Epoch 4
Loss = 4.7393e-02, PNorm = 61.4343, GNorm = 0.0825, lr_0 = 8.3774e-04
Loss = 7.2237e-02, PNorm = 61.5465, GNorm = 0.3474, lr_0 = 8.2967e-04
Loss = 1.0807e-01, PNorm = 61.6101, GNorm = 0.0896, lr_0 = 8.2169e-04
Loss = 7.2584e-02, PNorm = 61.7081, GNorm = 0.2132, lr_0 = 8.1377e-04
Loss = 9.4976e-02, PNorm = 61.7774, GNorm = 0.1768, lr_0 = 8.0594e-04
Loss = 6.1627e-02, PNorm = 61.8933, GNorm = 0.2303, lr_0 = 7.9818e-04
Loss = 8.6412e-02, PNorm = 61.9603, GNorm = 0.1120, lr_0 = 7.9050e-04
Loss = 8.6943e-02, PNorm = 62.0370, GNorm = 0.1607, lr_0 = 7.8288e-04
Validation auc = 0.872311
Epoch 5
Loss = 5.8173e-02, PNorm = 62.1507, GNorm = 0.1565, lr_0 = 7.7535e-04
Loss = 7.1155e-02, PNorm = 62.2154, GNorm = 0.0991, lr_0 = 7.6788e-04
Loss = 5.8658e-02, PNorm = 62.3296, GNorm = 0.1584, lr_0 = 7.6049e-04
Loss = 5.3812e-02, PNorm = 62.4058, GNorm = 0.1846, lr_0 = 7.5317e-04
Loss = 7.6157e-02, PNorm = 62.4740, GNorm = 0.1180, lr_0 = 7.4591e-04
Loss = 7.8071e-02, PNorm = 62.5976, GNorm = 0.3402, lr_0 = 7.3873e-04
Loss = 8.6443e-02, PNorm = 62.6985, GNorm = 0.2836, lr_0 = 7.3162e-04
Loss = 6.8309e-02, PNorm = 62.8282, GNorm = 0.1129, lr_0 = 7.2458e-04
Loss = 7.8335e-02, PNorm = 62.8641, GNorm = 0.1176, lr_0 = 7.1760e-04
Validation auc = 0.869340
Epoch 6
Loss = 7.3607e-02, PNorm = 62.9609, GNorm = 0.1958, lr_0 = 7.1000e-04
Loss = 8.4186e-02, PNorm = 63.0835, GNorm = 0.2890, lr_0 = 7.0317e-04
Loss = 5.1733e-02, PNorm = 63.1979, GNorm = 0.1747, lr_0 = 6.9640e-04
Loss = 4.5321e-02, PNorm = 63.2810, GNorm = 0.4334, lr_0 = 6.8969e-04
Loss = 5.3511e-02, PNorm = 63.3805, GNorm = 0.0605, lr_0 = 6.8305e-04
Loss = 6.5992e-02, PNorm = 63.4469, GNorm = 0.1338, lr_0 = 6.7648e-04
Loss = 6.3234e-02, PNorm = 63.5544, GNorm = 0.4436, lr_0 = 6.6996e-04
Loss = 9.9837e-02, PNorm = 63.6114, GNorm = 0.2270, lr_0 = 6.6351e-04
Validation auc = 0.801652
Epoch 7
Loss = 2.7958e-02, PNorm = 63.7154, GNorm = 0.1096, lr_0 = 6.5712e-04
Loss = 4.9647e-02, PNorm = 63.8335, GNorm = 0.0867, lr_0 = 6.5080e-04
Loss = 7.9391e-02, PNorm = 63.8839, GNorm = 0.3694, lr_0 = 6.4453e-04
Loss = 8.9949e-02, PNorm = 63.9398, GNorm = 0.1636, lr_0 = 6.3833e-04
Loss = 6.5518e-02, PNorm = 64.0166, GNorm = 0.1536, lr_0 = 6.3218e-04
Loss = 5.5426e-02, PNorm = 64.1036, GNorm = 0.7618, lr_0 = 6.2609e-04
Loss = 5.5338e-02, PNorm = 64.1937, GNorm = 0.1247, lr_0 = 6.2006e-04
Loss = 6.2700e-02, PNorm = 64.2791, GNorm = 0.2769, lr_0 = 6.1409e-04
Loss = 6.3380e-02, PNorm = 64.3228, GNorm = 0.1628, lr_0 = 6.0818e-04
Validation auc = 0.897639
Epoch 8
Loss = 3.5742e-02, PNorm = 64.4096, GNorm = 0.0664, lr_0 = 6.0233e-04
Loss = 5.5348e-02, PNorm = 64.4684, GNorm = 0.1746, lr_0 = 5.9653e-04
Loss = 5.7864e-02, PNorm = 64.5339, GNorm = 0.1039, lr_0 = 5.9078e-04
Loss = 5.0176e-02, PNorm = 64.5891, GNorm = 0.0897, lr_0 = 5.8510e-04
Loss = 4.6409e-02, PNorm = 64.6498, GNorm = 0.0962, lr_0 = 5.7946e-04
Loss = 6.1093e-02, PNorm = 64.7052, GNorm = 0.1559, lr_0 = 5.7388e-04
Loss = 5.1427e-02, PNorm = 64.7918, GNorm = 0.1509, lr_0 = 5.6836e-04
Loss = 6.5395e-02, PNorm = 64.8657, GNorm = 0.1555, lr_0 = 5.6289e-04
Loss = 9.2515e-02, PNorm = 64.8936, GNorm = 0.2682, lr_0 = 5.5747e-04
Loss = 1.3283e-02, PNorm = 64.9004, GNorm = 0.1269, lr_0 = 5.5693e-04
Validation auc = 0.816994
Epoch 9
Loss = 3.9340e-02, PNorm = 64.9765, GNorm = 0.2407, lr_0 = 5.5156e-04
Loss = 6.6328e-02, PNorm = 65.0511, GNorm = 0.1702, lr_0 = 5.4625e-04
Loss = 7.1508e-02, PNorm = 65.1256, GNorm = 0.1344, lr_0 = 5.4100e-04
Loss = 5.8378e-02, PNorm = 65.2073, GNorm = 0.3407, lr_0 = 5.3579e-04
Loss = 6.7242e-02, PNorm = 65.2418, GNorm = 0.1365, lr_0 = 5.3063e-04
Loss = 4.6953e-02, PNorm = 65.3207, GNorm = 0.0991, lr_0 = 5.2552e-04
Loss = 4.5263e-02, PNorm = 65.3914, GNorm = 0.1136, lr_0 = 5.2046e-04
Loss = 6.4860e-02, PNorm = 65.4565, GNorm = 0.1527, lr_0 = 5.1545e-04
Validation auc = 0.888041
Epoch 10
Loss = 2.5722e-02, PNorm = 65.5119, GNorm = 0.1369, lr_0 = 5.1049e-04
Loss = 3.6237e-02, PNorm = 65.5782, GNorm = 0.0710, lr_0 = 5.0557e-04
Loss = 3.1075e-02, PNorm = 65.6425, GNorm = 0.1523, lr_0 = 5.0070e-04
Loss = 6.2151e-02, PNorm = 65.6939, GNorm = 0.1738, lr_0 = 4.9588e-04
Loss = 5.7582e-02, PNorm = 65.7241, GNorm = 0.4227, lr_0 = 4.9111e-04
Loss = 7.2717e-02, PNorm = 65.7660, GNorm = 0.3048, lr_0 = 4.8638e-04
Loss = 4.6296e-02, PNorm = 65.8338, GNorm = 0.1872, lr_0 = 4.8170e-04
Loss = 5.2808e-02, PNorm = 65.8850, GNorm = 0.1295, lr_0 = 4.7706e-04
Loss = 6.1771e-02, PNorm = 65.9229, GNorm = 0.1432, lr_0 = 4.7247e-04
Validation auc = 0.851987
Epoch 11
Loss = 4.0979e-02, PNorm = 65.9731, GNorm = 0.0374, lr_0 = 4.6792e-04
Loss = 2.1329e-02, PNorm = 66.0250, GNorm = 0.3148, lr_0 = 4.6341e-04
Loss = 4.2609e-02, PNorm = 66.0620, GNorm = 0.1920, lr_0 = 4.5895e-04
Loss = 6.7049e-02, PNorm = 66.1196, GNorm = 0.1337, lr_0 = 4.5453e-04
Loss = 4.9848e-02, PNorm = 66.1935, GNorm = 0.0817, lr_0 = 4.5015e-04
Loss = 3.7914e-02, PNorm = 66.2470, GNorm = 0.1056, lr_0 = 4.4582e-04
Loss = 6.4698e-02, PNorm = 66.3006, GNorm = 0.3266, lr_0 = 4.4153e-04
Loss = 3.5328e-02, PNorm = 66.3748, GNorm = 0.2085, lr_0 = 4.3728e-04
Validation auc = 0.862832
Epoch 12
Loss = 2.0599e-02, PNorm = 66.4284, GNorm = 0.1665, lr_0 = 4.3265e-04
Loss = 3.0709e-02, PNorm = 66.5066, GNorm = 0.1414, lr_0 = 4.2848e-04
Loss = 4.7414e-02, PNorm = 66.5533, GNorm = 0.5548, lr_0 = 4.2436e-04
Loss = 2.6790e-02, PNorm = 66.5803, GNorm = 0.0911, lr_0 = 4.2027e-04
Loss = 5.1280e-02, PNorm = 66.6286, GNorm = 0.2519, lr_0 = 4.1622e-04
Loss = 4.3102e-02, PNorm = 66.6856, GNorm = 0.2095, lr_0 = 4.1222e-04
Loss = 7.7660e-02, PNorm = 66.7411, GNorm = 0.3966, lr_0 = 4.0825e-04
Loss = 4.5214e-02, PNorm = 66.8197, GNorm = 0.1733, lr_0 = 4.0432e-04
Loss = 5.2568e-02, PNorm = 66.8610, GNorm = 0.4143, lr_0 = 4.0042e-04
Validation auc = 0.818446
Epoch 13
Loss = 3.9678e-02, PNorm = 66.8922, GNorm = 0.3040, lr_0 = 3.9657e-04
Loss = 2.9500e-02, PNorm = 66.9516, GNorm = 0.0692, lr_0 = 3.9275e-04
Loss = 3.9593e-02, PNorm = 66.9915, GNorm = 0.4749, lr_0 = 3.8897e-04
Loss = 3.4079e-02, PNorm = 67.0366, GNorm = 0.1989, lr_0 = 3.8522e-04
Loss = 3.9705e-02, PNorm = 67.0945, GNorm = 0.1684, lr_0 = 3.8152e-04
Loss = 3.4427e-02, PNorm = 67.1472, GNorm = 0.1847, lr_0 = 3.7784e-04
Loss = 6.2525e-02, PNorm = 67.1861, GNorm = 0.3034, lr_0 = 3.7420e-04
Loss = 4.3598e-02, PNorm = 67.2404, GNorm = 0.2843, lr_0 = 3.7060e-04
Validation auc = 0.859560
Epoch 14
Loss = 3.5103e-02, PNorm = 67.2935, GNorm = 0.1528, lr_0 = 3.6668e-04
Loss = 2.8985e-02, PNorm = 67.3514, GNorm = 0.2129, lr_0 = 3.6315e-04
Loss = 5.8710e-02, PNorm = 67.3949, GNorm = 0.2037, lr_0 = 3.5965e-04
Loss = 2.2719e-02, PNorm = 67.4735, GNorm = 0.1985, lr_0 = 3.5619e-04
Loss = 3.5548e-02, PNorm = 67.5145, GNorm = 0.2159, lr_0 = 3.5276e-04
Loss = 2.5560e-02, PNorm = 67.5607, GNorm = 0.1918, lr_0 = 3.4936e-04
Loss = 6.3811e-02, PNorm = 67.5937, GNorm = 0.2600, lr_0 = 3.4600e-04
Loss = 4.7000e-02, PNorm = 67.6537, GNorm = 0.2307, lr_0 = 3.4267e-04
Loss = 2.7507e-02, PNorm = 67.6927, GNorm = 0.1908, lr_0 = 3.3937e-04
Validation auc = 0.851498
Epoch 15
Loss = 5.1121e-02, PNorm = 67.7235, GNorm = 0.1918, lr_0 = 3.3610e-04
Loss = 2.8109e-02, PNorm = 67.7731, GNorm = 0.0895, lr_0 = 3.3287e-04
Loss = 4.6841e-02, PNorm = 67.7978, GNorm = 0.2635, lr_0 = 3.2966e-04
Loss = 3.6171e-02, PNorm = 67.8100, GNorm = 0.1473, lr_0 = 3.2649e-04
Loss = 2.7238e-02, PNorm = 67.8590, GNorm = 0.2197, lr_0 = 3.2334e-04
Loss = 3.4533e-02, PNorm = 67.9047, GNorm = 0.0836, lr_0 = 3.2023e-04
Loss = 3.4458e-02, PNorm = 67.9310, GNorm = 0.2070, lr_0 = 3.1715e-04
Loss = 3.3850e-02, PNorm = 67.9805, GNorm = 0.1595, lr_0 = 3.1409e-04
Loss = 3.9551e-02, PNorm = 68.0329, GNorm = 0.0864, lr_0 = 3.1107e-04
Validation auc = 0.866996
Epoch 16
Loss = 4.2484e-02, PNorm = 68.0718, GNorm = 0.1356, lr_0 = 3.0807e-04
Loss = 2.4164e-02, PNorm = 68.1069, GNorm = 0.1360, lr_0 = 3.0511e-04
Loss = 4.4216e-02, PNorm = 68.1243, GNorm = 0.1778, lr_0 = 3.0217e-04
Loss = 3.5333e-02, PNorm = 68.1656, GNorm = 0.1601, lr_0 = 2.9926e-04
Loss = 3.7529e-02, PNorm = 68.1953, GNorm = 0.1129, lr_0 = 2.9638e-04
Loss = 4.8404e-02, PNorm = 68.2255, GNorm = 0.2196, lr_0 = 2.9353e-04
Loss = 2.4131e-02, PNorm = 68.2687, GNorm = 0.4347, lr_0 = 2.9070e-04
Loss = 1.6541e-02, PNorm = 68.2987, GNorm = 0.2825, lr_0 = 2.8790e-04
Validation auc = 0.869185
Epoch 17
Loss = 2.0207e-02, PNorm = 68.3355, GNorm = 0.0308, lr_0 = 2.8485e-04
Loss = 3.5901e-02, PNorm = 68.3627, GNorm = 0.2726, lr_0 = 2.8211e-04
Loss = 4.0918e-02, PNorm = 68.3813, GNorm = 0.1138, lr_0 = 2.7939e-04
Loss = 3.5206e-02, PNorm = 68.4133, GNorm = 0.1183, lr_0 = 2.7670e-04
Loss = 1.9018e-02, PNorm = 68.4486, GNorm = 0.0812, lr_0 = 2.7404e-04
Loss = 2.2733e-02, PNorm = 68.4651, GNorm = 0.1434, lr_0 = 2.7140e-04
Loss = 3.5348e-02, PNorm = 68.4779, GNorm = 0.2464, lr_0 = 2.6879e-04
Loss = 2.6798e-02, PNorm = 68.5150, GNorm = 0.1791, lr_0 = 2.6620e-04
Loss = 4.1827e-02, PNorm = 68.5478, GNorm = 0.2775, lr_0 = 2.6364e-04
Validation auc = 0.853630
Epoch 18
Loss = 2.3728e-02, PNorm = 68.5745, GNorm = 0.0947, lr_0 = 2.6110e-04
Loss = 3.6093e-02, PNorm = 68.5971, GNorm = 0.2826, lr_0 = 2.5859e-04
Loss = 4.7190e-02, PNorm = 68.6258, GNorm = 0.2682, lr_0 = 2.5610e-04
Loss = 2.9642e-02, PNorm = 68.6756, GNorm = 0.2864, lr_0 = 2.5363e-04
Loss = 3.9611e-02, PNorm = 68.6925, GNorm = 0.2358, lr_0 = 2.5119e-04
Loss = 2.3176e-02, PNorm = 68.7329, GNorm = 0.0422, lr_0 = 2.4877e-04
Loss = 2.9614e-02, PNorm = 68.7641, GNorm = 0.1176, lr_0 = 2.4638e-04
Loss = 2.0225e-02, PNorm = 68.7956, GNorm = 0.2915, lr_0 = 2.4400e-04
Validation auc = 0.855992
Epoch 19
Loss = 2.5602e-02, PNorm = 68.8227, GNorm = 0.1865, lr_0 = 2.4165e-04
Loss = 3.3429e-02, PNorm = 68.8422, GNorm = 0.2187, lr_0 = 2.3933e-04
Loss = 2.2905e-02, PNorm = 68.8633, GNorm = 0.1095, lr_0 = 2.3702e-04
Loss = 2.1223e-02, PNorm = 68.8910, GNorm = 0.1525, lr_0 = 2.3474e-04
Loss = 1.8614e-02, PNorm = 68.9158, GNorm = 0.2401, lr_0 = 2.3248e-04
Loss = 4.1305e-02, PNorm = 68.9255, GNorm = 0.1011, lr_0 = 2.3024e-04
Loss = 3.4044e-02, PNorm = 68.9513, GNorm = 0.2842, lr_0 = 2.2803e-04
Loss = 1.9537e-02, PNorm = 68.9867, GNorm = 0.3398, lr_0 = 2.2583e-04
Loss = 2.9823e-02, PNorm = 68.9966, GNorm = 0.0709, lr_0 = 2.2366e-04
Validation auc = 0.857350
Epoch 20
Loss = 2.0457e-02, PNorm = 69.0228, GNorm = 0.1287, lr_0 = 2.2129e-04
Loss = 1.9790e-02, PNorm = 69.0514, GNorm = 0.0489, lr_0 = 2.1916e-04
Loss = 3.1117e-02, PNorm = 69.0690, GNorm = 0.2205, lr_0 = 2.1705e-04
Loss = 1.6943e-02, PNorm = 69.0860, GNorm = 0.0982, lr_0 = 2.1496e-04
Loss = 2.4556e-02, PNorm = 69.1105, GNorm = 0.1223, lr_0 = 2.1289e-04
Loss = 3.0163e-02, PNorm = 69.1224, GNorm = 0.2384, lr_0 = 2.1084e-04
Loss = 2.2677e-02, PNorm = 69.1530, GNorm = 0.2078, lr_0 = 2.0881e-04
Loss = 2.3648e-02, PNorm = 69.1810, GNorm = 0.3144, lr_0 = 2.0680e-04
Validation auc = 0.868456
Epoch 21
Loss = 2.8019e-02, PNorm = 69.1817, GNorm = 0.3667, lr_0 = 2.0481e-04
Loss = 2.6874e-02, PNorm = 69.2280, GNorm = 0.2479, lr_0 = 2.0283e-04
Loss = 1.7505e-02, PNorm = 69.2474, GNorm = 0.0742, lr_0 = 2.0088e-04
Loss = 3.3640e-02, PNorm = 69.2508, GNorm = 0.2113, lr_0 = 1.9895e-04
Loss = 2.5226e-02, PNorm = 69.2713, GNorm = 0.1923, lr_0 = 1.9703e-04
Loss = 3.1711e-02, PNorm = 69.2919, GNorm = 0.0770, lr_0 = 1.9514e-04
Loss = 2.7751e-02, PNorm = 69.3141, GNorm = 0.1469, lr_0 = 1.9326e-04
Loss = 1.9432e-02, PNorm = 69.3381, GNorm = 0.1794, lr_0 = 1.9140e-04
Loss = 2.2027e-02, PNorm = 69.3643, GNorm = 0.5591, lr_0 = 1.8955e-04
Validation auc = 0.831316
Epoch 22
Loss = 8.2977e-03, PNorm = 69.3857, GNorm = 0.2090, lr_0 = 1.8773e-04
Loss = 3.2932e-02, PNorm = 69.3956, GNorm = 0.2407, lr_0 = 1.8592e-04
Loss = 1.2569e-02, PNorm = 69.4245, GNorm = 0.1742, lr_0 = 1.8413e-04
Loss = 1.5741e-02, PNorm = 69.4500, GNorm = 0.1978, lr_0 = 1.8236e-04
Loss = 2.5882e-02, PNorm = 69.4523, GNorm = 0.1297, lr_0 = 1.8060e-04
Loss = 1.8376e-02, PNorm = 69.4761, GNorm = 0.2090, lr_0 = 1.7886e-04
Loss = 3.8926e-02, PNorm = 69.5049, GNorm = 0.3433, lr_0 = 1.7714e-04
Loss = 3.3150e-02, PNorm = 69.5107, GNorm = 0.3476, lr_0 = 1.7544e-04
Validation auc = 0.855214
Epoch 23
Loss = 2.3681e-02, PNorm = 69.5358, GNorm = 0.2127, lr_0 = 1.7358e-04
Loss = 1.9091e-02, PNorm = 69.5587, GNorm = 0.3653, lr_0 = 1.7191e-04
Loss = 3.1414e-02, PNorm = 69.5645, GNorm = 0.2078, lr_0 = 1.7025e-04
Loss = 1.2243e-02, PNorm = 69.5868, GNorm = 0.1363, lr_0 = 1.6861e-04
Loss = 1.8768e-02, PNorm = 69.6095, GNorm = 0.0131, lr_0 = 1.6699e-04
Loss = 1.4964e-02, PNorm = 69.6241, GNorm = 0.3323, lr_0 = 1.6538e-04
Loss = 1.4303e-02, PNorm = 69.6347, GNorm = 0.1877, lr_0 = 1.6379e-04
Loss = 2.4064e-02, PNorm = 69.6436, GNorm = 0.1929, lr_0 = 1.6221e-04
Loss = 3.4030e-02, PNorm = 69.6649, GNorm = 0.0824, lr_0 = 1.6065e-04
Validation auc = 0.849078
Epoch 24
Loss = 3.2271e-02, PNorm = 69.6721, GNorm = 0.3089, lr_0 = 1.5910e-04
Loss = 1.9484e-02, PNorm = 69.6964, GNorm = 0.1009, lr_0 = 1.5757e-04
Loss = 2.9008e-02, PNorm = 69.7182, GNorm = 0.3406, lr_0 = 1.5605e-04
Loss = 1.6269e-02, PNorm = 69.7361, GNorm = 0.0591, lr_0 = 1.5455e-04
Loss = 2.4107e-02, PNorm = 69.7482, GNorm = 0.0575, lr_0 = 1.5306e-04
Loss = 1.3818e-02, PNorm = 69.7661, GNorm = 0.0656, lr_0 = 1.5159e-04
Loss = 2.5364e-02, PNorm = 69.7820, GNorm = 0.4312, lr_0 = 1.5013e-04
Loss = 2.1849e-02, PNorm = 69.7859, GNorm = 0.0695, lr_0 = 1.4869e-04
Loss = 1.4699e-02, PNorm = 69.8082, GNorm = 0.0223, lr_0 = 1.4725e-04
Validation auc = 0.854742
Epoch 25
Loss = 2.2952e-02, PNorm = 69.8200, GNorm = 0.1746, lr_0 = 1.4584e-04
Loss = 1.4415e-02, PNorm = 69.8380, GNorm = 0.2234, lr_0 = 1.4443e-04
Loss = 1.8618e-02, PNorm = 69.8533, GNorm = 0.3683, lr_0 = 1.4304e-04
Loss = 2.3916e-02, PNorm = 69.8631, GNorm = 0.2008, lr_0 = 1.4166e-04
Loss = 1.7691e-02, PNorm = 69.8820, GNorm = 0.1889, lr_0 = 1.4030e-04
Loss = 1.8493e-02, PNorm = 69.8886, GNorm = 0.3046, lr_0 = 1.3895e-04
Loss = 1.1193e-02, PNorm = 69.9006, GNorm = 0.0609, lr_0 = 1.3761e-04
Loss = 2.1950e-02, PNorm = 69.9097, GNorm = 0.4344, lr_0 = 1.3629e-04
Validation auc = 0.836740
Epoch 26
Loss = 1.8892e-02, PNorm = 69.9200, GNorm = 0.2084, lr_0 = 1.3484e-04
Loss = 1.6323e-02, PNorm = 69.9451, GNorm = 0.3475, lr_0 = 1.3355e-04
Loss = 7.3002e-03, PNorm = 69.9612, GNorm = 0.0482, lr_0 = 1.3226e-04
Loss = 1.5471e-02, PNorm = 69.9696, GNorm = 0.0553, lr_0 = 1.3099e-04
Loss = 3.2305e-02, PNorm = 69.9630, GNorm = 0.2138, lr_0 = 1.2973e-04
Loss = 2.1115e-02, PNorm = 69.9880, GNorm = 0.1083, lr_0 = 1.2848e-04
Loss = 1.5822e-02, PNorm = 70.0053, GNorm = 0.0175, lr_0 = 1.2724e-04
Loss = 3.0300e-02, PNorm = 70.0089, GNorm = 0.2620, lr_0 = 1.2601e-04
Loss = 8.5993e-03, PNorm = 70.0190, GNorm = 0.2589, lr_0 = 1.2480e-04
Validation auc = 0.848923
Epoch 27
Loss = 1.4698e-02, PNorm = 70.0320, GNorm = 0.0629, lr_0 = 1.2360e-04
Loss = 8.1068e-03, PNorm = 70.0438, GNorm = 0.0675, lr_0 = 1.2241e-04
Loss = 9.6111e-03, PNorm = 70.0550, GNorm = 0.2014, lr_0 = 1.2123e-04
Loss = 7.0718e-03, PNorm = 70.0647, GNorm = 0.0529, lr_0 = 1.2006e-04
Loss = 1.0225e-02, PNorm = 70.0726, GNorm = 0.0917, lr_0 = 1.1891e-04
Loss = 2.9698e-02, PNorm = 70.0792, GNorm = 0.5873, lr_0 = 1.1776e-04
Loss = 1.9251e-02, PNorm = 70.0866, GNorm = 0.6102, lr_0 = 1.1663e-04
Loss = 1.9081e-02, PNorm = 70.1074, GNorm = 0.4172, lr_0 = 1.1551e-04
Validation auc = 0.836135
Epoch 28
Loss = 2.8901e-02, PNorm = 70.1034, GNorm = 0.4665, lr_0 = 1.1428e-04
Loss = 1.0811e-02, PNorm = 70.1193, GNorm = 0.1195, lr_0 = 1.1318e-04
Loss = 2.1101e-02, PNorm = 70.1381, GNorm = 0.3208, lr_0 = 1.1209e-04
Loss = 1.3986e-02, PNorm = 70.1519, GNorm = 0.2212, lr_0 = 1.1101e-04
Loss = 1.2168e-02, PNorm = 70.1603, GNorm = 0.0523, lr_0 = 1.0995e-04
Loss = 1.7357e-02, PNorm = 70.1676, GNorm = 0.1060, lr_0 = 1.0889e-04
Loss = 1.7078e-02, PNorm = 70.1738, GNorm = 0.1689, lr_0 = 1.0784e-04
Loss = 2.3472e-02, PNorm = 70.1760, GNorm = 0.0880, lr_0 = 1.0680e-04
Loss = 1.6454e-02, PNorm = 70.1922, GNorm = 0.2948, lr_0 = 1.0577e-04
Validation auc = 0.841346
Epoch 29
Loss = 2.2054e-02, PNorm = 70.2069, GNorm = 0.4422, lr_0 = 1.0475e-04
Loss = 1.6212e-02, PNorm = 70.2135, GNorm = 0.2776, lr_0 = 1.0374e-04
Loss = 1.7294e-02, PNorm = 70.2212, GNorm = 0.1516, lr_0 = 1.0275e-04
Loss = 1.0603e-02, PNorm = 70.2317, GNorm = 0.4997, lr_0 = 1.0176e-04
Loss = 1.1082e-02, PNorm = 70.2398, GNorm = 0.0119, lr_0 = 1.0078e-04
Loss = 1.6274e-02, PNorm = 70.2431, GNorm = 0.1953, lr_0 = 1.0000e-04
Loss = 1.9724e-02, PNorm = 70.2542, GNorm = 0.2452, lr_0 = 1.0000e-04
Loss = 1.2794e-02, PNorm = 70.2657, GNorm = 0.0975, lr_0 = 1.0000e-04
Validation auc = 0.838761
Model 0 best validation auc = 0.897639 on epoch 7
Loading pretrained parameter "encoder.encoder.0.cached_zero_vector".
Loading pretrained parameter "encoder.encoder.0.W_i.weight".
Loading pretrained parameter "encoder.encoder.0.W_h.weight".
Loading pretrained parameter "encoder.encoder.0.W_o.weight".
Loading pretrained parameter "encoder.encoder.0.W_o.bias".
Loading pretrained parameter "ffn.1.weight".
Loading pretrained parameter "ffn.1.bias".
Moving model to cuda
Model 0 test auc = 0.859749
Ensemble test auc = 0.859749
Fold 2
Splitting data with seed 2
Total scaffolds = 3,467 | train scaffolds = 2,630 | val scaffolds = 419 | test scaffolds = 418
Label averages per scaffold, in decreasing order of scaffold frequency,capped at 10 scaffolds and 20 labels:
Scaffold 0
Task 0: count = 381 | target average = 0.018373
Task 1: count = 381 | target average = 0.013123


Scaffold 1
Task 0: count = 305 | target average = 0.009836
Task 1: count = 305 | target average = 0.016393


Scaffold 2
Task 0: count = 36 | target average = 0.000000
Task 1: count = 36 | target average = 0.000000


Scaffold 3
Task 0: count = 29 | target average = 0.000000
Task 1: count = 29 | target average = 0.000000


Scaffold 4
Task 0: count = 26 | target average = 0.000000
Task 1: count = 26 | target average = 0.000000


Scaffold 5
Task 0: count = 23 | target average = 0.000000
Task 1: count = 23 | target average = 0.000000


Scaffold 6
Task 0: count = 22 | target average = 0.090909
Task 1: count = 22 | target average = 0.090909


Scaffold 7
Task 0: count = 20 | target average = 0.000000
Task 1: count = 20 | target average = 0.000000


Scaffold 8
Task 0: count = 20 | target average = 0.000000
Task 1: count = 20 | target average = 0.000000


Scaffold 9
Task 0: count = 20 | target average = 0.050000
Task 1: count = 20 | target average = 0.000000


Class sizes
hit_inh 0: 97.83%, 1: 2.17%
hit_kill 0: 98.64%, 1: 1.36%
Total size = 5,353 | train size = 4,282 | val size = 535 | test size = 536
Building model 0
MoleculeModel(
  (sigmoid): Sigmoid()
  (encoder): MPN(
    (encoder): ModuleList(
      (0): MPNEncoder(
        (dropout_layer): Dropout(p=0.25, inplace=False)
        (act_func): ReLU()
        (W_i): Linear(in_features=147, out_features=1500, bias=False)
        (W_h): Linear(in_features=1500, out_features=1500, bias=False)
        (W_o): Linear(in_features=1633, out_features=1500, bias=True)
      )
    )
  )
  (ffn): Sequential(
    (0): Dropout(p=0.25, inplace=False)
    (1): Linear(in_features=1700, out_features=2, bias=True)
  )
)
Number of parameters = 4,924,902
Moving model to cuda
Epoch 0
Loss = 3.0222e-01, PNorm = 58.2804, GNorm = 0.3249, lr_0 = 1.0000e-03
Loss = 6.4333e-02, PNorm = 58.6653, GNorm = 0.1628, lr_0 = 1.0000e-03
Loss = 9.7580e-02, PNorm = 58.8474, GNorm = 0.1225, lr_0 = 1.0000e-03
Loss = 8.8002e-02, PNorm = 58.9423, GNorm = 0.1243, lr_0 = 1.0000e-03
Loss = 7.7142e-02, PNorm = 58.9928, GNorm = 0.1151, lr_0 = 1.0000e-03
Loss = 9.8605e-02, PNorm = 59.0206, GNorm = 0.1581, lr_0 = 1.0000e-03
Loss = 9.5535e-02, PNorm = 59.0557, GNorm = 0.2311, lr_0 = 1.0000e-03
Loss = 7.3646e-02, PNorm = 59.0765, GNorm = 0.1308, lr_0 = 1.0000e-03
Validation auc = 0.743579
Epoch 1
Loss = 6.2170e-02, PNorm = 59.1054, GNorm = 0.1840, lr_0 = 1.0000e-03
Loss = 7.4321e-02, PNorm = 59.1516, GNorm = 0.3875, lr_0 = 1.0000e-03
Loss = 4.1666e-02, PNorm = 59.1714, GNorm = 0.1348, lr_0 = 1.0000e-03
Loss = 1.2681e-01, PNorm = 59.1800, GNorm = 0.3663, lr_0 = 1.0000e-03
Loss = 7.9275e-02, PNorm = 59.2261, GNorm = 0.1188, lr_0 = 1.0000e-03
Loss = 9.0127e-02, PNorm = 59.2750, GNorm = 0.0905, lr_0 = 1.0000e-03
Loss = 1.0355e-01, PNorm = 59.2912, GNorm = 0.1186, lr_0 = 1.0000e-03
Loss = 1.1646e-01, PNorm = 59.3478, GNorm = 0.2254, lr_0 = 1.0000e-03
Loss = 5.9330e-02, PNorm = 59.4304, GNorm = 0.0737, lr_0 = 9.9807e-04
Validation auc = 0.864803
Epoch 2
Loss = 8.5590e-02, PNorm = 59.4631, GNorm = 0.2346, lr_0 = 9.8846e-04
Loss = 7.6543e-02, PNorm = 59.5414, GNorm = 0.2703, lr_0 = 9.7894e-04
Loss = 9.9531e-02, PNorm = 59.5905, GNorm = 0.1133, lr_0 = 9.6952e-04
Loss = 7.9790e-02, PNorm = 59.6595, GNorm = 0.3250, lr_0 = 9.6018e-04
Loss = 1.1000e-01, PNorm = 59.7267, GNorm = 0.1679, lr_0 = 9.5094e-04
Loss = 6.6293e-02, PNorm = 59.8532, GNorm = 0.1365, lr_0 = 9.4178e-04
Loss = 5.6181e-02, PNorm = 59.9038, GNorm = 0.1089, lr_0 = 9.3271e-04
Loss = 7.2137e-02, PNorm = 59.9841, GNorm = 0.1139, lr_0 = 9.2373e-04
Validation auc = 0.841818
Epoch 3
Loss = 7.7316e-02, PNorm = 60.0446, GNorm = 0.1492, lr_0 = 9.1395e-04
Loss = 9.9764e-02, PNorm = 60.1127, GNorm = 0.1800, lr_0 = 9.0515e-04
Loss = 8.3777e-02, PNorm = 60.2310, GNorm = 0.2560, lr_0 = 8.9644e-04
Loss = 3.1955e-02, PNorm = 60.3519, GNorm = 0.0746, lr_0 = 8.8781e-04
Loss = 9.1935e-02, PNorm = 60.3660, GNorm = 0.2341, lr_0 = 8.7926e-04
Loss = 7.4786e-02, PNorm = 60.4276, GNorm = 0.0929, lr_0 = 8.7080e-04
Loss = 1.0246e-01, PNorm = 60.5036, GNorm = 0.2423, lr_0 = 8.6241e-04
Loss = 7.9056e-02, PNorm = 60.6149, GNorm = 0.0993, lr_0 = 8.5411e-04
Loss = 7.3748e-02, PNorm = 60.6700, GNorm = 0.2123, lr_0 = 8.4588e-04
Validation auc = 0.884900
Epoch 4
Loss = 4.4713e-02, PNorm = 60.7710, GNorm = 0.0922, lr_0 = 8.3774e-04
Loss = 5.7367e-02, PNorm = 60.8553, GNorm = 0.1279, lr_0 = 8.2967e-04
Loss = 7.2653e-02, PNorm = 60.9012, GNorm = 0.1771, lr_0 = 8.2169e-04
Loss = 9.5961e-02, PNorm = 60.9692, GNorm = 0.1563, lr_0 = 8.1377e-04
Loss = 9.1690e-02, PNorm = 61.0747, GNorm = 0.1368, lr_0 = 8.0594e-04
Loss = 6.1498e-02, PNorm = 61.2244, GNorm = 0.1750, lr_0 = 7.9818e-04
Loss = 9.5401e-02, PNorm = 61.2899, GNorm = 0.2322, lr_0 = 7.9050e-04
Loss = 5.4288e-02, PNorm = 61.4248, GNorm = 0.1473, lr_0 = 7.8288e-04
Validation auc = 0.837545
Epoch 5
Loss = 8.3819e-02, PNorm = 61.5616, GNorm = 0.1249, lr_0 = 7.7535e-04
Loss = 8.8386e-02, PNorm = 61.7131, GNorm = 0.1683, lr_0 = 7.6788e-04
Loss = 7.6338e-02, PNorm = 61.8065, GNorm = 0.2607, lr_0 = 7.6049e-04
Loss = 7.1181e-02, PNorm = 61.9544, GNorm = 0.0923, lr_0 = 7.5317e-04
Loss = 5.5310e-02, PNorm = 62.0516, GNorm = 0.1588, lr_0 = 7.4591e-04
Loss = 6.8633e-02, PNorm = 62.1404, GNorm = 0.1154, lr_0 = 7.3873e-04
Loss = 8.8071e-02, PNorm = 62.2085, GNorm = 0.1408, lr_0 = 7.3162e-04
Loss = 6.3551e-02, PNorm = 62.3028, GNorm = 0.1033, lr_0 = 7.2458e-04
Loss = 6.4269e-02, PNorm = 62.3499, GNorm = 0.1286, lr_0 = 7.1760e-04
Validation auc = 0.846900
Epoch 6
Loss = 4.7769e-02, PNorm = 62.4213, GNorm = 0.1277, lr_0 = 7.1000e-04
Loss = 8.7687e-02, PNorm = 62.4883, GNorm = 0.1234, lr_0 = 7.0317e-04
Loss = 8.1618e-02, PNorm = 62.5859, GNorm = 0.1980, lr_0 = 6.9640e-04
Loss = 7.5038e-02, PNorm = 62.7133, GNorm = 0.2332, lr_0 = 6.8969e-04
Loss = 7.0218e-02, PNorm = 62.8287, GNorm = 0.0793, lr_0 = 6.8305e-04
Loss = 6.5374e-02, PNorm = 62.9194, GNorm = 0.1442, lr_0 = 6.7648e-04
Loss = 6.1843e-02, PNorm = 63.0238, GNorm = 0.4507, lr_0 = 6.6996e-04
Loss = 2.6023e-02, PNorm = 63.1511, GNorm = 0.0754, lr_0 = 6.6351e-04
Validation auc = 0.863962
Epoch 7
Loss = 7.6278e-02, PNorm = 63.1826, GNorm = 0.1331, lr_0 = 6.5712e-04
Loss = 6.5628e-02, PNorm = 63.2784, GNorm = 0.1616, lr_0 = 6.5080e-04
Loss = 8.1439e-02, PNorm = 63.3783, GNorm = 0.2435, lr_0 = 6.4453e-04
Loss = 6.0257e-02, PNorm = 63.4920, GNorm = 0.1417, lr_0 = 6.3833e-04
Loss = 6.2318e-02, PNorm = 63.5564, GNorm = 0.0989, lr_0 = 6.3218e-04
Loss = 4.5295e-02, PNorm = 63.6453, GNorm = 0.0887, lr_0 = 6.2609e-04
Loss = 7.0029e-02, PNorm = 63.7187, GNorm = 0.2282, lr_0 = 6.2006e-04
Loss = 7.0251e-02, PNorm = 63.8037, GNorm = 0.2879, lr_0 = 6.1409e-04
Loss = 4.5690e-02, PNorm = 63.9111, GNorm = 0.0832, lr_0 = 6.0818e-04
Validation auc = 0.873008
Epoch 8
Loss = 3.6432e-02, PNorm = 63.9811, GNorm = 0.2063, lr_0 = 6.0233e-04
Loss = 4.6767e-02, PNorm = 64.0437, GNorm = 0.1705, lr_0 = 5.9653e-04
Loss = 6.0181e-02, PNorm = 64.0897, GNorm = 0.1551, lr_0 = 5.9078e-04
Loss = 7.3904e-02, PNorm = 64.1716, GNorm = 0.2638, lr_0 = 5.8510e-04
Loss = 6.9352e-02, PNorm = 64.2814, GNorm = 0.6114, lr_0 = 5.7946e-04
Loss = 6.7198e-02, PNorm = 64.3404, GNorm = 0.2629, lr_0 = 5.7388e-04
Loss = 5.7837e-02, PNorm = 64.4130, GNorm = 0.1971, lr_0 = 5.6836e-04
Loss = 6.4227e-02, PNorm = 64.4645, GNorm = 0.1768, lr_0 = 5.6289e-04
Loss = 5.8696e-02, PNorm = 64.5403, GNorm = 0.1128, lr_0 = 5.5747e-04
Loss = 1.4598e-02, PNorm = 64.5491, GNorm = 0.1554, lr_0 = 5.5693e-04
Validation auc = 0.884705
Epoch 9
Loss = 4.4367e-02, PNorm = 64.6283, GNorm = 0.1316, lr_0 = 5.5156e-04
Loss = 7.3420e-02, PNorm = 64.6632, GNorm = 0.2160, lr_0 = 5.4625e-04
Loss = 5.8866e-02, PNorm = 64.7449, GNorm = 0.0985, lr_0 = 5.4100e-04
Loss = 3.0386e-02, PNorm = 64.8278, GNorm = 0.1243, lr_0 = 5.3579e-04
Loss = 7.9882e-02, PNorm = 64.8938, GNorm = 0.1687, lr_0 = 5.3063e-04
Loss = 4.6818e-02, PNorm = 64.9818, GNorm = 0.2090, lr_0 = 5.2552e-04
Loss = 6.6382e-02, PNorm = 65.0178, GNorm = 0.1438, lr_0 = 5.2046e-04
Loss = 4.9156e-02, PNorm = 65.0864, GNorm = 0.1818, lr_0 = 5.1545e-04
Validation auc = 0.901555
Epoch 10
Loss = 2.8819e-02, PNorm = 65.1425, GNorm = 0.0548, lr_0 = 5.1049e-04
Loss = 6.6770e-02, PNorm = 65.2071, GNorm = 0.1978, lr_0 = 5.0557e-04
Loss = 2.7314e-02, PNorm = 65.2932, GNorm = 0.0416, lr_0 = 5.0070e-04
Loss = 2.2949e-02, PNorm = 65.3219, GNorm = 0.1708, lr_0 = 4.9588e-04
Loss = 7.2041e-02, PNorm = 65.3464, GNorm = 0.2445, lr_0 = 4.9111e-04
Loss = 6.8024e-02, PNorm = 65.4153, GNorm = 0.1694, lr_0 = 4.8638e-04
Loss = 5.1789e-02, PNorm = 65.4875, GNorm = 0.1573, lr_0 = 4.8170e-04
Loss = 5.3836e-02, PNorm = 65.5735, GNorm = 0.3406, lr_0 = 4.7706e-04
Loss = 4.6024e-02, PNorm = 65.6300, GNorm = 0.2921, lr_0 = 4.7247e-04
Validation auc = 0.893539
Epoch 11
Loss = 8.0773e-02, PNorm = 65.6985, GNorm = 0.2430, lr_0 = 4.6792e-04
Loss = 4.5899e-02, PNorm = 65.8077, GNorm = 0.1678, lr_0 = 4.6341e-04
Loss = 2.8387e-02, PNorm = 65.8756, GNorm = 0.1196, lr_0 = 4.5895e-04
Loss = 4.8658e-02, PNorm = 65.9194, GNorm = 0.0847, lr_0 = 4.5453e-04
Loss = 6.7521e-02, PNorm = 65.9504, GNorm = 0.3764, lr_0 = 4.5015e-04
Loss = 4.7257e-02, PNorm = 66.0231, GNorm = 0.0867, lr_0 = 4.4582e-04
Loss = 4.8044e-02, PNorm = 66.0864, GNorm = 0.1516, lr_0 = 4.4153e-04
Loss = 4.6659e-02, PNorm = 66.1366, GNorm = 0.2026, lr_0 = 4.3728e-04
Validation auc = 0.878459
Epoch 12
Loss = 3.3975e-02, PNorm = 66.1963, GNorm = 0.1393, lr_0 = 4.3265e-04
Loss = 2.8420e-02, PNorm = 66.2551, GNorm = 0.1360, lr_0 = 4.2848e-04
Loss = 3.4320e-02, PNorm = 66.3136, GNorm = 0.2018, lr_0 = 4.2436e-04
Loss = 6.8909e-02, PNorm = 66.3507, GNorm = 0.8207, lr_0 = 4.2027e-04
Loss = 4.4894e-02, PNorm = 66.3646, GNorm = 0.5920, lr_0 = 4.1622e-04
Loss = 2.8757e-02, PNorm = 66.4379, GNorm = 0.3566, lr_0 = 4.1222e-04
Loss = 7.2251e-02, PNorm = 66.4553, GNorm = 0.1816, lr_0 = 4.0825e-04
Loss = 5.6954e-02, PNorm = 66.5068, GNorm = 0.2095, lr_0 = 4.0432e-04
Loss = 3.7939e-02, PNorm = 66.5972, GNorm = 0.1865, lr_0 = 4.0042e-04
Validation auc = 0.910155
Epoch 13
Loss = 2.1475e-02, PNorm = 66.6375, GNorm = 0.2327, lr_0 = 3.9657e-04
Loss = 4.8637e-02, PNorm = 66.6765, GNorm = 0.1494, lr_0 = 3.9275e-04
Loss = 1.2589e-02, PNorm = 66.7420, GNorm = 0.0730, lr_0 = 3.8897e-04
Loss = 4.9066e-02, PNorm = 66.7813, GNorm = 0.2348, lr_0 = 3.8522e-04
Loss = 4.7288e-02, PNorm = 66.8398, GNorm = 0.1289, lr_0 = 3.8152e-04
Loss = 4.6481e-02, PNorm = 66.9002, GNorm = 0.3306, lr_0 = 3.7784e-04
Loss = 5.4527e-02, PNorm = 66.9248, GNorm = 0.2717, lr_0 = 3.7420e-04
Loss = 3.6390e-02, PNorm = 66.9766, GNorm = 0.0927, lr_0 = 3.7060e-04
Validation auc = 0.880975
Epoch 14
Loss = 1.2669e-02, PNorm = 67.0184, GNorm = 0.1081, lr_0 = 3.6668e-04
Loss = 3.8711e-02, PNorm = 67.0537, GNorm = 0.1795, lr_0 = 3.6315e-04
Loss = 3.8888e-02, PNorm = 67.1152, GNorm = 0.2448, lr_0 = 3.5965e-04
Loss = 3.0160e-02, PNorm = 67.1568, GNorm = 0.0415, lr_0 = 3.5619e-04
Loss = 3.7684e-02, PNorm = 67.2038, GNorm = 0.0870, lr_0 = 3.5276e-04
Loss = 4.4887e-02, PNorm = 67.2597, GNorm = 0.3533, lr_0 = 3.4936e-04
Loss = 6.1793e-02, PNorm = 67.2867, GNorm = 0.1462, lr_0 = 3.4600e-04
Loss = 3.2926e-02, PNorm = 67.3435, GNorm = 0.1332, lr_0 = 3.4267e-04
Loss = 5.1555e-02, PNorm = 67.3851, GNorm = 0.0725, lr_0 = 3.3937e-04
Validation auc = 0.879377
Epoch 15
Loss = 4.2703e-02, PNorm = 67.4270, GNorm = 0.1984, lr_0 = 3.3610e-04
Loss = 4.9373e-02, PNorm = 67.4821, GNorm = 0.1508, lr_0 = 3.3287e-04
Loss = 2.6160e-02, PNorm = 67.5304, GNorm = 0.1649, lr_0 = 3.2966e-04
Loss = 2.8332e-02, PNorm = 67.5742, GNorm = 0.0361, lr_0 = 3.2649e-04
Loss = 5.3431e-02, PNorm = 67.5832, GNorm = 0.1594, lr_0 = 3.2334e-04
Loss = 3.1081e-02, PNorm = 67.6296, GNorm = 0.1864, lr_0 = 3.2023e-04
Loss = 3.3854e-02, PNorm = 67.6818, GNorm = 0.2041, lr_0 = 3.1715e-04
Loss = 2.0190e-02, PNorm = 67.7242, GNorm = 0.4554, lr_0 = 3.1409e-04
Loss = 4.7322e-02, PNorm = 67.7470, GNorm = 0.1495, lr_0 = 3.1107e-04
Validation auc = 0.854486
Epoch 16
Loss = 3.6394e-02, PNorm = 67.7975, GNorm = 0.2431, lr_0 = 3.0807e-04
Loss = 5.0626e-02, PNorm = 67.8270, GNorm = 0.3135, lr_0 = 3.0511e-04
Loss = 3.7024e-02, PNorm = 67.8673, GNorm = 0.1734, lr_0 = 3.0217e-04
Loss = 2.3171e-02, PNorm = 67.9123, GNorm = 0.0578, lr_0 = 2.9926e-04
Loss = 4.0808e-02, PNorm = 67.9346, GNorm = 0.2018, lr_0 = 2.9638e-04
Loss = 2.4688e-02, PNorm = 67.9676, GNorm = 0.1320, lr_0 = 2.9353e-04
Loss = 2.3298e-02, PNorm = 68.0070, GNorm = 0.0903, lr_0 = 2.9070e-04
Loss = 4.1778e-02, PNorm = 68.0294, GNorm = 0.0760, lr_0 = 2.8790e-04
Validation auc = 0.890070
Epoch 17
Loss = 3.1730e-02, PNorm = 68.0658, GNorm = 0.0542, lr_0 = 2.8485e-04
Loss = 3.9345e-02, PNorm = 68.0987, GNorm = 0.2096, lr_0 = 2.8211e-04
Loss = 2.8157e-02, PNorm = 68.1428, GNorm = 0.2819, lr_0 = 2.7939e-04
Loss = 4.0236e-02, PNorm = 68.1677, GNorm = 0.2057, lr_0 = 2.7670e-04
Loss = 3.1061e-02, PNorm = 68.2036, GNorm = 0.1566, lr_0 = 2.7404e-04
Loss = 3.4002e-02, PNorm = 68.2315, GNorm = 0.1121, lr_0 = 2.7140e-04
Loss = 2.7760e-02, PNorm = 68.2632, GNorm = 0.2001, lr_0 = 2.6879e-04
Loss = 2.5747e-02, PNorm = 68.2957, GNorm = 0.0706, lr_0 = 2.6620e-04
Loss = 2.3711e-02, PNorm = 68.3211, GNorm = 0.0236, lr_0 = 2.6364e-04
Validation auc = 0.858710
Epoch 18
Loss = 2.8127e-02, PNorm = 68.3362, GNorm = 0.1086, lr_0 = 2.6110e-04
Loss = 2.6127e-02, PNorm = 68.3661, GNorm = 0.1134, lr_0 = 2.5859e-04
Loss = 2.8444e-02, PNorm = 68.4161, GNorm = 0.0469, lr_0 = 2.5610e-04
Loss = 1.6845e-02, PNorm = 68.4389, GNorm = 0.0652, lr_0 = 2.5363e-04
Loss = 3.5714e-02, PNorm = 68.4605, GNorm = 0.1174, lr_0 = 2.5119e-04
Loss = 2.7250e-02, PNorm = 68.4928, GNorm = 0.0510, lr_0 = 2.4877e-04
Loss = 4.1983e-02, PNorm = 68.5156, GNorm = 0.1334, lr_0 = 2.4638e-04
Loss = 3.9837e-02, PNorm = 68.5422, GNorm = 0.4446, lr_0 = 2.4400e-04
Validation auc = 0.869849
Epoch 19
Loss = 1.5152e-02, PNorm = 68.5656, GNorm = 0.0781, lr_0 = 2.4165e-04
Loss = 1.8109e-02, PNorm = 68.5939, GNorm = 0.2696, lr_0 = 2.3933e-04
Loss = 2.9038e-02, PNorm = 68.6148, GNorm = 0.2679, lr_0 = 2.3702e-04
Loss = 3.2581e-02, PNorm = 68.6446, GNorm = 0.1344, lr_0 = 2.3474e-04
Loss = 2.4072e-02, PNorm = 68.6781, GNorm = 0.0561, lr_0 = 2.3248e-04
Loss = 5.1314e-02, PNorm = 68.6996, GNorm = 0.2552, lr_0 = 2.3024e-04
Loss = 2.5582e-02, PNorm = 68.7533, GNorm = 0.2792, lr_0 = 2.2803e-04
Loss = 1.8273e-02, PNorm = 68.7876, GNorm = 0.3855, lr_0 = 2.2583e-04
Loss = 1.3937e-02, PNorm = 68.8013, GNorm = 0.1983, lr_0 = 2.2366e-04
Validation auc = 0.884160
Epoch 20
Loss = 2.5241e-02, PNorm = 68.8161, GNorm = 0.1779, lr_0 = 2.2129e-04
Loss = 2.0738e-02, PNorm = 68.8495, GNorm = 0.2474, lr_0 = 2.1916e-04
Loss = 2.4774e-02, PNorm = 68.8619, GNorm = 0.3313, lr_0 = 2.1705e-04
Loss = 2.4060e-02, PNorm = 68.8787, GNorm = 0.2684, lr_0 = 2.1496e-04
Loss = 1.7844e-02, PNorm = 68.9074, GNorm = 0.2168, lr_0 = 2.1289e-04
Loss = 3.4773e-02, PNorm = 68.9214, GNorm = 0.3760, lr_0 = 2.1084e-04
Loss = 2.6540e-02, PNorm = 68.9379, GNorm = 0.3195, lr_0 = 2.0881e-04
Loss = 2.8048e-02, PNorm = 68.9606, GNorm = 0.0473, lr_0 = 2.0680e-04
Validation auc = 0.834809
Epoch 21
Loss = 2.1904e-02, PNorm = 68.9796, GNorm = 0.3358, lr_0 = 2.0481e-04
Loss = 2.9933e-02, PNorm = 68.9929, GNorm = 0.0770, lr_0 = 2.0283e-04
Loss = 2.6153e-02, PNorm = 69.0302, GNorm = 0.2755, lr_0 = 2.0088e-04
Loss = 2.2235e-02, PNorm = 69.0626, GNorm = 0.2266, lr_0 = 1.9895e-04
Loss = 3.4847e-02, PNorm = 69.0760, GNorm = 0.1810, lr_0 = 1.9703e-04
Loss = 1.9583e-02, PNorm = 69.1139, GNorm = 0.1408, lr_0 = 1.9514e-04
Loss = 1.4366e-02, PNorm = 69.1459, GNorm = 0.0131, lr_0 = 1.9326e-04
Loss = 3.0023e-02, PNorm = 69.1439, GNorm = 0.0312, lr_0 = 1.9140e-04
Loss = 2.2895e-02, PNorm = 69.1560, GNorm = 0.3776, lr_0 = 1.8955e-04
Validation auc = 0.866566
Epoch 22
Loss = 2.2035e-02, PNorm = 69.1816, GNorm = 0.0281, lr_0 = 1.8773e-04
Loss = 3.0977e-02, PNorm = 69.1916, GNorm = 0.0660, lr_0 = 1.8592e-04
Loss = 2.8567e-02, PNorm = 69.2137, GNorm = 0.2833, lr_0 = 1.8413e-04
Loss = 2.3296e-02, PNorm = 69.2400, GNorm = 0.0744, lr_0 = 1.8236e-04
Loss = 1.9797e-02, PNorm = 69.2619, GNorm = 0.2837, lr_0 = 1.8060e-04
Loss = 1.9495e-02, PNorm = 69.2802, GNorm = 0.1363, lr_0 = 1.7886e-04
Loss = 2.1789e-02, PNorm = 69.2988, GNorm = 0.3970, lr_0 = 1.7714e-04
Loss = 1.6462e-02, PNorm = 69.3103, GNorm = 0.0720, lr_0 = 1.7544e-04
Validation auc = 0.888522
Epoch 23
Loss = 1.7407e-02, PNorm = 69.3241, GNorm = 0.2635, lr_0 = 1.7358e-04
Loss = 2.6314e-02, PNorm = 69.3416, GNorm = 0.0159, lr_0 = 1.7191e-04
Loss = 1.8074e-02, PNorm = 69.3527, GNorm = 0.2073, lr_0 = 1.7025e-04
Loss = 2.8170e-02, PNorm = 69.3666, GNorm = 0.2153, lr_0 = 1.6861e-04
Loss = 1.7722e-02, PNorm = 69.3990, GNorm = 0.2524, lr_0 = 1.6699e-04
Loss = 1.1254e-02, PNorm = 69.4177, GNorm = 0.0392, lr_0 = 1.6538e-04
Loss = 1.5439e-02, PNorm = 69.4295, GNorm = 0.3449, lr_0 = 1.6379e-04
Loss = 2.4440e-02, PNorm = 69.4430, GNorm = 0.0892, lr_0 = 1.6221e-04
Loss = 2.5035e-02, PNorm = 69.4566, GNorm = 0.2531, lr_0 = 1.6065e-04
Validation auc = 0.849492
Epoch 24
Loss = 1.3721e-02, PNorm = 69.4792, GNorm = 0.1811, lr_0 = 1.5910e-04
Loss = 3.4647e-02, PNorm = 69.4932, GNorm = 0.4236, lr_0 = 1.5757e-04
Loss = 2.4417e-02, PNorm = 69.4980, GNorm = 0.3106, lr_0 = 1.5605e-04
Loss = 2.0698e-02, PNorm = 69.5371, GNorm = 0.1098, lr_0 = 1.5455e-04
Loss = 2.3304e-02, PNorm = 69.5553, GNorm = 0.5634, lr_0 = 1.5306e-04
Loss = 2.4220e-02, PNorm = 69.5618, GNorm = 0.2028, lr_0 = 1.5159e-04
Loss = 1.2695e-02, PNorm = 69.5854, GNorm = 0.0347, lr_0 = 1.5013e-04
Loss = 3.0072e-02, PNorm = 69.5980, GNorm = 0.1074, lr_0 = 1.4869e-04
Loss = 1.6102e-02, PNorm = 69.6119, GNorm = 0.0382, lr_0 = 1.4725e-04
Validation auc = 0.829816
Epoch 25
Loss = 1.2095e-02, PNorm = 69.6290, GNorm = 0.0519, lr_0 = 1.4584e-04
Loss = 2.9799e-02, PNorm = 69.6328, GNorm = 0.0368, lr_0 = 1.4443e-04
Loss = 1.7542e-02, PNorm = 69.6394, GNorm = 0.0669, lr_0 = 1.4304e-04
Loss = 2.4072e-02, PNorm = 69.6658, GNorm = 0.5340, lr_0 = 1.4166e-04
Loss = 1.3401e-02, PNorm = 69.6891, GNorm = 0.0487, lr_0 = 1.4030e-04
Loss = 1.2810e-02, PNorm = 69.6978, GNorm = 0.3028, lr_0 = 1.3895e-04
Loss = 2.1563e-02, PNorm = 69.7033, GNorm = 0.0982, lr_0 = 1.3761e-04
Loss = 1.9102e-02, PNorm = 69.7212, GNorm = 0.0372, lr_0 = 1.3629e-04
Validation auc = 0.849059
Epoch 26
Loss = 2.6455e-02, PNorm = 69.7297, GNorm = 0.1069, lr_0 = 1.3484e-04
Loss = 2.5339e-02, PNorm = 69.7491, GNorm = 0.2550, lr_0 = 1.3355e-04
Loss = 1.1105e-02, PNorm = 69.7660, GNorm = 0.2007, lr_0 = 1.3226e-04
Loss = 1.1067e-02, PNorm = 69.7755, GNorm = 0.0267, lr_0 = 1.3099e-04
Loss = 1.7479e-02, PNorm = 69.7839, GNorm = 0.0256, lr_0 = 1.2973e-04
Loss = 2.0180e-02, PNorm = 69.7966, GNorm = 0.1794, lr_0 = 1.2848e-04
Loss = 1.1225e-02, PNorm = 69.8178, GNorm = 0.2858, lr_0 = 1.2724e-04
Loss = 1.6564e-02, PNorm = 69.8284, GNorm = 0.6647, lr_0 = 1.2601e-04
Loss = 4.0665e-02, PNorm = 69.8214, GNorm = 0.3781, lr_0 = 1.2480e-04
Validation auc = 0.845949
Epoch 27
Loss = 1.4425e-02, PNorm = 69.8340, GNorm = 0.1073, lr_0 = 1.2360e-04
Loss = 2.3654e-02, PNorm = 69.8600, GNorm = 0.4722, lr_0 = 1.2241e-04
Loss = 1.5345e-02, PNorm = 69.8711, GNorm = 0.3562, lr_0 = 1.2123e-04
Loss = 1.5849e-02, PNorm = 69.8739, GNorm = 0.0854, lr_0 = 1.2006e-04
Loss = 7.8054e-03, PNorm = 69.8859, GNorm = 0.0972, lr_0 = 1.1891e-04
Loss = 2.4244e-02, PNorm = 69.8930, GNorm = 0.3733, lr_0 = 1.1776e-04
Loss = 1.4175e-02, PNorm = 69.9061, GNorm = 0.2166, lr_0 = 1.1663e-04
Loss = 2.6778e-02, PNorm = 69.9140, GNorm = 0.2235, lr_0 = 1.1551e-04
Validation auc = 0.828874
Epoch 28
Loss = 2.8726e-02, PNorm = 69.9254, GNorm = 0.1095, lr_0 = 1.1428e-04
Loss = 2.2930e-02, PNorm = 69.9398, GNorm = 0.1227, lr_0 = 1.1318e-04
Loss = 2.0569e-02, PNorm = 69.9446, GNorm = 0.0842, lr_0 = 1.1209e-04
Loss = 1.6061e-02, PNorm = 69.9552, GNorm = 0.1065, lr_0 = 1.1101e-04
Loss = 7.0706e-03, PNorm = 69.9688, GNorm = 0.0770, lr_0 = 1.0995e-04
Loss = 1.2708e-02, PNorm = 69.9766, GNorm = 0.3336, lr_0 = 1.0889e-04
Loss = 1.2416e-02, PNorm = 69.9848, GNorm = 0.2801, lr_0 = 1.0784e-04
Loss = 2.0751e-02, PNorm = 69.9922, GNorm = 0.0270, lr_0 = 1.0680e-04
Loss = 1.2679e-02, PNorm = 70.0053, GNorm = 0.5855, lr_0 = 1.0577e-04
Validation auc = 0.841736
Epoch 29
Loss = 1.2360e-02, PNorm = 70.0172, GNorm = 0.2496, lr_0 = 1.0475e-04
Loss = 5.4426e-03, PNorm = 70.0275, GNorm = 0.0092, lr_0 = 1.0374e-04
Loss = 1.2336e-02, PNorm = 70.0315, GNorm = 0.1711, lr_0 = 1.0275e-04
Loss = 3.0783e-02, PNorm = 70.0319, GNorm = 0.2997, lr_0 = 1.0176e-04
Loss = 1.3132e-02, PNorm = 70.0478, GNorm = 0.1875, lr_0 = 1.0078e-04
Loss = 1.1570e-02, PNorm = 70.0601, GNorm = 0.2925, lr_0 = 1.0000e-04
Loss = 1.9223e-02, PNorm = 70.0695, GNorm = 0.3839, lr_0 = 1.0000e-04
Loss = 9.2191e-03, PNorm = 70.0777, GNorm = 0.0644, lr_0 = 1.0000e-04
Validation auc = 0.823621
Model 0 best validation auc = 0.910155 on epoch 12
Loading pretrained parameter "encoder.encoder.0.cached_zero_vector".
Loading pretrained parameter "encoder.encoder.0.W_i.weight".
Loading pretrained parameter "encoder.encoder.0.W_h.weight".
Loading pretrained parameter "encoder.encoder.0.W_o.weight".
Loading pretrained parameter "encoder.encoder.0.W_o.bias".
Loading pretrained parameter "ffn.1.weight".
Loading pretrained parameter "ffn.1.bias".
Moving model to cuda
Model 0 test auc = 0.809971
Ensemble test auc = 0.809971
3-fold cross validation
	Seed 0 ==> test auc = 0.724744
	Seed 1 ==> test auc = 0.859749
	Seed 2 ==> test auc = 0.809971
Overall test auc = 0.798155 +/- 0.055745
Elapsed time = 0:21:29
