Command line
python /home/jackievaleri8/.conda/envs/chemprop/bin/chemprop_train --init_lr 0.0001 --dropout 0.25 --hidden_size 500 --ffn_num_layers 2 --depth 4 --save_dir round3finalval08162021_models/106 --data_path round3finalval08162021_TRAIN.csv --dataset_type classification --features_path round3finalval08162021_TRAINFTS.npz --no_features_scaling --num_folds 3 --ensemble_size 1 --split_type scaffold_balanced --split_sizes 0.8 0.1 0.1 --smiles_columns SMILES --ignore_columns Name --gpu 0
Args
{'activation': 'ReLU',
 'aggregation': 'mean',
 'aggregation_norm': 100,
 'atom_descriptor_scaling': True,
 'atom_descriptors': None,
 'atom_descriptors_path': None,
 'atom_descriptors_size': 0,
 'atom_features_size': 0,
 'atom_messages': False,
 'batch_size': 50,
 'bias': False,
 'bond_feature_scaling': True,
 'bond_features_path': None,
 'bond_features_size': 0,
 'cache_cutoff': 10000,
 'checkpoint_dir': None,
 'checkpoint_path': None,
 'checkpoint_paths': None,
 'class_balance': False,
 'config_path': None,
 'crossval_index_dir': None,
 'crossval_index_file': None,
 'crossval_index_sets': None,
 'cuda': True,
 'data_path': 'round3finalval08162021_TRAIN.csv',
 'dataset_type': 'classification',
 'depth': 4,
 'device': device(type='cuda', index=0),
 'dropout': 0.25,
 'empty_cache': False,
 'ensemble_size': 1,
 'epochs': 30,
 'explicit_h': False,
 'extra_metrics': [],
 'features_generator': None,
 'features_only': False,
 'features_path': ['round3finalval08162021_TRAINFTS.npz'],
 'features_scaling': False,
 'features_size': None,
 'ffn_hidden_size': 500,
 'ffn_num_layers': 2,
 'final_lr': 0.0001,
 'folds_file': None,
 'gpu': 0,
 'grad_clip': None,
 'hidden_size': 500,
 'ignore_columns': ['Name'],
 'init_lr': 0.0001,
 'log_frequency': 10,
 'max_data_size': None,
 'max_lr': 0.001,
 'metric': 'auc',
 'metrics': ['auc'],
 'minimize_score': False,
 'mpn_shared': False,
 'multiclass_num_classes': 3,
 'no_atom_descriptor_scaling': False,
 'no_bond_features_scaling': False,
 'no_cache_mol': False,
 'no_cuda': False,
 'no_features_scaling': True,
 'num_folds': 3,
 'num_lrs': 1,
 'num_tasks': 2,
 'num_workers': 8,
 'number_of_molecules': 1,
 'overwrite_default_atom_features': False,
 'overwrite_default_bond_features': False,
 'pytorch_seed': 0,
 'quiet': False,
 'reaction': False,
 'reaction_mode': 'reac_diff',
 'resume_experiment': False,
 'save_dir': 'round3finalval08162021_models/106',
 'save_preds': False,
 'save_smiles_splits': False,
 'seed': 0,
 'separate_test_atom_descriptors_path': None,
 'separate_test_bond_features_path': None,
 'separate_test_features_path': None,
 'separate_test_path': None,
 'separate_val_atom_descriptors_path': None,
 'separate_val_bond_features_path': None,
 'separate_val_features_path': None,
 'separate_val_path': None,
 'show_individual_scores': False,
 'smiles_columns': ['SMILES'],
 'split_sizes': (0.8, 0.1, 0.1),
 'split_type': 'scaffold_balanced',
 'target_columns': None,
 'task_names': ['hit_inh', 'hit_kill'],
 'test': False,
 'test_fold_index': None,
 'train_data_size': None,
 'undirected': False,
 'use_input_features': True,
 'val_fold_index': None,
 'warmup_epochs': 2.0}
Loading data
Warning: 23 SMILES are invalid.
Number of tasks = 2
Fold 0
Splitting data with seed 0
Total scaffolds = 3,467 | train scaffolds = 2,650 | val scaffolds = 433 | test scaffolds = 384
Label averages per scaffold, in decreasing order of scaffold frequency,capped at 10 scaffolds and 20 labels:
Scaffold 0
Task 0: count = 381 | target average = 0.018373
Task 1: count = 381 | target average = 0.013123


Scaffold 1
Task 0: count = 305 | target average = 0.009836
Task 1: count = 305 | target average = 0.016393


Scaffold 2
Task 0: count = 36 | target average = 0.000000
Task 1: count = 36 | target average = 0.000000


Scaffold 3
Task 0: count = 29 | target average = 0.000000
Task 1: count = 29 | target average = 0.000000


Scaffold 4
Task 0: count = 26 | target average = 0.000000
Task 1: count = 26 | target average = 0.000000


Scaffold 5
Task 0: count = 23 | target average = 0.000000
Task 1: count = 23 | target average = 0.000000


Scaffold 6
Task 0: count = 22 | target average = 0.090909
Task 1: count = 22 | target average = 0.090909


Scaffold 7
Task 0: count = 20 | target average = 0.000000
Task 1: count = 20 | target average = 0.000000


Scaffold 8
Task 0: count = 20 | target average = 0.000000
Task 1: count = 20 | target average = 0.000000


Scaffold 9
Task 0: count = 20 | target average = 0.050000
Task 1: count = 20 | target average = 0.000000


Class sizes
hit_inh 0: 97.83%, 1: 2.17%
hit_kill 0: 98.64%, 1: 1.36%
Total size = 5,353 | train size = 4,282 | val size = 535 | test size = 536
Building model 0
MoleculeModel(
  (sigmoid): Sigmoid()
  (encoder): MPN(
    (encoder): ModuleList(
      (0): MPNEncoder(
        (dropout_layer): Dropout(p=0.25, inplace=False)
        (act_func): ReLU()
        (W_i): Linear(in_features=147, out_features=500, bias=False)
        (W_h): Linear(in_features=500, out_features=500, bias=False)
        (W_o): Linear(in_features=633, out_features=500, bias=True)
      )
    )
  )
  (ffn): Sequential(
    (0): Dropout(p=0.25, inplace=False)
    (1): Linear(in_features=700, out_features=500, bias=True)
    (2): ReLU()
    (3): Dropout(p=0.25, inplace=False)
    (4): Linear(in_features=500, out_features=2, bias=True)
  )
)
Number of parameters = 992,002
Moving model to cuda
Epoch 0
Loss = 2.6336e-01, PNorm = 43.2952, GNorm = 1.0684, lr_0 = 1.5824e-04
Loss = 1.1656e-01, PNorm = 43.3021, GNorm = 0.6546, lr_0 = 2.1118e-04
Loss = 9.3515e-02, PNorm = 43.3031, GNorm = 0.7984, lr_0 = 2.6412e-04
Loss = 1.0976e-01, PNorm = 43.3065, GNorm = 0.2907, lr_0 = 3.1706e-04
Loss = 9.7556e-02, PNorm = 43.3170, GNorm = 0.5358, lr_0 = 3.7000e-04
Loss = 6.2047e-02, PNorm = 43.3253, GNorm = 0.2837, lr_0 = 4.2294e-04
Loss = 6.8255e-02, PNorm = 43.3327, GNorm = 0.2895, lr_0 = 4.7588e-04
Loss = 6.7108e-02, PNorm = 43.3427, GNorm = 0.1957, lr_0 = 5.2882e-04
Validation auc = 0.614761
Epoch 1
Loss = 3.9051e-02, PNorm = 43.3647, GNorm = 0.1289, lr_0 = 5.8706e-04
Loss = 9.9931e-02, PNorm = 43.3736, GNorm = 0.2908, lr_0 = 6.4000e-04
Loss = 8.3771e-02, PNorm = 43.4011, GNorm = 0.1479, lr_0 = 6.9294e-04
Loss = 1.0428e-01, PNorm = 43.4204, GNorm = 0.3007, lr_0 = 7.4588e-04
Loss = 8.9900e-02, PNorm = 43.4521, GNorm = 0.1421, lr_0 = 7.9882e-04
Loss = 5.5869e-02, PNorm = 43.4847, GNorm = 0.1924, lr_0 = 8.5176e-04
Loss = 9.5864e-02, PNorm = 43.5075, GNorm = 0.2015, lr_0 = 9.0471e-04
Loss = 9.5205e-02, PNorm = 43.5374, GNorm = 0.2061, lr_0 = 9.5765e-04
Loss = 9.2798e-02, PNorm = 43.5795, GNorm = 0.2084, lr_0 = 9.9807e-04
Validation auc = 0.825957
Epoch 2
Loss = 6.4173e-02, PNorm = 43.6281, GNorm = 0.0693, lr_0 = 9.8846e-04
Loss = 6.1144e-02, PNorm = 43.6623, GNorm = 0.1284, lr_0 = 9.7894e-04
Loss = 7.0015e-02, PNorm = 43.7049, GNorm = 0.2124, lr_0 = 9.6952e-04
Loss = 7.8601e-02, PNorm = 43.7434, GNorm = 0.5605, lr_0 = 9.6018e-04
Loss = 6.3838e-02, PNorm = 43.8005, GNorm = 0.2069, lr_0 = 9.5094e-04
Loss = 8.2324e-02, PNorm = 43.8344, GNorm = 0.2254, lr_0 = 9.4178e-04
Loss = 1.2522e-01, PNorm = 43.8865, GNorm = 0.5148, lr_0 = 9.3271e-04
Loss = 5.4805e-02, PNorm = 43.9331, GNorm = 0.3100, lr_0 = 9.2373e-04
Validation auc = 0.861057
Epoch 3
Loss = 7.1994e-02, PNorm = 43.9744, GNorm = 0.3394, lr_0 = 9.1395e-04
Loss = 8.8025e-02, PNorm = 44.0260, GNorm = 0.1964, lr_0 = 9.0515e-04
Loss = 7.7798e-02, PNorm = 44.0806, GNorm = 0.3397, lr_0 = 8.9644e-04
Loss = 6.8537e-02, PNorm = 44.1288, GNorm = 0.1313, lr_0 = 8.8781e-04
Loss = 7.5179e-02, PNorm = 44.1738, GNorm = 0.2697, lr_0 = 8.7926e-04
Loss = 7.6368e-02, PNorm = 44.2162, GNorm = 0.1433, lr_0 = 8.7080e-04
Loss = 5.5638e-02, PNorm = 44.2651, GNorm = 0.1117, lr_0 = 8.6241e-04
Loss = 5.7493e-02, PNorm = 44.2961, GNorm = 0.1584, lr_0 = 8.5411e-04
Loss = 7.6783e-02, PNorm = 44.3386, GNorm = 0.1525, lr_0 = 8.4588e-04
Validation auc = 0.893805
Epoch 4
Loss = 5.8519e-02, PNorm = 44.3949, GNorm = 0.1048, lr_0 = 8.3774e-04
Loss = 4.8198e-02, PNorm = 44.4428, GNorm = 0.1554, lr_0 = 8.2967e-04
Loss = 8.1786e-02, PNorm = 44.4995, GNorm = 0.1877, lr_0 = 8.2169e-04
Loss = 7.6308e-02, PNorm = 44.5439, GNorm = 0.3377, lr_0 = 8.1377e-04
Loss = 8.7885e-02, PNorm = 44.5909, GNorm = 0.2257, lr_0 = 8.0594e-04
Loss = 5.2944e-02, PNorm = 44.6455, GNorm = 0.0846, lr_0 = 7.9818e-04
Loss = 5.7080e-02, PNorm = 44.6916, GNorm = 0.1047, lr_0 = 7.9050e-04
Loss = 5.6950e-02, PNorm = 44.7308, GNorm = 0.0669, lr_0 = 7.8288e-04
Validation auc = 0.929882
Epoch 5
Loss = 6.4272e-02, PNorm = 44.7654, GNorm = 0.2004, lr_0 = 7.7535e-04
Loss = 4.8643e-02, PNorm = 44.8048, GNorm = 0.1107, lr_0 = 7.6788e-04
Loss = 9.5357e-02, PNorm = 44.8366, GNorm = 0.3117, lr_0 = 7.6049e-04
Loss = 8.4284e-02, PNorm = 44.9087, GNorm = 0.2478, lr_0 = 7.5317e-04
Loss = 4.4586e-02, PNorm = 44.9686, GNorm = 0.1851, lr_0 = 7.4591e-04
Loss = 5.6094e-02, PNorm = 45.0195, GNorm = 0.4240, lr_0 = 7.3873e-04
Loss = 7.7000e-02, PNorm = 45.0372, GNorm = 0.2144, lr_0 = 7.3162e-04
Loss = 2.8641e-02, PNorm = 45.0934, GNorm = 0.0495, lr_0 = 7.2458e-04
Loss = 7.7382e-02, PNorm = 45.1042, GNorm = 0.1967, lr_0 = 7.1760e-04
Validation auc = 0.931937
Epoch 6
Loss = 3.6624e-02, PNorm = 45.1606, GNorm = 0.1656, lr_0 = 7.1000e-04
Loss = 6.6397e-02, PNorm = 45.1830, GNorm = 0.1373, lr_0 = 7.0317e-04
Loss = 5.2231e-02, PNorm = 45.2258, GNorm = 0.0887, lr_0 = 6.9640e-04
Loss = 5.0171e-02, PNorm = 45.2486, GNorm = 0.0971, lr_0 = 6.8969e-04
Loss = 5.4156e-02, PNorm = 45.2794, GNorm = 0.1789, lr_0 = 6.8305e-04
Loss = 7.5762e-02, PNorm = 45.3062, GNorm = 0.1200, lr_0 = 6.7648e-04
Loss = 5.8300e-02, PNorm = 45.3393, GNorm = 0.2287, lr_0 = 6.6996e-04
Loss = 6.1270e-02, PNorm = 45.3738, GNorm = 0.2476, lr_0 = 6.6351e-04
Validation auc = 0.947765
Epoch 7
Loss = 6.2646e-02, PNorm = 45.4199, GNorm = 0.2346, lr_0 = 6.5712e-04
Loss = 7.4015e-02, PNorm = 45.4638, GNorm = 0.3390, lr_0 = 6.5080e-04
Loss = 4.8603e-02, PNorm = 45.5312, GNorm = 0.0998, lr_0 = 6.4453e-04
Loss = 4.7964e-02, PNorm = 45.5839, GNorm = 0.1810, lr_0 = 6.3833e-04
Loss = 4.5571e-02, PNorm = 45.6131, GNorm = 0.2002, lr_0 = 6.3218e-04
Loss = 6.0000e-02, PNorm = 45.6364, GNorm = 0.1212, lr_0 = 6.2609e-04
Loss = 3.8011e-02, PNorm = 45.6874, GNorm = 0.2299, lr_0 = 6.2006e-04
Loss = 4.1775e-02, PNorm = 45.7147, GNorm = 0.1953, lr_0 = 6.1409e-04
Loss = 5.8026e-02, PNorm = 45.7333, GNorm = 0.2546, lr_0 = 6.0818e-04
Validation auc = 0.965040
Epoch 8
Loss = 4.6211e-02, PNorm = 45.7597, GNorm = 0.0860, lr_0 = 6.0233e-04
Loss = 4.7158e-02, PNorm = 45.7992, GNorm = 0.1646, lr_0 = 5.9653e-04
Loss = 5.5927e-02, PNorm = 45.8357, GNorm = 0.1368, lr_0 = 5.9078e-04
Loss = 4.1187e-02, PNorm = 45.8813, GNorm = 0.2550, lr_0 = 5.8510e-04
Loss = 5.2136e-02, PNorm = 45.9122, GNorm = 0.2345, lr_0 = 5.7946e-04
Loss = 4.6827e-02, PNorm = 45.9517, GNorm = 0.1027, lr_0 = 5.7388e-04
Loss = 2.8960e-02, PNorm = 45.9872, GNorm = 0.1678, lr_0 = 5.6836e-04
Loss = 7.9417e-02, PNorm = 46.0026, GNorm = 0.2146, lr_0 = 5.6289e-04
Loss = 6.2835e-02, PNorm = 46.0501, GNorm = 0.2025, lr_0 = 5.5747e-04
Loss = 1.1601e-02, PNorm = 46.0536, GNorm = 0.1173, lr_0 = 5.5693e-04
Validation auc = 0.947818
Epoch 9
Loss = 5.6311e-02, PNorm = 46.0853, GNorm = 0.2501, lr_0 = 5.5156e-04
Loss = 4.2409e-02, PNorm = 46.1373, GNorm = 0.0458, lr_0 = 5.4625e-04
Loss = 3.1554e-02, PNorm = 46.1566, GNorm = 0.0441, lr_0 = 5.4100e-04
Loss = 4.4039e-02, PNorm = 46.1653, GNorm = 0.3033, lr_0 = 5.3579e-04
Loss = 4.0512e-02, PNorm = 46.1977, GNorm = 0.1128, lr_0 = 5.3063e-04
Loss = 4.9060e-02, PNorm = 46.2118, GNorm = 0.2944, lr_0 = 5.2552e-04
Loss = 5.8771e-02, PNorm = 46.2558, GNorm = 0.1852, lr_0 = 5.2046e-04
Loss = 5.4119e-02, PNorm = 46.2894, GNorm = 0.2547, lr_0 = 5.1545e-04
Validation auc = 0.949811
Epoch 10
Loss = 4.3632e-02, PNorm = 46.3144, GNorm = 0.2711, lr_0 = 5.1049e-04
Loss = 4.2778e-02, PNorm = 46.3424, GNorm = 0.2320, lr_0 = 5.0557e-04
Loss = 5.3867e-02, PNorm = 46.3610, GNorm = 0.3509, lr_0 = 5.0070e-04
Loss = 5.0938e-02, PNorm = 46.3865, GNorm = 0.3313, lr_0 = 4.9588e-04
Loss = 4.3536e-02, PNorm = 46.4039, GNorm = 0.1290, lr_0 = 4.9111e-04
Loss = 3.5331e-02, PNorm = 46.4385, GNorm = 0.2213, lr_0 = 4.8638e-04
Loss = 7.0950e-02, PNorm = 46.4607, GNorm = 0.2744, lr_0 = 4.8170e-04
Loss = 3.0684e-02, PNorm = 46.5120, GNorm = 0.1200, lr_0 = 4.7706e-04
Loss = 4.0042e-02, PNorm = 46.5278, GNorm = 0.1247, lr_0 = 4.7247e-04
Validation auc = 0.960973
Epoch 11
Loss = 2.8973e-02, PNorm = 46.5651, GNorm = 0.2014, lr_0 = 4.6792e-04
Loss = 4.6641e-02, PNorm = 46.5779, GNorm = 0.3519, lr_0 = 4.6341e-04
Loss = 4.1705e-02, PNorm = 46.5962, GNorm = 0.2231, lr_0 = 4.5895e-04
Loss = 4.5823e-02, PNorm = 46.6169, GNorm = 0.0652, lr_0 = 4.5453e-04
Loss = 4.3321e-02, PNorm = 46.6447, GNorm = 0.2087, lr_0 = 4.5015e-04
Loss = 4.3086e-02, PNorm = 46.6756, GNorm = 0.2786, lr_0 = 4.4582e-04
Loss = 5.5639e-02, PNorm = 46.7021, GNorm = 0.1322, lr_0 = 4.4153e-04
Loss = 3.1554e-02, PNorm = 46.7334, GNorm = 0.3123, lr_0 = 4.3728e-04
Validation auc = 0.952979
Epoch 12
Loss = 2.1613e-02, PNorm = 46.7545, GNorm = 0.0536, lr_0 = 4.3265e-04
Loss = 4.3166e-02, PNorm = 46.7747, GNorm = 0.5034, lr_0 = 4.2848e-04
Loss = 3.4693e-02, PNorm = 46.8026, GNorm = 0.2138, lr_0 = 4.2436e-04
Loss = 4.5925e-02, PNorm = 46.8303, GNorm = 0.0919, lr_0 = 4.2027e-04
Loss = 1.7638e-02, PNorm = 46.8524, GNorm = 0.0659, lr_0 = 4.1622e-04
Loss = 3.4989e-02, PNorm = 46.8631, GNorm = 0.2503, lr_0 = 4.1222e-04
Loss = 4.0268e-02, PNorm = 46.8748, GNorm = 0.0723, lr_0 = 4.0825e-04
Loss = 5.3147e-02, PNorm = 46.8989, GNorm = 0.0982, lr_0 = 4.0432e-04
Loss = 5.2051e-02, PNorm = 46.9096, GNorm = 0.2318, lr_0 = 4.0042e-04
Validation auc = 0.953508
Epoch 13
Loss = 3.6918e-02, PNorm = 46.9286, GNorm = 0.1372, lr_0 = 3.9657e-04
Loss = 4.3928e-02, PNorm = 46.9519, GNorm = 0.0509, lr_0 = 3.9275e-04
Loss = 3.9816e-02, PNorm = 46.9734, GNorm = 0.2110, lr_0 = 3.8897e-04
Loss = 1.5583e-02, PNorm = 47.0099, GNorm = 0.0294, lr_0 = 3.8522e-04
Loss = 5.9172e-02, PNorm = 47.0115, GNorm = 0.3114, lr_0 = 3.8152e-04
Loss = 3.2693e-02, PNorm = 47.0451, GNorm = 0.2184, lr_0 = 3.7784e-04
Loss = 4.8677e-02, PNorm = 47.0606, GNorm = 0.2667, lr_0 = 3.7420e-04
Loss = 4.4340e-02, PNorm = 47.0782, GNorm = 0.2024, lr_0 = 3.7060e-04
Validation auc = 0.952654
Epoch 14
Loss = 3.6995e-02, PNorm = 47.1038, GNorm = 0.2444, lr_0 = 3.6668e-04
Loss = 3.4643e-02, PNorm = 47.1099, GNorm = 0.1444, lr_0 = 3.6315e-04
Loss = 3.6844e-02, PNorm = 47.1375, GNorm = 0.3350, lr_0 = 3.5965e-04
Loss = 4.3205e-02, PNorm = 47.1593, GNorm = 0.3644, lr_0 = 3.5619e-04
Loss = 1.9825e-02, PNorm = 47.1708, GNorm = 0.1477, lr_0 = 3.5276e-04
Loss = 3.1943e-02, PNorm = 47.1895, GNorm = 0.2205, lr_0 = 3.4936e-04
Loss = 5.7200e-02, PNorm = 47.1948, GNorm = 0.4690, lr_0 = 3.4600e-04
Loss = 3.4200e-02, PNorm = 47.2176, GNorm = 0.2082, lr_0 = 3.4267e-04
Loss = 4.1233e-02, PNorm = 47.2333, GNorm = 0.2387, lr_0 = 3.3937e-04
Validation auc = 0.963713
Epoch 15
Loss = 3.6182e-02, PNorm = 47.2483, GNorm = 0.2926, lr_0 = 3.3610e-04
Loss = 2.6985e-02, PNorm = 47.2749, GNorm = 0.2232, lr_0 = 3.3287e-04
Loss = 2.5198e-02, PNorm = 47.2882, GNorm = 0.1522, lr_0 = 3.2966e-04
Loss = 3.6372e-02, PNorm = 47.2935, GNorm = 0.2892, lr_0 = 3.2649e-04
Loss = 4.4548e-02, PNorm = 47.3125, GNorm = 0.2118, lr_0 = 3.2334e-04
Loss = 2.1037e-02, PNorm = 47.3337, GNorm = 0.2880, lr_0 = 3.2023e-04
Loss = 4.0979e-02, PNorm = 47.3440, GNorm = 0.2126, lr_0 = 3.1715e-04
Loss = 4.1495e-02, PNorm = 47.3658, GNorm = 0.1367, lr_0 = 3.1409e-04
Loss = 3.8365e-02, PNorm = 47.3892, GNorm = 0.0986, lr_0 = 3.1107e-04
Validation auc = 0.957338
Epoch 16
Loss = 2.8604e-02, PNorm = 47.4019, GNorm = 0.2175, lr_0 = 3.0807e-04
Loss = 4.3728e-02, PNorm = 47.4111, GNorm = 0.1658, lr_0 = 3.0511e-04
Loss = 1.4830e-02, PNorm = 47.4342, GNorm = 0.1771, lr_0 = 3.0217e-04
Loss = 4.3632e-02, PNorm = 47.4351, GNorm = 0.4486, lr_0 = 2.9926e-04
Loss = 2.8316e-02, PNorm = 47.4456, GNorm = 0.0949, lr_0 = 2.9638e-04
Loss = 4.3820e-02, PNorm = 47.4683, GNorm = 0.2592, lr_0 = 2.9353e-04
Loss = 3.2624e-02, PNorm = 47.4752, GNorm = 0.1421, lr_0 = 2.9070e-04
Loss = 2.9262e-02, PNorm = 47.4876, GNorm = 0.1733, lr_0 = 2.8790e-04
Validation auc = 0.958142
Epoch 17
Loss = 1.5061e-02, PNorm = 47.5030, GNorm = 0.1552, lr_0 = 2.8485e-04
Loss = 3.5433e-02, PNorm = 47.5155, GNorm = 0.2795, lr_0 = 2.8211e-04
Loss = 2.7441e-02, PNorm = 47.5235, GNorm = 0.2725, lr_0 = 2.7939e-04
Loss = 4.4854e-02, PNorm = 47.5419, GNorm = 0.2441, lr_0 = 2.7670e-04
Loss = 2.1745e-02, PNorm = 47.5570, GNorm = 0.0800, lr_0 = 2.7404e-04
Loss = 3.5814e-02, PNorm = 47.5637, GNorm = 0.1651, lr_0 = 2.7140e-04
Loss = 5.5463e-02, PNorm = 47.5779, GNorm = 0.3052, lr_0 = 2.6879e-04
Loss = 2.4301e-02, PNorm = 47.5990, GNorm = 0.3168, lr_0 = 2.6620e-04
Loss = 2.4568e-02, PNorm = 47.6035, GNorm = 0.2712, lr_0 = 2.6364e-04
Validation auc = 0.955403
Epoch 18
Loss = 4.6465e-02, PNorm = 47.6103, GNorm = 0.2960, lr_0 = 2.6110e-04
Loss = 3.3639e-02, PNorm = 47.6320, GNorm = 0.2510, lr_0 = 2.5859e-04
Loss = 2.8062e-02, PNorm = 47.6458, GNorm = 0.2273, lr_0 = 2.5610e-04
Loss = 1.4123e-02, PNorm = 47.6609, GNorm = 0.0533, lr_0 = 2.5363e-04
Loss = 2.1691e-02, PNorm = 47.6708, GNorm = 0.6686, lr_0 = 2.5119e-04
Loss = 3.5336e-02, PNorm = 47.6724, GNorm = 0.0955, lr_0 = 2.4877e-04
Loss = 3.4138e-02, PNorm = 47.6875, GNorm = 0.2511, lr_0 = 2.4638e-04
Loss = 3.2658e-02, PNorm = 47.6991, GNorm = 0.0921, lr_0 = 2.4400e-04
Validation auc = 0.956662
Epoch 19
Loss = 2.4251e-02, PNorm = 47.7052, GNorm = 0.1412, lr_0 = 2.4165e-04
Loss = 3.1326e-02, PNorm = 47.7198, GNorm = 0.0503, lr_0 = 2.3933e-04
Loss = 2.3225e-02, PNorm = 47.7334, GNorm = 0.0851, lr_0 = 2.3702e-04
Loss = 3.8053e-02, PNorm = 47.7357, GNorm = 0.4053, lr_0 = 2.3474e-04
Loss = 2.8869e-02, PNorm = 47.7414, GNorm = 0.2240, lr_0 = 2.3248e-04
Loss = 3.2074e-02, PNorm = 47.7672, GNorm = 0.2067, lr_0 = 2.3024e-04
Loss = 4.3075e-02, PNorm = 47.7802, GNorm = 0.3318, lr_0 = 2.2803e-04
Loss = 2.3933e-02, PNorm = 47.7905, GNorm = 0.1299, lr_0 = 2.2583e-04
Loss = 2.7479e-02, PNorm = 47.8017, GNorm = 0.1205, lr_0 = 2.2366e-04
Validation auc = 0.957637
Epoch 20
Loss = 1.6781e-02, PNorm = 47.8122, GNorm = 0.3752, lr_0 = 2.2129e-04
Loss = 3.0787e-02, PNorm = 47.8151, GNorm = 0.1245, lr_0 = 2.1916e-04
Loss = 2.4359e-02, PNorm = 47.8241, GNorm = 0.2800, lr_0 = 2.1705e-04
Loss = 2.5859e-02, PNorm = 47.8413, GNorm = 0.0395, lr_0 = 2.1496e-04
Loss = 1.6896e-02, PNorm = 47.8458, GNorm = 0.0465, lr_0 = 2.1289e-04
Loss = 2.8121e-02, PNorm = 47.8545, GNorm = 0.0333, lr_0 = 2.1084e-04
Loss = 3.2211e-02, PNorm = 47.8636, GNorm = 0.1412, lr_0 = 2.0881e-04
Loss = 4.7710e-02, PNorm = 47.8770, GNorm = 0.4145, lr_0 = 2.0680e-04
Validation auc = 0.950228
Epoch 21
Loss = 3.5913e-02, PNorm = 47.8901, GNorm = 0.1520, lr_0 = 2.0481e-04
Loss = 2.3250e-02, PNorm = 47.9004, GNorm = 0.1057, lr_0 = 2.0283e-04
Loss = 2.4890e-02, PNorm = 47.9130, GNorm = 0.1314, lr_0 = 2.0088e-04
Loss = 2.3919e-02, PNorm = 47.9263, GNorm = 0.1617, lr_0 = 1.9895e-04
Loss = 2.4406e-02, PNorm = 47.9301, GNorm = 0.1452, lr_0 = 1.9703e-04
Loss = 2.6509e-02, PNorm = 47.9421, GNorm = 0.2556, lr_0 = 1.9514e-04
Loss = 4.6031e-02, PNorm = 47.9493, GNorm = 0.8211, lr_0 = 1.9326e-04
Loss = 2.7708e-02, PNorm = 47.9547, GNorm = 0.3081, lr_0 = 1.9140e-04
Loss = 2.4099e-02, PNorm = 47.9733, GNorm = 0.1146, lr_0 = 1.8955e-04
Validation auc = 0.955710
Epoch 22
Loss = 2.4665e-02, PNorm = 47.9756, GNorm = 0.1417, lr_0 = 1.8773e-04
Loss = 2.1980e-02, PNorm = 47.9800, GNorm = 0.1244, lr_0 = 1.8592e-04
Loss = 3.2165e-02, PNorm = 47.9890, GNorm = 0.0955, lr_0 = 1.8413e-04
Loss = 3.2790e-02, PNorm = 47.9934, GNorm = 0.0992, lr_0 = 1.8236e-04
Loss = 3.0592e-02, PNorm = 47.9974, GNorm = 0.2524, lr_0 = 1.8060e-04
Loss = 3.9463e-02, PNorm = 48.0113, GNorm = 0.1033, lr_0 = 1.7886e-04
Loss = 1.8768e-02, PNorm = 48.0258, GNorm = 0.0409, lr_0 = 1.7714e-04
Loss = 2.5792e-02, PNorm = 48.0321, GNorm = 0.3045, lr_0 = 1.7544e-04
Validation auc = 0.959143
Epoch 23
Loss = 6.1222e-02, PNorm = 48.0374, GNorm = 0.2854, lr_0 = 1.7358e-04
Loss = 2.5568e-02, PNorm = 48.0477, GNorm = 0.1147, lr_0 = 1.7191e-04
Loss = 2.3350e-02, PNorm = 48.0543, GNorm = 0.1122, lr_0 = 1.7025e-04
Loss = 2.1277e-02, PNorm = 48.0593, GNorm = 0.1955, lr_0 = 1.6861e-04
Loss = 2.2411e-02, PNorm = 48.0687, GNorm = 0.1930, lr_0 = 1.6699e-04
Loss = 1.9311e-02, PNorm = 48.0738, GNorm = 0.0346, lr_0 = 1.6538e-04
Loss = 2.9566e-02, PNorm = 48.0805, GNorm = 0.1353, lr_0 = 1.6379e-04
Loss = 2.5022e-02, PNorm = 48.0860, GNorm = 0.2145, lr_0 = 1.6221e-04
Loss = 2.7469e-02, PNorm = 48.0958, GNorm = 0.2220, lr_0 = 1.6065e-04
Validation auc = 0.951032
Epoch 24
Loss = 2.2524e-02, PNorm = 48.1073, GNorm = 0.3064, lr_0 = 1.5910e-04
Loss = 2.2957e-02, PNorm = 48.1132, GNorm = 0.0587, lr_0 = 1.5757e-04
Loss = 2.1366e-02, PNorm = 48.1195, GNorm = 0.3221, lr_0 = 1.5605e-04
Loss = 1.8748e-02, PNorm = 48.1248, GNorm = 0.2358, lr_0 = 1.5455e-04
Loss = 3.9317e-02, PNorm = 48.1287, GNorm = 0.2280, lr_0 = 1.5306e-04
Loss = 2.6156e-02, PNorm = 48.1296, GNorm = 0.3783, lr_0 = 1.5159e-04
Loss = 3.6998e-02, PNorm = 48.1432, GNorm = 0.3225, lr_0 = 1.5013e-04
Loss = 1.8470e-02, PNorm = 48.1558, GNorm = 0.0338, lr_0 = 1.4869e-04
Loss = 2.0863e-02, PNorm = 48.1595, GNorm = 0.1442, lr_0 = 1.4725e-04
Validation auc = 0.953740
Epoch 25
Loss = 1.7784e-02, PNorm = 48.1659, GNorm = 0.2857, lr_0 = 1.4584e-04
Loss = 2.9027e-02, PNorm = 48.1721, GNorm = 0.1044, lr_0 = 1.4443e-04
Loss = 1.3514e-02, PNorm = 48.1866, GNorm = 0.1895, lr_0 = 1.4304e-04
Loss = 2.5860e-02, PNorm = 48.1946, GNorm = 0.0886, lr_0 = 1.4166e-04
Loss = 1.7822e-02, PNorm = 48.2046, GNorm = 0.3309, lr_0 = 1.4030e-04
Loss = 2.1533e-02, PNorm = 48.2086, GNorm = 0.1460, lr_0 = 1.3895e-04
Loss = 2.0415e-02, PNorm = 48.2089, GNorm = 0.1874, lr_0 = 1.3761e-04
Loss = 3.5625e-02, PNorm = 48.2141, GNorm = 0.6650, lr_0 = 1.3629e-04
Validation auc = 0.959318
Epoch 26
Loss = 2.9328e-02, PNorm = 48.2211, GNorm = 0.3384, lr_0 = 1.3484e-04
Loss = 2.0023e-02, PNorm = 48.2283, GNorm = 0.2441, lr_0 = 1.3355e-04
Loss = 2.5023e-02, PNorm = 48.2290, GNorm = 0.1241, lr_0 = 1.3226e-04
Loss = 3.2298e-02, PNorm = 48.2360, GNorm = 0.2206, lr_0 = 1.3099e-04
Loss = 2.4198e-02, PNorm = 48.2450, GNorm = 0.1688, lr_0 = 1.2973e-04
Loss = 2.6833e-02, PNorm = 48.2482, GNorm = 0.7357, lr_0 = 1.2848e-04
Loss = 2.3770e-02, PNorm = 48.2502, GNorm = 0.1686, lr_0 = 1.2724e-04
Loss = 1.9209e-02, PNorm = 48.2599, GNorm = 0.4485, lr_0 = 1.2601e-04
Loss = 1.4638e-02, PNorm = 48.2678, GNorm = 0.1581, lr_0 = 1.2480e-04
Validation auc = 0.957377
Epoch 27
Loss = 9.0154e-03, PNorm = 48.2693, GNorm = 0.1814, lr_0 = 1.2360e-04
Loss = 2.3897e-02, PNorm = 48.2719, GNorm = 0.2801, lr_0 = 1.2241e-04
Loss = 2.3801e-02, PNorm = 48.2806, GNorm = 0.3977, lr_0 = 1.2123e-04
Loss = 2.0821e-02, PNorm = 48.2876, GNorm = 0.7308, lr_0 = 1.2006e-04
Loss = 2.7151e-02, PNorm = 48.2858, GNorm = 0.3444, lr_0 = 1.1891e-04
Loss = 1.6576e-02, PNorm = 48.2932, GNorm = 0.1010, lr_0 = 1.1776e-04
Loss = 1.7581e-02, PNorm = 48.3071, GNorm = 0.0968, lr_0 = 1.1663e-04
Loss = 2.6919e-02, PNorm = 48.3085, GNorm = 0.8565, lr_0 = 1.1551e-04
Validation auc = 0.960184
Epoch 28
Loss = 3.4538e-02, PNorm = 48.3100, GNorm = 0.3129, lr_0 = 1.1428e-04
Loss = 2.4334e-02, PNorm = 48.3210, GNorm = 0.4825, lr_0 = 1.1318e-04
Loss = 2.0234e-02, PNorm = 48.3280, GNorm = 0.1676, lr_0 = 1.1209e-04
Loss = 2.8524e-02, PNorm = 48.3258, GNorm = 0.0953, lr_0 = 1.1101e-04
Loss = 1.5010e-02, PNorm = 48.3313, GNorm = 0.1087, lr_0 = 1.0995e-04
Loss = 1.9113e-02, PNorm = 48.3381, GNorm = 0.0123, lr_0 = 1.0889e-04
Loss = 2.7544e-02, PNorm = 48.3382, GNorm = 0.1109, lr_0 = 1.0784e-04
Loss = 1.8714e-02, PNorm = 48.3445, GNorm = 0.2886, lr_0 = 1.0680e-04
Loss = 2.9654e-02, PNorm = 48.3486, GNorm = 0.1192, lr_0 = 1.0577e-04
Validation auc = 0.958060
Epoch 29
Loss = 2.5562e-02, PNorm = 48.3488, GNorm = 0.3245, lr_0 = 1.0475e-04
Loss = 1.3046e-02, PNorm = 48.3536, GNorm = 0.1947, lr_0 = 1.0374e-04
Loss = 1.4760e-02, PNorm = 48.3588, GNorm = 0.1651, lr_0 = 1.0275e-04
Loss = 2.0222e-02, PNorm = 48.3631, GNorm = 0.3195, lr_0 = 1.0176e-04
Loss = 2.4749e-02, PNorm = 48.3694, GNorm = 0.8102, lr_0 = 1.0078e-04
Loss = 2.4891e-02, PNorm = 48.3690, GNorm = 0.1655, lr_0 = 1.0000e-04
Loss = 2.1022e-02, PNorm = 48.3727, GNorm = 0.1681, lr_0 = 1.0000e-04
Loss = 3.3308e-02, PNorm = 48.3778, GNorm = 0.8045, lr_0 = 1.0000e-04
Validation auc = 0.963182
Model 0 best validation auc = 0.965040 on epoch 7
Loading pretrained parameter "encoder.encoder.0.cached_zero_vector".
Loading pretrained parameter "encoder.encoder.0.W_i.weight".
Loading pretrained parameter "encoder.encoder.0.W_h.weight".
Loading pretrained parameter "encoder.encoder.0.W_o.weight".
Loading pretrained parameter "encoder.encoder.0.W_o.bias".
Loading pretrained parameter "ffn.1.weight".
Loading pretrained parameter "ffn.1.bias".
Loading pretrained parameter "ffn.4.weight".
Loading pretrained parameter "ffn.4.bias".
Moving model to cuda
Model 0 test auc = 0.756642
Ensemble test auc = 0.756642
Fold 1
Splitting data with seed 1
Total scaffolds = 3,467 | train scaffolds = 2,658 | val scaffolds = 399 | test scaffolds = 410
Label averages per scaffold, in decreasing order of scaffold frequency,capped at 10 scaffolds and 20 labels:
Scaffold 0
Task 0: count = 381 | target average = 0.018373
Task 1: count = 381 | target average = 0.013123


Scaffold 1
Task 0: count = 305 | target average = 0.009836
Task 1: count = 305 | target average = 0.016393


Scaffold 2
Task 0: count = 36 | target average = 0.000000
Task 1: count = 36 | target average = 0.000000


Scaffold 3
Task 0: count = 29 | target average = 0.000000
Task 1: count = 29 | target average = 0.000000


Scaffold 4
Task 0: count = 26 | target average = 0.000000
Task 1: count = 26 | target average = 0.000000


Scaffold 5
Task 0: count = 23 | target average = 0.000000
Task 1: count = 23 | target average = 0.000000


Scaffold 6
Task 0: count = 22 | target average = 0.090909
Task 1: count = 22 | target average = 0.090909


Scaffold 7
Task 0: count = 20 | target average = 0.050000
Task 1: count = 20 | target average = 0.000000


Scaffold 8
Task 0: count = 20 | target average = 0.000000
Task 1: count = 20 | target average = 0.000000


Scaffold 9
Task 0: count = 20 | target average = 0.000000
Task 1: count = 20 | target average = 0.000000


Class sizes
hit_inh 0: 97.83%, 1: 2.17%
hit_kill 0: 98.64%, 1: 1.36%
Total size = 5,353 | train size = 4,282 | val size = 535 | test size = 536
Building model 0
MoleculeModel(
  (sigmoid): Sigmoid()
  (encoder): MPN(
    (encoder): ModuleList(
      (0): MPNEncoder(
        (dropout_layer): Dropout(p=0.25, inplace=False)
        (act_func): ReLU()
        (W_i): Linear(in_features=147, out_features=500, bias=False)
        (W_h): Linear(in_features=500, out_features=500, bias=False)
        (W_o): Linear(in_features=633, out_features=500, bias=True)
      )
    )
  )
  (ffn): Sequential(
    (0): Dropout(p=0.25, inplace=False)
    (1): Linear(in_features=700, out_features=500, bias=True)
    (2): ReLU()
    (3): Dropout(p=0.25, inplace=False)
    (4): Linear(in_features=500, out_features=2, bias=True)
  )
)
Number of parameters = 992,002
Moving model to cuda
Epoch 0
Loss = 2.1860e-01, PNorm = 43.2956, GNorm = 0.2460, lr_0 = 1.5824e-04
Loss = 1.0878e-01, PNorm = 43.3037, GNorm = 0.6894, lr_0 = 2.1118e-04
Loss = 9.1218e-02, PNorm = 43.3050, GNorm = 0.9333, lr_0 = 2.6412e-04
Loss = 7.9056e-02, PNorm = 43.3067, GNorm = 0.2949, lr_0 = 3.1706e-04
Loss = 8.9644e-02, PNorm = 43.3155, GNorm = 0.1940, lr_0 = 3.7000e-04
Loss = 1.1419e-01, PNorm = 43.3203, GNorm = 0.2013, lr_0 = 4.2294e-04
Loss = 1.0736e-01, PNorm = 43.3338, GNorm = 0.2262, lr_0 = 4.7588e-04
Loss = 1.0509e-01, PNorm = 43.3442, GNorm = 0.1944, lr_0 = 5.2882e-04
Validation auc = 0.796088
Epoch 1
Loss = 5.0561e-02, PNorm = 43.3668, GNorm = 0.2833, lr_0 = 5.8706e-04
Loss = 9.9188e-02, PNorm = 43.3798, GNorm = 0.2270, lr_0 = 6.4000e-04
Loss = 1.0043e-01, PNorm = 43.4020, GNorm = 0.2468, lr_0 = 6.9294e-04
Loss = 8.1907e-02, PNorm = 43.4343, GNorm = 0.1713, lr_0 = 7.4588e-04
Loss = 7.0164e-02, PNorm = 43.4584, GNorm = 0.3304, lr_0 = 7.9882e-04
Loss = 6.2730e-02, PNorm = 43.4843, GNorm = 0.1359, lr_0 = 8.5176e-04
Loss = 8.2719e-02, PNorm = 43.5120, GNorm = 0.2288, lr_0 = 9.0471e-04
Loss = 8.7228e-02, PNorm = 43.5479, GNorm = 0.1433, lr_0 = 9.5765e-04
Loss = 1.0808e-01, PNorm = 43.5882, GNorm = 0.3658, lr_0 = 9.9807e-04
Validation auc = 0.853799
Epoch 2
Loss = 7.2776e-02, PNorm = 43.6471, GNorm = 0.0577, lr_0 = 9.8846e-04
Loss = 9.3265e-02, PNorm = 43.6845, GNorm = 0.2759, lr_0 = 9.7894e-04
Loss = 7.8521e-02, PNorm = 43.7400, GNorm = 0.1345, lr_0 = 9.6952e-04
Loss = 7.7444e-02, PNorm = 43.7746, GNorm = 0.1938, lr_0 = 9.6018e-04
Loss = 5.2402e-02, PNorm = 43.8223, GNorm = 0.1520, lr_0 = 9.5094e-04
Loss = 6.8751e-02, PNorm = 43.8463, GNorm = 0.1505, lr_0 = 9.4178e-04
Loss = 8.4796e-02, PNorm = 43.8738, GNorm = 0.1759, lr_0 = 9.3271e-04
Loss = 7.8030e-02, PNorm = 43.9179, GNorm = 0.2987, lr_0 = 9.2373e-04
Validation auc = 0.901984
Epoch 3
Loss = 1.1546e-01, PNorm = 43.9678, GNorm = 0.2594, lr_0 = 9.1395e-04
Loss = 9.2105e-02, PNorm = 44.0144, GNorm = 0.2828, lr_0 = 9.0515e-04
Loss = 4.8391e-02, PNorm = 44.0530, GNorm = 0.1827, lr_0 = 8.9644e-04
Loss = 6.2488e-02, PNorm = 44.0883, GNorm = 0.3472, lr_0 = 8.8781e-04
Loss = 6.4794e-02, PNorm = 44.1229, GNorm = 0.1425, lr_0 = 8.7926e-04
Loss = 7.5309e-02, PNorm = 44.1644, GNorm = 0.1927, lr_0 = 8.7080e-04
Loss = 6.9178e-02, PNorm = 44.2011, GNorm = 0.1523, lr_0 = 8.6241e-04
Loss = 9.3109e-02, PNorm = 44.2433, GNorm = 0.2084, lr_0 = 8.5411e-04
Loss = 6.6824e-02, PNorm = 44.2862, GNorm = 0.2073, lr_0 = 8.4588e-04
Validation auc = 0.838127
Epoch 4
Loss = 4.2593e-02, PNorm = 44.3245, GNorm = 0.0985, lr_0 = 8.3774e-04
Loss = 7.2361e-02, PNorm = 44.3646, GNorm = 0.4168, lr_0 = 8.2967e-04
Loss = 8.9420e-02, PNorm = 44.4053, GNorm = 0.1788, lr_0 = 8.2169e-04
Loss = 6.2935e-02, PNorm = 44.4609, GNorm = 0.3157, lr_0 = 8.1377e-04
Loss = 8.4070e-02, PNorm = 44.4858, GNorm = 0.1961, lr_0 = 8.0594e-04
Loss = 5.3770e-02, PNorm = 44.5398, GNorm = 0.3579, lr_0 = 7.9818e-04
Loss = 8.9230e-02, PNorm = 44.5573, GNorm = 0.1617, lr_0 = 7.9050e-04
Loss = 7.6181e-02, PNorm = 44.5991, GNorm = 0.1598, lr_0 = 7.8288e-04
Validation auc = 0.858724
Epoch 5
Loss = 5.5331e-02, PNorm = 44.6518, GNorm = 0.2499, lr_0 = 7.7535e-04
Loss = 5.8843e-02, PNorm = 44.6683, GNorm = 0.1354, lr_0 = 7.6788e-04
Loss = 5.3129e-02, PNorm = 44.7156, GNorm = 0.1575, lr_0 = 7.6049e-04
Loss = 4.1987e-02, PNorm = 44.7591, GNorm = 0.3003, lr_0 = 7.5317e-04
Loss = 7.3977e-02, PNorm = 44.7707, GNorm = 0.1602, lr_0 = 7.4591e-04
Loss = 7.0393e-02, PNorm = 44.8227, GNorm = 0.4221, lr_0 = 7.3873e-04
Loss = 7.0993e-02, PNorm = 44.8598, GNorm = 0.3095, lr_0 = 7.3162e-04
Loss = 5.8699e-02, PNorm = 44.9028, GNorm = 0.1283, lr_0 = 7.2458e-04
Loss = 6.3213e-02, PNorm = 44.9260, GNorm = 0.1527, lr_0 = 7.1760e-04
Validation auc = 0.872076
Epoch 6
Loss = 6.4941e-02, PNorm = 44.9752, GNorm = 0.2304, lr_0 = 7.1000e-04
Loss = 8.1706e-02, PNorm = 45.0092, GNorm = 0.2101, lr_0 = 7.0317e-04
Loss = 4.0768e-02, PNorm = 45.0606, GNorm = 0.1871, lr_0 = 6.9640e-04
Loss = 4.7471e-02, PNorm = 45.0973, GNorm = 0.2749, lr_0 = 6.8969e-04
Loss = 4.9679e-02, PNorm = 45.1260, GNorm = 0.0787, lr_0 = 6.8305e-04
Loss = 6.2599e-02, PNorm = 45.1538, GNorm = 0.1630, lr_0 = 6.7648e-04
Loss = 6.1133e-02, PNorm = 45.1818, GNorm = 0.3076, lr_0 = 6.6996e-04
Loss = 6.5423e-02, PNorm = 45.2139, GNorm = 0.1376, lr_0 = 6.6351e-04
Validation auc = 0.894119
Epoch 7
Loss = 8.1934e-03, PNorm = 45.2663, GNorm = 0.0548, lr_0 = 6.5712e-04
Loss = 5.0545e-02, PNorm = 45.3220, GNorm = 0.1096, lr_0 = 6.5080e-04
Loss = 7.6729e-02, PNorm = 45.3591, GNorm = 1.4002, lr_0 = 6.4453e-04
Loss = 7.9284e-02, PNorm = 45.4093, GNorm = 0.1762, lr_0 = 6.3833e-04
Loss = 6.5423e-02, PNorm = 45.4592, GNorm = 0.1008, lr_0 = 6.3218e-04
Loss = 4.6461e-02, PNorm = 45.5163, GNorm = 0.1707, lr_0 = 6.2609e-04
Loss = 4.6718e-02, PNorm = 45.5561, GNorm = 0.1027, lr_0 = 6.2006e-04
Loss = 5.0185e-02, PNorm = 45.5918, GNorm = 0.3343, lr_0 = 6.1409e-04
Loss = 5.7924e-02, PNorm = 45.6115, GNorm = 0.2281, lr_0 = 6.0818e-04
Validation auc = 0.871305
Epoch 8
Loss = 2.7640e-02, PNorm = 45.6484, GNorm = 0.0389, lr_0 = 6.0233e-04
Loss = 4.8764e-02, PNorm = 45.6689, GNorm = 0.1779, lr_0 = 5.9653e-04
Loss = 4.3457e-02, PNorm = 45.7030, GNorm = 0.1223, lr_0 = 5.9078e-04
Loss = 4.4784e-02, PNorm = 45.7259, GNorm = 0.0828, lr_0 = 5.8510e-04
Loss = 4.5585e-02, PNorm = 45.7556, GNorm = 0.1188, lr_0 = 5.7946e-04
Loss = 6.0571e-02, PNorm = 45.7805, GNorm = 0.1456, lr_0 = 5.7388e-04
Loss = 4.9435e-02, PNorm = 45.8093, GNorm = 0.0854, lr_0 = 5.6836e-04
Loss = 6.0968e-02, PNorm = 45.8465, GNorm = 0.1445, lr_0 = 5.6289e-04
Loss = 7.7637e-02, PNorm = 45.8739, GNorm = 0.2907, lr_0 = 5.5747e-04
Loss = 1.7942e-02, PNorm = 45.8777, GNorm = 0.1466, lr_0 = 5.5693e-04
Validation auc = 0.865094
Epoch 9
Loss = 3.1986e-02, PNorm = 45.9187, GNorm = 0.1062, lr_0 = 5.5156e-04
Loss = 4.9698e-02, PNorm = 45.9461, GNorm = 0.0767, lr_0 = 5.4625e-04
Loss = 6.3791e-02, PNorm = 45.9822, GNorm = 0.1317, lr_0 = 5.4100e-04
Loss = 5.5603e-02, PNorm = 46.0205, GNorm = 0.5006, lr_0 = 5.3579e-04
Loss = 6.4994e-02, PNorm = 46.0428, GNorm = 0.1592, lr_0 = 5.3063e-04
Loss = 3.7939e-02, PNorm = 46.0955, GNorm = 0.1987, lr_0 = 5.2552e-04
Loss = 4.0446e-02, PNorm = 46.1234, GNorm = 0.1516, lr_0 = 5.2046e-04
Loss = 6.4703e-02, PNorm = 46.1568, GNorm = 0.1991, lr_0 = 5.1545e-04
Validation auc = 0.889416
Epoch 10
Loss = 3.3775e-02, PNorm = 46.1920, GNorm = 0.1538, lr_0 = 5.1049e-04
Loss = 2.9547e-02, PNorm = 46.2248, GNorm = 0.1157, lr_0 = 5.0557e-04
Loss = 3.5731e-02, PNorm = 46.2486, GNorm = 0.2169, lr_0 = 5.0070e-04
Loss = 5.2602e-02, PNorm = 46.2746, GNorm = 0.1731, lr_0 = 4.9588e-04
Loss = 5.6673e-02, PNorm = 46.2958, GNorm = 0.5444, lr_0 = 4.9111e-04
Loss = 7.9320e-02, PNorm = 46.3315, GNorm = 0.3273, lr_0 = 4.8638e-04
Loss = 4.4560e-02, PNorm = 46.3686, GNorm = 0.1939, lr_0 = 4.8170e-04
Loss = 4.4441e-02, PNorm = 46.3955, GNorm = 0.1496, lr_0 = 4.7706e-04
Loss = 5.9965e-02, PNorm = 46.4254, GNorm = 0.1383, lr_0 = 4.7247e-04
Validation auc = 0.871597
Epoch 11
Loss = 3.4177e-02, PNorm = 46.4538, GNorm = 0.0295, lr_0 = 4.6792e-04
Loss = 2.2004e-02, PNorm = 46.4797, GNorm = 0.3218, lr_0 = 4.6341e-04
Loss = 4.1757e-02, PNorm = 46.4961, GNorm = 0.1674, lr_0 = 4.5895e-04
Loss = 5.9969e-02, PNorm = 46.5243, GNorm = 0.3044, lr_0 = 4.5453e-04
Loss = 5.1315e-02, PNorm = 46.5635, GNorm = 0.0559, lr_0 = 4.5015e-04
Loss = 3.3339e-02, PNorm = 46.5825, GNorm = 0.0659, lr_0 = 4.4582e-04
Loss = 7.1126e-02, PNorm = 46.6009, GNorm = 0.3415, lr_0 = 4.4153e-04
Loss = 3.2601e-02, PNorm = 46.6380, GNorm = 0.1318, lr_0 = 4.3728e-04
Validation auc = 0.886649
Epoch 12
Loss = 2.4756e-02, PNorm = 46.6652, GNorm = 0.1765, lr_0 = 4.3265e-04
Loss = 3.4700e-02, PNorm = 46.7135, GNorm = 0.2533, lr_0 = 4.2848e-04
Loss = 3.7050e-02, PNorm = 46.7391, GNorm = 0.9760, lr_0 = 4.2436e-04
Loss = 2.2758e-02, PNorm = 46.7597, GNorm = 0.1271, lr_0 = 4.2027e-04
Loss = 5.3727e-02, PNorm = 46.7815, GNorm = 0.2675, lr_0 = 4.1622e-04
Loss = 3.8030e-02, PNorm = 46.8011, GNorm = 0.1085, lr_0 = 4.1222e-04
Loss = 6.7461e-02, PNorm = 46.8209, GNorm = 0.2576, lr_0 = 4.0825e-04
Loss = 5.2441e-02, PNorm = 46.8570, GNorm = 0.2891, lr_0 = 4.0432e-04
Loss = 5.5693e-02, PNorm = 46.8866, GNorm = 0.5159, lr_0 = 4.0042e-04
Validation auc = 0.875761
Epoch 13
Loss = 3.3689e-02, PNorm = 46.9055, GNorm = 0.2592, lr_0 = 3.9657e-04
Loss = 3.0467e-02, PNorm = 46.9383, GNorm = 0.0286, lr_0 = 3.9275e-04
Loss = 4.1109e-02, PNorm = 46.9536, GNorm = 0.2727, lr_0 = 3.8897e-04
Loss = 3.7089e-02, PNorm = 46.9670, GNorm = 0.1276, lr_0 = 3.8522e-04
Loss = 3.9097e-02, PNorm = 46.9939, GNorm = 0.1759, lr_0 = 3.8152e-04
Loss = 3.8029e-02, PNorm = 47.0129, GNorm = 0.2276, lr_0 = 3.7784e-04
Loss = 6.1771e-02, PNorm = 47.0261, GNorm = 0.3437, lr_0 = 3.7420e-04
Loss = 3.6143e-02, PNorm = 47.0472, GNorm = 0.1338, lr_0 = 3.7060e-04
Validation auc = 0.867683
Epoch 14
Loss = 3.4527e-02, PNorm = 47.0741, GNorm = 0.2403, lr_0 = 3.6668e-04
Loss = 3.2307e-02, PNorm = 47.1042, GNorm = 0.3815, lr_0 = 3.6315e-04
Loss = 7.1694e-02, PNorm = 47.1237, GNorm = 0.3338, lr_0 = 3.5965e-04
Loss = 3.1058e-02, PNorm = 47.1692, GNorm = 0.1869, lr_0 = 3.5619e-04
Loss = 2.6479e-02, PNorm = 47.1864, GNorm = 0.1981, lr_0 = 3.5276e-04
Loss = 2.9959e-02, PNorm = 47.1976, GNorm = 0.1109, lr_0 = 3.4936e-04
Loss = 6.0039e-02, PNorm = 47.2089, GNorm = 0.1726, lr_0 = 3.4600e-04
Loss = 3.7373e-02, PNorm = 47.2361, GNorm = 0.1852, lr_0 = 3.4267e-04
Loss = 2.5672e-02, PNorm = 47.2635, GNorm = 0.2957, lr_0 = 3.3937e-04
Validation auc = 0.867450
Epoch 15
Loss = 5.4891e-02, PNorm = 47.2707, GNorm = 0.1871, lr_0 = 3.3610e-04
Loss = 2.7933e-02, PNorm = 47.2879, GNorm = 0.0864, lr_0 = 3.3287e-04
Loss = 4.7288e-02, PNorm = 47.3009, GNorm = 0.2631, lr_0 = 3.2966e-04
Loss = 3.4924e-02, PNorm = 47.3141, GNorm = 0.1978, lr_0 = 3.2649e-04
Loss = 2.9537e-02, PNorm = 47.3374, GNorm = 0.3912, lr_0 = 3.2334e-04
Loss = 4.4634e-02, PNorm = 47.3511, GNorm = 0.0823, lr_0 = 3.2023e-04
Loss = 3.6726e-02, PNorm = 47.3648, GNorm = 0.1996, lr_0 = 3.1715e-04
Loss = 3.7084e-02, PNorm = 47.3876, GNorm = 0.2396, lr_0 = 3.1409e-04
Loss = 3.5408e-02, PNorm = 47.4097, GNorm = 0.0675, lr_0 = 3.1107e-04
Validation auc = 0.882399
Epoch 16
Loss = 3.6710e-02, PNorm = 47.4249, GNorm = 0.1465, lr_0 = 3.0807e-04
Loss = 2.4600e-02, PNorm = 47.4417, GNorm = 0.0699, lr_0 = 3.0511e-04
Loss = 4.0031e-02, PNorm = 47.4571, GNorm = 0.2085, lr_0 = 3.0217e-04
Loss = 2.8917e-02, PNorm = 47.4807, GNorm = 0.1989, lr_0 = 2.9926e-04
Loss = 4.4634e-02, PNorm = 47.4930, GNorm = 0.2477, lr_0 = 2.9638e-04
Loss = 5.4523e-02, PNorm = 47.5165, GNorm = 0.1180, lr_0 = 2.9353e-04
Loss = 3.1993e-02, PNorm = 47.5399, GNorm = 0.4397, lr_0 = 2.9070e-04
Loss = 1.8270e-02, PNorm = 47.5524, GNorm = 0.1935, lr_0 = 2.8790e-04
Validation auc = 0.882608
Epoch 17
Loss = 3.4928e-02, PNorm = 47.5726, GNorm = 0.0457, lr_0 = 2.8485e-04
Loss = 4.2110e-02, PNorm = 47.5814, GNorm = 0.3029, lr_0 = 2.8211e-04
Loss = 4.5130e-02, PNorm = 47.5989, GNorm = 0.1391, lr_0 = 2.7939e-04
Loss = 3.1194e-02, PNorm = 47.6217, GNorm = 0.1617, lr_0 = 2.7670e-04
Loss = 1.9844e-02, PNorm = 47.6377, GNorm = 0.1540, lr_0 = 2.7404e-04
Loss = 2.2849e-02, PNorm = 47.6447, GNorm = 0.2710, lr_0 = 2.7140e-04
Loss = 3.3956e-02, PNorm = 47.6567, GNorm = 0.1926, lr_0 = 2.6879e-04
Loss = 2.7711e-02, PNorm = 47.6709, GNorm = 0.1078, lr_0 = 2.6620e-04
Loss = 4.1524e-02, PNorm = 47.6798, GNorm = 0.3281, lr_0 = 2.6364e-04
Validation auc = 0.884866
Epoch 18
Loss = 1.9981e-02, PNorm = 47.6942, GNorm = 0.0556, lr_0 = 2.6110e-04
Loss = 3.7746e-02, PNorm = 47.6993, GNorm = 0.2937, lr_0 = 2.5859e-04
Loss = 5.2510e-02, PNorm = 47.7134, GNorm = 0.3621, lr_0 = 2.5610e-04
Loss = 4.6180e-02, PNorm = 47.7423, GNorm = 0.5059, lr_0 = 2.5363e-04
Loss = 5.5325e-02, PNorm = 47.7459, GNorm = 0.2759, lr_0 = 2.5119e-04
Loss = 2.3193e-02, PNorm = 47.7642, GNorm = 0.0920, lr_0 = 2.4877e-04
Loss = 3.4750e-02, PNorm = 47.7839, GNorm = 0.2067, lr_0 = 2.4638e-04
Loss = 3.1889e-02, PNorm = 47.7930, GNorm = 0.3024, lr_0 = 2.4400e-04
Validation auc = 0.883476
Epoch 19
Loss = 2.9169e-02, PNorm = 47.8009, GNorm = 0.1891, lr_0 = 2.4165e-04
Loss = 3.0777e-02, PNorm = 47.8071, GNorm = 0.1688, lr_0 = 2.3933e-04
Loss = 3.7104e-02, PNorm = 47.8166, GNorm = 0.1024, lr_0 = 2.3702e-04
Loss = 2.4955e-02, PNorm = 47.8292, GNorm = 0.1675, lr_0 = 2.3474e-04
Loss = 2.5264e-02, PNorm = 47.8466, GNorm = 0.3364, lr_0 = 2.3248e-04
Loss = 5.7196e-02, PNorm = 47.8562, GNorm = 0.2617, lr_0 = 2.3024e-04
Loss = 4.5405e-02, PNorm = 47.8679, GNorm = 0.2688, lr_0 = 2.2803e-04
Loss = 1.7088e-02, PNorm = 47.8853, GNorm = 0.1865, lr_0 = 2.2583e-04
Loss = 2.6101e-02, PNorm = 47.8917, GNorm = 0.1114, lr_0 = 2.2366e-04
Validation auc = 0.878261
Epoch 20
Loss = 3.1217e-02, PNorm = 47.9061, GNorm = 0.3646, lr_0 = 2.2129e-04
Loss = 2.8928e-02, PNorm = 47.9208, GNorm = 0.0568, lr_0 = 2.1916e-04
Loss = 3.1284e-02, PNorm = 47.9339, GNorm = 0.0584, lr_0 = 2.1705e-04
Loss = 1.8783e-02, PNorm = 47.9428, GNorm = 0.1076, lr_0 = 2.1496e-04
Loss = 3.3607e-02, PNorm = 47.9532, GNorm = 0.0866, lr_0 = 2.1289e-04
Loss = 3.8710e-02, PNorm = 47.9568, GNorm = 0.3462, lr_0 = 2.1084e-04
Loss = 2.2910e-02, PNorm = 47.9714, GNorm = 0.1791, lr_0 = 2.0881e-04
Loss = 3.4080e-02, PNorm = 47.9865, GNorm = 0.4809, lr_0 = 2.0680e-04
Validation auc = 0.883804
Epoch 21
Loss = 2.8856e-02, PNorm = 47.9836, GNorm = 0.3201, lr_0 = 2.0481e-04
Loss = 3.2637e-02, PNorm = 48.0016, GNorm = 0.0991, lr_0 = 2.0283e-04
Loss = 1.9300e-02, PNorm = 48.0119, GNorm = 0.0675, lr_0 = 2.0088e-04
Loss = 4.5816e-02, PNorm = 48.0147, GNorm = 0.3648, lr_0 = 1.9895e-04
Loss = 3.0144e-02, PNorm = 48.0234, GNorm = 0.1382, lr_0 = 1.9703e-04
Loss = 3.7848e-02, PNorm = 48.0378, GNorm = 0.0992, lr_0 = 1.9514e-04
Loss = 3.0095e-02, PNorm = 48.0536, GNorm = 0.1216, lr_0 = 1.9326e-04
Loss = 2.0989e-02, PNorm = 48.0643, GNorm = 0.0808, lr_0 = 1.9140e-04
Loss = 3.4767e-02, PNorm = 48.0754, GNorm = 0.5359, lr_0 = 1.8955e-04
Validation auc = 0.868769
Epoch 22
Loss = 8.4157e-03, PNorm = 48.0821, GNorm = 0.3613, lr_0 = 1.8773e-04
Loss = 3.7941e-02, PNorm = 48.0836, GNorm = 0.1578, lr_0 = 1.8592e-04
Loss = 1.3650e-02, PNorm = 48.0946, GNorm = 0.1276, lr_0 = 1.8413e-04
Loss = 1.6770e-02, PNorm = 48.1120, GNorm = 0.0717, lr_0 = 1.8236e-04
Loss = 4.5107e-02, PNorm = 48.1116, GNorm = 0.0578, lr_0 = 1.8060e-04
Loss = 2.2098e-02, PNorm = 48.1202, GNorm = 0.1928, lr_0 = 1.7886e-04
Loss = 4.3913e-02, PNorm = 48.1381, GNorm = 0.3506, lr_0 = 1.7714e-04
Loss = 3.6455e-02, PNorm = 48.1450, GNorm = 0.3532, lr_0 = 1.7544e-04
Validation auc = 0.876055
Epoch 23
Loss = 4.7839e-02, PNorm = 48.1567, GNorm = 0.2916, lr_0 = 1.7358e-04
Loss = 2.4509e-02, PNorm = 48.1692, GNorm = 0.3764, lr_0 = 1.7191e-04
Loss = 4.3514e-02, PNorm = 48.1707, GNorm = 0.1838, lr_0 = 1.7025e-04
Loss = 1.7005e-02, PNorm = 48.1840, GNorm = 0.1003, lr_0 = 1.6861e-04
Loss = 2.0502e-02, PNorm = 48.1924, GNorm = 0.0352, lr_0 = 1.6699e-04
Loss = 2.2927e-02, PNorm = 48.1969, GNorm = 0.1439, lr_0 = 1.6538e-04
Loss = 2.3235e-02, PNorm = 48.2071, GNorm = 0.2400, lr_0 = 1.6379e-04
Loss = 2.8416e-02, PNorm = 48.2097, GNorm = 0.2345, lr_0 = 1.6221e-04
Loss = 2.7058e-02, PNorm = 48.2194, GNorm = 0.1667, lr_0 = 1.6065e-04
Validation auc = 0.881746
Epoch 24
Loss = 4.3121e-02, PNorm = 48.2266, GNorm = 0.3765, lr_0 = 1.5910e-04
Loss = 2.5007e-02, PNorm = 48.2418, GNorm = 0.1221, lr_0 = 1.5757e-04
Loss = 3.2788e-02, PNorm = 48.2498, GNorm = 0.4125, lr_0 = 1.5605e-04
Loss = 2.3660e-02, PNorm = 48.2562, GNorm = 0.1433, lr_0 = 1.5455e-04
Loss = 2.6384e-02, PNorm = 48.2658, GNorm = 0.2085, lr_0 = 1.5306e-04
Loss = 1.4771e-02, PNorm = 48.2741, GNorm = 0.0854, lr_0 = 1.5159e-04
Loss = 2.6648e-02, PNorm = 48.2806, GNorm = 0.2957, lr_0 = 1.5013e-04
Loss = 3.0147e-02, PNorm = 48.2834, GNorm = 0.0409, lr_0 = 1.4869e-04
Loss = 2.1522e-02, PNorm = 48.2924, GNorm = 0.0450, lr_0 = 1.4725e-04
Validation auc = 0.879465
Epoch 25
Loss = 2.7276e-02, PNorm = 48.2985, GNorm = 0.2213, lr_0 = 1.4584e-04
Loss = 1.6828e-02, PNorm = 48.3106, GNorm = 0.2100, lr_0 = 1.4443e-04
Loss = 2.4776e-02, PNorm = 48.3202, GNorm = 0.5550, lr_0 = 1.4304e-04
Loss = 3.5145e-02, PNorm = 48.3242, GNorm = 0.1465, lr_0 = 1.4166e-04
Loss = 2.0815e-02, PNorm = 48.3377, GNorm = 0.3179, lr_0 = 1.4030e-04
Loss = 2.2857e-02, PNorm = 48.3461, GNorm = 0.2959, lr_0 = 1.3895e-04
Loss = 1.5315e-02, PNorm = 48.3536, GNorm = 0.0920, lr_0 = 1.3761e-04
Loss = 2.3137e-02, PNorm = 48.3557, GNorm = 0.1635, lr_0 = 1.3629e-04
Validation auc = 0.878963
Epoch 26
Loss = 2.1028e-02, PNorm = 48.3578, GNorm = 0.2492, lr_0 = 1.3484e-04
Loss = 2.7292e-02, PNorm = 48.3670, GNorm = 0.3816, lr_0 = 1.3355e-04
Loss = 1.3602e-02, PNorm = 48.3733, GNorm = 0.2752, lr_0 = 1.3226e-04
Loss = 1.8228e-02, PNorm = 48.3800, GNorm = 0.0240, lr_0 = 1.3099e-04
Loss = 3.5233e-02, PNorm = 48.3774, GNorm = 0.2335, lr_0 = 1.2973e-04
Loss = 2.5406e-02, PNorm = 48.3872, GNorm = 0.1941, lr_0 = 1.2848e-04
Loss = 2.3425e-02, PNorm = 48.3965, GNorm = 0.0488, lr_0 = 1.2724e-04
Loss = 3.4706e-02, PNorm = 48.4020, GNorm = 0.3715, lr_0 = 1.2601e-04
Loss = 1.8371e-02, PNorm = 48.4064, GNorm = 0.3248, lr_0 = 1.2480e-04
Validation auc = 0.867601
Epoch 27
Loss = 2.5459e-02, PNorm = 48.4119, GNorm = 0.1310, lr_0 = 1.2360e-04
Loss = 1.3555e-02, PNorm = 48.4223, GNorm = 0.0375, lr_0 = 1.2241e-04
Loss = 1.4617e-02, PNorm = 48.4293, GNorm = 0.4472, lr_0 = 1.2123e-04
Loss = 1.0788e-02, PNorm = 48.4343, GNorm = 0.0529, lr_0 = 1.2006e-04
Loss = 1.6074e-02, PNorm = 48.4368, GNorm = 0.0754, lr_0 = 1.1891e-04
Loss = 4.3814e-02, PNorm = 48.4371, GNorm = 0.4778, lr_0 = 1.1776e-04
Loss = 2.1395e-02, PNorm = 48.4434, GNorm = 0.2525, lr_0 = 1.1663e-04
Loss = 2.5612e-02, PNorm = 48.4531, GNorm = 0.1484, lr_0 = 1.1551e-04
Validation auc = 0.872165
Epoch 28
Loss = 4.0801e-02, PNorm = 48.4541, GNorm = 0.3552, lr_0 = 1.1428e-04
Loss = 2.1885e-02, PNorm = 48.4607, GNorm = 0.2748, lr_0 = 1.1318e-04
Loss = 2.4953e-02, PNorm = 48.4716, GNorm = 0.2524, lr_0 = 1.1209e-04
Loss = 2.2543e-02, PNorm = 48.4759, GNorm = 0.0328, lr_0 = 1.1101e-04
Loss = 1.7263e-02, PNorm = 48.4784, GNorm = 0.2293, lr_0 = 1.0995e-04
Loss = 2.6720e-02, PNorm = 48.4837, GNorm = 0.0438, lr_0 = 1.0889e-04
Loss = 2.4687e-02, PNorm = 48.4879, GNorm = 0.1817, lr_0 = 1.0784e-04
Loss = 2.8516e-02, PNorm = 48.4927, GNorm = 0.1890, lr_0 = 1.0680e-04
Loss = 1.9764e-02, PNorm = 48.5018, GNorm = 0.1212, lr_0 = 1.0577e-04
Validation auc = 0.866676
Epoch 29
Loss = 2.4962e-02, PNorm = 48.5062, GNorm = 0.5370, lr_0 = 1.0475e-04
Loss = 1.8396e-02, PNorm = 48.5080, GNorm = 0.4478, lr_0 = 1.0374e-04
Loss = 2.4554e-02, PNorm = 48.5120, GNorm = 0.2956, lr_0 = 1.0275e-04
Loss = 1.5851e-02, PNorm = 48.5182, GNorm = 0.1714, lr_0 = 1.0176e-04
Loss = 1.2378e-02, PNorm = 48.5249, GNorm = 0.0210, lr_0 = 1.0078e-04
Loss = 2.9884e-02, PNorm = 48.5257, GNorm = 0.0737, lr_0 = 1.0000e-04
Loss = 2.2007e-02, PNorm = 48.5298, GNorm = 0.1494, lr_0 = 1.0000e-04
Loss = 1.5771e-02, PNorm = 48.5380, GNorm = 0.0991, lr_0 = 1.0000e-04
Validation auc = 0.874168
Model 0 best validation auc = 0.901984 on epoch 2
Loading pretrained parameter "encoder.encoder.0.cached_zero_vector".
Loading pretrained parameter "encoder.encoder.0.W_i.weight".
Loading pretrained parameter "encoder.encoder.0.W_h.weight".
Loading pretrained parameter "encoder.encoder.0.W_o.weight".
Loading pretrained parameter "encoder.encoder.0.W_o.bias".
Loading pretrained parameter "ffn.1.weight".
Loading pretrained parameter "ffn.1.bias".
Loading pretrained parameter "ffn.4.weight".
Loading pretrained parameter "ffn.4.bias".
Moving model to cuda
Model 0 test auc = 0.844939
Ensemble test auc = 0.844939
Fold 2
Splitting data with seed 2
Total scaffolds = 3,467 | train scaffolds = 2,630 | val scaffolds = 419 | test scaffolds = 418
Label averages per scaffold, in decreasing order of scaffold frequency,capped at 10 scaffolds and 20 labels:
Scaffold 0
Task 0: count = 381 | target average = 0.018373
Task 1: count = 381 | target average = 0.013123


Scaffold 1
Task 0: count = 305 | target average = 0.009836
Task 1: count = 305 | target average = 0.016393


Scaffold 2
Task 0: count = 36 | target average = 0.000000
Task 1: count = 36 | target average = 0.000000


Scaffold 3
Task 0: count = 29 | target average = 0.000000
Task 1: count = 29 | target average = 0.000000


Scaffold 4
Task 0: count = 26 | target average = 0.000000
Task 1: count = 26 | target average = 0.000000


Scaffold 5
Task 0: count = 23 | target average = 0.000000
Task 1: count = 23 | target average = 0.000000


Scaffold 6
Task 0: count = 22 | target average = 0.090909
Task 1: count = 22 | target average = 0.090909


Scaffold 7
Task 0: count = 20 | target average = 0.000000
Task 1: count = 20 | target average = 0.000000


Scaffold 8
Task 0: count = 20 | target average = 0.000000
Task 1: count = 20 | target average = 0.000000


Scaffold 9
Task 0: count = 20 | target average = 0.050000
Task 1: count = 20 | target average = 0.000000


Class sizes
hit_inh 0: 97.83%, 1: 2.17%
hit_kill 0: 98.64%, 1: 1.36%
Total size = 5,353 | train size = 4,282 | val size = 535 | test size = 536
Building model 0
MoleculeModel(
  (sigmoid): Sigmoid()
  (encoder): MPN(
    (encoder): ModuleList(
      (0): MPNEncoder(
        (dropout_layer): Dropout(p=0.25, inplace=False)
        (act_func): ReLU()
        (W_i): Linear(in_features=147, out_features=500, bias=False)
        (W_h): Linear(in_features=500, out_features=500, bias=False)
        (W_o): Linear(in_features=633, out_features=500, bias=True)
      )
    )
  )
  (ffn): Sequential(
    (0): Dropout(p=0.25, inplace=False)
    (1): Linear(in_features=700, out_features=500, bias=True)
    (2): ReLU()
    (3): Dropout(p=0.25, inplace=False)
    (4): Linear(in_features=500, out_features=2, bias=True)
  )
)
Number of parameters = 992,002
Moving model to cuda
Epoch 0
Loss = 2.2156e-01, PNorm = 43.2955, GNorm = 0.2606, lr_0 = 1.5824e-04
Loss = 7.5464e-02, PNorm = 43.3056, GNorm = 0.3574, lr_0 = 2.1118e-04
Loss = 1.2853e-01, PNorm = 43.3054, GNorm = 0.4685, lr_0 = 2.6412e-04
Loss = 9.8838e-02, PNorm = 43.3068, GNorm = 0.2337, lr_0 = 3.1706e-04
Loss = 8.3455e-02, PNorm = 43.3166, GNorm = 0.1855, lr_0 = 3.7000e-04
Loss = 1.0711e-01, PNorm = 43.3234, GNorm = 0.1959, lr_0 = 4.2294e-04
Loss = 1.0060e-01, PNorm = 43.3348, GNorm = 0.4036, lr_0 = 4.7588e-04
Loss = 7.7642e-02, PNorm = 43.3460, GNorm = 0.2554, lr_0 = 5.2882e-04
Validation auc = 0.753586
Epoch 1
Loss = 6.0892e-02, PNorm = 43.3643, GNorm = 0.2084, lr_0 = 5.8706e-04
Loss = 7.7635e-02, PNorm = 43.3826, GNorm = 0.5565, lr_0 = 6.4000e-04
Loss = 4.5409e-02, PNorm = 43.4045, GNorm = 0.2349, lr_0 = 6.9294e-04
Loss = 1.2291e-01, PNorm = 43.4186, GNorm = 0.4329, lr_0 = 7.4588e-04
Loss = 8.1180e-02, PNorm = 43.4594, GNorm = 0.3131, lr_0 = 7.9882e-04
Loss = 8.7744e-02, PNorm = 43.4798, GNorm = 0.2139, lr_0 = 8.5176e-04
Loss = 1.0033e-01, PNorm = 43.5158, GNorm = 0.1891, lr_0 = 9.0471e-04
Loss = 1.1657e-01, PNorm = 43.5494, GNorm = 0.3017, lr_0 = 9.5765e-04
Loss = 5.8655e-02, PNorm = 43.5942, GNorm = 0.1107, lr_0 = 9.9807e-04
Validation auc = 0.820857
Epoch 2
Loss = 7.9826e-02, PNorm = 43.6345, GNorm = 0.3365, lr_0 = 9.8846e-04
Loss = 6.4308e-02, PNorm = 43.6803, GNorm = 0.3815, lr_0 = 9.7894e-04
Loss = 9.6977e-02, PNorm = 43.7175, GNorm = 0.1744, lr_0 = 9.6952e-04
Loss = 7.8263e-02, PNorm = 43.7524, GNorm = 0.3944, lr_0 = 9.6018e-04
Loss = 9.8452e-02, PNorm = 43.7800, GNorm = 0.2217, lr_0 = 9.5094e-04
Loss = 6.1194e-02, PNorm = 43.8346, GNorm = 0.1370, lr_0 = 9.4178e-04
Loss = 5.2434e-02, PNorm = 43.8586, GNorm = 0.1011, lr_0 = 9.3271e-04
Loss = 6.0319e-02, PNorm = 43.8852, GNorm = 0.1330, lr_0 = 9.2373e-04
Validation auc = 0.804761
Epoch 3
Loss = 8.1610e-02, PNorm = 43.9234, GNorm = 0.2121, lr_0 = 9.1395e-04
Loss = 8.5900e-02, PNorm = 43.9582, GNorm = 0.2188, lr_0 = 9.0515e-04
Loss = 7.4036e-02, PNorm = 44.0150, GNorm = 0.3447, lr_0 = 8.9644e-04
Loss = 2.4780e-02, PNorm = 44.0615, GNorm = 0.0562, lr_0 = 8.8781e-04
Loss = 7.9211e-02, PNorm = 44.0734, GNorm = 0.2710, lr_0 = 8.7926e-04
Loss = 6.8284e-02, PNorm = 44.1240, GNorm = 0.0626, lr_0 = 8.7080e-04
Loss = 9.2188e-02, PNorm = 44.1541, GNorm = 0.2645, lr_0 = 8.6241e-04
Loss = 6.1753e-02, PNorm = 44.2029, GNorm = 0.1237, lr_0 = 8.5411e-04
Loss = 6.2511e-02, PNorm = 44.2324, GNorm = 0.2382, lr_0 = 8.4588e-04
Validation auc = 0.849218
Epoch 4
Loss = 3.9637e-02, PNorm = 44.2769, GNorm = 0.1004, lr_0 = 8.3774e-04
Loss = 5.0751e-02, PNorm = 44.3087, GNorm = 0.1602, lr_0 = 8.2967e-04
Loss = 6.7063e-02, PNorm = 44.3335, GNorm = 0.2196, lr_0 = 8.2169e-04
Loss = 8.0342e-02, PNorm = 44.3574, GNorm = 0.1961, lr_0 = 8.1377e-04
Loss = 9.4591e-02, PNorm = 44.3924, GNorm = 0.2333, lr_0 = 8.0594e-04
Loss = 4.9579e-02, PNorm = 44.4350, GNorm = 0.2172, lr_0 = 7.9818e-04
Loss = 7.6400e-02, PNorm = 44.4585, GNorm = 0.2650, lr_0 = 7.9050e-04
Loss = 4.9891e-02, PNorm = 44.5115, GNorm = 0.2350, lr_0 = 7.8288e-04
Validation auc = 0.839133
Epoch 5
Loss = 7.2743e-02, PNorm = 44.5489, GNorm = 0.1727, lr_0 = 7.7535e-04
Loss = 6.9050e-02, PNorm = 44.5985, GNorm = 0.1509, lr_0 = 7.6788e-04
Loss = 5.6817e-02, PNorm = 44.6432, GNorm = 0.3358, lr_0 = 7.6049e-04
Loss = 7.1672e-02, PNorm = 44.6770, GNorm = 0.2378, lr_0 = 7.5317e-04
Loss = 4.2092e-02, PNorm = 44.7234, GNorm = 0.0695, lr_0 = 7.4591e-04
Loss = 6.3482e-02, PNorm = 44.7390, GNorm = 0.1315, lr_0 = 7.3873e-04
Loss = 6.9788e-02, PNorm = 44.7589, GNorm = 0.1301, lr_0 = 7.3162e-04
Loss = 5.6798e-02, PNorm = 44.8080, GNorm = 0.0683, lr_0 = 7.2458e-04
Loss = 5.6642e-02, PNorm = 44.8335, GNorm = 0.1657, lr_0 = 7.1760e-04
Validation auc = 0.860556
Epoch 6
Loss = 4.7125e-02, PNorm = 44.8703, GNorm = 0.1157, lr_0 = 7.1000e-04
Loss = 7.5196e-02, PNorm = 44.8996, GNorm = 0.1124, lr_0 = 7.0317e-04
Loss = 6.4520e-02, PNorm = 44.9286, GNorm = 0.2021, lr_0 = 6.9640e-04
Loss = 7.3853e-02, PNorm = 44.9797, GNorm = 0.1748, lr_0 = 6.8969e-04
Loss = 5.2765e-02, PNorm = 45.0247, GNorm = 0.1456, lr_0 = 6.8305e-04
Loss = 5.6467e-02, PNorm = 45.0630, GNorm = 0.1192, lr_0 = 6.7648e-04
Loss = 5.0920e-02, PNorm = 45.1059, GNorm = 0.5482, lr_0 = 6.6996e-04
Loss = 2.2619e-02, PNorm = 45.1506, GNorm = 0.1245, lr_0 = 6.6351e-04
Validation auc = 0.843037
Epoch 7
Loss = 3.7460e-02, PNorm = 45.1748, GNorm = 0.1291, lr_0 = 6.5712e-04
Loss = 4.7565e-02, PNorm = 45.2239, GNorm = 0.2757, lr_0 = 6.5080e-04
Loss = 6.7751e-02, PNorm = 45.2642, GNorm = 0.1757, lr_0 = 6.4453e-04
Loss = 6.0097e-02, PNorm = 45.3177, GNorm = 0.1916, lr_0 = 6.3833e-04
Loss = 4.8409e-02, PNorm = 45.3409, GNorm = 0.0712, lr_0 = 6.3218e-04
Loss = 4.4159e-02, PNorm = 45.3778, GNorm = 0.1527, lr_0 = 6.2609e-04
Loss = 5.5202e-02, PNorm = 45.4091, GNorm = 0.1434, lr_0 = 6.2006e-04
Loss = 5.4286e-02, PNorm = 45.4467, GNorm = 0.3063, lr_0 = 6.1409e-04
Loss = 4.2074e-02, PNorm = 45.4888, GNorm = 0.1438, lr_0 = 6.0818e-04
Validation auc = 0.855156
Epoch 8
Loss = 2.7451e-02, PNorm = 45.5251, GNorm = 0.1292, lr_0 = 6.0233e-04
Loss = 4.8265e-02, PNorm = 45.5460, GNorm = 0.0957, lr_0 = 5.9653e-04
Loss = 5.4227e-02, PNorm = 45.5670, GNorm = 0.1743, lr_0 = 5.9078e-04
Loss = 5.8675e-02, PNorm = 45.5980, GNorm = 0.2689, lr_0 = 5.8510e-04
Loss = 4.8848e-02, PNorm = 45.6395, GNorm = 0.2131, lr_0 = 5.7946e-04
Loss = 5.9233e-02, PNorm = 45.6842, GNorm = 0.2202, lr_0 = 5.7388e-04
Loss = 5.1066e-02, PNorm = 45.7237, GNorm = 0.2174, lr_0 = 5.6836e-04
Loss = 6.1359e-02, PNorm = 45.7552, GNorm = 0.2564, lr_0 = 5.6289e-04
Loss = 4.2330e-02, PNorm = 45.7892, GNorm = 0.1271, lr_0 = 5.5747e-04
Loss = 9.2761e-03, PNorm = 45.7928, GNorm = 0.0888, lr_0 = 5.5693e-04
Validation auc = 0.881757
Epoch 9
Loss = 5.1110e-02, PNorm = 45.8276, GNorm = 0.1638, lr_0 = 5.5156e-04
Loss = 7.3926e-02, PNorm = 45.8449, GNorm = 0.2055, lr_0 = 5.4625e-04
Loss = 5.1400e-02, PNorm = 45.8895, GNorm = 0.1223, lr_0 = 5.4100e-04
Loss = 2.7579e-02, PNorm = 45.9296, GNorm = 0.0992, lr_0 = 5.3579e-04
Loss = 7.0899e-02, PNorm = 45.9468, GNorm = 0.1658, lr_0 = 5.3063e-04
Loss = 3.7828e-02, PNorm = 45.9889, GNorm = 0.2049, lr_0 = 5.2552e-04
Loss = 4.8534e-02, PNorm = 46.0042, GNorm = 0.1339, lr_0 = 5.2046e-04
Loss = 4.1448e-02, PNorm = 46.0329, GNorm = 0.2486, lr_0 = 5.1545e-04
Validation auc = 0.868054
Epoch 10
Loss = 2.9859e-02, PNorm = 46.0600, GNorm = 0.0588, lr_0 = 5.1049e-04
Loss = 5.5569e-02, PNorm = 46.0965, GNorm = 0.1667, lr_0 = 5.0557e-04
Loss = 2.8303e-02, PNorm = 46.1352, GNorm = 0.0670, lr_0 = 5.0070e-04
Loss = 1.6718e-02, PNorm = 46.1510, GNorm = 0.0956, lr_0 = 4.9588e-04
Loss = 6.7186e-02, PNorm = 46.1588, GNorm = 0.1563, lr_0 = 4.9111e-04
Loss = 6.4885e-02, PNorm = 46.1833, GNorm = 0.1396, lr_0 = 4.8638e-04
Loss = 4.7319e-02, PNorm = 46.2079, GNorm = 0.1223, lr_0 = 4.8170e-04
Loss = 4.6421e-02, PNorm = 46.2407, GNorm = 0.3850, lr_0 = 4.7706e-04
Loss = 3.9860e-02, PNorm = 46.2657, GNorm = 0.1379, lr_0 = 4.7247e-04
Validation auc = 0.871524
Epoch 11
Loss = 7.0430e-02, PNorm = 46.2964, GNorm = 0.0997, lr_0 = 4.6792e-04
Loss = 3.9025e-02, PNorm = 46.3344, GNorm = 0.1898, lr_0 = 4.6341e-04
Loss = 2.6786e-02, PNorm = 46.3609, GNorm = 0.0914, lr_0 = 4.5895e-04
Loss = 4.5618e-02, PNorm = 46.3840, GNorm = 0.0455, lr_0 = 4.5453e-04
Loss = 6.4384e-02, PNorm = 46.4099, GNorm = 0.3724, lr_0 = 4.5015e-04
Loss = 6.4849e-02, PNorm = 46.4493, GNorm = 0.0316, lr_0 = 4.4582e-04
Loss = 4.1546e-02, PNorm = 46.4627, GNorm = 0.1052, lr_0 = 4.4153e-04
Loss = 5.3510e-02, PNorm = 46.4957, GNorm = 0.2142, lr_0 = 4.3728e-04
Validation auc = 0.865949
Epoch 12
Loss = 4.4164e-02, PNorm = 46.5192, GNorm = 0.1756, lr_0 = 4.3265e-04
Loss = 2.8159e-02, PNorm = 46.5400, GNorm = 0.1020, lr_0 = 4.2848e-04
Loss = 3.3082e-02, PNorm = 46.5655, GNorm = 0.1867, lr_0 = 4.2436e-04
Loss = 6.9089e-02, PNorm = 46.5869, GNorm = 0.8154, lr_0 = 4.2027e-04
Loss = 5.6850e-02, PNorm = 46.6050, GNorm = 0.5969, lr_0 = 4.1622e-04
Loss = 2.7511e-02, PNorm = 46.6554, GNorm = 0.2720, lr_0 = 4.1222e-04
Loss = 7.2458e-02, PNorm = 46.6573, GNorm = 0.1744, lr_0 = 4.0825e-04
Loss = 5.9144e-02, PNorm = 46.6865, GNorm = 0.2423, lr_0 = 4.0432e-04
Loss = 3.9139e-02, PNorm = 46.7421, GNorm = 0.1649, lr_0 = 4.0042e-04
Validation auc = 0.883741
Epoch 13
Loss = 1.5484e-02, PNorm = 46.7622, GNorm = 0.2160, lr_0 = 3.9657e-04
Loss = 5.4252e-02, PNorm = 46.7814, GNorm = 0.1385, lr_0 = 3.9275e-04
Loss = 1.6268e-02, PNorm = 46.8092, GNorm = 0.0505, lr_0 = 3.8897e-04
Loss = 4.9895e-02, PNorm = 46.8255, GNorm = 0.2870, lr_0 = 3.8522e-04
Loss = 5.1107e-02, PNorm = 46.8474, GNorm = 0.2200, lr_0 = 3.8152e-04
Loss = 4.6427e-02, PNorm = 46.8766, GNorm = 0.3628, lr_0 = 3.7784e-04
Loss = 5.7023e-02, PNorm = 46.8854, GNorm = 0.3323, lr_0 = 3.7420e-04
Loss = 3.5820e-02, PNorm = 46.9041, GNorm = 0.0847, lr_0 = 3.7060e-04
Validation auc = 0.904308
Epoch 14
Loss = 3.3562e-02, PNorm = 46.9266, GNorm = 0.1969, lr_0 = 3.6668e-04
Loss = 3.5590e-02, PNorm = 46.9470, GNorm = 0.1354, lr_0 = 3.6315e-04
Loss = 3.4488e-02, PNorm = 46.9719, GNorm = 0.2421, lr_0 = 3.5965e-04
Loss = 2.5692e-02, PNorm = 46.9879, GNorm = 0.0464, lr_0 = 3.5619e-04
Loss = 4.0469e-02, PNorm = 47.0018, GNorm = 0.0987, lr_0 = 3.5276e-04
Loss = 4.4674e-02, PNorm = 47.0202, GNorm = 0.4402, lr_0 = 3.4936e-04
Loss = 7.6443e-02, PNorm = 47.0199, GNorm = 0.1373, lr_0 = 3.4600e-04
Loss = 3.7410e-02, PNorm = 47.0424, GNorm = 0.0990, lr_0 = 3.4267e-04
Loss = 4.3670e-02, PNorm = 47.0562, GNorm = 0.1127, lr_0 = 3.3937e-04
Validation auc = 0.907443
Epoch 15
Loss = 4.6908e-02, PNorm = 47.0807, GNorm = 0.2586, lr_0 = 3.3610e-04
Loss = 5.2223e-02, PNorm = 47.1066, GNorm = 0.1120, lr_0 = 3.3287e-04
Loss = 2.9967e-02, PNorm = 47.1232, GNorm = 0.1346, lr_0 = 3.2966e-04
Loss = 2.9860e-02, PNorm = 47.1468, GNorm = 0.0602, lr_0 = 3.2649e-04
Loss = 5.0783e-02, PNorm = 47.1563, GNorm = 0.0597, lr_0 = 3.2334e-04
Loss = 3.6814e-02, PNorm = 47.1718, GNorm = 0.1321, lr_0 = 3.2023e-04
Loss = 4.9580e-02, PNorm = 47.1989, GNorm = 0.1742, lr_0 = 3.1715e-04
Loss = 2.3217e-02, PNorm = 47.2173, GNorm = 0.1271, lr_0 = 3.1409e-04
Loss = 4.9704e-02, PNorm = 47.2285, GNorm = 0.1564, lr_0 = 3.1107e-04
Validation auc = 0.875401
Epoch 16
Loss = 3.8690e-02, PNorm = 47.2526, GNorm = 0.2033, lr_0 = 3.0807e-04
Loss = 5.2559e-02, PNorm = 47.2661, GNorm = 0.1612, lr_0 = 3.0511e-04
Loss = 4.0862e-02, PNorm = 47.2818, GNorm = 0.1580, lr_0 = 3.0217e-04
Loss = 2.2932e-02, PNorm = 47.3032, GNorm = 0.0627, lr_0 = 2.9926e-04
Loss = 4.5589e-02, PNorm = 47.3124, GNorm = 0.1467, lr_0 = 2.9638e-04
Loss = 3.6029e-02, PNorm = 47.3255, GNorm = 0.1742, lr_0 = 2.9353e-04
Loss = 2.6615e-02, PNorm = 47.3429, GNorm = 0.1180, lr_0 = 2.9070e-04
Loss = 4.0602e-02, PNorm = 47.3596, GNorm = 0.0676, lr_0 = 2.8790e-04
Validation auc = 0.889167
Epoch 17
Loss = 4.2887e-02, PNorm = 47.3717, GNorm = 0.0348, lr_0 = 2.8485e-04
Loss = 4.1397e-02, PNorm = 47.3844, GNorm = 0.1134, lr_0 = 2.8211e-04
Loss = 2.8735e-02, PNorm = 47.4068, GNorm = 0.2986, lr_0 = 2.7939e-04
Loss = 5.0162e-02, PNorm = 47.4158, GNorm = 0.1716, lr_0 = 2.7670e-04
Loss = 3.7177e-02, PNorm = 47.4355, GNorm = 0.1288, lr_0 = 2.7404e-04
Loss = 3.1950e-02, PNorm = 47.4533, GNorm = 0.0487, lr_0 = 2.7140e-04
Loss = 3.5941e-02, PNorm = 47.4668, GNorm = 0.2049, lr_0 = 2.6879e-04
Loss = 3.4604e-02, PNorm = 47.4853, GNorm = 0.1438, lr_0 = 2.6620e-04
Loss = 2.9482e-02, PNorm = 47.4976, GNorm = 0.0302, lr_0 = 2.6364e-04
Validation auc = 0.908112
Epoch 18
Loss = 3.2801e-02, PNorm = 47.5092, GNorm = 0.0939, lr_0 = 2.6110e-04
Loss = 3.6682e-02, PNorm = 47.5252, GNorm = 0.1093, lr_0 = 2.5859e-04
Loss = 3.2093e-02, PNorm = 47.5433, GNorm = 0.1867, lr_0 = 2.5610e-04
Loss = 2.9191e-02, PNorm = 47.5513, GNorm = 0.1067, lr_0 = 2.5363e-04
Loss = 3.4839e-02, PNorm = 47.5586, GNorm = 0.0731, lr_0 = 2.5119e-04
Loss = 2.9582e-02, PNorm = 47.5707, GNorm = 0.1186, lr_0 = 2.4877e-04
Loss = 4.2202e-02, PNorm = 47.5873, GNorm = 0.1724, lr_0 = 2.4638e-04
Loss = 5.3003e-02, PNorm = 47.6001, GNorm = 0.4304, lr_0 = 2.4400e-04
Validation auc = 0.904470
Epoch 19
Loss = 2.5942e-02, PNorm = 47.6134, GNorm = 0.0814, lr_0 = 2.4165e-04
Loss = 2.3800e-02, PNorm = 47.6327, GNorm = 0.3776, lr_0 = 2.3933e-04
Loss = 3.5747e-02, PNorm = 47.6422, GNorm = 0.2174, lr_0 = 2.3702e-04
Loss = 3.7927e-02, PNorm = 47.6575, GNorm = 0.1633, lr_0 = 2.3474e-04
Loss = 3.2836e-02, PNorm = 47.6717, GNorm = 0.1137, lr_0 = 2.3248e-04
Loss = 6.5679e-02, PNorm = 47.6814, GNorm = 0.2251, lr_0 = 2.3024e-04
Loss = 3.6410e-02, PNorm = 47.7038, GNorm = 0.1673, lr_0 = 2.2803e-04
Loss = 1.6106e-02, PNorm = 47.7221, GNorm = 0.0923, lr_0 = 2.2583e-04
Loss = 1.1992e-02, PNorm = 47.7284, GNorm = 0.0633, lr_0 = 2.2366e-04
Validation auc = 0.906601
Epoch 20
Loss = 2.7618e-02, PNorm = 47.7258, GNorm = 0.1230, lr_0 = 2.2129e-04
Loss = 2.9258e-02, PNorm = 47.7313, GNorm = 0.2064, lr_0 = 2.1916e-04
Loss = 3.6451e-02, PNorm = 47.7399, GNorm = 0.2349, lr_0 = 2.1705e-04
Loss = 3.5016e-02, PNorm = 47.7572, GNorm = 0.2170, lr_0 = 2.1496e-04
Loss = 2.3030e-02, PNorm = 47.7729, GNorm = 0.2893, lr_0 = 2.1289e-04
Loss = 4.0463e-02, PNorm = 47.7820, GNorm = 0.3573, lr_0 = 2.1084e-04
Loss = 3.5543e-02, PNorm = 47.7923, GNorm = 0.3798, lr_0 = 2.0881e-04
Loss = 3.5638e-02, PNorm = 47.8059, GNorm = 0.0864, lr_0 = 2.0680e-04
Validation auc = 0.898559
Epoch 21
Loss = 4.0146e-02, PNorm = 47.8181, GNorm = 0.5017, lr_0 = 2.0481e-04
Loss = 4.0453e-02, PNorm = 47.8243, GNorm = 0.1204, lr_0 = 2.0283e-04
Loss = 3.6729e-02, PNorm = 47.8454, GNorm = 0.2055, lr_0 = 2.0088e-04
Loss = 3.0138e-02, PNorm = 47.8644, GNorm = 0.2795, lr_0 = 1.9895e-04
Loss = 4.0367e-02, PNorm = 47.8710, GNorm = 0.2924, lr_0 = 1.9703e-04
Loss = 2.5350e-02, PNorm = 47.8843, GNorm = 0.0779, lr_0 = 1.9514e-04
Loss = 1.8410e-02, PNorm = 47.9002, GNorm = 0.0813, lr_0 = 1.9326e-04
Loss = 3.7619e-02, PNorm = 47.9023, GNorm = 0.0343, lr_0 = 1.9140e-04
Loss = 3.8855e-02, PNorm = 47.9068, GNorm = 0.3470, lr_0 = 1.8955e-04
Validation auc = 0.913514
Epoch 22
Loss = 2.8898e-02, PNorm = 47.9195, GNorm = 0.0606, lr_0 = 1.8773e-04
Loss = 3.3149e-02, PNorm = 47.9271, GNorm = 0.0691, lr_0 = 1.8592e-04
Loss = 2.8819e-02, PNorm = 47.9372, GNorm = 0.2010, lr_0 = 1.8413e-04
Loss = 2.6894e-02, PNorm = 47.9476, GNorm = 0.0892, lr_0 = 1.8236e-04
Loss = 2.8248e-02, PNorm = 47.9592, GNorm = 0.2536, lr_0 = 1.8060e-04
Loss = 2.8452e-02, PNorm = 47.9687, GNorm = 0.2652, lr_0 = 1.7886e-04
Loss = 3.1053e-02, PNorm = 47.9807, GNorm = 0.3469, lr_0 = 1.7714e-04
Loss = 2.4440e-02, PNorm = 47.9865, GNorm = 0.0709, lr_0 = 1.7544e-04
Validation auc = 0.899154
Epoch 23
Loss = 4.6912e-02, PNorm = 47.9971, GNorm = 0.2836, lr_0 = 1.7358e-04
Loss = 4.1280e-02, PNorm = 48.0083, GNorm = 0.0211, lr_0 = 1.7191e-04
Loss = 2.7405e-02, PNorm = 48.0129, GNorm = 0.1789, lr_0 = 1.7025e-04
Loss = 2.7356e-02, PNorm = 48.0162, GNorm = 0.2912, lr_0 = 1.6861e-04
Loss = 2.0223e-02, PNorm = 48.0282, GNorm = 0.2736, lr_0 = 1.6699e-04
Loss = 1.2677e-02, PNorm = 48.0353, GNorm = 0.0243, lr_0 = 1.6538e-04
Loss = 1.8102e-02, PNorm = 48.0392, GNorm = 0.3254, lr_0 = 1.6379e-04
Loss = 3.2187e-02, PNorm = 48.0495, GNorm = 0.1399, lr_0 = 1.6221e-04
Loss = 3.5230e-02, PNorm = 48.0600, GNorm = 0.3231, lr_0 = 1.6065e-04
Validation auc = 0.896527
Epoch 24
Loss = 2.4527e-02, PNorm = 48.0734, GNorm = 0.2455, lr_0 = 1.5910e-04
Loss = 4.1027e-02, PNorm = 48.0815, GNorm = 0.4115, lr_0 = 1.5757e-04
Loss = 3.9431e-02, PNorm = 48.0858, GNorm = 0.3385, lr_0 = 1.5605e-04
Loss = 3.9126e-02, PNorm = 48.0999, GNorm = 0.1845, lr_0 = 1.5455e-04
Loss = 2.6435e-02, PNorm = 48.1112, GNorm = 0.4044, lr_0 = 1.5306e-04
Loss = 2.9035e-02, PNorm = 48.1163, GNorm = 0.2281, lr_0 = 1.5159e-04
Loss = 1.4555e-02, PNorm = 48.1267, GNorm = 0.0968, lr_0 = 1.5013e-04
Loss = 2.6103e-02, PNorm = 48.1326, GNorm = 0.0465, lr_0 = 1.4869e-04
Loss = 1.5314e-02, PNorm = 48.1393, GNorm = 0.0592, lr_0 = 1.4725e-04
Validation auc = 0.885648
Epoch 25
Loss = 1.4661e-02, PNorm = 48.1468, GNorm = 0.0265, lr_0 = 1.4584e-04
Loss = 4.2517e-02, PNorm = 48.1449, GNorm = 0.1260, lr_0 = 1.4443e-04
Loss = 2.2664e-02, PNorm = 48.1536, GNorm = 0.1388, lr_0 = 1.4304e-04
Loss = 2.3792e-02, PNorm = 48.1657, GNorm = 0.3696, lr_0 = 1.4166e-04
Loss = 2.0914e-02, PNorm = 48.1720, GNorm = 0.1179, lr_0 = 1.4030e-04
Loss = 2.0355e-02, PNorm = 48.1782, GNorm = 0.4234, lr_0 = 1.3895e-04
Loss = 2.7737e-02, PNorm = 48.1823, GNorm = 0.1315, lr_0 = 1.3761e-04
Loss = 2.6504e-02, PNorm = 48.1919, GNorm = 0.1137, lr_0 = 1.3629e-04
Validation auc = 0.903292
Epoch 26
Loss = 4.0462e-02, PNorm = 48.1961, GNorm = 0.2567, lr_0 = 1.3484e-04
Loss = 3.0323e-02, PNorm = 48.2100, GNorm = 0.3235, lr_0 = 1.3355e-04
Loss = 1.5996e-02, PNorm = 48.2183, GNorm = 0.3008, lr_0 = 1.3226e-04
Loss = 1.6207e-02, PNorm = 48.2223, GNorm = 0.0258, lr_0 = 1.3099e-04
Loss = 2.5001e-02, PNorm = 48.2282, GNorm = 0.0797, lr_0 = 1.2973e-04
Loss = 3.6728e-02, PNorm = 48.2342, GNorm = 0.1559, lr_0 = 1.2848e-04
Loss = 1.6967e-02, PNorm = 48.2450, GNorm = 0.0784, lr_0 = 1.2724e-04
Loss = 2.6945e-02, PNorm = 48.2505, GNorm = 0.3634, lr_0 = 1.2601e-04
Loss = 4.8935e-02, PNorm = 48.2514, GNorm = 0.2565, lr_0 = 1.2480e-04
Validation auc = 0.901508
Epoch 27
Loss = 1.8501e-02, PNorm = 48.2642, GNorm = 0.1347, lr_0 = 1.2360e-04
Loss = 3.4907e-02, PNorm = 48.2750, GNorm = 0.5371, lr_0 = 1.2241e-04
Loss = 2.5855e-02, PNorm = 48.2772, GNorm = 0.4125, lr_0 = 1.2123e-04
Loss = 1.8130e-02, PNorm = 48.2793, GNorm = 0.2435, lr_0 = 1.2006e-04
Loss = 1.2073e-02, PNorm = 48.2837, GNorm = 0.4504, lr_0 = 1.1891e-04
Loss = 3.9241e-02, PNorm = 48.2884, GNorm = 0.3057, lr_0 = 1.1776e-04
Loss = 2.1126e-02, PNorm = 48.2960, GNorm = 0.0685, lr_0 = 1.1663e-04
Loss = 3.3713e-02, PNorm = 48.2991, GNorm = 0.1846, lr_0 = 1.1551e-04
Validation auc = 0.897258
Epoch 28
Loss = 5.8877e-02, PNorm = 48.3024, GNorm = 0.3637, lr_0 = 1.1428e-04
Loss = 3.1347e-02, PNorm = 48.3059, GNorm = 0.2196, lr_0 = 1.1318e-04
Loss = 3.2490e-02, PNorm = 48.3132, GNorm = 0.1864, lr_0 = 1.1209e-04
Loss = 2.4136e-02, PNorm = 48.3248, GNorm = 0.1170, lr_0 = 1.1101e-04
Loss = 1.3156e-02, PNorm = 48.3314, GNorm = 0.1177, lr_0 = 1.0995e-04
Loss = 2.0526e-02, PNorm = 48.3333, GNorm = 0.1467, lr_0 = 1.0889e-04
Loss = 1.9227e-02, PNorm = 48.3382, GNorm = 0.1928, lr_0 = 1.0784e-04
Loss = 3.1075e-02, PNorm = 48.3421, GNorm = 0.2576, lr_0 = 1.0680e-04
Loss = 2.0086e-02, PNorm = 48.3484, GNorm = 0.5607, lr_0 = 1.0577e-04
Validation auc = 0.888957
Epoch 29
Loss = 1.5416e-02, PNorm = 48.3539, GNorm = 0.2052, lr_0 = 1.0475e-04
Loss = 5.2987e-03, PNorm = 48.3588, GNorm = 0.0170, lr_0 = 1.0374e-04
Loss = 2.4601e-02, PNorm = 48.3596, GNorm = 0.6065, lr_0 = 1.0275e-04
Loss = 4.9646e-02, PNorm = 48.3578, GNorm = 0.4050, lr_0 = 1.0176e-04
Loss = 3.1871e-02, PNorm = 48.3662, GNorm = 0.3961, lr_0 = 1.0078e-04
Loss = 2.4616e-02, PNorm = 48.3719, GNorm = 0.1908, lr_0 = 1.0000e-04
Loss = 2.4687e-02, PNorm = 48.3767, GNorm = 0.2914, lr_0 = 1.0000e-04
Loss = 1.6213e-02, PNorm = 48.3832, GNorm = 0.0765, lr_0 = 1.0000e-04
Validation auc = 0.880841
Model 0 best validation auc = 0.913514 on epoch 21
Loading pretrained parameter "encoder.encoder.0.cached_zero_vector".
Loading pretrained parameter "encoder.encoder.0.W_i.weight".
Loading pretrained parameter "encoder.encoder.0.W_h.weight".
Loading pretrained parameter "encoder.encoder.0.W_o.weight".
Loading pretrained parameter "encoder.encoder.0.W_o.bias".
Loading pretrained parameter "ffn.1.weight".
Loading pretrained parameter "ffn.1.bias".
Loading pretrained parameter "ffn.4.weight".
Loading pretrained parameter "ffn.4.bias".
Moving model to cuda
Model 0 test auc = 0.866495
Ensemble test auc = 0.866495
3-fold cross validation
	Seed 0 ==> test auc = 0.756642
	Seed 1 ==> test auc = 0.844939
	Seed 2 ==> test auc = 0.866495
Overall test auc = 0.822692 +/- 0.047526
Elapsed time = 0:13:23
