Command line
python /home/jackievaleri8/.conda/envs/chemprop/bin/chemprop_train --init_lr 0.001 --dropout 0.25 --hidden_size 1500 --ffn_num_layers 2 --depth 3 --save_dir round3finalval08162021_models/45 --data_path round3finalval08162021_TRAIN.csv --dataset_type classification --features_path round3finalval08162021_TRAINFTS.npz --no_features_scaling --num_folds 3 --ensemble_size 1 --split_type scaffold_balanced --split_sizes 0.8 0.1 0.1 --smiles_columns SMILES --ignore_columns Name --gpu 0
Args
{'activation': 'ReLU',
 'aggregation': 'mean',
 'aggregation_norm': 100,
 'atom_descriptor_scaling': True,
 'atom_descriptors': None,
 'atom_descriptors_path': None,
 'atom_descriptors_size': 0,
 'atom_features_size': 0,
 'atom_messages': False,
 'batch_size': 50,
 'bias': False,
 'bond_feature_scaling': True,
 'bond_features_path': None,
 'bond_features_size': 0,
 'cache_cutoff': 10000,
 'checkpoint_dir': None,
 'checkpoint_path': None,
 'checkpoint_paths': None,
 'class_balance': False,
 'config_path': None,
 'crossval_index_dir': None,
 'crossval_index_file': None,
 'crossval_index_sets': None,
 'cuda': True,
 'data_path': 'round3finalval08162021_TRAIN.csv',
 'dataset_type': 'classification',
 'depth': 3,
 'device': device(type='cuda', index=0),
 'dropout': 0.25,
 'empty_cache': False,
 'ensemble_size': 1,
 'epochs': 30,
 'explicit_h': False,
 'extra_metrics': [],
 'features_generator': None,
 'features_only': False,
 'features_path': ['round3finalval08162021_TRAINFTS.npz'],
 'features_scaling': False,
 'features_size': None,
 'ffn_hidden_size': 1500,
 'ffn_num_layers': 2,
 'final_lr': 0.0001,
 'folds_file': None,
 'gpu': 0,
 'grad_clip': None,
 'hidden_size': 1500,
 'ignore_columns': ['Name'],
 'init_lr': 0.001,
 'log_frequency': 10,
 'max_data_size': None,
 'max_lr': 0.001,
 'metric': 'auc',
 'metrics': ['auc'],
 'minimize_score': False,
 'mpn_shared': False,
 'multiclass_num_classes': 3,
 'no_atom_descriptor_scaling': False,
 'no_bond_features_scaling': False,
 'no_cache_mol': False,
 'no_cuda': False,
 'no_features_scaling': True,
 'num_folds': 3,
 'num_lrs': 1,
 'num_tasks': 2,
 'num_workers': 8,
 'number_of_molecules': 1,
 'overwrite_default_atom_features': False,
 'overwrite_default_bond_features': False,
 'pytorch_seed': 0,
 'quiet': False,
 'reaction': False,
 'reaction_mode': 'reac_diff',
 'resume_experiment': False,
 'save_dir': 'round3finalval08162021_models/45',
 'save_preds': False,
 'save_smiles_splits': False,
 'seed': 0,
 'separate_test_atom_descriptors_path': None,
 'separate_test_bond_features_path': None,
 'separate_test_features_path': None,
 'separate_test_path': None,
 'separate_val_atom_descriptors_path': None,
 'separate_val_bond_features_path': None,
 'separate_val_features_path': None,
 'separate_val_path': None,
 'show_individual_scores': False,
 'smiles_columns': ['SMILES'],
 'split_sizes': (0.8, 0.1, 0.1),
 'split_type': 'scaffold_balanced',
 'target_columns': None,
 'task_names': ['hit_inh', 'hit_kill'],
 'test': False,
 'test_fold_index': None,
 'train_data_size': None,
 'undirected': False,
 'use_input_features': True,
 'val_fold_index': None,
 'warmup_epochs': 2.0}
Loading data
Warning: 23 SMILES are invalid.
Number of tasks = 2
Fold 0
Splitting data with seed 0
Total scaffolds = 3,467 | train scaffolds = 2,650 | val scaffolds = 433 | test scaffolds = 384
Label averages per scaffold, in decreasing order of scaffold frequency,capped at 10 scaffolds and 20 labels:
Scaffold 0
Task 0: count = 381 | target average = 0.018373
Task 1: count = 381 | target average = 0.013123


Scaffold 1
Task 0: count = 305 | target average = 0.009836
Task 1: count = 305 | target average = 0.016393


Scaffold 2
Task 0: count = 36 | target average = 0.000000
Task 1: count = 36 | target average = 0.000000


Scaffold 3
Task 0: count = 29 | target average = 0.000000
Task 1: count = 29 | target average = 0.000000


Scaffold 4
Task 0: count = 26 | target average = 0.000000
Task 1: count = 26 | target average = 0.000000


Scaffold 5
Task 0: count = 23 | target average = 0.000000
Task 1: count = 23 | target average = 0.000000


Scaffold 6
Task 0: count = 22 | target average = 0.090909
Task 1: count = 22 | target average = 0.090909


Scaffold 7
Task 0: count = 20 | target average = 0.000000
Task 1: count = 20 | target average = 0.000000


Scaffold 8
Task 0: count = 20 | target average = 0.000000
Task 1: count = 20 | target average = 0.000000


Scaffold 9
Task 0: count = 20 | target average = 0.050000
Task 1: count = 20 | target average = 0.000000


Class sizes
hit_inh 0: 97.83%, 1: 2.17%
hit_kill 0: 98.64%, 1: 1.36%
Total size = 5,353 | train size = 4,282 | val size = 535 | test size = 536
Building model 0
MoleculeModel(
  (sigmoid): Sigmoid()
  (encoder): MPN(
    (encoder): ModuleList(
      (0): MPNEncoder(
        (dropout_layer): Dropout(p=0.25, inplace=False)
        (act_func): ReLU()
        (W_i): Linear(in_features=147, out_features=1500, bias=False)
        (W_h): Linear(in_features=1500, out_features=1500, bias=False)
        (W_o): Linear(in_features=1633, out_features=1500, bias=True)
      )
    )
  )
  (ffn): Sequential(
    (0): Dropout(p=0.25, inplace=False)
    (1): Linear(in_features=1700, out_features=1500, bias=True)
    (2): ReLU()
    (3): Dropout(p=0.25, inplace=False)
    (4): Linear(in_features=1500, out_features=2, bias=True)
  )
)
Number of parameters = 7,476,002
Moving model to cuda
Epoch 0
Loss = 2.9151e-01, PNorm = 70.8705, GNorm = 0.4206, lr_0 = 1.0000e-03
Loss = 9.0785e-02, PNorm = 71.3534, GNorm = 0.2253, lr_0 = 1.0000e-03
Loss = 9.5679e-02, PNorm = 71.5956, GNorm = 0.5388, lr_0 = 1.0000e-03
Loss = 9.6209e-02, PNorm = 71.7090, GNorm = 0.1928, lr_0 = 1.0000e-03
Loss = 8.6945e-02, PNorm = 71.7935, GNorm = 0.2958, lr_0 = 1.0000e-03
Loss = 5.9678e-02, PNorm = 71.8543, GNorm = 0.1793, lr_0 = 1.0000e-03
Loss = 6.4367e-02, PNorm = 71.9038, GNorm = 0.1644, lr_0 = 1.0000e-03
Loss = 6.1191e-02, PNorm = 71.9597, GNorm = 0.1160, lr_0 = 1.0000e-03
Validation auc = 0.718323
Epoch 1
Loss = 3.3024e-02, PNorm = 72.0587, GNorm = 0.0722, lr_0 = 1.0000e-03
Loss = 8.2230e-02, PNorm = 72.1200, GNorm = 0.1585, lr_0 = 1.0000e-03
Loss = 6.8790e-02, PNorm = 72.2153, GNorm = 0.0953, lr_0 = 1.0000e-03
Loss = 8.4011e-02, PNorm = 72.2854, GNorm = 0.2020, lr_0 = 1.0000e-03
Loss = 8.5032e-02, PNorm = 72.3770, GNorm = 0.1221, lr_0 = 1.0000e-03
Loss = 5.1404e-02, PNorm = 72.4772, GNorm = 0.1453, lr_0 = 1.0000e-03
Loss = 8.5846e-02, PNorm = 72.5575, GNorm = 0.2071, lr_0 = 1.0000e-03
Loss = 8.4180e-02, PNorm = 72.6265, GNorm = 0.1682, lr_0 = 1.0000e-03
Loss = 8.7649e-02, PNorm = 72.7169, GNorm = 0.1502, lr_0 = 9.9807e-04
Validation auc = 0.878981
Epoch 2
Loss = 5.9954e-02, PNorm = 72.8209, GNorm = 0.0605, lr_0 = 9.8846e-04
Loss = 5.3872e-02, PNorm = 72.9051, GNorm = 0.0999, lr_0 = 9.7894e-04
Loss = 5.7767e-02, PNorm = 73.0202, GNorm = 0.1466, lr_0 = 9.6952e-04
Loss = 6.9408e-02, PNorm = 73.1577, GNorm = 0.4841, lr_0 = 9.6018e-04
Loss = 5.8532e-02, PNorm = 73.3545, GNorm = 0.3901, lr_0 = 9.5094e-04
Loss = 9.1516e-02, PNorm = 73.3662, GNorm = 0.2109, lr_0 = 9.4178e-04
Loss = 1.1547e-01, PNorm = 73.4575, GNorm = 0.2997, lr_0 = 9.3271e-04
Loss = 5.9022e-02, PNorm = 73.5435, GNorm = 0.2969, lr_0 = 9.2373e-04
Validation auc = 0.875361
Epoch 3
Loss = 6.2987e-02, PNorm = 73.6209, GNorm = 0.2766, lr_0 = 9.1395e-04
Loss = 8.2249e-02, PNorm = 73.6990, GNorm = 0.1811, lr_0 = 9.0515e-04
Loss = 6.4409e-02, PNorm = 73.8091, GNorm = 0.3763, lr_0 = 8.9644e-04
Loss = 7.0558e-02, PNorm = 73.8849, GNorm = 0.1013, lr_0 = 8.8781e-04
Loss = 7.5590e-02, PNorm = 73.9759, GNorm = 0.2990, lr_0 = 8.7926e-04
Loss = 6.7565e-02, PNorm = 74.0454, GNorm = 0.1438, lr_0 = 8.7080e-04
Loss = 4.8333e-02, PNorm = 74.1273, GNorm = 0.1275, lr_0 = 8.6241e-04
Loss = 6.0465e-02, PNorm = 74.1845, GNorm = 0.1086, lr_0 = 8.5411e-04
Loss = 7.0545e-02, PNorm = 74.2647, GNorm = 0.0926, lr_0 = 8.4588e-04
Validation auc = 0.915594
Epoch 4
Loss = 5.8319e-02, PNorm = 74.3670, GNorm = 0.1060, lr_0 = 8.3774e-04
Loss = 5.3224e-02, PNorm = 74.4473, GNorm = 0.1457, lr_0 = 8.2967e-04
Loss = 6.4158e-02, PNorm = 74.5381, GNorm = 0.1303, lr_0 = 8.2169e-04
Loss = 6.5107e-02, PNorm = 74.6441, GNorm = 0.3405, lr_0 = 8.1377e-04
Loss = 7.3475e-02, PNorm = 74.7116, GNorm = 0.1563, lr_0 = 8.0594e-04
Loss = 6.4239e-02, PNorm = 74.8136, GNorm = 0.0822, lr_0 = 7.9818e-04
Loss = 5.6204e-02, PNorm = 74.9162, GNorm = 0.0627, lr_0 = 7.9050e-04
Loss = 5.8515e-02, PNorm = 74.9976, GNorm = 0.0698, lr_0 = 7.8288e-04
Validation auc = 0.946784
Epoch 5
Loss = 5.4297e-02, PNorm = 75.0751, GNorm = 0.1530, lr_0 = 7.7535e-04
Loss = 4.3565e-02, PNorm = 75.1639, GNorm = 0.1543, lr_0 = 7.6788e-04
Loss = 8.4445e-02, PNorm = 75.2398, GNorm = 0.3015, lr_0 = 7.6049e-04
Loss = 7.4511e-02, PNorm = 75.3468, GNorm = 0.2237, lr_0 = 7.5317e-04
Loss = 4.7719e-02, PNorm = 75.4283, GNorm = 0.1809, lr_0 = 7.4591e-04
Loss = 5.0859e-02, PNorm = 75.5071, GNorm = 0.3483, lr_0 = 7.3873e-04
Loss = 7.2601e-02, PNorm = 75.5328, GNorm = 0.1745, lr_0 = 7.3162e-04
Loss = 3.3044e-02, PNorm = 75.6166, GNorm = 0.0419, lr_0 = 7.2458e-04
Loss = 7.5453e-02, PNorm = 75.6464, GNorm = 0.1321, lr_0 = 7.1760e-04
Validation auc = 0.950345
Epoch 6
Loss = 3.4750e-02, PNorm = 75.7223, GNorm = 0.2469, lr_0 = 7.1000e-04
Loss = 6.5529e-02, PNorm = 75.7563, GNorm = 0.1331, lr_0 = 7.0317e-04
Loss = 4.1490e-02, PNorm = 75.8352, GNorm = 0.0605, lr_0 = 6.9640e-04
Loss = 5.0543e-02, PNorm = 75.8749, GNorm = 0.1853, lr_0 = 6.8969e-04
Loss = 5.0718e-02, PNorm = 75.9270, GNorm = 0.1291, lr_0 = 6.8305e-04
Loss = 6.2556e-02, PNorm = 75.9878, GNorm = 0.1392, lr_0 = 6.7648e-04
Loss = 6.0909e-02, PNorm = 76.0433, GNorm = 0.2399, lr_0 = 6.6996e-04
Loss = 5.2902e-02, PNorm = 76.1050, GNorm = 0.1988, lr_0 = 6.6351e-04
Validation auc = 0.958396
Epoch 7
Loss = 3.6166e-02, PNorm = 76.1782, GNorm = 0.1369, lr_0 = 6.5712e-04
Loss = 6.6053e-02, PNorm = 76.2558, GNorm = 0.1841, lr_0 = 6.5080e-04
Loss = 5.2070e-02, PNorm = 76.3459, GNorm = 0.1205, lr_0 = 6.4453e-04
Loss = 4.9844e-02, PNorm = 76.4209, GNorm = 0.2504, lr_0 = 6.3833e-04
Loss = 4.1027e-02, PNorm = 76.4590, GNorm = 0.1678, lr_0 = 6.3218e-04
Loss = 5.4134e-02, PNorm = 76.5034, GNorm = 0.1197, lr_0 = 6.2609e-04
Loss = 3.2735e-02, PNorm = 76.5579, GNorm = 0.1865, lr_0 = 6.2006e-04
Loss = 4.1228e-02, PNorm = 76.6007, GNorm = 0.1581, lr_0 = 6.1409e-04
Loss = 5.8286e-02, PNorm = 76.6559, GNorm = 0.3071, lr_0 = 6.0818e-04
Validation auc = 0.967155
Epoch 8
Loss = 3.1280e-02, PNorm = 76.7107, GNorm = 0.1245, lr_0 = 6.0233e-04
Loss = 4.8977e-02, PNorm = 76.7908, GNorm = 0.1451, lr_0 = 5.9653e-04
Loss = 5.6768e-02, PNorm = 76.8596, GNorm = 0.1114, lr_0 = 5.9078e-04
Loss = 4.4248e-02, PNorm = 76.9247, GNorm = 0.2948, lr_0 = 5.8510e-04
Loss = 4.2125e-02, PNorm = 76.9821, GNorm = 0.3020, lr_0 = 5.7946e-04
Loss = 5.1999e-02, PNorm = 77.0260, GNorm = 0.0666, lr_0 = 5.7388e-04
Loss = 3.1532e-02, PNorm = 77.0669, GNorm = 0.1379, lr_0 = 5.6836e-04
Loss = 7.9055e-02, PNorm = 77.1062, GNorm = 0.2630, lr_0 = 5.6289e-04
Loss = 6.2643e-02, PNorm = 77.1913, GNorm = 0.2641, lr_0 = 5.5747e-04
Loss = 2.4141e-02, PNorm = 77.1980, GNorm = 0.1715, lr_0 = 5.5693e-04
Validation auc = 0.953990
Epoch 9
Loss = 5.6113e-02, PNorm = 77.2480, GNorm = 0.2165, lr_0 = 5.5156e-04
Loss = 4.0249e-02, PNorm = 77.3238, GNorm = 0.0622, lr_0 = 5.4625e-04
Loss = 2.9971e-02, PNorm = 77.3742, GNorm = 0.0353, lr_0 = 5.4100e-04
Loss = 4.0372e-02, PNorm = 77.3956, GNorm = 0.2900, lr_0 = 5.3579e-04
Loss = 3.7465e-02, PNorm = 77.4439, GNorm = 0.0993, lr_0 = 5.3063e-04
Loss = 5.0339e-02, PNorm = 77.4901, GNorm = 0.1986, lr_0 = 5.2552e-04
Loss = 5.2534e-02, PNorm = 77.5474, GNorm = 0.1279, lr_0 = 5.2046e-04
Loss = 4.7195e-02, PNorm = 77.5956, GNorm = 0.2261, lr_0 = 5.1545e-04
Validation auc = 0.953451
Epoch 10
Loss = 3.1955e-02, PNorm = 77.6555, GNorm = 0.2080, lr_0 = 5.1049e-04
Loss = 4.5554e-02, PNorm = 77.7135, GNorm = 0.2876, lr_0 = 5.0557e-04
Loss = 5.5302e-02, PNorm = 77.7674, GNorm = 0.2553, lr_0 = 5.0070e-04
Loss = 5.1344e-02, PNorm = 77.8301, GNorm = 0.2900, lr_0 = 4.9588e-04
Loss = 3.1383e-02, PNorm = 77.8768, GNorm = 0.1153, lr_0 = 4.9111e-04
Loss = 3.0995e-02, PNorm = 77.9277, GNorm = 0.1520, lr_0 = 4.8638e-04
Loss = 6.3690e-02, PNorm = 77.9706, GNorm = 0.3067, lr_0 = 4.8170e-04
Loss = 3.5443e-02, PNorm = 78.0551, GNorm = 0.1241, lr_0 = 4.7706e-04
Loss = 4.2759e-02, PNorm = 78.1080, GNorm = 0.2023, lr_0 = 4.7247e-04
Validation auc = 0.957195
Epoch 11
Loss = 2.3079e-02, PNorm = 78.1639, GNorm = 0.1400, lr_0 = 4.6792e-04
Loss = 5.7594e-02, PNorm = 78.1842, GNorm = 0.3928, lr_0 = 4.6341e-04
Loss = 3.6966e-02, PNorm = 78.2383, GNorm = 0.1805, lr_0 = 4.5895e-04
Loss = 4.7551e-02, PNorm = 78.2680, GNorm = 0.0742, lr_0 = 4.5453e-04
Loss = 3.8054e-02, PNorm = 78.3171, GNorm = 0.1760, lr_0 = 4.5015e-04
Loss = 4.3135e-02, PNorm = 78.3600, GNorm = 0.2565, lr_0 = 4.4582e-04
Loss = 5.4285e-02, PNorm = 78.4132, GNorm = 0.1322, lr_0 = 4.4153e-04
Loss = 3.0434e-02, PNorm = 78.4761, GNorm = 0.2468, lr_0 = 4.3728e-04
Validation auc = 0.955196
Epoch 12
Loss = 1.8787e-02, PNorm = 78.5101, GNorm = 0.1008, lr_0 = 4.3265e-04
Loss = 4.2078e-02, PNorm = 78.5373, GNorm = 0.5348, lr_0 = 4.2848e-04
Loss = 3.3453e-02, PNorm = 78.5648, GNorm = 0.2085, lr_0 = 4.2436e-04
Loss = 4.5636e-02, PNorm = 78.6233, GNorm = 0.2188, lr_0 = 4.2027e-04
Loss = 1.8520e-02, PNorm = 78.6706, GNorm = 0.1361, lr_0 = 4.1622e-04
Loss = 3.7401e-02, PNorm = 78.6839, GNorm = 0.2737, lr_0 = 4.1222e-04
Loss = 4.0122e-02, PNorm = 78.7105, GNorm = 0.1003, lr_0 = 4.0825e-04
Loss = 4.9681e-02, PNorm = 78.7655, GNorm = 0.0590, lr_0 = 4.0432e-04
Loss = 4.8229e-02, PNorm = 78.7838, GNorm = 0.1671, lr_0 = 4.0042e-04
Validation auc = 0.955933
Epoch 13
Loss = 3.0368e-02, PNorm = 78.8251, GNorm = 0.1084, lr_0 = 3.9657e-04
Loss = 4.0462e-02, PNorm = 78.8829, GNorm = 0.0815, lr_0 = 3.9275e-04
Loss = 3.6841e-02, PNorm = 78.9172, GNorm = 0.1406, lr_0 = 3.8897e-04
Loss = 1.7965e-02, PNorm = 78.9667, GNorm = 0.0871, lr_0 = 3.8522e-04
Loss = 5.5921e-02, PNorm = 78.9831, GNorm = 0.2771, lr_0 = 3.8152e-04
Loss = 2.3162e-02, PNorm = 79.0235, GNorm = 0.1906, lr_0 = 3.7784e-04
Loss = 4.9852e-02, PNorm = 79.0581, GNorm = 0.2535, lr_0 = 3.7420e-04
Loss = 4.6662e-02, PNorm = 79.0883, GNorm = 0.1568, lr_0 = 3.7060e-04
Validation auc = 0.951208
Epoch 14
Loss = 2.7565e-02, PNorm = 79.1410, GNorm = 0.2481, lr_0 = 3.6668e-04
Loss = 4.0737e-02, PNorm = 79.1606, GNorm = 0.2557, lr_0 = 3.6315e-04
Loss = 3.3167e-02, PNorm = 79.1968, GNorm = 0.3515, lr_0 = 3.5965e-04
Loss = 3.4200e-02, PNorm = 79.2394, GNorm = 0.3922, lr_0 = 3.5619e-04
Loss = 1.8300e-02, PNorm = 79.2660, GNorm = 0.1330, lr_0 = 3.5276e-04
Loss = 3.0544e-02, PNorm = 79.2996, GNorm = 0.1884, lr_0 = 3.4936e-04
Loss = 5.1976e-02, PNorm = 79.3134, GNorm = 0.2739, lr_0 = 3.4600e-04
Loss = 3.7074e-02, PNorm = 79.3535, GNorm = 0.1695, lr_0 = 3.4267e-04
Loss = 3.8565e-02, PNorm = 79.3960, GNorm = 0.2244, lr_0 = 3.3937e-04
Validation auc = 0.962784
Epoch 15
Loss = 3.3000e-02, PNorm = 79.4272, GNorm = 0.1998, lr_0 = 3.3610e-04
Loss = 2.0769e-02, PNorm = 79.4804, GNorm = 0.2440, lr_0 = 3.3287e-04
Loss = 2.6014e-02, PNorm = 79.5007, GNorm = 0.1085, lr_0 = 3.2966e-04
Loss = 3.6135e-02, PNorm = 79.5059, GNorm = 0.2217, lr_0 = 3.2649e-04
Loss = 3.5520e-02, PNorm = 79.5624, GNorm = 0.2285, lr_0 = 3.2334e-04
Loss = 2.5000e-02, PNorm = 79.5980, GNorm = 0.2022, lr_0 = 3.2023e-04
Loss = 3.3305e-02, PNorm = 79.6114, GNorm = 0.0987, lr_0 = 3.1715e-04
Loss = 4.4119e-02, PNorm = 79.6447, GNorm = 0.1636, lr_0 = 3.1409e-04
Loss = 4.2984e-02, PNorm = 79.6920, GNorm = 0.0722, lr_0 = 3.1107e-04
Validation auc = 0.964313
Epoch 16
Loss = 2.7936e-02, PNorm = 79.7396, GNorm = 0.3939, lr_0 = 3.0807e-04
Loss = 4.0793e-02, PNorm = 79.7546, GNorm = 0.1217, lr_0 = 3.0511e-04
Loss = 1.9921e-02, PNorm = 79.7870, GNorm = 0.1797, lr_0 = 3.0217e-04
Loss = 3.9192e-02, PNorm = 79.8047, GNorm = 0.4389, lr_0 = 2.9926e-04
Loss = 2.2038e-02, PNorm = 79.8204, GNorm = 0.0881, lr_0 = 2.9638e-04
Loss = 4.2810e-02, PNorm = 79.8627, GNorm = 0.2490, lr_0 = 2.9353e-04
Loss = 3.1190e-02, PNorm = 79.8989, GNorm = 0.0528, lr_0 = 2.9070e-04
Loss = 1.8137e-02, PNorm = 79.9204, GNorm = 0.1977, lr_0 = 2.8790e-04
Validation auc = 0.963650
Epoch 17
Loss = 1.8294e-02, PNorm = 79.9423, GNorm = 0.1037, lr_0 = 2.8485e-04
Loss = 3.4416e-02, PNorm = 79.9669, GNorm = 0.2773, lr_0 = 2.8211e-04
Loss = 2.2263e-02, PNorm = 79.9945, GNorm = 0.2173, lr_0 = 2.7939e-04
Loss = 3.8571e-02, PNorm = 80.0285, GNorm = 0.1627, lr_0 = 2.7670e-04
Loss = 2.5939e-02, PNorm = 80.0509, GNorm = 0.0691, lr_0 = 2.7404e-04
Loss = 2.4552e-02, PNorm = 80.0721, GNorm = 0.2296, lr_0 = 2.7140e-04
Loss = 4.1362e-02, PNorm = 80.0958, GNorm = 0.2139, lr_0 = 2.6879e-04
Loss = 2.0675e-02, PNorm = 80.1388, GNorm = 0.2200, lr_0 = 2.6620e-04
Loss = 2.3673e-02, PNorm = 80.1593, GNorm = 0.1924, lr_0 = 2.6364e-04
Validation auc = 0.971222
Epoch 18
Loss = 3.7343e-02, PNorm = 80.1876, GNorm = 0.2791, lr_0 = 2.6110e-04
Loss = 3.5507e-02, PNorm = 80.2272, GNorm = 0.1939, lr_0 = 2.5859e-04
Loss = 2.3837e-02, PNorm = 80.2500, GNorm = 0.1102, lr_0 = 2.5610e-04
Loss = 1.1151e-02, PNorm = 80.2787, GNorm = 0.0567, lr_0 = 2.5363e-04
Loss = 1.8681e-02, PNorm = 80.2960, GNorm = 0.3788, lr_0 = 2.5119e-04
Loss = 3.2053e-02, PNorm = 80.2962, GNorm = 0.1776, lr_0 = 2.4877e-04
Loss = 3.5318e-02, PNorm = 80.3342, GNorm = 0.1699, lr_0 = 2.4638e-04
Loss = 3.6893e-02, PNorm = 80.3702, GNorm = 0.0533, lr_0 = 2.4400e-04
Validation auc = 0.968713
Epoch 19
Loss = 2.4791e-02, PNorm = 80.3910, GNorm = 0.1807, lr_0 = 2.4165e-04
Loss = 2.6027e-02, PNorm = 80.4243, GNorm = 0.1739, lr_0 = 2.3933e-04
Loss = 1.9441e-02, PNorm = 80.4529, GNorm = 0.0351, lr_0 = 2.3702e-04
Loss = 3.3721e-02, PNorm = 80.4631, GNorm = 0.3807, lr_0 = 2.3474e-04
Loss = 3.0685e-02, PNorm = 80.4799, GNorm = 0.1158, lr_0 = 2.3248e-04
Loss = 2.2308e-02, PNorm = 80.5194, GNorm = 0.1020, lr_0 = 2.3024e-04
Loss = 3.4629e-02, PNorm = 80.5470, GNorm = 0.3104, lr_0 = 2.2803e-04
Loss = 1.8604e-02, PNorm = 80.5733, GNorm = 0.0771, lr_0 = 2.2583e-04
Loss = 2.5578e-02, PNorm = 80.5954, GNorm = 0.0592, lr_0 = 2.2366e-04
Validation auc = 0.965479
Epoch 20
Loss = 1.4564e-02, PNorm = 80.6282, GNorm = 0.2204, lr_0 = 2.2129e-04
Loss = 3.0675e-02, PNorm = 80.6428, GNorm = 0.1888, lr_0 = 2.1916e-04
Loss = 2.2624e-02, PNorm = 80.6575, GNorm = 0.1735, lr_0 = 2.1705e-04
Loss = 2.1459e-02, PNorm = 80.6902, GNorm = 0.3461, lr_0 = 2.1496e-04
Loss = 1.2671e-02, PNorm = 80.7067, GNorm = 0.0621, lr_0 = 2.1289e-04
Loss = 2.8882e-02, PNorm = 80.7216, GNorm = 0.1871, lr_0 = 2.1084e-04
Loss = 3.6205e-02, PNorm = 80.7412, GNorm = 0.1241, lr_0 = 2.0881e-04
Loss = 4.8854e-02, PNorm = 80.7663, GNorm = 0.5581, lr_0 = 2.0680e-04
Validation auc = 0.962202
Epoch 21
Loss = 2.7833e-02, PNorm = 80.7834, GNorm = 0.1861, lr_0 = 2.0481e-04
Loss = 2.0695e-02, PNorm = 80.8073, GNorm = 0.0788, lr_0 = 2.0283e-04
Loss = 2.2858e-02, PNorm = 80.8349, GNorm = 0.1292, lr_0 = 2.0088e-04
Loss = 1.8312e-02, PNorm = 80.8721, GNorm = 0.2184, lr_0 = 1.9895e-04
Loss = 2.1032e-02, PNorm = 80.8917, GNorm = 0.1535, lr_0 = 1.9703e-04
Loss = 2.6514e-02, PNorm = 80.9140, GNorm = 0.0768, lr_0 = 1.9514e-04
Loss = 3.8838e-02, PNorm = 80.9319, GNorm = 0.6005, lr_0 = 1.9326e-04
Loss = 2.4956e-02, PNorm = 80.9386, GNorm = 0.3115, lr_0 = 1.9140e-04
Loss = 2.2756e-02, PNorm = 80.9802, GNorm = 0.1545, lr_0 = 1.8955e-04
Validation auc = 0.963565
Epoch 22
Loss = 2.0603e-02, PNorm = 80.9911, GNorm = 0.0426, lr_0 = 1.8773e-04
Loss = 1.9512e-02, PNorm = 81.0033, GNorm = 0.1583, lr_0 = 1.8592e-04
Loss = 2.8839e-02, PNorm = 81.0253, GNorm = 0.0375, lr_0 = 1.8413e-04
Loss = 1.9650e-02, PNorm = 81.0413, GNorm = 0.0378, lr_0 = 1.8236e-04
Loss = 1.8996e-02, PNorm = 81.0588, GNorm = 0.1783, lr_0 = 1.8060e-04
Loss = 3.2086e-02, PNorm = 81.0802, GNorm = 0.2087, lr_0 = 1.7886e-04
Loss = 1.1897e-02, PNorm = 81.1016, GNorm = 0.0433, lr_0 = 1.7714e-04
Loss = 1.4771e-02, PNorm = 81.1190, GNorm = 0.0160, lr_0 = 1.7544e-04
Validation auc = 0.967205
Epoch 23
Loss = 6.9381e-02, PNorm = 81.1298, GNorm = 0.3042, lr_0 = 1.7358e-04
Loss = 2.0052e-02, PNorm = 81.1547, GNorm = 0.1486, lr_0 = 1.7191e-04
Loss = 2.2361e-02, PNorm = 81.1719, GNorm = 0.0419, lr_0 = 1.7025e-04
Loss = 1.7650e-02, PNorm = 81.1828, GNorm = 0.2689, lr_0 = 1.6861e-04
Loss = 2.7713e-02, PNorm = 81.2042, GNorm = 0.3140, lr_0 = 1.6699e-04
Loss = 2.0959e-02, PNorm = 81.2144, GNorm = 0.0485, lr_0 = 1.6538e-04
Loss = 1.7130e-02, PNorm = 81.2339, GNorm = 0.0642, lr_0 = 1.6379e-04
Loss = 2.2286e-02, PNorm = 81.2429, GNorm = 0.1621, lr_0 = 1.6221e-04
Loss = 2.1401e-02, PNorm = 81.2627, GNorm = 0.1682, lr_0 = 1.6065e-04
Validation auc = 0.965420
Epoch 24
Loss = 1.6116e-02, PNorm = 81.2881, GNorm = 0.1512, lr_0 = 1.5910e-04
Loss = 2.1005e-02, PNorm = 81.3116, GNorm = 0.0599, lr_0 = 1.5757e-04
Loss = 1.8276e-02, PNorm = 81.3255, GNorm = 0.2571, lr_0 = 1.5605e-04
Loss = 1.8162e-02, PNorm = 81.3387, GNorm = 0.2217, lr_0 = 1.5455e-04
Loss = 2.5374e-02, PNorm = 81.3491, GNorm = 0.2069, lr_0 = 1.5306e-04
Loss = 2.2880e-02, PNorm = 81.3590, GNorm = 0.4697, lr_0 = 1.5159e-04
Loss = 2.7206e-02, PNorm = 81.3971, GNorm = 0.0913, lr_0 = 1.5013e-04
Loss = 1.6597e-02, PNorm = 81.4174, GNorm = 0.0802, lr_0 = 1.4869e-04
Loss = 1.8356e-02, PNorm = 81.4221, GNorm = 0.0834, lr_0 = 1.4725e-04
Validation auc = 0.966642
Epoch 25
Loss = 1.2879e-02, PNorm = 81.4318, GNorm = 0.2515, lr_0 = 1.4584e-04
Loss = 2.2289e-02, PNorm = 81.4447, GNorm = 0.1632, lr_0 = 1.4443e-04
Loss = 1.3188e-02, PNorm = 81.4704, GNorm = 0.0491, lr_0 = 1.4304e-04
Loss = 2.1037e-02, PNorm = 81.4911, GNorm = 0.0624, lr_0 = 1.4166e-04
Loss = 1.8433e-02, PNorm = 81.5049, GNorm = 0.3611, lr_0 = 1.4030e-04
Loss = 1.5061e-02, PNorm = 81.5071, GNorm = 0.0396, lr_0 = 1.3895e-04
Loss = 1.9968e-02, PNorm = 81.5111, GNorm = 0.1555, lr_0 = 1.3761e-04
Loss = 2.4653e-02, PNorm = 81.5358, GNorm = 0.3647, lr_0 = 1.3629e-04
Validation auc = 0.953393
Epoch 26
Loss = 1.6399e-02, PNorm = 81.5508, GNorm = 0.1697, lr_0 = 1.3484e-04
Loss = 1.2452e-02, PNorm = 81.5653, GNorm = 0.2401, lr_0 = 1.3355e-04
Loss = 2.7083e-02, PNorm = 81.5732, GNorm = 0.0667, lr_0 = 1.3226e-04
Loss = 2.7578e-02, PNorm = 81.5919, GNorm = 0.1672, lr_0 = 1.3099e-04
Loss = 2.9323e-02, PNorm = 81.6122, GNorm = 0.1490, lr_0 = 1.2973e-04
Loss = 2.7675e-02, PNorm = 81.6224, GNorm = 0.5208, lr_0 = 1.2848e-04
Loss = 1.5315e-02, PNorm = 81.6345, GNorm = 0.2969, lr_0 = 1.2724e-04
Loss = 1.6279e-02, PNorm = 81.6538, GNorm = 0.2536, lr_0 = 1.2601e-04
Loss = 8.5460e-03, PNorm = 81.6689, GNorm = 0.0793, lr_0 = 1.2480e-04
Validation auc = 0.951876
Epoch 27
Loss = 1.0694e-02, PNorm = 81.6740, GNorm = 0.2747, lr_0 = 1.2360e-04
Loss = 1.8699e-02, PNorm = 81.6765, GNorm = 0.2038, lr_0 = 1.2241e-04
Loss = 2.0416e-02, PNorm = 81.6933, GNorm = 0.2413, lr_0 = 1.2123e-04
Loss = 1.7861e-02, PNorm = 81.7126, GNorm = 0.3091, lr_0 = 1.2006e-04
Loss = 2.9214e-02, PNorm = 81.7282, GNorm = 0.3961, lr_0 = 1.1891e-04
Loss = 1.6080e-02, PNorm = 81.7480, GNorm = 0.2889, lr_0 = 1.1776e-04
Loss = 1.8451e-02, PNorm = 81.7681, GNorm = 0.0777, lr_0 = 1.1663e-04
Loss = 2.3612e-02, PNorm = 81.7677, GNorm = 0.5111, lr_0 = 1.1551e-04
Validation auc = 0.971654
Epoch 28
Loss = 1.9364e-02, PNorm = 81.7685, GNorm = 0.1401, lr_0 = 1.1428e-04
Loss = 1.9201e-02, PNorm = 81.7873, GNorm = 0.3902, lr_0 = 1.1318e-04
Loss = 1.4154e-02, PNorm = 81.8031, GNorm = 0.0613, lr_0 = 1.1209e-04
Loss = 2.4179e-02, PNorm = 81.8053, GNorm = 0.1208, lr_0 = 1.1101e-04
Loss = 7.5817e-03, PNorm = 81.8176, GNorm = 0.1157, lr_0 = 1.0995e-04
Loss = 9.0090e-03, PNorm = 81.8350, GNorm = 0.0169, lr_0 = 1.0889e-04
Loss = 2.4407e-02, PNorm = 81.8401, GNorm = 0.0491, lr_0 = 1.0784e-04
Loss = 1.5408e-02, PNorm = 81.8477, GNorm = 0.1303, lr_0 = 1.0680e-04
Loss = 3.0519e-02, PNorm = 81.8536, GNorm = 0.3269, lr_0 = 1.0577e-04
Validation auc = 0.965820
Epoch 29
Loss = 1.9807e-02, PNorm = 81.8632, GNorm = 0.1933, lr_0 = 1.0475e-04
Loss = 1.2340e-02, PNorm = 81.8780, GNorm = 0.1340, lr_0 = 1.0374e-04
Loss = 1.3904e-02, PNorm = 81.8928, GNorm = 0.0334, lr_0 = 1.0275e-04
Loss = 1.7720e-02, PNorm = 81.8981, GNorm = 0.0768, lr_0 = 1.0176e-04
Loss = 1.2893e-02, PNorm = 81.9063, GNorm = 0.2595, lr_0 = 1.0078e-04
Loss = 1.9934e-02, PNorm = 81.9152, GNorm = 0.2928, lr_0 = 1.0000e-04
Loss = 1.3978e-02, PNorm = 81.9233, GNorm = 0.1472, lr_0 = 1.0000e-04
Loss = 2.7593e-02, PNorm = 81.9280, GNorm = 0.4444, lr_0 = 1.0000e-04
Validation auc = 0.967314
Model 0 best validation auc = 0.971654 on epoch 27
Loading pretrained parameter "encoder.encoder.0.cached_zero_vector".
Loading pretrained parameter "encoder.encoder.0.W_i.weight".
Loading pretrained parameter "encoder.encoder.0.W_h.weight".
Loading pretrained parameter "encoder.encoder.0.W_o.weight".
Loading pretrained parameter "encoder.encoder.0.W_o.bias".
Loading pretrained parameter "ffn.1.weight".
Loading pretrained parameter "ffn.1.bias".
Loading pretrained parameter "ffn.4.weight".
Loading pretrained parameter "ffn.4.bias".
Moving model to cuda
Model 0 test auc = 0.857722
Ensemble test auc = 0.857722
Fold 1
Splitting data with seed 1
Total scaffolds = 3,467 | train scaffolds = 2,658 | val scaffolds = 399 | test scaffolds = 410
Label averages per scaffold, in decreasing order of scaffold frequency,capped at 10 scaffolds and 20 labels:
Scaffold 0
Task 0: count = 381 | target average = 0.018373
Task 1: count = 381 | target average = 0.013123


Scaffold 1
Task 0: count = 305 | target average = 0.009836
Task 1: count = 305 | target average = 0.016393


Scaffold 2
Task 0: count = 36 | target average = 0.000000
Task 1: count = 36 | target average = 0.000000


Scaffold 3
Task 0: count = 29 | target average = 0.000000
Task 1: count = 29 | target average = 0.000000


Scaffold 4
Task 0: count = 26 | target average = 0.000000
Task 1: count = 26 | target average = 0.000000


Scaffold 5
Task 0: count = 23 | target average = 0.000000
Task 1: count = 23 | target average = 0.000000


Scaffold 6
Task 0: count = 22 | target average = 0.090909
Task 1: count = 22 | target average = 0.090909


Scaffold 7
Task 0: count = 20 | target average = 0.050000
Task 1: count = 20 | target average = 0.000000


Scaffold 8
Task 0: count = 20 | target average = 0.000000
Task 1: count = 20 | target average = 0.000000


Scaffold 9
Task 0: count = 20 | target average = 0.000000
Task 1: count = 20 | target average = 0.000000


Class sizes
hit_inh 0: 97.83%, 1: 2.17%
hit_kill 0: 98.64%, 1: 1.36%
Total size = 5,353 | train size = 4,282 | val size = 535 | test size = 536
Building model 0
MoleculeModel(
  (sigmoid): Sigmoid()
  (encoder): MPN(
    (encoder): ModuleList(
      (0): MPNEncoder(
        (dropout_layer): Dropout(p=0.25, inplace=False)
        (act_func): ReLU()
        (W_i): Linear(in_features=147, out_features=1500, bias=False)
        (W_h): Linear(in_features=1500, out_features=1500, bias=False)
        (W_o): Linear(in_features=1633, out_features=1500, bias=True)
      )
    )
  )
  (ffn): Sequential(
    (0): Dropout(p=0.25, inplace=False)
    (1): Linear(in_features=1700, out_features=1500, bias=True)
    (2): ReLU()
    (3): Dropout(p=0.25, inplace=False)
    (4): Linear(in_features=1500, out_features=2, bias=True)
  )
)
Number of parameters = 7,476,002
Moving model to cuda
Epoch 0
Loss = 2.2803e-01, PNorm = 70.8858, GNorm = 0.1188, lr_0 = 1.0000e-03
Loss = 9.2655e-02, PNorm = 71.3872, GNorm = 0.2403, lr_0 = 1.0000e-03
Loss = 7.7402e-02, PNorm = 71.6484, GNorm = 0.5692, lr_0 = 1.0000e-03
Loss = 7.0966e-02, PNorm = 71.7851, GNorm = 0.1227, lr_0 = 1.0000e-03
Loss = 8.8117e-02, PNorm = 71.8696, GNorm = 0.1336, lr_0 = 1.0000e-03
Loss = 1.0132e-01, PNorm = 71.9435, GNorm = 0.1263, lr_0 = 1.0000e-03
Loss = 9.5383e-02, PNorm = 72.0256, GNorm = 0.1805, lr_0 = 1.0000e-03
Loss = 1.0201e-01, PNorm = 72.1076, GNorm = 0.1482, lr_0 = 1.0000e-03
Validation auc = 0.866762
Epoch 1
Loss = 4.2306e-02, PNorm = 72.2225, GNorm = 0.1678, lr_0 = 1.0000e-03
Loss = 9.4132e-02, PNorm = 72.2755, GNorm = 0.1446, lr_0 = 1.0000e-03
Loss = 9.8708e-02, PNorm = 72.3642, GNorm = 0.2183, lr_0 = 1.0000e-03
Loss = 7.6229e-02, PNorm = 72.4694, GNorm = 0.1632, lr_0 = 1.0000e-03
Loss = 6.5655e-02, PNorm = 72.5345, GNorm = 0.2250, lr_0 = 1.0000e-03
Loss = 6.2773e-02, PNorm = 72.6061, GNorm = 0.1130, lr_0 = 1.0000e-03
Loss = 7.6259e-02, PNorm = 72.6796, GNorm = 0.1460, lr_0 = 1.0000e-03
Loss = 8.1817e-02, PNorm = 72.7674, GNorm = 0.1132, lr_0 = 1.0000e-03
Loss = 9.7742e-02, PNorm = 72.8582, GNorm = 0.2469, lr_0 = 9.9807e-04
Validation auc = 0.875221
Epoch 2
Loss = 6.4898e-02, PNorm = 72.9754, GNorm = 0.0591, lr_0 = 9.8846e-04
Loss = 8.7176e-02, PNorm = 73.0724, GNorm = 0.2421, lr_0 = 9.7894e-04
Loss = 7.0100e-02, PNorm = 73.2498, GNorm = 0.0766, lr_0 = 9.6952e-04
Loss = 7.4170e-02, PNorm = 73.3194, GNorm = 0.1916, lr_0 = 9.6018e-04
Loss = 4.9745e-02, PNorm = 73.4283, GNorm = 0.1242, lr_0 = 9.5094e-04
Loss = 6.0903e-02, PNorm = 73.4832, GNorm = 0.1301, lr_0 = 9.4178e-04
Loss = 8.1618e-02, PNorm = 73.5522, GNorm = 0.1737, lr_0 = 9.3271e-04
Loss = 7.0557e-02, PNorm = 73.6621, GNorm = 0.2740, lr_0 = 9.2373e-04
Validation auc = 0.880200
Epoch 3
Loss = 1.0878e-01, PNorm = 73.7715, GNorm = 0.2083, lr_0 = 9.1395e-04
Loss = 7.7598e-02, PNorm = 73.8959, GNorm = 0.2182, lr_0 = 9.0515e-04
Loss = 4.6299e-02, PNorm = 74.0002, GNorm = 0.1547, lr_0 = 8.9644e-04
Loss = 6.3392e-02, PNorm = 74.0740, GNorm = 0.2772, lr_0 = 8.8781e-04
Loss = 6.5093e-02, PNorm = 74.1711, GNorm = 0.1115, lr_0 = 8.7926e-04
Loss = 6.2660e-02, PNorm = 74.2772, GNorm = 0.1288, lr_0 = 8.7080e-04
Loss = 6.4771e-02, PNorm = 74.3628, GNorm = 0.2530, lr_0 = 8.6241e-04
Loss = 8.7992e-02, PNorm = 74.4592, GNorm = 0.2005, lr_0 = 8.5411e-04
Loss = 5.7187e-02, PNorm = 74.5705, GNorm = 0.1305, lr_0 = 8.4588e-04
Validation auc = 0.852015
Epoch 4
Loss = 3.0001e-02, PNorm = 74.6920, GNorm = 0.0786, lr_0 = 8.3774e-04
Loss = 5.9587e-02, PNorm = 74.7942, GNorm = 0.3277, lr_0 = 8.2967e-04
Loss = 8.0867e-02, PNorm = 74.9358, GNorm = 0.0654, lr_0 = 8.2169e-04
Loss = 6.4173e-02, PNorm = 74.9912, GNorm = 0.2022, lr_0 = 8.1377e-04
Loss = 6.8743e-02, PNorm = 75.0686, GNorm = 0.1992, lr_0 = 8.0594e-04
Loss = 4.5090e-02, PNorm = 75.1591, GNorm = 0.2982, lr_0 = 7.9818e-04
Loss = 8.3416e-02, PNorm = 75.2155, GNorm = 0.2783, lr_0 = 7.9050e-04
Loss = 7.4834e-02, PNorm = 75.3116, GNorm = 0.0812, lr_0 = 7.8288e-04
Validation auc = 0.859464
Epoch 5
Loss = 3.3561e-02, PNorm = 75.3949, GNorm = 0.1437, lr_0 = 7.7535e-04
Loss = 5.0904e-02, PNorm = 75.4456, GNorm = 0.1158, lr_0 = 7.6788e-04
Loss = 4.6849e-02, PNorm = 75.5419, GNorm = 0.1140, lr_0 = 7.6049e-04
Loss = 4.2863e-02, PNorm = 75.6293, GNorm = 0.2602, lr_0 = 7.5317e-04
Loss = 6.5903e-02, PNorm = 75.6961, GNorm = 0.1467, lr_0 = 7.4591e-04
Loss = 5.8658e-02, PNorm = 75.8061, GNorm = 0.4089, lr_0 = 7.3873e-04
Loss = 6.7060e-02, PNorm = 75.9332, GNorm = 0.3856, lr_0 = 7.3162e-04
Loss = 5.5280e-02, PNorm = 76.0343, GNorm = 0.1387, lr_0 = 7.2458e-04
Loss = 6.3452e-02, PNorm = 76.1127, GNorm = 0.1514, lr_0 = 7.1760e-04
Validation auc = 0.861233
Epoch 6
Loss = 5.1325e-02, PNorm = 76.1941, GNorm = 0.1474, lr_0 = 7.1000e-04
Loss = 7.6617e-02, PNorm = 76.2936, GNorm = 0.2929, lr_0 = 7.0317e-04
Loss = 3.6523e-02, PNorm = 76.3987, GNorm = 0.4125, lr_0 = 6.9640e-04
Loss = 4.6419e-02, PNorm = 76.4545, GNorm = 0.3012, lr_0 = 6.8969e-04
Loss = 5.0662e-02, PNorm = 76.5413, GNorm = 0.0370, lr_0 = 6.8305e-04
Loss = 7.1148e-02, PNorm = 76.5634, GNorm = 0.1436, lr_0 = 6.7648e-04
Loss = 5.3913e-02, PNorm = 76.6278, GNorm = 0.3220, lr_0 = 6.6996e-04
Loss = 6.7107e-02, PNorm = 76.6815, GNorm = 0.1686, lr_0 = 6.6351e-04
Validation auc = 0.868254
Epoch 7
Loss = 1.2109e-02, PNorm = 76.7673, GNorm = 0.0681, lr_0 = 6.5712e-04
Loss = 3.7439e-02, PNorm = 76.8559, GNorm = 0.0415, lr_0 = 6.5080e-04
Loss = 6.7307e-02, PNorm = 76.8955, GNorm = 0.2849, lr_0 = 6.4453e-04
Loss = 5.7771e-02, PNorm = 76.9666, GNorm = 0.1766, lr_0 = 6.3833e-04
Loss = 6.2634e-02, PNorm = 77.0350, GNorm = 0.1276, lr_0 = 6.3218e-04
Loss = 4.0828e-02, PNorm = 77.1349, GNorm = 0.2444, lr_0 = 6.2609e-04
Loss = 4.1452e-02, PNorm = 77.1934, GNorm = 0.0815, lr_0 = 6.2006e-04
Loss = 5.4268e-02, PNorm = 77.2598, GNorm = 0.3044, lr_0 = 6.1409e-04
Loss = 5.6479e-02, PNorm = 77.3024, GNorm = 0.1234, lr_0 = 6.0818e-04
Validation auc = 0.885568
Epoch 8
Loss = 2.9308e-02, PNorm = 77.3889, GNorm = 0.0658, lr_0 = 6.0233e-04
Loss = 5.1648e-02, PNorm = 77.4231, GNorm = 0.2380, lr_0 = 5.9653e-04
Loss = 4.5279e-02, PNorm = 77.5096, GNorm = 0.0992, lr_0 = 5.9078e-04
Loss = 4.4408e-02, PNorm = 77.5795, GNorm = 0.0743, lr_0 = 5.8510e-04
Loss = 4.4748e-02, PNorm = 77.6432, GNorm = 0.0987, lr_0 = 5.7946e-04
Loss = 4.8064e-02, PNorm = 77.6916, GNorm = 0.1829, lr_0 = 5.7388e-04
Loss = 3.7544e-02, PNorm = 77.7566, GNorm = 0.0988, lr_0 = 5.6836e-04
Loss = 5.6438e-02, PNorm = 77.8251, GNorm = 0.1104, lr_0 = 5.6289e-04
Loss = 7.1345e-02, PNorm = 77.8728, GNorm = 0.1522, lr_0 = 5.5747e-04
Loss = 1.5291e-02, PNorm = 77.8809, GNorm = 0.1334, lr_0 = 5.5693e-04
Validation auc = 0.823363
Epoch 9
Loss = 3.0807e-02, PNorm = 77.9791, GNorm = 0.2291, lr_0 = 5.5156e-04
Loss = 5.5279e-02, PNorm = 78.0124, GNorm = 0.1725, lr_0 = 5.4625e-04
Loss = 5.9639e-02, PNorm = 78.0855, GNorm = 0.1639, lr_0 = 5.4100e-04
Loss = 4.7425e-02, PNorm = 78.1576, GNorm = 0.3766, lr_0 = 5.3579e-04
Loss = 6.1548e-02, PNorm = 78.2092, GNorm = 0.1686, lr_0 = 5.3063e-04
Loss = 3.0903e-02, PNorm = 78.2962, GNorm = 0.1834, lr_0 = 5.2552e-04
Loss = 3.3584e-02, PNorm = 78.3367, GNorm = 0.1224, lr_0 = 5.2046e-04
Loss = 5.5161e-02, PNorm = 78.3856, GNorm = 0.1291, lr_0 = 5.1545e-04
Validation auc = 0.859182
Epoch 10
Loss = 2.5364e-02, PNorm = 78.4509, GNorm = 0.1943, lr_0 = 5.1049e-04
Loss = 2.6849e-02, PNorm = 78.5045, GNorm = 0.0896, lr_0 = 5.0557e-04
Loss = 3.4031e-02, PNorm = 78.5452, GNorm = 0.1539, lr_0 = 5.0070e-04
Loss = 5.2571e-02, PNorm = 78.5969, GNorm = 0.2759, lr_0 = 4.9588e-04
Loss = 5.2225e-02, PNorm = 78.6408, GNorm = 0.4846, lr_0 = 4.9111e-04
Loss = 6.2295e-02, PNorm = 78.6957, GNorm = 0.2396, lr_0 = 4.8638e-04
Loss = 2.9505e-02, PNorm = 78.7760, GNorm = 0.1777, lr_0 = 4.8170e-04
Loss = 3.3181e-02, PNorm = 78.8103, GNorm = 0.0615, lr_0 = 4.7706e-04
Loss = 4.8802e-02, PNorm = 78.8373, GNorm = 0.1062, lr_0 = 4.7247e-04
Validation auc = 0.867431
Epoch 11
Loss = 3.5673e-02, PNorm = 78.8921, GNorm = 0.0409, lr_0 = 4.6792e-04
Loss = 1.5745e-02, PNorm = 78.9475, GNorm = 0.2029, lr_0 = 4.6341e-04
Loss = 4.0519e-02, PNorm = 78.9713, GNorm = 0.1179, lr_0 = 4.5895e-04
Loss = 5.1468e-02, PNorm = 79.0388, GNorm = 0.1192, lr_0 = 4.5453e-04
Loss = 4.0921e-02, PNorm = 79.1059, GNorm = 0.0610, lr_0 = 4.5015e-04
Loss = 2.0136e-02, PNorm = 79.1433, GNorm = 0.0290, lr_0 = 4.4582e-04
Loss = 5.1632e-02, PNorm = 79.1673, GNorm = 0.2013, lr_0 = 4.4153e-04
Loss = 3.0082e-02, PNorm = 79.2492, GNorm = 0.1506, lr_0 = 4.3728e-04
Validation auc = 0.882591
Epoch 12
Loss = 1.1687e-02, PNorm = 79.3141, GNorm = 0.0917, lr_0 = 4.3265e-04
Loss = 2.5012e-02, PNorm = 79.3882, GNorm = 0.1700, lr_0 = 4.2848e-04
Loss = 3.3465e-02, PNorm = 79.4495, GNorm = 0.4346, lr_0 = 4.2436e-04
Loss = 1.8316e-02, PNorm = 79.4692, GNorm = 0.1374, lr_0 = 4.2027e-04
Loss = 4.4997e-02, PNorm = 79.4947, GNorm = 0.1331, lr_0 = 4.1622e-04
Loss = 3.2981e-02, PNorm = 79.5435, GNorm = 0.0969, lr_0 = 4.1222e-04
Loss = 6.3875e-02, PNorm = 79.5674, GNorm = 0.4108, lr_0 = 4.0825e-04
Loss = 4.5116e-02, PNorm = 79.6435, GNorm = 0.1729, lr_0 = 4.0432e-04
Loss = 4.9131e-02, PNorm = 79.6891, GNorm = 0.5188, lr_0 = 4.0042e-04
Validation auc = 0.882818
Epoch 13
Loss = 3.9527e-02, PNorm = 79.7244, GNorm = 0.1962, lr_0 = 3.9657e-04
Loss = 2.3392e-02, PNorm = 79.7925, GNorm = 0.0214, lr_0 = 3.9275e-04
Loss = 3.4813e-02, PNorm = 79.8254, GNorm = 0.2907, lr_0 = 3.8897e-04
Loss = 2.6016e-02, PNorm = 79.8591, GNorm = 0.1347, lr_0 = 3.8522e-04
Loss = 3.4531e-02, PNorm = 79.9119, GNorm = 0.1024, lr_0 = 3.8152e-04
Loss = 3.2942e-02, PNorm = 79.9450, GNorm = 0.0978, lr_0 = 3.7784e-04
Loss = 5.1868e-02, PNorm = 79.9766, GNorm = 0.2409, lr_0 = 3.7420e-04
Loss = 3.3237e-02, PNorm = 80.0350, GNorm = 0.1938, lr_0 = 3.7060e-04
Validation auc = 0.886376
Epoch 14
Loss = 3.0983e-02, PNorm = 80.0753, GNorm = 0.2202, lr_0 = 3.6668e-04
Loss = 2.1586e-02, PNorm = 80.1183, GNorm = 0.2136, lr_0 = 3.6315e-04
Loss = 6.0475e-02, PNorm = 80.1411, GNorm = 0.3853, lr_0 = 3.5965e-04
Loss = 2.6943e-02, PNorm = 80.2312, GNorm = 0.2799, lr_0 = 3.5619e-04
Loss = 2.2574e-02, PNorm = 80.2818, GNorm = 0.2308, lr_0 = 3.5276e-04
Loss = 1.9426e-02, PNorm = 80.3151, GNorm = 0.2082, lr_0 = 3.4936e-04
Loss = 5.2897e-02, PNorm = 80.3335, GNorm = 0.2426, lr_0 = 3.4600e-04
Loss = 3.2990e-02, PNorm = 80.3810, GNorm = 0.1802, lr_0 = 3.4267e-04
Loss = 2.4063e-02, PNorm = 80.4164, GNorm = 0.2152, lr_0 = 3.3937e-04
Validation auc = 0.869014
Epoch 15
Loss = 4.8313e-02, PNorm = 80.4254, GNorm = 0.1095, lr_0 = 3.3610e-04
Loss = 2.9448e-02, PNorm = 80.4596, GNorm = 0.1317, lr_0 = 3.3287e-04
Loss = 3.9853e-02, PNorm = 80.4882, GNorm = 0.1244, lr_0 = 3.2966e-04
Loss = 2.5998e-02, PNorm = 80.5057, GNorm = 0.0740, lr_0 = 3.2649e-04
Loss = 2.0678e-02, PNorm = 80.5460, GNorm = 0.1604, lr_0 = 3.2334e-04
Loss = 3.2399e-02, PNorm = 80.5792, GNorm = 0.0708, lr_0 = 3.2023e-04
Loss = 2.4009e-02, PNorm = 80.6105, GNorm = 0.1900, lr_0 = 3.1715e-04
Loss = 1.9921e-02, PNorm = 80.6492, GNorm = 0.1080, lr_0 = 3.1409e-04
Loss = 3.7177e-02, PNorm = 80.6884, GNorm = 0.1604, lr_0 = 3.1107e-04
Validation auc = 0.870136
Epoch 16
Loss = 2.6015e-02, PNorm = 80.7331, GNorm = 0.2141, lr_0 = 3.0807e-04
Loss = 1.7068e-02, PNorm = 80.7670, GNorm = 0.0702, lr_0 = 3.0511e-04
Loss = 2.8732e-02, PNorm = 80.7824, GNorm = 0.2603, lr_0 = 3.0217e-04
Loss = 2.9920e-02, PNorm = 80.8271, GNorm = 0.1233, lr_0 = 2.9926e-04
Loss = 2.9288e-02, PNorm = 80.8492, GNorm = 0.1519, lr_0 = 2.9638e-04
Loss = 4.1781e-02, PNorm = 80.8864, GNorm = 0.4285, lr_0 = 2.9353e-04
Loss = 2.2939e-02, PNorm = 80.9259, GNorm = 0.4753, lr_0 = 2.9070e-04
Loss = 1.5764e-02, PNorm = 80.9600, GNorm = 0.1683, lr_0 = 2.8790e-04
Validation auc = 0.876509
Epoch 17
Loss = 1.5951e-02, PNorm = 81.0022, GNorm = 0.0571, lr_0 = 2.8485e-04
Loss = 2.9437e-02, PNorm = 81.0325, GNorm = 0.2823, lr_0 = 2.8211e-04
Loss = 3.1922e-02, PNorm = 81.0471, GNorm = 0.0734, lr_0 = 2.7939e-04
Loss = 3.3386e-02, PNorm = 81.0818, GNorm = 0.0680, lr_0 = 2.7670e-04
Loss = 1.4281e-02, PNorm = 81.1164, GNorm = 0.0453, lr_0 = 2.7404e-04
Loss = 2.2070e-02, PNorm = 81.1192, GNorm = 0.1130, lr_0 = 2.7140e-04
Loss = 2.4898e-02, PNorm = 81.1384, GNorm = 0.2246, lr_0 = 2.6879e-04
Loss = 2.5055e-02, PNorm = 81.1687, GNorm = 0.1441, lr_0 = 2.6620e-04
Loss = 3.5108e-02, PNorm = 81.1900, GNorm = 0.2096, lr_0 = 2.6364e-04
Validation auc = 0.876785
Epoch 18
Loss = 2.1803e-02, PNorm = 81.2261, GNorm = 0.0983, lr_0 = 2.6110e-04
Loss = 2.7070e-02, PNorm = 81.2560, GNorm = 0.2575, lr_0 = 2.5859e-04
Loss = 3.7190e-02, PNorm = 81.2672, GNorm = 0.1447, lr_0 = 2.5610e-04
Loss = 3.0308e-02, PNorm = 81.3287, GNorm = 0.3042, lr_0 = 2.5363e-04
Loss = 4.3212e-02, PNorm = 81.3448, GNorm = 0.1625, lr_0 = 2.5119e-04
Loss = 1.7727e-02, PNorm = 81.3731, GNorm = 0.0716, lr_0 = 2.4877e-04
Loss = 2.0929e-02, PNorm = 81.4139, GNorm = 0.0968, lr_0 = 2.4638e-04
Loss = 1.9530e-02, PNorm = 81.4332, GNorm = 0.4124, lr_0 = 2.4400e-04
Validation auc = 0.872194
Epoch 19
Loss = 2.4814e-02, PNorm = 81.4474, GNorm = 0.2425, lr_0 = 2.4165e-04
Loss = 2.2587e-02, PNorm = 81.4622, GNorm = 0.2045, lr_0 = 2.3933e-04
Loss = 2.7232e-02, PNorm = 81.4781, GNorm = 0.0364, lr_0 = 2.3702e-04
Loss = 1.9770e-02, PNorm = 81.5082, GNorm = 0.0894, lr_0 = 2.3474e-04
Loss = 1.6205e-02, PNorm = 81.5467, GNorm = 0.2357, lr_0 = 2.3248e-04
Loss = 4.0610e-02, PNorm = 81.5694, GNorm = 0.2049, lr_0 = 2.3024e-04
Loss = 3.4929e-02, PNorm = 81.6086, GNorm = 0.2768, lr_0 = 2.2803e-04
Loss = 1.5259e-02, PNorm = 81.6532, GNorm = 0.3059, lr_0 = 2.2583e-04
Loss = 2.2733e-02, PNorm = 81.6574, GNorm = 0.0522, lr_0 = 2.2366e-04
Validation auc = 0.883714
Epoch 20
Loss = 1.8866e-02, PNorm = 81.6816, GNorm = 0.3013, lr_0 = 2.2129e-04
Loss = 2.8390e-02, PNorm = 81.7103, GNorm = 0.0505, lr_0 = 2.1916e-04
Loss = 2.9519e-02, PNorm = 81.7292, GNorm = 0.0472, lr_0 = 2.1705e-04
Loss = 1.5494e-02, PNorm = 81.7355, GNorm = 0.0615, lr_0 = 2.1496e-04
Loss = 2.6687e-02, PNorm = 81.7450, GNorm = 0.1617, lr_0 = 2.1289e-04
Loss = 2.1419e-02, PNorm = 81.7551, GNorm = 0.1217, lr_0 = 2.1084e-04
Loss = 1.3374e-02, PNorm = 81.7817, GNorm = 0.1475, lr_0 = 2.0881e-04
Loss = 2.1316e-02, PNorm = 81.8084, GNorm = 0.5140, lr_0 = 2.0680e-04
Validation auc = 0.888210
Epoch 21
Loss = 2.0601e-02, PNorm = 81.8212, GNorm = 0.3654, lr_0 = 2.0481e-04
Loss = 1.9588e-02, PNorm = 81.8632, GNorm = 0.1063, lr_0 = 2.0283e-04
Loss = 1.5516e-02, PNorm = 81.8791, GNorm = 0.0837, lr_0 = 2.0088e-04
Loss = 3.4127e-02, PNorm = 81.8882, GNorm = 0.3796, lr_0 = 1.9895e-04
Loss = 1.8568e-02, PNorm = 81.9042, GNorm = 0.1163, lr_0 = 1.9703e-04
Loss = 2.5441e-02, PNorm = 81.9253, GNorm = 0.1009, lr_0 = 1.9514e-04
Loss = 2.4115e-02, PNorm = 81.9552, GNorm = 0.1024, lr_0 = 1.9326e-04
Loss = 1.2929e-02, PNorm = 81.9696, GNorm = 0.0947, lr_0 = 1.9140e-04
Loss = 1.8799e-02, PNorm = 81.9916, GNorm = 0.4792, lr_0 = 1.8955e-04
Validation auc = 0.873738
Epoch 22
Loss = 9.1155e-03, PNorm = 82.0121, GNorm = 0.2545, lr_0 = 1.8773e-04
Loss = 3.4610e-02, PNorm = 82.0123, GNorm = 0.1599, lr_0 = 1.8592e-04
Loss = 1.0410e-02, PNorm = 82.0286, GNorm = 0.1351, lr_0 = 1.8413e-04
Loss = 1.5921e-02, PNorm = 82.0556, GNorm = 0.0323, lr_0 = 1.8236e-04
Loss = 2.7180e-02, PNorm = 82.0595, GNorm = 0.0498, lr_0 = 1.8060e-04
Loss = 1.4552e-02, PNorm = 82.0715, GNorm = 0.0564, lr_0 = 1.7886e-04
Loss = 3.2797e-02, PNorm = 82.0987, GNorm = 0.3970, lr_0 = 1.7714e-04
Loss = 2.2603e-02, PNorm = 82.1133, GNorm = 0.1093, lr_0 = 1.7544e-04
Validation auc = 0.880780
Epoch 23
Loss = 2.0212e-02, PNorm = 82.1437, GNorm = 0.1551, lr_0 = 1.7358e-04
Loss = 1.6129e-02, PNorm = 82.1612, GNorm = 0.3157, lr_0 = 1.7191e-04
Loss = 2.5837e-02, PNorm = 82.1636, GNorm = 0.2000, lr_0 = 1.7025e-04
Loss = 1.3824e-02, PNorm = 82.1952, GNorm = 0.0511, lr_0 = 1.6861e-04
Loss = 1.4875e-02, PNorm = 82.2244, GNorm = 0.0184, lr_0 = 1.6699e-04
Loss = 1.2783e-02, PNorm = 82.2360, GNorm = 0.0809, lr_0 = 1.6538e-04
Loss = 1.5232e-02, PNorm = 82.2523, GNorm = 0.2683, lr_0 = 1.6379e-04
Loss = 1.7872e-02, PNorm = 82.2544, GNorm = 0.0888, lr_0 = 1.6221e-04
Loss = 2.7617e-02, PNorm = 82.2630, GNorm = 0.1937, lr_0 = 1.6065e-04
Validation auc = 0.878063
Epoch 24
Loss = 3.1957e-02, PNorm = 82.2786, GNorm = 0.2082, lr_0 = 1.5910e-04
Loss = 1.2612e-02, PNorm = 82.3056, GNorm = 0.0464, lr_0 = 1.5757e-04
Loss = 2.5045e-02, PNorm = 82.3161, GNorm = 0.5361, lr_0 = 1.5605e-04
Loss = 1.3086e-02, PNorm = 82.3213, GNorm = 0.0584, lr_0 = 1.5455e-04
Loss = 1.8007e-02, PNorm = 82.3405, GNorm = 0.1844, lr_0 = 1.5306e-04
Loss = 9.7190e-03, PNorm = 82.3631, GNorm = 0.0393, lr_0 = 1.5159e-04
Loss = 2.0006e-02, PNorm = 82.3819, GNorm = 0.1189, lr_0 = 1.5013e-04
Loss = 1.4791e-02, PNorm = 82.4009, GNorm = 0.0082, lr_0 = 1.4869e-04
Loss = 1.2620e-02, PNorm = 82.4141, GNorm = 0.0115, lr_0 = 1.4725e-04
Validation auc = 0.884121
Epoch 25
Loss = 2.3326e-02, PNorm = 82.4196, GNorm = 0.1236, lr_0 = 1.4584e-04
Loss = 1.1851e-02, PNorm = 82.4365, GNorm = 0.2342, lr_0 = 1.4443e-04
Loss = 1.4691e-02, PNorm = 82.4515, GNorm = 0.3314, lr_0 = 1.4304e-04
Loss = 2.3298e-02, PNorm = 82.4613, GNorm = 0.1536, lr_0 = 1.4166e-04
Loss = 1.1403e-02, PNorm = 82.4747, GNorm = 0.2043, lr_0 = 1.4030e-04
Loss = 1.4852e-02, PNorm = 82.4925, GNorm = 0.4466, lr_0 = 1.3895e-04
Loss = 1.6819e-02, PNorm = 82.5066, GNorm = 0.0189, lr_0 = 1.3761e-04
Loss = 1.2901e-02, PNorm = 82.5144, GNorm = 0.3673, lr_0 = 1.3629e-04
Validation auc = 0.882607
Epoch 26
Loss = 1.4186e-02, PNorm = 82.5148, GNorm = 0.1661, lr_0 = 1.3484e-04
Loss = 2.3527e-02, PNorm = 82.5266, GNorm = 0.1214, lr_0 = 1.3355e-04
Loss = 9.2576e-03, PNorm = 82.5458, GNorm = 0.1977, lr_0 = 1.3226e-04
Loss = 1.4704e-02, PNorm = 82.5645, GNorm = 0.0500, lr_0 = 1.3099e-04
Loss = 3.3317e-02, PNorm = 82.5530, GNorm = 0.0790, lr_0 = 1.2973e-04
Loss = 1.8421e-02, PNorm = 82.5619, GNorm = 0.1339, lr_0 = 1.2848e-04
Loss = 1.3151e-02, PNorm = 82.5847, GNorm = 0.0749, lr_0 = 1.2724e-04
Loss = 3.0668e-02, PNorm = 82.5992, GNorm = 0.1751, lr_0 = 1.2601e-04
Loss = 8.8852e-03, PNorm = 82.6117, GNorm = 0.1759, lr_0 = 1.2480e-04
Validation auc = 0.877968
Epoch 27
Loss = 1.6830e-02, PNorm = 82.6264, GNorm = 0.1416, lr_0 = 1.2360e-04
Loss = 8.1127e-03, PNorm = 82.6358, GNorm = 0.0329, lr_0 = 1.2241e-04
Loss = 9.3818e-03, PNorm = 82.6462, GNorm = 0.2827, lr_0 = 1.2123e-04
Loss = 6.7368e-03, PNorm = 82.6549, GNorm = 0.1598, lr_0 = 1.2006e-04
Loss = 9.2244e-03, PNorm = 82.6649, GNorm = 0.0540, lr_0 = 1.1891e-04
Loss = 2.1512e-02, PNorm = 82.6692, GNorm = 0.4205, lr_0 = 1.1776e-04
Loss = 1.6116e-02, PNorm = 82.6769, GNorm = 0.3107, lr_0 = 1.1663e-04
Loss = 1.3244e-02, PNorm = 82.6927, GNorm = 0.0518, lr_0 = 1.1551e-04
Validation auc = 0.876108
Epoch 28
Loss = 2.1457e-02, PNorm = 82.6973, GNorm = 0.2117, lr_0 = 1.1428e-04
Loss = 6.1045e-03, PNorm = 82.7096, GNorm = 0.0364, lr_0 = 1.1318e-04
Loss = 2.2380e-02, PNorm = 82.7197, GNorm = 0.5434, lr_0 = 1.1209e-04
Loss = 1.2352e-02, PNorm = 82.7317, GNorm = 0.4589, lr_0 = 1.1101e-04
Loss = 1.1390e-02, PNorm = 82.7389, GNorm = 0.0199, lr_0 = 1.0995e-04
Loss = 1.4693e-02, PNorm = 82.7492, GNorm = 0.0299, lr_0 = 1.0889e-04
Loss = 1.5265e-02, PNorm = 82.7580, GNorm = 0.1403, lr_0 = 1.0784e-04
Loss = 1.7567e-02, PNorm = 82.7643, GNorm = 0.0608, lr_0 = 1.0680e-04
Loss = 1.1170e-02, PNorm = 82.7790, GNorm = 0.2519, lr_0 = 1.0577e-04
Validation auc = 0.870104
Epoch 29
Loss = 1.7407e-02, PNorm = 82.7927, GNorm = 0.4444, lr_0 = 1.0475e-04
Loss = 1.7907e-02, PNorm = 82.7905, GNorm = 0.3779, lr_0 = 1.0374e-04
Loss = 1.4870e-02, PNorm = 82.7989, GNorm = 0.1534, lr_0 = 1.0275e-04
Loss = 7.1249e-03, PNorm = 82.8125, GNorm = 0.3215, lr_0 = 1.0176e-04
Loss = 1.1418e-02, PNorm = 82.8238, GNorm = 0.0059, lr_0 = 1.0078e-04
Loss = 2.0092e-02, PNorm = 82.8238, GNorm = 0.1013, lr_0 = 1.0000e-04
Loss = 2.0186e-02, PNorm = 82.8277, GNorm = 0.1492, lr_0 = 1.0000e-04
Loss = 8.6042e-03, PNorm = 82.8412, GNorm = 0.0851, lr_0 = 1.0000e-04
Validation auc = 0.877596
Model 0 best validation auc = 0.888210 on epoch 20
Loading pretrained parameter "encoder.encoder.0.cached_zero_vector".
Loading pretrained parameter "encoder.encoder.0.W_i.weight".
Loading pretrained parameter "encoder.encoder.0.W_h.weight".
Loading pretrained parameter "encoder.encoder.0.W_o.weight".
Loading pretrained parameter "encoder.encoder.0.W_o.bias".
Loading pretrained parameter "ffn.1.weight".
Loading pretrained parameter "ffn.1.bias".
Loading pretrained parameter "ffn.4.weight".
Loading pretrained parameter "ffn.4.bias".
Moving model to cuda
Model 0 test auc = 0.791292
Ensemble test auc = 0.791292
Fold 2
Splitting data with seed 2
Total scaffolds = 3,467 | train scaffolds = 2,630 | val scaffolds = 419 | test scaffolds = 418
Label averages per scaffold, in decreasing order of scaffold frequency,capped at 10 scaffolds and 20 labels:
Scaffold 0
Task 0: count = 381 | target average = 0.018373
Task 1: count = 381 | target average = 0.013123


Scaffold 1
Task 0: count = 305 | target average = 0.009836
Task 1: count = 305 | target average = 0.016393


Scaffold 2
Task 0: count = 36 | target average = 0.000000
Task 1: count = 36 | target average = 0.000000


Scaffold 3
Task 0: count = 29 | target average = 0.000000
Task 1: count = 29 | target average = 0.000000


Scaffold 4
Task 0: count = 26 | target average = 0.000000
Task 1: count = 26 | target average = 0.000000


Scaffold 5
Task 0: count = 23 | target average = 0.000000
Task 1: count = 23 | target average = 0.000000


Scaffold 6
Task 0: count = 22 | target average = 0.090909
Task 1: count = 22 | target average = 0.090909


Scaffold 7
Task 0: count = 20 | target average = 0.000000
Task 1: count = 20 | target average = 0.000000


Scaffold 8
Task 0: count = 20 | target average = 0.000000
Task 1: count = 20 | target average = 0.000000


Scaffold 9
Task 0: count = 20 | target average = 0.050000
Task 1: count = 20 | target average = 0.000000


Class sizes
hit_inh 0: 97.83%, 1: 2.17%
hit_kill 0: 98.64%, 1: 1.36%
Total size = 5,353 | train size = 4,282 | val size = 535 | test size = 536
Building model 0
MoleculeModel(
  (sigmoid): Sigmoid()
  (encoder): MPN(
    (encoder): ModuleList(
      (0): MPNEncoder(
        (dropout_layer): Dropout(p=0.25, inplace=False)
        (act_func): ReLU()
        (W_i): Linear(in_features=147, out_features=1500, bias=False)
        (W_h): Linear(in_features=1500, out_features=1500, bias=False)
        (W_o): Linear(in_features=1633, out_features=1500, bias=True)
      )
    )
  )
  (ffn): Sequential(
    (0): Dropout(p=0.25, inplace=False)
    (1): Linear(in_features=1700, out_features=1500, bias=True)
    (2): ReLU()
    (3): Dropout(p=0.25, inplace=False)
    (4): Linear(in_features=1500, out_features=2, bias=True)
  )
)
Number of parameters = 7,476,002
Moving model to cuda
Epoch 0
Loss = 3.1374e-01, PNorm = 70.8347, GNorm = 0.3054, lr_0 = 1.0000e-03
Loss = 6.8556e-02, PNorm = 71.2956, GNorm = 0.1709, lr_0 = 1.0000e-03
Loss = 1.0204e-01, PNorm = 71.5237, GNorm = 0.1590, lr_0 = 1.0000e-03
Loss = 9.5436e-02, PNorm = 71.6445, GNorm = 0.1655, lr_0 = 1.0000e-03
Loss = 7.2654e-02, PNorm = 71.7256, GNorm = 0.0964, lr_0 = 1.0000e-03
Loss = 9.3328e-02, PNorm = 71.7857, GNorm = 0.1352, lr_0 = 1.0000e-03
Loss = 9.0937e-02, PNorm = 71.8554, GNorm = 0.2454, lr_0 = 1.0000e-03
Loss = 7.0062e-02, PNorm = 71.9140, GNorm = 0.1399, lr_0 = 1.0000e-03
Validation auc = 0.797462
Epoch 1
Loss = 5.9115e-02, PNorm = 71.9864, GNorm = 0.2072, lr_0 = 1.0000e-03
Loss = 7.0543e-02, PNorm = 72.0532, GNorm = 0.3696, lr_0 = 1.0000e-03
Loss = 3.6890e-02, PNorm = 72.0919, GNorm = 0.1502, lr_0 = 1.0000e-03
Loss = 1.1238e-01, PNorm = 72.1310, GNorm = 0.3485, lr_0 = 1.0000e-03
Loss = 6.9057e-02, PNorm = 72.2058, GNorm = 0.1828, lr_0 = 1.0000e-03
Loss = 7.5642e-02, PNorm = 72.2564, GNorm = 0.1214, lr_0 = 1.0000e-03
Loss = 9.2309e-02, PNorm = 72.3188, GNorm = 0.1333, lr_0 = 1.0000e-03
Loss = 1.0998e-01, PNorm = 72.4114, GNorm = 0.2230, lr_0 = 1.0000e-03
Loss = 5.4625e-02, PNorm = 72.5029, GNorm = 0.0871, lr_0 = 9.9807e-04
Validation auc = 0.823345
Epoch 2
Loss = 6.8534e-02, PNorm = 72.5680, GNorm = 0.2667, lr_0 = 9.8846e-04
Loss = 5.9261e-02, PNorm = 72.6617, GNorm = 0.2861, lr_0 = 9.7894e-04
Loss = 8.5895e-02, PNorm = 72.7405, GNorm = 0.1732, lr_0 = 9.6952e-04
Loss = 7.4371e-02, PNorm = 72.8219, GNorm = 0.3268, lr_0 = 9.6018e-04
Loss = 9.2636e-02, PNorm = 72.8783, GNorm = 0.2084, lr_0 = 9.5094e-04
Loss = 6.0431e-02, PNorm = 73.0000, GNorm = 0.1164, lr_0 = 9.4178e-04
Loss = 4.4973e-02, PNorm = 73.0611, GNorm = 0.0625, lr_0 = 9.3271e-04
Loss = 6.2697e-02, PNorm = 73.1115, GNorm = 0.1367, lr_0 = 9.2373e-04
Validation auc = 0.818908
Epoch 3
Loss = 7.4877e-02, PNorm = 73.1908, GNorm = 0.1691, lr_0 = 9.1395e-04
Loss = 7.8890e-02, PNorm = 73.2866, GNorm = 0.1426, lr_0 = 9.0515e-04
Loss = 7.5400e-02, PNorm = 73.4443, GNorm = 0.2850, lr_0 = 8.9644e-04
Loss = 2.8012e-02, PNorm = 73.6056, GNorm = 0.0615, lr_0 = 8.8781e-04
Loss = 8.6043e-02, PNorm = 73.6072, GNorm = 0.2781, lr_0 = 8.7926e-04
Loss = 6.1268e-02, PNorm = 73.6883, GNorm = 0.0506, lr_0 = 8.7080e-04
Loss = 9.5081e-02, PNorm = 73.7369, GNorm = 0.1397, lr_0 = 8.6241e-04
Loss = 5.9912e-02, PNorm = 73.8192, GNorm = 0.1023, lr_0 = 8.5411e-04
Loss = 5.9686e-02, PNorm = 73.8809, GNorm = 0.2481, lr_0 = 8.4588e-04
Validation auc = 0.854259
Epoch 4
Loss = 3.7061e-02, PNorm = 73.9569, GNorm = 0.0684, lr_0 = 8.3774e-04
Loss = 4.0748e-02, PNorm = 74.0253, GNorm = 0.1163, lr_0 = 8.2967e-04
Loss = 6.0043e-02, PNorm = 74.0828, GNorm = 0.1552, lr_0 = 8.2169e-04
Loss = 8.0168e-02, PNorm = 74.1473, GNorm = 0.1917, lr_0 = 8.1377e-04
Loss = 9.2240e-02, PNorm = 74.2395, GNorm = 0.2122, lr_0 = 8.0594e-04
Loss = 5.2790e-02, PNorm = 74.3869, GNorm = 0.2068, lr_0 = 7.9818e-04
Loss = 7.7128e-02, PNorm = 74.4591, GNorm = 0.2006, lr_0 = 7.9050e-04
Loss = 4.8641e-02, PNorm = 74.5829, GNorm = 0.2234, lr_0 = 7.8288e-04
Validation auc = 0.873069
Epoch 5
Loss = 7.4932e-02, PNorm = 74.6536, GNorm = 0.1700, lr_0 = 7.7535e-04
Loss = 6.9186e-02, PNorm = 74.7875, GNorm = 0.2023, lr_0 = 7.6788e-04
Loss = 5.5268e-02, PNorm = 74.9007, GNorm = 0.3184, lr_0 = 7.6049e-04
Loss = 6.2675e-02, PNorm = 74.9814, GNorm = 0.1942, lr_0 = 7.5317e-04
Loss = 3.6108e-02, PNorm = 75.0784, GNorm = 0.0524, lr_0 = 7.4591e-04
Loss = 6.1927e-02, PNorm = 75.1269, GNorm = 0.1257, lr_0 = 7.3873e-04
Loss = 7.0981e-02, PNorm = 75.1826, GNorm = 0.0788, lr_0 = 7.3162e-04
Loss = 5.0517e-02, PNorm = 75.2921, GNorm = 0.0629, lr_0 = 7.2458e-04
Loss = 5.9559e-02, PNorm = 75.3255, GNorm = 0.1308, lr_0 = 7.1760e-04
Validation auc = 0.889003
Epoch 6
Loss = 4.4098e-02, PNorm = 75.3953, GNorm = 0.0621, lr_0 = 7.1000e-04
Loss = 6.7492e-02, PNorm = 75.4462, GNorm = 0.1038, lr_0 = 7.0317e-04
Loss = 5.6961e-02, PNorm = 75.5199, GNorm = 0.1913, lr_0 = 6.9640e-04
Loss = 6.2959e-02, PNorm = 75.6121, GNorm = 0.1077, lr_0 = 6.8969e-04
Loss = 5.5251e-02, PNorm = 75.6999, GNorm = 0.1126, lr_0 = 6.8305e-04
Loss = 5.5244e-02, PNorm = 75.7652, GNorm = 0.1576, lr_0 = 6.7648e-04
Loss = 4.4572e-02, PNorm = 75.8671, GNorm = 0.4534, lr_0 = 6.6996e-04
Loss = 2.2604e-02, PNorm = 75.9692, GNorm = 0.0837, lr_0 = 6.6351e-04
Validation auc = 0.854248
Epoch 7
Loss = 4.7644e-02, PNorm = 76.0228, GNorm = 0.2108, lr_0 = 6.5712e-04
Loss = 4.8337e-02, PNorm = 76.1401, GNorm = 0.2912, lr_0 = 6.5080e-04
Loss = 6.9845e-02, PNorm = 76.2124, GNorm = 0.1885, lr_0 = 6.4453e-04
Loss = 5.7051e-02, PNorm = 76.3222, GNorm = 0.1584, lr_0 = 6.3833e-04
Loss = 4.2183e-02, PNorm = 76.3779, GNorm = 0.0753, lr_0 = 6.3218e-04
Loss = 3.1535e-02, PNorm = 76.4351, GNorm = 0.0834, lr_0 = 6.2609e-04
Loss = 5.2293e-02, PNorm = 76.5017, GNorm = 0.1846, lr_0 = 6.2006e-04
Loss = 5.0214e-02, PNorm = 76.5691, GNorm = 0.3111, lr_0 = 6.1409e-04
Loss = 4.7886e-02, PNorm = 76.6567, GNorm = 0.1868, lr_0 = 6.0818e-04
Validation auc = 0.886105
Epoch 8
Loss = 3.0955e-02, PNorm = 76.7117, GNorm = 0.1275, lr_0 = 6.0233e-04
Loss = 4.0371e-02, PNorm = 76.7604, GNorm = 0.0882, lr_0 = 5.9653e-04
Loss = 4.8453e-02, PNorm = 76.8247, GNorm = 0.1398, lr_0 = 5.9078e-04
Loss = 6.4095e-02, PNorm = 76.8724, GNorm = 0.1850, lr_0 = 5.8510e-04
Loss = 4.4700e-02, PNorm = 76.9652, GNorm = 0.1533, lr_0 = 5.7946e-04
Loss = 5.9864e-02, PNorm = 77.0584, GNorm = 0.2377, lr_0 = 5.7388e-04
Loss = 4.0814e-02, PNorm = 77.1402, GNorm = 0.1757, lr_0 = 5.6836e-04
Loss = 5.2006e-02, PNorm = 77.1953, GNorm = 0.2700, lr_0 = 5.6289e-04
Loss = 4.3368e-02, PNorm = 77.2657, GNorm = 0.1586, lr_0 = 5.5747e-04
Loss = 1.4436e-02, PNorm = 77.2765, GNorm = 0.1449, lr_0 = 5.5693e-04
Validation auc = 0.893438
Epoch 9
Loss = 4.2897e-02, PNorm = 77.3553, GNorm = 0.0948, lr_0 = 5.5156e-04
Loss = 6.1128e-02, PNorm = 77.3814, GNorm = 0.1760, lr_0 = 5.4625e-04
Loss = 5.3136e-02, PNorm = 77.4567, GNorm = 0.1170, lr_0 = 5.4100e-04
Loss = 2.5016e-02, PNorm = 77.5305, GNorm = 0.1778, lr_0 = 5.3579e-04
Loss = 6.5330e-02, PNorm = 77.5579, GNorm = 0.1430, lr_0 = 5.3063e-04
Loss = 3.9800e-02, PNorm = 77.6562, GNorm = 0.2071, lr_0 = 5.2552e-04
Loss = 5.4866e-02, PNorm = 77.6777, GNorm = 0.1626, lr_0 = 5.2046e-04
Loss = 4.1343e-02, PNorm = 77.7344, GNorm = 0.2219, lr_0 = 5.1545e-04
Validation auc = 0.885510
Epoch 10
Loss = 2.4156e-02, PNorm = 77.7942, GNorm = 0.0456, lr_0 = 5.1049e-04
Loss = 6.2019e-02, PNorm = 77.8545, GNorm = 0.2195, lr_0 = 5.0557e-04
Loss = 2.8907e-02, PNorm = 77.9399, GNorm = 0.0637, lr_0 = 5.0070e-04
Loss = 2.1082e-02, PNorm = 77.9618, GNorm = 0.1077, lr_0 = 4.9588e-04
Loss = 6.3635e-02, PNorm = 77.9746, GNorm = 0.2453, lr_0 = 4.9111e-04
Loss = 6.0629e-02, PNorm = 78.0325, GNorm = 0.1383, lr_0 = 4.8638e-04
Loss = 4.5668e-02, PNorm = 78.0899, GNorm = 0.1343, lr_0 = 4.8170e-04
Loss = 4.6564e-02, PNorm = 78.1578, GNorm = 0.3956, lr_0 = 4.7706e-04
Loss = 3.1447e-02, PNorm = 78.1691, GNorm = 0.2093, lr_0 = 4.7247e-04
Validation auc = 0.885821
Epoch 11
Loss = 7.2019e-02, PNorm = 78.2437, GNorm = 0.1806, lr_0 = 4.6792e-04
Loss = 4.0822e-02, PNorm = 78.3322, GNorm = 0.1589, lr_0 = 4.6341e-04
Loss = 2.1358e-02, PNorm = 78.3660, GNorm = 0.1453, lr_0 = 4.5895e-04
Loss = 3.6240e-02, PNorm = 78.4139, GNorm = 0.0744, lr_0 = 4.5453e-04
Loss = 5.0496e-02, PNorm = 78.4523, GNorm = 0.2040, lr_0 = 4.5015e-04
Loss = 5.0473e-02, PNorm = 78.5151, GNorm = 0.0622, lr_0 = 4.4582e-04
Loss = 3.2653e-02, PNorm = 78.5558, GNorm = 0.0482, lr_0 = 4.4153e-04
Loss = 4.5760e-02, PNorm = 78.6090, GNorm = 0.2241, lr_0 = 4.3728e-04
Validation auc = 0.867654
Epoch 12
Loss = 2.9507e-02, PNorm = 78.6630, GNorm = 0.1406, lr_0 = 4.3265e-04
Loss = 2.4283e-02, PNorm = 78.7161, GNorm = 0.1602, lr_0 = 4.2848e-04
Loss = 2.9623e-02, PNorm = 78.7734, GNorm = 0.2120, lr_0 = 4.2436e-04
Loss = 5.9104e-02, PNorm = 78.8076, GNorm = 0.6174, lr_0 = 4.2027e-04
Loss = 4.0125e-02, PNorm = 78.8555, GNorm = 0.6323, lr_0 = 4.1622e-04
Loss = 2.1800e-02, PNorm = 78.9250, GNorm = 0.1952, lr_0 = 4.1222e-04
Loss = 6.1620e-02, PNorm = 78.9117, GNorm = 0.2339, lr_0 = 4.0825e-04
Loss = 4.4827e-02, PNorm = 78.9439, GNorm = 0.2210, lr_0 = 4.0432e-04
Loss = 3.7550e-02, PNorm = 79.0341, GNorm = 0.1409, lr_0 = 4.0042e-04
Validation auc = 0.884297
Epoch 13
Loss = 1.9882e-02, PNorm = 79.0806, GNorm = 0.2192, lr_0 = 3.9657e-04
Loss = 4.7532e-02, PNorm = 79.1092, GNorm = 0.0777, lr_0 = 3.9275e-04
Loss = 1.2264e-02, PNorm = 79.1658, GNorm = 0.0787, lr_0 = 3.8897e-04
Loss = 4.2629e-02, PNorm = 79.2045, GNorm = 0.1413, lr_0 = 3.8522e-04
Loss = 4.0657e-02, PNorm = 79.2552, GNorm = 0.1928, lr_0 = 3.8152e-04
Loss = 4.7015e-02, PNorm = 79.3103, GNorm = 0.4978, lr_0 = 3.7784e-04
Loss = 5.5456e-02, PNorm = 79.3166, GNorm = 0.3744, lr_0 = 3.7420e-04
Loss = 3.2701e-02, PNorm = 79.3755, GNorm = 0.0823, lr_0 = 3.7060e-04
Validation auc = 0.881569
Epoch 14
Loss = 1.3002e-02, PNorm = 79.4156, GNorm = 0.1349, lr_0 = 3.6668e-04
Loss = 2.9281e-02, PNorm = 79.4418, GNorm = 0.1111, lr_0 = 3.6315e-04
Loss = 3.3108e-02, PNorm = 79.4827, GNorm = 0.1837, lr_0 = 3.5965e-04
Loss = 2.5111e-02, PNorm = 79.5163, GNorm = 0.0787, lr_0 = 3.5619e-04
Loss = 3.6567e-02, PNorm = 79.5575, GNorm = 0.0691, lr_0 = 3.5276e-04
Loss = 3.7748e-02, PNorm = 79.6161, GNorm = 0.4611, lr_0 = 3.4936e-04
Loss = 6.6125e-02, PNorm = 79.6183, GNorm = 0.1517, lr_0 = 3.4600e-04
Loss = 3.1047e-02, PNorm = 79.6714, GNorm = 0.1107, lr_0 = 3.4267e-04
Loss = 3.9593e-02, PNorm = 79.7038, GNorm = 0.0664, lr_0 = 3.3937e-04
Validation auc = 0.873428
Epoch 15
Loss = 2.9536e-02, PNorm = 79.7440, GNorm = 0.1467, lr_0 = 3.3610e-04
Loss = 4.4277e-02, PNorm = 79.7859, GNorm = 0.1070, lr_0 = 3.3287e-04
Loss = 2.2232e-02, PNorm = 79.8242, GNorm = 0.1984, lr_0 = 3.2966e-04
Loss = 2.8342e-02, PNorm = 79.8652, GNorm = 0.0246, lr_0 = 3.2649e-04
Loss = 4.4200e-02, PNorm = 79.8816, GNorm = 0.0627, lr_0 = 3.2334e-04
Loss = 2.9350e-02, PNorm = 79.9264, GNorm = 0.0762, lr_0 = 3.2023e-04
Loss = 3.7445e-02, PNorm = 79.9863, GNorm = 0.1830, lr_0 = 3.1715e-04
Loss = 1.5839e-02, PNorm = 80.0216, GNorm = 0.5505, lr_0 = 3.1409e-04
Loss = 4.0575e-02, PNorm = 80.0356, GNorm = 0.1012, lr_0 = 3.1107e-04
Validation auc = 0.860989
Epoch 16
Loss = 3.4446e-02, PNorm = 80.0848, GNorm = 0.1436, lr_0 = 3.0807e-04
Loss = 4.6598e-02, PNorm = 80.1226, GNorm = 0.2705, lr_0 = 3.0511e-04
Loss = 2.9633e-02, PNorm = 80.1724, GNorm = 0.0938, lr_0 = 3.0217e-04
Loss = 1.9249e-02, PNorm = 80.2214, GNorm = 0.0391, lr_0 = 2.9926e-04
Loss = 3.8219e-02, PNorm = 80.2447, GNorm = 0.1942, lr_0 = 2.9638e-04
Loss = 2.8446e-02, PNorm = 80.2813, GNorm = 0.1473, lr_0 = 2.9353e-04
Loss = 2.9530e-02, PNorm = 80.3241, GNorm = 0.0749, lr_0 = 2.9070e-04
Loss = 3.9952e-02, PNorm = 80.3548, GNorm = 0.1099, lr_0 = 2.8790e-04
Validation auc = 0.880902
Epoch 17
Loss = 2.8972e-02, PNorm = 80.3826, GNorm = 0.0719, lr_0 = 2.8485e-04
Loss = 3.7795e-02, PNorm = 80.4193, GNorm = 0.1417, lr_0 = 2.8211e-04
Loss = 2.5209e-02, PNorm = 80.4640, GNorm = 0.3295, lr_0 = 2.7939e-04
Loss = 4.5360e-02, PNorm = 80.4947, GNorm = 0.1772, lr_0 = 2.7670e-04
Loss = 2.9820e-02, PNorm = 80.5452, GNorm = 0.1162, lr_0 = 2.7404e-04
Loss = 2.9643e-02, PNorm = 80.5704, GNorm = 0.0808, lr_0 = 2.7140e-04
Loss = 2.5117e-02, PNorm = 80.6053, GNorm = 0.1463, lr_0 = 2.6879e-04
Loss = 3.1802e-02, PNorm = 80.6384, GNorm = 0.1554, lr_0 = 2.6620e-04
Loss = 2.5083e-02, PNorm = 80.6582, GNorm = 0.0906, lr_0 = 2.6364e-04
Validation auc = 0.867879
Epoch 18
Loss = 2.4395e-02, PNorm = 80.6765, GNorm = 0.1203, lr_0 = 2.6110e-04
Loss = 2.5114e-02, PNorm = 80.7065, GNorm = 0.0995, lr_0 = 2.5859e-04
Loss = 2.0879e-02, PNorm = 80.7523, GNorm = 0.1123, lr_0 = 2.5610e-04
Loss = 1.5145e-02, PNorm = 80.7927, GNorm = 0.0858, lr_0 = 2.5363e-04
Loss = 3.8527e-02, PNorm = 80.7991, GNorm = 0.1026, lr_0 = 2.5119e-04
Loss = 2.3846e-02, PNorm = 80.8261, GNorm = 0.0773, lr_0 = 2.4877e-04
Loss = 3.8904e-02, PNorm = 80.8646, GNorm = 0.1896, lr_0 = 2.4638e-04
Loss = 3.9536e-02, PNorm = 80.8946, GNorm = 0.3778, lr_0 = 2.4400e-04
Validation auc = 0.873504
Epoch 19
Loss = 1.4897e-02, PNorm = 80.9278, GNorm = 0.0563, lr_0 = 2.4165e-04
Loss = 2.2965e-02, PNorm = 80.9550, GNorm = 0.1129, lr_0 = 2.3933e-04
Loss = 2.3599e-02, PNorm = 80.9772, GNorm = 0.1875, lr_0 = 2.3702e-04
Loss = 3.1129e-02, PNorm = 81.0030, GNorm = 0.0995, lr_0 = 2.3474e-04
Loss = 2.9922e-02, PNorm = 81.0306, GNorm = 0.0700, lr_0 = 2.3248e-04
Loss = 5.2275e-02, PNorm = 81.0695, GNorm = 0.2689, lr_0 = 2.3024e-04
Loss = 2.5639e-02, PNorm = 81.1178, GNorm = 0.2993, lr_0 = 2.2803e-04
Loss = 1.6260e-02, PNorm = 81.1591, GNorm = 0.0656, lr_0 = 2.2583e-04
Loss = 9.0370e-03, PNorm = 81.1746, GNorm = 0.0524, lr_0 = 2.2366e-04
Validation auc = 0.888249
Epoch 20
Loss = 2.6509e-02, PNorm = 81.1777, GNorm = 0.1532, lr_0 = 2.2129e-04
Loss = 2.2485e-02, PNorm = 81.1900, GNorm = 0.2457, lr_0 = 2.1916e-04
Loss = 2.1948e-02, PNorm = 81.2083, GNorm = 0.2457, lr_0 = 2.1705e-04
Loss = 2.7228e-02, PNorm = 81.2379, GNorm = 0.3000, lr_0 = 2.1496e-04
Loss = 1.5113e-02, PNorm = 81.2748, GNorm = 0.1971, lr_0 = 2.1289e-04
Loss = 3.1481e-02, PNorm = 81.2933, GNorm = 0.4119, lr_0 = 2.1084e-04
Loss = 2.4023e-02, PNorm = 81.3128, GNorm = 0.2670, lr_0 = 2.0881e-04
Loss = 2.8947e-02, PNorm = 81.3413, GNorm = 0.0802, lr_0 = 2.0680e-04
Validation auc = 0.866342
Epoch 21
Loss = 2.0750e-02, PNorm = 81.3694, GNorm = 0.2637, lr_0 = 2.0481e-04
Loss = 2.9601e-02, PNorm = 81.3823, GNorm = 0.1356, lr_0 = 2.0283e-04
Loss = 2.3086e-02, PNorm = 81.4050, GNorm = 0.2506, lr_0 = 2.0088e-04
Loss = 2.4380e-02, PNorm = 81.4476, GNorm = 0.3004, lr_0 = 1.9895e-04
Loss = 3.0651e-02, PNorm = 81.4620, GNorm = 0.2002, lr_0 = 1.9703e-04
Loss = 1.8909e-02, PNorm = 81.4863, GNorm = 0.1225, lr_0 = 1.9514e-04
Loss = 1.3183e-02, PNorm = 81.5188, GNorm = 0.0340, lr_0 = 1.9326e-04
Loss = 3.4131e-02, PNorm = 81.5235, GNorm = 0.0368, lr_0 = 1.9140e-04
Loss = 3.5782e-02, PNorm = 81.5434, GNorm = 0.2604, lr_0 = 1.8955e-04
Validation auc = 0.876887
Epoch 22
Loss = 1.6089e-02, PNorm = 81.5734, GNorm = 0.0398, lr_0 = 1.8773e-04
Loss = 2.2418e-02, PNorm = 81.5947, GNorm = 0.0377, lr_0 = 1.8592e-04
Loss = 2.4207e-02, PNorm = 81.6170, GNorm = 0.2400, lr_0 = 1.8413e-04
Loss = 2.1319e-02, PNorm = 81.6439, GNorm = 0.0455, lr_0 = 1.8236e-04
Loss = 2.3671e-02, PNorm = 81.6644, GNorm = 0.3040, lr_0 = 1.8060e-04
Loss = 2.6430e-02, PNorm = 81.6810, GNorm = 0.1692, lr_0 = 1.7886e-04
Loss = 2.7086e-02, PNorm = 81.7031, GNorm = 0.3332, lr_0 = 1.7714e-04
Loss = 1.6287e-02, PNorm = 81.7199, GNorm = 0.0624, lr_0 = 1.7544e-04
Validation auc = 0.857582
Epoch 23
Loss = 1.9541e-02, PNorm = 81.7413, GNorm = 0.1512, lr_0 = 1.7358e-04
Loss = 2.1276e-02, PNorm = 81.7605, GNorm = 0.0131, lr_0 = 1.7191e-04
Loss = 2.5991e-02, PNorm = 81.7785, GNorm = 0.1827, lr_0 = 1.7025e-04
Loss = 2.7013e-02, PNorm = 81.7914, GNorm = 0.2438, lr_0 = 1.6861e-04
Loss = 1.5341e-02, PNorm = 81.8165, GNorm = 0.3437, lr_0 = 1.6699e-04
Loss = 8.4999e-03, PNorm = 81.8322, GNorm = 0.0265, lr_0 = 1.6538e-04
Loss = 1.4817e-02, PNorm = 81.8362, GNorm = 0.1830, lr_0 = 1.6379e-04
Loss = 2.1106e-02, PNorm = 81.8553, GNorm = 0.2037, lr_0 = 1.6221e-04
Loss = 3.0470e-02, PNorm = 81.8709, GNorm = 0.1582, lr_0 = 1.6065e-04
Validation auc = 0.851634
Epoch 24
Loss = 1.9741e-02, PNorm = 81.8986, GNorm = 0.2529, lr_0 = 1.5910e-04
Loss = 2.8218e-02, PNorm = 81.9246, GNorm = 0.2579, lr_0 = 1.5757e-04
Loss = 2.3634e-02, PNorm = 81.9420, GNorm = 0.4727, lr_0 = 1.5605e-04
Loss = 2.9008e-02, PNorm = 81.9745, GNorm = 0.0591, lr_0 = 1.5455e-04
Loss = 2.0838e-02, PNorm = 81.9990, GNorm = 0.4912, lr_0 = 1.5306e-04
Loss = 2.1072e-02, PNorm = 82.0021, GNorm = 0.2551, lr_0 = 1.5159e-04
Loss = 1.2988e-02, PNorm = 82.0179, GNorm = 0.0811, lr_0 = 1.5013e-04
Loss = 1.8132e-02, PNorm = 82.0336, GNorm = 0.0407, lr_0 = 1.4869e-04
Loss = 1.6971e-02, PNorm = 82.0516, GNorm = 0.2347, lr_0 = 1.4725e-04
Validation auc = 0.838240
Epoch 25
Loss = 1.6561e-02, PNorm = 82.0668, GNorm = 0.0190, lr_0 = 1.4584e-04
Loss = 2.4365e-02, PNorm = 82.0667, GNorm = 0.1582, lr_0 = 1.4443e-04
Loss = 1.4438e-02, PNorm = 82.0851, GNorm = 0.0329, lr_0 = 1.4304e-04
Loss = 2.7202e-02, PNorm = 82.1120, GNorm = 0.3563, lr_0 = 1.4166e-04
Loss = 1.4071e-02, PNorm = 82.1317, GNorm = 0.0191, lr_0 = 1.4030e-04
Loss = 1.0319e-02, PNorm = 82.1454, GNorm = 0.1017, lr_0 = 1.3895e-04
Loss = 1.9482e-02, PNorm = 82.1549, GNorm = 0.0958, lr_0 = 1.3761e-04
Loss = 1.6674e-02, PNorm = 82.1694, GNorm = 0.0544, lr_0 = 1.3629e-04
Validation auc = 0.858796
Epoch 26
Loss = 1.7538e-02, PNorm = 82.1830, GNorm = 0.1023, lr_0 = 1.3484e-04
Loss = 2.4342e-02, PNorm = 82.2106, GNorm = 0.5094, lr_0 = 1.3355e-04
Loss = 1.3670e-02, PNorm = 82.2188, GNorm = 0.1765, lr_0 = 1.3226e-04
Loss = 1.7691e-02, PNorm = 82.2276, GNorm = 0.0230, lr_0 = 1.3099e-04
Loss = 1.5604e-02, PNorm = 82.2466, GNorm = 0.0110, lr_0 = 1.2973e-04
Loss = 2.8391e-02, PNorm = 82.2569, GNorm = 0.0714, lr_0 = 1.2848e-04
Loss = 9.8442e-03, PNorm = 82.2722, GNorm = 0.1192, lr_0 = 1.2724e-04
Loss = 9.1050e-03, PNorm = 82.2888, GNorm = 0.0888, lr_0 = 1.2601e-04
Loss = 2.9337e-02, PNorm = 82.2910, GNorm = 0.2626, lr_0 = 1.2480e-04
Validation auc = 0.856938
Epoch 27
Loss = 1.0700e-02, PNorm = 82.3014, GNorm = 0.1227, lr_0 = 1.2360e-04
Loss = 2.2739e-02, PNorm = 82.3179, GNorm = 0.4537, lr_0 = 1.2241e-04
Loss = 1.3975e-02, PNorm = 82.3315, GNorm = 0.2952, lr_0 = 1.2123e-04
Loss = 1.5717e-02, PNorm = 82.3493, GNorm = 0.4676, lr_0 = 1.2006e-04
Loss = 6.2579e-03, PNorm = 82.3583, GNorm = 0.0633, lr_0 = 1.1891e-04
Loss = 2.4991e-02, PNorm = 82.3660, GNorm = 0.3323, lr_0 = 1.1776e-04
Loss = 2.2378e-02, PNorm = 82.3864, GNorm = 0.3494, lr_0 = 1.1663e-04
Loss = 2.9451e-02, PNorm = 82.3985, GNorm = 0.2427, lr_0 = 1.1551e-04
Validation auc = 0.845489
Epoch 28
Loss = 3.2739e-02, PNorm = 82.4123, GNorm = 0.1066, lr_0 = 1.1428e-04
Loss = 2.5704e-02, PNorm = 82.4296, GNorm = 0.2141, lr_0 = 1.1318e-04
Loss = 1.8886e-02, PNorm = 82.4413, GNorm = 0.3139, lr_0 = 1.1209e-04
Loss = 1.4902e-02, PNorm = 82.4635, GNorm = 0.1054, lr_0 = 1.1101e-04
Loss = 7.5535e-03, PNorm = 82.4875, GNorm = 0.0636, lr_0 = 1.0995e-04
Loss = 1.7531e-02, PNorm = 82.4894, GNorm = 0.3554, lr_0 = 1.0889e-04
Loss = 1.6448e-02, PNorm = 82.4995, GNorm = 0.2179, lr_0 = 1.0784e-04
Loss = 2.1522e-02, PNorm = 82.5120, GNorm = 0.0265, lr_0 = 1.0680e-04
Loss = 1.5743e-02, PNorm = 82.5253, GNorm = 0.3281, lr_0 = 1.0577e-04
Validation auc = 0.841784
Epoch 29
Loss = 1.1179e-02, PNorm = 82.5406, GNorm = 0.1390, lr_0 = 1.0475e-04
Loss = 5.9749e-03, PNorm = 82.5537, GNorm = 0.0468, lr_0 = 1.0374e-04
Loss = 1.3528e-02, PNorm = 82.5638, GNorm = 0.1748, lr_0 = 1.0275e-04
Loss = 3.0628e-02, PNorm = 82.5601, GNorm = 0.1012, lr_0 = 1.0176e-04
Loss = 2.1271e-02, PNorm = 82.5747, GNorm = 0.2896, lr_0 = 1.0078e-04
Loss = 1.7818e-02, PNorm = 82.5897, GNorm = 0.2903, lr_0 = 1.0000e-04
Loss = 1.9523e-02, PNorm = 82.6018, GNorm = 0.3534, lr_0 = 1.0000e-04
Loss = 1.1119e-02, PNorm = 82.6113, GNorm = 0.0432, lr_0 = 1.0000e-04
Validation auc = 0.853506
Model 0 best validation auc = 0.893438 on epoch 8
Loading pretrained parameter "encoder.encoder.0.cached_zero_vector".
Loading pretrained parameter "encoder.encoder.0.W_i.weight".
Loading pretrained parameter "encoder.encoder.0.W_h.weight".
Loading pretrained parameter "encoder.encoder.0.W_o.weight".
Loading pretrained parameter "encoder.encoder.0.W_o.bias".
Loading pretrained parameter "ffn.1.weight".
Loading pretrained parameter "ffn.1.bias".
Loading pretrained parameter "ffn.4.weight".
Loading pretrained parameter "ffn.4.bias".
Moving model to cuda
Model 0 test auc = 0.855822
Ensemble test auc = 0.855822
3-fold cross validation
	Seed 0 ==> test auc = 0.857722
	Seed 1 ==> test auc = 0.791292
	Seed 2 ==> test auc = 0.855822
Overall test auc = 0.834945 +/- 0.030877
Elapsed time = 0:17:52
