Command line
python /home/jackievaleri8/.conda/envs/chemprop/bin/chemprop_train --init_lr 0.0001 --dropout 0.25 --hidden_size 500 --ffn_num_layers 2 --depth 3 --save_dir round3finalval08162021_models/105 --data_path round3finalval08162021_TRAIN.csv --dataset_type classification --features_path round3finalval08162021_TRAINFTS.npz --no_features_scaling --num_folds 3 --ensemble_size 1 --split_type scaffold_balanced --split_sizes 0.8 0.1 0.1 --smiles_columns SMILES --ignore_columns Name --gpu 0
Args
{'activation': 'ReLU',
 'aggregation': 'mean',
 'aggregation_norm': 100,
 'atom_descriptor_scaling': True,
 'atom_descriptors': None,
 'atom_descriptors_path': None,
 'atom_descriptors_size': 0,
 'atom_features_size': 0,
 'atom_messages': False,
 'batch_size': 50,
 'bias': False,
 'bond_feature_scaling': True,
 'bond_features_path': None,
 'bond_features_size': 0,
 'cache_cutoff': 10000,
 'checkpoint_dir': None,
 'checkpoint_path': None,
 'checkpoint_paths': None,
 'class_balance': False,
 'config_path': None,
 'crossval_index_dir': None,
 'crossval_index_file': None,
 'crossval_index_sets': None,
 'cuda': True,
 'data_path': 'round3finalval08162021_TRAIN.csv',
 'dataset_type': 'classification',
 'depth': 3,
 'device': device(type='cuda', index=0),
 'dropout': 0.25,
 'empty_cache': False,
 'ensemble_size': 1,
 'epochs': 30,
 'explicit_h': False,
 'extra_metrics': [],
 'features_generator': None,
 'features_only': False,
 'features_path': ['round3finalval08162021_TRAINFTS.npz'],
 'features_scaling': False,
 'features_size': None,
 'ffn_hidden_size': 500,
 'ffn_num_layers': 2,
 'final_lr': 0.0001,
 'folds_file': None,
 'gpu': 0,
 'grad_clip': None,
 'hidden_size': 500,
 'ignore_columns': ['Name'],
 'init_lr': 0.0001,
 'log_frequency': 10,
 'max_data_size': None,
 'max_lr': 0.001,
 'metric': 'auc',
 'metrics': ['auc'],
 'minimize_score': False,
 'mpn_shared': False,
 'multiclass_num_classes': 3,
 'no_atom_descriptor_scaling': False,
 'no_bond_features_scaling': False,
 'no_cache_mol': False,
 'no_cuda': False,
 'no_features_scaling': True,
 'num_folds': 3,
 'num_lrs': 1,
 'num_tasks': 2,
 'num_workers': 8,
 'number_of_molecules': 1,
 'overwrite_default_atom_features': False,
 'overwrite_default_bond_features': False,
 'pytorch_seed': 0,
 'quiet': False,
 'reaction': False,
 'reaction_mode': 'reac_diff',
 'resume_experiment': False,
 'save_dir': 'round3finalval08162021_models/105',
 'save_preds': False,
 'save_smiles_splits': False,
 'seed': 0,
 'separate_test_atom_descriptors_path': None,
 'separate_test_bond_features_path': None,
 'separate_test_features_path': None,
 'separate_test_path': None,
 'separate_val_atom_descriptors_path': None,
 'separate_val_bond_features_path': None,
 'separate_val_features_path': None,
 'separate_val_path': None,
 'show_individual_scores': False,
 'smiles_columns': ['SMILES'],
 'split_sizes': (0.8, 0.1, 0.1),
 'split_type': 'scaffold_balanced',
 'target_columns': None,
 'task_names': ['hit_inh', 'hit_kill'],
 'test': False,
 'test_fold_index': None,
 'train_data_size': None,
 'undirected': False,
 'use_input_features': True,
 'val_fold_index': None,
 'warmup_epochs': 2.0}
Loading data
Warning: 23 SMILES are invalid.
Number of tasks = 2
Fold 0
Splitting data with seed 0
Total scaffolds = 3,467 | train scaffolds = 2,650 | val scaffolds = 433 | test scaffolds = 384
Label averages per scaffold, in decreasing order of scaffold frequency,capped at 10 scaffolds and 20 labels:
Scaffold 0
Task 0: count = 381 | target average = 0.018373
Task 1: count = 381 | target average = 0.013123


Scaffold 1
Task 0: count = 305 | target average = 0.009836
Task 1: count = 305 | target average = 0.016393


Scaffold 2
Task 0: count = 36 | target average = 0.000000
Task 1: count = 36 | target average = 0.000000


Scaffold 3
Task 0: count = 29 | target average = 0.000000
Task 1: count = 29 | target average = 0.000000


Scaffold 4
Task 0: count = 26 | target average = 0.000000
Task 1: count = 26 | target average = 0.000000


Scaffold 5
Task 0: count = 23 | target average = 0.000000
Task 1: count = 23 | target average = 0.000000


Scaffold 6
Task 0: count = 22 | target average = 0.090909
Task 1: count = 22 | target average = 0.090909


Scaffold 7
Task 0: count = 20 | target average = 0.000000
Task 1: count = 20 | target average = 0.000000


Scaffold 8
Task 0: count = 20 | target average = 0.000000
Task 1: count = 20 | target average = 0.000000


Scaffold 9
Task 0: count = 20 | target average = 0.050000
Task 1: count = 20 | target average = 0.000000


Class sizes
hit_inh 0: 97.83%, 1: 2.17%
hit_kill 0: 98.64%, 1: 1.36%
Total size = 5,353 | train size = 4,282 | val size = 535 | test size = 536
Building model 0
MoleculeModel(
  (sigmoid): Sigmoid()
  (encoder): MPN(
    (encoder): ModuleList(
      (0): MPNEncoder(
        (dropout_layer): Dropout(p=0.25, inplace=False)
        (act_func): ReLU()
        (W_i): Linear(in_features=147, out_features=500, bias=False)
        (W_h): Linear(in_features=500, out_features=500, bias=False)
        (W_o): Linear(in_features=633, out_features=500, bias=True)
      )
    )
  )
  (ffn): Sequential(
    (0): Dropout(p=0.25, inplace=False)
    (1): Linear(in_features=700, out_features=500, bias=True)
    (2): ReLU()
    (3): Dropout(p=0.25, inplace=False)
    (4): Linear(in_features=500, out_features=2, bias=True)
  )
)
Number of parameters = 992,002
Moving model to cuda
Epoch 0
Loss = 2.6900e-01, PNorm = 43.2963, GNorm = 0.6746, lr_0 = 1.5824e-04
Loss = 1.0331e-01, PNorm = 43.3067, GNorm = 0.5809, lr_0 = 2.1118e-04
Loss = 9.6688e-02, PNorm = 43.3077, GNorm = 0.7828, lr_0 = 2.6412e-04
Loss = 1.0843e-01, PNorm = 43.3071, GNorm = 0.2652, lr_0 = 3.1706e-04
Loss = 1.0026e-01, PNorm = 43.3156, GNorm = 0.4585, lr_0 = 3.7000e-04
Loss = 6.0472e-02, PNorm = 43.3253, GNorm = 0.2754, lr_0 = 4.2294e-04
Loss = 6.8262e-02, PNorm = 43.3313, GNorm = 0.2755, lr_0 = 4.7588e-04
Loss = 6.7550e-02, PNorm = 43.3400, GNorm = 0.1835, lr_0 = 5.2882e-04
Validation auc = 0.624585
Epoch 1
Loss = 3.5559e-02, PNorm = 43.3629, GNorm = 0.0973, lr_0 = 5.8706e-04
Loss = 1.0179e-01, PNorm = 43.3718, GNorm = 0.2999, lr_0 = 6.4000e-04
Loss = 8.7257e-02, PNorm = 43.4050, GNorm = 0.1332, lr_0 = 6.9294e-04
Loss = 9.7298e-02, PNorm = 43.4256, GNorm = 0.3148, lr_0 = 7.4588e-04
Loss = 8.8430e-02, PNorm = 43.4604, GNorm = 0.1447, lr_0 = 7.9882e-04
Loss = 5.7795e-02, PNorm = 43.4943, GNorm = 0.1923, lr_0 = 8.5176e-04
Loss = 9.8810e-02, PNorm = 43.5204, GNorm = 0.2117, lr_0 = 9.0471e-04
Loss = 9.5044e-02, PNorm = 43.5560, GNorm = 0.2162, lr_0 = 9.5765e-04
Loss = 9.7201e-02, PNorm = 43.5988, GNorm = 0.1983, lr_0 = 9.9807e-04
Validation auc = 0.859776
Epoch 2
Loss = 6.4148e-02, PNorm = 43.6485, GNorm = 0.0624, lr_0 = 9.8846e-04
Loss = 5.9679e-02, PNorm = 43.6873, GNorm = 0.1365, lr_0 = 9.7894e-04
Loss = 7.1502e-02, PNorm = 43.7341, GNorm = 0.1987, lr_0 = 9.6952e-04
Loss = 7.7412e-02, PNorm = 43.7794, GNorm = 0.5397, lr_0 = 9.6018e-04
Loss = 6.8997e-02, PNorm = 43.8358, GNorm = 0.2098, lr_0 = 9.5094e-04
Loss = 7.8728e-02, PNorm = 43.8804, GNorm = 0.1974, lr_0 = 9.4178e-04
Loss = 1.2240e-01, PNorm = 43.9348, GNorm = 0.4365, lr_0 = 9.3271e-04
Loss = 5.4745e-02, PNorm = 43.9908, GNorm = 0.2913, lr_0 = 9.2373e-04
Validation auc = 0.877718
Epoch 3
Loss = 6.7351e-02, PNorm = 44.0416, GNorm = 0.2343, lr_0 = 9.1395e-04
Loss = 8.4206e-02, PNorm = 44.0993, GNorm = 0.2079, lr_0 = 9.0515e-04
Loss = 7.1211e-02, PNorm = 44.1703, GNorm = 0.4560, lr_0 = 8.9644e-04
Loss = 6.8726e-02, PNorm = 44.2306, GNorm = 0.1025, lr_0 = 8.8781e-04
Loss = 7.3531e-02, PNorm = 44.2860, GNorm = 0.2881, lr_0 = 8.7926e-04
Loss = 7.4458e-02, PNorm = 44.3527, GNorm = 0.1488, lr_0 = 8.7080e-04
Loss = 5.0377e-02, PNorm = 44.4174, GNorm = 0.1168, lr_0 = 8.6241e-04
Loss = 5.4519e-02, PNorm = 44.4493, GNorm = 0.1343, lr_0 = 8.5411e-04
Loss = 7.0959e-02, PNorm = 44.5010, GNorm = 0.1488, lr_0 = 8.4588e-04
Validation auc = 0.924847
Epoch 4
Loss = 6.0398e-02, PNorm = 44.5647, GNorm = 0.1316, lr_0 = 8.3774e-04
Loss = 5.3476e-02, PNorm = 44.6110, GNorm = 0.1627, lr_0 = 8.2967e-04
Loss = 7.8125e-02, PNorm = 44.6703, GNorm = 0.1776, lr_0 = 8.2169e-04
Loss = 7.3968e-02, PNorm = 44.7293, GNorm = 0.3750, lr_0 = 8.1377e-04
Loss = 7.9570e-02, PNorm = 44.7792, GNorm = 0.1808, lr_0 = 8.0594e-04
Loss = 5.5857e-02, PNorm = 44.8268, GNorm = 0.0945, lr_0 = 7.9818e-04
Loss = 5.1403e-02, PNorm = 44.8889, GNorm = 0.0603, lr_0 = 7.9050e-04
Loss = 6.1036e-02, PNorm = 44.9321, GNorm = 0.0869, lr_0 = 7.8288e-04
Validation auc = 0.945657
Epoch 5
Loss = 5.8670e-02, PNorm = 44.9768, GNorm = 0.1721, lr_0 = 7.7535e-04
Loss = 4.7968e-02, PNorm = 45.0237, GNorm = 0.1710, lr_0 = 7.6788e-04
Loss = 9.5314e-02, PNorm = 45.0634, GNorm = 0.3142, lr_0 = 7.6049e-04
Loss = 8.3976e-02, PNorm = 45.1470, GNorm = 0.2559, lr_0 = 7.5317e-04
Loss = 3.7327e-02, PNorm = 45.2060, GNorm = 0.1564, lr_0 = 7.4591e-04
Loss = 4.9046e-02, PNorm = 45.2605, GNorm = 0.3579, lr_0 = 7.3873e-04
Loss = 7.3175e-02, PNorm = 45.2934, GNorm = 0.1499, lr_0 = 7.3162e-04
Loss = 3.1560e-02, PNorm = 45.3555, GNorm = 0.0387, lr_0 = 7.2458e-04
Loss = 7.2394e-02, PNorm = 45.3762, GNorm = 0.2664, lr_0 = 7.1760e-04
Validation auc = 0.947834
Epoch 6
Loss = 3.3554e-02, PNorm = 45.4496, GNorm = 0.3085, lr_0 = 7.1000e-04
Loss = 6.7068e-02, PNorm = 45.4631, GNorm = 0.1792, lr_0 = 7.0317e-04
Loss = 4.4309e-02, PNorm = 45.5217, GNorm = 0.1031, lr_0 = 6.9640e-04
Loss = 5.2671e-02, PNorm = 45.5407, GNorm = 0.1084, lr_0 = 6.8969e-04
Loss = 5.5102e-02, PNorm = 45.5626, GNorm = 0.2052, lr_0 = 6.8305e-04
Loss = 7.3774e-02, PNorm = 45.5973, GNorm = 0.1621, lr_0 = 6.7648e-04
Loss = 5.8417e-02, PNorm = 45.6254, GNorm = 0.2753, lr_0 = 6.6996e-04
Loss = 5.8603e-02, PNorm = 45.6622, GNorm = 0.2284, lr_0 = 6.6351e-04
Validation auc = 0.960360
Epoch 7
Loss = 4.7697e-02, PNorm = 45.7046, GNorm = 0.1645, lr_0 = 6.5712e-04
Loss = 5.8126e-02, PNorm = 45.7516, GNorm = 0.2090, lr_0 = 6.5080e-04
Loss = 4.9698e-02, PNorm = 45.8211, GNorm = 0.1300, lr_0 = 6.4453e-04
Loss = 4.1566e-02, PNorm = 45.8684, GNorm = 0.2151, lr_0 = 6.3833e-04
Loss = 4.4457e-02, PNorm = 45.8873, GNorm = 0.2009, lr_0 = 6.3218e-04
Loss = 6.4126e-02, PNorm = 45.9106, GNorm = 0.1877, lr_0 = 6.2609e-04
Loss = 3.8472e-02, PNorm = 45.9549, GNorm = 0.2435, lr_0 = 6.2006e-04
Loss = 3.7885e-02, PNorm = 45.9928, GNorm = 0.2711, lr_0 = 6.1409e-04
Loss = 6.1276e-02, PNorm = 46.0203, GNorm = 0.3058, lr_0 = 6.0818e-04
Validation auc = 0.973693
Epoch 8
Loss = 3.5849e-02, PNorm = 46.0476, GNorm = 0.0862, lr_0 = 6.0233e-04
Loss = 4.5289e-02, PNorm = 46.0930, GNorm = 0.1848, lr_0 = 5.9653e-04
Loss = 5.6336e-02, PNorm = 46.1321, GNorm = 0.0881, lr_0 = 5.9078e-04
Loss = 4.2089e-02, PNorm = 46.1754, GNorm = 0.1367, lr_0 = 5.8510e-04
Loss = 5.2085e-02, PNorm = 46.1951, GNorm = 0.2278, lr_0 = 5.7946e-04
Loss = 4.9820e-02, PNorm = 46.2248, GNorm = 0.1009, lr_0 = 5.7388e-04
Loss = 3.0322e-02, PNorm = 46.2514, GNorm = 0.1518, lr_0 = 5.6836e-04
Loss = 7.5554e-02, PNorm = 46.2665, GNorm = 0.2108, lr_0 = 5.6289e-04
Loss = 7.7395e-02, PNorm = 46.3208, GNorm = 0.2675, lr_0 = 5.5747e-04
Loss = 1.5024e-02, PNorm = 46.3259, GNorm = 0.1361, lr_0 = 5.5693e-04
Validation auc = 0.957504
Epoch 9
Loss = 5.7306e-02, PNorm = 46.3635, GNorm = 0.1613, lr_0 = 5.5156e-04
Loss = 3.9498e-02, PNorm = 46.4082, GNorm = 0.0801, lr_0 = 5.4625e-04
Loss = 3.2459e-02, PNorm = 46.4346, GNorm = 0.0379, lr_0 = 5.4100e-04
Loss = 4.1929e-02, PNorm = 46.4466, GNorm = 0.2384, lr_0 = 5.3579e-04
Loss = 4.1501e-02, PNorm = 46.4799, GNorm = 0.1231, lr_0 = 5.3063e-04
Loss = 6.0571e-02, PNorm = 46.5020, GNorm = 0.2658, lr_0 = 5.2552e-04
Loss = 5.2518e-02, PNorm = 46.5360, GNorm = 0.1613, lr_0 = 5.2046e-04
Loss = 4.7034e-02, PNorm = 46.5599, GNorm = 0.2259, lr_0 = 5.1545e-04
Validation auc = 0.961229
Epoch 10
Loss = 3.0841e-02, PNorm = 46.5892, GNorm = 0.2367, lr_0 = 5.1049e-04
Loss = 4.5814e-02, PNorm = 46.6141, GNorm = 0.2731, lr_0 = 5.0557e-04
Loss = 5.4162e-02, PNorm = 46.6368, GNorm = 0.2963, lr_0 = 5.0070e-04
Loss = 4.6321e-02, PNorm = 46.6628, GNorm = 0.2824, lr_0 = 4.9588e-04
Loss = 4.1583e-02, PNorm = 46.6837, GNorm = 0.1738, lr_0 = 4.9111e-04
Loss = 3.8697e-02, PNorm = 46.7100, GNorm = 0.1984, lr_0 = 4.8638e-04
Loss = 6.6269e-02, PNorm = 46.7394, GNorm = 0.2669, lr_0 = 4.8170e-04
Loss = 3.2456e-02, PNorm = 46.7860, GNorm = 0.1164, lr_0 = 4.7706e-04
Loss = 4.2367e-02, PNorm = 46.8013, GNorm = 0.1058, lr_0 = 4.7247e-04
Validation auc = 0.971463
Epoch 11
Loss = 3.3597e-02, PNorm = 46.8329, GNorm = 0.1717, lr_0 = 4.6792e-04
Loss = 5.6868e-02, PNorm = 46.8450, GNorm = 0.3793, lr_0 = 4.6341e-04
Loss = 3.9537e-02, PNorm = 46.8754, GNorm = 0.2203, lr_0 = 4.5895e-04
Loss = 4.6173e-02, PNorm = 46.9015, GNorm = 0.0662, lr_0 = 4.5453e-04
Loss = 4.9614e-02, PNorm = 46.9264, GNorm = 0.1310, lr_0 = 4.5015e-04
Loss = 5.1629e-02, PNorm = 46.9536, GNorm = 0.3242, lr_0 = 4.4582e-04
Loss = 6.4004e-02, PNorm = 46.9798, GNorm = 0.1229, lr_0 = 4.4153e-04
Loss = 2.8320e-02, PNorm = 47.0197, GNorm = 0.2439, lr_0 = 4.3728e-04
Validation auc = 0.963456
Epoch 12
Loss = 2.9003e-02, PNorm = 47.0361, GNorm = 0.1155, lr_0 = 4.3265e-04
Loss = 4.8114e-02, PNorm = 47.0541, GNorm = 0.5732, lr_0 = 4.2848e-04
Loss = 3.5595e-02, PNorm = 47.0760, GNorm = 0.1636, lr_0 = 4.2436e-04
Loss = 5.2465e-02, PNorm = 47.1063, GNorm = 0.1339, lr_0 = 4.2027e-04
Loss = 1.9379e-02, PNorm = 47.1355, GNorm = 0.1075, lr_0 = 4.1622e-04
Loss = 3.9976e-02, PNorm = 47.1518, GNorm = 0.2045, lr_0 = 4.1222e-04
Loss = 4.1329e-02, PNorm = 47.1678, GNorm = 0.1443, lr_0 = 4.0825e-04
Loss = 4.8840e-02, PNorm = 47.1916, GNorm = 0.1441, lr_0 = 4.0432e-04
Loss = 5.0783e-02, PNorm = 47.2084, GNorm = 0.1573, lr_0 = 4.0042e-04
Validation auc = 0.966002
Epoch 13
Loss = 3.7680e-02, PNorm = 47.2381, GNorm = 0.1212, lr_0 = 3.9657e-04
Loss = 4.9128e-02, PNorm = 47.2622, GNorm = 0.1043, lr_0 = 3.9275e-04
Loss = 4.7717e-02, PNorm = 47.2891, GNorm = 0.1498, lr_0 = 3.8897e-04
Loss = 1.4127e-02, PNorm = 47.3282, GNorm = 0.0451, lr_0 = 3.8522e-04
Loss = 6.7186e-02, PNorm = 47.3262, GNorm = 0.2438, lr_0 = 3.8152e-04
Loss = 3.3138e-02, PNorm = 47.3544, GNorm = 0.2452, lr_0 = 3.7784e-04
Loss = 4.7625e-02, PNorm = 47.3670, GNorm = 0.1663, lr_0 = 3.7420e-04
Loss = 4.3198e-02, PNorm = 47.3879, GNorm = 0.2108, lr_0 = 3.7060e-04
Validation auc = 0.960793
Epoch 14
Loss = 3.4540e-02, PNorm = 47.4145, GNorm = 0.2645, lr_0 = 3.6668e-04
Loss = 4.5473e-02, PNorm = 47.4229, GNorm = 0.2670, lr_0 = 3.6315e-04
Loss = 4.0221e-02, PNorm = 47.4509, GNorm = 0.3197, lr_0 = 3.5965e-04
Loss = 3.6036e-02, PNorm = 47.4715, GNorm = 0.4217, lr_0 = 3.5619e-04
Loss = 1.6670e-02, PNorm = 47.4804, GNorm = 0.1318, lr_0 = 3.5276e-04
Loss = 4.1142e-02, PNorm = 47.4993, GNorm = 0.2583, lr_0 = 3.4936e-04
Loss = 5.7360e-02, PNorm = 47.5030, GNorm = 0.3722, lr_0 = 3.4600e-04
Loss = 4.1468e-02, PNorm = 47.5311, GNorm = 0.1723, lr_0 = 3.4267e-04
Loss = 4.9586e-02, PNorm = 47.5492, GNorm = 0.2345, lr_0 = 3.3937e-04
Validation auc = 0.963985
Epoch 15
Loss = 4.7424e-02, PNorm = 47.5657, GNorm = 0.2355, lr_0 = 3.3610e-04
Loss = 2.3610e-02, PNorm = 47.5964, GNorm = 0.1486, lr_0 = 3.3287e-04
Loss = 3.3278e-02, PNorm = 47.6091, GNorm = 0.1337, lr_0 = 3.2966e-04
Loss = 3.9860e-02, PNorm = 47.6140, GNorm = 0.2100, lr_0 = 3.2649e-04
Loss = 4.0853e-02, PNorm = 47.6359, GNorm = 0.2367, lr_0 = 3.2334e-04
Loss = 2.4952e-02, PNorm = 47.6583, GNorm = 0.2089, lr_0 = 3.2023e-04
Loss = 4.0531e-02, PNorm = 47.6690, GNorm = 0.0858, lr_0 = 3.1715e-04
Loss = 4.6621e-02, PNorm = 47.6921, GNorm = 0.1796, lr_0 = 3.1409e-04
Loss = 4.7908e-02, PNorm = 47.7204, GNorm = 0.1303, lr_0 = 3.1107e-04
Validation auc = 0.957514
Epoch 16
Loss = 3.9787e-02, PNorm = 47.7359, GNorm = 0.2825, lr_0 = 3.0807e-04
Loss = 4.6022e-02, PNorm = 47.7525, GNorm = 0.1589, lr_0 = 3.0511e-04
Loss = 2.0705e-02, PNorm = 47.7805, GNorm = 0.1397, lr_0 = 3.0217e-04
Loss = 4.6175e-02, PNorm = 47.7786, GNorm = 0.4129, lr_0 = 2.9926e-04
Loss = 2.9973e-02, PNorm = 47.7902, GNorm = 0.1281, lr_0 = 2.9638e-04
Loss = 4.3552e-02, PNorm = 47.8183, GNorm = 0.3002, lr_0 = 2.9353e-04
Loss = 3.3928e-02, PNorm = 47.8313, GNorm = 0.1220, lr_0 = 2.9070e-04
Loss = 2.7037e-02, PNorm = 47.8433, GNorm = 0.2376, lr_0 = 2.8790e-04
Validation auc = 0.961659
Epoch 17
Loss = 2.3236e-02, PNorm = 47.8600, GNorm = 0.1146, lr_0 = 2.8485e-04
Loss = 3.5609e-02, PNorm = 47.8740, GNorm = 0.2593, lr_0 = 2.8211e-04
Loss = 2.5034e-02, PNorm = 47.8891, GNorm = 0.2750, lr_0 = 2.7939e-04
Loss = 3.7372e-02, PNorm = 47.9017, GNorm = 0.1675, lr_0 = 2.7670e-04
Loss = 2.5973e-02, PNorm = 47.9154, GNorm = 0.1003, lr_0 = 2.7404e-04
Loss = 3.7561e-02, PNorm = 47.9247, GNorm = 0.1917, lr_0 = 2.7140e-04
Loss = 6.0279e-02, PNorm = 47.9360, GNorm = 0.3069, lr_0 = 2.6879e-04
Loss = 2.6867e-02, PNorm = 47.9595, GNorm = 0.2491, lr_0 = 2.6620e-04
Loss = 2.9200e-02, PNorm = 47.9737, GNorm = 0.2712, lr_0 = 2.6364e-04
Validation auc = 0.960569
Epoch 18
Loss = 4.1234e-02, PNorm = 47.9823, GNorm = 0.3051, lr_0 = 2.6110e-04
Loss = 3.8432e-02, PNorm = 48.0051, GNorm = 0.2218, lr_0 = 2.5859e-04
Loss = 2.9630e-02, PNorm = 48.0204, GNorm = 0.2755, lr_0 = 2.5610e-04
Loss = 1.4233e-02, PNorm = 48.0392, GNorm = 0.0576, lr_0 = 2.5363e-04
Loss = 2.3686e-02, PNorm = 48.0478, GNorm = 0.1894, lr_0 = 2.5119e-04
Loss = 3.9370e-02, PNorm = 48.0492, GNorm = 0.1109, lr_0 = 2.4877e-04
Loss = 4.3068e-02, PNorm = 48.0695, GNorm = 0.2711, lr_0 = 2.4638e-04
Loss = 4.9573e-02, PNorm = 48.0847, GNorm = 0.0877, lr_0 = 2.4400e-04
Validation auc = 0.955370
Epoch 19
Loss = 3.1440e-02, PNorm = 48.0920, GNorm = 0.1485, lr_0 = 2.4165e-04
Loss = 3.7659e-02, PNorm = 48.1039, GNorm = 0.1431, lr_0 = 2.3933e-04
Loss = 2.6907e-02, PNorm = 48.1217, GNorm = 0.0734, lr_0 = 2.3702e-04
Loss = 4.0168e-02, PNorm = 48.1281, GNorm = 0.5195, lr_0 = 2.3474e-04
Loss = 4.2394e-02, PNorm = 48.1369, GNorm = 0.2943, lr_0 = 2.3248e-04
Loss = 3.3930e-02, PNorm = 48.1645, GNorm = 0.3638, lr_0 = 2.3024e-04
Loss = 4.7104e-02, PNorm = 48.1821, GNorm = 0.3334, lr_0 = 2.2803e-04
Loss = 3.0416e-02, PNorm = 48.2003, GNorm = 0.1933, lr_0 = 2.2583e-04
Loss = 3.1543e-02, PNorm = 48.2177, GNorm = 0.1432, lr_0 = 2.2366e-04
Validation auc = 0.960295
Epoch 20
Loss = 1.8655e-02, PNorm = 48.2304, GNorm = 0.1293, lr_0 = 2.2129e-04
Loss = 3.7020e-02, PNorm = 48.2380, GNorm = 0.1855, lr_0 = 2.1916e-04
Loss = 2.7306e-02, PNorm = 48.2496, GNorm = 0.3732, lr_0 = 2.1705e-04
Loss = 2.5608e-02, PNorm = 48.2657, GNorm = 0.1209, lr_0 = 2.1496e-04
Loss = 1.3303e-02, PNorm = 48.2739, GNorm = 0.0687, lr_0 = 2.1289e-04
Loss = 2.7084e-02, PNorm = 48.2813, GNorm = 0.0805, lr_0 = 2.1084e-04
Loss = 3.4630e-02, PNorm = 48.2831, GNorm = 0.1261, lr_0 = 2.0881e-04
Loss = 4.3659e-02, PNorm = 48.2921, GNorm = 0.3696, lr_0 = 2.0680e-04
Validation auc = 0.950139
Epoch 21
Loss = 2.2901e-02, PNorm = 48.3080, GNorm = 0.0559, lr_0 = 2.0481e-04
Loss = 3.0745e-02, PNorm = 48.3155, GNorm = 0.1650, lr_0 = 2.0283e-04
Loss = 2.7518e-02, PNorm = 48.3299, GNorm = 0.1443, lr_0 = 2.0088e-04
Loss = 1.6778e-02, PNorm = 48.3477, GNorm = 0.2163, lr_0 = 1.9895e-04
Loss = 2.6001e-02, PNorm = 48.3530, GNorm = 0.1848, lr_0 = 1.9703e-04
Loss = 3.4124e-02, PNorm = 48.3614, GNorm = 0.1041, lr_0 = 1.9514e-04
Loss = 4.9935e-02, PNorm = 48.3738, GNorm = 0.4636, lr_0 = 1.9326e-04
Loss = 2.7708e-02, PNorm = 48.3759, GNorm = 0.2655, lr_0 = 1.9140e-04
Loss = 2.5290e-02, PNorm = 48.3981, GNorm = 0.1709, lr_0 = 1.8955e-04
Validation auc = 0.956001
Epoch 22
Loss = 3.0158e-02, PNorm = 48.3989, GNorm = 0.0583, lr_0 = 1.8773e-04
Loss = 2.3662e-02, PNorm = 48.4006, GNorm = 0.2264, lr_0 = 1.8592e-04
Loss = 3.0299e-02, PNorm = 48.4126, GNorm = 0.1412, lr_0 = 1.8413e-04
Loss = 2.9138e-02, PNorm = 48.4224, GNorm = 0.0723, lr_0 = 1.8236e-04
Loss = 3.9392e-02, PNorm = 48.4303, GNorm = 0.3586, lr_0 = 1.8060e-04
Loss = 3.3109e-02, PNorm = 48.4476, GNorm = 0.2185, lr_0 = 1.7886e-04
Loss = 1.5294e-02, PNorm = 48.4637, GNorm = 0.0268, lr_0 = 1.7714e-04
Loss = 3.1347e-02, PNorm = 48.4692, GNorm = 0.0715, lr_0 = 1.7544e-04
Validation auc = 0.962231
Epoch 23
Loss = 7.9474e-02, PNorm = 48.4758, GNorm = 0.2722, lr_0 = 1.7358e-04
Loss = 2.5461e-02, PNorm = 48.4869, GNorm = 0.1340, lr_0 = 1.7191e-04
Loss = 3.1331e-02, PNorm = 48.4952, GNorm = 0.0700, lr_0 = 1.7025e-04
Loss = 2.3261e-02, PNorm = 48.5007, GNorm = 0.2007, lr_0 = 1.6861e-04
Loss = 3.1060e-02, PNorm = 48.5137, GNorm = 0.2107, lr_0 = 1.6699e-04
Loss = 2.2552e-02, PNorm = 48.5215, GNorm = 0.0378, lr_0 = 1.6538e-04
Loss = 2.9053e-02, PNorm = 48.5278, GNorm = 0.1125, lr_0 = 1.6379e-04
Loss = 2.7444e-02, PNorm = 48.5332, GNorm = 0.2451, lr_0 = 1.6221e-04
Loss = 2.6803e-02, PNorm = 48.5446, GNorm = 0.1652, lr_0 = 1.6065e-04
Validation auc = 0.960376
Epoch 24
Loss = 3.6050e-02, PNorm = 48.5580, GNorm = 0.3544, lr_0 = 1.5910e-04
Loss = 2.6553e-02, PNorm = 48.5666, GNorm = 0.0407, lr_0 = 1.5757e-04
Loss = 1.8179e-02, PNorm = 48.5743, GNorm = 0.2284, lr_0 = 1.5605e-04
Loss = 2.0925e-02, PNorm = 48.5832, GNorm = 0.1792, lr_0 = 1.5455e-04
Loss = 3.6257e-02, PNorm = 48.5835, GNorm = 0.1430, lr_0 = 1.5306e-04
Loss = 3.4438e-02, PNorm = 48.5844, GNorm = 0.4644, lr_0 = 1.5159e-04
Loss = 2.9799e-02, PNorm = 48.6056, GNorm = 0.2314, lr_0 = 1.5013e-04
Loss = 2.4359e-02, PNorm = 48.6197, GNorm = 0.0327, lr_0 = 1.4869e-04
Loss = 2.6906e-02, PNorm = 48.6162, GNorm = 0.0449, lr_0 = 1.4725e-04
Validation auc = 0.960370
Epoch 25
Loss = 2.2130e-02, PNorm = 48.6166, GNorm = 0.2572, lr_0 = 1.4584e-04
Loss = 3.0881e-02, PNorm = 48.6233, GNorm = 0.1534, lr_0 = 1.4443e-04
Loss = 2.0202e-02, PNorm = 48.6400, GNorm = 0.0354, lr_0 = 1.4304e-04
Loss = 3.0366e-02, PNorm = 48.6488, GNorm = 0.0587, lr_0 = 1.4166e-04
Loss = 2.5276e-02, PNorm = 48.6568, GNorm = 0.5712, lr_0 = 1.4030e-04
Loss = 2.0040e-02, PNorm = 48.6643, GNorm = 0.1178, lr_0 = 1.3895e-04
Loss = 2.9320e-02, PNorm = 48.6670, GNorm = 0.2020, lr_0 = 1.3761e-04
Loss = 3.4779e-02, PNorm = 48.6737, GNorm = 0.2633, lr_0 = 1.3629e-04
Validation auc = 0.956634
Epoch 26
Loss = 2.3034e-02, PNorm = 48.6815, GNorm = 0.2330, lr_0 = 1.3484e-04
Loss = 2.0992e-02, PNorm = 48.6916, GNorm = 0.4559, lr_0 = 1.3355e-04
Loss = 3.5225e-02, PNorm = 48.6911, GNorm = 0.1563, lr_0 = 1.3226e-04
Loss = 3.2320e-02, PNorm = 48.7021, GNorm = 0.1213, lr_0 = 1.3099e-04
Loss = 3.1480e-02, PNorm = 48.7112, GNorm = 0.1494, lr_0 = 1.2973e-04
Loss = 3.2554e-02, PNorm = 48.7136, GNorm = 0.5925, lr_0 = 1.2848e-04
Loss = 2.5790e-02, PNorm = 48.7182, GNorm = 0.1719, lr_0 = 1.2724e-04
Loss = 2.1505e-02, PNorm = 48.7293, GNorm = 0.3409, lr_0 = 1.2601e-04
Loss = 1.6884e-02, PNorm = 48.7391, GNorm = 0.1276, lr_0 = 1.2480e-04
Validation auc = 0.955009
Epoch 27
Loss = 1.1272e-02, PNorm = 48.7405, GNorm = 0.0415, lr_0 = 1.2360e-04
Loss = 2.8931e-02, PNorm = 48.7443, GNorm = 0.3245, lr_0 = 1.2241e-04
Loss = 2.9595e-02, PNorm = 48.7543, GNorm = 0.1721, lr_0 = 1.2123e-04
Loss = 2.7116e-02, PNorm = 48.7608, GNorm = 0.4124, lr_0 = 1.2006e-04
Loss = 3.4348e-02, PNorm = 48.7657, GNorm = 0.3307, lr_0 = 1.1891e-04
Loss = 1.8850e-02, PNorm = 48.7734, GNorm = 0.1875, lr_0 = 1.1776e-04
Loss = 1.7110e-02, PNorm = 48.7838, GNorm = 0.0690, lr_0 = 1.1663e-04
Loss = 3.1294e-02, PNorm = 48.7860, GNorm = 0.9772, lr_0 = 1.1551e-04
Validation auc = 0.962881
Epoch 28
Loss = 5.2071e-02, PNorm = 48.7851, GNorm = 0.3983, lr_0 = 1.1428e-04
Loss = 2.8886e-02, PNorm = 48.7964, GNorm = 0.4915, lr_0 = 1.1318e-04
Loss = 2.1191e-02, PNorm = 48.8031, GNorm = 0.1050, lr_0 = 1.1209e-04
Loss = 3.5163e-02, PNorm = 48.8021, GNorm = 0.1689, lr_0 = 1.1101e-04
Loss = 1.1681e-02, PNorm = 48.8078, GNorm = 0.1211, lr_0 = 1.0995e-04
Loss = 2.1122e-02, PNorm = 48.8150, GNorm = 0.0577, lr_0 = 1.0889e-04
Loss = 2.8900e-02, PNorm = 48.8186, GNorm = 0.0719, lr_0 = 1.0784e-04
Loss = 1.6896e-02, PNorm = 48.8264, GNorm = 0.0946, lr_0 = 1.0680e-04
Loss = 3.7202e-02, PNorm = 48.8282, GNorm = 0.1764, lr_0 = 1.0577e-04
Validation auc = 0.959945
Epoch 29
Loss = 2.7075e-02, PNorm = 48.8313, GNorm = 0.3063, lr_0 = 1.0475e-04
Loss = 1.5147e-02, PNorm = 48.8400, GNorm = 0.1419, lr_0 = 1.0374e-04
Loss = 2.3444e-02, PNorm = 48.8442, GNorm = 0.0514, lr_0 = 1.0275e-04
Loss = 2.4284e-02, PNorm = 48.8448, GNorm = 0.2144, lr_0 = 1.0176e-04
Loss = 2.1453e-02, PNorm = 48.8493, GNorm = 0.3064, lr_0 = 1.0078e-04
Loss = 3.1707e-02, PNorm = 48.8541, GNorm = 0.3059, lr_0 = 1.0000e-04
Loss = 2.0829e-02, PNorm = 48.8607, GNorm = 0.1112, lr_0 = 1.0000e-04
Loss = 3.5963e-02, PNorm = 48.8642, GNorm = 0.3601, lr_0 = 1.0000e-04
Validation auc = 0.959689
Model 0 best validation auc = 0.973693 on epoch 7
Loading pretrained parameter "encoder.encoder.0.cached_zero_vector".
Loading pretrained parameter "encoder.encoder.0.W_i.weight".
Loading pretrained parameter "encoder.encoder.0.W_h.weight".
Loading pretrained parameter "encoder.encoder.0.W_o.weight".
Loading pretrained parameter "encoder.encoder.0.W_o.bias".
Loading pretrained parameter "ffn.1.weight".
Loading pretrained parameter "ffn.1.bias".
Loading pretrained parameter "ffn.4.weight".
Loading pretrained parameter "ffn.4.bias".
Moving model to cuda
Model 0 test auc = 0.762086
Ensemble test auc = 0.762086
Fold 1
Splitting data with seed 1
Total scaffolds = 3,467 | train scaffolds = 2,658 | val scaffolds = 399 | test scaffolds = 410
Label averages per scaffold, in decreasing order of scaffold frequency,capped at 10 scaffolds and 20 labels:
Scaffold 0
Task 0: count = 381 | target average = 0.018373
Task 1: count = 381 | target average = 0.013123


Scaffold 1
Task 0: count = 305 | target average = 0.009836
Task 1: count = 305 | target average = 0.016393


Scaffold 2
Task 0: count = 36 | target average = 0.000000
Task 1: count = 36 | target average = 0.000000


Scaffold 3
Task 0: count = 29 | target average = 0.000000
Task 1: count = 29 | target average = 0.000000


Scaffold 4
Task 0: count = 26 | target average = 0.000000
Task 1: count = 26 | target average = 0.000000


Scaffold 5
Task 0: count = 23 | target average = 0.000000
Task 1: count = 23 | target average = 0.000000


Scaffold 6
Task 0: count = 22 | target average = 0.090909
Task 1: count = 22 | target average = 0.090909


Scaffold 7
Task 0: count = 20 | target average = 0.050000
Task 1: count = 20 | target average = 0.000000


Scaffold 8
Task 0: count = 20 | target average = 0.000000
Task 1: count = 20 | target average = 0.000000


Scaffold 9
Task 0: count = 20 | target average = 0.000000
Task 1: count = 20 | target average = 0.000000


Class sizes
hit_inh 0: 97.83%, 1: 2.17%
hit_kill 0: 98.64%, 1: 1.36%
Total size = 5,353 | train size = 4,282 | val size = 535 | test size = 536
Building model 0
MoleculeModel(
  (sigmoid): Sigmoid()
  (encoder): MPN(
    (encoder): ModuleList(
      (0): MPNEncoder(
        (dropout_layer): Dropout(p=0.25, inplace=False)
        (act_func): ReLU()
        (W_i): Linear(in_features=147, out_features=500, bias=False)
        (W_h): Linear(in_features=500, out_features=500, bias=False)
        (W_o): Linear(in_features=633, out_features=500, bias=True)
      )
    )
  )
  (ffn): Sequential(
    (0): Dropout(p=0.25, inplace=False)
    (1): Linear(in_features=700, out_features=500, bias=True)
    (2): ReLU()
    (3): Dropout(p=0.25, inplace=False)
    (4): Linear(in_features=500, out_features=2, bias=True)
  )
)
Number of parameters = 992,002
Moving model to cuda
Epoch 0
Loss = 2.3756e-01, PNorm = 43.2964, GNorm = 0.3108, lr_0 = 1.5824e-04
Loss = 9.3780e-02, PNorm = 43.3085, GNorm = 0.5350, lr_0 = 2.1118e-04
Loss = 9.2668e-02, PNorm = 43.3107, GNorm = 0.9419, lr_0 = 2.6412e-04
Loss = 7.6954e-02, PNorm = 43.3100, GNorm = 0.2397, lr_0 = 3.1706e-04
Loss = 8.9212e-02, PNorm = 43.3162, GNorm = 0.1811, lr_0 = 3.7000e-04
Loss = 1.1375e-01, PNorm = 43.3211, GNorm = 0.1835, lr_0 = 4.2294e-04
Loss = 1.0792e-01, PNorm = 43.3342, GNorm = 0.2272, lr_0 = 4.7588e-04
Loss = 1.0176e-01, PNorm = 43.3465, GNorm = 0.2092, lr_0 = 5.2882e-04
Validation auc = 0.773203
Epoch 1
Loss = 5.3762e-02, PNorm = 43.3686, GNorm = 0.2704, lr_0 = 5.8706e-04
Loss = 9.8050e-02, PNorm = 43.3825, GNorm = 0.2121, lr_0 = 6.4000e-04
Loss = 1.0056e-01, PNorm = 43.4051, GNorm = 0.2426, lr_0 = 6.9294e-04
Loss = 8.5972e-02, PNorm = 43.4371, GNorm = 0.1830, lr_0 = 7.4588e-04
Loss = 7.1780e-02, PNorm = 43.4638, GNorm = 0.3075, lr_0 = 7.9882e-04
Loss = 6.4242e-02, PNorm = 43.4881, GNorm = 0.1307, lr_0 = 8.5176e-04
Loss = 8.6816e-02, PNorm = 43.5158, GNorm = 0.2252, lr_0 = 9.0471e-04
Loss = 8.5480e-02, PNorm = 43.5563, GNorm = 0.1302, lr_0 = 9.5765e-04
Loss = 1.0588e-01, PNorm = 43.5975, GNorm = 0.3382, lr_0 = 9.9807e-04
Validation auc = 0.871421
Epoch 2
Loss = 7.1955e-02, PNorm = 43.6574, GNorm = 0.0826, lr_0 = 9.8846e-04
Loss = 9.2214e-02, PNorm = 43.7031, GNorm = 0.2682, lr_0 = 9.7894e-04
Loss = 7.8770e-02, PNorm = 43.7741, GNorm = 0.1088, lr_0 = 9.6952e-04
Loss = 8.3854e-02, PNorm = 43.8130, GNorm = 0.1795, lr_0 = 9.6018e-04
Loss = 5.2475e-02, PNorm = 43.8785, GNorm = 0.1433, lr_0 = 9.5094e-04
Loss = 6.1971e-02, PNorm = 43.9105, GNorm = 0.1530, lr_0 = 9.4178e-04
Loss = 8.7254e-02, PNorm = 43.9418, GNorm = 0.1760, lr_0 = 9.3271e-04
Loss = 7.7262e-02, PNorm = 43.9909, GNorm = 0.2865, lr_0 = 9.2373e-04
Validation auc = 0.897877
Epoch 3
Loss = 1.2291e-01, PNorm = 44.0466, GNorm = 0.2958, lr_0 = 9.1395e-04
Loss = 8.5797e-02, PNorm = 44.0889, GNorm = 0.2490, lr_0 = 9.0515e-04
Loss = 4.9795e-02, PNorm = 44.1422, GNorm = 0.1886, lr_0 = 8.9644e-04
Loss = 5.9983e-02, PNorm = 44.1779, GNorm = 0.3307, lr_0 = 8.8781e-04
Loss = 6.8191e-02, PNorm = 44.2194, GNorm = 0.1553, lr_0 = 8.7926e-04
Loss = 6.6348e-02, PNorm = 44.2719, GNorm = 0.2022, lr_0 = 8.7080e-04
Loss = 7.3031e-02, PNorm = 44.3039, GNorm = 0.2996, lr_0 = 8.6241e-04
Loss = 9.4258e-02, PNorm = 44.3553, GNorm = 0.2075, lr_0 = 8.5411e-04
Loss = 6.6152e-02, PNorm = 44.4046, GNorm = 0.1782, lr_0 = 8.4588e-04
Validation auc = 0.849837
Epoch 4
Loss = 3.5465e-02, PNorm = 44.4510, GNorm = 0.0926, lr_0 = 8.3774e-04
Loss = 7.2439e-02, PNorm = 44.4902, GNorm = 0.4708, lr_0 = 8.2967e-04
Loss = 9.6721e-02, PNorm = 44.5404, GNorm = 0.2266, lr_0 = 8.2169e-04
Loss = 6.3667e-02, PNorm = 44.5997, GNorm = 0.2829, lr_0 = 8.1377e-04
Loss = 8.3286e-02, PNorm = 44.6184, GNorm = 0.1965, lr_0 = 8.0594e-04
Loss = 5.6393e-02, PNorm = 44.6812, GNorm = 0.3300, lr_0 = 7.9818e-04
Loss = 8.0317e-02, PNorm = 44.7074, GNorm = 0.1531, lr_0 = 7.9050e-04
Loss = 8.0012e-02, PNorm = 44.7474, GNorm = 0.1605, lr_0 = 7.8288e-04
Validation auc = 0.881369
Epoch 5
Loss = 3.4777e-02, PNorm = 44.8219, GNorm = 0.1774, lr_0 = 7.7535e-04
Loss = 6.3925e-02, PNorm = 44.8426, GNorm = 0.1367, lr_0 = 7.6788e-04
Loss = 5.0928e-02, PNorm = 44.8946, GNorm = 0.1337, lr_0 = 7.6049e-04
Loss = 3.9304e-02, PNorm = 44.9519, GNorm = 0.2594, lr_0 = 7.5317e-04
Loss = 7.5524e-02, PNorm = 44.9725, GNorm = 0.1400, lr_0 = 7.4591e-04
Loss = 7.5814e-02, PNorm = 45.0349, GNorm = 0.4137, lr_0 = 7.3873e-04
Loss = 7.4152e-02, PNorm = 45.0730, GNorm = 0.3134, lr_0 = 7.3162e-04
Loss = 6.8934e-02, PNorm = 45.1329, GNorm = 0.1341, lr_0 = 7.2458e-04
Loss = 7.2965e-02, PNorm = 45.1599, GNorm = 0.1358, lr_0 = 7.1760e-04
Validation auc = 0.874755
Epoch 6
Loss = 6.9707e-02, PNorm = 45.2166, GNorm = 0.1545, lr_0 = 7.1000e-04
Loss = 8.1345e-02, PNorm = 45.2732, GNorm = 0.2132, lr_0 = 7.0317e-04
Loss = 4.1886e-02, PNorm = 45.3369, GNorm = 0.1911, lr_0 = 6.9640e-04
Loss = 4.8489e-02, PNorm = 45.3839, GNorm = 0.1773, lr_0 = 6.8969e-04
Loss = 5.4554e-02, PNorm = 45.4459, GNorm = 0.0531, lr_0 = 6.8305e-04
Loss = 6.7241e-02, PNorm = 45.4686, GNorm = 0.1581, lr_0 = 6.7648e-04
Loss = 5.4537e-02, PNorm = 45.5036, GNorm = 0.2992, lr_0 = 6.6996e-04
Loss = 8.1559e-02, PNorm = 45.5357, GNorm = 0.1900, lr_0 = 6.6351e-04
Validation auc = 0.885064
Epoch 7
Loss = 2.4182e-02, PNorm = 45.5841, GNorm = 0.1125, lr_0 = 6.5712e-04
Loss = 3.9807e-02, PNorm = 45.6371, GNorm = 0.0826, lr_0 = 6.5080e-04
Loss = 7.1108e-02, PNorm = 45.6639, GNorm = 0.2740, lr_0 = 6.4453e-04
Loss = 7.4220e-02, PNorm = 45.7145, GNorm = 0.1698, lr_0 = 6.3833e-04
Loss = 5.8925e-02, PNorm = 45.7746, GNorm = 0.1157, lr_0 = 6.3218e-04
Loss = 4.7153e-02, PNorm = 45.8402, GNorm = 0.3187, lr_0 = 6.2609e-04
Loss = 4.4466e-02, PNorm = 45.8946, GNorm = 0.1226, lr_0 = 6.2006e-04
Loss = 5.3736e-02, PNorm = 45.9427, GNorm = 0.3579, lr_0 = 6.1409e-04
Loss = 6.5578e-02, PNorm = 45.9609, GNorm = 0.1954, lr_0 = 6.0818e-04
Validation auc = 0.881015
Epoch 8
Loss = 2.1838e-02, PNorm = 46.0072, GNorm = 0.0477, lr_0 = 6.0233e-04
Loss = 5.8774e-02, PNorm = 46.0324, GNorm = 0.1740, lr_0 = 5.9653e-04
Loss = 5.1380e-02, PNorm = 46.0723, GNorm = 0.1197, lr_0 = 5.9078e-04
Loss = 4.9299e-02, PNorm = 46.0993, GNorm = 0.1138, lr_0 = 5.8510e-04
Loss = 4.5432e-02, PNorm = 46.1438, GNorm = 0.1100, lr_0 = 5.7946e-04
Loss = 6.1427e-02, PNorm = 46.1709, GNorm = 0.1670, lr_0 = 5.7388e-04
Loss = 5.3657e-02, PNorm = 46.2176, GNorm = 0.1028, lr_0 = 5.6836e-04
Loss = 6.4608e-02, PNorm = 46.2619, GNorm = 0.1334, lr_0 = 5.6289e-04
Loss = 8.0733e-02, PNorm = 46.2824, GNorm = 0.2392, lr_0 = 5.5747e-04
Loss = 1.5231e-02, PNorm = 46.2862, GNorm = 0.1483, lr_0 = 5.5693e-04
Validation auc = 0.840695
Epoch 9
Loss = 3.0291e-02, PNorm = 46.3377, GNorm = 0.1995, lr_0 = 5.5156e-04
Loss = 5.7480e-02, PNorm = 46.3724, GNorm = 0.1399, lr_0 = 5.4625e-04
Loss = 6.5093e-02, PNorm = 46.4169, GNorm = 0.0965, lr_0 = 5.4100e-04
Loss = 5.1774e-02, PNorm = 46.4513, GNorm = 0.4222, lr_0 = 5.3579e-04
Loss = 6.6812e-02, PNorm = 46.4821, GNorm = 0.1034, lr_0 = 5.3063e-04
Loss = 3.7784e-02, PNorm = 46.5358, GNorm = 0.1872, lr_0 = 5.2552e-04
Loss = 3.7699e-02, PNorm = 46.5665, GNorm = 0.2409, lr_0 = 5.2046e-04
Loss = 5.4958e-02, PNorm = 46.6033, GNorm = 0.1440, lr_0 = 5.1545e-04
Validation auc = 0.893925
Epoch 10
Loss = 3.4413e-02, PNorm = 46.6292, GNorm = 0.1453, lr_0 = 5.1049e-04
Loss = 3.0662e-02, PNorm = 46.6649, GNorm = 0.1140, lr_0 = 5.0557e-04
Loss = 3.6606e-02, PNorm = 46.6892, GNorm = 0.1112, lr_0 = 5.0070e-04
Loss = 6.0448e-02, PNorm = 46.7203, GNorm = 0.2735, lr_0 = 4.9588e-04
Loss = 6.1706e-02, PNorm = 46.7386, GNorm = 0.4113, lr_0 = 4.9111e-04
Loss = 6.9839e-02, PNorm = 46.7713, GNorm = 0.2844, lr_0 = 4.8638e-04
Loss = 4.5781e-02, PNorm = 46.8059, GNorm = 0.1888, lr_0 = 4.8170e-04
Loss = 4.7956e-02, PNorm = 46.8427, GNorm = 0.0866, lr_0 = 4.7706e-04
Loss = 5.3246e-02, PNorm = 46.8651, GNorm = 0.1665, lr_0 = 4.7247e-04
Validation auc = 0.875702
Epoch 11
Loss = 3.5146e-02, PNorm = 46.8987, GNorm = 0.0674, lr_0 = 4.6792e-04
Loss = 2.3382e-02, PNorm = 46.9277, GNorm = 0.2525, lr_0 = 4.6341e-04
Loss = 4.3671e-02, PNorm = 46.9421, GNorm = 0.1247, lr_0 = 4.5895e-04
Loss = 5.9459e-02, PNorm = 46.9779, GNorm = 0.2895, lr_0 = 4.5453e-04
Loss = 5.6768e-02, PNorm = 47.0102, GNorm = 0.0777, lr_0 = 4.5015e-04
Loss = 2.5122e-02, PNorm = 47.0336, GNorm = 0.0871, lr_0 = 4.4582e-04
Loss = 7.1582e-02, PNorm = 47.0498, GNorm = 0.2941, lr_0 = 4.4153e-04
Loss = 3.9102e-02, PNorm = 47.0967, GNorm = 0.1217, lr_0 = 4.3728e-04
Validation auc = 0.897182
Epoch 12
Loss = 2.0961e-02, PNorm = 47.1262, GNorm = 0.1200, lr_0 = 4.3265e-04
Loss = 2.7080e-02, PNorm = 47.1768, GNorm = 0.2162, lr_0 = 4.2848e-04
Loss = 4.0852e-02, PNorm = 47.2012, GNorm = 0.4523, lr_0 = 4.2436e-04
Loss = 2.4974e-02, PNorm = 47.2209, GNorm = 0.0976, lr_0 = 4.2027e-04
Loss = 4.9051e-02, PNorm = 47.2394, GNorm = 0.2585, lr_0 = 4.1622e-04
Loss = 4.0423e-02, PNorm = 47.2650, GNorm = 0.1811, lr_0 = 4.1222e-04
Loss = 8.6704e-02, PNorm = 47.2852, GNorm = 0.3842, lr_0 = 4.0825e-04
Loss = 5.2310e-02, PNorm = 47.3369, GNorm = 0.1761, lr_0 = 4.0432e-04
Loss = 5.6202e-02, PNorm = 47.3653, GNorm = 0.4939, lr_0 = 4.0042e-04
Validation auc = 0.874478
Epoch 13
Loss = 4.4762e-02, PNorm = 47.3693, GNorm = 0.2411, lr_0 = 3.9657e-04
Loss = 3.2563e-02, PNorm = 47.4052, GNorm = 0.0379, lr_0 = 3.9275e-04
Loss = 4.8432e-02, PNorm = 47.4201, GNorm = 0.1597, lr_0 = 3.8897e-04
Loss = 3.2878e-02, PNorm = 47.4338, GNorm = 0.1666, lr_0 = 3.8522e-04
Loss = 4.6858e-02, PNorm = 47.4547, GNorm = 0.1792, lr_0 = 3.8152e-04
Loss = 4.0655e-02, PNorm = 47.4718, GNorm = 0.1974, lr_0 = 3.7784e-04
Loss = 5.5712e-02, PNorm = 47.4828, GNorm = 0.2095, lr_0 = 3.7420e-04
Loss = 4.5086e-02, PNorm = 47.5102, GNorm = 0.1579, lr_0 = 3.7060e-04
Validation auc = 0.873471
Epoch 14
Loss = 3.3485e-02, PNorm = 47.5401, GNorm = 0.1767, lr_0 = 3.6668e-04
Loss = 3.4955e-02, PNorm = 47.5637, GNorm = 0.2462, lr_0 = 3.6315e-04
Loss = 6.2033e-02, PNorm = 47.5849, GNorm = 0.2851, lr_0 = 3.5965e-04
Loss = 3.1478e-02, PNorm = 47.6301, GNorm = 0.2767, lr_0 = 3.5619e-04
Loss = 3.2067e-02, PNorm = 47.6552, GNorm = 0.1922, lr_0 = 3.5276e-04
Loss = 3.5251e-02, PNorm = 47.6672, GNorm = 0.1734, lr_0 = 3.4936e-04
Loss = 6.1062e-02, PNorm = 47.6890, GNorm = 0.2128, lr_0 = 3.4600e-04
Loss = 4.1913e-02, PNorm = 47.7148, GNorm = 0.2300, lr_0 = 3.4267e-04
Loss = 3.2492e-02, PNorm = 47.7297, GNorm = 0.1811, lr_0 = 3.3937e-04
Validation auc = 0.880755
Epoch 15
Loss = 7.3576e-02, PNorm = 47.7381, GNorm = 0.2006, lr_0 = 3.3610e-04
Loss = 3.1567e-02, PNorm = 47.7570, GNorm = 0.0813, lr_0 = 3.3287e-04
Loss = 4.8185e-02, PNorm = 47.7608, GNorm = 0.2725, lr_0 = 3.2966e-04
Loss = 3.7185e-02, PNorm = 47.7671, GNorm = 0.1480, lr_0 = 3.2649e-04
Loss = 3.0310e-02, PNorm = 47.7955, GNorm = 0.2483, lr_0 = 3.2334e-04
Loss = 4.2836e-02, PNorm = 47.8114, GNorm = 0.0410, lr_0 = 3.2023e-04
Loss = 4.7426e-02, PNorm = 47.8160, GNorm = 0.3466, lr_0 = 3.1715e-04
Loss = 3.3553e-02, PNorm = 47.8340, GNorm = 0.1933, lr_0 = 3.1409e-04
Loss = 4.5479e-02, PNorm = 47.8583, GNorm = 0.1350, lr_0 = 3.1107e-04
Validation auc = 0.885001
Epoch 16
Loss = 4.1925e-02, PNorm = 47.8744, GNorm = 0.0954, lr_0 = 3.0807e-04
Loss = 2.5720e-02, PNorm = 47.8933, GNorm = 0.0858, lr_0 = 3.0511e-04
Loss = 4.4763e-02, PNorm = 47.9082, GNorm = 0.1762, lr_0 = 3.0217e-04
Loss = 3.5492e-02, PNorm = 47.9340, GNorm = 0.2338, lr_0 = 2.9926e-04
Loss = 4.8388e-02, PNorm = 47.9451, GNorm = 0.1536, lr_0 = 2.9638e-04
Loss = 5.0199e-02, PNorm = 47.9702, GNorm = 0.0633, lr_0 = 2.9353e-04
Loss = 3.8157e-02, PNorm = 47.9926, GNorm = 1.0052, lr_0 = 2.9070e-04
Loss = 2.0204e-02, PNorm = 48.0073, GNorm = 0.2425, lr_0 = 2.8790e-04
Validation auc = 0.864568
Epoch 17
Loss = 3.2855e-02, PNorm = 48.0354, GNorm = 0.0565, lr_0 = 2.8485e-04
Loss = 4.3188e-02, PNorm = 48.0460, GNorm = 0.3492, lr_0 = 2.8211e-04
Loss = 3.6911e-02, PNorm = 48.0640, GNorm = 0.1596, lr_0 = 2.7939e-04
Loss = 4.1541e-02, PNorm = 48.0825, GNorm = 0.1800, lr_0 = 2.7670e-04
Loss = 2.2444e-02, PNorm = 48.1038, GNorm = 0.0495, lr_0 = 2.7404e-04
Loss = 2.6483e-02, PNorm = 48.1087, GNorm = 0.0844, lr_0 = 2.7140e-04
Loss = 4.1920e-02, PNorm = 48.1086, GNorm = 0.3086, lr_0 = 2.6879e-04
Loss = 3.9365e-02, PNorm = 48.1288, GNorm = 0.1413, lr_0 = 2.6620e-04
Loss = 4.5868e-02, PNorm = 48.1496, GNorm = 0.3916, lr_0 = 2.6364e-04
Validation auc = 0.865453
Epoch 18
Loss = 2.7108e-02, PNorm = 48.1613, GNorm = 0.1094, lr_0 = 2.6110e-04
Loss = 4.0298e-02, PNorm = 48.1751, GNorm = 0.4112, lr_0 = 2.5859e-04
Loss = 5.1588e-02, PNorm = 48.1850, GNorm = 0.2548, lr_0 = 2.5610e-04
Loss = 3.8193e-02, PNorm = 48.2212, GNorm = 0.4007, lr_0 = 2.5363e-04
Loss = 4.9624e-02, PNorm = 48.2261, GNorm = 0.1923, lr_0 = 2.5119e-04
Loss = 2.6065e-02, PNorm = 48.2410, GNorm = 0.2184, lr_0 = 2.4877e-04
Loss = 3.0722e-02, PNorm = 48.2571, GNorm = 0.1543, lr_0 = 2.4638e-04
Loss = 3.4357e-02, PNorm = 48.2669, GNorm = 0.3401, lr_0 = 2.4400e-04
Validation auc = 0.876919
Epoch 19
Loss = 2.9742e-02, PNorm = 48.2792, GNorm = 0.1964, lr_0 = 2.4165e-04
Loss = 3.3826e-02, PNorm = 48.2849, GNorm = 0.1507, lr_0 = 2.3933e-04
Loss = 3.7246e-02, PNorm = 48.2923, GNorm = 0.0772, lr_0 = 2.3702e-04
Loss = 2.7522e-02, PNorm = 48.3050, GNorm = 0.1871, lr_0 = 2.3474e-04
Loss = 2.3477e-02, PNorm = 48.3215, GNorm = 0.1433, lr_0 = 2.3248e-04
Loss = 5.5095e-02, PNorm = 48.3291, GNorm = 0.1658, lr_0 = 2.3024e-04
Loss = 5.3770e-02, PNorm = 48.3497, GNorm = 0.4709, lr_0 = 2.2803e-04
Loss = 2.5306e-02, PNorm = 48.3722, GNorm = 0.2689, lr_0 = 2.2583e-04
Loss = 2.7010e-02, PNorm = 48.3775, GNorm = 0.0979, lr_0 = 2.2366e-04
Validation auc = 0.873927
Epoch 20
Loss = 2.4932e-02, PNorm = 48.3937, GNorm = 0.1428, lr_0 = 2.2129e-04
Loss = 3.4710e-02, PNorm = 48.4032, GNorm = 0.0642, lr_0 = 2.1916e-04
Loss = 3.2526e-02, PNorm = 48.4132, GNorm = 0.0735, lr_0 = 2.1705e-04
Loss = 2.7323e-02, PNorm = 48.4233, GNorm = 0.0691, lr_0 = 2.1496e-04
Loss = 3.6769e-02, PNorm = 48.4320, GNorm = 0.1616, lr_0 = 2.1289e-04
Loss = 3.9984e-02, PNorm = 48.4328, GNorm = 0.2269, lr_0 = 2.1084e-04
Loss = 1.9411e-02, PNorm = 48.4502, GNorm = 0.0929, lr_0 = 2.0881e-04
Loss = 3.5348e-02, PNorm = 48.4627, GNorm = 0.4143, lr_0 = 2.0680e-04
Validation auc = 0.881236
Epoch 21
Loss = 4.1320e-02, PNorm = 48.4635, GNorm = 0.3991, lr_0 = 2.0481e-04
Loss = 3.5400e-02, PNorm = 48.4918, GNorm = 0.3088, lr_0 = 2.0283e-04
Loss = 1.9711e-02, PNorm = 48.5052, GNorm = 0.0802, lr_0 = 2.0088e-04
Loss = 4.4586e-02, PNorm = 48.5047, GNorm = 0.1676, lr_0 = 1.9895e-04
Loss = 3.2104e-02, PNorm = 48.5166, GNorm = 0.1552, lr_0 = 1.9703e-04
Loss = 3.7408e-02, PNorm = 48.5294, GNorm = 0.1396, lr_0 = 1.9514e-04
Loss = 3.6041e-02, PNorm = 48.5424, GNorm = 0.2264, lr_0 = 1.9326e-04
Loss = 2.4987e-02, PNorm = 48.5556, GNorm = 0.0975, lr_0 = 1.9140e-04
Loss = 3.5660e-02, PNorm = 48.5676, GNorm = 0.6615, lr_0 = 1.8955e-04
Validation auc = 0.883179
Epoch 22
Loss = 1.0310e-02, PNorm = 48.5759, GNorm = 0.1184, lr_0 = 1.8773e-04
Loss = 4.2613e-02, PNorm = 48.5766, GNorm = 0.1341, lr_0 = 1.8592e-04
Loss = 1.7620e-02, PNorm = 48.5876, GNorm = 0.0895, lr_0 = 1.8413e-04
Loss = 2.4093e-02, PNorm = 48.6017, GNorm = 0.1264, lr_0 = 1.8236e-04
Loss = 4.5255e-02, PNorm = 48.6037, GNorm = 0.0957, lr_0 = 1.8060e-04
Loss = 2.5601e-02, PNorm = 48.6156, GNorm = 0.1718, lr_0 = 1.7886e-04
Loss = 5.0366e-02, PNorm = 48.6371, GNorm = 0.3037, lr_0 = 1.7714e-04
Loss = 4.3714e-02, PNorm = 48.6378, GNorm = 0.3509, lr_0 = 1.7544e-04
Validation auc = 0.875361
Epoch 23
Loss = 6.8008e-02, PNorm = 48.6550, GNorm = 0.3399, lr_0 = 1.7358e-04
Loss = 2.6923e-02, PNorm = 48.6721, GNorm = 0.4194, lr_0 = 1.7191e-04
Loss = 4.9244e-02, PNorm = 48.6711, GNorm = 0.1660, lr_0 = 1.7025e-04
Loss = 2.2006e-02, PNorm = 48.6867, GNorm = 0.1499, lr_0 = 1.6861e-04
Loss = 2.2589e-02, PNorm = 48.6979, GNorm = 0.0498, lr_0 = 1.6699e-04
Loss = 2.2346e-02, PNorm = 48.7014, GNorm = 0.3202, lr_0 = 1.6538e-04
Loss = 2.3475e-02, PNorm = 48.7090, GNorm = 0.2729, lr_0 = 1.6379e-04
Loss = 2.7088e-02, PNorm = 48.7168, GNorm = 0.1480, lr_0 = 1.6221e-04
Loss = 3.5738e-02, PNorm = 48.7268, GNorm = 0.1560, lr_0 = 1.6065e-04
Validation auc = 0.878326
Epoch 24
Loss = 5.5905e-02, PNorm = 48.7311, GNorm = 0.3122, lr_0 = 1.5910e-04
Loss = 2.2226e-02, PNorm = 48.7459, GNorm = 0.0924, lr_0 = 1.5757e-04
Loss = 3.6789e-02, PNorm = 48.7596, GNorm = 0.2162, lr_0 = 1.5605e-04
Loss = 3.0583e-02, PNorm = 48.7619, GNorm = 0.0881, lr_0 = 1.5455e-04
Loss = 2.7567e-02, PNorm = 48.7663, GNorm = 0.1505, lr_0 = 1.5306e-04
Loss = 2.4249e-02, PNorm = 48.7756, GNorm = 0.0949, lr_0 = 1.5159e-04
Loss = 3.2567e-02, PNorm = 48.7869, GNorm = 0.2227, lr_0 = 1.5013e-04
Loss = 2.5089e-02, PNorm = 48.7903, GNorm = 0.0713, lr_0 = 1.4869e-04
Loss = 2.8361e-02, PNorm = 48.8013, GNorm = 0.0864, lr_0 = 1.4725e-04
Validation auc = 0.870038
Epoch 25
Loss = 3.1823e-02, PNorm = 48.8087, GNorm = 0.2689, lr_0 = 1.4584e-04
Loss = 2.2287e-02, PNorm = 48.8211, GNorm = 0.1645, lr_0 = 1.4443e-04
Loss = 2.6130e-02, PNorm = 48.8309, GNorm = 0.3852, lr_0 = 1.4304e-04
Loss = 4.5704e-02, PNorm = 48.8355, GNorm = 0.2727, lr_0 = 1.4166e-04
Loss = 2.2768e-02, PNorm = 48.8506, GNorm = 0.2434, lr_0 = 1.4030e-04
Loss = 2.4054e-02, PNorm = 48.8583, GNorm = 0.2349, lr_0 = 1.3895e-04
Loss = 2.5691e-02, PNorm = 48.8654, GNorm = 0.0328, lr_0 = 1.3761e-04
Loss = 2.5968e-02, PNorm = 48.8673, GNorm = 0.1893, lr_0 = 1.3629e-04
Validation auc = 0.869756
Epoch 26
Loss = 2.9377e-02, PNorm = 48.8679, GNorm = 0.1989, lr_0 = 1.3484e-04
Loss = 2.7319e-02, PNorm = 48.8737, GNorm = 0.1928, lr_0 = 1.3355e-04
Loss = 1.5202e-02, PNorm = 48.8848, GNorm = 0.2355, lr_0 = 1.3226e-04
Loss = 2.1456e-02, PNorm = 48.8911, GNorm = 0.0487, lr_0 = 1.3099e-04
Loss = 3.9929e-02, PNorm = 48.8875, GNorm = 0.2575, lr_0 = 1.2973e-04
Loss = 2.8772e-02, PNorm = 48.8988, GNorm = 0.0994, lr_0 = 1.2848e-04
Loss = 2.2614e-02, PNorm = 48.9132, GNorm = 0.0576, lr_0 = 1.2724e-04
Loss = 4.2078e-02, PNorm = 48.9201, GNorm = 0.5754, lr_0 = 1.2601e-04
Loss = 1.6659e-02, PNorm = 48.9249, GNorm = 0.2541, lr_0 = 1.2480e-04
Validation auc = 0.884587
Epoch 27
Loss = 2.8117e-02, PNorm = 48.9304, GNorm = 0.1716, lr_0 = 1.2360e-04
Loss = 1.3661e-02, PNorm = 48.9400, GNorm = 0.0909, lr_0 = 1.2241e-04
Loss = 1.8775e-02, PNorm = 48.9498, GNorm = 0.2319, lr_0 = 1.2123e-04
Loss = 9.6897e-03, PNorm = 48.9584, GNorm = 0.0386, lr_0 = 1.2006e-04
Loss = 2.8938e-02, PNorm = 48.9618, GNorm = 0.2080, lr_0 = 1.1891e-04
Loss = 3.0168e-02, PNorm = 48.9651, GNorm = 0.2208, lr_0 = 1.1776e-04
Loss = 2.8310e-02, PNorm = 48.9771, GNorm = 0.2123, lr_0 = 1.1663e-04
Loss = 2.5174e-02, PNorm = 48.9882, GNorm = 0.1376, lr_0 = 1.1551e-04
Validation auc = 0.892858
Epoch 28
Loss = 5.3016e-02, PNorm = 48.9853, GNorm = 0.1927, lr_0 = 1.1428e-04
Loss = 2.2882e-02, PNorm = 48.9911, GNorm = 0.1856, lr_0 = 1.1318e-04
Loss = 3.4916e-02, PNorm = 48.9984, GNorm = 0.5298, lr_0 = 1.1209e-04
Loss = 2.1516e-02, PNorm = 49.0036, GNorm = 0.1205, lr_0 = 1.1101e-04
Loss = 2.1812e-02, PNorm = 49.0089, GNorm = 0.0480, lr_0 = 1.0995e-04
Loss = 3.2368e-02, PNorm = 49.0161, GNorm = 0.0682, lr_0 = 1.0889e-04
Loss = 3.1500e-02, PNorm = 49.0246, GNorm = 0.3364, lr_0 = 1.0784e-04
Loss = 3.4497e-02, PNorm = 49.0265, GNorm = 0.2643, lr_0 = 1.0680e-04
Loss = 2.8745e-02, PNorm = 49.0329, GNorm = 0.1368, lr_0 = 1.0577e-04
Validation auc = 0.877917
Epoch 29
Loss = 2.5049e-02, PNorm = 49.0442, GNorm = 0.3596, lr_0 = 1.0475e-04
Loss = 2.1396e-02, PNorm = 49.0512, GNorm = 0.4523, lr_0 = 1.0374e-04
Loss = 3.0963e-02, PNorm = 49.0534, GNorm = 0.1387, lr_0 = 1.0275e-04
Loss = 1.5481e-02, PNorm = 49.0589, GNorm = 0.2204, lr_0 = 1.0176e-04
Loss = 1.8218e-02, PNorm = 49.0677, GNorm = 0.0288, lr_0 = 1.0078e-04
Loss = 3.6880e-02, PNorm = 49.0680, GNorm = 0.0585, lr_0 = 1.0000e-04
Loss = 2.5850e-02, PNorm = 49.0695, GNorm = 0.1718, lr_0 = 1.0000e-04
Loss = 1.7596e-02, PNorm = 49.0802, GNorm = 0.1374, lr_0 = 1.0000e-04
Validation auc = 0.886739
Model 0 best validation auc = 0.897877 on epoch 2
Loading pretrained parameter "encoder.encoder.0.cached_zero_vector".
Loading pretrained parameter "encoder.encoder.0.W_i.weight".
Loading pretrained parameter "encoder.encoder.0.W_h.weight".
Loading pretrained parameter "encoder.encoder.0.W_o.weight".
Loading pretrained parameter "encoder.encoder.0.W_o.bias".
Loading pretrained parameter "ffn.1.weight".
Loading pretrained parameter "ffn.1.bias".
Loading pretrained parameter "ffn.4.weight".
Loading pretrained parameter "ffn.4.bias".
Moving model to cuda
Model 0 test auc = 0.870486
Ensemble test auc = 0.870486
Fold 2
Splitting data with seed 2
Total scaffolds = 3,467 | train scaffolds = 2,630 | val scaffolds = 419 | test scaffolds = 418
Label averages per scaffold, in decreasing order of scaffold frequency,capped at 10 scaffolds and 20 labels:
Scaffold 0
Task 0: count = 381 | target average = 0.018373
Task 1: count = 381 | target average = 0.013123


Scaffold 1
Task 0: count = 305 | target average = 0.009836
Task 1: count = 305 | target average = 0.016393


Scaffold 2
Task 0: count = 36 | target average = 0.000000
Task 1: count = 36 | target average = 0.000000


Scaffold 3
Task 0: count = 29 | target average = 0.000000
Task 1: count = 29 | target average = 0.000000


Scaffold 4
Task 0: count = 26 | target average = 0.000000
Task 1: count = 26 | target average = 0.000000


Scaffold 5
Task 0: count = 23 | target average = 0.000000
Task 1: count = 23 | target average = 0.000000


Scaffold 6
Task 0: count = 22 | target average = 0.090909
Task 1: count = 22 | target average = 0.090909


Scaffold 7
Task 0: count = 20 | target average = 0.000000
Task 1: count = 20 | target average = 0.000000


Scaffold 8
Task 0: count = 20 | target average = 0.000000
Task 1: count = 20 | target average = 0.000000


Scaffold 9
Task 0: count = 20 | target average = 0.050000
Task 1: count = 20 | target average = 0.000000


Class sizes
hit_inh 0: 97.83%, 1: 2.17%
hit_kill 0: 98.64%, 1: 1.36%
Total size = 5,353 | train size = 4,282 | val size = 535 | test size = 536
Building model 0
MoleculeModel(
  (sigmoid): Sigmoid()
  (encoder): MPN(
    (encoder): ModuleList(
      (0): MPNEncoder(
        (dropout_layer): Dropout(p=0.25, inplace=False)
        (act_func): ReLU()
        (W_i): Linear(in_features=147, out_features=500, bias=False)
        (W_h): Linear(in_features=500, out_features=500, bias=False)
        (W_o): Linear(in_features=633, out_features=500, bias=True)
      )
    )
  )
  (ffn): Sequential(
    (0): Dropout(p=0.25, inplace=False)
    (1): Linear(in_features=700, out_features=500, bias=True)
    (2): ReLU()
    (3): Dropout(p=0.25, inplace=False)
    (4): Linear(in_features=500, out_features=2, bias=True)
  )
)
Number of parameters = 992,002
Moving model to cuda
Epoch 0
Loss = 2.3773e-01, PNorm = 43.2964, GNorm = 0.2875, lr_0 = 1.5824e-04
Loss = 7.0431e-02, PNorm = 43.3096, GNorm = 0.2831, lr_0 = 2.1118e-04
Loss = 1.3382e-01, PNorm = 43.3094, GNorm = 0.4383, lr_0 = 2.6412e-04
Loss = 9.2994e-02, PNorm = 43.3084, GNorm = 0.2178, lr_0 = 3.1706e-04
Loss = 7.9271e-02, PNorm = 43.3155, GNorm = 0.1976, lr_0 = 3.7000e-04
Loss = 1.0301e-01, PNorm = 43.3221, GNorm = 0.1736, lr_0 = 4.2294e-04
Loss = 9.4084e-02, PNorm = 43.3323, GNorm = 0.3421, lr_0 = 4.7588e-04
Loss = 7.5851e-02, PNorm = 43.3441, GNorm = 0.2782, lr_0 = 5.2882e-04
Validation auc = 0.802917
Epoch 1
Loss = 6.4109e-02, PNorm = 43.3611, GNorm = 0.2403, lr_0 = 5.8706e-04
Loss = 8.0925e-02, PNorm = 43.3799, GNorm = 0.5720, lr_0 = 6.4000e-04
Loss = 4.3605e-02, PNorm = 43.3998, GNorm = 0.2311, lr_0 = 6.9294e-04
Loss = 1.2114e-01, PNorm = 43.4153, GNorm = 0.4448, lr_0 = 7.4588e-04
Loss = 7.7240e-02, PNorm = 43.4569, GNorm = 0.2881, lr_0 = 7.9882e-04
Loss = 8.8764e-02, PNorm = 43.4789, GNorm = 0.2076, lr_0 = 8.5176e-04
Loss = 1.0083e-01, PNorm = 43.5171, GNorm = 0.1806, lr_0 = 9.0471e-04
Loss = 1.1168e-01, PNorm = 43.5608, GNorm = 0.3047, lr_0 = 9.5765e-04
Loss = 6.7384e-02, PNorm = 43.6135, GNorm = 0.1380, lr_0 = 9.9807e-04
Validation auc = 0.817794
Epoch 2
Loss = 8.2127e-02, PNorm = 43.6724, GNorm = 0.3565, lr_0 = 9.8846e-04
Loss = 6.5561e-02, PNorm = 43.7274, GNorm = 0.3256, lr_0 = 9.7894e-04
Loss = 9.0856e-02, PNorm = 43.7710, GNorm = 0.1704, lr_0 = 9.6952e-04
Loss = 8.2676e-02, PNorm = 43.8090, GNorm = 0.3636, lr_0 = 9.6018e-04
Loss = 9.9682e-02, PNorm = 43.8413, GNorm = 0.2707, lr_0 = 9.5094e-04
Loss = 6.3043e-02, PNorm = 43.8941, GNorm = 0.1294, lr_0 = 9.4178e-04
Loss = 5.2122e-02, PNorm = 43.9198, GNorm = 0.1005, lr_0 = 9.3271e-04
Loss = 6.4703e-02, PNorm = 43.9456, GNorm = 0.1387, lr_0 = 9.2373e-04
Validation auc = 0.779373
Epoch 3
Loss = 7.6162e-02, PNorm = 43.9784, GNorm = 0.2048, lr_0 = 9.1395e-04
Loss = 8.2954e-02, PNorm = 44.0156, GNorm = 0.1865, lr_0 = 9.0515e-04
Loss = 7.5196e-02, PNorm = 44.0627, GNorm = 0.3168, lr_0 = 8.9644e-04
Loss = 2.9515e-02, PNorm = 44.1019, GNorm = 0.0654, lr_0 = 8.8781e-04
Loss = 8.3154e-02, PNorm = 44.1140, GNorm = 0.4209, lr_0 = 8.7926e-04
Loss = 6.5290e-02, PNorm = 44.1692, GNorm = 0.0466, lr_0 = 8.7080e-04
Loss = 9.4767e-02, PNorm = 44.1979, GNorm = 0.2467, lr_0 = 8.6241e-04
Loss = 6.3364e-02, PNorm = 44.2512, GNorm = 0.0979, lr_0 = 8.5411e-04
Loss = 5.8053e-02, PNorm = 44.2856, GNorm = 0.2111, lr_0 = 8.4588e-04
Validation auc = 0.799830
Epoch 4
Loss = 3.3478e-02, PNorm = 44.3255, GNorm = 0.0801, lr_0 = 8.3774e-04
Loss = 3.8405e-02, PNorm = 44.3556, GNorm = 0.1407, lr_0 = 8.2967e-04
Loss = 6.9846e-02, PNorm = 44.3785, GNorm = 0.1987, lr_0 = 8.2169e-04
Loss = 8.2425e-02, PNorm = 44.4092, GNorm = 0.1866, lr_0 = 8.1377e-04
Loss = 9.1964e-02, PNorm = 44.4478, GNorm = 0.1973, lr_0 = 8.0594e-04
Loss = 4.9610e-02, PNorm = 44.4989, GNorm = 0.2002, lr_0 = 7.9818e-04
Loss = 7.3968e-02, PNorm = 44.5279, GNorm = 0.2170, lr_0 = 7.9050e-04
Loss = 4.8920e-02, PNorm = 44.5997, GNorm = 0.2046, lr_0 = 7.8288e-04
Validation auc = 0.802508
Epoch 5
Loss = 8.4670e-02, PNorm = 44.6369, GNorm = 0.1775, lr_0 = 7.7535e-04
Loss = 7.1014e-02, PNorm = 44.7032, GNorm = 0.1797, lr_0 = 7.6788e-04
Loss = 5.0950e-02, PNorm = 44.7590, GNorm = 0.3641, lr_0 = 7.6049e-04
Loss = 6.7583e-02, PNorm = 44.8049, GNorm = 0.2847, lr_0 = 7.5317e-04
Loss = 3.6391e-02, PNorm = 44.8654, GNorm = 0.0561, lr_0 = 7.4591e-04
Loss = 6.1577e-02, PNorm = 44.8895, GNorm = 0.1608, lr_0 = 7.3873e-04
Loss = 6.9474e-02, PNorm = 44.9144, GNorm = 0.1873, lr_0 = 7.3162e-04
Loss = 5.1324e-02, PNorm = 44.9721, GNorm = 0.0624, lr_0 = 7.2458e-04
Loss = 5.3509e-02, PNorm = 44.9937, GNorm = 0.1492, lr_0 = 7.1760e-04
Validation auc = 0.859898
Epoch 6
Loss = 4.7350e-02, PNorm = 45.0349, GNorm = 0.0709, lr_0 = 7.1000e-04
Loss = 7.3691e-02, PNorm = 45.0680, GNorm = 0.1284, lr_0 = 7.0317e-04
Loss = 6.5985e-02, PNorm = 45.1105, GNorm = 0.2004, lr_0 = 6.9640e-04
Loss = 6.8620e-02, PNorm = 45.1779, GNorm = 0.1415, lr_0 = 6.8969e-04
Loss = 5.4985e-02, PNorm = 45.2214, GNorm = 0.1013, lr_0 = 6.8305e-04
Loss = 5.6221e-02, PNorm = 45.2539, GNorm = 0.1451, lr_0 = 6.7648e-04
Loss = 5.7058e-02, PNorm = 45.3070, GNorm = 0.5568, lr_0 = 6.6996e-04
Loss = 2.8928e-02, PNorm = 45.3464, GNorm = 0.1742, lr_0 = 6.6351e-04
Validation auc = 0.830151
Epoch 7
Loss = 3.9757e-02, PNorm = 45.3727, GNorm = 0.1718, lr_0 = 6.5712e-04
Loss = 4.7640e-02, PNorm = 45.4277, GNorm = 0.2771, lr_0 = 6.5080e-04
Loss = 6.6852e-02, PNorm = 45.4667, GNorm = 0.1797, lr_0 = 6.4453e-04
Loss = 5.9344e-02, PNorm = 45.5230, GNorm = 0.1874, lr_0 = 6.3833e-04
Loss = 4.6102e-02, PNorm = 45.5512, GNorm = 0.0478, lr_0 = 6.3218e-04
Loss = 3.7753e-02, PNorm = 45.5881, GNorm = 0.1179, lr_0 = 6.2609e-04
Loss = 6.0515e-02, PNorm = 45.6174, GNorm = 0.1882, lr_0 = 6.2006e-04
Loss = 5.3519e-02, PNorm = 45.6616, GNorm = 0.2904, lr_0 = 6.1409e-04
Loss = 4.6118e-02, PNorm = 45.7116, GNorm = 0.1236, lr_0 = 6.0818e-04
Validation auc = 0.842468
Epoch 8
Loss = 3.9265e-02, PNorm = 45.7427, GNorm = 0.1775, lr_0 = 6.0233e-04
Loss = 4.5014e-02, PNorm = 45.7571, GNorm = 0.0971, lr_0 = 5.9653e-04
Loss = 5.7277e-02, PNorm = 45.7908, GNorm = 0.2052, lr_0 = 5.9078e-04
Loss = 6.9954e-02, PNorm = 45.8215, GNorm = 0.2853, lr_0 = 5.8510e-04
Loss = 5.2289e-02, PNorm = 45.8636, GNorm = 0.1651, lr_0 = 5.7946e-04
Loss = 5.4434e-02, PNorm = 45.9025, GNorm = 0.2465, lr_0 = 5.7388e-04
Loss = 4.5216e-02, PNorm = 45.9474, GNorm = 0.2142, lr_0 = 5.6836e-04
Loss = 5.5075e-02, PNorm = 45.9770, GNorm = 0.2931, lr_0 = 5.6289e-04
Loss = 3.9068e-02, PNorm = 46.0165, GNorm = 0.1605, lr_0 = 5.5747e-04
Loss = 1.0983e-02, PNorm = 46.0212, GNorm = 0.1071, lr_0 = 5.5693e-04
Validation auc = 0.852417
Epoch 9
Loss = 4.7882e-02, PNorm = 46.0624, GNorm = 0.1573, lr_0 = 5.5156e-04
Loss = 6.2835e-02, PNorm = 46.0830, GNorm = 0.2334, lr_0 = 5.4625e-04
Loss = 5.2582e-02, PNorm = 46.1331, GNorm = 0.0917, lr_0 = 5.4100e-04
Loss = 3.5977e-02, PNorm = 46.1683, GNorm = 0.2237, lr_0 = 5.3579e-04
Loss = 6.7651e-02, PNorm = 46.1918, GNorm = 0.1361, lr_0 = 5.3063e-04
Loss = 3.8966e-02, PNorm = 46.2412, GNorm = 0.2094, lr_0 = 5.2552e-04
Loss = 6.4186e-02, PNorm = 46.2535, GNorm = 0.1864, lr_0 = 5.2046e-04
Loss = 4.2841e-02, PNorm = 46.2866, GNorm = 0.1677, lr_0 = 5.1545e-04
Validation auc = 0.845119
Epoch 10
Loss = 3.8949e-02, PNorm = 46.3135, GNorm = 0.0619, lr_0 = 5.1049e-04
Loss = 6.6769e-02, PNorm = 46.3496, GNorm = 0.1726, lr_0 = 5.0557e-04
Loss = 2.8482e-02, PNorm = 46.3899, GNorm = 0.0968, lr_0 = 5.0070e-04
Loss = 1.9017e-02, PNorm = 46.4098, GNorm = 0.1584, lr_0 = 4.9588e-04
Loss = 6.8147e-02, PNorm = 46.4197, GNorm = 0.2901, lr_0 = 4.9111e-04
Loss = 5.9590e-02, PNorm = 46.4572, GNorm = 0.1249, lr_0 = 4.8638e-04
Loss = 5.1357e-02, PNorm = 46.4874, GNorm = 0.1517, lr_0 = 4.8170e-04
Loss = 5.1433e-02, PNorm = 46.5224, GNorm = 0.3406, lr_0 = 4.7706e-04
Loss = 3.5504e-02, PNorm = 46.5465, GNorm = 0.1678, lr_0 = 4.7247e-04
Validation auc = 0.851264
Epoch 11
Loss = 6.6258e-02, PNorm = 46.5891, GNorm = 0.3714, lr_0 = 4.6792e-04
Loss = 3.5396e-02, PNorm = 46.6531, GNorm = 0.1987, lr_0 = 4.6341e-04
Loss = 2.4538e-02, PNorm = 46.6808, GNorm = 0.0923, lr_0 = 4.5895e-04
Loss = 4.6740e-02, PNorm = 46.6978, GNorm = 0.0862, lr_0 = 4.5453e-04
Loss = 6.1968e-02, PNorm = 46.7192, GNorm = 0.3520, lr_0 = 4.5015e-04
Loss = 4.8848e-02, PNorm = 46.7511, GNorm = 0.0490, lr_0 = 4.4582e-04
Loss = 4.7630e-02, PNorm = 46.7692, GNorm = 0.0854, lr_0 = 4.4153e-04
Loss = 4.7765e-02, PNorm = 46.7950, GNorm = 0.2026, lr_0 = 4.3728e-04
Validation auc = 0.820050
Epoch 12
Loss = 6.2751e-02, PNorm = 46.8218, GNorm = 0.2296, lr_0 = 4.3265e-04
Loss = 3.3638e-02, PNorm = 46.8474, GNorm = 0.1093, lr_0 = 4.2848e-04
Loss = 4.7551e-02, PNorm = 46.8793, GNorm = 0.1663, lr_0 = 4.2436e-04
Loss = 7.0678e-02, PNorm = 46.8990, GNorm = 0.7531, lr_0 = 4.2027e-04
Loss = 5.5407e-02, PNorm = 46.9143, GNorm = 0.6560, lr_0 = 4.1622e-04
Loss = 2.6882e-02, PNorm = 46.9683, GNorm = 0.2264, lr_0 = 4.1222e-04
Loss = 7.0181e-02, PNorm = 46.9732, GNorm = 0.2200, lr_0 = 4.0825e-04
Loss = 4.9453e-02, PNorm = 46.9806, GNorm = 0.2632, lr_0 = 4.0432e-04
Loss = 4.9202e-02, PNorm = 47.0236, GNorm = 0.1497, lr_0 = 4.0042e-04
Validation auc = 0.862689
Epoch 13
Loss = 2.0728e-02, PNorm = 47.0463, GNorm = 0.1471, lr_0 = 3.9657e-04
Loss = 4.8792e-02, PNorm = 47.0671, GNorm = 0.1067, lr_0 = 3.9275e-04
Loss = 1.5783e-02, PNorm = 47.0920, GNorm = 0.0702, lr_0 = 3.8897e-04
Loss = 5.3940e-02, PNorm = 47.1103, GNorm = 0.2387, lr_0 = 3.8522e-04
Loss = 4.9869e-02, PNorm = 47.1380, GNorm = 0.1995, lr_0 = 3.8152e-04
Loss = 4.9213e-02, PNorm = 47.1752, GNorm = 0.3742, lr_0 = 3.7784e-04
Loss = 5.4670e-02, PNorm = 47.1815, GNorm = 0.2272, lr_0 = 3.7420e-04
Loss = 3.5538e-02, PNorm = 47.1992, GNorm = 0.1001, lr_0 = 3.7060e-04
Validation auc = 0.888448
Epoch 14
Loss = 1.3260e-02, PNorm = 47.2235, GNorm = 0.1106, lr_0 = 3.6668e-04
Loss = 3.4594e-02, PNorm = 47.2447, GNorm = 0.1694, lr_0 = 3.6315e-04
Loss = 3.5453e-02, PNorm = 47.2705, GNorm = 0.1811, lr_0 = 3.5965e-04
Loss = 2.8143e-02, PNorm = 47.2928, GNorm = 0.0808, lr_0 = 3.5619e-04
Loss = 3.8605e-02, PNorm = 47.3159, GNorm = 0.0854, lr_0 = 3.5276e-04
Loss = 4.6557e-02, PNorm = 47.3425, GNorm = 0.5154, lr_0 = 3.4936e-04
Loss = 6.6639e-02, PNorm = 47.3403, GNorm = 0.1278, lr_0 = 3.4600e-04
Loss = 4.6226e-02, PNorm = 47.3649, GNorm = 0.1324, lr_0 = 3.4267e-04
Loss = 3.8411e-02, PNorm = 47.3935, GNorm = 0.0928, lr_0 = 3.3937e-04
Validation auc = 0.862861
Epoch 15
Loss = 4.9204e-02, PNorm = 47.4069, GNorm = 0.2106, lr_0 = 3.3610e-04
Loss = 5.9697e-02, PNorm = 47.4329, GNorm = 0.2135, lr_0 = 3.3287e-04
Loss = 2.7453e-02, PNorm = 47.4646, GNorm = 0.1342, lr_0 = 3.2966e-04
Loss = 3.4634e-02, PNorm = 47.4884, GNorm = 0.0687, lr_0 = 3.2649e-04
Loss = 5.2445e-02, PNorm = 47.4965, GNorm = 0.1200, lr_0 = 3.2334e-04
Loss = 4.1102e-02, PNorm = 47.5202, GNorm = 0.1277, lr_0 = 3.2023e-04
Loss = 4.5743e-02, PNorm = 47.5536, GNorm = 0.2140, lr_0 = 3.1715e-04
Loss = 2.4472e-02, PNorm = 47.5682, GNorm = 0.4340, lr_0 = 3.1409e-04
Loss = 5.2826e-02, PNorm = 47.5778, GNorm = 0.0767, lr_0 = 3.1107e-04
Validation auc = 0.858166
Epoch 16
Loss = 4.2173e-02, PNorm = 47.6094, GNorm = 0.2210, lr_0 = 3.0807e-04
Loss = 6.4682e-02, PNorm = 47.6217, GNorm = 0.1827, lr_0 = 3.0511e-04
Loss = 4.3381e-02, PNorm = 47.6399, GNorm = 0.1723, lr_0 = 3.0217e-04
Loss = 2.2879e-02, PNorm = 47.6661, GNorm = 0.0705, lr_0 = 2.9926e-04
Loss = 5.1004e-02, PNorm = 47.6791, GNorm = 0.2342, lr_0 = 2.9638e-04
Loss = 3.2974e-02, PNorm = 47.6948, GNorm = 0.2466, lr_0 = 2.9353e-04
Loss = 2.5272e-02, PNorm = 47.7223, GNorm = 0.0966, lr_0 = 2.9070e-04
Loss = 5.4511e-02, PNorm = 47.7450, GNorm = 0.0474, lr_0 = 2.8790e-04
Validation auc = 0.867545
Epoch 17
Loss = 3.8612e-02, PNorm = 47.7582, GNorm = 0.1328, lr_0 = 2.8485e-04
Loss = 4.5899e-02, PNorm = 47.7746, GNorm = 0.1092, lr_0 = 2.8211e-04
Loss = 3.1881e-02, PNorm = 47.7976, GNorm = 0.2776, lr_0 = 2.7939e-04
Loss = 4.6493e-02, PNorm = 47.8113, GNorm = 0.1038, lr_0 = 2.7670e-04
Loss = 3.9971e-02, PNorm = 47.8275, GNorm = 0.1423, lr_0 = 2.7404e-04
Loss = 4.0518e-02, PNorm = 47.8398, GNorm = 0.0576, lr_0 = 2.7140e-04
Loss = 3.3778e-02, PNorm = 47.8525, GNorm = 0.1532, lr_0 = 2.6879e-04
Loss = 3.7592e-02, PNorm = 47.8665, GNorm = 0.1430, lr_0 = 2.6620e-04
Loss = 2.3476e-02, PNorm = 47.8845, GNorm = 0.0188, lr_0 = 2.6364e-04
Validation auc = 0.874843
Epoch 18
Loss = 3.5050e-02, PNorm = 47.8937, GNorm = 0.1480, lr_0 = 2.6110e-04
Loss = 3.5821e-02, PNorm = 47.9107, GNorm = 0.1184, lr_0 = 2.5859e-04
Loss = 2.9981e-02, PNorm = 47.9365, GNorm = 0.1549, lr_0 = 2.5610e-04
Loss = 3.1976e-02, PNorm = 47.9501, GNorm = 0.1322, lr_0 = 2.5363e-04
Loss = 4.0613e-02, PNorm = 47.9632, GNorm = 0.2018, lr_0 = 2.5119e-04
Loss = 3.1838e-02, PNorm = 47.9834, GNorm = 0.0441, lr_0 = 2.4877e-04
Loss = 4.9151e-02, PNorm = 48.0018, GNorm = 0.2214, lr_0 = 2.4638e-04
Loss = 4.7727e-02, PNorm = 48.0209, GNorm = 0.3719, lr_0 = 2.4400e-04
Validation auc = 0.867087
Epoch 19
Loss = 2.3697e-02, PNorm = 48.0394, GNorm = 0.0556, lr_0 = 2.4165e-04
Loss = 2.6245e-02, PNorm = 48.0550, GNorm = 0.3534, lr_0 = 2.3933e-04
Loss = 3.7405e-02, PNorm = 48.0636, GNorm = 0.2368, lr_0 = 2.3702e-04
Loss = 3.7992e-02, PNorm = 48.0858, GNorm = 0.1218, lr_0 = 2.3474e-04
Loss = 3.2135e-02, PNorm = 48.1059, GNorm = 0.1109, lr_0 = 2.3248e-04
Loss = 6.6403e-02, PNorm = 48.1137, GNorm = 0.2333, lr_0 = 2.3024e-04
Loss = 3.8803e-02, PNorm = 48.1325, GNorm = 0.3350, lr_0 = 2.2803e-04
Loss = 1.8757e-02, PNorm = 48.1565, GNorm = 0.2656, lr_0 = 2.2583e-04
Loss = 1.1291e-02, PNorm = 48.1634, GNorm = 0.0302, lr_0 = 2.2366e-04
Validation auc = 0.881014
Epoch 20
Loss = 4.2535e-02, PNorm = 48.1600, GNorm = 0.1438, lr_0 = 2.2129e-04
Loss = 3.2540e-02, PNorm = 48.1699, GNorm = 0.3437, lr_0 = 2.1916e-04
Loss = 3.1803e-02, PNorm = 48.1903, GNorm = 0.2022, lr_0 = 2.1705e-04
Loss = 3.2421e-02, PNorm = 48.2045, GNorm = 0.2717, lr_0 = 2.1496e-04
Loss = 2.2457e-02, PNorm = 48.2174, GNorm = 0.1822, lr_0 = 2.1289e-04
Loss = 3.6999e-02, PNorm = 48.2297, GNorm = 0.3904, lr_0 = 2.1084e-04
Loss = 3.2172e-02, PNorm = 48.2430, GNorm = 0.3175, lr_0 = 2.0881e-04
Loss = 2.6735e-02, PNorm = 48.2579, GNorm = 0.0427, lr_0 = 2.0680e-04
Validation auc = 0.871486
Epoch 21
Loss = 3.4181e-02, PNorm = 48.2678, GNorm = 0.4458, lr_0 = 2.0481e-04
Loss = 4.9145e-02, PNorm = 48.2751, GNorm = 0.1950, lr_0 = 2.0283e-04
Loss = 3.4397e-02, PNorm = 48.2925, GNorm = 0.1519, lr_0 = 2.0088e-04
Loss = 3.2784e-02, PNorm = 48.3163, GNorm = 0.3015, lr_0 = 1.9895e-04
Loss = 3.7000e-02, PNorm = 48.3241, GNorm = 0.1837, lr_0 = 1.9703e-04
Loss = 2.3341e-02, PNorm = 48.3386, GNorm = 0.1212, lr_0 = 1.9514e-04
Loss = 1.7149e-02, PNorm = 48.3549, GNorm = 0.0333, lr_0 = 1.9326e-04
Loss = 3.8889e-02, PNorm = 48.3536, GNorm = 0.0315, lr_0 = 1.9140e-04
Loss = 3.2880e-02, PNorm = 48.3603, GNorm = 0.3194, lr_0 = 1.8955e-04
Validation auc = 0.877384
Epoch 22
Loss = 3.0964e-02, PNorm = 48.3797, GNorm = 0.0290, lr_0 = 1.8773e-04
Loss = 5.1611e-02, PNorm = 48.3844, GNorm = 0.1014, lr_0 = 1.8592e-04
Loss = 2.9693e-02, PNorm = 48.3965, GNorm = 0.2611, lr_0 = 1.8413e-04
Loss = 2.7200e-02, PNorm = 48.4142, GNorm = 0.0953, lr_0 = 1.8236e-04
Loss = 3.5029e-02, PNorm = 48.4283, GNorm = 0.3343, lr_0 = 1.8060e-04
Loss = 3.7354e-02, PNorm = 48.4360, GNorm = 0.2533, lr_0 = 1.7886e-04
Loss = 3.3282e-02, PNorm = 48.4477, GNorm = 0.2599, lr_0 = 1.7714e-04
Loss = 3.7406e-02, PNorm = 48.4554, GNorm = 0.1653, lr_0 = 1.7544e-04
Validation auc = 0.863952
Epoch 23
Loss = 3.7330e-02, PNorm = 48.4672, GNorm = 0.3270, lr_0 = 1.7358e-04
Loss = 3.6794e-02, PNorm = 48.4802, GNorm = 0.0131, lr_0 = 1.7191e-04
Loss = 2.9946e-02, PNorm = 48.4866, GNorm = 0.2016, lr_0 = 1.7025e-04
Loss = 2.8026e-02, PNorm = 48.4914, GNorm = 0.1633, lr_0 = 1.6861e-04
Loss = 2.1600e-02, PNorm = 48.5086, GNorm = 0.2809, lr_0 = 1.6699e-04
Loss = 1.7393e-02, PNorm = 48.5193, GNorm = 0.0647, lr_0 = 1.6538e-04
Loss = 2.0837e-02, PNorm = 48.5215, GNorm = 0.1475, lr_0 = 1.6379e-04
Loss = 3.6184e-02, PNorm = 48.5279, GNorm = 0.0633, lr_0 = 1.6221e-04
Loss = 4.0807e-02, PNorm = 48.5394, GNorm = 0.2583, lr_0 = 1.6065e-04
Validation auc = 0.866739
Epoch 24
Loss = 2.4603e-02, PNorm = 48.5568, GNorm = 0.2191, lr_0 = 1.5910e-04
Loss = 4.1750e-02, PNorm = 48.5639, GNorm = 0.2213, lr_0 = 1.5757e-04
Loss = 3.4371e-02, PNorm = 48.5709, GNorm = 0.4264, lr_0 = 1.5605e-04
Loss = 3.9155e-02, PNorm = 48.5869, GNorm = 0.0940, lr_0 = 1.5455e-04
Loss = 2.7666e-02, PNorm = 48.5998, GNorm = 0.3875, lr_0 = 1.5306e-04
Loss = 2.7766e-02, PNorm = 48.6033, GNorm = 0.2094, lr_0 = 1.5159e-04
Loss = 1.5968e-02, PNorm = 48.6131, GNorm = 0.1187, lr_0 = 1.5013e-04
Loss = 2.8750e-02, PNorm = 48.6198, GNorm = 0.0769, lr_0 = 1.4869e-04
Loss = 1.7682e-02, PNorm = 48.6277, GNorm = 0.0485, lr_0 = 1.4725e-04
Validation auc = 0.861671
Epoch 25
Loss = 1.8134e-02, PNorm = 48.6351, GNorm = 0.0411, lr_0 = 1.4584e-04
Loss = 4.8281e-02, PNorm = 48.6316, GNorm = 0.1190, lr_0 = 1.4443e-04
Loss = 2.5687e-02, PNorm = 48.6378, GNorm = 0.0638, lr_0 = 1.4304e-04
Loss = 3.3275e-02, PNorm = 48.6523, GNorm = 0.4249, lr_0 = 1.4166e-04
Loss = 2.0593e-02, PNorm = 48.6641, GNorm = 0.1287, lr_0 = 1.4030e-04
Loss = 2.2463e-02, PNorm = 48.6726, GNorm = 0.2748, lr_0 = 1.3895e-04
Loss = 3.3959e-02, PNorm = 48.6736, GNorm = 0.2067, lr_0 = 1.3761e-04
Loss = 3.4470e-02, PNorm = 48.6836, GNorm = 0.1107, lr_0 = 1.3629e-04
Validation auc = 0.862440
Epoch 26
Loss = 3.7641e-02, PNorm = 48.6949, GNorm = 0.1904, lr_0 = 1.3484e-04
Loss = 3.7526e-02, PNorm = 48.7081, GNorm = 0.2979, lr_0 = 1.3355e-04
Loss = 2.0171e-02, PNorm = 48.7138, GNorm = 0.2154, lr_0 = 1.3226e-04
Loss = 2.2969e-02, PNorm = 48.7172, GNorm = 0.0555, lr_0 = 1.3099e-04
Loss = 2.6616e-02, PNorm = 48.7232, GNorm = 0.0556, lr_0 = 1.2973e-04
Loss = 4.5082e-02, PNorm = 48.7279, GNorm = 0.1170, lr_0 = 1.2848e-04
Loss = 1.6160e-02, PNorm = 48.7412, GNorm = 0.2082, lr_0 = 1.2724e-04
Loss = 1.3857e-02, PNorm = 48.7514, GNorm = 0.3242, lr_0 = 1.2601e-04
Loss = 6.9373e-02, PNorm = 48.7478, GNorm = 0.3056, lr_0 = 1.2480e-04
Validation auc = 0.872018
Epoch 27
Loss = 1.8769e-02, PNorm = 48.7584, GNorm = 0.1932, lr_0 = 1.2360e-04
Loss = 3.2276e-02, PNorm = 48.7729, GNorm = 0.4420, lr_0 = 1.2241e-04
Loss = 2.6516e-02, PNorm = 48.7777, GNorm = 0.2655, lr_0 = 1.2123e-04
Loss = 2.4621e-02, PNorm = 48.7821, GNorm = 0.3344, lr_0 = 1.2006e-04
Loss = 1.4789e-02, PNorm = 48.7882, GNorm = 0.4261, lr_0 = 1.1891e-04
Loss = 4.0444e-02, PNorm = 48.7930, GNorm = 0.2684, lr_0 = 1.1776e-04
Loss = 2.4898e-02, PNorm = 48.8044, GNorm = 0.2418, lr_0 = 1.1663e-04
Loss = 3.8169e-02, PNorm = 48.8105, GNorm = 0.1299, lr_0 = 1.1551e-04
Validation auc = 0.871373
Epoch 28
Loss = 5.7082e-02, PNorm = 48.8097, GNorm = 0.2718, lr_0 = 1.1428e-04
Loss = 3.1485e-02, PNorm = 48.8139, GNorm = 0.1504, lr_0 = 1.1318e-04
Loss = 2.9304e-02, PNorm = 48.8226, GNorm = 0.1329, lr_0 = 1.1209e-04
Loss = 2.4727e-02, PNorm = 48.8363, GNorm = 0.1177, lr_0 = 1.1101e-04
Loss = 1.4162e-02, PNorm = 48.8461, GNorm = 0.0807, lr_0 = 1.0995e-04
Loss = 2.1537e-02, PNorm = 48.8474, GNorm = 0.2613, lr_0 = 1.0889e-04
Loss = 1.9891e-02, PNorm = 48.8518, GNorm = 0.0959, lr_0 = 1.0784e-04
Loss = 3.7934e-02, PNorm = 48.8566, GNorm = 0.0569, lr_0 = 1.0680e-04
Loss = 2.5111e-02, PNorm = 48.8651, GNorm = 0.4938, lr_0 = 1.0577e-04
Validation auc = 0.872538
Epoch 29
Loss = 2.2632e-02, PNorm = 48.8705, GNorm = 0.3755, lr_0 = 1.0475e-04
Loss = 8.9945e-03, PNorm = 48.8764, GNorm = 0.0353, lr_0 = 1.0374e-04
Loss = 2.1296e-02, PNorm = 48.8814, GNorm = 0.3139, lr_0 = 1.0275e-04
Loss = 5.1070e-02, PNorm = 48.8823, GNorm = 0.3956, lr_0 = 1.0176e-04
Loss = 2.3124e-02, PNorm = 48.8903, GNorm = 0.1848, lr_0 = 1.0078e-04
Loss = 2.7764e-02, PNorm = 48.8991, GNorm = 0.1531, lr_0 = 1.0000e-04
Loss = 2.9308e-02, PNorm = 48.9068, GNorm = 0.3406, lr_0 = 1.0000e-04
Loss = 1.5936e-02, PNorm = 48.9140, GNorm = 0.1281, lr_0 = 1.0000e-04
Validation auc = 0.871163
Model 0 best validation auc = 0.888448 on epoch 13
Loading pretrained parameter "encoder.encoder.0.cached_zero_vector".
Loading pretrained parameter "encoder.encoder.0.W_i.weight".
Loading pretrained parameter "encoder.encoder.0.W_h.weight".
Loading pretrained parameter "encoder.encoder.0.W_o.weight".
Loading pretrained parameter "encoder.encoder.0.W_o.bias".
Loading pretrained parameter "ffn.1.weight".
Loading pretrained parameter "ffn.1.bias".
Loading pretrained parameter "ffn.4.weight".
Loading pretrained parameter "ffn.4.bias".
Moving model to cuda
Model 0 test auc = 0.838527
Ensemble test auc = 0.838527
3-fold cross validation
	Seed 0 ==> test auc = 0.762086
	Seed 1 ==> test auc = 0.870486
	Seed 2 ==> test auc = 0.838527
Overall test auc = 0.823700 +/- 0.045479
Elapsed time = 0:11:32
