Command line
python /home/jackievaleri8/.conda/envs/chemprop/bin/chemprop_train --init_lr 0.0001 --dropout 0.25 --hidden_size 1000 --ffn_num_layers 1 --depth 4 --save_dir round3finalval08162021_models/109 --data_path round3finalval08162021_TRAIN.csv --dataset_type classification --features_path round3finalval08162021_TRAINFTS.npz --no_features_scaling --num_folds 3 --ensemble_size 1 --split_type scaffold_balanced --split_sizes 0.8 0.1 0.1 --smiles_columns SMILES --ignore_columns Name --gpu 0
Args
{'activation': 'ReLU',
 'aggregation': 'mean',
 'aggregation_norm': 100,
 'atom_descriptor_scaling': True,
 'atom_descriptors': None,
 'atom_descriptors_path': None,
 'atom_descriptors_size': 0,
 'atom_features_size': 0,
 'atom_messages': False,
 'batch_size': 50,
 'bias': False,
 'bond_feature_scaling': True,
 'bond_features_path': None,
 'bond_features_size': 0,
 'cache_cutoff': 10000,
 'checkpoint_dir': None,
 'checkpoint_path': None,
 'checkpoint_paths': None,
 'class_balance': False,
 'config_path': None,
 'crossval_index_dir': None,
 'crossval_index_file': None,
 'crossval_index_sets': None,
 'cuda': True,
 'data_path': 'round3finalval08162021_TRAIN.csv',
 'dataset_type': 'classification',
 'depth': 4,
 'device': device(type='cuda', index=0),
 'dropout': 0.25,
 'empty_cache': False,
 'ensemble_size': 1,
 'epochs': 30,
 'explicit_h': False,
 'extra_metrics': [],
 'features_generator': None,
 'features_only': False,
 'features_path': ['round3finalval08162021_TRAINFTS.npz'],
 'features_scaling': False,
 'features_size': None,
 'ffn_hidden_size': 1000,
 'ffn_num_layers': 1,
 'final_lr': 0.0001,
 'folds_file': None,
 'gpu': 0,
 'grad_clip': None,
 'hidden_size': 1000,
 'ignore_columns': ['Name'],
 'init_lr': 0.0001,
 'log_frequency': 10,
 'max_data_size': None,
 'max_lr': 0.001,
 'metric': 'auc',
 'metrics': ['auc'],
 'minimize_score': False,
 'mpn_shared': False,
 'multiclass_num_classes': 3,
 'no_atom_descriptor_scaling': False,
 'no_bond_features_scaling': False,
 'no_cache_mol': False,
 'no_cuda': False,
 'no_features_scaling': True,
 'num_folds': 3,
 'num_lrs': 1,
 'num_tasks': 2,
 'num_workers': 8,
 'number_of_molecules': 1,
 'overwrite_default_atom_features': False,
 'overwrite_default_bond_features': False,
 'pytorch_seed': 0,
 'quiet': False,
 'reaction': False,
 'reaction_mode': 'reac_diff',
 'resume_experiment': False,
 'save_dir': 'round3finalval08162021_models/109',
 'save_preds': False,
 'save_smiles_splits': False,
 'seed': 0,
 'separate_test_atom_descriptors_path': None,
 'separate_test_bond_features_path': None,
 'separate_test_features_path': None,
 'separate_test_path': None,
 'separate_val_atom_descriptors_path': None,
 'separate_val_bond_features_path': None,
 'separate_val_features_path': None,
 'separate_val_path': None,
 'show_individual_scores': False,
 'smiles_columns': ['SMILES'],
 'split_sizes': (0.8, 0.1, 0.1),
 'split_type': 'scaffold_balanced',
 'target_columns': None,
 'task_names': ['hit_inh', 'hit_kill'],
 'test': False,
 'test_fold_index': None,
 'train_data_size': None,
 'undirected': False,
 'use_input_features': True,
 'val_fold_index': None,
 'warmup_epochs': 2.0}
Loading data
Warning: 23 SMILES are invalid.
Number of tasks = 2
Fold 0
Splitting data with seed 0
Total scaffolds = 3,467 | train scaffolds = 2,650 | val scaffolds = 433 | test scaffolds = 384
Label averages per scaffold, in decreasing order of scaffold frequency,capped at 10 scaffolds and 20 labels:
Scaffold 0
Task 0: count = 381 | target average = 0.018373
Task 1: count = 381 | target average = 0.013123


Scaffold 1
Task 0: count = 305 | target average = 0.009836
Task 1: count = 305 | target average = 0.016393


Scaffold 2
Task 0: count = 36 | target average = 0.000000
Task 1: count = 36 | target average = 0.000000


Scaffold 3
Task 0: count = 29 | target average = 0.000000
Task 1: count = 29 | target average = 0.000000


Scaffold 4
Task 0: count = 26 | target average = 0.000000
Task 1: count = 26 | target average = 0.000000


Scaffold 5
Task 0: count = 23 | target average = 0.000000
Task 1: count = 23 | target average = 0.000000


Scaffold 6
Task 0: count = 22 | target average = 0.090909
Task 1: count = 22 | target average = 0.090909


Scaffold 7
Task 0: count = 20 | target average = 0.000000
Task 1: count = 20 | target average = 0.000000


Scaffold 8
Task 0: count = 20 | target average = 0.000000
Task 1: count = 20 | target average = 0.000000


Scaffold 9
Task 0: count = 20 | target average = 0.050000
Task 1: count = 20 | target average = 0.000000


Class sizes
hit_inh 0: 97.83%, 1: 2.17%
hit_kill 0: 98.64%, 1: 1.36%
Total size = 5,353 | train size = 4,282 | val size = 535 | test size = 536
Building model 0
MoleculeModel(
  (sigmoid): Sigmoid()
  (encoder): MPN(
    (encoder): ModuleList(
      (0): MPNEncoder(
        (dropout_layer): Dropout(p=0.25, inplace=False)
        (act_func): ReLU()
        (W_i): Linear(in_features=147, out_features=1000, bias=False)
        (W_h): Linear(in_features=1000, out_features=1000, bias=False)
        (W_o): Linear(in_features=1133, out_features=1000, bias=True)
      )
    )
  )
  (ffn): Sequential(
    (0): Dropout(p=0.25, inplace=False)
    (1): Linear(in_features=1200, out_features=2, bias=True)
  )
)
Number of parameters = 2,283,402
Moving model to cuda
Epoch 0
Loss = 3.2192e-01, PNorm = 48.2101, GNorm = 1.6027, lr_0 = 1.5824e-04
Loss = 1.2111e-01, PNorm = 48.2210, GNorm = 0.6491, lr_0 = 2.1118e-04
Loss = 9.7954e-02, PNorm = 48.2270, GNorm = 0.6116, lr_0 = 2.6412e-04
Loss = 1.0683e-01, PNorm = 48.2334, GNorm = 0.2714, lr_0 = 3.1706e-04
Loss = 1.0208e-01, PNorm = 48.2431, GNorm = 0.6080, lr_0 = 3.7000e-04
Loss = 6.1812e-02, PNorm = 48.2523, GNorm = 0.2203, lr_0 = 4.2294e-04
Loss = 7.2118e-02, PNorm = 48.2594, GNorm = 0.3043, lr_0 = 4.7588e-04
Loss = 6.8166e-02, PNorm = 48.2703, GNorm = 0.1697, lr_0 = 5.2882e-04
Validation auc = 0.431184
Epoch 1
Loss = 4.5657e-02, PNorm = 48.2915, GNorm = 0.1822, lr_0 = 5.8706e-04
Loss = 1.0274e-01, PNorm = 48.3047, GNorm = 0.2819, lr_0 = 6.4000e-04
Loss = 8.7794e-02, PNorm = 48.3357, GNorm = 0.1913, lr_0 = 6.9294e-04
Loss = 1.0174e-01, PNorm = 48.3621, GNorm = 0.2737, lr_0 = 7.4588e-04
Loss = 9.2316e-02, PNorm = 48.4011, GNorm = 0.2004, lr_0 = 7.9882e-04
Loss = 6.8216e-02, PNorm = 48.4410, GNorm = 0.1699, lr_0 = 8.5176e-04
Loss = 9.6263e-02, PNorm = 48.4751, GNorm = 0.1582, lr_0 = 9.0471e-04
Loss = 1.0042e-01, PNorm = 48.5115, GNorm = 0.1645, lr_0 = 9.5765e-04
Loss = 1.0418e-01, PNorm = 48.5623, GNorm = 0.1567, lr_0 = 9.9807e-04
Validation auc = 0.786563
Epoch 2
Loss = 7.4351e-02, PNorm = 48.6215, GNorm = 0.0473, lr_0 = 9.8846e-04
Loss = 6.8913e-02, PNorm = 48.6520, GNorm = 0.1943, lr_0 = 9.7894e-04
Loss = 7.6762e-02, PNorm = 48.7070, GNorm = 0.1559, lr_0 = 9.6952e-04
Loss = 8.4185e-02, PNorm = 48.7426, GNorm = 0.4473, lr_0 = 9.6018e-04
Loss = 7.4850e-02, PNorm = 48.8047, GNorm = 0.1972, lr_0 = 9.5094e-04
Loss = 9.3868e-02, PNorm = 48.8475, GNorm = 0.1786, lr_0 = 9.4178e-04
Loss = 1.3820e-01, PNorm = 48.9290, GNorm = 0.5264, lr_0 = 9.3271e-04
Loss = 6.4841e-02, PNorm = 48.9996, GNorm = 0.2373, lr_0 = 9.2373e-04
Validation auc = 0.835576
Epoch 3
Loss = 7.0080e-02, PNorm = 49.0678, GNorm = 0.2650, lr_0 = 9.1395e-04
Loss = 1.0909e-01, PNorm = 49.1451, GNorm = 0.2016, lr_0 = 9.0515e-04
Loss = 9.0887e-02, PNorm = 49.2239, GNorm = 0.3949, lr_0 = 8.9644e-04
Loss = 8.2576e-02, PNorm = 49.2957, GNorm = 0.1529, lr_0 = 8.8781e-04
Loss = 7.9935e-02, PNorm = 49.3648, GNorm = 0.2897, lr_0 = 8.7926e-04
Loss = 8.5266e-02, PNorm = 49.4151, GNorm = 0.1309, lr_0 = 8.7080e-04
Loss = 5.4531e-02, PNorm = 49.4871, GNorm = 0.1022, lr_0 = 8.6241e-04
Loss = 7.0056e-02, PNorm = 49.5345, GNorm = 0.1549, lr_0 = 8.5411e-04
Loss = 8.8851e-02, PNorm = 49.5854, GNorm = 0.1301, lr_0 = 8.4588e-04
Validation auc = 0.836811
Epoch 4
Loss = 6.5540e-02, PNorm = 49.6629, GNorm = 0.1341, lr_0 = 8.3774e-04
Loss = 5.9929e-02, PNorm = 49.7413, GNorm = 0.1757, lr_0 = 8.2967e-04
Loss = 9.0725e-02, PNorm = 49.7991, GNorm = 0.1960, lr_0 = 8.2169e-04
Loss = 9.2643e-02, PNorm = 49.8854, GNorm = 0.3604, lr_0 = 8.1377e-04
Loss = 1.0187e-01, PNorm = 49.9387, GNorm = 0.1489, lr_0 = 8.0594e-04
Loss = 5.7396e-02, PNorm = 50.0316, GNorm = 0.1092, lr_0 = 7.9818e-04
Loss = 6.3251e-02, PNorm = 50.0954, GNorm = 0.1096, lr_0 = 7.9050e-04
Loss = 6.1401e-02, PNorm = 50.1651, GNorm = 0.0886, lr_0 = 7.8288e-04
Validation auc = 0.894575
Epoch 5
Loss = 7.4470e-02, PNorm = 50.2245, GNorm = 0.2173, lr_0 = 7.7535e-04
Loss = 5.4551e-02, PNorm = 50.2902, GNorm = 0.1045, lr_0 = 7.6788e-04
Loss = 1.1682e-01, PNorm = 50.3489, GNorm = 0.3598, lr_0 = 7.6049e-04
Loss = 9.0872e-02, PNorm = 50.4590, GNorm = 0.1917, lr_0 = 7.5317e-04
Loss = 5.7345e-02, PNorm = 50.5697, GNorm = 0.1721, lr_0 = 7.4591e-04
Loss = 6.3482e-02, PNorm = 50.6475, GNorm = 0.3704, lr_0 = 7.3873e-04
Loss = 9.0522e-02, PNorm = 50.6881, GNorm = 0.2427, lr_0 = 7.3162e-04
Loss = 3.8297e-02, PNorm = 50.7430, GNorm = 0.0734, lr_0 = 7.2458e-04
Loss = 7.3019e-02, PNorm = 50.7932, GNorm = 0.1690, lr_0 = 7.1760e-04
Validation auc = 0.809953
Epoch 6
Loss = 4.2900e-02, PNorm = 50.8828, GNorm = 0.1689, lr_0 = 7.1000e-04
Loss = 7.2084e-02, PNorm = 50.9491, GNorm = 0.1945, lr_0 = 7.0317e-04
Loss = 6.5507e-02, PNorm = 51.0220, GNorm = 0.0984, lr_0 = 6.9640e-04
Loss = 5.9080e-02, PNorm = 51.0879, GNorm = 0.1427, lr_0 = 6.8969e-04
Loss = 5.9856e-02, PNorm = 51.1453, GNorm = 0.1556, lr_0 = 6.8305e-04
Loss = 7.5072e-02, PNorm = 51.1939, GNorm = 0.1488, lr_0 = 6.7648e-04
Loss = 6.8882e-02, PNorm = 51.2388, GNorm = 0.2377, lr_0 = 6.6996e-04
Loss = 7.1863e-02, PNorm = 51.3075, GNorm = 0.3687, lr_0 = 6.6351e-04
Validation auc = 0.924877
Epoch 7
Loss = 7.2673e-02, PNorm = 51.3830, GNorm = 0.3389, lr_0 = 6.5712e-04
Loss = 7.1623e-02, PNorm = 51.4490, GNorm = 0.3688, lr_0 = 6.5080e-04
Loss = 6.3588e-02, PNorm = 51.5348, GNorm = 0.0963, lr_0 = 6.4453e-04
Loss = 4.7005e-02, PNorm = 51.6019, GNorm = 0.1536, lr_0 = 6.3833e-04
Loss = 5.2398e-02, PNorm = 51.6448, GNorm = 0.1837, lr_0 = 6.3218e-04
Loss = 7.0901e-02, PNorm = 51.6895, GNorm = 0.2557, lr_0 = 6.2609e-04
Loss = 3.9907e-02, PNorm = 51.7680, GNorm = 0.2307, lr_0 = 6.2006e-04
Loss = 4.7034e-02, PNorm = 51.8209, GNorm = 0.1418, lr_0 = 6.1409e-04
Loss = 6.4385e-02, PNorm = 51.8715, GNorm = 0.2851, lr_0 = 6.0818e-04
Validation auc = 0.940808
Epoch 8
Loss = 4.3129e-02, PNorm = 51.8968, GNorm = 0.0952, lr_0 = 6.0233e-04
Loss = 5.8201e-02, PNorm = 51.9622, GNorm = 0.1884, lr_0 = 5.9653e-04
Loss = 5.7887e-02, PNorm = 52.0239, GNorm = 0.0988, lr_0 = 5.9078e-04
Loss = 4.5329e-02, PNorm = 52.0831, GNorm = 0.1932, lr_0 = 5.8510e-04
Loss = 6.0731e-02, PNorm = 52.1160, GNorm = 0.2391, lr_0 = 5.7946e-04
Loss = 5.3649e-02, PNorm = 52.1651, GNorm = 0.0785, lr_0 = 5.7388e-04
Loss = 3.4197e-02, PNorm = 52.2142, GNorm = 0.1237, lr_0 = 5.6836e-04
Loss = 8.0094e-02, PNorm = 52.2473, GNorm = 0.3541, lr_0 = 5.6289e-04
Loss = 7.3104e-02, PNorm = 52.3116, GNorm = 0.3397, lr_0 = 5.5747e-04
Loss = 1.3854e-02, PNorm = 52.3161, GNorm = 0.1313, lr_0 = 5.5693e-04
Validation auc = 0.934187
Epoch 9
Loss = 6.5584e-02, PNorm = 52.3849, GNorm = 0.2344, lr_0 = 5.5156e-04
Loss = 4.2940e-02, PNorm = 52.4682, GNorm = 0.0754, lr_0 = 5.4625e-04
Loss = 3.4342e-02, PNorm = 52.5099, GNorm = 0.0961, lr_0 = 5.4100e-04
Loss = 4.7244e-02, PNorm = 52.5391, GNorm = 0.4203, lr_0 = 5.3579e-04
Loss = 4.6495e-02, PNorm = 52.5711, GNorm = 0.1622, lr_0 = 5.3063e-04
Loss = 6.4035e-02, PNorm = 52.5917, GNorm = 0.1973, lr_0 = 5.2552e-04
Loss = 6.1723e-02, PNorm = 52.6512, GNorm = 0.2011, lr_0 = 5.2046e-04
Loss = 6.2374e-02, PNorm = 52.6938, GNorm = 0.3470, lr_0 = 5.1545e-04
Validation auc = 0.929753
Epoch 10
Loss = 5.3749e-02, PNorm = 52.7316, GNorm = 0.7546, lr_0 = 5.1049e-04
Loss = 4.5195e-02, PNorm = 52.7704, GNorm = 0.2659, lr_0 = 5.0557e-04
Loss = 5.4924e-02, PNorm = 52.8132, GNorm = 0.2886, lr_0 = 5.0070e-04
Loss = 5.6716e-02, PNorm = 52.8492, GNorm = 0.3577, lr_0 = 4.9588e-04
Loss = 4.7410e-02, PNorm = 52.8819, GNorm = 0.1386, lr_0 = 4.9111e-04
Loss = 4.2241e-02, PNorm = 52.9229, GNorm = 0.1757, lr_0 = 4.8638e-04
Loss = 7.2834e-02, PNorm = 52.9565, GNorm = 0.2442, lr_0 = 4.8170e-04
Loss = 3.1133e-02, PNorm = 53.0108, GNorm = 0.0935, lr_0 = 4.7706e-04
Loss = 5.2768e-02, PNorm = 53.0453, GNorm = 0.1020, lr_0 = 4.7247e-04
Validation auc = 0.951615
Epoch 11
Loss = 3.5812e-02, PNorm = 53.0945, GNorm = 0.1554, lr_0 = 4.6792e-04
Loss = 5.6197e-02, PNorm = 53.1206, GNorm = 0.3107, lr_0 = 4.6341e-04
Loss = 4.9790e-02, PNorm = 53.1592, GNorm = 0.4454, lr_0 = 4.5895e-04
Loss = 4.4683e-02, PNorm = 53.1927, GNorm = 0.0818, lr_0 = 4.5453e-04
Loss = 4.5808e-02, PNorm = 53.2360, GNorm = 0.1636, lr_0 = 4.5015e-04
Loss = 5.0189e-02, PNorm = 53.2864, GNorm = 0.2659, lr_0 = 4.4582e-04
Loss = 5.7521e-02, PNorm = 53.3431, GNorm = 0.0718, lr_0 = 4.4153e-04
Loss = 3.1920e-02, PNorm = 53.3910, GNorm = 0.2383, lr_0 = 4.3728e-04
Validation auc = 0.938503
Epoch 12
Loss = 2.6246e-02, PNorm = 53.4277, GNorm = 0.0508, lr_0 = 4.3265e-04
Loss = 4.9015e-02, PNorm = 53.4572, GNorm = 0.5671, lr_0 = 4.2848e-04
Loss = 4.4808e-02, PNorm = 53.4930, GNorm = 0.1232, lr_0 = 4.2436e-04
Loss = 5.5666e-02, PNorm = 53.5367, GNorm = 0.1783, lr_0 = 4.2027e-04
Loss = 2.3272e-02, PNorm = 53.5868, GNorm = 0.0481, lr_0 = 4.1622e-04
Loss = 4.6535e-02, PNorm = 53.6023, GNorm = 0.2084, lr_0 = 4.1222e-04
Loss = 4.5731e-02, PNorm = 53.6401, GNorm = 0.0920, lr_0 = 4.0825e-04
Loss = 5.5165e-02, PNorm = 53.6723, GNorm = 0.0924, lr_0 = 4.0432e-04
Loss = 5.0782e-02, PNorm = 53.6923, GNorm = 0.2813, lr_0 = 4.0042e-04
Validation auc = 0.960157
Epoch 13
Loss = 3.6597e-02, PNorm = 53.7217, GNorm = 0.1090, lr_0 = 3.9657e-04
Loss = 5.2828e-02, PNorm = 53.7555, GNorm = 0.1348, lr_0 = 3.9275e-04
Loss = 4.3568e-02, PNorm = 53.8080, GNorm = 0.0921, lr_0 = 3.8897e-04
Loss = 1.5708e-02, PNorm = 53.8651, GNorm = 0.0384, lr_0 = 3.8522e-04
Loss = 6.8730e-02, PNorm = 53.8740, GNorm = 0.2356, lr_0 = 3.8152e-04
Loss = 4.0022e-02, PNorm = 53.9185, GNorm = 0.1912, lr_0 = 3.7784e-04
Loss = 5.5045e-02, PNorm = 53.9358, GNorm = 0.3099, lr_0 = 3.7420e-04
Loss = 4.9953e-02, PNorm = 53.9614, GNorm = 0.1833, lr_0 = 3.7060e-04
Validation auc = 0.949642
Epoch 14
Loss = 3.7619e-02, PNorm = 54.0038, GNorm = 0.2304, lr_0 = 3.6668e-04
Loss = 4.4226e-02, PNorm = 54.0296, GNorm = 0.1922, lr_0 = 3.6315e-04
Loss = 3.9180e-02, PNorm = 54.0717, GNorm = 0.2695, lr_0 = 3.5965e-04
Loss = 4.4466e-02, PNorm = 54.1105, GNorm = 0.4161, lr_0 = 3.5619e-04
Loss = 2.2045e-02, PNorm = 54.1350, GNorm = 0.1250, lr_0 = 3.5276e-04
Loss = 4.1380e-02, PNorm = 54.1663, GNorm = 0.2419, lr_0 = 3.4936e-04
Loss = 6.7281e-02, PNorm = 54.1742, GNorm = 0.2910, lr_0 = 3.4600e-04
Loss = 3.6778e-02, PNorm = 54.2137, GNorm = 0.2225, lr_0 = 3.4267e-04
Loss = 4.9940e-02, PNorm = 54.2485, GNorm = 0.1752, lr_0 = 3.3937e-04
Validation auc = 0.961173
Epoch 15
Loss = 4.2656e-02, PNorm = 54.2813, GNorm = 0.2813, lr_0 = 3.3610e-04
Loss = 3.2302e-02, PNorm = 54.3250, GNorm = 0.1923, lr_0 = 3.3287e-04
Loss = 3.2933e-02, PNorm = 54.3490, GNorm = 0.1778, lr_0 = 3.2966e-04
Loss = 4.0213e-02, PNorm = 54.3611, GNorm = 0.2402, lr_0 = 3.2649e-04
Loss = 4.0939e-02, PNorm = 54.3953, GNorm = 0.1420, lr_0 = 3.2334e-04
Loss = 2.6164e-02, PNorm = 54.4313, GNorm = 0.1736, lr_0 = 3.2023e-04
Loss = 3.8714e-02, PNorm = 54.4560, GNorm = 0.2134, lr_0 = 3.1715e-04
Loss = 4.8646e-02, PNorm = 54.4857, GNorm = 0.2221, lr_0 = 3.1409e-04
Loss = 3.9586e-02, PNorm = 54.5227, GNorm = 0.1322, lr_0 = 3.1107e-04
Validation auc = 0.964110
Epoch 16
Loss = 3.5878e-02, PNorm = 54.5545, GNorm = 0.2894, lr_0 = 3.0807e-04
Loss = 5.0121e-02, PNorm = 54.5671, GNorm = 0.1417, lr_0 = 3.0511e-04
Loss = 1.9629e-02, PNorm = 54.6003, GNorm = 0.1350, lr_0 = 3.0217e-04
Loss = 4.5171e-02, PNorm = 54.6096, GNorm = 0.3519, lr_0 = 2.9926e-04
Loss = 3.0509e-02, PNorm = 54.6374, GNorm = 0.0840, lr_0 = 2.9638e-04
Loss = 4.4996e-02, PNorm = 54.6704, GNorm = 0.2600, lr_0 = 2.9353e-04
Loss = 3.5713e-02, PNorm = 54.6983, GNorm = 0.1269, lr_0 = 2.9070e-04
Loss = 2.6587e-02, PNorm = 54.7250, GNorm = 0.1434, lr_0 = 2.8790e-04
Validation auc = 0.938214
Epoch 17
Loss = 2.0272e-02, PNorm = 54.7495, GNorm = 0.1350, lr_0 = 2.8485e-04
Loss = 4.0298e-02, PNorm = 54.7781, GNorm = 0.3171, lr_0 = 2.8211e-04
Loss = 3.1053e-02, PNorm = 54.8080, GNorm = 0.2539, lr_0 = 2.7939e-04
Loss = 3.9904e-02, PNorm = 54.8447, GNorm = 0.1624, lr_0 = 2.7670e-04
Loss = 2.3711e-02, PNorm = 54.8677, GNorm = 0.2522, lr_0 = 2.7404e-04
Loss = 4.4468e-02, PNorm = 54.8835, GNorm = 0.1984, lr_0 = 2.7140e-04
Loss = 5.2893e-02, PNorm = 54.9051, GNorm = 0.3167, lr_0 = 2.6879e-04
Loss = 2.4767e-02, PNorm = 54.9376, GNorm = 0.1602, lr_0 = 2.6620e-04
Loss = 2.4326e-02, PNorm = 54.9574, GNorm = 0.2073, lr_0 = 2.6364e-04
Validation auc = 0.957799
Epoch 18
Loss = 4.6689e-02, PNorm = 54.9667, GNorm = 0.3924, lr_0 = 2.6110e-04
Loss = 3.7585e-02, PNorm = 55.0032, GNorm = 0.2365, lr_0 = 2.5859e-04
Loss = 3.1961e-02, PNorm = 55.0267, GNorm = 0.2130, lr_0 = 2.5610e-04
Loss = 1.2036e-02, PNorm = 55.0507, GNorm = 0.0845, lr_0 = 2.5363e-04
Loss = 2.5824e-02, PNorm = 55.0683, GNorm = 0.5991, lr_0 = 2.5119e-04
Loss = 4.0068e-02, PNorm = 55.0844, GNorm = 0.1100, lr_0 = 2.4877e-04
Loss = 3.5116e-02, PNorm = 55.1077, GNorm = 0.2579, lr_0 = 2.4638e-04
Loss = 4.1057e-02, PNorm = 55.1269, GNorm = 0.0880, lr_0 = 2.4400e-04
Validation auc = 0.949842
Epoch 19
Loss = 3.1054e-02, PNorm = 55.1467, GNorm = 0.2382, lr_0 = 2.4165e-04
Loss = 3.2132e-02, PNorm = 55.1775, GNorm = 0.0823, lr_0 = 2.3933e-04
Loss = 2.3364e-02, PNorm = 55.2057, GNorm = 0.0497, lr_0 = 2.3702e-04
Loss = 4.0517e-02, PNorm = 55.2167, GNorm = 0.3270, lr_0 = 2.3474e-04
Loss = 3.2146e-02, PNorm = 55.2336, GNorm = 0.3364, lr_0 = 2.3248e-04
Loss = 3.2676e-02, PNorm = 55.2654, GNorm = 0.2315, lr_0 = 2.3024e-04
Loss = 4.0342e-02, PNorm = 55.2804, GNorm = 0.3467, lr_0 = 2.2803e-04
Loss = 2.2572e-02, PNorm = 55.3016, GNorm = 0.0703, lr_0 = 2.2583e-04
Loss = 3.1390e-02, PNorm = 55.3208, GNorm = 0.1319, lr_0 = 2.2366e-04
Validation auc = 0.953058
Epoch 20
Loss = 2.1366e-02, PNorm = 55.3363, GNorm = 0.2448, lr_0 = 2.2129e-04
Loss = 2.8522e-02, PNorm = 55.3471, GNorm = 0.0981, lr_0 = 2.1916e-04
Loss = 2.2736e-02, PNorm = 55.3701, GNorm = 0.2792, lr_0 = 2.1705e-04
Loss = 2.5067e-02, PNorm = 55.3958, GNorm = 0.2398, lr_0 = 2.1496e-04
Loss = 1.8473e-02, PNorm = 55.4065, GNorm = 0.0673, lr_0 = 2.1289e-04
Loss = 2.5175e-02, PNorm = 55.4276, GNorm = 0.0679, lr_0 = 2.1084e-04
Loss = 4.5327e-02, PNorm = 55.4413, GNorm = 0.2061, lr_0 = 2.0881e-04
Loss = 4.4760e-02, PNorm = 55.4513, GNorm = 0.4657, lr_0 = 2.0680e-04
Validation auc = 0.944852
Epoch 21
Loss = 3.2272e-02, PNorm = 55.4754, GNorm = 0.1521, lr_0 = 2.0481e-04
Loss = 3.1006e-02, PNorm = 55.4971, GNorm = 0.0614, lr_0 = 2.0283e-04
Loss = 2.7896e-02, PNorm = 55.5128, GNorm = 0.1729, lr_0 = 2.0088e-04
Loss = 1.6954e-02, PNorm = 55.5357, GNorm = 0.1421, lr_0 = 1.9895e-04
Loss = 2.9772e-02, PNorm = 55.5527, GNorm = 0.1332, lr_0 = 1.9703e-04
Loss = 2.4948e-02, PNorm = 55.5672, GNorm = 0.1831, lr_0 = 1.9514e-04
Loss = 3.7902e-02, PNorm = 55.5787, GNorm = 0.4187, lr_0 = 1.9326e-04
Loss = 2.8543e-02, PNorm = 55.5963, GNorm = 0.2088, lr_0 = 1.9140e-04
Loss = 2.6738e-02, PNorm = 55.6176, GNorm = 0.1461, lr_0 = 1.8955e-04
Validation auc = 0.955950
Epoch 22
Loss = 2.5594e-02, PNorm = 55.6246, GNorm = 0.0872, lr_0 = 1.8773e-04
Loss = 2.1581e-02, PNorm = 55.6409, GNorm = 0.1138, lr_0 = 1.8592e-04
Loss = 2.9536e-02, PNorm = 55.6545, GNorm = 0.1292, lr_0 = 1.8413e-04
Loss = 2.6364e-02, PNorm = 55.6664, GNorm = 0.0802, lr_0 = 1.8236e-04
Loss = 3.2772e-02, PNorm = 55.6834, GNorm = 0.4152, lr_0 = 1.8060e-04
Loss = 3.3892e-02, PNorm = 55.7111, GNorm = 0.1786, lr_0 = 1.7886e-04
Loss = 1.5897e-02, PNorm = 55.7212, GNorm = 0.1683, lr_0 = 1.7714e-04
Loss = 2.5506e-02, PNorm = 55.7337, GNorm = 0.0989, lr_0 = 1.7544e-04
Validation auc = 0.946144
Epoch 23
Loss = 5.3515e-02, PNorm = 55.7502, GNorm = 0.2712, lr_0 = 1.7358e-04
Loss = 2.2071e-02, PNorm = 55.7732, GNorm = 0.0889, lr_0 = 1.7191e-04
Loss = 2.6155e-02, PNorm = 55.7846, GNorm = 0.0534, lr_0 = 1.7025e-04
Loss = 1.6714e-02, PNorm = 55.7914, GNorm = 0.2462, lr_0 = 1.6861e-04
Loss = 2.7206e-02, PNorm = 55.8142, GNorm = 0.1731, lr_0 = 1.6699e-04
Loss = 1.9970e-02, PNorm = 55.8261, GNorm = 0.0178, lr_0 = 1.6538e-04
Loss = 3.0895e-02, PNorm = 55.8389, GNorm = 0.1234, lr_0 = 1.6379e-04
Loss = 3.3923e-02, PNorm = 55.8444, GNorm = 0.4414, lr_0 = 1.6221e-04
Loss = 2.8566e-02, PNorm = 55.8624, GNorm = 0.1442, lr_0 = 1.6065e-04
Validation auc = 0.946655
Epoch 24
Loss = 1.9359e-02, PNorm = 55.8776, GNorm = 0.3616, lr_0 = 1.5910e-04
Loss = 2.2354e-02, PNorm = 55.8951, GNorm = 0.0669, lr_0 = 1.5757e-04
Loss = 1.4814e-02, PNorm = 55.9079, GNorm = 0.2231, lr_0 = 1.5605e-04
Loss = 2.3491e-02, PNorm = 55.9158, GNorm = 0.2644, lr_0 = 1.5455e-04
Loss = 3.9025e-02, PNorm = 55.9182, GNorm = 0.3024, lr_0 = 1.5306e-04
Loss = 2.6688e-02, PNorm = 55.9256, GNorm = 0.4846, lr_0 = 1.5159e-04
Loss = 2.4676e-02, PNorm = 55.9474, GNorm = 0.1714, lr_0 = 1.5013e-04
Loss = 2.3845e-02, PNorm = 55.9603, GNorm = 0.0623, lr_0 = 1.4869e-04
Loss = 2.7145e-02, PNorm = 55.9652, GNorm = 0.1692, lr_0 = 1.4725e-04
Validation auc = 0.949766
Epoch 25
Loss = 1.7992e-02, PNorm = 55.9761, GNorm = 0.2470, lr_0 = 1.4584e-04
Loss = 2.1534e-02, PNorm = 55.9889, GNorm = 0.0882, lr_0 = 1.4443e-04
Loss = 1.7597e-02, PNorm = 56.0087, GNorm = 0.1857, lr_0 = 1.4304e-04
Loss = 2.5574e-02, PNorm = 56.0218, GNorm = 0.2937, lr_0 = 1.4166e-04
Loss = 1.5227e-02, PNorm = 56.0327, GNorm = 0.4654, lr_0 = 1.4030e-04
Loss = 1.6976e-02, PNorm = 56.0370, GNorm = 0.0962, lr_0 = 1.3895e-04
Loss = 2.3643e-02, PNorm = 56.0430, GNorm = 0.1256, lr_0 = 1.3761e-04
Loss = 3.3979e-02, PNorm = 56.0494, GNorm = 0.4264, lr_0 = 1.3629e-04
Validation auc = 0.924918
Epoch 26
Loss = 1.9081e-02, PNorm = 56.0626, GNorm = 0.1337, lr_0 = 1.3484e-04
Loss = 1.5585e-02, PNorm = 56.0745, GNorm = 0.3844, lr_0 = 1.3355e-04
Loss = 3.4553e-02, PNorm = 56.0855, GNorm = 0.1485, lr_0 = 1.3226e-04
Loss = 2.9539e-02, PNorm = 56.1044, GNorm = 0.1221, lr_0 = 1.3099e-04
Loss = 3.1117e-02, PNorm = 56.1160, GNorm = 0.1179, lr_0 = 1.2973e-04
Loss = 2.5062e-02, PNorm = 56.1232, GNorm = 0.4562, lr_0 = 1.2848e-04
Loss = 1.9177e-02, PNorm = 56.1332, GNorm = 0.2072, lr_0 = 1.2724e-04
Loss = 1.9289e-02, PNorm = 56.1438, GNorm = 0.1599, lr_0 = 1.2601e-04
Loss = 1.2998e-02, PNorm = 56.1542, GNorm = 0.1784, lr_0 = 1.2480e-04
Validation auc = 0.939485
Epoch 27
Loss = 9.3062e-03, PNorm = 56.1592, GNorm = 0.0736, lr_0 = 1.2360e-04
Loss = 2.1279e-02, PNorm = 56.1663, GNorm = 0.3964, lr_0 = 1.2241e-04
Loss = 1.9895e-02, PNorm = 56.1792, GNorm = 0.1584, lr_0 = 1.2123e-04
Loss = 2.0032e-02, PNorm = 56.1894, GNorm = 0.5649, lr_0 = 1.2006e-04
Loss = 2.5272e-02, PNorm = 56.1976, GNorm = 0.3814, lr_0 = 1.1891e-04
Loss = 1.6226e-02, PNorm = 56.2082, GNorm = 0.1268, lr_0 = 1.1776e-04
Loss = 2.0270e-02, PNorm = 56.2219, GNorm = 0.0947, lr_0 = 1.1663e-04
Loss = 2.6002e-02, PNorm = 56.2238, GNorm = 0.4887, lr_0 = 1.1551e-04
Validation auc = 0.949758
Epoch 28
Loss = 2.2789e-02, PNorm = 56.2324, GNorm = 0.1675, lr_0 = 1.1428e-04
Loss = 2.0078e-02, PNorm = 56.2462, GNorm = 0.4662, lr_0 = 1.1318e-04
Loss = 1.8624e-02, PNorm = 56.2513, GNorm = 0.1407, lr_0 = 1.1209e-04
Loss = 2.8910e-02, PNorm = 56.2530, GNorm = 0.1588, lr_0 = 1.1101e-04
Loss = 1.1352e-02, PNorm = 56.2684, GNorm = 0.0766, lr_0 = 1.0995e-04
Loss = 1.7025e-02, PNorm = 56.2787, GNorm = 0.0064, lr_0 = 1.0889e-04
Loss = 2.0746e-02, PNorm = 56.2810, GNorm = 0.1688, lr_0 = 1.0784e-04
Loss = 1.5059e-02, PNorm = 56.2900, GNorm = 0.2145, lr_0 = 1.0680e-04
Loss = 3.7793e-02, PNorm = 56.2875, GNorm = 0.2420, lr_0 = 1.0577e-04
Validation auc = 0.939035
Epoch 29
Loss = 1.8031e-02, PNorm = 56.2982, GNorm = 0.1905, lr_0 = 1.0475e-04
Loss = 1.1640e-02, PNorm = 56.3111, GNorm = 0.0582, lr_0 = 1.0374e-04
Loss = 2.1286e-02, PNorm = 56.3166, GNorm = 0.0343, lr_0 = 1.0275e-04
Loss = 2.1462e-02, PNorm = 56.3196, GNorm = 0.4317, lr_0 = 1.0176e-04
Loss = 2.1376e-02, PNorm = 56.3326, GNorm = 0.5080, lr_0 = 1.0078e-04
Loss = 2.3132e-02, PNorm = 56.3353, GNorm = 0.2683, lr_0 = 1.0000e-04
Loss = 1.9761e-02, PNorm = 56.3407, GNorm = 0.1020, lr_0 = 1.0000e-04
Loss = 2.7404e-02, PNorm = 56.3457, GNorm = 0.3355, lr_0 = 1.0000e-04
Validation auc = 0.951121
Model 0 best validation auc = 0.964110 on epoch 15
Loading pretrained parameter "encoder.encoder.0.cached_zero_vector".
Loading pretrained parameter "encoder.encoder.0.W_i.weight".
Loading pretrained parameter "encoder.encoder.0.W_h.weight".
Loading pretrained parameter "encoder.encoder.0.W_o.weight".
Loading pretrained parameter "encoder.encoder.0.W_o.bias".
Loading pretrained parameter "ffn.1.weight".
Loading pretrained parameter "ffn.1.bias".
Moving model to cuda
Model 0 test auc = 0.716325
Ensemble test auc = 0.716325
Fold 1
Splitting data with seed 1
Total scaffolds = 3,467 | train scaffolds = 2,658 | val scaffolds = 399 | test scaffolds = 410
Label averages per scaffold, in decreasing order of scaffold frequency,capped at 10 scaffolds and 20 labels:
Scaffold 0
Task 0: count = 381 | target average = 0.018373
Task 1: count = 381 | target average = 0.013123


Scaffold 1
Task 0: count = 305 | target average = 0.009836
Task 1: count = 305 | target average = 0.016393


Scaffold 2
Task 0: count = 36 | target average = 0.000000
Task 1: count = 36 | target average = 0.000000


Scaffold 3
Task 0: count = 29 | target average = 0.000000
Task 1: count = 29 | target average = 0.000000


Scaffold 4
Task 0: count = 26 | target average = 0.000000
Task 1: count = 26 | target average = 0.000000


Scaffold 5
Task 0: count = 23 | target average = 0.000000
Task 1: count = 23 | target average = 0.000000


Scaffold 6
Task 0: count = 22 | target average = 0.090909
Task 1: count = 22 | target average = 0.090909


Scaffold 7
Task 0: count = 20 | target average = 0.050000
Task 1: count = 20 | target average = 0.000000


Scaffold 8
Task 0: count = 20 | target average = 0.000000
Task 1: count = 20 | target average = 0.000000


Scaffold 9
Task 0: count = 20 | target average = 0.000000
Task 1: count = 20 | target average = 0.000000


Class sizes
hit_inh 0: 97.83%, 1: 2.17%
hit_kill 0: 98.64%, 1: 1.36%
Total size = 5,353 | train size = 4,282 | val size = 535 | test size = 536
Building model 0
MoleculeModel(
  (sigmoid): Sigmoid()
  (encoder): MPN(
    (encoder): ModuleList(
      (0): MPNEncoder(
        (dropout_layer): Dropout(p=0.25, inplace=False)
        (act_func): ReLU()
        (W_i): Linear(in_features=147, out_features=1000, bias=False)
        (W_h): Linear(in_features=1000, out_features=1000, bias=False)
        (W_o): Linear(in_features=1133, out_features=1000, bias=True)
      )
    )
  )
  (ffn): Sequential(
    (0): Dropout(p=0.25, inplace=False)
    (1): Linear(in_features=1200, out_features=2, bias=True)
  )
)
Number of parameters = 2,283,402
Moving model to cuda
Epoch 0
Loss = 2.8316e-01, PNorm = 48.2104, GNorm = 0.1035, lr_0 = 1.5824e-04
Loss = 1.2694e-01, PNorm = 48.2229, GNorm = 0.6627, lr_0 = 2.1118e-04
Loss = 8.1604e-02, PNorm = 48.2298, GNorm = 0.6190, lr_0 = 2.6412e-04
Loss = 8.3829e-02, PNorm = 48.2360, GNorm = 0.2632, lr_0 = 3.1706e-04
Loss = 8.8853e-02, PNorm = 48.2444, GNorm = 0.1309, lr_0 = 3.7000e-04
Loss = 1.1628e-01, PNorm = 48.2517, GNorm = 0.2667, lr_0 = 4.2294e-04
Loss = 1.1156e-01, PNorm = 48.2661, GNorm = 0.1885, lr_0 = 4.7588e-04
Loss = 1.0774e-01, PNorm = 48.2762, GNorm = 0.1569, lr_0 = 5.2882e-04
Validation auc = 0.583431
Epoch 1
Loss = 5.3985e-02, PNorm = 48.2996, GNorm = 0.2781, lr_0 = 5.8706e-04
Loss = 1.0189e-01, PNorm = 48.3173, GNorm = 0.1912, lr_0 = 6.4000e-04
Loss = 1.0827e-01, PNorm = 48.3451, GNorm = 0.2579, lr_0 = 6.9294e-04
Loss = 8.9271e-02, PNorm = 48.3815, GNorm = 0.1441, lr_0 = 7.4588e-04
Loss = 7.0681e-02, PNorm = 48.4109, GNorm = 0.2453, lr_0 = 7.9882e-04
Loss = 7.0145e-02, PNorm = 48.4374, GNorm = 0.1111, lr_0 = 8.5176e-04
Loss = 8.6678e-02, PNorm = 48.4669, GNorm = 0.2252, lr_0 = 9.0471e-04
Loss = 9.3296e-02, PNorm = 48.5052, GNorm = 0.1833, lr_0 = 9.5765e-04
Loss = 1.1926e-01, PNorm = 48.5584, GNorm = 0.2842, lr_0 = 9.9807e-04
Validation auc = 0.757707
Epoch 2
Loss = 8.4743e-02, PNorm = 48.6293, GNorm = 0.0839, lr_0 = 9.8846e-04
Loss = 1.0415e-01, PNorm = 48.6874, GNorm = 0.2188, lr_0 = 9.7894e-04
Loss = 8.9234e-02, PNorm = 48.7626, GNorm = 0.1676, lr_0 = 9.6952e-04
Loss = 8.9783e-02, PNorm = 48.8100, GNorm = 0.1521, lr_0 = 9.6018e-04
Loss = 5.4728e-02, PNorm = 48.8775, GNorm = 0.1139, lr_0 = 9.5094e-04
Loss = 7.1428e-02, PNorm = 48.9194, GNorm = 0.1234, lr_0 = 9.4178e-04
Loss = 9.4218e-02, PNorm = 48.9645, GNorm = 0.1532, lr_0 = 9.3271e-04
Loss = 8.3829e-02, PNorm = 49.0272, GNorm = 0.2690, lr_0 = 9.2373e-04
Validation auc = 0.827402
Epoch 3
Loss = 1.1775e-01, PNorm = 49.0902, GNorm = 0.2240, lr_0 = 9.1395e-04
Loss = 1.0127e-01, PNorm = 49.1705, GNorm = 0.2456, lr_0 = 9.0515e-04
Loss = 5.2271e-02, PNorm = 49.2409, GNorm = 0.1527, lr_0 = 8.9644e-04
Loss = 7.7152e-02, PNorm = 49.2904, GNorm = 0.3164, lr_0 = 8.8781e-04
Loss = 7.6408e-02, PNorm = 49.3365, GNorm = 0.1062, lr_0 = 8.7926e-04
Loss = 7.9694e-02, PNorm = 49.4187, GNorm = 0.1678, lr_0 = 8.7080e-04
Loss = 7.7856e-02, PNorm = 49.4930, GNorm = 0.1235, lr_0 = 8.6241e-04
Loss = 1.1164e-01, PNorm = 49.5345, GNorm = 0.1636, lr_0 = 8.5411e-04
Loss = 7.4401e-02, PNorm = 49.6331, GNorm = 0.1426, lr_0 = 8.4588e-04
Validation auc = 0.766221
Epoch 4
Loss = 4.8914e-02, PNorm = 49.7176, GNorm = 0.0842, lr_0 = 8.3774e-04
Loss = 7.7666e-02, PNorm = 49.7875, GNorm = 0.4517, lr_0 = 8.2967e-04
Loss = 1.0268e-01, PNorm = 49.8746, GNorm = 0.1222, lr_0 = 8.2169e-04
Loss = 7.4571e-02, PNorm = 49.9679, GNorm = 0.2072, lr_0 = 8.1377e-04
Loss = 9.9251e-02, PNorm = 50.0340, GNorm = 0.1961, lr_0 = 8.0594e-04
Loss = 6.4446e-02, PNorm = 50.1325, GNorm = 0.2706, lr_0 = 7.9818e-04
Loss = 9.4905e-02, PNorm = 50.1589, GNorm = 0.1293, lr_0 = 7.9050e-04
Loss = 9.3628e-02, PNorm = 50.2154, GNorm = 0.1860, lr_0 = 7.8288e-04
Validation auc = 0.856531
Epoch 5
Loss = 6.2934e-02, PNorm = 50.2900, GNorm = 0.1942, lr_0 = 7.7535e-04
Loss = 7.1739e-02, PNorm = 50.3249, GNorm = 0.1257, lr_0 = 7.6788e-04
Loss = 6.3069e-02, PNorm = 50.3942, GNorm = 0.1555, lr_0 = 7.6049e-04
Loss = 5.2608e-02, PNorm = 50.4564, GNorm = 0.2268, lr_0 = 7.5317e-04
Loss = 8.2497e-02, PNorm = 50.4754, GNorm = 0.1360, lr_0 = 7.4591e-04
Loss = 7.9362e-02, PNorm = 50.5537, GNorm = 0.3172, lr_0 = 7.3873e-04
Loss = 9.0154e-02, PNorm = 50.6229, GNorm = 0.3404, lr_0 = 7.3162e-04
Loss = 7.1050e-02, PNorm = 50.6883, GNorm = 0.1173, lr_0 = 7.2458e-04
Loss = 8.0775e-02, PNorm = 50.7211, GNorm = 0.1226, lr_0 = 7.1760e-04
Validation auc = 0.841820
Epoch 6
Loss = 8.3080e-02, PNorm = 50.7855, GNorm = 0.2062, lr_0 = 7.1000e-04
Loss = 9.3184e-02, PNorm = 50.8618, GNorm = 0.2675, lr_0 = 7.0317e-04
Loss = 5.1194e-02, PNorm = 50.9409, GNorm = 0.1574, lr_0 = 6.9640e-04
Loss = 4.9600e-02, PNorm = 51.0018, GNorm = 0.3400, lr_0 = 6.8969e-04
Loss = 5.8584e-02, PNorm = 51.0716, GNorm = 0.0728, lr_0 = 6.8305e-04
Loss = 6.9647e-02, PNorm = 51.1269, GNorm = 0.1197, lr_0 = 6.7648e-04
Loss = 7.0077e-02, PNorm = 51.1900, GNorm = 0.3343, lr_0 = 6.6996e-04
Loss = 1.0105e-01, PNorm = 51.2165, GNorm = 0.1508, lr_0 = 6.6351e-04
Validation auc = 0.774453
Epoch 7
Loss = 2.6119e-02, PNorm = 51.2772, GNorm = 0.1052, lr_0 = 6.5712e-04
Loss = 5.0397e-02, PNorm = 51.3512, GNorm = 0.1134, lr_0 = 6.5080e-04
Loss = 8.2673e-02, PNorm = 51.3942, GNorm = 0.5299, lr_0 = 6.4453e-04
Loss = 9.5122e-02, PNorm = 51.4500, GNorm = 0.1784, lr_0 = 6.3833e-04
Loss = 6.7226e-02, PNorm = 51.5116, GNorm = 0.1675, lr_0 = 6.3218e-04
Loss = 5.8227e-02, PNorm = 51.5776, GNorm = 0.6741, lr_0 = 6.2609e-04
Loss = 6.1048e-02, PNorm = 51.6416, GNorm = 0.1395, lr_0 = 6.2006e-04
Loss = 6.1890e-02, PNorm = 51.7075, GNorm = 0.3088, lr_0 = 6.1409e-04
Loss = 6.2293e-02, PNorm = 51.7379, GNorm = 0.2205, lr_0 = 6.0818e-04
Validation auc = 0.892667
Epoch 8
Loss = 3.6399e-02, PNorm = 51.7999, GNorm = 0.0591, lr_0 = 6.0233e-04
Loss = 6.5500e-02, PNorm = 51.8277, GNorm = 0.1875, lr_0 = 5.9653e-04
Loss = 6.1520e-02, PNorm = 51.8676, GNorm = 0.1202, lr_0 = 5.9078e-04
Loss = 5.9012e-02, PNorm = 51.9026, GNorm = 0.1124, lr_0 = 5.8510e-04
Loss = 4.6664e-02, PNorm = 51.9534, GNorm = 0.1216, lr_0 = 5.7946e-04
Loss = 6.1047e-02, PNorm = 51.9975, GNorm = 0.1966, lr_0 = 5.7388e-04
Loss = 5.4525e-02, PNorm = 52.0548, GNorm = 0.1802, lr_0 = 5.6836e-04
Loss = 6.6674e-02, PNorm = 52.1033, GNorm = 0.1335, lr_0 = 5.6289e-04
Loss = 9.1388e-02, PNorm = 52.1447, GNorm = 0.3306, lr_0 = 5.5747e-04
Loss = 1.1323e-02, PNorm = 52.1521, GNorm = 0.1187, lr_0 = 5.5693e-04
Validation auc = 0.793479
Epoch 9
Loss = 3.6264e-02, PNorm = 52.2243, GNorm = 0.1657, lr_0 = 5.5156e-04
Loss = 6.3595e-02, PNorm = 52.2778, GNorm = 0.1546, lr_0 = 5.4625e-04
Loss = 7.0217e-02, PNorm = 52.3312, GNorm = 0.1396, lr_0 = 5.4100e-04
Loss = 6.2235e-02, PNorm = 52.3864, GNorm = 0.4286, lr_0 = 5.3579e-04
Loss = 6.7101e-02, PNorm = 52.4021, GNorm = 0.1283, lr_0 = 5.3063e-04
Loss = 4.8671e-02, PNorm = 52.4526, GNorm = 0.1150, lr_0 = 5.2552e-04
Loss = 4.7553e-02, PNorm = 52.4987, GNorm = 0.1411, lr_0 = 5.2046e-04
Loss = 6.6541e-02, PNorm = 52.5485, GNorm = 0.1631, lr_0 = 5.1545e-04
Validation auc = 0.853465
Epoch 10
Loss = 3.1747e-02, PNorm = 52.6043, GNorm = 0.1479, lr_0 = 5.1049e-04
Loss = 3.8799e-02, PNorm = 52.6668, GNorm = 0.0853, lr_0 = 5.0557e-04
Loss = 3.5506e-02, PNorm = 52.7212, GNorm = 0.2191, lr_0 = 5.0070e-04
Loss = 6.5233e-02, PNorm = 52.7545, GNorm = 0.2753, lr_0 = 4.9588e-04
Loss = 7.0128e-02, PNorm = 52.7800, GNorm = 0.4343, lr_0 = 4.9111e-04
Loss = 7.5151e-02, PNorm = 52.8234, GNorm = 0.3562, lr_0 = 4.8638e-04
Loss = 4.9386e-02, PNorm = 52.8795, GNorm = 0.1906, lr_0 = 4.8170e-04
Loss = 6.0378e-02, PNorm = 52.9110, GNorm = 0.1821, lr_0 = 4.7706e-04
Loss = 6.2613e-02, PNorm = 52.9464, GNorm = 0.1473, lr_0 = 4.7247e-04
Validation auc = 0.826489
Epoch 11
Loss = 4.1725e-02, PNorm = 52.9789, GNorm = 0.0430, lr_0 = 4.6792e-04
Loss = 2.1585e-02, PNorm = 53.0163, GNorm = 0.2979, lr_0 = 4.6341e-04
Loss = 4.4573e-02, PNorm = 53.0380, GNorm = 0.1404, lr_0 = 4.5895e-04
Loss = 6.9766e-02, PNorm = 53.0709, GNorm = 0.1259, lr_0 = 4.5453e-04
Loss = 5.4045e-02, PNorm = 53.1204, GNorm = 0.1060, lr_0 = 4.5015e-04
Loss = 3.6787e-02, PNorm = 53.1616, GNorm = 0.0657, lr_0 = 4.4582e-04
Loss = 7.6219e-02, PNorm = 53.1984, GNorm = 0.3757, lr_0 = 4.4153e-04
Loss = 3.8293e-02, PNorm = 53.2603, GNorm = 0.2645, lr_0 = 4.3728e-04
Validation auc = 0.840367
Epoch 12
Loss = 3.1745e-02, PNorm = 53.3028, GNorm = 0.3121, lr_0 = 4.3265e-04
Loss = 3.4324e-02, PNorm = 53.3836, GNorm = 0.1910, lr_0 = 4.2848e-04
Loss = 4.7639e-02, PNorm = 53.4234, GNorm = 0.3369, lr_0 = 4.2436e-04
Loss = 2.6259e-02, PNorm = 53.4556, GNorm = 0.1144, lr_0 = 4.2027e-04
Loss = 5.6728e-02, PNorm = 53.4889, GNorm = 0.4100, lr_0 = 4.1622e-04
Loss = 5.2786e-02, PNorm = 53.5241, GNorm = 0.1890, lr_0 = 4.1222e-04
Loss = 8.6251e-02, PNorm = 53.5585, GNorm = 0.4911, lr_0 = 4.0825e-04
Loss = 5.0245e-02, PNorm = 53.6206, GNorm = 0.3693, lr_0 = 4.0432e-04
Loss = 5.5955e-02, PNorm = 53.6474, GNorm = 0.4124, lr_0 = 4.0042e-04
Validation auc = 0.797732
Epoch 13
Loss = 4.4689e-02, PNorm = 53.6783, GNorm = 0.2924, lr_0 = 3.9657e-04
Loss = 3.0759e-02, PNorm = 53.7261, GNorm = 0.0411, lr_0 = 3.9275e-04
Loss = 4.7880e-02, PNorm = 53.7540, GNorm = 0.1906, lr_0 = 3.8897e-04
Loss = 4.1954e-02, PNorm = 53.7851, GNorm = 0.2564, lr_0 = 3.8522e-04
Loss = 4.2893e-02, PNorm = 53.8137, GNorm = 0.1545, lr_0 = 3.8152e-04
Loss = 4.1046e-02, PNorm = 53.8420, GNorm = 0.2081, lr_0 = 3.7784e-04
Loss = 6.4161e-02, PNorm = 53.8617, GNorm = 0.2798, lr_0 = 3.7420e-04
Loss = 5.1690e-02, PNorm = 53.8950, GNorm = 0.2721, lr_0 = 3.7060e-04
Validation auc = 0.836936
Epoch 14
Loss = 3.2786e-02, PNorm = 53.9352, GNorm = 0.1500, lr_0 = 3.6668e-04
Loss = 3.3737e-02, PNorm = 53.9820, GNorm = 0.1706, lr_0 = 3.6315e-04
Loss = 7.1745e-02, PNorm = 54.0176, GNorm = 0.2356, lr_0 = 3.5965e-04
Loss = 3.2631e-02, PNorm = 54.0827, GNorm = 0.2156, lr_0 = 3.5619e-04
Loss = 3.6058e-02, PNorm = 54.1202, GNorm = 0.1633, lr_0 = 3.5276e-04
Loss = 3.3963e-02, PNorm = 54.1628, GNorm = 0.1680, lr_0 = 3.4936e-04
Loss = 6.6087e-02, PNorm = 54.1886, GNorm = 0.2628, lr_0 = 3.4600e-04
Loss = 5.2224e-02, PNorm = 54.2278, GNorm = 0.2401, lr_0 = 3.4267e-04
Loss = 2.9391e-02, PNorm = 54.2642, GNorm = 0.1641, lr_0 = 3.3937e-04
Validation auc = 0.869162
Epoch 15
Loss = 6.2015e-02, PNorm = 54.2851, GNorm = 0.1261, lr_0 = 3.3610e-04
Loss = 2.6388e-02, PNorm = 54.3185, GNorm = 0.0809, lr_0 = 3.3287e-04
Loss = 4.8522e-02, PNorm = 54.3349, GNorm = 0.2081, lr_0 = 3.2966e-04
Loss = 4.0315e-02, PNorm = 54.3532, GNorm = 0.1429, lr_0 = 3.2649e-04
Loss = 2.8526e-02, PNorm = 54.3893, GNorm = 0.2492, lr_0 = 3.2334e-04
Loss = 3.7541e-02, PNorm = 54.4155, GNorm = 0.1374, lr_0 = 3.2023e-04
Loss = 4.2538e-02, PNorm = 54.4362, GNorm = 0.2625, lr_0 = 3.1715e-04
Loss = 3.9303e-02, PNorm = 54.4811, GNorm = 0.1281, lr_0 = 3.1409e-04
Loss = 4.5497e-02, PNorm = 54.5252, GNorm = 0.1012, lr_0 = 3.1107e-04
Validation auc = 0.862323
Epoch 16
Loss = 4.3803e-02, PNorm = 54.5548, GNorm = 0.1865, lr_0 = 3.0807e-04
Loss = 2.9608e-02, PNorm = 54.5878, GNorm = 0.0983, lr_0 = 3.0511e-04
Loss = 5.0279e-02, PNorm = 54.6022, GNorm = 0.1456, lr_0 = 3.0217e-04
Loss = 3.9160e-02, PNorm = 54.6350, GNorm = 0.1685, lr_0 = 2.9926e-04
Loss = 4.5863e-02, PNorm = 54.6605, GNorm = 0.1250, lr_0 = 2.9638e-04
Loss = 5.2733e-02, PNorm = 54.7009, GNorm = 0.1213, lr_0 = 2.9353e-04
Loss = 3.2498e-02, PNorm = 54.7415, GNorm = 0.4867, lr_0 = 2.9070e-04
Loss = 1.8456e-02, PNorm = 54.7708, GNorm = 0.2763, lr_0 = 2.8790e-04
Validation auc = 0.844248
Epoch 17
Loss = 2.9677e-02, PNorm = 54.8025, GNorm = 0.0516, lr_0 = 2.8485e-04
Loss = 4.4217e-02, PNorm = 54.8231, GNorm = 0.3562, lr_0 = 2.8211e-04
Loss = 4.2911e-02, PNorm = 54.8510, GNorm = 0.1447, lr_0 = 2.7939e-04
Loss = 3.9762e-02, PNorm = 54.8755, GNorm = 0.1758, lr_0 = 2.7670e-04
Loss = 2.1602e-02, PNorm = 54.9065, GNorm = 0.1511, lr_0 = 2.7404e-04
Loss = 2.8332e-02, PNorm = 54.9244, GNorm = 0.2388, lr_0 = 2.7140e-04
Loss = 3.9110e-02, PNorm = 54.9448, GNorm = 0.3415, lr_0 = 2.6879e-04
Loss = 3.4097e-02, PNorm = 54.9746, GNorm = 0.2059, lr_0 = 2.6620e-04
Loss = 4.7520e-02, PNorm = 54.9971, GNorm = 0.3463, lr_0 = 2.6364e-04
Validation auc = 0.851169
Epoch 18
Loss = 2.5522e-02, PNorm = 55.0230, GNorm = 0.0609, lr_0 = 2.6110e-04
Loss = 3.4863e-02, PNorm = 55.0419, GNorm = 0.2825, lr_0 = 2.5859e-04
Loss = 5.2645e-02, PNorm = 55.0639, GNorm = 0.2659, lr_0 = 2.5610e-04
Loss = 2.8363e-02, PNorm = 55.1007, GNorm = 0.3938, lr_0 = 2.5363e-04
Loss = 4.7835e-02, PNorm = 55.1106, GNorm = 0.2990, lr_0 = 2.5119e-04
Loss = 2.8295e-02, PNorm = 55.1495, GNorm = 0.0394, lr_0 = 2.4877e-04
Loss = 3.2896e-02, PNorm = 55.1680, GNorm = 0.1044, lr_0 = 2.4638e-04
Loss = 2.2488e-02, PNorm = 55.1886, GNorm = 0.3931, lr_0 = 2.4400e-04
Validation auc = 0.831976
Epoch 19
Loss = 3.0711e-02, PNorm = 55.2088, GNorm = 0.2045, lr_0 = 2.4165e-04
Loss = 3.2461e-02, PNorm = 55.2256, GNorm = 0.1726, lr_0 = 2.3933e-04
Loss = 3.0587e-02, PNorm = 55.2412, GNorm = 0.1299, lr_0 = 2.3702e-04
Loss = 2.4122e-02, PNorm = 55.2663, GNorm = 0.2542, lr_0 = 2.3474e-04
Loss = 2.2557e-02, PNorm = 55.2893, GNorm = 0.2909, lr_0 = 2.3248e-04
Loss = 4.7535e-02, PNorm = 55.3026, GNorm = 0.1536, lr_0 = 2.3024e-04
Loss = 4.0890e-02, PNorm = 55.3346, GNorm = 0.4454, lr_0 = 2.2803e-04
Loss = 2.6848e-02, PNorm = 55.3636, GNorm = 0.2915, lr_0 = 2.2583e-04
Loss = 3.0306e-02, PNorm = 55.3693, GNorm = 0.1423, lr_0 = 2.2366e-04
Validation auc = 0.828149
Epoch 20
Loss = 2.0920e-02, PNorm = 55.3913, GNorm = 0.1573, lr_0 = 2.2129e-04
Loss = 2.8977e-02, PNorm = 55.4068, GNorm = 0.0744, lr_0 = 2.1916e-04
Loss = 3.4116e-02, PNorm = 55.4220, GNorm = 0.2369, lr_0 = 2.1705e-04
Loss = 1.8740e-02, PNorm = 55.4425, GNorm = 0.1725, lr_0 = 2.1496e-04
Loss = 3.6056e-02, PNorm = 55.4567, GNorm = 0.1695, lr_0 = 2.1289e-04
Loss = 2.8456e-02, PNorm = 55.4722, GNorm = 0.1976, lr_0 = 2.1084e-04
Loss = 2.1846e-02, PNorm = 55.4984, GNorm = 0.2181, lr_0 = 2.0881e-04
Loss = 3.2375e-02, PNorm = 55.5176, GNorm = 0.4840, lr_0 = 2.0680e-04
Validation auc = 0.848549
Epoch 21
Loss = 4.4922e-02, PNorm = 55.5242, GNorm = 0.5039, lr_0 = 2.0481e-04
Loss = 2.4937e-02, PNorm = 55.5620, GNorm = 0.1685, lr_0 = 2.0283e-04
Loss = 2.2324e-02, PNorm = 55.5747, GNorm = 0.0561, lr_0 = 2.0088e-04
Loss = 3.8291e-02, PNorm = 55.5768, GNorm = 0.2319, lr_0 = 1.9895e-04
Loss = 2.9159e-02, PNorm = 55.5965, GNorm = 0.0897, lr_0 = 1.9703e-04
Loss = 3.4505e-02, PNorm = 55.6150, GNorm = 0.1324, lr_0 = 1.9514e-04
Loss = 3.2171e-02, PNorm = 55.6339, GNorm = 0.2017, lr_0 = 1.9326e-04
Loss = 2.2622e-02, PNorm = 55.6479, GNorm = 0.1661, lr_0 = 1.9140e-04
Loss = 2.5371e-02, PNorm = 55.6665, GNorm = 0.4686, lr_0 = 1.8955e-04
Validation auc = 0.852738
Epoch 22
Loss = 1.3227e-02, PNorm = 55.6860, GNorm = 0.2741, lr_0 = 1.8773e-04
Loss = 4.1807e-02, PNorm = 55.6902, GNorm = 0.2655, lr_0 = 1.8592e-04
Loss = 1.7217e-02, PNorm = 55.7170, GNorm = 0.1464, lr_0 = 1.8413e-04
Loss = 2.2860e-02, PNorm = 55.7359, GNorm = 0.0540, lr_0 = 1.8236e-04
Loss = 3.4328e-02, PNorm = 55.7368, GNorm = 0.1087, lr_0 = 1.8060e-04
Loss = 2.3996e-02, PNorm = 55.7566, GNorm = 0.1603, lr_0 = 1.7886e-04
Loss = 3.8658e-02, PNorm = 55.7786, GNorm = 0.4014, lr_0 = 1.7714e-04
Loss = 3.3528e-02, PNorm = 55.7856, GNorm = 0.2326, lr_0 = 1.7544e-04
Validation auc = 0.833544
Epoch 23
Loss = 3.9247e-02, PNorm = 55.8102, GNorm = 0.2643, lr_0 = 1.7358e-04
Loss = 2.0972e-02, PNorm = 55.8292, GNorm = 0.3567, lr_0 = 1.7191e-04
Loss = 3.7494e-02, PNorm = 55.8306, GNorm = 0.1572, lr_0 = 1.7025e-04
Loss = 1.6992e-02, PNorm = 55.8519, GNorm = 0.0949, lr_0 = 1.6861e-04
Loss = 1.7903e-02, PNorm = 55.8640, GNorm = 0.0498, lr_0 = 1.6699e-04
Loss = 1.7405e-02, PNorm = 55.8771, GNorm = 0.3062, lr_0 = 1.6538e-04
Loss = 1.8161e-02, PNorm = 55.8900, GNorm = 0.2426, lr_0 = 1.6379e-04
Loss = 2.4832e-02, PNorm = 55.8974, GNorm = 0.2155, lr_0 = 1.6221e-04
Loss = 3.9250e-02, PNorm = 55.9095, GNorm = 0.2353, lr_0 = 1.6065e-04
Validation auc = 0.841840
Epoch 24
Loss = 3.8899e-02, PNorm = 55.9153, GNorm = 0.2455, lr_0 = 1.5910e-04
Loss = 2.2121e-02, PNorm = 55.9378, GNorm = 0.0918, lr_0 = 1.5757e-04
Loss = 3.4899e-02, PNorm = 55.9485, GNorm = 0.3242, lr_0 = 1.5605e-04
Loss = 1.9320e-02, PNorm = 55.9597, GNorm = 0.1484, lr_0 = 1.5455e-04
Loss = 2.6924e-02, PNorm = 55.9671, GNorm = 0.0998, lr_0 = 1.5306e-04
Loss = 1.6157e-02, PNorm = 55.9799, GNorm = 0.0803, lr_0 = 1.5159e-04
Loss = 2.7455e-02, PNorm = 55.9924, GNorm = 0.3194, lr_0 = 1.5013e-04
Loss = 2.7354e-02, PNorm = 55.9998, GNorm = 0.0885, lr_0 = 1.4869e-04
Loss = 1.6775e-02, PNorm = 56.0167, GNorm = 0.0194, lr_0 = 1.4725e-04
Validation auc = 0.834535
Epoch 25
Loss = 3.0385e-02, PNorm = 56.0266, GNorm = 0.2427, lr_0 = 1.4584e-04
Loss = 1.4085e-02, PNorm = 56.0421, GNorm = 0.2063, lr_0 = 1.4443e-04
Loss = 2.3731e-02, PNorm = 56.0536, GNorm = 0.4418, lr_0 = 1.4304e-04
Loss = 3.0361e-02, PNorm = 56.0577, GNorm = 0.3413, lr_0 = 1.4166e-04
Loss = 1.8852e-02, PNorm = 56.0770, GNorm = 0.2443, lr_0 = 1.4030e-04
Loss = 2.3619e-02, PNorm = 56.0867, GNorm = 0.1357, lr_0 = 1.3895e-04
Loss = 1.9154e-02, PNorm = 56.1004, GNorm = 0.0489, lr_0 = 1.3761e-04
Loss = 2.3889e-02, PNorm = 56.1049, GNorm = 0.4304, lr_0 = 1.3629e-04
Validation auc = 0.846083
Epoch 26
Loss = 2.2283e-02, PNorm = 56.1108, GNorm = 0.2703, lr_0 = 1.3484e-04
Loss = 1.8678e-02, PNorm = 56.1302, GNorm = 0.3570, lr_0 = 1.3355e-04
Loss = 1.0393e-02, PNorm = 56.1436, GNorm = 0.0565, lr_0 = 1.3226e-04
Loss = 1.8778e-02, PNorm = 56.1519, GNorm = 0.0240, lr_0 = 1.3099e-04
Loss = 3.7680e-02, PNorm = 56.1488, GNorm = 0.3634, lr_0 = 1.2973e-04
Loss = 1.7997e-02, PNorm = 56.1691, GNorm = 0.0771, lr_0 = 1.2848e-04
Loss = 2.2578e-02, PNorm = 56.1778, GNorm = 0.0334, lr_0 = 1.2724e-04
Loss = 3.7731e-02, PNorm = 56.1799, GNorm = 0.1278, lr_0 = 1.2601e-04
Loss = 1.2125e-02, PNorm = 56.1884, GNorm = 0.3175, lr_0 = 1.2480e-04
Validation auc = 0.850984
Epoch 27
Loss = 1.8322e-02, PNorm = 56.1956, GNorm = 0.0910, lr_0 = 1.2360e-04
Loss = 1.0459e-02, PNorm = 56.2070, GNorm = 0.0786, lr_0 = 1.2241e-04
Loss = 1.3955e-02, PNorm = 56.2205, GNorm = 0.4049, lr_0 = 1.2123e-04
Loss = 9.9065e-03, PNorm = 56.2298, GNorm = 0.0524, lr_0 = 1.2006e-04
Loss = 1.3833e-02, PNorm = 56.2360, GNorm = 0.0763, lr_0 = 1.1891e-04
Loss = 3.4330e-02, PNorm = 56.2422, GNorm = 0.5272, lr_0 = 1.1776e-04
Loss = 2.2242e-02, PNorm = 56.2509, GNorm = 0.4880, lr_0 = 1.1663e-04
Loss = 2.1985e-02, PNorm = 56.2650, GNorm = 0.4613, lr_0 = 1.1551e-04
Validation auc = 0.848307
Epoch 28
Loss = 3.6023e-02, PNorm = 56.2614, GNorm = 0.4962, lr_0 = 1.1428e-04
Loss = 1.2223e-02, PNorm = 56.2753, GNorm = 0.0902, lr_0 = 1.1318e-04
Loss = 2.6297e-02, PNorm = 56.2871, GNorm = 0.3419, lr_0 = 1.1209e-04
Loss = 1.9660e-02, PNorm = 56.2960, GNorm = 0.4193, lr_0 = 1.1101e-04
Loss = 1.5162e-02, PNorm = 56.3021, GNorm = 0.1087, lr_0 = 1.0995e-04
Loss = 1.9798e-02, PNorm = 56.3115, GNorm = 0.3175, lr_0 = 1.0889e-04
Loss = 2.5621e-02, PNorm = 56.3184, GNorm = 0.2882, lr_0 = 1.0784e-04
Loss = 2.3351e-02, PNorm = 56.3257, GNorm = 0.1093, lr_0 = 1.0680e-04
Loss = 1.6110e-02, PNorm = 56.3391, GNorm = 0.1704, lr_0 = 1.0577e-04
Validation auc = 0.847459
Epoch 29
Loss = 2.2241e-02, PNorm = 56.3487, GNorm = 0.4320, lr_0 = 1.0475e-04
Loss = 1.8312e-02, PNorm = 56.3540, GNorm = 0.4411, lr_0 = 1.0374e-04
Loss = 2.4430e-02, PNorm = 56.3574, GNorm = 0.2989, lr_0 = 1.0275e-04
Loss = 9.8919e-03, PNorm = 56.3670, GNorm = 0.3535, lr_0 = 1.0176e-04
Loss = 1.1806e-02, PNorm = 56.3766, GNorm = 0.0232, lr_0 = 1.0078e-04
Loss = 2.4491e-02, PNorm = 56.3768, GNorm = 0.2567, lr_0 = 1.0000e-04
Loss = 2.3623e-02, PNorm = 56.3875, GNorm = 0.2491, lr_0 = 1.0000e-04
Loss = 1.4756e-02, PNorm = 56.3934, GNorm = 0.0941, lr_0 = 1.0000e-04
Validation auc = 0.834417
Model 0 best validation auc = 0.892667 on epoch 7
Loading pretrained parameter "encoder.encoder.0.cached_zero_vector".
Loading pretrained parameter "encoder.encoder.0.W_i.weight".
Loading pretrained parameter "encoder.encoder.0.W_h.weight".
Loading pretrained parameter "encoder.encoder.0.W_o.weight".
Loading pretrained parameter "encoder.encoder.0.W_o.bias".
Loading pretrained parameter "ffn.1.weight".
Loading pretrained parameter "ffn.1.bias".
Moving model to cuda
Model 0 test auc = 0.864285
Ensemble test auc = 0.864285
Fold 2
Splitting data with seed 2
Total scaffolds = 3,467 | train scaffolds = 2,630 | val scaffolds = 419 | test scaffolds = 418
Label averages per scaffold, in decreasing order of scaffold frequency,capped at 10 scaffolds and 20 labels:
Scaffold 0
Task 0: count = 381 | target average = 0.018373
Task 1: count = 381 | target average = 0.013123


Scaffold 1
Task 0: count = 305 | target average = 0.009836
Task 1: count = 305 | target average = 0.016393


Scaffold 2
Task 0: count = 36 | target average = 0.000000
Task 1: count = 36 | target average = 0.000000


Scaffold 3
Task 0: count = 29 | target average = 0.000000
Task 1: count = 29 | target average = 0.000000


Scaffold 4
Task 0: count = 26 | target average = 0.000000
Task 1: count = 26 | target average = 0.000000


Scaffold 5
Task 0: count = 23 | target average = 0.000000
Task 1: count = 23 | target average = 0.000000


Scaffold 6
Task 0: count = 22 | target average = 0.090909
Task 1: count = 22 | target average = 0.090909


Scaffold 7
Task 0: count = 20 | target average = 0.000000
Task 1: count = 20 | target average = 0.000000


Scaffold 8
Task 0: count = 20 | target average = 0.000000
Task 1: count = 20 | target average = 0.000000


Scaffold 9
Task 0: count = 20 | target average = 0.050000
Task 1: count = 20 | target average = 0.000000


Class sizes
hit_inh 0: 97.83%, 1: 2.17%
hit_kill 0: 98.64%, 1: 1.36%
Total size = 5,353 | train size = 4,282 | val size = 535 | test size = 536
Building model 0
MoleculeModel(
  (sigmoid): Sigmoid()
  (encoder): MPN(
    (encoder): ModuleList(
      (0): MPNEncoder(
        (dropout_layer): Dropout(p=0.25, inplace=False)
        (act_func): ReLU()
        (W_i): Linear(in_features=147, out_features=1000, bias=False)
        (W_h): Linear(in_features=1000, out_features=1000, bias=False)
        (W_o): Linear(in_features=1133, out_features=1000, bias=True)
      )
    )
  )
  (ffn): Sequential(
    (0): Dropout(p=0.25, inplace=False)
    (1): Linear(in_features=1200, out_features=2, bias=True)
  )
)
Number of parameters = 2,283,402
Moving model to cuda
Epoch 0
Loss = 2.6859e-01, PNorm = 48.2107, GNorm = 0.1805, lr_0 = 1.5824e-04
Loss = 8.4773e-02, PNorm = 48.2253, GNorm = 0.3565, lr_0 = 2.1118e-04
Loss = 1.3058e-01, PNorm = 48.2303, GNorm = 0.3870, lr_0 = 2.6412e-04
Loss = 9.9555e-02, PNorm = 48.2365, GNorm = 0.1674, lr_0 = 3.1706e-04
Loss = 8.7210e-02, PNorm = 48.2469, GNorm = 0.1899, lr_0 = 3.7000e-04
Loss = 1.0783e-01, PNorm = 48.2548, GNorm = 0.2487, lr_0 = 4.2294e-04
Loss = 9.7938e-02, PNorm = 48.2685, GNorm = 0.4080, lr_0 = 4.7588e-04
Loss = 7.9711e-02, PNorm = 48.2777, GNorm = 0.1889, lr_0 = 5.2882e-04
Validation auc = 0.742880
Epoch 1
Loss = 6.7055e-02, PNorm = 48.2940, GNorm = 0.2427, lr_0 = 5.8706e-04
Loss = 7.9659e-02, PNorm = 48.3099, GNorm = 0.5273, lr_0 = 6.4000e-04
Loss = 4.9985e-02, PNorm = 48.3350, GNorm = 0.2664, lr_0 = 6.9294e-04
Loss = 1.3048e-01, PNorm = 48.3510, GNorm = 0.3835, lr_0 = 7.4588e-04
Loss = 8.4645e-02, PNorm = 48.3952, GNorm = 0.3611, lr_0 = 7.9882e-04
Loss = 9.7337e-02, PNorm = 48.4221, GNorm = 0.2388, lr_0 = 8.5176e-04
Loss = 1.0984e-01, PNorm = 48.4579, GNorm = 0.1407, lr_0 = 9.0471e-04
Loss = 1.2121e-01, PNorm = 48.4940, GNorm = 0.2229, lr_0 = 9.5765e-04
Loss = 6.3975e-02, PNorm = 48.5507, GNorm = 0.1236, lr_0 = 9.9807e-04
Validation auc = 0.915320
Epoch 2
Loss = 8.8894e-02, PNorm = 48.5962, GNorm = 0.3064, lr_0 = 9.8846e-04
Loss = 8.0127e-02, PNorm = 48.6516, GNorm = 0.3336, lr_0 = 9.7894e-04
Loss = 1.0485e-01, PNorm = 48.6883, GNorm = 0.1212, lr_0 = 9.6952e-04
Loss = 8.5764e-02, PNorm = 48.7329, GNorm = 0.3645, lr_0 = 9.6018e-04
Loss = 1.1405e-01, PNorm = 48.7665, GNorm = 0.1899, lr_0 = 9.5094e-04
Loss = 7.0753e-02, PNorm = 48.8324, GNorm = 0.1444, lr_0 = 9.4178e-04
Loss = 5.5560e-02, PNorm = 48.8615, GNorm = 0.1267, lr_0 = 9.3271e-04
Loss = 7.5160e-02, PNorm = 48.8923, GNorm = 0.1186, lr_0 = 9.2373e-04
Validation auc = 0.885284
Epoch 3
Loss = 8.2228e-02, PNorm = 48.9319, GNorm = 0.1505, lr_0 = 9.1395e-04
Loss = 1.0155e-01, PNorm = 48.9730, GNorm = 0.2243, lr_0 = 9.0515e-04
Loss = 8.9991e-02, PNorm = 49.0371, GNorm = 0.2967, lr_0 = 8.9644e-04
Loss = 3.5235e-02, PNorm = 49.0895, GNorm = 0.0893, lr_0 = 8.8781e-04
Loss = 9.0470e-02, PNorm = 49.1078, GNorm = 0.2813, lr_0 = 8.7926e-04
Loss = 7.7666e-02, PNorm = 49.1608, GNorm = 0.0911, lr_0 = 8.7080e-04
Loss = 1.0429e-01, PNorm = 49.2225, GNorm = 0.2219, lr_0 = 8.6241e-04
Loss = 8.1890e-02, PNorm = 49.3145, GNorm = 0.1049, lr_0 = 8.5411e-04
Loss = 7.6084e-02, PNorm = 49.3612, GNorm = 0.2167, lr_0 = 8.4588e-04
Validation auc = 0.898504
Epoch 4
Loss = 4.6501e-02, PNorm = 49.4408, GNorm = 0.1164, lr_0 = 8.3774e-04
Loss = 6.2093e-02, PNorm = 49.5007, GNorm = 0.1507, lr_0 = 8.2967e-04
Loss = 7.3094e-02, PNorm = 49.5569, GNorm = 0.2009, lr_0 = 8.2169e-04
Loss = 9.7133e-02, PNorm = 49.6277, GNorm = 0.1620, lr_0 = 8.1377e-04
Loss = 9.8687e-02, PNorm = 49.7117, GNorm = 0.2277, lr_0 = 8.0594e-04
Loss = 6.3765e-02, PNorm = 49.8165, GNorm = 0.2308, lr_0 = 7.9818e-04
Loss = 9.8712e-02, PNorm = 49.8603, GNorm = 0.2491, lr_0 = 7.9050e-04
Loss = 5.9121e-02, PNorm = 49.9632, GNorm = 0.1651, lr_0 = 7.8288e-04
Validation auc = 0.860640
Epoch 5
Loss = 9.2160e-02, PNorm = 50.0534, GNorm = 0.1463, lr_0 = 7.7535e-04
Loss = 9.1594e-02, PNorm = 50.1765, GNorm = 0.1583, lr_0 = 7.6788e-04
Loss = 7.6793e-02, PNorm = 50.2669, GNorm = 0.2403, lr_0 = 7.6049e-04
Loss = 7.6932e-02, PNorm = 50.3832, GNorm = 0.1142, lr_0 = 7.5317e-04
Loss = 5.5320e-02, PNorm = 50.4703, GNorm = 0.1561, lr_0 = 7.4591e-04
Loss = 6.7857e-02, PNorm = 50.5422, GNorm = 0.2292, lr_0 = 7.3873e-04
Loss = 9.2162e-02, PNorm = 50.6132, GNorm = 0.1589, lr_0 = 7.3162e-04
Loss = 6.4242e-02, PNorm = 50.7028, GNorm = 0.1100, lr_0 = 7.2458e-04
Loss = 6.7364e-02, PNorm = 50.7467, GNorm = 0.1519, lr_0 = 7.1760e-04
Validation auc = 0.849936
Epoch 6
Loss = 4.5953e-02, PNorm = 50.8159, GNorm = 0.1234, lr_0 = 7.1000e-04
Loss = 8.5333e-02, PNorm = 50.8605, GNorm = 0.2458, lr_0 = 7.0317e-04
Loss = 8.3297e-02, PNorm = 50.9335, GNorm = 0.2141, lr_0 = 6.9640e-04
Loss = 7.7411e-02, PNorm = 51.0312, GNorm = 0.2697, lr_0 = 6.8969e-04
Loss = 7.1063e-02, PNorm = 51.1151, GNorm = 0.0938, lr_0 = 6.8305e-04
Loss = 6.5913e-02, PNorm = 51.1839, GNorm = 0.1735, lr_0 = 6.7648e-04
Loss = 6.6935e-02, PNorm = 51.2593, GNorm = 0.4853, lr_0 = 6.6996e-04
Loss = 2.6755e-02, PNorm = 51.3490, GNorm = 0.0658, lr_0 = 6.6351e-04
Validation auc = 0.903327
Epoch 7
Loss = 7.1876e-02, PNorm = 51.3800, GNorm = 0.1370, lr_0 = 6.5712e-04
Loss = 6.2335e-02, PNorm = 51.4489, GNorm = 0.1780, lr_0 = 6.5080e-04
Loss = 7.7145e-02, PNorm = 51.5482, GNorm = 0.3829, lr_0 = 6.4453e-04
Loss = 5.9999e-02, PNorm = 51.6356, GNorm = 0.1443, lr_0 = 6.3833e-04
Loss = 6.4035e-02, PNorm = 51.6976, GNorm = 0.1482, lr_0 = 6.3218e-04
Loss = 4.9266e-02, PNorm = 51.7642, GNorm = 0.0681, lr_0 = 6.2609e-04
Loss = 6.5935e-02, PNorm = 51.8194, GNorm = 0.1894, lr_0 = 6.2006e-04
Loss = 7.0251e-02, PNorm = 51.8879, GNorm = 0.3536, lr_0 = 6.1409e-04
Loss = 4.7575e-02, PNorm = 51.9602, GNorm = 0.0929, lr_0 = 6.0818e-04
Validation auc = 0.893180
Epoch 8
Loss = 3.7118e-02, PNorm = 52.0228, GNorm = 0.1700, lr_0 = 6.0233e-04
Loss = 4.7051e-02, PNorm = 52.0654, GNorm = 0.1743, lr_0 = 5.9653e-04
Loss = 6.1375e-02, PNorm = 52.0993, GNorm = 0.1327, lr_0 = 5.9078e-04
Loss = 8.2949e-02, PNorm = 52.1620, GNorm = 0.2642, lr_0 = 5.8510e-04
Loss = 5.9956e-02, PNorm = 52.2579, GNorm = 0.3109, lr_0 = 5.7946e-04
Loss = 6.5386e-02, PNorm = 52.3254, GNorm = 0.2787, lr_0 = 5.7388e-04
Loss = 5.1599e-02, PNorm = 52.3747, GNorm = 0.1664, lr_0 = 5.6836e-04
Loss = 6.2848e-02, PNorm = 52.4178, GNorm = 0.1456, lr_0 = 5.6289e-04
Loss = 5.8685e-02, PNorm = 52.4763, GNorm = 0.1081, lr_0 = 5.5747e-04
Loss = 1.1742e-02, PNorm = 52.4828, GNorm = 0.1166, lr_0 = 5.5693e-04
Validation auc = 0.897876
Epoch 9
Loss = 4.8658e-02, PNorm = 52.5355, GNorm = 0.1272, lr_0 = 5.5156e-04
Loss = 7.2979e-02, PNorm = 52.5652, GNorm = 0.1686, lr_0 = 5.4625e-04
Loss = 5.6037e-02, PNorm = 52.6271, GNorm = 0.1127, lr_0 = 5.4100e-04
Loss = 3.0452e-02, PNorm = 52.7022, GNorm = 0.1535, lr_0 = 5.3579e-04
Loss = 9.2796e-02, PNorm = 52.7395, GNorm = 0.1463, lr_0 = 5.3063e-04
Loss = 4.0836e-02, PNorm = 52.8051, GNorm = 0.1897, lr_0 = 5.2552e-04
Loss = 5.8546e-02, PNorm = 52.8459, GNorm = 0.1316, lr_0 = 5.2046e-04
Loss = 4.7177e-02, PNorm = 52.9114, GNorm = 0.2146, lr_0 = 5.1545e-04
Validation auc = 0.891967
Epoch 10
Loss = 3.8698e-02, PNorm = 52.9690, GNorm = 0.0584, lr_0 = 5.1049e-04
Loss = 6.1145e-02, PNorm = 53.0252, GNorm = 0.1609, lr_0 = 5.0557e-04
Loss = 2.8453e-02, PNorm = 53.0948, GNorm = 0.0462, lr_0 = 5.0070e-04
Loss = 2.0971e-02, PNorm = 53.1162, GNorm = 0.1635, lr_0 = 4.9588e-04
Loss = 7.6113e-02, PNorm = 53.1459, GNorm = 0.1687, lr_0 = 4.9111e-04
Loss = 7.0415e-02, PNorm = 53.1946, GNorm = 0.1844, lr_0 = 4.8638e-04
Loss = 5.5010e-02, PNorm = 53.2547, GNorm = 0.1427, lr_0 = 4.8170e-04
Loss = 5.5750e-02, PNorm = 53.3189, GNorm = 0.3956, lr_0 = 4.7706e-04
Loss = 4.5951e-02, PNorm = 53.3555, GNorm = 0.2144, lr_0 = 4.7247e-04
Validation auc = 0.885635
Epoch 11
Loss = 7.8028e-02, PNorm = 53.4202, GNorm = 0.2771, lr_0 = 4.6792e-04
Loss = 4.5139e-02, PNorm = 53.4884, GNorm = 0.2107, lr_0 = 4.6341e-04
Loss = 3.0043e-02, PNorm = 53.5309, GNorm = 0.1202, lr_0 = 4.5895e-04
Loss = 4.4779e-02, PNorm = 53.5616, GNorm = 0.0706, lr_0 = 4.5453e-04
Loss = 6.8837e-02, PNorm = 53.5885, GNorm = 0.3724, lr_0 = 4.5015e-04
Loss = 5.3672e-02, PNorm = 53.6416, GNorm = 0.0842, lr_0 = 4.4582e-04
Loss = 4.5194e-02, PNorm = 53.6785, GNorm = 0.1165, lr_0 = 4.4153e-04
Loss = 4.5983e-02, PNorm = 53.7306, GNorm = 0.2201, lr_0 = 4.3728e-04
Validation auc = 0.893143
Epoch 12
Loss = 4.7336e-02, PNorm = 53.7697, GNorm = 0.1380, lr_0 = 4.3265e-04
Loss = 3.0849e-02, PNorm = 53.8204, GNorm = 0.1141, lr_0 = 4.2848e-04
Loss = 3.7560e-02, PNorm = 53.8632, GNorm = 0.2522, lr_0 = 4.2436e-04
Loss = 6.8127e-02, PNorm = 53.8883, GNorm = 0.8275, lr_0 = 4.2027e-04
Loss = 4.8860e-02, PNorm = 53.9109, GNorm = 0.6200, lr_0 = 4.1622e-04
Loss = 2.7528e-02, PNorm = 53.9760, GNorm = 0.2219, lr_0 = 4.1222e-04
Loss = 7.9107e-02, PNorm = 53.9922, GNorm = 0.1943, lr_0 = 4.0825e-04
Loss = 6.0509e-02, PNorm = 54.0368, GNorm = 0.2390, lr_0 = 4.0432e-04
Loss = 4.1118e-02, PNorm = 54.1052, GNorm = 0.1766, lr_0 = 4.0042e-04
Validation auc = 0.899835
Epoch 13
Loss = 2.4723e-02, PNorm = 54.1381, GNorm = 0.2584, lr_0 = 3.9657e-04
Loss = 5.7952e-02, PNorm = 54.1626, GNorm = 0.1546, lr_0 = 3.9275e-04
Loss = 1.4661e-02, PNorm = 54.2082, GNorm = 0.0759, lr_0 = 3.8897e-04
Loss = 4.9970e-02, PNorm = 54.2409, GNorm = 0.2805, lr_0 = 3.8522e-04
Loss = 5.5335e-02, PNorm = 54.2829, GNorm = 0.2208, lr_0 = 3.8152e-04
Loss = 4.9490e-02, PNorm = 54.3280, GNorm = 0.3064, lr_0 = 3.7784e-04
Loss = 5.5214e-02, PNorm = 54.3535, GNorm = 0.2817, lr_0 = 3.7420e-04
Loss = 3.8753e-02, PNorm = 54.4065, GNorm = 0.0899, lr_0 = 3.7060e-04
Validation auc = 0.936286
Epoch 14
Loss = 1.3264e-02, PNorm = 54.4460, GNorm = 0.1458, lr_0 = 3.6668e-04
Loss = 3.7095e-02, PNorm = 54.4801, GNorm = 0.1959, lr_0 = 3.6315e-04
Loss = 4.0323e-02, PNorm = 54.5295, GNorm = 0.2171, lr_0 = 3.5965e-04
Loss = 3.1346e-02, PNorm = 54.5588, GNorm = 0.0504, lr_0 = 3.5619e-04
Loss = 4.5051e-02, PNorm = 54.5912, GNorm = 0.1393, lr_0 = 3.5276e-04
Loss = 5.3511e-02, PNorm = 54.6349, GNorm = 0.4895, lr_0 = 3.4936e-04
Loss = 7.3515e-02, PNorm = 54.6446, GNorm = 0.1780, lr_0 = 3.4600e-04
Loss = 3.7770e-02, PNorm = 54.6852, GNorm = 0.1113, lr_0 = 3.4267e-04
Loss = 4.7798e-02, PNorm = 54.7203, GNorm = 0.0678, lr_0 = 3.3937e-04
Validation auc = 0.925184
Epoch 15
Loss = 4.1937e-02, PNorm = 54.7504, GNorm = 0.2129, lr_0 = 3.3610e-04
Loss = 5.2789e-02, PNorm = 54.7925, GNorm = 0.1513, lr_0 = 3.3287e-04
Loss = 2.6106e-02, PNorm = 54.8341, GNorm = 0.1506, lr_0 = 3.2966e-04
Loss = 3.0402e-02, PNorm = 54.8697, GNorm = 0.0273, lr_0 = 3.2649e-04
Loss = 5.4638e-02, PNorm = 54.8797, GNorm = 0.1476, lr_0 = 3.2334e-04
Loss = 3.8288e-02, PNorm = 54.9267, GNorm = 0.2236, lr_0 = 3.2023e-04
Loss = 4.8706e-02, PNorm = 54.9693, GNorm = 0.2192, lr_0 = 3.1715e-04
Loss = 1.8143e-02, PNorm = 55.0010, GNorm = 0.3212, lr_0 = 3.1409e-04
Loss = 5.2547e-02, PNorm = 55.0169, GNorm = 0.1391, lr_0 = 3.1107e-04
Validation auc = 0.904481
Epoch 16
Loss = 4.0259e-02, PNorm = 55.0599, GNorm = 0.3042, lr_0 = 3.0807e-04
Loss = 5.6964e-02, PNorm = 55.0923, GNorm = 0.2985, lr_0 = 3.0511e-04
Loss = 3.9493e-02, PNorm = 55.1282, GNorm = 0.2131, lr_0 = 3.0217e-04
Loss = 2.3860e-02, PNorm = 55.1648, GNorm = 0.0590, lr_0 = 2.9926e-04
Loss = 4.1413e-02, PNorm = 55.1858, GNorm = 0.1996, lr_0 = 2.9638e-04
Loss = 2.8165e-02, PNorm = 55.2174, GNorm = 0.1530, lr_0 = 2.9353e-04
Loss = 2.3985e-02, PNorm = 55.2483, GNorm = 0.0788, lr_0 = 2.9070e-04
Loss = 4.1137e-02, PNorm = 55.2701, GNorm = 0.0873, lr_0 = 2.8790e-04
Validation auc = 0.908829
Epoch 17
Loss = 4.0444e-02, PNorm = 55.2934, GNorm = 0.0945, lr_0 = 2.8485e-04
Loss = 4.2178e-02, PNorm = 55.3156, GNorm = 0.1969, lr_0 = 2.8211e-04
Loss = 2.7381e-02, PNorm = 55.3603, GNorm = 0.2314, lr_0 = 2.7939e-04
Loss = 4.0572e-02, PNorm = 55.3825, GNorm = 0.1615, lr_0 = 2.7670e-04
Loss = 3.8473e-02, PNorm = 55.4128, GNorm = 0.1598, lr_0 = 2.7404e-04
Loss = 3.3688e-02, PNorm = 55.4365, GNorm = 0.0858, lr_0 = 2.7140e-04
Loss = 3.1696e-02, PNorm = 55.4580, GNorm = 0.2041, lr_0 = 2.6879e-04
Loss = 2.7693e-02, PNorm = 55.4878, GNorm = 0.1675, lr_0 = 2.6620e-04
Loss = 2.4062e-02, PNorm = 55.5108, GNorm = 0.0348, lr_0 = 2.6364e-04
Validation auc = 0.909226
Epoch 18
Loss = 4.1411e-02, PNorm = 55.5361, GNorm = 0.0878, lr_0 = 2.6110e-04
Loss = 3.3714e-02, PNorm = 55.5571, GNorm = 0.2035, lr_0 = 2.5859e-04
Loss = 3.4423e-02, PNorm = 55.5907, GNorm = 0.2705, lr_0 = 2.5610e-04
Loss = 2.2905e-02, PNorm = 55.6138, GNorm = 0.0951, lr_0 = 2.5363e-04
Loss = 3.9304e-02, PNorm = 55.6331, GNorm = 0.1279, lr_0 = 2.5119e-04
Loss = 2.6121e-02, PNorm = 55.6578, GNorm = 0.0740, lr_0 = 2.4877e-04
Loss = 4.8679e-02, PNorm = 55.6792, GNorm = 0.1362, lr_0 = 2.4638e-04
Loss = 4.1144e-02, PNorm = 55.7036, GNorm = 0.4258, lr_0 = 2.4400e-04
Validation auc = 0.923103
Epoch 19
Loss = 1.7870e-02, PNorm = 55.7277, GNorm = 0.0666, lr_0 = 2.4165e-04
Loss = 2.2599e-02, PNorm = 55.7541, GNorm = 0.2483, lr_0 = 2.3933e-04
Loss = 3.4632e-02, PNorm = 55.7716, GNorm = 0.2614, lr_0 = 2.3702e-04
Loss = 3.5864e-02, PNorm = 55.7973, GNorm = 0.1367, lr_0 = 2.3474e-04
Loss = 2.6930e-02, PNorm = 55.8226, GNorm = 0.0900, lr_0 = 2.3248e-04
Loss = 5.5883e-02, PNorm = 55.8462, GNorm = 0.2466, lr_0 = 2.3024e-04
Loss = 2.7008e-02, PNorm = 55.8845, GNorm = 0.2200, lr_0 = 2.2803e-04
Loss = 2.1651e-02, PNorm = 55.9112, GNorm = 0.3225, lr_0 = 2.2583e-04
Loss = 1.3568e-02, PNorm = 55.9225, GNorm = 0.1147, lr_0 = 2.2366e-04
Validation auc = 0.910539
Epoch 20
Loss = 2.7524e-02, PNorm = 55.9282, GNorm = 0.1957, lr_0 = 2.2129e-04
Loss = 2.7126e-02, PNorm = 55.9540, GNorm = 0.4206, lr_0 = 2.1916e-04
Loss = 2.8032e-02, PNorm = 55.9638, GNorm = 0.2630, lr_0 = 2.1705e-04
Loss = 3.7959e-02, PNorm = 55.9943, GNorm = 0.3223, lr_0 = 2.1496e-04
Loss = 2.4899e-02, PNorm = 56.0190, GNorm = 0.2096, lr_0 = 2.1289e-04
Loss = 3.6268e-02, PNorm = 56.0331, GNorm = 0.3393, lr_0 = 2.1084e-04
Loss = 2.9567e-02, PNorm = 56.0487, GNorm = 0.3676, lr_0 = 2.0881e-04
Loss = 3.3208e-02, PNorm = 56.0731, GNorm = 0.0529, lr_0 = 2.0680e-04
Validation auc = 0.908755
Epoch 21
Loss = 2.8238e-02, PNorm = 56.0881, GNorm = 0.3657, lr_0 = 2.0481e-04
Loss = 3.4948e-02, PNorm = 56.1017, GNorm = 0.3454, lr_0 = 2.0283e-04
Loss = 3.2627e-02, PNorm = 56.1332, GNorm = 0.4899, lr_0 = 2.0088e-04
Loss = 2.7548e-02, PNorm = 56.1549, GNorm = 0.2308, lr_0 = 1.9895e-04
Loss = 3.7264e-02, PNorm = 56.1686, GNorm = 0.1963, lr_0 = 1.9703e-04
Loss = 2.0788e-02, PNorm = 56.1971, GNorm = 0.1401, lr_0 = 1.9514e-04
Loss = 1.4725e-02, PNorm = 56.2211, GNorm = 0.0237, lr_0 = 1.9326e-04
Loss = 3.2401e-02, PNorm = 56.2241, GNorm = 0.0341, lr_0 = 1.9140e-04
Loss = 3.1607e-02, PNorm = 56.2379, GNorm = 0.3797, lr_0 = 1.8955e-04
Validation auc = 0.916599
Epoch 22
Loss = 2.7635e-02, PNorm = 56.2591, GNorm = 0.0194, lr_0 = 1.8773e-04
Loss = 3.4331e-02, PNorm = 56.2713, GNorm = 0.1316, lr_0 = 1.8592e-04
Loss = 3.0963e-02, PNorm = 56.2926, GNorm = 0.1843, lr_0 = 1.8413e-04
Loss = 2.6707e-02, PNorm = 56.3077, GNorm = 0.0960, lr_0 = 1.8236e-04
Loss = 2.7277e-02, PNorm = 56.3186, GNorm = 0.2287, lr_0 = 1.8060e-04
Loss = 2.3541e-02, PNorm = 56.3377, GNorm = 0.2571, lr_0 = 1.7886e-04
Loss = 2.3945e-02, PNorm = 56.3545, GNorm = 0.3182, lr_0 = 1.7714e-04
Loss = 1.7817e-02, PNorm = 56.3626, GNorm = 0.0840, lr_0 = 1.7544e-04
Validation auc = 0.900999
Epoch 23
Loss = 1.4614e-02, PNorm = 56.3802, GNorm = 0.1804, lr_0 = 1.7358e-04
Loss = 2.6440e-02, PNorm = 56.3963, GNorm = 0.0210, lr_0 = 1.7191e-04
Loss = 2.2764e-02, PNorm = 56.4072, GNorm = 0.2261, lr_0 = 1.7025e-04
Loss = 3.0985e-02, PNorm = 56.4202, GNorm = 0.2338, lr_0 = 1.6861e-04
Loss = 1.8141e-02, PNorm = 56.4454, GNorm = 0.4245, lr_0 = 1.6699e-04
Loss = 1.0804e-02, PNorm = 56.4572, GNorm = 0.0452, lr_0 = 1.6538e-04
Loss = 1.8813e-02, PNorm = 56.4713, GNorm = 0.4321, lr_0 = 1.6379e-04
Loss = 3.0052e-02, PNorm = 56.4839, GNorm = 0.0331, lr_0 = 1.6221e-04
Loss = 3.4854e-02, PNorm = 56.4925, GNorm = 0.2423, lr_0 = 1.6065e-04
Validation auc = 0.901854
Epoch 24
Loss = 1.6061e-02, PNorm = 56.5160, GNorm = 0.1334, lr_0 = 1.5910e-04
Loss = 4.0248e-02, PNorm = 56.5212, GNorm = 0.4553, lr_0 = 1.5757e-04
Loss = 2.9259e-02, PNorm = 56.5292, GNorm = 0.2962, lr_0 = 1.5605e-04
Loss = 2.8561e-02, PNorm = 56.5619, GNorm = 0.1103, lr_0 = 1.5455e-04
Loss = 2.7394e-02, PNorm = 56.5770, GNorm = 0.4357, lr_0 = 1.5306e-04
Loss = 2.7191e-02, PNorm = 56.5826, GNorm = 0.1856, lr_0 = 1.5159e-04
Loss = 1.5473e-02, PNorm = 56.6018, GNorm = 0.0287, lr_0 = 1.5013e-04
Loss = 3.7821e-02, PNorm = 56.6080, GNorm = 0.0912, lr_0 = 1.4869e-04
Loss = 1.6990e-02, PNorm = 56.6189, GNorm = 0.0457, lr_0 = 1.4725e-04
Validation auc = 0.877234
Epoch 25
Loss = 1.3522e-02, PNorm = 56.6331, GNorm = 0.0999, lr_0 = 1.4584e-04
Loss = 3.4427e-02, PNorm = 56.6364, GNorm = 0.0732, lr_0 = 1.4443e-04
Loss = 1.8981e-02, PNorm = 56.6472, GNorm = 0.1282, lr_0 = 1.4304e-04
Loss = 2.9447e-02, PNorm = 56.6716, GNorm = 0.4525, lr_0 = 1.4166e-04
Loss = 1.5758e-02, PNorm = 56.6846, GNorm = 0.0663, lr_0 = 1.4030e-04
Loss = 1.8303e-02, PNorm = 56.6923, GNorm = 0.3326, lr_0 = 1.3895e-04
Loss = 2.2885e-02, PNorm = 56.6991, GNorm = 0.1166, lr_0 = 1.3761e-04
Loss = 1.9056e-02, PNorm = 56.7142, GNorm = 0.1315, lr_0 = 1.3629e-04
Validation auc = 0.893106
Epoch 26
Loss = 2.6543e-02, PNorm = 56.7193, GNorm = 0.1299, lr_0 = 1.3484e-04
Loss = 2.3677e-02, PNorm = 56.7329, GNorm = 0.3557, lr_0 = 1.3355e-04
Loss = 1.4945e-02, PNorm = 56.7448, GNorm = 0.1929, lr_0 = 1.3226e-04
Loss = 1.6339e-02, PNorm = 56.7531, GNorm = 0.0495, lr_0 = 1.3099e-04
Loss = 1.6785e-02, PNorm = 56.7632, GNorm = 0.1178, lr_0 = 1.2973e-04
Loss = 2.5394e-02, PNorm = 56.7733, GNorm = 0.1139, lr_0 = 1.2848e-04
Loss = 1.0386e-02, PNorm = 56.7900, GNorm = 0.0801, lr_0 = 1.2724e-04
Loss = 1.0978e-02, PNorm = 56.8005, GNorm = 0.1818, lr_0 = 1.2601e-04
Loss = 5.4902e-02, PNorm = 56.7994, GNorm = 0.3329, lr_0 = 1.2480e-04
Validation auc = 0.873764
Epoch 27
Loss = 1.3117e-02, PNorm = 56.8133, GNorm = 0.0915, lr_0 = 1.2360e-04
Loss = 3.0581e-02, PNorm = 56.8312, GNorm = 0.4850, lr_0 = 1.2241e-04
Loss = 1.6608e-02, PNorm = 56.8371, GNorm = 0.3040, lr_0 = 1.2123e-04
Loss = 1.8773e-02, PNorm = 56.8466, GNorm = 0.2810, lr_0 = 1.2006e-04
Loss = 1.1548e-02, PNorm = 56.8584, GNorm = 0.3866, lr_0 = 1.1891e-04
Loss = 2.8741e-02, PNorm = 56.8641, GNorm = 0.4175, lr_0 = 1.1776e-04
Loss = 1.7699e-02, PNorm = 56.8769, GNorm = 0.1179, lr_0 = 1.1663e-04
Loss = 3.1913e-02, PNorm = 56.8851, GNorm = 0.1207, lr_0 = 1.1551e-04
Validation auc = 0.870692
Epoch 28
Loss = 3.9372e-02, PNorm = 56.8911, GNorm = 0.1555, lr_0 = 1.1428e-04
Loss = 2.7051e-02, PNorm = 56.9001, GNorm = 0.1112, lr_0 = 1.1318e-04
Loss = 2.1595e-02, PNorm = 56.9065, GNorm = 0.1433, lr_0 = 1.1209e-04
Loss = 2.1380e-02, PNorm = 56.9175, GNorm = 0.1405, lr_0 = 1.1101e-04
Loss = 9.8902e-03, PNorm = 56.9274, GNorm = 0.0651, lr_0 = 1.0995e-04
Loss = 1.7069e-02, PNorm = 56.9313, GNorm = 0.3218, lr_0 = 1.0889e-04
Loss = 1.5535e-02, PNorm = 56.9410, GNorm = 0.1792, lr_0 = 1.0784e-04
Loss = 2.2839e-02, PNorm = 56.9486, GNorm = 0.0504, lr_0 = 1.0680e-04
Loss = 1.3431e-02, PNorm = 56.9587, GNorm = 0.4277, lr_0 = 1.0577e-04
Validation auc = 0.878845
Epoch 29
Loss = 1.7142e-02, PNorm = 56.9684, GNorm = 0.2296, lr_0 = 1.0475e-04
Loss = 5.4353e-03, PNorm = 56.9762, GNorm = 0.0117, lr_0 = 1.0374e-04
Loss = 1.7077e-02, PNorm = 56.9801, GNorm = 0.2089, lr_0 = 1.0275e-04
Loss = 3.7237e-02, PNorm = 56.9799, GNorm = 0.3359, lr_0 = 1.0176e-04
Loss = 1.6412e-02, PNorm = 56.9965, GNorm = 0.2428, lr_0 = 1.0078e-04
Loss = 1.3450e-02, PNorm = 57.0079, GNorm = 0.3185, lr_0 = 1.0000e-04
Loss = 2.5444e-02, PNorm = 57.0109, GNorm = 0.4457, lr_0 = 1.0000e-04
Loss = 1.3317e-02, PNorm = 57.0173, GNorm = 0.1917, lr_0 = 1.0000e-04
Validation auc = 0.862688
Model 0 best validation auc = 0.936286 on epoch 13
Loading pretrained parameter "encoder.encoder.0.cached_zero_vector".
Loading pretrained parameter "encoder.encoder.0.W_i.weight".
Loading pretrained parameter "encoder.encoder.0.W_h.weight".
Loading pretrained parameter "encoder.encoder.0.W_o.weight".
Loading pretrained parameter "encoder.encoder.0.W_o.bias".
Loading pretrained parameter "ffn.1.weight".
Loading pretrained parameter "ffn.1.bias".
Moving model to cuda
Model 0 test auc = 0.769171
Ensemble test auc = 0.769171
3-fold cross validation
	Seed 0 ==> test auc = 0.716325
	Seed 1 ==> test auc = 0.864285
	Seed 2 ==> test auc = 0.769171
Overall test auc = 0.783260 +/- 0.061220
Elapsed time = 0:19:53
