Command line
python /home/jackievaleri8/.conda/envs/chemprop/bin/chemprop_train --init_lr 0.0001 --dropout 0.25 --hidden_size 300 --ffn_num_layers 2 --depth 3 --save_dir round3finalval08162021_models/99 --data_path round3finalval08162021_TRAIN.csv --dataset_type classification --features_path round3finalval08162021_TRAINFTS.npz --no_features_scaling --num_folds 3 --ensemble_size 1 --split_type scaffold_balanced --split_sizes 0.8 0.1 0.1 --smiles_columns SMILES --ignore_columns Name --gpu 0
Args
{'activation': 'ReLU',
 'aggregation': 'mean',
 'aggregation_norm': 100,
 'atom_descriptor_scaling': True,
 'atom_descriptors': None,
 'atom_descriptors_path': None,
 'atom_descriptors_size': 0,
 'atom_features_size': 0,
 'atom_messages': False,
 'batch_size': 50,
 'bias': False,
 'bond_feature_scaling': True,
 'bond_features_path': None,
 'bond_features_size': 0,
 'cache_cutoff': 10000,
 'checkpoint_dir': None,
 'checkpoint_path': None,
 'checkpoint_paths': None,
 'class_balance': False,
 'config_path': None,
 'crossval_index_dir': None,
 'crossval_index_file': None,
 'crossval_index_sets': None,
 'cuda': True,
 'data_path': 'round3finalval08162021_TRAIN.csv',
 'dataset_type': 'classification',
 'depth': 3,
 'device': device(type='cuda', index=0),
 'dropout': 0.25,
 'empty_cache': False,
 'ensemble_size': 1,
 'epochs': 30,
 'explicit_h': False,
 'extra_metrics': [],
 'features_generator': None,
 'features_only': False,
 'features_path': ['round3finalval08162021_TRAINFTS.npz'],
 'features_scaling': False,
 'features_size': None,
 'ffn_hidden_size': 300,
 'ffn_num_layers': 2,
 'final_lr': 0.0001,
 'folds_file': None,
 'gpu': 0,
 'grad_clip': None,
 'hidden_size': 300,
 'ignore_columns': ['Name'],
 'init_lr': 0.0001,
 'log_frequency': 10,
 'max_data_size': None,
 'max_lr': 0.001,
 'metric': 'auc',
 'metrics': ['auc'],
 'minimize_score': False,
 'mpn_shared': False,
 'multiclass_num_classes': 3,
 'no_atom_descriptor_scaling': False,
 'no_bond_features_scaling': False,
 'no_cache_mol': False,
 'no_cuda': False,
 'no_features_scaling': True,
 'num_folds': 3,
 'num_lrs': 1,
 'num_tasks': 2,
 'num_workers': 8,
 'number_of_molecules': 1,
 'overwrite_default_atom_features': False,
 'overwrite_default_bond_features': False,
 'pytorch_seed': 0,
 'quiet': False,
 'reaction': False,
 'reaction_mode': 'reac_diff',
 'resume_experiment': False,
 'save_dir': 'round3finalval08162021_models/99',
 'save_preds': False,
 'save_smiles_splits': False,
 'seed': 0,
 'separate_test_atom_descriptors_path': None,
 'separate_test_bond_features_path': None,
 'separate_test_features_path': None,
 'separate_test_path': None,
 'separate_val_atom_descriptors_path': None,
 'separate_val_bond_features_path': None,
 'separate_val_features_path': None,
 'separate_val_path': None,
 'show_individual_scores': False,
 'smiles_columns': ['SMILES'],
 'split_sizes': (0.8, 0.1, 0.1),
 'split_type': 'scaffold_balanced',
 'target_columns': None,
 'task_names': ['hit_inh', 'hit_kill'],
 'test': False,
 'test_fold_index': None,
 'train_data_size': None,
 'undirected': False,
 'use_input_features': True,
 'val_fold_index': None,
 'warmup_epochs': 2.0}
Loading data
Warning: 23 SMILES are invalid.
Number of tasks = 2
Fold 0
Splitting data with seed 0
Total scaffolds = 3,467 | train scaffolds = 2,650 | val scaffolds = 433 | test scaffolds = 384
Label averages per scaffold, in decreasing order of scaffold frequency,capped at 10 scaffolds and 20 labels:
Scaffold 0
Task 0: count = 381 | target average = 0.018373
Task 1: count = 381 | target average = 0.013123


Scaffold 1
Task 0: count = 305 | target average = 0.009836
Task 1: count = 305 | target average = 0.016393


Scaffold 2
Task 0: count = 36 | target average = 0.000000
Task 1: count = 36 | target average = 0.000000


Scaffold 3
Task 0: count = 29 | target average = 0.000000
Task 1: count = 29 | target average = 0.000000


Scaffold 4
Task 0: count = 26 | target average = 0.000000
Task 1: count = 26 | target average = 0.000000


Scaffold 5
Task 0: count = 23 | target average = 0.000000
Task 1: count = 23 | target average = 0.000000


Scaffold 6
Task 0: count = 22 | target average = 0.090909
Task 1: count = 22 | target average = 0.090909


Scaffold 7
Task 0: count = 20 | target average = 0.000000
Task 1: count = 20 | target average = 0.000000


Scaffold 8
Task 0: count = 20 | target average = 0.000000
Task 1: count = 20 | target average = 0.000000


Scaffold 9
Task 0: count = 20 | target average = 0.050000
Task 1: count = 20 | target average = 0.000000


Class sizes
hit_inh 0: 97.83%, 1: 2.17%
hit_kill 0: 98.64%, 1: 1.36%
Total size = 5,353 | train size = 4,282 | val size = 535 | test size = 536
Building model 0
MoleculeModel(
  (sigmoid): Sigmoid()
  (encoder): MPN(
    (encoder): ModuleList(
      (0): MPNEncoder(
        (dropout_layer): Dropout(p=0.25, inplace=False)
        (act_func): ReLU()
        (W_i): Linear(in_features=147, out_features=300, bias=False)
        (W_h): Linear(in_features=300, out_features=300, bias=False)
        (W_o): Linear(in_features=433, out_features=300, bias=True)
      )
    )
  )
  (ffn): Sequential(
    (0): Dropout(p=0.25, inplace=False)
    (1): Linear(in_features=500, out_features=300, bias=True)
    (2): ReLU()
    (3): Dropout(p=0.25, inplace=False)
    (4): Linear(in_features=300, out_features=2, bias=True)
  )
)
Number of parameters = 415,202
Moving model to cuda
Epoch 0
Loss = 3.9872e-01, PNorm = 35.1021, GNorm = 0.6788, lr_0 = 1.5824e-04
Loss = 1.2064e-01, PNorm = 35.1147, GNorm = 0.4798, lr_0 = 2.1118e-04
Loss = 1.0182e-01, PNorm = 35.1209, GNorm = 1.0639, lr_0 = 2.6412e-04
Loss = 1.1735e-01, PNorm = 35.1181, GNorm = 0.2190, lr_0 = 3.1706e-04
Loss = 9.6774e-02, PNorm = 35.1175, GNorm = 0.4079, lr_0 = 3.7000e-04
Loss = 6.9658e-02, PNorm = 35.1223, GNorm = 0.2476, lr_0 = 4.2294e-04
Loss = 7.2561e-02, PNorm = 35.1274, GNorm = 0.3211, lr_0 = 4.7588e-04
Loss = 6.5136e-02, PNorm = 35.1307, GNorm = 0.2002, lr_0 = 5.2882e-04
Validation auc = 0.574456
Epoch 1
Loss = 3.9217e-02, PNorm = 35.1429, GNorm = 0.1353, lr_0 = 5.8706e-04
Loss = 1.0892e-01, PNorm = 35.1463, GNorm = 0.2427, lr_0 = 6.4000e-04
Loss = 8.5305e-02, PNorm = 35.1647, GNorm = 0.1974, lr_0 = 6.9294e-04
Loss = 1.0452e-01, PNorm = 35.1762, GNorm = 0.2367, lr_0 = 7.4588e-04
Loss = 7.9854e-02, PNorm = 35.1968, GNorm = 0.1600, lr_0 = 7.9882e-04
Loss = 6.2470e-02, PNorm = 35.2158, GNorm = 0.2232, lr_0 = 8.5176e-04
Loss = 9.4750e-02, PNorm = 35.2286, GNorm = 0.2129, lr_0 = 9.0471e-04
Loss = 9.9502e-02, PNorm = 35.2470, GNorm = 0.2082, lr_0 = 9.5765e-04
Loss = 1.0516e-01, PNorm = 35.2730, GNorm = 0.2491, lr_0 = 9.9807e-04
Validation auc = 0.791443
Epoch 2
Loss = 6.3411e-02, PNorm = 35.3135, GNorm = 0.0564, lr_0 = 9.8846e-04
Loss = 6.6264e-02, PNorm = 35.3304, GNorm = 0.1846, lr_0 = 9.7894e-04
Loss = 7.0959e-02, PNorm = 35.3610, GNorm = 0.1942, lr_0 = 9.6952e-04
Loss = 8.8344e-02, PNorm = 35.3822, GNorm = 0.5106, lr_0 = 9.6018e-04
Loss = 7.7213e-02, PNorm = 35.4218, GNorm = 0.2121, lr_0 = 9.5094e-04
Loss = 8.9268e-02, PNorm = 35.4483, GNorm = 0.2032, lr_0 = 9.4178e-04
Loss = 1.2782e-01, PNorm = 35.4865, GNorm = 0.4205, lr_0 = 9.3271e-04
Loss = 6.5090e-02, PNorm = 35.5245, GNorm = 0.3565, lr_0 = 9.2373e-04
Validation auc = 0.840149
Epoch 3
Loss = 6.4435e-02, PNorm = 35.5557, GNorm = 0.2181, lr_0 = 9.1395e-04
Loss = 9.6676e-02, PNorm = 35.5850, GNorm = 0.2272, lr_0 = 9.0515e-04
Loss = 7.5615e-02, PNorm = 35.6359, GNorm = 0.4695, lr_0 = 8.9644e-04
Loss = 7.2473e-02, PNorm = 35.6670, GNorm = 0.1703, lr_0 = 8.8781e-04
Loss = 7.7634e-02, PNorm = 35.7073, GNorm = 0.3431, lr_0 = 8.7926e-04
Loss = 7.8550e-02, PNorm = 35.7208, GNorm = 0.1612, lr_0 = 8.7080e-04
Loss = 5.5399e-02, PNorm = 35.7667, GNorm = 0.1251, lr_0 = 8.6241e-04
Loss = 6.2746e-02, PNorm = 35.7879, GNorm = 0.1112, lr_0 = 8.5411e-04
Loss = 8.0821e-02, PNorm = 35.8134, GNorm = 0.1658, lr_0 = 8.4588e-04
Validation auc = 0.881008
Epoch 4
Loss = 5.8635e-02, PNorm = 35.8604, GNorm = 0.1077, lr_0 = 8.3774e-04
Loss = 6.2874e-02, PNorm = 35.8944, GNorm = 0.1804, lr_0 = 8.2967e-04
Loss = 8.3622e-02, PNorm = 35.9188, GNorm = 0.2031, lr_0 = 8.2169e-04
Loss = 8.1136e-02, PNorm = 35.9694, GNorm = 0.4480, lr_0 = 8.1377e-04
Loss = 8.3616e-02, PNorm = 35.9975, GNorm = 0.2282, lr_0 = 8.0594e-04
Loss = 6.0309e-02, PNorm = 36.0598, GNorm = 0.1224, lr_0 = 7.9818e-04
Loss = 6.2556e-02, PNorm = 36.0808, GNorm = 0.1370, lr_0 = 7.9050e-04
Loss = 5.7257e-02, PNorm = 36.1140, GNorm = 0.1062, lr_0 = 7.8288e-04
Validation auc = 0.919225
Epoch 5
Loss = 6.7450e-02, PNorm = 36.1377, GNorm = 0.1688, lr_0 = 7.7535e-04
Loss = 4.6872e-02, PNorm = 36.1790, GNorm = 0.1318, lr_0 = 7.6788e-04
Loss = 9.6048e-02, PNorm = 36.2017, GNorm = 0.3310, lr_0 = 7.6049e-04
Loss = 8.5056e-02, PNorm = 36.2552, GNorm = 0.2184, lr_0 = 7.5317e-04
Loss = 4.8285e-02, PNorm = 36.3049, GNorm = 0.1389, lr_0 = 7.4591e-04
Loss = 5.6359e-02, PNorm = 36.3477, GNorm = 0.3260, lr_0 = 7.3873e-04
Loss = 8.3822e-02, PNorm = 36.3751, GNorm = 0.1871, lr_0 = 7.3162e-04
Loss = 3.7378e-02, PNorm = 36.4233, GNorm = 0.0796, lr_0 = 7.2458e-04
Loss = 7.8086e-02, PNorm = 36.4379, GNorm = 0.2282, lr_0 = 7.1760e-04
Validation auc = 0.929140
Epoch 6
Loss = 3.9419e-02, PNorm = 36.4938, GNorm = 0.2201, lr_0 = 7.1000e-04
Loss = 7.6225e-02, PNorm = 36.5022, GNorm = 0.1739, lr_0 = 7.0317e-04
Loss = 5.3286e-02, PNorm = 36.5381, GNorm = 0.0891, lr_0 = 6.9640e-04
Loss = 6.0792e-02, PNorm = 36.5676, GNorm = 0.1372, lr_0 = 6.8969e-04
Loss = 6.5326e-02, PNorm = 36.5839, GNorm = 0.1315, lr_0 = 6.8305e-04
Loss = 8.1178e-02, PNorm = 36.6166, GNorm = 0.1795, lr_0 = 6.7648e-04
Loss = 5.9984e-02, PNorm = 36.6471, GNorm = 0.1787, lr_0 = 6.6996e-04
Loss = 7.0680e-02, PNorm = 36.6719, GNorm = 0.2453, lr_0 = 6.6351e-04
Validation auc = 0.953982
Epoch 7
Loss = 4.8132e-02, PNorm = 36.7183, GNorm = 0.1480, lr_0 = 6.5712e-04
Loss = 6.4545e-02, PNorm = 36.7554, GNorm = 0.1359, lr_0 = 6.5080e-04
Loss = 5.3267e-02, PNorm = 36.8095, GNorm = 0.1085, lr_0 = 6.4453e-04
Loss = 5.1638e-02, PNorm = 36.8570, GNorm = 0.2417, lr_0 = 6.3833e-04
Loss = 4.2866e-02, PNorm = 36.8689, GNorm = 0.1562, lr_0 = 6.3218e-04
Loss = 7.0087e-02, PNorm = 36.8903, GNorm = 0.1645, lr_0 = 6.2609e-04
Loss = 4.3945e-02, PNorm = 36.9327, GNorm = 0.3636, lr_0 = 6.2006e-04
Loss = 4.9343e-02, PNorm = 36.9587, GNorm = 0.1628, lr_0 = 6.1409e-04
Loss = 6.6249e-02, PNorm = 36.9859, GNorm = 0.2064, lr_0 = 6.0818e-04
Validation auc = 0.959838
Epoch 8
Loss = 3.7494e-02, PNorm = 37.0167, GNorm = 0.1053, lr_0 = 6.0233e-04
Loss = 6.0263e-02, PNorm = 37.0494, GNorm = 0.2904, lr_0 = 5.9653e-04
Loss = 5.5178e-02, PNorm = 37.0931, GNorm = 0.0931, lr_0 = 5.9078e-04
Loss = 4.4809e-02, PNorm = 37.1320, GNorm = 0.1610, lr_0 = 5.8510e-04
Loss = 6.2177e-02, PNorm = 37.1535, GNorm = 0.2150, lr_0 = 5.7946e-04
Loss = 5.3555e-02, PNorm = 37.1797, GNorm = 0.0819, lr_0 = 5.7388e-04
Loss = 3.5707e-02, PNorm = 37.2069, GNorm = 0.1453, lr_0 = 5.6836e-04
Loss = 7.9574e-02, PNorm = 37.2244, GNorm = 0.1732, lr_0 = 5.6289e-04
Loss = 7.2844e-02, PNorm = 37.2647, GNorm = 0.2535, lr_0 = 5.5747e-04
Loss = 7.8641e-03, PNorm = 37.2676, GNorm = 0.0825, lr_0 = 5.5693e-04
Validation auc = 0.957408
Epoch 9
Loss = 6.2290e-02, PNorm = 37.2920, GNorm = 0.2261, lr_0 = 5.5156e-04
Loss = 4.6663e-02, PNorm = 37.3435, GNorm = 0.0749, lr_0 = 5.4625e-04
Loss = 3.7993e-02, PNorm = 37.3673, GNorm = 0.0326, lr_0 = 5.4100e-04
Loss = 4.5047e-02, PNorm = 37.3679, GNorm = 0.3069, lr_0 = 5.3579e-04
Loss = 4.2050e-02, PNorm = 37.3879, GNorm = 0.1299, lr_0 = 5.3063e-04
Loss = 7.1687e-02, PNorm = 37.4067, GNorm = 0.3442, lr_0 = 5.2552e-04
Loss = 6.6740e-02, PNorm = 37.4421, GNorm = 0.1754, lr_0 = 5.2046e-04
Loss = 5.9813e-02, PNorm = 37.4689, GNorm = 0.2764, lr_0 = 5.1545e-04
Validation auc = 0.958609
Epoch 10
Loss = 4.0721e-02, PNorm = 37.4875, GNorm = 0.2200, lr_0 = 5.1049e-04
Loss = 5.3948e-02, PNorm = 37.5174, GNorm = 0.3241, lr_0 = 5.0557e-04
Loss = 5.9151e-02, PNorm = 37.5278, GNorm = 0.2500, lr_0 = 5.0070e-04
Loss = 5.3393e-02, PNorm = 37.5509, GNorm = 0.3211, lr_0 = 4.9588e-04
Loss = 4.2313e-02, PNorm = 37.5631, GNorm = 0.1603, lr_0 = 4.9111e-04
Loss = 4.8954e-02, PNorm = 37.5878, GNorm = 0.2302, lr_0 = 4.8638e-04
Loss = 7.4171e-02, PNorm = 37.6107, GNorm = 0.2407, lr_0 = 4.8170e-04
Loss = 3.7462e-02, PNorm = 37.6459, GNorm = 0.1506, lr_0 = 4.7706e-04
Loss = 4.8357e-02, PNorm = 37.6613, GNorm = 0.1016, lr_0 = 4.7247e-04
Validation auc = 0.972079
Epoch 11
Loss = 3.8194e-02, PNorm = 37.6916, GNorm = 0.1766, lr_0 = 4.6792e-04
Loss = 4.8306e-02, PNorm = 37.7073, GNorm = 0.2535, lr_0 = 4.6341e-04
Loss = 5.1763e-02, PNorm = 37.7284, GNorm = 0.3449, lr_0 = 4.5895e-04
Loss = 5.0669e-02, PNorm = 37.7442, GNorm = 0.1025, lr_0 = 4.5453e-04
Loss = 4.5413e-02, PNorm = 37.7663, GNorm = 0.1558, lr_0 = 4.5015e-04
Loss = 6.3749e-02, PNorm = 37.7925, GNorm = 0.2398, lr_0 = 4.4582e-04
Loss = 6.2188e-02, PNorm = 37.8179, GNorm = 0.1415, lr_0 = 4.4153e-04
Loss = 3.9903e-02, PNorm = 37.8472, GNorm = 0.2384, lr_0 = 4.3728e-04
Validation auc = 0.969514
Epoch 12
Loss = 3.5671e-02, PNorm = 37.8611, GNorm = 0.1262, lr_0 = 4.3265e-04
Loss = 5.2523e-02, PNorm = 37.8724, GNorm = 0.4378, lr_0 = 4.2848e-04
Loss = 4.8221e-02, PNorm = 37.9002, GNorm = 0.1731, lr_0 = 4.2436e-04
Loss = 5.6640e-02, PNorm = 37.9227, GNorm = 0.1613, lr_0 = 4.2027e-04
Loss = 2.3710e-02, PNorm = 37.9439, GNorm = 0.1100, lr_0 = 4.1622e-04
Loss = 4.4104e-02, PNorm = 37.9626, GNorm = 0.2210, lr_0 = 4.1222e-04
Loss = 4.8106e-02, PNorm = 37.9736, GNorm = 0.1849, lr_0 = 4.0825e-04
Loss = 6.2707e-02, PNorm = 37.9934, GNorm = 0.1274, lr_0 = 4.0432e-04
Loss = 4.7636e-02, PNorm = 38.0060, GNorm = 0.2261, lr_0 = 4.0042e-04
Validation auc = 0.971263
Epoch 13
Loss = 4.2790e-02, PNorm = 38.0201, GNorm = 0.1238, lr_0 = 3.9657e-04
Loss = 5.4816e-02, PNorm = 38.0369, GNorm = 0.1288, lr_0 = 3.9275e-04
Loss = 5.4350e-02, PNorm = 38.0551, GNorm = 0.1608, lr_0 = 3.8897e-04
Loss = 1.7000e-02, PNorm = 38.0807, GNorm = 0.0541, lr_0 = 3.8522e-04
Loss = 7.1792e-02, PNorm = 38.0793, GNorm = 0.3104, lr_0 = 3.8152e-04
Loss = 4.1976e-02, PNorm = 38.1031, GNorm = 0.2332, lr_0 = 3.7784e-04
Loss = 6.0236e-02, PNorm = 38.1176, GNorm = 0.4011, lr_0 = 3.7420e-04
Loss = 5.0320e-02, PNorm = 38.1375, GNorm = 0.2210, lr_0 = 3.7060e-04
Validation auc = 0.970360
Epoch 14
Loss = 3.4313e-02, PNorm = 38.1607, GNorm = 0.2490, lr_0 = 3.6668e-04
Loss = 5.0635e-02, PNorm = 38.1646, GNorm = 0.1980, lr_0 = 3.6315e-04
Loss = 4.4807e-02, PNorm = 38.1850, GNorm = 0.3050, lr_0 = 3.5965e-04
Loss = 4.2800e-02, PNorm = 38.2010, GNorm = 0.2489, lr_0 = 3.5619e-04
Loss = 2.3278e-02, PNorm = 38.2117, GNorm = 0.1431, lr_0 = 3.5276e-04
Loss = 4.5560e-02, PNorm = 38.2249, GNorm = 0.2233, lr_0 = 3.4936e-04
Loss = 6.9815e-02, PNorm = 38.2267, GNorm = 0.4488, lr_0 = 3.4600e-04
Loss = 3.6673e-02, PNorm = 38.2435, GNorm = 0.1765, lr_0 = 3.4267e-04
Loss = 5.1417e-02, PNorm = 38.2619, GNorm = 0.1956, lr_0 = 3.3937e-04
Validation auc = 0.973918
Epoch 15
Loss = 5.1839e-02, PNorm = 38.2773, GNorm = 0.2611, lr_0 = 3.3610e-04
Loss = 3.3653e-02, PNorm = 38.3066, GNorm = 0.2237, lr_0 = 3.3287e-04
Loss = 3.2774e-02, PNorm = 38.3159, GNorm = 0.1789, lr_0 = 3.2966e-04
Loss = 4.9394e-02, PNorm = 38.3179, GNorm = 0.2235, lr_0 = 3.2649e-04
Loss = 5.3544e-02, PNorm = 38.3326, GNorm = 0.1899, lr_0 = 3.2334e-04
Loss = 2.2918e-02, PNorm = 38.3488, GNorm = 0.1366, lr_0 = 3.2023e-04
Loss = 4.4603e-02, PNorm = 38.3557, GNorm = 0.1354, lr_0 = 3.1715e-04
Loss = 5.1704e-02, PNorm = 38.3690, GNorm = 0.2310, lr_0 = 3.1409e-04
Loss = 5.2247e-02, PNorm = 38.3918, GNorm = 0.1950, lr_0 = 3.1107e-04
Validation auc = 0.970971
Epoch 16
Loss = 3.3835e-02, PNorm = 38.4093, GNorm = 0.3355, lr_0 = 3.0807e-04
Loss = 5.7152e-02, PNorm = 38.4138, GNorm = 0.1506, lr_0 = 3.0511e-04
Loss = 2.5811e-02, PNorm = 38.4307, GNorm = 0.1441, lr_0 = 3.0217e-04
Loss = 5.9917e-02, PNorm = 38.4329, GNorm = 0.3964, lr_0 = 2.9926e-04
Loss = 3.5216e-02, PNorm = 38.4395, GNorm = 0.1372, lr_0 = 2.9638e-04
Loss = 5.3475e-02, PNorm = 38.4564, GNorm = 0.2969, lr_0 = 2.9353e-04
Loss = 3.9737e-02, PNorm = 38.4686, GNorm = 0.1082, lr_0 = 2.9070e-04
Loss = 3.1345e-02, PNorm = 38.4831, GNorm = 0.1251, lr_0 = 2.8790e-04
Validation auc = 0.969963
Epoch 17
Loss = 2.1691e-02, PNorm = 38.4957, GNorm = 0.1195, lr_0 = 2.8485e-04
Loss = 4.2862e-02, PNorm = 38.5095, GNorm = 0.3140, lr_0 = 2.8211e-04
Loss = 2.9974e-02, PNorm = 38.5177, GNorm = 0.1955, lr_0 = 2.7939e-04
Loss = 5.1800e-02, PNorm = 38.5314, GNorm = 0.1660, lr_0 = 2.7670e-04
Loss = 2.9963e-02, PNorm = 38.5429, GNorm = 0.1623, lr_0 = 2.7404e-04
Loss = 5.2393e-02, PNorm = 38.5465, GNorm = 0.1782, lr_0 = 2.7140e-04
Loss = 6.0160e-02, PNorm = 38.5626, GNorm = 0.2592, lr_0 = 2.6879e-04
Loss = 3.0904e-02, PNorm = 38.5845, GNorm = 0.1890, lr_0 = 2.6620e-04
Loss = 3.3763e-02, PNorm = 38.5957, GNorm = 0.2969, lr_0 = 2.6364e-04
Validation auc = 0.967236
Epoch 18
Loss = 5.3502e-02, PNorm = 38.5970, GNorm = 0.3916, lr_0 = 2.6110e-04
Loss = 4.0395e-02, PNorm = 38.6160, GNorm = 0.3461, lr_0 = 2.5859e-04
Loss = 3.1920e-02, PNorm = 38.6275, GNorm = 0.2258, lr_0 = 2.5610e-04
Loss = 1.6585e-02, PNorm = 38.6420, GNorm = 0.0659, lr_0 = 2.5363e-04
Loss = 2.9238e-02, PNorm = 38.6508, GNorm = 0.3806, lr_0 = 2.5119e-04
Loss = 4.8522e-02, PNorm = 38.6494, GNorm = 0.1134, lr_0 = 2.4877e-04
Loss = 4.0175e-02, PNorm = 38.6610, GNorm = 0.1749, lr_0 = 2.4638e-04
Loss = 4.4260e-02, PNorm = 38.6707, GNorm = 0.1112, lr_0 = 2.4400e-04
Validation auc = 0.968936
Epoch 19
Loss = 5.0916e-02, PNorm = 38.6755, GNorm = 0.2260, lr_0 = 2.4165e-04
Loss = 4.5985e-02, PNorm = 38.6885, GNorm = 0.1538, lr_0 = 2.3933e-04
Loss = 3.0383e-02, PNorm = 38.7051, GNorm = 0.0649, lr_0 = 2.3702e-04
Loss = 5.2028e-02, PNorm = 38.7094, GNorm = 0.4647, lr_0 = 2.3474e-04
Loss = 4.3533e-02, PNorm = 38.7162, GNorm = 0.1600, lr_0 = 2.3248e-04
Loss = 4.2269e-02, PNorm = 38.7352, GNorm = 0.2680, lr_0 = 2.3024e-04
Loss = 4.4224e-02, PNorm = 38.7488, GNorm = 0.3884, lr_0 = 2.2803e-04
Loss = 2.8598e-02, PNorm = 38.7558, GNorm = 0.1861, lr_0 = 2.2583e-04
Loss = 3.7699e-02, PNorm = 38.7630, GNorm = 0.3068, lr_0 = 2.2366e-04
Validation auc = 0.970504
Epoch 20
Loss = 3.3603e-02, PNorm = 38.7705, GNorm = 0.2235, lr_0 = 2.2129e-04
Loss = 5.5828e-02, PNorm = 38.7760, GNorm = 0.1750, lr_0 = 2.1916e-04
Loss = 2.7347e-02, PNorm = 38.7902, GNorm = 0.3780, lr_0 = 2.1705e-04
Loss = 3.4891e-02, PNorm = 38.8024, GNorm = 0.2727, lr_0 = 2.1496e-04
Loss = 2.4104e-02, PNorm = 38.8029, GNorm = 0.1038, lr_0 = 2.1289e-04
Loss = 3.1244e-02, PNorm = 38.8071, GNorm = 0.1893, lr_0 = 2.1084e-04
Loss = 5.3421e-02, PNorm = 38.8132, GNorm = 0.2065, lr_0 = 2.0881e-04
Loss = 5.7403e-02, PNorm = 38.8246, GNorm = 0.3245, lr_0 = 2.0680e-04
Validation auc = 0.964044
Epoch 21
Loss = 4.7854e-02, PNorm = 38.8348, GNorm = 0.2500, lr_0 = 2.0481e-04
Loss = 3.7863e-02, PNorm = 38.8411, GNorm = 0.1400, lr_0 = 2.0283e-04
Loss = 3.7923e-02, PNorm = 38.8465, GNorm = 0.2940, lr_0 = 2.0088e-04
Loss = 2.6420e-02, PNorm = 38.8553, GNorm = 0.1366, lr_0 = 1.9895e-04
Loss = 3.7142e-02, PNorm = 38.8650, GNorm = 0.1641, lr_0 = 1.9703e-04
Loss = 3.4195e-02, PNorm = 38.8744, GNorm = 0.0709, lr_0 = 1.9514e-04
Loss = 5.4842e-02, PNorm = 38.8810, GNorm = 0.5845, lr_0 = 1.9326e-04
Loss = 3.6521e-02, PNorm = 38.8834, GNorm = 0.1454, lr_0 = 1.9140e-04
Loss = 2.9920e-02, PNorm = 38.9013, GNorm = 0.2165, lr_0 = 1.8955e-04
Validation auc = 0.967347
Epoch 22
Loss = 2.7935e-02, PNorm = 38.9052, GNorm = 0.0672, lr_0 = 1.8773e-04
Loss = 2.9638e-02, PNorm = 38.9069, GNorm = 0.1871, lr_0 = 1.8592e-04
Loss = 3.8484e-02, PNorm = 38.9167, GNorm = 0.1201, lr_0 = 1.8413e-04
Loss = 4.0901e-02, PNorm = 38.9226, GNorm = 0.0768, lr_0 = 1.8236e-04
Loss = 4.9144e-02, PNorm = 38.9238, GNorm = 0.3461, lr_0 = 1.8060e-04
Loss = 5.0162e-02, PNorm = 38.9360, GNorm = 0.2204, lr_0 = 1.7886e-04
Loss = 2.1730e-02, PNorm = 38.9508, GNorm = 0.0698, lr_0 = 1.7714e-04
Loss = 3.6514e-02, PNorm = 38.9551, GNorm = 0.0731, lr_0 = 1.7544e-04
Validation auc = 0.969828
Epoch 23
Loss = 8.8673e-02, PNorm = 38.9606, GNorm = 0.2652, lr_0 = 1.7358e-04
Loss = 2.4139e-02, PNorm = 38.9720, GNorm = 0.1226, lr_0 = 1.7191e-04
Loss = 3.3879e-02, PNorm = 38.9784, GNorm = 0.0953, lr_0 = 1.7025e-04
Loss = 3.3627e-02, PNorm = 38.9805, GNorm = 0.2390, lr_0 = 1.6861e-04
Loss = 3.5315e-02, PNorm = 38.9892, GNorm = 0.2241, lr_0 = 1.6699e-04
Loss = 2.6891e-02, PNorm = 38.9948, GNorm = 0.0875, lr_0 = 1.6538e-04
Loss = 2.8867e-02, PNorm = 39.0030, GNorm = 0.0845, lr_0 = 1.6379e-04
Loss = 4.0838e-02, PNorm = 39.0048, GNorm = 0.2719, lr_0 = 1.6221e-04
Loss = 3.6623e-02, PNorm = 39.0117, GNorm = 0.1994, lr_0 = 1.6065e-04
Validation auc = 0.966725
Epoch 24
Loss = 4.1345e-02, PNorm = 39.0235, GNorm = 0.4845, lr_0 = 1.5910e-04
Loss = 3.0865e-02, PNorm = 39.0300, GNorm = 0.0461, lr_0 = 1.5757e-04
Loss = 2.7431e-02, PNorm = 39.0356, GNorm = 0.2219, lr_0 = 1.5605e-04
Loss = 2.7364e-02, PNorm = 39.0418, GNorm = 0.1704, lr_0 = 1.5455e-04
Loss = 4.4402e-02, PNorm = 39.0431, GNorm = 0.0954, lr_0 = 1.5306e-04
Loss = 4.2308e-02, PNorm = 39.0433, GNorm = 0.4298, lr_0 = 1.5159e-04
Loss = 4.3088e-02, PNorm = 39.0574, GNorm = 0.2168, lr_0 = 1.5013e-04
Loss = 2.6582e-02, PNorm = 39.0707, GNorm = 0.0753, lr_0 = 1.4869e-04
Loss = 3.9937e-02, PNorm = 39.0712, GNorm = 0.1038, lr_0 = 1.4725e-04
Validation auc = 0.966399
Epoch 25
Loss = 3.4691e-02, PNorm = 39.0727, GNorm = 0.4492, lr_0 = 1.4584e-04
Loss = 4.1563e-02, PNorm = 39.0755, GNorm = 0.2088, lr_0 = 1.4443e-04
Loss = 2.0285e-02, PNorm = 39.0884, GNorm = 0.0618, lr_0 = 1.4304e-04
Loss = 3.8092e-02, PNorm = 39.0954, GNorm = 0.1144, lr_0 = 1.4166e-04
Loss = 3.7597e-02, PNorm = 39.0998, GNorm = 0.7393, lr_0 = 1.4030e-04
Loss = 1.9606e-02, PNorm = 39.1018, GNorm = 0.1255, lr_0 = 1.3895e-04
Loss = 3.6262e-02, PNorm = 39.1051, GNorm = 0.2198, lr_0 = 1.3761e-04
Loss = 4.1583e-02, PNorm = 39.1086, GNorm = 0.4656, lr_0 = 1.3629e-04
Validation auc = 0.965684
Epoch 26
Loss = 3.9852e-02, PNorm = 39.1164, GNorm = 0.1828, lr_0 = 1.3484e-04
Loss = 3.1330e-02, PNorm = 39.1246, GNorm = 0.2967, lr_0 = 1.3355e-04
Loss = 4.2782e-02, PNorm = 39.1292, GNorm = 0.1581, lr_0 = 1.3226e-04
Loss = 4.4554e-02, PNorm = 39.1368, GNorm = 0.1020, lr_0 = 1.3099e-04
Loss = 4.3954e-02, PNorm = 39.1418, GNorm = 0.1609, lr_0 = 1.2973e-04
Loss = 3.4425e-02, PNorm = 39.1426, GNorm = 0.5779, lr_0 = 1.2848e-04
Loss = 3.9705e-02, PNorm = 39.1466, GNorm = 0.2919, lr_0 = 1.2724e-04
Loss = 2.9099e-02, PNorm = 39.1550, GNorm = 0.1931, lr_0 = 1.2601e-04
Loss = 2.0147e-02, PNorm = 39.1607, GNorm = 0.2193, lr_0 = 1.2480e-04
Validation auc = 0.962812
Epoch 27
Loss = 1.2360e-02, PNorm = 39.1609, GNorm = 0.2498, lr_0 = 1.2360e-04
Loss = 3.9540e-02, PNorm = 39.1632, GNorm = 0.3747, lr_0 = 1.2241e-04
Loss = 3.9746e-02, PNorm = 39.1733, GNorm = 0.2781, lr_0 = 1.2123e-04
Loss = 3.7892e-02, PNorm = 39.1829, GNorm = 0.3605, lr_0 = 1.2006e-04
Loss = 4.2572e-02, PNorm = 39.1857, GNorm = 0.2968, lr_0 = 1.1891e-04
Loss = 2.3359e-02, PNorm = 39.1910, GNorm = 0.2889, lr_0 = 1.1776e-04
Loss = 1.9530e-02, PNorm = 39.1987, GNorm = 0.0934, lr_0 = 1.1663e-04
Loss = 3.7892e-02, PNorm = 39.2002, GNorm = 0.9617, lr_0 = 1.1551e-04
Validation auc = 0.971417
Epoch 28
Loss = 4.9066e-02, PNorm = 39.2000, GNorm = 0.2568, lr_0 = 1.1428e-04
Loss = 3.3409e-02, PNorm = 39.2080, GNorm = 0.4696, lr_0 = 1.1318e-04
Loss = 2.1983e-02, PNorm = 39.2134, GNorm = 0.1607, lr_0 = 1.1209e-04
Loss = 4.6592e-02, PNorm = 39.2135, GNorm = 0.1534, lr_0 = 1.1101e-04
Loss = 1.8306e-02, PNorm = 39.2197, GNorm = 0.0917, lr_0 = 1.0995e-04
Loss = 3.1571e-02, PNorm = 39.2240, GNorm = 0.0761, lr_0 = 1.0889e-04
Loss = 3.3643e-02, PNorm = 39.2256, GNorm = 0.0812, lr_0 = 1.0784e-04
Loss = 1.8223e-02, PNorm = 39.2288, GNorm = 0.1305, lr_0 = 1.0680e-04
Loss = 5.4073e-02, PNorm = 39.2270, GNorm = 0.2237, lr_0 = 1.0577e-04
Validation auc = 0.970971
Epoch 29
Loss = 4.1166e-02, PNorm = 39.2296, GNorm = 0.2155, lr_0 = 1.0475e-04
Loss = 2.5885e-02, PNorm = 39.2405, GNorm = 0.2801, lr_0 = 1.0374e-04
Loss = 2.9819e-02, PNorm = 39.2473, GNorm = 0.1961, lr_0 = 1.0275e-04
Loss = 3.5413e-02, PNorm = 39.2480, GNorm = 0.3092, lr_0 = 1.0176e-04
Loss = 3.1296e-02, PNorm = 39.2521, GNorm = 0.4497, lr_0 = 1.0078e-04
Loss = 4.1991e-02, PNorm = 39.2551, GNorm = 0.2334, lr_0 = 1.0000e-04
Loss = 2.9809e-02, PNorm = 39.2587, GNorm = 0.2383, lr_0 = 1.0000e-04
Loss = 4.2322e-02, PNorm = 39.2605, GNorm = 0.5751, lr_0 = 1.0000e-04
Validation auc = 0.970249
Model 0 best validation auc = 0.973918 on epoch 14
Loading pretrained parameter "encoder.encoder.0.cached_zero_vector".
Loading pretrained parameter "encoder.encoder.0.W_i.weight".
Loading pretrained parameter "encoder.encoder.0.W_h.weight".
Loading pretrained parameter "encoder.encoder.0.W_o.weight".
Loading pretrained parameter "encoder.encoder.0.W_o.bias".
Loading pretrained parameter "ffn.1.weight".
Loading pretrained parameter "ffn.1.bias".
Loading pretrained parameter "ffn.4.weight".
Loading pretrained parameter "ffn.4.bias".
Moving model to cuda
Model 0 test auc = 0.776913
Ensemble test auc = 0.776913
Fold 1
Splitting data with seed 1
Total scaffolds = 3,467 | train scaffolds = 2,658 | val scaffolds = 399 | test scaffolds = 410
Label averages per scaffold, in decreasing order of scaffold frequency,capped at 10 scaffolds and 20 labels:
Scaffold 0
Task 0: count = 381 | target average = 0.018373
Task 1: count = 381 | target average = 0.013123


Scaffold 1
Task 0: count = 305 | target average = 0.009836
Task 1: count = 305 | target average = 0.016393


Scaffold 2
Task 0: count = 36 | target average = 0.000000
Task 1: count = 36 | target average = 0.000000


Scaffold 3
Task 0: count = 29 | target average = 0.000000
Task 1: count = 29 | target average = 0.000000


Scaffold 4
Task 0: count = 26 | target average = 0.000000
Task 1: count = 26 | target average = 0.000000


Scaffold 5
Task 0: count = 23 | target average = 0.000000
Task 1: count = 23 | target average = 0.000000


Scaffold 6
Task 0: count = 22 | target average = 0.090909
Task 1: count = 22 | target average = 0.090909


Scaffold 7
Task 0: count = 20 | target average = 0.050000
Task 1: count = 20 | target average = 0.000000


Scaffold 8
Task 0: count = 20 | target average = 0.000000
Task 1: count = 20 | target average = 0.000000


Scaffold 9
Task 0: count = 20 | target average = 0.000000
Task 1: count = 20 | target average = 0.000000


Class sizes
hit_inh 0: 97.83%, 1: 2.17%
hit_kill 0: 98.64%, 1: 1.36%
Total size = 5,353 | train size = 4,282 | val size = 535 | test size = 536
Building model 0
MoleculeModel(
  (sigmoid): Sigmoid()
  (encoder): MPN(
    (encoder): ModuleList(
      (0): MPNEncoder(
        (dropout_layer): Dropout(p=0.25, inplace=False)
        (act_func): ReLU()
        (W_i): Linear(in_features=147, out_features=300, bias=False)
        (W_h): Linear(in_features=300, out_features=300, bias=False)
        (W_o): Linear(in_features=433, out_features=300, bias=True)
      )
    )
  )
  (ffn): Sequential(
    (0): Dropout(p=0.25, inplace=False)
    (1): Linear(in_features=500, out_features=300, bias=True)
    (2): ReLU()
    (3): Dropout(p=0.25, inplace=False)
    (4): Linear(in_features=300, out_features=2, bias=True)
  )
)
Number of parameters = 415,202
Moving model to cuda
Epoch 0
Loss = 3.7167e-01, PNorm = 35.1022, GNorm = 1.0748, lr_0 = 1.5824e-04
Loss = 1.0807e-01, PNorm = 35.1156, GNorm = 0.3815, lr_0 = 2.1118e-04
Loss = 9.4751e-02, PNorm = 35.1236, GNorm = 1.1163, lr_0 = 2.6412e-04
Loss = 9.0614e-02, PNorm = 35.1230, GNorm = 0.2059, lr_0 = 3.1706e-04
Loss = 9.4007e-02, PNorm = 35.1231, GNorm = 0.1997, lr_0 = 3.7000e-04
Loss = 1.2226e-01, PNorm = 35.1226, GNorm = 0.2183, lr_0 = 4.2294e-04
Loss = 1.1351e-01, PNorm = 35.1284, GNorm = 0.2106, lr_0 = 4.7588e-04
Loss = 1.0812e-01, PNorm = 35.1357, GNorm = 0.2256, lr_0 = 5.2882e-04
Validation auc = 0.681209
Epoch 1
Loss = 5.6785e-02, PNorm = 35.1482, GNorm = 0.2961, lr_0 = 5.8706e-04
Loss = 1.0191e-01, PNorm = 35.1544, GNorm = 0.2223, lr_0 = 6.4000e-04
Loss = 1.0129e-01, PNorm = 35.1699, GNorm = 0.2089, lr_0 = 6.9294e-04
Loss = 8.1051e-02, PNorm = 35.1885, GNorm = 0.1957, lr_0 = 7.4588e-04
Loss = 7.0708e-02, PNorm = 35.2028, GNorm = 0.2963, lr_0 = 7.9882e-04
Loss = 6.9110e-02, PNorm = 35.2169, GNorm = 0.1694, lr_0 = 8.5176e-04
Loss = 8.7522e-02, PNorm = 35.2320, GNorm = 0.2277, lr_0 = 9.0471e-04
Loss = 8.9336e-02, PNorm = 35.2605, GNorm = 0.1706, lr_0 = 9.5765e-04
Loss = 1.1534e-01, PNorm = 35.2884, GNorm = 0.3927, lr_0 = 9.9807e-04
Validation auc = 0.801123
Epoch 2
Loss = 8.0233e-02, PNorm = 35.3425, GNorm = 0.0904, lr_0 = 9.8846e-04
Loss = 9.4312e-02, PNorm = 35.3685, GNorm = 0.2753, lr_0 = 9.7894e-04
Loss = 8.0422e-02, PNorm = 35.4182, GNorm = 0.1241, lr_0 = 9.6952e-04
Loss = 8.3944e-02, PNorm = 35.4442, GNorm = 0.2245, lr_0 = 9.6018e-04
Loss = 5.0504e-02, PNorm = 35.4809, GNorm = 0.1326, lr_0 = 9.5094e-04
Loss = 6.4512e-02, PNorm = 35.5006, GNorm = 0.1584, lr_0 = 9.4178e-04
Loss = 8.8475e-02, PNorm = 35.5139, GNorm = 0.1738, lr_0 = 9.3271e-04
Loss = 7.8266e-02, PNorm = 35.5492, GNorm = 0.3003, lr_0 = 9.2373e-04
Validation auc = 0.874789
Epoch 3
Loss = 1.2074e-01, PNorm = 35.5757, GNorm = 0.2454, lr_0 = 9.1395e-04
Loss = 9.4081e-02, PNorm = 35.6141, GNorm = 0.2520, lr_0 = 9.0515e-04
Loss = 4.9138e-02, PNorm = 35.6420, GNorm = 0.2019, lr_0 = 8.9644e-04
Loss = 6.8083e-02, PNorm = 35.6650, GNorm = 0.3586, lr_0 = 8.8781e-04
Loss = 6.5068e-02, PNorm = 35.6896, GNorm = 0.1350, lr_0 = 8.7926e-04
Loss = 7.0483e-02, PNorm = 35.7196, GNorm = 0.1770, lr_0 = 8.7080e-04
Loss = 7.0990e-02, PNorm = 35.7508, GNorm = 0.1774, lr_0 = 8.6241e-04
Loss = 1.0090e-01, PNorm = 35.7779, GNorm = 0.1972, lr_0 = 8.5411e-04
Loss = 6.9508e-02, PNorm = 35.8141, GNorm = 0.1818, lr_0 = 8.4588e-04
Validation auc = 0.837436
Epoch 4
Loss = 3.7048e-02, PNorm = 35.8476, GNorm = 0.0908, lr_0 = 8.3774e-04
Loss = 6.9729e-02, PNorm = 35.8764, GNorm = 0.4018, lr_0 = 8.2967e-04
Loss = 8.7298e-02, PNorm = 35.9088, GNorm = 0.2198, lr_0 = 8.2169e-04
Loss = 6.6906e-02, PNorm = 35.9583, GNorm = 0.3252, lr_0 = 8.1377e-04
Loss = 8.1579e-02, PNorm = 35.9764, GNorm = 0.2089, lr_0 = 8.0594e-04
Loss = 5.7710e-02, PNorm = 36.0287, GNorm = 0.3618, lr_0 = 7.9818e-04
Loss = 8.7256e-02, PNorm = 36.0409, GNorm = 0.1686, lr_0 = 7.9050e-04
Loss = 8.6565e-02, PNorm = 36.0679, GNorm = 0.1767, lr_0 = 7.8288e-04
Validation auc = 0.844219
Epoch 5
Loss = 6.2358e-02, PNorm = 36.1212, GNorm = 0.2377, lr_0 = 7.7535e-04
Loss = 6.8151e-02, PNorm = 36.1363, GNorm = 0.1397, lr_0 = 7.6788e-04
Loss = 5.9807e-02, PNorm = 36.1654, GNorm = 0.1816, lr_0 = 7.6049e-04
Loss = 4.5537e-02, PNorm = 36.2061, GNorm = 0.2422, lr_0 = 7.5317e-04
Loss = 7.7643e-02, PNorm = 36.2141, GNorm = 0.1568, lr_0 = 7.4591e-04
Loss = 7.2778e-02, PNorm = 36.2467, GNorm = 0.3952, lr_0 = 7.3873e-04
Loss = 7.3571e-02, PNorm = 36.2861, GNorm = 0.3105, lr_0 = 7.3162e-04
Loss = 6.9992e-02, PNorm = 36.3205, GNorm = 0.1405, lr_0 = 7.2458e-04
Loss = 6.9672e-02, PNorm = 36.3468, GNorm = 0.1488, lr_0 = 7.1760e-04
Validation auc = 0.860127
Epoch 6
Loss = 6.9820e-02, PNorm = 36.3917, GNorm = 0.2047, lr_0 = 7.1000e-04
Loss = 8.0941e-02, PNorm = 36.4206, GNorm = 0.1992, lr_0 = 7.0317e-04
Loss = 5.0848e-02, PNorm = 36.4653, GNorm = 0.1627, lr_0 = 6.9640e-04
Loss = 4.7416e-02, PNorm = 36.5020, GNorm = 0.2143, lr_0 = 6.8969e-04
Loss = 5.3070e-02, PNorm = 36.5256, GNorm = 0.0822, lr_0 = 6.8305e-04
Loss = 6.5141e-02, PNorm = 36.5561, GNorm = 0.1429, lr_0 = 6.7648e-04
Loss = 6.2545e-02, PNorm = 36.5852, GNorm = 0.3013, lr_0 = 6.6996e-04
Loss = 8.9775e-02, PNorm = 36.6171, GNorm = 0.1974, lr_0 = 6.6351e-04
Validation auc = 0.872896
Epoch 7
Loss = 1.5339e-02, PNorm = 36.6743, GNorm = 0.0873, lr_0 = 6.5712e-04
Loss = 5.5798e-02, PNorm = 36.7241, GNorm = 0.0850, lr_0 = 6.5080e-04
Loss = 7.7577e-02, PNorm = 36.7535, GNorm = 0.5324, lr_0 = 6.4453e-04
Loss = 8.6653e-02, PNorm = 36.7970, GNorm = 0.2229, lr_0 = 6.3833e-04
Loss = 6.9120e-02, PNorm = 36.8454, GNorm = 0.1104, lr_0 = 6.3218e-04
Loss = 5.3365e-02, PNorm = 36.8985, GNorm = 0.5919, lr_0 = 6.2609e-04
Loss = 4.4722e-02, PNorm = 36.9300, GNorm = 0.1159, lr_0 = 6.2006e-04
Loss = 5.7812e-02, PNorm = 36.9716, GNorm = 0.3977, lr_0 = 6.1409e-04
Loss = 6.5121e-02, PNorm = 36.9869, GNorm = 0.1572, lr_0 = 6.0818e-04
Validation auc = 0.862152
Epoch 8
Loss = 2.9314e-02, PNorm = 37.0288, GNorm = 0.0871, lr_0 = 6.0233e-04
Loss = 4.7462e-02, PNorm = 37.0523, GNorm = 0.1049, lr_0 = 5.9653e-04
Loss = 5.3285e-02, PNorm = 37.0765, GNorm = 0.1501, lr_0 = 5.9078e-04
Loss = 4.5842e-02, PNorm = 37.0999, GNorm = 0.1021, lr_0 = 5.8510e-04
Loss = 4.7278e-02, PNorm = 37.1313, GNorm = 0.1095, lr_0 = 5.7946e-04
Loss = 6.5746e-02, PNorm = 37.1612, GNorm = 0.2418, lr_0 = 5.7388e-04
Loss = 4.9346e-02, PNorm = 37.2069, GNorm = 0.1268, lr_0 = 5.6836e-04
Loss = 7.3242e-02, PNorm = 37.2508, GNorm = 0.1378, lr_0 = 5.6289e-04
Loss = 8.2519e-02, PNorm = 37.2824, GNorm = 0.2589, lr_0 = 5.5747e-04
Loss = 1.5931e-02, PNorm = 37.2876, GNorm = 0.1400, lr_0 = 5.5693e-04
Validation auc = 0.818241
Epoch 9
Loss = 3.6654e-02, PNorm = 37.3397, GNorm = 0.1531, lr_0 = 5.5156e-04
Loss = 6.6466e-02, PNorm = 37.3753, GNorm = 0.1995, lr_0 = 5.4625e-04
Loss = 6.6258e-02, PNorm = 37.4227, GNorm = 0.1124, lr_0 = 5.4100e-04
Loss = 6.2166e-02, PNorm = 37.4559, GNorm = 0.5394, lr_0 = 5.3579e-04
Loss = 6.6781e-02, PNorm = 37.4867, GNorm = 0.0880, lr_0 = 5.3063e-04
Loss = 3.8540e-02, PNorm = 37.5344, GNorm = 0.1323, lr_0 = 5.2552e-04
Loss = 5.1131e-02, PNorm = 37.5414, GNorm = 0.1550, lr_0 = 5.2046e-04
Loss = 6.4786e-02, PNorm = 37.5683, GNorm = 0.1734, lr_0 = 5.1545e-04
Validation auc = 0.868607
Epoch 10
Loss = 3.1242e-02, PNorm = 37.5900, GNorm = 0.1699, lr_0 = 5.1049e-04
Loss = 4.5550e-02, PNorm = 37.6178, GNorm = 0.1226, lr_0 = 5.0557e-04
Loss = 3.8119e-02, PNorm = 37.6473, GNorm = 0.2301, lr_0 = 5.0070e-04
Loss = 5.4747e-02, PNorm = 37.6759, GNorm = 0.1703, lr_0 = 4.9588e-04
Loss = 6.4424e-02, PNorm = 37.6958, GNorm = 0.4336, lr_0 = 4.9111e-04
Loss = 7.8534e-02, PNorm = 37.7324, GNorm = 0.3236, lr_0 = 4.8638e-04
Loss = 4.2662e-02, PNorm = 37.7631, GNorm = 0.1937, lr_0 = 4.8170e-04
Loss = 5.1624e-02, PNorm = 37.7807, GNorm = 0.1320, lr_0 = 4.7706e-04
Loss = 5.7156e-02, PNorm = 37.8070, GNorm = 0.1249, lr_0 = 4.7247e-04
Validation auc = 0.847987
Epoch 11
Loss = 3.9733e-02, PNorm = 37.8290, GNorm = 0.0857, lr_0 = 4.6792e-04
Loss = 2.2357e-02, PNorm = 37.8517, GNorm = 0.2288, lr_0 = 4.6341e-04
Loss = 4.7742e-02, PNorm = 37.8629, GNorm = 0.1993, lr_0 = 4.5895e-04
Loss = 7.1436e-02, PNorm = 37.8813, GNorm = 0.3525, lr_0 = 4.5453e-04
Loss = 5.3901e-02, PNorm = 37.9188, GNorm = 0.0360, lr_0 = 4.5015e-04
Loss = 2.9987e-02, PNorm = 37.9319, GNorm = 0.0405, lr_0 = 4.4582e-04
Loss = 7.5752e-02, PNorm = 37.9347, GNorm = 0.2929, lr_0 = 4.4153e-04
Loss = 4.3466e-02, PNorm = 37.9795, GNorm = 0.1130, lr_0 = 4.3728e-04
Validation auc = 0.868036
Epoch 12
Loss = 2.3483e-02, PNorm = 38.0000, GNorm = 0.1267, lr_0 = 4.3265e-04
Loss = 4.1313e-02, PNorm = 38.0341, GNorm = 0.2697, lr_0 = 4.2848e-04
Loss = 5.1611e-02, PNorm = 38.0585, GNorm = 0.3553, lr_0 = 4.2436e-04
Loss = 2.2912e-02, PNorm = 38.0773, GNorm = 0.0882, lr_0 = 4.2027e-04
Loss = 6.4785e-02, PNorm = 38.0869, GNorm = 0.2439, lr_0 = 4.1622e-04
Loss = 4.5954e-02, PNorm = 38.1076, GNorm = 0.1460, lr_0 = 4.1222e-04
Loss = 8.0877e-02, PNorm = 38.1217, GNorm = 0.2744, lr_0 = 4.0825e-04
Loss = 5.2383e-02, PNorm = 38.1598, GNorm = 0.1862, lr_0 = 4.0432e-04
Loss = 6.8595e-02, PNorm = 38.1949, GNorm = 0.6639, lr_0 = 4.0042e-04
Validation auc = 0.862064
Epoch 13
Loss = 3.4747e-02, PNorm = 38.2037, GNorm = 0.2789, lr_0 = 3.9657e-04
Loss = 2.7233e-02, PNorm = 38.2362, GNorm = 0.0449, lr_0 = 3.9275e-04
Loss = 5.1044e-02, PNorm = 38.2460, GNorm = 0.1923, lr_0 = 3.8897e-04
Loss = 4.2924e-02, PNorm = 38.2553, GNorm = 0.1591, lr_0 = 3.8522e-04
Loss = 4.7638e-02, PNorm = 38.2779, GNorm = 0.2232, lr_0 = 3.8152e-04
Loss = 4.5163e-02, PNorm = 38.2980, GNorm = 0.2287, lr_0 = 3.7784e-04
Loss = 5.9818e-02, PNorm = 38.3128, GNorm = 0.3405, lr_0 = 3.7420e-04
Loss = 5.2105e-02, PNorm = 38.3352, GNorm = 0.2064, lr_0 = 3.7060e-04
Validation auc = 0.850364
Epoch 14
Loss = 4.4429e-02, PNorm = 38.3635, GNorm = 0.1495, lr_0 = 3.6668e-04
Loss = 3.6474e-02, PNorm = 38.3871, GNorm = 0.1035, lr_0 = 3.6315e-04
Loss = 8.0137e-02, PNorm = 38.3958, GNorm = 0.2733, lr_0 = 3.5965e-04
Loss = 4.0945e-02, PNorm = 38.4352, GNorm = 0.3518, lr_0 = 3.5619e-04
Loss = 3.9087e-02, PNorm = 38.4552, GNorm = 0.1871, lr_0 = 3.5276e-04
Loss = 3.8260e-02, PNorm = 38.4651, GNorm = 0.1968, lr_0 = 3.4936e-04
Loss = 7.5309e-02, PNorm = 38.4796, GNorm = 0.2238, lr_0 = 3.4600e-04
Loss = 4.3753e-02, PNorm = 38.5028, GNorm = 0.1646, lr_0 = 3.4267e-04
Loss = 2.9220e-02, PNorm = 38.5216, GNorm = 0.2125, lr_0 = 3.3937e-04
Validation auc = 0.866402
Epoch 15
Loss = 6.9305e-02, PNorm = 38.5304, GNorm = 0.1575, lr_0 = 3.3610e-04
Loss = 3.5679e-02, PNorm = 38.5456, GNorm = 0.1173, lr_0 = 3.3287e-04
Loss = 5.6207e-02, PNorm = 38.5502, GNorm = 0.4028, lr_0 = 3.2966e-04
Loss = 4.3804e-02, PNorm = 38.5572, GNorm = 0.1932, lr_0 = 3.2649e-04
Loss = 2.6260e-02, PNorm = 38.5764, GNorm = 0.2769, lr_0 = 3.2334e-04
Loss = 4.9138e-02, PNorm = 38.5926, GNorm = 0.1195, lr_0 = 3.2023e-04
Loss = 5.0699e-02, PNorm = 38.5992, GNorm = 0.2484, lr_0 = 3.1715e-04
Loss = 3.8780e-02, PNorm = 38.6189, GNorm = 0.2198, lr_0 = 3.1409e-04
Loss = 4.3574e-02, PNorm = 38.6346, GNorm = 0.1007, lr_0 = 3.1107e-04
Validation auc = 0.865019
Epoch 16
Loss = 5.0154e-02, PNorm = 38.6508, GNorm = 0.1692, lr_0 = 3.0807e-04
Loss = 2.7417e-02, PNorm = 38.6696, GNorm = 0.1105, lr_0 = 3.0511e-04
Loss = 5.2451e-02, PNorm = 38.6745, GNorm = 0.1497, lr_0 = 3.0217e-04
Loss = 3.7610e-02, PNorm = 38.6919, GNorm = 0.1571, lr_0 = 2.9926e-04
Loss = 5.0942e-02, PNorm = 38.7035, GNorm = 0.1604, lr_0 = 2.9638e-04
Loss = 5.9742e-02, PNorm = 38.7202, GNorm = 0.1902, lr_0 = 2.9353e-04
Loss = 3.5881e-02, PNorm = 38.7423, GNorm = 0.4940, lr_0 = 2.9070e-04
Loss = 2.3147e-02, PNorm = 38.7514, GNorm = 0.1258, lr_0 = 2.8790e-04
Validation auc = 0.854361
Epoch 17
Loss = 5.0365e-02, PNorm = 38.7611, GNorm = 0.1282, lr_0 = 2.8485e-04
Loss = 3.8787e-02, PNorm = 38.7692, GNorm = 0.2915, lr_0 = 2.8211e-04
Loss = 4.6769e-02, PNorm = 38.7798, GNorm = 0.1208, lr_0 = 2.7939e-04
Loss = 4.5590e-02, PNorm = 38.7937, GNorm = 0.2508, lr_0 = 2.7670e-04
Loss = 2.7660e-02, PNorm = 38.8164, GNorm = 0.0551, lr_0 = 2.7404e-04
Loss = 2.6006e-02, PNorm = 38.8238, GNorm = 0.1405, lr_0 = 2.7140e-04
Loss = 4.4930e-02, PNorm = 38.8254, GNorm = 0.4879, lr_0 = 2.6879e-04
Loss = 4.3156e-02, PNorm = 38.8403, GNorm = 0.1877, lr_0 = 2.6620e-04
Loss = 5.1022e-02, PNorm = 38.8510, GNorm = 0.2729, lr_0 = 2.6364e-04
Validation auc = 0.868016
Epoch 18
Loss = 3.5337e-02, PNorm = 38.8644, GNorm = 0.0973, lr_0 = 2.6110e-04
Loss = 4.4072e-02, PNorm = 38.8744, GNorm = 0.1958, lr_0 = 2.5859e-04
Loss = 5.8765e-02, PNorm = 38.8788, GNorm = 0.3276, lr_0 = 2.5610e-04
Loss = 4.6311e-02, PNorm = 38.9014, GNorm = 0.4541, lr_0 = 2.5363e-04
Loss = 5.6189e-02, PNorm = 38.9060, GNorm = 0.2141, lr_0 = 2.5119e-04
Loss = 2.7224e-02, PNorm = 38.9158, GNorm = 0.1424, lr_0 = 2.4877e-04
Loss = 3.8101e-02, PNorm = 38.9319, GNorm = 0.0979, lr_0 = 2.4638e-04
Loss = 3.5541e-02, PNorm = 38.9426, GNorm = 0.3301, lr_0 = 2.4400e-04
Validation auc = 0.851529
Epoch 19
Loss = 2.7550e-02, PNorm = 38.9532, GNorm = 0.2015, lr_0 = 2.4165e-04
Loss = 4.4094e-02, PNorm = 38.9580, GNorm = 0.2955, lr_0 = 2.3933e-04
Loss = 3.9911e-02, PNorm = 38.9601, GNorm = 0.0855, lr_0 = 2.3702e-04
Loss = 3.4702e-02, PNorm = 38.9710, GNorm = 0.2282, lr_0 = 2.3474e-04
Loss = 3.2990e-02, PNorm = 38.9854, GNorm = 0.2795, lr_0 = 2.3248e-04
Loss = 6.1769e-02, PNorm = 38.9907, GNorm = 0.2300, lr_0 = 2.3024e-04
Loss = 5.8752e-02, PNorm = 38.9973, GNorm = 0.4194, lr_0 = 2.2803e-04
Loss = 3.3323e-02, PNorm = 39.0137, GNorm = 0.2341, lr_0 = 2.2583e-04
Loss = 3.2936e-02, PNorm = 39.0177, GNorm = 0.0871, lr_0 = 2.2366e-04
Validation auc = 0.868582
Epoch 20
Loss = 3.2515e-02, PNorm = 39.0284, GNorm = 0.2211, lr_0 = 2.2129e-04
Loss = 3.8011e-02, PNorm = 39.0404, GNorm = 0.1353, lr_0 = 2.1916e-04
Loss = 3.7036e-02, PNorm = 39.0486, GNorm = 0.0642, lr_0 = 2.1705e-04
Loss = 2.8386e-02, PNorm = 39.0542, GNorm = 0.1018, lr_0 = 2.1496e-04
Loss = 3.8810e-02, PNorm = 39.0608, GNorm = 0.1031, lr_0 = 2.1289e-04
Loss = 4.4178e-02, PNorm = 39.0656, GNorm = 0.2998, lr_0 = 2.1084e-04
Loss = 2.6875e-02, PNorm = 39.0810, GNorm = 0.1577, lr_0 = 2.0881e-04
Loss = 3.6337e-02, PNorm = 39.0920, GNorm = 0.4216, lr_0 = 2.0680e-04
Validation auc = 0.865011
Epoch 21
Loss = 3.1398e-02, PNorm = 39.0882, GNorm = 0.2868, lr_0 = 2.0481e-04
Loss = 3.2449e-02, PNorm = 39.1047, GNorm = 0.1527, lr_0 = 2.0283e-04
Loss = 2.3239e-02, PNorm = 39.1156, GNorm = 0.1118, lr_0 = 2.0088e-04
Loss = 5.9165e-02, PNorm = 39.1145, GNorm = 0.2488, lr_0 = 1.9895e-04
Loss = 4.0052e-02, PNorm = 39.1241, GNorm = 0.1897, lr_0 = 1.9703e-04
Loss = 4.1235e-02, PNorm = 39.1354, GNorm = 0.1496, lr_0 = 1.9514e-04
Loss = 3.9984e-02, PNorm = 39.1455, GNorm = 0.1724, lr_0 = 1.9326e-04
Loss = 2.7634e-02, PNorm = 39.1561, GNorm = 0.1400, lr_0 = 1.9140e-04
Loss = 4.7932e-02, PNorm = 39.1638, GNorm = 0.6331, lr_0 = 1.8955e-04
Validation auc = 0.859491
Epoch 22
Loss = 1.2082e-02, PNorm = 39.1686, GNorm = 0.2069, lr_0 = 1.8773e-04
Loss = 4.9449e-02, PNorm = 39.1698, GNorm = 0.1471, lr_0 = 1.8592e-04
Loss = 2.4126e-02, PNorm = 39.1780, GNorm = 0.1443, lr_0 = 1.8413e-04
Loss = 2.8301e-02, PNorm = 39.1906, GNorm = 0.0860, lr_0 = 1.8236e-04
Loss = 5.3597e-02, PNorm = 39.1915, GNorm = 0.1983, lr_0 = 1.8060e-04
Loss = 2.5447e-02, PNorm = 39.2002, GNorm = 0.2547, lr_0 = 1.7886e-04
Loss = 5.8048e-02, PNorm = 39.2127, GNorm = 0.3534, lr_0 = 1.7714e-04
Loss = 4.4614e-02, PNorm = 39.2166, GNorm = 0.2589, lr_0 = 1.7544e-04
Validation auc = 0.854682
Epoch 23
Loss = 5.1542e-02, PNorm = 39.2275, GNorm = 0.2692, lr_0 = 1.7358e-04
Loss = 2.8151e-02, PNorm = 39.2377, GNorm = 0.5476, lr_0 = 1.7191e-04
Loss = 6.2473e-02, PNorm = 39.2362, GNorm = 0.1141, lr_0 = 1.7025e-04
Loss = 2.0602e-02, PNorm = 39.2470, GNorm = 0.2012, lr_0 = 1.6861e-04
Loss = 3.4087e-02, PNorm = 39.2559, GNorm = 0.0714, lr_0 = 1.6699e-04
Loss = 3.3945e-02, PNorm = 39.2646, GNorm = 0.2595, lr_0 = 1.6538e-04
Loss = 2.0814e-02, PNorm = 39.2735, GNorm = 0.3393, lr_0 = 1.6379e-04
Loss = 3.9293e-02, PNorm = 39.2771, GNorm = 0.1850, lr_0 = 1.6221e-04
Loss = 4.1751e-02, PNorm = 39.2856, GNorm = 0.1876, lr_0 = 1.6065e-04
Validation auc = 0.863310
Epoch 24
Loss = 5.8949e-02, PNorm = 39.2870, GNorm = 0.3165, lr_0 = 1.5910e-04
Loss = 3.0128e-02, PNorm = 39.2977, GNorm = 0.2202, lr_0 = 1.5757e-04
Loss = 4.3768e-02, PNorm = 39.3078, GNorm = 0.2444, lr_0 = 1.5605e-04
Loss = 2.8088e-02, PNorm = 39.3129, GNorm = 0.1631, lr_0 = 1.5455e-04
Loss = 4.1114e-02, PNorm = 39.3159, GNorm = 0.1448, lr_0 = 1.5306e-04
Loss = 2.9977e-02, PNorm = 39.3231, GNorm = 0.1291, lr_0 = 1.5159e-04
Loss = 3.9040e-02, PNorm = 39.3287, GNorm = 0.2293, lr_0 = 1.5013e-04
Loss = 2.6047e-02, PNorm = 39.3289, GNorm = 0.0614, lr_0 = 1.4869e-04
Loss = 3.7976e-02, PNorm = 39.3358, GNorm = 0.1249, lr_0 = 1.4725e-04
Validation auc = 0.866442
Epoch 25
Loss = 3.8903e-02, PNorm = 39.3406, GNorm = 0.3017, lr_0 = 1.4584e-04
Loss = 2.9562e-02, PNorm = 39.3474, GNorm = 0.2055, lr_0 = 1.4443e-04
Loss = 3.7292e-02, PNorm = 39.3576, GNorm = 0.4325, lr_0 = 1.4304e-04
Loss = 4.9064e-02, PNorm = 39.3608, GNorm = 0.2066, lr_0 = 1.4166e-04
Loss = 2.3594e-02, PNorm = 39.3723, GNorm = 0.2272, lr_0 = 1.4030e-04
Loss = 3.3312e-02, PNorm = 39.3791, GNorm = 0.3792, lr_0 = 1.3895e-04
Loss = 1.8980e-02, PNorm = 39.3842, GNorm = 0.1144, lr_0 = 1.3761e-04
Loss = 2.9376e-02, PNorm = 39.3862, GNorm = 0.1522, lr_0 = 1.3629e-04
Validation auc = 0.864327
Epoch 26
Loss = 3.5301e-02, PNorm = 39.3884, GNorm = 0.2776, lr_0 = 1.3484e-04
Loss = 3.2387e-02, PNorm = 39.3982, GNorm = 0.3016, lr_0 = 1.3355e-04
Loss = 2.2408e-02, PNorm = 39.4080, GNorm = 0.0798, lr_0 = 1.3226e-04
Loss = 2.9995e-02, PNorm = 39.4086, GNorm = 0.1361, lr_0 = 1.3099e-04
Loss = 4.8750e-02, PNorm = 39.4048, GNorm = 0.2405, lr_0 = 1.2973e-04
Loss = 4.0129e-02, PNorm = 39.4132, GNorm = 0.2467, lr_0 = 1.2848e-04
Loss = 2.7688e-02, PNorm = 39.4249, GNorm = 0.1350, lr_0 = 1.2724e-04
Loss = 4.5043e-02, PNorm = 39.4292, GNorm = 0.5811, lr_0 = 1.2601e-04
Loss = 2.4696e-02, PNorm = 39.4316, GNorm = 0.2280, lr_0 = 1.2480e-04
Validation auc = 0.867214
Epoch 27
Loss = 3.5920e-02, PNorm = 39.4346, GNorm = 0.1891, lr_0 = 1.2360e-04
Loss = 2.4357e-02, PNorm = 39.4424, GNorm = 0.1280, lr_0 = 1.2241e-04
Loss = 2.1180e-02, PNorm = 39.4507, GNorm = 0.1692, lr_0 = 1.2123e-04
Loss = 1.4980e-02, PNorm = 39.4597, GNorm = 0.0594, lr_0 = 1.2006e-04
Loss = 3.1961e-02, PNorm = 39.4618, GNorm = 0.0622, lr_0 = 1.1891e-04
Loss = 4.4756e-02, PNorm = 39.4598, GNorm = 0.3310, lr_0 = 1.1776e-04
Loss = 3.5815e-02, PNorm = 39.4656, GNorm = 0.2578, lr_0 = 1.1663e-04
Loss = 2.4491e-02, PNorm = 39.4738, GNorm = 0.1923, lr_0 = 1.1551e-04
Validation auc = 0.863747
Epoch 28
Loss = 8.3491e-02, PNorm = 39.4743, GNorm = 0.3137, lr_0 = 1.1428e-04
Loss = 2.6994e-02, PNorm = 39.4779, GNorm = 0.2659, lr_0 = 1.1318e-04
Loss = 3.4891e-02, PNorm = 39.4836, GNorm = 0.3761, lr_0 = 1.1209e-04
Loss = 3.0750e-02, PNorm = 39.4880, GNorm = 0.1130, lr_0 = 1.1101e-04
Loss = 2.3134e-02, PNorm = 39.4905, GNorm = 0.0810, lr_0 = 1.0995e-04
Loss = 3.9789e-02, PNorm = 39.4930, GNorm = 0.1106, lr_0 = 1.0889e-04
Loss = 3.3434e-02, PNorm = 39.4962, GNorm = 0.1148, lr_0 = 1.0784e-04
Loss = 3.9412e-02, PNorm = 39.5009, GNorm = 0.1546, lr_0 = 1.0680e-04
Loss = 2.3616e-02, PNorm = 39.5076, GNorm = 0.1934, lr_0 = 1.0577e-04
Validation auc = 0.860870
Epoch 29
Loss = 4.0303e-02, PNorm = 39.5128, GNorm = 0.3500, lr_0 = 1.0475e-04
Loss = 2.4936e-02, PNorm = 39.5147, GNorm = 0.4977, lr_0 = 1.0374e-04
Loss = 3.7359e-02, PNorm = 39.5170, GNorm = 0.2584, lr_0 = 1.0275e-04
Loss = 2.5929e-02, PNorm = 39.5227, GNorm = 0.2039, lr_0 = 1.0176e-04
Loss = 2.1825e-02, PNorm = 39.5276, GNorm = 0.0347, lr_0 = 1.0078e-04
Loss = 3.5191e-02, PNorm = 39.5285, GNorm = 0.0798, lr_0 = 1.0000e-04
Loss = 4.2908e-02, PNorm = 39.5299, GNorm = 0.3420, lr_0 = 1.0000e-04
Loss = 3.1322e-02, PNorm = 39.5345, GNorm = 0.2929, lr_0 = 1.0000e-04
Validation auc = 0.870820
Model 0 best validation auc = 0.874789 on epoch 2
Loading pretrained parameter "encoder.encoder.0.cached_zero_vector".
Loading pretrained parameter "encoder.encoder.0.W_i.weight".
Loading pretrained parameter "encoder.encoder.0.W_h.weight".
Loading pretrained parameter "encoder.encoder.0.W_o.weight".
Loading pretrained parameter "encoder.encoder.0.W_o.bias".
Loading pretrained parameter "ffn.1.weight".
Loading pretrained parameter "ffn.1.bias".
Loading pretrained parameter "ffn.4.weight".
Loading pretrained parameter "ffn.4.bias".
Moving model to cuda
Model 0 test auc = 0.841477
Ensemble test auc = 0.841477
Fold 2
Splitting data with seed 2
Total scaffolds = 3,467 | train scaffolds = 2,630 | val scaffolds = 419 | test scaffolds = 418
Label averages per scaffold, in decreasing order of scaffold frequency,capped at 10 scaffolds and 20 labels:
Scaffold 0
Task 0: count = 381 | target average = 0.018373
Task 1: count = 381 | target average = 0.013123


Scaffold 1
Task 0: count = 305 | target average = 0.009836
Task 1: count = 305 | target average = 0.016393


Scaffold 2
Task 0: count = 36 | target average = 0.000000
Task 1: count = 36 | target average = 0.000000


Scaffold 3
Task 0: count = 29 | target average = 0.000000
Task 1: count = 29 | target average = 0.000000


Scaffold 4
Task 0: count = 26 | target average = 0.000000
Task 1: count = 26 | target average = 0.000000


Scaffold 5
Task 0: count = 23 | target average = 0.000000
Task 1: count = 23 | target average = 0.000000


Scaffold 6
Task 0: count = 22 | target average = 0.090909
Task 1: count = 22 | target average = 0.090909


Scaffold 7
Task 0: count = 20 | target average = 0.000000
Task 1: count = 20 | target average = 0.000000


Scaffold 8
Task 0: count = 20 | target average = 0.000000
Task 1: count = 20 | target average = 0.000000


Scaffold 9
Task 0: count = 20 | target average = 0.050000
Task 1: count = 20 | target average = 0.000000


Class sizes
hit_inh 0: 97.83%, 1: 2.17%
hit_kill 0: 98.64%, 1: 1.36%
Total size = 5,353 | train size = 4,282 | val size = 535 | test size = 536
Building model 0
MoleculeModel(
  (sigmoid): Sigmoid()
  (encoder): MPN(
    (encoder): ModuleList(
      (0): MPNEncoder(
        (dropout_layer): Dropout(p=0.25, inplace=False)
        (act_func): ReLU()
        (W_i): Linear(in_features=147, out_features=300, bias=False)
        (W_h): Linear(in_features=300, out_features=300, bias=False)
        (W_o): Linear(in_features=433, out_features=300, bias=True)
      )
    )
  )
  (ffn): Sequential(
    (0): Dropout(p=0.25, inplace=False)
    (1): Linear(in_features=500, out_features=300, bias=True)
    (2): ReLU()
    (3): Dropout(p=0.25, inplace=False)
    (4): Linear(in_features=300, out_features=2, bias=True)
  )
)
Number of parameters = 415,202
Moving model to cuda
Epoch 0
Loss = 3.7711e-01, PNorm = 35.1021, GNorm = 1.0337, lr_0 = 1.5824e-04
Loss = 8.4011e-02, PNorm = 35.1158, GNorm = 0.2076, lr_0 = 2.1118e-04
Loss = 1.1235e-01, PNorm = 35.1231, GNorm = 0.4632, lr_0 = 2.6412e-04
Loss = 1.1221e-01, PNorm = 35.1210, GNorm = 0.3051, lr_0 = 3.1706e-04
Loss = 8.5255e-02, PNorm = 35.1191, GNorm = 0.2279, lr_0 = 3.7000e-04
Loss = 1.0814e-01, PNorm = 35.1199, GNorm = 0.2124, lr_0 = 4.2294e-04
Loss = 9.8187e-02, PNorm = 35.1270, GNorm = 0.3417, lr_0 = 4.7588e-04
Loss = 7.7918e-02, PNorm = 35.1343, GNorm = 0.2479, lr_0 = 5.2882e-04
Validation auc = 0.668470
Epoch 1
Loss = 7.1816e-02, PNorm = 35.1423, GNorm = 0.2796, lr_0 = 5.8706e-04
Loss = 8.1563e-02, PNorm = 35.1582, GNorm = 0.5695, lr_0 = 6.4000e-04
Loss = 4.2741e-02, PNorm = 35.1665, GNorm = 0.2380, lr_0 = 6.9294e-04
Loss = 1.2196e-01, PNorm = 35.1742, GNorm = 0.5537, lr_0 = 7.4588e-04
Loss = 8.2787e-02, PNorm = 35.2018, GNorm = 0.3132, lr_0 = 7.9882e-04
Loss = 9.0890e-02, PNorm = 35.2149, GNorm = 0.1933, lr_0 = 8.5176e-04
Loss = 1.0882e-01, PNorm = 35.2372, GNorm = 0.2012, lr_0 = 9.0471e-04
Loss = 1.1956e-01, PNorm = 35.2548, GNorm = 0.3057, lr_0 = 9.5765e-04
Loss = 6.2246e-02, PNorm = 35.2932, GNorm = 0.0721, lr_0 = 9.9807e-04
Validation auc = 0.793026
Epoch 2
Loss = 8.6016e-02, PNorm = 35.3082, GNorm = 0.2696, lr_0 = 9.8846e-04
Loss = 7.5297e-02, PNorm = 35.3435, GNorm = 0.4655, lr_0 = 9.7894e-04
Loss = 1.0270e-01, PNorm = 35.3659, GNorm = 0.1983, lr_0 = 9.6952e-04
Loss = 8.3983e-02, PNorm = 35.4018, GNorm = 0.4603, lr_0 = 9.6018e-04
Loss = 1.0586e-01, PNorm = 35.4175, GNorm = 0.2472, lr_0 = 9.5094e-04
Loss = 6.5546e-02, PNorm = 35.4653, GNorm = 0.1386, lr_0 = 9.4178e-04
Loss = 5.3504e-02, PNorm = 35.4844, GNorm = 0.0645, lr_0 = 9.3271e-04
Loss = 6.8794e-02, PNorm = 35.4947, GNorm = 0.1525, lr_0 = 9.2373e-04
Validation auc = 0.792899
Epoch 3
Loss = 8.7621e-02, PNorm = 35.5229, GNorm = 0.1980, lr_0 = 9.1395e-04
Loss = 9.4141e-02, PNorm = 35.5475, GNorm = 0.1762, lr_0 = 9.0515e-04
Loss = 8.3796e-02, PNorm = 35.5893, GNorm = 0.3327, lr_0 = 8.9644e-04
Loss = 2.9259e-02, PNorm = 35.6227, GNorm = 0.0633, lr_0 = 8.8781e-04
Loss = 8.7362e-02, PNorm = 35.6280, GNorm = 0.2746, lr_0 = 8.7926e-04
Loss = 7.5249e-02, PNorm = 35.6685, GNorm = 0.1052, lr_0 = 8.7080e-04
Loss = 9.4396e-02, PNorm = 35.6886, GNorm = 0.1614, lr_0 = 8.6241e-04
Loss = 6.5612e-02, PNorm = 35.7255, GNorm = 0.1259, lr_0 = 8.5411e-04
Loss = 6.5217e-02, PNorm = 35.7513, GNorm = 0.2024, lr_0 = 8.4588e-04
Validation auc = 0.855497
Epoch 4
Loss = 4.0615e-02, PNorm = 35.7825, GNorm = 0.0692, lr_0 = 8.3774e-04
Loss = 5.2136e-02, PNorm = 35.8058, GNorm = 0.1619, lr_0 = 8.2967e-04
Loss = 5.9527e-02, PNorm = 35.8311, GNorm = 0.2007, lr_0 = 8.2169e-04
Loss = 8.8228e-02, PNorm = 35.8483, GNorm = 0.1980, lr_0 = 8.1377e-04
Loss = 9.1229e-02, PNorm = 35.8808, GNorm = 0.1518, lr_0 = 8.0594e-04
Loss = 5.2395e-02, PNorm = 35.9229, GNorm = 0.2677, lr_0 = 7.9818e-04
Loss = 8.5051e-02, PNorm = 35.9405, GNorm = 0.2704, lr_0 = 7.9050e-04
Loss = 5.3617e-02, PNorm = 35.9852, GNorm = 0.2137, lr_0 = 7.8288e-04
Validation auc = 0.863725
Epoch 5
Loss = 7.8580e-02, PNorm = 36.0136, GNorm = 0.1620, lr_0 = 7.7535e-04
Loss = 7.4257e-02, PNorm = 36.0595, GNorm = 0.1907, lr_0 = 7.6788e-04
Loss = 6.0545e-02, PNorm = 36.1039, GNorm = 0.3784, lr_0 = 7.6049e-04
Loss = 7.5703e-02, PNorm = 36.1269, GNorm = 0.2683, lr_0 = 7.5317e-04
Loss = 3.8963e-02, PNorm = 36.1742, GNorm = 0.0674, lr_0 = 7.4591e-04
Loss = 6.6650e-02, PNorm = 36.1893, GNorm = 0.1317, lr_0 = 7.3873e-04
Loss = 7.2338e-02, PNorm = 36.2032, GNorm = 0.1193, lr_0 = 7.3162e-04
Loss = 5.6796e-02, PNorm = 36.2428, GNorm = 0.0708, lr_0 = 7.2458e-04
Loss = 5.7400e-02, PNorm = 36.2639, GNorm = 0.1606, lr_0 = 7.1760e-04
Validation auc = 0.871604
Epoch 6
Loss = 4.8558e-02, PNorm = 36.2904, GNorm = 0.0951, lr_0 = 7.1000e-04
Loss = 7.5810e-02, PNorm = 36.3093, GNorm = 0.1321, lr_0 = 7.0317e-04
Loss = 7.2231e-02, PNorm = 36.3375, GNorm = 0.1857, lr_0 = 6.9640e-04
Loss = 6.7959e-02, PNorm = 36.3856, GNorm = 0.1448, lr_0 = 6.8969e-04
Loss = 5.8294e-02, PNorm = 36.4287, GNorm = 0.1171, lr_0 = 6.8305e-04
Loss = 5.5890e-02, PNorm = 36.4612, GNorm = 0.1510, lr_0 = 6.7648e-04
Loss = 5.9604e-02, PNorm = 36.5140, GNorm = 0.6168, lr_0 = 6.6996e-04
Loss = 2.5976e-02, PNorm = 36.5449, GNorm = 0.0718, lr_0 = 6.6351e-04
Validation auc = 0.871283
Epoch 7
Loss = 3.5646e-02, PNorm = 36.5623, GNorm = 0.1127, lr_0 = 6.5712e-04
Loss = 5.1388e-02, PNorm = 36.6131, GNorm = 0.2455, lr_0 = 6.5080e-04
Loss = 7.5848e-02, PNorm = 36.6551, GNorm = 0.2194, lr_0 = 6.4453e-04
Loss = 5.9150e-02, PNorm = 36.7119, GNorm = 0.1432, lr_0 = 6.3833e-04
Loss = 5.5028e-02, PNorm = 36.7369, GNorm = 0.1259, lr_0 = 6.3218e-04
Loss = 4.7859e-02, PNorm = 36.7763, GNorm = 0.1637, lr_0 = 6.2609e-04
Loss = 5.7676e-02, PNorm = 36.8031, GNorm = 0.2126, lr_0 = 6.2006e-04
Loss = 6.4098e-02, PNorm = 36.8355, GNorm = 0.4254, lr_0 = 6.1409e-04
Loss = 5.1250e-02, PNorm = 36.8756, GNorm = 0.1323, lr_0 = 6.0818e-04
Validation auc = 0.898705
Epoch 8
Loss = 2.6005e-02, PNorm = 36.9027, GNorm = 0.1094, lr_0 = 6.0233e-04
Loss = 4.8565e-02, PNorm = 36.9174, GNorm = 0.0817, lr_0 = 5.9653e-04
Loss = 6.5037e-02, PNorm = 36.9402, GNorm = 0.2054, lr_0 = 5.9078e-04
Loss = 7.0226e-02, PNorm = 36.9684, GNorm = 0.3421, lr_0 = 5.8510e-04
Loss = 5.6419e-02, PNorm = 37.0057, GNorm = 0.1237, lr_0 = 5.7946e-04
Loss = 5.2077e-02, PNorm = 37.0457, GNorm = 0.3187, lr_0 = 5.7388e-04
Loss = 4.7459e-02, PNorm = 37.0797, GNorm = 0.1927, lr_0 = 5.6836e-04
Loss = 6.9089e-02, PNorm = 37.1024, GNorm = 0.2754, lr_0 = 5.6289e-04
Loss = 4.5494e-02, PNorm = 37.1335, GNorm = 0.1269, lr_0 = 5.5747e-04
Loss = 1.7391e-02, PNorm = 37.1373, GNorm = 0.1654, lr_0 = 5.5693e-04
Validation auc = 0.891556
Epoch 9
Loss = 5.1043e-02, PNorm = 37.1714, GNorm = 0.1539, lr_0 = 5.5156e-04
Loss = 7.8239e-02, PNorm = 37.1871, GNorm = 0.2381, lr_0 = 5.4625e-04
Loss = 5.2839e-02, PNorm = 37.2221, GNorm = 0.0955, lr_0 = 5.4100e-04
Loss = 2.7500e-02, PNorm = 37.2572, GNorm = 0.0718, lr_0 = 5.3579e-04
Loss = 7.5495e-02, PNorm = 37.2710, GNorm = 0.2405, lr_0 = 5.3063e-04
Loss = 4.5402e-02, PNorm = 37.3188, GNorm = 0.1959, lr_0 = 5.2552e-04
Loss = 5.4816e-02, PNorm = 37.3357, GNorm = 0.1153, lr_0 = 5.2046e-04
Loss = 4.9922e-02, PNorm = 37.3628, GNorm = 0.2229, lr_0 = 5.1545e-04
Validation auc = 0.876069
Epoch 10
Loss = 2.5305e-02, PNorm = 37.4077, GNorm = 0.0632, lr_0 = 5.1049e-04
Loss = 6.4167e-02, PNorm = 37.4389, GNorm = 0.1861, lr_0 = 5.0557e-04
Loss = 3.1559e-02, PNorm = 37.4903, GNorm = 0.0738, lr_0 = 5.0070e-04
Loss = 2.2168e-02, PNorm = 37.5019, GNorm = 0.2227, lr_0 = 4.9588e-04
Loss = 6.8295e-02, PNorm = 37.4954, GNorm = 0.2515, lr_0 = 4.9111e-04
Loss = 7.0211e-02, PNorm = 37.5233, GNorm = 0.1348, lr_0 = 4.8638e-04
Loss = 5.9805e-02, PNorm = 37.5500, GNorm = 0.1140, lr_0 = 4.8170e-04
Loss = 4.9850e-02, PNorm = 37.5832, GNorm = 0.4099, lr_0 = 4.7706e-04
Loss = 4.3010e-02, PNorm = 37.6008, GNorm = 0.1977, lr_0 = 4.7247e-04
Validation auc = 0.884147
Epoch 11
Loss = 7.2132e-02, PNorm = 37.6322, GNorm = 0.2507, lr_0 = 4.6792e-04
Loss = 4.1316e-02, PNorm = 37.6790, GNorm = 0.2296, lr_0 = 4.6341e-04
Loss = 3.1434e-02, PNorm = 37.6918, GNorm = 0.0847, lr_0 = 4.5895e-04
Loss = 4.5400e-02, PNorm = 37.7113, GNorm = 0.0459, lr_0 = 4.5453e-04
Loss = 6.7254e-02, PNorm = 37.7322, GNorm = 0.2540, lr_0 = 4.5015e-04
Loss = 4.9663e-02, PNorm = 37.7651, GNorm = 0.0388, lr_0 = 4.4582e-04
Loss = 4.6564e-02, PNorm = 37.7801, GNorm = 0.0869, lr_0 = 4.4153e-04
Loss = 5.4643e-02, PNorm = 37.8018, GNorm = 0.2070, lr_0 = 4.3728e-04
Validation auc = 0.883416
Epoch 12
Loss = 4.4745e-02, PNorm = 37.8218, GNorm = 0.1615, lr_0 = 4.3265e-04
Loss = 3.1303e-02, PNorm = 37.8413, GNorm = 0.1503, lr_0 = 4.2848e-04
Loss = 3.8924e-02, PNorm = 37.8655, GNorm = 0.1546, lr_0 = 4.2436e-04
Loss = 7.3951e-02, PNorm = 37.8764, GNorm = 0.7757, lr_0 = 4.2027e-04
Loss = 5.2446e-02, PNorm = 37.8790, GNorm = 0.7042, lr_0 = 4.1622e-04
Loss = 3.0489e-02, PNorm = 37.9141, GNorm = 0.2104, lr_0 = 4.1222e-04
Loss = 7.1425e-02, PNorm = 37.9205, GNorm = 0.1825, lr_0 = 4.0825e-04
Loss = 6.0121e-02, PNorm = 37.9370, GNorm = 0.2950, lr_0 = 4.0432e-04
Loss = 3.8167e-02, PNorm = 37.9883, GNorm = 0.1577, lr_0 = 4.0042e-04
Validation auc = 0.884643
Epoch 13
Loss = 2.3855e-02, PNorm = 38.0078, GNorm = 0.2084, lr_0 = 3.9657e-04
Loss = 5.5223e-02, PNorm = 38.0222, GNorm = 0.1503, lr_0 = 3.9275e-04
Loss = 2.2154e-02, PNorm = 38.0543, GNorm = 0.0867, lr_0 = 3.8897e-04
Loss = 4.9776e-02, PNorm = 38.0750, GNorm = 0.2191, lr_0 = 3.8522e-04
Loss = 5.4103e-02, PNorm = 38.0921, GNorm = 0.1827, lr_0 = 3.8152e-04
Loss = 5.3168e-02, PNorm = 38.1183, GNorm = 0.3252, lr_0 = 3.7784e-04
Loss = 6.7392e-02, PNorm = 38.1270, GNorm = 0.3417, lr_0 = 3.7420e-04
Loss = 4.2381e-02, PNorm = 38.1462, GNorm = 0.1249, lr_0 = 3.7060e-04
Validation auc = 0.915011
Epoch 14
Loss = 1.5240e-02, PNorm = 38.1698, GNorm = 0.1187, lr_0 = 3.6668e-04
Loss = 3.4253e-02, PNorm = 38.1888, GNorm = 0.1776, lr_0 = 3.6315e-04
Loss = 4.5307e-02, PNorm = 38.2077, GNorm = 0.2318, lr_0 = 3.5965e-04
Loss = 3.2113e-02, PNorm = 38.2249, GNorm = 0.0827, lr_0 = 3.5619e-04
Loss = 4.3792e-02, PNorm = 38.2456, GNorm = 0.1417, lr_0 = 3.5276e-04
Loss = 4.5329e-02, PNorm = 38.2668, GNorm = 0.4343, lr_0 = 3.4936e-04
Loss = 7.7086e-02, PNorm = 38.2660, GNorm = 0.2424, lr_0 = 3.4600e-04
Loss = 4.6228e-02, PNorm = 38.2844, GNorm = 0.1214, lr_0 = 3.4267e-04
Loss = 4.6564e-02, PNorm = 38.3059, GNorm = 0.1115, lr_0 = 3.3937e-04
Validation auc = 0.899312
Epoch 15
Loss = 4.6721e-02, PNorm = 38.3225, GNorm = 0.2274, lr_0 = 3.3610e-04
Loss = 6.0798e-02, PNorm = 38.3429, GNorm = 0.1882, lr_0 = 3.3287e-04
Loss = 3.0889e-02, PNorm = 38.3577, GNorm = 0.1863, lr_0 = 3.2966e-04
Loss = 3.6243e-02, PNorm = 38.3840, GNorm = 0.0406, lr_0 = 3.2649e-04
Loss = 5.5959e-02, PNorm = 38.3852, GNorm = 0.0911, lr_0 = 3.2334e-04
Loss = 3.9708e-02, PNorm = 38.3954, GNorm = 0.2250, lr_0 = 3.2023e-04
Loss = 5.6825e-02, PNorm = 38.4147, GNorm = 0.1660, lr_0 = 3.1715e-04
Loss = 2.6045e-02, PNorm = 38.4333, GNorm = 0.1564, lr_0 = 3.1409e-04
Loss = 5.9415e-02, PNorm = 38.4404, GNorm = 0.1630, lr_0 = 3.1107e-04
Validation auc = 0.878893
Epoch 16
Loss = 4.9436e-02, PNorm = 38.4638, GNorm = 0.2100, lr_0 = 3.0807e-04
Loss = 5.4275e-02, PNorm = 38.4783, GNorm = 0.2166, lr_0 = 3.0511e-04
Loss = 4.3280e-02, PNorm = 38.4933, GNorm = 0.1434, lr_0 = 3.0217e-04
Loss = 2.3844e-02, PNorm = 38.5167, GNorm = 0.1027, lr_0 = 2.9926e-04
Loss = 5.3815e-02, PNorm = 38.5230, GNorm = 0.1938, lr_0 = 2.9638e-04
Loss = 3.5588e-02, PNorm = 38.5350, GNorm = 0.2603, lr_0 = 2.9353e-04
Loss = 3.4333e-02, PNorm = 38.5552, GNorm = 0.2216, lr_0 = 2.9070e-04
Loss = 5.7113e-02, PNorm = 38.5686, GNorm = 0.0840, lr_0 = 2.8790e-04
Validation auc = 0.893278
Epoch 17
Loss = 4.8916e-02, PNorm = 38.5743, GNorm = 0.0673, lr_0 = 2.8485e-04
Loss = 4.9317e-02, PNorm = 38.5884, GNorm = 0.1566, lr_0 = 2.8211e-04
Loss = 3.2388e-02, PNorm = 38.6100, GNorm = 0.2433, lr_0 = 2.7939e-04
Loss = 5.2331e-02, PNorm = 38.6188, GNorm = 0.2866, lr_0 = 2.7670e-04
Loss = 3.8497e-02, PNorm = 38.6338, GNorm = 0.1285, lr_0 = 2.7404e-04
Loss = 3.9688e-02, PNorm = 38.6397, GNorm = 0.1224, lr_0 = 2.7140e-04
Loss = 3.8395e-02, PNorm = 38.6513, GNorm = 0.1804, lr_0 = 2.6879e-04
Loss = 3.8581e-02, PNorm = 38.6655, GNorm = 0.1695, lr_0 = 2.6620e-04
Loss = 3.0343e-02, PNorm = 38.6773, GNorm = 0.0520, lr_0 = 2.6364e-04
Validation auc = 0.884036
Epoch 18
Loss = 4.7319e-02, PNorm = 38.6795, GNorm = 0.2038, lr_0 = 2.6110e-04
Loss = 4.2417e-02, PNorm = 38.6911, GNorm = 0.1910, lr_0 = 2.5859e-04
Loss = 3.0977e-02, PNorm = 38.7109, GNorm = 0.2589, lr_0 = 2.5610e-04
Loss = 2.9305e-02, PNorm = 38.7203, GNorm = 0.1169, lr_0 = 2.5363e-04
Loss = 4.9789e-02, PNorm = 38.7213, GNorm = 0.2234, lr_0 = 2.5119e-04
Loss = 3.8827e-02, PNorm = 38.7302, GNorm = 0.0921, lr_0 = 2.4877e-04
Loss = 5.7605e-02, PNorm = 38.7389, GNorm = 0.2234, lr_0 = 2.4638e-04
Loss = 5.7646e-02, PNorm = 38.7464, GNorm = 0.4167, lr_0 = 2.4400e-04
Validation auc = 0.896995
Epoch 19
Loss = 3.5681e-02, PNorm = 38.7606, GNorm = 0.0743, lr_0 = 2.4165e-04
Loss = 2.7782e-02, PNorm = 38.7731, GNorm = 0.3681, lr_0 = 2.3933e-04
Loss = 4.4968e-02, PNorm = 38.7779, GNorm = 0.1901, lr_0 = 2.3702e-04
Loss = 4.3290e-02, PNorm = 38.7908, GNorm = 0.2683, lr_0 = 2.3474e-04
Loss = 3.7034e-02, PNorm = 38.8054, GNorm = 0.0804, lr_0 = 2.3248e-04
Loss = 7.4621e-02, PNorm = 38.8077, GNorm = 0.2169, lr_0 = 2.3024e-04
Loss = 4.8174e-02, PNorm = 38.8264, GNorm = 0.3195, lr_0 = 2.2803e-04
Loss = 2.3076e-02, PNorm = 38.8475, GNorm = 0.3247, lr_0 = 2.2583e-04
Loss = 1.5203e-02, PNorm = 38.8524, GNorm = 0.0824, lr_0 = 2.2366e-04
Validation auc = 0.888632
Epoch 20
Loss = 4.2947e-02, PNorm = 38.8500, GNorm = 0.2135, lr_0 = 2.2129e-04
Loss = 3.1825e-02, PNorm = 38.8554, GNorm = 0.2058, lr_0 = 2.1916e-04
Loss = 3.5363e-02, PNorm = 38.8679, GNorm = 0.2942, lr_0 = 2.1705e-04
Loss = 4.3120e-02, PNorm = 38.8784, GNorm = 0.2680, lr_0 = 2.1496e-04
Loss = 2.6188e-02, PNorm = 38.8885, GNorm = 0.1775, lr_0 = 2.1289e-04
Loss = 3.9115e-02, PNorm = 38.8964, GNorm = 0.3609, lr_0 = 2.1084e-04
Loss = 4.2222e-02, PNorm = 38.9013, GNorm = 0.2590, lr_0 = 2.0881e-04
Loss = 4.0281e-02, PNorm = 38.9120, GNorm = 0.0649, lr_0 = 2.0680e-04
Validation auc = 0.873318
Epoch 21
Loss = 4.8906e-02, PNorm = 38.9199, GNorm = 0.4967, lr_0 = 2.0481e-04
Loss = 6.1495e-02, PNorm = 38.9215, GNorm = 0.1769, lr_0 = 2.0283e-04
Loss = 3.9871e-02, PNorm = 38.9376, GNorm = 0.1821, lr_0 = 2.0088e-04
Loss = 4.0145e-02, PNorm = 38.9559, GNorm = 0.2073, lr_0 = 1.9895e-04
Loss = 3.9693e-02, PNorm = 38.9655, GNorm = 0.1081, lr_0 = 1.9703e-04
Loss = 2.5130e-02, PNorm = 38.9740, GNorm = 0.1191, lr_0 = 1.9514e-04
Loss = 1.9549e-02, PNorm = 38.9837, GNorm = 0.0378, lr_0 = 1.9326e-04
Loss = 3.8963e-02, PNorm = 38.9836, GNorm = 0.0500, lr_0 = 1.9140e-04
Loss = 3.6485e-02, PNorm = 38.9852, GNorm = 0.2685, lr_0 = 1.8955e-04
Validation auc = 0.888943
Epoch 22
Loss = 4.3815e-02, PNorm = 38.9951, GNorm = 0.0709, lr_0 = 1.8773e-04
Loss = 4.7032e-02, PNorm = 39.0003, GNorm = 0.0848, lr_0 = 1.8592e-04
Loss = 3.6837e-02, PNorm = 39.0074, GNorm = 0.3309, lr_0 = 1.8413e-04
Loss = 3.4303e-02, PNorm = 39.0184, GNorm = 0.0877, lr_0 = 1.8236e-04
Loss = 3.8738e-02, PNorm = 39.0282, GNorm = 0.3076, lr_0 = 1.8060e-04
Loss = 3.8870e-02, PNorm = 39.0339, GNorm = 0.1768, lr_0 = 1.7886e-04
Loss = 3.6029e-02, PNorm = 39.0433, GNorm = 0.3206, lr_0 = 1.7714e-04
Loss = 3.5935e-02, PNorm = 39.0489, GNorm = 0.1183, lr_0 = 1.7544e-04
Validation auc = 0.881161
Epoch 23
Loss = 2.8607e-02, PNorm = 39.0587, GNorm = 0.2542, lr_0 = 1.7358e-04
Loss = 4.6353e-02, PNorm = 39.0694, GNorm = 0.0532, lr_0 = 1.7191e-04
Loss = 4.6677e-02, PNorm = 39.0733, GNorm = 0.2359, lr_0 = 1.7025e-04
Loss = 4.0364e-02, PNorm = 39.0710, GNorm = 0.2294, lr_0 = 1.6861e-04
Loss = 2.6850e-02, PNorm = 39.0831, GNorm = 0.2303, lr_0 = 1.6699e-04
Loss = 1.4055e-02, PNorm = 39.0948, GNorm = 0.0390, lr_0 = 1.6538e-04
Loss = 2.7290e-02, PNorm = 39.0965, GNorm = 0.2150, lr_0 = 1.6379e-04
Loss = 3.6719e-02, PNorm = 39.1000, GNorm = 0.1218, lr_0 = 1.6221e-04
Loss = 4.3662e-02, PNorm = 39.1057, GNorm = 0.2719, lr_0 = 1.6065e-04
Validation auc = 0.888384
Epoch 24
Loss = 2.7751e-02, PNorm = 39.1140, GNorm = 0.1989, lr_0 = 1.5910e-04
Loss = 5.4634e-02, PNorm = 39.1209, GNorm = 0.4539, lr_0 = 1.5757e-04
Loss = 4.3994e-02, PNorm = 39.1246, GNorm = 0.3347, lr_0 = 1.5605e-04
Loss = 4.6447e-02, PNorm = 39.1366, GNorm = 0.0960, lr_0 = 1.5455e-04
Loss = 3.6832e-02, PNorm = 39.1491, GNorm = 0.5230, lr_0 = 1.5306e-04
Loss = 3.3275e-02, PNorm = 39.1536, GNorm = 0.2412, lr_0 = 1.5159e-04
Loss = 1.9451e-02, PNorm = 39.1585, GNorm = 0.1620, lr_0 = 1.5013e-04
Loss = 4.4917e-02, PNorm = 39.1615, GNorm = 0.1067, lr_0 = 1.4869e-04
Loss = 2.1825e-02, PNorm = 39.1691, GNorm = 0.0706, lr_0 = 1.4725e-04
Validation auc = 0.865549
Epoch 25
Loss = 2.2079e-02, PNorm = 39.1772, GNorm = 0.0901, lr_0 = 1.4584e-04
Loss = 4.8395e-02, PNorm = 39.1737, GNorm = 0.1513, lr_0 = 1.4443e-04
Loss = 2.6938e-02, PNorm = 39.1795, GNorm = 0.0937, lr_0 = 1.4304e-04
Loss = 3.4663e-02, PNorm = 39.1912, GNorm = 0.2703, lr_0 = 1.4166e-04
Loss = 2.6611e-02, PNorm = 39.1980, GNorm = 0.1102, lr_0 = 1.4030e-04
Loss = 2.2962e-02, PNorm = 39.2030, GNorm = 0.1896, lr_0 = 1.3895e-04
Loss = 3.5477e-02, PNorm = 39.2044, GNorm = 0.1290, lr_0 = 1.3761e-04
Loss = 3.1092e-02, PNorm = 39.2096, GNorm = 0.1250, lr_0 = 1.3629e-04
Validation auc = 0.879414
Epoch 26
Loss = 4.0510e-02, PNorm = 39.2146, GNorm = 0.1886, lr_0 = 1.3484e-04
Loss = 4.0494e-02, PNorm = 39.2219, GNorm = 0.2518, lr_0 = 1.3355e-04
Loss = 3.0218e-02, PNorm = 39.2261, GNorm = 0.3786, lr_0 = 1.3226e-04
Loss = 3.1953e-02, PNorm = 39.2275, GNorm = 0.0485, lr_0 = 1.3099e-04
Loss = 3.4977e-02, PNorm = 39.2320, GNorm = 0.0944, lr_0 = 1.2973e-04
Loss = 5.1305e-02, PNorm = 39.2365, GNorm = 0.0781, lr_0 = 1.2848e-04
Loss = 1.7401e-02, PNorm = 39.2446, GNorm = 0.2728, lr_0 = 1.2724e-04
Loss = 2.5471e-02, PNorm = 39.2515, GNorm = 0.3590, lr_0 = 1.2601e-04
Loss = 6.0143e-02, PNorm = 39.2502, GNorm = 0.2744, lr_0 = 1.2480e-04
Validation auc = 0.885225
Epoch 27
Loss = 2.3752e-02, PNorm = 39.2549, GNorm = 0.1327, lr_0 = 1.2360e-04
Loss = 3.5976e-02, PNorm = 39.2635, GNorm = 0.4383, lr_0 = 1.2241e-04
Loss = 3.8999e-02, PNorm = 39.2693, GNorm = 0.4164, lr_0 = 1.2123e-04
Loss = 3.0423e-02, PNorm = 39.2720, GNorm = 0.2813, lr_0 = 1.2006e-04
Loss = 2.0564e-02, PNorm = 39.2754, GNorm = 0.2803, lr_0 = 1.1891e-04
Loss = 4.3857e-02, PNorm = 39.2801, GNorm = 0.4559, lr_0 = 1.1776e-04
Loss = 2.9166e-02, PNorm = 39.2915, GNorm = 0.2961, lr_0 = 1.1663e-04
Loss = 5.1237e-02, PNorm = 39.2941, GNorm = 0.2142, lr_0 = 1.1551e-04
Validation auc = 0.880790
Epoch 28
Loss = 6.5289e-02, PNorm = 39.2916, GNorm = 0.2132, lr_0 = 1.1428e-04
Loss = 3.9889e-02, PNorm = 39.2961, GNorm = 0.1759, lr_0 = 1.1318e-04
Loss = 4.0479e-02, PNorm = 39.3022, GNorm = 0.1272, lr_0 = 1.1209e-04
Loss = 2.8637e-02, PNorm = 39.3111, GNorm = 0.1176, lr_0 = 1.1101e-04
Loss = 1.4732e-02, PNorm = 39.3194, GNorm = 0.0979, lr_0 = 1.0995e-04
Loss = 2.4170e-02, PNorm = 39.3228, GNorm = 0.3610, lr_0 = 1.0889e-04
Loss = 2.2168e-02, PNorm = 39.3261, GNorm = 0.2847, lr_0 = 1.0784e-04
Loss = 5.3250e-02, PNorm = 39.3261, GNorm = 0.2435, lr_0 = 1.0680e-04
Loss = 2.6127e-02, PNorm = 39.3300, GNorm = 0.3588, lr_0 = 1.0577e-04
Validation auc = 0.870729
Epoch 29
Loss = 2.7694e-02, PNorm = 39.3372, GNorm = 0.2463, lr_0 = 1.0475e-04
Loss = 1.1955e-02, PNorm = 39.3442, GNorm = 0.0755, lr_0 = 1.0374e-04
Loss = 3.3495e-02, PNorm = 39.3475, GNorm = 0.3849, lr_0 = 1.0275e-04
Loss = 5.2136e-02, PNorm = 39.3449, GNorm = 0.3163, lr_0 = 1.0176e-04
Loss = 3.2423e-02, PNorm = 39.3480, GNorm = 0.3245, lr_0 = 1.0078e-04
Loss = 3.3484e-02, PNorm = 39.3523, GNorm = 0.2837, lr_0 = 1.0000e-04
Loss = 3.8111e-02, PNorm = 39.3578, GNorm = 0.4856, lr_0 = 1.0000e-04
Loss = 2.0157e-02, PNorm = 39.3648, GNorm = 0.1027, lr_0 = 1.0000e-04
Validation auc = 0.871930
Model 0 best validation auc = 0.915011 on epoch 13
Loading pretrained parameter "encoder.encoder.0.cached_zero_vector".
Loading pretrained parameter "encoder.encoder.0.W_i.weight".
Loading pretrained parameter "encoder.encoder.0.W_h.weight".
Loading pretrained parameter "encoder.encoder.0.W_o.weight".
Loading pretrained parameter "encoder.encoder.0.W_o.bias".
Loading pretrained parameter "ffn.1.weight".
Loading pretrained parameter "ffn.1.bias".
Loading pretrained parameter "ffn.4.weight".
Loading pretrained parameter "ffn.4.bias".
Moving model to cuda
Model 0 test auc = 0.820556
Ensemble test auc = 0.820556
3-fold cross validation
	Seed 0 ==> test auc = 0.776913
	Seed 1 ==> test auc = 0.841477
	Seed 2 ==> test auc = 0.820556
Overall test auc = 0.812982 +/- 0.026896
Elapsed time = 0:10:05
