Command line
python train.py --ffn_num_layers 2 --hidden_size 1500 --dropout 0.1 --save_dir ../../../ian_stat_phase_ML/models/ffn_hyperopt_for_pub/15 --data_path ../../../ian_stat_phase_ML/data/round3finalval08162021_FULL_for_sklearn.csv --num_folds 3 --dataset_type classification --features_generator morgan --no_features_scaling --split_type scaffold_balanced --split_sizes 0.8 0.1 0.1 --smiles_columns SMILES --target_columns hit_inh hit_kill --depth 0 --features_only
Args
{'activation': 'ReLU',
 'aggregation': 'mean',
 'aggregation_norm': 100,
 'atom_descriptors': None,
 'atom_descriptors_path': None,
 'atom_descriptors_size': 0,
 'atom_features_size': 0,
 'atom_messages': False,
 'batch_size': 50,
 'bias': False,
 'cache_cutoff': 10000,
 'checkpoint_dir': None,
 'checkpoint_path': None,
 'checkpoint_paths': None,
 'class_balance': False,
 'config_path': None,
 'crossval_index_dir': None,
 'crossval_index_file': None,
 'crossval_index_sets': None,
 'cuda': False,
 'data_path': '../../../ian_stat_phase_ML/data/round3finalval08162021_FULL_for_sklearn.csv',
 'dataset_type': 'classification',
 'depth': 0,
 'device': device(type='cpu'),
 'dropout': 0.1,
 'ensemble_size': 1,
 'epochs': 30,
 'extra_metrics': [],
 'features_generator': ['morgan'],
 'features_only': True,
 'features_path': None,
 'features_scaling': False,
 'features_size': None,
 'ffn_hidden_size': 1500,
 'ffn_num_layers': 2,
 'final_lr': 0.0001,
 'folds_file': None,
 'gpu': None,
 'grad_clip': None,
 'hidden_size': 1500,
 'ignore_columns': None,
 'init_lr': 0.0001,
 'log_frequency': 10,
 'max_data_size': None,
 'max_lr': 0.001,
 'metric': 'auc',
 'metrics': ['auc'],
 'minimize_score': False,
 'mpn_shared': False,
 'multiclass_num_classes': 3,
 'no_cache_mol': False,
 'no_cuda': False,
 'no_features_scaling': True,
 'num_folds': 3,
 'num_lrs': 1,
 'num_tasks': 2,
 'num_workers': 8,
 'number_of_molecules': 1,
 'pytorch_seed': 0,
 'quiet': False,
 'save_dir': '../../../ian_stat_phase_ML/models/ffn_hyperopt_for_pub/15',
 'save_preds': False,
 'save_smiles_splits': False,
 'seed': 0,
 'separate_test_features_path': None,
 'separate_test_path': None,
 'separate_val_features_path': None,
 'separate_val_path': None,
 'show_individual_scores': False,
 'smiles_columns': ['SMILES'],
 'split_sizes': (0.8, 0.1, 0.1),
 'split_type': 'scaffold_balanced',
 'target_columns': ['hit_inh', 'hit_kill'],
 'task_names': ['hit_inh', 'hit_kill'],
 'test': False,
 'test_fold_index': None,
 'train_data_size': None,
 'undirected': False,
 'use_input_features': True,
 'val_fold_index': None,
 'warmup_epochs': 2.0}
Loading data
Warning: 7 SMILES are invalid.
Number of tasks = 2
Fold 0
Splitting data with seed 0
Total scaffolds = 4,180 | train scaffolds = 3,209 | val scaffolds = 497 | test scaffolds = 474
Label averages per scaffold, in decreasing order of scaffold frequency,capped at 10 scaffolds and 20 labels:
Scaffold 0
Task 0: count = 468 | target average = 0.019231
Task 1: count = 468 | target average = 0.014957


Scaffold 1
Task 0: count = 383 | target average = 0.007833
Task 1: count = 383 | target average = 0.013055


Scaffold 2
Task 0: count = 44 | target average = 0.000000
Task 1: count = 44 | target average = 0.000000


Scaffold 3
Task 0: count = 35 | target average = 0.000000
Task 1: count = 35 | target average = 0.000000


Scaffold 4
Task 0: count = 34 | target average = 0.000000
Task 1: count = 34 | target average = 0.000000


Scaffold 5
Task 0: count = 30 | target average = 0.000000
Task 1: count = 30 | target average = 0.000000


Scaffold 6
Task 0: count = 28 | target average = 0.000000
Task 1: count = 28 | target average = 0.000000


Scaffold 7
Task 0: count = 27 | target average = 0.074074
Task 1: count = 27 | target average = 0.074074


Scaffold 8
Task 0: count = 25 | target average = 0.040000
Task 1: count = 25 | target average = 0.000000


Scaffold 9
Task 0: count = 23 | target average = 0.000000
Task 1: count = 23 | target average = 0.000000


Class sizes
hit_inh 0: 97.79%, 1: 2.21%
hit_kill 0: 98.75%, 1: 1.25%
Total size = 6,708 | train size = 5,366 | val size = 670 | test size = 672
Building model 0
MoleculeModel(
  (sigmoid): Sigmoid()
  (encoder): MPN()
  (ffn): Sequential(
    (0): Dropout(p=0.1, inplace=False)
    (1): Linear(in_features=2048, out_features=1500, bias=True)
    (2): ReLU()
    (3): Dropout(p=0.1, inplace=False)
    (4): Linear(in_features=1500, out_features=2, bias=True)
  )
)
Number of parameters = 3,076,502
Epoch 0
Loss = 5.1506e-01, PNorm = 41.6895, GNorm = 0.8721, lr_0 = 1.4626e-04
Loss = 2.9036e-01, PNorm = 41.7248, GNorm = 0.5047, lr_0 = 1.8832e-04
Loss = 1.7084e-01, PNorm = 41.7792, GNorm = 0.2578, lr_0 = 2.3037e-04
Loss = 1.0772e-01, PNorm = 41.8379, GNorm = 0.1569, lr_0 = 2.7243e-04
Loss = 1.3350e-01, PNorm = 41.8898, GNorm = 0.2256, lr_0 = 3.1449e-04
Loss = 7.8178e-02, PNorm = 41.9308, GNorm = 0.2579, lr_0 = 3.5654e-04
Loss = 8.0389e-02, PNorm = 41.9702, GNorm = 0.0999, lr_0 = 3.9860e-04
Loss = 1.1808e-01, PNorm = 42.0052, GNorm = 0.1760, lr_0 = 4.4065e-04
Loss = 6.0834e-02, PNorm = 42.0579, GNorm = 0.0708, lr_0 = 4.8271e-04
Loss = 7.2028e-02, PNorm = 42.1206, GNorm = 0.0969, lr_0 = 5.2477e-04
Validation auc = 0.863037
Epoch 1
Loss = 6.0968e-02, PNorm = 42.2085, GNorm = 0.1354, lr_0 = 5.7103e-04
Loss = 7.0045e-02, PNorm = 42.3148, GNorm = 0.0710, lr_0 = 6.1308e-04
Loss = 5.0750e-02, PNorm = 42.4389, GNorm = 0.1057, lr_0 = 6.5514e-04
Loss = 5.9635e-02, PNorm = 42.5638, GNorm = 0.1534, lr_0 = 6.9720e-04
Loss = 3.5639e-02, PNorm = 42.6945, GNorm = 0.0874, lr_0 = 7.3925e-04
Loss = 6.5231e-02, PNorm = 42.8438, GNorm = 0.0491, lr_0 = 7.8131e-04
Loss = 8.8105e-02, PNorm = 43.0265, GNorm = 0.2853, lr_0 = 8.2336e-04
Loss = 3.2274e-02, PNorm = 43.2659, GNorm = 0.0527, lr_0 = 8.6542e-04
Loss = 7.1248e-02, PNorm = 43.4912, GNorm = 0.0466, lr_0 = 9.0748e-04
Loss = 7.4503e-02, PNorm = 43.7267, GNorm = 0.1402, lr_0 = 9.4953e-04
Loss = 4.3936e-02, PNorm = 44.0536, GNorm = 0.0821, lr_0 = 9.9159e-04
Validation auc = 0.884502
Epoch 2
Loss = 3.8160e-02, PNorm = 44.4330, GNorm = 0.0764, lr_0 = 9.9311e-04
Loss = 3.3573e-02, PNorm = 44.7762, GNorm = 0.0988, lr_0 = 9.8550e-04
Loss = 2.5699e-02, PNorm = 45.0652, GNorm = 0.0439, lr_0 = 9.7796e-04
Loss = 3.0893e-02, PNorm = 45.3036, GNorm = 0.0228, lr_0 = 9.7047e-04
Loss = 4.6933e-02, PNorm = 45.5420, GNorm = 0.1565, lr_0 = 9.6304e-04
Loss = 3.8337e-02, PNorm = 45.8165, GNorm = 0.0732, lr_0 = 9.5567e-04
Loss = 2.1665e-02, PNorm = 46.1002, GNorm = 0.1798, lr_0 = 9.4835e-04
Loss = 2.5001e-02, PNorm = 46.3551, GNorm = 0.0371, lr_0 = 9.4109e-04
Loss = 3.6277e-02, PNorm = 46.6149, GNorm = 0.0889, lr_0 = 9.3389e-04
Loss = 2.8269e-02, PNorm = 46.9121, GNorm = 0.1356, lr_0 = 9.2674e-04
Loss = 3.3631e-02, PNorm = 47.1682, GNorm = 0.0732, lr_0 = 9.1964e-04
Validation auc = 0.877292
Epoch 3
Loss = 1.1863e-02, PNorm = 47.4573, GNorm = 0.0349, lr_0 = 9.1190e-04
Loss = 1.7162e-02, PNorm = 47.7083, GNorm = 0.0333, lr_0 = 9.0492e-04
Loss = 1.7032e-02, PNorm = 47.9249, GNorm = 0.0240, lr_0 = 8.9799e-04
Loss = 1.4061e-02, PNorm = 48.1249, GNorm = 0.0436, lr_0 = 8.9111e-04
Loss = 9.7472e-03, PNorm = 48.3023, GNorm = 0.0565, lr_0 = 8.8429e-04
Loss = 1.5414e-02, PNorm = 48.4769, GNorm = 0.0968, lr_0 = 8.7752e-04
Loss = 1.0815e-02, PNorm = 48.6595, GNorm = 0.1574, lr_0 = 8.7080e-04
Loss = 1.7479e-02, PNorm = 48.8288, GNorm = 0.0147, lr_0 = 8.6414e-04
Loss = 2.7320e-02, PNorm = 48.9830, GNorm = 0.0369, lr_0 = 8.5752e-04
Loss = 1.1377e-02, PNorm = 49.1569, GNorm = 0.0291, lr_0 = 8.5095e-04
Validation auc = 0.859801
Epoch 4
Loss = 1.1049e-02, PNorm = 49.3238, GNorm = 0.0408, lr_0 = 8.4444e-04
Loss = 8.5727e-03, PNorm = 49.5030, GNorm = 0.0123, lr_0 = 8.3797e-04
Loss = 7.2422e-03, PNorm = 49.6614, GNorm = 0.0343, lr_0 = 8.3156e-04
Loss = 2.1040e-02, PNorm = 49.8111, GNorm = 0.0178, lr_0 = 8.2519e-04
Loss = 7.2528e-03, PNorm = 49.9744, GNorm = 0.0668, lr_0 = 8.1888e-04
Loss = 1.1307e-02, PNorm = 50.1123, GNorm = 0.0407, lr_0 = 8.1261e-04
Loss = 8.8399e-03, PNorm = 50.2513, GNorm = 0.0184, lr_0 = 8.0638e-04
Loss = 1.0440e-02, PNorm = 50.3790, GNorm = 0.0468, lr_0 = 8.0021e-04
Loss = 1.2621e-02, PNorm = 50.4925, GNorm = 0.2034, lr_0 = 7.9408e-04
Loss = 1.0312e-02, PNorm = 50.5862, GNorm = 0.1213, lr_0 = 7.8800e-04
Loss = 1.3082e-02, PNorm = 50.6933, GNorm = 0.1341, lr_0 = 7.8197e-04
Validation auc = 0.870930
Epoch 5
Loss = 5.1992e-03, PNorm = 50.8143, GNorm = 0.0073, lr_0 = 7.7539e-04
Loss = 6.8677e-03, PNorm = 50.8996, GNorm = 0.0253, lr_0 = 7.6945e-04
Loss = 9.3776e-03, PNorm = 50.9882, GNorm = 0.0232, lr_0 = 7.6356e-04
Loss = 3.7223e-03, PNorm = 51.0806, GNorm = 0.0626, lr_0 = 7.5772e-04
Loss = 1.0467e-02, PNorm = 51.1779, GNorm = 0.0078, lr_0 = 7.5191e-04
Loss = 9.5286e-03, PNorm = 51.2837, GNorm = 0.0239, lr_0 = 7.4616e-04
Loss = 5.8774e-03, PNorm = 51.3695, GNorm = 0.1156, lr_0 = 7.4044e-04
Loss = 1.1169e-02, PNorm = 51.4503, GNorm = 0.0193, lr_0 = 7.3478e-04
Loss = 4.8170e-03, PNorm = 51.5300, GNorm = 0.0510, lr_0 = 7.2915e-04
Loss = 1.0165e-02, PNorm = 51.6139, GNorm = 0.0108, lr_0 = 7.2357e-04
Loss = 6.3189e-03, PNorm = 51.7071, GNorm = 0.0506, lr_0 = 7.1803e-04
Validation auc = 0.870903
Epoch 6
Loss = 4.9380e-03, PNorm = 51.8171, GNorm = 0.0087, lr_0 = 7.1198e-04
Loss = 3.3347e-03, PNorm = 51.8996, GNorm = 0.0023, lr_0 = 7.0653e-04
Loss = 1.7761e-03, PNorm = 51.9608, GNorm = 0.0195, lr_0 = 7.0112e-04
Loss = 5.4257e-03, PNorm = 52.0127, GNorm = 0.0145, lr_0 = 6.9576e-04
Loss = 6.5930e-03, PNorm = 52.0714, GNorm = 0.0087, lr_0 = 6.9043e-04
Loss = 4.0559e-03, PNorm = 52.1385, GNorm = 0.0287, lr_0 = 6.8514e-04
Loss = 1.1486e-02, PNorm = 52.2164, GNorm = 0.0380, lr_0 = 6.7990e-04
Loss = 2.7440e-03, PNorm = 52.2999, GNorm = 0.0184, lr_0 = 6.7469e-04
Loss = 4.6460e-03, PNorm = 52.3734, GNorm = 0.0252, lr_0 = 6.6953e-04
Loss = 6.1134e-03, PNorm = 52.4433, GNorm = 0.0356, lr_0 = 6.6440e-04
Loss = 3.8774e-03, PNorm = 52.5096, GNorm = 0.0169, lr_0 = 6.5931e-04
Validation auc = 0.874998
Epoch 7
Loss = 3.4420e-03, PNorm = 52.5825, GNorm = 0.0130, lr_0 = 6.5427e-04
Loss = 3.8979e-03, PNorm = 52.6453, GNorm = 0.0024, lr_0 = 6.4926e-04
Loss = 8.9989e-03, PNorm = 52.6995, GNorm = 0.1277, lr_0 = 6.4429e-04
Loss = 4.1798e-03, PNorm = 52.7693, GNorm = 0.0060, lr_0 = 6.3935e-04
Loss = 3.1852e-03, PNorm = 52.8458, GNorm = 0.0112, lr_0 = 6.3446e-04
Loss = 2.4069e-03, PNorm = 52.9060, GNorm = 0.0043, lr_0 = 6.2960e-04
Loss = 3.1788e-03, PNorm = 52.9543, GNorm = 0.0042, lr_0 = 6.2478e-04
Loss = 3.9762e-03, PNorm = 53.0100, GNorm = 0.0226, lr_0 = 6.2000e-04
Loss = 6.3465e-03, PNorm = 53.0622, GNorm = 0.1182, lr_0 = 6.1525e-04
Loss = 8.2883e-03, PNorm = 53.1111, GNorm = 0.2107, lr_0 = 6.1054e-04
Validation auc = 0.873714
Epoch 8
Loss = 4.9192e-04, PNorm = 53.1738, GNorm = 0.0025, lr_0 = 6.0540e-04
Loss = 1.8665e-03, PNorm = 53.2245, GNorm = 0.0129, lr_0 = 6.0077e-04
Loss = 4.1861e-03, PNorm = 53.2709, GNorm = 0.0023, lr_0 = 5.9617e-04
Loss = 3.3785e-03, PNorm = 53.3175, GNorm = 0.0256, lr_0 = 5.9160e-04
Loss = 4.9914e-03, PNorm = 53.3605, GNorm = 0.0041, lr_0 = 5.8707e-04
Loss = 2.1955e-03, PNorm = 53.3984, GNorm = 0.0152, lr_0 = 5.8258e-04
Loss = 1.7545e-03, PNorm = 53.4378, GNorm = 0.0258, lr_0 = 5.7812e-04
Loss = 1.8343e-03, PNorm = 53.4789, GNorm = 0.0094, lr_0 = 5.7369e-04
Loss = 2.4466e-03, PNorm = 53.5280, GNorm = 0.0162, lr_0 = 5.6930e-04
Loss = 5.8686e-03, PNorm = 53.5739, GNorm = 0.0286, lr_0 = 5.6494e-04
Loss = 4.5266e-03, PNorm = 53.6178, GNorm = 0.0021, lr_0 = 5.6062e-04
Validation auc = 0.870549
Epoch 9
Loss = 2.1307e-03, PNorm = 53.6624, GNorm = 0.0049, lr_0 = 5.5590e-04
Loss = 1.5335e-03, PNorm = 53.6995, GNorm = 0.0233, lr_0 = 5.5164e-04
Loss = 2.8600e-03, PNorm = 53.7412, GNorm = 0.0435, lr_0 = 5.4742e-04
Loss = 3.1120e-03, PNorm = 53.7790, GNorm = 0.0249, lr_0 = 5.4323e-04
Loss = 7.0860e-04, PNorm = 53.8153, GNorm = 0.0029, lr_0 = 5.3907e-04
Loss = 1.7891e-03, PNorm = 53.8469, GNorm = 0.0037, lr_0 = 5.3494e-04
Loss = 1.1350e-03, PNorm = 53.8772, GNorm = 0.0006, lr_0 = 5.3084e-04
Loss = 4.1061e-03, PNorm = 53.9039, GNorm = 0.0037, lr_0 = 5.2678e-04
Loss = 8.8304e-04, PNorm = 53.9307, GNorm = 0.0179, lr_0 = 5.2275e-04
Loss = 2.7327e-03, PNorm = 53.9626, GNorm = 0.0108, lr_0 = 5.1874e-04
Loss = 5.4438e-03, PNorm = 53.9966, GNorm = 0.2072, lr_0 = 5.1477e-04
Validation auc = 0.873261
Epoch 10
Loss = 2.0948e-03, PNorm = 54.0300, GNorm = 0.0162, lr_0 = 5.1083e-04
Loss = 3.2396e-03, PNorm = 54.0650, GNorm = 0.0121, lr_0 = 5.0692e-04
Loss = 3.1157e-03, PNorm = 54.0941, GNorm = 0.0074, lr_0 = 5.0304e-04
Loss = 1.8955e-03, PNorm = 54.1234, GNorm = 0.0066, lr_0 = 4.9919e-04
Loss = 1.3091e-03, PNorm = 54.1498, GNorm = 0.0026, lr_0 = 4.9537e-04
Loss = 1.3009e-03, PNorm = 54.1754, GNorm = 0.0010, lr_0 = 4.9157e-04
Loss = 8.6086e-04, PNorm = 54.1983, GNorm = 0.0008, lr_0 = 4.8781e-04
Loss = 3.0287e-03, PNorm = 54.2209, GNorm = 0.0188, lr_0 = 4.8408e-04
Loss = 1.0443e-03, PNorm = 54.2461, GNorm = 0.0020, lr_0 = 4.8037e-04
Loss = 1.3532e-03, PNorm = 54.2744, GNorm = 0.0045, lr_0 = 4.7669e-04
Loss = 2.7781e-03, PNorm = 54.3041, GNorm = 0.0004, lr_0 = 4.7304e-04
Loss = 2.2684e-03, PNorm = 54.3075, GNorm = 0.0297, lr_0 = 4.7268e-04
Validation auc = 0.873303
Epoch 11
Loss = 1.0679e-03, PNorm = 54.3386, GNorm = 0.0017, lr_0 = 4.6906e-04
Loss = 1.5032e-03, PNorm = 54.3642, GNorm = 0.0424, lr_0 = 4.6547e-04
Loss = 1.3409e-03, PNorm = 54.3915, GNorm = 0.0061, lr_0 = 4.6191e-04
Loss = 8.0470e-04, PNorm = 54.4185, GNorm = 0.0006, lr_0 = 4.5837e-04
Loss = 1.8323e-03, PNorm = 54.4426, GNorm = 0.0041, lr_0 = 4.5486e-04
Loss = 1.7752e-03, PNorm = 54.4658, GNorm = 0.0037, lr_0 = 4.5138e-04
Loss = 5.1886e-04, PNorm = 54.4882, GNorm = 0.0081, lr_0 = 4.4792e-04
Loss = 2.6247e-03, PNorm = 54.5135, GNorm = 0.1106, lr_0 = 4.4449e-04
Loss = 2.2144e-03, PNorm = 54.5537, GNorm = 0.0046, lr_0 = 4.4109e-04
Loss = 7.4662e-03, PNorm = 54.5846, GNorm = 0.0488, lr_0 = 4.3771e-04
Validation auc = 0.868323
Epoch 12
Loss = 9.5430e-04, PNorm = 54.6121, GNorm = 0.0012, lr_0 = 4.3403e-04
Loss = 1.6104e-03, PNorm = 54.6344, GNorm = 0.0021, lr_0 = 4.3070e-04
Loss = 1.0037e-03, PNorm = 54.6553, GNorm = 0.0230, lr_0 = 4.2741e-04
Loss = 2.4891e-03, PNorm = 54.6792, GNorm = 0.0997, lr_0 = 4.2413e-04
Loss = 2.8359e-03, PNorm = 54.7035, GNorm = 0.0023, lr_0 = 4.2089e-04
Loss = 4.9241e-03, PNorm = 54.7305, GNorm = 0.0019, lr_0 = 4.1766e-04
Loss = 7.1446e-04, PNorm = 54.7532, GNorm = 0.0064, lr_0 = 4.1447e-04
Loss = 1.8547e-03, PNorm = 54.7741, GNorm = 0.0020, lr_0 = 4.1129e-04
Loss = 2.2988e-03, PNorm = 54.7944, GNorm = 0.0055, lr_0 = 4.0814e-04
Loss = 3.2634e-03, PNorm = 54.8134, GNorm = 0.0055, lr_0 = 4.0502e-04
Loss = 1.0011e-03, PNorm = 54.8310, GNorm = 0.0042, lr_0 = 4.0192e-04
Validation auc = 0.870540
Epoch 13
Loss = 9.2178e-04, PNorm = 54.8488, GNorm = 0.0010, lr_0 = 3.9884e-04
Loss = 7.0087e-04, PNorm = 54.8662, GNorm = 0.0159, lr_0 = 3.9579e-04
Loss = 1.1199e-03, PNorm = 54.8867, GNorm = 0.0190, lr_0 = 3.9276e-04
Loss = 6.4645e-03, PNorm = 54.9095, GNorm = 0.0676, lr_0 = 3.8975e-04
Loss = 1.2347e-03, PNorm = 54.9376, GNorm = 0.0092, lr_0 = 3.8677e-04
Loss = 9.6803e-04, PNorm = 54.9640, GNorm = 0.0024, lr_0 = 3.8381e-04
Loss = 3.4128e-03, PNorm = 54.9855, GNorm = 0.0008, lr_0 = 3.8087e-04
Loss = 2.1389e-03, PNorm = 55.0053, GNorm = 0.0976, lr_0 = 3.7795e-04
Loss = 3.4228e-03, PNorm = 55.0318, GNorm = 0.0072, lr_0 = 3.7506e-04
Loss = 1.4788e-03, PNorm = 55.0578, GNorm = 0.0022, lr_0 = 3.7219e-04
Loss = 1.6899e-03, PNorm = 55.0802, GNorm = 0.0004, lr_0 = 3.6934e-04
Validation auc = 0.867826
Epoch 14
Loss = 1.1177e-03, PNorm = 55.1170, GNorm = 0.0019, lr_0 = 3.6623e-04
Loss = 3.8462e-03, PNorm = 55.1481, GNorm = 0.0028, lr_0 = 3.6342e-04
Loss = 6.4938e-04, PNorm = 55.1731, GNorm = 0.0019, lr_0 = 3.6064e-04
Loss = 9.9563e-04, PNorm = 55.1972, GNorm = 0.0091, lr_0 = 3.5788e-04
Loss = 8.4238e-04, PNorm = 55.2180, GNorm = 0.0064, lr_0 = 3.5514e-04
Loss = 2.1381e-03, PNorm = 55.2369, GNorm = 0.0021, lr_0 = 3.5242e-04
Loss = 8.3577e-04, PNorm = 55.2514, GNorm = 0.0037, lr_0 = 3.4972e-04
Loss = 1.5020e-03, PNorm = 55.2669, GNorm = 0.0018, lr_0 = 3.4705e-04
Loss = 5.5745e-04, PNorm = 55.2829, GNorm = 0.0040, lr_0 = 3.4439e-04
Loss = 2.9293e-04, PNorm = 55.2948, GNorm = 0.0028, lr_0 = 3.4175e-04
Validation auc = 0.868030
Epoch 15
Loss = 5.6279e-03, PNorm = 55.3105, GNorm = 0.0398, lr_0 = 3.3888e-04
Loss = 1.4714e-03, PNorm = 55.3333, GNorm = 0.0033, lr_0 = 3.3628e-04
Loss = 1.0498e-03, PNorm = 55.3541, GNorm = 0.0074, lr_0 = 3.3371e-04
Loss = 1.1719e-03, PNorm = 55.3711, GNorm = 0.0012, lr_0 = 3.3115e-04
Loss = 3.6442e-03, PNorm = 55.3860, GNorm = 0.0054, lr_0 = 3.2862e-04
Loss = 2.6948e-03, PNorm = 55.3992, GNorm = 0.0005, lr_0 = 3.2610e-04
Loss = 2.1050e-03, PNorm = 55.4151, GNorm = 0.0215, lr_0 = 3.2360e-04
Loss = 4.0795e-04, PNorm = 55.4331, GNorm = 0.0055, lr_0 = 3.2113e-04
Loss = 4.5776e-04, PNorm = 55.4474, GNorm = 0.0056, lr_0 = 3.1867e-04
Loss = 3.2441e-04, PNorm = 55.4603, GNorm = 0.0009, lr_0 = 3.1623e-04
Loss = 5.2676e-04, PNorm = 55.4742, GNorm = 0.0016, lr_0 = 3.1381e-04
Validation auc = 0.869186
Epoch 16
Loss = 2.2684e-04, PNorm = 55.4893, GNorm = 0.0034, lr_0 = 3.1140e-04
Loss = 7.4695e-04, PNorm = 55.5032, GNorm = 0.0028, lr_0 = 3.0902e-04
Loss = 4.5889e-04, PNorm = 55.5161, GNorm = 0.0005, lr_0 = 3.0665e-04
Loss = 3.6310e-04, PNorm = 55.5287, GNorm = 0.0068, lr_0 = 3.0431e-04
Loss = 3.8064e-04, PNorm = 55.5391, GNorm = 0.0063, lr_0 = 3.0198e-04
Loss = 5.5816e-04, PNorm = 55.5511, GNorm = 0.0077, lr_0 = 2.9966e-04
Loss = 6.5279e-04, PNorm = 55.5663, GNorm = 0.0009, lr_0 = 2.9737e-04
Loss = 2.2179e-03, PNorm = 55.5827, GNorm = 0.0742, lr_0 = 2.9509e-04
Loss = 1.0244e-03, PNorm = 55.5998, GNorm = 0.0348, lr_0 = 2.9283e-04
Loss = 6.9886e-03, PNorm = 55.6160, GNorm = 0.0020, lr_0 = 2.9059e-04
Loss = 8.5798e-04, PNorm = 55.6302, GNorm = 0.0017, lr_0 = 2.8837e-04
Validation auc = 0.869546
Epoch 17
Loss = 5.4209e-03, PNorm = 55.6430, GNorm = 0.0032, lr_0 = 2.8594e-04
Loss = 2.6254e-03, PNorm = 55.6580, GNorm = 0.0014, lr_0 = 2.8375e-04
Loss = 1.1628e-03, PNorm = 55.6766, GNorm = 0.0008, lr_0 = 2.8158e-04
Loss = 4.1902e-04, PNorm = 55.6933, GNorm = 0.0058, lr_0 = 2.7942e-04
Loss = 1.4203e-03, PNorm = 55.7118, GNorm = 0.0010, lr_0 = 2.7728e-04
Loss = 5.0168e-04, PNorm = 55.7292, GNorm = 0.0096, lr_0 = 2.7516e-04
Loss = 3.3737e-04, PNorm = 55.7434, GNorm = 0.0027, lr_0 = 2.7305e-04
Loss = 1.0495e-03, PNorm = 55.7577, GNorm = 0.0014, lr_0 = 2.7096e-04
Loss = 9.6360e-04, PNorm = 55.7696, GNorm = 0.0043, lr_0 = 2.6889e-04
Loss = 7.1260e-04, PNorm = 55.7808, GNorm = 0.0166, lr_0 = 2.6683e-04
Loss = 3.8021e-03, PNorm = 55.7944, GNorm = 0.0032, lr_0 = 2.6479e-04
Validation auc = 0.868625
Epoch 18
Loss = 8.1111e-04, PNorm = 55.8094, GNorm = 0.0217, lr_0 = 2.6256e-04
Loss = 4.6693e-04, PNorm = 55.8231, GNorm = 0.0003, lr_0 = 2.6055e-04
Loss = 8.0843e-04, PNorm = 55.8363, GNorm = 0.0016, lr_0 = 2.5855e-04
Loss = 2.4032e-03, PNorm = 55.8481, GNorm = 0.0023, lr_0 = 2.5657e-04
Loss = 6.8488e-04, PNorm = 55.8580, GNorm = 0.0034, lr_0 = 2.5461e-04
Loss = 7.1809e-04, PNorm = 55.8679, GNorm = 0.0009, lr_0 = 2.5266e-04
Loss = 4.5730e-03, PNorm = 55.8773, GNorm = 0.0007, lr_0 = 2.5073e-04
Loss = 4.5918e-04, PNorm = 55.8874, GNorm = 0.0019, lr_0 = 2.4881e-04
Loss = 5.3466e-04, PNorm = 55.8963, GNorm = 0.0008, lr_0 = 2.4690e-04
Loss = 5.8097e-04, PNorm = 55.9043, GNorm = 0.0162, lr_0 = 2.4501e-04
Validation auc = 0.869953
Epoch 19
Loss = 3.4292e-04, PNorm = 55.9144, GNorm = 0.0029, lr_0 = 2.4314e-04
Loss = 3.2172e-04, PNorm = 55.9239, GNorm = 0.0012, lr_0 = 2.4127e-04
Loss = 2.2135e-03, PNorm = 55.9343, GNorm = 0.0040, lr_0 = 2.3943e-04
Loss = 3.0530e-04, PNorm = 55.9446, GNorm = 0.0010, lr_0 = 2.3759e-04
Loss = 8.3056e-04, PNorm = 55.9551, GNorm = 0.0004, lr_0 = 2.3577e-04
Loss = 3.1034e-04, PNorm = 55.9634, GNorm = 0.0003, lr_0 = 2.3397e-04
Loss = 3.6234e-04, PNorm = 55.9728, GNorm = 0.0010, lr_0 = 2.3218e-04
Loss = 3.6410e-03, PNorm = 55.9831, GNorm = 0.0007, lr_0 = 2.3040e-04
Loss = 4.9609e-04, PNorm = 55.9929, GNorm = 0.0005, lr_0 = 2.2864e-04
Loss = 1.1250e-03, PNorm = 56.0032, GNorm = 0.0065, lr_0 = 2.2689e-04
Loss = 2.0172e-03, PNorm = 56.0153, GNorm = 0.0014, lr_0 = 2.2515e-04
Validation auc = 0.868401
Epoch 20
Loss = 5.7022e-04, PNorm = 56.0266, GNorm = 0.0045, lr_0 = 2.2325e-04
Loss = 9.7818e-04, PNorm = 56.0394, GNorm = 0.0020, lr_0 = 2.2154e-04
Loss = 3.7082e-03, PNorm = 56.0500, GNorm = 0.0029, lr_0 = 2.1985e-04
Loss = 2.2441e-03, PNorm = 56.0643, GNorm = 0.0022, lr_0 = 2.1816e-04
Loss = 4.9436e-03, PNorm = 56.0775, GNorm = 0.0002, lr_0 = 2.1649e-04
Loss = 1.1121e-03, PNorm = 56.0871, GNorm = 0.0205, lr_0 = 2.1484e-04
Loss = 4.0016e-04, PNorm = 56.0963, GNorm = 0.0047, lr_0 = 2.1319e-04
Loss = 1.3858e-03, PNorm = 56.1069, GNorm = 0.0015, lr_0 = 2.1156e-04
Loss = 4.5648e-04, PNorm = 56.1163, GNorm = 0.0152, lr_0 = 2.0994e-04
Loss = 3.9315e-04, PNorm = 56.1262, GNorm = 0.0016, lr_0 = 2.0833e-04
Loss = 3.1906e-04, PNorm = 56.1341, GNorm = 0.0019, lr_0 = 2.0674e-04
Validation auc = 0.867511
Epoch 21
Loss = 2.8624e-04, PNorm = 56.1457, GNorm = 0.0005, lr_0 = 2.0500e-04
Loss = 9.3167e-04, PNorm = 56.1545, GNorm = 0.0031, lr_0 = 2.0343e-04
Loss = 3.3986e-04, PNorm = 56.1636, GNorm = 0.0006, lr_0 = 2.0187e-04
Loss = 6.3063e-04, PNorm = 56.1731, GNorm = 0.0023, lr_0 = 2.0033e-04
Loss = 3.5270e-04, PNorm = 56.1842, GNorm = 0.0013, lr_0 = 1.9879e-04
Loss = 6.3120e-04, PNorm = 56.1925, GNorm = 0.0002, lr_0 = 1.9727e-04
Loss = 5.6763e-04, PNorm = 56.1997, GNorm = 0.0008, lr_0 = 1.9576e-04
Loss = 3.4030e-03, PNorm = 56.2065, GNorm = 0.0006, lr_0 = 1.9426e-04
Loss = 6.2342e-04, PNorm = 56.2144, GNorm = 0.0029, lr_0 = 1.9277e-04
Loss = 1.3314e-03, PNorm = 56.2218, GNorm = 0.0035, lr_0 = 1.9130e-04
Loss = 3.4436e-03, PNorm = 56.2309, GNorm = 0.0003, lr_0 = 1.8983e-04
Validation auc = 0.867712
Epoch 22
Loss = 5.1075e-04, PNorm = 56.2389, GNorm = 0.0006, lr_0 = 1.8838e-04
Loss = 6.9266e-04, PNorm = 56.2461, GNorm = 0.0005, lr_0 = 1.8694e-04
Loss = 3.1974e-03, PNorm = 56.2528, GNorm = 0.0029, lr_0 = 1.8551e-04
Loss = 1.7973e-04, PNorm = 56.2588, GNorm = 0.0007, lr_0 = 1.8409e-04
Loss = 3.5877e-04, PNorm = 56.2647, GNorm = 0.0010, lr_0 = 1.8268e-04
Loss = 4.3746e-04, PNorm = 56.2705, GNorm = 0.0026, lr_0 = 1.8128e-04
Loss = 1.5302e-03, PNorm = 56.2807, GNorm = 0.0024, lr_0 = 1.7989e-04
Loss = 1.4427e-03, PNorm = 56.2910, GNorm = 0.0049, lr_0 = 1.7851e-04
Loss = 6.8676e-04, PNorm = 56.3004, GNorm = 0.0028, lr_0 = 1.7715e-04
Loss = 2.6291e-04, PNorm = 56.3078, GNorm = 0.0016, lr_0 = 1.7579e-04
Validation auc = 0.868485
Epoch 23
Loss = 5.8918e-04, PNorm = 56.3135, GNorm = 0.0001, lr_0 = 1.7431e-04
Loss = 4.5421e-04, PNorm = 56.3200, GNorm = 0.0232, lr_0 = 1.7298e-04
Loss = 4.4345e-04, PNorm = 56.3279, GNorm = 0.0018, lr_0 = 1.7165e-04
Loss = 6.5696e-04, PNorm = 56.3362, GNorm = 0.0094, lr_0 = 1.7034e-04
Loss = 4.4190e-03, PNorm = 56.3433, GNorm = 0.0005, lr_0 = 1.6903e-04
Loss = 4.3784e-04, PNorm = 56.3496, GNorm = 0.0004, lr_0 = 1.6774e-04
Loss = 2.0068e-03, PNorm = 56.3588, GNorm = 0.0010, lr_0 = 1.6645e-04
Loss = 4.1408e-04, PNorm = 56.3669, GNorm = 0.0003, lr_0 = 1.6518e-04
Loss = 3.6849e-04, PNorm = 56.3754, GNorm = 0.0009, lr_0 = 1.6392e-04
Loss = 7.4880e-04, PNorm = 56.3852, GNorm = 0.0039, lr_0 = 1.6266e-04
Loss = 7.4530e-04, PNorm = 56.3956, GNorm = 0.0082, lr_0 = 1.6142e-04
Validation auc = 0.867981
Epoch 24
Loss = 3.3283e-04, PNorm = 56.4052, GNorm = 0.0024, lr_0 = 1.6006e-04
Loss = 3.6309e-04, PNorm = 56.4123, GNorm = 0.0018, lr_0 = 1.5883e-04
Loss = 2.2154e-04, PNorm = 56.4185, GNorm = 0.0036, lr_0 = 1.5761e-04
Loss = 3.1729e-04, PNorm = 56.4269, GNorm = 0.0014, lr_0 = 1.5641e-04
Loss = 3.4351e-04, PNorm = 56.4340, GNorm = 0.0037, lr_0 = 1.5521e-04
Loss = 1.5792e-03, PNorm = 56.4393, GNorm = 0.0003, lr_0 = 1.5402e-04
Loss = 4.3282e-03, PNorm = 56.4453, GNorm = 0.1357, lr_0 = 1.5284e-04
Loss = 5.6028e-04, PNorm = 56.4523, GNorm = 0.0062, lr_0 = 1.5167e-04
Loss = 8.8631e-04, PNorm = 56.4592, GNorm = 0.0007, lr_0 = 1.5051e-04
Loss = 5.1396e-04, PNorm = 56.4650, GNorm = 0.0049, lr_0 = 1.4936e-04
Loss = 9.6959e-04, PNorm = 56.4715, GNorm = 0.0009, lr_0 = 1.4822e-04
Validation auc = 0.869408
Epoch 25
Loss = 6.3124e-04, PNorm = 56.4776, GNorm = 0.0000, lr_0 = 1.4708e-04
Loss = 1.8937e-04, PNorm = 56.4828, GNorm = 0.0007, lr_0 = 1.4595e-04
Loss = 1.3479e-04, PNorm = 56.4874, GNorm = 0.0002, lr_0 = 1.4484e-04
Loss = 9.9049e-04, PNorm = 56.4929, GNorm = 0.0029, lr_0 = 1.4373e-04
Loss = 2.0107e-03, PNorm = 56.5011, GNorm = 0.0032, lr_0 = 1.4263e-04
Loss = 6.0776e-04, PNorm = 56.5089, GNorm = 0.0008, lr_0 = 1.4154e-04
Loss = 4.8948e-04, PNorm = 56.5160, GNorm = 0.0042, lr_0 = 1.4045e-04
Loss = 2.7959e-04, PNorm = 56.5221, GNorm = 0.0035, lr_0 = 1.3938e-04
Loss = 4.8495e-04, PNorm = 56.5286, GNorm = 0.0281, lr_0 = 1.3831e-04
Loss = 8.4819e-04, PNorm = 56.5371, GNorm = 0.0005, lr_0 = 1.3725e-04
Loss = 4.4746e-03, PNorm = 56.5439, GNorm = 0.0001, lr_0 = 1.3620e-04
Loss = 2.0960e-04, PNorm = 56.5445, GNorm = 0.0020, lr_0 = 1.3610e-04
Validation auc = 0.867454
Epoch 26
Loss = 7.9297e-04, PNorm = 56.5509, GNorm = 0.0014, lr_0 = 1.3505e-04
Loss = 8.4040e-04, PNorm = 56.5589, GNorm = 0.0015, lr_0 = 1.3402e-04
Loss = 3.1356e-03, PNorm = 56.5668, GNorm = 0.0042, lr_0 = 1.3299e-04
Loss = 2.9080e-03, PNorm = 56.5722, GNorm = 0.0017, lr_0 = 1.3198e-04
Loss = 2.2202e-04, PNorm = 56.5763, GNorm = 0.0060, lr_0 = 1.3097e-04
Loss = 1.6073e-04, PNorm = 56.5811, GNorm = 0.0009, lr_0 = 1.2996e-04
Loss = 2.8525e-04, PNorm = 56.5862, GNorm = 0.0006, lr_0 = 1.2897e-04
Loss = 1.0717e-03, PNorm = 56.5934, GNorm = 0.0166, lr_0 = 1.2798e-04
Loss = 1.9780e-04, PNorm = 56.6023, GNorm = 0.0010, lr_0 = 1.2700e-04
Loss = 4.7607e-04, PNorm = 56.6095, GNorm = 0.0018, lr_0 = 1.2603e-04
Validation auc = 0.867713
Epoch 27
Loss = 2.8162e-04, PNorm = 56.6149, GNorm = 0.0031, lr_0 = 1.2497e-04
Loss = 1.1213e-03, PNorm = 56.6200, GNorm = 0.0012, lr_0 = 1.2401e-04
Loss = 6.5012e-04, PNorm = 56.6259, GNorm = 0.0208, lr_0 = 1.2306e-04
Loss = 2.0960e-04, PNorm = 56.6328, GNorm = 0.0002, lr_0 = 1.2212e-04
Loss = 8.4781e-04, PNorm = 56.6390, GNorm = 0.0106, lr_0 = 1.2118e-04
Loss = 1.2345e-03, PNorm = 56.6448, GNorm = 0.0007, lr_0 = 1.2026e-04
Loss = 1.3125e-04, PNorm = 56.6493, GNorm = 0.0003, lr_0 = 1.1934e-04
Loss = 8.3297e-04, PNorm = 56.6536, GNorm = 0.0011, lr_0 = 1.1842e-04
Loss = 4.1982e-04, PNorm = 56.6579, GNorm = 0.0006, lr_0 = 1.1752e-04
Loss = 4.8844e-04, PNorm = 56.6628, GNorm = 0.0000, lr_0 = 1.1662e-04
Loss = 9.6147e-04, PNorm = 56.6687, GNorm = 0.0006, lr_0 = 1.1572e-04
Validation auc = 0.867782
Epoch 28
Loss = 2.5712e-04, PNorm = 56.6742, GNorm = 0.0049, lr_0 = 1.1475e-04
Loss = 2.6326e-04, PNorm = 56.6792, GNorm = 0.0002, lr_0 = 1.1387e-04
Loss = 9.4018e-04, PNorm = 56.6853, GNorm = 0.0006, lr_0 = 1.1300e-04
Loss = 8.1316e-04, PNorm = 56.6910, GNorm = 0.0025, lr_0 = 1.1213e-04
Loss = 2.4263e-04, PNorm = 56.6952, GNorm = 0.0009, lr_0 = 1.1127e-04
Loss = 1.0089e-03, PNorm = 56.7001, GNorm = 0.0062, lr_0 = 1.1042e-04
Loss = 1.7110e-03, PNorm = 56.7049, GNorm = 0.0012, lr_0 = 1.0958e-04
Loss = 8.6791e-04, PNorm = 56.7106, GNorm = 0.0045, lr_0 = 1.0874e-04
Loss = 5.8954e-04, PNorm = 56.7170, GNorm = 0.0194, lr_0 = 1.0791e-04
Loss = 8.7491e-04, PNorm = 56.7243, GNorm = 0.0004, lr_0 = 1.0708e-04
Loss = 2.3101e-03, PNorm = 56.7317, GNorm = 0.0029, lr_0 = 1.0626e-04
Validation auc = 0.867269
Epoch 29
Loss = 1.7731e-04, PNorm = 56.7388, GNorm = 0.0003, lr_0 = 1.0545e-04
Loss = 1.3998e-03, PNorm = 56.7456, GNorm = 0.0004, lr_0 = 1.0464e-04
Loss = 2.3418e-04, PNorm = 56.7511, GNorm = 0.0008, lr_0 = 1.0384e-04
Loss = 4.3290e-04, PNorm = 56.7560, GNorm = 0.0003, lr_0 = 1.0304e-04
Loss = 5.4142e-04, PNorm = 56.7616, GNorm = 0.0028, lr_0 = 1.0225e-04
Loss = 4.1043e-04, PNorm = 56.7675, GNorm = 0.0002, lr_0 = 1.0147e-04
Loss = 4.5383e-04, PNorm = 56.7724, GNorm = 0.0003, lr_0 = 1.0069e-04
Loss = 5.3135e-04, PNorm = 56.7764, GNorm = 0.0014, lr_0 = 1.0000e-04
Loss = 3.9137e-04, PNorm = 56.7814, GNorm = 0.0013, lr_0 = 1.0000e-04
Loss = 4.4322e-04, PNorm = 56.7870, GNorm = 0.0022, lr_0 = 1.0000e-04
Validation auc = 0.867479
Model 0 best validation auc = 0.884502 on epoch 1
Loading pretrained parameter "ffn.1.weight".
Loading pretrained parameter "ffn.1.bias".
Loading pretrained parameter "ffn.4.weight".
Loading pretrained parameter "ffn.4.bias".
Model 0 test auc = 0.597205
Ensemble test auc = 0.597205
Fold 1
Splitting data with seed 1
Total scaffolds = 4,180 | train scaffolds = 3,198 | val scaffolds = 502 | test scaffolds = 480
Label averages per scaffold, in decreasing order of scaffold frequency,capped at 10 scaffolds and 20 labels:
Scaffold 0
Task 0: count = 468 | target average = 0.019231
Task 1: count = 468 | target average = 0.014957


Scaffold 1
Task 0: count = 383 | target average = 0.007833
Task 1: count = 383 | target average = 0.013055


Scaffold 2
Task 0: count = 44 | target average = 0.000000
Task 1: count = 44 | target average = 0.000000


Scaffold 3
Task 0: count = 35 | target average = 0.000000
Task 1: count = 35 | target average = 0.000000


Scaffold 4
Task 0: count = 34 | target average = 0.000000
Task 1: count = 34 | target average = 0.000000


Scaffold 5
Task 0: count = 30 | target average = 0.000000
Task 1: count = 30 | target average = 0.000000


Scaffold 6
Task 0: count = 28 | target average = 0.000000
Task 1: count = 28 | target average = 0.000000


Scaffold 7
Task 0: count = 27 | target average = 0.074074
Task 1: count = 27 | target average = 0.074074


Scaffold 8
Task 0: count = 25 | target average = 0.040000
Task 1: count = 25 | target average = 0.000000


Scaffold 9
Task 0: count = 23 | target average = 0.000000
Task 1: count = 23 | target average = 0.000000


Class sizes
hit_inh 0: 97.79%, 1: 2.21%
hit_kill 0: 98.75%, 1: 1.25%
Total size = 6,708 | train size = 5,366 | val size = 670 | test size = 672
Building model 0
MoleculeModel(
  (sigmoid): Sigmoid()
  (encoder): MPN()
  (ffn): Sequential(
    (0): Dropout(p=0.1, inplace=False)
    (1): Linear(in_features=2048, out_features=1500, bias=True)
    (2): ReLU()
    (3): Dropout(p=0.1, inplace=False)
    (4): Linear(in_features=1500, out_features=2, bias=True)
  )
)
Number of parameters = 3,076,502
Epoch 0
Loss = 5.1482e-01, PNorm = 41.6896, GNorm = 0.8947, lr_0 = 1.4626e-04
Loss = 2.9376e-01, PNorm = 41.7256, GNorm = 0.4477, lr_0 = 1.8832e-04
Loss = 1.7147e-01, PNorm = 41.7799, GNorm = 0.2800, lr_0 = 2.3037e-04
Loss = 1.4374e-01, PNorm = 41.8362, GNorm = 0.2032, lr_0 = 2.7243e-04
Loss = 9.9206e-02, PNorm = 41.8852, GNorm = 0.1213, lr_0 = 3.1449e-04
Loss = 1.0900e-01, PNorm = 41.9278, GNorm = 0.1438, lr_0 = 3.5654e-04
Loss = 1.3947e-01, PNorm = 41.9634, GNorm = 0.1820, lr_0 = 3.9860e-04
Loss = 9.1179e-02, PNorm = 42.0058, GNorm = 0.0718, lr_0 = 4.4065e-04
Loss = 8.0476e-02, PNorm = 42.0665, GNorm = 0.1058, lr_0 = 4.8271e-04
Loss = 5.6158e-02, PNorm = 42.1503, GNorm = 0.0963, lr_0 = 5.2477e-04
Validation auc = 0.760814
Epoch 1
Loss = 3.0412e-02, PNorm = 42.2549, GNorm = 0.0830, lr_0 = 5.7103e-04
Loss = 5.9948e-02, PNorm = 42.3646, GNorm = 0.1681, lr_0 = 6.1308e-04
Loss = 6.8648e-02, PNorm = 42.4759, GNorm = 0.1353, lr_0 = 6.5514e-04
Loss = 5.5701e-02, PNorm = 42.5931, GNorm = 0.1109, lr_0 = 6.9720e-04
Loss = 3.7150e-02, PNorm = 42.7242, GNorm = 0.1533, lr_0 = 7.3925e-04
Loss = 1.0347e-01, PNorm = 42.8542, GNorm = 0.0603, lr_0 = 7.8131e-04
Loss = 5.5807e-02, PNorm = 43.0285, GNorm = 0.1737, lr_0 = 8.2336e-04
Loss = 4.7056e-02, PNorm = 43.2607, GNorm = 0.1493, lr_0 = 8.6542e-04
Loss = 4.5481e-02, PNorm = 43.5432, GNorm = 0.0825, lr_0 = 9.0748e-04
Loss = 8.2299e-02, PNorm = 43.8197, GNorm = 0.0744, lr_0 = 9.4953e-04
Loss = 6.7563e-02, PNorm = 44.1276, GNorm = 0.0729, lr_0 = 9.9159e-04
Validation auc = 0.837191
Epoch 2
Loss = 2.5759e-02, PNorm = 44.5429, GNorm = 0.0422, lr_0 = 9.9311e-04
Loss = 2.3096e-02, PNorm = 44.8877, GNorm = 0.0915, lr_0 = 9.8550e-04
Loss = 1.3856e-02, PNorm = 45.1591, GNorm = 0.1129, lr_0 = 9.7796e-04
Loss = 2.6642e-02, PNorm = 45.3970, GNorm = 0.1250, lr_0 = 9.7047e-04
Loss = 2.6156e-02, PNorm = 45.6055, GNorm = 0.1633, lr_0 = 9.6304e-04
Loss = 2.5662e-02, PNorm = 45.7788, GNorm = 0.1344, lr_0 = 9.5567e-04
Loss = 2.8964e-02, PNorm = 45.9708, GNorm = 0.0142, lr_0 = 9.4835e-04
Loss = 1.8768e-02, PNorm = 46.1852, GNorm = 0.1192, lr_0 = 9.4109e-04
Loss = 2.7337e-02, PNorm = 46.4077, GNorm = 0.1248, lr_0 = 9.3389e-04
Loss = 6.4366e-02, PNorm = 46.6787, GNorm = 0.0999, lr_0 = 9.2674e-04
Loss = 3.9517e-02, PNorm = 47.0538, GNorm = 0.0781, lr_0 = 9.1964e-04
Validation auc = 0.794762
Epoch 3
Loss = 1.9814e-02, PNorm = 47.4542, GNorm = 0.0422, lr_0 = 9.1190e-04
Loss = 1.4110e-02, PNorm = 47.7768, GNorm = 0.0395, lr_0 = 9.0492e-04
Loss = 2.2823e-02, PNorm = 48.0052, GNorm = 0.1374, lr_0 = 8.9799e-04
Loss = 9.6584e-03, PNorm = 48.1878, GNorm = 0.1062, lr_0 = 8.9111e-04
Loss = 1.5983e-02, PNorm = 48.3602, GNorm = 0.0675, lr_0 = 8.8429e-04
Loss = 1.6645e-02, PNorm = 48.5414, GNorm = 0.0294, lr_0 = 8.7752e-04
Loss = 1.5632e-02, PNorm = 48.7044, GNorm = 0.0132, lr_0 = 8.7080e-04
Loss = 2.0527e-02, PNorm = 48.8892, GNorm = 0.1388, lr_0 = 8.6414e-04
Loss = 1.2217e-02, PNorm = 49.0530, GNorm = 0.0177, lr_0 = 8.5752e-04
Loss = 1.6469e-02, PNorm = 49.2098, GNorm = 0.0396, lr_0 = 8.5095e-04
Validation auc = 0.786823
Epoch 4
Loss = 2.5669e-03, PNorm = 49.3721, GNorm = 0.0135, lr_0 = 8.4444e-04
Loss = 2.1884e-02, PNorm = 49.5312, GNorm = 0.0862, lr_0 = 8.3797e-04
Loss = 4.0448e-03, PNorm = 49.6707, GNorm = 0.0100, lr_0 = 8.3156e-04
Loss = 1.1082e-02, PNorm = 49.7835, GNorm = 0.0179, lr_0 = 8.2519e-04
Loss = 6.1028e-03, PNorm = 49.9036, GNorm = 0.0152, lr_0 = 8.1888e-04
Loss = 8.0460e-03, PNorm = 50.0210, GNorm = 0.0413, lr_0 = 8.1261e-04
Loss = 9.7071e-03, PNorm = 50.1386, GNorm = 0.0264, lr_0 = 8.0638e-04
Loss = 8.3585e-03, PNorm = 50.2621, GNorm = 0.0065, lr_0 = 8.0021e-04
Loss = 6.2145e-03, PNorm = 50.3752, GNorm = 0.0169, lr_0 = 7.9408e-04
Loss = 8.6399e-03, PNorm = 50.4739, GNorm = 0.0284, lr_0 = 7.8800e-04
Loss = 5.3791e-03, PNorm = 50.5737, GNorm = 0.0093, lr_0 = 7.8197e-04
Validation auc = 0.771666
Epoch 5
Loss = 2.0247e-03, PNorm = 50.6799, GNorm = 0.0094, lr_0 = 7.7539e-04
Loss = 6.7201e-03, PNorm = 50.7684, GNorm = 0.0313, lr_0 = 7.6945e-04
Loss = 4.6727e-03, PNorm = 50.8474, GNorm = 0.0033, lr_0 = 7.6356e-04
Loss = 8.3368e-03, PNorm = 50.9271, GNorm = 0.0043, lr_0 = 7.5772e-04
Loss = 5.1226e-03, PNorm = 51.0119, GNorm = 0.0020, lr_0 = 7.5191e-04
Loss = 1.9478e-03, PNorm = 51.0875, GNorm = 0.0182, lr_0 = 7.4616e-04
Loss = 5.6863e-03, PNorm = 51.1557, GNorm = 0.0032, lr_0 = 7.4044e-04
Loss = 6.6235e-03, PNorm = 51.2296, GNorm = 0.1200, lr_0 = 7.3478e-04
Loss = 5.3501e-03, PNorm = 51.3128, GNorm = 0.0042, lr_0 = 7.2915e-04
Loss = 4.3120e-03, PNorm = 51.3972, GNorm = 0.0482, lr_0 = 7.2357e-04
Loss = 6.5770e-03, PNorm = 51.4888, GNorm = 0.0037, lr_0 = 7.1803e-04
Validation auc = 0.780769
Epoch 6
Loss = 4.9635e-03, PNorm = 51.5741, GNorm = 0.0431, lr_0 = 7.1198e-04
Loss = 1.6742e-03, PNorm = 51.6457, GNorm = 0.0104, lr_0 = 7.0653e-04
Loss = 6.8172e-03, PNorm = 51.7138, GNorm = 0.0053, lr_0 = 7.0112e-04
Loss = 2.9962e-03, PNorm = 51.7776, GNorm = 0.0033, lr_0 = 6.9576e-04
Loss = 4.2049e-03, PNorm = 51.8362, GNorm = 0.0603, lr_0 = 6.9043e-04
Loss = 2.7727e-03, PNorm = 51.8972, GNorm = 0.0263, lr_0 = 6.8514e-04
Loss = 7.7625e-03, PNorm = 51.9517, GNorm = 0.0232, lr_0 = 6.7990e-04
Loss = 4.2743e-03, PNorm = 52.0112, GNorm = 0.0170, lr_0 = 6.7469e-04
Loss = 1.9363e-03, PNorm = 52.0713, GNorm = 0.0074, lr_0 = 6.6953e-04
Loss = 2.6951e-03, PNorm = 52.1188, GNorm = 0.0039, lr_0 = 6.6440e-04
Loss = 4.0149e-03, PNorm = 52.1672, GNorm = 0.0020, lr_0 = 6.5931e-04
Validation auc = 0.776204
Epoch 7
Loss = 1.6662e-03, PNorm = 52.2205, GNorm = 0.0107, lr_0 = 6.5427e-04
Loss = 1.5533e-03, PNorm = 52.2676, GNorm = 0.0177, lr_0 = 6.4926e-04
Loss = 2.0122e-03, PNorm = 52.3100, GNorm = 0.0034, lr_0 = 6.4429e-04
Loss = 4.0076e-03, PNorm = 52.3536, GNorm = 0.0131, lr_0 = 6.3935e-04
Loss = 5.2435e-03, PNorm = 52.4049, GNorm = 0.0110, lr_0 = 6.3446e-04
Loss = 2.2297e-03, PNorm = 52.4493, GNorm = 0.0010, lr_0 = 6.2960e-04
Loss = 3.1400e-03, PNorm = 52.4941, GNorm = 0.0009, lr_0 = 6.2478e-04
Loss = 3.1048e-03, PNorm = 52.5411, GNorm = 0.0059, lr_0 = 6.2000e-04
Loss = 2.9558e-03, PNorm = 52.5813, GNorm = 0.0334, lr_0 = 6.1525e-04
Loss = 1.3253e-02, PNorm = 52.6258, GNorm = 0.0187, lr_0 = 6.1054e-04
Validation auc = 0.777892
Epoch 8
Loss = 3.9296e-03, PNorm = 52.6972, GNorm = 0.0048, lr_0 = 6.0540e-04
Loss = 4.4856e-03, PNorm = 52.7695, GNorm = 0.0103, lr_0 = 6.0077e-04
Loss = 5.4093e-03, PNorm = 52.8333, GNorm = 0.1149, lr_0 = 5.9617e-04
Loss = 1.3397e-03, PNorm = 52.8933, GNorm = 0.0013, lr_0 = 5.9160e-04
Loss = 5.9263e-03, PNorm = 52.9426, GNorm = 0.0092, lr_0 = 5.8707e-04
Loss = 2.2218e-03, PNorm = 52.9911, GNorm = 0.0019, lr_0 = 5.8258e-04
Loss = 1.0145e-03, PNorm = 53.0337, GNorm = 0.0053, lr_0 = 5.7812e-04
Loss = 6.7528e-03, PNorm = 53.0847, GNorm = 0.0117, lr_0 = 5.7369e-04
Loss = 2.6436e-03, PNorm = 53.1341, GNorm = 0.0061, lr_0 = 5.6930e-04
Loss = 3.1750e-03, PNorm = 53.1775, GNorm = 0.0265, lr_0 = 5.6494e-04
Loss = 2.6444e-03, PNorm = 53.2206, GNorm = 0.0013, lr_0 = 5.6062e-04
Validation auc = 0.773652
Epoch 9
Loss = 1.8347e-03, PNorm = 53.2700, GNorm = 0.0691, lr_0 = 5.5590e-04
Loss = 2.0613e-03, PNorm = 53.3163, GNorm = 0.0284, lr_0 = 5.5164e-04
Loss = 3.0622e-03, PNorm = 53.3658, GNorm = 0.0363, lr_0 = 5.4742e-04
Loss = 2.8644e-03, PNorm = 53.4232, GNorm = 0.0017, lr_0 = 5.4323e-04
Loss = 1.1274e-03, PNorm = 53.4642, GNorm = 0.0021, lr_0 = 5.3907e-04
Loss = 3.6031e-03, PNorm = 53.5029, GNorm = 0.0244, lr_0 = 5.3494e-04
Loss = 9.5575e-03, PNorm = 53.5475, GNorm = 0.0041, lr_0 = 5.3084e-04
Loss = 1.5787e-03, PNorm = 53.5831, GNorm = 0.0020, lr_0 = 5.2678e-04
Loss = 1.4489e-03, PNorm = 53.6163, GNorm = 0.0155, lr_0 = 5.2275e-04
Loss = 2.8246e-03, PNorm = 53.6445, GNorm = 0.0296, lr_0 = 5.1874e-04
Loss = 1.5917e-03, PNorm = 53.6733, GNorm = 0.0078, lr_0 = 5.1477e-04
Validation auc = 0.774812
Epoch 10
Loss = 2.8035e-03, PNorm = 53.7003, GNorm = 0.0051, lr_0 = 5.1083e-04
Loss = 6.8389e-04, PNorm = 53.7224, GNorm = 0.0048, lr_0 = 5.0692e-04
Loss = 1.4977e-03, PNorm = 53.7440, GNorm = 0.0234, lr_0 = 5.0304e-04
Loss = 4.1552e-03, PNorm = 53.7774, GNorm = 0.0220, lr_0 = 4.9919e-04
Loss = 1.6211e-03, PNorm = 53.8119, GNorm = 0.0134, lr_0 = 4.9537e-04
Loss = 3.6207e-03, PNorm = 53.8452, GNorm = 0.0094, lr_0 = 4.9157e-04
Loss = 1.3415e-03, PNorm = 53.8758, GNorm = 0.0029, lr_0 = 4.8781e-04
Loss = 2.3488e-03, PNorm = 53.9059, GNorm = 0.0485, lr_0 = 4.8408e-04
Loss = 1.6455e-03, PNorm = 53.9395, GNorm = 0.0038, lr_0 = 4.8037e-04
Loss = 4.5027e-03, PNorm = 53.9675, GNorm = 0.0109, lr_0 = 4.7669e-04
Loss = 4.3476e-03, PNorm = 53.9962, GNorm = 0.0063, lr_0 = 4.7304e-04
Loss = 8.1653e-04, PNorm = 53.9990, GNorm = 0.0093, lr_0 = 4.7268e-04
Validation auc = 0.768817
Epoch 11
Loss = 1.6097e-03, PNorm = 54.0224, GNorm = 0.0641, lr_0 = 4.6906e-04
Loss = 3.2499e-03, PNorm = 54.0441, GNorm = 0.0191, lr_0 = 4.6547e-04
Loss = 8.9709e-04, PNorm = 54.0695, GNorm = 0.0014, lr_0 = 4.6191e-04
Loss = 1.0848e-03, PNorm = 54.0970, GNorm = 0.0030, lr_0 = 4.5837e-04
Loss = 2.7868e-03, PNorm = 54.1271, GNorm = 0.0041, lr_0 = 4.5486e-04
Loss = 8.4578e-04, PNorm = 54.1527, GNorm = 0.0032, lr_0 = 4.5138e-04
Loss = 4.4075e-04, PNorm = 54.1764, GNorm = 0.0006, lr_0 = 4.4792e-04
Loss = 3.4822e-03, PNorm = 54.1996, GNorm = 0.0007, lr_0 = 4.4449e-04
Loss = 1.9711e-03, PNorm = 54.2226, GNorm = 0.0120, lr_0 = 4.4109e-04
Loss = 1.5508e-03, PNorm = 54.2450, GNorm = 0.0706, lr_0 = 4.3771e-04
Validation auc = 0.773475
Epoch 12
Loss = 1.1324e-03, PNorm = 54.2682, GNorm = 0.0127, lr_0 = 4.3403e-04
Loss = 1.0881e-03, PNorm = 54.2875, GNorm = 0.0100, lr_0 = 4.3070e-04
Loss = 3.3508e-03, PNorm = 54.3112, GNorm = 0.0283, lr_0 = 4.2741e-04
Loss = 2.1800e-03, PNorm = 54.3347, GNorm = 0.0003, lr_0 = 4.2413e-04
Loss = 1.6844e-03, PNorm = 54.3551, GNorm = 0.0018, lr_0 = 4.2089e-04
Loss = 8.1779e-04, PNorm = 54.3713, GNorm = 0.0048, lr_0 = 4.1766e-04
Loss = 3.9955e-03, PNorm = 54.3880, GNorm = 0.0008, lr_0 = 4.1447e-04
Loss = 2.7354e-03, PNorm = 54.4059, GNorm = 0.0008, lr_0 = 4.1129e-04
Loss = 1.0102e-03, PNorm = 54.4246, GNorm = 0.0114, lr_0 = 4.0814e-04
Loss = 1.5247e-03, PNorm = 54.4442, GNorm = 0.0002, lr_0 = 4.0502e-04
Loss = 1.1762e-03, PNorm = 54.4624, GNorm = 0.0371, lr_0 = 4.0192e-04
Validation auc = 0.769273
Epoch 13
Loss = 2.2042e-03, PNorm = 54.4848, GNorm = 0.0023, lr_0 = 3.9884e-04
Loss = 2.2695e-03, PNorm = 54.5060, GNorm = 0.0004, lr_0 = 3.9579e-04
Loss = 7.4824e-04, PNorm = 54.5218, GNorm = 0.0008, lr_0 = 3.9276e-04
Loss = 3.3144e-03, PNorm = 54.5365, GNorm = 0.0072, lr_0 = 3.8975e-04
Loss = 7.2612e-04, PNorm = 54.5544, GNorm = 0.0113, lr_0 = 3.8677e-04
Loss = 1.1699e-03, PNorm = 54.5709, GNorm = 0.0416, lr_0 = 3.8381e-04
Loss = 1.4898e-03, PNorm = 54.5909, GNorm = 0.0026, lr_0 = 3.8087e-04
Loss = 9.8767e-03, PNorm = 54.6153, GNorm = 0.0070, lr_0 = 3.7795e-04
Loss = 1.3243e-03, PNorm = 54.6457, GNorm = 0.0057, lr_0 = 3.7506e-04
Loss = 9.1858e-04, PNorm = 54.6791, GNorm = 0.0006, lr_0 = 3.7219e-04
Loss = 5.3592e-04, PNorm = 54.7109, GNorm = 0.0011, lr_0 = 3.6934e-04
Validation auc = 0.772951
Epoch 14
Loss = 8.0477e-04, PNorm = 54.7453, GNorm = 0.0012, lr_0 = 3.6623e-04
Loss = 7.0460e-04, PNorm = 54.7719, GNorm = 0.0072, lr_0 = 3.6342e-04
Loss = 1.0807e-03, PNorm = 54.7976, GNorm = 0.0039, lr_0 = 3.6064e-04
Loss = 7.9021e-04, PNorm = 54.8178, GNorm = 0.0486, lr_0 = 3.5788e-04
Loss = 7.2697e-04, PNorm = 54.8430, GNorm = 0.0023, lr_0 = 3.5514e-04
Loss = 5.7467e-04, PNorm = 54.8619, GNorm = 0.0032, lr_0 = 3.5242e-04
Loss = 2.1659e-03, PNorm = 54.8819, GNorm = 0.0041, lr_0 = 3.4972e-04
Loss = 5.0760e-03, PNorm = 54.8963, GNorm = 0.0054, lr_0 = 3.4705e-04
Loss = 3.2519e-03, PNorm = 54.9095, GNorm = 0.0042, lr_0 = 3.4439e-04
Loss = 1.0325e-03, PNorm = 54.9232, GNorm = 0.0029, lr_0 = 3.4175e-04
Validation auc = 0.768264
Epoch 15
Loss = 5.4254e-04, PNorm = 54.9361, GNorm = 0.0033, lr_0 = 3.3888e-04
Loss = 5.9067e-04, PNorm = 54.9475, GNorm = 0.0039, lr_0 = 3.3628e-04
Loss = 4.2482e-04, PNorm = 54.9612, GNorm = 0.0020, lr_0 = 3.3371e-04
Loss = 6.2276e-04, PNorm = 54.9730, GNorm = 0.0134, lr_0 = 3.3115e-04
Loss = 2.6492e-03, PNorm = 54.9855, GNorm = 0.0011, lr_0 = 3.2862e-04
Loss = 5.9101e-04, PNorm = 55.0008, GNorm = 0.0029, lr_0 = 3.2610e-04
Loss = 2.5558e-03, PNorm = 55.0145, GNorm = 0.0066, lr_0 = 3.2360e-04
Loss = 6.5696e-04, PNorm = 55.0267, GNorm = 0.0033, lr_0 = 3.2113e-04
Loss = 1.0805e-03, PNorm = 55.0418, GNorm = 0.0005, lr_0 = 3.1867e-04
Loss = 2.1078e-03, PNorm = 55.0545, GNorm = 0.0018, lr_0 = 3.1623e-04
Loss = 3.3846e-03, PNorm = 55.0675, GNorm = 0.0111, lr_0 = 3.1381e-04
Validation auc = 0.772532
Epoch 16
Loss = 1.3030e-04, PNorm = 55.0817, GNorm = 0.0012, lr_0 = 3.1140e-04
Loss = 5.1276e-04, PNorm = 55.0999, GNorm = 0.0008, lr_0 = 3.0902e-04
Loss = 1.6387e-03, PNorm = 55.1148, GNorm = 0.0018, lr_0 = 3.0665e-04
Loss = 2.3904e-03, PNorm = 55.1290, GNorm = 0.1385, lr_0 = 3.0431e-04
Loss = 9.5017e-04, PNorm = 55.1453, GNorm = 0.0043, lr_0 = 3.0198e-04
Loss = 1.9975e-03, PNorm = 55.1593, GNorm = 0.0230, lr_0 = 2.9966e-04
Loss = 1.0026e-03, PNorm = 55.1731, GNorm = 0.0021, lr_0 = 2.9737e-04
Loss = 1.2757e-03, PNorm = 55.1857, GNorm = 0.0475, lr_0 = 2.9509e-04
Loss = 4.9590e-04, PNorm = 55.2008, GNorm = 0.0013, lr_0 = 2.9283e-04
Loss = 3.4356e-04, PNorm = 55.2139, GNorm = 0.0051, lr_0 = 2.9059e-04
Loss = 1.4973e-03, PNorm = 55.2256, GNorm = 0.0352, lr_0 = 2.8837e-04
Validation auc = 0.775030
Epoch 17
Loss = 4.7303e-04, PNorm = 55.2384, GNorm = 0.0020, lr_0 = 2.8594e-04
Loss = 8.2519e-04, PNorm = 55.2490, GNorm = 0.0254, lr_0 = 2.8375e-04
Loss = 1.4028e-03, PNorm = 55.2591, GNorm = 0.0056, lr_0 = 2.8158e-04
Loss = 1.1450e-03, PNorm = 55.2734, GNorm = 0.0315, lr_0 = 2.7942e-04
Loss = 2.8457e-03, PNorm = 55.2903, GNorm = 0.0027, lr_0 = 2.7728e-04
Loss = 1.3305e-03, PNorm = 55.3060, GNorm = 0.0017, lr_0 = 2.7516e-04
Loss = 3.7800e-03, PNorm = 55.3172, GNorm = 0.1373, lr_0 = 2.7305e-04
Loss = 8.4251e-04, PNorm = 55.3266, GNorm = 0.0004, lr_0 = 2.7096e-04
Loss = 5.3650e-04, PNorm = 55.3362, GNorm = 0.0004, lr_0 = 2.6889e-04
Loss = 6.0434e-04, PNorm = 55.3460, GNorm = 0.0018, lr_0 = 2.6683e-04
Loss = 4.5361e-04, PNorm = 55.3545, GNorm = 0.0012, lr_0 = 2.6479e-04
Validation auc = 0.771000
Epoch 18
Loss = 8.2023e-04, PNorm = 55.3676, GNorm = 0.0007, lr_0 = 2.6256e-04
Loss = 8.3743e-04, PNorm = 55.3769, GNorm = 0.0012, lr_0 = 2.6055e-04
Loss = 3.3559e-04, PNorm = 55.3856, GNorm = 0.0014, lr_0 = 2.5855e-04
Loss = 2.6548e-03, PNorm = 55.3946, GNorm = 0.0089, lr_0 = 2.5657e-04
Loss = 3.2524e-03, PNorm = 55.4037, GNorm = 0.0005, lr_0 = 2.5461e-04
Loss = 9.8067e-04, PNorm = 55.4138, GNorm = 0.0039, lr_0 = 2.5266e-04
Loss = 5.0954e-04, PNorm = 55.4263, GNorm = 0.0013, lr_0 = 2.5073e-04
Loss = 5.9128e-04, PNorm = 55.4373, GNorm = 0.0088, lr_0 = 2.4881e-04
Loss = 4.5848e-04, PNorm = 55.4478, GNorm = 0.0078, lr_0 = 2.4690e-04
Loss = 5.9943e-04, PNorm = 55.4579, GNorm = 0.0065, lr_0 = 2.4501e-04
Validation auc = 0.771676
Epoch 19
Loss = 1.3244e-04, PNorm = 55.4677, GNorm = 0.0010, lr_0 = 2.4314e-04
Loss = 5.6990e-04, PNorm = 55.4767, GNorm = 0.0117, lr_0 = 2.4127e-04
Loss = 7.0989e-04, PNorm = 55.4880, GNorm = 0.0039, lr_0 = 2.3943e-04
Loss = 6.7987e-03, PNorm = 55.4984, GNorm = 0.1166, lr_0 = 2.3759e-04
Loss = 1.3136e-03, PNorm = 55.5083, GNorm = 0.0043, lr_0 = 2.3577e-04
Loss = 1.0666e-03, PNorm = 55.5197, GNorm = 0.0002, lr_0 = 2.3397e-04
Loss = 3.6448e-04, PNorm = 55.5302, GNorm = 0.0147, lr_0 = 2.3218e-04
Loss = 3.0868e-04, PNorm = 55.5407, GNorm = 0.0013, lr_0 = 2.3040e-04
Loss = 5.3047e-04, PNorm = 55.5495, GNorm = 0.0001, lr_0 = 2.2864e-04
Loss = 4.6768e-04, PNorm = 55.5571, GNorm = 0.0045, lr_0 = 2.2689e-04
Loss = 1.2851e-03, PNorm = 55.5648, GNorm = 0.0003, lr_0 = 2.2515e-04
Validation auc = 0.772404
Epoch 20
Loss = 4.7601e-04, PNorm = 55.5724, GNorm = 0.0014, lr_0 = 2.2325e-04
Loss = 1.8739e-03, PNorm = 55.5807, GNorm = 0.0038, lr_0 = 2.2154e-04
Loss = 6.9535e-04, PNorm = 55.5892, GNorm = 0.0091, lr_0 = 2.1985e-04
Loss = 1.3024e-03, PNorm = 55.5983, GNorm = 0.0011, lr_0 = 2.1816e-04
Loss = 7.4169e-04, PNorm = 55.6064, GNorm = 0.0067, lr_0 = 2.1649e-04
Loss = 5.6268e-04, PNorm = 55.6152, GNorm = 0.0026, lr_0 = 2.1484e-04
Loss = 4.1475e-03, PNorm = 55.6267, GNorm = 0.0055, lr_0 = 2.1319e-04
Loss = 8.4210e-04, PNorm = 55.6363, GNorm = 0.0052, lr_0 = 2.1156e-04
Loss = 2.6671e-04, PNorm = 55.6462, GNorm = 0.0006, lr_0 = 2.0994e-04
Loss = 4.4397e-04, PNorm = 55.6537, GNorm = 0.0161, lr_0 = 2.0833e-04
Loss = 1.1733e-03, PNorm = 55.6597, GNorm = 0.0012, lr_0 = 2.0674e-04
Validation auc = 0.769749
Epoch 21
Loss = 4.6080e-04, PNorm = 55.6683, GNorm = 0.0023, lr_0 = 2.0500e-04
Loss = 1.1665e-03, PNorm = 55.6760, GNorm = 0.0115, lr_0 = 2.0343e-04
Loss = 1.2931e-04, PNorm = 55.6835, GNorm = 0.0004, lr_0 = 2.0187e-04
Loss = 1.2610e-03, PNorm = 55.6896, GNorm = 0.0008, lr_0 = 2.0033e-04
Loss = 7.6248e-04, PNorm = 55.6958, GNorm = 0.0031, lr_0 = 1.9879e-04
Loss = 1.8078e-03, PNorm = 55.7032, GNorm = 0.0010, lr_0 = 1.9727e-04
Loss = 3.1104e-04, PNorm = 55.7100, GNorm = 0.0038, lr_0 = 1.9576e-04
Loss = 4.8776e-04, PNorm = 55.7168, GNorm = 0.0011, lr_0 = 1.9426e-04
Loss = 6.7765e-03, PNorm = 55.7239, GNorm = 0.0007, lr_0 = 1.9277e-04
Loss = 3.6672e-04, PNorm = 55.7332, GNorm = 0.0093, lr_0 = 1.9130e-04
Loss = 3.6518e-04, PNorm = 55.7421, GNorm = 0.0030, lr_0 = 1.8983e-04
Validation auc = 0.769926
Epoch 22
Loss = 5.5553e-04, PNorm = 55.7493, GNorm = 0.0015, lr_0 = 1.8838e-04
Loss = 2.7387e-04, PNorm = 55.7563, GNorm = 0.0006, lr_0 = 1.8694e-04
Loss = 1.0766e-03, PNorm = 55.7633, GNorm = 0.0014, lr_0 = 1.8551e-04
Loss = 2.1016e-04, PNorm = 55.7709, GNorm = 0.0020, lr_0 = 1.8409e-04
Loss = 5.0388e-04, PNorm = 55.7790, GNorm = 0.0093, lr_0 = 1.8268e-04
Loss = 1.9231e-04, PNorm = 55.7866, GNorm = 0.0006, lr_0 = 1.8128e-04
Loss = 1.4723e-03, PNorm = 55.7937, GNorm = 0.0023, lr_0 = 1.7989e-04
Loss = 2.1661e-04, PNorm = 55.7997, GNorm = 0.0003, lr_0 = 1.7851e-04
Loss = 1.7353e-03, PNorm = 55.8071, GNorm = 0.0007, lr_0 = 1.7715e-04
Loss = 3.1795e-03, PNorm = 55.8131, GNorm = 0.0026, lr_0 = 1.7579e-04
Validation auc = 0.771207
Epoch 23
Loss = 2.6604e-04, PNorm = 55.8204, GNorm = 0.0014, lr_0 = 1.7431e-04
Loss = 6.5006e-04, PNorm = 55.8271, GNorm = 0.0125, lr_0 = 1.7298e-04
Loss = 1.1060e-03, PNorm = 55.8362, GNorm = 0.0054, lr_0 = 1.7165e-04
Loss = 3.5045e-04, PNorm = 55.8435, GNorm = 0.0032, lr_0 = 1.7034e-04
Loss = 8.4192e-04, PNorm = 55.8485, GNorm = 0.0005, lr_0 = 1.6903e-04
Loss = 3.3733e-04, PNorm = 55.8544, GNorm = 0.0014, lr_0 = 1.6774e-04
Loss = 1.7057e-03, PNorm = 55.8604, GNorm = 0.0011, lr_0 = 1.6645e-04
Loss = 1.3602e-03, PNorm = 55.8676, GNorm = 0.0004, lr_0 = 1.6518e-04
Loss = 1.7746e-03, PNorm = 55.8747, GNorm = 0.0013, lr_0 = 1.6392e-04
Loss = 3.6300e-03, PNorm = 55.8818, GNorm = 0.0037, lr_0 = 1.6266e-04
Loss = 1.3870e-04, PNorm = 55.8881, GNorm = 0.0002, lr_0 = 1.6142e-04
Validation auc = 0.771009
Epoch 24
Loss = 3.1878e-03, PNorm = 55.8930, GNorm = 0.0060, lr_0 = 1.6006e-04
Loss = 7.8918e-04, PNorm = 55.8993, GNorm = 0.0022, lr_0 = 1.5883e-04
Loss = 2.1834e-04, PNorm = 55.9053, GNorm = 0.0058, lr_0 = 1.5761e-04
Loss = 1.2241e-03, PNorm = 55.9103, GNorm = 0.0009, lr_0 = 1.5641e-04
Loss = 4.1677e-04, PNorm = 55.9144, GNorm = 0.0123, lr_0 = 1.5521e-04
Loss = 3.7107e-04, PNorm = 55.9184, GNorm = 0.0019, lr_0 = 1.5402e-04
Loss = 1.7428e-03, PNorm = 55.9230, GNorm = 0.0017, lr_0 = 1.5284e-04
Loss = 4.1326e-04, PNorm = 55.9287, GNorm = 0.0006, lr_0 = 1.5167e-04
Loss = 4.4146e-03, PNorm = 55.9371, GNorm = 0.1261, lr_0 = 1.5051e-04
Loss = 5.9511e-04, PNorm = 55.9463, GNorm = 0.0024, lr_0 = 1.4936e-04
Loss = 4.3308e-04, PNorm = 55.9546, GNorm = 0.0005, lr_0 = 1.4822e-04
Validation auc = 0.771108
Epoch 25
Loss = 2.2171e-03, PNorm = 55.9604, GNorm = 0.0008, lr_0 = 1.4708e-04
Loss = 3.0340e-04, PNorm = 55.9662, GNorm = 0.0005, lr_0 = 1.4595e-04
Loss = 5.4749e-04, PNorm = 55.9718, GNorm = 0.0010, lr_0 = 1.4484e-04
Loss = 2.4080e-04, PNorm = 55.9774, GNorm = 0.0033, lr_0 = 1.4373e-04
Loss = 2.0351e-03, PNorm = 55.9836, GNorm = 0.0003, lr_0 = 1.4263e-04
Loss = 3.3842e-04, PNorm = 55.9888, GNorm = 0.0042, lr_0 = 1.4154e-04
Loss = 1.9384e-04, PNorm = 55.9943, GNorm = 0.0002, lr_0 = 1.4045e-04
Loss = 1.7769e-03, PNorm = 55.9987, GNorm = 0.0022, lr_0 = 1.3938e-04
Loss = 2.7446e-03, PNorm = 56.0040, GNorm = 0.0018, lr_0 = 1.3831e-04
Loss = 1.9194e-04, PNorm = 56.0089, GNorm = 0.0018, lr_0 = 1.3725e-04
Loss = 3.0020e-04, PNorm = 56.0136, GNorm = 0.0252, lr_0 = 1.3620e-04
Loss = 7.0721e-04, PNorm = 56.0141, GNorm = 0.0029, lr_0 = 1.3610e-04
Validation auc = 0.770277
Epoch 26
Loss = 8.1285e-04, PNorm = 56.0205, GNorm = 0.0507, lr_0 = 1.3505e-04
Loss = 1.4048e-03, PNorm = 56.0274, GNorm = 0.0004, lr_0 = 1.3402e-04
Loss = 4.3963e-03, PNorm = 56.0328, GNorm = 0.0009, lr_0 = 1.3299e-04
Loss = 4.5844e-04, PNorm = 56.0381, GNorm = 0.0028, lr_0 = 1.3198e-04
Loss = 3.3292e-04, PNorm = 56.0439, GNorm = 0.0015, lr_0 = 1.3097e-04
Loss = 4.1395e-04, PNorm = 56.0497, GNorm = 0.0004, lr_0 = 1.2996e-04
Loss = 1.1392e-04, PNorm = 56.0544, GNorm = 0.0028, lr_0 = 1.2897e-04
Loss = 1.9016e-03, PNorm = 56.0592, GNorm = 0.0118, lr_0 = 1.2798e-04
Loss = 2.3799e-04, PNorm = 56.0654, GNorm = 0.0014, lr_0 = 1.2700e-04
Loss = 1.7484e-04, PNorm = 56.0707, GNorm = 0.0002, lr_0 = 1.2603e-04
Validation auc = 0.770920
Epoch 27
Loss = 7.0522e-05, PNorm = 56.0754, GNorm = 0.0007, lr_0 = 1.2497e-04
Loss = 3.6562e-04, PNorm = 56.0796, GNorm = 0.0003, lr_0 = 1.2401e-04
Loss = 1.1477e-03, PNorm = 56.0845, GNorm = 0.0496, lr_0 = 1.2306e-04
Loss = 2.1514e-03, PNorm = 56.0901, GNorm = 0.0058, lr_0 = 1.2212e-04
Loss = 1.9634e-04, PNorm = 56.0953, GNorm = 0.0002, lr_0 = 1.2118e-04
Loss = 4.9189e-04, PNorm = 56.1000, GNorm = 0.0023, lr_0 = 1.2026e-04
Loss = 1.2560e-03, PNorm = 56.1048, GNorm = 0.0013, lr_0 = 1.1934e-04
Loss = 1.6215e-03, PNorm = 56.1099, GNorm = 0.0022, lr_0 = 1.1842e-04
Loss = 4.7686e-04, PNorm = 56.1159, GNorm = 0.0017, lr_0 = 1.1752e-04
Loss = 1.5594e-04, PNorm = 56.1212, GNorm = 0.0004, lr_0 = 1.1662e-04
Loss = 1.5062e-03, PNorm = 56.1253, GNorm = 0.0002, lr_0 = 1.1572e-04
Validation auc = 0.770574
Epoch 28
Loss = 3.8519e-04, PNorm = 56.1292, GNorm = 0.0047, lr_0 = 1.1475e-04
Loss = 3.0013e-04, PNorm = 56.1345, GNorm = 0.0007, lr_0 = 1.1387e-04
Loss = 1.3668e-04, PNorm = 56.1387, GNorm = 0.0004, lr_0 = 1.1300e-04
Loss = 3.1793e-03, PNorm = 56.1428, GNorm = 0.0755, lr_0 = 1.1213e-04
Loss = 2.5049e-03, PNorm = 56.1504, GNorm = 0.0012, lr_0 = 1.1127e-04
Loss = 3.3317e-04, PNorm = 56.1562, GNorm = 0.0009, lr_0 = 1.1042e-04
Loss = 2.4747e-03, PNorm = 56.1607, GNorm = 0.0027, lr_0 = 1.0958e-04
Loss = 8.4926e-04, PNorm = 56.1653, GNorm = 0.0004, lr_0 = 1.0874e-04
Loss = 1.7856e-03, PNorm = 56.1708, GNorm = 0.0043, lr_0 = 1.0791e-04
Loss = 3.3340e-04, PNorm = 56.1752, GNorm = 0.0016, lr_0 = 1.0708e-04
Loss = 3.4537e-04, PNorm = 56.1809, GNorm = 0.0005, lr_0 = 1.0626e-04
Validation auc = 0.769397
Epoch 29
Loss = 1.6250e-03, PNorm = 56.1855, GNorm = 0.0030, lr_0 = 1.0545e-04
Loss = 2.0948e-04, PNorm = 56.1894, GNorm = 0.0010, lr_0 = 1.0464e-04
Loss = 2.8174e-04, PNorm = 56.1934, GNorm = 0.0031, lr_0 = 1.0384e-04
Loss = 3.5057e-04, PNorm = 56.1982, GNorm = 0.0004, lr_0 = 1.0304e-04
Loss = 3.6581e-03, PNorm = 56.2021, GNorm = 0.0007, lr_0 = 1.0225e-04
Loss = 1.2544e-03, PNorm = 56.2058, GNorm = 0.0099, lr_0 = 1.0147e-04
Loss = 3.9418e-04, PNorm = 56.2105, GNorm = 0.0193, lr_0 = 1.0069e-04
Loss = 3.0855e-04, PNorm = 56.2170, GNorm = 0.0005, lr_0 = 1.0000e-04
Loss = 4.5528e-04, PNorm = 56.2218, GNorm = 0.0004, lr_0 = 1.0000e-04
Loss = 1.7278e-03, PNorm = 56.2262, GNorm = 0.0027, lr_0 = 1.0000e-04
Validation auc = 0.767561
Model 0 best validation auc = 0.837191 on epoch 1
Loading pretrained parameter "ffn.1.weight".
Loading pretrained parameter "ffn.1.bias".
Loading pretrained parameter "ffn.4.weight".
Loading pretrained parameter "ffn.4.bias".
Model 0 test auc = 0.705306
Ensemble test auc = 0.705306
Fold 2
Splitting data with seed 2
Total scaffolds = 4,180 | train scaffolds = 3,157 | val scaffolds = 507 | test scaffolds = 516
Label averages per scaffold, in decreasing order of scaffold frequency,capped at 10 scaffolds and 20 labels:
Scaffold 0
Task 0: count = 468 | target average = 0.019231
Task 1: count = 468 | target average = 0.014957


Scaffold 1
Task 0: count = 383 | target average = 0.007833
Task 1: count = 383 | target average = 0.013055


Scaffold 2
Task 0: count = 44 | target average = 0.000000
Task 1: count = 44 | target average = 0.000000


Scaffold 3
Task 0: count = 35 | target average = 0.000000
Task 1: count = 35 | target average = 0.000000


Scaffold 4
Task 0: count = 34 | target average = 0.000000
Task 1: count = 34 | target average = 0.000000


Scaffold 5
Task 0: count = 30 | target average = 0.000000
Task 1: count = 30 | target average = 0.000000


Scaffold 6
Task 0: count = 28 | target average = 0.000000
Task 1: count = 28 | target average = 0.000000


Scaffold 7
Task 0: count = 27 | target average = 0.074074
Task 1: count = 27 | target average = 0.074074


Scaffold 8
Task 0: count = 25 | target average = 0.040000
Task 1: count = 25 | target average = 0.000000


Scaffold 9
Task 0: count = 23 | target average = 0.000000
Task 1: count = 23 | target average = 0.000000


Class sizes
hit_inh 0: 97.79%, 1: 2.21%
hit_kill 0: 98.75%, 1: 1.25%
Total size = 6,708 | train size = 5,366 | val size = 670 | test size = 672
Building model 0
MoleculeModel(
  (sigmoid): Sigmoid()
  (encoder): MPN()
  (ffn): Sequential(
    (0): Dropout(p=0.1, inplace=False)
    (1): Linear(in_features=2048, out_features=1500, bias=True)
    (2): ReLU()
    (3): Dropout(p=0.1, inplace=False)
    (4): Linear(in_features=1500, out_features=2, bias=True)
  )
)
Number of parameters = 3,076,502
Epoch 0
Loss = 5.1034e-01, PNorm = 41.6899, GNorm = 0.9077, lr_0 = 1.4626e-04
Loss = 2.8073e-01, PNorm = 41.7256, GNorm = 0.5060, lr_0 = 1.8832e-04
Loss = 1.7316e-01, PNorm = 41.7795, GNorm = 0.2956, lr_0 = 2.3037e-04
Loss = 9.0136e-02, PNorm = 41.8400, GNorm = 0.1742, lr_0 = 2.7243e-04
Loss = 8.4679e-02, PNorm = 41.8957, GNorm = 0.1603, lr_0 = 3.1449e-04
Loss = 1.2754e-01, PNorm = 41.9341, GNorm = 0.1145, lr_0 = 3.5654e-04
Loss = 9.2521e-02, PNorm = 41.9693, GNorm = 0.1371, lr_0 = 3.9860e-04
Loss = 8.6574e-02, PNorm = 42.0142, GNorm = 0.0890, lr_0 = 4.4065e-04
Loss = 1.0525e-01, PNorm = 42.0673, GNorm = 0.1157, lr_0 = 4.8271e-04
Loss = 1.2941e-01, PNorm = 42.1285, GNorm = 0.1977, lr_0 = 5.2477e-04
Validation auc = 0.641555
Epoch 1
Loss = 4.5758e-02, PNorm = 42.2348, GNorm = 0.0932, lr_0 = 5.7103e-04
Loss = 6.0497e-02, PNorm = 42.3552, GNorm = 0.1505, lr_0 = 6.1308e-04
Loss = 5.7759e-02, PNorm = 42.4928, GNorm = 0.0676, lr_0 = 6.5514e-04
Loss = 4.5034e-02, PNorm = 42.6421, GNorm = 0.1842, lr_0 = 6.9720e-04
Loss = 5.3823e-02, PNorm = 42.7916, GNorm = 0.1287, lr_0 = 7.3925e-04
Loss = 5.7494e-02, PNorm = 42.9471, GNorm = 0.0976, lr_0 = 7.8131e-04
Loss = 4.0092e-02, PNorm = 43.1160, GNorm = 0.0956, lr_0 = 8.2336e-04
Loss = 2.4248e-02, PNorm = 43.3022, GNorm = 0.0835, lr_0 = 8.6542e-04
Loss = 5.4320e-02, PNorm = 43.4878, GNorm = 0.0484, lr_0 = 9.0748e-04
Loss = 7.8020e-02, PNorm = 43.6927, GNorm = 0.1132, lr_0 = 9.4953e-04
Loss = 5.3035e-02, PNorm = 43.9825, GNorm = 0.1246, lr_0 = 9.9159e-04
Validation auc = 0.705304
Epoch 2
Loss = 3.1178e-02, PNorm = 44.3605, GNorm = 0.0553, lr_0 = 9.9311e-04
Loss = 2.3513e-02, PNorm = 44.7130, GNorm = 0.1214, lr_0 = 9.8550e-04
Loss = 2.4869e-02, PNorm = 45.0197, GNorm = 0.0495, lr_0 = 9.7796e-04
Loss = 3.6156e-02, PNorm = 45.2501, GNorm = 0.0411, lr_0 = 9.7047e-04
Loss = 2.8091e-02, PNorm = 45.4727, GNorm = 0.1458, lr_0 = 9.6304e-04
Loss = 2.1545e-02, PNorm = 45.7018, GNorm = 0.0577, lr_0 = 9.5567e-04
Loss = 2.5269e-02, PNorm = 45.9183, GNorm = 0.0292, lr_0 = 9.4835e-04
Loss = 3.0996e-02, PNorm = 46.1378, GNorm = 0.1883, lr_0 = 9.4109e-04
Loss = 2.4247e-02, PNorm = 46.3402, GNorm = 0.0276, lr_0 = 9.3389e-04
Loss = 3.4568e-02, PNorm = 46.5546, GNorm = 0.1670, lr_0 = 9.2674e-04
Loss = 3.1760e-02, PNorm = 46.8172, GNorm = 0.0533, lr_0 = 9.1964e-04
Validation auc = 0.729125
Epoch 3
Loss = 2.1394e-02, PNorm = 47.1472, GNorm = 0.0465, lr_0 = 9.1190e-04
Loss = 8.3041e-03, PNorm = 47.3830, GNorm = 0.0076, lr_0 = 9.0492e-04
Loss = 1.3054e-02, PNorm = 47.5671, GNorm = 0.0169, lr_0 = 8.9799e-04
Loss = 1.1233e-02, PNorm = 47.7324, GNorm = 0.0719, lr_0 = 8.9111e-04
Loss = 9.9161e-03, PNorm = 47.8906, GNorm = 0.0583, lr_0 = 8.8429e-04
Loss = 2.0603e-02, PNorm = 48.0574, GNorm = 0.0109, lr_0 = 8.7752e-04
Loss = 1.8155e-02, PNorm = 48.2376, GNorm = 0.0549, lr_0 = 8.7080e-04
Loss = 1.5782e-02, PNorm = 48.4177, GNorm = 0.0110, lr_0 = 8.6414e-04
Loss = 1.9837e-02, PNorm = 48.5956, GNorm = 0.0568, lr_0 = 8.5752e-04
Loss = 1.8833e-02, PNorm = 48.7643, GNorm = 0.1027, lr_0 = 8.5095e-04
Validation auc = 0.716270
Epoch 4
Loss = 4.3900e-03, PNorm = 48.9116, GNorm = 0.0292, lr_0 = 8.4444e-04
Loss = 1.1744e-02, PNorm = 49.0550, GNorm = 0.0490, lr_0 = 8.3797e-04
Loss = 7.9555e-03, PNorm = 49.1873, GNorm = 0.2110, lr_0 = 8.3156e-04
Loss = 8.5263e-03, PNorm = 49.2999, GNorm = 0.0668, lr_0 = 8.2519e-04
Loss = 7.3383e-03, PNorm = 49.4055, GNorm = 0.0217, lr_0 = 8.1888e-04
Loss = 9.1504e-03, PNorm = 49.5039, GNorm = 0.0194, lr_0 = 8.1261e-04
Loss = 1.1317e-02, PNorm = 49.6097, GNorm = 0.0161, lr_0 = 8.0638e-04
Loss = 3.9811e-03, PNorm = 49.7192, GNorm = 0.0043, lr_0 = 8.0021e-04
Loss = 7.0000e-03, PNorm = 49.8198, GNorm = 0.0820, lr_0 = 7.9408e-04
Loss = 1.0696e-02, PNorm = 49.9293, GNorm = 0.0065, lr_0 = 7.8800e-04
Loss = 1.1035e-02, PNorm = 50.0420, GNorm = 0.0217, lr_0 = 7.8197e-04
Validation auc = 0.721134
Epoch 5
Loss = 3.7653e-03, PNorm = 50.1851, GNorm = 0.0228, lr_0 = 7.7539e-04
Loss = 6.6065e-03, PNorm = 50.3190, GNorm = 0.0066, lr_0 = 7.6945e-04
Loss = 8.3811e-03, PNorm = 50.4536, GNorm = 0.0324, lr_0 = 7.6356e-04
Loss = 2.7504e-03, PNorm = 50.5694, GNorm = 0.0093, lr_0 = 7.5772e-04
Loss = 5.6833e-03, PNorm = 50.6673, GNorm = 0.0189, lr_0 = 7.5191e-04
Loss = 5.0595e-03, PNorm = 50.7379, GNorm = 0.0070, lr_0 = 7.4616e-04
Loss = 3.3018e-03, PNorm = 50.7981, GNorm = 0.0261, lr_0 = 7.4044e-04
Loss = 4.2175e-03, PNorm = 50.8661, GNorm = 0.0090, lr_0 = 7.3478e-04
Loss = 5.3990e-03, PNorm = 50.9346, GNorm = 0.0022, lr_0 = 7.2915e-04
Loss = 5.3488e-03, PNorm = 51.0084, GNorm = 0.0228, lr_0 = 7.2357e-04
Loss = 9.5009e-03, PNorm = 51.0810, GNorm = 0.0745, lr_0 = 7.1803e-04
Validation auc = 0.707767
Epoch 6
Loss = 7.0976e-03, PNorm = 51.1657, GNorm = 0.0087, lr_0 = 7.1198e-04
Loss = 2.5343e-03, PNorm = 51.2348, GNorm = 0.0168, lr_0 = 7.0653e-04
Loss = 2.3105e-03, PNorm = 51.2910, GNorm = 0.0103, lr_0 = 7.0112e-04
Loss = 3.8538e-03, PNorm = 51.3441, GNorm = 0.0008, lr_0 = 6.9576e-04
Loss = 4.0514e-03, PNorm = 51.4014, GNorm = 0.1994, lr_0 = 6.9043e-04
Loss = 2.1926e-03, PNorm = 51.4675, GNorm = 0.0313, lr_0 = 6.8514e-04
Loss = 3.8168e-03, PNorm = 51.5288, GNorm = 0.0219, lr_0 = 6.7990e-04
Loss = 3.2147e-03, PNorm = 51.5953, GNorm = 0.0376, lr_0 = 6.7469e-04
Loss = 6.5075e-03, PNorm = 51.6542, GNorm = 0.2108, lr_0 = 6.6953e-04
Loss = 1.2514e-02, PNorm = 51.7136, GNorm = 0.0029, lr_0 = 6.6440e-04
Loss = 1.3614e-02, PNorm = 51.7826, GNorm = 0.0129, lr_0 = 6.5931e-04
Validation auc = 0.712908
Epoch 7
Loss = 1.3234e-03, PNorm = 51.8467, GNorm = 0.0056, lr_0 = 6.5427e-04
Loss = 2.9735e-03, PNorm = 51.9001, GNorm = 0.0802, lr_0 = 6.4926e-04
Loss = 2.7296e-03, PNorm = 51.9485, GNorm = 0.0024, lr_0 = 6.4429e-04
Loss = 3.7057e-03, PNorm = 52.0041, GNorm = 0.0131, lr_0 = 6.3935e-04
Loss = 1.5255e-03, PNorm = 52.0561, GNorm = 0.0309, lr_0 = 6.3446e-04
Loss = 4.0161e-03, PNorm = 52.1098, GNorm = 0.0414, lr_0 = 6.2960e-04
Loss = 8.0502e-03, PNorm = 52.1557, GNorm = 0.0041, lr_0 = 6.2478e-04
Loss = 7.4074e-03, PNorm = 52.2067, GNorm = 0.0974, lr_0 = 6.2000e-04
Loss = 4.2063e-03, PNorm = 52.2668, GNorm = 0.0163, lr_0 = 6.1525e-04
Loss = 2.4255e-03, PNorm = 52.3249, GNorm = 0.0195, lr_0 = 6.1054e-04
Validation auc = 0.710124
Epoch 8
Loss = 4.2550e-03, PNorm = 52.3808, GNorm = 0.0162, lr_0 = 6.0540e-04
Loss = 2.8460e-03, PNorm = 52.4267, GNorm = 0.0095, lr_0 = 6.0077e-04
Loss = 1.6748e-03, PNorm = 52.4711, GNorm = 0.0138, lr_0 = 5.9617e-04
Loss = 2.5216e-03, PNorm = 52.5181, GNorm = 0.0080, lr_0 = 5.9160e-04
Loss = 4.3514e-03, PNorm = 52.5714, GNorm = 0.0055, lr_0 = 5.8707e-04
Loss = 4.1520e-03, PNorm = 52.6201, GNorm = 0.0235, lr_0 = 5.8258e-04
Loss = 1.6601e-03, PNorm = 52.6635, GNorm = 0.0185, lr_0 = 5.7812e-04
Loss = 1.8125e-03, PNorm = 52.7067, GNorm = 0.0100, lr_0 = 5.7369e-04
Loss = 1.6938e-03, PNorm = 52.7458, GNorm = 0.0096, lr_0 = 5.6930e-04
Loss = 2.2696e-03, PNorm = 52.7802, GNorm = 0.0050, lr_0 = 5.6494e-04
Loss = 3.0686e-03, PNorm = 52.8254, GNorm = 0.0090, lr_0 = 5.6062e-04
Validation auc = 0.707884
Epoch 9
Loss = 1.6482e-03, PNorm = 52.8653, GNorm = 0.0258, lr_0 = 5.5590e-04
Loss = 2.9287e-03, PNorm = 52.9044, GNorm = 0.0097, lr_0 = 5.5164e-04
Loss = 2.4148e-03, PNorm = 52.9390, GNorm = 0.0385, lr_0 = 5.4742e-04
Loss = 1.0890e-03, PNorm = 52.9752, GNorm = 0.0012, lr_0 = 5.4323e-04
Loss = 1.7948e-03, PNorm = 53.0099, GNorm = 0.0023, lr_0 = 5.3907e-04
Loss = 1.5917e-03, PNorm = 53.0435, GNorm = 0.0221, lr_0 = 5.3494e-04
Loss = 4.5216e-03, PNorm = 53.0775, GNorm = 0.0753, lr_0 = 5.3084e-04
Loss = 2.5513e-03, PNorm = 53.1195, GNorm = 0.0171, lr_0 = 5.2678e-04
Loss = 3.6825e-03, PNorm = 53.1527, GNorm = 0.0011, lr_0 = 5.2275e-04
Loss = 1.4817e-03, PNorm = 53.1759, GNorm = 0.0164, lr_0 = 5.1874e-04
Loss = 4.3078e-03, PNorm = 53.2052, GNorm = 0.0155, lr_0 = 5.1477e-04
Validation auc = 0.705319
Epoch 10
Loss = 3.5964e-04, PNorm = 53.2349, GNorm = 0.0060, lr_0 = 5.1083e-04
Loss = 7.5224e-04, PNorm = 53.2599, GNorm = 0.0034, lr_0 = 5.0692e-04
Loss = 4.6893e-03, PNorm = 53.2854, GNorm = 0.0135, lr_0 = 5.0304e-04
Loss = 2.8733e-03, PNorm = 53.3133, GNorm = 0.0039, lr_0 = 4.9919e-04
Loss = 2.2074e-03, PNorm = 53.3409, GNorm = 0.0028, lr_0 = 4.9537e-04
Loss = 1.3106e-03, PNorm = 53.3768, GNorm = 0.0037, lr_0 = 4.9157e-04
Loss = 2.4598e-03, PNorm = 53.4112, GNorm = 0.0042, lr_0 = 4.8781e-04
Loss = 1.0069e-03, PNorm = 53.4428, GNorm = 0.0160, lr_0 = 4.8408e-04
Loss = 2.1958e-03, PNorm = 53.4741, GNorm = 0.0379, lr_0 = 4.8037e-04
Loss = 2.3735e-03, PNorm = 53.5139, GNorm = 0.0005, lr_0 = 4.7669e-04
Loss = 3.8123e-03, PNorm = 53.5533, GNorm = 0.0020, lr_0 = 4.7304e-04
Loss = 2.7886e-04, PNorm = 53.5566, GNorm = 0.0025, lr_0 = 4.7268e-04
Validation auc = 0.707946
Epoch 11
Loss = 2.7218e-03, PNorm = 53.5853, GNorm = 0.0374, lr_0 = 4.6906e-04
Loss = 3.4643e-03, PNorm = 53.6179, GNorm = 0.0013, lr_0 = 4.6547e-04
Loss = 5.3825e-03, PNorm = 53.6538, GNorm = 0.0361, lr_0 = 4.6191e-04
Loss = 1.7794e-03, PNorm = 53.6908, GNorm = 0.0013, lr_0 = 4.5837e-04
Loss = 1.5304e-03, PNorm = 53.7240, GNorm = 0.0034, lr_0 = 4.5486e-04
Loss = 1.2335e-03, PNorm = 53.7591, GNorm = 0.0325, lr_0 = 4.5138e-04
Loss = 3.3677e-03, PNorm = 53.7917, GNorm = 0.0012, lr_0 = 4.4792e-04
Loss = 1.3238e-03, PNorm = 53.8183, GNorm = 0.0714, lr_0 = 4.4449e-04
Loss = 1.6048e-03, PNorm = 53.8429, GNorm = 0.0014, lr_0 = 4.4109e-04
Loss = 8.2549e-04, PNorm = 53.8670, GNorm = 0.0060, lr_0 = 4.3771e-04
Validation auc = 0.712550
Epoch 12
Loss = 1.4574e-03, PNorm = 53.8904, GNorm = 0.0097, lr_0 = 4.3403e-04
Loss = 2.9774e-03, PNorm = 53.9120, GNorm = 0.0005, lr_0 = 4.3070e-04
Loss = 2.7579e-03, PNorm = 53.9314, GNorm = 0.0814, lr_0 = 4.2741e-04
Loss = 5.7888e-04, PNorm = 53.9475, GNorm = 0.0002, lr_0 = 4.2413e-04
Loss = 8.1148e-04, PNorm = 53.9623, GNorm = 0.0005, lr_0 = 4.2089e-04
Loss = 4.5231e-03, PNorm = 53.9802, GNorm = 0.0024, lr_0 = 4.1766e-04
Loss = 2.5258e-03, PNorm = 54.0022, GNorm = 0.0161, lr_0 = 4.1447e-04
Loss = 4.3203e-03, PNorm = 54.0234, GNorm = 0.0014, lr_0 = 4.1129e-04
Loss = 1.9359e-03, PNorm = 54.0491, GNorm = 0.0536, lr_0 = 4.0814e-04
Loss = 2.5222e-03, PNorm = 54.0713, GNorm = 0.0265, lr_0 = 4.0502e-04
Loss = 8.9951e-04, PNorm = 54.0973, GNorm = 0.0087, lr_0 = 4.0192e-04
Validation auc = 0.709167
Epoch 13
Loss = 7.2075e-04, PNorm = 54.1202, GNorm = 0.0013, lr_0 = 3.9884e-04
Loss = 4.6093e-03, PNorm = 54.1410, GNorm = 0.1109, lr_0 = 3.9579e-04
Loss = 5.2766e-04, PNorm = 54.1614, GNorm = 0.0035, lr_0 = 3.9276e-04
Loss = 9.7490e-04, PNorm = 54.1821, GNorm = 0.0049, lr_0 = 3.8975e-04
Loss = 1.9505e-03, PNorm = 54.2033, GNorm = 0.0713, lr_0 = 3.8677e-04
Loss = 9.8585e-04, PNorm = 54.2234, GNorm = 0.0386, lr_0 = 3.8381e-04
Loss = 9.8148e-04, PNorm = 54.2487, GNorm = 0.0007, lr_0 = 3.8087e-04
Loss = 1.8509e-03, PNorm = 54.2703, GNorm = 0.0085, lr_0 = 3.7795e-04
Loss = 4.4950e-03, PNorm = 54.2890, GNorm = 0.0027, lr_0 = 3.7506e-04
Loss = 8.3277e-04, PNorm = 54.3061, GNorm = 0.0004, lr_0 = 3.7219e-04
Loss = 2.9497e-03, PNorm = 54.3215, GNorm = 0.0141, lr_0 = 3.6934e-04
Validation auc = 0.707103
Epoch 14
Loss = 1.5627e-03, PNorm = 54.3384, GNorm = 0.0224, lr_0 = 3.6623e-04
Loss = 1.8573e-03, PNorm = 54.3567, GNorm = 0.0105, lr_0 = 3.6342e-04
Loss = 6.3629e-04, PNorm = 54.3737, GNorm = 0.0035, lr_0 = 3.6064e-04
Loss = 6.7943e-04, PNorm = 54.3889, GNorm = 0.0128, lr_0 = 3.5788e-04
Loss = 1.8752e-03, PNorm = 54.4030, GNorm = 0.0051, lr_0 = 3.5514e-04
Loss = 1.4090e-03, PNorm = 54.4187, GNorm = 0.0011, lr_0 = 3.5242e-04
Loss = 2.8403e-04, PNorm = 54.4334, GNorm = 0.0023, lr_0 = 3.4972e-04
Loss = 3.8352e-03, PNorm = 54.4448, GNorm = 0.0177, lr_0 = 3.4705e-04
Loss = 5.3817e-03, PNorm = 54.4599, GNorm = 0.0027, lr_0 = 3.4439e-04
Loss = 1.1743e-03, PNorm = 54.4769, GNorm = 0.0026, lr_0 = 3.4175e-04
Validation auc = 0.707541
Epoch 15
Loss = 6.7390e-04, PNorm = 54.4956, GNorm = 0.0062, lr_0 = 3.3888e-04
Loss = 1.0835e-03, PNorm = 54.5105, GNorm = 0.0552, lr_0 = 3.3628e-04
Loss = 4.4152e-03, PNorm = 54.5278, GNorm = 0.0009, lr_0 = 3.3371e-04
Loss = 1.1178e-03, PNorm = 54.5425, GNorm = 0.0022, lr_0 = 3.3115e-04
Loss = 2.2329e-03, PNorm = 54.5586, GNorm = 0.0102, lr_0 = 3.2862e-04
Loss = 2.5950e-03, PNorm = 54.5772, GNorm = 0.0013, lr_0 = 3.2610e-04
Loss = 1.2080e-03, PNorm = 54.5955, GNorm = 0.0005, lr_0 = 3.2360e-04
Loss = 2.1664e-03, PNorm = 54.6166, GNorm = 0.0340, lr_0 = 3.2113e-04
Loss = 1.6223e-03, PNorm = 54.6386, GNorm = 0.0010, lr_0 = 3.1867e-04
Loss = 8.2192e-04, PNorm = 54.6549, GNorm = 0.0001, lr_0 = 3.1623e-04
Loss = 1.6291e-04, PNorm = 54.6681, GNorm = 0.0007, lr_0 = 3.1381e-04
Validation auc = 0.707134
Epoch 16
Loss = 4.1381e-04, PNorm = 54.6795, GNorm = 0.0028, lr_0 = 3.1140e-04
Loss = 1.9810e-03, PNorm = 54.6905, GNorm = 0.0020, lr_0 = 3.0902e-04
Loss = 7.4424e-04, PNorm = 54.7053, GNorm = 0.0075, lr_0 = 3.0665e-04
Loss = 9.9721e-04, PNorm = 54.7202, GNorm = 0.0021, lr_0 = 3.0431e-04
Loss = 7.1960e-04, PNorm = 54.7337, GNorm = 0.0037, lr_0 = 3.0198e-04
Loss = 2.7826e-03, PNorm = 54.7507, GNorm = 0.0004, lr_0 = 2.9966e-04
Loss = 6.1294e-04, PNorm = 54.7663, GNorm = 0.0032, lr_0 = 2.9737e-04
Loss = 2.5894e-03, PNorm = 54.7832, GNorm = 0.0065, lr_0 = 2.9509e-04
Loss = 9.0986e-04, PNorm = 54.8003, GNorm = 0.0012, lr_0 = 2.9283e-04
Loss = 7.6377e-04, PNorm = 54.8145, GNorm = 0.0049, lr_0 = 2.9059e-04
Loss = 4.0518e-04, PNorm = 54.8274, GNorm = 0.0018, lr_0 = 2.8837e-04
Validation auc = 0.704101
Epoch 17
Loss = 1.5839e-03, PNorm = 54.8416, GNorm = 0.0210, lr_0 = 2.8594e-04
Loss = 1.9073e-03, PNorm = 54.8537, GNorm = 0.0072, lr_0 = 2.8375e-04
Loss = 6.3215e-04, PNorm = 54.8691, GNorm = 0.0012, lr_0 = 2.8158e-04
Loss = 2.7034e-04, PNorm = 54.8805, GNorm = 0.0069, lr_0 = 2.7942e-04
Loss = 4.1557e-04, PNorm = 54.8934, GNorm = 0.0105, lr_0 = 2.7728e-04
Loss = 2.9727e-04, PNorm = 54.9049, GNorm = 0.0020, lr_0 = 2.7516e-04
Loss = 1.0120e-03, PNorm = 54.9160, GNorm = 0.0158, lr_0 = 2.7305e-04
Loss = 5.2578e-04, PNorm = 54.9271, GNorm = 0.0027, lr_0 = 2.7096e-04
Loss = 3.4261e-03, PNorm = 54.9450, GNorm = 0.0024, lr_0 = 2.6889e-04
Loss = 9.7651e-04, PNorm = 54.9579, GNorm = 0.0012, lr_0 = 2.6683e-04
Loss = 2.8180e-03, PNorm = 54.9699, GNorm = 0.1024, lr_0 = 2.6479e-04
Validation auc = 0.702377
Epoch 18
Loss = 8.1573e-04, PNorm = 54.9828, GNorm = 0.0022, lr_0 = 2.6256e-04
Loss = 5.1970e-04, PNorm = 54.9938, GNorm = 0.0054, lr_0 = 2.6055e-04
Loss = 3.3362e-03, PNorm = 55.0054, GNorm = 0.0096, lr_0 = 2.5855e-04
Loss = 8.1540e-04, PNorm = 55.0164, GNorm = 0.0090, lr_0 = 2.5657e-04
Loss = 7.1945e-04, PNorm = 55.0293, GNorm = 0.0015, lr_0 = 2.5461e-04
Loss = 4.2291e-04, PNorm = 55.0412, GNorm = 0.0104, lr_0 = 2.5266e-04
Loss = 8.1967e-04, PNorm = 55.0523, GNorm = 0.0039, lr_0 = 2.5073e-04
Loss = 5.1860e-04, PNorm = 55.0636, GNorm = 0.0012, lr_0 = 2.4881e-04
Loss = 2.4945e-03, PNorm = 55.0747, GNorm = 0.0012, lr_0 = 2.4690e-04
Loss = 4.0163e-03, PNorm = 55.0859, GNorm = 0.0029, lr_0 = 2.4501e-04
Validation auc = 0.701270
Epoch 19
Loss = 1.6355e-04, PNorm = 55.0976, GNorm = 0.0017, lr_0 = 2.4314e-04
Loss = 5.0863e-04, PNorm = 55.1086, GNorm = 0.0011, lr_0 = 2.4127e-04
Loss = 1.7901e-03, PNorm = 55.1189, GNorm = 0.0005, lr_0 = 2.3943e-04
Loss = 6.1238e-04, PNorm = 55.1299, GNorm = 0.0048, lr_0 = 2.3759e-04
Loss = 6.8308e-04, PNorm = 55.1409, GNorm = 0.0018, lr_0 = 2.3577e-04
Loss = 3.2860e-04, PNorm = 55.1522, GNorm = 0.0121, lr_0 = 2.3397e-04
Loss = 1.8828e-04, PNorm = 55.1619, GNorm = 0.0003, lr_0 = 2.3218e-04
Loss = 9.9768e-04, PNorm = 55.1709, GNorm = 0.0071, lr_0 = 2.3040e-04
Loss = 8.7994e-04, PNorm = 55.1789, GNorm = 0.0030, lr_0 = 2.2864e-04
Loss = 6.5775e-04, PNorm = 55.1887, GNorm = 0.0041, lr_0 = 2.2689e-04
Loss = 1.6513e-04, PNorm = 55.1975, GNorm = 0.0009, lr_0 = 2.2515e-04
Validation auc = 0.699753
Epoch 20
Loss = 2.1576e-04, PNorm = 55.2050, GNorm = 0.0013, lr_0 = 2.2325e-04
Loss = 1.8244e-03, PNorm = 55.2140, GNorm = 0.0007, lr_0 = 2.2154e-04
Loss = 5.5358e-04, PNorm = 55.2233, GNorm = 0.0218, lr_0 = 2.1985e-04
Loss = 2.1071e-03, PNorm = 55.2328, GNorm = 0.0019, lr_0 = 2.1816e-04
Loss = 3.7565e-04, PNorm = 55.2429, GNorm = 0.0005, lr_0 = 2.1649e-04
Loss = 8.9457e-04, PNorm = 55.2521, GNorm = 0.0018, lr_0 = 2.1484e-04
Loss = 7.3652e-04, PNorm = 55.2638, GNorm = 0.0002, lr_0 = 2.1319e-04
Loss = 6.6537e-04, PNorm = 55.2738, GNorm = 0.0059, lr_0 = 2.1156e-04
Loss = 2.3296e-04, PNorm = 55.2826, GNorm = 0.0023, lr_0 = 2.0994e-04
Loss = 4.3845e-03, PNorm = 55.2920, GNorm = 0.0015, lr_0 = 2.0833e-04
Loss = 4.6337e-04, PNorm = 55.3008, GNorm = 0.0068, lr_0 = 2.0674e-04
Validation auc = 0.700217
Epoch 21
Loss = 5.4271e-04, PNorm = 55.3119, GNorm = 0.0017, lr_0 = 2.0500e-04
Loss = 7.5600e-04, PNorm = 55.3224, GNorm = 0.0123, lr_0 = 2.0343e-04
Loss = 3.9941e-03, PNorm = 55.3312, GNorm = 0.0139, lr_0 = 2.0187e-04
Loss = 5.5250e-04, PNorm = 55.3415, GNorm = 0.0233, lr_0 = 2.0033e-04
Loss = 3.3925e-04, PNorm = 55.3507, GNorm = 0.0001, lr_0 = 1.9879e-04
Loss = 1.8655e-03, PNorm = 55.3578, GNorm = 0.0020, lr_0 = 1.9727e-04
Loss = 1.6781e-03, PNorm = 55.3653, GNorm = 0.0033, lr_0 = 1.9576e-04
Loss = 8.3782e-04, PNorm = 55.3744, GNorm = 0.0005, lr_0 = 1.9426e-04
Loss = 3.8860e-04, PNorm = 55.3868, GNorm = 0.0012, lr_0 = 1.9277e-04
Loss = 1.9321e-04, PNorm = 55.3953, GNorm = 0.0044, lr_0 = 1.9130e-04
Loss = 5.2888e-04, PNorm = 55.4025, GNorm = 0.0117, lr_0 = 1.8983e-04
Validation auc = 0.700163
Epoch 22
Loss = 1.1194e-03, PNorm = 55.4095, GNorm = 0.0062, lr_0 = 1.8838e-04
Loss = 5.1806e-04, PNorm = 55.4170, GNorm = 0.0071, lr_0 = 1.8694e-04
Loss = 4.5508e-04, PNorm = 55.4251, GNorm = 0.0027, lr_0 = 1.8551e-04
Loss = 3.2192e-04, PNorm = 55.4330, GNorm = 0.0074, lr_0 = 1.8409e-04
Loss = 1.0145e-03, PNorm = 55.4396, GNorm = 0.0423, lr_0 = 1.8268e-04
Loss = 1.9541e-04, PNorm = 55.4472, GNorm = 0.0006, lr_0 = 1.8128e-04
Loss = 2.7038e-04, PNorm = 55.4537, GNorm = 0.0033, lr_0 = 1.7989e-04
Loss = 1.2373e-03, PNorm = 55.4608, GNorm = 0.0926, lr_0 = 1.7851e-04
Loss = 4.7891e-03, PNorm = 55.4668, GNorm = 0.0007, lr_0 = 1.7715e-04
Loss = 1.9488e-03, PNorm = 55.4756, GNorm = 0.0004, lr_0 = 1.7579e-04
Validation auc = 0.699017
Epoch 23
Loss = 4.7600e-03, PNorm = 55.4834, GNorm = 0.0534, lr_0 = 1.7431e-04
Loss = 3.6386e-03, PNorm = 55.4929, GNorm = 0.0004, lr_0 = 1.7298e-04
Loss = 2.1614e-03, PNorm = 55.5012, GNorm = 0.0011, lr_0 = 1.7165e-04
Loss = 1.1620e-03, PNorm = 55.5078, GNorm = 0.0099, lr_0 = 1.7034e-04
Loss = 3.2242e-04, PNorm = 55.5143, GNorm = 0.0007, lr_0 = 1.6903e-04
Loss = 6.7867e-04, PNorm = 55.5226, GNorm = 0.0316, lr_0 = 1.6774e-04
Loss = 2.7806e-04, PNorm = 55.5321, GNorm = 0.0025, lr_0 = 1.6645e-04
Loss = 3.7306e-04, PNorm = 55.5404, GNorm = 0.0026, lr_0 = 1.6518e-04
Loss = 3.6121e-04, PNorm = 55.5471, GNorm = 0.0212, lr_0 = 1.6392e-04
Loss = 3.7845e-04, PNorm = 55.5550, GNorm = 0.0004, lr_0 = 1.6266e-04
Loss = 1.7170e-03, PNorm = 55.5632, GNorm = 0.0006, lr_0 = 1.6142e-04
Validation auc = 0.699439
Epoch 24
Loss = 5.2422e-03, PNorm = 55.5711, GNorm = 0.0026, lr_0 = 1.6006e-04
Loss = 8.2519e-04, PNorm = 55.5775, GNorm = 0.0007, lr_0 = 1.5883e-04
Loss = 4.8273e-04, PNorm = 55.5840, GNorm = 0.0062, lr_0 = 1.5761e-04
Loss = 1.4030e-03, PNorm = 55.5925, GNorm = 0.0082, lr_0 = 1.5641e-04
Loss = 7.0234e-04, PNorm = 55.6006, GNorm = 0.0011, lr_0 = 1.5521e-04
Loss = 3.5443e-04, PNorm = 55.6108, GNorm = 0.0004, lr_0 = 1.5402e-04
Loss = 1.0040e-03, PNorm = 55.6189, GNorm = 0.0010, lr_0 = 1.5284e-04
Loss = 3.9047e-04, PNorm = 55.6259, GNorm = 0.0008, lr_0 = 1.5167e-04
Loss = 1.3082e-03, PNorm = 55.6337, GNorm = 0.0210, lr_0 = 1.5051e-04
Loss = 1.8836e-03, PNorm = 55.6421, GNorm = 0.0003, lr_0 = 1.4936e-04
Loss = 5.6181e-04, PNorm = 55.6505, GNorm = 0.0030, lr_0 = 1.4822e-04
Validation auc = 0.703606
Epoch 25
Loss = 1.8991e-03, PNorm = 55.6562, GNorm = 0.0012, lr_0 = 1.4708e-04
Loss = 4.2963e-04, PNorm = 55.6608, GNorm = 0.0107, lr_0 = 1.4595e-04
Loss = 2.5578e-04, PNorm = 55.6664, GNorm = 0.0011, lr_0 = 1.4484e-04
Loss = 1.4460e-03, PNorm = 55.6729, GNorm = 0.0011, lr_0 = 1.4373e-04
Loss = 3.6260e-04, PNorm = 55.6788, GNorm = 0.0006, lr_0 = 1.4263e-04
Loss = 5.3466e-04, PNorm = 55.6855, GNorm = 0.0008, lr_0 = 1.4154e-04
Loss = 1.3065e-03, PNorm = 55.6939, GNorm = 0.0455, lr_0 = 1.4045e-04
Loss = 2.4672e-04, PNorm = 55.7012, GNorm = 0.0006, lr_0 = 1.3938e-04
Loss = 5.3939e-04, PNorm = 55.7087, GNorm = 0.0012, lr_0 = 1.3831e-04
Loss = 1.1259e-03, PNorm = 55.7145, GNorm = 0.0419, lr_0 = 1.3725e-04
Loss = 2.1390e-03, PNorm = 55.7209, GNorm = 0.0123, lr_0 = 1.3620e-04
Loss = 3.3490e-06, PNorm = 55.7216, GNorm = 0.0000, lr_0 = 1.3610e-04
Validation auc = 0.703525
Epoch 26
Loss = 7.1377e-04, PNorm = 55.7279, GNorm = 0.0002, lr_0 = 1.3505e-04
Loss = 5.3883e-04, PNorm = 55.7321, GNorm = 0.0014, lr_0 = 1.3402e-04
Loss = 9.5546e-04, PNorm = 55.7384, GNorm = 0.0021, lr_0 = 1.3299e-04
Loss = 4.3140e-04, PNorm = 55.7449, GNorm = 0.0313, lr_0 = 1.3198e-04
Loss = 3.9222e-04, PNorm = 55.7523, GNorm = 0.0008, lr_0 = 1.3097e-04
Loss = 9.6285e-04, PNorm = 55.7590, GNorm = 0.0054, lr_0 = 1.2996e-04
Loss = 4.6554e-04, PNorm = 55.7669, GNorm = 0.0031, lr_0 = 1.2897e-04
Loss = 4.7564e-03, PNorm = 55.7732, GNorm = 0.0010, lr_0 = 1.2798e-04
Loss = 3.8693e-04, PNorm = 55.7795, GNorm = 0.0006, lr_0 = 1.2700e-04
Loss = 2.0977e-03, PNorm = 55.7855, GNorm = 0.0003, lr_0 = 1.2603e-04
Validation auc = 0.699304
Epoch 27
Loss = 2.0942e-03, PNorm = 55.7929, GNorm = 0.0162, lr_0 = 1.2497e-04
Loss = 6.0296e-04, PNorm = 55.7994, GNorm = 0.0041, lr_0 = 1.2401e-04
Loss = 2.3052e-03, PNorm = 55.8053, GNorm = 0.0016, lr_0 = 1.2306e-04
Loss = 2.1525e-04, PNorm = 55.8101, GNorm = 0.0006, lr_0 = 1.2212e-04
Loss = 6.6288e-04, PNorm = 55.8158, GNorm = 0.0018, lr_0 = 1.2118e-04
Loss = 2.4028e-04, PNorm = 55.8206, GNorm = 0.0010, lr_0 = 1.2026e-04
Loss = 2.7624e-04, PNorm = 55.8248, GNorm = 0.0004, lr_0 = 1.1934e-04
Loss = 2.5252e-03, PNorm = 55.8296, GNorm = 0.0020, lr_0 = 1.1842e-04
Loss = 7.4272e-04, PNorm = 55.8366, GNorm = 0.0104, lr_0 = 1.1752e-04
Loss = 1.2074e-03, PNorm = 55.8426, GNorm = 0.0005, lr_0 = 1.1662e-04
Loss = 2.3734e-04, PNorm = 55.8479, GNorm = 0.0011, lr_0 = 1.1572e-04
Validation auc = 0.696984
Epoch 28
Loss = 1.6068e-04, PNorm = 55.8533, GNorm = 0.0007, lr_0 = 1.1475e-04
Loss = 1.2410e-03, PNorm = 55.8585, GNorm = 0.0017, lr_0 = 1.1387e-04
Loss = 8.4662e-04, PNorm = 55.8629, GNorm = 0.0420, lr_0 = 1.1300e-04
Loss = 2.8154e-04, PNorm = 55.8677, GNorm = 0.0016, lr_0 = 1.1213e-04
Loss = 8.1079e-04, PNorm = 55.8716, GNorm = 0.0019, lr_0 = 1.1127e-04
Loss = 1.8451e-04, PNorm = 55.8753, GNorm = 0.0019, lr_0 = 1.1042e-04
Loss = 2.6165e-04, PNorm = 55.8794, GNorm = 0.0009, lr_0 = 1.0958e-04
Loss = 2.6016e-03, PNorm = 55.8846, GNorm = 0.0242, lr_0 = 1.0874e-04
Loss = 6.0655e-04, PNorm = 55.8923, GNorm = 0.0009, lr_0 = 1.0791e-04
Loss = 3.1598e-04, PNorm = 55.8981, GNorm = 0.0010, lr_0 = 1.0708e-04
Loss = 2.1994e-03, PNorm = 55.9033, GNorm = 0.0177, lr_0 = 1.0626e-04
Validation auc = 0.698610
Epoch 29
Loss = 1.2305e-04, PNorm = 55.9079, GNorm = 0.0004, lr_0 = 1.0545e-04
Loss = 1.9476e-04, PNorm = 55.9113, GNorm = 0.0015, lr_0 = 1.0464e-04
Loss = 2.4163e-04, PNorm = 55.9148, GNorm = 0.0007, lr_0 = 1.0384e-04
Loss = 5.0436e-04, PNorm = 55.9189, GNorm = 0.0156, lr_0 = 1.0304e-04
Loss = 2.0670e-03, PNorm = 55.9231, GNorm = 0.1422, lr_0 = 1.0225e-04
Loss = 2.2861e-04, PNorm = 55.9281, GNorm = 0.0030, lr_0 = 1.0147e-04
Loss = 1.3793e-03, PNorm = 55.9337, GNorm = 0.0047, lr_0 = 1.0069e-04
Loss = 1.8394e-04, PNorm = 55.9395, GNorm = 0.0001, lr_0 = 1.0000e-04
Loss = 1.8415e-03, PNorm = 55.9450, GNorm = 0.0173, lr_0 = 1.0000e-04
Loss = 2.2402e-04, PNorm = 55.9523, GNorm = 0.0012, lr_0 = 1.0000e-04
Validation auc = 0.697790
Model 0 best validation auc = 0.729125 on epoch 2
Loading pretrained parameter "ffn.1.weight".
Loading pretrained parameter "ffn.1.bias".
Loading pretrained parameter "ffn.4.weight".
Loading pretrained parameter "ffn.4.bias".
Model 0 test auc = 0.731596
Ensemble test auc = 0.731596
3-fold cross validation
	Seed 0 ==> test auc = 0.597205
	Seed 1 ==> test auc = 0.705306
	Seed 2 ==> test auc = 0.731596
Overall test auc = 0.678036 +/- 0.058155
Elapsed time = 0:10:08
