Command line
python train.py --ffn_num_layers 4 --hidden_size 500 --dropout 0.3 --save_dir ../../../ian_stat_phase_ML/models/ffn_hyperopt_for_pub/29 --data_path ../../../ian_stat_phase_ML/data/round3finalval08162021_FULL_for_sklearn.csv --num_folds 3 --dataset_type classification --features_generator morgan --no_features_scaling --split_type scaffold_balanced --split_sizes 0.8 0.1 0.1 --smiles_columns SMILES --target_columns hit_inh hit_kill --depth 0 --features_only
Args
{'activation': 'ReLU',
 'aggregation': 'mean',
 'aggregation_norm': 100,
 'atom_descriptors': None,
 'atom_descriptors_path': None,
 'atom_descriptors_size': 0,
 'atom_features_size': 0,
 'atom_messages': False,
 'batch_size': 50,
 'bias': False,
 'cache_cutoff': 10000,
 'checkpoint_dir': None,
 'checkpoint_path': None,
 'checkpoint_paths': None,
 'class_balance': False,
 'config_path': None,
 'crossval_index_dir': None,
 'crossval_index_file': None,
 'crossval_index_sets': None,
 'cuda': False,
 'data_path': '../../../ian_stat_phase_ML/data/round3finalval08162021_FULL_for_sklearn.csv',
 'dataset_type': 'classification',
 'depth': 0,
 'device': device(type='cpu'),
 'dropout': 0.3,
 'ensemble_size': 1,
 'epochs': 30,
 'extra_metrics': [],
 'features_generator': ['morgan'],
 'features_only': True,
 'features_path': None,
 'features_scaling': False,
 'features_size': None,
 'ffn_hidden_size': 500,
 'ffn_num_layers': 4,
 'final_lr': 0.0001,
 'folds_file': None,
 'gpu': None,
 'grad_clip': None,
 'hidden_size': 500,
 'ignore_columns': None,
 'init_lr': 0.0001,
 'log_frequency': 10,
 'max_data_size': None,
 'max_lr': 0.001,
 'metric': 'auc',
 'metrics': ['auc'],
 'minimize_score': False,
 'mpn_shared': False,
 'multiclass_num_classes': 3,
 'no_cache_mol': False,
 'no_cuda': False,
 'no_features_scaling': True,
 'num_folds': 3,
 'num_lrs': 1,
 'num_tasks': 2,
 'num_workers': 8,
 'number_of_molecules': 1,
 'pytorch_seed': 0,
 'quiet': False,
 'save_dir': '../../../ian_stat_phase_ML/models/ffn_hyperopt_for_pub/29',
 'save_preds': False,
 'save_smiles_splits': False,
 'seed': 0,
 'separate_test_features_path': None,
 'separate_test_path': None,
 'separate_val_features_path': None,
 'separate_val_path': None,
 'show_individual_scores': False,
 'smiles_columns': ['SMILES'],
 'split_sizes': (0.8, 0.1, 0.1),
 'split_type': 'scaffold_balanced',
 'target_columns': ['hit_inh', 'hit_kill'],
 'task_names': ['hit_inh', 'hit_kill'],
 'test': False,
 'test_fold_index': None,
 'train_data_size': None,
 'undirected': False,
 'use_input_features': True,
 'val_fold_index': None,
 'warmup_epochs': 2.0}
Loading data
Warning: 7 SMILES are invalid.
Number of tasks = 2
Fold 0
Splitting data with seed 0
Total scaffolds = 4,180 | train scaffolds = 3,209 | val scaffolds = 497 | test scaffolds = 474
Label averages per scaffold, in decreasing order of scaffold frequency,capped at 10 scaffolds and 20 labels:
Scaffold 0
Task 0: count = 468 | target average = 0.019231
Task 1: count = 468 | target average = 0.014957


Scaffold 1
Task 0: count = 383 | target average = 0.007833
Task 1: count = 383 | target average = 0.013055


Scaffold 2
Task 0: count = 44 | target average = 0.000000
Task 1: count = 44 | target average = 0.000000


Scaffold 3
Task 0: count = 35 | target average = 0.000000
Task 1: count = 35 | target average = 0.000000


Scaffold 4
Task 0: count = 34 | target average = 0.000000
Task 1: count = 34 | target average = 0.000000


Scaffold 5
Task 0: count = 30 | target average = 0.000000
Task 1: count = 30 | target average = 0.000000


Scaffold 6
Task 0: count = 28 | target average = 0.000000
Task 1: count = 28 | target average = 0.000000


Scaffold 7
Task 0: count = 27 | target average = 0.074074
Task 1: count = 27 | target average = 0.074074


Scaffold 8
Task 0: count = 25 | target average = 0.040000
Task 1: count = 25 | target average = 0.000000


Scaffold 9
Task 0: count = 23 | target average = 0.000000
Task 1: count = 23 | target average = 0.000000


Class sizes
hit_inh 0: 97.79%, 1: 2.21%
hit_kill 0: 98.75%, 1: 1.25%
Total size = 6,708 | train size = 5,366 | val size = 670 | test size = 672
Building model 0
MoleculeModel(
  (sigmoid): Sigmoid()
  (encoder): MPN()
  (ffn): Sequential(
    (0): Dropout(p=0.3, inplace=False)
    (1): Linear(in_features=2048, out_features=500, bias=True)
    (2): ReLU()
    (3): Dropout(p=0.3, inplace=False)
    (4): Linear(in_features=500, out_features=500, bias=True)
    (5): ReLU()
    (6): Dropout(p=0.3, inplace=False)
    (7): Linear(in_features=500, out_features=500, bias=True)
    (8): ReLU()
    (9): Dropout(p=0.3, inplace=False)
    (10): Linear(in_features=500, out_features=2, bias=True)
  )
)
Number of parameters = 1,526,502
Epoch 0
Loss = 5.3630e-01, PNorm = 42.5820, GNorm = 0.8430, lr_0 = 1.4626e-04
Loss = 2.7531e-01, PNorm = 42.6154, GNorm = 0.4806, lr_0 = 1.8832e-04
Loss = 1.2578e-01, PNorm = 42.6606, GNorm = 0.2426, lr_0 = 2.3037e-04
Loss = 8.9689e-02, PNorm = 42.6885, GNorm = 0.0715, lr_0 = 2.7243e-04
Loss = 1.4295e-01, PNorm = 42.6951, GNorm = 0.5757, lr_0 = 3.1449e-04
Loss = 7.8748e-02, PNorm = 42.6913, GNorm = 0.5498, lr_0 = 3.5654e-04
Loss = 7.8040e-02, PNorm = 42.6974, GNorm = 0.1371, lr_0 = 3.9860e-04
Loss = 1.1622e-01, PNorm = 42.7106, GNorm = 0.3136, lr_0 = 4.4065e-04
Loss = 5.9035e-02, PNorm = 42.7445, GNorm = 0.1010, lr_0 = 4.8271e-04
Loss = 7.8522e-02, PNorm = 42.7783, GNorm = 0.1022, lr_0 = 5.2477e-04
Validation auc = 0.884667
Epoch 1
Loss = 6.4399e-02, PNorm = 42.8155, GNorm = 0.2819, lr_0 = 5.7103e-04
Loss = 7.6383e-02, PNorm = 42.8694, GNorm = 0.0946, lr_0 = 6.1308e-04
Loss = 5.9164e-02, PNorm = 42.9337, GNorm = 0.2780, lr_0 = 6.5514e-04
Loss = 7.9277e-02, PNorm = 42.9881, GNorm = 0.2726, lr_0 = 6.9720e-04
Loss = 4.0430e-02, PNorm = 43.0662, GNorm = 0.1671, lr_0 = 7.3925e-04
Loss = 8.2218e-02, PNorm = 43.1517, GNorm = 0.1138, lr_0 = 7.8131e-04
Loss = 1.0994e-01, PNorm = 43.2729, GNorm = 0.5886, lr_0 = 8.2336e-04
Loss = 3.3753e-02, PNorm = 43.4446, GNorm = 0.0772, lr_0 = 8.6542e-04
Loss = 8.0186e-02, PNorm = 43.5605, GNorm = 0.0686, lr_0 = 9.0748e-04
Loss = 1.0389e-01, PNorm = 43.7067, GNorm = 0.2339, lr_0 = 9.4953e-04
Loss = 5.1839e-02, PNorm = 43.9459, GNorm = 0.0915, lr_0 = 9.9159e-04
Validation auc = 0.871628
Epoch 2
Loss = 6.6506e-02, PNorm = 44.0945, GNorm = 0.2257, lr_0 = 9.9311e-04
Loss = 4.5721e-02, PNorm = 44.2741, GNorm = 0.0757, lr_0 = 9.8550e-04
Loss = 4.1171e-02, PNorm = 44.4235, GNorm = 0.0530, lr_0 = 9.7796e-04
Loss = 5.6585e-02, PNorm = 44.5343, GNorm = 0.1129, lr_0 = 9.7047e-04
Loss = 7.9765e-02, PNorm = 44.6719, GNorm = 0.3920, lr_0 = 9.6304e-04
Loss = 6.0345e-02, PNorm = 44.8522, GNorm = 0.1769, lr_0 = 9.5567e-04
Loss = 4.1947e-02, PNorm = 45.0276, GNorm = 0.5197, lr_0 = 9.4835e-04
Loss = 3.6145e-02, PNorm = 45.1624, GNorm = 0.2727, lr_0 = 9.4109e-04
Loss = 6.6193e-02, PNorm = 45.2921, GNorm = 0.4757, lr_0 = 9.3389e-04
Loss = 5.0885e-02, PNorm = 45.4455, GNorm = 0.3632, lr_0 = 9.2674e-04
Loss = 5.6613e-02, PNorm = 45.5669, GNorm = 0.2429, lr_0 = 9.1964e-04
Validation auc = 0.880202
Epoch 3
Loss = 3.0329e-02, PNorm = 45.7286, GNorm = 0.1273, lr_0 = 9.1190e-04
Loss = 3.3568e-02, PNorm = 45.8941, GNorm = 0.4574, lr_0 = 9.0492e-04
Loss = 5.6605e-02, PNorm = 45.9846, GNorm = 0.2159, lr_0 = 8.9799e-04
Loss = 2.8821e-02, PNorm = 46.1267, GNorm = 0.1161, lr_0 = 8.9111e-04
Loss = 3.4705e-02, PNorm = 46.2367, GNorm = 0.1079, lr_0 = 8.8429e-04
Loss = 4.8559e-02, PNorm = 46.3373, GNorm = 0.5119, lr_0 = 8.7752e-04
Loss = 2.0884e-02, PNorm = 46.4576, GNorm = 0.2513, lr_0 = 8.7080e-04
Loss = 3.8330e-02, PNorm = 46.5378, GNorm = 0.0825, lr_0 = 8.6414e-04
Loss = 5.6007e-02, PNorm = 46.5855, GNorm = 0.2227, lr_0 = 8.5752e-04
Loss = 3.2736e-02, PNorm = 46.6815, GNorm = 0.2231, lr_0 = 8.5095e-04
Validation auc = 0.863791
Epoch 4
Loss = 2.3622e-02, PNorm = 46.7820, GNorm = 0.0911, lr_0 = 8.4444e-04
Loss = 2.1019e-02, PNorm = 46.8915, GNorm = 0.2161, lr_0 = 8.3797e-04
Loss = 1.8013e-02, PNorm = 46.9722, GNorm = 0.1221, lr_0 = 8.3156e-04
Loss = 2.7198e-02, PNorm = 47.0395, GNorm = 0.0611, lr_0 = 8.2519e-04
Loss = 1.6826e-02, PNorm = 47.1242, GNorm = 0.4033, lr_0 = 8.1888e-04
Loss = 1.4464e-02, PNorm = 47.1961, GNorm = 0.3214, lr_0 = 8.1261e-04
Loss = 1.9639e-02, PNorm = 47.2636, GNorm = 0.0350, lr_0 = 8.0638e-04
Loss = 1.9683e-02, PNorm = 47.3148, GNorm = 0.1482, lr_0 = 8.0021e-04
Loss = 1.8906e-02, PNorm = 47.3521, GNorm = 0.6530, lr_0 = 7.9408e-04
Loss = 2.0618e-02, PNorm = 47.4060, GNorm = 0.3828, lr_0 = 7.8800e-04
Loss = 2.6420e-02, PNorm = 47.4663, GNorm = 0.4958, lr_0 = 7.8197e-04
Validation auc = 0.861178
Epoch 5
Loss = 1.2529e-02, PNorm = 47.5539, GNorm = 0.0138, lr_0 = 7.7539e-04
Loss = 1.9488e-02, PNorm = 47.6177, GNorm = 0.0391, lr_0 = 7.6945e-04
Loss = 1.9178e-02, PNorm = 47.6667, GNorm = 0.1038, lr_0 = 7.6356e-04
Loss = 1.4722e-02, PNorm = 47.7291, GNorm = 0.1571, lr_0 = 7.5772e-04
Loss = 2.1973e-02, PNorm = 47.7807, GNorm = 0.0099, lr_0 = 7.5191e-04
Loss = 1.5551e-02, PNorm = 47.8227, GNorm = 0.1191, lr_0 = 7.4616e-04
Loss = 1.2049e-02, PNorm = 47.8578, GNorm = 0.0896, lr_0 = 7.4044e-04
Loss = 2.5837e-02, PNorm = 47.8932, GNorm = 0.0842, lr_0 = 7.3478e-04
Loss = 1.5996e-02, PNorm = 47.9429, GNorm = 0.5054, lr_0 = 7.2915e-04
Loss = 2.9775e-02, PNorm = 47.9940, GNorm = 0.1479, lr_0 = 7.2357e-04
Loss = 2.4970e-02, PNorm = 48.0517, GNorm = 0.2539, lr_0 = 7.1803e-04
Validation auc = 0.872403
Epoch 6
Loss = 2.0277e-02, PNorm = 48.1244, GNorm = 0.0371, lr_0 = 7.1198e-04
Loss = 1.3471e-02, PNorm = 48.1718, GNorm = 0.0484, lr_0 = 7.0653e-04
Loss = 1.3450e-02, PNorm = 48.2107, GNorm = 0.4278, lr_0 = 7.0112e-04
Loss = 1.0728e-02, PNorm = 48.2492, GNorm = 0.1058, lr_0 = 6.9576e-04
Loss = 7.5855e-03, PNorm = 48.2993, GNorm = 0.0301, lr_0 = 6.9043e-04
Loss = 8.1178e-03, PNorm = 48.3414, GNorm = 0.3040, lr_0 = 6.8514e-04
Loss = 1.9001e-02, PNorm = 48.3713, GNorm = 0.1736, lr_0 = 6.7990e-04
Loss = 9.0715e-03, PNorm = 48.4095, GNorm = 0.1632, lr_0 = 6.7469e-04
Loss = 1.7654e-02, PNorm = 48.4397, GNorm = 0.8453, lr_0 = 6.6953e-04
Loss = 1.7399e-02, PNorm = 48.4713, GNorm = 0.2961, lr_0 = 6.6440e-04
Loss = 2.0208e-02, PNorm = 48.5085, GNorm = 0.3032, lr_0 = 6.5931e-04
Validation auc = 0.868789
Epoch 7
Loss = 4.6000e-03, PNorm = 48.5536, GNorm = 0.0814, lr_0 = 6.5427e-04
Loss = 1.5615e-02, PNorm = 48.5883, GNorm = 0.0126, lr_0 = 6.4926e-04
Loss = 1.3249e-02, PNorm = 48.6113, GNorm = 0.6456, lr_0 = 6.4429e-04
Loss = 8.6312e-03, PNorm = 48.6351, GNorm = 0.0834, lr_0 = 6.3935e-04
Loss = 1.4869e-02, PNorm = 48.6623, GNorm = 0.7118, lr_0 = 6.3446e-04
Loss = 3.4336e-03, PNorm = 48.6914, GNorm = 0.0022, lr_0 = 6.2960e-04
Loss = 5.6705e-03, PNorm = 48.7203, GNorm = 0.2485, lr_0 = 6.2478e-04
Loss = 2.6796e-02, PNorm = 48.7437, GNorm = 0.4809, lr_0 = 6.2000e-04
Loss = 1.7230e-02, PNorm = 48.7755, GNorm = 0.2798, lr_0 = 6.1525e-04
Loss = 8.9688e-03, PNorm = 48.8069, GNorm = 0.2282, lr_0 = 6.1054e-04
Validation auc = 0.861321
Epoch 8
Loss = 1.4333e-02, PNorm = 48.8430, GNorm = 0.0263, lr_0 = 6.0540e-04
Loss = 7.6786e-03, PNorm = 48.8774, GNorm = 0.1524, lr_0 = 6.0077e-04
Loss = 1.1298e-02, PNorm = 48.9030, GNorm = 0.0185, lr_0 = 5.9617e-04
Loss = 6.7190e-03, PNorm = 48.9276, GNorm = 0.0597, lr_0 = 5.9160e-04
Loss = 9.8591e-03, PNorm = 48.9458, GNorm = 0.0326, lr_0 = 5.8707e-04
Loss = 1.1441e-02, PNorm = 48.9579, GNorm = 0.1650, lr_0 = 5.8258e-04
Loss = 8.0408e-03, PNorm = 48.9728, GNorm = 0.0369, lr_0 = 5.7812e-04
Loss = 5.0963e-03, PNorm = 48.9936, GNorm = 0.2053, lr_0 = 5.7369e-04
Loss = 8.9297e-03, PNorm = 49.0149, GNorm = 0.3684, lr_0 = 5.6930e-04
Loss = 7.2307e-03, PNorm = 49.0311, GNorm = 0.0223, lr_0 = 5.6494e-04
Loss = 1.1998e-02, PNorm = 49.0421, GNorm = 0.1949, lr_0 = 5.6062e-04
Validation auc = 0.858830
Epoch 9
Loss = 1.5562e-02, PNorm = 49.0613, GNorm = 0.0758, lr_0 = 5.5590e-04
Loss = 1.5307e-02, PNorm = 49.0827, GNorm = 0.4508, lr_0 = 5.5164e-04
Loss = 1.4571e-02, PNorm = 49.1200, GNorm = 0.8158, lr_0 = 5.4742e-04
Loss = 3.5437e-03, PNorm = 49.1587, GNorm = 0.0187, lr_0 = 5.4323e-04
Loss = 4.5854e-03, PNorm = 49.1825, GNorm = 0.0682, lr_0 = 5.3907e-04
Loss = 4.7511e-03, PNorm = 49.2001, GNorm = 0.0616, lr_0 = 5.3494e-04
Loss = 5.1702e-03, PNorm = 49.2126, GNorm = 0.0058, lr_0 = 5.3084e-04
Loss = 2.5770e-02, PNorm = 49.2175, GNorm = 0.0633, lr_0 = 5.2678e-04
Loss = 2.2179e-03, PNorm = 49.2302, GNorm = 0.0886, lr_0 = 5.2275e-04
Loss = 8.2942e-03, PNorm = 49.2458, GNorm = 0.2581, lr_0 = 5.1874e-04
Loss = 9.8796e-03, PNorm = 49.2600, GNorm = 0.6134, lr_0 = 5.1477e-04
Validation auc = 0.867133
Epoch 10
Loss = 3.3947e-03, PNorm = 49.2733, GNorm = 0.0117, lr_0 = 5.1083e-04
Loss = 8.0448e-03, PNorm = 49.2909, GNorm = 0.2239, lr_0 = 5.0692e-04
Loss = 1.4117e-02, PNorm = 49.3020, GNorm = 0.0105, lr_0 = 5.0304e-04
Loss = 3.2772e-03, PNorm = 49.3164, GNorm = 0.2176, lr_0 = 4.9919e-04
Loss = 5.9533e-03, PNorm = 49.3363, GNorm = 0.0131, lr_0 = 4.9537e-04
Loss = 4.6888e-03, PNorm = 49.3581, GNorm = 0.0212, lr_0 = 4.9157e-04
Loss = 4.1119e-03, PNorm = 49.3754, GNorm = 0.0018, lr_0 = 4.8781e-04
Loss = 8.6423e-03, PNorm = 49.3880, GNorm = 0.0039, lr_0 = 4.8408e-04
Loss = 7.7922e-03, PNorm = 49.4005, GNorm = 0.0007, lr_0 = 4.8037e-04
Loss = 3.0637e-03, PNorm = 49.4100, GNorm = 0.0042, lr_0 = 4.7669e-04
Loss = 1.0293e-02, PNorm = 49.4196, GNorm = 0.0025, lr_0 = 4.7304e-04
Loss = 8.6250e-03, PNorm = 49.4203, GNorm = 0.2561, lr_0 = 4.7268e-04
Validation auc = 0.865490
Epoch 11
Loss = 7.6154e-03, PNorm = 49.4303, GNorm = 0.0058, lr_0 = 4.6906e-04
Loss = 7.6751e-03, PNorm = 49.4410, GNorm = 0.0099, lr_0 = 4.6547e-04
Loss = 4.2810e-03, PNorm = 49.4505, GNorm = 0.0924, lr_0 = 4.6191e-04
Loss = 1.3696e-03, PNorm = 49.4594, GNorm = 0.0022, lr_0 = 4.5837e-04
Loss = 2.6278e-03, PNorm = 49.4689, GNorm = 0.0537, lr_0 = 4.5486e-04
Loss = 1.3990e-02, PNorm = 49.4741, GNorm = 0.0509, lr_0 = 4.5138e-04
Loss = 8.9546e-04, PNorm = 49.4792, GNorm = 0.2119, lr_0 = 4.4792e-04
Loss = 8.2767e-03, PNorm = 49.4887, GNorm = 0.3836, lr_0 = 4.4449e-04
Loss = 5.6143e-03, PNorm = 49.5034, GNorm = 0.0020, lr_0 = 4.4109e-04
Loss = 2.6115e-02, PNorm = 49.5086, GNorm = 1.0289, lr_0 = 4.3771e-04
Validation auc = 0.864191
Epoch 12
Loss = 5.4160e-03, PNorm = 49.5194, GNorm = 0.0044, lr_0 = 4.3403e-04
Loss = 7.8183e-03, PNorm = 49.5323, GNorm = 0.0051, lr_0 = 4.3070e-04
Loss = 1.4297e-03, PNorm = 49.5463, GNorm = 0.0807, lr_0 = 4.2741e-04
Loss = 1.9191e-03, PNorm = 49.5574, GNorm = 0.0816, lr_0 = 4.2413e-04
Loss = 4.4499e-03, PNorm = 49.5662, GNorm = 0.0063, lr_0 = 4.2089e-04
Loss = 8.2171e-03, PNorm = 49.5739, GNorm = 0.6049, lr_0 = 4.1766e-04
Loss = 3.0878e-03, PNorm = 49.5820, GNorm = 0.0736, lr_0 = 4.1447e-04
Loss = 7.6495e-03, PNorm = 49.5935, GNorm = 0.1083, lr_0 = 4.1129e-04
Loss = 3.7289e-03, PNorm = 49.6049, GNorm = 0.1245, lr_0 = 4.0814e-04
Loss = 4.3283e-03, PNorm = 49.6154, GNorm = 0.0378, lr_0 = 4.0502e-04
Loss = 1.8769e-03, PNorm = 49.6262, GNorm = 0.0143, lr_0 = 4.0192e-04
Validation auc = 0.872274
Epoch 13
Loss = 4.0321e-03, PNorm = 49.6343, GNorm = 0.0028, lr_0 = 3.9884e-04
Loss = 1.5892e-03, PNorm = 49.6431, GNorm = 0.0399, lr_0 = 3.9579e-04
Loss = 5.1717e-03, PNorm = 49.6510, GNorm = 0.5612, lr_0 = 3.9276e-04
Loss = 1.1251e-02, PNorm = 49.6552, GNorm = 0.0503, lr_0 = 3.8975e-04
Loss = 1.0153e-03, PNorm = 49.6634, GNorm = 0.0322, lr_0 = 3.8677e-04
Loss = 3.4563e-03, PNorm = 49.6704, GNorm = 0.0137, lr_0 = 3.8381e-04
Loss = 4.5699e-03, PNorm = 49.6778, GNorm = 0.0022, lr_0 = 3.8087e-04
Loss = 4.3499e-03, PNorm = 49.6850, GNorm = 0.4909, lr_0 = 3.7795e-04
Loss = 4.4064e-03, PNorm = 49.6938, GNorm = 0.0004, lr_0 = 3.7506e-04
Loss = 2.2874e-03, PNorm = 49.7026, GNorm = 0.0017, lr_0 = 3.7219e-04
Loss = 1.5504e-03, PNorm = 49.7092, GNorm = 0.0011, lr_0 = 3.6934e-04
Validation auc = 0.872799
Epoch 14
Loss = 3.4125e-03, PNorm = 49.7171, GNorm = 0.1769, lr_0 = 3.6623e-04
Loss = 6.4560e-03, PNorm = 49.7248, GNorm = 0.0171, lr_0 = 3.6342e-04
Loss = 7.3203e-04, PNorm = 49.7313, GNorm = 0.0034, lr_0 = 3.6064e-04
Loss = 4.0492e-03, PNorm = 49.7373, GNorm = 0.0437, lr_0 = 3.5788e-04
Loss = 4.4871e-04, PNorm = 49.7426, GNorm = 0.0009, lr_0 = 3.5514e-04
Loss = 2.6552e-03, PNorm = 49.7465, GNorm = 0.0017, lr_0 = 3.5242e-04
Loss = 1.0256e-03, PNorm = 49.7496, GNorm = 0.0098, lr_0 = 3.4972e-04
Loss = 5.0208e-03, PNorm = 49.7524, GNorm = 0.0006, lr_0 = 3.4705e-04
Loss = 4.1460e-03, PNorm = 49.7562, GNorm = 0.0137, lr_0 = 3.4439e-04
Loss = 5.1623e-04, PNorm = 49.7605, GNorm = 0.0032, lr_0 = 3.4175e-04
Validation auc = 0.872759
Epoch 15
Loss = 2.9606e-03, PNorm = 49.7669, GNorm = 0.0635, lr_0 = 3.3888e-04
Loss = 1.9104e-03, PNorm = 49.7752, GNorm = 0.0041, lr_0 = 3.3628e-04
Loss = 2.4466e-03, PNorm = 49.7816, GNorm = 0.1416, lr_0 = 3.3371e-04
Loss = 1.0923e-03, PNorm = 49.7876, GNorm = 0.0052, lr_0 = 3.3115e-04
Loss = 1.1275e-02, PNorm = 49.7902, GNorm = 0.0095, lr_0 = 3.2862e-04
Loss = 8.0546e-03, PNorm = 49.7909, GNorm = 0.0046, lr_0 = 3.2610e-04
Loss = 3.9950e-03, PNorm = 49.7963, GNorm = 0.0070, lr_0 = 3.2360e-04
Loss = 8.0958e-04, PNorm = 49.8033, GNorm = 0.0678, lr_0 = 3.2113e-04
Loss = 7.0721e-03, PNorm = 49.8097, GNorm = 0.0220, lr_0 = 3.1867e-04
Loss = 1.2160e-03, PNorm = 49.8170, GNorm = 0.0009, lr_0 = 3.1623e-04
Loss = 2.0692e-03, PNorm = 49.8236, GNorm = 0.0007, lr_0 = 3.1381e-04
Validation auc = 0.871549
Epoch 16
Loss = 1.0342e-03, PNorm = 49.8279, GNorm = 0.0017, lr_0 = 3.1140e-04
Loss = 2.9531e-03, PNorm = 49.8306, GNorm = 0.0031, lr_0 = 3.0902e-04
Loss = 1.7367e-03, PNorm = 49.8337, GNorm = 0.0052, lr_0 = 3.0665e-04
Loss = 6.4981e-04, PNorm = 49.8376, GNorm = 0.0566, lr_0 = 3.0431e-04
Loss = 6.1818e-03, PNorm = 49.8400, GNorm = 0.0022, lr_0 = 3.0198e-04
Loss = 3.2662e-03, PNorm = 49.8434, GNorm = 0.1897, lr_0 = 2.9966e-04
Loss = 5.1599e-03, PNorm = 49.8483, GNorm = 0.3561, lr_0 = 2.9737e-04
Loss = 6.4113e-03, PNorm = 49.8542, GNorm = 0.1403, lr_0 = 2.9509e-04
Loss = 4.4086e-03, PNorm = 49.8613, GNorm = 0.1362, lr_0 = 2.9283e-04
Loss = 4.0360e-03, PNorm = 49.8661, GNorm = 0.0009, lr_0 = 2.9059e-04
Loss = 5.8752e-04, PNorm = 49.8697, GNorm = 0.0096, lr_0 = 2.8837e-04
Validation auc = 0.872849
Epoch 17
Loss = 1.5896e-02, PNorm = 49.8713, GNorm = 0.0030, lr_0 = 2.8594e-04
Loss = 1.6728e-03, PNorm = 49.8765, GNorm = 0.0014, lr_0 = 2.8375e-04
Loss = 1.7233e-03, PNorm = 49.8821, GNorm = 0.0073, lr_0 = 2.8158e-04
Loss = 3.1484e-04, PNorm = 49.8870, GNorm = 0.0062, lr_0 = 2.7942e-04
Loss = 3.1017e-03, PNorm = 49.8916, GNorm = 0.0114, lr_0 = 2.7728e-04
Loss = 3.1594e-03, PNorm = 49.8965, GNorm = 0.0031, lr_0 = 2.7516e-04
Loss = 4.4467e-03, PNorm = 49.9013, GNorm = 0.0536, lr_0 = 2.7305e-04
Loss = 1.2872e-03, PNorm = 49.9063, GNorm = 0.0030, lr_0 = 2.7096e-04
Loss = 7.5884e-03, PNorm = 49.9089, GNorm = 0.0154, lr_0 = 2.6889e-04
Loss = 3.6915e-03, PNorm = 49.9103, GNorm = 0.0376, lr_0 = 2.6683e-04
Loss = 1.3654e-03, PNorm = 49.9150, GNorm = 0.0067, lr_0 = 2.6479e-04
Validation auc = 0.871135
Epoch 18
Loss = 1.9800e-03, PNorm = 49.9210, GNorm = 0.2961, lr_0 = 2.6256e-04
Loss = 1.5910e-03, PNorm = 49.9261, GNorm = 0.0002, lr_0 = 2.6055e-04
Loss = 2.8997e-03, PNorm = 49.9308, GNorm = 0.0047, lr_0 = 2.5855e-04
Loss = 3.6257e-03, PNorm = 49.9353, GNorm = 0.0016, lr_0 = 2.5657e-04
Loss = 1.1839e-03, PNorm = 49.9401, GNorm = 0.0784, lr_0 = 2.5461e-04
Loss = 3.6944e-03, PNorm = 49.9450, GNorm = 0.0009, lr_0 = 2.5266e-04
Loss = 4.7810e-03, PNorm = 49.9491, GNorm = 0.0014, lr_0 = 2.5073e-04
Loss = 2.7554e-03, PNorm = 49.9528, GNorm = 0.0026, lr_0 = 2.4881e-04
Loss = 1.6846e-03, PNorm = 49.9563, GNorm = 0.2771, lr_0 = 2.4690e-04
Loss = 5.8679e-03, PNorm = 49.9585, GNorm = 0.1240, lr_0 = 2.4501e-04
Validation auc = 0.872487
Epoch 19
Loss = 2.9910e-05, PNorm = 49.9616, GNorm = 0.0006, lr_0 = 2.4314e-04
Loss = 5.1892e-04, PNorm = 49.9650, GNorm = 0.0113, lr_0 = 2.4127e-04
Loss = 5.9421e-03, PNorm = 49.9676, GNorm = 0.0162, lr_0 = 2.3943e-04
Loss = 4.2481e-03, PNorm = 49.9690, GNorm = 0.0027, lr_0 = 2.3759e-04
Loss = 5.5748e-03, PNorm = 49.9701, GNorm = 0.0001, lr_0 = 2.3577e-04
Loss = 6.2366e-03, PNorm = 49.9736, GNorm = 0.0001, lr_0 = 2.3397e-04
Loss = 1.1298e-02, PNorm = 49.9767, GNorm = 0.2900, lr_0 = 2.3218e-04
Loss = 2.6535e-03, PNorm = 49.9817, GNorm = 0.0027, lr_0 = 2.3040e-04
Loss = 6.5052e-04, PNorm = 49.9864, GNorm = 0.0012, lr_0 = 2.2864e-04
Loss = 1.0351e-03, PNorm = 49.9893, GNorm = 0.0527, lr_0 = 2.2689e-04
Loss = 9.8323e-04, PNorm = 49.9926, GNorm = 0.0066, lr_0 = 2.2515e-04
Validation auc = 0.870758
Epoch 20
Loss = 1.5160e-03, PNorm = 49.9955, GNorm = 0.0552, lr_0 = 2.2325e-04
Loss = 4.4857e-03, PNorm = 49.9984, GNorm = 0.0131, lr_0 = 2.2154e-04
Loss = 3.2550e-03, PNorm = 50.0012, GNorm = 0.1447, lr_0 = 2.1985e-04
Loss = 2.5081e-03, PNorm = 50.0044, GNorm = 0.0253, lr_0 = 2.1816e-04
Loss = 9.0105e-03, PNorm = 50.0059, GNorm = 0.0003, lr_0 = 2.1649e-04
Loss = 5.2478e-03, PNorm = 50.0076, GNorm = 0.2659, lr_0 = 2.1484e-04
Loss = 2.7385e-03, PNorm = 50.0103, GNorm = 0.0241, lr_0 = 2.1319e-04
Loss = 1.2169e-03, PNorm = 50.0143, GNorm = 0.0042, lr_0 = 2.1156e-04
Loss = 1.4997e-03, PNorm = 50.0178, GNorm = 0.4434, lr_0 = 2.0994e-04
Loss = 1.3516e-02, PNorm = 50.0165, GNorm = 0.0043, lr_0 = 2.0833e-04
Loss = 9.8631e-04, PNorm = 50.0178, GNorm = 0.0294, lr_0 = 2.0674e-04
Validation auc = 0.871480
Epoch 21
Loss = 2.5956e-04, PNorm = 50.0210, GNorm = 0.0032, lr_0 = 2.0500e-04
Loss = 3.5862e-03, PNorm = 50.0253, GNorm = 0.1355, lr_0 = 2.0343e-04
Loss = 1.1946e-03, PNorm = 50.0291, GNorm = 0.0028, lr_0 = 2.0187e-04
Loss = 1.3459e-03, PNorm = 50.0323, GNorm = 0.0014, lr_0 = 2.0033e-04
Loss = 4.8239e-04, PNorm = 50.0349, GNorm = 0.0060, lr_0 = 1.9879e-04
Loss = 1.3767e-03, PNorm = 50.0371, GNorm = 0.0008, lr_0 = 1.9727e-04
Loss = 4.2036e-04, PNorm = 50.0389, GNorm = 0.0017, lr_0 = 1.9576e-04
Loss = 3.7666e-03, PNorm = 50.0404, GNorm = 0.2781, lr_0 = 1.9426e-04
Loss = 6.2619e-03, PNorm = 50.0430, GNorm = 0.0075, lr_0 = 1.9277e-04
Loss = 1.5620e-03, PNorm = 50.0462, GNorm = 0.0002, lr_0 = 1.9130e-04
Loss = 2.5097e-03, PNorm = 50.0501, GNorm = 0.0018, lr_0 = 1.8983e-04
Validation auc = 0.872726
Epoch 22
Loss = 6.0880e-04, PNorm = 50.0532, GNorm = 0.0006, lr_0 = 1.8838e-04
Loss = 3.3988e-03, PNorm = 50.0553, GNorm = 0.0007, lr_0 = 1.8694e-04
Loss = 4.7354e-03, PNorm = 50.0596, GNorm = 0.0145, lr_0 = 1.8551e-04
Loss = 6.2433e-04, PNorm = 50.0639, GNorm = 0.0086, lr_0 = 1.8409e-04
Loss = 3.1280e-04, PNorm = 50.0671, GNorm = 0.0032, lr_0 = 1.8268e-04
Loss = 4.7775e-03, PNorm = 50.0688, GNorm = 0.0379, lr_0 = 1.8128e-04
Loss = 6.4704e-03, PNorm = 50.0709, GNorm = 0.0141, lr_0 = 1.7989e-04
Loss = 5.1175e-03, PNorm = 50.0734, GNorm = 0.0101, lr_0 = 1.7851e-04
Loss = 3.7240e-03, PNorm = 50.0759, GNorm = 0.0017, lr_0 = 1.7715e-04
Loss = 2.3837e-03, PNorm = 50.0778, GNorm = 0.0005, lr_0 = 1.7579e-04
Validation auc = 0.872973
Epoch 23
Loss = 1.7214e-04, PNorm = 50.0810, GNorm = 0.0011, lr_0 = 1.7431e-04
Loss = 1.7421e-03, PNorm = 50.0839, GNorm = 0.0066, lr_0 = 1.7298e-04
Loss = 1.1266e-03, PNorm = 50.0866, GNorm = 0.0013, lr_0 = 1.7165e-04
Loss = 3.6098e-03, PNorm = 50.0890, GNorm = 0.0004, lr_0 = 1.7034e-04
Loss = 3.2344e-03, PNorm = 50.0917, GNorm = 0.0183, lr_0 = 1.6903e-04
Loss = 1.0808e-02, PNorm = 50.0915, GNorm = 0.0015, lr_0 = 1.6774e-04
Loss = 3.4094e-03, PNorm = 50.0935, GNorm = 0.0031, lr_0 = 1.6645e-04
Loss = 2.6987e-03, PNorm = 50.0973, GNorm = 0.0017, lr_0 = 1.6518e-04
Loss = 3.9381e-03, PNorm = 50.1007, GNorm = 0.0007, lr_0 = 1.6392e-04
Loss = 5.7744e-04, PNorm = 50.1033, GNorm = 0.0673, lr_0 = 1.6266e-04
Loss = 4.2671e-04, PNorm = 50.1056, GNorm = 0.0065, lr_0 = 1.6142e-04
Validation auc = 0.874249
Epoch 24
Loss = 1.1869e-02, PNorm = 50.1068, GNorm = 0.0197, lr_0 = 1.6006e-04
Loss = 5.0800e-04, PNorm = 50.1083, GNorm = 0.0026, lr_0 = 1.5883e-04
Loss = 7.2091e-04, PNorm = 50.1102, GNorm = 0.0042, lr_0 = 1.5761e-04
Loss = 2.2248e-04, PNorm = 50.1116, GNorm = 0.0024, lr_0 = 1.5641e-04
Loss = 7.0794e-04, PNorm = 50.1135, GNorm = 0.0011, lr_0 = 1.5521e-04
Loss = 3.1128e-03, PNorm = 50.1156, GNorm = 0.0004, lr_0 = 1.5402e-04
Loss = 1.1700e-02, PNorm = 50.1172, GNorm = 0.6318, lr_0 = 1.5284e-04
Loss = 1.7759e-04, PNorm = 50.1189, GNorm = 0.0330, lr_0 = 1.5167e-04
Loss = 1.0822e-03, PNorm = 50.1201, GNorm = 0.0029, lr_0 = 1.5051e-04
Loss = 4.7749e-03, PNorm = 50.1209, GNorm = 0.2145, lr_0 = 1.4936e-04
Loss = 4.6312e-03, PNorm = 50.1213, GNorm = 0.0031, lr_0 = 1.4822e-04
Validation auc = 0.875057
Epoch 25
Loss = 4.2940e-04, PNorm = 50.1224, GNorm = 0.0000, lr_0 = 1.4708e-04
Loss = 1.0627e-04, PNorm = 50.1234, GNorm = 0.0003, lr_0 = 1.4595e-04
Loss = 1.6514e-03, PNorm = 50.1249, GNorm = 0.0126, lr_0 = 1.4484e-04
Loss = 9.9170e-04, PNorm = 50.1273, GNorm = 0.0933, lr_0 = 1.4373e-04
Loss = 2.2273e-03, PNorm = 50.1298, GNorm = 0.0011, lr_0 = 1.4263e-04
Loss = 3.5711e-04, PNorm = 50.1323, GNorm = 0.0008, lr_0 = 1.4154e-04
Loss = 5.7893e-03, PNorm = 50.1334, GNorm = 0.0074, lr_0 = 1.4045e-04
Loss = 2.8322e-04, PNorm = 50.1344, GNorm = 0.0126, lr_0 = 1.3938e-04
Loss = 4.3791e-03, PNorm = 50.1361, GNorm = 0.0144, lr_0 = 1.3831e-04
Loss = 8.5474e-04, PNorm = 50.1380, GNorm = 0.0001, lr_0 = 1.3725e-04
Loss = 5.0697e-03, PNorm = 50.1396, GNorm = 0.0032, lr_0 = 1.3620e-04
Loss = 2.9935e-04, PNorm = 50.1397, GNorm = 0.0096, lr_0 = 1.3610e-04
Validation auc = 0.875888
Epoch 26
Loss = 1.7160e-03, PNorm = 50.1407, GNorm = 0.0720, lr_0 = 1.3505e-04
Loss = 7.6004e-04, PNorm = 50.1421, GNorm = 0.0176, lr_0 = 1.3402e-04
Loss = 3.9232e-03, PNorm = 50.1437, GNorm = 0.0120, lr_0 = 1.3299e-04
Loss = 1.2026e-03, PNorm = 50.1451, GNorm = 0.0221, lr_0 = 1.3198e-04
Loss = 5.1384e-04, PNorm = 50.1469, GNorm = 0.0481, lr_0 = 1.3097e-04
Loss = 6.8964e-04, PNorm = 50.1485, GNorm = 0.0008, lr_0 = 1.2996e-04
Loss = 3.0563e-04, PNorm = 50.1497, GNorm = 0.0333, lr_0 = 1.2897e-04
Loss = 1.0307e-03, PNorm = 50.1510, GNorm = 0.0024, lr_0 = 1.2798e-04
Loss = 1.5456e-04, PNorm = 50.1523, GNorm = 0.0029, lr_0 = 1.2700e-04
Loss = 3.1938e-03, PNorm = 50.1532, GNorm = 0.0151, lr_0 = 1.2603e-04
Validation auc = 0.876290
Epoch 27
Loss = 2.1828e-03, PNorm = 50.1550, GNorm = 0.0869, lr_0 = 1.2497e-04
Loss = 1.9391e-03, PNorm = 50.1572, GNorm = 0.0016, lr_0 = 1.2401e-04
Loss = 4.8721e-03, PNorm = 50.1591, GNorm = 0.1048, lr_0 = 1.2306e-04
Loss = 9.7302e-04, PNorm = 50.1611, GNorm = 0.0041, lr_0 = 1.2212e-04
Loss = 6.7525e-03, PNorm = 50.1619, GNorm = 0.0488, lr_0 = 1.2118e-04
Loss = 8.6483e-04, PNorm = 50.1625, GNorm = 0.0008, lr_0 = 1.2026e-04
Loss = 2.5279e-03, PNorm = 50.1633, GNorm = 0.0051, lr_0 = 1.1934e-04
Loss = 1.3471e-03, PNorm = 50.1642, GNorm = 0.0355, lr_0 = 1.1842e-04
Loss = 2.5721e-03, PNorm = 50.1647, GNorm = 0.0005, lr_0 = 1.1752e-04
Loss = 1.6657e-03, PNorm = 50.1657, GNorm = 0.0001, lr_0 = 1.1662e-04
Loss = 1.2995e-03, PNorm = 50.1675, GNorm = 0.0058, lr_0 = 1.1572e-04
Validation auc = 0.875603
Epoch 28
Loss = 1.8466e-03, PNorm = 50.1678, GNorm = 0.5249, lr_0 = 1.1475e-04
Loss = 3.6868e-04, PNorm = 50.1683, GNorm = 0.0000, lr_0 = 1.1387e-04
Loss = 2.0922e-03, PNorm = 50.1690, GNorm = 0.0015, lr_0 = 1.1300e-04
Loss = 1.5181e-03, PNorm = 50.1698, GNorm = 0.0111, lr_0 = 1.1213e-04
Loss = 1.8381e-04, PNorm = 50.1711, GNorm = 0.0038, lr_0 = 1.1127e-04
Loss = 8.6952e-04, PNorm = 50.1721, GNorm = 0.0103, lr_0 = 1.1042e-04
Loss = 8.7871e-03, PNorm = 50.1719, GNorm = 0.0010, lr_0 = 1.0958e-04
Loss = 7.1848e-04, PNorm = 50.1719, GNorm = 0.0984, lr_0 = 1.0874e-04
Loss = 6.2297e-04, PNorm = 50.1726, GNorm = 0.0793, lr_0 = 1.0791e-04
Loss = 2.8651e-03, PNorm = 50.1736, GNorm = 0.0000, lr_0 = 1.0708e-04
Loss = 6.2153e-03, PNorm = 50.1744, GNorm = 0.0002, lr_0 = 1.0626e-04
Validation auc = 0.874956
Epoch 29
Loss = 5.3832e-04, PNorm = 50.1759, GNorm = 0.0003, lr_0 = 1.0545e-04
Loss = 4.6365e-03, PNorm = 50.1765, GNorm = 0.0064, lr_0 = 1.0464e-04
Loss = 1.4857e-03, PNorm = 50.1780, GNorm = 0.0003, lr_0 = 1.0384e-04
Loss = 1.4669e-04, PNorm = 50.1790, GNorm = 0.0038, lr_0 = 1.0304e-04
Loss = 4.5906e-04, PNorm = 50.1800, GNorm = 0.0025, lr_0 = 1.0225e-04
Loss = 1.8791e-04, PNorm = 50.1811, GNorm = 0.0004, lr_0 = 1.0147e-04
Loss = 1.9735e-03, PNorm = 50.1819, GNorm = 0.0007, lr_0 = 1.0069e-04
Loss = 2.6989e-03, PNorm = 50.1835, GNorm = 0.0065, lr_0 = 1.0000e-04
Loss = 4.0963e-03, PNorm = 50.1855, GNorm = 0.0051, lr_0 = 1.0000e-04
Loss = 1.7342e-03, PNorm = 50.1872, GNorm = 0.0032, lr_0 = 1.0000e-04
Validation auc = 0.875468
Model 0 best validation auc = 0.884667 on epoch 0
Loading pretrained parameter "ffn.1.weight".
Loading pretrained parameter "ffn.1.bias".
Loading pretrained parameter "ffn.4.weight".
Loading pretrained parameter "ffn.4.bias".
Loading pretrained parameter "ffn.7.weight".
Loading pretrained parameter "ffn.7.bias".
Loading pretrained parameter "ffn.10.weight".
Loading pretrained parameter "ffn.10.bias".
Model 0 test auc = 0.475388
Ensemble test auc = 0.475388
Fold 1
Splitting data with seed 1
Total scaffolds = 4,180 | train scaffolds = 3,198 | val scaffolds = 502 | test scaffolds = 480
Label averages per scaffold, in decreasing order of scaffold frequency,capped at 10 scaffolds and 20 labels:
Scaffold 0
Task 0: count = 468 | target average = 0.019231
Task 1: count = 468 | target average = 0.014957


Scaffold 1
Task 0: count = 383 | target average = 0.007833
Task 1: count = 383 | target average = 0.013055


Scaffold 2
Task 0: count = 44 | target average = 0.000000
Task 1: count = 44 | target average = 0.000000


Scaffold 3
Task 0: count = 35 | target average = 0.000000
Task 1: count = 35 | target average = 0.000000


Scaffold 4
Task 0: count = 34 | target average = 0.000000
Task 1: count = 34 | target average = 0.000000


Scaffold 5
Task 0: count = 30 | target average = 0.000000
Task 1: count = 30 | target average = 0.000000


Scaffold 6
Task 0: count = 28 | target average = 0.000000
Task 1: count = 28 | target average = 0.000000


Scaffold 7
Task 0: count = 27 | target average = 0.074074
Task 1: count = 27 | target average = 0.074074


Scaffold 8
Task 0: count = 25 | target average = 0.040000
Task 1: count = 25 | target average = 0.000000


Scaffold 9
Task 0: count = 23 | target average = 0.000000
Task 1: count = 23 | target average = 0.000000


Class sizes
hit_inh 0: 97.79%, 1: 2.21%
hit_kill 0: 98.75%, 1: 1.25%
Total size = 6,708 | train size = 5,366 | val size = 670 | test size = 672
Building model 0
MoleculeModel(
  (sigmoid): Sigmoid()
  (encoder): MPN()
  (ffn): Sequential(
    (0): Dropout(p=0.3, inplace=False)
    (1): Linear(in_features=2048, out_features=500, bias=True)
    (2): ReLU()
    (3): Dropout(p=0.3, inplace=False)
    (4): Linear(in_features=500, out_features=500, bias=True)
    (5): ReLU()
    (6): Dropout(p=0.3, inplace=False)
    (7): Linear(in_features=500, out_features=500, bias=True)
    (8): ReLU()
    (9): Dropout(p=0.3, inplace=False)
    (10): Linear(in_features=500, out_features=2, bias=True)
  )
)
Number of parameters = 1,526,502
Epoch 0
Loss = 5.3237e-01, PNorm = 42.5823, GNorm = 0.8701, lr_0 = 1.4626e-04
Loss = 2.8001e-01, PNorm = 42.6163, GNorm = 0.4528, lr_0 = 1.8832e-04
Loss = 1.2362e-01, PNorm = 42.6618, GNorm = 0.2782, lr_0 = 2.3037e-04
Loss = 1.2982e-01, PNorm = 42.6882, GNorm = 0.6393, lr_0 = 2.7243e-04
Loss = 9.2250e-02, PNorm = 42.6922, GNorm = 0.2860, lr_0 = 3.1449e-04
Loss = 1.1123e-01, PNorm = 42.6917, GNorm = 0.3097, lr_0 = 3.5654e-04
Loss = 1.3222e-01, PNorm = 42.6929, GNorm = 0.3209, lr_0 = 3.9860e-04
Loss = 8.8847e-02, PNorm = 42.7142, GNorm = 0.1433, lr_0 = 4.4065e-04
Loss = 8.3223e-02, PNorm = 42.7518, GNorm = 0.1705, lr_0 = 4.8271e-04
Loss = 5.9717e-02, PNorm = 42.7941, GNorm = 0.2186, lr_0 = 5.2477e-04
Validation auc = 0.774282
Epoch 1
Loss = 3.6148e-02, PNorm = 42.8304, GNorm = 0.1283, lr_0 = 5.7103e-04
Loss = 7.3901e-02, PNorm = 42.8729, GNorm = 0.3453, lr_0 = 6.1308e-04
Loss = 7.8920e-02, PNorm = 42.9214, GNorm = 0.3101, lr_0 = 6.5514e-04
Loss = 6.7094e-02, PNorm = 42.9762, GNorm = 0.2203, lr_0 = 6.9720e-04
Loss = 4.7493e-02, PNorm = 43.0623, GNorm = 0.3871, lr_0 = 7.3925e-04
Loss = 1.1883e-01, PNorm = 43.1203, GNorm = 0.1804, lr_0 = 7.8131e-04
Loss = 7.5747e-02, PNorm = 43.2577, GNorm = 0.3901, lr_0 = 8.2336e-04
Loss = 5.2178e-02, PNorm = 43.4034, GNorm = 0.4125, lr_0 = 8.6542e-04
Loss = 5.7291e-02, PNorm = 43.5343, GNorm = 0.1061, lr_0 = 9.0748e-04
Loss = 8.8367e-02, PNorm = 43.6652, GNorm = 0.1854, lr_0 = 9.4953e-04
Loss = 9.3021e-02, PNorm = 43.8677, GNorm = 0.1699, lr_0 = 9.9159e-04
Validation auc = 0.800151
Epoch 2
Loss = 4.5410e-02, PNorm = 44.1087, GNorm = 0.0441, lr_0 = 9.9311e-04
Loss = 3.9094e-02, PNorm = 44.2839, GNorm = 0.3440, lr_0 = 9.8550e-04
Loss = 2.5288e-02, PNorm = 44.4167, GNorm = 0.3543, lr_0 = 9.7796e-04
Loss = 4.3707e-02, PNorm = 44.5349, GNorm = 0.4603, lr_0 = 9.7047e-04
Loss = 3.7277e-02, PNorm = 44.6524, GNorm = 0.3490, lr_0 = 9.6304e-04
Loss = 4.7412e-02, PNorm = 44.7471, GNorm = 0.6167, lr_0 = 9.5567e-04
Loss = 4.4718e-02, PNorm = 44.8538, GNorm = 0.0759, lr_0 = 9.4835e-04
Loss = 3.3152e-02, PNorm = 45.0089, GNorm = 0.5113, lr_0 = 9.4109e-04
Loss = 5.3160e-02, PNorm = 45.1063, GNorm = 0.4516, lr_0 = 9.3389e-04
Loss = 1.0123e-01, PNorm = 45.2391, GNorm = 0.3350, lr_0 = 9.2674e-04
Loss = 4.5975e-02, PNorm = 45.4557, GNorm = 0.3169, lr_0 = 9.1964e-04
Validation auc = 0.767336
Epoch 3
Loss = 4.5085e-02, PNorm = 45.6177, GNorm = 0.2096, lr_0 = 9.1190e-04
Loss = 2.8089e-02, PNorm = 45.7674, GNorm = 0.1090, lr_0 = 9.0492e-04
Loss = 5.6540e-02, PNorm = 45.8427, GNorm = 0.5180, lr_0 = 8.9799e-04
Loss = 3.0265e-02, PNorm = 45.9345, GNorm = 0.1507, lr_0 = 8.9111e-04
Loss = 3.3151e-02, PNorm = 46.0682, GNorm = 0.2086, lr_0 = 8.8429e-04
Loss = 3.2609e-02, PNorm = 46.1767, GNorm = 0.6598, lr_0 = 8.7752e-04
Loss = 2.5488e-02, PNorm = 46.2609, GNorm = 0.0321, lr_0 = 8.7080e-04
Loss = 4.7502e-02, PNorm = 46.3391, GNorm = 0.3356, lr_0 = 8.6414e-04
Loss = 2.6035e-02, PNorm = 46.4444, GNorm = 0.1696, lr_0 = 8.5752e-04
Loss = 2.7962e-02, PNorm = 46.5717, GNorm = 0.3313, lr_0 = 8.5095e-04
Validation auc = 0.774031
Epoch 4
Loss = 1.7624e-03, PNorm = 46.6626, GNorm = 0.0212, lr_0 = 8.4444e-04
Loss = 4.1899e-02, PNorm = 46.7295, GNorm = 0.3977, lr_0 = 8.3797e-04
Loss = 1.5732e-02, PNorm = 46.7994, GNorm = 0.0332, lr_0 = 8.3156e-04
Loss = 1.9979e-02, PNorm = 46.8612, GNorm = 0.3227, lr_0 = 8.2519e-04
Loss = 1.7989e-02, PNorm = 46.9177, GNorm = 0.4131, lr_0 = 8.1888e-04
Loss = 2.4760e-02, PNorm = 46.9896, GNorm = 0.1332, lr_0 = 8.1261e-04
Loss = 2.8933e-02, PNorm = 47.0911, GNorm = 0.2391, lr_0 = 8.0638e-04
Loss = 1.2894e-02, PNorm = 47.1859, GNorm = 0.0050, lr_0 = 8.0021e-04
Loss = 9.7698e-03, PNorm = 47.2477, GNorm = 0.0225, lr_0 = 7.9408e-04
Loss = 2.5533e-02, PNorm = 47.2928, GNorm = 0.4502, lr_0 = 7.8800e-04
Loss = 1.9411e-02, PNorm = 47.3569, GNorm = 0.2139, lr_0 = 7.8197e-04
Validation auc = 0.767042
Epoch 5
Loss = 7.8257e-03, PNorm = 47.4281, GNorm = 0.0308, lr_0 = 7.7539e-04
Loss = 2.0256e-02, PNorm = 47.4795, GNorm = 0.6848, lr_0 = 7.6945e-04
Loss = 2.2959e-02, PNorm = 47.5182, GNorm = 0.0124, lr_0 = 7.6356e-04
Loss = 1.5773e-02, PNorm = 47.5754, GNorm = 0.0808, lr_0 = 7.5772e-04
Loss = 1.4454e-02, PNorm = 47.6362, GNorm = 0.0316, lr_0 = 7.5191e-04
Loss = 6.0376e-03, PNorm = 47.6785, GNorm = 0.0985, lr_0 = 7.4616e-04
Loss = 1.1601e-02, PNorm = 47.7142, GNorm = 0.0235, lr_0 = 7.4044e-04
Loss = 2.1402e-02, PNorm = 47.7511, GNorm = 0.1541, lr_0 = 7.3478e-04
Loss = 2.1196e-02, PNorm = 47.8030, GNorm = 0.0173, lr_0 = 7.2915e-04
Loss = 2.2859e-02, PNorm = 47.8594, GNorm = 0.3252, lr_0 = 7.2357e-04
Loss = 1.7867e-02, PNorm = 47.9106, GNorm = 0.0069, lr_0 = 7.1803e-04
Validation auc = 0.759039
Epoch 6
Loss = 1.8124e-02, PNorm = 47.9584, GNorm = 0.3004, lr_0 = 7.1198e-04
Loss = 1.2807e-02, PNorm = 47.9957, GNorm = 0.0075, lr_0 = 7.0653e-04
Loss = 1.3480e-02, PNorm = 48.0227, GNorm = 0.1331, lr_0 = 7.0112e-04
Loss = 1.6342e-02, PNorm = 48.0543, GNorm = 0.1041, lr_0 = 6.9576e-04
Loss = 1.7644e-02, PNorm = 48.0961, GNorm = 0.4039, lr_0 = 6.9043e-04
Loss = 7.2336e-03, PNorm = 48.1416, GNorm = 0.0079, lr_0 = 6.8514e-04
Loss = 1.1438e-02, PNorm = 48.1739, GNorm = 0.1905, lr_0 = 6.7990e-04
Loss = 9.8193e-03, PNorm = 48.2075, GNorm = 0.1343, lr_0 = 6.7469e-04
Loss = 8.5393e-03, PNorm = 48.2412, GNorm = 0.0826, lr_0 = 6.6953e-04
Loss = 1.7744e-02, PNorm = 48.2702, GNorm = 0.1008, lr_0 = 6.6440e-04
Loss = 2.0212e-02, PNorm = 48.3156, GNorm = 0.0920, lr_0 = 6.5931e-04
Validation auc = 0.756320
Epoch 7
Loss = 4.4511e-03, PNorm = 48.3731, GNorm = 0.0241, lr_0 = 6.5427e-04
Loss = 9.3436e-03, PNorm = 48.4075, GNorm = 0.0701, lr_0 = 6.4926e-04
Loss = 8.5585e-03, PNorm = 48.4332, GNorm = 0.2570, lr_0 = 6.4429e-04
Loss = 6.6805e-03, PNorm = 48.4648, GNorm = 0.0336, lr_0 = 6.3935e-04
Loss = 1.3806e-02, PNorm = 48.5010, GNorm = 0.6871, lr_0 = 6.3446e-04
Loss = 6.4398e-03, PNorm = 48.5352, GNorm = 0.0378, lr_0 = 6.2960e-04
Loss = 5.9331e-03, PNorm = 48.5610, GNorm = 0.0296, lr_0 = 6.2478e-04
Loss = 8.5330e-03, PNorm = 48.5811, GNorm = 0.0221, lr_0 = 6.2000e-04
Loss = 1.7251e-02, PNorm = 48.5979, GNorm = 0.2885, lr_0 = 6.1525e-04
Loss = 1.9181e-02, PNorm = 48.6155, GNorm = 0.2011, lr_0 = 6.1054e-04
Validation auc = 0.747606
Epoch 8
Loss = 5.9747e-03, PNorm = 48.6486, GNorm = 0.0551, lr_0 = 6.0540e-04
Loss = 1.3177e-02, PNorm = 48.6740, GNorm = 0.0378, lr_0 = 6.0077e-04
Loss = 2.8413e-03, PNorm = 48.6955, GNorm = 0.0259, lr_0 = 5.9617e-04
Loss = 7.9143e-03, PNorm = 48.7102, GNorm = 0.2603, lr_0 = 5.9160e-04
Loss = 1.5560e-02, PNorm = 48.7186, GNorm = 0.0264, lr_0 = 5.8707e-04
Loss = 7.4560e-03, PNorm = 48.7313, GNorm = 0.0028, lr_0 = 5.8258e-04
Loss = 3.6140e-03, PNorm = 48.7521, GNorm = 0.0369, lr_0 = 5.7812e-04
Loss = 1.0302e-02, PNorm = 48.7794, GNorm = 0.5371, lr_0 = 5.7369e-04
Loss = 5.1898e-03, PNorm = 48.7988, GNorm = 0.0205, lr_0 = 5.6930e-04
Loss = 7.3570e-03, PNorm = 48.8180, GNorm = 0.6006, lr_0 = 5.6494e-04
Loss = 4.0254e-03, PNorm = 48.8387, GNorm = 0.0018, lr_0 = 5.6062e-04
Validation auc = 0.751525
Epoch 9
Loss = 7.1880e-04, PNorm = 48.8536, GNorm = 0.0380, lr_0 = 5.5590e-04
Loss = 3.5460e-03, PNorm = 48.8665, GNorm = 0.0807, lr_0 = 5.5164e-04
Loss = 2.3829e-02, PNorm = 48.8757, GNorm = 0.0243, lr_0 = 5.4742e-04
Loss = 6.6383e-03, PNorm = 48.8928, GNorm = 0.0089, lr_0 = 5.4323e-04
Loss = 2.8403e-03, PNorm = 48.9125, GNorm = 0.0043, lr_0 = 5.3907e-04
Loss = 1.2733e-02, PNorm = 48.9265, GNorm = 0.0962, lr_0 = 5.3494e-04
Loss = 6.8053e-03, PNorm = 48.9446, GNorm = 0.0482, lr_0 = 5.3084e-04
Loss = 9.7929e-03, PNorm = 48.9627, GNorm = 0.0081, lr_0 = 5.2678e-04
Loss = 1.0938e-02, PNorm = 48.9805, GNorm = 0.0144, lr_0 = 5.2275e-04
Loss = 9.7830e-03, PNorm = 49.0071, GNorm = 0.5500, lr_0 = 5.1874e-04
Loss = 6.9954e-03, PNorm = 49.0392, GNorm = 0.0446, lr_0 = 5.1477e-04
Validation auc = 0.750195
Epoch 10
Loss = 1.1683e-02, PNorm = 49.0593, GNorm = 0.2966, lr_0 = 5.1083e-04
Loss = 2.6011e-03, PNorm = 49.0744, GNorm = 0.0225, lr_0 = 5.0692e-04
Loss = 1.6979e-02, PNorm = 49.0863, GNorm = 0.4234, lr_0 = 5.0304e-04
Loss = 7.6315e-03, PNorm = 49.1059, GNorm = 0.2722, lr_0 = 4.9919e-04
Loss = 8.3402e-03, PNorm = 49.1333, GNorm = 0.1846, lr_0 = 4.9537e-04
Loss = 1.4859e-02, PNorm = 49.1546, GNorm = 0.0492, lr_0 = 4.9157e-04
Loss = 1.9429e-03, PNorm = 49.1708, GNorm = 0.0306, lr_0 = 4.8781e-04
Loss = 8.0206e-03, PNorm = 49.1805, GNorm = 0.5133, lr_0 = 4.8408e-04
Loss = 3.8763e-03, PNorm = 49.1911, GNorm = 0.0527, lr_0 = 4.8037e-04
Loss = 3.3797e-03, PNorm = 49.2019, GNorm = 0.0581, lr_0 = 4.7669e-04
Loss = 4.5090e-03, PNorm = 49.2125, GNorm = 0.0508, lr_0 = 4.7304e-04
Loss = 5.9523e-04, PNorm = 49.2135, GNorm = 0.0227, lr_0 = 4.7268e-04
Validation auc = 0.746823
Epoch 11
Loss = 1.0698e-02, PNorm = 49.2221, GNorm = 0.4764, lr_0 = 4.6906e-04
Loss = 2.4929e-03, PNorm = 49.2292, GNorm = 0.0378, lr_0 = 4.6547e-04
Loss = 4.4632e-03, PNorm = 49.2396, GNorm = 0.0627, lr_0 = 4.6191e-04
Loss = 4.6433e-03, PNorm = 49.2498, GNorm = 0.0259, lr_0 = 4.5837e-04
Loss = 3.2269e-03, PNorm = 49.2643, GNorm = 0.0023, lr_0 = 4.5486e-04
Loss = 3.9078e-03, PNorm = 49.2765, GNorm = 0.2020, lr_0 = 4.5138e-04
Loss = 2.4851e-03, PNorm = 49.2946, GNorm = 0.0200, lr_0 = 4.4792e-04
Loss = 3.2832e-03, PNorm = 49.3107, GNorm = 0.0003, lr_0 = 4.4449e-04
Loss = 1.0987e-02, PNorm = 49.3253, GNorm = 0.0939, lr_0 = 4.4109e-04
Loss = 5.6920e-03, PNorm = 49.3369, GNorm = 0.0079, lr_0 = 4.3771e-04
Validation auc = 0.751537
Epoch 12
Loss = 3.7141e-03, PNorm = 49.3465, GNorm = 0.2177, lr_0 = 4.3403e-04
Loss = 1.7485e-03, PNorm = 49.3598, GNorm = 0.0114, lr_0 = 4.3070e-04
Loss = 4.5346e-03, PNorm = 49.3710, GNorm = 0.0257, lr_0 = 4.2741e-04
Loss = 2.2606e-03, PNorm = 49.3810, GNorm = 0.0002, lr_0 = 4.2413e-04
Loss = 3.6118e-03, PNorm = 49.3898, GNorm = 0.0011, lr_0 = 4.2089e-04
Loss = 4.1727e-03, PNorm = 49.3984, GNorm = 0.0108, lr_0 = 4.1766e-04
Loss = 9.6014e-03, PNorm = 49.4016, GNorm = 0.0006, lr_0 = 4.1447e-04
Loss = 4.4119e-03, PNorm = 49.4072, GNorm = 0.0126, lr_0 = 4.1129e-04
Loss = 1.7599e-03, PNorm = 49.4144, GNorm = 0.0103, lr_0 = 4.0814e-04
Loss = 3.4940e-03, PNorm = 49.4212, GNorm = 0.0002, lr_0 = 4.0502e-04
Loss = 7.9448e-03, PNorm = 49.4256, GNorm = 0.0023, lr_0 = 4.0192e-04
Validation auc = 0.752931
Epoch 13
Loss = 7.4654e-03, PNorm = 49.4346, GNorm = 0.1494, lr_0 = 3.9884e-04
Loss = 3.8873e-03, PNorm = 49.4451, GNorm = 0.0024, lr_0 = 3.9579e-04
Loss = 4.0471e-03, PNorm = 49.4523, GNorm = 0.0116, lr_0 = 3.9276e-04
Loss = 1.3839e-03, PNorm = 49.4592, GNorm = 0.0091, lr_0 = 3.8975e-04
Loss = 4.7250e-03, PNorm = 49.4658, GNorm = 0.8377, lr_0 = 3.8677e-04
Loss = 1.3543e-03, PNorm = 49.4726, GNorm = 0.0575, lr_0 = 3.8381e-04
Loss = 6.8591e-03, PNorm = 49.4796, GNorm = 0.0004, lr_0 = 3.8087e-04
Loss = 1.2291e-02, PNorm = 49.4811, GNorm = 0.1249, lr_0 = 3.7795e-04
Loss = 1.0865e-03, PNorm = 49.4860, GNorm = 0.0567, lr_0 = 3.7506e-04
Loss = 8.8070e-04, PNorm = 49.4926, GNorm = 0.0181, lr_0 = 3.7219e-04
Loss = 3.4572e-03, PNorm = 49.5040, GNorm = 0.0011, lr_0 = 3.6934e-04
Validation auc = 0.751958
Epoch 14
Loss = 1.8760e-03, PNorm = 49.5147, GNorm = 0.0004, lr_0 = 3.6623e-04
Loss = 1.9287e-03, PNorm = 49.5228, GNorm = 0.0196, lr_0 = 3.6342e-04
Loss = 1.9554e-03, PNorm = 49.5288, GNorm = 0.0214, lr_0 = 3.6064e-04
Loss = 1.5048e-03, PNorm = 49.5362, GNorm = 0.0590, lr_0 = 3.5788e-04
Loss = 8.5442e-04, PNorm = 49.5427, GNorm = 0.0136, lr_0 = 3.5514e-04
Loss = 3.8171e-03, PNorm = 49.5484, GNorm = 0.0017, lr_0 = 3.5242e-04
Loss = 7.0430e-03, PNorm = 49.5561, GNorm = 0.1773, lr_0 = 3.4972e-04
Loss = 2.2210e-03, PNorm = 49.5633, GNorm = 0.2121, lr_0 = 3.4705e-04
Loss = 6.5082e-03, PNorm = 49.5703, GNorm = 0.7364, lr_0 = 3.4439e-04
Loss = 1.1193e-02, PNorm = 49.5739, GNorm = 0.0052, lr_0 = 3.4175e-04
Validation auc = 0.749635
Epoch 15
Loss = 1.2916e-04, PNorm = 49.5803, GNorm = 0.0031, lr_0 = 3.3888e-04
Loss = 6.8395e-03, PNorm = 49.5835, GNorm = 0.0358, lr_0 = 3.3628e-04
Loss = 1.8241e-03, PNorm = 49.5877, GNorm = 0.3644, lr_0 = 3.3371e-04
Loss = 7.0927e-04, PNorm = 49.5942, GNorm = 0.1776, lr_0 = 3.3115e-04
Loss = 6.1033e-03, PNorm = 49.5971, GNorm = 0.0091, lr_0 = 3.2862e-04
Loss = 2.6684e-03, PNorm = 49.6012, GNorm = 0.6196, lr_0 = 3.2610e-04
Loss = 8.1717e-03, PNorm = 49.6049, GNorm = 0.0012, lr_0 = 3.2360e-04
Loss = 2.8178e-03, PNorm = 49.6085, GNorm = 0.0132, lr_0 = 3.2113e-04
Loss = 5.8619e-03, PNorm = 49.6133, GNorm = 0.0013, lr_0 = 3.1867e-04
Loss = 1.2175e-02, PNorm = 49.6155, GNorm = 0.0011, lr_0 = 3.1623e-04
Loss = 3.9995e-03, PNorm = 49.6192, GNorm = 0.1340, lr_0 = 3.1381e-04
Validation auc = 0.752127
Epoch 16
Loss = 2.1378e-04, PNorm = 49.6260, GNorm = 0.0026, lr_0 = 3.1140e-04
Loss = 1.5992e-03, PNorm = 49.6321, GNorm = 0.0024, lr_0 = 3.0902e-04
Loss = 6.7822e-04, PNorm = 49.6365, GNorm = 0.0117, lr_0 = 3.0665e-04
Loss = 2.7881e-03, PNorm = 49.6406, GNorm = 0.2791, lr_0 = 3.0431e-04
Loss = 8.5965e-03, PNorm = 49.6422, GNorm = 0.0493, lr_0 = 3.0198e-04
Loss = 1.1897e-02, PNorm = 49.6437, GNorm = 0.0610, lr_0 = 2.9966e-04
Loss = 5.0135e-03, PNorm = 49.6475, GNorm = 0.0032, lr_0 = 2.9737e-04
Loss = 2.0034e-03, PNorm = 49.6523, GNorm = 0.0346, lr_0 = 2.9509e-04
Loss = 1.7253e-03, PNorm = 49.6590, GNorm = 0.0131, lr_0 = 2.9283e-04
Loss = 4.0295e-03, PNorm = 49.6642, GNorm = 0.0318, lr_0 = 2.9059e-04
Loss = 1.2351e-03, PNorm = 49.6684, GNorm = 0.0473, lr_0 = 2.8837e-04
Validation auc = 0.753664
Epoch 17
Loss = 1.3262e-03, PNorm = 49.6725, GNorm = 0.1315, lr_0 = 2.8594e-04
Loss = 2.6486e-03, PNorm = 49.6758, GNorm = 0.0087, lr_0 = 2.8375e-04
Loss = 7.2027e-03, PNorm = 49.6762, GNorm = 0.1615, lr_0 = 2.8158e-04
Loss = 2.1866e-03, PNorm = 49.6780, GNorm = 0.0106, lr_0 = 2.7942e-04
Loss = 8.8499e-03, PNorm = 49.6776, GNorm = 0.0344, lr_0 = 2.7728e-04
Loss = 4.5025e-03, PNorm = 49.6814, GNorm = 0.0163, lr_0 = 2.7516e-04
Loss = 3.3450e-03, PNorm = 49.6862, GNorm = 0.2406, lr_0 = 2.7305e-04
Loss = 8.2483e-04, PNorm = 49.6914, GNorm = 0.0002, lr_0 = 2.7096e-04
Loss = 1.5028e-03, PNorm = 49.6956, GNorm = 0.0038, lr_0 = 2.6889e-04
Loss = 4.0503e-04, PNorm = 49.6983, GNorm = 0.0048, lr_0 = 2.6683e-04
Loss = 4.4740e-03, PNorm = 49.7002, GNorm = 0.0076, lr_0 = 2.6479e-04
Validation auc = 0.757397
Epoch 18
Loss = 9.0259e-04, PNorm = 49.7033, GNorm = 0.0109, lr_0 = 2.6256e-04
Loss = 6.6683e-04, PNorm = 49.7062, GNorm = 0.0007, lr_0 = 2.6055e-04
Loss = 2.6565e-03, PNorm = 49.7092, GNorm = 0.4559, lr_0 = 2.5855e-04
Loss = 2.6676e-03, PNorm = 49.7131, GNorm = 0.0116, lr_0 = 2.5657e-04
Loss = 3.8900e-03, PNorm = 49.7161, GNorm = 0.0006, lr_0 = 2.5461e-04
Loss = 2.4333e-03, PNorm = 49.7182, GNorm = 0.0126, lr_0 = 2.5266e-04
Loss = 7.6854e-04, PNorm = 49.7201, GNorm = 0.0097, lr_0 = 2.5073e-04
Loss = 2.3386e-03, PNorm = 49.7229, GNorm = 0.0110, lr_0 = 2.4881e-04
Loss = 3.0914e-03, PNorm = 49.7258, GNorm = 0.1185, lr_0 = 2.4690e-04
Loss = 1.3089e-03, PNorm = 49.7295, GNorm = 0.0046, lr_0 = 2.4501e-04
Validation auc = 0.757071
Epoch 19
Loss = 1.5626e-04, PNorm = 49.7293, GNorm = 0.0046, lr_0 = 2.4314e-04
Loss = 1.1909e-03, PNorm = 49.7272, GNorm = 0.0011, lr_0 = 2.4127e-04
Loss = 5.7453e-03, PNorm = 49.7292, GNorm = 0.0053, lr_0 = 2.3943e-04
Loss = 1.2070e-02, PNorm = 49.7319, GNorm = 0.0324, lr_0 = 2.3759e-04
Loss = 6.1890e-04, PNorm = 49.7354, GNorm = 0.0076, lr_0 = 2.3577e-04
Loss = 1.1795e-03, PNorm = 49.7392, GNorm = 0.0038, lr_0 = 2.3397e-04
Loss = 7.1981e-04, PNorm = 49.7424, GNorm = 0.1015, lr_0 = 2.3218e-04
Loss = 1.8382e-03, PNorm = 49.7454, GNorm = 0.2077, lr_0 = 2.3040e-04
Loss = 1.1292e-03, PNorm = 49.7488, GNorm = 0.0003, lr_0 = 2.2864e-04
Loss = 9.4212e-04, PNorm = 49.7523, GNorm = 0.0160, lr_0 = 2.2689e-04
Loss = 1.0298e-03, PNorm = 49.7552, GNorm = 0.0067, lr_0 = 2.2515e-04
Validation auc = 0.757546
Epoch 20
Loss = 2.1122e-04, PNorm = 49.7585, GNorm = 0.0190, lr_0 = 2.2325e-04
Loss = 1.4079e-03, PNorm = 49.7609, GNorm = 0.0009, lr_0 = 2.2154e-04
Loss = 5.1584e-04, PNorm = 49.7631, GNorm = 0.0094, lr_0 = 2.1985e-04
Loss = 2.4977e-03, PNorm = 49.7656, GNorm = 0.0344, lr_0 = 2.1816e-04
Loss = 3.7020e-04, PNorm = 49.7681, GNorm = 0.0539, lr_0 = 2.1649e-04
Loss = 1.2344e-03, PNorm = 49.7707, GNorm = 0.0898, lr_0 = 2.1484e-04
Loss = 5.3190e-03, PNorm = 49.7729, GNorm = 0.0088, lr_0 = 2.1319e-04
Loss = 2.1407e-03, PNorm = 49.7751, GNorm = 0.0163, lr_0 = 2.1156e-04
Loss = 4.5108e-04, PNorm = 49.7772, GNorm = 0.0015, lr_0 = 2.0994e-04
Loss = 9.8072e-04, PNorm = 49.7789, GNorm = 0.1476, lr_0 = 2.0833e-04
Loss = 1.9658e-03, PNorm = 49.7810, GNorm = 0.0024, lr_0 = 2.0674e-04
Validation auc = 0.755587
Epoch 21
Loss = 3.6221e-03, PNorm = 49.7832, GNorm = 0.3091, lr_0 = 2.0500e-04
Loss = 2.3903e-03, PNorm = 49.7850, GNorm = 0.0229, lr_0 = 2.0343e-04
Loss = 4.5164e-04, PNorm = 49.7872, GNorm = 0.0002, lr_0 = 2.0187e-04
Loss = 7.5351e-04, PNorm = 49.7891, GNorm = 0.0035, lr_0 = 2.0033e-04
Loss = 1.0988e-03, PNorm = 49.7910, GNorm = 0.0056, lr_0 = 1.9879e-04
Loss = 1.7213e-03, PNorm = 49.7928, GNorm = 0.0703, lr_0 = 1.9727e-04
Loss = 1.9215e-03, PNorm = 49.7948, GNorm = 0.2767, lr_0 = 1.9576e-04
Loss = 3.1447e-03, PNorm = 49.7969, GNorm = 0.0091, lr_0 = 1.9426e-04
Loss = 8.9483e-03, PNorm = 49.7989, GNorm = 0.0004, lr_0 = 1.9277e-04
Loss = 6.0773e-03, PNorm = 49.7996, GNorm = 0.1642, lr_0 = 1.9130e-04
Loss = 5.9433e-04, PNorm = 49.8016, GNorm = 0.0177, lr_0 = 1.8983e-04
Validation auc = 0.755978
Epoch 22
Loss = 1.4323e-03, PNorm = 49.8039, GNorm = 0.0675, lr_0 = 1.8838e-04
Loss = 8.5851e-04, PNorm = 49.8063, GNorm = 0.0002, lr_0 = 1.8694e-04
Loss = 3.3855e-03, PNorm = 49.8081, GNorm = 0.0009, lr_0 = 1.8551e-04
Loss = 2.5357e-03, PNorm = 49.8096, GNorm = 0.0017, lr_0 = 1.8409e-04
Loss = 3.2835e-03, PNorm = 49.8110, GNorm = 0.7400, lr_0 = 1.8268e-04
Loss = 4.7989e-04, PNorm = 49.8127, GNorm = 0.0009, lr_0 = 1.8128e-04
Loss = 1.5462e-03, PNorm = 49.8144, GNorm = 0.0058, lr_0 = 1.7989e-04
Loss = 1.6579e-04, PNorm = 49.8160, GNorm = 0.0003, lr_0 = 1.7851e-04
Loss = 4.6310e-03, PNorm = 49.8175, GNorm = 0.0010, lr_0 = 1.7715e-04
Loss = 4.4074e-03, PNorm = 49.8190, GNorm = 0.0006, lr_0 = 1.7579e-04
Validation auc = 0.754540
Epoch 23
Loss = 1.0891e-03, PNorm = 49.8218, GNorm = 0.0702, lr_0 = 1.7431e-04
Loss = 9.9409e-04, PNorm = 49.8245, GNorm = 0.1246, lr_0 = 1.7298e-04
Loss = 2.0875e-03, PNorm = 49.8268, GNorm = 0.3767, lr_0 = 1.7165e-04
Loss = 1.6709e-03, PNorm = 49.8294, GNorm = 0.0005, lr_0 = 1.7034e-04
Loss = 1.5166e-03, PNorm = 49.8316, GNorm = 0.0003, lr_0 = 1.6903e-04
Loss = 5.0112e-04, PNorm = 49.8342, GNorm = 0.0007, lr_0 = 1.6774e-04
Loss = 2.7010e-03, PNorm = 49.8354, GNorm = 0.0123, lr_0 = 1.6645e-04
Loss = 1.8445e-03, PNorm = 49.8368, GNorm = 0.0001, lr_0 = 1.6518e-04
Loss = 4.5990e-04, PNorm = 49.8382, GNorm = 0.0001, lr_0 = 1.6392e-04
Loss = 5.5726e-03, PNorm = 49.8391, GNorm = 0.0281, lr_0 = 1.6266e-04
Loss = 7.5762e-05, PNorm = 49.8400, GNorm = 0.0022, lr_0 = 1.6142e-04
Validation auc = 0.755256
Epoch 24
Loss = 1.8169e-04, PNorm = 49.8410, GNorm = 0.0020, lr_0 = 1.6006e-04
Loss = 1.7187e-03, PNorm = 49.8416, GNorm = 0.0155, lr_0 = 1.5883e-04
Loss = 1.5502e-03, PNorm = 49.8421, GNorm = 0.0319, lr_0 = 1.5761e-04
Loss = 2.7040e-03, PNorm = 49.8432, GNorm = 0.0015, lr_0 = 1.5641e-04
Loss = 2.7445e-03, PNorm = 49.8442, GNorm = 0.3549, lr_0 = 1.5521e-04
Loss = 3.2677e-03, PNorm = 49.8458, GNorm = 0.0099, lr_0 = 1.5402e-04
Loss = 4.7898e-04, PNorm = 49.8465, GNorm = 0.0038, lr_0 = 1.5284e-04
Loss = 3.7978e-04, PNorm = 49.8476, GNorm = 0.0014, lr_0 = 1.5167e-04
Loss = 5.5191e-03, PNorm = 49.8495, GNorm = 0.3710, lr_0 = 1.5051e-04
Loss = 6.4428e-03, PNorm = 49.8535, GNorm = 0.1122, lr_0 = 1.4936e-04
Loss = 9.2021e-04, PNorm = 49.8571, GNorm = 0.0001, lr_0 = 1.4822e-04
Validation auc = 0.752447
Epoch 25
Loss = 9.7728e-04, PNorm = 49.8597, GNorm = 0.0001, lr_0 = 1.4708e-04
Loss = 7.5081e-04, PNorm = 49.8611, GNorm = 0.0009, lr_0 = 1.4595e-04
Loss = 4.6859e-04, PNorm = 49.8625, GNorm = 0.0057, lr_0 = 1.4484e-04
Loss = 4.2055e-04, PNorm = 49.8637, GNorm = 0.1125, lr_0 = 1.4373e-04
Loss = 2.0730e-03, PNorm = 49.8654, GNorm = 0.0000, lr_0 = 1.4263e-04
Loss = 2.5857e-04, PNorm = 49.8668, GNorm = 0.0134, lr_0 = 1.4154e-04
Loss = 3.7761e-04, PNorm = 49.8679, GNorm = 0.0000, lr_0 = 1.4045e-04
Loss = 1.6099e-03, PNorm = 49.8688, GNorm = 0.0147, lr_0 = 1.3938e-04
Loss = 1.7954e-03, PNorm = 49.8695, GNorm = 0.0245, lr_0 = 1.3831e-04
Loss = 4.9990e-04, PNorm = 49.8705, GNorm = 0.0167, lr_0 = 1.3725e-04
Loss = 7.4505e-04, PNorm = 49.8718, GNorm = 0.0185, lr_0 = 1.3620e-04
Loss = 1.8845e-04, PNorm = 49.8720, GNorm = 0.0032, lr_0 = 1.3610e-04
Validation auc = 0.752422
Epoch 26
Loss = 9.9780e-04, PNorm = 49.8732, GNorm = 0.1415, lr_0 = 1.3505e-04
Loss = 6.2055e-04, PNorm = 49.8750, GNorm = 0.0017, lr_0 = 1.3402e-04
Loss = 6.9708e-03, PNorm = 49.8754, GNorm = 0.0003, lr_0 = 1.3299e-04
Loss = 9.8122e-04, PNorm = 49.8767, GNorm = 0.0005, lr_0 = 1.3198e-04
Loss = 4.6035e-04, PNorm = 49.8782, GNorm = 0.0460, lr_0 = 1.3097e-04
Loss = 8.6291e-04, PNorm = 49.8795, GNorm = 0.0002, lr_0 = 1.2996e-04
Loss = 1.9188e-04, PNorm = 49.8802, GNorm = 0.0811, lr_0 = 1.2897e-04
Loss = 3.3886e-03, PNorm = 49.8809, GNorm = 0.0086, lr_0 = 1.2798e-04
Loss = 1.5370e-03, PNorm = 49.8822, GNorm = 0.0084, lr_0 = 1.2700e-04
Loss = 1.0511e-03, PNorm = 49.8835, GNorm = 0.0001, lr_0 = 1.2603e-04
Validation auc = 0.752244
Epoch 27
Loss = 3.0353e-04, PNorm = 49.8851, GNorm = 0.0003, lr_0 = 1.2497e-04
Loss = 1.5238e-02, PNorm = 49.8836, GNorm = 0.0006, lr_0 = 1.2401e-04
Loss = 1.6224e-03, PNorm = 49.8821, GNorm = 0.1545, lr_0 = 1.2306e-04
Loss = 6.0848e-03, PNorm = 49.8827, GNorm = 0.0159, lr_0 = 1.2212e-04
Loss = 1.0261e-02, PNorm = 49.8821, GNorm = 0.0148, lr_0 = 1.2118e-04
Loss = 4.5914e-04, PNorm = 49.8827, GNorm = 0.1136, lr_0 = 1.2026e-04
Loss = 7.6664e-03, PNorm = 49.8830, GNorm = 0.0009, lr_0 = 1.1934e-04
Loss = 1.0215e-03, PNorm = 49.8831, GNorm = 0.0010, lr_0 = 1.1842e-04
Loss = 1.2198e-03, PNorm = 49.8844, GNorm = 0.1241, lr_0 = 1.1752e-04
Loss = 7.4753e-04, PNorm = 49.8858, GNorm = 0.0004, lr_0 = 1.1662e-04
Loss = 3.9089e-03, PNorm = 49.8870, GNorm = 0.0008, lr_0 = 1.1572e-04
Validation auc = 0.752862
Epoch 28
Loss = 3.4774e-03, PNorm = 49.8876, GNorm = 0.0148, lr_0 = 1.1475e-04
Loss = 1.2475e-04, PNorm = 49.8885, GNorm = 0.0014, lr_0 = 1.1387e-04
Loss = 4.3463e-03, PNorm = 49.8891, GNorm = 0.0040, lr_0 = 1.1300e-04
Loss = 3.7331e-03, PNorm = 49.8894, GNorm = 0.1669, lr_0 = 1.1213e-04
Loss = 2.6352e-03, PNorm = 49.8898, GNorm = 0.1027, lr_0 = 1.1127e-04
Loss = 6.4731e-04, PNorm = 49.8907, GNorm = 0.0095, lr_0 = 1.1042e-04
Loss = 2.1211e-03, PNorm = 49.8916, GNorm = 0.0002, lr_0 = 1.0958e-04
Loss = 8.2928e-04, PNorm = 49.8925, GNorm = 0.0001, lr_0 = 1.0874e-04
Loss = 3.8374e-03, PNorm = 49.8935, GNorm = 0.0138, lr_0 = 1.0791e-04
Loss = 3.2375e-03, PNorm = 49.8941, GNorm = 0.0004, lr_0 = 1.0708e-04
Loss = 4.7614e-03, PNorm = 49.8950, GNorm = 0.0204, lr_0 = 1.0626e-04
Validation auc = 0.749395
Epoch 29
Loss = 7.2403e-03, PNorm = 49.8963, GNorm = 0.0296, lr_0 = 1.0545e-04
Loss = 2.0724e-03, PNorm = 49.8980, GNorm = 0.0095, lr_0 = 1.0464e-04
Loss = 5.8305e-04, PNorm = 49.8992, GNorm = 0.0010, lr_0 = 1.0384e-04
Loss = 5.8035e-04, PNorm = 49.9002, GNorm = 0.0030, lr_0 = 1.0304e-04
Loss = 7.3540e-03, PNorm = 49.9007, GNorm = 0.0560, lr_0 = 1.0225e-04
Loss = 6.7571e-04, PNorm = 49.9013, GNorm = 0.0163, lr_0 = 1.0147e-04
Loss = 5.1112e-05, PNorm = 49.9019, GNorm = 0.0059, lr_0 = 1.0069e-04
Loss = 4.0092e-04, PNorm = 49.9028, GNorm = 0.0064, lr_0 = 1.0000e-04
Loss = 2.8599e-03, PNorm = 49.9042, GNorm = 0.0002, lr_0 = 1.0000e-04
Loss = 1.2944e-03, PNorm = 49.9055, GNorm = 0.0002, lr_0 = 1.0000e-04
Validation auc = 0.749766
Model 0 best validation auc = 0.800151 on epoch 1
Loading pretrained parameter "ffn.1.weight".
Loading pretrained parameter "ffn.1.bias".
Loading pretrained parameter "ffn.4.weight".
Loading pretrained parameter "ffn.4.bias".
Loading pretrained parameter "ffn.7.weight".
Loading pretrained parameter "ffn.7.bias".
Loading pretrained parameter "ffn.10.weight".
Loading pretrained parameter "ffn.10.bias".
Model 0 test auc = 0.683683
Ensemble test auc = 0.683683
Fold 2
Splitting data with seed 2
Total scaffolds = 4,180 | train scaffolds = 3,157 | val scaffolds = 507 | test scaffolds = 516
Label averages per scaffold, in decreasing order of scaffold frequency,capped at 10 scaffolds and 20 labels:
Scaffold 0
Task 0: count = 468 | target average = 0.019231
Task 1: count = 468 | target average = 0.014957


Scaffold 1
Task 0: count = 383 | target average = 0.007833
Task 1: count = 383 | target average = 0.013055


Scaffold 2
Task 0: count = 44 | target average = 0.000000
Task 1: count = 44 | target average = 0.000000


Scaffold 3
Task 0: count = 35 | target average = 0.000000
Task 1: count = 35 | target average = 0.000000


Scaffold 4
Task 0: count = 34 | target average = 0.000000
Task 1: count = 34 | target average = 0.000000


Scaffold 5
Task 0: count = 30 | target average = 0.000000
Task 1: count = 30 | target average = 0.000000


Scaffold 6
Task 0: count = 28 | target average = 0.000000
Task 1: count = 28 | target average = 0.000000


Scaffold 7
Task 0: count = 27 | target average = 0.074074
Task 1: count = 27 | target average = 0.074074


Scaffold 8
Task 0: count = 25 | target average = 0.040000
Task 1: count = 25 | target average = 0.000000


Scaffold 9
Task 0: count = 23 | target average = 0.000000
Task 1: count = 23 | target average = 0.000000


Class sizes
hit_inh 0: 97.79%, 1: 2.21%
hit_kill 0: 98.75%, 1: 1.25%
Total size = 6,708 | train size = 5,366 | val size = 670 | test size = 672
Building model 0
MoleculeModel(
  (sigmoid): Sigmoid()
  (encoder): MPN()
  (ffn): Sequential(
    (0): Dropout(p=0.3, inplace=False)
    (1): Linear(in_features=2048, out_features=500, bias=True)
    (2): ReLU()
    (3): Dropout(p=0.3, inplace=False)
    (4): Linear(in_features=500, out_features=500, bias=True)
    (5): ReLU()
    (6): Dropout(p=0.3, inplace=False)
    (7): Linear(in_features=500, out_features=500, bias=True)
    (8): ReLU()
    (9): Dropout(p=0.3, inplace=False)
    (10): Linear(in_features=500, out_features=2, bias=True)
  )
)
Number of parameters = 1,526,502
Epoch 0
Loss = 5.3703e-01, PNorm = 42.5819, GNorm = 0.8648, lr_0 = 1.4626e-04
Loss = 2.6732e-01, PNorm = 42.6159, GNorm = 0.5172, lr_0 = 1.8832e-04
Loss = 1.2222e-01, PNorm = 42.6610, GNorm = 0.1581, lr_0 = 2.3037e-04
Loss = 5.2075e-02, PNorm = 42.6943, GNorm = 0.0631, lr_0 = 2.7243e-04
Loss = 8.6962e-02, PNorm = 42.7061, GNorm = 0.3602, lr_0 = 3.1449e-04
Loss = 1.5299e-01, PNorm = 42.6930, GNorm = 0.1289, lr_0 = 3.5654e-04
Loss = 9.0706e-02, PNorm = 42.6920, GNorm = 0.2282, lr_0 = 3.9860e-04
Loss = 9.1719e-02, PNorm = 42.7165, GNorm = 0.1617, lr_0 = 4.4065e-04
Loss = 1.1097e-01, PNorm = 42.7445, GNorm = 0.2560, lr_0 = 4.8271e-04
Loss = 1.3681e-01, PNorm = 42.7730, GNorm = 0.3523, lr_0 = 5.2477e-04
Validation auc = 0.609438
Epoch 1
Loss = 4.6589e-02, PNorm = 42.8383, GNorm = 0.1621, lr_0 = 5.7103e-04
Loss = 6.3745e-02, PNorm = 42.9100, GNorm = 0.4365, lr_0 = 6.1308e-04
Loss = 7.0953e-02, PNorm = 42.9611, GNorm = 0.1183, lr_0 = 6.5514e-04
Loss = 5.6182e-02, PNorm = 43.0285, GNorm = 0.3617, lr_0 = 6.9720e-04
Loss = 6.5965e-02, PNorm = 43.0960, GNorm = 0.3087, lr_0 = 7.3925e-04
Loss = 6.0097e-02, PNorm = 43.1833, GNorm = 0.1389, lr_0 = 7.8131e-04
Loss = 5.5477e-02, PNorm = 43.2852, GNorm = 0.2613, lr_0 = 8.2336e-04
Loss = 3.1304e-02, PNorm = 43.3897, GNorm = 0.2567, lr_0 = 8.6542e-04
Loss = 7.0106e-02, PNorm = 43.4754, GNorm = 0.1039, lr_0 = 9.0748e-04
Loss = 9.8247e-02, PNorm = 43.6092, GNorm = 0.2880, lr_0 = 9.4953e-04
Loss = 5.0468e-02, PNorm = 43.8339, GNorm = 0.2628, lr_0 = 9.9159e-04
Validation auc = 0.677635
Epoch 2
Loss = 5.1705e-02, PNorm = 44.0097, GNorm = 0.1934, lr_0 = 9.9311e-04
Loss = 5.3027e-02, PNorm = 44.2365, GNorm = 0.3214, lr_0 = 9.8550e-04
Loss = 4.3108e-02, PNorm = 44.4212, GNorm = 0.1972, lr_0 = 9.7796e-04
Loss = 5.4734e-02, PNorm = 44.5485, GNorm = 0.2389, lr_0 = 9.7047e-04
Loss = 4.1309e-02, PNorm = 44.6819, GNorm = 0.4020, lr_0 = 9.6304e-04
Loss = 3.4416e-02, PNorm = 44.7940, GNorm = 0.4642, lr_0 = 9.5567e-04
Loss = 3.4706e-02, PNorm = 44.8992, GNorm = 0.0750, lr_0 = 9.4835e-04
Loss = 6.2308e-02, PNorm = 45.0076, GNorm = 0.3132, lr_0 = 9.4109e-04
Loss = 3.2391e-02, PNorm = 45.1208, GNorm = 0.0845, lr_0 = 9.3389e-04
Loss = 6.8888e-02, PNorm = 45.2149, GNorm = 0.2396, lr_0 = 9.2674e-04
Loss = 5.8813e-02, PNorm = 45.3646, GNorm = 0.1298, lr_0 = 9.1964e-04
Validation auc = 0.689278
Epoch 3
Loss = 4.9922e-02, PNorm = 45.5232, GNorm = 0.3216, lr_0 = 9.1190e-04
Loss = 1.4341e-02, PNorm = 45.6230, GNorm = 0.0139, lr_0 = 9.0492e-04
Loss = 2.8649e-02, PNorm = 45.7179, GNorm = 0.1430, lr_0 = 8.9799e-04
Loss = 1.7181e-02, PNorm = 45.8127, GNorm = 0.0792, lr_0 = 8.9111e-04
Loss = 1.9163e-02, PNorm = 45.8944, GNorm = 0.3611, lr_0 = 8.8429e-04
Loss = 4.4518e-02, PNorm = 45.9574, GNorm = 0.1793, lr_0 = 8.7752e-04
Loss = 3.4102e-02, PNorm = 46.0711, GNorm = 0.2178, lr_0 = 8.7080e-04
Loss = 2.4203e-02, PNorm = 46.1782, GNorm = 0.0847, lr_0 = 8.6414e-04
Loss = 3.4402e-02, PNorm = 46.2577, GNorm = 0.2765, lr_0 = 8.5752e-04
Loss = 2.9990e-02, PNorm = 46.3573, GNorm = 0.1098, lr_0 = 8.5095e-04
Validation auc = 0.682940
Epoch 4
Loss = 1.3296e-03, PNorm = 46.4332, GNorm = 0.0197, lr_0 = 8.4444e-04
Loss = 2.1548e-02, PNorm = 46.5004, GNorm = 0.1677, lr_0 = 8.3797e-04
Loss = 2.3274e-02, PNorm = 46.5815, GNorm = 0.5899, lr_0 = 8.3156e-04
Loss = 1.1044e-02, PNorm = 46.6518, GNorm = 0.1174, lr_0 = 8.2519e-04
Loss = 2.5028e-02, PNorm = 46.7114, GNorm = 0.1926, lr_0 = 8.1888e-04
Loss = 8.7824e-03, PNorm = 46.7678, GNorm = 0.0402, lr_0 = 8.1261e-04
Loss = 2.5671e-02, PNorm = 46.8138, GNorm = 0.4137, lr_0 = 8.0638e-04
Loss = 1.3891e-02, PNorm = 46.8760, GNorm = 0.5281, lr_0 = 8.0021e-04
Loss = 1.8547e-02, PNorm = 46.9378, GNorm = 0.2110, lr_0 = 7.9408e-04
Loss = 3.5029e-02, PNorm = 46.9838, GNorm = 0.1173, lr_0 = 7.8800e-04
Loss = 3.7290e-02, PNorm = 47.0589, GNorm = 0.1348, lr_0 = 7.8197e-04
Validation auc = 0.696025
Epoch 5
Loss = 1.4746e-02, PNorm = 47.1470, GNorm = 0.4063, lr_0 = 7.7539e-04
Loss = 1.2248e-02, PNorm = 47.2318, GNorm = 0.0246, lr_0 = 7.6945e-04
Loss = 2.3830e-02, PNorm = 47.2954, GNorm = 0.1477, lr_0 = 7.6356e-04
Loss = 6.9707e-03, PNorm = 47.3629, GNorm = 0.0414, lr_0 = 7.5772e-04
Loss = 1.4209e-02, PNorm = 47.4177, GNorm = 0.0776, lr_0 = 7.5191e-04
Loss = 1.1636e-02, PNorm = 47.4599, GNorm = 0.0408, lr_0 = 7.4616e-04
Loss = 1.3842e-02, PNorm = 47.4944, GNorm = 0.0862, lr_0 = 7.4044e-04
Loss = 1.0723e-02, PNorm = 47.5346, GNorm = 0.0135, lr_0 = 7.3478e-04
Loss = 2.5457e-02, PNorm = 47.5729, GNorm = 0.0043, lr_0 = 7.2915e-04
Loss = 1.1548e-02, PNorm = 47.6091, GNorm = 0.1334, lr_0 = 7.2357e-04
Loss = 2.3830e-02, PNorm = 47.6484, GNorm = 0.2451, lr_0 = 7.1803e-04
Validation auc = 0.706857
Epoch 6
Loss = 1.2636e-02, PNorm = 47.6896, GNorm = 0.0389, lr_0 = 7.1198e-04
Loss = 9.5470e-03, PNorm = 47.7294, GNorm = 0.0991, lr_0 = 7.0653e-04
Loss = 3.8058e-03, PNorm = 47.7674, GNorm = 0.0608, lr_0 = 7.0112e-04
Loss = 1.9925e-02, PNorm = 47.7963, GNorm = 0.0017, lr_0 = 6.9576e-04
Loss = 1.3685e-02, PNorm = 47.8317, GNorm = 0.5793, lr_0 = 6.9043e-04
Loss = 5.5511e-03, PNorm = 47.8686, GNorm = 0.0962, lr_0 = 6.8514e-04
Loss = 6.9439e-03, PNorm = 47.9050, GNorm = 0.0644, lr_0 = 6.7990e-04
Loss = 1.1421e-02, PNorm = 47.9390, GNorm = 0.3545, lr_0 = 6.7469e-04
Loss = 7.3334e-03, PNorm = 47.9692, GNorm = 0.4304, lr_0 = 6.6953e-04
Loss = 1.0218e-02, PNorm = 48.0025, GNorm = 0.0483, lr_0 = 6.6440e-04
Loss = 1.7532e-02, PNorm = 48.0307, GNorm = 0.0166, lr_0 = 6.5931e-04
Validation auc = 0.687002
Epoch 7
Loss = 3.2310e-03, PNorm = 48.0562, GNorm = 0.0366, lr_0 = 6.5427e-04
Loss = 4.3138e-03, PNorm = 48.0777, GNorm = 0.1534, lr_0 = 6.4926e-04
Loss = 1.0050e-02, PNorm = 48.0936, GNorm = 0.0521, lr_0 = 6.4429e-04
Loss = 9.4002e-03, PNorm = 48.1131, GNorm = 0.0092, lr_0 = 6.3935e-04
Loss = 3.4601e-03, PNorm = 48.1367, GNorm = 0.0797, lr_0 = 6.3446e-04
Loss = 1.2765e-02, PNorm = 48.1565, GNorm = 0.2190, lr_0 = 6.2960e-04
Loss = 9.0729e-03, PNorm = 48.1768, GNorm = 0.0296, lr_0 = 6.2478e-04
Loss = 2.0563e-02, PNorm = 48.2010, GNorm = 0.5466, lr_0 = 6.2000e-04
Loss = 1.0013e-02, PNorm = 48.2223, GNorm = 0.1838, lr_0 = 6.1525e-04
Loss = 1.1116e-02, PNorm = 48.2453, GNorm = 0.0854, lr_0 = 6.1054e-04
Validation auc = 0.680679
Epoch 8
Loss = 5.1463e-03, PNorm = 48.2727, GNorm = 0.0799, lr_0 = 6.0540e-04
Loss = 4.1505e-03, PNorm = 48.3012, GNorm = 0.0824, lr_0 = 6.0077e-04
Loss = 4.7571e-03, PNorm = 48.3300, GNorm = 0.0946, lr_0 = 5.9617e-04
Loss = 6.6163e-03, PNorm = 48.3516, GNorm = 0.4207, lr_0 = 5.9160e-04
Loss = 1.3084e-02, PNorm = 48.3710, GNorm = 0.0217, lr_0 = 5.8707e-04
Loss = 5.8882e-03, PNorm = 48.3937, GNorm = 0.2380, lr_0 = 5.8258e-04
Loss = 3.7030e-03, PNorm = 48.4112, GNorm = 0.0327, lr_0 = 5.7812e-04
Loss = 2.9687e-03, PNorm = 48.4296, GNorm = 0.0164, lr_0 = 5.7369e-04
Loss = 4.9214e-03, PNorm = 48.4467, GNorm = 0.0546, lr_0 = 5.6930e-04
Loss = 7.0872e-03, PNorm = 48.4646, GNorm = 0.0094, lr_0 = 5.6494e-04
Loss = 1.3363e-02, PNorm = 48.4773, GNorm = 0.1815, lr_0 = 5.6062e-04
Validation auc = 0.679336
Epoch 9
Loss = 1.4369e-02, PNorm = 48.4948, GNorm = 0.4442, lr_0 = 5.5590e-04
Loss = 3.3798e-03, PNorm = 48.5077, GNorm = 0.0681, lr_0 = 5.5164e-04
Loss = 6.9664e-03, PNorm = 48.5194, GNorm = 0.0176, lr_0 = 5.4742e-04
Loss = 3.9142e-03, PNorm = 48.5342, GNorm = 0.0122, lr_0 = 5.4323e-04
Loss = 1.7678e-02, PNorm = 48.5486, GNorm = 0.1030, lr_0 = 5.3907e-04
Loss = 1.0578e-02, PNorm = 48.5804, GNorm = 0.0519, lr_0 = 5.3494e-04
Loss = 1.1409e-02, PNorm = 48.6098, GNorm = 0.0980, lr_0 = 5.3084e-04
Loss = 9.9749e-03, PNorm = 48.6333, GNorm = 0.0047, lr_0 = 5.2678e-04
Loss = 9.3752e-03, PNorm = 48.6505, GNorm = 0.0020, lr_0 = 5.2275e-04
Loss = 3.2101e-03, PNorm = 48.6644, GNorm = 0.0696, lr_0 = 5.1874e-04
Loss = 1.2732e-02, PNorm = 48.6741, GNorm = 0.0146, lr_0 = 5.1477e-04
Validation auc = 0.689149
Epoch 10
Loss = 4.8937e-03, PNorm = 48.6844, GNorm = 0.1439, lr_0 = 5.1083e-04
Loss = 8.1723e-03, PNorm = 48.7032, GNorm = 0.0058, lr_0 = 5.0692e-04
Loss = 1.0535e-02, PNorm = 48.7226, GNorm = 0.0986, lr_0 = 5.0304e-04
Loss = 6.8872e-03, PNorm = 48.7419, GNorm = 0.0150, lr_0 = 4.9919e-04
Loss = 8.1576e-03, PNorm = 48.7594, GNorm = 0.1324, lr_0 = 4.9537e-04
Loss = 6.4791e-03, PNorm = 48.7730, GNorm = 0.0216, lr_0 = 4.9157e-04
Loss = 4.9149e-03, PNorm = 48.7862, GNorm = 0.0952, lr_0 = 4.8781e-04
Loss = 2.6700e-03, PNorm = 48.8019, GNorm = 0.0784, lr_0 = 4.8408e-04
Loss = 8.3299e-03, PNorm = 48.8168, GNorm = 0.1662, lr_0 = 4.8037e-04
Loss = 2.2815e-03, PNorm = 48.8320, GNorm = 0.0000, lr_0 = 4.7669e-04
Loss = 7.1229e-03, PNorm = 48.8446, GNorm = 0.0006, lr_0 = 4.7304e-04
Loss = 1.2297e-04, PNorm = 48.8458, GNorm = 0.0060, lr_0 = 4.7268e-04
Validation auc = 0.690005
Epoch 11
Loss = 3.7898e-03, PNorm = 48.8578, GNorm = 0.0684, lr_0 = 4.6906e-04
Loss = 4.0235e-03, PNorm = 48.8727, GNorm = 0.2315, lr_0 = 4.6547e-04
Loss = 9.4869e-03, PNorm = 48.8811, GNorm = 0.0174, lr_0 = 4.6191e-04
Loss = 7.2684e-04, PNorm = 48.8900, GNorm = 0.0017, lr_0 = 4.5837e-04
Loss = 1.9174e-03, PNorm = 48.8982, GNorm = 0.0173, lr_0 = 4.5486e-04
Loss = 2.6054e-03, PNorm = 48.9079, GNorm = 0.0507, lr_0 = 4.5138e-04
Loss = 1.6094e-03, PNorm = 48.9165, GNorm = 0.0087, lr_0 = 4.4792e-04
Loss = 3.2496e-03, PNorm = 48.9270, GNorm = 0.3140, lr_0 = 4.4449e-04
Loss = 3.9172e-03, PNorm = 48.9357, GNorm = 0.0000, lr_0 = 4.4109e-04
Loss = 6.7431e-03, PNorm = 48.9414, GNorm = 0.1490, lr_0 = 4.3771e-04
Validation auc = 0.689611
Epoch 12
Loss = 1.4842e-03, PNorm = 48.9472, GNorm = 0.0005, lr_0 = 4.3403e-04
Loss = 5.3630e-03, PNorm = 48.9555, GNorm = 0.0011, lr_0 = 4.3070e-04
Loss = 7.7402e-03, PNorm = 48.9635, GNorm = 0.6211, lr_0 = 4.2741e-04
Loss = 4.2607e-04, PNorm = 48.9664, GNorm = 0.0013, lr_0 = 4.2413e-04
Loss = 2.7801e-03, PNorm = 48.9692, GNorm = 0.0086, lr_0 = 4.2089e-04
Loss = 6.7592e-03, PNorm = 48.9777, GNorm = 0.3795, lr_0 = 4.1766e-04
Loss = 3.8335e-03, PNorm = 48.9878, GNorm = 0.3199, lr_0 = 4.1447e-04
Loss = 1.0042e-02, PNorm = 49.0015, GNorm = 0.0129, lr_0 = 4.1129e-04
Loss = 6.7037e-03, PNorm = 49.0161, GNorm = 0.1669, lr_0 = 4.0814e-04
Loss = 8.4453e-03, PNorm = 49.0265, GNorm = 0.1566, lr_0 = 4.0502e-04
Loss = 1.6919e-03, PNorm = 49.0343, GNorm = 0.0727, lr_0 = 4.0192e-04
Validation auc = 0.684980
Epoch 13
Loss = 7.1205e-03, PNorm = 49.0418, GNorm = 0.0005, lr_0 = 3.9884e-04
Loss = 5.0445e-03, PNorm = 49.0476, GNorm = 0.2457, lr_0 = 3.9579e-04
Loss = 5.8851e-04, PNorm = 49.0515, GNorm = 0.0021, lr_0 = 3.9276e-04
Loss = 3.6661e-03, PNorm = 49.0554, GNorm = 0.0059, lr_0 = 3.8975e-04
Loss = 4.2093e-03, PNorm = 49.0595, GNorm = 0.2545, lr_0 = 3.8677e-04
Loss = 6.4710e-04, PNorm = 49.0663, GNorm = 0.0747, lr_0 = 3.8381e-04
Loss = 4.4456e-03, PNorm = 49.0712, GNorm = 0.0006, lr_0 = 3.8087e-04
Loss = 3.1422e-03, PNorm = 49.0757, GNorm = 0.1840, lr_0 = 3.7795e-04
Loss = 7.5955e-03, PNorm = 49.0850, GNorm = 0.0065, lr_0 = 3.7506e-04
Loss = 4.0685e-03, PNorm = 49.0947, GNorm = 0.0000, lr_0 = 3.7219e-04
Loss = 5.4444e-03, PNorm = 49.1025, GNorm = 0.2191, lr_0 = 3.6934e-04
Validation auc = 0.681003
Epoch 14
Loss = 2.5311e-03, PNorm = 49.1109, GNorm = 0.0487, lr_0 = 3.6623e-04
Loss = 2.2559e-03, PNorm = 49.1198, GNorm = 0.0007, lr_0 = 3.6342e-04
Loss = 1.0801e-03, PNorm = 49.1261, GNorm = 0.0012, lr_0 = 3.6064e-04
Loss = 2.6809e-03, PNorm = 49.1311, GNorm = 0.3107, lr_0 = 3.5788e-04
Loss = 4.6536e-03, PNorm = 49.1361, GNorm = 0.0137, lr_0 = 3.5514e-04
Loss = 1.3179e-03, PNorm = 49.1415, GNorm = 0.0431, lr_0 = 3.5242e-04
Loss = 1.4336e-03, PNorm = 49.1483, GNorm = 0.0430, lr_0 = 3.4972e-04
Loss = 5.9911e-03, PNorm = 49.1514, GNorm = 0.0002, lr_0 = 3.4705e-04
Loss = 4.7010e-03, PNorm = 49.1547, GNorm = 0.0018, lr_0 = 3.4439e-04
Loss = 5.3446e-03, PNorm = 49.1564, GNorm = 0.0234, lr_0 = 3.4175e-04
Validation auc = 0.680295
Epoch 15
Loss = 2.3654e-03, PNorm = 49.1575, GNorm = 0.0914, lr_0 = 3.3888e-04
Loss = 2.7124e-03, PNorm = 49.1640, GNorm = 0.0740, lr_0 = 3.3628e-04
Loss = 8.7923e-03, PNorm = 49.1683, GNorm = 0.0006, lr_0 = 3.3371e-04
Loss = 2.5238e-03, PNorm = 49.1728, GNorm = 0.0005, lr_0 = 3.3115e-04
Loss = 7.8125e-04, PNorm = 49.1771, GNorm = 0.0174, lr_0 = 3.2862e-04
Loss = 1.0006e-02, PNorm = 49.1828, GNorm = 0.6271, lr_0 = 3.2610e-04
Loss = 5.4625e-03, PNorm = 49.1881, GNorm = 0.0001, lr_0 = 3.2360e-04
Loss = 7.5677e-03, PNorm = 49.1941, GNorm = 0.1826, lr_0 = 3.2113e-04
Loss = 7.3420e-03, PNorm = 49.2006, GNorm = 0.0011, lr_0 = 3.1867e-04
Loss = 4.0886e-04, PNorm = 49.2047, GNorm = 0.0004, lr_0 = 3.1623e-04
Loss = 1.5780e-03, PNorm = 49.2087, GNorm = 0.0002, lr_0 = 3.1381e-04
Validation auc = 0.685017
Epoch 16
Loss = 1.7124e-03, PNorm = 49.2132, GNorm = 0.0019, lr_0 = 3.1140e-04
Loss = 8.6611e-04, PNorm = 49.2172, GNorm = 0.0126, lr_0 = 3.0902e-04
Loss = 5.1476e-04, PNorm = 49.2203, GNorm = 0.0112, lr_0 = 3.0665e-04
Loss = 1.4152e-03, PNorm = 49.2248, GNorm = 0.0083, lr_0 = 3.0431e-04
Loss = 1.6631e-03, PNorm = 49.2298, GNorm = 0.0065, lr_0 = 3.0198e-04
Loss = 4.6694e-03, PNorm = 49.2336, GNorm = 0.0062, lr_0 = 2.9966e-04
Loss = 5.8420e-03, PNorm = 49.2371, GNorm = 0.0100, lr_0 = 2.9737e-04
Loss = 1.2953e-03, PNorm = 49.2421, GNorm = 0.0032, lr_0 = 2.9509e-04
Loss = 9.0510e-04, PNorm = 49.2469, GNorm = 0.0007, lr_0 = 2.9283e-04
Loss = 2.5332e-03, PNorm = 49.2512, GNorm = 0.0440, lr_0 = 2.9059e-04
Loss = 3.5471e-03, PNorm = 49.2557, GNorm = 0.0008, lr_0 = 2.8837e-04
Validation auc = 0.682652
Epoch 17
Loss = 4.7878e-03, PNorm = 49.2592, GNorm = 0.0490, lr_0 = 2.8594e-04
Loss = 3.3473e-03, PNorm = 49.2621, GNorm = 0.1004, lr_0 = 2.8375e-04
Loss = 2.5148e-03, PNorm = 49.2672, GNorm = 0.0002, lr_0 = 2.8158e-04
Loss = 1.6983e-03, PNorm = 49.2713, GNorm = 0.0023, lr_0 = 2.7942e-04
Loss = 7.0816e-04, PNorm = 49.2750, GNorm = 0.0644, lr_0 = 2.7728e-04
Loss = 1.0484e-04, PNorm = 49.2777, GNorm = 0.0030, lr_0 = 2.7516e-04
Loss = 3.2859e-03, PNorm = 49.2800, GNorm = 0.1572, lr_0 = 2.7305e-04
Loss = 1.7387e-03, PNorm = 49.2837, GNorm = 0.1240, lr_0 = 2.7096e-04
Loss = 4.7815e-03, PNorm = 49.2868, GNorm = 0.5497, lr_0 = 2.6889e-04
Loss = 2.4715e-03, PNorm = 49.2896, GNorm = 0.0004, lr_0 = 2.6683e-04
Loss = 4.6002e-03, PNorm = 49.2928, GNorm = 0.3012, lr_0 = 2.6479e-04
Validation auc = 0.680495
Epoch 18
Loss = 3.1050e-04, PNorm = 49.2948, GNorm = 0.0122, lr_0 = 2.6256e-04
Loss = 1.1351e-03, PNorm = 49.2965, GNorm = 0.0186, lr_0 = 2.6055e-04
Loss = 4.8548e-03, PNorm = 49.3000, GNorm = 0.0664, lr_0 = 2.5855e-04
Loss = 9.0986e-04, PNorm = 49.3035, GNorm = 0.0721, lr_0 = 2.5657e-04
Loss = 1.4490e-03, PNorm = 49.3075, GNorm = 0.0049, lr_0 = 2.5461e-04
Loss = 3.3206e-04, PNorm = 49.3107, GNorm = 0.0310, lr_0 = 2.5266e-04
Loss = 5.9365e-04, PNorm = 49.3132, GNorm = 0.0489, lr_0 = 2.5073e-04
Loss = 1.6271e-04, PNorm = 49.3152, GNorm = 0.0062, lr_0 = 2.4881e-04
Loss = 4.3481e-03, PNorm = 49.3157, GNorm = 0.0047, lr_0 = 2.4690e-04
Loss = 4.0977e-03, PNorm = 49.3173, GNorm = 0.0636, lr_0 = 2.4501e-04
Validation auc = 0.678952
Epoch 19
Loss = 4.8430e-05, PNorm = 49.3206, GNorm = 0.0027, lr_0 = 2.4314e-04
Loss = 2.5647e-03, PNorm = 49.3237, GNorm = 0.0247, lr_0 = 2.4127e-04
Loss = 5.2210e-03, PNorm = 49.3274, GNorm = 0.0082, lr_0 = 2.3943e-04
Loss = 1.7021e-03, PNorm = 49.3312, GNorm = 0.0383, lr_0 = 2.3759e-04
Loss = 1.1538e-03, PNorm = 49.3344, GNorm = 0.0037, lr_0 = 2.3577e-04
Loss = 2.1845e-03, PNorm = 49.3373, GNorm = 0.3204, lr_0 = 2.3397e-04
Loss = 1.3214e-03, PNorm = 49.3400, GNorm = 0.0000, lr_0 = 2.3218e-04
Loss = 7.7786e-03, PNorm = 49.3434, GNorm = 0.2641, lr_0 = 2.3040e-04
Loss = 1.1879e-03, PNorm = 49.3472, GNorm = 0.0103, lr_0 = 2.2864e-04
Loss = 2.0453e-03, PNorm = 49.3509, GNorm = 0.0111, lr_0 = 2.2689e-04
Loss = 3.3675e-04, PNorm = 49.3542, GNorm = 0.0011, lr_0 = 2.2515e-04
Validation auc = 0.680565
Epoch 20
Loss = 3.5106e-04, PNorm = 49.3532, GNorm = 0.0038, lr_0 = 2.2325e-04
Loss = 2.2724e-03, PNorm = 49.3552, GNorm = 0.0349, lr_0 = 2.2154e-04
Loss = 3.6321e-04, PNorm = 49.3588, GNorm = 0.0015, lr_0 = 2.1985e-04
Loss = 1.7404e-03, PNorm = 49.3624, GNorm = 0.0296, lr_0 = 2.1816e-04
Loss = 3.2269e-03, PNorm = 49.3650, GNorm = 0.0145, lr_0 = 2.1649e-04
Loss = 3.1223e-03, PNorm = 49.3682, GNorm = 0.2282, lr_0 = 2.1484e-04
Loss = 7.5988e-04, PNorm = 49.3710, GNorm = 0.1418, lr_0 = 2.1319e-04
Loss = 2.3405e-03, PNorm = 49.3743, GNorm = 0.0033, lr_0 = 2.1156e-04
Loss = 1.8652e-03, PNorm = 49.3771, GNorm = 0.0115, lr_0 = 2.0994e-04
Loss = 6.5445e-03, PNorm = 49.3791, GNorm = 0.0004, lr_0 = 2.0833e-04
Loss = 1.9592e-03, PNorm = 49.3804, GNorm = 0.0540, lr_0 = 2.0674e-04
Validation auc = 0.679077
Epoch 21
Loss = 5.6703e-04, PNorm = 49.3835, GNorm = 0.0007, lr_0 = 2.0500e-04
Loss = 7.7638e-04, PNorm = 49.3865, GNorm = 0.0018, lr_0 = 2.0343e-04
Loss = 4.4316e-03, PNorm = 49.3894, GNorm = 0.0034, lr_0 = 2.0187e-04
Loss = 1.0479e-03, PNorm = 49.3918, GNorm = 0.1083, lr_0 = 2.0033e-04
Loss = 6.2430e-04, PNorm = 49.3941, GNorm = 0.0000, lr_0 = 1.9879e-04
Loss = 2.0811e-03, PNorm = 49.3958, GNorm = 0.0002, lr_0 = 1.9727e-04
Loss = 1.5889e-03, PNorm = 49.3977, GNorm = 0.0266, lr_0 = 1.9576e-04
Loss = 1.1302e-03, PNorm = 49.3995, GNorm = 0.0026, lr_0 = 1.9426e-04
Loss = 2.7713e-03, PNorm = 49.4024, GNorm = 0.0297, lr_0 = 1.9277e-04
Loss = 9.0299e-05, PNorm = 49.4045, GNorm = 0.0002, lr_0 = 1.9130e-04
Loss = 2.4949e-03, PNorm = 49.4068, GNorm = 0.0494, lr_0 = 1.8983e-04
Validation auc = 0.678802
Epoch 22
Loss = 2.2325e-03, PNorm = 49.4096, GNorm = 0.0065, lr_0 = 1.8838e-04
Loss = 3.2622e-04, PNorm = 49.4116, GNorm = 0.0045, lr_0 = 1.8694e-04
Loss = 2.5765e-03, PNorm = 49.4131, GNorm = 0.0034, lr_0 = 1.8551e-04
Loss = 1.5443e-04, PNorm = 49.4151, GNorm = 0.0098, lr_0 = 1.8409e-04
Loss = 5.4543e-03, PNorm = 49.4169, GNorm = 0.3420, lr_0 = 1.8268e-04
Loss = 9.8564e-04, PNorm = 49.4182, GNorm = 0.0000, lr_0 = 1.8128e-04
Loss = 1.1490e-03, PNorm = 49.4196, GNorm = 0.0023, lr_0 = 1.7989e-04
Loss = 6.0139e-03, PNorm = 49.4216, GNorm = 0.5288, lr_0 = 1.7851e-04
Loss = 1.8183e-02, PNorm = 49.4208, GNorm = 0.0001, lr_0 = 1.7715e-04
Loss = 1.9199e-03, PNorm = 49.4215, GNorm = 0.0000, lr_0 = 1.7579e-04
Validation auc = 0.678460
Epoch 23
Loss = 2.0589e-03, PNorm = 49.4234, GNorm = 0.0702, lr_0 = 1.7431e-04
Loss = 7.3925e-03, PNorm = 49.4246, GNorm = 0.0066, lr_0 = 1.7298e-04
Loss = 1.4282e-03, PNorm = 49.4259, GNorm = 0.0003, lr_0 = 1.7165e-04
Loss = 1.5342e-03, PNorm = 49.4272, GNorm = 0.1465, lr_0 = 1.7034e-04
Loss = 5.2911e-04, PNorm = 49.4289, GNorm = 0.0000, lr_0 = 1.6903e-04
Loss = 1.4622e-03, PNorm = 49.4313, GNorm = 0.0643, lr_0 = 1.6774e-04
Loss = 2.7682e-03, PNorm = 49.4332, GNorm = 0.0063, lr_0 = 1.6645e-04
Loss = 1.6025e-03, PNorm = 49.4354, GNorm = 0.0050, lr_0 = 1.6518e-04
Loss = 9.3593e-03, PNorm = 49.4361, GNorm = 0.1921, lr_0 = 1.6392e-04
Loss = 2.4107e-03, PNorm = 49.4387, GNorm = 0.0002, lr_0 = 1.6266e-04
Loss = 7.6057e-03, PNorm = 49.4401, GNorm = 0.0016, lr_0 = 1.6142e-04
Validation auc = 0.678607
Epoch 24
Loss = 5.6297e-03, PNorm = 49.4419, GNorm = 0.0020, lr_0 = 1.6006e-04
Loss = 6.4494e-03, PNorm = 49.4431, GNorm = 0.0014, lr_0 = 1.5883e-04
Loss = 2.8190e-03, PNorm = 49.4448, GNorm = 0.0020, lr_0 = 1.5761e-04
Loss = 1.3335e-03, PNorm = 49.4473, GNorm = 0.0017, lr_0 = 1.5641e-04
Loss = 5.7789e-04, PNorm = 49.4500, GNorm = 0.0084, lr_0 = 1.5521e-04
Loss = 6.3824e-04, PNorm = 49.4528, GNorm = 0.0001, lr_0 = 1.5402e-04
Loss = 1.9310e-03, PNorm = 49.4554, GNorm = 0.0163, lr_0 = 1.5284e-04
Loss = 3.4053e-03, PNorm = 49.4580, GNorm = 0.2251, lr_0 = 1.5167e-04
Loss = 7.3103e-03, PNorm = 49.4603, GNorm = 0.0506, lr_0 = 1.5051e-04
Loss = 6.5671e-04, PNorm = 49.4629, GNorm = 0.0079, lr_0 = 1.4936e-04
Loss = 6.2124e-04, PNorm = 49.4652, GNorm = 0.0006, lr_0 = 1.4822e-04
Validation auc = 0.673010
Epoch 25
Loss = 1.3921e-03, PNorm = 49.4670, GNorm = 0.0004, lr_0 = 1.4708e-04
Loss = 3.2345e-03, PNorm = 49.4673, GNorm = 0.0260, lr_0 = 1.4595e-04
Loss = 1.5235e-03, PNorm = 49.4680, GNorm = 0.0012, lr_0 = 1.4484e-04
Loss = 2.9762e-03, PNorm = 49.4691, GNorm = 0.0395, lr_0 = 1.4373e-04
Loss = 4.6175e-04, PNorm = 49.4704, GNorm = 0.0001, lr_0 = 1.4263e-04
Loss = 3.2245e-03, PNorm = 49.4712, GNorm = 0.0098, lr_0 = 1.4154e-04
Loss = 2.2865e-03, PNorm = 49.4721, GNorm = 0.1750, lr_0 = 1.4045e-04
Loss = 1.5853e-03, PNorm = 49.4743, GNorm = 0.0022, lr_0 = 1.3938e-04
Loss = 4.9353e-04, PNorm = 49.4760, GNorm = 0.0800, lr_0 = 1.3831e-04
Loss = 6.6306e-03, PNorm = 49.4767, GNorm = 0.0413, lr_0 = 1.3725e-04
Loss = 5.3044e-03, PNorm = 49.4758, GNorm = 0.0342, lr_0 = 1.3620e-04
Loss = 5.9655e-04, PNorm = 49.4758, GNorm = 0.0360, lr_0 = 1.3610e-04
Validation auc = 0.674236
Epoch 26
Loss = 1.4788e-03, PNorm = 49.4768, GNorm = 0.0001, lr_0 = 1.3505e-04
Loss = 1.6168e-04, PNorm = 49.4779, GNorm = 0.0008, lr_0 = 1.3402e-04
Loss = 3.2512e-03, PNorm = 49.4791, GNorm = 0.7401, lr_0 = 1.3299e-04
Loss = 1.0138e-03, PNorm = 49.4801, GNorm = 0.0850, lr_0 = 1.3198e-04
Loss = 3.7765e-04, PNorm = 49.4820, GNorm = 0.0776, lr_0 = 1.3097e-04
Loss = 2.8991e-04, PNorm = 49.4834, GNorm = 0.0269, lr_0 = 1.2996e-04
Loss = 1.0790e-03, PNorm = 49.4845, GNorm = 0.0035, lr_0 = 1.2897e-04
Loss = 3.6551e-03, PNorm = 49.4859, GNorm = 0.0542, lr_0 = 1.2798e-04
Loss = 3.7603e-04, PNorm = 49.4876, GNorm = 0.0454, lr_0 = 1.2700e-04
Loss = 5.3705e-03, PNorm = 49.4879, GNorm = 0.0009, lr_0 = 1.2603e-04
Validation auc = 0.672600
Epoch 27
Loss = 2.3750e-03, PNorm = 49.4886, GNorm = 0.0871, lr_0 = 1.2497e-04
Loss = 3.3199e-04, PNorm = 49.4900, GNorm = 0.0219, lr_0 = 1.2401e-04
Loss = 1.5172e-03, PNorm = 49.4911, GNorm = 0.0003, lr_0 = 1.2306e-04
Loss = 3.2507e-04, PNorm = 49.4920, GNorm = 0.0071, lr_0 = 1.2212e-04
Loss = 9.7250e-03, PNorm = 49.4920, GNorm = 0.1088, lr_0 = 1.2118e-04
Loss = 3.2609e-03, PNorm = 49.4927, GNorm = 0.0026, lr_0 = 1.2026e-04
Loss = 5.6235e-04, PNorm = 49.4940, GNorm = 0.0030, lr_0 = 1.1934e-04
Loss = 1.3237e-03, PNorm = 49.4954, GNorm = 0.0068, lr_0 = 1.1842e-04
Loss = 1.5835e-03, PNorm = 49.4976, GNorm = 0.0023, lr_0 = 1.1752e-04
Loss = 3.3704e-03, PNorm = 49.4999, GNorm = 0.0104, lr_0 = 1.1662e-04
Loss = 2.2718e-03, PNorm = 49.5014, GNorm = 0.0396, lr_0 = 1.1572e-04
Validation auc = 0.674099
Epoch 28
Loss = 4.8403e-03, PNorm = 49.5035, GNorm = 0.0098, lr_0 = 1.1475e-04
Loss = 1.8550e-03, PNorm = 49.5051, GNorm = 0.0130, lr_0 = 1.1387e-04
Loss = 1.4061e-03, PNorm = 49.5066, GNorm = 0.2120, lr_0 = 1.1300e-04
Loss = 9.3702e-05, PNorm = 49.5074, GNorm = 0.0092, lr_0 = 1.1213e-04
Loss = 1.8649e-03, PNorm = 49.5082, GNorm = 0.0363, lr_0 = 1.1127e-04
Loss = 1.9568e-03, PNorm = 49.5096, GNorm = 0.3638, lr_0 = 1.1042e-04
Loss = 3.6837e-04, PNorm = 49.5107, GNorm = 0.0092, lr_0 = 1.0958e-04
Loss = 3.6041e-03, PNorm = 49.5115, GNorm = 0.0331, lr_0 = 1.0874e-04
Loss = 9.4850e-04, PNorm = 49.5127, GNorm = 0.2933, lr_0 = 1.0791e-04
Loss = 1.2169e-03, PNorm = 49.5145, GNorm = 0.0019, lr_0 = 1.0708e-04
Loss = 5.3874e-03, PNorm = 49.5159, GNorm = 0.0374, lr_0 = 1.0626e-04
Validation auc = 0.673539
Epoch 29
Loss = 3.7930e-03, PNorm = 49.5174, GNorm = 0.0042, lr_0 = 1.0545e-04
Loss = 2.0888e-03, PNorm = 49.5186, GNorm = 0.0109, lr_0 = 1.0464e-04
Loss = 2.5103e-04, PNorm = 49.5196, GNorm = 0.0013, lr_0 = 1.0384e-04
Loss = 1.8691e-03, PNorm = 49.5210, GNorm = 0.2084, lr_0 = 1.0304e-04
Loss = 6.5451e-03, PNorm = 49.5221, GNorm = 0.3887, lr_0 = 1.0225e-04
Loss = 5.4409e-04, PNorm = 49.5224, GNorm = 0.0122, lr_0 = 1.0147e-04
Loss = 1.2549e-03, PNorm = 49.5233, GNorm = 0.0588, lr_0 = 1.0069e-04
Loss = 1.2349e-04, PNorm = 49.5243, GNorm = 0.0001, lr_0 = 1.0000e-04
Loss = 1.6050e-03, PNorm = 49.5256, GNorm = 0.0183, lr_0 = 1.0000e-04
Loss = 1.3405e-04, PNorm = 49.5267, GNorm = 0.0030, lr_0 = 1.0000e-04
Validation auc = 0.673881
Model 0 best validation auc = 0.706857 on epoch 5
Loading pretrained parameter "ffn.1.weight".
Loading pretrained parameter "ffn.1.bias".
Loading pretrained parameter "ffn.4.weight".
Loading pretrained parameter "ffn.4.bias".
Loading pretrained parameter "ffn.7.weight".
Loading pretrained parameter "ffn.7.bias".
Loading pretrained parameter "ffn.10.weight".
Loading pretrained parameter "ffn.10.bias".
Model 0 test auc = 0.721829
Ensemble test auc = 0.721829
3-fold cross validation
	Seed 0 ==> test auc = 0.475388
	Seed 1 ==> test auc = 0.683683
	Seed 2 ==> test auc = 0.721829
Overall test auc = 0.626967 +/- 0.108308
Elapsed time = 0:11:18
