Command line
python train.py --ffn_num_layers 2 --hidden_size 1500 --dropout 0.3 --save_dir ../../../ian_stat_phase_ML/models/ffn_hyperopt_for_pub/17 --data_path ../../../ian_stat_phase_ML/data/round3finalval08162021_FULL_for_sklearn.csv --num_folds 3 --dataset_type classification --features_generator morgan --no_features_scaling --split_type scaffold_balanced --split_sizes 0.8 0.1 0.1 --smiles_columns SMILES --target_columns hit_inh hit_kill --depth 0 --features_only
Args
{'activation': 'ReLU',
 'aggregation': 'mean',
 'aggregation_norm': 100,
 'atom_descriptors': None,
 'atom_descriptors_path': None,
 'atom_descriptors_size': 0,
 'atom_features_size': 0,
 'atom_messages': False,
 'batch_size': 50,
 'bias': False,
 'cache_cutoff': 10000,
 'checkpoint_dir': None,
 'checkpoint_path': None,
 'checkpoint_paths': None,
 'class_balance': False,
 'config_path': None,
 'crossval_index_dir': None,
 'crossval_index_file': None,
 'crossval_index_sets': None,
 'cuda': False,
 'data_path': '../../../ian_stat_phase_ML/data/round3finalval08162021_FULL_for_sklearn.csv',
 'dataset_type': 'classification',
 'depth': 0,
 'device': device(type='cpu'),
 'dropout': 0.3,
 'ensemble_size': 1,
 'epochs': 30,
 'extra_metrics': [],
 'features_generator': ['morgan'],
 'features_only': True,
 'features_path': None,
 'features_scaling': False,
 'features_size': None,
 'ffn_hidden_size': 1500,
 'ffn_num_layers': 2,
 'final_lr': 0.0001,
 'folds_file': None,
 'gpu': None,
 'grad_clip': None,
 'hidden_size': 1500,
 'ignore_columns': None,
 'init_lr': 0.0001,
 'log_frequency': 10,
 'max_data_size': None,
 'max_lr': 0.001,
 'metric': 'auc',
 'metrics': ['auc'],
 'minimize_score': False,
 'mpn_shared': False,
 'multiclass_num_classes': 3,
 'no_cache_mol': False,
 'no_cuda': False,
 'no_features_scaling': True,
 'num_folds': 3,
 'num_lrs': 1,
 'num_tasks': 2,
 'num_workers': 8,
 'number_of_molecules': 1,
 'pytorch_seed': 0,
 'quiet': False,
 'save_dir': '../../../ian_stat_phase_ML/models/ffn_hyperopt_for_pub/17',
 'save_preds': False,
 'save_smiles_splits': False,
 'seed': 0,
 'separate_test_features_path': None,
 'separate_test_path': None,
 'separate_val_features_path': None,
 'separate_val_path': None,
 'show_individual_scores': False,
 'smiles_columns': ['SMILES'],
 'split_sizes': (0.8, 0.1, 0.1),
 'split_type': 'scaffold_balanced',
 'target_columns': ['hit_inh', 'hit_kill'],
 'task_names': ['hit_inh', 'hit_kill'],
 'test': False,
 'test_fold_index': None,
 'train_data_size': None,
 'undirected': False,
 'use_input_features': True,
 'val_fold_index': None,
 'warmup_epochs': 2.0}
Loading data
Warning: 7 SMILES are invalid.
Number of tasks = 2
Fold 0
Splitting data with seed 0
Total scaffolds = 4,180 | train scaffolds = 3,209 | val scaffolds = 497 | test scaffolds = 474
Label averages per scaffold, in decreasing order of scaffold frequency,capped at 10 scaffolds and 20 labels:
Scaffold 0
Task 0: count = 468 | target average = 0.019231
Task 1: count = 468 | target average = 0.014957


Scaffold 1
Task 0: count = 383 | target average = 0.007833
Task 1: count = 383 | target average = 0.013055


Scaffold 2
Task 0: count = 44 | target average = 0.000000
Task 1: count = 44 | target average = 0.000000


Scaffold 3
Task 0: count = 35 | target average = 0.000000
Task 1: count = 35 | target average = 0.000000


Scaffold 4
Task 0: count = 34 | target average = 0.000000
Task 1: count = 34 | target average = 0.000000


Scaffold 5
Task 0: count = 30 | target average = 0.000000
Task 1: count = 30 | target average = 0.000000


Scaffold 6
Task 0: count = 28 | target average = 0.000000
Task 1: count = 28 | target average = 0.000000


Scaffold 7
Task 0: count = 27 | target average = 0.074074
Task 1: count = 27 | target average = 0.074074


Scaffold 8
Task 0: count = 25 | target average = 0.040000
Task 1: count = 25 | target average = 0.000000


Scaffold 9
Task 0: count = 23 | target average = 0.000000
Task 1: count = 23 | target average = 0.000000


Class sizes
hit_inh 0: 97.79%, 1: 2.21%
hit_kill 0: 98.75%, 1: 1.25%
Total size = 6,708 | train size = 5,366 | val size = 670 | test size = 672
Building model 0
MoleculeModel(
  (sigmoid): Sigmoid()
  (encoder): MPN()
  (ffn): Sequential(
    (0): Dropout(p=0.3, inplace=False)
    (1): Linear(in_features=2048, out_features=1500, bias=True)
    (2): ReLU()
    (3): Dropout(p=0.3, inplace=False)
    (4): Linear(in_features=1500, out_features=2, bias=True)
  )
)
Number of parameters = 3,076,502
Epoch 0
Loss = 5.2534e-01, PNorm = 41.6865, GNorm = 0.9882, lr_0 = 1.4626e-04
Loss = 3.0797e-01, PNorm = 41.7130, GNorm = 0.5809, lr_0 = 1.8832e-04
Loss = 1.8204e-01, PNorm = 41.7549, GNorm = 0.3094, lr_0 = 2.3037e-04
Loss = 1.1609e-01, PNorm = 41.8017, GNorm = 0.1858, lr_0 = 2.7243e-04
Loss = 1.3606e-01, PNorm = 41.8449, GNorm = 0.2822, lr_0 = 3.1449e-04
Loss = 8.6143e-02, PNorm = 41.8816, GNorm = 0.3428, lr_0 = 3.5654e-04
Loss = 8.5086e-02, PNorm = 41.9181, GNorm = 0.1141, lr_0 = 3.9860e-04
Loss = 1.2185e-01, PNorm = 41.9532, GNorm = 0.2436, lr_0 = 4.4065e-04
Loss = 6.2453e-02, PNorm = 42.0019, GNorm = 0.0802, lr_0 = 4.8271e-04
Loss = 7.8644e-02, PNorm = 42.0600, GNorm = 0.0991, lr_0 = 5.2477e-04
Validation auc = 0.846501
Epoch 1
Loss = 6.7811e-02, PNorm = 42.1427, GNorm = 0.1733, lr_0 = 5.7103e-04
Loss = 8.1296e-02, PNorm = 42.2406, GNorm = 0.0881, lr_0 = 6.1308e-04
Loss = 5.9454e-02, PNorm = 42.3583, GNorm = 0.1634, lr_0 = 6.5514e-04
Loss = 6.7914e-02, PNorm = 42.4808, GNorm = 0.1777, lr_0 = 6.9720e-04
Loss = 4.0243e-02, PNorm = 42.6119, GNorm = 0.1098, lr_0 = 7.3925e-04
Loss = 7.8196e-02, PNorm = 42.7514, GNorm = 0.0499, lr_0 = 7.8131e-04
Loss = 9.3810e-02, PNorm = 42.9256, GNorm = 0.3892, lr_0 = 8.2336e-04
Loss = 3.8858e-02, PNorm = 43.1569, GNorm = 0.0711, lr_0 = 8.6542e-04
Loss = 8.0847e-02, PNorm = 43.3904, GNorm = 0.0608, lr_0 = 9.0748e-04
Loss = 9.3520e-02, PNorm = 43.6116, GNorm = 0.1862, lr_0 = 9.4953e-04
Loss = 4.5941e-02, PNorm = 43.9076, GNorm = 0.0884, lr_0 = 9.9159e-04
Validation auc = 0.878054
Epoch 2
Loss = 5.0545e-02, PNorm = 44.2547, GNorm = 0.0981, lr_0 = 9.9311e-04
Loss = 4.2199e-02, PNorm = 44.5647, GNorm = 0.1114, lr_0 = 9.8550e-04
Loss = 3.4430e-02, PNorm = 44.8299, GNorm = 0.0566, lr_0 = 9.7796e-04
Loss = 4.9198e-02, PNorm = 45.0509, GNorm = 0.0361, lr_0 = 9.7047e-04
Loss = 6.5326e-02, PNorm = 45.2770, GNorm = 0.2422, lr_0 = 9.6304e-04
Loss = 5.8548e-02, PNorm = 45.5505, GNorm = 0.0929, lr_0 = 9.5567e-04
Loss = 3.3612e-02, PNorm = 45.8603, GNorm = 0.2732, lr_0 = 9.4835e-04
Loss = 3.0041e-02, PNorm = 46.1373, GNorm = 0.0649, lr_0 = 9.4109e-04
Loss = 6.1746e-02, PNorm = 46.3870, GNorm = 0.1707, lr_0 = 9.3389e-04
Loss = 4.0625e-02, PNorm = 46.6746, GNorm = 0.2100, lr_0 = 9.2674e-04
Loss = 4.7412e-02, PNorm = 46.9470, GNorm = 0.1556, lr_0 = 9.1964e-04
Validation auc = 0.872533
Epoch 3
Loss = 2.4866e-02, PNorm = 47.2659, GNorm = 0.0480, lr_0 = 9.1190e-04
Loss = 2.8610e-02, PNorm = 47.5630, GNorm = 0.1642, lr_0 = 9.0492e-04
Loss = 3.5537e-02, PNorm = 47.8268, GNorm = 0.0486, lr_0 = 8.9799e-04
Loss = 2.3365e-02, PNorm = 48.0793, GNorm = 0.0873, lr_0 = 8.9111e-04
Loss = 2.7395e-02, PNorm = 48.3063, GNorm = 0.0492, lr_0 = 8.8429e-04
Loss = 3.5768e-02, PNorm = 48.5409, GNorm = 0.1712, lr_0 = 8.7752e-04
Loss = 2.0257e-02, PNorm = 48.7823, GNorm = 0.1931, lr_0 = 8.7080e-04
Loss = 3.0587e-02, PNorm = 49.0049, GNorm = 0.0370, lr_0 = 8.6414e-04
Loss = 4.6373e-02, PNorm = 49.1789, GNorm = 0.0460, lr_0 = 8.5752e-04
Loss = 2.2358e-02, PNorm = 49.3697, GNorm = 0.1299, lr_0 = 8.5095e-04
Validation auc = 0.867397
Epoch 4
Loss = 3.8551e-02, PNorm = 49.5627, GNorm = 0.1565, lr_0 = 8.4444e-04
Loss = 2.0581e-02, PNorm = 49.7939, GNorm = 0.0802, lr_0 = 8.3797e-04
Loss = 1.5546e-02, PNorm = 50.0044, GNorm = 0.1147, lr_0 = 8.3156e-04
Loss = 2.8343e-02, PNorm = 50.1993, GNorm = 0.0203, lr_0 = 8.2519e-04
Loss = 1.8282e-02, PNorm = 50.3938, GNorm = 0.1099, lr_0 = 8.1888e-04
Loss = 2.0385e-02, PNorm = 50.5711, GNorm = 0.0890, lr_0 = 8.1261e-04
Loss = 1.8214e-02, PNorm = 50.7462, GNorm = 0.0388, lr_0 = 8.0638e-04
Loss = 1.9354e-02, PNorm = 50.9026, GNorm = 0.1237, lr_0 = 8.0021e-04
Loss = 2.6187e-02, PNorm = 51.0456, GNorm = 0.2685, lr_0 = 7.9408e-04
Loss = 1.7716e-02, PNorm = 51.1798, GNorm = 0.1383, lr_0 = 7.8800e-04
Loss = 2.4497e-02, PNorm = 51.3206, GNorm = 0.2906, lr_0 = 7.8197e-04
Validation auc = 0.863448
Epoch 5
Loss = 1.2131e-02, PNorm = 51.4927, GNorm = 0.0527, lr_0 = 7.7539e-04
Loss = 1.6767e-02, PNorm = 51.6573, GNorm = 0.0274, lr_0 = 7.6945e-04
Loss = 1.3589e-02, PNorm = 51.8121, GNorm = 0.0663, lr_0 = 7.6356e-04
Loss = 1.0506e-02, PNorm = 51.9534, GNorm = 0.1704, lr_0 = 7.5772e-04
Loss = 2.3407e-02, PNorm = 52.0799, GNorm = 0.0234, lr_0 = 7.5191e-04
Loss = 1.9025e-02, PNorm = 52.2119, GNorm = 0.0620, lr_0 = 7.4616e-04
Loss = 1.0296e-02, PNorm = 52.3308, GNorm = 0.1328, lr_0 = 7.4044e-04
Loss = 2.4846e-02, PNorm = 52.4467, GNorm = 0.1338, lr_0 = 7.3478e-04
Loss = 1.3540e-02, PNorm = 52.5757, GNorm = 0.1022, lr_0 = 7.2915e-04
Loss = 1.8463e-02, PNorm = 52.7130, GNorm = 0.0344, lr_0 = 7.2357e-04
Loss = 1.1679e-02, PNorm = 52.8543, GNorm = 0.0152, lr_0 = 7.1803e-04
Validation auc = 0.864413
Epoch 6
Loss = 1.4233e-02, PNorm = 52.9971, GNorm = 0.0334, lr_0 = 7.1198e-04
Loss = 9.9341e-03, PNorm = 53.1129, GNorm = 0.0718, lr_0 = 7.0653e-04
Loss = 7.2836e-03, PNorm = 53.2100, GNorm = 0.2584, lr_0 = 7.0112e-04
Loss = 9.1144e-03, PNorm = 53.3009, GNorm = 0.0406, lr_0 = 6.9576e-04
Loss = 1.0058e-02, PNorm = 53.4003, GNorm = 0.0107, lr_0 = 6.9043e-04
Loss = 1.1101e-02, PNorm = 53.4962, GNorm = 0.1452, lr_0 = 6.8514e-04
Loss = 1.9413e-02, PNorm = 53.6035, GNorm = 0.0642, lr_0 = 6.7990e-04
Loss = 7.1061e-03, PNorm = 53.7173, GNorm = 0.1873, lr_0 = 6.7469e-04
Loss = 1.4242e-02, PNorm = 53.8241, GNorm = 0.1395, lr_0 = 6.6953e-04
Loss = 1.3787e-02, PNorm = 53.9260, GNorm = 0.0910, lr_0 = 6.6440e-04
Loss = 7.0616e-03, PNorm = 54.0241, GNorm = 0.0204, lr_0 = 6.5931e-04
Validation auc = 0.866037
Epoch 7
Loss = 6.6612e-03, PNorm = 54.1146, GNorm = 0.0660, lr_0 = 6.5427e-04
Loss = 1.2641e-02, PNorm = 54.2001, GNorm = 0.0243, lr_0 = 6.4926e-04
Loss = 1.2756e-02, PNorm = 54.2789, GNorm = 0.1867, lr_0 = 6.4429e-04
Loss = 7.6392e-03, PNorm = 54.3657, GNorm = 0.0478, lr_0 = 6.3935e-04
Loss = 7.8368e-03, PNorm = 54.4569, GNorm = 0.0896, lr_0 = 6.3446e-04
Loss = 5.7054e-03, PNorm = 54.5372, GNorm = 0.0168, lr_0 = 6.2960e-04
Loss = 5.1020e-03, PNorm = 54.6116, GNorm = 0.0108, lr_0 = 6.2478e-04
Loss = 1.1362e-02, PNorm = 54.6852, GNorm = 0.1438, lr_0 = 6.2000e-04
Loss = 1.2278e-02, PNorm = 54.7679, GNorm = 0.1640, lr_0 = 6.1525e-04
Loss = 8.8627e-03, PNorm = 54.8503, GNorm = 0.0786, lr_0 = 6.1054e-04
Validation auc = 0.866937
Epoch 8
Loss = 1.2899e-03, PNorm = 54.9431, GNorm = 0.0086, lr_0 = 6.0540e-04
Loss = 3.5336e-03, PNorm = 55.0166, GNorm = 0.0830, lr_0 = 6.0077e-04
Loss = 9.2004e-03, PNorm = 55.0836, GNorm = 0.0181, lr_0 = 5.9617e-04
Loss = 6.2438e-03, PNorm = 55.1487, GNorm = 0.0334, lr_0 = 5.9160e-04
Loss = 1.5007e-02, PNorm = 55.2094, GNorm = 0.1449, lr_0 = 5.8707e-04
Loss = 8.6655e-03, PNorm = 55.2705, GNorm = 0.0376, lr_0 = 5.8258e-04
Loss = 5.3781e-03, PNorm = 55.3280, GNorm = 0.0528, lr_0 = 5.7812e-04
Loss = 6.4328e-03, PNorm = 55.3875, GNorm = 0.0116, lr_0 = 5.7369e-04
Loss = 1.0599e-02, PNorm = 55.4463, GNorm = 0.1039, lr_0 = 5.6930e-04
Loss = 1.1767e-02, PNorm = 55.5124, GNorm = 0.0501, lr_0 = 5.6494e-04
Loss = 1.4764e-02, PNorm = 55.5764, GNorm = 0.0056, lr_0 = 5.6062e-04
Validation auc = 0.863984
Epoch 9
Loss = 9.2176e-03, PNorm = 55.6457, GNorm = 0.0780, lr_0 = 5.5590e-04
Loss = 4.5611e-03, PNorm = 55.7133, GNorm = 0.1230, lr_0 = 5.5164e-04
Loss = 3.5164e-03, PNorm = 55.7801, GNorm = 0.0611, lr_0 = 5.4742e-04
Loss = 7.2286e-03, PNorm = 55.8367, GNorm = 0.0686, lr_0 = 5.4323e-04
Loss = 5.5663e-03, PNorm = 55.8916, GNorm = 0.0040, lr_0 = 5.3907e-04
Loss = 3.2624e-03, PNorm = 55.9459, GNorm = 0.0371, lr_0 = 5.3494e-04
Loss = 4.2463e-03, PNorm = 55.9971, GNorm = 0.0043, lr_0 = 5.3084e-04
Loss = 6.6505e-03, PNorm = 56.0417, GNorm = 0.0133, lr_0 = 5.2678e-04
Loss = 5.2111e-03, PNorm = 56.0871, GNorm = 0.0709, lr_0 = 5.2275e-04
Loss = 7.7553e-03, PNorm = 56.1444, GNorm = 0.0422, lr_0 = 5.1874e-04
Loss = 1.1574e-02, PNorm = 56.1956, GNorm = 0.2841, lr_0 = 5.1477e-04
Validation auc = 0.865659
Epoch 10
Loss = 5.7275e-03, PNorm = 56.2459, GNorm = 0.0578, lr_0 = 5.1083e-04
Loss = 6.7119e-03, PNorm = 56.2994, GNorm = 0.0370, lr_0 = 5.0692e-04
Loss = 1.0854e-02, PNorm = 56.3440, GNorm = 0.0407, lr_0 = 5.0304e-04
Loss = 6.1420e-03, PNorm = 56.3871, GNorm = 0.1385, lr_0 = 4.9919e-04
Loss = 2.4613e-03, PNorm = 56.4306, GNorm = 0.0049, lr_0 = 4.9537e-04
Loss = 4.1223e-03, PNorm = 56.4725, GNorm = 0.0180, lr_0 = 4.9157e-04
Loss = 5.0211e-03, PNorm = 56.5149, GNorm = 0.0092, lr_0 = 4.8781e-04
Loss = 5.4427e-03, PNorm = 56.5591, GNorm = 0.1164, lr_0 = 4.8408e-04
Loss = 3.6839e-03, PNorm = 56.5985, GNorm = 0.0080, lr_0 = 4.8037e-04
Loss = 5.2427e-03, PNorm = 56.6381, GNorm = 0.0101, lr_0 = 4.7669e-04
Loss = 4.8863e-03, PNorm = 56.6773, GNorm = 0.0008, lr_0 = 4.7304e-04
Loss = 4.4346e-04, PNorm = 56.6808, GNorm = 0.0036, lr_0 = 4.7268e-04
Validation auc = 0.870525
Epoch 11
Loss = 6.2227e-03, PNorm = 56.7182, GNorm = 0.0517, lr_0 = 4.6906e-04
Loss = 5.2566e-03, PNorm = 56.7620, GNorm = 0.1106, lr_0 = 4.6547e-04
Loss = 2.3830e-03, PNorm = 56.8002, GNorm = 0.0185, lr_0 = 4.6191e-04
Loss = 1.9611e-03, PNorm = 56.8323, GNorm = 0.0012, lr_0 = 4.5837e-04
Loss = 5.2463e-03, PNorm = 56.8574, GNorm = 0.0359, lr_0 = 4.5486e-04
Loss = 3.1967e-03, PNorm = 56.8892, GNorm = 0.0135, lr_0 = 4.5138e-04
Loss = 7.1118e-03, PNorm = 56.9248, GNorm = 0.2650, lr_0 = 4.4792e-04
Loss = 3.9183e-03, PNorm = 56.9701, GNorm = 0.1162, lr_0 = 4.4449e-04
Loss = 3.2926e-03, PNorm = 57.0184, GNorm = 0.0133, lr_0 = 4.4109e-04
Loss = 1.4664e-02, PNorm = 57.0612, GNorm = 0.1419, lr_0 = 4.3771e-04
Validation auc = 0.869333
Epoch 12
Loss = 3.2287e-03, PNorm = 57.1022, GNorm = 0.0171, lr_0 = 4.3403e-04
Loss = 4.8405e-03, PNorm = 57.1389, GNorm = 0.0075, lr_0 = 4.3070e-04
Loss = 3.4097e-03, PNorm = 57.1736, GNorm = 0.0324, lr_0 = 4.2741e-04
Loss = 3.8066e-03, PNorm = 57.2042, GNorm = 0.0287, lr_0 = 4.2413e-04
Loss = 7.5345e-03, PNorm = 57.2330, GNorm = 0.0346, lr_0 = 4.2089e-04
Loss = 4.6092e-03, PNorm = 57.2661, GNorm = 0.0154, lr_0 = 4.1766e-04
Loss = 3.4217e-03, PNorm = 57.2985, GNorm = 0.0712, lr_0 = 4.1447e-04
Loss = 3.1661e-03, PNorm = 57.3276, GNorm = 0.0084, lr_0 = 4.1129e-04
Loss = 4.1201e-03, PNorm = 57.3570, GNorm = 0.0167, lr_0 = 4.0814e-04
Loss = 6.0138e-03, PNorm = 57.3871, GNorm = 0.0311, lr_0 = 4.0502e-04
Loss = 2.7817e-03, PNorm = 57.4191, GNorm = 0.0030, lr_0 = 4.0192e-04
Validation auc = 0.868291
Epoch 13
Loss = 2.8006e-03, PNorm = 57.4529, GNorm = 0.0100, lr_0 = 3.9884e-04
Loss = 3.6104e-03, PNorm = 57.4858, GNorm = 0.0172, lr_0 = 3.9579e-04
Loss = 8.8099e-03, PNorm = 57.5211, GNorm = 0.1955, lr_0 = 3.9276e-04
Loss = 1.1810e-02, PNorm = 57.5558, GNorm = 0.1455, lr_0 = 3.8975e-04
Loss = 4.4798e-03, PNorm = 57.5929, GNorm = 0.0895, lr_0 = 3.8677e-04
Loss = 7.5848e-03, PNorm = 57.6364, GNorm = 0.1078, lr_0 = 3.8381e-04
Loss = 2.1653e-03, PNorm = 57.6798, GNorm = 0.0014, lr_0 = 3.8087e-04
Loss = 4.9169e-03, PNorm = 57.7129, GNorm = 0.1559, lr_0 = 3.7795e-04
Loss = 6.3515e-03, PNorm = 57.7484, GNorm = 0.0393, lr_0 = 3.7506e-04
Loss = 3.8831e-03, PNorm = 57.7836, GNorm = 0.0234, lr_0 = 3.7219e-04
Loss = 2.2569e-03, PNorm = 57.8122, GNorm = 0.0083, lr_0 = 3.6934e-04
Validation auc = 0.865405
Epoch 14
Loss = 4.7829e-03, PNorm = 57.8514, GNorm = 0.0314, lr_0 = 3.6623e-04
Loss = 6.6461e-03, PNorm = 57.8863, GNorm = 0.0130, lr_0 = 3.6342e-04
Loss = 5.2521e-03, PNorm = 57.9177, GNorm = 0.0111, lr_0 = 3.6064e-04
Loss = 8.3949e-03, PNorm = 57.9492, GNorm = 0.2956, lr_0 = 3.5788e-04
Loss = 5.3653e-03, PNorm = 57.9797, GNorm = 0.0100, lr_0 = 3.5514e-04
Loss = 4.2395e-03, PNorm = 58.0062, GNorm = 0.0141, lr_0 = 3.5242e-04
Loss = 3.9074e-03, PNorm = 58.0276, GNorm = 0.0193, lr_0 = 3.4972e-04
Loss = 7.2979e-03, PNorm = 58.0515, GNorm = 0.0019, lr_0 = 3.4705e-04
Loss = 3.1002e-03, PNorm = 58.0760, GNorm = 0.1180, lr_0 = 3.4439e-04
Loss = 2.6144e-03, PNorm = 58.0972, GNorm = 0.0766, lr_0 = 3.4175e-04
Validation auc = 0.865801
Epoch 15
Loss = 1.8743e-02, PNorm = 58.1272, GNorm = 0.0956, lr_0 = 3.3888e-04
Loss = 4.6721e-03, PNorm = 58.1625, GNorm = 0.0080, lr_0 = 3.3628e-04
Loss = 4.0968e-03, PNorm = 58.1965, GNorm = 0.1375, lr_0 = 3.3371e-04
Loss = 2.9971e-03, PNorm = 58.2270, GNorm = 0.0152, lr_0 = 3.3115e-04
Loss = 9.7012e-03, PNorm = 58.2553, GNorm = 0.0135, lr_0 = 3.2862e-04
Loss = 6.2796e-03, PNorm = 58.2814, GNorm = 0.0011, lr_0 = 3.2610e-04
Loss = 4.7370e-03, PNorm = 58.3064, GNorm = 0.0138, lr_0 = 3.2360e-04
Loss = 3.3748e-03, PNorm = 58.3311, GNorm = 0.0061, lr_0 = 3.2113e-04
Loss = 6.1974e-03, PNorm = 58.3506, GNorm = 0.0146, lr_0 = 3.1867e-04
Loss = 1.2071e-03, PNorm = 58.3685, GNorm = 0.0080, lr_0 = 3.1623e-04
Loss = 3.0113e-03, PNorm = 58.3913, GNorm = 0.0139, lr_0 = 3.1381e-04
Validation auc = 0.866610
Epoch 16
Loss = 4.1539e-03, PNorm = 58.4142, GNorm = 0.1149, lr_0 = 3.1140e-04
Loss = 2.4751e-03, PNorm = 58.4328, GNorm = 0.0129, lr_0 = 3.0902e-04
Loss = 3.4006e-03, PNorm = 58.4533, GNorm = 0.0207, lr_0 = 3.0665e-04
Loss = 4.8752e-03, PNorm = 58.4760, GNorm = 0.2380, lr_0 = 3.0431e-04
Loss = 3.1598e-03, PNorm = 58.4988, GNorm = 0.1349, lr_0 = 3.0198e-04
Loss = 3.1418e-03, PNorm = 58.5230, GNorm = 0.0849, lr_0 = 2.9966e-04
Loss = 4.3652e-03, PNorm = 58.5504, GNorm = 0.0109, lr_0 = 2.9737e-04
Loss = 8.1036e-03, PNorm = 58.5783, GNorm = 0.2551, lr_0 = 2.9509e-04
Loss = 7.5737e-03, PNorm = 58.6064, GNorm = 0.1523, lr_0 = 2.9283e-04
Loss = 8.6111e-03, PNorm = 58.6304, GNorm = 0.0029, lr_0 = 2.9059e-04
Loss = 4.0942e-03, PNorm = 58.6521, GNorm = 0.0010, lr_0 = 2.8837e-04
Validation auc = 0.867848
Epoch 17
Loss = 6.1245e-03, PNorm = 58.6728, GNorm = 0.0083, lr_0 = 2.8594e-04
Loss = 5.8992e-03, PNorm = 58.6948, GNorm = 0.0167, lr_0 = 2.8375e-04
Loss = 1.8385e-03, PNorm = 58.7175, GNorm = 0.0064, lr_0 = 2.8158e-04
Loss = 1.5989e-03, PNorm = 58.7369, GNorm = 0.0398, lr_0 = 2.7942e-04
Loss = 4.1370e-03, PNorm = 58.7604, GNorm = 0.0045, lr_0 = 2.7728e-04
Loss = 1.7197e-03, PNorm = 58.7827, GNorm = 0.0421, lr_0 = 2.7516e-04
Loss = 1.4101e-03, PNorm = 58.8043, GNorm = 0.0131, lr_0 = 2.7305e-04
Loss = 5.4250e-03, PNorm = 58.8263, GNorm = 0.0173, lr_0 = 2.7096e-04
Loss = 4.6790e-03, PNorm = 58.8459, GNorm = 0.0371, lr_0 = 2.6889e-04
Loss = 2.0035e-03, PNorm = 58.8627, GNorm = 0.0401, lr_0 = 2.6683e-04
Loss = 1.0569e-02, PNorm = 58.8807, GNorm = 0.0054, lr_0 = 2.6479e-04
Validation auc = 0.867011
Epoch 18
Loss = 2.5209e-03, PNorm = 58.9025, GNorm = 0.0436, lr_0 = 2.6256e-04
Loss = 1.0968e-03, PNorm = 58.9211, GNorm = 0.0061, lr_0 = 2.6055e-04
Loss = 2.4493e-03, PNorm = 58.9382, GNorm = 0.0070, lr_0 = 2.5855e-04
Loss = 2.8428e-03, PNorm = 58.9530, GNorm = 0.0016, lr_0 = 2.5657e-04
Loss = 2.8362e-03, PNorm = 58.9664, GNorm = 0.0028, lr_0 = 2.5461e-04
Loss = 2.1580e-03, PNorm = 58.9790, GNorm = 0.0272, lr_0 = 2.5266e-04
Loss = 7.3635e-03, PNorm = 58.9952, GNorm = 0.0042, lr_0 = 2.5073e-04
Loss = 1.8715e-03, PNorm = 59.0098, GNorm = 0.0047, lr_0 = 2.4881e-04
Loss = 2.4055e-03, PNorm = 59.0233, GNorm = 0.0761, lr_0 = 2.4690e-04
Loss = 1.2225e-03, PNorm = 59.0347, GNorm = 0.0190, lr_0 = 2.4501e-04
Validation auc = 0.867464
Epoch 19
Loss = 2.6802e-04, PNorm = 59.0485, GNorm = 0.0019, lr_0 = 2.4314e-04
Loss = 1.8595e-03, PNorm = 59.0651, GNorm = 0.0028, lr_0 = 2.4127e-04
Loss = 3.9084e-03, PNorm = 59.0801, GNorm = 0.0055, lr_0 = 2.3943e-04
Loss = 3.6444e-03, PNorm = 59.0954, GNorm = 0.0105, lr_0 = 2.3759e-04
Loss = 3.7664e-03, PNorm = 59.1115, GNorm = 0.0013, lr_0 = 2.3577e-04
Loss = 1.0693e-03, PNorm = 59.1270, GNorm = 0.0030, lr_0 = 2.3397e-04
Loss = 2.3340e-03, PNorm = 59.1425, GNorm = 0.0127, lr_0 = 2.3218e-04
Loss = 9.4513e-03, PNorm = 59.1578, GNorm = 0.0035, lr_0 = 2.3040e-04
Loss = 1.6787e-03, PNorm = 59.1721, GNorm = 0.0025, lr_0 = 2.2864e-04
Loss = 3.3857e-03, PNorm = 59.1855, GNorm = 0.0109, lr_0 = 2.2689e-04
Loss = 4.0850e-03, PNorm = 59.2015, GNorm = 0.0055, lr_0 = 2.2515e-04
Validation auc = 0.866627
Epoch 20
Loss = 5.9930e-03, PNorm = 59.2169, GNorm = 0.0273, lr_0 = 2.2325e-04
Loss = 4.5840e-03, PNorm = 59.2363, GNorm = 0.0049, lr_0 = 2.2154e-04
Loss = 5.6007e-03, PNorm = 59.2531, GNorm = 0.0466, lr_0 = 2.1985e-04
Loss = 4.3687e-03, PNorm = 59.2708, GNorm = 0.0148, lr_0 = 2.1816e-04
Loss = 8.9955e-03, PNorm = 59.2879, GNorm = 0.0065, lr_0 = 2.1649e-04
Loss = 3.1702e-03, PNorm = 59.3028, GNorm = 0.2284, lr_0 = 2.1484e-04
Loss = 1.8829e-03, PNorm = 59.3153, GNorm = 0.0272, lr_0 = 2.1319e-04
Loss = 1.9086e-03, PNorm = 59.3277, GNorm = 0.0274, lr_0 = 2.1156e-04
Loss = 3.3442e-03, PNorm = 59.3414, GNorm = 0.1809, lr_0 = 2.0994e-04
Loss = 3.5035e-03, PNorm = 59.3567, GNorm = 0.0005, lr_0 = 2.0833e-04
Loss = 1.7625e-03, PNorm = 59.3718, GNorm = 0.0080, lr_0 = 2.0674e-04
Validation auc = 0.866685
Epoch 21
Loss = 1.9395e-03, PNorm = 59.3884, GNorm = 0.0084, lr_0 = 2.0500e-04
Loss = 4.0946e-03, PNorm = 59.4015, GNorm = 0.0325, lr_0 = 2.0343e-04
Loss = 7.3291e-04, PNorm = 59.4126, GNorm = 0.0106, lr_0 = 2.0187e-04
Loss = 4.1639e-03, PNorm = 59.4259, GNorm = 0.0060, lr_0 = 2.0033e-04
Loss = 1.5503e-03, PNorm = 59.4421, GNorm = 0.0171, lr_0 = 1.9879e-04
Loss = 1.5545e-03, PNorm = 59.4539, GNorm = 0.0004, lr_0 = 1.9727e-04
Loss = 2.7416e-03, PNorm = 59.4646, GNorm = 0.0488, lr_0 = 1.9576e-04
Loss = 6.1160e-03, PNorm = 59.4773, GNorm = 0.0123, lr_0 = 1.9426e-04
Loss = 3.1701e-03, PNorm = 59.4895, GNorm = 0.0121, lr_0 = 1.9277e-04
Loss = 1.9402e-03, PNorm = 59.4983, GNorm = 0.0066, lr_0 = 1.9130e-04
Loss = 5.5666e-03, PNorm = 59.5074, GNorm = 0.0036, lr_0 = 1.8983e-04
Validation auc = 0.867287
Epoch 22
Loss = 1.7976e-03, PNorm = 59.5157, GNorm = 0.0069, lr_0 = 1.8838e-04
Loss = 2.1371e-03, PNorm = 59.5238, GNorm = 0.0056, lr_0 = 1.8694e-04
Loss = 5.2425e-03, PNorm = 59.5305, GNorm = 0.0131, lr_0 = 1.8551e-04
Loss = 8.4862e-04, PNorm = 59.5378, GNorm = 0.0090, lr_0 = 1.8409e-04
Loss = 1.1237e-03, PNorm = 59.5455, GNorm = 0.0011, lr_0 = 1.8268e-04
Loss = 9.0281e-04, PNorm = 59.5534, GNorm = 0.0030, lr_0 = 1.8128e-04
Loss = 3.0337e-03, PNorm = 59.5631, GNorm = 0.0017, lr_0 = 1.7989e-04
Loss = 2.7190e-03, PNorm = 59.5732, GNorm = 0.0318, lr_0 = 1.7851e-04
Loss = 2.1004e-03, PNorm = 59.5823, GNorm = 0.0140, lr_0 = 1.7715e-04
Loss = 1.5933e-03, PNorm = 59.5918, GNorm = 0.0092, lr_0 = 1.7579e-04
Validation auc = 0.866697
Epoch 23
Loss = 4.1495e-03, PNorm = 59.6009, GNorm = 0.0015, lr_0 = 1.7431e-04
Loss = 1.6712e-03, PNorm = 59.6097, GNorm = 0.0961, lr_0 = 1.7298e-04
Loss = 2.7544e-03, PNorm = 59.6197, GNorm = 0.0059, lr_0 = 1.7165e-04
Loss = 2.4780e-03, PNorm = 59.6317, GNorm = 0.0471, lr_0 = 1.7034e-04
Loss = 3.8270e-03, PNorm = 59.6416, GNorm = 0.0010, lr_0 = 1.6903e-04
Loss = 1.6588e-03, PNorm = 59.6518, GNorm = 0.0008, lr_0 = 1.6774e-04
Loss = 5.5215e-03, PNorm = 59.6604, GNorm = 0.0025, lr_0 = 1.6645e-04
Loss = 3.1615e-03, PNorm = 59.6685, GNorm = 0.0065, lr_0 = 1.6518e-04
Loss = 4.0554e-03, PNorm = 59.6778, GNorm = 0.0248, lr_0 = 1.6392e-04
Loss = 1.7381e-03, PNorm = 59.6875, GNorm = 0.0113, lr_0 = 1.6266e-04
Loss = 1.4424e-03, PNorm = 59.6965, GNorm = 0.0069, lr_0 = 1.6142e-04
Validation auc = 0.864829
Epoch 24
Loss = 2.2352e-03, PNorm = 59.7051, GNorm = 0.0098, lr_0 = 1.6006e-04
Loss = 1.4710e-03, PNorm = 59.7124, GNorm = 0.0061, lr_0 = 1.5883e-04
Loss = 6.6352e-04, PNorm = 59.7191, GNorm = 0.0059, lr_0 = 1.5761e-04
Loss = 1.1054e-03, PNorm = 59.7263, GNorm = 0.0109, lr_0 = 1.5641e-04
Loss = 1.2946e-03, PNorm = 59.7336, GNorm = 0.0046, lr_0 = 1.5521e-04
Loss = 1.1684e-03, PNorm = 59.7412, GNorm = 0.0012, lr_0 = 1.5402e-04
Loss = 5.4289e-03, PNorm = 59.7486, GNorm = 0.1913, lr_0 = 1.5284e-04
Loss = 6.1598e-03, PNorm = 59.7573, GNorm = 0.2126, lr_0 = 1.5167e-04
Loss = 4.5187e-03, PNorm = 59.7669, GNorm = 0.0065, lr_0 = 1.5051e-04
Loss = 1.5227e-03, PNorm = 59.7763, GNorm = 0.0091, lr_0 = 1.4936e-04
Loss = 3.0992e-03, PNorm = 59.7869, GNorm = 0.0016, lr_0 = 1.4822e-04
Validation auc = 0.865501
Epoch 25
Loss = 1.0193e-03, PNorm = 59.7979, GNorm = 0.0002, lr_0 = 1.4708e-04
Loss = 1.4604e-03, PNorm = 59.8085, GNorm = 0.0032, lr_0 = 1.4595e-04
Loss = 6.1269e-04, PNorm = 59.8179, GNorm = 0.0039, lr_0 = 1.4484e-04
Loss = 2.5694e-03, PNorm = 59.8269, GNorm = 0.0078, lr_0 = 1.4373e-04
Loss = 3.5085e-03, PNorm = 59.8356, GNorm = 0.0513, lr_0 = 1.4263e-04
Loss = 1.5589e-03, PNorm = 59.8454, GNorm = 0.0031, lr_0 = 1.4154e-04
Loss = 1.2599e-03, PNorm = 59.8537, GNorm = 0.0368, lr_0 = 1.4045e-04
Loss = 7.9270e-04, PNorm = 59.8611, GNorm = 0.0107, lr_0 = 1.3938e-04
Loss = 1.1636e-03, PNorm = 59.8685, GNorm = 0.0793, lr_0 = 1.3831e-04
Loss = 3.7919e-03, PNorm = 59.8762, GNorm = 0.0013, lr_0 = 1.3725e-04
Loss = 6.3570e-03, PNorm = 59.8841, GNorm = 0.0013, lr_0 = 1.3620e-04
Loss = 1.0596e-03, PNorm = 59.8848, GNorm = 0.0109, lr_0 = 1.3610e-04
Validation auc = 0.865543
Epoch 26
Loss = 3.1862e-03, PNorm = 59.8923, GNorm = 0.0247, lr_0 = 1.3505e-04
Loss = 4.1842e-03, PNorm = 59.9004, GNorm = 0.0024, lr_0 = 1.3402e-04
Loss = 5.0709e-03, PNorm = 59.9095, GNorm = 0.0020, lr_0 = 1.3299e-04
Loss = 4.5696e-03, PNorm = 59.9176, GNorm = 0.0032, lr_0 = 1.3198e-04
Loss = 1.2003e-03, PNorm = 59.9246, GNorm = 0.0405, lr_0 = 1.3097e-04
Loss = 1.5426e-03, PNorm = 59.9321, GNorm = 0.0010, lr_0 = 1.2996e-04
Loss = 8.0125e-04, PNorm = 59.9388, GNorm = 0.0038, lr_0 = 1.2897e-04
Loss = 5.8458e-03, PNorm = 59.9452, GNorm = 0.0090, lr_0 = 1.2798e-04
Loss = 9.9547e-04, PNorm = 59.9529, GNorm = 0.0040, lr_0 = 1.2700e-04
Loss = 1.6300e-03, PNorm = 59.9599, GNorm = 0.0171, lr_0 = 1.2603e-04
Validation auc = 0.866424
Epoch 27
Loss = 8.9345e-04, PNorm = 59.9672, GNorm = 0.0017, lr_0 = 1.2497e-04
Loss = 4.9006e-03, PNorm = 59.9734, GNorm = 0.0533, lr_0 = 1.2401e-04
Loss = 4.3371e-03, PNorm = 59.9793, GNorm = 0.1310, lr_0 = 1.2306e-04
Loss = 1.4309e-03, PNorm = 59.9861, GNorm = 0.0023, lr_0 = 1.2212e-04
Loss = 1.4508e-03, PNorm = 59.9922, GNorm = 0.0157, lr_0 = 1.2118e-04
Loss = 1.2533e-03, PNorm = 59.9976, GNorm = 0.0027, lr_0 = 1.2026e-04
Loss = 1.1321e-03, PNorm = 60.0036, GNorm = 0.0005, lr_0 = 1.1934e-04
Loss = 1.8372e-03, PNorm = 60.0098, GNorm = 0.0025, lr_0 = 1.1842e-04
Loss = 1.7004e-03, PNorm = 60.0169, GNorm = 0.0034, lr_0 = 1.1752e-04
Loss = 1.3340e-03, PNorm = 60.0242, GNorm = 0.0001, lr_0 = 1.1662e-04
Loss = 8.7385e-04, PNorm = 60.0307, GNorm = 0.0031, lr_0 = 1.1572e-04
Validation auc = 0.866726
Epoch 28
Loss = 1.2884e-03, PNorm = 60.0368, GNorm = 0.0270, lr_0 = 1.1475e-04
Loss = 4.7850e-04, PNorm = 60.0424, GNorm = 0.0007, lr_0 = 1.1387e-04
Loss = 2.4718e-03, PNorm = 60.0481, GNorm = 0.0036, lr_0 = 1.1300e-04
Loss = 2.0013e-03, PNorm = 60.0547, GNorm = 0.0425, lr_0 = 1.1213e-04
Loss = 3.9981e-03, PNorm = 60.0594, GNorm = 0.0039, lr_0 = 1.1127e-04
Loss = 4.9465e-03, PNorm = 60.0635, GNorm = 0.1426, lr_0 = 1.1042e-04
Loss = 1.6347e-03, PNorm = 60.0684, GNorm = 0.0174, lr_0 = 1.0958e-04
Loss = 4.7720e-03, PNorm = 60.0735, GNorm = 0.0530, lr_0 = 1.0874e-04
Loss = 4.3255e-03, PNorm = 60.0802, GNorm = 0.0291, lr_0 = 1.0791e-04
Loss = 4.0834e-03, PNorm = 60.0870, GNorm = 0.0008, lr_0 = 1.0708e-04
Loss = 3.6639e-03, PNorm = 60.0936, GNorm = 0.0203, lr_0 = 1.0626e-04
Validation auc = 0.867581
Epoch 29
Loss = 1.1227e-03, PNorm = 60.1002, GNorm = 0.0074, lr_0 = 1.0545e-04
Loss = 2.7238e-03, PNorm = 60.1080, GNorm = 0.0065, lr_0 = 1.0464e-04
Loss = 7.0333e-04, PNorm = 60.1139, GNorm = 0.0009, lr_0 = 1.0384e-04
Loss = 1.3504e-03, PNorm = 60.1191, GNorm = 0.0013, lr_0 = 1.0304e-04
Loss = 1.9120e-03, PNorm = 60.1251, GNorm = 0.0115, lr_0 = 1.0225e-04
Loss = 3.1307e-03, PNorm = 60.1327, GNorm = 0.0010, lr_0 = 1.0147e-04
Loss = 1.7572e-03, PNorm = 60.1394, GNorm = 0.0036, lr_0 = 1.0069e-04
Loss = 3.9033e-03, PNorm = 60.1449, GNorm = 0.0171, lr_0 = 1.0000e-04
Loss = 1.9756e-03, PNorm = 60.1513, GNorm = 0.0045, lr_0 = 1.0000e-04
Loss = 9.3340e-04, PNorm = 60.1570, GNorm = 0.0056, lr_0 = 1.0000e-04
Validation auc = 0.867857
Model 0 best validation auc = 0.878054 on epoch 1
Loading pretrained parameter "ffn.1.weight".
Loading pretrained parameter "ffn.1.bias".
Loading pretrained parameter "ffn.4.weight".
Loading pretrained parameter "ffn.4.bias".
Model 0 test auc = 0.582787
Ensemble test auc = 0.582787
Fold 1
Splitting data with seed 1
Total scaffolds = 4,180 | train scaffolds = 3,198 | val scaffolds = 502 | test scaffolds = 480
Label averages per scaffold, in decreasing order of scaffold frequency,capped at 10 scaffolds and 20 labels:
Scaffold 0
Task 0: count = 468 | target average = 0.019231
Task 1: count = 468 | target average = 0.014957


Scaffold 1
Task 0: count = 383 | target average = 0.007833
Task 1: count = 383 | target average = 0.013055


Scaffold 2
Task 0: count = 44 | target average = 0.000000
Task 1: count = 44 | target average = 0.000000


Scaffold 3
Task 0: count = 35 | target average = 0.000000
Task 1: count = 35 | target average = 0.000000


Scaffold 4
Task 0: count = 34 | target average = 0.000000
Task 1: count = 34 | target average = 0.000000


Scaffold 5
Task 0: count = 30 | target average = 0.000000
Task 1: count = 30 | target average = 0.000000


Scaffold 6
Task 0: count = 28 | target average = 0.000000
Task 1: count = 28 | target average = 0.000000


Scaffold 7
Task 0: count = 27 | target average = 0.074074
Task 1: count = 27 | target average = 0.074074


Scaffold 8
Task 0: count = 25 | target average = 0.040000
Task 1: count = 25 | target average = 0.000000


Scaffold 9
Task 0: count = 23 | target average = 0.000000
Task 1: count = 23 | target average = 0.000000


Class sizes
hit_inh 0: 97.79%, 1: 2.21%
hit_kill 0: 98.75%, 1: 1.25%
Total size = 6,708 | train size = 5,366 | val size = 670 | test size = 672
Building model 0
MoleculeModel(
  (sigmoid): Sigmoid()
  (encoder): MPN()
  (ffn): Sequential(
    (0): Dropout(p=0.3, inplace=False)
    (1): Linear(in_features=2048, out_features=1500, bias=True)
    (2): ReLU()
    (3): Dropout(p=0.3, inplace=False)
    (4): Linear(in_features=1500, out_features=2, bias=True)
  )
)
Number of parameters = 3,076,502
Epoch 0
Loss = 5.2273e-01, PNorm = 41.6867, GNorm = 1.0061, lr_0 = 1.4626e-04
Loss = 3.1033e-01, PNorm = 41.7138, GNorm = 0.5157, lr_0 = 1.8832e-04
Loss = 1.8514e-01, PNorm = 41.7558, GNorm = 0.3386, lr_0 = 2.3037e-04
Loss = 1.4945e-01, PNorm = 41.8012, GNorm = 0.2544, lr_0 = 2.7243e-04
Loss = 1.0175e-01, PNorm = 41.8430, GNorm = 0.1603, lr_0 = 3.1449e-04
Loss = 1.0972e-01, PNorm = 41.8813, GNorm = 0.1822, lr_0 = 3.5654e-04
Loss = 1.4984e-01, PNorm = 41.9151, GNorm = 0.2426, lr_0 = 3.9860e-04
Loss = 9.6153e-02, PNorm = 41.9533, GNorm = 0.0766, lr_0 = 4.4065e-04
Loss = 8.3033e-02, PNorm = 42.0064, GNorm = 0.1376, lr_0 = 4.8271e-04
Loss = 6.2963e-02, PNorm = 42.0787, GNorm = 0.1296, lr_0 = 5.2477e-04
Validation auc = 0.750377
Epoch 1
Loss = 3.4658e-02, PNorm = 42.1726, GNorm = 0.0926, lr_0 = 5.7103e-04
Loss = 7.0551e-02, PNorm = 42.2730, GNorm = 0.2513, lr_0 = 6.1308e-04
Loss = 7.8504e-02, PNorm = 42.3788, GNorm = 0.2063, lr_0 = 6.5514e-04
Loss = 6.2485e-02, PNorm = 42.4905, GNorm = 0.1373, lr_0 = 6.9720e-04
Loss = 4.4169e-02, PNorm = 42.6153, GNorm = 0.2044, lr_0 = 7.3925e-04
Loss = 1.2188e-01, PNorm = 42.7339, GNorm = 0.0671, lr_0 = 7.8131e-04
Loss = 6.7003e-02, PNorm = 42.8902, GNorm = 0.2192, lr_0 = 8.2336e-04
Loss = 5.6827e-02, PNorm = 43.0956, GNorm = 0.1911, lr_0 = 8.6542e-04
Loss = 5.8307e-02, PNorm = 43.3506, GNorm = 0.0876, lr_0 = 9.0748e-04
Loss = 9.0600e-02, PNorm = 43.6130, GNorm = 0.0804, lr_0 = 9.4953e-04
Loss = 7.9597e-02, PNorm = 43.9044, GNorm = 0.0932, lr_0 = 9.9159e-04
Validation auc = 0.827455
Epoch 2
Loss = 3.9499e-02, PNorm = 44.2969, GNorm = 0.0529, lr_0 = 9.9311e-04
Loss = 3.5181e-02, PNorm = 44.6305, GNorm = 0.1551, lr_0 = 9.8550e-04
Loss = 2.8267e-02, PNorm = 44.9014, GNorm = 0.2367, lr_0 = 9.7796e-04
Loss = 3.9065e-02, PNorm = 45.1641, GNorm = 0.2356, lr_0 = 9.7047e-04
Loss = 3.7638e-02, PNorm = 45.4229, GNorm = 0.2043, lr_0 = 9.6304e-04
Loss = 3.8862e-02, PNorm = 45.6275, GNorm = 0.2449, lr_0 = 9.5567e-04
Loss = 3.8374e-02, PNorm = 45.8339, GNorm = 0.0236, lr_0 = 9.4835e-04
Loss = 2.8740e-02, PNorm = 46.0722, GNorm = 0.2007, lr_0 = 9.4109e-04
Loss = 4.2456e-02, PNorm = 46.3134, GNorm = 0.2114, lr_0 = 9.3389e-04
Loss = 9.1726e-02, PNorm = 46.5814, GNorm = 0.1647, lr_0 = 9.2674e-04
Loss = 4.4487e-02, PNorm = 46.9642, GNorm = 0.1439, lr_0 = 9.1964e-04
Validation auc = 0.802472
Epoch 3
Loss = 3.8135e-02, PNorm = 47.3702, GNorm = 0.0655, lr_0 = 9.1190e-04
Loss = 2.0174e-02, PNorm = 47.6972, GNorm = 0.0657, lr_0 = 9.0492e-04
Loss = 4.5762e-02, PNorm = 47.9464, GNorm = 0.2528, lr_0 = 8.9799e-04
Loss = 2.3703e-02, PNorm = 48.1625, GNorm = 0.1085, lr_0 = 8.9111e-04
Loss = 3.4165e-02, PNorm = 48.3975, GNorm = 0.1610, lr_0 = 8.8429e-04
Loss = 1.9309e-02, PNorm = 48.6506, GNorm = 0.1273, lr_0 = 8.7752e-04
Loss = 2.2320e-02, PNorm = 48.8649, GNorm = 0.0186, lr_0 = 8.7080e-04
Loss = 3.7677e-02, PNorm = 49.0815, GNorm = 0.2350, lr_0 = 8.6414e-04
Loss = 2.3878e-02, PNorm = 49.3060, GNorm = 0.0576, lr_0 = 8.5752e-04
Loss = 2.5572e-02, PNorm = 49.5558, GNorm = 0.0611, lr_0 = 8.5095e-04
Validation auc = 0.797117
Epoch 4
Loss = 5.9432e-03, PNorm = 49.7809, GNorm = 0.0319, lr_0 = 8.4444e-04
Loss = 2.5992e-02, PNorm = 49.9828, GNorm = 0.1277, lr_0 = 8.3797e-04
Loss = 1.2863e-02, PNorm = 50.1595, GNorm = 0.0254, lr_0 = 8.3156e-04
Loss = 2.0615e-02, PNorm = 50.3047, GNorm = 0.1316, lr_0 = 8.2519e-04
Loss = 1.0547e-02, PNorm = 50.4548, GNorm = 0.0565, lr_0 = 8.1888e-04
Loss = 2.1203e-02, PNorm = 50.6041, GNorm = 0.0327, lr_0 = 8.1261e-04
Loss = 1.8603e-02, PNorm = 50.7659, GNorm = 0.0971, lr_0 = 8.0638e-04
Loss = 1.5605e-02, PNorm = 50.9419, GNorm = 0.0281, lr_0 = 8.0021e-04
Loss = 1.2904e-02, PNorm = 51.1063, GNorm = 0.0359, lr_0 = 7.9408e-04
Loss = 1.5166e-02, PNorm = 51.2493, GNorm = 0.0903, lr_0 = 7.8800e-04
Loss = 1.4008e-02, PNorm = 51.3958, GNorm = 0.0725, lr_0 = 7.8197e-04
Validation auc = 0.784184
Epoch 5
Loss = 7.4286e-03, PNorm = 51.5709, GNorm = 0.0241, lr_0 = 7.7539e-04
Loss = 1.4132e-02, PNorm = 51.7040, GNorm = 0.1394, lr_0 = 7.6945e-04
Loss = 1.2145e-02, PNorm = 51.8080, GNorm = 0.0065, lr_0 = 7.6356e-04
Loss = 1.1817e-02, PNorm = 51.9048, GNorm = 0.0128, lr_0 = 7.5772e-04
Loss = 1.1315e-02, PNorm = 52.0033, GNorm = 0.0085, lr_0 = 7.5191e-04
Loss = 4.8095e-03, PNorm = 52.1063, GNorm = 0.0460, lr_0 = 7.4616e-04
Loss = 9.7520e-03, PNorm = 52.2052, GNorm = 0.0172, lr_0 = 7.4044e-04
Loss = 1.8128e-02, PNorm = 52.3081, GNorm = 0.1952, lr_0 = 7.3478e-04
Loss = 1.8487e-02, PNorm = 52.4279, GNorm = 0.0095, lr_0 = 7.2915e-04
Loss = 1.0608e-02, PNorm = 52.5729, GNorm = 0.0579, lr_0 = 7.2357e-04
Loss = 1.4579e-02, PNorm = 52.7500, GNorm = 0.0230, lr_0 = 7.1803e-04
Validation auc = 0.781422
Epoch 6
Loss = 1.3354e-02, PNorm = 52.9163, GNorm = 0.1307, lr_0 = 7.1198e-04
Loss = 5.5748e-03, PNorm = 53.0401, GNorm = 0.0534, lr_0 = 7.0653e-04
Loss = 1.4464e-02, PNorm = 53.1474, GNorm = 0.0657, lr_0 = 7.0112e-04
Loss = 9.1521e-03, PNorm = 53.2467, GNorm = 0.0160, lr_0 = 6.9576e-04
Loss = 1.0976e-02, PNorm = 53.3402, GNorm = 0.1604, lr_0 = 6.9043e-04
Loss = 6.2364e-03, PNorm = 53.4329, GNorm = 0.0764, lr_0 = 6.8514e-04
Loss = 1.0406e-02, PNorm = 53.5335, GNorm = 0.0447, lr_0 = 6.7990e-04
Loss = 1.2038e-02, PNorm = 53.6346, GNorm = 0.0296, lr_0 = 6.7469e-04
Loss = 6.0046e-03, PNorm = 53.7151, GNorm = 0.0195, lr_0 = 6.6953e-04
Loss = 1.0898e-02, PNorm = 53.7849, GNorm = 0.0185, lr_0 = 6.6440e-04
Loss = 1.0888e-02, PNorm = 53.8691, GNorm = 0.0106, lr_0 = 6.5931e-04
Validation auc = 0.779932
Epoch 7
Loss = 6.5342e-03, PNorm = 53.9556, GNorm = 0.1893, lr_0 = 6.5427e-04
Loss = 7.8698e-03, PNorm = 54.0405, GNorm = 0.0737, lr_0 = 6.4926e-04
Loss = 6.4888e-03, PNorm = 54.1183, GNorm = 0.0324, lr_0 = 6.4429e-04
Loss = 8.2472e-03, PNorm = 54.1959, GNorm = 0.0300, lr_0 = 6.3935e-04
Loss = 1.0589e-02, PNorm = 54.2735, GNorm = 0.1414, lr_0 = 6.3446e-04
Loss = 7.2179e-03, PNorm = 54.3442, GNorm = 0.0041, lr_0 = 6.2960e-04
Loss = 6.8469e-03, PNorm = 54.4123, GNorm = 0.0076, lr_0 = 6.2478e-04
Loss = 5.7133e-03, PNorm = 54.4819, GNorm = 0.0326, lr_0 = 6.2000e-04
Loss = 7.0839e-03, PNorm = 54.5415, GNorm = 0.0330, lr_0 = 6.1525e-04
Loss = 1.6347e-02, PNorm = 54.6082, GNorm = 0.0526, lr_0 = 6.1054e-04
Validation auc = 0.777624
Epoch 8
Loss = 1.2747e-02, PNorm = 54.7018, GNorm = 0.0316, lr_0 = 6.0540e-04
Loss = 1.0356e-02, PNorm = 54.7838, GNorm = 0.0039, lr_0 = 6.0077e-04
Loss = 6.5472e-03, PNorm = 54.8529, GNorm = 0.0127, lr_0 = 5.9617e-04
Loss = 4.6167e-03, PNorm = 54.9173, GNorm = 0.0523, lr_0 = 5.9160e-04
Loss = 1.2650e-02, PNorm = 54.9710, GNorm = 0.0538, lr_0 = 5.8707e-04
Loss = 7.2730e-03, PNorm = 55.0317, GNorm = 0.0020, lr_0 = 5.8258e-04
Loss = 4.2113e-03, PNorm = 55.0923, GNorm = 0.2007, lr_0 = 5.7812e-04
Loss = 1.0073e-02, PNorm = 55.1557, GNorm = 0.2634, lr_0 = 5.7369e-04
Loss = 3.6136e-03, PNorm = 55.2218, GNorm = 0.0147, lr_0 = 5.6930e-04
Loss = 7.5970e-03, PNorm = 55.2934, GNorm = 0.0533, lr_0 = 5.6494e-04
Loss = 8.8868e-03, PNorm = 55.3658, GNorm = 0.0140, lr_0 = 5.6062e-04
Validation auc = 0.769750
Epoch 9
Loss = 4.4517e-03, PNorm = 55.4424, GNorm = 0.1196, lr_0 = 5.5590e-04
Loss = 5.7801e-03, PNorm = 55.5208, GNorm = 0.0577, lr_0 = 5.5164e-04
Loss = 1.0225e-02, PNorm = 55.6026, GNorm = 0.0116, lr_0 = 5.4742e-04
Loss = 4.3692e-03, PNorm = 55.6798, GNorm = 0.0065, lr_0 = 5.4323e-04
Loss = 2.6417e-03, PNorm = 55.7393, GNorm = 0.0048, lr_0 = 5.3907e-04
Loss = 1.1452e-02, PNorm = 55.7900, GNorm = 0.1351, lr_0 = 5.3494e-04
Loss = 1.0821e-02, PNorm = 55.8508, GNorm = 0.0420, lr_0 = 5.3084e-04
Loss = 4.8254e-03, PNorm = 55.9055, GNorm = 0.0604, lr_0 = 5.2678e-04
Loss = 3.1667e-03, PNorm = 55.9527, GNorm = 0.0567, lr_0 = 5.2275e-04
Loss = 4.1568e-03, PNorm = 55.9936, GNorm = 0.0589, lr_0 = 5.1874e-04
Loss = 3.3956e-03, PNorm = 56.0331, GNorm = 0.0123, lr_0 = 5.1477e-04
Validation auc = 0.769696
Epoch 10
Loss = 6.3486e-03, PNorm = 56.0682, GNorm = 0.0107, lr_0 = 5.1083e-04
Loss = 5.0943e-03, PNorm = 56.0990, GNorm = 0.0437, lr_0 = 5.0692e-04
Loss = 4.7580e-03, PNorm = 56.1317, GNorm = 0.0300, lr_0 = 5.0304e-04
Loss = 9.7477e-03, PNorm = 56.1690, GNorm = 0.0267, lr_0 = 4.9919e-04
Loss = 2.8274e-03, PNorm = 56.2111, GNorm = 0.0564, lr_0 = 4.9537e-04
Loss = 5.2199e-03, PNorm = 56.2540, GNorm = 0.0086, lr_0 = 4.9157e-04
Loss = 3.6778e-03, PNorm = 56.3002, GNorm = 0.0090, lr_0 = 4.8781e-04
Loss = 8.1152e-03, PNorm = 56.3414, GNorm = 0.0939, lr_0 = 4.8408e-04
Loss = 2.7898e-03, PNorm = 56.3834, GNorm = 0.0068, lr_0 = 4.8037e-04
Loss = 3.3702e-03, PNorm = 56.4193, GNorm = 0.0544, lr_0 = 4.7669e-04
Loss = 8.0830e-03, PNorm = 56.4632, GNorm = 0.0230, lr_0 = 4.7304e-04
Loss = 5.9606e-04, PNorm = 56.4675, GNorm = 0.0090, lr_0 = 4.7268e-04
Validation auc = 0.764135
Epoch 11
Loss = 5.6700e-03, PNorm = 56.5075, GNorm = 0.0805, lr_0 = 4.6906e-04
Loss = 8.8205e-03, PNorm = 56.5444, GNorm = 0.1354, lr_0 = 4.6547e-04
Loss = 4.3757e-03, PNorm = 56.5870, GNorm = 0.0135, lr_0 = 4.6191e-04
Loss = 7.4050e-03, PNorm = 56.6305, GNorm = 0.0436, lr_0 = 4.5837e-04
Loss = 9.7491e-03, PNorm = 56.6692, GNorm = 0.0856, lr_0 = 4.5486e-04
Loss = 4.8541e-03, PNorm = 56.7029, GNorm = 0.0639, lr_0 = 4.5138e-04
Loss = 2.4089e-03, PNorm = 56.7345, GNorm = 0.0025, lr_0 = 4.4792e-04
Loss = 6.9912e-03, PNorm = 56.7582, GNorm = 0.0017, lr_0 = 4.4449e-04
Loss = 6.0996e-03, PNorm = 56.7871, GNorm = 0.0066, lr_0 = 4.4109e-04
Loss = 4.9393e-03, PNorm = 56.8182, GNorm = 0.1022, lr_0 = 4.3771e-04
Validation auc = 0.762121
Epoch 12
Loss = 4.2628e-03, PNorm = 56.8589, GNorm = 0.0522, lr_0 = 4.3403e-04
Loss = 2.5545e-03, PNorm = 56.8927, GNorm = 0.0114, lr_0 = 4.3070e-04
Loss = 1.3148e-02, PNorm = 56.9237, GNorm = 0.0537, lr_0 = 4.2741e-04
Loss = 3.7031e-03, PNorm = 56.9515, GNorm = 0.0021, lr_0 = 4.2413e-04
Loss = 5.1348e-03, PNorm = 56.9763, GNorm = 0.0060, lr_0 = 4.2089e-04
Loss = 2.4315e-03, PNorm = 57.0018, GNorm = 0.0636, lr_0 = 4.1766e-04
Loss = 9.7151e-03, PNorm = 57.0268, GNorm = 0.0036, lr_0 = 4.1447e-04
Loss = 5.5219e-03, PNorm = 57.0525, GNorm = 0.0030, lr_0 = 4.1129e-04
Loss = 2.6455e-03, PNorm = 57.0754, GNorm = 0.0393, lr_0 = 4.0814e-04
Loss = 6.0606e-03, PNorm = 57.0984, GNorm = 0.0033, lr_0 = 4.0502e-04
Loss = 4.2453e-03, PNorm = 57.1265, GNorm = 0.0730, lr_0 = 4.0192e-04
Validation auc = 0.756900
Epoch 13
Loss = 4.0942e-03, PNorm = 57.1653, GNorm = 0.0130, lr_0 = 3.9884e-04
Loss = 7.0409e-03, PNorm = 57.1981, GNorm = 0.0016, lr_0 = 3.9579e-04
Loss = 5.5114e-03, PNorm = 57.2239, GNorm = 0.0010, lr_0 = 3.9276e-04
Loss = 1.0777e-02, PNorm = 57.2467, GNorm = 0.0056, lr_0 = 3.8975e-04
Loss = 4.6828e-03, PNorm = 57.2722, GNorm = 0.0195, lr_0 = 3.8677e-04
Loss = 5.8757e-03, PNorm = 57.3013, GNorm = 0.0971, lr_0 = 3.8381e-04
Loss = 2.8222e-03, PNorm = 57.3282, GNorm = 0.0093, lr_0 = 3.8087e-04
Loss = 8.1931e-03, PNorm = 57.3533, GNorm = 0.0945, lr_0 = 3.7795e-04
Loss = 2.2635e-03, PNorm = 57.3837, GNorm = 0.0147, lr_0 = 3.7506e-04
Loss = 4.0965e-03, PNorm = 57.4143, GNorm = 0.0043, lr_0 = 3.7219e-04
Loss = 1.3596e-03, PNorm = 57.4495, GNorm = 0.0026, lr_0 = 3.6934e-04
Validation auc = 0.758140
Epoch 14
Loss = 3.0524e-03, PNorm = 57.4844, GNorm = 0.0029, lr_0 = 3.6623e-04
Loss = 4.2057e-03, PNorm = 57.5149, GNorm = 0.0373, lr_0 = 3.6342e-04
Loss = 5.9285e-03, PNorm = 57.5456, GNorm = 0.0534, lr_0 = 3.6064e-04
Loss = 2.1764e-03, PNorm = 57.5790, GNorm = 0.0118, lr_0 = 3.5788e-04
Loss = 5.6138e-03, PNorm = 57.6162, GNorm = 0.0063, lr_0 = 3.5514e-04
Loss = 1.3523e-03, PNorm = 57.6450, GNorm = 0.0057, lr_0 = 3.5242e-04
Loss = 5.6566e-03, PNorm = 57.6728, GNorm = 0.0052, lr_0 = 3.4972e-04
Loss = 7.8025e-03, PNorm = 57.6958, GNorm = 0.0266, lr_0 = 3.4705e-04
Loss = 5.8300e-03, PNorm = 57.7206, GNorm = 0.0080, lr_0 = 3.4439e-04
Loss = 3.9892e-03, PNorm = 57.7473, GNorm = 0.0485, lr_0 = 3.4175e-04
Validation auc = 0.756671
Epoch 15
Loss = 6.3607e-04, PNorm = 57.7767, GNorm = 0.0040, lr_0 = 3.3888e-04
Loss = 1.5895e-03, PNorm = 57.7972, GNorm = 0.0294, lr_0 = 3.3628e-04
Loss = 1.2196e-03, PNorm = 57.8174, GNorm = 0.0202, lr_0 = 3.3371e-04
Loss = 3.3221e-03, PNorm = 57.8362, GNorm = 0.0436, lr_0 = 3.3115e-04
Loss = 4.7538e-03, PNorm = 57.8549, GNorm = 0.0070, lr_0 = 3.2862e-04
Loss = 5.5108e-03, PNorm = 57.8751, GNorm = 0.0690, lr_0 = 3.2610e-04
Loss = 7.3303e-03, PNorm = 57.9015, GNorm = 0.0898, lr_0 = 3.2360e-04
Loss = 2.3309e-03, PNorm = 57.9255, GNorm = 0.1031, lr_0 = 3.2113e-04
Loss = 1.9266e-03, PNorm = 57.9474, GNorm = 0.0010, lr_0 = 3.1867e-04
Loss = 3.4188e-03, PNorm = 57.9661, GNorm = 0.0090, lr_0 = 3.1623e-04
Loss = 8.3310e-03, PNorm = 57.9826, GNorm = 0.0492, lr_0 = 3.1381e-04
Validation auc = 0.761451
Epoch 16
Loss = 8.6571e-04, PNorm = 58.0021, GNorm = 0.0033, lr_0 = 3.1140e-04
Loss = 5.4724e-03, PNorm = 58.0307, GNorm = 0.0011, lr_0 = 3.0902e-04
Loss = 3.7983e-03, PNorm = 58.0543, GNorm = 0.0802, lr_0 = 3.0665e-04
Loss = 3.9395e-03, PNorm = 58.0779, GNorm = 0.1604, lr_0 = 3.0431e-04
Loss = 3.6352e-03, PNorm = 58.1046, GNorm = 0.1348, lr_0 = 3.0198e-04
Loss = 6.2565e-03, PNorm = 58.1246, GNorm = 0.1531, lr_0 = 2.9966e-04
Loss = 3.9763e-03, PNorm = 58.1435, GNorm = 0.0406, lr_0 = 2.9737e-04
Loss = 2.8428e-03, PNorm = 58.1606, GNorm = 0.1491, lr_0 = 2.9509e-04
Loss = 1.6942e-03, PNorm = 58.1796, GNorm = 0.0053, lr_0 = 2.9283e-04
Loss = 2.3654e-03, PNorm = 58.1965, GNorm = 0.0093, lr_0 = 2.9059e-04
Loss = 2.4284e-03, PNorm = 58.2111, GNorm = 0.0445, lr_0 = 2.8837e-04
Validation auc = 0.757855
Epoch 17
Loss = 2.0336e-03, PNorm = 58.2298, GNorm = 0.0020, lr_0 = 2.8594e-04
Loss = 5.1435e-03, PNorm = 58.2470, GNorm = 0.1024, lr_0 = 2.8375e-04
Loss = 5.3551e-03, PNorm = 58.2650, GNorm = 0.1202, lr_0 = 2.8158e-04
Loss = 3.3838e-03, PNorm = 58.2847, GNorm = 0.0267, lr_0 = 2.7942e-04
Loss = 1.8039e-03, PNorm = 58.3030, GNorm = 0.0188, lr_0 = 2.7728e-04
Loss = 2.1899e-03, PNorm = 58.3210, GNorm = 0.0190, lr_0 = 2.7516e-04
Loss = 3.8968e-03, PNorm = 58.3382, GNorm = 0.1098, lr_0 = 2.7305e-04
Loss = 3.7051e-03, PNorm = 58.3587, GNorm = 0.0068, lr_0 = 2.7096e-04
Loss = 1.7717e-03, PNorm = 58.3770, GNorm = 0.0008, lr_0 = 2.6889e-04
Loss = 1.4081e-03, PNorm = 58.3924, GNorm = 0.0147, lr_0 = 2.6683e-04
Loss = 3.9320e-03, PNorm = 58.4085, GNorm = 0.0173, lr_0 = 2.6479e-04
Validation auc = 0.755445
Epoch 18
Loss = 1.8382e-03, PNorm = 58.4236, GNorm = 0.0349, lr_0 = 2.6256e-04
Loss = 3.2140e-03, PNorm = 58.4384, GNorm = 0.0042, lr_0 = 2.6055e-04
Loss = 1.2584e-03, PNorm = 58.4527, GNorm = 0.0100, lr_0 = 2.5855e-04
Loss = 2.6306e-03, PNorm = 58.4656, GNorm = 0.0410, lr_0 = 2.5657e-04
Loss = 2.2269e-03, PNorm = 58.4775, GNorm = 0.0095, lr_0 = 2.5461e-04
Loss = 7.2544e-03, PNorm = 58.4930, GNorm = 0.2295, lr_0 = 2.5266e-04
Loss = 3.9224e-03, PNorm = 58.5162, GNorm = 0.0084, lr_0 = 2.5073e-04
Loss = 1.9636e-03, PNorm = 58.5341, GNorm = 0.0091, lr_0 = 2.4881e-04
Loss = 2.7256e-03, PNorm = 58.5490, GNorm = 0.0127, lr_0 = 2.4690e-04
Loss = 2.2232e-03, PNorm = 58.5659, GNorm = 0.0442, lr_0 = 2.4501e-04
Validation auc = 0.758090
Epoch 19
Loss = 2.0535e-02, PNorm = 58.5844, GNorm = 0.1992, lr_0 = 2.4314e-04
Loss = 2.3287e-03, PNorm = 58.5991, GNorm = 0.0004, lr_0 = 2.4127e-04
Loss = 1.6989e-03, PNorm = 58.6119, GNorm = 0.0052, lr_0 = 2.3943e-04
Loss = 1.5800e-02, PNorm = 58.6271, GNorm = 0.1583, lr_0 = 2.3759e-04
Loss = 2.0732e-03, PNorm = 58.6424, GNorm = 0.0268, lr_0 = 2.3577e-04
Loss = 1.1104e-03, PNorm = 58.6567, GNorm = 0.0008, lr_0 = 2.3397e-04
Loss = 3.0004e-03, PNorm = 58.6714, GNorm = 0.0068, lr_0 = 2.3218e-04
Loss = 9.2372e-04, PNorm = 58.6852, GNorm = 0.0072, lr_0 = 2.3040e-04
Loss = 2.9134e-03, PNorm = 58.6970, GNorm = 0.0027, lr_0 = 2.2864e-04
Loss = 2.8149e-03, PNorm = 58.7091, GNorm = 0.0819, lr_0 = 2.2689e-04
Loss = 1.3363e-03, PNorm = 58.7223, GNorm = 0.0006, lr_0 = 2.2515e-04
Validation auc = 0.759821
Epoch 20
Loss = 1.7907e-03, PNorm = 58.7337, GNorm = 0.0393, lr_0 = 2.2325e-04
Loss = 2.8830e-03, PNorm = 58.7471, GNorm = 0.0034, lr_0 = 2.2154e-04
Loss = 2.2900e-03, PNorm = 58.7637, GNorm = 0.0202, lr_0 = 2.1985e-04
Loss = 2.2908e-03, PNorm = 58.7791, GNorm = 0.0223, lr_0 = 2.1816e-04
Loss = 1.6841e-03, PNorm = 58.7956, GNorm = 0.0714, lr_0 = 2.1649e-04
Loss = 3.7236e-03, PNorm = 58.8087, GNorm = 0.0049, lr_0 = 2.1484e-04
Loss = 8.3432e-03, PNorm = 58.8216, GNorm = 0.1500, lr_0 = 2.1319e-04
Loss = 6.1795e-03, PNorm = 58.8340, GNorm = 0.1915, lr_0 = 2.1156e-04
Loss = 2.7727e-03, PNorm = 58.8472, GNorm = 0.0043, lr_0 = 2.0994e-04
Loss = 1.9909e-03, PNorm = 58.8575, GNorm = 0.0978, lr_0 = 2.0833e-04
Loss = 2.8310e-03, PNorm = 58.8681, GNorm = 0.0023, lr_0 = 2.0674e-04
Validation auc = 0.757923
Epoch 21
Loss = 2.9525e-03, PNorm = 58.8832, GNorm = 0.0276, lr_0 = 2.0500e-04
Loss = 1.8833e-03, PNorm = 58.8962, GNorm = 0.0105, lr_0 = 2.0343e-04
Loss = 8.5965e-04, PNorm = 58.9066, GNorm = 0.0048, lr_0 = 2.0187e-04
Loss = 2.2786e-03, PNorm = 58.9166, GNorm = 0.0011, lr_0 = 2.0033e-04
Loss = 7.5959e-04, PNorm = 58.9268, GNorm = 0.0008, lr_0 = 1.9879e-04
Loss = 2.8696e-03, PNorm = 58.9368, GNorm = 0.0079, lr_0 = 1.9727e-04
Loss = 1.6001e-03, PNorm = 58.9468, GNorm = 0.0188, lr_0 = 1.9576e-04
Loss = 2.8994e-03, PNorm = 58.9569, GNorm = 0.0025, lr_0 = 1.9426e-04
Loss = 8.4581e-03, PNorm = 58.9666, GNorm = 0.0040, lr_0 = 1.9277e-04
Loss = 4.1132e-03, PNorm = 58.9808, GNorm = 0.1708, lr_0 = 1.9130e-04
Loss = 9.3503e-04, PNorm = 58.9950, GNorm = 0.0050, lr_0 = 1.8983e-04
Validation auc = 0.760751
Epoch 22
Loss = 2.2462e-03, PNorm = 59.0072, GNorm = 0.0055, lr_0 = 1.8838e-04
Loss = 7.1066e-04, PNorm = 59.0171, GNorm = 0.0002, lr_0 = 1.8694e-04
Loss = 3.1682e-03, PNorm = 59.0253, GNorm = 0.0070, lr_0 = 1.8551e-04
Loss = 9.3249e-04, PNorm = 59.0339, GNorm = 0.0482, lr_0 = 1.8409e-04
Loss = 2.2671e-03, PNorm = 59.0444, GNorm = 0.1300, lr_0 = 1.8268e-04
Loss = 2.0865e-03, PNorm = 59.0554, GNorm = 0.0253, lr_0 = 1.8128e-04
Loss = 2.9283e-03, PNorm = 59.0667, GNorm = 0.0984, lr_0 = 1.7989e-04
Loss = 6.0003e-04, PNorm = 59.0783, GNorm = 0.0032, lr_0 = 1.7851e-04
Loss = 5.6804e-03, PNorm = 59.0899, GNorm = 0.0010, lr_0 = 1.7715e-04
Loss = 2.7032e-03, PNorm = 59.0990, GNorm = 0.0044, lr_0 = 1.7579e-04
Validation auc = 0.759382
Epoch 23
Loss = 1.4958e-03, PNorm = 59.1066, GNorm = 0.0095, lr_0 = 1.7431e-04
Loss = 2.1133e-03, PNorm = 59.1147, GNorm = 0.0980, lr_0 = 1.7298e-04
Loss = 1.8213e-03, PNorm = 59.1245, GNorm = 0.0083, lr_0 = 1.7165e-04
Loss = 2.3724e-03, PNorm = 59.1324, GNorm = 0.0176, lr_0 = 1.7034e-04
Loss = 6.4126e-04, PNorm = 59.1393, GNorm = 0.0009, lr_0 = 1.6903e-04
Loss = 2.7689e-03, PNorm = 59.1469, GNorm = 0.0430, lr_0 = 1.6774e-04
Loss = 2.4499e-03, PNorm = 59.1551, GNorm = 0.0072, lr_0 = 1.6645e-04
Loss = 5.0395e-03, PNorm = 59.1638, GNorm = 0.0012, lr_0 = 1.6518e-04
Loss = 4.9104e-03, PNorm = 59.1722, GNorm = 0.0169, lr_0 = 1.6392e-04
Loss = 4.7740e-03, PNorm = 59.1817, GNorm = 0.0074, lr_0 = 1.6266e-04
Loss = 3.9335e-04, PNorm = 59.1904, GNorm = 0.0017, lr_0 = 1.6142e-04
Validation auc = 0.760035
Epoch 24
Loss = 1.5773e-03, PNorm = 59.1980, GNorm = 0.0272, lr_0 = 1.6006e-04
Loss = 2.9039e-03, PNorm = 59.2069, GNorm = 0.1595, lr_0 = 1.5883e-04
Loss = 9.5629e-04, PNorm = 59.2163, GNorm = 0.0046, lr_0 = 1.5761e-04
Loss = 1.3946e-03, PNorm = 59.2233, GNorm = 0.0017, lr_0 = 1.5641e-04
Loss = 3.2460e-03, PNorm = 59.2300, GNorm = 0.0452, lr_0 = 1.5521e-04
Loss = 1.2989e-03, PNorm = 59.2370, GNorm = 0.0342, lr_0 = 1.5402e-04
Loss = 4.4065e-03, PNorm = 59.2432, GNorm = 0.0185, lr_0 = 1.5284e-04
Loss = 1.7934e-03, PNorm = 59.2524, GNorm = 0.0043, lr_0 = 1.5167e-04
Loss = 6.1345e-03, PNorm = 59.2615, GNorm = 0.1009, lr_0 = 1.5051e-04
Loss = 1.0555e-03, PNorm = 59.2722, GNorm = 0.0006, lr_0 = 1.4936e-04
Loss = 1.4645e-03, PNorm = 59.2811, GNorm = 0.0013, lr_0 = 1.4822e-04
Validation auc = 0.759501
Epoch 25
Loss = 3.5245e-03, PNorm = 59.2894, GNorm = 0.0005, lr_0 = 1.4708e-04
Loss = 2.8091e-03, PNorm = 59.2989, GNorm = 0.0114, lr_0 = 1.4595e-04
Loss = 3.0048e-03, PNorm = 59.3081, GNorm = 0.0014, lr_0 = 1.4484e-04
Loss = 2.4238e-03, PNorm = 59.3164, GNorm = 0.0183, lr_0 = 1.4373e-04
Loss = 3.6036e-03, PNorm = 59.3250, GNorm = 0.0008, lr_0 = 1.4263e-04
Loss = 2.9760e-03, PNorm = 59.3315, GNorm = 0.0095, lr_0 = 1.4154e-04
Loss = 1.4180e-03, PNorm = 59.3394, GNorm = 0.0031, lr_0 = 1.4045e-04
Loss = 2.3916e-03, PNorm = 59.3459, GNorm = 0.0405, lr_0 = 1.3938e-04
Loss = 8.0091e-03, PNorm = 59.3530, GNorm = 0.0388, lr_0 = 1.3831e-04
Loss = 1.9442e-03, PNorm = 59.3628, GNorm = 0.0019, lr_0 = 1.3725e-04
Loss = 1.8749e-03, PNorm = 59.3713, GNorm = 0.0903, lr_0 = 1.3620e-04
Loss = 1.1471e-03, PNorm = 59.3720, GNorm = 0.0058, lr_0 = 1.3610e-04
Validation auc = 0.758764
Epoch 26
Loss = 2.1491e-03, PNorm = 59.3797, GNorm = 0.1371, lr_0 = 1.3505e-04
Loss = 2.1021e-03, PNorm = 59.3869, GNorm = 0.0008, lr_0 = 1.3402e-04
Loss = 6.9594e-03, PNorm = 59.3948, GNorm = 0.0192, lr_0 = 1.3299e-04
Loss = 2.0267e-03, PNorm = 59.4018, GNorm = 0.0027, lr_0 = 1.3198e-04
Loss = 1.2966e-03, PNorm = 59.4091, GNorm = 0.0044, lr_0 = 1.3097e-04
Loss = 8.4981e-04, PNorm = 59.4166, GNorm = 0.0020, lr_0 = 1.2996e-04
Loss = 1.9329e-03, PNorm = 59.4226, GNorm = 0.1350, lr_0 = 1.2897e-04
Loss = 2.2359e-03, PNorm = 59.4282, GNorm = 0.0053, lr_0 = 1.2798e-04
Loss = 8.2213e-04, PNorm = 59.4338, GNorm = 0.0012, lr_0 = 1.2700e-04
Loss = 1.1607e-03, PNorm = 59.4392, GNorm = 0.0084, lr_0 = 1.2603e-04
Validation auc = 0.759071
Epoch 27
Loss = 3.9711e-04, PNorm = 59.4462, GNorm = 0.0047, lr_0 = 1.2497e-04
Loss = 2.0783e-03, PNorm = 59.4517, GNorm = 0.0020, lr_0 = 1.2401e-04
Loss = 2.1909e-03, PNorm = 59.4571, GNorm = 0.0825, lr_0 = 1.2306e-04
Loss = 2.8592e-03, PNorm = 59.4629, GNorm = 0.0077, lr_0 = 1.2212e-04
Loss = 3.5870e-04, PNorm = 59.4684, GNorm = 0.0041, lr_0 = 1.2118e-04
Loss = 1.7862e-03, PNorm = 59.4734, GNorm = 0.0024, lr_0 = 1.2026e-04
Loss = 3.8742e-03, PNorm = 59.4787, GNorm = 0.0137, lr_0 = 1.1934e-04
Loss = 1.3916e-03, PNorm = 59.4839, GNorm = 0.0008, lr_0 = 1.1842e-04
Loss = 1.9278e-03, PNorm = 59.4887, GNorm = 0.0121, lr_0 = 1.1752e-04
Loss = 2.5507e-03, PNorm = 59.4936, GNorm = 0.0024, lr_0 = 1.1662e-04
Loss = 1.9181e-03, PNorm = 59.4984, GNorm = 0.0004, lr_0 = 1.1572e-04
Validation auc = 0.758982
Epoch 28
Loss = 1.6973e-03, PNorm = 59.5036, GNorm = 0.0461, lr_0 = 1.1475e-04
Loss = 1.0834e-03, PNorm = 59.5097, GNorm = 0.0330, lr_0 = 1.1387e-04
Loss = 7.4496e-04, PNorm = 59.5148, GNorm = 0.0115, lr_0 = 1.1300e-04
Loss = 3.7451e-03, PNorm = 59.5201, GNorm = 0.0804, lr_0 = 1.1213e-04
Loss = 2.5970e-03, PNorm = 59.5258, GNorm = 0.0313, lr_0 = 1.1127e-04
Loss = 9.9261e-04, PNorm = 59.5312, GNorm = 0.0516, lr_0 = 1.1042e-04
Loss = 3.0429e-03, PNorm = 59.5365, GNorm = 0.0037, lr_0 = 1.0958e-04
Loss = 1.7266e-03, PNorm = 59.5418, GNorm = 0.0034, lr_0 = 1.0874e-04
Loss = 1.6057e-03, PNorm = 59.5485, GNorm = 0.0683, lr_0 = 1.0791e-04
Loss = 9.0559e-04, PNorm = 59.5552, GNorm = 0.0113, lr_0 = 1.0708e-04
Loss = 5.8075e-04, PNorm = 59.5609, GNorm = 0.0028, lr_0 = 1.0626e-04
Validation auc = 0.757865
Epoch 29
Loss = 1.8417e-03, PNorm = 59.5663, GNorm = 0.0126, lr_0 = 1.0545e-04
Loss = 1.1843e-03, PNorm = 59.5716, GNorm = 0.0100, lr_0 = 1.0464e-04
Loss = 1.0069e-03, PNorm = 59.5766, GNorm = 0.0206, lr_0 = 1.0384e-04
Loss = 2.0365e-03, PNorm = 59.5822, GNorm = 0.0033, lr_0 = 1.0304e-04
Loss = 6.5715e-03, PNorm = 59.5873, GNorm = 0.0239, lr_0 = 1.0225e-04
Loss = 9.1653e-04, PNorm = 59.5926, GNorm = 0.0221, lr_0 = 1.0147e-04
Loss = 6.2836e-04, PNorm = 59.5979, GNorm = 0.0234, lr_0 = 1.0069e-04
Loss = 5.8912e-04, PNorm = 59.6028, GNorm = 0.0004, lr_0 = 1.0000e-04
Loss = 7.6830e-03, PNorm = 59.6062, GNorm = 0.0040, lr_0 = 1.0000e-04
Loss = 1.2714e-03, PNorm = 59.6104, GNorm = 0.0023, lr_0 = 1.0000e-04
Validation auc = 0.757928
Model 0 best validation auc = 0.827455 on epoch 1
Loading pretrained parameter "ffn.1.weight".
Loading pretrained parameter "ffn.1.bias".
Loading pretrained parameter "ffn.4.weight".
Loading pretrained parameter "ffn.4.bias".
Model 0 test auc = 0.697071
Ensemble test auc = 0.697071
Fold 2
Splitting data with seed 2
Total scaffolds = 4,180 | train scaffolds = 3,157 | val scaffolds = 507 | test scaffolds = 516
Label averages per scaffold, in decreasing order of scaffold frequency,capped at 10 scaffolds and 20 labels:
Scaffold 0
Task 0: count = 468 | target average = 0.019231
Task 1: count = 468 | target average = 0.014957


Scaffold 1
Task 0: count = 383 | target average = 0.007833
Task 1: count = 383 | target average = 0.013055


Scaffold 2
Task 0: count = 44 | target average = 0.000000
Task 1: count = 44 | target average = 0.000000


Scaffold 3
Task 0: count = 35 | target average = 0.000000
Task 1: count = 35 | target average = 0.000000


Scaffold 4
Task 0: count = 34 | target average = 0.000000
Task 1: count = 34 | target average = 0.000000


Scaffold 5
Task 0: count = 30 | target average = 0.000000
Task 1: count = 30 | target average = 0.000000


Scaffold 6
Task 0: count = 28 | target average = 0.000000
Task 1: count = 28 | target average = 0.000000


Scaffold 7
Task 0: count = 27 | target average = 0.074074
Task 1: count = 27 | target average = 0.074074


Scaffold 8
Task 0: count = 25 | target average = 0.040000
Task 1: count = 25 | target average = 0.000000


Scaffold 9
Task 0: count = 23 | target average = 0.000000
Task 1: count = 23 | target average = 0.000000


Class sizes
hit_inh 0: 97.79%, 1: 2.21%
hit_kill 0: 98.75%, 1: 1.25%
Total size = 6,708 | train size = 5,366 | val size = 670 | test size = 672
Building model 0
MoleculeModel(
  (sigmoid): Sigmoid()
  (encoder): MPN()
  (ffn): Sequential(
    (0): Dropout(p=0.3, inplace=False)
    (1): Linear(in_features=2048, out_features=1500, bias=True)
    (2): ReLU()
    (3): Dropout(p=0.3, inplace=False)
    (4): Linear(in_features=1500, out_features=2, bias=True)
  )
)
Number of parameters = 3,076,502
Epoch 0
Loss = 5.1783e-01, PNorm = 41.6871, GNorm = 1.0016, lr_0 = 1.4626e-04
Loss = 2.9734e-01, PNorm = 41.7142, GNorm = 0.5767, lr_0 = 1.8832e-04
Loss = 1.8737e-01, PNorm = 41.7560, GNorm = 0.3395, lr_0 = 2.3037e-04
Loss = 9.7406e-02, PNorm = 41.8043, GNorm = 0.1999, lr_0 = 2.7243e-04
Loss = 9.0749e-02, PNorm = 41.8501, GNorm = 0.2025, lr_0 = 3.1449e-04
Loss = 1.3289e-01, PNorm = 41.8849, GNorm = 0.1354, lr_0 = 3.5654e-04
Loss = 9.6644e-02, PNorm = 41.9186, GNorm = 0.1865, lr_0 = 3.9860e-04
Loss = 9.4660e-02, PNorm = 41.9590, GNorm = 0.1240, lr_0 = 4.4065e-04
Loss = 1.1202e-01, PNorm = 42.0073, GNorm = 0.1624, lr_0 = 4.8271e-04
Loss = 1.3591e-01, PNorm = 42.0656, GNorm = 0.2591, lr_0 = 5.2477e-04
Validation auc = 0.612285
Epoch 1
Loss = 4.6483e-02, PNorm = 42.1619, GNorm = 0.1052, lr_0 = 5.7103e-04
Loss = 6.6026e-02, PNorm = 42.2719, GNorm = 0.2081, lr_0 = 6.1308e-04
Loss = 6.9567e-02, PNorm = 42.3949, GNorm = 0.0913, lr_0 = 6.5514e-04
Loss = 5.9133e-02, PNorm = 42.5341, GNorm = 0.2449, lr_0 = 6.9720e-04
Loss = 6.2108e-02, PNorm = 42.6819, GNorm = 0.1991, lr_0 = 7.3925e-04
Loss = 6.1400e-02, PNorm = 42.8396, GNorm = 0.1174, lr_0 = 7.8131e-04
Loss = 5.0741e-02, PNorm = 43.0078, GNorm = 0.1416, lr_0 = 8.2336e-04
Loss = 3.0234e-02, PNorm = 43.1970, GNorm = 0.1135, lr_0 = 8.6542e-04
Loss = 6.1876e-02, PNorm = 43.3928, GNorm = 0.0753, lr_0 = 9.0748e-04
Loss = 9.4199e-02, PNorm = 43.6005, GNorm = 0.2243, lr_0 = 9.4953e-04
Loss = 5.2702e-02, PNorm = 43.8771, GNorm = 0.1525, lr_0 = 9.9159e-04
Validation auc = 0.666759
Epoch 2
Loss = 4.2451e-02, PNorm = 44.2298, GNorm = 0.0900, lr_0 = 9.9311e-04
Loss = 4.1875e-02, PNorm = 44.5907, GNorm = 0.1956, lr_0 = 9.8550e-04
Loss = 4.2995e-02, PNorm = 44.9310, GNorm = 0.1081, lr_0 = 9.7796e-04
Loss = 4.3490e-02, PNorm = 45.2172, GNorm = 0.0925, lr_0 = 9.7047e-04
Loss = 4.1367e-02, PNorm = 45.4744, GNorm = 0.1882, lr_0 = 9.6304e-04
Loss = 3.4526e-02, PNorm = 45.7227, GNorm = 0.2537, lr_0 = 9.5567e-04
Loss = 3.1543e-02, PNorm = 45.9635, GNorm = 0.0477, lr_0 = 9.4835e-04
Loss = 4.8458e-02, PNorm = 46.1990, GNorm = 0.2452, lr_0 = 9.4109e-04
Loss = 2.8021e-02, PNorm = 46.4189, GNorm = 0.0387, lr_0 = 9.3389e-04
Loss = 4.5964e-02, PNorm = 46.6330, GNorm = 0.2760, lr_0 = 9.2674e-04
Loss = 5.3495e-02, PNorm = 46.8772, GNorm = 0.0827, lr_0 = 9.1964e-04
Validation auc = 0.729872
Epoch 3
Loss = 3.7576e-02, PNorm = 47.2101, GNorm = 0.0975, lr_0 = 9.1190e-04
Loss = 1.5180e-02, PNorm = 47.4747, GNorm = 0.0218, lr_0 = 9.0492e-04
Loss = 2.9392e-02, PNorm = 47.6888, GNorm = 0.0255, lr_0 = 8.9799e-04
Loss = 1.7102e-02, PNorm = 47.8879, GNorm = 0.1082, lr_0 = 8.9111e-04
Loss = 2.3310e-02, PNorm = 48.0761, GNorm = 0.0906, lr_0 = 8.8429e-04
Loss = 3.8348e-02, PNorm = 48.2542, GNorm = 0.0243, lr_0 = 8.7752e-04
Loss = 3.4685e-02, PNorm = 48.4464, GNorm = 0.1463, lr_0 = 8.7080e-04
Loss = 2.8322e-02, PNorm = 48.6620, GNorm = 0.0218, lr_0 = 8.6414e-04
Loss = 3.0986e-02, PNorm = 48.8969, GNorm = 0.1535, lr_0 = 8.5752e-04
Loss = 2.6666e-02, PNorm = 49.1342, GNorm = 0.1641, lr_0 = 8.5095e-04
Validation auc = 0.715897
Epoch 4
Loss = 7.1830e-03, PNorm = 49.3312, GNorm = 0.0389, lr_0 = 8.4444e-04
Loss = 1.8058e-02, PNorm = 49.5148, GNorm = 0.0872, lr_0 = 8.3797e-04
Loss = 1.2851e-02, PNorm = 49.6802, GNorm = 0.2647, lr_0 = 8.3156e-04
Loss = 1.0819e-02, PNorm = 49.8336, GNorm = 0.0526, lr_0 = 8.2519e-04
Loss = 1.9732e-02, PNorm = 49.9718, GNorm = 0.0979, lr_0 = 8.1888e-04
Loss = 1.4817e-02, PNorm = 50.1132, GNorm = 0.0824, lr_0 = 8.1261e-04
Loss = 2.5502e-02, PNorm = 50.2469, GNorm = 0.0454, lr_0 = 8.0638e-04
Loss = 1.0688e-02, PNorm = 50.3980, GNorm = 0.0209, lr_0 = 8.0021e-04
Loss = 1.3889e-02, PNorm = 50.5398, GNorm = 0.0942, lr_0 = 7.9408e-04
Loss = 2.0252e-02, PNorm = 50.6752, GNorm = 0.0160, lr_0 = 7.8800e-04
Loss = 2.8375e-02, PNorm = 50.8134, GNorm = 0.1814, lr_0 = 7.8197e-04
Validation auc = 0.717855
Epoch 5
Loss = 1.2991e-02, PNorm = 51.0149, GNorm = 0.0771, lr_0 = 7.7539e-04
Loss = 1.2949e-02, PNorm = 51.2221, GNorm = 0.0397, lr_0 = 7.6945e-04
Loss = 1.7154e-02, PNorm = 51.4142, GNorm = 0.0711, lr_0 = 7.6356e-04
Loss = 7.1081e-03, PNorm = 51.5745, GNorm = 0.0290, lr_0 = 7.5772e-04
Loss = 1.4190e-02, PNorm = 51.7214, GNorm = 0.0450, lr_0 = 7.5191e-04
Loss = 9.1715e-03, PNorm = 51.8335, GNorm = 0.0101, lr_0 = 7.4616e-04
Loss = 1.2890e-02, PNorm = 51.9404, GNorm = 0.0486, lr_0 = 7.4044e-04
Loss = 1.0847e-02, PNorm = 52.0536, GNorm = 0.0042, lr_0 = 7.3478e-04
Loss = 1.9170e-02, PNorm = 52.1589, GNorm = 0.0120, lr_0 = 7.2915e-04
Loss = 1.0469e-02, PNorm = 52.2780, GNorm = 0.0797, lr_0 = 7.2357e-04
Loss = 2.0236e-02, PNorm = 52.3930, GNorm = 0.0641, lr_0 = 7.1803e-04
Validation auc = 0.702587
Epoch 6
Loss = 1.2964e-02, PNorm = 52.5177, GNorm = 0.0344, lr_0 = 7.1198e-04
Loss = 6.3015e-03, PNorm = 52.6165, GNorm = 0.0786, lr_0 = 7.0653e-04
Loss = 6.3096e-03, PNorm = 52.6902, GNorm = 0.0984, lr_0 = 7.0112e-04
Loss = 1.3069e-02, PNorm = 52.7712, GNorm = 0.0060, lr_0 = 6.9576e-04
Loss = 9.3746e-03, PNorm = 52.8622, GNorm = 0.2685, lr_0 = 6.9043e-04
Loss = 7.5093e-03, PNorm = 52.9658, GNorm = 0.0544, lr_0 = 6.8514e-04
Loss = 8.3855e-03, PNorm = 53.0650, GNorm = 0.0887, lr_0 = 6.7990e-04
Loss = 7.3149e-03, PNorm = 53.1620, GNorm = 0.0747, lr_0 = 6.7469e-04
Loss = 9.9812e-03, PNorm = 53.2504, GNorm = 0.2731, lr_0 = 6.6953e-04
Loss = 1.7507e-02, PNorm = 53.3277, GNorm = 0.1530, lr_0 = 6.6440e-04
Loss = 1.4302e-02, PNorm = 53.4178, GNorm = 0.0266, lr_0 = 6.5931e-04
Validation auc = 0.705013
Epoch 7
Loss = 3.2500e-03, PNorm = 53.5060, GNorm = 0.0149, lr_0 = 6.5427e-04
Loss = 5.6179e-03, PNorm = 53.5809, GNorm = 0.0403, lr_0 = 6.4926e-04
Loss = 7.2699e-03, PNorm = 53.6426, GNorm = 0.0120, lr_0 = 6.4429e-04
Loss = 8.7633e-03, PNorm = 53.7121, GNorm = 0.0211, lr_0 = 6.3935e-04
Loss = 6.7817e-03, PNorm = 53.7922, GNorm = 0.0091, lr_0 = 6.3446e-04
Loss = 1.0317e-02, PNorm = 53.8802, GNorm = 0.0494, lr_0 = 6.2960e-04
Loss = 9.9333e-03, PNorm = 53.9585, GNorm = 0.0045, lr_0 = 6.2478e-04
Loss = 1.3374e-02, PNorm = 54.0343, GNorm = 0.1353, lr_0 = 6.2000e-04
Loss = 1.1918e-02, PNorm = 54.1158, GNorm = 0.0260, lr_0 = 6.1525e-04
Loss = 9.0312e-03, PNorm = 54.1956, GNorm = 0.1561, lr_0 = 6.1054e-04
Validation auc = 0.700211
Epoch 8
Loss = 4.8935e-03, PNorm = 54.2732, GNorm = 0.0242, lr_0 = 6.0540e-04
Loss = 4.0850e-03, PNorm = 54.3281, GNorm = 0.0901, lr_0 = 6.0077e-04
Loss = 6.6609e-03, PNorm = 54.3943, GNorm = 0.0437, lr_0 = 5.9617e-04
Loss = 8.0720e-03, PNorm = 54.4727, GNorm = 0.0753, lr_0 = 5.9160e-04
Loss = 8.3495e-03, PNorm = 54.5507, GNorm = 0.0164, lr_0 = 5.8707e-04
Loss = 6.8439e-03, PNorm = 54.6161, GNorm = 0.0155, lr_0 = 5.8258e-04
Loss = 3.2323e-03, PNorm = 54.6752, GNorm = 0.0318, lr_0 = 5.7812e-04
Loss = 7.5312e-03, PNorm = 54.7399, GNorm = 0.0690, lr_0 = 5.7369e-04
Loss = 2.9707e-03, PNorm = 54.7993, GNorm = 0.0146, lr_0 = 5.6930e-04
Loss = 5.6154e-03, PNorm = 54.8528, GNorm = 0.0185, lr_0 = 5.6494e-04
Loss = 1.2627e-02, PNorm = 54.9161, GNorm = 0.0340, lr_0 = 5.6062e-04
Validation auc = 0.704360
Epoch 9
Loss = 9.9031e-03, PNorm = 54.9836, GNorm = 0.1083, lr_0 = 5.5590e-04
Loss = 1.0436e-02, PNorm = 55.0442, GNorm = 0.0330, lr_0 = 5.5164e-04
Loss = 5.3477e-03, PNorm = 55.1123, GNorm = 0.0762, lr_0 = 5.4742e-04
Loss = 5.2354e-03, PNorm = 55.1824, GNorm = 0.0027, lr_0 = 5.4323e-04
Loss = 6.9487e-03, PNorm = 55.2421, GNorm = 0.0241, lr_0 = 5.3907e-04
Loss = 4.6565e-03, PNorm = 55.2988, GNorm = 0.0214, lr_0 = 5.3494e-04
Loss = 1.0611e-02, PNorm = 55.3475, GNorm = 0.1987, lr_0 = 5.3084e-04
Loss = 9.3158e-03, PNorm = 55.4006, GNorm = 0.2016, lr_0 = 5.2678e-04
Loss = 6.4766e-03, PNorm = 55.4454, GNorm = 0.0172, lr_0 = 5.2275e-04
Loss = 5.5415e-03, PNorm = 55.4855, GNorm = 0.0614, lr_0 = 5.1874e-04
Loss = 1.4104e-02, PNorm = 55.5309, GNorm = 0.1803, lr_0 = 5.1477e-04
Validation auc = 0.703157
Epoch 10
Loss = 4.0151e-03, PNorm = 55.5759, GNorm = 0.1761, lr_0 = 5.1083e-04
Loss = 4.2842e-03, PNorm = 55.6187, GNorm = 0.0029, lr_0 = 5.0692e-04
Loss = 8.2975e-03, PNorm = 55.6637, GNorm = 0.0351, lr_0 = 5.0304e-04
Loss = 5.3641e-03, PNorm = 55.7090, GNorm = 0.0027, lr_0 = 4.9919e-04
Loss = 7.6700e-03, PNorm = 55.7512, GNorm = 0.0055, lr_0 = 4.9537e-04
Loss = 4.0068e-03, PNorm = 55.7947, GNorm = 0.0822, lr_0 = 4.9157e-04
Loss = 4.3308e-03, PNorm = 55.8406, GNorm = 0.0120, lr_0 = 4.8781e-04
Loss = 6.1030e-03, PNorm = 55.8814, GNorm = 0.0194, lr_0 = 4.8408e-04
Loss = 3.6820e-03, PNorm = 55.9298, GNorm = 0.0414, lr_0 = 4.8037e-04
Loss = 1.2256e-02, PNorm = 55.9871, GNorm = 0.0064, lr_0 = 4.7669e-04
Loss = 5.7842e-03, PNorm = 56.0359, GNorm = 0.0042, lr_0 = 4.7304e-04
Loss = 4.6434e-04, PNorm = 56.0400, GNorm = 0.0046, lr_0 = 4.7268e-04
Validation auc = 0.707235
Epoch 11
Loss = 6.0868e-03, PNorm = 56.0727, GNorm = 0.0258, lr_0 = 4.6906e-04
Loss = 9.8450e-03, PNorm = 56.1101, GNorm = 0.0217, lr_0 = 4.6547e-04
Loss = 1.2054e-02, PNorm = 56.1458, GNorm = 0.1238, lr_0 = 4.6191e-04
Loss = 2.0661e-03, PNorm = 56.1856, GNorm = 0.0134, lr_0 = 4.5837e-04
Loss = 4.5968e-03, PNorm = 56.2285, GNorm = 0.0251, lr_0 = 4.5486e-04
Loss = 7.1775e-03, PNorm = 56.2707, GNorm = 0.0264, lr_0 = 4.5138e-04
Loss = 3.9085e-03, PNorm = 56.3178, GNorm = 0.0124, lr_0 = 4.4792e-04
Loss = 2.7805e-03, PNorm = 56.3612, GNorm = 0.0375, lr_0 = 4.4449e-04
Loss = 3.3211e-03, PNorm = 56.4024, GNorm = 0.0056, lr_0 = 4.4109e-04
Loss = 3.0119e-03, PNorm = 56.4373, GNorm = 0.0356, lr_0 = 4.3771e-04
Validation auc = 0.706509
Epoch 12
Loss = 1.4726e-03, PNorm = 56.4741, GNorm = 0.0074, lr_0 = 4.3403e-04
Loss = 5.8446e-03, PNorm = 56.5066, GNorm = 0.0023, lr_0 = 4.3070e-04
Loss = 6.5626e-03, PNorm = 56.5397, GNorm = 0.1711, lr_0 = 4.2741e-04
Loss = 1.4865e-03, PNorm = 56.5701, GNorm = 0.0021, lr_0 = 4.2413e-04
Loss = 3.4443e-03, PNorm = 56.5967, GNorm = 0.0060, lr_0 = 4.2089e-04
Loss = 5.6888e-03, PNorm = 56.6285, GNorm = 0.0086, lr_0 = 4.1766e-04
Loss = 5.2719e-03, PNorm = 56.6594, GNorm = 0.0717, lr_0 = 4.1447e-04
Loss = 1.0415e-02, PNorm = 56.6855, GNorm = 0.0061, lr_0 = 4.1129e-04
Loss = 7.4766e-03, PNorm = 56.7179, GNorm = 0.0481, lr_0 = 4.0814e-04
Loss = 2.5654e-03, PNorm = 56.7500, GNorm = 0.0152, lr_0 = 4.0502e-04
Loss = 8.9838e-03, PNorm = 56.7777, GNorm = 0.0151, lr_0 = 4.0192e-04
Validation auc = 0.706263
Epoch 13
Loss = 2.6540e-03, PNorm = 56.8011, GNorm = 0.0060, lr_0 = 3.9884e-04
Loss = 8.7844e-03, PNorm = 56.8247, GNorm = 0.1357, lr_0 = 3.9579e-04
Loss = 5.8120e-03, PNorm = 56.8538, GNorm = 0.0096, lr_0 = 3.9276e-04
Loss = 4.6807e-03, PNorm = 56.8847, GNorm = 0.0119, lr_0 = 3.8975e-04
Loss = 3.3175e-03, PNorm = 56.9192, GNorm = 0.0631, lr_0 = 3.8677e-04
Loss = 4.8052e-03, PNorm = 56.9545, GNorm = 0.1357, lr_0 = 3.8381e-04
Loss = 2.0099e-03, PNorm = 56.9890, GNorm = 0.0041, lr_0 = 3.8087e-04
Loss = 3.8937e-03, PNorm = 57.0162, GNorm = 0.0546, lr_0 = 3.7795e-04
Loss = 7.0025e-03, PNorm = 57.0418, GNorm = 0.0289, lr_0 = 3.7506e-04
Loss = 3.3417e-03, PNorm = 57.0672, GNorm = 0.0093, lr_0 = 3.7219e-04
Loss = 4.5263e-03, PNorm = 57.0894, GNorm = 0.0199, lr_0 = 3.6934e-04
Validation auc = 0.704240
Epoch 14
Loss = 3.9138e-03, PNorm = 57.1118, GNorm = 0.0302, lr_0 = 3.6623e-04
Loss = 4.3319e-03, PNorm = 57.1349, GNorm = 0.0126, lr_0 = 3.6342e-04
Loss = 2.2824e-03, PNorm = 57.1564, GNorm = 0.0191, lr_0 = 3.6064e-04
Loss = 7.0773e-03, PNorm = 57.1830, GNorm = 0.2252, lr_0 = 3.5788e-04
Loss = 2.4251e-03, PNorm = 57.2130, GNorm = 0.0116, lr_0 = 3.5514e-04
Loss = 5.6721e-03, PNorm = 57.2422, GNorm = 0.0028, lr_0 = 3.5242e-04
Loss = 7.6938e-04, PNorm = 57.2670, GNorm = 0.0044, lr_0 = 3.4972e-04
Loss = 7.4593e-03, PNorm = 57.2853, GNorm = 0.0861, lr_0 = 3.4705e-04
Loss = 7.8981e-03, PNorm = 57.3094, GNorm = 0.0431, lr_0 = 3.4439e-04
Loss = 5.4692e-03, PNorm = 57.3357, GNorm = 0.0135, lr_0 = 3.4175e-04
Validation auc = 0.710979
Epoch 15
Loss = 1.8588e-03, PNorm = 57.3684, GNorm = 0.0149, lr_0 = 3.3888e-04
Loss = 2.4510e-03, PNorm = 57.4017, GNorm = 0.0227, lr_0 = 3.3628e-04
Loss = 8.7654e-03, PNorm = 57.4304, GNorm = 0.0041, lr_0 = 3.3371e-04
Loss = 3.9792e-03, PNorm = 57.4547, GNorm = 0.0083, lr_0 = 3.3115e-04
Loss = 6.3028e-03, PNorm = 57.4784, GNorm = 0.0355, lr_0 = 3.2862e-04
Loss = 6.6536e-03, PNorm = 57.5020, GNorm = 0.0077, lr_0 = 3.2610e-04
Loss = 3.4867e-03, PNorm = 57.5235, GNorm = 0.0068, lr_0 = 3.2360e-04
Loss = 7.8652e-03, PNorm = 57.5462, GNorm = 0.0610, lr_0 = 3.2113e-04
Loss = 6.8628e-03, PNorm = 57.5716, GNorm = 0.2027, lr_0 = 3.1867e-04
Loss = 1.5200e-03, PNorm = 57.5976, GNorm = 0.0036, lr_0 = 3.1623e-04
Loss = 9.5788e-04, PNorm = 57.6219, GNorm = 0.0032, lr_0 = 3.1381e-04
Validation auc = 0.708264
Epoch 16
Loss = 2.1076e-03, PNorm = 57.6474, GNorm = 0.0073, lr_0 = 3.1140e-04
Loss = 3.4989e-03, PNorm = 57.6736, GNorm = 0.0361, lr_0 = 3.0902e-04
Loss = 3.1152e-03, PNorm = 57.6980, GNorm = 0.0153, lr_0 = 3.0665e-04
Loss = 2.9570e-03, PNorm = 57.7227, GNorm = 0.0098, lr_0 = 3.0431e-04
Loss = 3.3441e-03, PNorm = 57.7483, GNorm = 0.0283, lr_0 = 3.0198e-04
Loss = 4.0658e-03, PNorm = 57.7766, GNorm = 0.0018, lr_0 = 2.9966e-04
Loss = 3.1424e-03, PNorm = 57.7989, GNorm = 0.0059, lr_0 = 2.9737e-04
Loss = 7.3898e-03, PNorm = 57.8196, GNorm = 0.0649, lr_0 = 2.9509e-04
Loss = 2.3655e-03, PNorm = 57.8399, GNorm = 0.0052, lr_0 = 2.9283e-04
Loss = 7.8457e-03, PNorm = 57.8566, GNorm = 0.0363, lr_0 = 2.9059e-04
Loss = 1.6824e-03, PNorm = 57.8746, GNorm = 0.0013, lr_0 = 2.8837e-04
Validation auc = 0.704591
Epoch 17
Loss = 4.8927e-03, PNorm = 57.8951, GNorm = 0.1211, lr_0 = 2.8594e-04
Loss = 4.9644e-03, PNorm = 57.9177, GNorm = 0.0233, lr_0 = 2.8375e-04
Loss = 4.8267e-03, PNorm = 57.9423, GNorm = 0.0037, lr_0 = 2.8158e-04
Loss = 1.1234e-03, PNorm = 57.9615, GNorm = 0.0491, lr_0 = 2.7942e-04
Loss = 1.9312e-03, PNorm = 57.9803, GNorm = 0.0200, lr_0 = 2.7728e-04
Loss = 2.1463e-03, PNorm = 58.0027, GNorm = 0.0065, lr_0 = 2.7516e-04
Loss = 5.0077e-03, PNorm = 58.0268, GNorm = 0.0523, lr_0 = 2.7305e-04
Loss = 3.1311e-03, PNorm = 58.0514, GNorm = 0.0051, lr_0 = 2.7096e-04
Loss = 5.7949e-03, PNorm = 58.0762, GNorm = 0.0068, lr_0 = 2.6889e-04
Loss = 3.7322e-03, PNorm = 58.0986, GNorm = 0.0199, lr_0 = 2.6683e-04
Loss = 8.8956e-03, PNorm = 58.1209, GNorm = 0.2154, lr_0 = 2.6479e-04
Validation auc = 0.698609
Epoch 18
Loss = 2.9203e-03, PNorm = 58.1437, GNorm = 0.0329, lr_0 = 2.6256e-04
Loss = 3.9115e-03, PNorm = 58.1635, GNorm = 0.0202, lr_0 = 2.6055e-04
Loss = 5.1760e-03, PNorm = 58.1815, GNorm = 0.0118, lr_0 = 2.5855e-04
Loss = 3.3319e-03, PNorm = 58.2005, GNorm = 0.0407, lr_0 = 2.5657e-04
Loss = 4.8748e-03, PNorm = 58.2206, GNorm = 0.0261, lr_0 = 2.5461e-04
Loss = 1.7302e-03, PNorm = 58.2390, GNorm = 0.0128, lr_0 = 2.5266e-04
Loss = 3.1059e-03, PNorm = 58.2558, GNorm = 0.0408, lr_0 = 2.5073e-04
Loss = 1.8114e-03, PNorm = 58.2730, GNorm = 0.0011, lr_0 = 2.4881e-04
Loss = 5.2767e-03, PNorm = 58.2890, GNorm = 0.0040, lr_0 = 2.4690e-04
Loss = 6.0717e-03, PNorm = 58.3044, GNorm = 0.0133, lr_0 = 2.4501e-04
Validation auc = 0.698495
Epoch 19
Loss = 7.6984e-04, PNorm = 58.3214, GNorm = 0.0090, lr_0 = 2.4314e-04
Loss = 1.3508e-03, PNorm = 58.3368, GNorm = 0.0117, lr_0 = 2.4127e-04
Loss = 1.4233e-03, PNorm = 58.3510, GNorm = 0.0025, lr_0 = 2.3943e-04
Loss = 4.7623e-03, PNorm = 58.3666, GNorm = 0.0679, lr_0 = 2.3759e-04
Loss = 1.3530e-03, PNorm = 58.3824, GNorm = 0.0036, lr_0 = 2.3577e-04
Loss = 1.9496e-03, PNorm = 58.3986, GNorm = 0.0972, lr_0 = 2.3397e-04
Loss = 1.4552e-03, PNorm = 58.4184, GNorm = 0.0028, lr_0 = 2.3218e-04
Loss = 2.3779e-03, PNorm = 58.4359, GNorm = 0.0256, lr_0 = 2.3040e-04
Loss = 6.3773e-03, PNorm = 58.4554, GNorm = 0.0293, lr_0 = 2.2864e-04
Loss = 3.1255e-03, PNorm = 58.4804, GNorm = 0.0231, lr_0 = 2.2689e-04
Loss = 1.3465e-03, PNorm = 58.5016, GNorm = 0.0299, lr_0 = 2.2515e-04
Validation auc = 0.699714
Epoch 20
Loss = 7.5566e-04, PNorm = 58.5195, GNorm = 0.0224, lr_0 = 2.2325e-04
Loss = 2.8426e-03, PNorm = 58.5342, GNorm = 0.0378, lr_0 = 2.2154e-04
Loss = 1.2730e-03, PNorm = 58.5464, GNorm = 0.0044, lr_0 = 2.1985e-04
Loss = 2.8463e-03, PNorm = 58.5576, GNorm = 0.0036, lr_0 = 2.1816e-04
Loss = 2.2495e-03, PNorm = 58.5712, GNorm = 0.0077, lr_0 = 2.1649e-04
Loss = 1.0152e-03, PNorm = 58.5836, GNorm = 0.0045, lr_0 = 2.1484e-04
Loss = 9.7097e-04, PNorm = 58.5947, GNorm = 0.0005, lr_0 = 2.1319e-04
Loss = 3.5421e-03, PNorm = 58.6042, GNorm = 0.0053, lr_0 = 2.1156e-04
Loss = 1.1149e-03, PNorm = 58.6136, GNorm = 0.0031, lr_0 = 2.0994e-04
Loss = 6.2682e-03, PNorm = 58.6235, GNorm = 0.1218, lr_0 = 2.0833e-04
Loss = 2.3478e-03, PNorm = 58.6359, GNorm = 0.0102, lr_0 = 2.0674e-04
Validation auc = 0.700683
Epoch 21
Loss = 4.2137e-03, PNorm = 58.6512, GNorm = 0.0049, lr_0 = 2.0500e-04
Loss = 2.2378e-03, PNorm = 58.6643, GNorm = 0.0036, lr_0 = 2.0343e-04
Loss = 5.7709e-03, PNorm = 58.6746, GNorm = 0.0427, lr_0 = 2.0187e-04
Loss = 1.4556e-03, PNorm = 58.6855, GNorm = 0.0415, lr_0 = 2.0033e-04
Loss = 1.1425e-03, PNorm = 58.6955, GNorm = 0.0006, lr_0 = 1.9879e-04
Loss = 3.5348e-03, PNorm = 58.7060, GNorm = 0.0601, lr_0 = 1.9727e-04
Loss = 2.0731e-03, PNorm = 58.7174, GNorm = 0.0074, lr_0 = 1.9576e-04
Loss = 1.1418e-03, PNorm = 58.7284, GNorm = 0.0017, lr_0 = 1.9426e-04
Loss = 9.9349e-04, PNorm = 58.7398, GNorm = 0.0036, lr_0 = 1.9277e-04
Loss = 1.0278e-03, PNorm = 58.7491, GNorm = 0.0879, lr_0 = 1.9130e-04
Loss = 2.0707e-03, PNorm = 58.7588, GNorm = 0.0104, lr_0 = 1.8983e-04
Validation auc = 0.701407
Epoch 22
Loss = 4.2347e-03, PNorm = 58.7685, GNorm = 0.0173, lr_0 = 1.8838e-04
Loss = 1.9859e-03, PNorm = 58.7790, GNorm = 0.0185, lr_0 = 1.8694e-04
Loss = 1.7361e-03, PNorm = 58.7909, GNorm = 0.0343, lr_0 = 1.8551e-04
Loss = 6.4767e-04, PNorm = 58.8003, GNorm = 0.0115, lr_0 = 1.8409e-04
Loss = 3.5216e-03, PNorm = 58.8084, GNorm = 0.0535, lr_0 = 1.8268e-04
Loss = 9.0043e-04, PNorm = 58.8196, GNorm = 0.0016, lr_0 = 1.8128e-04
Loss = 1.3796e-03, PNorm = 58.8296, GNorm = 0.0010, lr_0 = 1.7989e-04
Loss = 4.3646e-03, PNorm = 58.8410, GNorm = 0.1910, lr_0 = 1.7851e-04
Loss = 5.7987e-03, PNorm = 58.8532, GNorm = 0.0103, lr_0 = 1.7715e-04
Loss = 1.1276e-03, PNorm = 58.8636, GNorm = 0.0009, lr_0 = 1.7579e-04
Validation auc = 0.701272
Epoch 23
Loss = 3.1772e-03, PNorm = 58.8722, GNorm = 0.0581, lr_0 = 1.7431e-04
Loss = 9.5591e-03, PNorm = 58.8806, GNorm = 0.0026, lr_0 = 1.7298e-04
Loss = 2.6289e-03, PNorm = 58.8935, GNorm = 0.0089, lr_0 = 1.7165e-04
Loss = 2.7290e-03, PNorm = 58.9043, GNorm = 0.0292, lr_0 = 1.7034e-04
Loss = 1.0068e-03, PNorm = 58.9142, GNorm = 0.0016, lr_0 = 1.6903e-04
Loss = 2.4815e-03, PNorm = 58.9250, GNorm = 0.0753, lr_0 = 1.6774e-04
Loss = 1.3020e-03, PNorm = 58.9368, GNorm = 0.0069, lr_0 = 1.6645e-04
Loss = 6.2413e-03, PNorm = 58.9471, GNorm = 0.0081, lr_0 = 1.6518e-04
Loss = 3.4411e-03, PNorm = 58.9573, GNorm = 0.1946, lr_0 = 1.6392e-04
Loss = 1.7040e-03, PNorm = 58.9691, GNorm = 0.0013, lr_0 = 1.6266e-04
Loss = 5.5717e-03, PNorm = 58.9832, GNorm = 0.0013, lr_0 = 1.6142e-04
Validation auc = 0.705529
Epoch 24
Loss = 5.7547e-03, PNorm = 58.9967, GNorm = 0.0037, lr_0 = 1.6006e-04
Loss = 7.1810e-03, PNorm = 59.0081, GNorm = 0.0243, lr_0 = 1.5883e-04
Loss = 8.9678e-04, PNorm = 59.0186, GNorm = 0.0038, lr_0 = 1.5761e-04
Loss = 5.0245e-03, PNorm = 59.0303, GNorm = 0.1670, lr_0 = 1.5641e-04
Loss = 3.2579e-03, PNorm = 59.0426, GNorm = 0.0050, lr_0 = 1.5521e-04
Loss = 1.0033e-03, PNorm = 59.0548, GNorm = 0.0067, lr_0 = 1.5402e-04
Loss = 5.0282e-03, PNorm = 59.0670, GNorm = 0.0232, lr_0 = 1.5284e-04
Loss = 2.9704e-03, PNorm = 59.0797, GNorm = 0.0042, lr_0 = 1.5167e-04
Loss = 3.3301e-03, PNorm = 59.0910, GNorm = 0.0447, lr_0 = 1.5051e-04
Loss = 2.1154e-03, PNorm = 59.1020, GNorm = 0.0034, lr_0 = 1.4936e-04
Loss = 2.5362e-03, PNorm = 59.1125, GNorm = 0.0067, lr_0 = 1.4822e-04
Validation auc = 0.706416
Epoch 25
Loss = 1.0313e-03, PNorm = 59.1208, GNorm = 0.0020, lr_0 = 1.4708e-04
Loss = 3.2089e-03, PNorm = 59.1272, GNorm = 0.0713, lr_0 = 1.4595e-04
Loss = 1.5084e-03, PNorm = 59.1358, GNorm = 0.0167, lr_0 = 1.4484e-04
Loss = 3.5770e-03, PNorm = 59.1454, GNorm = 0.0075, lr_0 = 1.4373e-04
Loss = 1.3116e-03, PNorm = 59.1538, GNorm = 0.0030, lr_0 = 1.4263e-04
Loss = 1.4582e-03, PNorm = 59.1608, GNorm = 0.0407, lr_0 = 1.4154e-04
Loss = 4.0719e-03, PNorm = 59.1709, GNorm = 0.0163, lr_0 = 1.4045e-04
Loss = 2.0635e-03, PNorm = 59.1827, GNorm = 0.0009, lr_0 = 1.3938e-04
Loss = 1.6490e-03, PNorm = 59.1918, GNorm = 0.0174, lr_0 = 1.3831e-04
Loss = 2.5425e-03, PNorm = 59.1994, GNorm = 0.0940, lr_0 = 1.3725e-04
Loss = 4.7081e-03, PNorm = 59.2081, GNorm = 0.0210, lr_0 = 1.3620e-04
Loss = 1.1217e-04, PNorm = 59.2089, GNorm = 0.0013, lr_0 = 1.3610e-04
Validation auc = 0.703725
Epoch 26
Loss = 2.3684e-03, PNorm = 59.2167, GNorm = 0.0037, lr_0 = 1.3505e-04
Loss = 2.3937e-03, PNorm = 59.2237, GNorm = 0.0048, lr_0 = 1.3402e-04
Loss = 4.2946e-03, PNorm = 59.2311, GNorm = 0.0054, lr_0 = 1.3299e-04
Loss = 1.5784e-03, PNorm = 59.2392, GNorm = 0.0327, lr_0 = 1.3198e-04
Loss = 1.1698e-03, PNorm = 59.2467, GNorm = 0.0019, lr_0 = 1.3097e-04
Loss = 4.1167e-03, PNorm = 59.2544, GNorm = 0.0036, lr_0 = 1.2996e-04
Loss = 2.2349e-03, PNorm = 59.2639, GNorm = 0.0100, lr_0 = 1.2897e-04
Loss = 8.6922e-03, PNorm = 59.2718, GNorm = 0.0029, lr_0 = 1.2798e-04
Loss = 1.1956e-03, PNorm = 59.2794, GNorm = 0.0011, lr_0 = 1.2700e-04
Loss = 2.2433e-03, PNorm = 59.2856, GNorm = 0.0139, lr_0 = 1.2603e-04
Validation auc = 0.698607
Epoch 27
Loss = 4.8345e-03, PNorm = 59.2922, GNorm = 0.0587, lr_0 = 1.2497e-04
Loss = 1.2615e-03, PNorm = 59.2983, GNorm = 0.0014, lr_0 = 1.2401e-04
Loss = 3.1050e-03, PNorm = 59.3039, GNorm = 0.0016, lr_0 = 1.2306e-04
Loss = 3.0724e-03, PNorm = 59.3107, GNorm = 0.0032, lr_0 = 1.2212e-04
Loss = 2.3448e-03, PNorm = 59.3191, GNorm = 0.1111, lr_0 = 1.2118e-04
Loss = 1.3558e-03, PNorm = 59.3265, GNorm = 0.0164, lr_0 = 1.2026e-04
Loss = 9.2865e-04, PNorm = 59.3330, GNorm = 0.0027, lr_0 = 1.1934e-04
Loss = 6.7093e-03, PNorm = 59.3404, GNorm = 0.0050, lr_0 = 1.1842e-04
Loss = 3.4781e-03, PNorm = 59.3484, GNorm = 0.0146, lr_0 = 1.1752e-04
Loss = 3.3086e-03, PNorm = 59.3559, GNorm = 0.0058, lr_0 = 1.1662e-04
Loss = 5.0431e-04, PNorm = 59.3629, GNorm = 0.0020, lr_0 = 1.1572e-04
Validation auc = 0.697285
Epoch 28
Loss = 1.2408e-03, PNorm = 59.3697, GNorm = 0.0028, lr_0 = 1.1475e-04
Loss = 1.5080e-03, PNorm = 59.3757, GNorm = 0.0137, lr_0 = 1.1387e-04
Loss = 2.4300e-03, PNorm = 59.3823, GNorm = 0.1354, lr_0 = 1.1300e-04
Loss = 5.1180e-04, PNorm = 59.3884, GNorm = 0.0061, lr_0 = 1.1213e-04
Loss = 2.6264e-03, PNorm = 59.3939, GNorm = 0.0128, lr_0 = 1.1127e-04
Loss = 2.0816e-03, PNorm = 59.4011, GNorm = 0.0510, lr_0 = 1.1042e-04
Loss = 7.2457e-04, PNorm = 59.4081, GNorm = 0.0072, lr_0 = 1.0958e-04
Loss = 4.2608e-03, PNorm = 59.4148, GNorm = 0.0829, lr_0 = 1.0874e-04
Loss = 1.4582e-03, PNorm = 59.4219, GNorm = 0.0025, lr_0 = 1.0791e-04
Loss = 2.2315e-03, PNorm = 59.4282, GNorm = 0.0461, lr_0 = 1.0708e-04
Loss = 4.6650e-03, PNorm = 59.4351, GNorm = 0.0362, lr_0 = 1.0626e-04
Validation auc = 0.698405
Epoch 29
Loss = 9.6579e-04, PNorm = 59.4413, GNorm = 0.0006, lr_0 = 1.0545e-04
Loss = 9.8726e-04, PNorm = 59.4462, GNorm = 0.0121, lr_0 = 1.0464e-04
Loss = 3.0837e-03, PNorm = 59.4518, GNorm = 0.0045, lr_0 = 1.0384e-04
Loss = 2.0269e-03, PNorm = 59.4596, GNorm = 0.0738, lr_0 = 1.0304e-04
Loss = 2.6903e-03, PNorm = 59.4668, GNorm = 0.1355, lr_0 = 1.0225e-04
Loss = 6.4206e-04, PNorm = 59.4748, GNorm = 0.0018, lr_0 = 1.0147e-04
Loss = 2.5669e-03, PNorm = 59.4829, GNorm = 0.0112, lr_0 = 1.0069e-04
Loss = 9.1765e-04, PNorm = 59.4905, GNorm = 0.0001, lr_0 = 1.0000e-04
Loss = 4.0983e-03, PNorm = 59.4977, GNorm = 0.0333, lr_0 = 1.0000e-04
Loss = 8.5433e-04, PNorm = 59.5060, GNorm = 0.0188, lr_0 = 1.0000e-04
Validation auc = 0.698472
Model 0 best validation auc = 0.729872 on epoch 2
Loading pretrained parameter "ffn.1.weight".
Loading pretrained parameter "ffn.1.bias".
Loading pretrained parameter "ffn.4.weight".
Loading pretrained parameter "ffn.4.bias".
Model 0 test auc = 0.727874
Ensemble test auc = 0.727874
3-fold cross validation
	Seed 0 ==> test auc = 0.582787
	Seed 1 ==> test auc = 0.697071
	Seed 2 ==> test auc = 0.727874
Overall test auc = 0.669244 +/- 0.062414
Elapsed time = 0:09:56
