Command line
python /home/jackievaleri8/.conda/envs/chemprop/bin/chemprop_train --init_lr 0.0001 --dropout 0.4 --hidden_size 1500 --ffn_num_layers 1 --depth 4 --save_dir round3finalval08162021_models/139 --data_path round3finalval08162021_TRAIN.csv --dataset_type classification --features_path round3finalval08162021_TRAINFTS.npz --no_features_scaling --num_folds 3 --ensemble_size 1 --split_type scaffold_balanced --split_sizes 0.8 0.1 0.1 --smiles_columns SMILES --ignore_columns Name --gpu 0
Args
{'activation': 'ReLU',
 'aggregation': 'mean',
 'aggregation_norm': 100,
 'atom_descriptor_scaling': True,
 'atom_descriptors': None,
 'atom_descriptors_path': None,
 'atom_descriptors_size': 0,
 'atom_features_size': 0,
 'atom_messages': False,
 'batch_size': 50,
 'bias': False,
 'bond_feature_scaling': True,
 'bond_features_path': None,
 'bond_features_size': 0,
 'cache_cutoff': 10000,
 'checkpoint_dir': None,
 'checkpoint_path': None,
 'checkpoint_paths': None,
 'class_balance': False,
 'config_path': None,
 'crossval_index_dir': None,
 'crossval_index_file': None,
 'crossval_index_sets': None,
 'cuda': True,
 'data_path': 'round3finalval08162021_TRAIN.csv',
 'dataset_type': 'classification',
 'depth': 4,
 'device': device(type='cuda', index=0),
 'dropout': 0.4,
 'empty_cache': False,
 'ensemble_size': 1,
 'epochs': 30,
 'explicit_h': False,
 'extra_metrics': [],
 'features_generator': None,
 'features_only': False,
 'features_path': ['round3finalval08162021_TRAINFTS.npz'],
 'features_scaling': False,
 'features_size': None,
 'ffn_hidden_size': 1500,
 'ffn_num_layers': 1,
 'final_lr': 0.0001,
 'folds_file': None,
 'gpu': 0,
 'grad_clip': None,
 'hidden_size': 1500,
 'ignore_columns': ['Name'],
 'init_lr': 0.0001,
 'log_frequency': 10,
 'max_data_size': None,
 'max_lr': 0.001,
 'metric': 'auc',
 'metrics': ['auc'],
 'minimize_score': False,
 'mpn_shared': False,
 'multiclass_num_classes': 3,
 'no_atom_descriptor_scaling': False,
 'no_bond_features_scaling': False,
 'no_cache_mol': False,
 'no_cuda': False,
 'no_features_scaling': True,
 'num_folds': 3,
 'num_lrs': 1,
 'num_tasks': 2,
 'num_workers': 8,
 'number_of_molecules': 1,
 'overwrite_default_atom_features': False,
 'overwrite_default_bond_features': False,
 'pytorch_seed': 0,
 'quiet': False,
 'reaction': False,
 'reaction_mode': 'reac_diff',
 'resume_experiment': False,
 'save_dir': 'round3finalval08162021_models/139',
 'save_preds': False,
 'save_smiles_splits': False,
 'seed': 0,
 'separate_test_atom_descriptors_path': None,
 'separate_test_bond_features_path': None,
 'separate_test_features_path': None,
 'separate_test_path': None,
 'separate_val_atom_descriptors_path': None,
 'separate_val_bond_features_path': None,
 'separate_val_features_path': None,
 'separate_val_path': None,
 'show_individual_scores': False,
 'smiles_columns': ['SMILES'],
 'split_sizes': (0.8, 0.1, 0.1),
 'split_type': 'scaffold_balanced',
 'target_columns': None,
 'task_names': ['hit_inh', 'hit_kill'],
 'test': False,
 'test_fold_index': None,
 'train_data_size': None,
 'undirected': False,
 'use_input_features': True,
 'val_fold_index': None,
 'warmup_epochs': 2.0}
Loading data
Warning: 23 SMILES are invalid.
Number of tasks = 2
Fold 0
Splitting data with seed 0
Total scaffolds = 3,467 | train scaffolds = 2,650 | val scaffolds = 433 | test scaffolds = 384
Label averages per scaffold, in decreasing order of scaffold frequency,capped at 10 scaffolds and 20 labels:
Scaffold 0
Task 0: count = 381 | target average = 0.018373
Task 1: count = 381 | target average = 0.013123


Scaffold 1
Task 0: count = 305 | target average = 0.009836
Task 1: count = 305 | target average = 0.016393


Scaffold 2
Task 0: count = 36 | target average = 0.000000
Task 1: count = 36 | target average = 0.000000


Scaffold 3
Task 0: count = 29 | target average = 0.000000
Task 1: count = 29 | target average = 0.000000


Scaffold 4
Task 0: count = 26 | target average = 0.000000
Task 1: count = 26 | target average = 0.000000


Scaffold 5
Task 0: count = 23 | target average = 0.000000
Task 1: count = 23 | target average = 0.000000


Scaffold 6
Task 0: count = 22 | target average = 0.090909
Task 1: count = 22 | target average = 0.090909


Scaffold 7
Task 0: count = 20 | target average = 0.000000
Task 1: count = 20 | target average = 0.000000


Scaffold 8
Task 0: count = 20 | target average = 0.000000
Task 1: count = 20 | target average = 0.000000


Scaffold 9
Task 0: count = 20 | target average = 0.050000
Task 1: count = 20 | target average = 0.000000


Class sizes
hit_inh 0: 97.83%, 1: 2.17%
hit_kill 0: 98.64%, 1: 1.36%
Total size = 5,353 | train size = 4,282 | val size = 535 | test size = 536
Building model 0
MoleculeModel(
  (sigmoid): Sigmoid()
  (encoder): MPN(
    (encoder): ModuleList(
      (0): MPNEncoder(
        (dropout_layer): Dropout(p=0.4, inplace=False)
        (act_func): ReLU()
        (W_i): Linear(in_features=147, out_features=1500, bias=False)
        (W_h): Linear(in_features=1500, out_features=1500, bias=False)
        (W_o): Linear(in_features=1633, out_features=1500, bias=True)
      )
    )
  )
  (ffn): Sequential(
    (0): Dropout(p=0.4, inplace=False)
    (1): Linear(in_features=1700, out_features=2, bias=True)
  )
)
Number of parameters = 4,924,902
Moving model to cuda
Epoch 0
Loss = 3.1359e-01, PNorm = 57.7569, GNorm = 1.9511, lr_0 = 1.5824e-04
Loss = 1.0517e-01, PNorm = 57.7700, GNorm = 0.3558, lr_0 = 2.1118e-04
Loss = 1.0339e-01, PNorm = 57.7828, GNorm = 0.6727, lr_0 = 2.6412e-04
Loss = 1.0353e-01, PNorm = 57.7947, GNorm = 0.2740, lr_0 = 3.1706e-04
Loss = 1.0031e-01, PNorm = 57.8067, GNorm = 0.5785, lr_0 = 3.7000e-04
Loss = 6.2801e-02, PNorm = 57.8186, GNorm = 0.2779, lr_0 = 4.2294e-04
Loss = 6.9495e-02, PNorm = 57.8273, GNorm = 0.2542, lr_0 = 4.7588e-04
Loss = 6.7536e-02, PNorm = 57.8440, GNorm = 0.1707, lr_0 = 5.2882e-04
Validation auc = 0.488930
Epoch 1
Loss = 4.9056e-02, PNorm = 57.8668, GNorm = 0.1985, lr_0 = 5.8706e-04
Loss = 1.0407e-01, PNorm = 57.8844, GNorm = 0.2836, lr_0 = 6.4000e-04
Loss = 9.0594e-02, PNorm = 57.9213, GNorm = 0.1938, lr_0 = 6.9294e-04
Loss = 1.0311e-01, PNorm = 57.9525, GNorm = 0.2450, lr_0 = 7.4588e-04
Loss = 9.3597e-02, PNorm = 57.9944, GNorm = 0.1704, lr_0 = 7.9882e-04
Loss = 6.7598e-02, PNorm = 58.0491, GNorm = 0.1796, lr_0 = 8.5176e-04
Loss = 9.7526e-02, PNorm = 58.0910, GNorm = 0.1981, lr_0 = 9.0471e-04
Loss = 1.0019e-01, PNorm = 58.1382, GNorm = 0.1864, lr_0 = 9.5765e-04
Loss = 1.0359e-01, PNorm = 58.1990, GNorm = 0.1863, lr_0 = 9.9807e-04
Validation auc = 0.781163
Epoch 2
Loss = 7.4484e-02, PNorm = 58.2712, GNorm = 0.0680, lr_0 = 9.8846e-04
Loss = 6.7666e-02, PNorm = 58.3204, GNorm = 0.1606, lr_0 = 9.7894e-04
Loss = 7.6439e-02, PNorm = 58.3852, GNorm = 0.1923, lr_0 = 9.6952e-04
Loss = 8.1660e-02, PNorm = 58.4340, GNorm = 0.5162, lr_0 = 9.6018e-04
Loss = 7.6137e-02, PNorm = 58.4950, GNorm = 0.1934, lr_0 = 9.5094e-04
Loss = 9.3280e-02, PNorm = 58.5408, GNorm = 0.1967, lr_0 = 9.4178e-04
Loss = 1.4017e-01, PNorm = 58.6227, GNorm = 0.5161, lr_0 = 9.3271e-04
Loss = 6.7124e-02, PNorm = 58.6949, GNorm = 0.2881, lr_0 = 9.2373e-04
Validation auc = 0.817789
Epoch 3
Loss = 7.2375e-02, PNorm = 58.7536, GNorm = 0.2083, lr_0 = 9.1395e-04
Loss = 1.0437e-01, PNorm = 58.8260, GNorm = 0.2083, lr_0 = 9.0515e-04
Loss = 8.9084e-02, PNorm = 58.9070, GNorm = 0.4097, lr_0 = 8.9644e-04
Loss = 8.1164e-02, PNorm = 58.9860, GNorm = 0.1196, lr_0 = 8.8781e-04
Loss = 8.5942e-02, PNorm = 59.0662, GNorm = 0.2547, lr_0 = 8.7926e-04
Loss = 8.4765e-02, PNorm = 59.1744, GNorm = 0.1665, lr_0 = 8.7080e-04
Loss = 5.2971e-02, PNorm = 59.2634, GNorm = 0.1144, lr_0 = 8.6241e-04
Loss = 6.7997e-02, PNorm = 59.3556, GNorm = 0.1249, lr_0 = 8.5411e-04
Loss = 9.3818e-02, PNorm = 59.4347, GNorm = 0.2000, lr_0 = 8.4588e-04
Validation auc = 0.808203
Epoch 4
Loss = 6.6552e-02, PNorm = 59.5332, GNorm = 0.0977, lr_0 = 8.3774e-04
Loss = 6.1351e-02, PNorm = 59.6085, GNorm = 0.1614, lr_0 = 8.2967e-04
Loss = 8.9608e-02, PNorm = 59.6911, GNorm = 0.2019, lr_0 = 8.2169e-04
Loss = 9.0702e-02, PNorm = 59.7751, GNorm = 0.4187, lr_0 = 8.1377e-04
Loss = 9.9383e-02, PNorm = 59.8349, GNorm = 0.1772, lr_0 = 8.0594e-04
Loss = 5.9454e-02, PNorm = 59.9343, GNorm = 0.1025, lr_0 = 7.9818e-04
Loss = 6.2312e-02, PNorm = 60.0137, GNorm = 0.1010, lr_0 = 7.9050e-04
Loss = 6.4449e-02, PNorm = 60.0956, GNorm = 0.0998, lr_0 = 7.8288e-04
Validation auc = 0.865636
Epoch 5
Loss = 7.4807e-02, PNorm = 60.1630, GNorm = 0.2428, lr_0 = 7.7535e-04
Loss = 5.3144e-02, PNorm = 60.2337, GNorm = 0.1243, lr_0 = 7.6788e-04
Loss = 1.0862e-01, PNorm = 60.2986, GNorm = 0.4023, lr_0 = 7.6049e-04
Loss = 9.0216e-02, PNorm = 60.4217, GNorm = 0.2364, lr_0 = 7.5317e-04
Loss = 5.2383e-02, PNorm = 60.5311, GNorm = 0.1551, lr_0 = 7.4591e-04
Loss = 5.8987e-02, PNorm = 60.6162, GNorm = 0.3328, lr_0 = 7.3873e-04
Loss = 9.0802e-02, PNorm = 60.6537, GNorm = 0.2501, lr_0 = 7.3162e-04
Loss = 3.9542e-02, PNorm = 60.7137, GNorm = 0.0770, lr_0 = 7.2458e-04
Loss = 7.6298e-02, PNorm = 60.7639, GNorm = 0.1468, lr_0 = 7.1760e-04
Validation auc = 0.878119
Epoch 6
Loss = 4.0664e-02, PNorm = 60.8517, GNorm = 0.2076, lr_0 = 7.1000e-04
Loss = 7.5791e-02, PNorm = 60.8902, GNorm = 0.1610, lr_0 = 7.0317e-04
Loss = 6.2372e-02, PNorm = 60.9702, GNorm = 0.1253, lr_0 = 6.9640e-04
Loss = 5.5487e-02, PNorm = 61.0325, GNorm = 0.1773, lr_0 = 6.8969e-04
Loss = 6.1240e-02, PNorm = 61.0905, GNorm = 0.1741, lr_0 = 6.8305e-04
Loss = 7.4795e-02, PNorm = 61.1376, GNorm = 0.1586, lr_0 = 6.7648e-04
Loss = 7.1715e-02, PNorm = 61.1718, GNorm = 0.2292, lr_0 = 6.6996e-04
Loss = 7.2148e-02, PNorm = 61.2399, GNorm = 0.4048, lr_0 = 6.6351e-04
Validation auc = 0.933287
Epoch 7
Loss = 4.7739e-02, PNorm = 61.3188, GNorm = 0.2942, lr_0 = 6.5712e-04
Loss = 6.9862e-02, PNorm = 61.3848, GNorm = 0.3082, lr_0 = 6.5080e-04
Loss = 6.6775e-02, PNorm = 61.4822, GNorm = 0.1154, lr_0 = 6.4453e-04
Loss = 4.8469e-02, PNorm = 61.5535, GNorm = 0.1689, lr_0 = 6.3833e-04
Loss = 4.8125e-02, PNorm = 61.5986, GNorm = 0.1674, lr_0 = 6.3218e-04
Loss = 6.9776e-02, PNorm = 61.6370, GNorm = 0.2060, lr_0 = 6.2609e-04
Loss = 4.2654e-02, PNorm = 61.7174, GNorm = 0.2491, lr_0 = 6.2006e-04
Loss = 5.1384e-02, PNorm = 61.7743, GNorm = 0.2164, lr_0 = 6.1409e-04
Loss = 6.3547e-02, PNorm = 61.8305, GNorm = 0.2486, lr_0 = 6.0818e-04
Validation auc = 0.934013
Epoch 8
Loss = 4.4395e-02, PNorm = 61.8644, GNorm = 0.1221, lr_0 = 6.0233e-04
Loss = 5.7822e-02, PNorm = 61.9281, GNorm = 0.1554, lr_0 = 5.9653e-04
Loss = 5.5678e-02, PNorm = 61.9914, GNorm = 0.1499, lr_0 = 5.9078e-04
Loss = 4.8068e-02, PNorm = 62.0648, GNorm = 0.3054, lr_0 = 5.8510e-04
Loss = 5.8032e-02, PNorm = 62.1112, GNorm = 0.2875, lr_0 = 5.7946e-04
Loss = 5.3658e-02, PNorm = 62.1747, GNorm = 0.0746, lr_0 = 5.7388e-04
Loss = 3.2229e-02, PNorm = 62.2386, GNorm = 0.1235, lr_0 = 5.6836e-04
Loss = 8.7136e-02, PNorm = 62.2818, GNorm = 0.4560, lr_0 = 5.6289e-04
Loss = 7.9919e-02, PNorm = 62.3526, GNorm = 0.3523, lr_0 = 5.5747e-04
Loss = 1.8054e-02, PNorm = 62.3579, GNorm = 0.1673, lr_0 = 5.5693e-04
Validation auc = 0.919284
Epoch 9
Loss = 6.6806e-02, PNorm = 62.4467, GNorm = 0.2329, lr_0 = 5.5156e-04
Loss = 4.2697e-02, PNorm = 62.5431, GNorm = 0.0624, lr_0 = 5.4625e-04
Loss = 3.0167e-02, PNorm = 62.5911, GNorm = 0.0511, lr_0 = 5.4100e-04
Loss = 5.0497e-02, PNorm = 62.6157, GNorm = 0.4168, lr_0 = 5.3579e-04
Loss = 4.4483e-02, PNorm = 62.6472, GNorm = 0.1339, lr_0 = 5.3063e-04
Loss = 7.0698e-02, PNorm = 62.6765, GNorm = 0.2562, lr_0 = 5.2552e-04
Loss = 6.2734e-02, PNorm = 62.7460, GNorm = 0.1792, lr_0 = 5.2046e-04
Loss = 6.6308e-02, PNorm = 62.8001, GNorm = 0.4512, lr_0 = 5.1545e-04
Validation auc = 0.928079
Epoch 10
Loss = 5.1042e-02, PNorm = 62.8457, GNorm = 0.4993, lr_0 = 5.1049e-04
Loss = 4.4805e-02, PNorm = 62.9061, GNorm = 0.2702, lr_0 = 5.0557e-04
Loss = 5.4537e-02, PNorm = 62.9626, GNorm = 0.3154, lr_0 = 5.0070e-04
Loss = 6.0161e-02, PNorm = 63.0094, GNorm = 0.4192, lr_0 = 4.9588e-04
Loss = 4.4709e-02, PNorm = 63.0599, GNorm = 0.1743, lr_0 = 4.9111e-04
Loss = 4.1469e-02, PNorm = 63.1180, GNorm = 0.2450, lr_0 = 4.8638e-04
Loss = 7.9569e-02, PNorm = 63.1620, GNorm = 0.3256, lr_0 = 4.8170e-04
Loss = 3.2252e-02, PNorm = 63.2354, GNorm = 0.1325, lr_0 = 4.7706e-04
Loss = 6.0440e-02, PNorm = 63.2701, GNorm = 0.1316, lr_0 = 4.7247e-04
Validation auc = 0.950896
Epoch 11
Loss = 3.5710e-02, PNorm = 63.3224, GNorm = 0.1838, lr_0 = 4.6792e-04
Loss = 5.8635e-02, PNorm = 63.3568, GNorm = 0.3116, lr_0 = 4.6341e-04
Loss = 5.0108e-02, PNorm = 63.4003, GNorm = 0.5121, lr_0 = 4.5895e-04
Loss = 4.3408e-02, PNorm = 63.4396, GNorm = 0.0808, lr_0 = 4.5453e-04
Loss = 4.8772e-02, PNorm = 63.4893, GNorm = 0.1979, lr_0 = 4.5015e-04
Loss = 5.2342e-02, PNorm = 63.5406, GNorm = 0.3191, lr_0 = 4.4582e-04
Loss = 5.5699e-02, PNorm = 63.5961, GNorm = 0.1028, lr_0 = 4.4153e-04
Loss = 3.6737e-02, PNorm = 63.6542, GNorm = 0.3073, lr_0 = 4.3728e-04
Validation auc = 0.938806
Epoch 12
Loss = 3.0846e-02, PNorm = 63.6923, GNorm = 0.0964, lr_0 = 4.3265e-04
Loss = 4.8964e-02, PNorm = 63.7269, GNorm = 0.5904, lr_0 = 4.2848e-04
Loss = 4.2893e-02, PNorm = 63.7769, GNorm = 0.2004, lr_0 = 4.2436e-04
Loss = 5.8825e-02, PNorm = 63.8379, GNorm = 0.1678, lr_0 = 4.2027e-04
Loss = 2.3289e-02, PNorm = 63.9118, GNorm = 0.0470, lr_0 = 4.1622e-04
Loss = 4.8298e-02, PNorm = 63.9394, GNorm = 0.2298, lr_0 = 4.1222e-04
Loss = 4.6921e-02, PNorm = 63.9722, GNorm = 0.1906, lr_0 = 4.0825e-04
Loss = 5.7053e-02, PNorm = 64.0102, GNorm = 0.0759, lr_0 = 4.0432e-04
Loss = 5.3172e-02, PNorm = 64.0326, GNorm = 0.2295, lr_0 = 4.0042e-04
Validation auc = 0.951214
Epoch 13
Loss = 3.8902e-02, PNorm = 64.0610, GNorm = 0.1519, lr_0 = 3.9657e-04
Loss = 5.3695e-02, PNorm = 64.1019, GNorm = 0.1555, lr_0 = 3.9275e-04
Loss = 4.7441e-02, PNorm = 64.1523, GNorm = 0.1081, lr_0 = 3.8897e-04
Loss = 1.6304e-02, PNorm = 64.2156, GNorm = 0.0397, lr_0 = 3.8522e-04
Loss = 6.8058e-02, PNorm = 64.2357, GNorm = 0.3583, lr_0 = 3.8152e-04
Loss = 4.3045e-02, PNorm = 64.2840, GNorm = 0.2430, lr_0 = 3.7784e-04
Loss = 6.0709e-02, PNorm = 64.3044, GNorm = 0.3054, lr_0 = 3.7420e-04
Loss = 4.9801e-02, PNorm = 64.3310, GNorm = 0.1904, lr_0 = 3.7060e-04
Validation auc = 0.948297
Epoch 14
Loss = 3.7069e-02, PNorm = 64.3727, GNorm = 0.2693, lr_0 = 3.6668e-04
Loss = 4.5712e-02, PNorm = 64.4092, GNorm = 0.2701, lr_0 = 3.6315e-04
Loss = 3.3831e-02, PNorm = 64.4538, GNorm = 0.2885, lr_0 = 3.5965e-04
Loss = 4.3866e-02, PNorm = 64.4943, GNorm = 0.4666, lr_0 = 3.5619e-04
Loss = 2.6765e-02, PNorm = 64.5185, GNorm = 0.1475, lr_0 = 3.5276e-04
Loss = 4.2765e-02, PNorm = 64.5545, GNorm = 0.3531, lr_0 = 3.4936e-04
Loss = 6.1500e-02, PNorm = 64.5668, GNorm = 0.3618, lr_0 = 3.4600e-04
Loss = 3.6395e-02, PNorm = 64.6123, GNorm = 0.2467, lr_0 = 3.4267e-04
Loss = 4.9722e-02, PNorm = 64.6503, GNorm = 0.2001, lr_0 = 3.3937e-04
Validation auc = 0.957556
Epoch 15
Loss = 4.5283e-02, PNorm = 64.6876, GNorm = 0.2822, lr_0 = 3.3610e-04
Loss = 3.1857e-02, PNorm = 64.7412, GNorm = 0.2216, lr_0 = 3.3287e-04
Loss = 3.4278e-02, PNorm = 64.7671, GNorm = 0.2456, lr_0 = 3.2966e-04
Loss = 4.3169e-02, PNorm = 64.7772, GNorm = 0.2426, lr_0 = 3.2649e-04
Loss = 4.8127e-02, PNorm = 64.8171, GNorm = 0.2145, lr_0 = 3.2334e-04
Loss = 2.3265e-02, PNorm = 64.8584, GNorm = 0.1594, lr_0 = 3.2023e-04
Loss = 3.7504e-02, PNorm = 64.8846, GNorm = 0.1311, lr_0 = 3.1715e-04
Loss = 5.8611e-02, PNorm = 64.9116, GNorm = 0.1563, lr_0 = 3.1409e-04
Loss = 4.4474e-02, PNorm = 64.9453, GNorm = 0.1335, lr_0 = 3.1107e-04
Validation auc = 0.957863
Epoch 16
Loss = 3.9219e-02, PNorm = 64.9840, GNorm = 0.2801, lr_0 = 3.0807e-04
Loss = 4.9877e-02, PNorm = 65.0081, GNorm = 0.2202, lr_0 = 3.0511e-04
Loss = 1.8264e-02, PNorm = 65.0423, GNorm = 0.1710, lr_0 = 3.0217e-04
Loss = 4.8806e-02, PNorm = 65.0512, GNorm = 0.3894, lr_0 = 2.9926e-04
Loss = 2.8624e-02, PNorm = 65.0750, GNorm = 0.1258, lr_0 = 2.9638e-04
Loss = 4.9344e-02, PNorm = 65.1039, GNorm = 0.2154, lr_0 = 2.9353e-04
Loss = 3.5985e-02, PNorm = 65.1339, GNorm = 0.1171, lr_0 = 2.9070e-04
Loss = 2.3467e-02, PNorm = 65.1649, GNorm = 0.1515, lr_0 = 2.8790e-04
Validation auc = 0.940772
Epoch 17
Loss = 2.2506e-02, PNorm = 65.1945, GNorm = 0.1489, lr_0 = 2.8485e-04
Loss = 4.0424e-02, PNorm = 65.2293, GNorm = 0.3554, lr_0 = 2.8211e-04
Loss = 3.1310e-02, PNorm = 65.2610, GNorm = 0.2262, lr_0 = 2.7939e-04
Loss = 4.5545e-02, PNorm = 65.2946, GNorm = 0.0797, lr_0 = 2.7670e-04
Loss = 2.7164e-02, PNorm = 65.3163, GNorm = 0.1989, lr_0 = 2.7404e-04
Loss = 4.0387e-02, PNorm = 65.3323, GNorm = 0.1897, lr_0 = 2.7140e-04
Loss = 5.7219e-02, PNorm = 65.3482, GNorm = 0.3259, lr_0 = 2.6879e-04
Loss = 2.4901e-02, PNorm = 65.3812, GNorm = 0.1961, lr_0 = 2.6620e-04
Loss = 2.4116e-02, PNorm = 65.4033, GNorm = 0.3122, lr_0 = 2.6364e-04
Validation auc = 0.956353
Epoch 18
Loss = 4.7367e-02, PNorm = 65.4159, GNorm = 0.5899, lr_0 = 2.6110e-04
Loss = 3.7020e-02, PNorm = 65.4530, GNorm = 0.1889, lr_0 = 2.5859e-04
Loss = 3.3722e-02, PNorm = 65.4735, GNorm = 0.2300, lr_0 = 2.5610e-04
Loss = 1.5668e-02, PNorm = 65.5003, GNorm = 0.1017, lr_0 = 2.5363e-04
Loss = 2.8184e-02, PNorm = 65.5220, GNorm = 0.6649, lr_0 = 2.5119e-04
Loss = 3.7450e-02, PNorm = 65.5357, GNorm = 0.1153, lr_0 = 2.4877e-04
Loss = 3.7997e-02, PNorm = 65.5647, GNorm = 0.2321, lr_0 = 2.4638e-04
Loss = 3.4344e-02, PNorm = 65.5868, GNorm = 0.0604, lr_0 = 2.4400e-04
Validation auc = 0.952090
Epoch 19
Loss = 2.9366e-02, PNorm = 65.6037, GNorm = 0.2509, lr_0 = 2.4165e-04
Loss = 3.6229e-02, PNorm = 65.6300, GNorm = 0.0897, lr_0 = 2.3933e-04
Loss = 2.8266e-02, PNorm = 65.6566, GNorm = 0.0474, lr_0 = 2.3702e-04
Loss = 4.4273e-02, PNorm = 65.6670, GNorm = 0.2410, lr_0 = 2.3474e-04
Loss = 3.6369e-02, PNorm = 65.6777, GNorm = 0.2351, lr_0 = 2.3248e-04
Loss = 3.7602e-02, PNorm = 65.7073, GNorm = 0.2145, lr_0 = 2.3024e-04
Loss = 3.8941e-02, PNorm = 65.7277, GNorm = 0.3460, lr_0 = 2.2803e-04
Loss = 2.2718e-02, PNorm = 65.7521, GNorm = 0.1016, lr_0 = 2.2583e-04
Loss = 3.0921e-02, PNorm = 65.7747, GNorm = 0.1297, lr_0 = 2.2366e-04
Validation auc = 0.953852
Epoch 20
Loss = 2.4822e-02, PNorm = 65.7916, GNorm = 0.2713, lr_0 = 2.2129e-04
Loss = 3.2123e-02, PNorm = 65.8043, GNorm = 0.1344, lr_0 = 2.1916e-04
Loss = 2.4785e-02, PNorm = 65.8334, GNorm = 0.1688, lr_0 = 2.1705e-04
Loss = 2.8948e-02, PNorm = 65.8610, GNorm = 0.1892, lr_0 = 2.1496e-04
Loss = 2.0626e-02, PNorm = 65.8715, GNorm = 0.0602, lr_0 = 2.1289e-04
Loss = 2.7163e-02, PNorm = 65.8856, GNorm = 0.0938, lr_0 = 2.1084e-04
Loss = 4.9428e-02, PNorm = 65.8999, GNorm = 0.2089, lr_0 = 2.0881e-04
Loss = 4.9628e-02, PNorm = 65.9115, GNorm = 0.4540, lr_0 = 2.0680e-04
Validation auc = 0.948724
Epoch 21
Loss = 4.4759e-02, PNorm = 65.9352, GNorm = 0.2613, lr_0 = 2.0481e-04
Loss = 2.7424e-02, PNorm = 65.9574, GNorm = 0.0430, lr_0 = 2.0283e-04
Loss = 2.8937e-02, PNorm = 65.9734, GNorm = 0.1492, lr_0 = 2.0088e-04
Loss = 1.8878e-02, PNorm = 65.9937, GNorm = 0.1745, lr_0 = 1.9895e-04
Loss = 3.2884e-02, PNorm = 66.0081, GNorm = 0.3186, lr_0 = 1.9703e-04
Loss = 2.6881e-02, PNorm = 66.0273, GNorm = 0.2151, lr_0 = 1.9514e-04
Loss = 4.1307e-02, PNorm = 66.0409, GNorm = 0.3823, lr_0 = 1.9326e-04
Loss = 2.7201e-02, PNorm = 66.0604, GNorm = 0.2908, lr_0 = 1.9140e-04
Loss = 2.7360e-02, PNorm = 66.0814, GNorm = 0.1468, lr_0 = 1.8955e-04
Validation auc = 0.956424
Epoch 22
Loss = 2.8862e-02, PNorm = 66.0935, GNorm = 0.0840, lr_0 = 1.8773e-04
Loss = 1.9204e-02, PNorm = 66.1096, GNorm = 0.0751, lr_0 = 1.8592e-04
Loss = 3.5899e-02, PNorm = 66.1214, GNorm = 0.1448, lr_0 = 1.8413e-04
Loss = 3.0880e-02, PNorm = 66.1342, GNorm = 0.1179, lr_0 = 1.8236e-04
Loss = 3.5273e-02, PNorm = 66.1503, GNorm = 0.3972, lr_0 = 1.8060e-04
Loss = 3.8911e-02, PNorm = 66.1795, GNorm = 0.2985, lr_0 = 1.7886e-04
Loss = 1.4178e-02, PNorm = 66.1968, GNorm = 0.0783, lr_0 = 1.7714e-04
Loss = 2.7094e-02, PNorm = 66.2087, GNorm = 0.0942, lr_0 = 1.7544e-04
Validation auc = 0.946785
Epoch 23
Loss = 6.1291e-02, PNorm = 66.2223, GNorm = 0.4666, lr_0 = 1.7358e-04
Loss = 2.3222e-02, PNorm = 66.2409, GNorm = 0.2292, lr_0 = 1.7191e-04
Loss = 2.5333e-02, PNorm = 66.2542, GNorm = 0.0641, lr_0 = 1.7025e-04
Loss = 1.6883e-02, PNorm = 66.2614, GNorm = 0.1389, lr_0 = 1.6861e-04
Loss = 2.6400e-02, PNorm = 66.2754, GNorm = 0.2631, lr_0 = 1.6699e-04
Loss = 2.5979e-02, PNorm = 66.2834, GNorm = 0.0529, lr_0 = 1.6538e-04
Loss = 2.8418e-02, PNorm = 66.2986, GNorm = 0.0739, lr_0 = 1.6379e-04
Loss = 3.6082e-02, PNorm = 66.3016, GNorm = 0.4483, lr_0 = 1.6221e-04
Loss = 2.9605e-02, PNorm = 66.3184, GNorm = 0.0712, lr_0 = 1.6065e-04
Validation auc = 0.950778
Epoch 24
Loss = 1.9933e-02, PNorm = 66.3316, GNorm = 0.3129, lr_0 = 1.5910e-04
Loss = 2.6874e-02, PNorm = 66.3516, GNorm = 0.0688, lr_0 = 1.5757e-04
Loss = 1.9508e-02, PNorm = 66.3660, GNorm = 0.3446, lr_0 = 1.5605e-04
Loss = 2.3776e-02, PNorm = 66.3781, GNorm = 0.1627, lr_0 = 1.5455e-04
Loss = 4.5530e-02, PNorm = 66.3826, GNorm = 0.1917, lr_0 = 1.5306e-04
Loss = 2.7695e-02, PNorm = 66.3911, GNorm = 0.5224, lr_0 = 1.5159e-04
Loss = 3.1688e-02, PNorm = 66.4146, GNorm = 0.2204, lr_0 = 1.5013e-04
Loss = 2.0829e-02, PNorm = 66.4338, GNorm = 0.0334, lr_0 = 1.4869e-04
Loss = 2.6662e-02, PNorm = 66.4390, GNorm = 0.1026, lr_0 = 1.4725e-04
Validation auc = 0.956731
Epoch 25
Loss = 2.0843e-02, PNorm = 66.4498, GNorm = 0.3345, lr_0 = 1.4584e-04
Loss = 2.8433e-02, PNorm = 66.4626, GNorm = 0.1771, lr_0 = 1.4443e-04
Loss = 1.7647e-02, PNorm = 66.4840, GNorm = 0.0704, lr_0 = 1.4304e-04
Loss = 3.1839e-02, PNorm = 66.4983, GNorm = 0.2115, lr_0 = 1.4166e-04
Loss = 2.1763e-02, PNorm = 66.5070, GNorm = 0.5328, lr_0 = 1.4030e-04
Loss = 2.1450e-02, PNorm = 66.5085, GNorm = 0.1007, lr_0 = 1.3895e-04
Loss = 2.5633e-02, PNorm = 66.5130, GNorm = 0.2908, lr_0 = 1.3761e-04
Loss = 3.7271e-02, PNorm = 66.5184, GNorm = 0.5004, lr_0 = 1.3629e-04
Validation auc = 0.941078
Epoch 26
Loss = 3.1558e-02, PNorm = 66.5289, GNorm = 0.2340, lr_0 = 1.3484e-04
Loss = 1.6471e-02, PNorm = 66.5438, GNorm = 0.2633, lr_0 = 1.3355e-04
Loss = 3.1747e-02, PNorm = 66.5522, GNorm = 0.2135, lr_0 = 1.3226e-04
Loss = 2.9580e-02, PNorm = 66.5705, GNorm = 0.0865, lr_0 = 1.3099e-04
Loss = 3.0526e-02, PNorm = 66.5811, GNorm = 0.2008, lr_0 = 1.2973e-04
Loss = 2.3331e-02, PNorm = 66.5870, GNorm = 0.5351, lr_0 = 1.2848e-04
Loss = 2.1006e-02, PNorm = 66.5953, GNorm = 0.2441, lr_0 = 1.2724e-04
Loss = 2.3070e-02, PNorm = 66.6068, GNorm = 0.2070, lr_0 = 1.2601e-04
Loss = 1.6923e-02, PNorm = 66.6159, GNorm = 0.2969, lr_0 = 1.2480e-04
Validation auc = 0.955453
Epoch 27
Loss = 9.2290e-03, PNorm = 66.6239, GNorm = 0.1138, lr_0 = 1.2360e-04
Loss = 2.9564e-02, PNorm = 66.6285, GNorm = 0.4224, lr_0 = 1.2241e-04
Loss = 2.0054e-02, PNorm = 66.6404, GNorm = 0.2018, lr_0 = 1.2123e-04
Loss = 2.1682e-02, PNorm = 66.6570, GNorm = 0.2982, lr_0 = 1.2006e-04
Loss = 2.7876e-02, PNorm = 66.6687, GNorm = 0.5338, lr_0 = 1.1891e-04
Loss = 1.5601e-02, PNorm = 66.6746, GNorm = 0.1100, lr_0 = 1.1776e-04
Loss = 2.2496e-02, PNorm = 66.6834, GNorm = 0.2475, lr_0 = 1.1663e-04
Loss = 2.6520e-02, PNorm = 66.6893, GNorm = 0.4924, lr_0 = 1.1551e-04
Validation auc = 0.964538
Epoch 28
Loss = 3.0213e-02, PNorm = 66.6972, GNorm = 0.1918, lr_0 = 1.1428e-04
Loss = 2.0504e-02, PNorm = 66.7080, GNorm = 0.4047, lr_0 = 1.1318e-04
Loss = 1.7378e-02, PNorm = 66.7158, GNorm = 0.0615, lr_0 = 1.1209e-04
Loss = 3.4709e-02, PNorm = 66.7158, GNorm = 0.2137, lr_0 = 1.1101e-04
Loss = 1.3205e-02, PNorm = 66.7276, GNorm = 0.1515, lr_0 = 1.0995e-04
Loss = 2.0343e-02, PNorm = 66.7401, GNorm = 0.0450, lr_0 = 1.0889e-04
Loss = 2.6927e-02, PNorm = 66.7429, GNorm = 0.0793, lr_0 = 1.0784e-04
Loss = 1.9268e-02, PNorm = 66.7504, GNorm = 0.1145, lr_0 = 1.0680e-04
Loss = 3.2893e-02, PNorm = 66.7537, GNorm = 0.2232, lr_0 = 1.0577e-04
Validation auc = 0.958470
Epoch 29
Loss = 2.4563e-02, PNorm = 66.7651, GNorm = 0.3238, lr_0 = 1.0475e-04
Loss = 1.1904e-02, PNorm = 66.7767, GNorm = 0.0439, lr_0 = 1.0374e-04
Loss = 1.8764e-02, PNorm = 66.7844, GNorm = 0.0358, lr_0 = 1.0275e-04
Loss = 2.1179e-02, PNorm = 66.7872, GNorm = 0.2993, lr_0 = 1.0176e-04
Loss = 2.3889e-02, PNorm = 66.7972, GNorm = 0.4268, lr_0 = 1.0078e-04
Loss = 2.6571e-02, PNorm = 66.8021, GNorm = 0.2852, lr_0 = 1.0000e-04
Loss = 2.3593e-02, PNorm = 66.8068, GNorm = 0.1143, lr_0 = 1.0000e-04
Loss = 3.5093e-02, PNorm = 66.8101, GNorm = 0.3346, lr_0 = 1.0000e-04
Validation auc = 0.961175
Model 0 best validation auc = 0.964538 on epoch 27
Loading pretrained parameter "encoder.encoder.0.cached_zero_vector".
Loading pretrained parameter "encoder.encoder.0.W_i.weight".
Loading pretrained parameter "encoder.encoder.0.W_h.weight".
Loading pretrained parameter "encoder.encoder.0.W_o.weight".
Loading pretrained parameter "encoder.encoder.0.W_o.bias".
Loading pretrained parameter "ffn.1.weight".
Loading pretrained parameter "ffn.1.bias".
Moving model to cuda
Model 0 test auc = 0.785491
Ensemble test auc = 0.785491
Fold 1
Splitting data with seed 1
Total scaffolds = 3,467 | train scaffolds = 2,658 | val scaffolds = 399 | test scaffolds = 410
Label averages per scaffold, in decreasing order of scaffold frequency,capped at 10 scaffolds and 20 labels:
Scaffold 0
Task 0: count = 381 | target average = 0.018373
Task 1: count = 381 | target average = 0.013123


Scaffold 1
Task 0: count = 305 | target average = 0.009836
Task 1: count = 305 | target average = 0.016393


Scaffold 2
Task 0: count = 36 | target average = 0.000000
Task 1: count = 36 | target average = 0.000000


Scaffold 3
Task 0: count = 29 | target average = 0.000000
Task 1: count = 29 | target average = 0.000000


Scaffold 4
Task 0: count = 26 | target average = 0.000000
Task 1: count = 26 | target average = 0.000000


Scaffold 5
Task 0: count = 23 | target average = 0.000000
Task 1: count = 23 | target average = 0.000000


Scaffold 6
Task 0: count = 22 | target average = 0.090909
Task 1: count = 22 | target average = 0.090909


Scaffold 7
Task 0: count = 20 | target average = 0.050000
Task 1: count = 20 | target average = 0.000000


Scaffold 8
Task 0: count = 20 | target average = 0.000000
Task 1: count = 20 | target average = 0.000000


Scaffold 9
Task 0: count = 20 | target average = 0.000000
Task 1: count = 20 | target average = 0.000000


Class sizes
hit_inh 0: 97.83%, 1: 2.17%
hit_kill 0: 98.64%, 1: 1.36%
Total size = 5,353 | train size = 4,282 | val size = 535 | test size = 536
Building model 0
MoleculeModel(
  (sigmoid): Sigmoid()
  (encoder): MPN(
    (encoder): ModuleList(
      (0): MPNEncoder(
        (dropout_layer): Dropout(p=0.4, inplace=False)
        (act_func): ReLU()
        (W_i): Linear(in_features=147, out_features=1500, bias=False)
        (W_h): Linear(in_features=1500, out_features=1500, bias=False)
        (W_o): Linear(in_features=1633, out_features=1500, bias=True)
      )
    )
  )
  (ffn): Sequential(
    (0): Dropout(p=0.4, inplace=False)
    (1): Linear(in_features=1700, out_features=2, bias=True)
  )
)
Number of parameters = 4,924,902
Moving model to cuda
Epoch 0
Loss = 2.5328e-01, PNorm = 57.7585, GNorm = 0.0343, lr_0 = 1.5824e-04
Loss = 1.3340e-01, PNorm = 57.7734, GNorm = 0.5685, lr_0 = 2.1118e-04
Loss = 8.2339e-02, PNorm = 57.7849, GNorm = 0.6109, lr_0 = 2.6412e-04
Loss = 7.3401e-02, PNorm = 57.7957, GNorm = 0.2187, lr_0 = 3.1706e-04
Loss = 8.6895e-02, PNorm = 57.8056, GNorm = 0.1771, lr_0 = 3.7000e-04
Loss = 1.1815e-01, PNorm = 57.8147, GNorm = 0.2228, lr_0 = 4.2294e-04
Loss = 1.0707e-01, PNorm = 57.8303, GNorm = 0.1972, lr_0 = 4.7588e-04
Loss = 1.0781e-01, PNorm = 57.8456, GNorm = 0.1991, lr_0 = 5.2882e-04
Validation auc = 0.711725
Epoch 1
Loss = 5.2018e-02, PNorm = 57.8706, GNorm = 0.2262, lr_0 = 5.8706e-04
Loss = 1.0136e-01, PNorm = 57.8936, GNorm = 0.2149, lr_0 = 6.4000e-04
Loss = 1.1164e-01, PNorm = 57.9249, GNorm = 0.3302, lr_0 = 6.9294e-04
Loss = 9.1265e-02, PNorm = 57.9745, GNorm = 0.1729, lr_0 = 7.4588e-04
Loss = 7.2623e-02, PNorm = 58.0124, GNorm = 0.2906, lr_0 = 7.9882e-04
Loss = 6.8192e-02, PNorm = 58.0477, GNorm = 0.1285, lr_0 = 8.5176e-04
Loss = 8.9105e-02, PNorm = 58.0805, GNorm = 0.1993, lr_0 = 9.0471e-04
Loss = 9.1572e-02, PNorm = 58.1255, GNorm = 0.1558, lr_0 = 9.5765e-04
Loss = 1.1392e-01, PNorm = 58.1792, GNorm = 0.3067, lr_0 = 9.9807e-04
Validation auc = 0.806893
Epoch 2
Loss = 7.9891e-02, PNorm = 58.2514, GNorm = 0.0910, lr_0 = 9.8846e-04
Loss = 1.0221e-01, PNorm = 58.3210, GNorm = 0.2673, lr_0 = 9.7894e-04
Loss = 8.7492e-02, PNorm = 58.3992, GNorm = 0.1444, lr_0 = 9.6952e-04
Loss = 9.0265e-02, PNorm = 58.4550, GNorm = 0.1618, lr_0 = 9.6018e-04
Loss = 5.1837e-02, PNorm = 58.5331, GNorm = 0.1261, lr_0 = 9.5094e-04
Loss = 7.4445e-02, PNorm = 58.5760, GNorm = 0.1445, lr_0 = 9.4178e-04
Loss = 9.2092e-02, PNorm = 58.6165, GNorm = 0.1825, lr_0 = 9.3271e-04
Loss = 8.3924e-02, PNorm = 58.6689, GNorm = 0.3017, lr_0 = 9.2373e-04
Validation auc = 0.871697
Epoch 3
Loss = 1.2422e-01, PNorm = 58.7227, GNorm = 0.2398, lr_0 = 9.1395e-04
Loss = 1.0057e-01, PNorm = 58.7900, GNorm = 0.2681, lr_0 = 9.0515e-04
Loss = 5.2325e-02, PNorm = 58.8505, GNorm = 0.1556, lr_0 = 8.9644e-04
Loss = 7.6364e-02, PNorm = 58.8915, GNorm = 0.3617, lr_0 = 8.8781e-04
Loss = 7.8579e-02, PNorm = 58.9283, GNorm = 0.1276, lr_0 = 8.7926e-04
Loss = 8.1136e-02, PNorm = 58.9966, GNorm = 0.2308, lr_0 = 8.7080e-04
Loss = 7.9741e-02, PNorm = 59.0472, GNorm = 0.1574, lr_0 = 8.6241e-04
Loss = 1.1500e-01, PNorm = 59.0851, GNorm = 0.1874, lr_0 = 8.5411e-04
Loss = 7.4728e-02, PNorm = 59.1542, GNorm = 0.1697, lr_0 = 8.4588e-04
Validation auc = 0.756919
Epoch 4
Loss = 4.9583e-02, PNorm = 59.2143, GNorm = 0.0803, lr_0 = 8.3774e-04
Loss = 7.6661e-02, PNorm = 59.2718, GNorm = 0.3753, lr_0 = 8.2967e-04
Loss = 1.0793e-01, PNorm = 59.3427, GNorm = 0.1103, lr_0 = 8.2169e-04
Loss = 7.6427e-02, PNorm = 59.4270, GNorm = 0.2701, lr_0 = 8.1377e-04
Loss = 9.9506e-02, PNorm = 59.4759, GNorm = 0.2144, lr_0 = 8.0594e-04
Loss = 6.5188e-02, PNorm = 59.5722, GNorm = 0.3426, lr_0 = 7.9818e-04
Loss = 9.3734e-02, PNorm = 59.6118, GNorm = 0.1423, lr_0 = 7.9050e-04
Loss = 9.4321e-02, PNorm = 59.6669, GNorm = 0.1637, lr_0 = 7.8288e-04
Validation auc = 0.862466
Epoch 5
Loss = 6.2976e-02, PNorm = 59.7404, GNorm = 0.2108, lr_0 = 7.7535e-04
Loss = 7.9525e-02, PNorm = 59.7824, GNorm = 0.1490, lr_0 = 7.6788e-04
Loss = 6.5142e-02, PNorm = 59.8621, GNorm = 0.1764, lr_0 = 7.6049e-04
Loss = 5.2749e-02, PNorm = 59.9287, GNorm = 0.2479, lr_0 = 7.5317e-04
Loss = 8.4924e-02, PNorm = 59.9655, GNorm = 0.1394, lr_0 = 7.4591e-04
Loss = 8.4474e-02, PNorm = 60.0502, GNorm = 0.3353, lr_0 = 7.3873e-04
Loss = 9.1354e-02, PNorm = 60.1235, GNorm = 0.3302, lr_0 = 7.3162e-04
Loss = 7.2820e-02, PNorm = 60.2074, GNorm = 0.1457, lr_0 = 7.2458e-04
Loss = 8.1119e-02, PNorm = 60.2547, GNorm = 0.1552, lr_0 = 7.1760e-04
Validation auc = 0.863094
Epoch 6
Loss = 8.5774e-02, PNorm = 60.3324, GNorm = 0.2127, lr_0 = 7.1000e-04
Loss = 9.0548e-02, PNorm = 60.4209, GNorm = 0.2281, lr_0 = 7.0317e-04
Loss = 5.5948e-02, PNorm = 60.5097, GNorm = 0.2147, lr_0 = 6.9640e-04
Loss = 5.0194e-02, PNorm = 60.5723, GNorm = 0.4155, lr_0 = 6.8969e-04
Loss = 6.1444e-02, PNorm = 60.6543, GNorm = 0.0815, lr_0 = 6.8305e-04
Loss = 7.1667e-02, PNorm = 60.7126, GNorm = 0.1511, lr_0 = 6.7648e-04
Loss = 6.8653e-02, PNorm = 60.7811, GNorm = 0.3638, lr_0 = 6.6996e-04
Loss = 1.0321e-01, PNorm = 60.8276, GNorm = 0.1806, lr_0 = 6.6351e-04
Validation auc = 0.790174
Epoch 7
Loss = 3.7461e-02, PNorm = 60.8980, GNorm = 0.1183, lr_0 = 6.5712e-04
Loss = 5.0535e-02, PNorm = 60.9746, GNorm = 0.0900, lr_0 = 6.5080e-04
Loss = 8.1927e-02, PNorm = 61.0245, GNorm = 0.4759, lr_0 = 6.4453e-04
Loss = 9.9510e-02, PNorm = 61.0912, GNorm = 0.1598, lr_0 = 6.3833e-04
Loss = 7.1866e-02, PNorm = 61.1680, GNorm = 0.1953, lr_0 = 6.3218e-04
Loss = 6.0864e-02, PNorm = 61.2565, GNorm = 0.9065, lr_0 = 6.2609e-04
Loss = 6.2381e-02, PNorm = 61.3424, GNorm = 0.1227, lr_0 = 6.2006e-04
Loss = 6.3840e-02, PNorm = 61.4214, GNorm = 0.3008, lr_0 = 6.1409e-04
Loss = 6.0495e-02, PNorm = 61.4664, GNorm = 0.1678, lr_0 = 6.0818e-04
Validation auc = 0.904453
Epoch 8
Loss = 3.8420e-02, PNorm = 61.5348, GNorm = 0.0749, lr_0 = 6.0233e-04
Loss = 6.2975e-02, PNorm = 61.5722, GNorm = 0.1399, lr_0 = 5.9653e-04
Loss = 6.1652e-02, PNorm = 61.6174, GNorm = 0.1332, lr_0 = 5.9078e-04
Loss = 5.8715e-02, PNorm = 61.6532, GNorm = 0.1067, lr_0 = 5.8510e-04
Loss = 4.9477e-02, PNorm = 61.7003, GNorm = 0.1102, lr_0 = 5.7946e-04
Loss = 7.0795e-02, PNorm = 61.7491, GNorm = 0.1886, lr_0 = 5.7388e-04
Loss = 5.5083e-02, PNorm = 61.8134, GNorm = 0.1219, lr_0 = 5.6836e-04
Loss = 7.4632e-02, PNorm = 61.8624, GNorm = 0.2027, lr_0 = 5.6289e-04
Loss = 9.7198e-02, PNorm = 61.9041, GNorm = 0.3350, lr_0 = 5.5747e-04
Loss = 1.1981e-02, PNorm = 61.9108, GNorm = 0.1170, lr_0 = 5.5693e-04
Validation auc = 0.863925
Epoch 9
Loss = 3.9102e-02, PNorm = 61.9843, GNorm = 0.1322, lr_0 = 5.5156e-04
Loss = 7.1890e-02, PNorm = 62.0467, GNorm = 0.1875, lr_0 = 5.4625e-04
Loss = 7.5783e-02, PNorm = 62.1104, GNorm = 0.1520, lr_0 = 5.4100e-04
Loss = 6.6527e-02, PNorm = 62.1660, GNorm = 0.4548, lr_0 = 5.3579e-04
Loss = 7.0042e-02, PNorm = 62.1899, GNorm = 0.1690, lr_0 = 5.3063e-04
Loss = 5.4955e-02, PNorm = 62.2537, GNorm = 0.1273, lr_0 = 5.2552e-04
Loss = 5.3289e-02, PNorm = 62.3105, GNorm = 0.1344, lr_0 = 5.2046e-04
Loss = 7.3236e-02, PNorm = 62.3721, GNorm = 0.1855, lr_0 = 5.1545e-04
Validation auc = 0.877925
Epoch 10
Loss = 3.2250e-02, PNorm = 62.4365, GNorm = 0.1818, lr_0 = 5.1049e-04
Loss = 4.0965e-02, PNorm = 62.4994, GNorm = 0.0879, lr_0 = 5.0557e-04
Loss = 3.4482e-02, PNorm = 62.5560, GNorm = 0.1980, lr_0 = 5.0070e-04
Loss = 6.9787e-02, PNorm = 62.6021, GNorm = 0.2132, lr_0 = 4.9588e-04
Loss = 6.4589e-02, PNorm = 62.6353, GNorm = 0.3644, lr_0 = 4.9111e-04
Loss = 8.5349e-02, PNorm = 62.6882, GNorm = 0.4216, lr_0 = 4.8638e-04
Loss = 4.9890e-02, PNorm = 62.7453, GNorm = 0.2157, lr_0 = 4.8170e-04
Loss = 5.9350e-02, PNorm = 62.7881, GNorm = 0.1716, lr_0 = 4.7706e-04
Loss = 6.8581e-02, PNorm = 62.8256, GNorm = 0.1867, lr_0 = 4.7247e-04
Validation auc = 0.829344
Epoch 11
Loss = 4.7540e-02, PNorm = 62.8693, GNorm = 0.0436, lr_0 = 4.6792e-04
Loss = 2.2992e-02, PNorm = 62.9125, GNorm = 0.2677, lr_0 = 4.6341e-04
Loss = 4.7301e-02, PNorm = 62.9478, GNorm = 0.1703, lr_0 = 4.5895e-04
Loss = 7.5692e-02, PNorm = 62.9825, GNorm = 0.1541, lr_0 = 4.5453e-04
Loss = 5.9299e-02, PNorm = 63.0378, GNorm = 0.1262, lr_0 = 4.5015e-04
Loss = 4.2396e-02, PNorm = 63.0886, GNorm = 0.0986, lr_0 = 4.4582e-04
Loss = 7.9873e-02, PNorm = 63.1370, GNorm = 0.3699, lr_0 = 4.4153e-04
Loss = 4.0630e-02, PNorm = 63.2045, GNorm = 0.1994, lr_0 = 4.3728e-04
Validation auc = 0.854411
Epoch 12
Loss = 2.9944e-02, PNorm = 63.2575, GNorm = 0.3049, lr_0 = 4.3265e-04
Loss = 3.5572e-02, PNorm = 63.3453, GNorm = 0.2119, lr_0 = 4.2848e-04
Loss = 5.2578e-02, PNorm = 63.3949, GNorm = 0.3301, lr_0 = 4.2436e-04
Loss = 2.7534e-02, PNorm = 63.4377, GNorm = 0.1031, lr_0 = 4.2027e-04
Loss = 5.9870e-02, PNorm = 63.4755, GNorm = 0.4236, lr_0 = 4.1622e-04
Loss = 5.3456e-02, PNorm = 63.5209, GNorm = 0.2562, lr_0 = 4.1222e-04
Loss = 9.1144e-02, PNorm = 63.5643, GNorm = 0.4582, lr_0 = 4.0825e-04
Loss = 5.5640e-02, PNorm = 63.6163, GNorm = 0.2080, lr_0 = 4.0432e-04
Loss = 6.2772e-02, PNorm = 63.6476, GNorm = 0.4676, lr_0 = 4.0042e-04
Validation auc = 0.828853
Epoch 13
Loss = 4.1937e-02, PNorm = 63.6725, GNorm = 0.2993, lr_0 = 3.9657e-04
Loss = 3.5833e-02, PNorm = 63.7248, GNorm = 0.0373, lr_0 = 3.9275e-04
Loss = 5.2486e-02, PNorm = 63.7520, GNorm = 0.3791, lr_0 = 3.8897e-04
Loss = 3.9247e-02, PNorm = 63.7801, GNorm = 0.2703, lr_0 = 3.8522e-04
Loss = 5.0042e-02, PNorm = 63.8209, GNorm = 0.2901, lr_0 = 3.8152e-04
Loss = 4.7648e-02, PNorm = 63.8624, GNorm = 0.2030, lr_0 = 3.7784e-04
Loss = 6.7064e-02, PNorm = 63.8947, GNorm = 0.3322, lr_0 = 3.7420e-04
Loss = 5.3511e-02, PNorm = 63.9268, GNorm = 0.2439, lr_0 = 3.7060e-04
Validation auc = 0.848900
Epoch 14
Loss = 3.2002e-02, PNorm = 63.9751, GNorm = 0.1527, lr_0 = 3.6668e-04
Loss = 3.9474e-02, PNorm = 64.0288, GNorm = 0.1798, lr_0 = 3.6315e-04
Loss = 7.0687e-02, PNorm = 64.0776, GNorm = 0.1844, lr_0 = 3.5965e-04
Loss = 2.9373e-02, PNorm = 64.1469, GNorm = 0.2496, lr_0 = 3.5619e-04
Loss = 4.5464e-02, PNorm = 64.1808, GNorm = 0.2329, lr_0 = 3.5276e-04
Loss = 3.3431e-02, PNorm = 64.2277, GNorm = 0.1999, lr_0 = 3.4936e-04
Loss = 7.6223e-02, PNorm = 64.2543, GNorm = 0.2667, lr_0 = 3.4600e-04
Loss = 5.2016e-02, PNorm = 64.2941, GNorm = 0.2071, lr_0 = 3.4267e-04
Loss = 2.8737e-02, PNorm = 64.3279, GNorm = 0.1879, lr_0 = 3.3937e-04
Validation auc = 0.875421
Epoch 15
Loss = 6.3231e-02, PNorm = 64.3474, GNorm = 0.1667, lr_0 = 3.3610e-04
Loss = 3.2214e-02, PNorm = 64.3810, GNorm = 0.1528, lr_0 = 3.3287e-04
Loss = 4.7900e-02, PNorm = 64.4051, GNorm = 0.2694, lr_0 = 3.2966e-04
Loss = 4.4816e-02, PNorm = 64.4239, GNorm = 0.1508, lr_0 = 3.2649e-04
Loss = 3.2443e-02, PNorm = 64.4596, GNorm = 0.3015, lr_0 = 3.2334e-04
Loss = 3.9583e-02, PNorm = 64.4908, GNorm = 0.1415, lr_0 = 3.2023e-04
Loss = 4.9551e-02, PNorm = 64.5128, GNorm = 0.2361, lr_0 = 3.1715e-04
Loss = 4.0595e-02, PNorm = 64.5610, GNorm = 0.1565, lr_0 = 3.1409e-04
Loss = 4.7937e-02, PNorm = 64.6089, GNorm = 0.1613, lr_0 = 3.1107e-04
Validation auc = 0.860168
Epoch 16
Loss = 4.9116e-02, PNorm = 64.6402, GNorm = 0.1342, lr_0 = 3.0807e-04
Loss = 3.1227e-02, PNorm = 64.6673, GNorm = 0.0786, lr_0 = 3.0511e-04
Loss = 5.0283e-02, PNorm = 64.6863, GNorm = 0.1582, lr_0 = 3.0217e-04
Loss = 4.4689e-02, PNorm = 64.7293, GNorm = 0.1918, lr_0 = 2.9926e-04
Loss = 5.2956e-02, PNorm = 64.7600, GNorm = 0.1321, lr_0 = 2.9638e-04
Loss = 5.8849e-02, PNorm = 64.7952, GNorm = 0.2744, lr_0 = 2.9353e-04
Loss = 3.3374e-02, PNorm = 64.8373, GNorm = 0.4491, lr_0 = 2.9070e-04
Loss = 1.7888e-02, PNorm = 64.8659, GNorm = 0.1902, lr_0 = 2.8790e-04
Validation auc = 0.845450
Epoch 17
Loss = 3.2015e-02, PNorm = 64.8992, GNorm = 0.0448, lr_0 = 2.8485e-04
Loss = 4.0359e-02, PNorm = 64.9321, GNorm = 0.3321, lr_0 = 2.8211e-04
Loss = 4.7237e-02, PNorm = 64.9554, GNorm = 0.2344, lr_0 = 2.7939e-04
Loss = 4.4946e-02, PNorm = 64.9763, GNorm = 0.1849, lr_0 = 2.7670e-04
Loss = 2.6701e-02, PNorm = 65.0045, GNorm = 0.1312, lr_0 = 2.7404e-04
Loss = 2.7153e-02, PNorm = 65.0160, GNorm = 0.1833, lr_0 = 2.7140e-04
Loss = 3.8997e-02, PNorm = 65.0324, GNorm = 0.2891, lr_0 = 2.6879e-04
Loss = 3.5634e-02, PNorm = 65.0617, GNorm = 0.1957, lr_0 = 2.6620e-04
Loss = 4.5714e-02, PNorm = 65.0856, GNorm = 0.2725, lr_0 = 2.6364e-04
Validation auc = 0.859512
Epoch 18
Loss = 3.1449e-02, PNorm = 65.1087, GNorm = 0.0584, lr_0 = 2.6110e-04
Loss = 4.9464e-02, PNorm = 65.1266, GNorm = 0.3337, lr_0 = 2.5859e-04
Loss = 6.0994e-02, PNorm = 65.1572, GNorm = 0.1865, lr_0 = 2.5610e-04
Loss = 3.5469e-02, PNorm = 65.1943, GNorm = 0.3545, lr_0 = 2.5363e-04
Loss = 4.8869e-02, PNorm = 65.2123, GNorm = 0.2934, lr_0 = 2.5119e-04
Loss = 3.3887e-02, PNorm = 65.2355, GNorm = 0.0635, lr_0 = 2.4877e-04
Loss = 3.5525e-02, PNorm = 65.2552, GNorm = 0.1569, lr_0 = 2.4638e-04
Loss = 2.6593e-02, PNorm = 65.2784, GNorm = 0.3531, lr_0 = 2.4400e-04
Validation auc = 0.860631
Epoch 19
Loss = 2.7856e-02, PNorm = 65.3013, GNorm = 0.1827, lr_0 = 2.4165e-04
Loss = 3.5041e-02, PNorm = 65.3180, GNorm = 0.2296, lr_0 = 2.3933e-04
Loss = 3.2298e-02, PNorm = 65.3322, GNorm = 0.0823, lr_0 = 2.3702e-04
Loss = 2.5521e-02, PNorm = 65.3533, GNorm = 0.2322, lr_0 = 2.3474e-04
Loss = 2.3556e-02, PNorm = 65.3775, GNorm = 0.3156, lr_0 = 2.3248e-04
Loss = 5.2193e-02, PNorm = 65.3967, GNorm = 0.1896, lr_0 = 2.3024e-04
Loss = 4.6874e-02, PNorm = 65.4213, GNorm = 0.3881, lr_0 = 2.2803e-04
Loss = 2.3582e-02, PNorm = 65.4509, GNorm = 0.3257, lr_0 = 2.2583e-04
Loss = 3.2011e-02, PNorm = 65.4613, GNorm = 0.0799, lr_0 = 2.2366e-04
Validation auc = 0.852443
Epoch 20
Loss = 2.0801e-02, PNorm = 65.4847, GNorm = 0.1058, lr_0 = 2.2129e-04
Loss = 2.6834e-02, PNorm = 65.5015, GNorm = 0.0829, lr_0 = 2.1916e-04
Loss = 3.8792e-02, PNorm = 65.5171, GNorm = 0.2585, lr_0 = 2.1705e-04
Loss = 1.8537e-02, PNorm = 65.5370, GNorm = 0.0632, lr_0 = 2.1496e-04
Loss = 3.2542e-02, PNorm = 65.5580, GNorm = 0.1727, lr_0 = 2.1289e-04
Loss = 3.4550e-02, PNorm = 65.5745, GNorm = 0.2545, lr_0 = 2.1084e-04
Loss = 2.5837e-02, PNorm = 65.6041, GNorm = 0.1977, lr_0 = 2.0881e-04
Loss = 3.0843e-02, PNorm = 65.6231, GNorm = 0.4853, lr_0 = 2.0680e-04
Validation auc = 0.871181
Epoch 21
Loss = 5.0756e-02, PNorm = 65.6283, GNorm = 0.5078, lr_0 = 2.0481e-04
Loss = 3.0839e-02, PNorm = 65.6701, GNorm = 0.2954, lr_0 = 2.0283e-04
Loss = 2.2874e-02, PNorm = 65.6927, GNorm = 0.1326, lr_0 = 2.0088e-04
Loss = 4.7232e-02, PNorm = 65.6996, GNorm = 0.2249, lr_0 = 1.9895e-04
Loss = 3.2041e-02, PNorm = 65.7197, GNorm = 0.2007, lr_0 = 1.9703e-04
Loss = 3.8173e-02, PNorm = 65.7443, GNorm = 0.1928, lr_0 = 1.9514e-04
Loss = 3.8980e-02, PNorm = 65.7615, GNorm = 0.2240, lr_0 = 1.9326e-04
Loss = 2.4741e-02, PNorm = 65.7771, GNorm = 0.1318, lr_0 = 1.9140e-04
Loss = 3.2813e-02, PNorm = 65.7951, GNorm = 0.6325, lr_0 = 1.8955e-04
Validation auc = 0.861672
Epoch 22
Loss = 1.3488e-02, PNorm = 65.8094, GNorm = 0.1986, lr_0 = 1.8773e-04
Loss = 4.5775e-02, PNorm = 65.8163, GNorm = 0.2422, lr_0 = 1.8592e-04
Loss = 1.7155e-02, PNorm = 65.8357, GNorm = 0.2239, lr_0 = 1.8413e-04
Loss = 2.4007e-02, PNorm = 65.8562, GNorm = 0.1882, lr_0 = 1.8236e-04
Loss = 3.6462e-02, PNorm = 65.8624, GNorm = 0.1430, lr_0 = 1.8060e-04
Loss = 2.6930e-02, PNorm = 65.8798, GNorm = 0.3194, lr_0 = 1.7886e-04
Loss = 4.5872e-02, PNorm = 65.9034, GNorm = 0.4123, lr_0 = 1.7714e-04
Loss = 4.3001e-02, PNorm = 65.9100, GNorm = 0.3539, lr_0 = 1.7544e-04
Validation auc = 0.861202
Epoch 23
Loss = 4.3389e-02, PNorm = 65.9293, GNorm = 0.2864, lr_0 = 1.7358e-04
Loss = 2.3367e-02, PNorm = 65.9458, GNorm = 0.4314, lr_0 = 1.7191e-04
Loss = 4.7131e-02, PNorm = 65.9514, GNorm = 0.1843, lr_0 = 1.7025e-04
Loss = 1.9530e-02, PNorm = 65.9713, GNorm = 0.1621, lr_0 = 1.6861e-04
Loss = 2.1758e-02, PNorm = 65.9888, GNorm = 0.0362, lr_0 = 1.6699e-04
Loss = 2.2842e-02, PNorm = 66.0038, GNorm = 0.3025, lr_0 = 1.6538e-04
Loss = 2.0344e-02, PNorm = 66.0166, GNorm = 0.2835, lr_0 = 1.6379e-04
Loss = 3.0559e-02, PNorm = 66.0242, GNorm = 0.1667, lr_0 = 1.6221e-04
Loss = 4.2814e-02, PNorm = 66.0377, GNorm = 0.0976, lr_0 = 1.6065e-04
Validation auc = 0.872220
Epoch 24
Loss = 3.9166e-02, PNorm = 66.0469, GNorm = 0.3808, lr_0 = 1.5910e-04
Loss = 1.8745e-02, PNorm = 66.0700, GNorm = 0.1278, lr_0 = 1.5757e-04
Loss = 3.7275e-02, PNorm = 66.0863, GNorm = 0.3679, lr_0 = 1.5605e-04
Loss = 2.1621e-02, PNorm = 66.0979, GNorm = 0.1775, lr_0 = 1.5455e-04
Loss = 2.9757e-02, PNorm = 66.1062, GNorm = 0.1290, lr_0 = 1.5306e-04
Loss = 1.8251e-02, PNorm = 66.1187, GNorm = 0.1671, lr_0 = 1.5159e-04
Loss = 3.5915e-02, PNorm = 66.1296, GNorm = 0.2854, lr_0 = 1.5013e-04
Loss = 2.6482e-02, PNorm = 66.1359, GNorm = 0.0982, lr_0 = 1.4869e-04
Loss = 2.2446e-02, PNorm = 66.1520, GNorm = 0.0267, lr_0 = 1.4725e-04
Validation auc = 0.871680
Epoch 25
Loss = 3.4583e-02, PNorm = 66.1642, GNorm = 0.2459, lr_0 = 1.4584e-04
Loss = 1.9017e-02, PNorm = 66.1797, GNorm = 0.2276, lr_0 = 1.4443e-04
Loss = 2.5769e-02, PNorm = 66.1961, GNorm = 0.4274, lr_0 = 1.4304e-04
Loss = 3.6352e-02, PNorm = 66.2028, GNorm = 0.3058, lr_0 = 1.4166e-04
Loss = 2.3545e-02, PNorm = 66.2162, GNorm = 0.2951, lr_0 = 1.4030e-04
Loss = 2.7054e-02, PNorm = 66.2233, GNorm = 0.2089, lr_0 = 1.3895e-04
Loss = 1.9443e-02, PNorm = 66.2345, GNorm = 0.1047, lr_0 = 1.3761e-04
Loss = 2.2070e-02, PNorm = 66.2419, GNorm = 0.3310, lr_0 = 1.3629e-04
Validation auc = 0.860949
Epoch 26
Loss = 2.5049e-02, PNorm = 66.2489, GNorm = 0.1602, lr_0 = 1.3484e-04
Loss = 2.4674e-02, PNorm = 66.2658, GNorm = 0.1530, lr_0 = 1.3355e-04
Loss = 1.1703e-02, PNorm = 66.2824, GNorm = 0.0919, lr_0 = 1.3226e-04
Loss = 2.4177e-02, PNorm = 66.2890, GNorm = 0.0401, lr_0 = 1.3099e-04
Loss = 4.3032e-02, PNorm = 66.2881, GNorm = 0.4815, lr_0 = 1.2973e-04
Loss = 3.1378e-02, PNorm = 66.3094, GNorm = 0.1221, lr_0 = 1.2848e-04
Loss = 2.1265e-02, PNorm = 66.3255, GNorm = 0.0742, lr_0 = 1.2724e-04
Loss = 4.4677e-02, PNorm = 66.3283, GNorm = 0.1742, lr_0 = 1.2601e-04
Loss = 1.4718e-02, PNorm = 66.3339, GNorm = 0.2716, lr_0 = 1.2480e-04
Validation auc = 0.881529
Epoch 27
Loss = 1.9178e-02, PNorm = 66.3408, GNorm = 0.0663, lr_0 = 1.2360e-04
Loss = 1.0421e-02, PNorm = 66.3501, GNorm = 0.0666, lr_0 = 1.2241e-04
Loss = 1.2566e-02, PNorm = 66.3603, GNorm = 0.3606, lr_0 = 1.2123e-04
Loss = 9.7403e-03, PNorm = 66.3705, GNorm = 0.0596, lr_0 = 1.2006e-04
Loss = 1.8605e-02, PNorm = 66.3757, GNorm = 0.0443, lr_0 = 1.1891e-04
Loss = 4.1192e-02, PNorm = 66.3798, GNorm = 0.5649, lr_0 = 1.1776e-04
Loss = 2.7447e-02, PNorm = 66.3914, GNorm = 0.4334, lr_0 = 1.1663e-04
Loss = 2.3810e-02, PNorm = 66.4062, GNorm = 0.6987, lr_0 = 1.1551e-04
Validation auc = 0.863278
Epoch 28
Loss = 3.8436e-02, PNorm = 66.4069, GNorm = 0.5878, lr_0 = 1.1428e-04
Loss = 1.5304e-02, PNorm = 66.4182, GNorm = 0.1812, lr_0 = 1.1318e-04
Loss = 3.2986e-02, PNorm = 66.4316, GNorm = 0.3251, lr_0 = 1.1209e-04
Loss = 2.0956e-02, PNorm = 66.4443, GNorm = 0.2677, lr_0 = 1.1101e-04
Loss = 1.8559e-02, PNorm = 66.4537, GNorm = 0.0969, lr_0 = 1.0995e-04
Loss = 2.3355e-02, PNorm = 66.4609, GNorm = 0.1648, lr_0 = 1.0889e-04
Loss = 2.8488e-02, PNorm = 66.4660, GNorm = 0.1580, lr_0 = 1.0784e-04
Loss = 2.8374e-02, PNorm = 66.4711, GNorm = 0.0656, lr_0 = 1.0680e-04
Loss = 1.8554e-02, PNorm = 66.4796, GNorm = 0.2895, lr_0 = 1.0577e-04
Validation auc = 0.875220
Epoch 29
Loss = 2.5535e-02, PNorm = 66.4895, GNorm = 0.4200, lr_0 = 1.0475e-04
Loss = 2.3114e-02, PNorm = 66.4953, GNorm = 0.8577, lr_0 = 1.0374e-04
Loss = 2.6939e-02, PNorm = 66.4985, GNorm = 0.2346, lr_0 = 1.0275e-04
Loss = 1.3188e-02, PNorm = 66.5072, GNorm = 0.1619, lr_0 = 1.0176e-04
Loss = 1.3856e-02, PNorm = 66.5180, GNorm = 0.0110, lr_0 = 1.0078e-04
Loss = 2.7601e-02, PNorm = 66.5210, GNorm = 0.0879, lr_0 = 1.0000e-04
Loss = 2.8832e-02, PNorm = 66.5285, GNorm = 0.1582, lr_0 = 1.0000e-04
Loss = 1.3418e-02, PNorm = 66.5404, GNorm = 0.0715, lr_0 = 1.0000e-04
Validation auc = 0.862122
Model 0 best validation auc = 0.904453 on epoch 7
Loading pretrained parameter "encoder.encoder.0.cached_zero_vector".
Loading pretrained parameter "encoder.encoder.0.W_i.weight".
Loading pretrained parameter "encoder.encoder.0.W_h.weight".
Loading pretrained parameter "encoder.encoder.0.W_o.weight".
Loading pretrained parameter "encoder.encoder.0.W_o.bias".
Loading pretrained parameter "ffn.1.weight".
Loading pretrained parameter "ffn.1.bias".
Moving model to cuda
Model 0 test auc = 0.858911
Ensemble test auc = 0.858911
Fold 2
Splitting data with seed 2
Total scaffolds = 3,467 | train scaffolds = 2,630 | val scaffolds = 419 | test scaffolds = 418
Label averages per scaffold, in decreasing order of scaffold frequency,capped at 10 scaffolds and 20 labels:
Scaffold 0
Task 0: count = 381 | target average = 0.018373
Task 1: count = 381 | target average = 0.013123


Scaffold 1
Task 0: count = 305 | target average = 0.009836
Task 1: count = 305 | target average = 0.016393


Scaffold 2
Task 0: count = 36 | target average = 0.000000
Task 1: count = 36 | target average = 0.000000


Scaffold 3
Task 0: count = 29 | target average = 0.000000
Task 1: count = 29 | target average = 0.000000


Scaffold 4
Task 0: count = 26 | target average = 0.000000
Task 1: count = 26 | target average = 0.000000


Scaffold 5
Task 0: count = 23 | target average = 0.000000
Task 1: count = 23 | target average = 0.000000


Scaffold 6
Task 0: count = 22 | target average = 0.090909
Task 1: count = 22 | target average = 0.090909


Scaffold 7
Task 0: count = 20 | target average = 0.000000
Task 1: count = 20 | target average = 0.000000


Scaffold 8
Task 0: count = 20 | target average = 0.000000
Task 1: count = 20 | target average = 0.000000


Scaffold 9
Task 0: count = 20 | target average = 0.050000
Task 1: count = 20 | target average = 0.000000


Class sizes
hit_inh 0: 97.83%, 1: 2.17%
hit_kill 0: 98.64%, 1: 1.36%
Total size = 5,353 | train size = 4,282 | val size = 535 | test size = 536
Building model 0
MoleculeModel(
  (sigmoid): Sigmoid()
  (encoder): MPN(
    (encoder): ModuleList(
      (0): MPNEncoder(
        (dropout_layer): Dropout(p=0.4, inplace=False)
        (act_func): ReLU()
        (W_i): Linear(in_features=147, out_features=1500, bias=False)
        (W_h): Linear(in_features=1500, out_features=1500, bias=False)
        (W_o): Linear(in_features=1633, out_features=1500, bias=True)
      )
    )
  )
  (ffn): Sequential(
    (0): Dropout(p=0.4, inplace=False)
    (1): Linear(in_features=1700, out_features=2, bias=True)
  )
)
Number of parameters = 4,924,902
Moving model to cuda
Epoch 0
Loss = 2.4662e-01, PNorm = 57.7579, GNorm = 0.2664, lr_0 = 1.5824e-04
Loss = 7.9658e-02, PNorm = 57.7756, GNorm = 0.3021, lr_0 = 2.1118e-04
Loss = 1.2119e-01, PNorm = 57.7858, GNorm = 0.3428, lr_0 = 2.6412e-04
Loss = 9.2182e-02, PNorm = 57.7991, GNorm = 0.2266, lr_0 = 3.1706e-04
Loss = 8.4483e-02, PNorm = 57.8109, GNorm = 0.1699, lr_0 = 3.7000e-04
Loss = 1.0259e-01, PNorm = 57.8227, GNorm = 0.2719, lr_0 = 4.2294e-04
Loss = 9.8330e-02, PNorm = 57.8372, GNorm = 0.3716, lr_0 = 4.7588e-04
Loss = 8.0230e-02, PNorm = 57.8524, GNorm = 0.2956, lr_0 = 5.2882e-04
Validation auc = 0.683587
Epoch 1
Loss = 7.0647e-02, PNorm = 57.8753, GNorm = 0.2256, lr_0 = 5.8706e-04
Loss = 7.7819e-02, PNorm = 57.8967, GNorm = 0.3991, lr_0 = 6.4000e-04
Loss = 5.2032e-02, PNorm = 57.9302, GNorm = 0.3176, lr_0 = 6.9294e-04
Loss = 1.3385e-01, PNorm = 57.9511, GNorm = 0.3637, lr_0 = 7.4588e-04
Loss = 8.3191e-02, PNorm = 58.0015, GNorm = 0.4066, lr_0 = 7.9882e-04
Loss = 9.8039e-02, PNorm = 58.0366, GNorm = 0.2150, lr_0 = 8.5176e-04
Loss = 1.0611e-01, PNorm = 58.0778, GNorm = 0.1723, lr_0 = 9.0471e-04
Loss = 1.1845e-01, PNorm = 58.1236, GNorm = 0.3016, lr_0 = 9.5765e-04
Loss = 7.2006e-02, PNorm = 58.1741, GNorm = 0.2192, lr_0 = 9.9807e-04
Validation auc = 0.831470
Epoch 2
Loss = 9.2394e-02, PNorm = 58.2490, GNorm = 0.3825, lr_0 = 9.8846e-04
Loss = 7.9299e-02, PNorm = 58.3139, GNorm = 0.3408, lr_0 = 9.7894e-04
Loss = 1.0495e-01, PNorm = 58.3555, GNorm = 0.1522, lr_0 = 9.6952e-04
Loss = 8.4432e-02, PNorm = 58.4006, GNorm = 0.3520, lr_0 = 9.6018e-04
Loss = 1.1435e-01, PNorm = 58.4340, GNorm = 0.2195, lr_0 = 9.5094e-04
Loss = 6.9315e-02, PNorm = 58.4998, GNorm = 0.1733, lr_0 = 9.4178e-04
Loss = 5.8998e-02, PNorm = 58.5296, GNorm = 0.1378, lr_0 = 9.3271e-04
Loss = 7.7192e-02, PNorm = 58.5752, GNorm = 0.1373, lr_0 = 9.2373e-04
Validation auc = 0.845374
Epoch 3
Loss = 7.8801e-02, PNorm = 58.6187, GNorm = 0.1768, lr_0 = 9.1395e-04
Loss = 1.0156e-01, PNorm = 58.6604, GNorm = 0.2084, lr_0 = 9.0515e-04
Loss = 9.0845e-02, PNorm = 58.7187, GNorm = 0.3331, lr_0 = 8.9644e-04
Loss = 3.4040e-02, PNorm = 58.7709, GNorm = 0.0846, lr_0 = 8.8781e-04
Loss = 9.2361e-02, PNorm = 58.7875, GNorm = 0.2350, lr_0 = 8.7926e-04
Loss = 7.9303e-02, PNorm = 58.8406, GNorm = 0.0969, lr_0 = 8.7080e-04
Loss = 1.0705e-01, PNorm = 58.9002, GNorm = 0.2733, lr_0 = 8.6241e-04
Loss = 8.4151e-02, PNorm = 58.9810, GNorm = 0.1364, lr_0 = 8.5411e-04
Loss = 7.9119e-02, PNorm = 59.0192, GNorm = 0.2294, lr_0 = 8.4588e-04
Validation auc = 0.867045
Epoch 4
Loss = 4.6174e-02, PNorm = 59.0881, GNorm = 0.1035, lr_0 = 8.3774e-04
Loss = 6.1597e-02, PNorm = 59.1371, GNorm = 0.1731, lr_0 = 8.2967e-04
Loss = 7.6908e-02, PNorm = 59.1660, GNorm = 0.2312, lr_0 = 8.2169e-04
Loss = 9.9400e-02, PNorm = 59.2127, GNorm = 0.1721, lr_0 = 8.1377e-04
Loss = 9.6282e-02, PNorm = 59.2670, GNorm = 0.1660, lr_0 = 8.0594e-04
Loss = 6.6007e-02, PNorm = 59.3403, GNorm = 0.1938, lr_0 = 7.9818e-04
Loss = 9.8011e-02, PNorm = 59.3828, GNorm = 0.2807, lr_0 = 7.9050e-04
Loss = 5.5492e-02, PNorm = 59.4659, GNorm = 0.1687, lr_0 = 7.8288e-04
Validation auc = 0.821363
Epoch 5
Loss = 9.3122e-02, PNorm = 59.5261, GNorm = 0.1621, lr_0 = 7.7535e-04
Loss = 9.2562e-02, PNorm = 59.6102, GNorm = 0.1614, lr_0 = 7.6788e-04
Loss = 7.8027e-02, PNorm = 59.6884, GNorm = 0.2958, lr_0 = 7.6049e-04
Loss = 8.0144e-02, PNorm = 59.7890, GNorm = 0.1086, lr_0 = 7.5317e-04
Loss = 5.3809e-02, PNorm = 59.8701, GNorm = 0.1170, lr_0 = 7.4591e-04
Loss = 7.7450e-02, PNorm = 59.9261, GNorm = 0.1655, lr_0 = 7.3873e-04
Loss = 9.4357e-02, PNorm = 59.9859, GNorm = 0.1446, lr_0 = 7.3162e-04
Loss = 6.5934e-02, PNorm = 60.0676, GNorm = 0.1219, lr_0 = 7.2458e-04
Loss = 6.3896e-02, PNorm = 60.1179, GNorm = 0.1471, lr_0 = 7.1760e-04
Validation auc = 0.840035
Epoch 6
Loss = 4.8925e-02, PNorm = 60.1962, GNorm = 0.1206, lr_0 = 7.1000e-04
Loss = 9.3769e-02, PNorm = 60.2549, GNorm = 0.1859, lr_0 = 7.0317e-04
Loss = 8.8873e-02, PNorm = 60.3347, GNorm = 0.2452, lr_0 = 6.9640e-04
Loss = 8.1966e-02, PNorm = 60.4254, GNorm = 0.1987, lr_0 = 6.8969e-04
Loss = 7.2222e-02, PNorm = 60.5072, GNorm = 0.1108, lr_0 = 6.8305e-04
Loss = 7.1089e-02, PNorm = 60.5709, GNorm = 0.1936, lr_0 = 6.7648e-04
Loss = 6.6543e-02, PNorm = 60.6525, GNorm = 0.4461, lr_0 = 6.6996e-04
Loss = 2.8009e-02, PNorm = 60.7408, GNorm = 0.0703, lr_0 = 6.6351e-04
Validation auc = 0.839194
Epoch 7
Loss = 8.2446e-02, PNorm = 60.7813, GNorm = 0.1561, lr_0 = 6.5712e-04
Loss = 6.8780e-02, PNorm = 60.8694, GNorm = 0.2129, lr_0 = 6.5080e-04
Loss = 8.2993e-02, PNorm = 60.9571, GNorm = 0.2690, lr_0 = 6.4453e-04
Loss = 6.4259e-02, PNorm = 61.0584, GNorm = 0.1736, lr_0 = 6.3833e-04
Loss = 6.5518e-02, PNorm = 61.1197, GNorm = 0.1111, lr_0 = 6.3218e-04
Loss = 4.5769e-02, PNorm = 61.1920, GNorm = 0.0856, lr_0 = 6.2609e-04
Loss = 7.5604e-02, PNorm = 61.2550, GNorm = 0.2381, lr_0 = 6.2006e-04
Loss = 7.2583e-02, PNorm = 61.3296, GNorm = 0.3332, lr_0 = 6.1409e-04
Loss = 4.5994e-02, PNorm = 61.4236, GNorm = 0.0756, lr_0 = 6.0818e-04
Validation auc = 0.864905
Epoch 8
Loss = 3.5701e-02, PNorm = 61.4928, GNorm = 0.1817, lr_0 = 6.0233e-04
Loss = 5.0394e-02, PNorm = 61.5496, GNorm = 0.1210, lr_0 = 5.9653e-04
Loss = 6.2797e-02, PNorm = 61.6072, GNorm = 0.1663, lr_0 = 5.9078e-04
Loss = 8.8113e-02, PNorm = 61.6691, GNorm = 0.3091, lr_0 = 5.8510e-04
Loss = 6.6633e-02, PNorm = 61.7763, GNorm = 0.2919, lr_0 = 5.7946e-04
Loss = 6.0213e-02, PNorm = 61.8416, GNorm = 0.2321, lr_0 = 5.7388e-04
Loss = 5.5277e-02, PNorm = 61.8995, GNorm = 0.1876, lr_0 = 5.6836e-04
Loss = 7.0243e-02, PNorm = 61.9493, GNorm = 0.1812, lr_0 = 5.6289e-04
Loss = 6.2118e-02, PNorm = 62.0102, GNorm = 0.1205, lr_0 = 5.5747e-04
Loss = 1.4249e-02, PNorm = 62.0168, GNorm = 0.1396, lr_0 = 5.5693e-04
Validation auc = 0.873925
Epoch 9
Loss = 4.6333e-02, PNorm = 62.0833, GNorm = 0.1209, lr_0 = 5.5156e-04
Loss = 7.3606e-02, PNorm = 62.1175, GNorm = 0.1676, lr_0 = 5.4625e-04
Loss = 6.4529e-02, PNorm = 62.1761, GNorm = 0.1248, lr_0 = 5.4100e-04
Loss = 3.3180e-02, PNorm = 62.2450, GNorm = 0.1563, lr_0 = 5.3579e-04
Loss = 8.8242e-02, PNorm = 62.2937, GNorm = 0.1891, lr_0 = 5.3063e-04
Loss = 4.7135e-02, PNorm = 62.3617, GNorm = 0.2160, lr_0 = 5.2552e-04
Loss = 6.0587e-02, PNorm = 62.4101, GNorm = 0.1348, lr_0 = 5.2046e-04
Loss = 4.9156e-02, PNorm = 62.4824, GNorm = 0.2123, lr_0 = 5.1545e-04
Validation auc = 0.875214
Epoch 10
Loss = 3.5150e-02, PNorm = 62.5493, GNorm = 0.0716, lr_0 = 5.1049e-04
Loss = 6.8240e-02, PNorm = 62.6250, GNorm = 0.1644, lr_0 = 5.0557e-04
Loss = 2.7815e-02, PNorm = 62.7092, GNorm = 0.0387, lr_0 = 5.0070e-04
Loss = 2.1706e-02, PNorm = 62.7499, GNorm = 0.1795, lr_0 = 4.9588e-04
Loss = 7.2554e-02, PNorm = 62.7913, GNorm = 0.1306, lr_0 = 4.9111e-04
Loss = 7.6019e-02, PNorm = 62.8472, GNorm = 0.1981, lr_0 = 4.8638e-04
Loss = 6.5503e-02, PNorm = 62.9300, GNorm = 0.1426, lr_0 = 4.8170e-04
Loss = 5.7498e-02, PNorm = 63.0012, GNorm = 0.3665, lr_0 = 4.7706e-04
Loss = 4.6663e-02, PNorm = 63.0448, GNorm = 0.2037, lr_0 = 4.7247e-04
Validation auc = 0.872141
Epoch 11
Loss = 8.3731e-02, PNorm = 63.1123, GNorm = 0.3057, lr_0 = 4.6792e-04
Loss = 4.8937e-02, PNorm = 63.1974, GNorm = 0.1953, lr_0 = 4.6341e-04
Loss = 3.3033e-02, PNorm = 63.2557, GNorm = 0.0870, lr_0 = 4.5895e-04
Loss = 4.8752e-02, PNorm = 63.2983, GNorm = 0.1107, lr_0 = 4.5453e-04
Loss = 7.6239e-02, PNorm = 63.3328, GNorm = 0.3784, lr_0 = 4.5015e-04
Loss = 5.3493e-02, PNorm = 63.3907, GNorm = 0.0590, lr_0 = 4.4582e-04
Loss = 5.0795e-02, PNorm = 63.4325, GNorm = 0.1061, lr_0 = 4.4153e-04
Loss = 4.2697e-02, PNorm = 63.4899, GNorm = 0.2648, lr_0 = 4.3728e-04
Validation auc = 0.872884
Epoch 12
Loss = 4.5908e-02, PNorm = 63.5358, GNorm = 0.1807, lr_0 = 4.3265e-04
Loss = 3.0420e-02, PNorm = 63.5900, GNorm = 0.0835, lr_0 = 4.2848e-04
Loss = 3.9661e-02, PNorm = 63.6374, GNorm = 0.3462, lr_0 = 4.2436e-04
Loss = 7.0508e-02, PNorm = 63.6676, GNorm = 0.7900, lr_0 = 4.2027e-04
Loss = 4.8897e-02, PNorm = 63.6934, GNorm = 0.5301, lr_0 = 4.1622e-04
Loss = 2.7966e-02, PNorm = 63.7616, GNorm = 0.2289, lr_0 = 4.1222e-04
Loss = 7.6777e-02, PNorm = 63.7845, GNorm = 0.3049, lr_0 = 4.0825e-04
Loss = 6.2289e-02, PNorm = 63.8337, GNorm = 0.2450, lr_0 = 4.0432e-04
Loss = 4.5970e-02, PNorm = 63.9014, GNorm = 0.1715, lr_0 = 4.0042e-04
Validation auc = 0.892957
Epoch 13
Loss = 2.4912e-02, PNorm = 63.9368, GNorm = 0.2371, lr_0 = 3.9657e-04
Loss = 5.6685e-02, PNorm = 63.9727, GNorm = 0.1475, lr_0 = 3.9275e-04
Loss = 1.2655e-02, PNorm = 64.0158, GNorm = 0.0760, lr_0 = 3.8897e-04
Loss = 5.4550e-02, PNorm = 64.0430, GNorm = 0.2889, lr_0 = 3.8522e-04
Loss = 5.4072e-02, PNorm = 64.0887, GNorm = 0.2160, lr_0 = 3.8152e-04
Loss = 5.8468e-02, PNorm = 64.1385, GNorm = 0.4222, lr_0 = 3.7784e-04
Loss = 5.7277e-02, PNorm = 64.1536, GNorm = 0.2934, lr_0 = 3.7420e-04
Loss = 3.8070e-02, PNorm = 64.1924, GNorm = 0.1264, lr_0 = 3.7060e-04
Validation auc = 0.928764
Epoch 14
Loss = 1.3424e-02, PNorm = 64.2313, GNorm = 0.1275, lr_0 = 3.6668e-04
Loss = 3.4319e-02, PNorm = 64.2626, GNorm = 0.1782, lr_0 = 3.6315e-04
Loss = 4.1852e-02, PNorm = 64.3095, GNorm = 0.2202, lr_0 = 3.5965e-04
Loss = 3.3945e-02, PNorm = 64.3504, GNorm = 0.0568, lr_0 = 3.5619e-04
Loss = 4.3142e-02, PNorm = 64.3876, GNorm = 0.1348, lr_0 = 3.5276e-04
Loss = 5.3554e-02, PNorm = 64.4347, GNorm = 0.4155, lr_0 = 3.4936e-04
Loss = 7.1016e-02, PNorm = 64.4556, GNorm = 0.2197, lr_0 = 3.4600e-04
Loss = 4.1041e-02, PNorm = 64.5035, GNorm = 0.0996, lr_0 = 3.4267e-04
Loss = 5.4848e-02, PNorm = 64.5394, GNorm = 0.1088, lr_0 = 3.3937e-04
Validation auc = 0.902237
Epoch 15
Loss = 4.1404e-02, PNorm = 64.5800, GNorm = 0.2149, lr_0 = 3.3610e-04
Loss = 5.1328e-02, PNorm = 64.6272, GNorm = 0.1459, lr_0 = 3.3287e-04
Loss = 2.9684e-02, PNorm = 64.6688, GNorm = 0.2379, lr_0 = 3.2966e-04
Loss = 3.2642e-02, PNorm = 64.7028, GNorm = 0.0465, lr_0 = 3.2649e-04
Loss = 5.5815e-02, PNorm = 64.7159, GNorm = 0.1004, lr_0 = 3.2334e-04
Loss = 3.7948e-02, PNorm = 64.7558, GNorm = 0.2273, lr_0 = 3.2023e-04
Loss = 4.3331e-02, PNorm = 64.8000, GNorm = 0.2225, lr_0 = 3.1715e-04
Loss = 2.3963e-02, PNorm = 64.8377, GNorm = 0.5381, lr_0 = 3.1409e-04
Loss = 5.1436e-02, PNorm = 64.8640, GNorm = 0.1150, lr_0 = 3.1107e-04
Validation auc = 0.885461
Epoch 16
Loss = 4.3076e-02, PNorm = 64.9107, GNorm = 0.3490, lr_0 = 3.0807e-04
Loss = 6.1513e-02, PNorm = 64.9367, GNorm = 0.3600, lr_0 = 3.0511e-04
Loss = 3.7275e-02, PNorm = 64.9848, GNorm = 0.2153, lr_0 = 3.0217e-04
Loss = 2.4396e-02, PNorm = 65.0204, GNorm = 0.0713, lr_0 = 2.9926e-04
Loss = 4.0723e-02, PNorm = 65.0358, GNorm = 0.2346, lr_0 = 2.9638e-04
Loss = 2.9360e-02, PNorm = 65.0654, GNorm = 0.1373, lr_0 = 2.9353e-04
Loss = 2.2763e-02, PNorm = 65.1001, GNorm = 0.2195, lr_0 = 2.9070e-04
Loss = 4.5504e-02, PNorm = 65.1196, GNorm = 0.1052, lr_0 = 2.8790e-04
Validation auc = 0.897442
Epoch 17
Loss = 3.9301e-02, PNorm = 65.1471, GNorm = 0.1172, lr_0 = 2.8485e-04
Loss = 3.9991e-02, PNorm = 65.1705, GNorm = 0.1455, lr_0 = 2.8211e-04
Loss = 2.9405e-02, PNorm = 65.2079, GNorm = 0.2019, lr_0 = 2.7939e-04
Loss = 4.0208e-02, PNorm = 65.2399, GNorm = 0.1532, lr_0 = 2.7670e-04
Loss = 3.7325e-02, PNorm = 65.2745, GNorm = 0.1124, lr_0 = 2.7404e-04
Loss = 3.8508e-02, PNorm = 65.2988, GNorm = 0.1916, lr_0 = 2.7140e-04
Loss = 3.0935e-02, PNorm = 65.3250, GNorm = 0.2266, lr_0 = 2.6879e-04
Loss = 2.9110e-02, PNorm = 65.3499, GNorm = 0.1121, lr_0 = 2.6620e-04
Loss = 2.7851e-02, PNorm = 65.3769, GNorm = 0.0301, lr_0 = 2.6364e-04
Validation auc = 0.887604
Epoch 18
Loss = 4.1967e-02, PNorm = 65.3911, GNorm = 0.1245, lr_0 = 2.6110e-04
Loss = 3.5820e-02, PNorm = 65.4200, GNorm = 0.1952, lr_0 = 2.5859e-04
Loss = 3.5679e-02, PNorm = 65.4688, GNorm = 0.3134, lr_0 = 2.5610e-04
Loss = 2.1594e-02, PNorm = 65.5004, GNorm = 0.1370, lr_0 = 2.5363e-04
Loss = 4.5823e-02, PNorm = 65.5209, GNorm = 0.1774, lr_0 = 2.5119e-04
Loss = 2.9040e-02, PNorm = 65.5438, GNorm = 0.1345, lr_0 = 2.4877e-04
Loss = 4.3732e-02, PNorm = 65.5698, GNorm = 0.1589, lr_0 = 2.4638e-04
Loss = 4.9281e-02, PNorm = 65.5904, GNorm = 0.4600, lr_0 = 2.4400e-04
Validation auc = 0.905905
Epoch 19
Loss = 1.1528e-02, PNorm = 65.6114, GNorm = 0.0690, lr_0 = 2.4165e-04
Loss = 2.4024e-02, PNorm = 65.6377, GNorm = 0.3296, lr_0 = 2.3933e-04
Loss = 3.7183e-02, PNorm = 65.6559, GNorm = 0.2718, lr_0 = 2.3702e-04
Loss = 4.0399e-02, PNorm = 65.6816, GNorm = 0.1584, lr_0 = 2.3474e-04
Loss = 2.5996e-02, PNorm = 65.7146, GNorm = 0.0944, lr_0 = 2.3248e-04
Loss = 5.4834e-02, PNorm = 65.7350, GNorm = 0.2682, lr_0 = 2.3024e-04
Loss = 2.6392e-02, PNorm = 65.7672, GNorm = 0.3352, lr_0 = 2.2803e-04
Loss = 2.2229e-02, PNorm = 65.7994, GNorm = 0.3415, lr_0 = 2.2583e-04
Loss = 1.4431e-02, PNorm = 65.8139, GNorm = 0.0872, lr_0 = 2.2366e-04
Validation auc = 0.904765
Epoch 20
Loss = 3.2175e-02, PNorm = 65.8231, GNorm = 0.2132, lr_0 = 2.2129e-04
Loss = 2.3117e-02, PNorm = 65.8463, GNorm = 0.2424, lr_0 = 2.1916e-04
Loss = 2.9976e-02, PNorm = 65.8609, GNorm = 0.3266, lr_0 = 2.1705e-04
Loss = 3.0484e-02, PNorm = 65.8883, GNorm = 0.3390, lr_0 = 2.1496e-04
Loss = 3.0378e-02, PNorm = 65.9046, GNorm = 0.2422, lr_0 = 2.1289e-04
Loss = 3.3466e-02, PNorm = 65.9206, GNorm = 0.3636, lr_0 = 2.1084e-04
Loss = 3.1215e-02, PNorm = 65.9370, GNorm = 0.3044, lr_0 = 2.0881e-04
Loss = 2.9732e-02, PNorm = 65.9547, GNorm = 0.0995, lr_0 = 2.0680e-04
Validation auc = 0.879414
Epoch 21
Loss = 2.6957e-02, PNorm = 65.9747, GNorm = 0.4435, lr_0 = 2.0481e-04
Loss = 3.9921e-02, PNorm = 65.9926, GNorm = 0.1082, lr_0 = 2.0283e-04
Loss = 2.9929e-02, PNorm = 66.0206, GNorm = 0.2259, lr_0 = 2.0088e-04
Loss = 2.8518e-02, PNorm = 66.0458, GNorm = 0.3946, lr_0 = 1.9895e-04
Loss = 4.0249e-02, PNorm = 66.0556, GNorm = 0.2496, lr_0 = 1.9703e-04
Loss = 2.6300e-02, PNorm = 66.0816, GNorm = 0.2410, lr_0 = 1.9514e-04
Loss = 1.5893e-02, PNorm = 66.1029, GNorm = 0.0350, lr_0 = 1.9326e-04
Loss = 3.4879e-02, PNorm = 66.1066, GNorm = 0.0356, lr_0 = 1.9140e-04
Loss = 2.7917e-02, PNorm = 66.1203, GNorm = 0.2883, lr_0 = 1.8955e-04
Validation auc = 0.898681
Epoch 22
Loss = 2.6527e-02, PNorm = 66.1415, GNorm = 0.0310, lr_0 = 1.8773e-04
Loss = 3.2343e-02, PNorm = 66.1559, GNorm = 0.0636, lr_0 = 1.8592e-04
Loss = 3.4436e-02, PNorm = 66.1720, GNorm = 0.2597, lr_0 = 1.8413e-04
Loss = 2.7471e-02, PNorm = 66.1889, GNorm = 0.0561, lr_0 = 1.8236e-04
Loss = 2.4613e-02, PNorm = 66.2050, GNorm = 0.3171, lr_0 = 1.8060e-04
Loss = 2.3633e-02, PNorm = 66.2217, GNorm = 0.2507, lr_0 = 1.7886e-04
Loss = 2.8938e-02, PNorm = 66.2411, GNorm = 0.3324, lr_0 = 1.7714e-04
Loss = 2.0146e-02, PNorm = 66.2463, GNorm = 0.0956, lr_0 = 1.7544e-04
Validation auc = 0.878497
Epoch 23
Loss = 1.7526e-02, PNorm = 66.2589, GNorm = 0.2088, lr_0 = 1.7358e-04
Loss = 3.3339e-02, PNorm = 66.2771, GNorm = 0.0212, lr_0 = 1.7191e-04
Loss = 2.3776e-02, PNorm = 66.2858, GNorm = 0.1989, lr_0 = 1.7025e-04
Loss = 3.1977e-02, PNorm = 66.2926, GNorm = 0.2319, lr_0 = 1.6861e-04
Loss = 1.7430e-02, PNorm = 66.3161, GNorm = 0.2216, lr_0 = 1.6699e-04
Loss = 1.4886e-02, PNorm = 66.3319, GNorm = 0.0598, lr_0 = 1.6538e-04
Loss = 1.7851e-02, PNorm = 66.3462, GNorm = 0.4046, lr_0 = 1.6379e-04
Loss = 2.8598e-02, PNorm = 66.3593, GNorm = 0.0546, lr_0 = 1.6221e-04
Loss = 3.6322e-02, PNorm = 66.3688, GNorm = 0.2793, lr_0 = 1.6065e-04
Validation auc = 0.884507
Epoch 24
Loss = 1.5852e-02, PNorm = 66.3874, GNorm = 0.2337, lr_0 = 1.5910e-04
Loss = 3.9319e-02, PNorm = 66.3965, GNorm = 0.3233, lr_0 = 1.5757e-04
Loss = 3.1523e-02, PNorm = 66.4044, GNorm = 0.4519, lr_0 = 1.5605e-04
Loss = 2.8317e-02, PNorm = 66.4328, GNorm = 0.0460, lr_0 = 1.5455e-04
Loss = 3.1684e-02, PNorm = 66.4487, GNorm = 0.5648, lr_0 = 1.5306e-04
Loss = 2.8538e-02, PNorm = 66.4538, GNorm = 0.2910, lr_0 = 1.5159e-04
Loss = 1.5856e-02, PNorm = 66.4693, GNorm = 0.0502, lr_0 = 1.5013e-04
Loss = 3.7604e-02, PNorm = 66.4763, GNorm = 0.1348, lr_0 = 1.4869e-04
Loss = 2.0035e-02, PNorm = 66.4867, GNorm = 0.0408, lr_0 = 1.4725e-04
Validation auc = 0.879141
Epoch 25
Loss = 1.4510e-02, PNorm = 66.5015, GNorm = 0.0789, lr_0 = 1.4584e-04
Loss = 3.5359e-02, PNorm = 66.5093, GNorm = 0.0573, lr_0 = 1.4443e-04
Loss = 2.2651e-02, PNorm = 66.5177, GNorm = 0.2095, lr_0 = 1.4304e-04
Loss = 3.4164e-02, PNorm = 66.5375, GNorm = 0.4855, lr_0 = 1.4166e-04
Loss = 1.4622e-02, PNorm = 66.5569, GNorm = 0.0615, lr_0 = 1.4030e-04
Loss = 2.0273e-02, PNorm = 66.5652, GNorm = 0.3352, lr_0 = 1.3895e-04
Loss = 2.4272e-02, PNorm = 66.5680, GNorm = 0.2364, lr_0 = 1.3761e-04
Loss = 2.2806e-02, PNorm = 66.5801, GNorm = 0.2125, lr_0 = 1.3629e-04
Validation auc = 0.873455
Epoch 26
Loss = 2.3155e-02, PNorm = 66.5903, GNorm = 0.1162, lr_0 = 1.3484e-04
Loss = 3.4325e-02, PNorm = 66.6044, GNorm = 0.2996, lr_0 = 1.3355e-04
Loss = 1.7870e-02, PNorm = 66.6136, GNorm = 0.2031, lr_0 = 1.3226e-04
Loss = 1.5538e-02, PNorm = 66.6209, GNorm = 0.0357, lr_0 = 1.3099e-04
Loss = 2.4372e-02, PNorm = 66.6285, GNorm = 0.0385, lr_0 = 1.2973e-04
Loss = 2.8650e-02, PNorm = 66.6395, GNorm = 0.1628, lr_0 = 1.2848e-04
Loss = 1.3490e-02, PNorm = 66.6559, GNorm = 0.1071, lr_0 = 1.2724e-04
Loss = 1.4110e-02, PNorm = 66.6646, GNorm = 0.4117, lr_0 = 1.2601e-04
Loss = 5.5432e-02, PNorm = 66.6637, GNorm = 0.3342, lr_0 = 1.2480e-04
Validation auc = 0.860531
Epoch 27
Loss = 1.9904e-02, PNorm = 66.6758, GNorm = 0.1079, lr_0 = 1.2360e-04
Loss = 3.1595e-02, PNorm = 66.6925, GNorm = 0.5074, lr_0 = 1.2241e-04
Loss = 1.8282e-02, PNorm = 66.7005, GNorm = 0.3238, lr_0 = 1.2123e-04
Loss = 1.6069e-02, PNorm = 66.7073, GNorm = 0.2852, lr_0 = 1.2006e-04
Loss = 9.1371e-03, PNorm = 66.7168, GNorm = 0.0935, lr_0 = 1.1891e-04
Loss = 3.3753e-02, PNorm = 66.7256, GNorm = 0.4515, lr_0 = 1.1776e-04
Loss = 2.2513e-02, PNorm = 66.7374, GNorm = 0.2619, lr_0 = 1.1663e-04
Loss = 3.5193e-02, PNorm = 66.7431, GNorm = 0.1922, lr_0 = 1.1551e-04
Validation auc = 0.860531
Epoch 28
Loss = 3.4541e-02, PNorm = 66.7513, GNorm = 0.1965, lr_0 = 1.1428e-04
Loss = 3.0800e-02, PNorm = 66.7613, GNorm = 0.2436, lr_0 = 1.1318e-04
Loss = 2.2679e-02, PNorm = 66.7682, GNorm = 0.1637, lr_0 = 1.1209e-04
Loss = 2.3206e-02, PNorm = 66.7785, GNorm = 0.1243, lr_0 = 1.1101e-04
Loss = 1.0172e-02, PNorm = 66.7886, GNorm = 0.0507, lr_0 = 1.0995e-04
Loss = 2.1197e-02, PNorm = 66.7934, GNorm = 0.5386, lr_0 = 1.0889e-04
Loss = 1.9013e-02, PNorm = 66.8040, GNorm = 0.2913, lr_0 = 1.0784e-04
Loss = 2.4457e-02, PNorm = 66.8137, GNorm = 0.0351, lr_0 = 1.0680e-04
Loss = 1.4733e-02, PNorm = 66.8225, GNorm = 0.5188, lr_0 = 1.0577e-04
Validation auc = 0.852985
Epoch 29
Loss = 1.9733e-02, PNorm = 66.8348, GNorm = 0.2085, lr_0 = 1.0475e-04
Loss = 5.2157e-03, PNorm = 66.8466, GNorm = 0.0083, lr_0 = 1.0374e-04
Loss = 1.9811e-02, PNorm = 66.8497, GNorm = 0.1444, lr_0 = 1.0275e-04
Loss = 3.4656e-02, PNorm = 66.8523, GNorm = 0.3449, lr_0 = 1.0176e-04
Loss = 2.3500e-02, PNorm = 66.8677, GNorm = 0.4759, lr_0 = 1.0078e-04
Loss = 1.3096e-02, PNorm = 66.8800, GNorm = 0.1921, lr_0 = 1.0000e-04
Loss = 2.7522e-02, PNorm = 66.8869, GNorm = 0.4695, lr_0 = 1.0000e-04
Loss = 1.4932e-02, PNorm = 66.8910, GNorm = 0.0772, lr_0 = 1.0000e-04
Validation auc = 0.850222
Model 0 best validation auc = 0.928764 on epoch 13
Loading pretrained parameter "encoder.encoder.0.cached_zero_vector".
Loading pretrained parameter "encoder.encoder.0.W_i.weight".
Loading pretrained parameter "encoder.encoder.0.W_h.weight".
Loading pretrained parameter "encoder.encoder.0.W_o.weight".
Loading pretrained parameter "encoder.encoder.0.W_o.bias".
Loading pretrained parameter "ffn.1.weight".
Loading pretrained parameter "ffn.1.bias".
Moving model to cuda
Model 0 test auc = 0.810012
Ensemble test auc = 0.810012
3-fold cross validation
	Seed 0 ==> test auc = 0.785491
	Seed 1 ==> test auc = 0.858911
	Seed 2 ==> test auc = 0.810012
Overall test auc = 0.818138 +/- 0.030519
Elapsed time = 0:31:25
